{"target": -12.344667659734416, "params": {"C": 4.170803025021038, "gamma": 7.20352460992814}, "datetime": {"datetime": "2021-06-19 13:56:11", "elapsed": 0.0, "delta": 0.0}}
{"target": -35.61958495622171, "params": {"C": 0.002143633798631522, "gamma": 3.024023393745766}, "datetime": {"datetime": "2021-06-19 13:56:11", "elapsed": 0.269638, "delta": 0.269638}}
{"target": -11.758352851507112, "params": {"C": 1.4684121522803133, "gamma": 0.9242936090932092}, "datetime": {"datetime": "2021-06-19 13:56:11", "elapsed": 0.539242, "delta": 0.269604}}
{"target": -12.29523495233526, "params": {"C": 1.8634158535653313, "gamma": 3.4562617097034343}, "datetime": {"datetime": "2021-06-19 13:56:12", "elapsed": 0.83051, "delta": 0.291268}}
{"target": -11.874669583290979, "params": {"C": 3.968277974832469, "gamma": 5.388628523299567}, "datetime": {"datetime": "2021-06-19 13:56:12", "elapsed": 1.109129, "delta": 0.278619}}
{"target": -12.243371272145541, "params": {"C": 4.192525949518545, "gamma": 6.852509784467199}, "datetime": {"datetime": "2021-06-19 13:56:12", "elapsed": 1.387875, "delta": 0.278746}}
{"target": -13.939714699059094, "params": {"C": 2.045318045065443, "gamma": 8.781296246473064}, "datetime": {"datetime": "2021-06-19 13:56:13", "elapsed": 1.65751, "delta": 0.269635}}
{"target": -18.814151905015883, "params": {"C": 0.2748485443860637, "gamma": 6.705004634273845}, "datetime": {"datetime": "2021-06-19 13:56:13", "elapsed": 1.927021, "delta": 0.269511}}
{"target": -11.875239019371184, "params": {"C": 4.173630718868903, "gamma": 5.587339594629071}, "datetime": {"datetime": "2021-06-19 13:56:13", "elapsed": 2.190113, "delta": 0.263092}}
{"target": -12.126543469472061, "params": {"C": 1.4047289990137424, "gamma": 1.981816789359703}, "datetime": {"datetime": "2021-06-19 13:56:13", "elapsed": 2.444105, "delta": 0.253992}}
{"target": -12.32396964114661, "params": {"C": 8.00764494218669, "gamma": 9.682647495618255}, "datetime": {"datetime": "2021-06-19 13:56:14", "elapsed": 2.729335, "delta": 0.28523}}
{"target": -12.670213074355342, "params": {"C": 3.1349283574142692, "gamma": 6.923533834077472}, "datetime": {"datetime": "2021-06-19 13:56:14", "elapsed": 2.992429, "delta": 0.263094}}
{"target": -12.061080476330275, "params": {"C": 8.764015133808087, "gamma": 8.946172028374969}, "datetime": {"datetime": "2021-06-19 13:56:14", "elapsed": 3.261719, "delta": 0.26929}}
{"target": -13.783859858371855, "params": {"C": 0.8513570694864094, "gamma": 0.39150877754559077}, "datetime": {"datetime": "2021-06-19 13:56:14", "elapsed": 3.5626, "delta": 0.300881}}
{"target": -14.318402508445471, "params": {"C": 1.6991343652261244, "gamma": 8.781546891790702}, "datetime": {"datetime": "2021-06-19 13:56:15", "elapsed": 3.847851, "delta": 0.285251}}
{"target": -13.827479346697805, "params": {"C": 0.9843699914966679, "gamma": 4.211655142425517}, "datetime": {"datetime": "2021-06-19 13:56:15", "elapsed": 4.117463, "delta": 0.269612}}
{"target": -10.97616162203854, "params": {"C": 9.578937411974868, "gamma": 5.332119684445198}, "datetime": {"datetime": "2021-06-19 13:56:15", "elapsed": 4.39622, "delta": 0.278757}}
{"target": -10.802221336434767, "params": {"C": 6.919079262390784, "gamma": 3.1558407944296234}, "datetime": {"datetime": "2021-06-19 13:56:16", "elapsed": 4.665853, "delta": 0.269633}}
{"target": -12.105282577299288, "params": {"C": 6.865322775888155, "gamma": 8.346422093301832}, "datetime": {"datetime": "2021-06-19 13:56:16", "elapsed": 4.919829, "delta": 0.253976}}
{"target": -20.55325174106907, "params": {"C": 0.18386448516457388, "gamma": 7.50169300513473}, "datetime": {"datetime": "2021-06-19 13:56:16", "elapsed": 5.182938, "delta": 0.263109}}
{"target": -11.606603101891851, "params": {"C": 9.88862202797604, "gamma": 7.4819083781440145}, "datetime": {"datetime": "2021-06-19 13:56:16", "elapsed": 5.45258, "delta": 0.269642}}
{"target": -13.121710238246848, "params": {"C": 2.8051594766519874, "gamma": 7.893004005186435}, "datetime": {"datetime": "2021-06-19 13:56:17", "elapsed": 5.737852, "delta": 0.285272}}
{"target": -13.841519786472913, "params": {"C": 1.0331568397698425, "gamma": 4.479487368232876}, "datetime": {"datetime": "2021-06-19 13:56:17", "elapsed": 5.995087, "delta": 0.257235}}
{"target": -10.541279942783376, "params": {"C": 9.086046435427862, "gamma": 2.9368478695884215}, "datetime": {"datetime": "2021-06-19 13:56:17", "elapsed": 6.27026, "delta": 0.275173}}
{"target": -10.937430873965447, "params": {"C": 2.878465610524901, "gamma": 1.3011556926106584}, "datetime": {"datetime": "2021-06-19 13:56:17", "elapsed": 6.539914, "delta": 0.269654}}
{"target": -20.02884494715316, "params": {"C": 0.19465021174510047, "gamma": 6.78867649386597}, "datetime": {"datetime": "2021-06-19 13:56:18", "elapsed": 6.802999, "delta": 0.263085}}
{"target": -11.819604813840899, "params": {"C": 2.1170695318845905, "gamma": 2.65620104706289}, "datetime": {"datetime": "2021-06-19 13:56:18", "elapsed": 7.072642, "delta": 0.269643}}
{"target": -10.475375740887227, "params": {"C": 4.916240019644103, "gamma": 0.5345720886256868}, "datetime": {"datetime": "2021-06-19 13:56:18", "elapsed": 7.357916, "delta": 0.285274}}
{"target": -10.47935667789232, "params": {"C": 5.741601937314639, "gamma": 1.4681390204831957}, "datetime": {"datetime": "2021-06-19 13:56:19", "elapsed": 7.627555, "delta": 0.269639}}
{"target": -11.876136647614905, "params": {"C": 5.89346606349594, "gamma": 6.9978838418492915}, "datetime": {"datetime": "2021-06-19 13:56:19", "elapsed": 7.906309, "delta": 0.278754}}
{"target": -13.697286536610928, "params": {"C": 1.0242419538494305, "gamma": 4.141145822207864}, "datetime": {"datetime": "2021-06-19 13:56:19", "elapsed": 8.191273, "delta": 0.284964}}
{"target": -10.992222200991879, "params": {"C": 6.9443071771197245, "gamma": 4.1423785159995}, "datetime": {"datetime": "2021-06-19 13:56:19", "elapsed": 8.460917, "delta": 0.269644}}
{"target": -16.258889047418272, "params": {"C": 0.5004846360019255, "gamma": 5.359428162749201}, "datetime": {"datetime": "2021-06-19 13:56:20", "elapsed": 8.730543, "delta": 0.269626}}
{"target": -11.236678549549667, "params": {"C": 6.638282657552669, "gamma": 5.149376231471028}, "datetime": {"datetime": "2021-06-19 13:56:20", "elapsed": 8.993671, "delta": 0.263128}}
{"target": -11.160172590024638, "params": {"C": 9.446002965152143, "gamma": 5.865963849979428}, "datetime": {"datetime": "2021-06-19 13:56:20", "elapsed": 9.263317, "delta": 0.269646}}
{"target": -10.17831001136996, "params": {"C": 9.034115750963547, "gamma": 1.3756095667582289}, "datetime": {"datetime": "2021-06-19 13:56:20", "elapsed": 9.526408, "delta": 0.263091}}
{"target": -14.544274925756959, "params": {"C": 1.3936241961603346, "gamma": 8.074105495806528}, "datetime": {"datetime": "2021-06-19 13:56:21", "elapsed": 9.780438, "delta": 0.25403}}
{"target": -10.786708228947575, "params": {"C": 3.9773706930183503, "gamma": 1.6543766169722107}, "datetime": {"datetime": "2021-06-19 13:56:21", "elapsed": 10.049894, "delta": 0.269456}}
{"target": -10.625402020671883, "params": {"C": 9.275158295379942, "gamma": 3.47831083159532}, "datetime": {"datetime": "2021-06-19 13:56:21", "elapsed": 10.312979, "delta": 0.263085}}
{"target": -11.740313832731882, "params": {"C": 7.50837021925842, "gamma": 7.2602538555191645}, "datetime": {"datetime": "2021-06-19 13:56:21", "elapsed": 10.566994, "delta": 0.254015}}
{"target": -11.323607772976706, "params": {"C": 8.833177605966892, "gamma": 6.237098398349034}, "datetime": {"datetime": "2021-06-19 13:56:22", "elapsed": 10.836616, "delta": 0.269622}}
{"target": -10.80325030442655, "params": {"C": 7.509673397839345, "gamma": 3.4896345214364475}, "datetime": {"datetime": "2021-06-19 13:56:22", "elapsed": 11.099333, "delta": 0.262717}}
{"target": -13.476807206376662, "params": {"C": 2.7000089897584956, "gamma": 8.958966295742472}, "datetime": {"datetime": "2021-06-19 13:56:22", "elapsed": 11.353372, "delta": 0.254039}}
{"target": -12.954491598350954, "params": {"C": 4.281483807523078, "gamma": 9.648435631436707}, "datetime": {"datetime": "2021-06-19 13:56:23", "elapsed": 11.638612, "delta": 0.28524}}
{"target": -11.53898042414368, "params": {"C": 6.634751536686663, "gamma": 6.217335506371009}, "datetime": {"datetime": "2021-06-19 13:56:23", "elapsed": 11.901745, "delta": 0.263133}}
{"target": -15.509603644783123, "params": {"C": 1.1483449835607984, "gamma": 9.494943097812005}, "datetime": {"datetime": "2021-06-19 13:56:23", "elapsed": 12.186807, "delta": 0.285062}}
{"target": -11.846505509999815, "params": {"C": 4.499671422665926, "gamma": 5.784317754256931}, "datetime": {"datetime": "2021-06-19 13:56:23", "elapsed": 12.440609, "delta": 0.253802}}
{"target": -11.040999920343545, "params": {"C": 4.081959890810051, "gamma": 2.371032775450034}, "datetime": {"datetime": "2021-06-19 13:56:24", "elapsed": 12.703728, "delta": 0.263119}}
{"target": -11.148478034076557, "params": {"C": 9.033891826101975, "gamma": 5.737221187236187}, "datetime": {"datetime": "2021-06-19 13:56:24", "elapsed": 12.973397, "delta": 0.269669}}
{"target": -28.878614405783214, "params": {"C": 0.029700399984558545, "gamma": 6.171831991293619}, "datetime": {"datetime": "2021-06-19 13:56:24", "elapsed": 13.242722, "delta": 0.269325}}
{"target": -10.87891884729306, "params": {"C": 7.06417174883828, "gamma": 3.605754011161883}, "datetime": {"datetime": "2021-06-19 13:56:25", "elapsed": 13.806757, "delta": 0.564035}}
{"target": -10.303315554982477, "params": {"C": 5.276285780494242, "gamma": 1.0299825693651352}, "datetime": {"datetime": "2021-06-19 13:56:25", "elapsed": 14.37661, "delta": 0.569853}}
{"target": -13.721590726399183, "params": {"C": 1.4939178250241218, "gamma": 6.288488828263624}, "datetime": {"datetime": "2021-06-19 13:56:26", "elapsed": 14.746536, "delta": 0.369926}}
{"target": -10.352020932034035, "params": {"C": 4.893022410085665, "gamma": 1.0282975297240402}, "datetime": {"datetime": "2021-06-19 13:56:26", "elapsed": 15.290426, "delta": 0.54389}}
{"target": -10.514654043101547, "params": {"C": 5.199595727725719, "gamma": 1.4255588986648782}, "datetime": {"datetime": "2021-06-19 13:56:27", "elapsed": 15.794903, "delta": 0.504477}}
{"target": -10.26988763169935, "params": {"C": 9.043931248962744, "gamma": 1.7204958745334622}, "datetime": {"datetime": "2021-06-19 13:56:27", "elapsed": 16.359009, "delta": 0.564106}}
{"target": -10.257835851348455, "params": {"C": 8.745653132316908, "gamma": 1.5565716343433318}, "datetime": {"datetime": "2021-06-19 13:56:28", "elapsed": 16.876149, "delta": 0.51714}}
{"target": -10.628963374008716, "params": {"C": 8.868170456909588, "gamma": 3.3025277001998368}, "datetime": {"datetime": "2021-06-19 13:56:28", "elapsed": 17.516242, "delta": 0.640093}}
{"target": -10.74146822452655, "params": {"C": 4.494679633490062, "gamma": 1.7323843870935514}, "datetime": {"datetime": "2021-06-19 13:56:29", "elapsed": 18.087456, "delta": 0.571214}}
{"target": -12.896353510385241, "params": {"C": 1.4853000029868202, "gamma": 4.067430140759853}, "datetime": {"datetime": "2021-06-19 13:56:29", "elapsed": 18.487667, "delta": 0.400211}}
{"target": -10.993610875233257, "params": {"C": 6.934465553268823, "gamma": 4.142758020474416}, "datetime": {"datetime": "2021-06-19 13:56:30", "elapsed": 18.888846, "delta": 0.401179}}
{"target": -10.50018052266886, "params": {"C": 4.367641158842569, "gamma": 1.1797086723264492}, "datetime": {"datetime": "2021-06-19 13:56:30", "elapsed": 19.491525, "delta": 0.602679}}
{"target": -10.371414974355385, "params": {"C": 4.515341912334669, "gamma": 0.7017698819635356}, "datetime": {"datetime": "2021-06-19 13:56:31", "elapsed": 20.030587, "delta": 0.539062}}
{"target": -10.264235920404627, "params": {"C": 5.786450349218034, "gamma": 1.0696606891167268}, "datetime": {"datetime": "2021-06-19 13:56:31", "elapsed": 20.56339, "delta": 0.532803}}
{"target": -10.230004613007686, "params": {"C": 5.5311385779132465, "gamma": 0.6178277646932655}, "datetime": {"datetime": "2021-06-19 13:56:32", "elapsed": 21.12781, "delta": 0.56442}}
{"target": -10.392148458917212, "params": {"C": 8.790825792437655, "gamma": 2.2417625429943513}, "datetime": {"datetime": "2021-06-19 13:56:33", "elapsed": 21.758919, "delta": 0.631109}}
{"target": -10.529656517624296, "params": {"C": 8.603558957216977, "gamma": 2.716460438516309}, "datetime": {"datetime": "2021-06-19 13:56:33", "elapsed": 22.345191, "delta": 0.586272}}
{"target": -10.397341555359304, "params": {"C": 8.372000295333507, "gamma": 2.0711071772061715}, "datetime": {"datetime": "2021-06-19 13:56:34", "elapsed": 22.915769, "delta": 0.570578}}
{"target": -10.5783444263785, "params": {"C": 7.976530812286209, "gamma": 2.6870591930297603}, "datetime": {"datetime": "2021-06-19 13:56:34", "elapsed": 23.416903, "delta": 0.501134}}
{"target": -10.693337605210992, "params": {"C": 7.387195410324648, "gamma": 2.9143606692839077}, "datetime": {"datetime": "2021-06-19 13:56:35", "elapsed": 23.917938, "delta": 0.501035}}
{"target": -10.687863008929789, "params": {"C": 8.142076353305379, "gamma": 3.243654507537023}, "datetime": {"datetime": "2021-06-19 13:56:35", "elapsed": 24.46641, "delta": 0.548472}}
{"target": -10.5813824227244, "params": {"C": 3.7021372310872525, "gamma": 1.0286144514352695}, "datetime": {"datetime": "2021-06-19 13:56:36", "elapsed": 25.068223, "delta": 0.601813}}
{"target": -10.881212143468023, "params": {"C": 3.353109678130094, "gamma": 1.5714944258894477}, "datetime": {"datetime": "2021-06-19 13:56:36", "elapsed": 25.591845, "delta": 0.523622}}
{"target": -11.567966653462067, "params": {"C": 4.614963540072418, "gamma": 4.88031097021141}, "datetime": {"datetime": "2021-06-19 13:56:37", "elapsed": 26.00868, "delta": 0.416835}}
{"target": -10.098206311914272, "params": {"C": 6.010556990548801, "gamma": 0.667338799400664}, "datetime": {"datetime": "2021-06-19 13:56:38", "elapsed": 26.626136, "delta": 0.617456}}
{"target": -11.79971850978592, "params": {"C": 5.883739318326849, "gamma": 0.23123327657400583}, "datetime": {"datetime": "2021-06-19 13:56:38", "elapsed": 27.199029, "delta": 0.572893}}
{"target": -10.242687234979165, "params": {"C": 6.31903287735292, "gamma": 1.1179511317052557}, "datetime": {"datetime": "2021-06-19 13:56:39", "elapsed": 27.785179, "delta": 0.58615}}
{"target": -10.034496320169179, "params": {"C": 6.471581427848923, "gamma": 0.6996498476199001}, "datetime": {"datetime": "2021-06-19 13:56:39", "elapsed": 28.322474, "delta": 0.537295}}
{"target": -10.11658129449394, "params": {"C": 6.840116898886433, "gamma": 0.9761120209928128}, "datetime": {"datetime": "2021-06-19 13:56:40", "elapsed": 28.884332, "delta": 0.561858}}
{"target": -10.11520104401223, "params": {"C": 6.974066260790893, "gamma": 0.5206419799603533}, "datetime": {"datetime": "2021-06-19 13:56:40", "elapsed": 29.458131, "delta": 0.573799}}
{"target": -10.000329133174676, "params": {"C": 7.369663710975522, "gamma": 0.8362259085617129}, "datetime": {"datetime": "2021-06-19 13:56:41", "elapsed": 29.964508, "delta": 0.506377}}
{"target": -10.280959352240133, "params": {"C": 7.53754307630414, "gamma": 1.3694331384194067}, "datetime": {"datetime": "2021-06-19 13:56:41", "elapsed": 30.531629, "delta": 0.567121}}
{"target": -10.093859078409901, "params": {"C": 8.01914918574171, "gamma": 1.0703509047558908}, "datetime": {"datetime": "2021-06-19 13:56:42", "elapsed": 31.047673, "delta": 0.516044}}
{"target": -10.860536826196263, "params": {"C": 8.952374685977817, "gamma": 4.704411382643942}, "datetime": {"datetime": "2021-06-19 13:56:42", "elapsed": 31.480126, "delta": 0.432453}}
{"target": -10.308818744011607, "params": {"C": 8.064716148508353, "gamma": 1.5444043032749732}, "datetime": {"datetime": "2021-06-19 13:56:43", "elapsed": 32.116911, "delta": 0.636785}}
{"target": -15.727936721358166, "params": {"C": 0.2799924034138263, "gamma": 1.3829125669326674}, "datetime": {"datetime": "2021-06-19 13:56:43", "elapsed": 32.54934, "delta": 0.432429}}
{"target": -10.024278352079289, "params": {"C": 7.780770281907291, "gamma": 0.5234705205766252}, "datetime": {"datetime": "2021-06-19 13:56:44", "elapsed": 33.248496, "delta": 0.699156}}
{"target": -9.933514952912956, "params": {"C": 8.532616181174202, "gamma": 0.769768229409913}, "datetime": {"datetime": "2021-06-19 13:56:45", "elapsed": 33.837114, "delta": 0.588618}}
{"target": -10.496155254129933, "params": {"C": 8.30558851443169, "gamma": 0.3318865920558554}, "datetime": {"datetime": "2021-06-19 13:56:45", "elapsed": 34.46563, "delta": 0.628516}}
{"target": -9.907741049406411, "params": {"C": 9.045853257359084, "gamma": 0.7242142331062204}, "datetime": {"datetime": "2021-06-19 13:56:46", "elapsed": 35.073456, "delta": 0.607826}}
{"target": -9.972121115526365, "params": {"C": 9.460362522716391, "gamma": 1.0001882483590394}, "datetime": {"datetime": "2021-06-19 13:56:47", "elapsed": 35.6439, "delta": 0.570444}}
{"target": -10.010512003426749, "params": {"C": 9.521232178233902, "gamma": 0.44998576518672523}, "datetime": {"datetime": "2021-06-19 13:56:47", "elapsed": 36.190454, "delta": 0.546554}}
{"target": -11.645654166369681, "params": {"C": 9.050823322295894, "gamma": 0.1914422734569338}, "datetime": {"datetime": "2021-06-19 13:56:48", "elapsed": 36.772224, "delta": 0.58177}}
{"target": -9.878329665814487, "params": {"C": 9.952708436875882, "gamma": 0.684411654260777}, "datetime": {"datetime": "2021-06-19 13:56:48", "elapsed": 37.405286, "delta": 0.633062}}
{"target": -10.916976029354434, "params": {"C": 9.98793461718408, "gamma": 0.23848073975440368}, "datetime": {"datetime": "2021-06-19 13:56:49", "elapsed": 37.962555, "delta": 0.557269}}
{"target": -10.060188918888766, "params": {"C": 10.0, "gamma": 1.232553188625717}, "datetime": {"datetime": "2021-06-19 13:56:50", "elapsed": 38.595295, "delta": 0.63274}}
{"target": -10.255711881508605, "params": {"C": 9.659368139999126, "gamma": 1.8978913573497718}, "datetime": {"datetime": "2021-06-19 13:56:50", "elapsed": 39.350815, "delta": 0.75552}}
{"target": -10.488183304750745, "params": {"C": 7.42458310139487, "gamma": 2.069602541725456}, "datetime": {"datetime": "2021-06-19 13:56:51", "elapsed": 40.253396, "delta": 0.902581}}
{"target": -10.51067420634766, "params": {"C": 6.7310231100730045, "gamma": 1.8208048543609814}, "datetime": {"datetime": "2021-06-19 13:56:52", "elapsed": 40.986788, "delta": 0.733392}}
{"target": -15.209328602875225, "params": {"C": 7.473606211065021, "gamma": 0.02899050655445162}, "datetime": {"datetime": "2021-06-19 13:56:53", "elapsed": 41.7437, "delta": 0.756912}}
{"target": -9.93634697460674, "params": {"C": 8.104291339095976, "gamma": 0.6836324613152238}, "datetime": {"datetime": "2021-06-19 13:56:53", "elapsed": 42.427375, "delta": 0.683675}}
{"target": -10.432259902181643, "params": {"C": 7.76543352528068, "gamma": 1.9632691521919554}, "datetime": {"datetime": "2021-06-19 13:56:54", "elapsed": 42.928934, "delta": 0.501559}}
{"target": -9.979802212819136, "params": {"C": 7.716872343714863, "gamma": 0.8483391429607073}, "datetime": {"datetime": "2021-06-19 13:56:55", "elapsed": 43.653198, "delta": 0.724264}}
{"target": -10.396928818840836, "params": {"C": 9.600702212168695, "gamma": 2.5035364842558434}, "datetime": {"datetime": "2021-06-19 13:56:55", "elapsed": 44.462102, "delta": 0.808904}}
{"target": -10.098069994430366, "params": {"C": 8.50955874986999, "gamma": 1.1313723639622553}, "datetime": {"datetime": "2021-06-19 13:56:56", "elapsed": 45.259518, "delta": 0.797416}}
{"target": -13.497003043968627, "params": {"C": 2.8890410945889484, "gamma": 9.50090347073714}, "datetime": {"datetime": "2021-06-19 13:56:57", "elapsed": 45.756422, "delta": 0.496904}}
{"target": -10.665622341117514, "params": {"C": 6.092372893676651, "gamma": 2.1676345160783854}, "datetime": {"datetime": "2021-06-19 13:56:57", "elapsed": 46.421524, "delta": 0.665102}}
{"target": -10.647196119853755, "params": {"C": 6.751960544359988, "gamma": 2.447784841968007}, "datetime": {"datetime": "2021-06-19 13:56:58", "elapsed": 47.254899, "delta": 0.833375}}
{"target": -12.89465129237906, "params": {"C": 2.5725670569152017, "gamma": 6.641756520061905}, "datetime": {"datetime": "2021-06-19 13:56:59", "elapsed": 47.756436, "delta": 0.501537}}
{"target": -10.790935191122632, "params": {"C": 8.516145111053287, "gamma": 4.023098454713491}, "datetime": {"datetime": "2021-06-19 13:56:59", "elapsed": 48.574098, "delta": 0.817662}}
{"target": -10.781520369574316, "params": {"C": 5.268796967864958, "gamma": 2.1739709782950536}, "datetime": {"datetime": "2021-06-19 13:57:00", "elapsed": 49.213631, "delta": 0.639533}}
{"target": -10.734067774939096, "params": {"C": 9.484171696806545, "gamma": 4.218770488439812}, "datetime": {"datetime": "2021-06-19 13:57:01", "elapsed": 49.978247, "delta": 0.764616}}
{"target": -10.505008334931972, "params": {"C": 9.947324122215205, "gamma": 3.0988979937127756}, "datetime": {"datetime": "2021-06-19 13:57:02", "elapsed": 50.665299, "delta": 0.687052}}
{"target": -9.904446712349296, "params": {"C": 9.662970471845272, "gamma": 0.7457177066053844}, "datetime": {"datetime": "2021-06-19 13:57:02", "elapsed": 51.382588, "delta": 0.717289}}
{"target": -10.162324961839257, "params": {"C": 9.594114671997051, "gamma": 1.4409468425633603}, "datetime": {"datetime": "2021-06-19 13:57:03", "elapsed": 52.090467, "delta": 0.707879}}
{"target": -11.777098798140436, "params": {"C": 3.901932643410181, "gamma": 0.29935435412436223}, "datetime": {"datetime": "2021-06-19 13:57:04", "elapsed": 52.792574, "delta": 0.702107}}
{"target": -10.610752023461078, "params": {"C": 9.97724959096951, "gamma": 3.7313160830445304}, "datetime": {"datetime": "2021-06-19 13:57:04", "elapsed": 53.447419, "delta": 0.654845}}
{"target": -10.293659860658218, "params": {"C": 9.990547865043668, "gamma": 2.221470836430529}, "datetime": {"datetime": "2021-06-19 13:57:05", "elapsed": 54.18078, "delta": 0.733361}}
