{"target": -9.968392814999751, "params": {"C": 8.482958783543191, "gamma": 0.5493440159867446}, "datetime": {"datetime": "2021-06-19 13:58:51", "elapsed": 159.690916, "delta": 0.949547}}
{"target": -10.770246636075017, "params": {"C": 5.895002047343613, "gamma": 2.5010558044522186}, "datetime": {"datetime": "2021-06-19 13:58:52", "elapsed": 160.678504, "delta": 0.987588}}
{"target": -10.523585476047048, "params": {"C": 5.755668566778193, "gamma": 1.5664020594580979}, "datetime": {"datetime": "2021-06-19 13:58:52", "elapsed": 161.479954, "delta": 0.80145}}
{"target": -10.72332436545926, "params": {"C": 4.985329093501516, "gamma": 1.8386512158767807}, "datetime": {"datetime": "2021-06-19 13:58:53", "elapsed": 162.577459, "delta": 1.097505}}
{"target": -10.629091089710112, "params": {"C": 8.48256415778351, "gamma": 3.107962111798011}, "datetime": {"datetime": "2021-06-19 13:58:55", "elapsed": 164.159781, "delta": 1.582322}}
{"target": -11.107477661302255, "params": {"C": 6.774248138860263, "gamma": 4.628912324973909}, "datetime": {"datetime": "2021-06-19 13:58:56", "elapsed": 165.184876, "delta": 1.025095}}
{"target": -11.13323008562347, "params": {"C": 4.343341793087707, "gamma": 2.876614551846097}, "datetime": {"datetime": "2021-06-19 13:58:57", "elapsed": 166.234739, "delta": 1.049863}}
{"target": -10.663529835795181, "params": {"C": 9.537643029516042, "gamma": 3.831970264431665}, "datetime": {"datetime": "2021-06-19 13:58:58", "elapsed": 167.322466, "delta": 1.087727}}
{"target": -10.329872811871537, "params": {"C": 8.748400528146076, "gamma": 1.9060663337809938}, "datetime": {"datetime": "2021-06-19 13:59:00", "elapsed": 168.694927, "delta": 1.372461}}
{"target": -10.708552038029442, "params": {"C": 8.692325879355074, "gamma": 3.648801477784749}, "datetime": {"datetime": "2021-06-19 13:59:01", "elapsed": 169.682315, "delta": 0.987388}}
{"target": -10.609313223141156, "params": {"C": 6.484348975535044, "gamma": 2.135763767867968}, "datetime": {"datetime": "2021-06-19 13:59:02", "elapsed": 170.666879, "delta": 0.984564}}
{"target": -12.132261623093529, "params": {"C": 5.0977651328549936, "gamma": 7.371801839892283}, "datetime": {"datetime": "2021-06-19 13:59:03", "elapsed": 171.769938, "delta": 1.103059}}
{"target": -12.056936747517028, "params": {"C": 6.186452060913769, "gamma": 7.806006812400305}, "datetime": {"datetime": "2021-06-19 13:59:04", "elapsed": 173.189428, "delta": 1.41949}}
{"target": -10.12847486793514, "params": {"C": 7.567870085500793, "gamma": 1.0820715452378522}, "datetime": {"datetime": "2021-06-19 13:59:05", "elapsed": 174.270564, "delta": 1.081136}}
{"target": -10.468931541030997, "params": {"C": 8.410322223662057, "gamma": 2.4132118710331083}, "datetime": {"datetime": "2021-06-19 13:59:07", "elapsed": 175.659115, "delta": 1.388551}}
{"target": -12.306409687420212, "params": {"C": 5.067973419542996, "gamma": 0.20567689473820558}, "datetime": {"datetime": "2021-06-19 13:59:07", "elapsed": 176.499656, "delta": 0.840541}}
{"target": -10.703793983442013, "params": {"C": 5.30548452752412, "gamma": 0.4140302934530306}, "datetime": {"datetime": "2021-06-19 13:59:08", "elapsed": 177.516309, "delta": 1.016653}}
{"target": -10.687365125077427, "params": {"C": 7.752629049123373, "gamma": 3.04858768308754}, "datetime": {"datetime": "2021-06-19 13:59:09", "elapsed": 178.481208, "delta": 0.964899}}
{"target": -10.352919627971422, "params": {"C": 6.100556197223199, "gamma": 1.2805726910554245}, "datetime": {"datetime": "2021-06-19 13:59:11", "elapsed": 179.807373, "delta": 1.326165}}
{"target": -10.235465205406705, "params": {"C": 7.838319102491711, "gamma": 1.3168054072683433}, "datetime": {"datetime": "2021-06-19 13:59:12", "elapsed": 180.977127, "delta": 1.169754}}
{"target": -10.120396266031673, "params": {"C": 9.363111818531356, "gamma": 1.2848400057744942}, "datetime": {"datetime": "2021-06-19 13:59:13", "elapsed": 181.863837, "delta": 0.88671}}
{"target": -11.51195740713293, "params": {"C": 8.423135290132677, "gamma": 6.75136336531505}, "datetime": {"datetime": "2021-06-19 13:59:14", "elapsed": 183.267735, "delta": 1.403898}}
{"target": -12.35090099875641, "params": {"C": 4.000691575379724, "gamma": 7.0200498039313945}, "datetime": {"datetime": "2021-06-19 13:59:15", "elapsed": 184.173485, "delta": 0.90575}}
{"target": -11.418681532522356, "params": {"C": 6.353879948550324, "gamma": 5.647560202980841}, "datetime": {"datetime": "2021-06-19 13:59:17", "elapsed": 185.731405, "delta": 1.55792}}
{"target": -37.2729582451698, "params": {"C": 0.001, "gamma": 0.001}, "datetime": {"datetime": "2021-06-19 13:59:18", "elapsed": 186.997193, "delta": 1.265788}}
{"target": -10.305287084254765, "params": {"C": 9.70233205617452, "gamma": 2.189850431210232}, "datetime": {"datetime": "2021-06-19 13:59:19", "elapsed": 188.25384, "delta": 1.256647}}
{"target": -10.600662769271043, "params": {"C": 4.0041839226025004, "gamma": 1.2600732494106277}, "datetime": {"datetime": "2021-06-19 13:59:20", "elapsed": 189.341565, "delta": 1.087725}}
{"target": -11.075262527695621, "params": {"C": 7.784628894956544, "gamma": 5.120122877198208}, "datetime": {"datetime": "2021-06-19 13:59:22", "elapsed": 190.622816, "delta": 1.281251}}
{"target": -10.203037216842946, "params": {"C": 5.476605700561116, "gamma": 0.8700191921021835}, "datetime": {"datetime": "2021-06-19 13:59:23", "elapsed": 192.265455, "delta": 1.642639}}
{"target": -10.238943231758212, "params": {"C": 9.98274652863553, "gamma": 1.9362073435137384}, "datetime": {"datetime": "2021-06-19 13:59:24", "elapsed": 193.384003, "delta": 1.118548}}
{"target": -10.382228197473111, "params": {"C": 8.092496027815544, "gamma": 1.874364489129363}, "datetime": {"datetime": "2021-06-19 13:59:26", "elapsed": 194.719124, "delta": 1.335121}}
{"target": -12.23916481043486, "params": {"C": 3.421623729209293, "gamma": 5.936133462073549}, "datetime": {"datetime": "2021-06-19 13:59:27", "elapsed": 195.93281, "delta": 1.213686}}
{"target": -10.124275457537156, "params": {"C": 6.549557066565052, "gamma": 0.9430519197360614}, "datetime": {"datetime": "2021-06-19 13:59:28", "elapsed": 197.095154, "delta": 1.162344}}
{"target": -12.20449734248464, "params": {"C": 7.133644980556547, "gamma": 8.870444304209373}, "datetime": {"datetime": "2021-06-19 13:59:29", "elapsed": 197.998077, "delta": 0.902923}}
{"target": -12.191989361372197, "params": {"C": 2.4230031104697867, "gamma": 4.225639030876066}, "datetime": {"datetime": "2021-06-19 13:59:30", "elapsed": 199.031292, "delta": 1.033215}}
{"target": -10.043405239224473, "params": {"C": 8.06400037933512, "gamma": 0.4906839526484725}, "datetime": {"datetime": "2021-06-19 13:59:31", "elapsed": 200.411193, "delta": 1.379901}}
{"target": -10.365299162246751, "params": {"C": 7.739308919881268, "gamma": 1.6411447666397527}, "datetime": {"datetime": "2021-06-19 13:59:32", "elapsed": 201.52928, "delta": 1.118087}}
{"target": -11.661762790090497, "params": {"C": 5.98276923509372, "gamma": 6.282126334057217}, "datetime": {"datetime": "2021-06-19 13:59:34", "elapsed": 202.601306, "delta": 1.072026}}
{"target": -9.929595379295003, "params": {"C": 8.286625223950258, "gamma": 0.6671837789059911}, "datetime": {"datetime": "2021-06-19 13:59:35", "elapsed": 203.943688, "delta": 1.342382}}
{"target": -12.081226707020873, "params": {"C": 9.622744694123892, "gamma": 9.239310570883701}, "datetime": {"datetime": "2021-06-19 13:59:36", "elapsed": 205.448241, "delta": 1.504553}}
{"target": -10.154090614645904, "params": {"C": 9.859009450498572, "gamma": 1.4761491932826118}, "datetime": {"datetime": "2021-06-19 13:59:38", "elapsed": 206.638418, "delta": 1.190177}}
{"target": -10.869200464187353, "params": {"C": 8.159663098932542, "gamma": 4.254174127562686}, "datetime": {"datetime": "2021-06-19 13:59:39", "elapsed": 208.043328, "delta": 1.40491}}
{"target": -24.92242827514874, "params": {"C": 9.61670244358347, "gamma": 0.001}, "datetime": {"datetime": "2021-06-19 13:59:41", "elapsed": 209.972013, "delta": 1.928685}}
{"target": -11.219132361691292, "params": {"C": 2.7802102541979448, "gamma": 1.9650317241691957}, "datetime": {"datetime": "2021-06-19 13:59:42", "elapsed": 210.88799, "delta": 0.915977}}
{"target": -10.008065366078647, "params": {"C": 9.95919244132894, "gamma": 0.43914768058089915}, "datetime": {"datetime": "2021-06-19 13:59:43", "elapsed": 212.088531, "delta": 1.200541}}
{"target": -10.72761510000483, "params": {"C": 8.705224163198997, "gamma": 0.28177314425067446}, "datetime": {"datetime": "2021-06-19 13:59:44", "elapsed": 213.523797, "delta": 1.435266}}
{"target": -9.88484624377122, "params": {"C": 9.623896338300561, "gamma": 0.6428267126170942}, "datetime": {"datetime": "2021-06-19 13:59:46", "elapsed": 214.649614, "delta": 1.125817}}
{"target": -9.987161298112117, "params": {"C": 9.133457666756811, "gamma": 0.4850749872533488}, "datetime": {"datetime": "2021-06-19 13:59:47", "elapsed": 216.223382, "delta": 1.573768}}
{"target": -10.472367640885288, "params": {"C": 9.373883041715318, "gamma": 2.734260774752449}, "datetime": {"datetime": "2021-06-19 13:59:48", "elapsed": 217.357933, "delta": 1.134551}}
{"target": -11.199448615031852, "params": {"C": 8.69154027365168, "gamma": 5.811940458446493}, "datetime": {"datetime": "2021-06-19 13:59:49", "elapsed": 218.295418, "delta": 0.937485}}
{"target": -10.62215865689804, "params": {"C": 5.442035865721497, "gamma": 1.7213124587430586}, "datetime": {"datetime": "2021-06-19 13:59:50", "elapsed": 219.38313, "delta": 1.087712}}
{"target": -10.913099834272273, "params": {"C": 5.099517113211193, "gamma": 2.5735076312540865}, "datetime": {"datetime": "2021-06-19 13:59:52", "elapsed": 220.592279, "delta": 1.209149}}
{"target": -10.59326301999798, "params": {"C": 8.244850742153007, "gamma": 2.844996953828339}, "datetime": {"datetime": "2021-06-19 13:59:53", "elapsed": 222.529028, "delta": 1.936749}}
{"target": -13.973160797428857, "params": {"C": 2.3481839308763166, "gamma": 9.890117927375465}, "datetime": {"datetime": "2021-06-19 13:59:54", "elapsed": 223.513454, "delta": 0.984426}}
{"target": -10.728400288304861, "params": {"C": 6.807356356238668, "gamma": 2.7934167819912754}, "datetime": {"datetime": "2021-06-19 13:59:56", "elapsed": 224.601253, "delta": 1.087799}}
{"target": -10.386661480694992, "params": {"C": 5.493991079097551, "gamma": 1.2353057274663715}, "datetime": {"datetime": "2021-06-19 13:59:57", "elapsed": 226.322037, "delta": 1.720784}}
{"target": -10.150899352252422, "params": {"C": 8.7482496648341, "gamma": 1.2660817280779346}, "datetime": {"datetime": "2021-06-19 13:59:58", "elapsed": 227.425386, "delta": 1.103349}}
{"target": -10.845712446789873, "params": {"C": 6.5434157131830375, "gamma": 3.1470787529731377}, "datetime": {"datetime": "2021-06-19 14:00:00", "elapsed": 229.051227, "delta": 1.625841}}
{"target": -10.898574139767124, "params": {"C": 7.379381417598305, "gamma": 3.92775722305527}, "datetime": {"datetime": "2021-06-19 14:00:01", "elapsed": 230.248424, "delta": 1.197197}}
{"target": -11.723360811121749, "params": {"C": 4.633230492486242, "gamma": 5.501550487305734}, "datetime": {"datetime": "2021-06-19 14:00:02", "elapsed": 231.235314, "delta": 0.98689}}
{"target": -10.822508262110903, "params": {"C": 8.809158354487296, "gamma": 4.372772826381875}, "datetime": {"datetime": "2021-06-19 14:00:04", "elapsed": 232.708592, "delta": 1.473278}}
{"target": -10.987773020722761, "params": {"C": 5.931622924397194, "gamma": 3.4053666697773464}, "datetime": {"datetime": "2021-06-19 14:00:05", "elapsed": 234.366388, "delta": 1.657796}}
{"target": -9.922132520216222, "params": {"C": 9.849107662814534, "gamma": 0.8401766802319863}, "datetime": {"datetime": "2021-06-19 14:00:07", "elapsed": 235.926364, "delta": 1.559976}}
{"target": -11.039952033520247, "params": {"C": 5.465960941077106, "gamma": 3.3265506773311997}, "datetime": {"datetime": "2021-06-19 14:00:08", "elapsed": 236.931161, "delta": 1.004797}}
{"target": -11.013095222891192, "params": {"C": 6.497370743146194, "gamma": 3.9176319883092985}, "datetime": {"datetime": "2021-06-19 14:00:09", "elapsed": 238.21919, "delta": 1.288029}}
{"target": -10.472365363733466, "params": {"C": 9.757410636918616, "gamma": 2.8560202046680816}, "datetime": {"datetime": "2021-06-19 14:00:10", "elapsed": 239.396547, "delta": 1.177357}}
{"target": -9.987773157983543, "params": {"C": 7.242688819483874, "gamma": 0.6201649797002905}, "datetime": {"datetime": "2021-06-19 14:00:12", "elapsed": 240.684821, "delta": 1.288274}}
{"target": -10.894152780673931, "params": {"C": 4.257783556155357, "gamma": 2.0206129986579704}, "datetime": {"datetime": "2021-06-19 14:00:13", "elapsed": 242.416857, "delta": 1.732036}}
{"target": -10.26568271327659, "params": {"C": 6.9249622491546745, "gamma": 1.2425479160360384}, "datetime": {"datetime": "2021-06-19 14:00:15", "elapsed": 244.153027, "delta": 1.73617}}
{"target": -11.234029529840594, "params": {"C": 6.262526403189239, "gamma": 4.881444030304693}, "datetime": {"datetime": "2021-06-19 14:00:17", "elapsed": 245.642016, "delta": 1.488989}}
{"target": -10.766010693666052, "params": {"C": 7.857580070246301, "gamma": 3.4948473808464198}, "datetime": {"datetime": "2021-06-19 14:00:18", "elapsed": 247.192644, "delta": 1.550628}}
{"target": -11.524094971593382, "params": {"C": 2.240009790578873, "gamma": 2.032982902878569}, "datetime": {"datetime": "2021-06-19 14:00:19", "elapsed": 248.418218, "delta": 1.225574}}
{"target": -10.741582233051972, "params": {"C": 3.6618188216781946, "gamma": 1.4139470893498125}, "datetime": {"datetime": "2021-06-19 14:00:21", "elapsed": 250.106007, "delta": 1.687789}}
{"target": -9.959090401846993, "params": {"C": 9.36550810449061, "gamma": 0.5093131831333044}, "datetime": {"datetime": "2021-06-19 14:00:22", "elapsed": 251.372288, "delta": 1.266281}}
{"target": -10.038085599927813, "params": {"C": 8.933799477272848, "gamma": 0.45467758211493503}, "datetime": {"datetime": "2021-06-19 14:00:24", "elapsed": 253.146209, "delta": 1.773921}}
{"target": -11.850259103045719, "params": {"C": 3.5809238283673213, "gamma": 4.787461753571327}, "datetime": {"datetime": "2021-06-19 14:00:26", "elapsed": 254.998122, "delta": 1.851913}}
{"target": -12.925986080940543, "params": {"C": 1.857939671648935, "gamma": 5.194330266300721}, "datetime": {"datetime": "2021-06-19 14:00:27", "elapsed": 256.286095, "delta": 1.287973}}
{"target": -10.796484126818896, "params": {"C": 9.236800741460913, "gamma": 4.467673970220426}, "datetime": {"datetime": "2021-06-19 14:00:29", "elapsed": 258.056533, "delta": 1.770438}}
{"target": -12.322523888605573, "params": {"C": 6.235682093666761, "gamma": 8.851915145206487}, "datetime": {"datetime": "2021-06-19 14:00:30", "elapsed": 259.338384, "delta": 1.281851}}
{"target": -10.698691833630406, "params": {"C": 6.306784102681511, "gamma": 2.438822346109675}, "datetime": {"datetime": "2021-06-19 14:00:32", "elapsed": 260.8446, "delta": 1.506216}}
{"target": -10.937949948958515, "params": {"C": 8.581738376332584, "gamma": 4.898999609184651}, "datetime": {"datetime": "2021-06-19 14:00:34", "elapsed": 263.036304, "delta": 2.191704}}
{"target": -12.490078279406507, "params": {"C": 7.2347701013902626, "gamma": 10.0}, "datetime": {"datetime": "2021-06-19 14:00:35", "elapsed": 264.232644, "delta": 1.19634}}
{"target": -10.071206272737841, "params": {"C": 6.232976414674093, "gamma": 0.6595764595649442}, "datetime": {"datetime": "2021-06-19 14:00:37", "elapsed": 266.454349, "delta": 2.221705}}
{"target": -10.336214947249559, "params": {"C": 8.996022802799876, "gamma": 2.0366679708230278}, "datetime": {"datetime": "2021-06-19 14:00:39", "elapsed": 268.190286, "delta": 1.735937}}
{"target": -10.37633685962225, "params": {"C": 4.386874015724911, "gamma": 0.8844311481144282}, "datetime": {"datetime": "2021-06-19 14:00:40", "elapsed": 269.49624, "delta": 1.305954}}
{"target": -11.209061196365184, "params": {"C": 5.745694362522667, "gamma": 4.316286476829635}, "datetime": {"datetime": "2021-06-19 14:00:42", "elapsed": 270.939111, "delta": 1.442871}}
{"target": -11.29549058733331, "params": {"C": 9.528397216034033, "gamma": 6.30637809838921}, "datetime": {"datetime": "2021-06-19 14:00:43", "elapsed": 272.517739, "delta": 1.578628}}
{"target": -11.703602789484673, "params": {"C": 8.116991760528572, "gamma": 7.34060843272077}, "datetime": {"datetime": "2021-06-19 14:00:45", "elapsed": 274.240954, "delta": 1.723215}}
{"target": -10.552214439931591, "params": {"C": 10.0, "gamma": 3.4040755493760457}, "datetime": {"datetime": "2021-06-19 14:00:47", "elapsed": 275.62956, "delta": 1.388606}}
{"target": -12.117299647912631, "params": {"C": 7.940564261640437, "gamma": 8.871231952404527}, "datetime": {"datetime": "2021-06-19 14:00:48", "elapsed": 277.233493, "delta": 1.603933}}
{"target": -11.536822190327669, "params": {"C": 2.741101463826847, "gamma": 2.7374946609733475}, "datetime": {"datetime": "2021-06-19 14:00:50", "elapsed": 279.171035, "delta": 1.937542}}
{"target": -10.461251580446135, "params": {"C": 7.058663201274773, "gamma": 1.7593151153552953}, "datetime": {"datetime": "2021-06-19 14:00:53", "elapsed": 282.495283, "delta": 3.324248}}
{"target": -11.619302765025285, "params": {"C": 9.300862610594237, "gamma": 7.378277441882756}, "datetime": {"datetime": "2021-06-19 14:00:55", "elapsed": 284.183923, "delta": 1.68864}}
{"target": -11.464924792654841, "params": {"C": 10.0, "gamma": 6.9868019709139}, "datetime": {"datetime": "2021-06-19 14:00:56", "elapsed": 285.585604, "delta": 1.401681}}
{"target": -11.919411222490261, "params": {"C": 7.36563730630062, "gamma": 7.866066564377509}, "datetime": {"datetime": "2021-06-19 14:00:58", "elapsed": 287.271166, "delta": 1.685562}}
{"target": -12.842699417706616, "params": {"C": 5.096580184127169, "gamma": 10.0}, "datetime": {"datetime": "2021-06-19 14:01:01", "elapsed": 289.62416, "delta": 2.352994}}
{"target": -10.588058453346965, "params": {"C": 6.010928473638987, "gamma": 1.810222246061969}, "datetime": {"datetime": "2021-06-19 14:01:02", "elapsed": 291.563791, "delta": 1.939631}}
{"target": -11.58419760760509, "params": {"C": 3.47361654813465, "gamma": 3.6375310504454648}, "datetime": {"datetime": "2021-06-19 14:01:04", "elapsed": 293.215897, "delta": 1.652106}}
{"target": -10.207303679394425, "params": {"C": 9.752256248914604, "gamma": 1.6907210217497202}, "datetime": {"datetime": "2021-06-19 14:01:05", "elapsed": 294.372604, "delta": 1.156707}}
{"target": -12.551027408448146, "params": {"C": 4.692055310714169, "gamma": 8.557591806821637}, "datetime": {"datetime": "2021-06-19 14:01:07", "elapsed": 295.776776, "delta": 1.404172}}
{"target": -11.177272288531572, "params": {"C": 7.343635108790412, "gamma": 5.304376524541965}, "datetime": {"datetime": "2021-06-19 14:01:09", "elapsed": 297.653515, "delta": 1.876739}}
{"target": -11.172499500456695, "params": {"C": 4.862285515457813, "gamma": 3.4313968940800845}, "datetime": {"datetime": "2021-06-19 14:01:10", "elapsed": 299.505522, "delta": 1.852007}}
{"target": -10.648457933840543, "params": {"C": 4.293329853175277, "gamma": 1.4542730715396643}, "datetime": {"datetime": "2021-06-19 14:01:12", "elapsed": 301.210394, "delta": 1.704872}}
{"target": -10.211433493843835, "params": {"C": 9.25355070854229, "gamma": 1.528408469935992}, "datetime": {"datetime": "2021-06-19 14:01:15", "elapsed": 303.733423, "delta": 2.523029}}
{"target": -10.90565975698166, "params": {"C": 6.729849382555868, "gamma": 3.5303052845074983}, "datetime": {"datetime": "2021-06-19 14:01:16", "elapsed": 305.360355, "delta": 1.626932}}
{"target": -10.261222117436855, "params": {"C": 9.268006357410464, "gamma": 1.78640647365112}, "datetime": {"datetime": "2021-06-19 14:01:18", "elapsed": 306.597658, "delta": 1.237303}}
{"target": -9.933681810742177, "params": {"C": 9.489975610716536, "gamma": 0.5402734330759773}, "datetime": {"datetime": "2021-06-19 14:01:19", "elapsed": 307.955081, "delta": 1.357423}}
{"target": -10.680038677796741, "params": {"C": 9.031565941791978, "gamma": 3.671698698256612}, "datetime": {"datetime": "2021-06-19 14:01:20", "elapsed": 309.389814, "delta": 1.434733}}
{"target": -11.822837351725175, "params": {"C": 8.650904446525468, "gamma": 7.976739921183922}, "datetime": {"datetime": "2021-06-19 14:01:22", "elapsed": 311.11066, "delta": 1.720846}}
{"target": -13.277333600993515, "params": {"C": 2.5860134197315694, "gamma": 7.964556687340591}, "datetime": {"datetime": "2021-06-19 14:01:23", "elapsed": 312.31429, "delta": 1.20363}}
{"target": -11.406244499630056, "params": {"C": 3.884114220701805, "gamma": 3.4440304962882524}, "datetime": {"datetime": "2021-06-19 14:01:24", "elapsed": 313.533104, "delta": 1.218814}}
{"target": -10.378706300963342, "params": {"C": 5.119113841931749, "gamma": 0.5696951309542602}, "datetime": {"datetime": "2021-06-19 14:01:26", "elapsed": 315.45528, "delta": 1.922176}}
{"target": -12.41128206985531, "params": {"C": 1.4575094424755102, "gamma": 2.7573923033877277}, "datetime": {"datetime": "2021-06-19 14:01:28", "elapsed": 317.003682, "delta": 1.548402}}
{"target": -11.358815478788289, "params": {"C": 7.517248510972999, "gamma": 5.974813074500693}, "datetime": {"datetime": "2021-06-19 14:01:29", "elapsed": 318.322835, "delta": 1.319153}}
{"target": -11.586273686982473, "params": {"C": 1.7233037249884389, "gamma": 1.4047586968940098}, "datetime": {"datetime": "2021-06-19 14:01:31", "elapsed": 320.222727, "delta": 1.899892}}
{"target": -11.371218053860556, "params": {"C": 5.951067522401946, "gamma": 5.239963761430476}, "datetime": {"datetime": "2021-06-19 14:01:33", "elapsed": 321.804892, "delta": 1.582165}}
{"target": -11.728204074755286, "params": {"C": 10.0, "gamma": 7.986560528672989}, "datetime": {"datetime": "2021-06-19 14:01:34", "elapsed": 323.331535, "delta": 1.526643}}
{"target": -10.777065177315258, "params": {"C": 5.540212688847479, "gamma": 2.327499326704866}, "datetime": {"datetime": "2021-06-19 14:01:36", "elapsed": 325.437871, "delta": 2.106336}}
