{"target": -9.877168303866743, "params": {"C": 9.850031000169437, "gamma": 0.6699676258384311}, "datetime": {"datetime": "2021-06-19 14:22:39", "elapsed": 1587.828561, "delta": 10.385136}}
{"target": -9.87297388765017, "params": {"C": 9.980707348477576, "gamma": 0.6567465254956422}, "datetime": {"datetime": "2021-06-19 14:22:47", "elapsed": 1596.466163, "delta": 8.637602}}
{"target": -9.874681337917657, "params": {"C": 9.928132268904225, "gamma": 0.6468127438014255}, "datetime": {"datetime": "2021-06-19 14:22:53", "elapsed": 1601.746699, "delta": 5.280536}}
{"target": -9.87493767469047, "params": {"C": 9.977418383533129, "gamma": 0.6307875084606293}, "datetime": {"datetime": "2021-06-19 14:22:59", "elapsed": 1608.567661, "delta": 6.820962}}
{"target": -9.87379604555788, "params": {"C": 9.991725534815217, "gamma": 0.6376171314174891}, "datetime": {"datetime": "2021-06-19 14:23:07", "elapsed": 1616.51987, "delta": 7.952209}}
{"target": -9.880888411681852, "params": {"C": 9.714563316782579, "gamma": 0.6634629850955651}, "datetime": {"datetime": "2021-06-19 14:23:16", "elapsed": 1624.683957, "delta": 8.164087}}
{"target": -9.875405903660745, "params": {"C": 9.894063719433294, "gamma": 0.6529041397582086}, "datetime": {"datetime": "2021-06-19 14:23:25", "elapsed": 1633.867185, "delta": 9.183228}}
{"target": -9.874980389784412, "params": {"C": 9.973947292257844, "gamma": 0.6314528514213658}, "datetime": {"datetime": "2021-06-19 14:23:33", "elapsed": 1641.710346, "delta": 7.843161}}
{"target": -9.875785006176173, "params": {"C": 9.928321853259332, "gamma": 0.6373964995498383}, "datetime": {"datetime": "2021-06-19 14:23:41", "elapsed": 1650.571335, "delta": 8.860989}}
{"target": -9.880637545098399, "params": {"C": 9.979888040332783, "gamma": 0.5994278036010475}, "datetime": {"datetime": "2021-06-19 14:23:50", "elapsed": 1658.834224, "delta": 8.262889}}
{"target": -9.877293692488314, "params": {"C": 9.843111856265816, "gamma": 0.6697492558236843}, "datetime": {"datetime": "2021-06-19 14:23:54", "elapsed": 1663.109343, "delta": 4.275119}}
{"target": -9.874226535016028, "params": {"C": 9.996822716325411, "gamma": 0.6320657539174134}, "datetime": {"datetime": "2021-06-19 14:24:02", "elapsed": 1671.322616, "delta": 8.213273}}
{"target": -12.702331235166838, "params": {"C": 4.317665653250036, "gamma": 8.753353483641822}, "datetime": {"datetime": "2021-06-19 14:24:06", "elapsed": 1674.707097, "delta": 3.384481}}
{"target": -9.87908248668275, "params": {"C": 9.816494140776163, "gamma": 0.6392512125438229}, "datetime": {"datetime": "2021-06-19 14:24:14", "elapsed": 1682.735284, "delta": 8.028187}}
{"target": -9.873341196302034, "params": {"C": 9.966476090057682, "gamma": 0.6554456535142574}, "datetime": {"datetime": "2021-06-19 14:24:22", "elapsed": 1691.160297, "delta": 8.425013}}
{"target": -11.00443588248819, "params": {"C": 8.09324799209046, "gamma": 4.960346031102991}, "datetime": {"datetime": "2021-06-19 14:24:25", "elapsed": 1694.47226, "delta": 3.311963}}
{"target": -9.872665527516181, "params": {"C": 9.994025655763258, "gamma": 0.6602351339020099}, "datetime": {"datetime": "2021-06-19 14:24:31", "elapsed": 1700.09186, "delta": 5.6196}}
{"target": -9.877224342853273, "params": {"C": 9.951230592088226, "gamma": 0.6798592636987958}, "datetime": {"datetime": "2021-06-19 14:24:36", "elapsed": 1705.082006, "delta": 4.990146}}
{"target": -9.882296123160806, "params": {"C": 9.692197583918338, "gamma": 0.6465284763574324}, "datetime": {"datetime": "2021-06-19 14:24:43", "elapsed": 1711.656723, "delta": 6.574717}}
{"target": -9.874003684258533, "params": {"C": 9.948478271064012, "gamma": 0.6614189377980858}, "datetime": {"datetime": "2021-06-19 14:24:50", "elapsed": 1719.421803, "delta": 7.76508}}
{"target": -10.671340772454128, "params": {"C": 8.222215493794634, "gamma": 3.1986988875859934}, "datetime": {"datetime": "2021-06-19 14:24:54", "elapsed": 1722.71091, "delta": 3.289107}}
{"target": -10.07168976052067, "params": {"C": 9.57544634576314, "gamma": 0.4212896770214605}, "datetime": {"datetime": "2021-06-19 14:24:57", "elapsed": 1726.165902, "delta": 3.454992}}
{"target": -9.970146444398557, "params": {"C": 9.618743007518145, "gamma": 0.47943066408998863}, "datetime": {"datetime": "2021-06-19 14:25:02", "elapsed": 1731.143109, "delta": 4.977207}}
{"target": -9.874830369340685, "params": {"C": 9.97578791812859, "gamma": 0.6324323684448545}, "datetime": {"datetime": "2021-06-19 14:25:11", "elapsed": 1740.235698, "delta": 9.092589}}
{"target": -9.879045739628394, "params": {"C": 9.880886871455958, "gamma": 0.6823543064881468}, "datetime": {"datetime": "2021-06-19 14:25:19", "elapsed": 1748.268195, "delta": 8.032497}}
{"target": -9.887429693590533, "params": {"C": 9.581374922580693, "gamma": 0.6202357174833102}, "datetime": {"datetime": "2021-06-19 14:25:33", "elapsed": 1762.300131, "delta": 14.031936}}
{"target": -9.875877214430206, "params": {"C": 9.91233072401289, "gamma": 0.6710329766763338}, "datetime": {"datetime": "2021-06-19 14:25:39", "elapsed": 1768.314662, "delta": 6.014531}}
{"target": -9.8754462169126, "params": {"C": 9.956292242137916, "gamma": 0.6322006013481867}, "datetime": {"datetime": "2021-06-19 14:25:46", "elapsed": 1775.018874, "delta": 6.704212}}
{"target": -9.877523166642844, "params": {"C": 9.837591579546146, "gamma": 0.6473118629360403}, "datetime": {"datetime": "2021-06-19 14:25:57", "elapsed": 1785.657868, "delta": 10.638994}}
{"target": -9.900047091851437, "params": {"C": 9.43789788424476, "gamma": 0.6017832611638843}, "datetime": {"datetime": "2021-06-19 14:26:05", "elapsed": 1793.760179, "delta": 8.102311}}
{"target": -9.874966496876683, "params": {"C": 9.960236846273764, "gamma": 0.6357978004451095}, "datetime": {"datetime": "2021-06-19 14:26:10", "elapsed": 1798.615699, "delta": 4.85552}}
{"target": -9.88761816936519, "params": {"C": 9.664143544927734, "gamma": 0.7021938472625698}, "datetime": {"datetime": "2021-06-19 14:26:16", "elapsed": 1804.59317, "delta": 5.977471}}
{"target": -9.879715237695681, "params": {"C": 9.780429602583853, "gamma": 0.6754632836682254}, "datetime": {"datetime": "2021-06-19 14:26:23", "elapsed": 1812.038449, "delta": 7.445279}}
{"target": -9.878815098131069, "params": {"C": 9.855672191544837, "gamma": 0.6284332573147652}, "datetime": {"datetime": "2021-06-19 14:26:36", "elapsed": 1824.824794, "delta": 12.786345}}
{"target": -9.8899530746719, "params": {"C": 9.494151524534853, "gamma": 0.6237539801445108}, "datetime": {"datetime": "2021-06-19 14:26:44", "elapsed": 1833.331738, "delta": 8.506944}}
{"target": -9.872780317806441, "params": {"C": 9.98637793472667, "gamma": 0.6555864088014031}, "datetime": {"datetime": "2021-06-19 14:26:50", "elapsed": 1839.337833, "delta": 6.006095}}
{"target": -9.881810504369913, "params": {"C": 9.745012342266323, "gamma": 0.6837077601672775}, "datetime": {"datetime": "2021-06-19 14:26:59", "elapsed": 1848.15557, "delta": 8.817737}}
{"target": -9.874193843180207, "params": {"C": 9.985437959721116, "gamma": 0.6357654123487271}, "datetime": {"datetime": "2021-06-19 14:27:09", "elapsed": 1858.028312, "delta": 9.872742}}
{"target": -9.87931099347718, "params": {"C": 9.997355299781539, "gamma": 0.6922909120405352}, "datetime": {"datetime": "2021-06-19 14:27:21", "elapsed": 1870.558709, "delta": 12.530397}}
{"target": -9.877577283453489, "params": {"C": 9.823078127252614, "gamma": 0.650810753979594}, "datetime": {"datetime": "2021-06-19 14:27:29", "elapsed": 1878.492205, "delta": 7.933496}}
{"target": -9.878706103739491, "params": {"C": 9.801621959015073, "gamma": 0.647098305752403}, "datetime": {"datetime": "2021-06-19 14:27:36", "elapsed": 1884.936667, "delta": 6.444462}}
{"target": -10.592691038210283, "params": {"C": 7.75194069194186, "gamma": 2.6563228346395205}, "datetime": {"datetime": "2021-06-19 14:27:39", "elapsed": 1888.56273, "delta": 3.626063}}
{"target": -9.873294039569455, "params": {"C": 9.967105582694828, "gamma": 0.6545466429933205}, "datetime": {"datetime": "2021-06-19 14:27:46", "elapsed": 1895.513965, "delta": 6.951235}}
{"target": -9.881198296396814, "params": {"C": 9.77234064531543, "gamma": 0.6304198614604899}, "datetime": {"datetime": "2021-06-19 14:27:52", "elapsed": 1901.12134, "delta": 5.607375}}
{"target": -9.880794930072263, "params": {"C": 9.710625301186838, "gamma": 0.6572105128890179}, "datetime": {"datetime": "2021-06-19 14:28:02", "elapsed": 1911.045724, "delta": 9.924384}}
{"target": -9.877591544053885, "params": {"C": 9.889863313213157, "gamma": 0.6308051476113301}, "datetime": {"datetime": "2021-06-19 14:28:11", "elapsed": 1919.823075, "delta": 8.777351}}
{"target": -9.873116796682531, "params": {"C": 9.97856605148148, "gamma": 0.6605187128291786}, "datetime": {"datetime": "2021-06-19 14:28:21", "elapsed": 1929.644558, "delta": 9.821483}}
{"target": -10.138004291305624, "params": {"C": 5.611160756096395, "gamma": 0.7415613129270869}, "datetime": {"datetime": "2021-06-19 14:28:25", "elapsed": 1934.549008, "delta": 4.90445}}
{"target": -9.928799903199184, "params": {"C": 8.992599715803006, "gamma": 0.7820097731640753}, "datetime": {"datetime": "2021-06-19 14:28:36", "elapsed": 1945.429756, "delta": 10.880748}}
{"target": -9.875485846177252, "params": {"C": 9.950312175050893, "gamma": 0.6336821707504582}, "datetime": {"datetime": "2021-06-19 14:28:44", "elapsed": 1953.023706, "delta": 7.59395}}
{"target": -9.882335342280982, "params": {"C": 9.711822462527365, "gamma": 0.6816437568589615}, "datetime": {"datetime": "2021-06-19 14:28:50", "elapsed": 1958.928267, "delta": 5.904561}}
{"target": -9.874775279561305, "params": {"C": 9.922208386634894, "gamma": 0.6618793635755027}, "datetime": {"datetime": "2021-06-19 14:28:58", "elapsed": 1967.154764, "delta": 8.226497}}
{"target": -9.878117768428725, "params": {"C": 9.846632829999917, "gamma": 0.6754135744156814}, "datetime": {"datetime": "2021-06-19 14:29:05", "elapsed": 1974.247509, "delta": 7.092745}}
{"target": -9.886990127622933, "params": {"C": 9.918656067388044, "gamma": 0.5912019997624367}, "datetime": {"datetime": "2021-06-19 14:29:16", "elapsed": 1985.459356, "delta": 11.211847}}
{"target": -9.875680700790973, "params": {"C": 9.975193168779978, "gamma": 0.6225427102108652}, "datetime": {"datetime": "2021-06-19 14:29:25", "elapsed": 1994.480936, "delta": 9.02158}}
{"target": -9.878584696898612, "params": {"C": 9.808808209964871, "gamma": 0.6726535823360067}, "datetime": {"datetime": "2021-06-19 14:29:33", "elapsed": 2001.830116, "delta": 7.34918}}
{"target": -9.876642762876006, "params": {"C": 9.953014120709957, "gamma": 0.6175405820085722}, "datetime": {"datetime": "2021-06-19 14:29:44", "elapsed": 2012.719326, "delta": 10.88921}}
{"target": -9.874452307364336, "params": {"C": 9.97103426601696, "gamma": 0.6374781955989876}, "datetime": {"datetime": "2021-06-19 14:29:49", "elapsed": 2017.600378, "delta": 4.881052}}
{"target": -9.87877956588981, "params": {"C": 9.794944288730697, "gamma": 0.6718499479745602}, "datetime": {"datetime": "2021-06-19 14:30:02", "elapsed": 2030.747893, "delta": 13.147515}}
{"target": -9.875313650288057, "params": {"C": 9.996638319131707, "gamma": 0.6186453535469554}, "datetime": {"datetime": "2021-06-19 14:30:24", "elapsed": 2053.312021, "delta": 22.564128}}
{"target": -9.877041699615058, "params": {"C": 9.935209021750183, "gamma": 0.678132606622432}, "datetime": {"datetime": "2021-06-19 14:30:29", "elapsed": 2058.568882, "delta": 5.256861}}
{"target": -9.876200642341578, "params": {"C": 9.87091191928086, "gamma": 0.6594284592508426}, "datetime": {"datetime": "2021-06-19 14:30:42", "elapsed": 2070.847014, "delta": 12.278132}}
{"target": -9.875353153662807, "params": {"C": 9.896853138458015, "gamma": 0.6520332214355956}, "datetime": {"datetime": "2021-06-19 14:30:53", "elapsed": 2081.90937, "delta": 11.062356}}
{"target": -9.874483020483309, "params": {"C": 9.941449892934434, "gamma": 0.6666288832530796}, "datetime": {"datetime": "2021-06-19 14:31:05", "elapsed": 2094.206714, "delta": 12.297344}}
{"target": -9.876301945858975, "params": {"C": 9.869049158234793, "gamma": 0.6610833860763528}, "datetime": {"datetime": "2021-06-19 14:31:10", "elapsed": 2099.449113, "delta": 5.242399}}
{"target": -9.875918104266551, "params": {"C": 9.98970869861504, "gamma": 0.6106950816999743}, "datetime": {"datetime": "2021-06-19 14:31:17", "elapsed": 2105.865462, "delta": 6.416349}}
{"target": -9.876799740852384, "params": {"C": 9.853060344109462, "gamma": 0.6623454646343365}, "datetime": {"datetime": "2021-06-19 14:31:28", "elapsed": 2116.894969, "delta": 11.029507}}
{"target": -9.876463811887131, "params": {"C": 9.876056979817672, "gamma": 0.6693957544257577}, "datetime": {"datetime": "2021-06-19 14:31:36", "elapsed": 2125.578289, "delta": 8.68332}}
{"target": -9.88089415739906, "params": {"C": 9.7526724283403, "gamma": 0.6412733617406414}, "datetime": {"datetime": "2021-06-19 14:31:46", "elapsed": 2134.891744, "delta": 9.313455}}
{"target": -9.878345739539876, "params": {"C": 9.931720358442814, "gamma": 0.6830032002949868}, "datetime": {"datetime": "2021-06-19 14:31:57", "elapsed": 2145.815786, "delta": 10.924042}}
{"target": -9.876652005817627, "params": {"C": 9.949679139741908, "gamma": 0.6190803492463864}, "datetime": {"datetime": "2021-06-19 14:32:07", "elapsed": 2155.96077, "delta": 10.144984}}
{"target": -9.972600004703615, "params": {"C": 7.462979287272978, "gamma": 0.6328459955806566}, "datetime": {"datetime": "2021-06-19 14:32:14", "elapsed": 2162.903033, "delta": 6.942263}}
{"target": -9.876528252587196, "params": {"C": 9.925024657605036, "gamma": 0.630756728993893}, "datetime": {"datetime": "2021-06-19 14:32:22", "elapsed": 2170.720869, "delta": 7.817836}}
{"target": -9.874447561579135, "params": {"C": 9.926512657859957, "gamma": 0.6526946945374795}, "datetime": {"datetime": "2021-06-19 14:32:29", "elapsed": 2177.816077, "delta": 7.095208}}
{"target": -9.875881414301908, "params": {"C": 9.96993143753845, "gamma": 0.6218823919617442}, "datetime": {"datetime": "2021-06-19 14:32:37", "elapsed": 2185.60685, "delta": 7.790773}}
{"target": -9.876818029198354, "params": {"C": 9.866893857369815, "gamma": 0.670239895714051}, "datetime": {"datetime": "2021-06-19 14:32:45", "elapsed": 2194.481134, "delta": 8.874284}}
{"target": -9.995039484847915, "params": {"C": 7.002355055358962, "gamma": 0.6321967824183954}, "datetime": {"datetime": "2021-06-19 14:33:04", "elapsed": 2212.988618, "delta": 18.507484}}
{"target": -9.874107706157847, "params": {"C": 9.971627693295511, "gamma": 0.6403383322795487}, "datetime": {"datetime": "2021-06-19 14:33:12", "elapsed": 2220.672762, "delta": 7.684144}}
{"target": -9.878149978830072, "params": {"C": 9.97543356377946, "gamma": 0.6853109156740125}, "datetime": {"datetime": "2021-06-19 14:33:24", "elapsed": 2233.06097, "delta": 12.388208}}
{"target": -9.881844840047584, "params": {"C": 9.83391813227295, "gamma": 0.6078300586943131}, "datetime": {"datetime": "2021-06-19 14:33:33", "elapsed": 2242.578796, "delta": 9.517826}}
{"target": -9.877395210200579, "params": {"C": 9.834943837910869, "gamma": 0.6652555145977874}, "datetime": {"datetime": "2021-06-19 14:33:41", "elapsed": 2250.172438, "delta": 7.593642}}
{"target": -9.874986253938829, "params": {"C": 9.95443427560466, "gamma": 0.67170067770004}, "datetime": {"datetime": "2021-06-19 14:33:50", "elapsed": 2258.942389, "delta": 8.769951}}
{"target": -12.62752058212206, "params": {"C": 4.759993542181654, "gamma": 8.907353921463779}, "datetime": {"datetime": "2021-06-19 14:33:54", "elapsed": 2263.296501, "delta": 4.354112}}
{"target": -9.872527959070503, "params": {"C": 9.996385362480082, "gamma": 0.6567926393700134}, "datetime": {"datetime": "2021-06-19 14:34:06", "elapsed": 2274.730917, "delta": 11.434416}}
{"target": -9.876108175227168, "params": {"C": 9.874651549925506, "gamma": 0.6490620697370947}, "datetime": {"datetime": "2021-06-19 14:34:12", "elapsed": 2281.441286, "delta": 6.710369}}
{"target": -9.877660511965988, "params": {"C": 9.815516435204813, "gamma": 0.655760314661974}, "datetime": {"datetime": "2021-06-19 14:34:21", "elapsed": 2289.594047, "delta": 8.152761}}
{"target": -9.877954469830573, "params": {"C": 9.815949734497902, "gamma": 0.6652106066061518}, "datetime": {"datetime": "2021-06-19 14:34:38", "elapsed": 2307.298954, "delta": 17.704907}}
{"target": -9.874939459763336, "params": {"C": 9.99478360976843, "gamma": 0.6247181583521553}, "datetime": {"datetime": "2021-06-19 14:34:47", "elapsed": 2316.147308, "delta": 8.848354}}
{"target": -9.875295296673304, "params": {"C": 9.946868724453557, "gamma": 0.6724203424156986}, "datetime": {"datetime": "2021-06-19 14:35:02", "elapsed": 2330.804258, "delta": 14.65695}}
{"target": -9.876910622187012, "params": {"C": 9.90518225817178, "gamma": 0.6332267015789027}, "datetime": {"datetime": "2021-06-19 14:35:19", "elapsed": 2348.209548, "delta": 17.40529}}
{"target": -9.88039349786174, "params": {"C": 9.738213256988606, "gamma": 0.6723837253258496}, "datetime": {"datetime": "2021-06-19 14:35:38", "elapsed": 2366.670602, "delta": 18.461054}}
{"target": -9.876061235725487, "params": {"C": 9.879731041720005, "gamma": 0.6643683859835257}, "datetime": {"datetime": "2021-06-19 14:35:47", "elapsed": 2376.011215, "delta": 9.340613}}
{"target": -9.87675700041267, "params": {"C": 9.895531275166496, "gamma": 0.637841416208306}, "datetime": {"datetime": "2021-06-19 14:35:55", "elapsed": 2383.711123, "delta": 7.699908}}
{"target": -9.891048307258691, "params": {"C": 9.535233428552795, "gamma": 0.6127549592040971}, "datetime": {"datetime": "2021-06-19 14:36:04", "elapsed": 2393.326638, "delta": 9.615515}}
{"target": -9.88132684083342, "params": {"C": 9.758133808857574, "gamma": 0.6344832939754124}, "datetime": {"datetime": "2021-06-19 14:36:13", "elapsed": 2401.62147, "delta": 8.294832}}
{"target": -9.872702694276986, "params": {"C": 9.993036382139968, "gamma": 0.6608011355082568}, "datetime": {"datetime": "2021-06-19 14:36:29", "elapsed": 2417.927979, "delta": 16.306509}}
{"target": -9.877095407005227, "params": {"C": 9.914455614753612, "gamma": 0.6770566625892002}, "datetime": {"datetime": "2021-06-19 14:36:48", "elapsed": 2436.727377, "delta": 18.799398}}
{"target": -9.875899292220742, "params": {"C": 9.885330454865404, "gamma": 0.6645238858363961}, "datetime": {"datetime": "2021-06-19 14:36:56", "elapsed": 2444.889823, "delta": 8.162446}}
{"target": -10.094015459074075, "params": {"C": 8.01915653223172, "gamma": 1.070603480372414}, "datetime": {"datetime": "2021-06-19 14:37:00", "elapsed": 2449.530924, "delta": 4.641101}}
{"target": -9.876142131653873, "params": {"C": 9.910398837050355, "gamma": 0.6392701803540839}, "datetime": {"datetime": "2021-06-19 14:37:23", "elapsed": 2472.242353, "delta": 22.711429}}
{"target": -11.04002459898733, "params": {"C": 3.653300034092967, "gamma": 2.1337621968358813}, "datetime": {"datetime": "2021-06-19 14:37:28", "elapsed": 2476.683448, "delta": 4.441095}}
{"target": -9.87939369318578, "params": {"C": 9.852166844736587, "gamma": 0.6210697714678294}, "datetime": {"datetime": "2021-06-19 14:37:43", "elapsed": 2492.155203, "delta": 15.471755}}
{"target": -9.875653870422612, "params": {"C": 9.900082644193626, "gamma": 0.6678981273005569}, "datetime": {"datetime": "2021-06-19 14:37:55", "elapsed": 2503.845109, "delta": 11.689906}}
{"target": -9.876008398027318, "params": {"C": 9.877998329591131, "gamma": 0.6489982540725375}, "datetime": {"datetime": "2021-06-19 14:38:08", "elapsed": 2516.872403, "delta": 13.027294}}
{"target": -9.87736052367831, "params": {"C": 9.92977004164809, "gamma": 0.6166747284370391}, "datetime": {"datetime": "2021-06-19 14:38:16", "elapsed": 2525.525016, "delta": 8.652613}}
{"target": -9.87817628901695, "params": {"C": 9.92292661694961, "gamma": 0.6817303238245663}, "datetime": {"datetime": "2021-06-19 14:38:30", "elapsed": 2539.426751, "delta": 13.901735}}
{"target": -9.872426091354845, "params": {"C": 9.996898199730582, "gamma": 0.6511047795028144}, "datetime": {"datetime": "2021-06-19 14:38:51", "elapsed": 2560.381418, "delta": 20.954667}}
{"target": -9.878027332009733, "params": {"C": 9.904136019412721, "gamma": 0.6799251553288903}, "datetime": {"datetime": "2021-06-19 14:39:10", "elapsed": 2578.694024, "delta": 18.312606}}
{"target": -9.873927037872326, "params": {"C": 9.950989800377819, "gamma": 0.6612035252492839}, "datetime": {"datetime": "2021-06-19 14:39:20", "elapsed": 2589.487961, "delta": 10.793937}}
{"target": -9.87396487411165, "params": {"C": 9.945098250009996, "gamma": 0.6559473626397717}, "datetime": {"datetime": "2021-06-19 14:39:32", "elapsed": 2600.68829, "delta": 11.200329}}
{"target": -11.804093914879523, "params": {"C": 7.051313295381794, "gamma": 7.302299536821463}, "datetime": {"datetime": "2021-06-19 14:39:38", "elapsed": 2607.457207, "delta": 6.768917}}
{"target": -9.87714292612281, "params": {"C": 9.915184472177463, "gamma": 0.6268816554580776}, "datetime": {"datetime": "2021-06-19 14:39:57", "elapsed": 2626.328196, "delta": 18.870989}}
{"target": -12.66926604669652, "params": {"C": 4.046081107504781, "gamma": 8.314745568904737}, "datetime": {"datetime": "2021-06-19 14:40:02", "elapsed": 2631.209458, "delta": 4.881262}}
{"target": -9.87860312286978, "params": {"C": 9.862929343798065, "gamma": 0.6283397943645761}, "datetime": {"datetime": "2021-06-19 14:40:11", "elapsed": 2640.389823, "delta": 9.180365}}
{"target": -9.877349248133257, "params": {"C": 9.83668950436524, "gamma": 0.6655519203573325}, "datetime": {"datetime": "2021-06-19 14:40:24", "elapsed": 2652.732695, "delta": 12.342872}}
{"target": -9.873657819651438, "params": {"C": 9.994796009915524, "gamma": 0.6692138578450301}, "datetime": {"datetime": "2021-06-19 14:40:39", "elapsed": 2667.693928, "delta": 14.961233}}
{"target": -9.877665458507629, "params": {"C": 9.923420842086918, "gamma": 0.6140301339179229}, "datetime": {"datetime": "2021-06-19 14:40:51", "elapsed": 2679.601884, "delta": 11.907956}}
