{"target": -12.007731480820931, "params": {"C": 9.188506603694576, "gamma": 8.875395471559749}, "datetime": {"datetime": "2021-06-19 14:01:38", "elapsed": 326.71935, "delta": 1.281479}}
{"target": -10.741988953595552, "params": {"C": 9.736918614401251, "gamma": 4.409062810433127}, "datetime": {"datetime": "2021-06-19 14:01:39", "elapsed": 328.176594, "delta": 1.457244}}
{"target": -10.23340184713128, "params": {"C": 8.530780821245079, "gamma": 1.4287977349456205}, "datetime": {"datetime": "2021-06-19 14:01:40", "elapsed": 329.578435, "delta": 1.401841}}
{"target": -9.88022595033696, "params": {"C": 9.764339739721704, "gamma": 0.6441951511368039}, "datetime": {"datetime": "2021-06-19 14:01:42", "elapsed": 331.100521, "delta": 1.522086}}
{"target": -10.773698706362309, "params": {"C": 7.285112909509213, "gamma": 3.2178191904363724}, "datetime": {"datetime": "2021-06-19 14:01:44", "elapsed": 332.758845, "delta": 1.658324}}
{"target": -10.577167399974645, "params": {"C": 8.788175966160173, "gamma": 2.9871748860725624}, "datetime": {"datetime": "2021-06-19 14:01:46", "elapsed": 334.795781, "delta": 2.036936}}
{"target": -13.619749518300333, "params": {"C": 1.8637424836251983, "gamma": 7.190315305165583}, "datetime": {"datetime": "2021-06-19 14:01:48", "elapsed": 337.149614, "delta": 2.353833}}
{"target": -9.974242844451716, "params": {"C": 7.989403933338147, "gamma": 0.8586651675957564}, "datetime": {"datetime": "2021-06-19 14:01:50", "elapsed": 338.87451, "delta": 1.724896}}
{"target": -11.692283249085328, "params": {"C": 5.1626208275114305, "gamma": 5.805883780080771}, "datetime": {"datetime": "2021-06-19 14:01:51", "elapsed": 340.448121, "delta": 1.573611}}
{"target": -10.39054775239431, "params": {"C": 9.264287261593765, "gamma": 2.3782872622841014}, "datetime": {"datetime": "2021-06-19 14:01:53", "elapsed": 342.168841, "delta": 1.72072}}
{"target": -10.376993744880826, "params": {"C": 6.37920584708266, "gamma": 1.3768180330301358}, "datetime": {"datetime": "2021-06-19 14:01:55", "elapsed": 344.370535, "delta": 2.201694}}
{"target": -11.150106341975851, "params": {"C": 5.356119875440562, "gamma": 3.713189636020046}, "datetime": {"datetime": "2021-06-19 14:01:58", "elapsed": 346.764301, "delta": 2.393766}}
{"target": -10.116781254833839, "params": {"C": 7.79719247947985, "gamma": 1.0857658375546386}, "datetime": {"datetime": "2021-06-19 14:02:00", "elapsed": 348.66651, "delta": 1.902209}}
{"target": -10.006180512426234, "params": {"C": 7.191283049168105, "gamma": 0.8194243284677777}, "datetime": {"datetime": "2021-06-19 14:02:02", "elapsed": 351.10758, "delta": 2.44107}}
{"target": -10.091019337426406, "params": {"C": 6.309449052741003, "gamma": 0.8240290757312766}, "datetime": {"datetime": "2021-06-19 14:02:04", "elapsed": 353.028986, "delta": 1.921406}}
{"target": -11.945559684238663, "params": {"C": 3.9929958480673364, "gamma": 5.637409561320657}, "datetime": {"datetime": "2021-06-19 14:02:05", "elapsed": 354.501897, "delta": 1.472911}}
{"target": -11.889411694239243, "params": {"C": 2.518606160104123, "gamma": 3.4533764946503944}, "datetime": {"datetime": "2021-06-19 14:02:07", "elapsed": 356.106374, "delta": 1.604477}}
{"target": -9.944305011610938, "params": {"C": 9.650885692293492, "gamma": 0.9283104288626147}, "datetime": {"datetime": "2021-06-19 14:02:09", "elapsed": 358.100976, "delta": 1.994602}}
{"target": -11.07566342588023, "params": {"C": 3.1684558820949, "gamma": 1.9237585394337442}, "datetime": {"datetime": "2021-06-19 14:02:11", "elapsed": 359.737092, "delta": 1.636116}}
{"target": -10.267060170025252, "params": {"C": 7.3102811102949765, "gamma": 1.3034422685346567}, "datetime": {"datetime": "2021-06-19 14:02:13", "elapsed": 362.084859, "delta": 2.347767}}
{"target": -15.053869998258678, "params": {"C": 0.9544759761268032, "gamma": 6.890423235715274}, "datetime": {"datetime": "2021-06-19 14:02:14", "elapsed": 363.443401, "delta": 1.358542}}
{"target": -10.403254442953425, "params": {"C": 6.675728562512562, "gamma": 1.486557885019287}, "datetime": {"datetime": "2021-06-19 14:02:16", "elapsed": 364.848496, "delta": 1.405095}}
{"target": -10.693198545490501, "params": {"C": 8.450830360338665, "gamma": 3.4315693798743756}, "datetime": {"datetime": "2021-06-19 14:02:17", "elapsed": 366.519977, "delta": 1.671481}}
{"target": -10.304641090806346, "params": {"C": 4.738685836183924, "gamma": 0.7201157934725685}, "datetime": {"datetime": "2021-06-19 14:02:20", "elapsed": 368.898536, "delta": 2.378559}}
{"target": -10.019671208572714, "params": {"C": 8.68915567066389, "gamma": 1.012408998694718}, "datetime": {"datetime": "2021-06-19 14:02:22", "elapsed": 371.554352, "delta": 2.655816}}
{"target": -13.387356663104768, "params": {"C": 2.8956815400998006, "gamma": 9.077369702818197}, "datetime": {"datetime": "2021-06-19 14:02:24", "elapsed": 372.978261, "delta": 1.423909}}
{"target": -10.567060433033838, "params": {"C": 3.981649571428072, "gamma": 0.6553581830639142}, "datetime": {"datetime": "2021-06-19 14:02:26", "elapsed": 375.030909, "delta": 2.052648}}
{"target": -9.898509498221594, "params": {"C": 9.209698307024446, "gamma": 0.6335253488396062}, "datetime": {"datetime": "2021-06-19 14:02:28", "elapsed": 377.3331, "delta": 2.302191}}
{"target": -12.699789588258081, "params": {"C": 2.4725487238748673, "gamma": 5.851895677602247}, "datetime": {"datetime": "2021-06-19 14:02:31", "elapsed": 379.623647, "delta": 2.290547}}
{"target": -10.99791987239706, "params": {"C": 8.187501264440392, "gamma": 4.980227841236937}, "datetime": {"datetime": "2021-06-19 14:02:32", "elapsed": 381.528899, "delta": 1.905252}}
{"target": -10.888589181015034, "params": {"C": 9.32122231545446, "gamma": 4.976848093533479}, "datetime": {"datetime": "2021-06-19 14:02:34", "elapsed": 383.148806, "delta": 1.619907}}
{"target": -11.484345427184655, "params": {"C": 4.54348945807901, "gamma": 4.411966225060152}, "datetime": {"datetime": "2021-06-19 14:02:36", "elapsed": 385.052381, "delta": 1.903575}}
{"target": -32.171714428086396, "params": {"C": 0.011066865570528297, "gamma": 4.4777928177571535}, "datetime": {"datetime": "2021-06-19 14:02:38", "elapsed": 386.748342, "delta": 1.695961}}
{"target": -9.965730969578129, "params": {"C": 8.174301240858743, "gamma": 0.8446413458057149}, "datetime": {"datetime": "2021-06-19 14:02:40", "elapsed": 388.832226, "delta": 2.083884}}
{"target": -11.209614448801581, "params": {"C": 5.7432708408498065, "gamma": 4.316905470458127}, "datetime": {"datetime": "2021-06-19 14:02:41", "elapsed": 390.264533, "delta": 1.432307}}
{"target": -9.928007667990393, "params": {"C": 9.675214178903618, "gamma": 0.5381743992056959}, "datetime": {"datetime": "2021-06-19 14:02:43", "elapsed": 391.985604, "delta": 1.721071}}
{"target": -12.658485911129421, "params": {"C": 4.378271131834362, "gamma": 8.652904904214044}, "datetime": {"datetime": "2021-06-19 14:02:44", "elapsed": 393.441497, "delta": 1.455893}}
{"target": -13.21493274135333, "params": {"C": 2.073174221847101, "gamma": 6.513622216614143}, "datetime": {"datetime": "2021-06-19 14:02:46", "elapsed": 394.727244, "delta": 1.285747}}
{"target": -9.936305066949672, "params": {"C": 9.425205323387704, "gamma": 0.8606759716022734}, "datetime": {"datetime": "2021-06-19 14:02:48", "elapsed": 397.219241, "delta": 2.491997}}
{"target": -10.541602846675055, "params": {"C": 6.451953473216823, "gamma": 1.8218739767349366}, "datetime": {"datetime": "2021-06-19 14:02:50", "elapsed": 399.580673, "delta": 2.361432}}
{"target": -9.907320454012812, "params": {"C": 8.932784785932776, "gamma": 0.6350098377647405}, "datetime": {"datetime": "2021-06-19 14:02:53", "elapsed": 401.8047, "delta": 2.224027}}
{"target": -10.01723609988375, "params": {"C": 6.709820829920812, "gamma": 0.7325440361827974}, "datetime": {"datetime": "2021-06-19 14:02:54", "elapsed": 403.269908, "delta": 1.465208}}
{"target": -10.486107889065355, "params": {"C": 7.768355750960709, "gamma": 2.2438713882130603}, "datetime": {"datetime": "2021-06-19 14:02:57", "elapsed": 405.847059, "delta": 2.577151}}
{"target": -12.7035931215268, "params": {"C": 3.981497342106241, "gamma": 8.359556775596857}, "datetime": {"datetime": "2021-06-19 14:02:58", "elapsed": 407.312896, "delta": 1.465837}}
{"target": -10.233777425313766, "params": {"C": 5.7693251156747225, "gamma": 0.5782793928073747}, "datetime": {"datetime": "2021-06-19 14:03:00", "elapsed": 409.58841, "delta": 2.275514}}
{"target": -10.005073758768944, "params": {"C": 6.884676529905013, "gamma": 0.6340944838270552}, "datetime": {"datetime": "2021-06-19 14:03:03", "elapsed": 411.840609, "delta": 2.252199}}
{"target": -10.360772141166251, "params": {"C": 9.936414225979327, "gamma": 2.456044126340725}, "datetime": {"datetime": "2021-06-19 14:03:06", "elapsed": 414.664561, "delta": 2.823952}}
{"target": -11.202284022269033, "params": {"C": 10.0, "gamma": 6.106284828579176}, "datetime": {"datetime": "2021-06-19 14:03:08", "elapsed": 416.94023, "delta": 2.275669}}
{"target": -9.914614152586527, "params": {"C": 10.0, "gamma": 0.8115625297584513}, "datetime": {"datetime": "2021-06-19 14:03:10", "elapsed": 419.227384, "delta": 2.287154}}
{"target": -10.619929462885551, "params": {"C": 7.659148958373825, "gamma": 2.7290975582003987}, "datetime": {"datetime": "2021-06-19 14:03:12", "elapsed": 421.452684, "delta": 2.2253}}
{"target": -15.837493488595989, "params": {"C": 0.9266073802182433, "gamma": 0.13523344280558883}, "datetime": {"datetime": "2021-06-19 14:03:14", "elapsed": 422.883233, "delta": 1.430549}}
{"target": -10.411662736822134, "params": {"C": 5.069983258290432, "gamma": 1.191392365893981}, "datetime": {"datetime": "2021-06-19 14:03:16", "elapsed": 424.973604, "delta": 2.090371}}
{"target": -9.959544969698204, "params": {"C": 8.384214502635079, "gamma": 0.8405393227351372}, "datetime": {"datetime": "2021-06-19 14:03:18", "elapsed": 426.871011, "delta": 1.897407}}
{"target": -9.985958592938587, "params": {"C": 7.549344280435363, "gamma": 0.8362693102809214}, "datetime": {"datetime": "2021-06-19 14:03:20", "elapsed": 429.525726, "delta": 2.654715}}
{"target": -9.949756334750646, "params": {"C": 8.999305492344762, "gamma": 0.8738714017601967}, "datetime": {"datetime": "2021-06-19 14:03:23", "elapsed": 432.271046, "delta": 2.74532}}
{"target": -9.954637096448698, "params": {"C": 7.725113367112879, "gamma": 0.6470820450356063}, "datetime": {"datetime": "2021-06-19 14:03:26", "elapsed": 434.594656, "delta": 2.32361}}
{"target": -12.00195989341539, "params": {"C": 4.590284201234248, "gamma": 6.39945861047632}, "datetime": {"datetime": "2021-06-19 14:03:28", "elapsed": 437.277004, "delta": 2.682348}}
{"target": -10.305104065831895, "params": {"C": 9.464498151345776, "gamma": 2.083473495212545}, "datetime": {"datetime": "2021-06-19 14:03:31", "elapsed": 439.753121, "delta": 2.476117}}
{"target": -11.601943629286964, "params": {"C": 7.767832511694384, "gamma": 6.861809711326899}, "datetime": {"datetime": "2021-06-19 14:03:33", "elapsed": 441.912878, "delta": 2.159757}}
{"target": -10.58016916900178, "params": {"C": 9.210507724919589, "gamma": 3.194230134985407}, "datetime": {"datetime": "2021-06-19 14:03:35", "elapsed": 443.77884, "delta": 1.865962}}
{"target": -10.04947416790214, "params": {"C": 9.544367852586097, "gamma": 1.150691910209162}, "datetime": {"datetime": "2021-06-19 14:03:37", "elapsed": 445.668986, "delta": 1.890146}}
{"target": -11.16017307189421, "params": {"C": 3.654496919807772, "gamma": 2.4552064289928452}, "datetime": {"datetime": "2021-06-19 14:03:39", "elapsed": 447.991212, "delta": 2.322226}}
{"target": -9.918129288366366, "params": {"C": 8.607341180779635, "gamma": 0.6441584376621264}, "datetime": {"datetime": "2021-06-19 14:03:41", "elapsed": 449.913403, "delta": 1.922191}}
{"target": -11.707021671358596, "params": {"C": 6.397763460179576, "gamma": 6.677107298690232}, "datetime": {"datetime": "2021-06-19 14:03:43", "elapsed": 451.756448, "delta": 1.843045}}
{"target": -11.05958327292673, "params": {"C": 6.109409350074691, "gamma": 3.86259921161145}, "datetime": {"datetime": "2021-06-19 14:03:44", "elapsed": 453.420132, "delta": 1.663684}}
{"target": -9.96534729081145, "params": {"C": 7.401203825619955, "gamma": 0.7182414372482926}, "datetime": {"datetime": "2021-06-19 14:03:47", "elapsed": 455.938826, "delta": 2.518694}}
{"target": -9.982203612050505, "params": {"C": 7.111428749172816, "gamma": 0.6545094292002143}, "datetime": {"datetime": "2021-06-19 14:03:49", "elapsed": 458.150688, "delta": 2.211862}}
{"target": -11.469550800961724, "params": {"C": 8.932544285978807, "gamma": 6.744216378229903}, "datetime": {"datetime": "2021-06-19 14:03:51", "elapsed": 460.054293, "delta": 1.903605}}
{"target": -10.949720486111964, "params": {"C": 3.86974280361303, "gamma": 1.9976988635791162}, "datetime": {"datetime": "2021-06-19 14:03:54", "elapsed": 462.657626, "delta": 2.603333}}
{"target": -9.89652208809729, "params": {"C": 10.0, "gamma": 0.5678297058454816}, "datetime": {"datetime": "2021-06-19 14:03:56", "elapsed": 464.986548, "delta": 2.328922}}
{"target": -10.025431000871492, "params": {"C": 9.265045311633827, "gamma": 1.0771255696136572}, "datetime": {"datetime": "2021-06-19 14:03:58", "elapsed": 467.285045, "delta": 2.298497}}
{"target": -10.460726547768012, "params": {"C": 8.757141755110732, "gamma": 2.4911815476841204}, "datetime": {"datetime": "2021-06-19 14:04:00", "elapsed": 469.018237, "delta": 1.733192}}
{"target": -9.993079056477958, "params": {"C": 8.255381576353662, "gamma": 0.5292941139292808}, "datetime": {"datetime": "2021-06-19 14:04:02", "elapsed": 470.877766, "delta": 1.859529}}
{"target": -9.971087573140975, "params": {"C": 9.835997032891306, "gamma": 1.0323016224682755}, "datetime": {"datetime": "2021-06-19 14:04:04", "elapsed": 473.11628, "delta": 2.238514}}
{"target": -10.835501184326185, "params": {"C": 9.778097456670876, "gamma": 4.913580734815925}, "datetime": {"datetime": "2021-06-19 14:04:07", "elapsed": 476.000106, "delta": 2.883826}}
{"target": -9.985257250530486, "params": {"C": 8.508474793168693, "gamma": 0.940791353406583}, "datetime": {"datetime": "2021-06-19 14:04:09", "elapsed": 478.407254, "delta": 2.407148}}
{"target": -10.210366618724152, "params": {"C": 8.068753450912268, "gamma": 1.2972720945505152}, "datetime": {"datetime": "2021-06-19 14:04:13", "elapsed": 481.626494, "delta": 3.21924}}
{"target": -10.153109577162931, "params": {"C": 5.916989699306758, "gamma": 0.8699633036598714}, "datetime": {"datetime": "2021-06-19 14:04:15", "elapsed": 484.318567, "delta": 2.692073}}
{"target": -9.897385061219747, "params": {"C": 9.868116658787061, "gamma": 0.5752467004109725}, "datetime": {"datetime": "2021-06-19 14:04:18", "elapsed": 486.692677, "delta": 2.37411}}
{"target": -10.620383281557544, "params": {"C": 3.4601135236110983, "gamma": 0.888639352409909}, "datetime": {"datetime": "2021-06-19 14:04:20", "elapsed": 488.984869, "delta": 2.292192}}
{"target": -10.113552196671339, "params": {"C": 7.029753417986334, "gamma": 0.9944922658777815}, "datetime": {"datetime": "2021-06-19 14:04:23", "elapsed": 492.27682, "delta": 3.291951}}
{"target": -11.077910076571758, "params": {"C": 7.800945345925852, "gamma": 5.141997883600211}, "datetime": {"datetime": "2021-06-19 14:04:25", "elapsed": 493.733075, "delta": 1.456255}}
{"target": -9.925198578813314, "params": {"C": 8.89350038850485, "gamma": 0.7674181605462534}, "datetime": {"datetime": "2021-06-19 14:04:27", "elapsed": 496.010428, "delta": 2.277353}}
{"target": -11.932273638677058, "params": {"C": 6.8105440805466255, "gamma": 7.661526660238838}, "datetime": {"datetime": "2021-06-19 14:04:30", "elapsed": 498.942891, "delta": 2.932463}}
{"target": -10.548597731848988, "params": {"C": 7.260629887927158, "gamma": 2.2851785196474315}, "datetime": {"datetime": "2021-06-19 14:04:32", "elapsed": 501.034668, "delta": 2.091777}}
{"target": -9.924337064984874, "params": {"C": 8.42518375525603, "gamma": 0.6742251804798354}, "datetime": {"datetime": "2021-06-19 14:04:34", "elapsed": 503.322564, "delta": 2.287896}}
{"target": -10.207589788466887, "params": {"C": 6.67061403502605, "gamma": 1.1071567068368628}, "datetime": {"datetime": "2021-06-19 14:04:36", "elapsed": 505.482397, "delta": 2.159833}}
{"target": -10.14180979463749, "params": {"C": 9.999992742987347, "gamma": 1.466397399475088}, "datetime": {"datetime": "2021-06-19 14:04:40", "elapsed": 508.712354, "delta": 3.229957}}
{"target": -12.373623766204867, "params": {"C": 4.591796747693925, "gamma": 7.816448226929696}, "datetime": {"datetime": "2021-06-19 14:04:41", "elapsed": 510.568381, "delta": 1.856027}}
{"target": -11.061874297984723, "params": {"C": 2.4714664310780097, "gamma": 1.1611892211982047}, "datetime": {"datetime": "2021-06-19 14:04:43", "elapsed": 512.558589, "delta": 1.990208}}
{"target": -9.927741339157867, "params": {"C": 9.195155981934231, "gamma": 0.7910178866336302}, "datetime": {"datetime": "2021-06-19 14:04:46", "elapsed": 514.968599, "delta": 2.41001}}
{"target": -9.974324697398341, "params": {"C": 7.9705178150808695, "gamma": 0.5766103758439478}, "datetime": {"datetime": "2021-06-19 14:04:48", "elapsed": 517.194054, "delta": 2.225455}}
{"target": -11.404708757175536, "params": {"C": 3.3484695883236193, "gamma": 2.9527899689457717}, "datetime": {"datetime": "2021-06-19 14:04:51", "elapsed": 520.418457, "delta": 3.224403}}
{"target": -11.420130800811275, "params": {"C": 4.288932367633017, "gamma": 3.8918530105457494}, "datetime": {"datetime": "2021-06-19 14:04:54", "elapsed": 522.680007, "delta": 2.26155}}
{"target": -10.124215950626064, "params": {"C": 7.381505905063629, "gamma": 1.0549115925361445}, "datetime": {"datetime": "2021-06-19 14:04:56", "elapsed": 525.285857, "delta": 2.60585}}
{"target": -9.92060835051195, "params": {"C": 9.525173762828354, "gamma": 0.7895215230888466}, "datetime": {"datetime": "2021-06-19 14:04:58", "elapsed": 527.118271, "delta": 1.832414}}
{"target": -9.923986101159642, "params": {"C": 9.05860861584205, "gamma": 0.5835016633388057}, "datetime": {"datetime": "2021-06-19 14:05:00", "elapsed": 529.481212, "delta": 2.362941}}
{"target": -10.339771177027576, "params": {"C": 8.518374520141514, "gamma": 1.861470288175999}, "datetime": {"datetime": "2021-06-19 14:05:04", "elapsed": 533.061951, "delta": 3.580739}}
{"target": -10.543654556949436, "params": {"C": 9.72251177936315, "gamma": 3.231285256073764}, "datetime": {"datetime": "2021-06-19 14:05:07", "elapsed": 535.848297, "delta": 2.786346}}
{"target": -10.49790282850955, "params": {"C": 4.606777250782023, "gamma": 1.2368979254499828}, "datetime": {"datetime": "2021-06-19 14:05:09", "elapsed": 538.30983, "delta": 2.461533}}
{"target": -10.085734198263955, "params": {"C": 9.865147818507092, "gamma": 1.2740948234662643}, "datetime": {"datetime": "2021-06-19 14:05:12", "elapsed": 540.657259, "delta": 2.347429}}
{"target": -9.915300130412103, "params": {"C": 8.701547636281516, "gamma": 0.7151524736880404}, "datetime": {"datetime": "2021-06-19 14:05:14", "elapsed": 543.151862, "delta": 2.494603}}
{"target": -10.671390954013242, "params": {"C": 9.75162738627476, "gamma": 3.9828638567440575}, "datetime": {"datetime": "2021-06-19 14:05:17", "elapsed": 545.764315, "delta": 2.612453}}
{"target": -10.015830227690765, "params": {"C": 9.052281968889783, "gamma": 1.0380410534738533}, "datetime": {"datetime": "2021-06-19 14:05:19", "elapsed": 547.671461, "delta": 1.907146}}
{"target": -11.380510464592756, "params": {"C": 8.341152949372532, "gamma": 6.293985333268293}, "datetime": {"datetime": "2021-06-19 14:05:21", "elapsed": 549.859449, "delta": 2.187988}}
{"target": -10.0013004074588, "params": {"C": 7.88388608328516, "gamma": 0.9025756859295022}, "datetime": {"datetime": "2021-06-19 14:05:23", "elapsed": 552.564049, "delta": 2.7046}}
{"target": -10.257471861823515, "params": {"C": 6.00182219862843, "gamma": 1.0927827577784242}, "datetime": {"datetime": "2021-06-19 14:05:26", "elapsed": 555.318078, "delta": 2.754029}}
{"target": -10.821799775949334, "params": {"C": 4.67047960314439, "gamma": 1.9925987279406563}, "datetime": {"datetime": "2021-06-19 14:05:28", "elapsed": 557.450239, "delta": 2.132161}}
{"target": -9.877509083069409, "params": {"C": 10.0, "gamma": 0.6843976559175978}, "datetime": {"datetime": "2021-06-19 14:05:30", "elapsed": 559.540123, "delta": 2.089884}}
{"target": -13.793455453710573, "params": {"C": 5.436030284407091, "gamma": 0.10755445265348529}, "datetime": {"datetime": "2021-06-19 14:05:33", "elapsed": 561.702247, "delta": 2.162124}}
{"target": -10.30220470964272, "params": {"C": 6.0985613054262995, "gamma": 0.49441205305704417}, "datetime": {"datetime": "2021-06-19 14:05:35", "elapsed": 564.133811, "delta": 2.431564}}
{"target": -11.039077046821571, "params": {"C": 7.114005071710317, "gamma": 4.516100588585527}, "datetime": {"datetime": "2021-06-19 14:05:37", "elapsed": 566.47699, "delta": 2.343179}}
{"target": -13.539634862620693, "params": {"C": 1.1661841164487283, "gamma": 4.45386459999781}, "datetime": {"datetime": "2021-06-19 14:05:39", "elapsed": 568.229601, "delta": 1.752611}}
{"target": -12.320902418868563, "params": {"C": 2.920527242616869, "gamma": 5.500336102929923}, "datetime": {"datetime": "2021-06-19 14:05:41", "elapsed": 570.003294, "delta": 1.773693}}
{"target": -11.32839525439105, "params": {"C": 9.342132532780054, "gamma": 6.3717236930802805}, "datetime": {"datetime": "2021-06-19 14:05:43", "elapsed": 571.747332, "delta": 1.744038}}
{"target": -10.93482262591311, "params": {"C": 5.63100823641483, "gamma": 2.9977388276660033}, "datetime": {"datetime": "2021-06-19 14:05:45", "elapsed": 574.173779, "delta": 2.426447}}
{"target": -9.94493956398507, "params": {"C": 9.302325522627639, "gamma": 0.8874989491416546}, "datetime": {"datetime": "2021-06-19 14:05:48", "elapsed": 576.802585, "delta": 2.628806}}
