{"target": -10.878688339650035, "params": {"C": 5.986731310157494, "gamma": 2.9786012356847786}, "datetime": {"datetime": "2021-06-19 13:57:06", "elapsed": 54.942962, "delta": 0.762182}}
{"target": -10.968162510172855, "params": {"C": 7.958294496982133, "gamma": 4.702181428375737}, "datetime": {"datetime": "2021-06-19 13:57:07", "elapsed": 55.72972, "delta": 0.786758}}
{"target": -10.397369003830992, "params": {"C": 9.605850103070393, "gamma": 2.5070345706072126}, "datetime": {"datetime": "2021-06-19 13:57:07", "elapsed": 56.230809, "delta": 0.501089}}
{"target": -11.057768682948934, "params": {"C": 4.932137951460505, "gamma": 3.019375455543546}, "datetime": {"datetime": "2021-06-19 13:57:08", "elapsed": 57.18693, "delta": 0.956121}}
{"target": -11.112599227546108, "params": {"C": 5.747705881710616, "gamma": 3.844634523116947}, "datetime": {"datetime": "2021-06-19 13:57:09", "elapsed": 57.920314, "delta": 0.733384}}
{"target": -10.751705621884481, "params": {"C": 9.990829755984457, "gamma": 4.581212539442631}, "datetime": {"datetime": "2021-06-19 13:57:10", "elapsed": 58.788674, "delta": 0.86836}}
{"target": -11.215151006371764, "params": {"C": 7.76697987989406, "gamma": 5.589738381520131}, "datetime": {"datetime": "2021-06-19 13:57:10", "elapsed": 59.564123, "delta": 0.775449}}
{"target": -11.218605826697331, "params": {"C": 2.554260827084213, "gamma": 0.5577122819270246}, "datetime": {"datetime": "2021-06-19 13:57:11", "elapsed": 60.29749, "delta": 0.733367}}
{"target": -10.01355777605048, "params": {"C": 8.89738417016875, "gamma": 1.020267834228964}, "datetime": {"datetime": "2021-06-19 13:57:12", "elapsed": 61.150586, "delta": 0.853096}}
{"target": -10.188363606483659, "params": {"C": 10.0, "gamma": 1.6929747444491408}, "datetime": {"datetime": "2021-06-19 13:57:13", "elapsed": 61.803557, "delta": 0.652971}}
{"target": -11.386095760237524, "params": {"C": 3.9658506679142356, "gamma": 3.4516034130520357}, "datetime": {"datetime": "2021-06-19 13:57:13", "elapsed": 62.405335, "delta": 0.601778}}
{"target": -11.322792250770105, "params": {"C": 2.183903310126989, "gamma": 1.4489079650473493}, "datetime": {"datetime": "2021-06-19 13:57:14", "elapsed": 63.075701, "delta": 0.670366}}
{"target": -11.303293008253899, "params": {"C": 5.758170477741847, "gamma": 4.793529702339129}, "datetime": {"datetime": "2021-06-19 13:57:15", "elapsed": 63.845846, "delta": 0.770145}}
{"target": -11.31234732041828, "params": {"C": 4.825259143262924, "gamma": 3.9624614260796815}, "datetime": {"datetime": "2021-06-19 13:57:16", "elapsed": 64.645642, "delta": 0.799796}}
{"target": -11.30642828555604, "params": {"C": 3.1763503585600414, "gamma": 2.50784129291969}, "datetime": {"datetime": "2021-06-19 13:57:16", "elapsed": 65.369823, "delta": 0.724181}}
{"target": -10.867542722682288, "params": {"C": 7.8027791947929845, "gamma": 4.034502580394449}, "datetime": {"datetime": "2021-06-19 13:57:17", "elapsed": 66.203569, "delta": 0.833746}}
{"target": -10.361295970586232, "params": {"C": 7.091471479568258, "gamma": 1.4704545771083959}, "datetime": {"datetime": "2021-06-19 13:57:18", "elapsed": 67.068438, "delta": 0.864869}}
{"target": -12.285361999496605, "params": {"C": 9.995742119769243, "gamma": 9.986747287174925}, "datetime": {"datetime": "2021-06-19 13:57:19", "elapsed": 67.839563, "delta": 0.771125}}
{"target": -11.645830664842379, "params": {"C": 8.724815503594396, "gamma": 7.315414469919193}, "datetime": {"datetime": "2021-06-19 13:57:20", "elapsed": 68.61034, "delta": 0.770777}}
{"target": -11.048285510630505, "params": {"C": 8.422106396967878, "gamma": 5.26103487935824}, "datetime": {"datetime": "2021-06-19 13:57:20", "elapsed": 69.328017, "delta": 0.717677}}
{"target": -11.82928912855178, "params": {"C": 3.197628631904741, "gamma": 4.1800711638203785}, "datetime": {"datetime": "2021-06-19 13:57:21", "elapsed": 70.114779, "delta": 0.786762}}
{"target": -11.326820842235334, "params": {"C": 10.0, "gamma": 6.510218057326842}, "datetime": {"datetime": "2021-06-19 13:57:22", "elapsed": 70.958515, "delta": 0.843736}}
{"target": -12.634112094866893, "params": {"C": 6.218383853732759, "gamma": 10.0}, "datetime": {"datetime": "2021-06-19 13:57:23", "elapsed": 71.603626, "delta": 0.645111}}
{"target": -11.534484923781497, "params": {"C": 5.732154120498654, "gamma": 5.668348869118869}, "datetime": {"datetime": "2021-06-19 13:57:23", "elapsed": 72.321238, "delta": 0.717612}}
{"target": -9.99360956116692, "params": {"C": 7.007632407739341, "gamma": 0.7527841746621704}, "datetime": {"datetime": "2021-06-19 13:57:24", "elapsed": 73.107699, "delta": 0.786461}}
{"target": -11.0879313482571, "params": {"C": 7.283391207345109, "gamma": 4.887128046242381}, "datetime": {"datetime": "2021-06-19 13:57:25", "elapsed": 73.872304, "delta": 0.764605}}
{"target": -10.95541419692333, "params": {"C": 6.336559270048234, "gamma": 3.5180154654843996}, "datetime": {"datetime": "2021-06-19 13:57:26", "elapsed": 74.712492, "delta": 0.840188}}
{"target": -11.873476982140183, "params": {"C": 9.997473511290115, "gamma": 8.545113847584611}, "datetime": {"datetime": "2021-06-19 13:57:26", "elapsed": 75.561695, "delta": 0.849203}}
{"target": -11.451788460001861, "params": {"C": 7.918522328427303, "gamma": 6.405421308617996}, "datetime": {"datetime": "2021-06-19 13:57:27", "elapsed": 76.364102, "delta": 0.802407}}
{"target": -9.893778350161323, "params": {"C": 9.334891250507667, "gamma": 0.6941838826710827}, "datetime": {"datetime": "2021-06-19 13:57:28", "elapsed": 77.182147, "delta": 0.818045}}
{"target": -12.323517277798535, "params": {"C": 5.372847357371647, "gamma": 8.267517757266441}, "datetime": {"datetime": "2021-06-19 13:57:29", "elapsed": 78.101054, "delta": 0.918907}}
{"target": -10.501268994599586, "params": {"C": 6.253218894246086, "gamma": 1.6294162280594393}, "datetime": {"datetime": "2021-06-19 13:57:30", "elapsed": 78.971488, "delta": 0.870434}}
{"target": -10.927285741440492, "params": {"C": 4.6888275021320664, "gamma": 2.370094131569435}, "datetime": {"datetime": "2021-06-19 13:57:31", "elapsed": 79.726992, "delta": 0.755504}}
{"target": -9.944180788509277, "params": {"C": 9.99307574993101, "gamma": 0.9671933184259089}, "datetime": {"datetime": "2021-06-19 13:57:32", "elapsed": 80.629622, "delta": 0.90263}}
{"target": -10.732356567350259, "params": {"C": 3.1883369106246935, "gamma": 0.7837653881278255}, "datetime": {"datetime": "2021-06-19 13:57:32", "elapsed": 81.394223, "delta": 0.764601}}
{"target": -10.875346667241867, "params": {"C": 5.496588964623387, "gamma": 2.6925124584591433}, "datetime": {"datetime": "2021-06-19 13:57:33", "elapsed": 82.365951, "delta": 0.971728}}
{"target": -10.153027568818763, "params": {"C": 6.702267855285893, "gamma": 0.5237648014644701}, "datetime": {"datetime": "2021-06-19 13:57:34", "elapsed": 83.152349, "delta": 0.786398}}
{"target": -15.462494523173568, "params": {"C": 3.0089257564764367, "gamma": 0.05508363782555272}, "datetime": {"datetime": "2021-06-19 13:57:35", "elapsed": 84.001573, "delta": 0.849224}}
{"target": -11.20591209493282, "params": {"C": 2.1607829289634712, "gamma": 0.868900366206825}, "datetime": {"datetime": "2021-06-19 13:57:36", "elapsed": 84.703687, "delta": 0.702114}}
{"target": -27.824270942813882, "params": {"C": 4.67099157091798, "gamma": 0.001}, "datetime": {"datetime": "2021-06-19 13:57:36", "elapsed": 85.559557, "delta": 0.85587}}
{"target": -10.262450626771631, "params": {"C": 4.976037023200443, "gamma": 0.7078584003871804}, "datetime": {"datetime": "2021-06-19 13:57:37", "elapsed": 86.277113, "delta": 0.717556}}
{"target": -10.434996629703686, "params": {"C": 4.130345305775419, "gamma": 0.8831476278402789}, "datetime": {"datetime": "2021-06-19 13:57:38", "elapsed": 86.932266, "delta": 0.655153}}
{"target": -10.530262062431651, "params": {"C": 9.508267175307935, "gamma": 3.0541244032470467}, "datetime": {"datetime": "2021-06-19 13:57:39", "elapsed": 87.71246, "delta": 0.780194}}
{"target": -10.326739562793989, "params": {"C": 9.252749428578683, "gamma": 2.1091911236903926}, "datetime": {"datetime": "2021-06-19 13:57:40", "elapsed": 88.668197, "delta": 0.955737}}
{"target": -10.351683165714551, "params": {"C": 6.658727798275816, "gamma": 1.3730437052696212}, "datetime": {"datetime": "2021-06-19 13:57:40", "elapsed": 89.486339, "delta": 0.818142}}
{"target": -10.738930677509552, "params": {"C": 9.03927465156663, "gamma": 4.0116557419161065}, "datetime": {"datetime": "2021-06-19 13:57:41", "elapsed": 90.257498, "delta": 0.771159}}
{"target": -10.3367435764007, "params": {"C": 4.625025272938501, "gamma": 0.9077986097497882}, "datetime": {"datetime": "2021-06-19 13:57:42", "elapsed": 90.975195, "delta": 0.717697}}
{"target": -10.160504076937755, "params": {"C": 7.188800236451234, "gamma": 1.094785271016137}, "datetime": {"datetime": "2021-06-19 13:57:43", "elapsed": 91.746409, "delta": 0.771214}}
{"target": -10.552842820030754, "params": {"C": 7.584015331083643, "gamma": 2.4369462364549808}, "datetime": {"datetime": "2021-06-19 13:57:43", "elapsed": 92.548807, "delta": 0.802398}}
{"target": -13.207011476667407, "params": {"C": 3.58839108339598, "gamma": 9.726306889356598}, "datetime": {"datetime": "2021-06-19 13:57:44", "elapsed": 93.150293, "delta": 0.601486}}
{"target": -10.814937129652307, "params": {"C": 9.533823757362818, "gamma": 4.733923106144846}, "datetime": {"datetime": "2021-06-19 13:57:45", "elapsed": 94.068656, "delta": 0.918363}}
{"target": -10.676019590242323, "params": {"C": 5.68715762987789, "gamma": 1.976831913324096}, "datetime": {"datetime": "2021-06-19 13:57:46", "elapsed": 94.902251, "delta": 0.833595}}
{"target": -10.030503573488211, "params": {"C": 9.74318471453254, "gamma": 1.1343589258816908}, "datetime": {"datetime": "2021-06-19 13:57:47", "elapsed": 95.78929, "delta": 0.887039}}
{"target": -11.293182598148789, "params": {"C": 4.364741657631033, "gamma": 3.484405773691811}, "datetime": {"datetime": "2021-06-19 13:57:47", "elapsed": 96.404735, "delta": 0.615445}}
{"target": -10.771007769051801, "params": {"C": 6.396636071977994, "gamma": 2.7678707894917927}, "datetime": {"datetime": "2021-06-19 13:57:48", "elapsed": 97.345303, "delta": 0.940568}}
{"target": -10.927989806713168, "params": {"C": 4.68763269944573, "gamma": 2.3716856169181306}, "datetime": {"datetime": "2021-06-19 13:57:49", "elapsed": 97.962701, "delta": 0.617398}}
{"target": -10.447641720712033, "params": {"C": 9.045465847675532, "gamma": 2.533812157602367}, "datetime": {"datetime": "2021-06-19 13:57:50", "elapsed": 98.934023, "delta": 0.971322}}
{"target": -11.040087604784125, "params": {"C": 5.4646082386048445, "gamma": 3.3262374124337097}, "datetime": {"datetime": "2021-06-19 13:57:51", "elapsed": 99.868021, "delta": 0.933998}}
{"target": -10.472132923255181, "params": {"C": 8.065255541082283, "gamma": 2.299756382761026}, "datetime": {"datetime": "2021-06-19 13:57:52", "elapsed": 100.716463, "delta": 0.848442}}
{"target": -10.652199422861543, "params": {"C": 3.6897943012479146, "gamma": 0.6579657779703127}, "datetime": {"datetime": "2021-06-19 13:57:53", "elapsed": 101.640925, "delta": 0.924462}}
{"target": -9.959579098995471, "params": {"C": 9.1774601989878, "gamma": 0.949832536004781}, "datetime": {"datetime": "2021-06-19 13:57:54", "elapsed": 102.675181, "delta": 1.034256}}
{"target": -10.888701303319522, "params": {"C": 8.441378579360988, "gamma": 4.54892427717549}, "datetime": {"datetime": "2021-06-19 13:57:55", "elapsed": 103.709048, "delta": 1.033867}}
{"target": -10.591367040844638, "params": {"C": 9.71085050587938, "gamma": 3.4977213592330494}, "datetime": {"datetime": "2021-06-19 13:57:55", "elapsed": 104.564913, "delta": 0.855865}}
{"target": -11.133150804358028, "params": {"C": 6.236842845076359, "gamma": 4.3500575393068335}, "datetime": {"datetime": "2021-06-19 13:57:56", "elapsed": 105.436311, "delta": 0.871398}}
{"target": -11.273942863278375, "params": {"C": 4.920392934074798, "gamma": 3.8871500370352927}, "datetime": {"datetime": "2021-06-19 13:57:57", "elapsed": 106.08464, "delta": 0.648329}}
{"target": -10.87023031711395, "params": {"C": 10.0, "gamma": 5.104981563984141}, "datetime": {"datetime": "2021-06-19 13:57:58", "elapsed": 107.28807, "delta": 1.20343}}
{"target": -10.313215316237262, "params": {"C": 8.399696465168276, "gamma": 1.6637802290695454}, "datetime": {"datetime": "2021-06-19 13:57:59", "elapsed": 108.306114, "delta": 1.018044}}
{"target": -10.558513130185947, "params": {"C": 4.792274400945623, "gamma": 1.415726098350545}, "datetime": {"datetime": "2021-06-19 13:58:00", "elapsed": 109.161903, "delta": 0.855789}}
{"target": -10.763754963619892, "params": {"C": 8.194516054383143, "gamma": 3.6776597570264222}, "datetime": {"datetime": "2021-06-19 13:58:01", "elapsed": 110.02678, "delta": 0.864877}}
{"target": -11.208846817968105, "params": {"C": 2.7716450763062612, "gamma": 1.929936088636613}, "datetime": {"datetime": "2021-06-19 13:58:02", "elapsed": 110.967255, "delta": 0.940475}}
{"target": -12.824648136021722, "params": {"C": 3.860405504205809, "gamma": 8.648461714852901}, "datetime": {"datetime": "2021-06-19 13:58:03", "elapsed": 111.63438, "delta": 0.667125}}
{"target": -10.619165557113902, "params": {"C": 7.143752772518958, "gamma": 2.5198114763524635}, "datetime": {"datetime": "2021-06-19 13:58:03", "elapsed": 112.552795, "delta": 0.918415}}
{"target": -11.082994383102573, "params": {"C": 9.992691055340156, "gamma": 5.739467847434766}, "datetime": {"datetime": "2021-06-19 13:58:04", "elapsed": 113.492936, "delta": 0.940141}}
{"target": -11.316355875940825, "params": {"C": 7.123652524739722, "gamma": 5.681398614127534}, "datetime": {"datetime": "2021-06-19 13:58:05", "elapsed": 114.411235, "delta": 0.918299}}
{"target": -12.35860378688157, "params": {"C": 6.47585596006311, "gamma": 0.17639721349448217}, "datetime": {"datetime": "2021-06-19 13:58:06", "elapsed": 115.097681, "delta": 0.686446}}
{"target": -10.141106990507264, "params": {"C": 6.123151110392813, "gamma": 0.8931069465757645}, "datetime": {"datetime": "2021-06-19 13:58:07", "elapsed": 115.968615, "delta": 0.870934}}
{"target": -11.047478361919447, "params": {"C": 3.533584353489168, "gamma": 2.081141343751553}, "datetime": {"datetime": "2021-06-19 13:58:08", "elapsed": 116.783582, "delta": 0.814967}}
{"target": -9.894114741970242, "params": {"C": 9.333209401358927, "gamma": 0.6960943636589737}, "datetime": {"datetime": "2021-06-19 13:58:08", "elapsed": 117.483325, "delta": 0.699743}}
{"target": -10.41299663953104, "params": {"C": 10.0, "gamma": 2.6721977330565565}, "datetime": {"datetime": "2021-06-19 13:58:09", "elapsed": 118.284883, "delta": 0.801558}}
{"target": -9.925825784638759, "params": {"C": 8.76394449243406, "gamma": 0.6051243769780361}, "datetime": {"datetime": "2021-06-19 13:58:10", "elapsed": 119.171909, "delta": 0.887026}}
{"target": -12.311208987451174, "params": {"C": 2.7271088915348805, "gamma": 5.176811755557751}, "datetime": {"datetime": "2021-06-19 13:58:11", "elapsed": 120.237372, "delta": 1.065463}}
{"target": -11.447539950537006, "params": {"C": 9.349355710690025, "gamma": 6.773100589273795}, "datetime": {"datetime": "2021-06-19 13:58:12", "elapsed": 121.077643, "delta": 0.840271}}
{"target": -11.906865907637574, "params": {"C": 8.05800288138235, "gamma": 8.101377759476918}, "datetime": {"datetime": "2021-06-19 13:58:13", "elapsed": 122.209179, "delta": 1.131536}}
{"target": -11.627801143097535, "params": {"C": 3.0048833831925235, "gamma": 3.2703437962325563}, "datetime": {"datetime": "2021-06-19 13:58:14", "elapsed": 123.31213, "delta": 1.102951}}
{"target": -10.679828234245068, "params": {"C": 9.970846801224743, "gamma": 4.142250850821777}, "datetime": {"datetime": "2021-06-19 13:58:15", "elapsed": 124.230464, "delta": 0.918334}}
{"target": -10.022806791753064, "params": {"C": 6.716218243289764, "gamma": 0.7579869599472852}, "datetime": {"datetime": "2021-06-19 13:58:16", "elapsed": 125.286936, "delta": 1.056472}}
{"target": -11.582238574234399, "params": {"C": 4.047018895590047, "gamma": 4.275625778920738}, "datetime": {"datetime": "2021-06-19 13:58:17", "elapsed": 126.305592, "delta": 1.018656}}
{"target": -11.32796722667931, "params": {"C": 5.257628988504798, "gamma": 4.433086782372615}, "datetime": {"datetime": "2021-06-19 13:58:18", "elapsed": 127.154906, "delta": 0.849314}}
{"target": -10.138465049035588, "params": {"C": 5.734117085397603, "gamma": 0.7897898334777842}, "datetime": {"datetime": "2021-06-19 13:58:19", "elapsed": 128.240747, "delta": 1.085841}}
{"target": -12.605635533043532, "params": {"C": 1.0185105151862792, "gamma": 1.9220934925935163}, "datetime": {"datetime": "2021-06-19 13:58:20", "elapsed": 128.932998, "delta": 0.692251}}
{"target": -11.260970042020961, "params": {"C": 3.753670859338687, "gamma": 2.8501105668284294}, "datetime": {"datetime": "2021-06-19 13:58:21", "elapsed": 129.920336, "delta": 0.987338}}
{"target": -11.845883051213653, "params": {"C": 5.22223615538848, "gamma": 6.391718910163377}, "datetime": {"datetime": "2021-06-19 13:58:22", "elapsed": 130.807381, "delta": 0.887045}}
{"target": -36.91410222343319, "params": {"C": 0.001, "gamma": 10.0}, "datetime": {"datetime": "2021-06-19 13:58:23", "elapsed": 132.079304, "delta": 1.271923}}
{"target": -10.4104594674142, "params": {"C": 7.385617733510373, "gamma": 1.687442810601985}, "datetime": {"datetime": "2021-06-19 13:58:24", "elapsed": 133.182215, "delta": 1.102911}}
{"target": -10.528468550731679, "params": {"C": 7.031447539859752, "gamma": 2.0535506787829956}, "datetime": {"datetime": "2021-06-19 13:58:25", "elapsed": 134.548607, "delta": 1.366392}}
{"target": -11.236933011349727, "params": {"C": 8.344879700250475, "gamma": 5.837232746244831}, "datetime": {"datetime": "2021-06-19 13:58:26", "elapsed": 135.489076, "delta": 0.940469}}
{"target": -10.737947741558951, "params": {"C": 3.285380758568681, "gamma": 1.1303048999030836}, "datetime": {"datetime": "2021-06-19 13:58:27", "elapsed": 136.492153, "delta": 1.003077}}
{"target": -10.97105860140384, "params": {"C": 9.042178541870895, "gamma": 5.191551966596574}, "datetime": {"datetime": "2021-06-19 13:58:28", "elapsed": 137.394952, "delta": 0.902799}}
{"target": -9.947162297190632, "params": {"C": 8.754392434301549, "gamma": 0.8268270914326016}, "datetime": {"datetime": "2021-06-19 13:58:29", "elapsed": 138.529156, "delta": 1.134204}}
{"target": -9.944999527071007, "params": {"C": 7.869714197295939, "gamma": 0.6646724936475625}, "datetime": {"datetime": "2021-06-19 13:58:30", "elapsed": 139.56344, "delta": 1.034284}}
{"target": -10.027060619883688, "params": {"C": 8.296780484584646, "gamma": 0.9914427113321327}, "datetime": {"datetime": "2021-06-19 13:58:32", "elapsed": 140.861844, "delta": 1.298404}}
{"target": -11.800169100120875, "params": {"C": 9.236800536933005, "gamma": 8.066728989600682}, "datetime": {"datetime": "2021-06-19 13:58:33", "elapsed": 141.939433, "delta": 1.077589}}
{"target": -11.785727186535564, "params": {"C": 6.732138396450355, "gamma": 7.097538798963088}, "datetime": {"datetime": "2021-06-19 13:58:34", "elapsed": 142.895469, "delta": 0.956036}}
{"target": -10.239103609882823, "params": {"C": 9.40249384509335, "gamma": 1.7141584300903632}, "datetime": {"datetime": "2021-06-19 13:58:35", "elapsed": 143.891741, "delta": 0.996272}}
{"target": -10.90012428848059, "params": {"C": 2.705634207457014, "gamma": 0.9523725649449237}, "datetime": {"datetime": "2021-06-19 13:58:36", "elapsed": 145.21785, "delta": 1.326109}}
{"target": -9.958844954455977, "params": {"C": 7.562139272929303, "gamma": 0.6575248307221444}, "datetime": {"datetime": "2021-06-19 13:58:37", "elapsed": 146.183087, "delta": 0.965237}}
{"target": -12.336942312680154, "params": {"C": 8.930125306495947, "gamma": 9.992211254235237}, "datetime": {"datetime": "2021-06-19 13:58:38", "elapsed": 147.270804, "delta": 1.087717}}
{"target": -10.11949120729127, "params": {"C": 9.35727325184413, "gamma": 1.2819391198265846}, "datetime": {"datetime": "2021-06-19 13:58:39", "elapsed": 148.188813, "delta": 0.918009}}
{"target": -10.204690667587782, "params": {"C": 8.30145425640762, "gamma": 1.321380350010832}, "datetime": {"datetime": "2021-06-19 13:58:40", "elapsed": 149.176203, "delta": 0.98739}}
{"target": -12.691294000002928, "params": {"C": 3.7796698290783763, "gamma": 8.020585915325494}, "datetime": {"datetime": "2021-06-19 13:58:41", "elapsed": 149.947334, "delta": 0.771131}}
{"target": -12.322347910455973, "params": {"C": 7.079086669472516, "gamma": 9.285835637478947}, "datetime": {"datetime": "2021-06-19 13:58:42", "elapsed": 150.868868, "delta": 0.921534}}
{"target": -11.516335719432334, "params": {"C": 5.205091063327574, "gamma": 5.235465075341383}, "datetime": {"datetime": "2021-06-19 13:58:43", "elapsed": 152.215263, "delta": 1.346395}}
{"target": -10.114876493342331, "params": {"C": 9.060873444957423, "gamma": 1.2293272650284957}, "datetime": {"datetime": "2021-06-19 13:58:44", "elapsed": 152.974997, "delta": 0.759734}}
{"target": -9.954082896346357, "params": {"C": 9.798272063655332, "gamma": 0.4934952585457}, "datetime": {"datetime": "2021-06-19 13:58:45", "elapsed": 154.479327, "delta": 1.50433}}
{"target": -11.51326317662825, "params": {"C": 7.276467980008233, "gamma": 6.403036404245204}, "datetime": {"datetime": "2021-06-19 13:58:46", "elapsed": 155.451077, "delta": 0.97175}}
{"target": -12.597270371955421, "params": {"C": 5.392401702492537, "gamma": 9.318689436214498}, "datetime": {"datetime": "2021-06-19 13:58:47", "elapsed": 156.519475, "delta": 1.068398}}
{"target": -10.973905641594412, "params": {"C": 7.493833780810542, "gamma": 4.41886316068897}, "datetime": {"datetime": "2021-06-19 13:58:48", "elapsed": 157.484738, "delta": 0.965263}}
{"target": -14.16827764828133, "params": {"C": 1.9012714979460545, "gamma": 0.17184560610138763}, "datetime": {"datetime": "2021-06-19 13:58:50", "elapsed": 158.741369, "delta": 1.256631}}
