{"target": -10.389934949551687, "params": {"C": 8.581481471650287, "gamma": 2.137045238180379}, "datetime": {"datetime": "2021-06-19 14:05:50", "elapsed": 579.461546, "delta": 2.658961}}
{"target": -9.971724773951909, "params": {"C": 7.259484890478312, "gamma": 0.7175784334920899}, "datetime": {"datetime": "2021-06-19 14:05:52", "elapsed": 581.246427, "delta": 1.784881}}
{"target": -10.001618542066577, "params": {"C": 9.94655608408682, "gamma": 1.0990210341350861}, "datetime": {"datetime": "2021-06-19 14:05:55", "elapsed": 583.912887, "delta": 2.66646}}
{"target": -10.574359611216677, "params": {"C": 6.799958540250788, "gamma": 2.1536004166291867}, "datetime": {"datetime": "2021-06-19 14:05:57", "elapsed": 586.439368, "delta": 2.526481}}
{"target": -10.111171672075773, "params": {"C": 6.447155057551971, "gamma": 0.578135997283368}, "datetime": {"datetime": "2021-06-19 14:06:00", "elapsed": 588.917613, "delta": 2.478245}}
{"target": -10.10885114088407, "params": {"C": 8.194812430957125, "gamma": 1.1142768701795431}, "datetime": {"datetime": "2021-06-19 14:06:03", "elapsed": 591.857675, "delta": 2.940062}}
{"target": -9.896888255963786, "params": {"C": 9.829583508486763, "gamma": 0.7323977990733845}, "datetime": {"datetime": "2021-06-19 14:06:05", "elapsed": 594.0159, "delta": 2.158225}}
{"target": -9.947054276920616, "params": {"C": 9.249020541226901, "gamma": 0.5345286928280246}, "datetime": {"datetime": "2021-06-19 14:06:08", "elapsed": 596.777294, "delta": 2.761394}}
{"target": -10.388338976929445, "params": {"C": 9.02667600836976, "gamma": 2.3065480947699317}, "datetime": {"datetime": "2021-06-19 14:06:11", "elapsed": 599.788833, "delta": 3.011539}}
{"target": -10.78524358109621, "params": {"C": 8.844216112337032, "gamma": 4.171092065124378}, "datetime": {"datetime": "2021-06-19 14:06:12", "elapsed": 601.428799, "delta": 1.639966}}
{"target": -9.997866672564836, "params": {"C": 8.642904121828735, "gamma": 0.5000250974885591}, "datetime": {"datetime": "2021-06-19 14:06:16", "elapsed": 604.889008, "delta": 3.460209}}
{"target": -10.011403264623993, "params": {"C": 7.452302496721944, "gamma": 0.5637892322636942}, "datetime": {"datetime": "2021-06-19 14:06:19", "elapsed": 608.067394, "delta": 3.178386}}
{"target": -9.960134105407459, "params": {"C": 8.636400623648715, "gamma": 0.8733655262912504}, "datetime": {"datetime": "2021-06-19 14:06:22", "elapsed": 610.709119, "delta": 2.641725}}
{"target": -10.128306646560537, "params": {"C": 9.995732780161342, "gamma": 0.38665708674760946}, "datetime": {"datetime": "2021-06-19 14:06:25", "elapsed": 613.629656, "delta": 2.920537}}
{"target": -9.953582800940236, "params": {"C": 8.18284222644634, "gamma": 0.5972897115288454}, "datetime": {"datetime": "2021-06-19 14:06:27", "elapsed": 615.98116, "delta": 2.351504}}
{"target": -9.942000002729053, "params": {"C": 7.967977270672178, "gamma": 0.7180206945623901}, "datetime": {"datetime": "2021-06-19 14:06:29", "elapsed": 618.46558, "delta": 2.48442}}
{"target": -13.16194152771362, "params": {"C": 1.3021531477477393, "gamma": 4.151283040070411}, "datetime": {"datetime": "2021-06-19 14:06:31", "elapsed": 620.15358, "delta": 1.688}}
{"target": -11.69146336809279, "params": {"C": 4.115052370058317, "gamma": 4.826509878463307}, "datetime": {"datetime": "2021-06-19 14:06:34", "elapsed": 623.027495, "delta": 2.873915}}
{"target": -9.960194554567678, "params": {"C": 7.825904001444301, "gamma": 0.7841045936096948}, "datetime": {"datetime": "2021-06-19 14:06:37", "elapsed": 626.308029, "delta": 3.280534}}
{"target": -10.001846230076286, "params": {"C": 7.638825161986685, "gamma": 0.5613016734354954}, "datetime": {"datetime": "2021-06-19 14:06:40", "elapsed": 629.066704, "delta": 2.758675}}
{"target": -9.932470415340902, "params": {"C": 9.573988163454906, "gamma": 0.5374067202450465}, "datetime": {"datetime": "2021-06-19 14:06:44", "elapsed": 633.254727, "delta": 4.188023}}
{"target": -9.930278663967952, "params": {"C": 9.747527236519135, "gamma": 0.8686927497321408}, "datetime": {"datetime": "2021-06-19 14:06:48", "elapsed": 636.951931, "delta": 3.697204}}
{"target": -12.175963953631136, "params": {"C": 3.9247568808582134, "gamma": 6.319883047185963}, "datetime": {"datetime": "2021-06-19 14:06:50", "elapsed": 639.493591, "delta": 2.54166}}
{"target": -10.254870503190478, "params": {"C": 5.571678677004399, "gamma": 1.0020808677689657}, "datetime": {"datetime": "2021-06-19 14:06:54", "elapsed": 643.400597, "delta": 3.907006}}
{"target": -9.905141167430138, "params": {"C": 9.4163312730344, "gamma": 0.7378700874424994}, "datetime": {"datetime": "2021-06-19 14:06:57", "elapsed": 646.314558, "delta": 2.913961}}
{"target": -10.106524649499377, "params": {"C": 8.90622059024028, "gamma": 1.191996966679189}, "datetime": {"datetime": "2021-06-19 14:06:59", "elapsed": 648.212819, "delta": 1.898261}}
{"target": -10.265734461818681, "params": {"C": 9.850396643775635, "gamma": 2.0306088726025417}, "datetime": {"datetime": "2021-06-19 14:07:01", "elapsed": 650.333669, "delta": 2.12085}}
{"target": -9.90901895336916, "params": {"C": 8.844893517512244, "gamma": 0.6869720151133969}, "datetime": {"datetime": "2021-06-19 14:07:04", "elapsed": 653.007898, "delta": 2.674229}}
{"target": -9.88156514840668, "params": {"C": 9.698164121660426, "gamma": 0.6700539031135306}, "datetime": {"datetime": "2021-06-19 14:07:07", "elapsed": 656.25851, "delta": 3.250612}}
{"target": -10.027943512577279, "params": {"C": 6.873574561187496, "gamma": 0.8040658888461668}, "datetime": {"datetime": "2021-06-19 14:07:09", "elapsed": 658.480242, "delta": 2.221732}}
{"target": -9.904252941902904, "params": {"C": 9.936366776500424, "gamma": 0.759200464944752}, "datetime": {"datetime": "2021-06-19 14:07:12", "elapsed": 660.923685, "delta": 2.443443}}
{"target": -10.04597131314421, "params": {"C": 7.631231001497355, "gamma": 0.9515915706999649}, "datetime": {"datetime": "2021-06-19 14:07:17", "elapsed": 666.164605, "delta": 5.24092}}
{"target": -12.148232530569942, "params": {"C": 2.6338014230452766, "gamma": 4.466293497940558}, "datetime": {"datetime": "2021-06-19 14:07:19", "elapsed": 668.042707, "delta": 1.878102}}
{"target": -10.525609627322908, "params": {"C": 8.213012672990661, "gamma": 2.560855660135097}, "datetime": {"datetime": "2021-06-19 14:07:21", "elapsed": 670.520784, "delta": 2.478077}}
{"target": -10.1046458621299, "params": {"C": 9.6788504033159, "gamma": 1.2930443083843168}, "datetime": {"datetime": "2021-06-19 14:07:26", "elapsed": 674.700807, "delta": 4.180023}}
{"target": -12.166853088780922, "params": {"C": 3.610115711373371, "gamma": 5.932770319575991}, "datetime": {"datetime": "2021-06-19 14:07:27", "elapsed": 676.578187, "delta": 1.87738}}
{"target": -9.900017905583603, "params": {"C": 9.127471964291379, "gamma": 0.6587009947448182}, "datetime": {"datetime": "2021-06-19 14:07:32", "elapsed": 681.120507, "delta": 4.54232}}
{"target": -9.954409317330262, "params": {"C": 8.266208019968271, "gamma": 0.8152019562747945}, "datetime": {"datetime": "2021-06-19 14:07:36", "elapsed": 684.80351, "delta": 3.683003}}
{"target": -9.93327113794506, "params": {"C": 8.5334802994557, "gamma": 0.7687285248732068}, "datetime": {"datetime": "2021-06-19 14:07:38", "elapsed": 686.661519, "delta": 1.858009}}
{"target": -10.034291950309715, "params": {"C": 6.569487716836531, "gamma": 0.6466352019473581}, "datetime": {"datetime": "2021-06-19 14:07:40", "elapsed": 689.117236, "delta": 2.455717}}
{"target": -9.876870823421905, "params": {"C": 9.956634423139073, "gamma": 0.6101682164953635}, "datetime": {"datetime": "2021-06-19 14:07:43", "elapsed": 692.233808, "delta": 3.116572}}
{"target": -11.214285858609475, "params": {"C": 9.34108550794856, "gamma": 6.009478816370129}, "datetime": {"datetime": "2021-06-19 14:07:45", "elapsed": 694.05012, "delta": 1.816312}}
{"target": -9.94485383508414, "params": {"C": 8.857772120236646, "gamma": 0.5611498980522223}, "datetime": {"datetime": "2021-06-19 14:07:47", "elapsed": 696.442163, "delta": 2.392043}}
{"target": -9.886566973032807, "params": {"C": 9.577677771355425, "gamma": 0.687613918690646}, "datetime": {"datetime": "2021-06-19 14:07:50", "elapsed": 698.969488, "delta": 2.527325}}
{"target": -9.978113102870864, "params": {"C": 9.630866288891104, "gamma": 1.0258832257629076}, "datetime": {"datetime": "2021-06-19 14:07:52", "elapsed": 701.44133, "delta": 2.471842}}
{"target": -9.959949290324138, "params": {"C": 8.869187324558338, "gamma": 0.905904844474772}, "datetime": {"datetime": "2021-06-19 14:07:55", "elapsed": 703.834427, "delta": 2.393097}}
{"target": -9.901358220822678, "params": {"C": 9.306205101496737, "gamma": 0.6101865901144805}, "datetime": {"datetime": "2021-06-19 14:07:58", "elapsed": 707.244989, "delta": 3.410562}}
{"target": -12.036681289912336, "params": {"C": 3.502526045417764, "gamma": 5.3929563648638235}, "datetime": {"datetime": "2021-06-19 14:08:00", "elapsed": 709.093703, "delta": 1.848714}}
{"target": -9.936807251608624, "params": {"C": 9.89692763888269, "gamma": 0.9178339347688653}, "datetime": {"datetime": "2021-06-19 14:08:04", "elapsed": 713.218377, "delta": 4.124674}}
{"target": -11.22091136747162, "params": {"C": 8.768232412800886, "gamma": 5.901169963114349}, "datetime": {"datetime": "2021-06-19 14:08:06", "elapsed": 715.080744, "delta": 1.862367}}
{"target": -9.938048561903226, "params": {"C": 9.114030200385704, "gamma": 0.8240818856220739}, "datetime": {"datetime": "2021-06-19 14:08:08", "elapsed": 717.504341, "delta": 2.423597}}
{"target": -10.179440678054881, "params": {"C": 6.2552611271190655, "gamma": 0.996760087791514}, "datetime": {"datetime": "2021-06-19 14:08:10", "elapsed": 719.281026, "delta": 1.776685}}
{"target": -9.897254076464806, "params": {"C": 9.792696172049906, "gamma": 0.5807239138291155}, "datetime": {"datetime": "2021-06-19 14:08:15", "elapsed": 724.374099, "delta": 5.093073}}
{"target": -9.937640802820907, "params": {"C": 8.371331508755224, "gamma": 0.616138576229009}, "datetime": {"datetime": "2021-06-19 14:08:20", "elapsed": 729.547757, "delta": 5.173658}}
{"target": -10.815179975874212, "params": {"C": 7.794600589496161, "gamma": 3.7243446758629895}, "datetime": {"datetime": "2021-06-19 14:08:22", "elapsed": 731.506516, "delta": 1.958759}}
{"target": -9.919109906598962, "params": {"C": 9.325034226670272, "gamma": 0.7713427658784647}, "datetime": {"datetime": "2021-06-19 14:08:25", "elapsed": 734.124831, "delta": 2.618315}}
{"target": -9.936877878943939, "params": {"C": 8.207418219042912, "gamma": 0.7400240532819623}, "datetime": {"datetime": "2021-06-19 14:08:30", "elapsed": 738.727514, "delta": 4.602683}}
{"target": -9.875909275259133, "params": {"C": 9.879145128928574, "gamma": 0.6577525685627741}, "datetime": {"datetime": "2021-06-19 14:08:34", "elapsed": 742.622622, "delta": 3.895108}}
{"target": -9.978301614437985, "params": {"C": 7.353081316608328, "gamma": 0.6316288720006625}, "datetime": {"datetime": "2021-06-19 14:08:37", "elapsed": 746.010481, "delta": 3.387859}}
{"target": -9.907721670443106, "params": {"C": 9.947308428463172, "gamma": 0.5511489057299223}, "datetime": {"datetime": "2021-06-19 14:08:41", "elapsed": 749.799437, "delta": 3.788956}}
{"target": -9.947661827812599, "params": {"C": 9.783588299728235, "gamma": 0.9571328172614527}, "datetime": {"datetime": "2021-06-19 14:08:43", "elapsed": 752.164035, "delta": 2.364598}}
{"target": -9.923389355008554, "params": {"C": 9.161193715036015, "gamma": 0.5761060852854207}, "datetime": {"datetime": "2021-06-19 14:08:45", "elapsed": 754.470336, "delta": 2.306301}}
{"target": -9.940383512893199, "params": {"C": 9.546451458918272, "gamma": 0.8989956456026673}, "datetime": {"datetime": "2021-06-19 14:08:49", "elapsed": 758.050445, "delta": 3.580109}}
{"target": -9.90156356136799, "params": {"C": 9.200773304282261, "gamma": 0.7164593098354806}, "datetime": {"datetime": "2021-06-19 14:08:52", "elapsed": 761.067866, "delta": 3.017421}}
{"target": -9.88393300826548, "params": {"C": 9.701005145296381, "gamma": 0.6189395867612091}, "datetime": {"datetime": "2021-06-19 14:08:57", "elapsed": 765.836981, "delta": 4.769115}}
{"target": -9.890062485292244, "params": {"C": 9.407161861494165, "gamma": 0.6636693377112753}, "datetime": {"datetime": "2021-06-19 14:08:59", "elapsed": 768.522305, "delta": 2.685324}}
{"target": -9.922982525633154, "params": {"C": 8.488550408025388, "gamma": 0.6388082688275708}, "datetime": {"datetime": "2021-06-19 14:09:03", "elapsed": 771.787459, "delta": 3.265154}}
{"target": -9.877605682808962, "params": {"C": 9.82156040646165, "gamma": 0.6588812044367746}, "datetime": {"datetime": "2021-06-19 14:09:05", "elapsed": 774.202621, "delta": 2.415162}}
{"target": -9.905504800733798, "params": {"C": 8.96916964216324, "gamma": 0.69928523868599}, "datetime": {"datetime": "2021-06-19 14:09:08", "elapsed": 777.192774, "delta": 2.990153}}
{"target": -9.9592311506266, "params": {"C": 7.654672553327784, "gamma": 0.7478668187429075}, "datetime": {"datetime": "2021-06-19 14:09:13", "elapsed": 782.436883, "delta": 5.244109}}
{"target": -9.931540092214616, "params": {"C": 8.343886912228934, "gamma": 0.738126857586729}, "datetime": {"datetime": "2021-06-19 14:09:16", "elapsed": 784.713859, "delta": 2.276976}}
{"target": -9.873190629073255, "params": {"C": 9.98981998287724, "gamma": 0.6431628838074045}, "datetime": {"datetime": "2021-06-19 14:09:19", "elapsed": 788.198487, "delta": 3.484628}}
{"target": -9.883351273355293, "params": {"C": 9.640704788983687, "gamma": 0.6724146730865778}, "datetime": {"datetime": "2021-06-19 14:09:23", "elapsed": 792.240991, "delta": 4.042504}}
{"target": -9.892773573978761, "params": {"C": 9.48520365609944, "gamma": 0.7081140541556196}, "datetime": {"datetime": "2021-06-19 14:09:27", "elapsed": 796.385806, "delta": 4.144815}}
{"target": -9.949791459791609, "params": {"C": 8.081309761298003, "gamma": 0.7766169833545649}, "datetime": {"datetime": "2021-06-19 14:09:31", "elapsed": 800.470862, "delta": 4.085056}}
{"target": -9.923906809667685, "params": {"C": 8.629817048885265, "gamma": 0.7412834709956985}, "datetime": {"datetime": "2021-06-19 14:09:35", "elapsed": 804.529266, "delta": 4.058404}}
{"target": -10.020195815355875, "params": {"C": 8.106292223112934, "gamma": 0.9583859535254452}, "datetime": {"datetime": "2021-06-19 14:09:39", "elapsed": 807.841037, "delta": 3.311771}}
{"target": -9.898622530042099, "params": {"C": 9.768379310939256, "gamma": 0.7345345081420609}, "datetime": {"datetime": "2021-06-19 14:09:43", "elapsed": 812.517223, "delta": 4.676186}}
{"target": -9.874712630851514, "params": {"C": 9.931443017729036, "gamma": 0.6457487030413878}, "datetime": {"datetime": "2021-06-19 14:09:50", "elapsed": 818.63013, "delta": 6.112907}}
{"target": -9.896234222833279, "params": {"C": 10.0, "gamma": 0.7376980022356828}, "datetime": {"datetime": "2021-06-19 14:09:53", "elapsed": 822.231664, "delta": 3.601534}}
{"target": -9.931369359829525, "params": {"C": 8.694041011867172, "gamma": 0.599489698142869}, "datetime": {"datetime": "2021-06-19 14:09:58", "elapsed": 827.287269, "delta": 5.055605}}
{"target": -9.882788199687926, "params": {"C": 9.87168530166336, "gamma": 0.6978477150745891}, "datetime": {"datetime": "2021-06-19 14:10:03", "elapsed": 831.767926, "delta": 4.480657}}
{"target": -9.895010673738074, "params": {"C": 9.26240381844608, "gamma": 0.6745497740836901}, "datetime": {"datetime": "2021-06-19 14:10:07", "elapsed": 836.531368, "delta": 4.763442}}
{"target": -9.90389793433223, "params": {"C": 9.016668634905795, "gamma": 0.6577154003907663}, "datetime": {"datetime": "2021-06-19 14:10:11", "elapsed": 840.042049, "delta": 3.510681}}
{"target": -9.874480021419917, "params": {"C": 9.999999970909759, "gamma": 0.6283417098073503}, "datetime": {"datetime": "2021-06-19 14:10:15", "elapsed": 844.298541, "delta": 4.256492}}
{"target": -9.87790080459664, "params": {"C": 9.858078205750834, "gamma": 0.6757996982390447}, "datetime": {"datetime": "2021-06-19 14:10:18", "elapsed": 847.170251, "delta": 2.87171}}
{"target": -9.885956589947686, "params": {"C": 9.540673632807408, "gamma": 0.659530190806917}, "datetime": {"datetime": "2021-06-19 14:10:23", "elapsed": 851.723303, "delta": 4.553052}}
{"target": -9.879102236896847, "params": {"C": 9.838645135794657, "gamma": 0.6313951725664624}, "datetime": {"datetime": "2021-06-19 14:10:28", "elapsed": 857.015623, "delta": 5.29232}}
{"target": -9.923360437189501, "params": {"C": 9.634861372081005, "gamma": 0.8123527882403051}, "datetime": {"datetime": "2021-06-19 14:10:31", "elapsed": 859.892571, "delta": 2.876948}}
{"target": -9.893263973141101, "params": {"C": 9.375436898720713, "gamma": 0.634351295110567}, "datetime": {"datetime": "2021-06-19 14:10:35", "elapsed": 864.235085, "delta": 4.342514}}
{"target": -9.920669155407701, "params": {"C": 8.796813575892735, "gamma": 0.7483392982636943}, "datetime": {"datetime": "2021-06-19 14:10:40", "elapsed": 869.313715, "delta": 5.07863}}
{"target": -9.90978540163939, "params": {"C": 9.123110399313362, "gamma": 0.7373605127251166}, "datetime": {"datetime": "2021-06-19 14:10:44", "elapsed": 873.296157, "delta": 3.982442}}
{"target": -9.884184084064913, "params": {"C": 9.599784452279208, "gamma": 0.6567543256356445}, "datetime": {"datetime": "2021-06-19 14:10:48", "elapsed": 877.567964, "delta": 4.271807}}
{"target": -9.952345848057522, "params": {"C": 8.59209171257857, "gamma": 0.5670530864112173}, "datetime": {"datetime": "2021-06-19 14:10:52", "elapsed": 881.36198, "delta": 3.794016}}
{"target": -9.888641792308242, "params": {"C": 9.453498077559887, "gamma": 0.6609667575337801}, "datetime": {"datetime": "2021-06-19 14:10:58", "elapsed": 886.857422, "delta": 5.495442}}
{"target": -9.880575017412358, "params": {"C": 9.724153927554426, "gamma": 0.6625953627958834}, "datetime": {"datetime": "2021-06-19 14:11:00", "elapsed": 889.382123, "delta": 2.524701}}
{"target": -10.125673537289643, "params": {"C": 9.545596648939085, "gamma": 1.325197433991965}, "datetime": {"datetime": "2021-06-19 14:11:02", "elapsed": 891.472635, "delta": 2.090512}}
{"target": -9.87344507002385, "params": {"C": 9.984334021938643, "gamma": 0.6425149055900129}, "datetime": {"datetime": "2021-06-19 14:11:06", "elapsed": 895.446712, "delta": 3.974077}}
{"target": -9.874614319481013, "params": {"C": 9.98128429666127, "gamma": 0.6719362985297127}, "datetime": {"datetime": "2021-06-19 14:11:09", "elapsed": 898.235172, "delta": 2.78846}}
{"target": -9.874875744995732, "params": {"C": 9.920377204702397, "gamma": 0.6650267766151873}, "datetime": {"datetime": "2021-06-19 14:11:16", "elapsed": 904.947616, "delta": 6.712444}}
{"target": -9.874618049293545, "params": {"C": 9.92289124636385, "gamma": 0.656571412489845}, "datetime": {"datetime": "2021-06-19 14:11:20", "elapsed": 908.772675, "delta": 3.825059}}
{"target": -9.875177438557056, "params": {"C": 9.969599328451052, "gamma": 0.6307549908968306}, "datetime": {"datetime": "2021-06-19 14:11:23", "elapsed": 912.336099, "delta": 3.563424}}
{"target": -9.87763769249668, "params": {"C": 9.843523454888869, "gamma": 0.6447489066370454}, "datetime": {"datetime": "2021-06-19 14:11:29", "elapsed": 918.049235, "delta": 5.713136}}
{"target": -9.959560441470352, "params": {"C": 9.338536705501411, "gamma": 0.9647375111869015}, "datetime": {"datetime": "2021-06-19 14:11:33", "elapsed": 922.416407, "delta": 4.367172}}
{"target": -9.878421078891797, "params": {"C": 9.800331149199392, "gamma": 0.6654704688826879}, "datetime": {"datetime": "2021-06-19 14:11:36", "elapsed": 924.999015, "delta": 2.582608}}
{"target": -9.882516481195161, "params": {"C": 9.973104755110631, "gamma": 0.7029693097875963}, "datetime": {"datetime": "2021-06-19 14:11:42", "elapsed": 930.722366, "delta": 5.723351}}
{"target": -15.191363689686035, "params": {"C": 0.8021493841027406, "gamma": 6.0663439108732975}, "datetime": {"datetime": "2021-06-19 14:11:44", "elapsed": 932.942554, "delta": 2.220188}}
{"target": -9.930646502350351, "params": {"C": 9.572678002394504, "gamma": 0.540007798421584}, "datetime": {"datetime": "2021-06-19 14:11:46", "elapsed": 935.144978, "delta": 2.202424}}
{"target": -9.876159967621215, "params": {"C": 9.980407138247138, "gamma": 0.6112177776964804}, "datetime": {"datetime": "2021-06-19 14:11:50", "elapsed": 938.750004, "delta": 3.605026}}
{"target": -9.8818970809493, "params": {"C": 9.77128942272766, "gamma": 0.6861888559781372}, "datetime": {"datetime": "2021-06-19 14:11:55", "elapsed": 944.200468, "delta": 5.450464}}
{"target": -12.421068571241994, "params": {"C": 5.597609346376089, "gamma": 8.802943692584384}, "datetime": {"datetime": "2021-06-19 14:11:57", "elapsed": 946.367829, "delta": 2.167361}}
{"target": -9.92013251449527, "params": {"C": 8.53098666618458, "gamma": 0.679451061021058}, "datetime": {"datetime": "2021-06-19 14:12:01", "elapsed": 950.231299, "delta": 3.86347}}
{"target": -9.873976045772281, "params": {"C": 9.96200487647679, "gamma": 0.6664349096551188}, "datetime": {"datetime": "2021-06-19 14:12:04", "elapsed": 952.973744, "delta": 2.742445}}
{"target": -9.873486374217334, "params": {"C": 9.990665471508965, "gamma": 0.6405570209602894}, "datetime": {"datetime": "2021-06-19 14:12:08", "elapsed": 956.73979, "delta": 3.766046}}
{"target": -12.82600737386424, "params": {"C": 1.8923603285103607, "gamma": 5.026519008051432}, "datetime": {"datetime": "2021-06-19 14:12:10", "elapsed": 959.009821, "delta": 2.270031}}
{"target": -9.877939118083377, "params": {"C": 9.926766616709322, "gamma": 0.6810513678010665}, "datetime": {"datetime": "2021-06-19 14:12:16", "elapsed": 964.830082, "delta": 5.820261}}
{"target": -11.98119423952775, "params": {"C": 3.4683246358783766, "gamma": 5.139596360770074}, "datetime": {"datetime": "2021-06-19 14:12:18", "elapsed": 966.959083, "delta": 2.129001}}
{"target": -9.877318520171414, "params": {"C": 9.897631589431995, "gamma": 0.6312376834125129}, "datetime": {"datetime": "2021-06-19 14:12:21", "elapsed": 969.958192, "delta": 2.999109}}
