{"target": -9.879599320345084, "params": {"C": 9.827249887137006, "gamma": 0.6810246018702957}, "datetime": {"datetime": "2021-06-19 14:41:07", "elapsed": 2696.382591, "delta": 16.780707}}
{"target": -9.874659152921716, "params": {"C": 9.978082336596607, "gamma": 0.633455954130649}, "datetime": {"datetime": "2021-06-19 14:41:14", "elapsed": 2702.849695, "delta": 6.467104}}
{"target": -9.876026052150591, "params": {"C": 9.881175788465782, "gamma": 0.6648189173309151}, "datetime": {"datetime": "2021-06-19 14:41:30", "elapsed": 2718.889511, "delta": 16.039816}}
{"target": -9.886096160989894, "params": {"C": 9.595078872943676, "gamma": 0.6387054727886521}, "datetime": {"datetime": "2021-06-19 14:41:38", "elapsed": 2727.237718, "delta": 8.348207}}
{"target": -9.874733458119831, "params": {"C": 9.941301144677404, "gamma": 0.6430720887133423}, "datetime": {"datetime": "2021-06-19 14:41:50", "elapsed": 2738.595955, "delta": 11.358237}}
{"target": -9.878745840372996, "params": {"C": 9.78189784008822, "gamma": 0.6532856775856879}, "datetime": {"datetime": "2021-06-19 14:41:58", "elapsed": 2746.718174, "delta": 8.122219}}
{"target": -9.882158652025689, "params": {"C": 9.742632142816806, "gamma": 0.685303092796695}, "datetime": {"datetime": "2021-06-19 14:42:12", "elapsed": 2760.645131, "delta": 13.926957}}
{"target": -9.874894313337798, "params": {"C": 9.964228007444573, "gamma": 0.6353117966009334}, "datetime": {"datetime": "2021-06-19 14:42:26", "elapsed": 2774.634148, "delta": 13.989017}}
{"target": -9.873487961148623, "params": {"C": 9.966139078011553, "gamma": 0.6612129391528463}, "datetime": {"datetime": "2021-06-19 14:42:39", "elapsed": 2788.308686, "delta": 13.674538}}
{"target": -9.876164323394027, "params": {"C": 9.90708092190298, "gamma": 0.640015517450293}, "datetime": {"datetime": "2021-06-19 14:42:48", "elapsed": 2797.467845, "delta": 9.159159}}
{"target": -9.876974540808659, "params": {"C": 9.8477541822421, "gamma": 0.6631657805316363}, "datetime": {"datetime": "2021-06-19 14:42:57", "elapsed": 2805.640685, "delta": 8.17284}}
{"target": -9.876294926205698, "params": {"C": 9.96347772125335, "gamma": 0.6770648885496067}, "datetime": {"datetime": "2021-06-19 14:43:17", "elapsed": 2826.208876, "delta": 20.568191}}
{"target": -9.874085063543554, "params": {"C": 9.944116526995021, "gamma": 0.6592407287024812}, "datetime": {"datetime": "2021-06-19 14:43:30", "elapsed": 2838.803637, "delta": 12.594761}}
{"target": -9.877599530179184, "params": {"C": 9.886945163909179, "gamma": 0.6317519445684096}, "datetime": {"datetime": "2021-06-19 14:43:39", "elapsed": 2848.174175, "delta": 9.370538}}
{"target": -9.878085039682432, "params": {"C": 9.826888843774743, "gamma": 0.6722175169226137}, "datetime": {"datetime": "2021-06-19 14:43:48", "elapsed": 2856.691025, "delta": 8.51685}}
{"target": -9.876066801609543, "params": {"C": 9.873883305499039, "gamma": 0.6579432176571076}, "datetime": {"datetime": "2021-06-19 14:43:54", "elapsed": 2863.196433, "delta": 6.505408}}
{"target": -9.877157949326243, "params": {"C": 9.920260031855301, "gamma": 0.6246211309579969}, "datetime": {"datetime": "2021-06-19 14:44:00", "elapsed": 2869.11754, "delta": 5.921107}}
{"target": -9.873136192742054, "params": {"C": 9.976324709766555, "gamma": 0.6482175467504816}, "datetime": {"datetime": "2021-06-19 14:44:11", "elapsed": 2879.971613, "delta": 10.854073}}
{"target": -9.875682405018212, "params": {"C": 9.918814111077918, "gamma": 0.6410314066279147}, "datetime": {"datetime": "2021-06-19 14:44:17", "elapsed": 2885.845247, "delta": 5.873634}}
{"target": -9.873346626047494, "params": {"C": 9.991904302580938, "gamma": 0.6668119200556638}, "datetime": {"datetime": "2021-06-19 14:44:25", "elapsed": 2894.355921, "delta": 8.510674}}
{"target": -9.87382770358656, "params": {"C": 9.952949911769714, "gamma": 0.6479373664087393}, "datetime": {"datetime": "2021-06-19 14:44:38", "elapsed": 2907.404518, "delta": 13.048597}}
{"target": -11.925686167130735, "params": {"C": 5.168137961992274, "gamma": 6.643145626139988}, "datetime": {"datetime": "2021-06-19 14:44:42", "elapsed": 2911.344232, "delta": 3.939714}}
{"target": -9.87346847381006, "params": {"C": 9.98211566836634, "gamma": 0.6428863125230612}, "datetime": {"datetime": "2021-06-19 14:44:54", "elapsed": 2923.003417, "delta": 11.659185}}
{"target": -9.879730275493555, "params": {"C": 9.758454220460658, "gamma": 0.668677206809111}, "datetime": {"datetime": "2021-06-19 14:45:03", "elapsed": 2932.135901, "delta": 9.132484}}
{"target": -9.875039620843992, "params": {"C": 9.914325448481273, "gamma": 0.6639342481589844}, "datetime": {"datetime": "2021-06-19 14:45:09", "elapsed": 2937.947628, "delta": 5.811727}}
{"target": -9.875069143734065, "params": {"C": 9.90535971783068, "gamma": 0.6529092095551171}, "datetime": {"datetime": "2021-06-19 14:45:17", "elapsed": 2946.026913, "delta": 8.079285}}
{"target": -9.876115446418687, "params": {"C": 9.868076159120486, "gamma": 0.6547431919049228}, "datetime": {"datetime": "2021-06-19 14:45:22", "elapsed": 2950.94028, "delta": 4.913367}}
{"target": -9.876723078884964, "params": {"C": 9.96014020066455, "gamma": 0.611484735420728}, "datetime": {"datetime": "2021-06-19 14:45:33", "elapsed": 2961.711515, "delta": 10.771235}}
{"target": -9.874634236646045, "params": {"C": 9.926805603749644, "gamma": 0.6614924378791008}, "datetime": {"datetime": "2021-06-19 14:45:40", "elapsed": 2969.163344, "delta": 7.451829}}
{"target": -9.879283518685394, "params": {"C": 9.993545121094215, "gamma": 0.6918310899724534}, "datetime": {"datetime": "2021-06-19 14:45:49", "elapsed": 2977.757218, "delta": 8.593874}}
{"target": -13.223750006937351, "params": {"C": 2.781363483446895, "gamma": 8.210128412218989}, "datetime": {"datetime": "2021-06-19 14:45:54", "elapsed": 2982.610156, "delta": 4.852938}}
{"target": -9.873588964026771, "params": {"C": 9.958479008833478, "gamma": 0.6561046793970473}, "datetime": {"datetime": "2021-06-19 14:46:03", "elapsed": 2991.796599, "delta": 9.186443}}
{"target": -9.877607376047301, "params": {"C": 9.818254901056301, "gamma": 0.6548988816848264}, "datetime": {"datetime": "2021-06-19 14:46:11", "elapsed": 3000.292252, "delta": 8.495653}}
{"target": -9.878486836285234, "params": {"C": 9.88186116801929, "gamma": 0.6216460897899011}, "datetime": {"datetime": "2021-06-19 14:46:22", "elapsed": 3010.915938, "delta": 10.623686}}
{"target": -9.877309985783123, "params": {"C": 9.847347826606756, "gamma": 0.6464857923734517}, "datetime": {"datetime": "2021-06-19 14:46:34", "elapsed": 3023.171585, "delta": 12.255647}}
{"target": -9.875656904536513, "params": {"C": 9.88946173861094, "gamma": 0.6591380873039583}, "datetime": {"datetime": "2021-06-19 14:46:41", "elapsed": 3029.636176, "delta": 6.464591}}
{"target": -9.882105485651744, "params": {"C": 9.747521352785872, "gamma": 0.628128706264981}, "datetime": {"datetime": "2021-06-19 14:46:56", "elapsed": 3044.852024, "delta": 15.215848}}
{"target": -9.875718535941044, "params": {"C": 9.910769152349628, "gamma": 0.6429033907742412}, "datetime": {"datetime": "2021-06-19 14:47:02", "elapsed": 3050.933282, "delta": 6.081258}}
{"target": -9.877764010516866, "params": {"C": 9.847007811781754, "gamma": 0.6731899446816747}, "datetime": {"datetime": "2021-06-19 14:47:16", "elapsed": 3065.43834, "delta": 14.505058}}
{"target": -9.87919432472955, "params": {"C": 9.818554796757633, "gamma": 0.6374260827071573}, "datetime": {"datetime": "2021-06-19 14:47:26", "elapsed": 3075.555821, "delta": 10.117481}}
{"target": -9.875217018344753, "params": {"C": 9.995296635844795, "gamma": 0.6207277173657065}, "datetime": {"datetime": "2021-06-19 14:47:37", "elapsed": 3085.798268, "delta": 10.242447}}
{"target": -10.303193123725524, "params": {"C": 9.145740443175212, "gamma": 1.9320748768516396}, "datetime": {"datetime": "2021-06-19 14:47:41", "elapsed": 3090.004538, "delta": 4.20627}}
{"target": -9.87666479428904, "params": {"C": 9.856213635274795, "gamma": 0.6607352958251252}, "datetime": {"datetime": "2021-06-19 14:47:53", "elapsed": 3102.355556, "delta": 12.351018}}
{"target": -9.873578236752765, "params": {"C": 9.955570001214237, "gamma": 0.6528239657490248}, "datetime": {"datetime": "2021-06-19 14:48:12", "elapsed": 3120.819361, "delta": 18.463805}}
{"target": -9.876950705657281, "params": {"C": 9.944774203613683, "gamma": 0.6162142252250861}, "datetime": {"datetime": "2021-06-19 14:48:27", "elapsed": 3135.998183, "delta": 15.178822}}
{"target": -9.878631824999498, "params": {"C": 9.796491746360683, "gamma": 0.6491025259959874}, "datetime": {"datetime": "2021-06-19 14:48:42", "elapsed": 3150.809868, "delta": 14.811685}}
{"target": -9.876096655357312, "params": {"C": 9.877117233642903, "gamma": 0.6485368876430965}, "datetime": {"datetime": "2021-06-19 14:48:55", "elapsed": 3164.225392, "delta": 13.415524}}
{"target": -9.876289762818203, "params": {"C": 9.86669693247264, "gamma": 0.6584268269141682}, "datetime": {"datetime": "2021-06-19 14:49:08", "elapsed": 3177.385158, "delta": 13.159766}}
{"target": -9.875246580117034, "params": {"C": 9.970027366297918, "gamma": 0.6298545494948814}, "datetime": {"datetime": "2021-06-19 14:49:25", "elapsed": 3193.875759, "delta": 16.490601}}
{"target": -9.873296866703955, "params": {"C": 9.966644550082947, "gamma": 0.6516751681684952}, "datetime": {"datetime": "2021-06-19 14:49:41", "elapsed": 3210.065774, "delta": 16.190015}}
{"target": -9.87753313372044, "params": {"C": 9.895130548753128, "gamma": 0.6295836218196116}, "datetime": {"datetime": "2021-06-19 14:49:47", "elapsed": 3216.014339, "delta": 5.948565}}
{"target": -17.186275128143723, "params": {"C": 0.6438463987130798, "gamma": 9.564533870412285}, "datetime": {"datetime": "2021-06-19 14:49:51", "elapsed": 3220.218249, "delta": 4.20391}}
{"target": -10.860335026737209, "params": {"C": 3.700400391454516, "gamma": 1.699291031286281}, "datetime": {"datetime": "2021-06-19 14:49:57", "elapsed": 3225.752073, "delta": 5.533824}}
{"target": -29.07782708057561, "params": {"C": 0.035487986599171885, "gamma": 8.561592403041153}, "datetime": {"datetime": "2021-06-19 14:50:06", "elapsed": 3235.270403, "delta": 9.51833}}
{"target": -9.879305913529844, "params": {"C": 9.843839052576751, "gamma": 0.6265433248618204}, "datetime": {"datetime": "2021-06-19 14:50:12", "elapsed": 3241.484321, "delta": 6.213918}}
{"target": -9.910571931229718, "params": {"C": 9.360109469123653, "gamma": 0.5869762287967134}, "datetime": {"datetime": "2021-06-19 14:50:21", "elapsed": 3250.063996, "delta": 8.579675}}
{"target": -9.897185165509956, "params": {"C": 9.196295244438087, "gamma": 0.6640266617093664}, "datetime": {"datetime": "2021-06-19 14:50:30", "elapsed": 3259.439926, "delta": 9.37593}}
{"target": -9.878166856063817, "params": {"C": 9.953394566727987, "gamma": 0.6837867658239937}, "datetime": {"datetime": "2021-06-19 14:50:37", "elapsed": 3266.209855, "delta": 6.769929}}
{"target": -12.714999408511375, "params": {"C": 5.336311486310064, "gamma": 9.70974216363815}, "datetime": {"datetime": "2021-06-19 14:50:42", "elapsed": 3270.786819, "delta": 4.576964}}
{"target": -9.879831655322572, "params": {"C": 9.792819092045915, "gamma": 0.6391824336133052}, "datetime": {"datetime": "2021-06-19 14:50:49", "elapsed": 3278.146661, "delta": 7.359842}}
{"target": -9.873364797435611, "params": {"C": 9.96889174895507, "gamma": 0.6478442924242039}, "datetime": {"datetime": "2021-06-19 14:50:58", "elapsed": 3287.129236, "delta": 8.982575}}
{"target": -9.875114390148203, "params": {"C": 9.919526671815184, "gamma": 0.6455762899689322}, "datetime": {"datetime": "2021-06-19 14:51:14", "elapsed": 3303.417173, "delta": 16.287937}}
{"target": -9.874789289530748, "params": {"C": 9.964501236618176, "gamma": 0.6362311669740368}, "datetime": {"datetime": "2021-06-19 14:51:23", "elapsed": 3311.723426, "delta": 8.306253}}
{"target": -9.874512276673844, "params": {"C": 9.961101657267848, "gamma": 0.669637079859821}, "datetime": {"datetime": "2021-06-19 14:51:31", "elapsed": 3320.112193, "delta": 8.388767}}
{"target": -9.874616812537482, "params": {"C": 9.924282682144401, "gamma": 0.6578069282108375}, "datetime": {"datetime": "2021-06-19 14:51:38", "elapsed": 3326.991198, "delta": 6.879005}}
{"target": -9.875278557246046, "params": {"C": 9.950151967118936, "gamma": 0.6357856746018279}, "datetime": {"datetime": "2021-06-19 14:51:47", "elapsed": 3336.138955, "delta": 9.147757}}
{"target": -14.27806560919568, "params": {"C": 1.861884945486085, "gamma": 9.293935168447499}, "datetime": {"datetime": "2021-06-19 14:51:52", "elapsed": 3341.343774, "delta": 5.204819}}
{"target": -9.880437758040596, "params": {"C": 9.809235581344474, "gamma": 0.6250584966941002}, "datetime": {"datetime": "2021-06-19 14:52:14", "elapsed": 3363.210358, "delta": 21.866584}}
{"target": -9.87841916540052, "params": {"C": 9.970941077937157, "gamma": 0.6861269098856649}, "datetime": {"datetime": "2021-06-19 14:52:26", "elapsed": 3375.067508, "delta": 11.85715}}
{"target": -9.882472228455866, "params": {"C": 9.902568930844643, "gamma": 0.6991564749029326}, "datetime": {"datetime": "2021-06-19 14:52:34", "elapsed": 3383.054082, "delta": 7.986574}}
{"target": -9.878054781995043, "params": {"C": 9.831861137282162, "gamma": 0.6727576311182575}, "datetime": {"datetime": "2021-06-19 14:52:43", "elapsed": 3391.678846, "delta": 8.624764}}
{"target": -9.877638000856912, "params": {"C": 9.894082154207373, "gamma": 0.6286718684865151}, "datetime": {"datetime": "2021-06-19 14:52:49", "elapsed": 3398.556589, "delta": 6.877743}}
{"target": -9.88003680803569, "params": {"C": 9.74482832920232, "gamma": 0.6646345321158819}, "datetime": {"datetime": "2021-06-19 14:53:03", "elapsed": 3412.476792, "delta": 13.920203}}
{"target": -9.880883289260133, "params": {"C": 9.91263155742767, "gamma": 0.6038694118045518}, "datetime": {"datetime": "2021-06-19 14:53:29", "elapsed": 3438.244164, "delta": 25.767372}}
{"target": -9.8737216609925, "params": {"C": 9.979533926489685, "gamma": 0.6673612678580929}, "datetime": {"datetime": "2021-06-19 14:53:36", "elapsed": 3445.342274, "delta": 7.09811}}
{"target": -9.876844130006132, "params": {"C": 9.8514266728381, "gamma": 0.6622157370734468}, "datetime": {"datetime": "2021-06-19 14:53:53", "elapsed": 3461.97614, "delta": 16.633866}}
{"target": -9.879288919670296, "params": {"C": 9.766277662663608, "gamma": 0.6517434230986914}, "datetime": {"datetime": "2021-06-19 14:54:05", "elapsed": 3473.59604, "delta": 11.6199}}
{"target": -9.872757404974088, "params": {"C": 9.991260870932189, "gamma": 0.6610343383048732}, "datetime": {"datetime": "2021-06-19 14:54:13", "elapsed": 3482.521472, "delta": 8.925432}}
{"target": -9.874321751514202, "params": {"C": 9.955103358412792, "gamma": 0.6428751911056435}, "datetime": {"datetime": "2021-06-19 14:54:25", "elapsed": 3494.175877, "delta": 11.654405}}
{"target": -9.874774617823265, "params": {"C": 9.969377975412216, "gamma": 0.6349394175054417}, "datetime": {"datetime": "2021-06-19 14:54:34", "elapsed": 3503.374045, "delta": 9.198168}}
{"target": -9.874847415602375, "params": {"C": 9.91757059982821, "gamma": 0.6591522827822746}, "datetime": {"datetime": "2021-06-19 14:54:49", "elapsed": 3518.077782, "delta": 14.703737}}
{"target": -9.87776908082645, "params": {"C": 9.819401114916987, "gamma": 0.6500630745575883}, "datetime": {"datetime": "2021-06-19 14:55:08", "elapsed": 3536.969028, "delta": 18.891246}}
{"target": -9.875364573842106, "params": {"C": 9.976345882668328, "gamma": 0.6262570928614644}, "datetime": {"datetime": "2021-06-19 14:55:22", "elapsed": 3551.560108, "delta": 14.59108}}
{"target": -9.875071977581493, "params": {"C": 9.913763679054789, "gamma": 0.6651762747274974}, "datetime": {"datetime": "2021-06-19 14:55:34", "elapsed": 3563.145044, "delta": 11.584936}}
{"target": -9.879230167529869, "params": {"C": 9.832742202049863, "gamma": 0.6320409691897677}, "datetime": {"datetime": "2021-06-19 14:55:42", "elapsed": 3571.572016, "delta": 8.426972}}
{"target": -9.88522046723708, "params": {"C": 9.787356261448986, "gamma": 0.701930372435816}, "datetime": {"datetime": "2021-06-19 14:55:49", "elapsed": 3577.668955, "delta": 6.096939}}
{"target": -9.879890279634555, "params": {"C": 9.771825647611944, "gamma": 0.645089710341745}, "datetime": {"datetime": "2021-06-19 14:56:02", "elapsed": 3590.933157, "delta": 13.264202}}
{"target": -9.876178810909089, "params": {"C": 9.901228968967645, "gamma": 0.6712856811413839}, "datetime": {"datetime": "2021-06-19 14:56:15", "elapsed": 3604.117389, "delta": 13.184232}}
{"target": -9.876205811471367, "params": {"C": 9.875188189011757, "gamma": 0.665048147114502}, "datetime": {"datetime": "2021-06-19 14:56:22", "elapsed": 3611.343825, "delta": 7.226436}}
{"target": -9.876474156488129, "params": {"C": 9.893938874259868, "gamma": 0.6409405054634266}, "datetime": {"datetime": "2021-06-19 14:56:38", "elapsed": 3627.290966, "delta": 15.947141}}
{"target": -9.882547579683724, "params": {"C": 9.704956217130938, "gamma": 0.6819315605106911}, "datetime": {"datetime": "2021-06-19 14:56:49", "elapsed": 3638.389472, "delta": 11.098506}}
{"target": -9.875930682079153, "params": {"C": 9.986557818713074, "gamma": 0.6125151035974463}, "datetime": {"datetime": "2021-06-19 14:57:05", "elapsed": 3654.260654, "delta": 15.871182}}
{"target": -9.87632910003939, "params": {"C": 9.861186151033019, "gamma": 0.6545600594908063}, "datetime": {"datetime": "2021-06-19 14:57:27", "elapsed": 3675.609226, "delta": 21.348572}}
{"target": -9.87721429774684, "params": {"C": 9.841727659537698, "gamma": 0.6663800224740377}, "datetime": {"datetime": "2021-06-19 14:57:36", "elapsed": 3684.595924, "delta": 8.986698}}
{"target": -9.87473598717289, "params": {"C": 9.916704316817743, "gamma": 0.6527844778765562}, "datetime": {"datetime": "2021-06-19 14:57:42", "elapsed": 3691.280647, "delta": 6.684723}}
{"target": -12.449781736035353, "params": {"C": 5.035017670379291, "gamma": 8.478038970428738}, "datetime": {"datetime": "2021-06-19 14:57:47", "elapsed": 3695.960297, "delta": 4.67965}}
{"target": -9.874676463673493, "params": {"C": 9.918246486738036, "gamma": 0.6545202665705896}, "datetime": {"datetime": "2021-06-19 14:58:06", "elapsed": 3714.642869, "delta": 18.682572}}
{"target": -9.874629797193691, "params": {"C": 9.924584083360498, "gamma": 0.6489486093167415}, "datetime": {"datetime": "2021-06-19 14:58:14", "elapsed": 3723.212843, "delta": 8.569974}}
{"target": -9.878356236607297, "params": {"C": 9.798328024210292, "gamma": 0.6610686977583557}, "datetime": {"datetime": "2021-06-19 14:58:26", "elapsed": 3735.257992, "delta": 12.045149}}
