{"target": -9.8828717203697, "params": {"C": 9.699148955692388, "gamma": 0.6380543920699018}, "datetime": {"datetime": "2021-06-19 14:12:25", "elapsed": 973.627201, "delta": 3.669009}}
{"target": -9.877376853105705, "params": {"C": 9.93795744791861, "gamma": 0.610784969581754}, "datetime": {"datetime": "2021-06-19 14:12:29", "elapsed": 977.602462, "delta": 3.975261}}
{"target": -9.875717231524993, "params": {"C": 9.889363504512461, "gamma": 0.6484190678150882}, "datetime": {"datetime": "2021-06-19 14:12:32", "elapsed": 981.526083, "delta": 3.923621}}
{"target": -9.87757922268985, "params": {"C": 9.880023750699852, "gamma": 0.6767724403326236}, "datetime": {"datetime": "2021-06-19 14:12:36", "elapsed": 984.944651, "delta": 3.418568}}
{"target": -9.88045478508175, "params": {"C": 9.836911015055469, "gamma": 0.6849510718153263}, "datetime": {"datetime": "2021-06-19 14:12:41", "elapsed": 989.753035, "delta": 4.808384}}
{"target": -9.879238629947835, "params": {"C": 9.815074379162706, "gamma": 0.6778034680135834}, "datetime": {"datetime": "2021-06-19 14:12:45", "elapsed": 994.375437, "delta": 4.622402}}
{"target": -9.880927873165549, "params": {"C": 9.788662802012214, "gamma": 0.627100226844988}, "datetime": {"datetime": "2021-06-19 14:12:49", "elapsed": 997.85792, "delta": 3.482483}}
{"target": -9.87743625611559, "params": {"C": 9.834943554429566, "gamma": 0.6678539202344022}, "datetime": {"datetime": "2021-06-19 14:12:53", "elapsed": 1002.042405, "delta": 4.184485}}
{"target": -9.88636374075917, "params": {"C": 9.70868071071399, "gamma": 0.7002914970720249}, "datetime": {"datetime": "2021-06-19 14:12:59", "elapsed": 1008.055542, "delta": 6.013137}}
{"target": -12.503441022160327, "params": {"C": 4.020466908778472, "gamma": 7.629954811250856}, "datetime": {"datetime": "2021-06-19 14:13:01", "elapsed": 1010.51767, "delta": 2.462128}}
{"target": -12.5850652409027, "params": {"C": 3.1959173086920516, "gamma": 6.738864838677148}, "datetime": {"datetime": "2021-06-19 14:13:04", "elapsed": 1012.863068, "delta": 2.345398}}
{"target": -9.873361406197306, "params": {"C": 9.972108338781757, "gamma": 0.6461697480729292}, "datetime": {"datetime": "2021-06-19 14:13:07", "elapsed": 1016.334354, "delta": 3.471286}}
{"target": -9.87309996766463, "params": {"C": 9.98913385027998, "gamma": 0.6440396930055515}, "datetime": {"datetime": "2021-06-19 14:13:11", "elapsed": 1019.781475, "delta": 3.447121}}
{"target": -9.87423065110615, "params": {"C": 9.941990184942476, "gamma": 0.6640622030162756}, "datetime": {"datetime": "2021-06-19 14:13:14", "elapsed": 1022.916939, "delta": 3.135464}}
{"target": -9.875383057742528, "params": {"C": 9.896766807954325, "gamma": 0.6571260105233794}, "datetime": {"datetime": "2021-06-19 14:13:17", "elapsed": 1025.892054, "delta": 2.975115}}
{"target": -9.884447565186912, "params": {"C": 9.660736347905269, "gamma": 0.6329824457928629}, "datetime": {"datetime": "2021-06-19 14:13:20", "elapsed": 1028.810856, "delta": 2.918802}}
{"target": -9.87830917391592, "params": {"C": 9.795483184956321, "gamma": 0.657711260725477}, "datetime": {"datetime": "2021-06-19 14:13:25", "elapsed": 1034.213652, "delta": 5.402796}}
{"target": -10.78118935927155, "params": {"C": 9.614774468482224, "gamma": 4.578880374044725}, "datetime": {"datetime": "2021-06-19 14:13:27", "elapsed": 1036.450668, "delta": 2.237016}}
{"target": -9.874595050016502, "params": {"C": 9.963922553442961, "gamma": 0.6381805124622192}, "datetime": {"datetime": "2021-06-19 14:13:30", "elapsed": 1039.171709, "delta": 2.721041}}
{"target": -9.873802544160554, "params": {"C": 9.980788021043058, "gamma": 0.6680493915226532}, "datetime": {"datetime": "2021-06-19 14:13:34", "elapsed": 1043.108111, "delta": 3.936402}}
{"target": -9.874803524778825, "params": {"C": 9.927688773837792, "gamma": 0.645974667329978}, "datetime": {"datetime": "2021-06-19 14:13:38", "elapsed": 1047.574102, "delta": 4.465991}}
{"target": -9.873518305001534, "params": {"C": 9.959930511825302, "gamma": 0.6551758396719355}, "datetime": {"datetime": "2021-06-19 14:13:44", "elapsed": 1052.613805, "delta": 5.039703}}
{"target": -9.88138473350994, "params": {"C": 9.744971155784107, "gamma": 0.6386238748390859}, "datetime": {"datetime": "2021-06-19 14:13:50", "elapsed": 1059.262751, "delta": 6.648946}}
{"target": -9.876143062183171, "params": {"C": 9.94452238806969, "gamma": 0.6283771914938674}, "datetime": {"datetime": "2021-06-19 14:13:54", "elapsed": 1063.426594, "delta": 4.163843}}
{"target": -9.880399190587237, "params": {"C": 9.798081905768184, "gamma": 0.6306185996612927}, "datetime": {"datetime": "2021-06-19 14:13:58", "elapsed": 1067.547715, "delta": 4.121121}}
{"target": -9.878029846102834, "params": {"C": 9.878537721815663, "gamma": 0.6296511163481825}, "datetime": {"datetime": "2021-06-19 14:14:03", "elapsed": 1072.038281, "delta": 4.490566}}
{"target": -9.876980259334088, "params": {"C": 9.890624422292632, "gamma": 0.6748685771400614}, "datetime": {"datetime": "2021-06-19 14:14:07", "elapsed": 1076.57527, "delta": 4.536989}}
{"target": -9.879709046517009, "params": {"C": 9.919578717157647, "gamma": 0.6877961001238511}, "datetime": {"datetime": "2021-06-19 14:14:11", "elapsed": 1080.591184, "delta": 4.015914}}
{"target": -9.876463044906108, "params": {"C": 9.967461648983724, "gamma": 0.6779559369332998}, "datetime": {"datetime": "2021-06-19 14:14:15", "elapsed": 1083.876853, "delta": 3.285669}}
{"target": -9.94468935654308, "params": {"C": 8.96765848372104, "gamma": 0.5546485133778257}, "datetime": {"datetime": "2021-06-19 14:14:19", "elapsed": 1087.952597, "delta": 4.075744}}
{"target": -11.834417090539798, "params": {"C": 2.31880035392718, "gamma": 0.4181773561210714}, "datetime": {"datetime": "2021-06-19 14:14:21", "elapsed": 1090.394387, "delta": 2.44179}}
{"target": -10.020117162056406, "params": {"C": 8.689125778927561, "gamma": 1.0130993892051496}, "datetime": {"datetime": "2021-06-19 14:14:24", "elapsed": 1092.912351, "delta": 2.517964}}
{"target": -9.91165842957281, "params": {"C": 8.770234372095281, "gamma": 0.6729800574905389}, "datetime": {"datetime": "2021-06-19 14:14:28", "elapsed": 1097.482192, "delta": 4.569841}}
{"target": -9.878470472403487, "params": {"C": 9.918765856069902, "gamma": 0.6079986832534301}, "datetime": {"datetime": "2021-06-19 14:14:32", "elapsed": 1100.942626, "delta": 3.460434}}
{"target": -14.095006156970461, "params": {"C": 1.7972372953425335, "gamma": 8.43846030448765}, "datetime": {"datetime": "2021-06-19 14:14:34", "elapsed": 1103.570432, "delta": 2.627806}}
{"target": -9.875754070358925, "params": {"C": 9.895024226528994, "gamma": 0.6467126181582646}, "datetime": {"datetime": "2021-06-19 14:14:42", "elapsed": 1110.795793, "delta": 7.225361}}
{"target": -9.877189827551305, "params": {"C": 9.848915673098801, "gamma": 0.647060571884036}, "datetime": {"datetime": "2021-06-19 14:14:46", "elapsed": 1115.233228, "delta": 4.437435}}
{"target": -9.877001742530615, "params": {"C": 9.846470663218943, "gamma": 0.6491972980581474}, "datetime": {"datetime": "2021-06-19 14:14:52", "elapsed": 1121.214141, "delta": 5.980913}}
{"target": -9.878076686775463, "params": {"C": 9.8744972013494, "gamma": 0.6305850159916182}, "datetime": {"datetime": "2021-06-19 14:14:58", "elapsed": 1126.766276, "delta": 5.552135}}
{"target": -9.87591759252623, "params": {"C": 9.910459672085466, "gamma": 0.6710094249948955}, "datetime": {"datetime": "2021-06-19 14:15:04", "elapsed": 1132.65709, "delta": 5.890814}}
{"target": -9.927522337507435, "params": {"C": 9.995119371768764, "gamma": 0.8879709821521116}, "datetime": {"datetime": "2021-06-19 14:15:09", "elapsed": 1137.992198, "delta": 5.335108}}
{"target": -9.95502239918383, "params": {"C": 8.069890972973527, "gamma": 0.6061092784913142}, "datetime": {"datetime": "2021-06-19 14:15:13", "elapsed": 1142.047815, "delta": 4.055617}}
{"target": -9.875121818992817, "params": {"C": 9.925666036246142, "gamma": 0.6682763023272754}, "datetime": {"datetime": "2021-06-19 14:15:19", "elapsed": 1148.084342, "delta": 6.036527}}
{"target": -9.878744949453477, "params": {"C": 9.824385346710278, "gamma": 0.6760189645330428}, "datetime": {"datetime": "2021-06-19 14:15:26", "elapsed": 1155.018188, "delta": 6.933846}}
{"target": -9.876811289397729, "params": {"C": 9.887775807200484, "gamma": 0.6396238729306971}, "datetime": {"datetime": "2021-06-19 14:15:32", "elapsed": 1160.98033, "delta": 5.962142}}
{"target": -9.875370196439839, "params": {"C": 9.977207368386734, "gamma": 0.6258684673944694}, "datetime": {"datetime": "2021-06-19 14:15:38", "elapsed": 1166.995093, "delta": 6.014763}}
{"target": -9.877623939759724, "params": {"C": 9.825335651705949, "gamma": 0.6496884714674599}, "datetime": {"datetime": "2021-06-19 14:15:43", "elapsed": 1172.033754, "delta": 5.038661}}
{"target": -9.887628827772762, "params": {"C": 9.501144122659571, "gamma": 0.6733885569792236}, "datetime": {"datetime": "2021-06-19 14:15:47", "elapsed": 1176.086739, "delta": 4.052985}}
{"target": -9.877055220925806, "params": {"C": 9.99999977110901, "gamma": 0.6824933657540887}, "datetime": {"datetime": "2021-06-19 14:15:51", "elapsed": 1180.089459, "delta": 4.00272}}
{"target": -9.877519567218757, "params": {"C": 9.934544755856644, "gamma": 0.609362632771781}, "datetime": {"datetime": "2021-06-19 14:15:56", "elapsed": 1185.056039, "delta": 4.96658}}
{"target": -9.873926657294795, "params": {"C": 9.98719615979104, "gamma": 0.6377029168738457}, "datetime": {"datetime": "2021-06-19 14:16:01", "elapsed": 1190.009841, "delta": 4.953802}}
{"target": -9.87405718915523, "params": {"C": 9.98693252555853, "gamma": 0.6366009611101817}, "datetime": {"datetime": "2021-06-19 14:16:06", "elapsed": 1195.14698, "delta": 5.137139}}
{"target": -9.874181122489095, "params": {"C": 9.990336361728978, "gamma": 0.6709020201759818}, "datetime": {"datetime": "2021-06-19 14:16:14", "elapsed": 1203.010311, "delta": 7.863331}}
{"target": -9.877794019698795, "params": {"C": 9.878453190691083, "gamma": 0.6774637795831445}, "datetime": {"datetime": "2021-06-19 14:16:21", "elapsed": 1210.390475, "delta": 7.380164}}
{"target": -9.888841393092152, "params": {"C": 9.521780359455416, "gamma": 0.6935663653005787}, "datetime": {"datetime": "2021-06-19 14:16:25", "elapsed": 1213.660485, "delta": 3.27001}}
{"target": -9.876138980127577, "params": {"C": 9.968692202457577, "gamma": 0.6184073977576376}, "datetime": {"datetime": "2021-06-19 14:16:29", "elapsed": 1217.867486, "delta": 4.207001}}
{"target": -9.873658210362949, "params": {"C": 9.961329999665018, "gamma": 0.6634672274518117}, "datetime": {"datetime": "2021-06-19 14:16:33", "elapsed": 1221.822292, "delta": 3.954806}}
{"target": -9.893788784069141, "params": {"C": 9.75282962283462, "gamma": 0.5897616434198782}, "datetime": {"datetime": "2021-06-19 14:16:37", "elapsed": 1225.873893, "delta": 4.051601}}
{"target": -9.87298925286237, "params": {"C": 9.999446222431173, "gamma": 0.642358128399248}, "datetime": {"datetime": "2021-06-19 14:16:43", "elapsed": 1231.795242, "delta": 5.921349}}
{"target": -9.880891195171806, "params": {"C": 9.774276491544056, "gamma": 0.6336998949181165}, "datetime": {"datetime": "2021-06-19 14:16:50", "elapsed": 1239.487058, "delta": 7.691816}}
{"target": -9.875373808628513, "params": {"C": 9.984888117922733, "gamma": 0.622841637529117}, "datetime": {"datetime": "2021-06-19 14:16:54", "elapsed": 1242.707629, "delta": 3.220571}}
{"target": -9.873574714746683, "params": {"C": 9.959888695279114, "gamma": 0.6569919751086768}, "datetime": {"datetime": "2021-06-19 14:16:58", "elapsed": 1246.869968, "delta": 4.162339}}
{"target": -9.876422642776085, "params": {"C": 9.940068388292625, "gamma": 0.6265686188201238}, "datetime": {"datetime": "2021-06-19 14:17:02", "elapsed": 1250.912559, "delta": 4.042591}}
{"target": -9.877919369892265, "params": {"C": 9.865461656436004, "gamma": 0.6355109786715669}, "datetime": {"datetime": "2021-06-19 14:17:06", "elapsed": 1254.874639, "delta": 3.96208}}
{"target": -9.879067946869547, "params": {"C": 9.995131557123402, "gamma": 0.6909533939103192}, "datetime": {"datetime": "2021-06-19 14:17:11", "elapsed": 1259.968052, "delta": 5.093413}}
{"target": -9.877680063927336, "params": {"C": 9.865634694600546, "gamma": 0.6379149759323108}, "datetime": {"datetime": "2021-06-19 14:17:16", "elapsed": 1265.036378, "delta": 5.068326}}
{"target": -9.873923643415301, "params": {"C": 9.949077582533347, "gamma": 0.6584721802657444}, "datetime": {"datetime": "2021-06-19 14:17:22", "elapsed": 1271.442092, "delta": 6.405714}}
{"target": -9.878258460536177, "params": {"C": 9.918840080386708, "gamma": 0.6083896564088763}, "datetime": {"datetime": "2021-06-19 14:17:26", "elapsed": 1274.594496, "delta": 3.152404}}
{"target": -9.875624999912791, "params": {"C": 9.909954664699578, "gamma": 0.643903099807488}, "datetime": {"datetime": "2021-06-19 14:17:32", "elapsed": 1280.960021, "delta": 6.365525}}
{"target": -9.87553993551496, "params": {"C": 9.888118358603492, "gamma": 0.6540798632179653}, "datetime": {"datetime": "2021-06-19 14:17:37", "elapsed": 1285.901563, "delta": 4.941542}}
{"target": -9.877939766593101, "params": {"C": 9.926856755040854, "gamma": 0.6084048389106532}, "datetime": {"datetime": "2021-06-19 14:17:43", "elapsed": 1291.67404, "delta": 5.772477}}
{"target": -9.879844100116511, "params": {"C": 9.99733290588211, "gamma": 0.5996973127246007}, "datetime": {"datetime": "2021-06-19 14:17:48", "elapsed": 1297.532414, "delta": 5.858374}}
{"target": -9.876436486424604, "params": {"C": 9.932595332931644, "gamma": 0.6291613474092554}, "datetime": {"datetime": "2021-06-19 14:17:55", "elapsed": 1304.100835, "delta": 6.568421}}
{"target": -9.878068271128946, "params": {"C": 9.84145978692278, "gamma": 0.6414748977825216}, "datetime": {"datetime": "2021-06-19 14:17:59", "elapsed": 1308.069191, "delta": 3.968356}}
{"target": -9.877305637777276, "params": {"C": 9.920228675208621, "gamma": 0.6781967204728332}, "datetime": {"datetime": "2021-06-19 14:18:04", "elapsed": 1312.754589, "delta": 4.685398}}
{"target": -9.877569243181735, "params": {"C": 9.99898136059037, "gamma": 0.6039136001172702}, "datetime": {"datetime": "2021-06-19 14:18:08", "elapsed": 1316.867375, "delta": 4.112786}}
{"target": -9.879367606117372, "params": {"C": 9.830679349761743, "gamma": 0.6311138373739641}, "datetime": {"datetime": "2021-06-19 14:18:12", "elapsed": 1321.456234, "delta": 4.588859}}
{"target": -9.874957891835908, "params": {"C": 9.939098976106234, "gamma": 0.6691986801980194}, "datetime": {"datetime": "2021-06-19 14:18:17", "elapsed": 1325.994035, "delta": 4.537801}}
{"target": -9.873672973985554, "params": {"C": 9.954982971157598, "gamma": 0.6556123812833646}, "datetime": {"datetime": "2021-06-19 14:18:25", "elapsed": 1334.531991, "delta": 8.537956}}
{"target": -9.873747280567272, "params": {"C": 9.97661744804334, "gamma": 0.6420344878709696}, "datetime": {"datetime": "2021-06-19 14:18:31", "elapsed": 1340.42329, "delta": 5.891299}}
{"target": -9.876771799151623, "params": {"C": 9.93691054351558, "gamma": 0.6230830653609793}, "datetime": {"datetime": "2021-06-19 14:18:36", "elapsed": 1344.782724, "delta": 4.359434}}
{"target": -13.809690643026551, "params": {"C": 0.5061341445539563, "gamma": 1.4036311561894301}, "datetime": {"datetime": "2021-06-19 14:18:38", "elapsed": 1347.404008, "delta": 2.621284}}
{"target": -12.318202074970909, "params": {"C": 1.0252724532364386, "gamma": 0.9653281954430571}, "datetime": {"datetime": "2021-06-19 14:18:43", "elapsed": 1352.31528, "delta": 4.911272}}
{"target": -9.876270445646103, "params": {"C": 9.86605154863982, "gamma": 0.651974600882797}, "datetime": {"datetime": "2021-06-19 14:18:52", "elapsed": 1361.545535, "delta": 9.230255}}
{"target": -9.875629927299418, "params": {"C": 9.987310663199102, "gamma": 0.6178903203406295}, "datetime": {"datetime": "2021-06-19 14:19:05", "elapsed": 1373.82148, "delta": 12.275945}}
{"target": -9.874725556742517, "params": {"C": 9.918731465349978, "gamma": 0.6562400706284384}, "datetime": {"datetime": "2021-06-19 14:19:11", "elapsed": 1380.151525, "delta": 6.330045}}
{"target": -11.373137104015067, "params": {"C": 9.459919457001389, "gamma": 6.546395672580108}, "datetime": {"datetime": "2021-06-19 14:19:14", "elapsed": 1382.84379, "delta": 2.692265}}
{"target": -9.875712643827605, "params": {"C": 9.891847099936644, "gamma": 0.6648501862813604}, "datetime": {"datetime": "2021-06-19 14:19:18", "elapsed": 1386.980603, "delta": 4.136813}}
{"target": -9.872890334806756, "params": {"C": 9.988266628789976, "gamma": 0.6458431515924146}, "datetime": {"datetime": "2021-06-19 14:19:23", "elapsed": 1392.04264, "delta": 5.062037}}
{"target": -9.87417385949253, "params": {"C": 9.953605240431934, "gamma": 0.6664583518072688}, "datetime": {"datetime": "2021-06-19 14:19:34", "elapsed": 1402.849671, "delta": 10.807031}}
{"target": -9.886152871410419, "params": {"C": 9.953450135328096, "gamma": 0.590307833977437}, "datetime": {"datetime": "2021-06-19 14:19:39", "elapsed": 1408.09535, "delta": 5.245679}}
{"target": -9.881428098049359, "params": {"C": 9.691316657906247, "gamma": 0.6552757175936884}, "datetime": {"datetime": "2021-06-19 14:19:44", "elapsed": 1413.383962, "delta": 5.288612}}
{"target": -9.877439498808014, "params": {"C": 9.866401870582274, "gamma": 0.6400129519536341}, "datetime": {"datetime": "2021-06-19 14:19:53", "elapsed": 1422.440766, "delta": 9.056804}}
{"target": -9.875582990085102, "params": {"C": 9.892781114900988, "gamma": 0.6599092365471927}, "datetime": {"datetime": "2021-06-19 14:19:58", "elapsed": 1426.781785, "delta": 4.341019}}
{"target": -9.873589617419357, "params": {"C": 9.991905782775195, "gamma": 0.639362618635862}, "datetime": {"datetime": "2021-06-19 14:20:05", "elapsed": 1434.113847, "delta": 7.332062}}
{"target": -9.877258681531632, "params": {"C": 9.979507108914108, "gamma": 0.6818952520486249}, "datetime": {"datetime": "2021-06-19 14:20:11", "elapsed": 1440.177615, "delta": 6.063768}}
{"target": -9.88041552641123, "params": {"C": 9.749592696260809, "gamma": 0.6752179187365613}, "datetime": {"datetime": "2021-06-19 14:20:20", "elapsed": 1449.186996, "delta": 9.009381}}
{"target": -9.880440678528036, "params": {"C": 9.883745955187988, "gamma": 0.6068339641867904}, "datetime": {"datetime": "2021-06-19 14:20:24", "elapsed": 1452.62789, "delta": 3.440894}}
{"target": -9.880148722625623, "params": {"C": 9.742763294373827, "gamma": 0.6510066259161275}, "datetime": {"datetime": "2021-06-19 14:20:29", "elapsed": 1457.900936, "delta": 5.273046}}
{"target": -9.874792477333806, "params": {"C": 9.931156091423844, "gamma": 0.6670563836382697}, "datetime": {"datetime": "2021-06-19 14:20:34", "elapsed": 1463.180969, "delta": 5.280033}}
{"target": -9.874839381998129, "params": {"C": 9.967085866494399, "gamma": 0.6349940101753138}, "datetime": {"datetime": "2021-06-19 14:20:43", "elapsed": 1471.874901, "delta": 8.693932}}
{"target": -9.879640352142697, "params": {"C": 9.830327926670375, "gamma": 0.6275849863588869}, "datetime": {"datetime": "2021-06-19 14:20:51", "elapsed": 1479.686179, "delta": 7.811278}}
{"target": -9.874185440150088, "params": {"C": 9.952350474438306, "gamma": 0.6446651263908043}, "datetime": {"datetime": "2021-06-19 14:20:57", "elapsed": 1486.290706, "delta": 6.604527}}
{"target": -9.876925864886694, "params": {"C": 9.850693171449539, "gamma": 0.648720501667225}, "datetime": {"datetime": "2021-06-19 14:21:06", "elapsed": 1495.422874, "delta": 9.132168}}
{"target": -9.874292149793751, "params": {"C": 9.957454919368598, "gamma": 0.6425109539289197}, "datetime": {"datetime": "2021-06-19 14:21:15", "elapsed": 1504.551636, "delta": 9.128762}}
{"target": -9.87852054016355, "params": {"C": 9.825307541545573, "gamma": 0.6420162061925373}, "datetime": {"datetime": "2021-06-19 14:21:22", "elapsed": 1510.979803, "delta": 6.428167}}
{"target": -9.892343890638212, "params": {"C": 9.33422232493414, "gamma": 0.6661470124509538}, "datetime": {"datetime": "2021-06-19 14:21:33", "elapsed": 1522.156272, "delta": 11.176469}}
{"target": -9.876857983500972, "params": {"C": 9.861917360767945, "gamma": 0.6463625062270582}, "datetime": {"datetime": "2021-06-19 14:21:39", "elapsed": 1528.212468, "delta": 6.056196}}
{"target": -14.953846035993038, "params": {"C": 0.6435229043654445, "gamma": 0.3124132399182593}, "datetime": {"datetime": "2021-06-19 14:21:42", "elapsed": 1531.408881, "delta": 3.196413}}
{"target": -9.887560665789323, "params": {"C": 9.616570188845909, "gamma": 0.6980191327195454}, "datetime": {"datetime": "2021-06-19 14:21:50", "elapsed": 1538.648231, "delta": 7.23935}}
{"target": -11.320046329701807, "params": {"C": 4.688267679963025, "gamma": 3.8692745780721363}, "datetime": {"datetime": "2021-06-19 14:21:53", "elapsed": 1541.799949, "delta": 3.151718}}
{"target": -9.879706333833415, "params": {"C": 9.836467101920125, "gamma": 0.6237270581777257}, "datetime": {"datetime": "2021-06-19 14:21:59", "elapsed": 1548.233741, "delta": 6.433792}}
{"target": -9.876239536725373, "params": {"C": 9.931925236865148, "gamma": 0.6749548358981208}, "datetime": {"datetime": "2021-06-19 14:22:04", "elapsed": 1553.186151, "delta": 4.95241}}
{"target": -12.936634064166629, "params": {"C": 2.2874807104327632, "gamma": 6.18434707400525}, "datetime": {"datetime": "2021-06-19 14:22:07", "elapsed": 1556.401937, "delta": 3.215786}}
{"target": -9.87847474939945, "params": {"C": 9.795980263336968, "gamma": 0.6626329124382684}, "datetime": {"datetime": "2021-06-19 14:22:12", "elapsed": 1560.648373, "delta": 4.246436}}
{"target": -9.873289681915299, "params": {"C": 9.967839757171781, "gamma": 0.6550437012748412}, "datetime": {"datetime": "2021-06-19 14:22:21", "elapsed": 1570.192323, "delta": 9.54395}}
{"target": -9.873059623368164, "params": {"C": 9.997141942806373, "gamma": 0.6423747639790521}, "datetime": {"datetime": "2021-06-19 14:22:28", "elapsed": 1577.443425, "delta": 7.251102}}
