{"target": -16.783679635670264, "params": {"C": 4.170278344825269, "gamma": 7.203272901972237}, "datetime": {"datetime": "2021-06-17 22:00:05", "elapsed": 0.0, "delta": 0.0}}
{"target": -21.07285399982753, "params": {"C": 0.001243736735967132, "gamma": 3.023395493061135}, "datetime": {"datetime": "2021-06-17 22:00:05", "elapsed": 0.302326, "delta": 0.302326}}
{"target": -39.626885656865554, "params": {"C": 1.4676442325820487, "gamma": 0.9234767138285012}, "datetime": {"datetime": "2021-06-17 22:00:06", "elapsed": 0.580392, "delta": 0.278066}}
{"target": -19.99259322570102, "params": {"C": 1.8626834877555714, "gamma": 3.4556727143577732}, "datetime": {"datetime": "2021-06-17 22:00:06", "elapsed": 0.8627, "delta": 0.282308}}
{"target": -17.13581185082918, "params": {"C": 3.9677350655592765, "gamma": 5.388213458360169}, "datetime": {"datetime": "2021-06-17 22:00:06", "elapsed": 1.16211, "delta": 0.29941}}
{"target": -16.697085368026112, "params": {"C": 4.192003224581508, "gamma": 6.852226482017556}, "datetime": {"datetime": "2021-06-17 22:00:07", "elapsed": 1.478261, "delta": 0.316151}}
{"target": -16.969139172025802, "params": {"C": 2.0446020520902013, "gamma": 8.781186552165815}, "datetime": {"datetime": "2021-06-17 22:00:07", "elapsed": 1.826599, "delta": 0.348338}}
{"target": -16.658449037436142, "params": {"C": 0.27397319321994185, "gamma": 6.704708055033004}, "datetime": {"datetime": "2021-06-17 22:00:07", "elapsed": 2.101545, "delta": 0.274946}}
{"target": -16.955258999037788, "params": {"C": 4.173106293191033, "gamma": 5.586942415474672}, "datetime": {"datetime": "2021-06-17 22:00:08", "elapsed": 2.38074, "delta": 0.279195}}
{"target": -25.803023336368437, "params": {"C": 1.4039553472584783, "gamma": 1.9810950806998795}, "datetime": {"datetime": "2021-06-17 22:00:08", "elapsed": 2.664712, "delta": 0.283972}}
{"target": -16.98671870914289, "params": {"C": 8.0074656122985, "gamma": 9.682618931036403}, "datetime": {"datetime": "2021-06-17 22:00:08", "elapsed": 2.976775, "delta": 0.312063}}
{"target": -16.714299387450886, "params": {"C": 3.134310439174613, "gamma": 6.923256924431573}, "datetime": {"datetime": "2021-06-17 22:00:08", "elapsed": 3.259644, "delta": 0.282869}}
{"target": -16.97558077991532, "params": {"C": 8.763903884045153, "gamma": 8.946077174372123}, "datetime": {"datetime": "2021-06-17 22:00:09", "elapsed": 3.538513, "delta": 0.278869}}
{"target": -58.40161098695907, "params": {"C": 0.8505336092766421, "gamma": 0.3906439268505003}, "datetime": {"datetime": "2021-06-17 22:00:09", "elapsed": 3.816766, "delta": 0.278253}}
{"target": -16.969146973644435, "params": {"C": 1.6983872126037325, "gamma": 8.781437220043788}, "datetime": {"datetime": "2021-06-17 22:00:09", "elapsed": 4.087072, "delta": 0.270306}}
{"target": -18.57507739651979, "params": {"C": 0.9835585036471176, "gamma": 4.211134139288021}, "datetime": {"datetime": "2021-06-17 22:00:09", "elapsed": 4.353224, "delta": 0.266152}}
{"target": -17.192719306586962, "params": {"C": 9.578899512552004, "gamma": 5.3316995332016734}, "datetime": {"datetime": "2021-06-17 22:00:10", "elapsed": 4.624113, "delta": 0.270889}}
{"target": -20.727079326465343, "params": {"C": 6.918801951793339, "gamma": 3.1552247584975293}, "datetime": {"datetime": "2021-06-17 22:00:10", "elapsed": 4.894404, "delta": 0.270291}}
{"target": -16.945260537466055, "params": {"C": 6.865040626723069, "gamma": 8.346273256406539}, "datetime": {"datetime": "2021-06-17 22:00:10", "elapsed": 5.232359, "delta": 0.337955}}
{"target": -16.84359079595307, "params": {"C": 0.18298094461418363, "gamma": 7.50146813501818}, "datetime": {"datetime": "2021-06-17 22:00:11", "elapsed": 5.55511, "delta": 0.322751}}
{"target": -16.840047593579587, "params": {"C": 9.888612002956057, "gamma": 7.481681727232956}, "datetime": {"datetime": "2021-06-17 22:00:11", "elapsed": 5.834053, "delta": 0.278943}}
{"target": -11.671350864642974, "params": {"C": 4.170278344825269, "gamma": 7.203272901972237}, "datetime": {"datetime": "2021-06-17 22:00:25", "elapsed": 0.0, "delta": 0.0}}
{"target": -29.15752545933036, "params": {"C": 0.001243736735967132, "gamma": 3.023395493061135}, "datetime": {"datetime": "2021-06-17 22:00:25", "elapsed": 0.278553, "delta": 0.278553}}
{"target": -9.992984526899239, "params": {"C": 1.4676442325820487, "gamma": 0.9234767138285012}, "datetime": {"datetime": "2021-06-17 22:00:25", "elapsed": 0.567232, "delta": 0.288679}}
{"target": -10.309545515360115, "params": {"C": 1.8626834877555714, "gamma": 3.4556727143577732}, "datetime": {"datetime": "2021-06-17 22:00:26", "elapsed": 0.855406, "delta": 0.288174}}
{"target": -11.016209576035312, "params": {"C": 3.9677350655592765, "gamma": 5.388213458360169}, "datetime": {"datetime": "2021-06-17 22:00:26", "elapsed": 1.119059, "delta": 0.263653}}
{"target": -11.551190323484054, "params": {"C": 4.192003224581508, "gamma": 6.852226482017556}, "datetime": {"datetime": "2021-06-17 22:00:26", "elapsed": 1.389405, "delta": 0.270346}}
{"target": -12.298840611718088, "params": {"C": 2.0446020520902013, "gamma": 8.781186552165815}, "datetime": {"datetime": "2021-06-17 22:00:27", "elapsed": 1.670943, "delta": 0.281538}}
{"target": -12.787195435294386, "params": {"C": 0.27397319321994185, "gamma": 6.704708055033004}, "datetime": {"datetime": "2021-06-17 22:00:27", "elapsed": 1.946419, "delta": 0.275476}}
{"target": -11.096862944373994, "params": {"C": 4.173106293191033, "gamma": 5.586942415474672}, "datetime": {"datetime": "2021-06-17 22:00:27", "elapsed": 2.248781, "delta": 0.302362}}
{"target": -10.119778685715184, "params": {"C": 1.4039553472584783, "gamma": 1.9810950806998795}, "datetime": {"datetime": "2021-06-17 22:00:27", "elapsed": 2.52931, "delta": 0.280529}}
{"target": -12.7682852752856, "params": {"C": 8.0074656122985, "gamma": 9.682618931036403}, "datetime": {"datetime": "2021-06-17 22:00:28", "elapsed": 2.797124, "delta": 0.267814}}
{"target": -11.614173828851602, "params": {"C": 3.134310439174613, "gamma": 6.923256924431573}, "datetime": {"datetime": "2021-06-17 22:00:28", "elapsed": 3.0634, "delta": 0.266276}}
{"target": -12.552019773081359, "params": {"C": 8.763903884045153, "gamma": 8.946077174372123}, "datetime": {"datetime": "2021-06-17 22:00:28", "elapsed": 3.345289, "delta": 0.281889}}
{"target": -10.786500327420747, "params": {"C": 0.8505336092766421, "gamma": 0.3906439268505003}, "datetime": {"datetime": "2021-06-17 22:00:29", "elapsed": 3.630486, "delta": 0.285197}}
{"target": -12.342174229246847, "params": {"C": 1.6983872126037325, "gamma": 8.781437220043788}, "datetime": {"datetime": "2021-06-17 22:00:29", "elapsed": 3.909178, "delta": 0.278692}}
{"target": -10.817035662529646, "params": {"C": 0.9835585036471176, "gamma": 4.211134139288021}, "datetime": {"datetime": "2021-06-17 22:00:29", "elapsed": 4.172312, "delta": 0.263134}}
{"target": -11.068623574663885, "params": {"C": 9.578899512552004, "gamma": 5.3316995332016734}, "datetime": {"datetime": "2021-06-17 22:00:29", "elapsed": 4.440961, "delta": 0.268649}}
{"target": -10.235092063899293, "params": {"C": 6.918801951793339, "gamma": 3.1552247584975293}, "datetime": {"datetime": "2021-06-17 22:00:30", "elapsed": 4.703881, "delta": 0.26292}}
{"target": -12.247508300069658, "params": {"C": 6.865040626723069, "gamma": 8.346273256406539}, "datetime": {"datetime": "2021-06-17 22:00:30", "elapsed": 4.964161, "delta": 0.26028}}
{"target": -13.595995841042072, "params": {"C": 0.18298094461418363, "gamma": 7.50146813501818}, "datetime": {"datetime": "2021-06-17 22:00:30", "elapsed": 5.251484, "delta": 0.287323}}
{"target": -12.028493340022676, "params": {"C": 9.888612002956057, "gamma": 7.481681727232956}, "datetime": {"datetime": "2021-06-17 22:00:30", "elapsed": 5.554371, "delta": 0.302887}}
{"target": -11.956996584746712, "params": {"C": 2.8045118762448458, "gamma": 7.89281435658204}, "datetime": {"datetime": "2021-06-17 22:00:31", "elapsed": 5.836764, "delta": 0.282393}}
{"target": -10.87454500109163, "params": {"C": 1.0323497431757624, "gamma": 4.4789904724064336}, "datetime": {"datetime": "2021-06-17 22:00:31", "elapsed": 6.114042, "delta": 0.277278}}
{"target": -10.190158870107519, "params": {"C": 9.085964171380645, "gamma": 2.9362121223219577}, "datetime": {"datetime": "2021-06-17 22:00:31", "elapsed": 6.377489, "delta": 0.263447}}
{"target": -9.70196348017872, "params": {"C": 2.877824608329629, "gamma": 1.300372718325565}, "datetime": {"datetime": "2021-06-17 22:00:32", "elapsed": 6.656173, "delta": 0.278684}}
{"target": -13.25882634053459, "params": {"C": 0.19376764200718372, "gamma": 6.788387445845616}, "datetime": {"datetime": "2021-06-17 22:00:32", "elapsed": 6.94676, "delta": 0.290587}}
{"target": -9.96829644890822, "params": {"C": 2.1163599971889906, "gamma": 2.655540039056325}, "datetime": {"datetime": "2021-06-17 22:00:32", "elapsed": 7.241954, "delta": 0.295194}}
{"target": -9.80562096279446, "params": {"C": 4.915782435487455, "gamma": 0.5337201149162921}, "datetime": {"datetime": "2021-06-17 22:00:32", "elapsed": 7.518356, "delta": 0.276402}}
{"target": -9.418250764191098, "params": {"C": 5.7412186431595815, "gamma": 1.467371076200611}, "datetime": {"datetime": "2021-06-17 22:00:33", "elapsed": 7.796349, "delta": 0.277993}}
{"target": -11.656749339280799, "params": {"C": 5.893096438479152, "gamma": 6.99761362437331}, "datetime": {"datetime": "2021-06-17 22:00:33", "elapsed": 8.068925, "delta": 0.272576}}
{"target": -10.773695638326735, "params": {"C": 1.0234340548353755, "gamma": 4.140618472596901}, "datetime": {"datetime": "2021-06-17 22:00:33", "elapsed": 8.350674, "delta": 0.281749}}
{"target": -10.555603355558086, "params": {"C": 6.9440321372616785, "gamma": 4.141851277342074}, "datetime": {"datetime": "2021-06-17 22:00:34", "elapsed": 8.628277, "delta": 0.277603}}
{"target": -11.680728362368951, "params": {"C": 0.499629594114977, "gamma": 5.359010469514524}, "datetime": {"datetime": "2021-06-17 22:00:34", "elapsed": 9.001055, "delta": 0.372778}}
{"target": -10.922320983036277, "params": {"C": 6.637980072733366, "gamma": 5.14893963167188}, "datetime": {"datetime": "2021-06-17 22:00:34", "elapsed": 9.423932, "delta": 0.422877}}
{"target": -11.318012718769069, "params": {"C": 9.445953100432535, "gamma": 5.865591749515879}, "datetime": {"datetime": "2021-06-17 22:00:35", "elapsed": 9.775617, "delta": 0.351685}}
{"target": -9.429508756881253, "params": {"C": 9.034028812687307, "gamma": 1.3748332939919607}, "datetime": {"datetime": "2021-06-17 22:00:35", "elapsed": 10.122743, "delta": 0.347126}}
{"target": -12.144691933310638, "params": {"C": 1.3928495448728604, "gamma": 8.073932147966367}, "datetime": {"datetime": "2021-06-17 22:00:35", "elapsed": 10.390029, "delta": 0.267286}}
{"target": -9.549481969222589, "params": {"C": 3.9768286021716377, "gamma": 1.653625435749616}, "datetime": {"datetime": "2021-06-17 22:00:36", "elapsed": 10.665723, "delta": 0.275694}}
{"target": -10.38385562902083, "params": {"C": 9.2750930531023, "gamma": 3.4777238208690915}, "datetime": {"datetime": "2021-06-17 22:00:36", "elapsed": 10.947138, "delta": 0.281415}}
{"target": -11.83676769582294, "params": {"C": 7.508145950151242, "gamma": 7.26000725370598}, "datetime": {"datetime": "2021-06-17 22:00:36", "elapsed": 11.307501, "delta": 0.360363}}
{"target": -11.45999675519327, "params": {"C": 8.833072581448977, "gamma": 6.236759703335383}, "datetime": {"datetime": "2021-06-17 22:00:37", "elapsed": 11.681193, "delta": 0.373692}}
{"target": -10.368803544517576, "params": {"C": 7.509449246029969, "gamma": 3.489048529944228}, "datetime": {"datetime": "2021-06-17 22:00:37", "elapsed": 12.102312, "delta": 0.421119}}
{"target": -12.311292702141493, "params": {"C": 2.6993519248610847, "gamma": 8.95887259333885}, "datetime": {"datetime": "2021-06-17 22:00:37", "elapsed": 12.367251, "delta": 0.264939}}
{"target": -12.570131825416325, "params": {"C": 4.280969089593961, "gamma": 9.64840398747914}, "datetime": {"datetime": "2021-06-17 22:00:38", "elapsed": 12.64883, "delta": 0.281579}}
{"target": -11.354689527306045, "params": {"C": 6.634448634034698, "gamma": 6.216995032519197}, "datetime": {"datetime": "2021-06-17 22:00:38", "elapsed": 12.933904, "delta": 0.285074}}
{"target": -12.700822177609497, "params": {"C": 1.1475482549364566, "gamma": 9.494897638144842}, "datetime": {"datetime": "2021-06-17 22:00:38", "elapsed": 13.225875, "delta": 0.291971}}
{"target": -11.169966449680189, "params": {"C": 4.499176343586057, "gamma": 5.783938304909879}, "datetime": {"datetime": "2021-06-17 22:00:38", "elapsed": 13.518913, "delta": 0.293038}}
{"target": -9.760181956540553, "params": {"C": 4.081427213932535, "gamma": 2.370346099732253}, "datetime": {"datetime": "2021-06-17 22:00:39", "elapsed": 13.807608, "delta": 0.288695}}
{"target": -11.243195025154138, "params": {"C": 9.033804867670481, "gamma": 5.736837498774191}, "datetime": {"datetime": "2021-06-17 22:00:39", "elapsed": 14.094329, "delta": 0.286721}}
{"target": -17.449193096453964, "params": {"C": 0.028802983278886585, "gamma": 6.171487421715876}, "datetime": {"datetime": "2021-06-17 22:00:39", "elapsed": 14.393896, "delta": 0.299567}}
{"target": -10.959271845395872, "params": {"C": 3.266516353230785, "gamma": 5.270628316765867}, "datetime": {"datetime": "2021-06-17 22:00:40", "elapsed": 14.671429, "delta": 0.277533}}
{"target": -10.408469023435947, "params": {"C": 8.859432398897814, "gamma": 3.572761873048998}, "datetime": {"datetime": "2021-06-17 22:00:40", "elapsed": 14.955413, "delta": 0.283984}}
{"target": -11.466903303882788, "params": {"C": 9.0853606556829, "gamma": 6.233638821906448}, "datetime": {"datetime": "2021-06-17 22:00:40", "elapsed": 15.251404, "delta": 0.295991}}
{"target": -14.477125656128692, "params": {"C": 0.15831084634127818, "gamma": 9.29437939371424}, "datetime": {"datetime": "2021-06-17 22:00:40", "elapsed": 15.547349, "delta": 0.295945}}
{"target": -12.813328670192195, "params": {"C": 6.909000085477488, "gamma": 9.97322877222976}, "datetime": {"datetime": "2021-06-17 22:00:41", "elapsed": 15.840243, "delta": 0.292894}}
{"target": -9.968945043668171, "params": {"C": 1.723487849402451, "gamma": 1.3714437827138146}, "datetime": {"datetime": "2021-06-17 22:00:41", "elapsed": 16.223079, "delta": 0.382836}}
{"target": -11.789524726346361, "params": {"C": 9.325961370825333, "gamma": 6.968211933082853}, "datetime": {"datetime": "2021-06-17 22:00:41", "elapsed": 16.521088, "delta": 0.298009}}
{"target": -12.251319778202454, "params": {"C": 0.6600951272033527, "gamma": 7.554654979719404}, "datetime": {"datetime": "2021-06-17 22:00:42", "elapsed": 16.857216, "delta": 0.336128}}
{"target": -12.601661576116213, "params": {"C": 7.538786496993618, "gamma": 9.230253053011278}, "datetime": {"datetime": "2021-06-17 22:00:42", "elapsed": 17.13496, "delta": 0.277744}}
{"target": -9.288636246050661, "params": {"C": 7.115276433808854, "gamma": 1.2427971926254497}, "datetime": {"datetime": "2021-06-17 22:00:42", "elapsed": 17.409482, "delta": 0.274522}}
{"target": -13.368121304474794, "params": {"C": 0.1988993503845719, "gamma": 0.262207247678505}, "datetime": {"datetime": "2021-06-17 22:00:43", "elapsed": 17.684697, "delta": 0.275215}}
{"target": -11.304113903901355, "params": {"C": 0.283162049559144, "gamma": 2.462186054923699}, "datetime": {"datetime": "2021-06-17 22:00:43", "elapsed": 17.986531, "delta": 0.301834}}
{"target": -11.052955606344263, "params": {"C": 8.600293484034012, "gamma": 5.388356760310094}, "datetime": {"datetime": "2021-06-17 22:00:43", "elapsed": 18.342591, "delta": 0.35606}}
{"target": -12.203844396642465, "params": {"C": 5.5282645046597905, "gamma": 8.420324720506821}, "datetime": {"datetime": "2021-06-17 22:00:44", "elapsed": 18.602778, "delta": 0.260187}}
{"target": -10.231363896973463, "params": {"C": 1.2418207338675995, "gamma": 2.791908871743494}, "datetime": {"datetime": "2021-06-17 22:00:44", "elapsed": 18.88401, "delta": 0.281232}}
{"target": -12.670393463594303, "params": {"C": 5.857634138655733, "gamma": 9.695960523621913}, "datetime": {"datetime": "2021-06-17 22:00:44", "elapsed": 19.182591, "delta": 0.298581}}
{"target": -10.36980957913828, "params": {"C": 5.610346089535174, "gamma": 0.1865710290004929}, "datetime": {"datetime": "2021-06-17 22:00:44", "elapsed": 19.486926, "delta": 0.304335}}
{"target": -10.045185497735213, "params": {"C": 8.006346663538896, "gamma": 2.3298194409828206}, "datetime": {"datetime": "2021-06-17 22:00:45", "elapsed": 19.768159, "delta": 0.281233}}
{"target": -10.486621151453267, "params": {"C": 8.071071245668229, "gamma": 3.8786676545773116}, "datetime": {"datetime": "2021-06-17 22:00:45", "elapsed": 20.053375, "delta": 0.285216}}
{"target": -11.979104631950024, "params": {"C": 8.63543219140883, "gamma": 7.471241715207572}, "datetime": {"datetime": "2021-06-17 22:00:45", "elapsed": 20.343176, "delta": 0.289801}}
{"target": -9.390351622404006, "params": {"C": 5.56244671588079, "gamma": 1.364638611084284}, "datetime": {"datetime": "2021-06-17 22:00:46", "elapsed": 20.634438, "delta": 0.291262}}
{"target": -10.505324847933826, "params": {"C": 0.5992709033531654, "gamma": 1.2135224230617994}, "datetime": {"datetime": "2021-06-17 22:00:46", "elapsed": 20.899361, "delta": 0.264923}}
{"target": -10.695253260186297, "params": {"C": 0.44561433025976277, "gamma": 1.0750305416480184}, "datetime": {"datetime": "2021-06-17 22:00:46", "elapsed": 21.211223, "delta": 0.311862}}
{"target": -11.723753378623817, "params": {"C": 2.2571708151446863, "gamma": 7.129918504928728}, "datetime": {"datetime": "2021-06-17 22:00:46", "elapsed": 21.493955, "delta": 0.282732}}
{"target": -10.761646836697704, "params": {"C": 5.597213848843219, "gamma": 0.1256585459931426}, "datetime": {"datetime": "2021-06-17 22:00:47", "elapsed": 21.770154, "delta": 0.276199}}
{"target": -12.978948031961233, "params": {"C": 0.7198355994668988, "gamma": 9.67276657236972}, "datetime": {"datetime": "2021-06-17 22:00:47", "elapsed": 22.075555, "delta": 0.305401}}
{"target": -9.66236100292695, "params": {"C": 5.681047809153229, "gamma": 2.0330120172864388}, "datetime": {"datetime": "2021-06-17 22:00:47", "elapsed": 22.338508, "delta": 0.262953}}
{"target": -11.821504257772231, "params": {"C": 2.523332213128777, "gamma": 7.438284158165522}, "datetime": {"datetime": "2021-06-17 22:00:48", "elapsed": 22.677204, "delta": 0.338696}}
{"target": -11.194573583726122, "params": {"C": 1.954375268145077, "gamma": 5.8136311368398506}, "datetime": {"datetime": "2021-06-17 22:00:48", "elapsed": 22.998109, "delta": 0.320905}}
{"target": -12.411376888588652, "params": {"C": 9.700202888884215, "gamma": 8.468303332020204}, "datetime": {"datetime": "2021-06-17 22:00:48", "elapsed": 23.270484, "delta": 0.272375}}
{"target": -10.835942650369287, "params": {"C": 2.398553606699947, "gamma": 4.937747765715873}, "datetime": {"datetime": "2021-06-17 22:00:48", "elapsed": 23.543975, "delta": 0.273491}}
{"target": -12.188858133024347, "params": {"C": 6.199595188241959, "gamma": 8.289826097411833}, "datetime": {"datetime": "2021-06-17 22:00:49", "elapsed": 23.816516, "delta": 0.272541}}
{"target": -11.297403686112613, "params": {"C": 1.5679982673213781, "gamma": 0.18586016415387743}, "datetime": {"datetime": "2021-06-17 22:00:49", "elapsed": 24.1126, "delta": 0.296084}}
{"target": -11.238203270591303, "params": {"C": 0.7003144349778514, "gamma": 4.863502474859224}, "datetime": {"datetime": "2021-06-17 22:00:49", "elapsed": 24.423115, "delta": 0.310515}}
{"target": -11.118481667412771, "params": {"C": 6.063333983587138, "gamma": 5.6885574857211045}, "datetime": {"datetime": "2021-06-17 22:00:50", "elapsed": 24.678478, "delta": 0.255363}}
{"target": -12.62485971561543, "params": {"C": 3.1736923569806756, "gamma": 9.886162682509047}, "datetime": {"datetime": "2021-06-17 22:00:50", "elapsed": 24.980838, "delta": 0.30236}}
{"target": -10.448876388049614, "params": {"C": 5.797494217936045, "gamma": 3.801473712118242}, "datetime": {"datetime": "2021-06-17 22:00:50", "elapsed": 25.259845, "delta": 0.279007}}
{"target": -11.819707467631451, "params": {"C": 5.509527096357056, "gamma": 7.453369775621931}, "datetime": {"datetime": "2021-06-17 22:00:50", "elapsed": 25.545719, "delta": 0.285874}}
{"target": -10.099400982350442, "params": {"C": 6.6923620112425, "gamma": 2.6492690846723277}, "datetime": {"datetime": "2021-06-17 22:00:51", "elapsed": 25.819919, "delta": 0.2742}}
{"target": -10.909344575831454, "params": {"C": 0.6634417108009728, "gamma": 3.700904970721272}, "datetime": {"datetime": "2021-06-17 22:00:51", "elapsed": 26.098936, "delta": 0.279017}}
{"target": -9.774752185338775, "params": {"C": 6.297212098464943, "gamma": 2.1018190817474047}, "datetime": {"datetime": "2021-06-17 22:00:51", "elapsed": 26.365313, "delta": 0.266377}}
{"target": -9.572874076131637, "params": {"C": 7.527580261832765, "gamma": 0.665458159893014}, "datetime": {"datetime": "2021-06-17 22:00:52", "elapsed": 26.636656, "delta": 0.271343}}
{"target": -12.019942939764666, "params": {"C": 2.603224954275552, "gamma": 8.04756516197708}, "datetime": {"datetime": "2021-06-17 22:00:52", "elapsed": 26.917237, "delta": 0.280581}}
{"target": -11.446442049970313, "params": {"C": 1.934423482805015, "gamma": 6.3946448627113135}, "datetime": {"datetime": "2021-06-17 22:00:52", "elapsed": 27.187043, "delta": 0.269806}}
{"target": -12.477508191885628, "params": {"C": 5.246750624206425, "gamma": 9.248087223196467}, "datetime": {"datetime": "2021-06-17 22:00:52", "elapsed": 27.458732, "delta": 0.271689}}
{"target": -9.868336879162054, "params": {"C": 2.633041375194061, "gamma": 0.6597043107311694}, "datetime": {"datetime": "2021-06-17 22:00:53", "elapsed": 27.735133, "delta": 0.276401}}
{"target": -12.024761681322053, "params": {"C": 7.350686126290365, "gamma": 7.721803077629513}, "datetime": {"datetime": "2021-06-17 22:00:53", "elapsed": 28.015046, "delta": 0.279913}}
