{"target": -9.347681524928333, "params": {"C": 6.010717962319427, "gamma": 1.281665112145123}, "datetime": {"datetime": "2021-06-17 22:16:09", "elapsed": 943.931123, "delta": 3.77353}}
{"target": -10.465648522305672, "params": {"C": 0.9503382286628589, "gamma": 3.053090729675164}, "datetime": {"datetime": "2021-06-17 22:16:13", "elapsed": 948.066574, "delta": 4.135451}}
{"target": -9.95515741845929, "params": {"C": 2.7719773908191345, "gamma": 2.7797644517729534}, "datetime": {"datetime": "2021-06-17 22:16:17", "elapsed": 951.828966, "delta": 3.762392}}
{"target": -11.308879774181847, "params": {"C": 8.768121542631022, "gamma": 5.900801031517869}, "datetime": {"datetime": "2021-06-17 22:16:19", "elapsed": 954.059138, "delta": 2.230172}}
{"target": -10.483930715194106, "params": {"C": 7.8570456897963625, "gamma": 3.8731534207640443}, "datetime": {"datetime": "2021-06-17 22:16:21", "elapsed": 956.227892, "delta": 2.168754}}
{"target": -23.369447781967697, "params": {"C": 8.015014752431634, "gamma": 0.0001}, "datetime": {"datetime": "2021-06-17 22:16:26", "elapsed": 960.962225, "delta": 4.734333}}
{"target": -9.844717117654564, "params": {"C": 7.583996162778995, "gamma": 0.3893596457120395}, "datetime": {"datetime": "2021-06-17 22:16:31", "elapsed": 965.862352, "delta": 4.900127}}
{"target": -9.816418694947872, "params": {"C": 8.127481167813228, "gamma": 0.4018722202983509}, "datetime": {"datetime": "2021-06-17 22:16:37", "elapsed": 971.985138, "delta": 6.122786}}
{"target": -10.441897708504586, "params": {"C": 7.794402083698635, "gamma": 3.7237798103972706}, "datetime": {"datetime": "2021-06-17 22:16:39", "elapsed": 974.175377, "delta": 2.190239}}
{"target": -10.391550041718627, "params": {"C": 7.471342244215205, "gamma": 0.1549191501566265}, "datetime": {"datetime": "2021-06-17 22:16:42", "elapsed": 977.369249, "delta": 3.193872}}
{"target": -9.687251265973138, "params": {"C": 5.927602751617781, "gamma": 2.0397963712064358}, "datetime": {"datetime": "2021-06-17 22:16:50", "elapsed": 985.068756, "delta": 7.699507}}
{"target": -9.488839226079978, "params": {"C": 4.505383469950858, "gamma": 1.5273523411635883}, "datetime": {"datetime": "2021-06-17 22:16:54", "elapsed": 988.999528, "delta": 3.930772}}
{"target": -9.684776137150163, "params": {"C": 6.45156449604005, "gamma": 1.9913382264006008}, "datetime": {"datetime": "2021-06-17 22:16:58", "elapsed": 993.439608, "delta": 4.44008}}
{"target": -9.597110251473923, "params": {"C": 3.5575281711079825, "gamma": 1.6383174964151888}, "datetime": {"datetime": "2021-06-17 22:17:03", "elapsed": 998.552243, "delta": 5.112635}}
{"target": -9.851861187025516, "params": {"C": 2.410480977322157, "gamma": 0.8490351309734349}, "datetime": {"datetime": "2021-06-17 22:17:08", "elapsed": 1002.716192, "delta": 4.163949}}
{"target": -9.337539046423444, "params": {"C": 9.070323364050388, "gamma": 0.9315541585136081}, "datetime": {"datetime": "2021-06-17 22:17:11", "elapsed": 1006.496019, "delta": 3.779827}}
{"target": -9.643471636490457, "params": {"C": 3.379551056614827, "gamma": 2.167540649417612}, "datetime": {"datetime": "2021-06-17 22:17:15", "elapsed": 1010.439164, "delta": 3.943145}}
{"target": -9.594050891753623, "params": {"C": 7.3210125312022125, "gamma": 1.7258543589457809}, "datetime": {"datetime": "2021-06-17 22:17:21", "elapsed": 1016.002235, "delta": 5.563071}}
{"target": -9.535756405073768, "params": {"C": 3.945279515423846, "gamma": 1.1417036318302864}, "datetime": {"datetime": "2021-06-17 22:17:28", "elapsed": 1023.143619, "delta": 7.141384}}
{"target": -9.296952900127978, "params": {"C": 7.252728799364004, "gamma": 1.1353853833300191}, "datetime": {"datetime": "2021-06-17 22:17:31", "elapsed": 1026.137865, "delta": 2.994246}}
{"target": -9.70907949625119, "params": {"C": 2.741961238447394, "gamma": 1.147330764114291}, "datetime": {"datetime": "2021-06-17 22:17:36", "elapsed": 1030.864332, "delta": 4.726467}}
{"target": -9.561502945862525, "params": {"C": 8.978265917946274, "gamma": 1.5742121238624291}, "datetime": {"datetime": "2021-06-17 22:17:39", "elapsed": 1033.75901, "delta": 2.894678}}
{"target": -10.192974663279971, "params": {"C": 1.1976361949300134, "gamma": 1.6437929909958247}, "datetime": {"datetime": "2021-06-17 22:17:43", "elapsed": 1038.589422, "delta": 4.830412}}
{"target": -9.957436937976892, "params": {"C": 1.754208621806542, "gamma": 0.7974795371597557}, "datetime": {"datetime": "2021-06-17 22:17:50", "elapsed": 1044.727968, "delta": 6.138546}}
{"target": -9.904361853578898, "params": {"C": 5.796120117161539, "gamma": 0.3861092864691164}, "datetime": {"datetime": "2021-06-17 22:17:56", "elapsed": 1051.384869, "delta": 6.656901}}
{"target": -9.847215838027186, "params": {"C": 7.061771476476687, "gamma": 0.3991862377473347}, "datetime": {"datetime": "2021-06-17 22:18:01", "elapsed": 1055.68412, "delta": 4.299251}}
{"target": -10.173501581421352, "params": {"C": 7.662098804748979, "gamma": 2.974600610487734}, "datetime": {"datetime": "2021-06-17 22:18:04", "elapsed": 1059.566539, "delta": 3.882419}}
{"target": -9.443938521961684, "params": {"C": 9.385234351111277, "gamma": 1.3824176639927557}, "datetime": {"datetime": "2021-06-17 22:18:09", "elapsed": 1063.682459, "delta": 4.11592}}
{"target": -9.607173662895075, "params": {"C": 7.725043556789719, "gamma": 0.6137729524874722}, "datetime": {"datetime": "2021-06-17 22:18:13", "elapsed": 1068.414309, "delta": 4.73185}}
{"target": -10.37737859507991, "params": {"C": 0.9149787796903808, "gamma": 2.607656383163645}, "datetime": {"datetime": "2021-06-17 22:18:18", "elapsed": 1073.480779, "delta": 5.06647}}
{"target": -9.969445041830646, "params": {"C": 5.466480967698262, "gamma": 2.499694373316865}, "datetime": {"datetime": "2021-06-17 22:18:23", "elapsed": 1077.905258, "delta": 4.424479}}
{"target": -9.586855338042694, "params": {"C": 5.7337582887869285, "gamma": 1.8284002902414302}, "datetime": {"datetime": "2021-06-17 22:18:28", "elapsed": 1083.075836, "delta": 5.170578}}
{"target": -10.272487604466503, "params": {"C": 9.351469381313402, "gamma": 3.1266374265222456}, "datetime": {"datetime": "2021-06-17 22:18:35", "elapsed": 1089.699519, "delta": 6.623683}}
{"target": -12.505552569019383, "params": {"C": 0.8764310701070213, "gamma": 8.661841210434842}, "datetime": {"datetime": "2021-06-17 22:18:39", "elapsed": 1094.228274, "delta": 4.528755}}
{"target": -11.930268774818334, "params": {"C": 6.416370690282939, "gamma": 7.601579156444777}, "datetime": {"datetime": "2021-06-17 22:18:45", "elapsed": 1100.392781, "delta": 6.164507}}
{"target": -13.92958616589631, "params": {"C": 6.143740813794906, "gamma": 0.01146808505696284}, "datetime": {"datetime": "2021-06-17 22:18:51", "elapsed": 1106.054559, "delta": 5.661778}}
{"target": -10.484639236464876, "params": {"C": 6.807456642418598, "gamma": 0.1423781714167605}, "datetime": {"datetime": "2021-06-17 22:18:58", "elapsed": 1113.418064, "delta": 7.363505}}
{"target": -9.489380988078087, "params": {"C": 4.837885406641742, "gamma": 1.639239006997856}, "datetime": {"datetime": "2021-06-17 22:19:03", "elapsed": 1117.989338, "delta": 4.571274}}
{"target": -9.80967786951565, "params": {"C": 6.593102521843559, "gamma": 0.4489177669930119}, "datetime": {"datetime": "2021-06-17 22:19:08", "elapsed": 1123.161828, "delta": 5.17249}}
{"target": -9.982419734038796, "params": {"C": 6.097373659172821, "gamma": 2.430558608600988}, "datetime": {"datetime": "2021-06-17 22:19:12", "elapsed": 1126.649068, "delta": 3.48724}}
{"target": -9.935533984152961, "params": {"C": 14.111922247495997, "gamma": 1.8147950089332876}, "datetime": {"datetime": "2021-06-20 15:12:52", "elapsed": 0.0, "delta": 0.0}}
{"target": -9.38500614765329, "params": {"C": 9.901155185655183, "gamma": 0.7907148029480076}, "datetime": {"datetime": "2021-06-20 15:12:53", "elapsed": 0.282998, "delta": 0.282998}}
{"target": -9.938013643490148, "params": {"C": 11.382234497252842, "gamma": 0.27622955718355463}, "datetime": {"datetime": "2021-06-20 15:12:53", "elapsed": 0.562, "delta": 0.279002}}
{"target": -9.286629235041502, "params": {"C": 11.781228134914477, "gamma": 0.896623781255467}, "datetime": {"datetime": "2021-06-20 15:12:53", "elapsed": 0.837628, "delta": 0.275628}}
{"target": -9.535068267537245, "params": {"C": 13.907351489729766, "gamma": 1.3701009983082246}, "datetime": {"datetime": "2021-06-20 15:12:53", "elapsed": 1.122627, "delta": 0.284999}}
{"target": -9.845011251161232, "params": {"C": 14.133864595473277, "gamma": 1.728787775972061}, "datetime": {"datetime": "2021-06-20 15:12:54", "elapsed": 1.420629, "delta": 0.298002}}
{"target": -10.133136717347814, "params": {"C": 11.964967722288327, "gamma": 2.2013877191578164}, "datetime": {"datetime": "2021-06-20 15:12:54", "elapsed": 1.707628, "delta": 0.286999}}
{"target": -9.667536216005988, "params": {"C": 10.176614691299054, "gamma": 1.6926453999370856}, "datetime": {"datetime": "2021-06-20 15:12:54", "elapsed": 1.992627, "delta": 0.284999}}
{"target": -9.578861161611139, "params": {"C": 14.114778503907981, "gamma": 1.4187900796920918}, "datetime": {"datetime": "2021-06-20 15:12:55", "elapsed": 2.277627, "delta": 0.285}}
{"target": -9.554761574616084, "params": {"C": 11.317908079811861, "gamma": 0.5353486482579531}, "datetime": {"datetime": "2021-06-20 15:12:55", "elapsed": 2.57263, "delta": 0.295003}}
{"target": -10.275966184411011, "params": {"C": 17.98752014362292, "gamma": 2.422240860512524}, "datetime": {"datetime": "2021-06-20 15:12:55", "elapsed": 2.852628, "delta": 0.279998}}
{"target": -9.82052635122836, "params": {"C": 13.065584199408352, "gamma": 1.7461904083898196}, "datetime": {"datetime": "2021-06-20 15:12:55", "elapsed": 3.119627, "delta": 0.266999}}
{"target": -10.258731060013215, "params": {"C": 18.751530438189988, "gamma": 2.241786325584426}, "datetime": {"datetime": "2021-06-20 15:12:56", "elapsed": 3.397628, "delta": 0.278001}}
{"target": -10.300851404653482, "params": {"C": 10.758946534834758, "gamma": 0.1456842189205618}, "datetime": {"datetime": "2021-06-20 15:12:56", "elapsed": 3.685632, "delta": 0.288004}}
{"target": -10.122916782339253, "params": {"C": 11.615287237602146, "gamma": 2.201449133402062}, "datetime": {"datetime": "2021-06-20 15:12:56", "elapsed": 3.971624, "delta": 0.285992}}
{"target": -9.303937943009103, "params": {"C": 10.893303021713805, "gamma": 1.081713681262378}, "datetime": {"datetime": "2021-06-20 15:12:57", "elapsed": 4.262628, "delta": 0.291004}}
{"target": -9.648872044289796, "params": {"C": 19.574684254520072, "gamma": 1.356254948183892}, "datetime": {"datetime": "2021-06-20 15:12:57", "elapsed": 4.556626, "delta": 0.293998}}
{"target": -9.314653523978672, "params": {"C": 16.887958850899782, "gamma": 0.8230132959648543}, "datetime": {"datetime": "2021-06-20 15:12:57", "elapsed": 4.853626, "delta": 0.297}}
{"target": -10.191823072416005, "params": {"C": 16.833659369583994, "gamma": 2.0948328961485636}, "datetime": {"datetime": "2021-06-20 15:12:57", "elapsed": 5.142626, "delta": 0.289}}
{"target": -9.827628762179682, "params": {"C": 10.084711601176338, "gamma": 1.8878535716151705}, "datetime": {"datetime": "2021-06-20 15:12:58", "elapsed": 5.43363, "delta": 0.291004}}
{"target": -11.21178970768619, "params": {"C": 18.52405947352902, "gamma": 0.05}, "datetime": {"datetime": "2021-06-20 15:12:58", "elapsed": 5.864217, "delta": 0.430587}}
{"target": -11.349159486854838, "params": {"C": 15.559590750497616, "gamma": 0.05}, "datetime": {"datetime": "2021-06-20 15:12:59", "elapsed": 6.310215, "delta": 0.445998}}
{"target": -10.293954415319623, "params": {"C": 19.954205811098845, "gamma": 2.479039961954129}, "datetime": {"datetime": "2021-06-20 15:12:59", "elapsed": 6.731215, "delta": 0.421}}
{"target": -11.512662300677677, "params": {"C": 13.223142280370714, "gamma": 0.05}, "datetime": {"datetime": "2021-06-20 15:13:00", "elapsed": 7.188217, "delta": 0.457002}}
{"target": -11.151434271359832, "params": {"C": 20.0, "gamma": 0.05}, "datetime": {"datetime": "2021-06-20 15:13:00", "elapsed": 7.738216, "delta": 0.549999}}
{"target": -9.476793513117407, "params": {"C": 17.643140759175, "gamma": 1.2059832581690482}, "datetime": {"datetime": "2021-06-20 15:13:01", "elapsed": 8.248218, "delta": 0.510002}}
{"target": -9.688561483269796, "params": {"C": 15.745548911929106, "gamma": 1.4968991426117542}, "datetime": {"datetime": "2021-06-20 15:13:01", "elapsed": 8.771217, "delta": 0.522999}}
{"target": -10.260777032838298, "params": {"C": 15.469957542609178, "gamma": 2.4976615885211513}, "datetime": {"datetime": "2021-06-20 15:13:02", "elapsed": 9.266215, "delta": 0.494998}}
{"target": -9.421553455771207, "params": {"C": 11.476299060603758, "gamma": 1.2949158228612914}, "datetime": {"datetime": "2021-06-20 15:13:02", "elapsed": 9.794216, "delta": 0.528001}}
{"target": -9.493750936640746, "params": {"C": 16.77092043917935, "gamma": 1.2577563419433393}, "datetime": {"datetime": "2021-06-20 15:13:03", "elapsed": 10.273218, "delta": 0.479002}}
{"target": -10.813071668455365, "params": {"C": 17.14869604654785, "gamma": 0.06680099225748208}, "datetime": {"datetime": "2021-06-20 15:13:03", "elapsed": 10.728215, "delta": 0.454997}}
{"target": -9.555186911125165, "params": {"C": 18.632905880986012, "gamma": 1.2850484517389267}, "datetime": {"datetime": "2021-06-20 15:13:04", "elapsed": 11.21783, "delta": 0.489615}}
{"target": -9.361394732148849, "params": {"C": 12.409684823065989, "gamma": 1.1778924620289348}, "datetime": {"datetime": "2021-06-20 15:13:04", "elapsed": 11.748829, "delta": 0.530999}}
{"target": -9.383490341369143, "params": {"C": 9.913501132921894, "gamma": 1.2906649776721284}, "datetime": {"datetime": "2021-06-20 15:13:05", "elapsed": 12.304831, "delta": 0.556002}}
{"target": -9.27079911906186, "params": {"C": 10.350973082155798, "gamma": 0.9932889635316796}, "datetime": {"datetime": "2021-06-20 15:13:05", "elapsed": 12.938829, "delta": 0.633998}}
{"target": -9.337250561231885, "params": {"C": 16.379645907487493, "gamma": 0.8989166384927504}, "datetime": {"datetime": "2021-06-20 15:13:06", "elapsed": 13.592834, "delta": 0.654005}}
{"target": -9.403236883450024, "params": {"C": 12.024453362789586, "gamma": 1.2604327563639717}, "datetime": {"datetime": "2021-06-20 15:13:06", "elapsed": 14.13583, "delta": 0.542996}}
{"target": -9.366775878376119, "params": {"C": 13.056360540917, "gamma": 1.1447676325117264}, "datetime": {"datetime": "2021-06-20 15:13:07", "elapsed": 14.727831, "delta": 0.592001}}
{"target": -9.455676391134094, "params": {"C": 14.987716413144097, "gamma": 1.2515385469652216}, "datetime": {"datetime": "2021-06-20 15:13:08", "elapsed": 15.332834, "delta": 0.605003}}
{"target": -9.276751284130242, "params": {"C": 11.382354104478557, "gamma": 0.9498829295142728}, "datetime": {"datetime": "2021-06-20 15:13:08", "elapsed": 15.862632, "delta": 0.529798}}
{"target": -9.307148983965591, "params": {"C": 12.237894903510387, "gamma": 0.837749036980955}, "datetime": {"datetime": "2021-06-20 15:13:09", "elapsed": 16.558629, "delta": 0.695997}}
{"target": -9.810686300823132, "params": {"C": 20.0, "gamma": 1.542173601693675}, "datetime": {"datetime": "2021-06-20 15:13:10", "elapsed": 17.232628, "delta": 0.673999}}
{"target": -9.322128131588018, "params": {"C": 10.496521168493373, "gamma": 1.1896946900176075}, "datetime": {"datetime": "2021-06-20 15:13:10", "elapsed": 17.852632, "delta": 0.620004}}
{"target": -9.28096687525138, "params": {"C": 10.117912481121, "gamma": 1.0520692817491075}, "datetime": {"datetime": "2021-06-20 15:13:11", "elapsed": 18.407256, "delta": 0.554624}}
{"target": -9.341304130727488, "params": {"C": 16.67161602821092, "gamma": 0.897740633304689}, "datetime": {"datetime": "2021-06-20 15:13:11", "elapsed": 19.048256, "delta": 0.641}}
{"target": -9.3671434803707, "params": {"C": 15.749533213603865, "gamma": 0.9909587712152644}, "datetime": {"datetime": "2021-06-20 15:13:12", "elapsed": 19.76416, "delta": 0.715904}}
{"target": -9.380799918756775, "params": {"C": 17.22842966220292, "gamma": 0.9618104062638677}, "datetime": {"datetime": "2021-06-20 15:13:13", "elapsed": 20.390157, "delta": 0.625997}}
{"target": -9.404226664185664, "params": {"C": 16.08340814741886, "gamma": 1.0665374057540498}, "datetime": {"datetime": "2021-06-20 15:13:13", "elapsed": 21.018, "delta": 0.627843}}
{"target": -9.297817174600336, "params": {"C": 12.650301723167983, "gamma": 0.9520174051736635}, "datetime": {"datetime": "2021-06-20 15:13:14", "elapsed": 21.600002, "delta": 0.582002}}
{"target": -9.306726237178015, "params": {"C": 10.710568187542595, "gamma": 0.9051138693910536}, "datetime": {"datetime": "2021-06-20 15:13:15", "elapsed": 22.315004, "delta": 0.715002}}
{"target": -9.282687631235891, "params": {"C": 11.129174324768625, "gamma": 0.9316803203425407}, "datetime": {"datetime": "2021-06-20 15:13:15", "elapsed": 22.965004, "delta": 0.65}}
{"target": -9.296626929731413, "params": {"C": 12.056250040891968, "gamma": 0.9825156677403845}, "datetime": {"datetime": "2021-06-20 15:13:16", "elapsed": 23.881003, "delta": 0.915999}}
{"target": -9.293928472084053, "params": {"C": 11.623474978127305, "gamma": 0.9983664432313408}, "datetime": {"datetime": "2021-06-20 15:13:17", "elapsed": 24.578001, "delta": 0.696998}}
{"target": -9.398282206163373, "params": {"C": 15.381576732191284, "gamma": 1.0886054920258255}, "datetime": {"datetime": "2021-06-20 15:13:18", "elapsed": 25.240005, "delta": 0.662004}}
{"target": -9.327792391674517, "params": {"C": 10.205466017252666, "gamma": 0.8879213735285055}, "datetime": {"datetime": "2021-06-20 15:13:18", "elapsed": 25.999596, "delta": 0.759591}}
{"target": -9.299229359519611, "params": {"C": 10.226201678283, "gamma": 1.1181565653353556}, "datetime": {"datetime": "2021-06-20 15:13:19", "elapsed": 26.729598, "delta": 0.730002}}
{"target": -9.791566965577715, "params": {"C": 18.084068907776093, "gamma": 1.5720796148049023}, "datetime": {"datetime": "2021-06-20 15:13:20", "elapsed": 27.334599, "delta": 0.605001}}
{"target": -9.281454272776806, "params": {"C": 9.904088732709091, "gamma": 0.992237148218441}, "datetime": {"datetime": "2021-06-20 15:13:20", "elapsed": 27.905597, "delta": 0.570998}}
{"target": -9.356789402670387, "params": {"C": 12.75041174573564, "gamma": 1.1313184488597607}, "datetime": {"datetime": "2021-06-20 15:13:21", "elapsed": 28.619599, "delta": 0.714002}}
{"target": -9.294581374696966, "params": {"C": 12.424384855909123, "gamma": 0.9532402073227464}, "datetime": {"datetime": "2021-06-20 15:13:22", "elapsed": 29.414598, "delta": 0.794999}}
{"target": -9.277409634416522, "params": {"C": 10.523095015720834, "gamma": 1.0090949333539816}, "datetime": {"datetime": "2021-06-20 15:13:22", "elapsed": 30.150599, "delta": 0.736001}}
{"target": -9.303365369737136, "params": {"C": 11.227047708128305, "gamma": 1.0545604077764328}, "datetime": {"datetime": "2021-06-20 15:13:23", "elapsed": 30.882228, "delta": 0.731629}}
{"target": -9.326880842788933, "params": {"C": 11.577576583691465, "gamma": 0.8242397040452151}, "datetime": {"datetime": "2021-06-20 15:13:24", "elapsed": 31.494229, "delta": 0.612001}}
{"target": -9.535687891033733, "params": {"C": 17.24895465922367, "gamma": 1.2941200084738456}, "datetime": {"datetime": "2021-06-20 15:13:25", "elapsed": 32.233229, "delta": 0.739}}
{"target": -9.412062077382377, "params": {"C": 18.10106145255447, "gamma": 0.9949910059874486}, "datetime": {"datetime": "2021-06-20 15:13:25", "elapsed": 32.958227, "delta": 0.724998}}
{"target": -9.348475693244218, "params": {"C": 13.502723288648307, "gamma": 1.0545750955374469}, "datetime": {"datetime": "2021-06-20 15:13:26", "elapsed": 33.613225, "delta": 0.654998}}
{"target": -9.340598010793022, "params": {"C": 14.56473814059649, "gamma": 0.9819777846076543}, "datetime": {"datetime": "2021-06-20 15:13:27", "elapsed": 34.267226, "delta": 0.654001}}
{"target": -9.301562195391552, "params": {"C": 14.110686956939656, "gamma": 0.891843902485269}, "datetime": {"datetime": "2021-06-20 15:13:27", "elapsed": 34.955228, "delta": 0.688002}}
{"target": -9.34988532829639, "params": {"C": 14.270235104991055, "gamma": 1.017900187978324}, "datetime": {"datetime": "2021-06-20 15:13:28", "elapsed": 35.735224, "delta": 0.779996}}
{"target": -9.327417000009358, "params": {"C": 14.387354890814393, "gamma": 0.7132467823577117}, "datetime": {"datetime": "2021-06-20 15:13:29", "elapsed": 36.537881, "delta": 0.802657}}
{"target": -9.296428342945852, "params": {"C": 14.90509788837459, "gamma": 0.8466220215089088}, "datetime": {"datetime": "2021-06-20 15:13:30", "elapsed": 37.260883, "delta": 0.723002}}
{"target": -9.297348081332405, "params": {"C": 14.691928943296745, "gamma": 0.7706517608420278}, "datetime": {"datetime": "2021-06-20 15:13:30", "elapsed": 37.977883, "delta": 0.717}}
{"target": -9.314005818070385, "params": {"C": 13.81276394553652, "gamma": 0.9443927403857131}, "datetime": {"datetime": "2021-06-20 15:13:31", "elapsed": 38.643881, "delta": 0.665998}}
{"target": -9.296734310464513, "params": {"C": 13.011467212134564, "gamma": 0.9288370760366468}, "datetime": {"datetime": "2021-06-20 15:13:32", "elapsed": 39.328885, "delta": 0.685004}}
{"target": -9.318158064854448, "params": {"C": 14.798466683980395, "gamma": 0.910802394264842}, "datetime": {"datetime": "2021-06-20 15:13:32", "elapsed": 40.109884, "delta": 0.780999}}
{"target": -9.298410816474789, "params": {"C": 15.199230612284918, "gamma": 0.8409570982947508}, "datetime": {"datetime": "2021-06-20 15:13:33", "elapsed": 40.751881, "delta": 0.641997}}
{"target": -9.305392922448865, "params": {"C": 16.099628920894265, "gamma": 0.8269568127510729}, "datetime": {"datetime": "2021-06-20 15:13:34", "elapsed": 41.464126, "delta": 0.712245}}
{"target": -9.378702063478803, "params": {"C": 16.939678402747887, "gamma": 0.9682756502643707}, "datetime": {"datetime": "2021-06-20 15:13:35", "elapsed": 42.305128, "delta": 0.841002}}
