{"target": -9.282711449355856, "params": {"C": 11.316470322144875, "gamma": 0.9760092659159495}, "datetime": {"datetime": "2021-06-20 15:15:56", "elapsed": 184.126554, "delta": 2.030003}}
{"target": -9.270452807337566, "params": {"C": 10.186392834546174, "gamma": 1.0037278994942769}, "datetime": {"datetime": "2021-06-20 15:15:58", "elapsed": 185.514554, "delta": 1.388}}
{"target": -9.274079068730657, "params": {"C": 10.195387989462523, "gamma": 0.9914409327001185}, "datetime": {"datetime": "2021-06-20 15:15:59", "elapsed": 187.055159, "delta": 1.540605}}
{"target": -9.271621480433634, "params": {"C": 10.37765844621878, "gamma": 0.9876420302363838}, "datetime": {"datetime": "2021-06-20 15:16:01", "elapsed": 188.959156, "delta": 1.903997}}
{"target": -9.272425336351995, "params": {"C": 10.430257031472342, "gamma": 0.9944263365427409}, "datetime": {"datetime": "2021-06-20 15:16:02", "elapsed": 190.07016, "delta": 1.111004}}
{"target": -9.275180393551501, "params": {"C": 10.471598658531391, "gamma": 1.0031376933485896}, "datetime": {"datetime": "2021-06-20 15:16:04", "elapsed": 192.027162, "delta": 1.957002}}
{"target": -9.271649195832953, "params": {"C": 10.198321865882464, "gamma": 0.9963515201547491}, "datetime": {"datetime": "2021-06-20 15:16:06", "elapsed": 193.412161, "delta": 1.384999}}
{"target": -9.272597612754712, "params": {"C": 10.19607490374842, "gamma": 1.0124286145362784}, "datetime": {"datetime": "2021-06-20 15:16:07", "elapsed": 195.07316, "delta": 1.660999}}
{"target": -9.272873430880223, "params": {"C": 10.444466202359413, "gamma": 0.9818149738377466}, "datetime": {"datetime": "2021-06-20 15:16:09", "elapsed": 196.322766, "delta": 1.249606}}
{"target": -9.291299322517101, "params": {"C": 13.37519287855684, "gamma": 0.8946007098293445}, "datetime": {"datetime": "2021-06-20 15:16:11", "elapsed": 198.997765, "delta": 2.674999}}
{"target": -10.252644270907151, "params": {"C": 14.529771207708345, "gamma": 2.5}, "datetime": {"datetime": "2021-06-20 15:16:13", "elapsed": 200.436899, "delta": 1.439134}}
{"target": -9.548468868155604, "params": {"C": 13.44305928071292, "gamma": 1.3988794159114788}, "datetime": {"datetime": "2021-06-20 15:16:14", "elapsed": 201.77418, "delta": 1.337281}}
{"target": -9.76706466809554, "params": {"C": 16.321397362683115, "gamma": 1.5903538783974362}, "datetime": {"datetime": "2021-06-20 15:16:16", "elapsed": 203.18418, "delta": 1.41}}
{"target": -9.27862446677495, "params": {"C": 13.134909880279222, "gamma": 0.8692088379112978}, "datetime": {"datetime": "2021-06-20 15:16:17", "elapsed": 205.005179, "delta": 1.820999}}
{"target": -9.659691404531058, "params": {"C": 12.492528931608268, "gamma": 1.5723579513890187}, "datetime": {"datetime": "2021-06-20 15:16:19", "elapsed": 206.720772, "delta": 1.715593}}
{"target": -9.277607508436562, "params": {"C": 13.209812931774728, "gamma": 0.8624382074052943}, "datetime": {"datetime": "2021-06-20 15:16:21", "elapsed": 208.20777, "delta": 1.486998}}
{"target": -9.290903092126051, "params": {"C": 16.985450444002627, "gamma": 0.71906486142538}, "datetime": {"datetime": "2021-06-20 15:16:22", "elapsed": 209.518772, "delta": 1.311002}}
{"target": -9.283023455740118, "params": {"C": 16.65929436303586, "gamma": 0.7438186263223041}, "datetime": {"datetime": "2021-06-20 15:16:24", "elapsed": 211.325373, "delta": 1.806601}}
{"target": -9.291053586563109, "params": {"C": 16.288311157855002, "gamma": 0.789567318050755}, "datetime": {"datetime": "2021-06-20 15:16:25", "elapsed": 212.777376, "delta": 1.452003}}
{"target": -9.270232088452337, "params": {"C": 10.179762132876931, "gamma": 1.0032671566668383}, "datetime": {"datetime": "2021-06-20 15:16:27", "elapsed": 214.189371, "delta": 1.411995}}
{"target": -9.27064523974887, "params": {"C": 10.406538334102848, "gamma": 0.9887673429761534}, "datetime": {"datetime": "2021-06-20 15:16:28", "elapsed": 215.798371, "delta": 1.609}}
{"target": -9.271358549076687, "params": {"C": 10.166955471311002, "gamma": 1.009134499118753}, "datetime": {"datetime": "2021-06-20 15:16:29", "elapsed": 217.15313, "delta": 1.354759}}
{"target": -9.271169630076107, "params": {"C": 10.374914753801551, "gamma": 0.9931302885245643}, "datetime": {"datetime": "2021-06-20 15:16:32", "elapsed": 219.300132, "delta": 2.147002}}
{"target": -9.270821308214462, "params": {"C": 10.172121827462927, "gamma": 1.0063881047543897}, "datetime": {"datetime": "2021-06-20 15:16:33", "elapsed": 220.933737, "delta": 1.633605}}
{"target": -9.27317084493497, "params": {"C": 10.371791152076128, "gamma": 1.0017867151763826}, "datetime": {"datetime": "2021-06-20 15:16:35", "elapsed": 222.307733, "delta": 1.373996}}
{"target": -9.271970543148687, "params": {"C": 10.15874984116657, "gamma": 1.0124818009803158}, "datetime": {"datetime": "2021-06-20 15:16:36", "elapsed": 223.589735, "delta": 1.282002}}
{"target": -9.273052971449095, "params": {"C": 10.168369868869238, "gamma": 1.0166332471121826}, "datetime": {"datetime": "2021-06-20 15:16:37", "elapsed": 224.953734, "delta": 1.363999}}
{"target": -9.273530401102164, "params": {"C": 10.432241858378003, "gamma": 0.9810257801471481}, "datetime": {"datetime": "2021-06-20 15:16:39", "elapsed": 226.470582, "delta": 1.516848}}
{"target": -9.272837825336074, "params": {"C": 10.399065096951993, "gamma": 0.984071786265421}, "datetime": {"datetime": "2021-06-20 15:16:40", "elapsed": 228.037577, "delta": 1.566995}}
{"target": -9.281011502872705, "params": {"C": 11.483008845262804, "gamma": 0.9592187085449445}, "datetime": {"datetime": "2021-06-20 15:16:42", "elapsed": 229.656578, "delta": 1.619001}}
{"target": -9.272872934127866, "params": {"C": 10.374746163779179, "gamma": 1.0002964723444154}, "datetime": {"datetime": "2021-06-20 15:16:43", "elapsed": 230.842195, "delta": 1.185617}}
{"target": -9.313345912388424, "params": {"C": 18.929175761023885, "gamma": 0.763780160022826}, "datetime": {"datetime": "2021-06-20 15:16:45", "elapsed": 232.848197, "delta": 2.006002}}
{"target": -9.302882596939147, "params": {"C": 17.874948511566412, "gamma": 0.7700602310857044}, "datetime": {"datetime": "2021-06-20 15:16:47", "elapsed": 234.383194, "delta": 1.534997}}
{"target": -9.287535500817434, "params": {"C": 18.734011354754188, "gamma": 0.7185786416528376}, "datetime": {"datetime": "2021-06-20 15:16:49", "elapsed": 236.273857, "delta": 1.890663}}
{"target": -9.270761193757556, "params": {"C": 10.39954105155787, "gamma": 0.989725734063022}, "datetime": {"datetime": "2021-06-20 15:16:51", "elapsed": 238.873387, "delta": 2.59953}}
{"target": -9.271018696538338, "params": {"C": 10.365158205971024, "gamma": 0.9894998633974145}, "datetime": {"datetime": "2021-06-20 15:16:53", "elapsed": 240.722386, "delta": 1.848999}}
{"target": -9.272017534496552, "params": {"C": 10.41838846489566, "gamma": 0.9935716307551545}, "datetime": {"datetime": "2021-06-20 15:16:55", "elapsed": 242.729985, "delta": 2.007599}}
{"target": -9.269926555084634, "params": {"C": 10.157464478190905, "gamma": 1.0036000828366864}, "datetime": {"datetime": "2021-06-20 15:16:57", "elapsed": 245.079986, "delta": 2.350001}}
{"target": -9.276464984506553, "params": {"C": 10.177084103085722, "gamma": 0.9874073418954937}, "datetime": {"datetime": "2021-06-20 15:17:00", "elapsed": 247.674606, "delta": 2.59462}}
{"target": -9.275696731657963, "params": {"C": 10.75392815062022, "gamma": 0.9853797763267365}, "datetime": {"datetime": "2021-06-20 15:17:02", "elapsed": 249.441607, "delta": 1.767001}}
{"target": -9.272748354481054, "params": {"C": 10.157930086094227, "gamma": 1.016058559798715}, "datetime": {"datetime": "2021-06-20 15:17:03", "elapsed": 251.121236, "delta": 1.679629}}
{"target": -9.282914156607818, "params": {"C": 10.77395210859919, "gamma": 1.014941539899434}, "datetime": {"datetime": "2021-06-20 15:17:05", "elapsed": 252.818236, "delta": 1.697}}
{"target": -9.27283337297848, "params": {"C": 10.162450877773473, "gamma": 1.0160934545794147}, "datetime": {"datetime": "2021-06-20 15:17:07", "elapsed": 254.841237, "delta": 2.023001}}
{"target": -9.273545795855854, "params": {"C": 10.407951021548199, "gamma": 1.0007559374796304}, "datetime": {"datetime": "2021-06-20 15:17:09", "elapsed": 256.446439, "delta": 1.605202}}
{"target": -9.270147006958066, "params": {"C": 10.19263154747306, "gamma": 0.9997422462226503}, "datetime": {"datetime": "2021-06-20 15:17:11", "elapsed": 258.700439, "delta": 2.254}}
{"target": -9.272205939705621, "params": {"C": 10.38124646402515, "gamma": 0.9970022083815113}, "datetime": {"datetime": "2021-06-20 15:17:13", "elapsed": 260.99703, "delta": 2.296591}}
{"target": -9.271182512758482, "params": {"C": 10.177076517921753, "gamma": 1.0075963824862952}, "datetime": {"datetime": "2021-06-20 15:17:15", "elapsed": 262.696655, "delta": 1.699625}}
{"target": -9.274227174150226, "params": {"C": 10.18375914967668, "gamma": 1.0208363461146437}, "datetime": {"datetime": "2021-06-20 15:17:17", "elapsed": 265.016658, "delta": 2.320003}}
{"target": -9.271234046497288, "params": {"C": 10.592132622476685, "gamma": 0.9785257318086931}, "datetime": {"datetime": "2021-06-20 15:17:20", "elapsed": 267.35766, "delta": 2.341002}}
{"target": -10.266289907756242, "params": {"C": 16.25273426442018, "gamma": 2.5}, "datetime": {"datetime": "2021-06-20 15:17:22", "elapsed": 269.648656, "delta": 2.290996}}
{"target": -9.273485807944326, "params": {"C": 10.663273730180325, "gamma": 0.9826520322928272}, "datetime": {"datetime": "2021-06-20 15:17:25", "elapsed": 272.353248, "delta": 2.704592}}
{"target": -9.464851371328566, "params": {"C": 10.40911275272564, "gamma": 1.3790248124350386}, "datetime": {"datetime": "2021-06-20 15:17:27", "elapsed": 274.183247, "delta": 1.829999}}
{"target": -9.274349682241668, "params": {"C": 10.554543820046852, "gamma": 0.9734744939635875}, "datetime": {"datetime": "2021-06-20 15:17:29", "elapsed": 276.902853, "delta": 2.719606}}
{"target": -9.280037887266067, "params": {"C": 10.610237968765373, "gamma": 0.9600970597154674}, "datetime": {"datetime": "2021-06-20 15:17:31", "elapsed": 278.610851, "delta": 1.707998}}
{"target": -9.277630771295897, "params": {"C": 10.584034635564858, "gamma": 1.0055289503571179}, "datetime": {"datetime": "2021-06-20 15:17:33", "elapsed": 281.035718, "delta": 2.424867}}
{"target": -9.270793738127804, "params": {"C": 10.003020102443788, "gamma": 1.0192807185918424}, "datetime": {"datetime": "2021-06-20 15:17:35", "elapsed": 283.051719, "delta": 2.016001}}
{"target": -9.29502753339517, "params": {"C": 18.404079632534003, "gamma": 0.7422291613862169}, "datetime": {"datetime": "2021-06-20 15:17:37", "elapsed": 284.749718, "delta": 1.697999}}
{"target": -9.273200678589284, "params": {"C": 10.027442715464847, "gamma": 1.0286339570269045}, "datetime": {"datetime": "2021-06-20 15:17:39", "elapsed": 286.816426, "delta": 2.066708}}
{"target": -9.30405367934016, "params": {"C": 19.136241911383486, "gamma": 0.6530227013289687}, "datetime": {"datetime": "2021-06-20 15:17:41", "elapsed": 288.868427, "delta": 2.052001}}
{"target": -10.13793604232589, "params": {"C": 19.421247127645593, "gamma": 1.8979352933730285}, "datetime": {"datetime": "2021-06-20 15:17:43", "elapsed": 290.773427, "delta": 1.905}}
{"target": -9.28143283704679, "params": {"C": 17.523869137370717, "gamma": 0.7353306775670329}, "datetime": {"datetime": "2021-06-20 15:17:45", "elapsed": 293.050334, "delta": 2.276907}}
{"target": -9.290198335559456, "params": {"C": 17.470513380817742, "gamma": 0.709031648817084}, "datetime": {"datetime": "2021-06-20 15:17:47", "elapsed": 294.780356, "delta": 1.730022}}
{"target": -9.272020056849811, "params": {"C": 10.022756518893827, "gamma": 1.0043796891523373}, "datetime": {"datetime": "2021-06-20 15:17:49", "elapsed": 297.0202, "delta": 2.239844}}
{"target": -9.954603386089296, "params": {"C": 17.51487894766399, "gamma": 1.724893549173499}, "datetime": {"datetime": "2021-06-20 15:17:51", "elapsed": 298.757199, "delta": 1.736999}}
{"target": -9.269811587452391, "params": {"C": 10.164665467657844, "gamma": 1.0025741434524449}, "datetime": {"datetime": "2021-06-20 15:17:53", "elapsed": 301.101803, "delta": 2.344604}}
{"target": -9.271939307903414, "params": {"C": 10.17723837632624, "gamma": 1.0109279770668085}, "datetime": {"datetime": "2021-06-20 15:17:55", "elapsed": 302.848801, "delta": 1.746998}}
{"target": -9.271571263792726, "params": {"C": 10.474804660175813, "gamma": 0.9830855434281278}, "datetime": {"datetime": "2021-06-20 15:17:58", "elapsed": 305.402804, "delta": 2.554003}}
{"target": -9.269810605579183, "params": {"C": 10.020561742579503, "gamma": 1.0134412999618003}, "datetime": {"datetime": "2021-06-20 15:18:01", "elapsed": 308.462766, "delta": 3.059962}}
{"target": -9.270153965618565, "params": {"C": 10.034499135150389, "gamma": 1.0139053964380713}, "datetime": {"datetime": "2021-06-20 15:18:03", "elapsed": 310.337763, "delta": 1.874997}}
{"target": -9.27092210011063, "params": {"C": 10.191838652520698, "gamma": 1.0053550047818356}, "datetime": {"datetime": "2021-06-20 15:18:04", "elapsed": 311.687363, "delta": 1.3496}}
{"target": -9.269296461281337, "params": {"C": 9.999813257845124, "gamma": 1.0127405902801934}, "datetime": {"datetime": "2021-06-20 15:18:06", "elapsed": 313.917363, "delta": 2.23}}
{"target": -9.271238614250677, "params": {"C": 9.994750856233741, "gamma": 1.0220003247434222}, "datetime": {"datetime": "2021-06-20 15:18:09", "elapsed": 316.459951, "delta": 2.542588}}
{"target": -9.28427421367043, "params": {"C": 12.108783442314028, "gamma": 0.8879319649917544}, "datetime": {"datetime": "2021-06-20 15:18:11", "elapsed": 318.211952, "delta": 1.752001}}
{"target": -9.271994846402434, "params": {"C": 10.018440895851471, "gamma": 1.0236340828066284}, "datetime": {"datetime": "2021-06-20 15:18:12", "elapsed": 319.89695, "delta": 1.684998}}
{"target": -9.276347248200736, "params": {"C": 10.016407565870967, "gamma": 0.9957013793693469}, "datetime": {"datetime": "2021-06-20 15:18:14", "elapsed": 321.724638, "delta": 1.827688}}
{"target": -9.282139024275514, "params": {"C": 11.750300887603249, "gamma": 0.9475855568768602}, "datetime": {"datetime": "2021-06-20 15:18:16", "elapsed": 323.639637, "delta": 1.914999}}
{"target": -9.280202326769011, "params": {"C": 10.93898306696758, "gamma": 0.991112896587229}, "datetime": {"datetime": "2021-06-20 15:18:18", "elapsed": 325.398638, "delta": 1.759001}}
{"target": -9.270253158973224, "params": {"C": 10.042597555922377, "gamma": 1.0137247198828374}, "datetime": {"datetime": "2021-06-20 15:18:20", "elapsed": 327.373628, "delta": 1.97499}}
{"target": -9.272089330323091, "params": {"C": 10.013525586730296, "gamma": 1.0244763247668267}, "datetime": {"datetime": "2021-06-20 15:18:22", "elapsed": 329.340628, "delta": 1.967}}
{"target": -9.272280808270693, "params": {"C": 10.021369891121317, "gamma": 1.0247445130263193}, "datetime": {"datetime": "2021-06-20 15:18:24", "elapsed": 331.752434, "delta": 2.411806}}
{"target": -9.275957733970536, "params": {"C": 10.704554386584121, "gamma": 0.9898228312112032}, "datetime": {"datetime": "2021-06-20 15:18:26", "elapsed": 333.674437, "delta": 1.922003}}
{"target": -9.280158699532024, "params": {"C": 17.673976552175212, "gamma": 0.7285175842851238}, "datetime": {"datetime": "2021-06-20 15:18:28", "elapsed": 335.304436, "delta": 1.629999}}
{"target": -9.270358615928506, "params": {"C": 10.079102952844446, "gamma": 1.0113880834301996}, "datetime": {"datetime": "2021-06-20 15:18:30", "elapsed": 337.527045, "delta": 2.222609}}
{"target": -9.269974767224763, "params": {"C": 9.990988119271895, "gamma": 1.0164827359240303}, "datetime": {"datetime": "2021-06-20 15:18:32", "elapsed": 339.479047, "delta": 1.952002}}
{"target": -9.270349085957916, "params": {"C": 10.120549453097729, "gamma": 1.0081963940047272}, "datetime": {"datetime": "2021-06-20 15:18:34", "elapsed": 341.484049, "delta": 2.005002}}
{"target": -9.27203875983583, "params": {"C": 10.044551504522575, "gamma": 1.0217416155544887}, "datetime": {"datetime": "2021-06-20 15:18:36", "elapsed": 343.645046, "delta": 2.160997}}
{"target": -9.26962731946814, "params": {"C": 10.10523298131677, "gamma": 1.0061920879443782}, "datetime": {"datetime": "2021-06-20 15:18:38", "elapsed": 345.248044, "delta": 1.602998}}
{"target": -9.60903189921005, "params": {"C": 11.226478469261755, "gamma": 1.5564285543686367}, "datetime": {"datetime": "2021-06-20 15:18:40", "elapsed": 347.214659, "delta": 1.966615}}
{"target": -9.270376746646145, "params": {"C": 9.998186697217236, "gamma": 1.017749564342179}, "datetime": {"datetime": "2021-06-20 15:18:42", "elapsed": 349.18766, "delta": 1.973001}}
{"target": -9.27189490816016, "params": {"C": 10.122149252499304, "gamma": 1.0149662951704022}, "datetime": {"datetime": "2021-06-20 15:18:44", "elapsed": 351.715256, "delta": 2.527596}}
{"target": -9.27148107019831, "params": {"C": 10.092257051294062, "gamma": 1.0154145595059347}, "datetime": {"datetime": "2021-06-20 15:18:47", "elapsed": 354.814256, "delta": 3.099}}
{"target": -9.269595145432664, "params": {"C": 10.101674195600184, "gamma": 1.005406468181044}, "datetime": {"datetime": "2021-06-20 15:18:49", "elapsed": 356.852897, "delta": 2.038641}}
{"target": -9.270692757055594, "params": {"C": 10.069488981696509, "gamma": 1.0136216598318901}, "datetime": {"datetime": "2021-06-20 15:18:51", "elapsed": 358.742897, "delta": 1.89}}
{"target": -9.270835083331093, "params": {"C": 10.034809926787052, "gamma": 1.0169647962064847}, "datetime": {"datetime": "2021-06-20 15:18:53", "elapsed": 361.144533, "delta": 2.401636}}
{"target": -9.271112885238377, "params": {"C": 10.014361564020142, "gamma": 1.019852606164127}, "datetime": {"datetime": "2021-06-20 15:18:55", "elapsed": 362.685537, "delta": 1.541004}}
{"target": -9.273298331138179, "params": {"C": 10.089055641715976, "gamma": 1.0240709134058623}, "datetime": {"datetime": "2021-06-20 15:18:57", "elapsed": 364.703534, "delta": 2.017997}}
{"target": -9.271335011314994, "params": {"C": 10.009689734837258, "gamma": 1.021253490534094}, "datetime": {"datetime": "2021-06-20 15:18:59", "elapsed": 366.622187, "delta": 1.918653}}
{"target": -9.273133558089429, "params": {"C": 10.062126339515158, "gamma": 1.0254732534329154}, "datetime": {"datetime": "2021-06-20 15:19:01", "elapsed": 368.870187, "delta": 2.248}}
{"target": -9.270867199123883, "params": {"C": 10.027266994258195, "gamma": 1.0177037819851633}, "datetime": {"datetime": "2021-06-20 15:19:03", "elapsed": 371.11887, "delta": 2.248683}}
{"target": -9.270632074024181, "params": {"C": 10.113977172035675, "gamma": 1.009941773790433}, "datetime": {"datetime": "2021-06-20 15:19:05", "elapsed": 372.899871, "delta": 1.781001}}
{"target": -9.280648135305942, "params": {"C": 17.609587401739226, "gamma": 0.7313593254580164}, "datetime": {"datetime": "2021-06-20 15:19:08", "elapsed": 375.791875, "delta": 2.892004}}
{"target": -9.294793556070085, "params": {"C": 14.641091661752451, "gamma": 0.8522560144616494}, "datetime": {"datetime": "2021-06-20 15:19:11", "elapsed": 378.360028, "delta": 2.568153}}
{"target": -9.270219584655614, "params": {"C": 9.980110860887066, "gamma": 1.0184553546739645}, "datetime": {"datetime": "2021-06-20 15:19:13", "elapsed": 380.423029, "delta": 2.063001}}
{"target": -9.270195198002714, "params": {"C": 10.084639385985794, "gamma": 1.005024477887113}, "datetime": {"datetime": "2021-06-20 15:19:15", "elapsed": 382.249905, "delta": 1.826876}}
{"target": -9.270189569216047, "params": {"C": 10.09841609234518, "gamma": 1.0091683865876129}, "datetime": {"datetime": "2021-06-20 15:19:17", "elapsed": 384.448908, "delta": 2.199003}}
{"target": -9.270553038538534, "params": {"C": 10.06209513757488, "gamma": 1.0054206543277762}, "datetime": {"datetime": "2021-06-20 15:19:19", "elapsed": 386.739877, "delta": 2.290969}}
{"target": -9.270914174518758, "params": {"C": 10.088751053070258, "gamma": 1.01312955004724}, "datetime": {"datetime": "2021-06-20 15:19:21", "elapsed": 389.091878, "delta": 2.352001}}
{"target": -9.271107379351957, "params": {"C": 9.952331863476365, "gamma": 1.0248071015638818}, "datetime": {"datetime": "2021-06-20 15:19:24", "elapsed": 391.365204, "delta": 2.273326}}
{"target": -9.270021577949086, "params": {"C": 9.959844657995204, "gamma": 1.01914971185294}, "datetime": {"datetime": "2021-06-20 15:19:26", "elapsed": 393.452205, "delta": 2.087001}}
{"target": -9.270833462668701, "params": {"C": 10.102678866239488, "gamma": 1.0116984802620002}, "datetime": {"datetime": "2021-06-20 15:19:28", "elapsed": 395.178205, "delta": 1.726}}
{"target": -9.28756022306845, "params": {"C": 13.904298044595233, "gamma": 0.8619928589031238}, "datetime": {"datetime": "2021-06-20 15:19:30", "elapsed": 397.770823, "delta": 2.592618}}
{"target": -9.354269391038253, "params": {"C": 19.831429542218814, "gamma": 0.8246388398378576}, "datetime": {"datetime": "2021-06-20 15:19:32", "elapsed": 399.982821, "delta": 2.211998}}
{"target": -9.272749228666768, "params": {"C": 9.968714827268409, "gamma": 1.031323591952255}, "datetime": {"datetime": "2021-06-20 15:19:34", "elapsed": 402.145821, "delta": 2.163}}
{"target": -9.271329799907518, "params": {"C": 10.131552534505916, "gamma": 1.0117015919324222}, "datetime": {"datetime": "2021-06-20 15:19:36", "elapsed": 403.977821, "delta": 1.832}}
{"target": -9.270391254956362, "params": {"C": 10.026151535625022, "gamma": 1.015624792332652}, "datetime": {"datetime": "2021-06-20 15:19:38", "elapsed": 405.848737, "delta": 1.870916}}
{"target": -9.270596901494086, "params": {"C": 10.062044875212107, "gamma": 1.013766088239231}, "datetime": {"datetime": "2021-06-20 15:19:40", "elapsed": 407.422738, "delta": 1.574001}}
{"target": -9.270681510492256, "params": {"C": 9.987349537182837, "gamma": 1.0089420482491809}, "datetime": {"datetime": "2021-06-20 15:19:42", "elapsed": 409.59874, "delta": 2.176002}}
