{"target": -10.967858457200084, "params": {"C": 14.438670583728692, "gamma": 4.820272097362628}, "datetime": {"datetime": "2021-06-18 14:08:59", "elapsed": 742.166944, "delta": 2.321795}}
{"target": -11.118644800223839, "params": {"C": 209.29389786107498, "gamma": 2.248252138793576}, "datetime": {"datetime": "2021-06-18 14:09:01", "elapsed": 744.20559, "delta": 2.038646}}
{"target": -12.094703371720982, "params": {"C": 173.35138962513744, "gamma": 3.5755122955807357}, "datetime": {"datetime": "2021-06-18 14:09:03", "elapsed": 746.226993, "delta": 2.021403}}
{"target": -10.983011470654045, "params": {"C": 63.458257591540175, "gamma": 4.06090961772848}, "datetime": {"datetime": "2021-06-18 14:09:06", "elapsed": 748.687754, "delta": 2.460761}}
{"target": -16.87645814969229, "params": {"C": 11876.727291249357, "gamma": 9.352172169435267}, "datetime": {"datetime": "2021-06-18 14:09:08", "elapsed": 751.112896, "delta": 2.425142}}
{"target": -16.68462990612516, "params": {"C": 365228.10972435045, "gamma": 5.989270506359743}, "datetime": {"datetime": "2021-06-18 14:09:11", "elapsed": 754.039736, "delta": 2.92684}}
{"target": -16.67279612613112, "params": {"C": 934101.9610568532, "gamma": 6.009119633545319}, "datetime": {"datetime": "2021-06-18 14:09:13", "elapsed": 756.281724, "delta": 2.241988}}
{"target": -12.535755681115807, "params": {"C": 185.29161022143916, "gamma": 4.720794976421309}, "datetime": {"datetime": "2021-06-18 14:09:17", "elapsed": 759.76314, "delta": 3.481416}}
{"target": -11.232344002584064, "params": {"C": 178.12488212652437, "gamma": 2.551282906468361}, "datetime": {"datetime": "2021-06-18 14:09:19", "elapsed": 761.86804, "delta": 2.1049}}
{"target": -10.9382366314916, "params": {"C": 63.596611184428426, "gamma": 3.952091777412521}, "datetime": {"datetime": "2021-06-18 14:09:22", "elapsed": 764.949946, "delta": 3.081906}}
{"target": -14.70451072374416, "params": {"C": 225.92729154039444, "gamma": 9.196646457328962}, "datetime": {"datetime": "2021-06-18 14:09:25", "elapsed": 767.809729, "delta": 2.859783}}
{"target": -10.384253008157742, "params": {"C": 176.60949964387683, "gamma": 1.3709407261178532}, "datetime": {"datetime": "2021-06-18 14:09:28", "elapsed": 770.75617, "delta": 2.946441}}
{"target": -17.133884248446833, "params": {"C": 350187.62395391916, "gamma": 5.392541689469121}, "datetime": {"datetime": "2021-06-18 14:09:30", "elapsed": 773.354609, "delta": 2.598439}}
{"target": -10.548759405679418, "params": {"C": 214.95400405503796, "gamma": 1.7049700445059075}, "datetime": {"datetime": "2021-06-18 14:09:33", "elapsed": 776.477986, "delta": 3.123377}}
{"target": -13.097829690142271, "params": {"C": 22.602475344544043, "gamma": 9.65596623958225}, "datetime": {"datetime": "2021-06-18 14:09:36", "elapsed": 779.313028, "delta": 2.835042}}
{"target": -10.695825744557595, "params": {"C": 6.812070115536758, "gamma": 4.563407748047387}, "datetime": {"datetime": "2021-06-18 14:09:39", "elapsed": 782.561551, "delta": 3.248523}}
{"target": -33.586861281982024, "params": {"C": 625488.6619525757, "gamma": 0.9959497151621522}, "datetime": {"datetime": "2021-06-18 14:09:42", "elapsed": 784.945655, "delta": 2.384104}}
{"target": -18.829318474161973, "params": {"C": 794562.6903787948, "gamma": 4.053972097484015}, "datetime": {"datetime": "2021-06-18 14:09:45", "elapsed": 787.696908, "delta": 2.751253}}
{"target": -10.118952072176379, "params": {"C": 24.86295348339753, "gamma": 0.12510467811128562}, "datetime": {"datetime": "2021-06-18 14:09:47", "elapsed": 790.465066, "delta": 2.768158}}
{"target": -10.320024873889281, "params": {"C": 36.571243381950865, "gamma": 1.9785060427118575}, "datetime": {"datetime": "2021-06-18 14:09:50", "elapsed": 792.714085, "delta": 2.249019}}
{"target": -12.668287376270115, "params": {"C": 242.19225677000077, "gamma": 3.4787009717957575}, "datetime": {"datetime": "2021-06-18 14:09:52", "elapsed": 795.449094, "delta": 2.735009}}
{"target": -9.65886753628686, "params": {"C": 173.63202042767483, "gamma": 0.34222479993206184}, "datetime": {"datetime": "2021-06-18 14:09:55", "elapsed": 797.803795, "delta": 2.354701}}
{"target": -12.168962449858068, "params": {"C": 26.13034476516313, "gamma": 7.066121258675855}, "datetime": {"datetime": "2021-06-18 14:09:58", "elapsed": 801.534107, "delta": 3.730312}}
{"target": -11.36423187733754, "params": {"C": 10.384552010825667, "gamma": 5.903769706697775}, "datetime": {"datetime": "2021-06-18 14:10:02", "elapsed": 805.411782, "delta": 3.877675}}
{"target": -9.811253266919184, "params": {"C": 66.20155299996412, "gamma": 0.7758883128199432}, "datetime": {"datetime": "2021-06-18 14:10:05", "elapsed": 807.829243, "delta": 2.417461}}
{"target": -10.458298933340213, "params": {"C": 24.12915300330805, "gamma": 3.1927703873712843}, "datetime": {"datetime": "2021-06-18 14:10:08", "elapsed": 810.730753, "delta": 2.90151}}
{"target": -10.132108569613894, "params": {"C": 5.514709981512451, "gamma": 2.9918377000361476}, "datetime": {"datetime": "2021-06-18 14:10:11", "elapsed": 814.486293, "delta": 3.75554}}
{"target": -10.684202807716224, "params": {"C": 70.13337941248015, "gamma": 3.177980745337709}, "datetime": {"datetime": "2021-06-18 14:10:16", "elapsed": 818.631764, "delta": 4.145471}}
{"target": -16.96643069351083, "params": {"C": 971312.0077598845, "gamma": 8.754189803161722}, "datetime": {"datetime": "2021-06-18 14:10:19", "elapsed": 822.084512, "delta": 3.452748}}
{"target": -10.273759727315143, "params": {"C": 23.10301516030514, "gamma": 2.136904936538964}, "datetime": {"datetime": "2021-06-18 14:10:21", "elapsed": 824.217897, "delta": 2.133385}}
{"target": -10.2878853196495, "params": {"C": 19.24941178298228, "gamma": 2.6149333301372963}, "datetime": {"datetime": "2021-06-18 14:10:23", "elapsed": 826.424218, "delta": 2.206321}}
{"target": -16.971758200744212, "params": {"C": 76041.37710727449, "gamma": 9.549829194331487}, "datetime": {"datetime": "2021-06-18 14:10:27", "elapsed": 830.469746, "delta": 4.045528}}
{"target": -10.581190319783827, "params": {"C": 234.1418999568857, "gamma": 1.1610661122794048}, "datetime": {"datetime": "2021-06-18 14:10:31", "elapsed": 834.594586, "delta": 4.12484}}
{"target": -10.065317259661985, "params": {"C": 81.83437886035318, "gamma": 0.08818380469820244}, "datetime": {"datetime": "2021-06-18 14:10:35", "elapsed": 838.449515, "delta": 3.854929}}
{"target": -9.9853157284906, "params": {"C": 187.2316649604667, "gamma": 0.0962164746620142}, "datetime": {"datetime": "2021-06-18 14:10:38", "elapsed": 840.924188, "delta": 2.474673}}
{"target": -10.506010638843183, "params": {"C": 216.5382689163065, "gamma": 1.2615779875052353}, "datetime": {"datetime": "2021-06-18 14:10:41", "elapsed": 844.600722, "delta": 3.676534}}
{"target": -16.977033814733648, "params": {"C": 871870.3652653529, "gamma": 9.968994794808163}, "datetime": {"datetime": "2021-06-18 14:10:45", "elapsed": 848.288719, "delta": 3.687997}}
{"target": -10.457418927324326, "params": {"C": 190.74489473060856, "gamma": 1.2799075132779076}, "datetime": {"datetime": "2021-06-18 14:10:50", "elapsed": 853.460503, "delta": 5.171784}}
{"target": -29.55165903193674, "params": {"C": 340376.9518136869, "gamma": 0.6673864022649554}, "datetime": {"datetime": "2021-06-18 14:10:53", "elapsed": 856.444952, "delta": 2.984449}}
{"target": -16.639223091130344, "params": {"C": 334399.62274508714, "gamma": 6.684692443638815}, "datetime": {"datetime": "2021-06-18 14:10:57", "elapsed": 860.511914, "delta": 4.066962}}
{"target": -9.672007119472674, "params": {"C": 162.0869189803769, "gamma": 0.1564259255388852}, "datetime": {"datetime": "2021-06-18 14:11:01", "elapsed": 864.504953, "delta": 3.993039}}
{"target": -10.644376560277301, "params": {"C": 68.08730011209495, "gamma": 3.0680250454774742}, "datetime": {"datetime": "2021-06-18 14:11:05", "elapsed": 867.638002, "delta": 3.133049}}
{"target": -16.977747718716174, "params": {"C": 880442.7311826457, "gamma": 9.951252637048636}, "datetime": {"datetime": "2021-06-18 14:11:09", "elapsed": 872.189592, "delta": 4.55159}}
{"target": -9.757502715841262, "params": {"C": 45.442057383544345, "gamma": 0.9469973224864527}, "datetime": {"datetime": "2021-06-18 14:11:13", "elapsed": 875.982555, "delta": 3.792963}}
{"target": -10.033002631082457, "params": {"C": 81.83121819518232, "gamma": 0.953821131493712}, "datetime": {"datetime": "2021-06-18 14:11:17", "elapsed": 880.230909, "delta": 4.248354}}
{"target": -16.97821728419115, "params": {"C": 245527.88135862586, "gamma": 9.164908920233287}, "datetime": {"datetime": "2021-06-18 14:11:22", "elapsed": 884.997257, "delta": 4.766348}}
{"target": -10.305827644048337, "params": {"C": 32.17011437323126, "gamma": 2.011662710952054}, "datetime": {"datetime": "2021-06-18 14:11:25", "elapsed": 887.74871, "delta": 2.751453}}
{"target": -16.584317719089164, "params": {"C": 812467.6097654889, "gamma": 6.475972137611822}, "datetime": {"datetime": "2021-06-18 14:11:29", "elapsed": 891.610121, "delta": 3.861411}}
{"target": -10.308404084948373, "params": {"C": 140.070935226679, "gamma": 1.3966486335198693}, "datetime": {"datetime": "2021-06-18 14:11:31", "elapsed": 894.596567, "delta": 2.986446}}
{"target": -10.485529018275312, "params": {"C": 207.26382360873842, "gamma": 0.8741803349557086}, "datetime": {"datetime": "2021-06-18 14:11:34", "elapsed": 896.99433, "delta": 2.397763}}
{"target": -23.528053009872465, "params": {"C": 905575.1894876077, "gamma": 2.3623628267432752}, "datetime": {"datetime": "2021-06-18 14:11:38", "elapsed": 901.126785, "delta": 4.132455}}
{"target": -11.54317307360041, "params": {"C": 156.76596080074674, "gamma": 3.0511138259614863}, "datetime": {"datetime": "2021-06-18 14:11:40", "elapsed": 903.50091, "delta": 2.374125}}
{"target": -11.346438275267891, "params": {"C": 51.663333992859805, "gamma": 4.894917296174246}, "datetime": {"datetime": "2021-06-18 14:11:44", "elapsed": 907.138556, "delta": 3.637646}}
{"target": -10.80949565431754, "params": {"C": 60.976070772715836, "gamma": 0.03500761714912094}, "datetime": {"datetime": "2021-06-18 14:11:47", "elapsed": 909.689858, "delta": 2.551302}}
{"target": -9.935977205510827, "params": {"C": 59.28284423765044, "gamma": 1.1331457610024416}, "datetime": {"datetime": "2021-06-18 14:11:53", "elapsed": 915.780982, "delta": 6.091124}}
{"target": -12.43023969858459, "params": {"C": 113.52739250433117, "gamma": 6.565201894520165}, "datetime": {"datetime": "2021-06-18 14:11:59", "elapsed": 921.710777, "delta": 5.929795}}
{"target": -16.63655007183008, "params": {"C": 720760.9094703951, "gamma": 6.649804935795948}, "datetime": {"datetime": "2021-06-18 14:12:04", "elapsed": 926.92964, "delta": 5.218863}}
{"target": -10.808002421703172, "params": {"C": 9.875465565335857, "gamma": 4.740230995283877}, "datetime": {"datetime": "2021-06-18 14:12:07", "elapsed": 930.516986, "delta": 3.587346}}
{"target": -10.075382082352629, "params": {"C": 126.80471757676818, "gamma": 0.07352179013849734}, "datetime": {"datetime": "2021-06-18 14:12:10", "elapsed": 933.203224, "delta": 2.686238}}
{"target": -20.22600982050235, "params": {"C": 928751.4857444846, "gamma": 3.3631073050092914}, "datetime": {"datetime": "2021-06-18 14:12:14", "elapsed": 936.914412, "delta": 3.711188}}
{"target": -9.731639405548975, "params": {"C": 7.743631495861804, "gamma": 1.9366019263941079}, "datetime": {"datetime": "2021-06-18 14:12:18", "elapsed": 941.566621, "delta": 4.652209}}
{"target": -31.517467361427958, "params": {"C": 954555.120451394, "gamma": 1.3244166236799932}, "datetime": {"datetime": "2021-06-18 14:12:21", "elapsed": 944.482427, "delta": 2.915806}}
{"target": -10.65679694900795, "params": {"C": 148.14438755549304, "gamma": 2.110632130423306}, "datetime": {"datetime": "2021-06-18 14:12:25", "elapsed": 948.250923, "delta": 3.768496}}
{"target": -9.825444197407489, "params": {"C": 196.5228185178018, "gamma": 0.3776829084290867}, "datetime": {"datetime": "2021-06-18 14:12:29", "elapsed": 952.39358, "delta": 4.142657}}
{"target": -13.095213252328108, "params": {"C": 34.202727751252766, "gamma": 9.086813087761811}, "datetime": {"datetime": "2021-06-18 14:12:33", "elapsed": 956.270969, "delta": 3.877389}}
{"target": -11.061659615952207, "params": {"C": 158.6511689229143, "gamma": 2.5381410630545247}, "datetime": {"datetime": "2021-06-18 14:12:39", "elapsed": 962.115686, "delta": 5.844717}}
{"target": -10.468401222404186, "params": {"C": 181.59697203818754, "gamma": 1.1343081011787308}, "datetime": {"datetime": "2021-06-18 14:12:42", "elapsed": 965.054328, "delta": 2.938642}}
{"target": -16.987036986057348, "params": {"C": 835029.5190694404, "gamma": 9.463260737970378}, "datetime": {"datetime": "2021-06-18 14:12:49", "elapsed": 971.627867, "delta": 6.573539}}
{"target": -14.488480834113776, "params": {"C": 175.43329961512433, "gamma": 9.310649132927777}, "datetime": {"datetime": "2021-06-18 14:12:51", "elapsed": 974.506395, "delta": 2.878528}}
{"target": -10.719322937120474, "params": {"C": 58.94124935749902, "gamma": 3.361368587580538}, "datetime": {"datetime": "2021-06-18 14:12:55", "elapsed": 978.447719, "delta": 3.941324}}
{"target": -11.263542287418844, "params": {"C": 240.83699889365616, "gamma": 0.013131026522626193}, "datetime": {"datetime": "2021-06-18 14:13:00", "elapsed": 983.587993, "delta": 5.140274}}
{"target": -11.185690530130781, "params": {"C": 217.07278323413414, "gamma": 2.2621370435106334}, "datetime": {"datetime": "2021-06-18 14:13:04", "elapsed": 986.675399, "delta": 3.087406}}
{"target": -10.625574785634868, "params": {"C": 73.27849581564624, "gamma": 2.8939721146043964}, "datetime": {"datetime": "2021-06-18 14:13:07", "elapsed": 990.422481, "delta": 3.747082}}
{"target": -12.177641446892693, "params": {"C": 147.16248392040907, "gamma": 5.0985799727503895}, "datetime": {"datetime": "2021-06-18 14:13:12", "elapsed": 994.919909, "delta": 4.497428}}
{"target": -10.610664840723999, "params": {"C": 29.559960341264546, "gamma": 3.5072067855179054}, "datetime": {"datetime": "2021-06-18 14:13:15", "elapsed": 998.519149, "delta": 3.59924}}
{"target": -11.690405801073666, "params": {"C": 101.34979699398649, "gamma": 5.221076475697202}, "datetime": {"datetime": "2021-06-18 14:13:19", "elapsed": 1001.667366, "delta": 3.148217}}
{"target": -9.961669296032852, "params": {"C": 212.33601764155796, "gamma": 0.09657869691783541}, "datetime": {"datetime": "2021-06-18 14:13:22", "elapsed": 1004.831949, "delta": 3.164583}}
{"target": -10.437729830329726, "params": {"C": 172.25411744489622, "gamma": 1.0213559025922594}, "datetime": {"datetime": "2021-06-18 14:13:25", "elapsed": 1007.948603, "delta": 3.116654}}
{"target": -35.22256510217342, "params": {"C": 883319.1171864517, "gamma": 0.7531765801712075}, "datetime": {"datetime": "2021-06-18 14:13:29", "elapsed": 1012.549024, "delta": 4.600421}}
{"target": -10.453943907783096, "params": {"C": 67.18007927232865, "gamma": 2.3418776355089563}, "datetime": {"datetime": "2021-06-18 14:13:34", "elapsed": 1016.941503, "delta": 4.392479}}
{"target": -10.31038798521183, "params": {"C": 25.437436171465286, "gamma": 2.585111326669786}, "datetime": {"datetime": "2021-06-18 14:13:37", "elapsed": 1020.005756, "delta": 3.064253}}
{"target": -10.542229585633693, "params": {"C": 3.828995831486905, "gamma": 4.139066928778246}, "datetime": {"datetime": "2021-06-18 14:13:40", "elapsed": 1023.045418, "delta": 3.039662}}
{"target": -11.561773844213194, "params": {"C": 174.08886651806407, "gamma": 2.885204794859968}, "datetime": {"datetime": "2021-06-18 14:13:43", "elapsed": 1026.502926, "delta": 3.457508}}
{"target": -12.875727763950506, "params": {"C": 60.28082707380003, "gamma": 7.86915920557232}, "datetime": {"datetime": "2021-06-18 14:13:47", "elapsed": 1029.753187, "delta": 3.250261}}
{"target": -10.52690514555241, "params": {"C": 42.05604013079529, "gamma": 3.029805474102021}, "datetime": {"datetime": "2021-06-18 14:13:51", "elapsed": 1034.126806, "delta": 4.373619}}
{"target": -14.402695640786964, "params": {"C": 129.11647488914446, "gamma": 9.77111662894337}, "datetime": {"datetime": "2021-06-18 14:13:56", "elapsed": 1038.682906, "delta": 4.5561}}
{"target": -10.546965221129549, "params": {"C": 228.9027218796415, "gamma": 0.8907459865025896}, "datetime": {"datetime": "2021-06-18 14:13:59", "elapsed": 1041.778017, "delta": 3.095111}}
{"target": -9.667481275620963, "params": {"C": 104.68385352261971, "gamma": 0.4705080007272198}, "datetime": {"datetime": "2021-06-18 14:14:03", "elapsed": 1046.010775, "delta": 4.232758}}
{"target": -11.51299171633664, "params": {"C": 65.37162748048702, "gamma": 5.128127079959791}, "datetime": {"datetime": "2021-06-18 14:14:08", "elapsed": 1051.094678, "delta": 5.083903}}
{"target": -9.624674825134537, "params": {"C": 105.47916332561601, "gamma": 0.4430278770625445}, "datetime": {"datetime": "2021-06-18 14:14:12", "elapsed": 1055.534781, "delta": 4.440103}}
{"target": -11.224321089243151, "params": {"C": 84.34517310380029, "gamma": 4.271366508230396}, "datetime": {"datetime": "2021-06-18 14:14:18", "elapsed": 1061.137166, "delta": 5.602385}}
{"target": -19.661012991727628, "params": {"C": 898131.679472048, "gamma": 3.609933814527721}, "datetime": {"datetime": "2021-06-18 14:14:23", "elapsed": 1066.329747, "delta": 5.192581}}
{"target": -10.410371365583192, "params": {"C": 161.4972789400621, "gamma": 1.0289187130832556}, "datetime": {"datetime": "2021-06-18 14:14:27", "elapsed": 1069.794319, "delta": 3.464572}}
{"target": -10.344109825237782, "params": {"C": 54.250843461513604, "gamma": 1.8696091159036263}, "datetime": {"datetime": "2021-06-18 14:14:31", "elapsed": 1074.308841, "delta": 4.514522}}
{"target": -10.342216121700371, "params": {"C": 139.9085532052346, "gamma": 1.0163003756451419}, "datetime": {"datetime": "2021-06-18 14:14:35", "elapsed": 1077.64146, "delta": 3.332619}}
{"target": -13.128819495963933, "params": {"C": 104.22699869011237, "gamma": 7.816490516136299}, "datetime": {"datetime": "2021-06-18 14:14:39", "elapsed": 1081.8982, "delta": 4.25674}}
{"target": -16.922647005316875, "params": {"C": 658637.0951671099, "gamma": 5.632899486687787}, "datetime": {"datetime": "2021-06-18 14:14:42", "elapsed": 1085.274063, "delta": 3.375863}}
{"target": -32.965441689280276, "params": {"C": 890857.3084525545, "gamma": 0.5062888455134422}, "datetime": {"datetime": "2021-06-18 14:14:46", "elapsed": 1089.383833, "delta": 4.10977}}
{"target": -10.556065467088931, "params": {"C": 242.56439402530614, "gamma": 1.2334839879239803}, "datetime": {"datetime": "2021-06-18 14:14:50", "elapsed": 1093.364671, "delta": 3.980838}}
{"target": -9.593683350229366, "params": {"C": 67.02583976831419, "gamma": 0.56850280027771}, "datetime": {"datetime": "2021-06-18 14:14:54", "elapsed": 1097.135368, "delta": 3.770697}}
{"target": -10.769953407647398, "params": {"C": 187.70536621943324, "gamma": 2.077062273046074}, "datetime": {"datetime": "2021-06-18 14:14:57", "elapsed": 1100.578684, "delta": 3.443316}}
{"target": -11.280004107515236, "params": {"C": 62.19353433279663, "gamma": 4.683406435318639}, "datetime": {"datetime": "2021-06-18 14:15:03", "elapsed": 1105.994357, "delta": 5.415673}}
{"target": -10.252230686690087, "params": {"C": 41.91857596876844, "gamma": 1.7289345455233687}, "datetime": {"datetime": "2021-06-18 14:15:10", "elapsed": 1112.666002, "delta": 6.671645}}
{"target": -11.276818916802938, "params": {"C": 238.01652458892445, "gamma": 2.232620796617542}, "datetime": {"datetime": "2021-06-18 14:15:14", "elapsed": 1117.161035, "delta": 4.495033}}
{"target": -9.717372956276387, "params": {"C": 167.74309370808018, "gamma": 0.37600024961321177}, "datetime": {"datetime": "2021-06-18 14:15:19", "elapsed": 1122.072819, "delta": 4.911784}}
{"target": -11.0012790434564, "params": {"C": 149.99963552777407, "gamma": 2.5521836830135776}, "datetime": {"datetime": "2021-06-18 14:15:24", "elapsed": 1126.880537, "delta": 4.807718}}
{"target": -10.579719969161335, "params": {"C": 40.71969038515959, "gamma": 3.1890835585486106}, "datetime": {"datetime": "2021-06-18 14:15:30", "elapsed": 1133.176984, "delta": 6.296447}}
{"target": -11.882402533562185, "params": {"C": 161.81667640210992, "gamma": 3.4355637265185948}, "datetime": {"datetime": "2021-06-18 14:15:35", "elapsed": 1138.506251, "delta": 5.329267}}
{"target": -9.491008795345035, "params": {"C": 28.826478524492707, "gamma": 0.8447398329307605}, "datetime": {"datetime": "2021-06-18 14:15:39", "elapsed": 1141.954209, "delta": 3.447958}}
{"target": -10.548525043745787, "params": {"C": 216.82271031112626, "gamma": 1.168174344954234}, "datetime": {"datetime": "2021-06-18 14:15:44", "elapsed": 1147.158354, "delta": 5.204145}}
{"target": -10.488747406848246, "params": {"C": 244.04008898838936, "gamma": 0.7670845767358946}, "datetime": {"datetime": "2021-06-18 14:15:49", "elapsed": 1151.871145, "delta": 4.712791}}
{"target": -10.302747575391546, "params": {"C": 158.7950997425885, "gamma": 0.8599325651138358}, "datetime": {"datetime": "2021-06-18 14:15:54", "elapsed": 1157.348286, "delta": 5.477141}}
{"target": -9.930221105701003, "params": {"C": 63.525617308499235, "gamma": 0.9600514449600042}, "datetime": {"datetime": "2021-06-18 14:15:58", "elapsed": 1160.728677, "delta": 3.380391}}
{"target": -10.356299817120144, "params": {"C": 165.1068224443179, "gamma": 1.4433488561468504}, "datetime": {"datetime": "2021-06-18 14:16:02", "elapsed": 1164.899797, "delta": 4.17112}}
{"target": -11.173463960281078, "params": {"C": 72.69963663763464, "gamma": 4.429996731019876}, "datetime": {"datetime": "2021-06-18 14:16:06", "elapsed": 1168.964877, "delta": 4.06508}}
{"target": -10.759142526024476, "params": {"C": 230.07327744550253, "gamma": 1.8914026120550183}, "datetime": {"datetime": "2021-06-18 14:16:12", "elapsed": 1175.106985, "delta": 6.142108}}
{"target": -11.581506758307555, "params": {"C": 47.76466474043926, "gamma": 0.02495511704797769}, "datetime": {"datetime": "2021-06-18 14:16:17", "elapsed": 1180.608334, "delta": 5.501349}}
