{"target": -10.405858133428696, "params": {"C": 158.4920422096008, "gamma": 1.1263691897079142}, "datetime": {"datetime": "2021-06-18 14:04:20", "elapsed": 463.454956, "delta": 2.164365}}
{"target": -16.960026443294424, "params": {"C": 437770.89083469246, "gamma": 8.652783653530355}, "datetime": {"datetime": "2021-06-18 14:04:22", "elapsed": 464.911207, "delta": 1.456251}}
{"target": -16.577937149896453, "params": {"C": 207238.14679207184, "gamma": 6.5133084112330994}, "datetime": {"datetime": "2021-06-18 14:04:23", "elapsed": 466.344074, "delta": 1.432867}}
{"target": -9.5301681597163, "params": {"C": 188.33532875849212, "gamma": 0.21685433280733002}, "datetime": {"datetime": "2021-06-18 14:04:26", "elapsed": 469.150792, "delta": 2.806718}}
{"target": -12.216311747738665, "params": {"C": 196.82133565040502, "gamma": 3.397071591160355}, "datetime": {"datetime": "2021-06-18 14:04:28", "elapsed": 471.467351, "delta": 2.316559}}
{"target": -10.238334199786062, "params": {"C": 151.5174973606998, "gamma": 0.8320580522675205}, "datetime": {"datetime": "2021-06-18 14:04:31", "elapsed": 473.861034, "delta": 2.393683}}
{"target": -10.340552428987039, "params": {"C": 139.46300272161736, "gamma": 1.2287910848632564}, "datetime": {"datetime": "2021-06-18 14:04:33", "elapsed": 475.93485, "delta": 2.073816}}
{"target": -17.14694803884961, "params": {"C": 991535.2152725111, "gamma": 0.09045464775987883}, "datetime": {"datetime": "2021-06-18 14:04:35", "elapsed": 478.28375, "delta": 2.3489}}
{"target": -10.410703184645604, "params": {"C": 1.1802525650842473, "gamma": 3.230205017069823}, "datetime": {"datetime": "2021-06-18 14:04:37", "elapsed": 479.981155, "delta": 1.697405}}
{"target": -11.504447613467034, "params": {"C": 233.5073576171816, "gamma": 2.43029867751632}, "datetime": {"datetime": "2021-06-18 14:04:39", "elapsed": 481.928155, "delta": 1.947}}
{"target": -10.348140989638729, "params": {"C": 186.21215464009896, "gamma": 0.8068555253350763}, "datetime": {"datetime": "2021-06-18 14:04:41", "elapsed": 484.220563, "delta": 2.292408}}
{"target": -12.060088563314043, "params": {"C": 127.83697234106779, "gamma": 5.850084170584555}, "datetime": {"datetime": "2021-06-18 14:04:44", "elapsed": 487.431141, "delta": 3.210578}}
{"target": -9.767532966436047, "params": {"C": 34.125322250543334, "gamma": 1.273928871779309}, "datetime": {"datetime": "2021-06-18 14:04:47", "elapsed": 490.18015, "delta": 2.749009}}
{"target": -12.462540398448928, "params": {"C": 174.37536137328348, "gamma": 5.385357994771025}, "datetime": {"datetime": "2021-06-18 14:04:49", "elapsed": 492.168111, "delta": 1.987961}}
{"target": -10.201925370219774, "params": {"C": 15.194924265982127, "gamma": 2.1998644348024716}, "datetime": {"datetime": "2021-06-18 14:04:51", "elapsed": 494.071311, "delta": 1.9032}}
{"target": -14.046842421807906, "params": {"C": 92569.99592875646, "gamma": 0.13434552502366312}, "datetime": {"datetime": "2021-06-18 14:04:53", "elapsed": 495.647024, "delta": 1.575713}}
{"target": -31.990281224181523, "params": {"C": 431341.132621817, "gamma": 0.8516148890873216}, "datetime": {"datetime": "2021-06-18 14:04:55", "elapsed": 498.146855, "delta": 2.499831}}
{"target": -9.42116106603378, "params": {"C": 27.59280913474991, "gamma": 0.4215848606808759}, "datetime": {"datetime": "2021-06-18 14:04:57", "elapsed": 499.970419, "delta": 1.823564}}
{"target": -16.987195557956035, "params": {"C": 922711.8421940584, "gamma": 9.488703869428335}, "datetime": {"datetime": "2021-06-18 14:04:59", "elapsed": 502.19547, "delta": 2.225051}}
{"target": -10.48067389106936, "params": {"C": 187.6722697389102, "gamma": 1.2003189474915918}, "datetime": {"datetime": "2021-06-18 14:05:01", "elapsed": 503.619848, "delta": 1.424378}}
{"target": -23.801138272154724, "params": {"C": 43757.94412006836, "gamma": 1.3733491807582658}, "datetime": {"datetime": "2021-06-18 14:05:03", "elapsed": 505.799316, "delta": 2.179468}}
{"target": -17.102534110284424, "params": {"C": 8008.00617480963, "gamma": 5.424701175753777}, "datetime": {"datetime": "2021-06-18 14:05:06", "elapsed": 509.091565, "delta": 3.292249}}
{"target": -14.216784713600283, "params": {"C": 239.81499931915477, "gamma": 8.26662636284713}, "datetime": {"datetime": "2021-06-18 14:05:09", "elapsed": 511.974673, "delta": 2.883108}}
{"target": -10.691246853558047, "params": {"C": 21.260026207033984, "gamma": 3.953988521107459}, "datetime": {"datetime": "2021-06-18 14:05:11", "elapsed": 513.711398, "delta": 1.736725}}
{"target": -12.909057232813606, "params": {"C": 230.18776032045682, "gamma": 4.517080438563623}, "datetime": {"datetime": "2021-06-18 14:05:13", "elapsed": 515.743365, "delta": 2.031967}}
{"target": -11.61588721151816, "params": {"C": 132.51457342563262, "gamma": 3.559138084276397}, "datetime": {"datetime": "2021-06-18 14:05:14", "elapsed": 517.315868, "delta": 1.572503}}
{"target": -12.934720563231178, "params": {"C": 36.947235202697, "gamma": 8.55447264297411}, "datetime": {"datetime": "2021-06-18 14:05:17", "elapsed": 519.721921, "delta": 2.406053}}
{"target": -10.560424246169244, "params": {"C": 92.36286514717007, "gamma": 2.3338832456189222}, "datetime": {"datetime": "2021-06-18 14:05:19", "elapsed": 521.665407, "delta": 1.943486}}
{"target": -11.354736952435026, "params": {"C": 7.830315007366034, "gamma": 6.087152610051978}, "datetime": {"datetime": "2021-06-18 14:05:23", "elapsed": 525.638553, "delta": 3.973146}}
{"target": -10.390172903992458, "params": {"C": 49.480685686063154, "gamma": 2.3176568413485534}, "datetime": {"datetime": "2021-06-18 14:05:25", "elapsed": 527.742296, "delta": 2.103743}}
{"target": -10.332343885858124, "params": {"C": 29.112455216200544, "gamma": 2.235528376014688}, "datetime": {"datetime": "2021-06-18 14:05:27", "elapsed": 530.056453, "delta": 2.314157}}
{"target": -12.380697836391603, "params": {"C": 188.75865640100875, "gamma": 3.8448410281903844}, "datetime": {"datetime": "2021-06-18 14:05:29", "elapsed": 532.139171, "delta": 2.082718}}
{"target": -10.201545412936376, "params": {"C": 204.76307417926185, "gamma": 0.5248677008461112}, "datetime": {"datetime": "2021-06-18 14:05:31", "elapsed": 534.153949, "delta": 2.014778}}
{"target": -10.50875561819432, "params": {"C": 240.87185228124173, "gamma": 1.3528728642551509}, "datetime": {"datetime": "2021-06-18 14:05:33", "elapsed": 535.970155, "delta": 1.816206}}
{"target": -13.456803920778091, "params": {"C": 52.71964772362107, "gamma": 9.47975876404701}, "datetime": {"datetime": "2021-06-18 14:05:35", "elapsed": 538.039547, "delta": 2.069392}}
{"target": -10.616333461756769, "params": {"C": 76.59557559662213, "gamma": 2.7777614298351283}, "datetime": {"datetime": "2021-06-18 14:05:36", "elapsed": 539.577173, "delta": 1.537626}}
{"target": -12.8108451276989, "params": {"C": 214.6626913218379, "gamma": 5.488618468698735}, "datetime": {"datetime": "2021-06-18 14:05:38", "elapsed": 541.506457, "delta": 1.929284}}
{"target": -9.862295691086878, "params": {"C": 133.190696592521, "gamma": 0.4950186960049339}, "datetime": {"datetime": "2021-06-18 14:05:40", "elapsed": 543.360174, "delta": 1.853717}}
{"target": -10.392870852150049, "params": {"C": 32.86573126562281, "gamma": 2.7851292553376283}, "datetime": {"datetime": "2021-06-18 14:05:42", "elapsed": 544.868692, "delta": 1.508518}}
{"target": -9.697120628825177, "params": {"C": 6.2639308154691955, "gamma": 0.5939237801632601}, "datetime": {"datetime": "2021-06-18 14:05:45", "elapsed": 547.880332, "delta": 3.01164}}
{"target": -10.48947412086864, "params": {"C": 169.30009874986317, "gamma": 1.672011640612118}, "datetime": {"datetime": "2021-06-18 14:05:46", "elapsed": 549.398487, "delta": 1.518155}}
{"target": -10.393530043491074, "params": {"C": 182.14037116167526, "gamma": 1.3740786645354341}, "datetime": {"datetime": "2021-06-18 14:05:48", "elapsed": 550.921662, "delta": 1.523175}}
{"target": -10.397273912393805, "params": {"C": 46.232687591278484, "gamma": 2.5817264590356053}, "datetime": {"datetime": "2021-06-18 14:05:49", "elapsed": 552.515829, "delta": 1.594167}}
{"target": -10.606468102390963, "params": {"C": 8.740141334289081, "gamma": 4.229332140243913}, "datetime": {"datetime": "2021-06-18 14:05:52", "elapsed": 555.064275, "delta": 2.548446}}
{"target": -11.210909114737916, "params": {"C": 79.80036822224767, "gamma": 4.402037556068706}, "datetime": {"datetime": "2021-06-18 14:05:54", "elapsed": 557.431411, "delta": 2.367136}}
{"target": -16.985718252050408, "params": {"C": 613694.7712568814, "gamma": 9.615721553383201}, "datetime": {"datetime": "2021-06-18 14:05:57", "elapsed": 560.193779, "delta": 2.762368}}
{"target": -17.395529947868503, "params": {"C": 780072.5420666973, "gamma": 5.141560619683342}, "datetime": {"datetime": "2021-06-18 14:05:59", "elapsed": 561.744706, "delta": 1.550927}}
{"target": -10.798596856084925, "params": {"C": 65.72658116779665, "gamma": 3.53905172059333}, "datetime": {"datetime": "2021-06-18 14:06:01", "elapsed": 563.798327, "delta": 2.053621}}
{"target": -10.62923826839951, "params": {"C": 112.96230083510548, "gamma": 2.2920918158017525}, "datetime": {"datetime": "2021-06-18 14:06:03", "elapsed": 566.432042, "delta": 2.633715}}
{"target": -11.686828158542305, "params": {"C": 213.46604781275286, "gamma": 2.6874529290829017}, "datetime": {"datetime": "2021-06-18 14:06:05", "elapsed": 568.391568, "delta": 1.959526}}
{"target": -23.218721767279558, "params": {"C": 608389.9782945423, "gamma": 2.422922947826456}, "datetime": {"datetime": "2021-06-18 14:06:08", "elapsed": 570.853481, "delta": 2.461913}}
{"target": -10.29324268570264, "params": {"C": 29.000288175324005, "gamma": 2.0381671774123573}, "datetime": {"datetime": "2021-06-18 14:06:09", "elapsed": 572.483061, "delta": 1.62958}}
{"target": -12.20806812244914, "params": {"C": 201.96435492826686, "gamma": 3.320351797384775}, "datetime": {"datetime": "2021-06-18 14:06:12", "elapsed": 575.348813, "delta": 2.865752}}
{"target": -9.38815851917694, "params": {"C": 76.90744398264816, "gamma": 0.32372863618630404}, "datetime": {"datetime": "2021-06-18 14:06:15", "elapsed": 577.741476, "delta": 2.392663}}
{"target": -10.357700892942615, "params": {"C": 73.86117109553297, "gamma": 1.747574302465364}, "datetime": {"datetime": "2021-06-18 14:06:17", "elapsed": 580.461831, "delta": 2.720355}}
{"target": -10.37414379334266, "params": {"C": 148.462411911802, "gamma": 1.1127359088436486}, "datetime": {"datetime": "2021-06-18 14:06:19", "elapsed": 582.488003, "delta": 2.026172}}
{"target": -9.71970153826202, "params": {"C": 84.18346533600813, "gamma": 0.5794884527906552}, "datetime": {"datetime": "2021-06-18 14:06:21", "elapsed": 584.563211, "delta": 2.075208}}
{"target": -11.156710715542763, "params": {"C": 99.38613379346351, "gamma": 3.554588719815948}, "datetime": {"datetime": "2021-06-18 14:06:23", "elapsed": 586.150707, "delta": 1.587496}}
{"target": -10.201515345264358, "params": {"C": 9.658743957004557, "gamma": 2.862993992989718}, "datetime": {"datetime": "2021-06-18 14:06:25", "elapsed": 587.794968, "delta": 1.644261}}
{"target": -18.734283137708502, "params": {"C": 133446.83531510457, "gamma": 4.146105505303329}, "datetime": {"datetime": "2021-06-18 14:06:27", "elapsed": 590.039959, "delta": 2.244991}}
{"target": -12.49846857620192, "params": {"C": 177.78702898406667, "gamma": 5.425623305892344}, "datetime": {"datetime": "2021-06-18 14:06:29", "elapsed": 591.609659, "delta": 1.5697}}
{"target": -10.470391581529412, "params": {"C": 84.56302580024253, "gamma": 2.041884678564627}, "datetime": {"datetime": "2021-06-18 14:06:31", "elapsed": 594.372557, "delta": 2.762898}}
{"target": -16.6046584418271, "params": {"C": 779208.8852585347, "gamma": 6.117714187685295}, "datetime": {"datetime": "2021-06-18 14:06:33", "elapsed": 595.968127, "delta": 1.59557}}
{"target": -10.23390671757479, "params": {"C": 104.40911887175442, "gamma": 1.1316764551702179}, "datetime": {"datetime": "2021-06-18 14:06:35", "elapsed": 597.911967, "delta": 1.94384}}
{"target": -10.486855251216124, "params": {"C": 188.06742777192107, "gamma": 1.1668958801791822}, "datetime": {"datetime": "2021-06-18 14:06:37", "elapsed": 600.497794, "delta": 2.585827}}
{"target": -29.675701043125198, "params": {"C": 933187.4649906612, "gamma": 1.5018822348099308}, "datetime": {"datetime": "2021-06-18 14:06:39", "elapsed": 602.215732, "delta": 1.717938}}
{"target": -12.467578986988286, "params": {"C": 244.07570858074047, "gamma": 3.194062099497209}, "datetime": {"datetime": "2021-06-18 14:06:41", "elapsed": 603.823708, "delta": 1.607976}}
{"target": -10.920708239156879, "params": {"C": 169.1353550731054, "gamma": 2.321452766214789}, "datetime": {"datetime": "2021-06-18 14:06:43", "elapsed": 606.567306, "delta": 2.743598}}
{"target": -10.703082004912996, "params": {"C": 134.12644348677728, "gamma": 2.2707689390139127}, "datetime": {"datetime": "2021-06-18 14:06:46", "elapsed": 609.040685, "delta": 2.473379}}
{"target": -9.839671519759252, "params": {"C": 202.87059157031084, "gamma": 0.37535907031446075}, "datetime": {"datetime": "2021-06-18 14:06:49", "elapsed": 611.645343, "delta": 2.604658}}
{"target": -18.280420210176878, "params": {"C": 850232.4597919513, "gamma": 4.421775824788426}, "datetime": {"datetime": "2021-06-18 14:06:51", "elapsed": 613.871413, "delta": 2.22607}}
{"target": -28.94539386206489, "params": {"C": 179244.1534097972, "gamma": 1.2511098597062102}, "datetime": {"datetime": "2021-06-18 14:06:53", "elapsed": 616.05718, "delta": 2.185767}}
{"target": -9.472569669927594, "params": {"C": 47.977918645316315, "gamma": 0.5784468968382172}, "datetime": {"datetime": "2021-06-18 14:06:55", "elapsed": 617.810935, "delta": 1.753755}}
{"target": -10.365167813221884, "params": {"C": 154.32258234429614, "gamma": 1.330441676803514}, "datetime": {"datetime": "2021-06-18 14:06:57", "elapsed": 620.077136, "delta": 2.266201}}
{"target": -16.8965525402169, "params": {"C": 120650.68663413264, "gamma": 8.012096348817076}, "datetime": {"datetime": "2021-06-18 14:07:00", "elapsed": 622.697261, "delta": 2.620125}}
{"target": -9.341120967111543, "params": {"C": 34.36209806448403, "gamma": 0.545913747210092}, "datetime": {"datetime": "2021-06-18 14:07:02", "elapsed": 625.111368, "delta": 2.414107}}
{"target": -21.907462876321713, "params": {"C": 699927.1908691764, "gamma": 2.748926144197896}, "datetime": {"datetime": "2021-06-18 14:07:04", "elapsed": 627.334553, "delta": 2.223185}}
{"target": -10.739898331170176, "params": {"C": 24.49059898620121, "gamma": 3.965006466962126}, "datetime": {"datetime": "2021-06-18 14:07:07", "elapsed": 629.717286, "delta": 2.382733}}
{"target": -10.798862121416663, "params": {"C": 57.20007967403031, "gamma": 3.584987360413721}, "datetime": {"datetime": "2021-06-18 14:07:08", "elapsed": 631.464481, "delta": 1.747195}}
{"target": -10.485263074807813, "params": {"C": 6.285177369297557, "gamma": 3.9162686286061468}, "datetime": {"datetime": "2021-06-18 14:07:10", "elapsed": 633.233922, "delta": 1.769441}}
{"target": -14.355113769630115, "params": {"C": 233.82539763740513, "gamma": 8.523938777561808}, "datetime": {"datetime": "2021-06-18 14:07:13", "elapsed": 636.135734, "delta": 2.901812}}
{"target": -11.007606621438768, "params": {"C": 89.97073931869875, "gamma": 3.460788125926763}, "datetime": {"datetime": "2021-06-18 14:07:15", "elapsed": 638.531837, "delta": 2.396103}}
{"target": -16.67588510452911, "params": {"C": 655164.8033815764, "gamma": 6.794540073705789}, "datetime": {"datetime": "2021-06-18 14:07:18", "elapsed": 641.301364, "delta": 2.769527}}
{"target": -34.05673957042536, "params": {"C": 701861.1030454958, "gamma": 0.9739686657532153}, "datetime": {"datetime": "2021-06-18 14:07:20", "elapsed": 643.528043, "delta": 2.226679}}
{"target": -9.56048032436002, "params": {"C": 27.748507966532653, "gamma": 0.9774604168688775}, "datetime": {"datetime": "2021-06-18 14:07:24", "elapsed": 647.039829, "delta": 3.511786}}
{"target": -10.318999158267664, "params": {"C": 42.930531221683204, "gamma": 1.8835231742925664}, "datetime": {"datetime": "2021-06-18 14:07:26", "elapsed": 649.16512, "delta": 2.125291}}
{"target": -11.064177678812321, "params": {"C": 130.35052001743827, "gamma": 2.8399418569501926}, "datetime": {"datetime": "2021-06-18 14:07:29", "elapsed": 652.449096, "delta": 3.283976}}
{"target": -16.95467023603838, "params": {"C": 400480.78269084496, "gamma": 8.557638434372173}, "datetime": {"datetime": "2021-06-18 14:07:32", "elapsed": 655.303281, "delta": 2.854185}}
{"target": -9.728052975568446, "params": {"C": 38.20491089658256, "gamma": 1.0384529386939283}, "datetime": {"datetime": "2021-06-18 14:07:34", "elapsed": 657.339787, "delta": 2.036506}}
{"target": -28.1087581538136, "params": {"C": 154045.36585781034, "gamma": 1.0931828460933797}, "datetime": {"datetime": "2021-06-18 14:07:36", "elapsed": 659.094451, "delta": 1.754664}}
{"target": -10.45682671786042, "params": {"C": 198.19266069999208, "gamma": 1.3019593545344623}, "datetime": {"datetime": "2021-06-18 14:07:39", "elapsed": 662.020827, "delta": 2.926376}}
{"target": -10.527740098482521, "params": {"C": 237.272656109855, "gamma": 1.2862915898862122}, "datetime": {"datetime": "2021-06-18 14:07:41", "elapsed": 663.854223, "delta": 1.833396}}
{"target": -11.165552398026009, "params": {"C": 129.1584403565369, "gamma": 2.973718339986991}, "datetime": {"datetime": "2021-06-18 14:07:43", "elapsed": 666.18641, "delta": 2.332187}}
{"target": -27.819279843739352, "params": {"C": 600233.9906906342, "gamma": 1.6952850208229364}, "datetime": {"datetime": "2021-06-18 14:07:45", "elapsed": 668.50215, "delta": 2.31574}}
{"target": -10.809747672238775, "params": {"C": 194.70911716873206, "gamma": 2.073689424569367}, "datetime": {"datetime": "2021-06-18 14:07:48", "elapsed": 671.066888, "delta": 2.564738}}
{"target": -9.337858026234962, "params": {"C": 7.847897274657198, "gamma": 1.0126487246025058}, "datetime": {"datetime": "2021-06-18 14:07:51", "elapsed": 674.355908, "delta": 3.28902}}
{"target": -16.762578499043464, "params": {"C": 856289.6346937291, "gamma": 7.130217664577453}, "datetime": {"datetime": "2021-06-18 14:07:55", "elapsed": 677.830673, "delta": 3.474765}}
{"target": -10.151306395213917, "params": {"C": 32.580500370227824, "gamma": 1.6704966593842046}, "datetime": {"datetime": "2021-06-18 14:07:57", "elapsed": 680.218948, "delta": 2.388275}}
{"target": -10.461815929678723, "params": {"C": 97.1492324603164, "gamma": 1.8736743130206048}, "datetime": {"datetime": "2021-06-18 14:08:00", "elapsed": 682.813588, "delta": 2.59464}}
{"target": -10.3041302811652, "params": {"C": 47.363186609989285, "gamma": 1.7897381604992701}, "datetime": {"datetime": "2021-06-18 14:08:02", "elapsed": 685.319629, "delta": 2.506041}}
{"target": -19.970142318378002, "params": {"C": 988117.6624019401, "gamma": 3.4704943746687777}, "datetime": {"datetime": "2021-06-18 14:08:05", "elapsed": 688.211327, "delta": 2.891698}}
{"target": -16.757789382121537, "params": {"C": 539323.3665508253, "gamma": 5.869433617696235}, "datetime": {"datetime": "2021-06-18 14:08:09", "elapsed": 691.73813, "delta": 3.526803}}
{"target": -16.96272401032771, "params": {"C": 795923.1280110289, "gamma": 8.670390914104022}, "datetime": {"datetime": "2021-06-18 14:08:12", "elapsed": 695.362377, "delta": 3.624247}}
{"target": -10.382354727019916, "params": {"C": 185.0923389542625, "gamma": 1.443793194009247}, "datetime": {"datetime": "2021-06-18 14:08:15", "elapsed": 697.833142, "delta": 2.470765}}
{"target": -18.806247793624035, "params": {"C": 623547.9072378615, "gamma": 4.070202470171003}, "datetime": {"datetime": "2021-06-18 14:08:17", "elapsed": 699.906107, "delta": 2.072965}}
{"target": -10.011593389651132, "params": {"C": 84.82638196829657, "gamma": 0.11607460016657585}, "datetime": {"datetime": "2021-06-18 14:08:19", "elapsed": 702.109143, "delta": 2.203036}}
{"target": -10.189588221642607, "params": {"C": 58.41240311212154, "gamma": 0.07280603555481248}, "datetime": {"datetime": "2021-06-18 14:08:22", "elapsed": 705.583724, "delta": 3.474581}}
{"target": -17.588691100710452, "params": {"C": 204740.08507744395, "gamma": 4.970943029034316}, "datetime": {"datetime": "2021-06-18 14:08:27", "elapsed": 709.825969, "delta": 4.242245}}
{"target": -12.502305198994343, "params": {"C": 50.53873626371122, "gamma": 7.212184920588229}, "datetime": {"datetime": "2021-06-18 14:08:30", "elapsed": 713.260298, "delta": 3.434329}}
{"target": -11.62001379494849, "params": {"C": 182.69203147377678, "gamma": 2.8627899400193284}, "datetime": {"datetime": "2021-06-18 14:08:34", "elapsed": 717.409018, "delta": 4.14872}}
{"target": -17.170543000233074, "params": {"C": 769073.0270016338, "gamma": 5.3545536662183535}, "datetime": {"datetime": "2021-06-18 14:08:37", "elapsed": 720.337423, "delta": 2.928405}}
{"target": -18.516189588582556, "params": {"C": 234810.78221552284, "gamma": 4.27320483097352}, "datetime": {"datetime": "2021-06-18 14:08:42", "elapsed": 725.074076, "delta": 4.736653}}
{"target": -10.455395227388658, "params": {"C": 17.28305710053577, "gamma": 3.4208731381354722}, "datetime": {"datetime": "2021-06-18 14:08:46", "elapsed": 728.704691, "delta": 3.630615}}
{"target": -9.521672517796672, "params": {"C": 5.899369511466962, "gamma": 1.6552017406007482}, "datetime": {"datetime": "2021-06-18 14:08:49", "elapsed": 732.412324, "delta": 3.707633}}
{"target": -9.58644054719652, "params": {"C": 54.45792850142242, "gamma": 0.6461679124483674}, "datetime": {"datetime": "2021-06-18 14:08:51", "elapsed": 734.431312, "delta": 2.018988}}
{"target": -9.823125948262243, "params": {"C": 77.39737440305763, "gamma": 0.7029194420106012}, "datetime": {"datetime": "2021-06-18 14:08:54", "elapsed": 737.268513, "delta": 2.837201}}
{"target": -10.382074750838807, "params": {"C": 50.065339602868875, "gamma": 2.237438028553173}, "datetime": {"datetime": "2021-06-18 14:08:57", "elapsed": 739.845149, "delta": 2.576636}}
