{"target": -23.802767417988015, "params": {"C": 195669.94794410508, "gamma": 2.3007734072679495}, "datetime": {"datetime": "2021-06-18 16:30:13", "elapsed": 9216.469597, "delta": 9.090469}}
{"target": -12.83744215183495, "params": {"C": 13.009657805605274, "gamma": 9.439889240702357}, "datetime": {"datetime": "2021-06-18 16:30:22", "elapsed": 9224.665307, "delta": 8.19571}}
{"target": -9.5700044938508, "params": {"C": 182.3489222055675, "gamma": 0.277403720411974}, "datetime": {"datetime": "2021-06-18 16:30:32", "elapsed": 9235.275122, "delta": 10.609815}}
{"target": -10.261392229900418, "params": {"C": 244.26324493033567, "gamma": 0.49547694417984006}, "datetime": {"datetime": "2021-06-18 16:30:37", "elapsed": 9240.126525, "delta": 4.851403}}
{"target": -10.730894983478137, "params": {"C": 49.6874028653415, "gamma": 3.4935646484759006}, "datetime": {"datetime": "2021-06-18 16:30:44", "elapsed": 9246.723631, "delta": 6.597106}}
{"target": -10.02264006121335, "params": {"C": 177.34375982768537, "gamma": 0.48237296192771445}, "datetime": {"datetime": "2021-06-18 16:30:50", "elapsed": 9252.884031, "delta": 6.1604}}
{"target": -10.45360875470218, "params": {"C": 199.06150981189052, "gamma": 1.3090315818316898}, "datetime": {"datetime": "2021-06-18 16:30:54", "elapsed": 9257.566636, "delta": 4.682605}}
{"target": -16.879527356884346, "params": {"C": 794434.5886013475, "gamma": 7.747571103360415}, "datetime": {"datetime": "2021-06-18 16:31:03", "elapsed": 9265.643276, "delta": 8.07664}}
{"target": -10.756344954746227, "params": {"C": 142.0289608701198, "gamma": 2.3149474248124937}, "datetime": {"datetime": "2021-06-18 16:31:12", "elapsed": 9274.903436, "delta": 9.26016}}
{"target": -12.767412538296535, "params": {"C": 220.3445296590863, "gamma": 4.147225105998516}, "datetime": {"datetime": "2021-06-18 16:31:19", "elapsed": 9282.519821, "delta": 7.616385}}
{"target": -11.790550307761062, "params": {"C": 112.2532045018306, "gamma": 5.055092883656901}, "datetime": {"datetime": "2021-06-18 16:31:26", "elapsed": 9288.640824, "delta": 6.121003}}
{"target": -12.63064785487197, "params": {"C": 194.73732491417658, "gamma": 5.09488499384504}, "datetime": {"datetime": "2021-06-18 16:31:32", "elapsed": 9294.810126, "delta": 6.169302}}
{"target": -11.160363205453795, "params": {"C": 51.101264859297274, "gamma": 4.543472970872798}, "datetime": {"datetime": "2021-06-18 16:31:36", "elapsed": 9299.473025, "delta": 4.662899}}
{"target": -10.387306676967528, "params": {"C": 218.66244201426437, "gamma": 0.7530867168959826}, "datetime": {"datetime": "2021-06-18 16:31:41", "elapsed": 9303.97078, "delta": 4.497755}}
{"target": -17.174974794930726, "params": {"C": 321216.1041124502, "gamma": 5.352493732126041}, "datetime": {"datetime": "2021-06-18 16:31:47", "elapsed": 9309.623101, "delta": 5.652321}}
{"target": -17.09564925980532, "params": {"C": 675229.3663861639, "gamma": 5.429703737015326}, "datetime": {"datetime": "2021-06-18 16:31:51", "elapsed": 9314.406406, "delta": 4.783305}}
{"target": -9.808110305623792, "params": {"C": 6.693877159121915, "gamma": 2.102895678031051}, "datetime": {"datetime": "2021-06-18 16:31:57", "elapsed": 9320.497581, "delta": 6.091175}}
{"target": -10.627815791935888, "params": {"C": 93.55392889383084, "gamma": 2.5052909987206684}, "datetime": {"datetime": "2021-06-18 16:32:10", "elapsed": 9333.470127, "delta": 12.972546}}
{"target": -11.820592466197793, "params": {"C": 62.11939493469453, "gamma": 5.744284736830656}, "datetime": {"datetime": "2021-06-18 16:32:19", "elapsed": 9341.940282, "delta": 8.470155}}
{"target": -16.627483260880602, "params": {"C": 781798.5595036154, "gamma": 6.081597574561076}, "datetime": {"datetime": "2021-06-18 16:32:26", "elapsed": 9348.681475, "delta": 6.741193}}
{"target": -9.957786900831934, "params": {"C": 37.98187944527613, "gamma": 1.399614537325275}, "datetime": {"datetime": "2021-06-18 16:32:34", "elapsed": 9356.81152, "delta": 8.130045}}
{"target": -12.147580181211168, "params": {"C": 52.189155554292554, "gamma": 6.46339250475016}, "datetime": {"datetime": "2021-06-18 16:32:47", "elapsed": 9369.701437, "delta": 12.889917}}
{"target": -12.590618167522557, "params": {"C": 0.2002656823107868, "gamma": 5.039813523234935}, "datetime": {"datetime": "2021-06-18 16:32:56", "elapsed": 9378.786631, "delta": 9.085194}}
{"target": -10.365331589801842, "params": {"C": 144.41316431440595, "gamma": 1.097169961597268}, "datetime": {"datetime": "2021-06-18 16:33:03", "elapsed": 9386.490243, "delta": 7.703612}}
{"target": -9.875535225405796, "params": {"C": 110.16065117053495, "gamma": 0.5705076675507382}, "datetime": {"datetime": "2021-06-18 16:33:08", "elapsed": 9391.56521, "delta": 5.074967}}
{"target": -11.829591585397218, "params": {"C": 111.47262526680719, "gamma": 5.309084983043992}, "datetime": {"datetime": "2021-06-18 16:33:16", "elapsed": 9399.180345, "delta": 7.615135}}
{"target": -16.723656475608223, "params": {"C": 115951.33894695791, "gamma": 5.923901064294101}, "datetime": {"datetime": "2021-06-18 16:33:25", "elapsed": 9408.045558, "delta": 8.865213}}
{"target": -11.66290620221216, "params": {"C": 144.17298172227578, "gamma": 3.3985952416292005}, "datetime": {"datetime": "2021-06-18 16:33:30", "elapsed": 9413.070823, "delta": 5.025265}}
{"target": -10.589764138289517, "params": {"C": 92.25346952194329, "gamma": 2.412720408709631}, "datetime": {"datetime": "2021-06-18 16:33:36", "elapsed": 9418.912681, "delta": 5.841858}}
{"target": -11.773032238696675, "params": {"C": 236.91034320975803, "gamma": 2.6124604510349405}, "datetime": {"datetime": "2021-06-18 16:33:44", "elapsed": 9427.485031, "delta": 8.57235}}
{"target": -11.369398693673398, "params": {"C": 229.70885545750332, "gamma": 2.349738308582985}, "datetime": {"datetime": "2021-06-18 16:33:54", "elapsed": 9436.779791, "delta": 9.29476}}
{"target": -9.833569767883095, "params": {"C": 34.22213407200593, "gamma": 0.21661567163887005}, "datetime": {"datetime": "2021-06-18 16:34:00", "elapsed": 9443.280964, "delta": 6.501173}}
{"target": -16.8494436302677, "params": {"C": 688044.3585233267, "gamma": 7.5594298303003695}, "datetime": {"datetime": "2021-06-18 16:34:05", "elapsed": 9448.589831, "delta": 5.308867}}
{"target": -20.801750215661848, "params": {"C": 225659.9998241318, "gamma": 3.1535005031332353}, "datetime": {"datetime": "2021-06-18 16:34:12", "elapsed": 9454.656208, "delta": 6.066377}}
{"target": -10.411665392943679, "params": {"C": 186.14815809265718, "gamma": 1.3477682562234017}, "datetime": {"datetime": "2021-06-18 16:34:23", "elapsed": 9466.090669, "delta": 11.434461}}
{"target": -12.7272811613001, "params": {"C": 237.59568837480228, "gamma": 3.6402298398596864}, "datetime": {"datetime": "2021-06-18 16:34:30", "elapsed": 9473.158818, "delta": 7.068149}}
{"target": -9.264314300933874, "params": {"C": 8.223829098840127, "gamma": 1.1487102869096206}, "datetime": {"datetime": "2021-06-18 16:34:37", "elapsed": 9479.610958, "delta": 6.45214}}
{"target": -12.896933216516079, "params": {"C": 65.27145730976244, "gamma": 7.832098461435069}, "datetime": {"datetime": "2021-06-18 16:34:50", "elapsed": 9493.506209, "delta": 13.895251}}
{"target": -10.311461069065194, "params": {"C": 32.75365162072553, "gamma": 0.08074602602659338}, "datetime": {"datetime": "2021-06-18 16:35:00", "elapsed": 9503.576447, "delta": 10.070238}}
{"target": -11.862242697451762, "params": {"C": 183.4441272250349, "gamma": 3.113374272858379}, "datetime": {"datetime": "2021-06-18 16:35:06", "elapsed": 9508.864082, "delta": 5.287635}}
{"target": -17.52445696473457, "params": {"C": 531264.0425336575, "gamma": 5.022895637837635}, "datetime": {"datetime": "2021-06-18 16:35:12", "elapsed": 9515.368059, "delta": 6.503977}}
{"target": -16.983942821198475, "params": {"C": 440221.837858806, "gamma": 9.685076635106052}, "datetime": {"datetime": "2021-06-18 16:35:21", "elapsed": 9524.001095, "delta": 8.633036}}
{"target": -10.139115425139384, "params": {"C": 80.4441078416582, "gamma": 1.2764615427688564}, "datetime": {"datetime": "2021-06-18 16:35:32", "elapsed": 9534.993408, "delta": 10.992313}}
{"target": -16.951233470108754, "params": {"C": 945736.7610468502, "gamma": 5.59320085024077}, "datetime": {"datetime": "2021-06-18 16:35:38", "elapsed": 9541.22288, "delta": 6.229472}}
{"target": -10.424141155025648, "params": {"C": 125.32842588279865, "gamma": 1.64146904585167}, "datetime": {"datetime": "2021-06-18 16:35:45", "elapsed": 9547.688665, "delta": 6.465785}}
{"target": -16.522763135532117, "params": {"C": 213155.0121751538, "gamma": 6.242168245898738}, "datetime": {"datetime": "2021-06-18 16:35:51", "elapsed": 9554.253997, "delta": 6.565332}}
{"target": -10.701035430505321, "params": {"C": 185.19659447504122, "gamma": 2.007680192461022}, "datetime": {"datetime": "2021-06-18 16:36:00", "elapsed": 9562.892439, "delta": 8.638442}}
{"target": -11.676595431987046, "params": {"C": 221.9453896789189, "gamma": 2.6254701618355614}, "datetime": {"datetime": "2021-06-18 16:36:10", "elapsed": 9573.309016, "delta": 10.416577}}
{"target": -11.309081822245028, "params": {"C": 5.41397011671874, "gamma": 6.219725450400707}, "datetime": {"datetime": "2021-06-18 16:36:18", "elapsed": 9580.800071, "delta": 7.491055}}
{"target": -11.76638663786695, "params": {"C": 31.253995539021503, "gamma": 6.048870310776125}, "datetime": {"datetime": "2021-06-18 16:36:25", "elapsed": 9588.288663, "delta": 7.488592}}
{"target": -10.270066596725087, "params": {"C": 4.232684520448684, "gamma": 3.362177006284427}, "datetime": {"datetime": "2021-06-18 16:36:38", "elapsed": 9600.820892, "delta": 12.532229}}
{"target": -9.527428970754064, "params": {"C": 189.54929067748822, "gamma": 0.20228942254876095}, "datetime": {"datetime": "2021-06-18 16:36:51", "elapsed": 9613.849421, "delta": 13.028529}}
{"target": -11.228475814274013, "params": {"C": 172.861606983406, "gamma": 2.5874130916776834}, "datetime": {"datetime": "2021-06-18 16:36:59", "elapsed": 9622.115059, "delta": 8.265638}}
{"target": -10.69217583858416, "params": {"C": 23.891296513153257, "gamma": 3.8639962303741067}, "datetime": {"datetime": "2021-06-18 16:37:09", "elapsed": 9632.074298, "delta": 9.959239}}
{"target": -10.254274934885425, "params": {"C": 14.45297579284276, "gamma": 2.6430254677572265}, "datetime": {"datetime": "2021-06-18 16:37:16", "elapsed": 9638.836361, "delta": 6.762063}}
{"target": -11.164839304181147, "params": {"C": 174.09396051117517, "gamma": 2.517032432273516}, "datetime": {"datetime": "2021-06-18 16:37:27", "elapsed": 9650.077077, "delta": 11.240716}}
{"target": -11.157568548379693, "params": {"C": 85.46261163005886, "gamma": 4.014678483693128}, "datetime": {"datetime": "2021-06-18 16:37:36", "elapsed": 9659.088536, "delta": 9.011459}}
{"target": -16.899753987276313, "params": {"C": 318790.3872218543, "gamma": 7.937145843128582}, "datetime": {"datetime": "2021-06-18 16:37:42", "elapsed": 9664.652171, "delta": 5.563635}}
{"target": -10.246912421423044, "params": {"C": 110.97912407216944, "gamma": 1.2552809699358543}, "datetime": {"datetime": "2021-06-18 16:37:49", "elapsed": 9672.53253, "delta": 7.880359}}
{"target": -24.49732276244719, "params": {"C": 337263.20813026937, "gamma": 2.178047649139663}, "datetime": {"datetime": "2021-06-18 16:38:00", "elapsed": 9682.82436, "delta": 10.29183}}
{"target": -10.280229749983178, "params": {"C": 1.0496631299493877, "gamma": 1.7916374562792818}, "datetime": {"datetime": "2021-06-18 16:38:11", "elapsed": 9694.384718, "delta": 11.560358}}
{"target": -11.264236122230997, "params": {"C": 109.80394089979282, "gamma": 3.4657273179192956}, "datetime": {"datetime": "2021-06-18 16:38:17", "elapsed": 9699.771275, "delta": 5.386557}}
{"target": -10.075256333261144, "params": {"C": 145.28612457660935, "gamma": 0.07713559742066992}, "datetime": {"datetime": "2021-06-18 16:38:29", "elapsed": 9712.494957, "delta": 12.723682}}
{"target": -10.306476510869143, "params": {"C": 49.304554933034844, "gamma": 1.777525787856664}, "datetime": {"datetime": "2021-06-18 16:38:39", "elapsed": 9721.703521, "delta": 9.208564}}
{"target": -10.931600609722224, "params": {"C": 195.20078627933162, "gamma": 2.1715462089801205}, "datetime": {"datetime": "2021-06-18 16:38:47", "elapsed": 9730.465618, "delta": 8.762097}}
{"target": -16.726540159769694, "params": {"C": 209098.57921461167, "gamma": 7.039679074906807}, "datetime": {"datetime": "2021-06-18 16:38:57", "elapsed": 9740.410566, "delta": 9.944948}}
{"target": -12.171407345285163, "params": {"C": 216.5973518834328, "gamma": 3.1228592738632126}, "datetime": {"datetime": "2021-06-18 16:39:06", "elapsed": 9749.211994, "delta": 8.801428}}
{"target": -10.798522740717974, "params": {"C": 114.42399095114287, "gamma": 2.6430164125231763}, "datetime": {"datetime": "2021-06-18 16:39:12", "elapsed": 9754.824688, "delta": 5.612694}}
{"target": -16.98641174106954, "params": {"C": 666376.1478244005, "gamma": 9.556835582553273}, "datetime": {"datetime": "2021-06-18 16:39:21", "elapsed": 9764.346299, "delta": 9.521611}}
{"target": -10.469698972534736, "params": {"C": 101.36253984596956, "gamma": 1.8723819417995977}, "datetime": {"datetime": "2021-06-18 16:39:29", "elapsed": 9772.226392, "delta": 7.880093}}
{"target": -11.47644360704037, "params": {"C": 38.335803161367366, "gamma": 5.327042287073112}, "datetime": {"datetime": "2021-06-18 16:39:35", "elapsed": 9777.921995, "delta": 5.695603}}
{"target": -28.194289009758084, "params": {"C": 295735.2185630806, "gamma": 0.6138179905664052}, "datetime": {"datetime": "2021-06-18 16:39:43", "elapsed": 9786.383701, "delta": 8.461706}}
{"target": -10.348474988243204, "params": {"C": 194.06307108086318, "gamma": 0.7859817198452418}, "datetime": {"datetime": "2021-06-18 16:39:50", "elapsed": 9793.591448, "delta": 7.207747}}
{"target": -10.020123899198135, "params": {"C": 63.57858124024215, "gamma": 1.2134283056691983}, "datetime": {"datetime": "2021-06-18 16:40:00", "elapsed": 9802.785673, "delta": 9.194225}}
{"target": -12.716356858731903, "params": {"C": 205.25834488554617, "gamma": 4.755760694702169}, "datetime": {"datetime": "2021-06-18 16:40:05", "elapsed": 9808.292714, "delta": 5.507041}}
{"target": -9.919454039881412, "params": {"C": 57.97445655842684, "gamma": 1.0494607937050042}, "datetime": {"datetime": "2021-06-18 16:40:15", "elapsed": 9818.517138, "delta": 10.224424}}
{"target": -12.332301842029741, "params": {"C": 156.11833234997206, "gamma": 5.6886883650469064}, "datetime": {"datetime": "2021-06-18 16:40:23", "elapsed": 9825.704564, "delta": 7.187426}}
{"target": -10.547910453110111, "params": {"C": 215.5568656770579, "gamma": 1.1618345837241462}, "datetime": {"datetime": "2021-06-18 16:40:29", "elapsed": 9832.096289, "delta": 6.391725}}
{"target": -10.494109282380823, "params": {"C": 242.09150018436014, "gamma": 1.5684181695114794}, "datetime": {"datetime": "2021-06-18 16:40:39", "elapsed": 9842.590577, "delta": 10.494288}}
{"target": -10.122753043912914, "params": {"C": 148.6644317726619, "gamma": 0.6074140031557443}, "datetime": {"datetime": "2021-06-18 16:40:53", "elapsed": 9855.678642, "delta": 13.088065}}
{"target": -10.410812381591121, "params": {"C": 162.0813184867581, "gamma": 1.2395941087504703}, "datetime": {"datetime": "2021-06-18 16:41:02", "elapsed": 9865.34882, "delta": 9.670178}}
{"target": -9.927911766650212, "params": {"C": 51.319667859985564, "gamma": 1.2470067361286392}, "datetime": {"datetime": "2021-06-18 16:41:08", "elapsed": 9870.821263, "delta": 5.472443}}
{"target": -16.800438069956865, "params": {"C": 705101.8400170497, "gamma": 7.302056719498045}, "datetime": {"datetime": "2021-06-18 16:41:13", "elapsed": 9876.582509, "delta": 5.761246}}
{"target": -21.331786080525173, "params": {"C": 937510.8507365034, "gamma": 2.9375198588383236}, "datetime": {"datetime": "2021-06-18 16:41:24", "elapsed": 9887.189099, "delta": 10.60659}}
{"target": -9.804706178382313, "params": {"C": 20.526441222676663, "gamma": 0.27902615505117834}, "datetime": {"datetime": "2021-06-18 16:41:31", "elapsed": 9894.123758, "delta": 6.934659}}
{"target": -14.400793971658988, "params": {"C": 169.1219306687529, "gamma": 9.211557011668909}, "datetime": {"datetime": "2021-06-18 16:41:40", "elapsed": 9902.819525, "delta": 8.695767}}
{"target": -9.770147316165174, "params": {"C": 144.96457773799807, "gamma": 0.4302389778640089}, "datetime": {"datetime": "2021-06-18 16:41:47", "elapsed": 9909.964657, "delta": 7.145132}}
{"target": -9.598527115272772, "params": {"C": 19.98624684865154, "gamma": 0.3782302292788317}, "datetime": {"datetime": "2021-06-18 16:41:56", "elapsed": 9918.827588, "delta": 8.862931}}
{"target": -16.6381026093948, "params": {"C": 245650.18700492135, "gamma": 6.697846408885377}, "datetime": {"datetime": "2021-06-18 16:42:08", "elapsed": 9931.402575, "delta": 12.574987}}
{"target": -9.521365427267392, "params": {"C": 23.470770350126664, "gamma": 1.030591408813984}, "datetime": {"datetime": "2021-06-18 16:42:16", "elapsed": 9938.791985, "delta": 7.38941}}
{"target": -10.341870106227734, "params": {"C": 33.73970989343926, "gamma": 2.1615209217335147}, "datetime": {"datetime": "2021-06-18 16:42:24", "elapsed": 9946.994251, "delta": 8.202266}}
{"target": -11.079222239823373, "params": {"C": 11.836370758372537, "gamma": 5.190273735584342}, "datetime": {"datetime": "2021-06-18 16:42:31", "elapsed": 9954.378633, "delta": 7.384382}}
{"target": -11.029465376299385, "params": {"C": 171.585121607061, "gamma": 2.4038349883670156}, "datetime": {"datetime": "2021-06-18 16:42:42", "elapsed": 9965.251688, "delta": 10.873055}}
{"target": -16.982017908121676, "params": {"C": 534476.1869779386, "gamma": 9.183628474353876}, "datetime": {"datetime": "2021-06-18 16:42:48", "elapsed": 9970.911319, "delta": 5.659631}}
{"target": -10.883128925885577, "params": {"C": 81.26507190445643, "gamma": 3.3908033097738315}, "datetime": {"datetime": "2021-06-18 16:42:55", "elapsed": 9978.120644, "delta": 7.209325}}
{"target": -16.51839943658522, "params": {"C": 509951.7976400439, "gamma": 6.251218185935068}, "datetime": {"datetime": "2021-06-18 16:43:02", "elapsed": 9985.418559, "delta": 7.297915}}
{"target": -10.63395530480118, "params": {"C": 157.63632031411422, "gamma": 2.031069857720367}, "datetime": {"datetime": "2021-06-18 16:43:11", "elapsed": 9994.417483, "delta": 8.998924}}
{"target": -10.482218719763782, "params": {"C": 102.0600986436624, "gamma": 1.9219626785653583}, "datetime": {"datetime": "2021-06-18 16:43:21", "elapsed": 10004.521624, "delta": 10.104141}}
{"target": -12.43194519807115, "params": {"C": 210.65532918150268, "gamma": 3.532105417209778}, "datetime": {"datetime": "2021-06-18 16:43:27", "elapsed": 10010.093711, "delta": 5.572087}}
{"target": -9.573261185766041, "params": {"C": 217.93716755938556, "gamma": 0.2427393870480443}, "datetime": {"datetime": "2021-06-18 16:43:34", "elapsed": 10017.488505, "delta": 7.394794}}
{"target": -10.013997710617588, "params": {"C": 68.29396139242121, "gamma": 1.1274839885326875}, "datetime": {"datetime": "2021-06-18 16:43:42", "elapsed": 10025.018883, "delta": 7.530378}}
{"target": -12.017546680987715, "params": {"C": 104.56817136232893, "gamma": 5.9115865386274065}, "datetime": {"datetime": "2021-06-18 16:43:58", "elapsed": 10040.891757, "delta": 15.872874}}
{"target": -10.48513866463607, "params": {"C": 206.24012908250418, "gamma": 1.2729761173782017}, "datetime": {"datetime": "2021-06-18 16:44:07", "elapsed": 10050.025003, "delta": 9.133246}}
{"target": -10.8198238905434, "params": {"C": 138.9794939421982, "gamma": 2.4416772434992393}, "datetime": {"datetime": "2021-06-18 16:44:16", "elapsed": 10059.290702, "delta": 9.265699}}
{"target": -20.50285729560125, "params": {"C": 993447.5486685802, "gamma": 3.250254689481462}, "datetime": {"datetime": "2021-06-18 16:44:25", "elapsed": 10067.610116, "delta": 8.319414}}
{"target": -12.61609824759958, "params": {"C": 21.63897993227661, "gamma": 8.326301087343607}, "datetime": {"datetime": "2021-06-18 16:44:32", "elapsed": 10075.323308, "delta": 7.713192}}
{"target": -13.058231093354292, "params": {"C": 77.35019380067989, "gamma": 8.0019516787975}, "datetime": {"datetime": "2021-06-18 16:44:38", "elapsed": 10080.819267, "delta": 5.495959}}
{"target": -9.751392142636977, "params": {"C": 24.1304225316781, "gamma": 0.2837874077477833}, "datetime": {"datetime": "2021-06-18 16:44:49", "elapsed": 10091.997614, "delta": 11.178347}}
{"target": -10.146554880405075, "params": {"C": 17.094106365444365, "gamma": 1.9864047068144268}, "datetime": {"datetime": "2021-06-18 16:45:02", "elapsed": 10105.306753, "delta": 13.309139}}
{"target": -11.387315031770749, "params": {"C": 33.348256599051645, "gamma": 5.264085949429611}, "datetime": {"datetime": "2021-06-18 16:45:15", "elapsed": 10118.497927, "delta": 13.191174}}
{"target": -16.631963550315827, "params": {"C": 516765.47322973644, "gamma": 6.6428434790316295}, "datetime": {"datetime": "2021-06-18 16:45:24", "elapsed": 10127.243334, "delta": 8.745407}}
{"target": -10.57767058388256, "params": {"C": 193.34527850742458, "gamma": 1.8004471955847774}, "datetime": {"datetime": "2021-06-18 16:45:34", "elapsed": 10137.071533, "delta": 9.828199}}
{"target": -12.243721229118556, "params": {"C": 5.716930461560101, "gamma": 8.50564743167417}, "datetime": {"datetime": "2021-06-18 16:45:40", "elapsed": 10142.895035, "delta": 5.823502}}
{"target": -11.616184144630273, "params": {"C": 51.24292371791, "gamma": 5.423667661964708}, "datetime": {"datetime": "2021-06-18 16:45:48", "elapsed": 10151.07988, "delta": 8.184845}}
{"target": -16.66371608464921, "params": {"C": 309427.66933505976, "gamma": 6.022709540056916}, "datetime": {"datetime": "2021-06-18 16:45:59", "elapsed": 10162.290352, "delta": 11.210472}}
{"target": -17.176437279554893, "params": {"C": 414242.7706989238, "gamma": 5.350268915790695}, "datetime": {"datetime": "2021-06-18 16:46:07", "elapsed": 10169.65401, "delta": 7.363658}}
