{"target": -16.599736206237754, "params": {"C": 2774.340001069601, "gamma": 9.539110804753136}, "datetime": {"datetime": "2021-06-18 13:59:28", "elapsed": 170.611152, "delta": 0.883739}}
{"target": -16.70206553437903, "params": {"C": 89674.1004125031, "gamma": 5.957612828683225}, "datetime": {"datetime": "2021-06-18 13:59:29", "elapsed": 171.627644, "delta": 1.016492}}
{"target": -10.022594417133948, "params": {"C": 110.79646875048454, "gamma": 0.6786093365570195}, "datetime": {"datetime": "2021-06-18 13:59:30", "elapsed": 172.62989, "delta": 1.002246}}
{"target": -11.970827944755412, "params": {"C": 65.1197678198342, "gamma": 6.005426100349829}, "datetime": {"datetime": "2021-06-18 13:59:30", "elapsed": 173.540893, "delta": 0.911003}}
{"target": -9.570544249592938, "params": {"C": 182.26054359711327, "gamma": 0.16650655423189267}, "datetime": {"datetime": "2021-06-18 13:59:31", "elapsed": 174.573965, "delta": 1.033072}}
{"target": -16.767888819173585, "params": {"C": 349698.60202221794, "gamma": 5.85248683348527}, "datetime": {"datetime": "2021-06-18 13:59:32", "elapsed": 175.542857, "delta": 0.968892}}
{"target": -11.437221470886604, "params": {"C": 17.609050691331287, "gamma": 5.750338649832647}, "datetime": {"datetime": "2021-06-18 13:59:34", "elapsed": 176.664136, "delta": 1.121279}}
{"target": -18.747087356910342, "params": {"C": 25902.323547867352, "gamma": 4.231711551159653}, "datetime": {"datetime": "2021-06-18 13:59:34", "elapsed": 177.575143, "delta": 0.911007}}
{"target": -13.46184611164728, "params": {"C": 100.26635006478654, "gamma": 8.447473896969509}, "datetime": {"datetime": "2021-06-18 13:59:35", "elapsed": 178.456205, "delta": 0.881062}}
{"target": -10.406143259780947, "params": {"C": 46.635530970641014, "gamma": 2.605460493931717}, "datetime": {"datetime": "2021-06-18 13:59:36", "elapsed": 179.528221, "delta": 1.072016}}
{"target": -9.473524886017076, "params": {"C": 14.909074215638222, "gamma": 1.2726594926722739}, "datetime": {"datetime": "2021-06-18 13:59:37", "elapsed": 180.466753, "delta": 0.938532}}
{"target": -11.676854449596211, "params": {"C": 4.0069952343038056, "gamma": 7.214291708509706}, "datetime": {"datetime": "2021-06-18 13:59:38", "elapsed": 181.364093, "delta": 0.89734}}
{"target": -10.699301251854012, "params": {"C": 58.48298196614541, "gamma": 3.30781912157591}, "datetime": {"datetime": "2021-06-18 13:59:40", "elapsed": 182.610318, "delta": 1.246225}}
{"target": -11.99846253137277, "params": {"C": 76.16495018849876, "gamma": 5.994062670544868}, "datetime": {"datetime": "2021-06-18 13:59:41", "elapsed": 183.712683, "delta": 1.102365}}
{"target": -11.42318485671191, "params": {"C": 159.94628760713732, "gamma": 2.8876286201866206}, "datetime": {"datetime": "2021-06-18 13:59:42", "elapsed": 184.80691, "delta": 1.094227}}
{"target": -16.890628670178238, "params": {"C": 326061.86173414305, "gamma": 7.862576493954715}, "datetime": {"datetime": "2021-06-18 13:59:43", "elapsed": 185.723396, "delta": 0.916486}}
{"target": -11.016243705039432, "params": {"C": 35.811718577327724, "gamma": 4.361055765339442}, "datetime": {"datetime": "2021-06-18 13:59:44", "elapsed": 187.024566, "delta": 1.30117}}
{"target": -10.85360741818607, "params": {"C": 110.29985300267897, "gamma": 2.8005905746625364}, "datetime": {"datetime": "2021-06-18 13:59:45", "elapsed": 188.112259, "delta": 1.087693}}
{"target": -13.029974557782326, "params": {"C": 164.10613160967893, "gamma": 7.142376121507245}, "datetime": {"datetime": "2021-06-18 13:59:46", "elapsed": 189.217681, "delta": 1.105422}}
{"target": -16.980898181093902, "params": {"C": 295661.7929375717, "gamma": 9.224429104688099}, "datetime": {"datetime": "2021-06-18 13:59:47", "elapsed": 190.422594, "delta": 1.204913}}
{"target": -11.85911973801136, "params": {"C": 206.0064656408092, "gamma": 2.8939513487557935}, "datetime": {"datetime": "2021-06-18 13:59:48", "elapsed": 191.49388, "delta": 1.071286}}
{"target": -11.608189926615644, "params": {"C": 9.785253252694972, "gamma": 6.5231050194163664}, "datetime": {"datetime": "2021-06-18 13:59:49", "elapsed": 192.451405, "delta": 0.957525}}
{"target": -13.518108849669364, "params": {"C": 202.3984182010464, "gamma": 7.543274296605217}, "datetime": {"datetime": "2021-06-18 13:59:50", "elapsed": 193.524706, "delta": 1.073301}}
{"target": -11.841929927028254, "params": {"C": 1.653888538385089, "gamma": 7.357910839798922}, "datetime": {"datetime": "2021-06-18 13:59:51", "elapsed": 194.580914, "delta": 1.056208}}
{"target": -11.844944703324641, "params": {"C": 130.60400976293434, "gamma": 4.216543676584279}, "datetime": {"datetime": "2021-06-18 13:59:52", "elapsed": 195.530449, "delta": 0.949535}}
{"target": -10.371277031412776, "params": {"C": 58.832575864403374, "gamma": 1.981819077335951}, "datetime": {"datetime": "2021-06-18 13:59:53", "elapsed": 196.596316, "delta": 1.065867}}
{"target": -11.436594758286498, "params": {"C": 110.07521432679849, "gamma": 3.820365324273753}, "datetime": {"datetime": "2021-06-18 13:59:55", "elapsed": 197.694582, "delta": 1.098266}}
{"target": -20.58726026745942, "params": {"C": 300502.6590580458, "gamma": 3.2301210494045445}, "datetime": {"datetime": "2021-06-18 13:59:56", "elapsed": 198.814879, "delta": 1.120297}}
{"target": -11.066604729323558, "params": {"C": 82.16189074963413, "gamma": 3.862984653590445}, "datetime": {"datetime": "2021-06-18 13:59:57", "elapsed": 199.910106, "delta": 1.095227}}
{"target": -23.483412734706594, "params": {"C": 644780.65617732, "gamma": 2.3709652751343686}, "datetime": {"datetime": "2021-06-18 13:59:58", "elapsed": 200.865675, "delta": 0.955569}}
{"target": -26.05563349755247, "params": {"C": 80429.20915291467, "gamma": 1.6890990100607082}, "datetime": {"datetime": "2021-06-18 13:59:59", "elapsed": 202.169011, "delta": 1.303336}}
{"target": -14.979669666900728, "params": {"C": 208.8348198424902, "gamma": 9.97933487713986}, "datetime": {"datetime": "2021-06-18 14:00:00", "elapsed": 203.446366, "delta": 1.277355}}
{"target": -9.968811264415155, "params": {"C": 149.54656655932962, "gamma": 0.5109132388894037}, "datetime": {"datetime": "2021-06-18 14:00:01", "elapsed": 204.560576, "delta": 1.11421}}
{"target": -10.348156201369395, "params": {"C": 50.51898525123878, "gamma": 1.9271360806252817}, "datetime": {"datetime": "2021-06-18 14:00:02", "elapsed": 205.549782, "delta": 0.989206}}
{"target": -10.613859512553725, "params": {"C": 58.64008877455093, "gamma": 3.048210479652621}, "datetime": {"datetime": "2021-06-18 14:00:04", "elapsed": 206.73765, "delta": 1.187868}}
{"target": -10.061090828182989, "params": {"C": 189.51284568294687, "gamma": 0.48059633524307643}, "datetime": {"datetime": "2021-06-18 14:00:05", "elapsed": 208.042141, "delta": 1.304491}}
{"target": -22.451947079184063, "params": {"C": 507742.3061425038, "gamma": 2.591355310355698}, "datetime": {"datetime": "2021-06-18 14:00:06", "elapsed": 209.319826, "delta": 1.277685}}
{"target": -11.720706982972994, "params": {"C": 163.0559002985906, "gamma": 3.1858359378397094}, "datetime": {"datetime": "2021-06-18 14:00:07", "elapsed": 210.460952, "delta": 1.141126}}
{"target": -9.545047074197683, "params": {"C": 60.11959840743258, "gamma": 0.5635699594642386}, "datetime": {"datetime": "2021-06-18 14:00:09", "elapsed": 211.667313, "delta": 1.206361}}
{"target": -10.527937313488886, "params": {"C": 16.3662541477871, "gamma": 3.6592994709467876}, "datetime": {"datetime": "2021-06-18 14:00:10", "elapsed": 212.631723, "delta": 0.96441}}
{"target": -10.598923080810096, "params": {"C": 98.58956064437406, "gamma": 2.359879431989627}, "datetime": {"datetime": "2021-06-18 14:00:11", "elapsed": 213.954249, "delta": 1.322526}}
{"target": -12.133608207156577, "params": {"C": 92.8520347883629, "gamma": 6.149472330073902}, "datetime": {"datetime": "2021-06-18 14:00:12", "elapsed": 215.172295, "delta": 1.218046}}
{"target": -10.89969265512952, "params": {"C": 144.68040049498958, "gamma": 2.493566108401629}, "datetime": {"datetime": "2021-06-18 14:00:14", "elapsed": 216.665865, "delta": 1.49357}}
{"target": -16.769202147533743, "params": {"C": 479020.5158993977, "gamma": 5.85034574919907}, "datetime": {"datetime": "2021-06-18 14:00:15", "elapsed": 217.837691, "delta": 1.171826}}
{"target": -10.472332512639293, "params": {"C": 0.7402001950925349, "gamma": 1.9033018236768138}, "datetime": {"datetime": "2021-06-18 14:00:16", "elapsed": 218.870781, "delta": 1.03309}}
{"target": -10.563002454750706, "params": {"C": 206.64433620764834, "gamma": 1.743549156089101}, "datetime": {"datetime": "2021-06-18 14:00:17", "elapsed": 219.917628, "delta": 1.046847}}
{"target": -10.442692219128153, "params": {"C": 171.50802661519214, "gamma": 1.1140038069582392}, "datetime": {"datetime": "2021-06-18 14:00:18", "elapsed": 221.276515, "delta": 1.358887}}
{"target": -9.666591010310205, "params": {"C": 3.695502678422182, "gamma": 0.9434345260041932}, "datetime": {"datetime": "2021-06-18 14:00:19", "elapsed": 222.335544, "delta": 1.059029}}
{"target": -10.065225455366864, "params": {"C": 21.329550945819367, "gamma": 1.7482303303812698}, "datetime": {"datetime": "2021-06-18 14:00:20", "elapsed": 223.374798, "delta": 1.039254}}
{"target": -11.477469249968394, "params": {"C": 86.02892107660676, "gamma": 5.016129723565555}, "datetime": {"datetime": "2021-06-18 14:00:22", "elapsed": 224.942904, "delta": 1.568106}}
{"target": -10.440409563517077, "params": {"C": 212.1605093999048, "gamma": 1.4965596870068436}, "datetime": {"datetime": "2021-06-18 14:00:23", "elapsed": 226.136357, "delta": 1.193453}}
{"target": -14.413864192388361, "params": {"C": 249.51438656049405, "gamma": 8.503821099874274}, "datetime": {"datetime": "2021-06-18 14:00:24", "elapsed": 227.37853, "delta": 1.242173}}
{"target": -9.306663899752959, "params": {"C": 21.997792941444466, "gamma": 0.6047404524624843}, "datetime": {"datetime": "2021-06-18 14:00:25", "elapsed": 228.442934, "delta": 1.064404}}
{"target": -30.97932395081723, "params": {"C": 617522.7537215049, "gamma": 1.3310448662587782}, "datetime": {"datetime": "2021-06-18 14:00:27", "elapsed": 229.818397, "delta": 1.375463}}
{"target": -10.45535122107804, "params": {"C": 58.24403955319558, "gamma": 2.6287681279159227}, "datetime": {"datetime": "2021-06-18 14:00:28", "elapsed": 231.236193, "delta": 1.417796}}
{"target": -10.362720331897176, "params": {"C": 150.52105572027526, "gamma": 1.3137802455799412}, "datetime": {"datetime": "2021-06-18 14:00:29", "elapsed": 232.370033, "delta": 1.13384}}
{"target": -16.760659074579785, "params": {"C": 733246.5604358348, "gamma": 7.125170150690628}, "datetime": {"datetime": "2021-06-18 14:00:30", "elapsed": 233.456177, "delta": 1.086144}}
{"target": -10.097333547714275, "params": {"C": 3.507973138157842, "gamma": 3.0233567472083167}, "datetime": {"datetime": "2021-06-18 14:00:32", "elapsed": 234.656273, "delta": 1.200096}}
{"target": -20.76935386343234, "params": {"C": 608059.8940723407, "gamma": 3.149968502759738}, "datetime": {"datetime": "2021-06-18 14:00:33", "elapsed": 235.843999, "delta": 1.187726}}
{"target": -11.041105534691866, "params": {"C": 127.88544398094338, "gamma": 2.8449970211711793}, "datetime": {"datetime": "2021-06-18 14:00:34", "elapsed": 237.100647, "delta": 1.256648}}
{"target": -10.238752210864673, "params": {"C": 120.64086022307879, "gamma": 0.9789277340253156}, "datetime": {"datetime": "2021-06-18 14:00:35", "elapsed": 238.355333, "delta": 1.254686}}
{"target": -10.577073652025911, "params": {"C": 17.484063627202374, "gamma": 3.770773474445374}, "datetime": {"datetime": "2021-06-18 14:00:36", "elapsed": 239.415013, "delta": 1.05968}}
{"target": -11.382009251736605, "params": {"C": 133.58594740476053, "gamma": 3.172915481372873}, "datetime": {"datetime": "2021-06-18 14:00:38", "elapsed": 240.728472, "delta": 1.313459}}
{"target": -10.054809889621218, "params": {"C": 90.85124607765543, "gamma": 0.8838079436721842}, "datetime": {"datetime": "2021-06-18 14:00:39", "elapsed": 242.373989, "delta": 1.645517}}
{"target": -9.439798802964509, "params": {"C": 106.37884794241084, "gamma": 0.2865778921210128}, "datetime": {"datetime": "2021-06-18 14:00:40", "elapsed": 243.501967, "delta": 1.127978}}
{"target": -12.688505858264348, "params": {"C": 191.27419365121622, "gamma": 6.349743895811628}, "datetime": {"datetime": "2021-06-18 14:00:42", "elapsed": 244.810972, "delta": 1.309005}}
{"target": -11.202349475768978, "params": {"C": 2.3991231135783018, "gamma": 5.833814964378562}, "datetime": {"datetime": "2021-06-18 14:00:43", "elapsed": 246.25241, "delta": 1.441438}}
{"target": -21.681167019253202, "params": {"C": 988437.3813691167, "gamma": 2.815698886072793}, "datetime": {"datetime": "2021-06-18 14:00:44", "elapsed": 247.551791, "delta": 1.299381}}
{"target": -10.029085848232134, "params": {"C": 128.8887301060068, "gamma": 0.6054026469446423}, "datetime": {"datetime": "2021-06-18 14:00:46", "elapsed": 248.787074, "delta": 1.235283}}
{"target": -11.73510763609284, "params": {"C": 114.91144860256524, "gamma": 4.6855409147090334}, "datetime": {"datetime": "2021-06-18 14:00:47", "elapsed": 250.089167, "delta": 1.302093}}
{"target": -10.279439746893772, "params": {"C": 122.70854280660475, "gamma": 1.3109961643856187}, "datetime": {"datetime": "2021-06-18 14:00:48", "elapsed": 251.161179, "delta": 1.072012}}
{"target": -12.002702955880293, "params": {"C": 70.32061552734969, "gamma": 6.03352039374424}, "datetime": {"datetime": "2021-06-18 14:00:49", "elapsed": 252.58361, "delta": 1.422431}}
{"target": -13.598805892121552, "params": {"C": 122.27229069416232, "gamma": 8.363433195277599}, "datetime": {"datetime": "2021-06-18 14:00:51", "elapsed": 253.913288, "delta": 1.329678}}
{"target": -16.68716371125535, "params": {"C": 419194.51498410024, "gamma": 6.852226482017556}, "datetime": {"datetime": "2021-06-18 14:03:09", "elapsed": 392.522091, "delta": 138.608803}}
{"target": -16.960565945337517, "params": {"C": 204452.25052706516, "gamma": 8.781186552165815}, "datetime": {"datetime": "2021-06-18 14:03:10", "elapsed": 392.785235, "delta": 0.263144}}
{"target": -16.49906030704578, "params": {"C": 27387.59417053857, "gamma": 6.704708055033004}, "datetime": {"datetime": "2021-06-18 14:03:10", "elapsed": 393.039191, "delta": 0.253956}}
{"target": -16.956349159561306, "params": {"C": 417304.80294982216, "gamma": 5.586942415474672}, "datetime": {"datetime": "2021-06-18 14:03:10", "elapsed": 393.308784, "delta": 0.269593}}
{"target": -25.400614335286004, "params": {"C": 140386.9394548468, "gamma": 1.9810950806998795}, "datetime": {"datetime": "2021-06-18 14:03:10", "elapsed": 393.597141, "delta": 0.288357}}
{"target": -18.269641192988864, "params": {"C": 566953.2112903786, "gamma": 4.431876218493253}, "datetime": {"datetime": "2021-06-18 14:03:12", "elapsed": 395.117891, "delta": 1.52075}}
{"target": -16.8888845306363, "params": {"C": 459555.49040329835, "gamma": 7.832382516610758}, "datetime": {"datetime": "2021-06-18 14:03:13", "elapsed": 396.275046, "delta": 1.157155}}
{"target": -10.058126654433002, "params": {"C": 86.38415902453116, "gamma": 0.09288984778742485}, "datetime": {"datetime": "2021-06-18 14:03:15", "elapsed": 397.763597, "delta": 1.488551}}
{"target": -9.337757903349488, "params": {"C": 28.455112357268817, "gamma": 0.4831687294404754}, "datetime": {"datetime": "2021-06-18 14:03:17", "elapsed": 399.746215, "delta": 1.982618}}
{"target": -11.056571116626342, "params": {"C": 149.640126600506, "gamma": 2.6171153617151397}, "datetime": {"datetime": "2021-06-18 14:03:18", "elapsed": 401.447498, "delta": 1.701283}}
{"target": -10.333269178878645, "params": {"C": 32.38416030643933, "gamma": 2.6344261739501955}, "datetime": {"datetime": "2021-06-18 14:03:20", "elapsed": 402.903687, "delta": 1.456189}}
{"target": -10.080969724367721, "params": {"C": 176.5848150307702, "gamma": 0.07348722179071432}, "datetime": {"datetime": "2021-06-18 14:03:22", "elapsed": 405.136885, "delta": 2.233198}}
{"target": -10.240035974482133, "params": {"C": 111.70144242568753, "gamma": 1.2945971611928506}, "datetime": {"datetime": "2021-06-18 14:03:24", "elapsed": 407.389763, "delta": 2.252878}}
{"target": -27.758452981757582, "params": {"C": 375782.5559023625, "gamma": 1.6755405712536195}, "datetime": {"datetime": "2021-06-18 14:03:26", "elapsed": 409.011256, "delta": 1.621493}}
{"target": -11.588347436133475, "params": {"C": 22.210899074970953, "gamma": 5.924565052851918}, "datetime": {"datetime": "2021-06-18 14:03:27", "elapsed": 410.285834, "delta": 1.274578}}
{"target": -9.687865248573784, "params": {"C": 105.69627254289186, "gamma": 0.48046890368725326}, "datetime": {"datetime": "2021-06-18 14:03:29", "elapsed": 412.144453, "delta": 1.858619}}
{"target": -10.328467711315525, "params": {"C": 112.4936996984583, "gamma": 1.4982591971223747}, "datetime": {"datetime": "2021-06-18 14:03:31", "elapsed": 413.805515, "delta": 1.661062}}
{"target": -12.372419335399043, "params": {"C": 167.00188813157317, "gamma": 4.916425038076737}, "datetime": {"datetime": "2021-06-18 14:03:32", "elapsed": 415.387344, "delta": 1.581829}}
{"target": -11.222849469485237, "params": {"C": 46.38696347696837, "gamma": 4.718164473890319}, "datetime": {"datetime": "2021-06-18 14:03:33", "elapsed": 416.562701, "delta": 1.175357}}
{"target": -14.529160116272314, "params": {"C": 189.1576251841757, "gamma": 9.231416131078925}, "datetime": {"datetime": "2021-06-18 14:03:35", "elapsed": 418.591326, "delta": 2.028625}}
{"target": -13.206016516017009, "params": {"C": 95.31667953529859, "gamma": 8.069952475964188}, "datetime": {"datetime": "2021-06-18 14:03:38", "elapsed": 421.259329, "delta": 2.668003}}
{"target": -9.89691713732697, "params": {"C": 165.97196013593788, "gamma": 0.4446772045272737}, "datetime": {"datetime": "2021-06-18 14:03:40", "elapsed": 422.815863, "delta": 1.556534}}
{"target": -10.325286277205079, "params": {"C": 33.11662543481205, "gamma": 2.601286713067552}, "datetime": {"datetime": "2021-06-18 14:03:42", "elapsed": 424.660861, "delta": 1.844998}}
{"target": -16.982782320356016, "params": {"C": 726984.1995984439, "gamma": 9.787941780632387}, "datetime": {"datetime": "2021-06-18 14:03:43", "elapsed": 426.191879, "delta": 1.531018}}
{"target": -11.755469404747565, "params": {"C": 181.2445915426461, "gamma": 3.0148361136145283}, "datetime": {"datetime": "2021-06-18 14:03:45", "elapsed": 427.713762, "delta": 1.521883}}
{"target": -12.488587086076915, "params": {"C": 225.07911821111685, "gamma": 3.4227670017570206}, "datetime": {"datetime": "2021-06-18 14:03:46", "elapsed": 429.502642, "delta": 1.78888}}
{"target": -12.862470657357822, "params": {"C": 223.2017668233156, "gamma": 4.902334113311863}, "datetime": {"datetime": "2021-06-18 14:03:49", "elapsed": 431.73372, "delta": 2.231078}}
{"target": -13.039444129247915, "params": {"C": 17.008762073229814, "gamma": 9.85271020461056}, "datetime": {"datetime": "2021-06-18 14:03:51", "elapsed": 433.686708, "delta": 1.952988}}
{"target": -17.365996174280887, "params": {"C": 904001.0866070398, "gamma": 5.168859110546131}, "datetime": {"datetime": "2021-06-18 14:03:52", "elapsed": 435.080601, "delta": 1.393893}}
{"target": -10.392611509431696, "params": {"C": 196.24397210611988, "gamma": 0.8120676077633888}, "datetime": {"datetime": "2021-06-18 14:03:53", "elapsed": 436.475088, "delta": 1.394487}}
{"target": -11.094099332306723, "params": {"C": 3.3845174589351683, "gamma": 5.579039818393528}, "datetime": {"datetime": "2021-06-18 14:03:55", "elapsed": 437.8776, "delta": 1.402512}}
{"target": -9.339184212111814, "params": {"C": 7.502532620016982, "gamma": 1.2995048298749057}, "datetime": {"datetime": "2021-06-18 14:03:56", "elapsed": 439.535681, "delta": 1.658081}}
{"target": -12.076004201270466, "params": {"C": 83.51164965514998, "gamma": 6.091430154943905}, "datetime": {"datetime": "2021-06-18 14:03:58", "elapsed": 441.447332, "delta": 1.911651}}
{"target": -10.422715626663798, "params": {"C": 56.37730541124398, "gamma": 2.465059284034456}, "datetime": {"datetime": "2021-06-18 14:04:00", "elapsed": 443.209685, "delta": 1.762353}}
{"target": -12.83842296011603, "params": {"C": 218.79317390189334, "gamma": 5.461179586286725}, "datetime": {"datetime": "2021-06-18 14:04:02", "elapsed": 445.076147, "delta": 1.866462}}
{"target": -16.982912202142657, "params": {"C": 541529.6984236545, "gamma": 9.216085345205148}, "datetime": {"datetime": "2021-06-18 14:04:03", "elapsed": 446.382507, "delta": 1.30636}}
{"target": -16.539816979446364, "params": {"C": 381318.66701059445, "gamma": 6.364271234297482}, "datetime": {"datetime": "2021-06-18 14:04:05", "elapsed": 447.873555, "delta": 1.491048}}
{"target": -12.60342741250431, "params": {"C": 106.30309397039134, "gamma": 6.890683614049566}, "datetime": {"datetime": "2021-06-18 14:04:07", "elapsed": 449.918567, "delta": 2.045012}}
{"target": -11.913918747676203, "params": {"C": 7.782430036092452, "gamma": 7.407965119019888}, "datetime": {"datetime": "2021-06-18 14:04:09", "elapsed": 451.89146, "delta": 1.972893}}
{"target": -10.32634164137854, "params": {"C": 135.25767567312508, "gamma": 1.239974755047006}, "datetime": {"datetime": "2021-06-18 14:04:11", "elapsed": 454.456041, "delta": 2.564581}}
{"target": -11.41850674200523, "params": {"C": 96.33471900122956, "gamma": 4.40400726605676}, "datetime": {"datetime": "2021-06-18 14:04:14", "elapsed": 456.721502, "delta": 2.265461}}
{"target": -27.70223927071279, "params": {"C": 289937.6759019283, "gamma": 0.5872654204591123}, "datetime": {"datetime": "2021-06-18 14:04:15", "elapsed": 458.511235, "delta": 1.789733}}
{"target": -14.449554171154762, "params": {"C": 195.0513299100895, "gamma": 9.024185856709733}, "datetime": {"datetime": "2021-06-18 14:04:17", "elapsed": 459.876033, "delta": 1.364798}}
{"target": -9.379109764173364, "params": {"C": 17.700490293130134, "gamma": 0.5645361928320665}, "datetime": {"datetime": "2021-06-18 14:04:18", "elapsed": 461.290591, "delta": 1.414558}}
