{"target": -9.271019970291917, "params": {"C": 10.13025828456365, "gamma": 1.0010377392324428}, "datetime": {"datetime": "2021-06-20 15:19:44", "elapsed": 411.237505, "delta": 1.638765}}
{"target": -9.269635914579954, "params": {"C": 10.050821511006934, "gamma": 1.0078777201349955}, "datetime": {"datetime": "2021-06-20 15:19:46", "elapsed": 413.677413, "delta": 2.439908}}
{"target": -9.269537615730684, "params": {"C": 10.03569458384182, "gamma": 1.0110597829798842}, "datetime": {"datetime": "2021-06-20 15:19:48", "elapsed": 415.741416, "delta": 2.064003}}
{"target": -9.270556261265863, "params": {"C": 10.031883092355871, "gamma": 1.0159257111426596}, "datetime": {"datetime": "2021-06-20 15:19:49", "elapsed": 417.148024, "delta": 1.406608}}
{"target": -9.272345163828232, "params": {"C": 10.092721375106708, "gamma": 1.0193303986981814}, "datetime": {"datetime": "2021-06-20 15:19:52", "elapsed": 419.628027, "delta": 2.480003}}
{"target": -9.270296125489965, "params": {"C": 10.098900766970445, "gamma": 1.0041009930468299}, "datetime": {"datetime": "2021-06-20 15:19:54", "elapsed": 421.914639, "delta": 2.286612}}
{"target": -9.269965555734847, "params": {"C": 10.09996734435696, "gamma": 1.0080658399501885}, "datetime": {"datetime": "2021-06-20 15:19:56", "elapsed": 423.89964, "delta": 1.985001}}
{"target": -9.272280270788174, "params": {"C": 10.095362673402464, "gamma": 1.0188225023034183}, "datetime": {"datetime": "2021-06-20 15:19:58", "elapsed": 426.104385, "delta": 2.204745}}
{"target": -9.269326364137761, "params": {"C": 10.036681046352449, "gamma": 1.0100487310973936}, "datetime": {"datetime": "2021-06-20 15:20:00", "elapsed": 427.822384, "delta": 1.717999}}
{"target": -9.27366278565181, "params": {"C": 10.065497766052825, "gamma": 0.9988098418387221}, "datetime": {"datetime": "2021-06-20 15:20:02", "elapsed": 429.886382, "delta": 2.063998}}
{"target": -9.270132938097017, "params": {"C": 10.037438930413979, "gamma": 1.0135835396501494}, "datetime": {"datetime": "2021-06-20 15:20:05", "elapsed": 432.44899, "delta": 2.562608}}
{"target": -9.269856224441888, "params": {"C": 10.091679163777103, "gamma": 1.008211638453925}, "datetime": {"datetime": "2021-06-20 15:20:07", "elapsed": 434.505992, "delta": 2.057002}}
{"target": -9.27263398170019, "params": {"C": 9.920773965311833, "gamma": 1.03479555472049}, "datetime": {"datetime": "2021-06-20 15:20:09", "elapsed": 436.486569, "delta": 1.980577}}
{"target": -9.596271788000873, "params": {"C": 9.90015394563478, "gamma": 1.5922916692533229}, "datetime": {"datetime": "2021-06-20 15:20:11", "elapsed": 438.920571, "delta": 2.434002}}
{"target": -9.272038700661845, "params": {"C": 10.18910328181648, "gamma": 1.0104664608006313}, "datetime": {"datetime": "2021-06-20 15:20:14", "elapsed": 441.865064, "delta": 2.944493}}
{"target": -9.273790306272357, "params": {"C": 10.07250540312396, "gamma": 0.9981909181996889}, "datetime": {"datetime": "2021-06-20 15:20:17", "elapsed": 444.411071, "delta": 2.546007}}
{"target": -9.271394684781047, "params": {"C": 10.165774193871703, "gamma": 1.0093835726559304}, "datetime": {"datetime": "2021-06-20 15:20:20", "elapsed": 447.552706, "delta": 3.141635}}
{"target": -9.271298419220539, "params": {"C": 10.014360293322314, "gamma": 1.0062968017612077}, "datetime": {"datetime": "2021-06-20 15:20:23", "elapsed": 450.518706, "delta": 2.966}}
{"target": -9.271892338301312, "params": {"C": 9.972753789562153, "gamma": 1.026863110006287}, "datetime": {"datetime": "2021-06-20 15:20:26", "elapsed": 453.567706, "delta": 3.049}}
{"target": -9.269709468421985, "params": {"C": 10.014880648614115, "gamma": 1.0134267001799477}, "datetime": {"datetime": "2021-06-20 15:20:28", "elapsed": 455.471708, "delta": 1.904002}}
{"target": -9.271452014301513, "params": {"C": 10.006332916712362, "gamma": 1.0063874243611943}, "datetime": {"datetime": "2021-06-20 15:20:30", "elapsed": 457.791346, "delta": 2.319638}}
{"target": -9.270389486741854, "params": {"C": 9.996661882718751, "gamma": 1.009069504277735}, "datetime": {"datetime": "2021-06-20 15:20:33", "elapsed": 460.740339, "delta": 2.948993}}
{"target": -9.270328987635137, "params": {"C": 9.995859408729311, "gamma": 1.0177144631263182}, "datetime": {"datetime": "2021-06-20 15:20:36", "elapsed": 463.687625, "delta": 2.947286}}
{"target": -9.269278156635982, "params": {"C": 9.975345901590261, "gamma": 1.0145518458622689}, "datetime": {"datetime": "2021-06-20 15:20:38", "elapsed": 465.998246, "delta": 2.310621}}
{"target": -9.271763789923414, "params": {"C": 10.10896679654085, "gamma": 1.015396474602966}, "datetime": {"datetime": "2021-06-20 15:20:41", "elapsed": 468.876246, "delta": 2.878}}
{"target": -9.26957548012535, "params": {"C": 9.97843463595644, "gamma": 1.015653474690604}, "datetime": {"datetime": "2021-06-20 15:20:44", "elapsed": 472.059855, "delta": 3.183609}}
{"target": -9.26971858672592, "params": {"C": 10.053704030133954, "gamma": 1.0104867382187714}, "datetime": {"datetime": "2021-06-20 15:20:46", "elapsed": 473.862854, "delta": 1.802999}}
{"target": -9.269855724824547, "params": {"C": 10.057191177291138, "gamma": 1.0108285789316342}, "datetime": {"datetime": "2021-06-20 15:20:49", "elapsed": 476.562495, "delta": 2.699641}}
{"target": -9.269580411665494, "params": {"C": 9.964158478196538, "gamma": 1.012388697253864}, "datetime": {"datetime": "2021-06-20 15:20:51", "elapsed": 478.827493, "delta": 2.264998}}
{"target": -9.27116847889478, "params": {"C": 10.001899048730403, "gamma": 1.021102239708845}, "datetime": {"datetime": "2021-06-20 15:20:54", "elapsed": 481.30219, "delta": 2.474697}}
{"target": -9.271387343495824, "params": {"C": 9.971337453470813, "gamma": 1.0245851045905845}, "datetime": {"datetime": "2021-06-20 15:20:56", "elapsed": 484.002717, "delta": 2.700527}}
{"target": -9.273073822668499, "params": {"C": 10.492603322565584, "gamma": 0.9790955051871808}, "datetime": {"datetime": "2021-06-20 15:20:58", "elapsed": 485.821719, "delta": 1.819002}}
{"target": -9.27003797559373, "params": {"C": 9.974458264419033, "gamma": 1.0180697929624556}, "datetime": {"datetime": "2021-06-20 15:21:00", "elapsed": 487.870314, "delta": 2.048595}}
{"target": -9.272108833475812, "params": {"C": 9.939740317438922, "gamma": 1.0306303706818396}, "datetime": {"datetime": "2021-06-20 15:21:03", "elapsed": 490.701314, "delta": 2.831}}
{"target": -9.27316360811257, "params": {"C": 9.96261625154404, "gamma": 1.0050775761015067}, "datetime": {"datetime": "2021-06-20 15:21:07", "elapsed": 494.362048, "delta": 3.660734}}
{"target": -9.270726762934732, "params": {"C": 10.032457948478141, "gamma": 1.0166556263662943}, "datetime": {"datetime": "2021-06-20 15:21:11", "elapsed": 498.58268, "delta": 4.220632}}
{"target": -9.271220054465966, "params": {"C": 10.036486242814066, "gamma": 1.005337327565172}, "datetime": {"datetime": "2021-06-20 15:21:14", "elapsed": 501.587315, "delta": 3.004635}}
{"target": -9.271481115528486, "params": {"C": 10.077631646624294, "gamma": 1.016555657516468}, "datetime": {"datetime": "2021-06-20 15:21:17", "elapsed": 504.49974, "delta": 2.912425}}
{"target": -9.269158413212635, "params": {"C": 9.987189386060155, "gamma": 1.0130970660715841}, "datetime": {"datetime": "2021-06-20 15:21:19", "elapsed": 506.862396, "delta": 2.362656}}
{"target": -9.269962030638343, "params": {"C": 10.06669485015695, "gamma": 1.0105746022485411}, "datetime": {"datetime": "2021-06-20 15:21:24", "elapsed": 511.50804, "delta": 4.645644}}
{"target": -9.271350464588846, "params": {"C": 10.134834794012676, "gamma": 1.0001256272666443}, "datetime": {"datetime": "2021-06-20 15:21:28", "elapsed": 515.494039, "delta": 3.985999}}
{"target": -9.270904222364608, "params": {"C": 10.076924998191801, "gamma": 1.0139980177830397}, "datetime": {"datetime": "2021-06-20 15:21:31", "elapsed": 518.268712, "delta": 2.774673}}
{"target": -9.271345090354874, "params": {"C": 10.111042557867359, "gamma": 1.0133457963086605}, "datetime": {"datetime": "2021-06-20 15:21:34", "elapsed": 521.676349, "delta": 3.407637}}
{"target": -9.272921092195013, "params": {"C": 10.067501075663348, "gamma": 1.0240327633188016}, "datetime": {"datetime": "2021-06-20 15:21:37", "elapsed": 524.972349, "delta": 3.296}}
{"target": -9.294574400295875, "params": {"C": 14.275898446476267, "gamma": 0.8657283642835096}, "datetime": {"datetime": "2021-06-20 15:21:40", "elapsed": 527.89505, "delta": 2.922701}}
{"target": -9.530502902057354, "params": {"C": 14.595606925498092, "gamma": 1.3471889607620384}, "datetime": {"datetime": "2021-06-20 15:21:43", "elapsed": 530.40605, "delta": 2.511}}
{"target": -9.27145182745732, "params": {"C": 10.53093501645241, "gamma": 0.9806691948814669}, "datetime": {"datetime": "2021-06-20 15:21:46", "elapsed": 534.102224, "delta": 3.696174}}
{"target": -9.271111217859302, "params": {"C": 10.174239529435361, "gamma": 1.0074970406930737}, "datetime": {"datetime": "2021-06-20 15:21:49", "elapsed": 537.042699, "delta": 2.940475}}
{"target": -9.272342026376108, "params": {"C": 9.984785018198803, "gamma": 1.0280244272220205}, "datetime": {"datetime": "2021-06-20 15:21:51", "elapsed": 539.075699, "delta": 2.033}}
{"target": -9.26938813378732, "params": {"C": 10.04368932880881, "gamma": 1.0087469629608674}, "datetime": {"datetime": "2021-06-20 15:21:56", "elapsed": 543.327318, "delta": 4.251619}}
{"target": -9.269622733826287, "params": {"C": 10.070836043748594, "gamma": 1.0087616974897344}, "datetime": {"datetime": "2021-06-20 15:22:01", "elapsed": 548.521269, "delta": 5.193951}}
{"target": -9.271017503874026, "params": {"C": 9.94695118676451, "gamma": 1.0248201120436922}, "datetime": {"datetime": "2021-06-20 15:22:04", "elapsed": 551.761295, "delta": 3.240026}}
{"target": -9.274627806368263, "params": {"C": 10.07986828961256, "gamma": 0.9960751526584604}, "datetime": {"datetime": "2021-06-20 15:22:07", "elapsed": 554.413296, "delta": 2.652001}}
{"target": -9.303801845996778, "params": {"C": 15.607509297847164, "gamma": 0.83976514199735}, "datetime": {"datetime": "2021-06-20 15:22:10", "elapsed": 557.626958, "delta": 3.213662}}
{"target": -10.226886185435443, "params": {"C": 12.50648571916769, "gamma": 2.5}, "datetime": {"datetime": "2021-06-20 15:22:12", "elapsed": 559.913972, "delta": 2.287014}}
{"target": -9.304096915476967, "params": {"C": 15.955122897117963, "gamma": 0.8286902856079617}, "datetime": {"datetime": "2021-06-20 15:22:16", "elapsed": 563.22781, "delta": 3.313838}}
{"target": -9.305633033508556, "params": {"C": 18.77935900830117, "gamma": 0.6562409996052101}, "datetime": {"datetime": "2021-06-20 15:22:19", "elapsed": 566.628189, "delta": 3.400379}}
{"target": -9.270019382160756, "params": {"C": 9.96480228900239, "gamma": 1.0187471659127225}, "datetime": {"datetime": "2021-06-20 15:22:24", "elapsed": 571.184927, "delta": 4.556738}}
{"target": -9.269916606028499, "params": {"C": 9.946770998533802, "gamma": 1.0197039789513718}, "datetime": {"datetime": "2021-06-20 15:22:27", "elapsed": 574.77992, "delta": 3.594993}}
{"target": -9.269404916158805, "params": {"C": 9.953549270439883, "gamma": 1.0168272743892843}, "datetime": {"datetime": "2021-06-20 15:22:30", "elapsed": 577.909915, "delta": 3.129995}}
{"target": -9.271948409320968, "params": {"C": 10.009965082246406, "gamma": 1.0241003612550625}, "datetime": {"datetime": "2021-06-20 15:22:33", "elapsed": 580.934819, "delta": 3.024904}}
{"target": -9.270976897127525, "params": {"C": 10.046502828890414, "gamma": 1.0166948741160937}, "datetime": {"datetime": "2021-06-20 15:22:36", "elapsed": 583.550818, "delta": 2.615999}}
{"target": -9.279355012768624, "params": {"C": 11.956154606079906, "gamma": 0.92690301983789}, "datetime": {"datetime": "2021-06-20 15:22:41", "elapsed": 588.343419, "delta": 4.792601}}
{"target": -9.271120475969498, "params": {"C": 9.988409076210715, "gamma": 1.021958152607464}, "datetime": {"datetime": "2021-06-20 15:22:45", "elapsed": 592.612138, "delta": 4.268719}}
{"target": -9.270761538958928, "params": {"C": 10.083922020944254, "gamma": 1.012817246010338}, "datetime": {"datetime": "2021-06-20 15:22:50", "elapsed": 597.864389, "delta": 5.252251}}
{"target": -9.271771118044024, "params": {"C": 10.168893399115591, "gamma": 1.010815642611968}, "datetime": {"datetime": "2021-06-20 15:22:54", "elapsed": 602.119333, "delta": 4.254944}}
{"target": -9.271394480398422, "params": {"C": 9.952696549748643, "gamma": 1.0261357738094365}, "datetime": {"datetime": "2021-06-20 15:22:58", "elapsed": 605.913002, "delta": 3.793669}}
{"target": -9.271870516558032, "params": {"C": 10.092777793339694, "gamma": 1.017146321275388}, "datetime": {"datetime": "2021-06-20 15:23:02", "elapsed": 610.09, "delta": 4.176998}}
{"target": -9.271498735516458, "params": {"C": 9.937856150276865, "gamma": 1.0278490604548982}, "datetime": {"datetime": "2021-06-20 15:23:07", "elapsed": 614.994763, "delta": 4.904763}}
{"target": -9.2714490777503, "params": {"C": 10.126525086240619, "gamma": 1.0126205013277214}, "datetime": {"datetime": "2021-06-20 15:23:11", "elapsed": 618.925403, "delta": 3.93064}}
{"target": -9.269466409868324, "params": {"C": 10.031764431921903, "gamma": 1.0091884322733649}, "datetime": {"datetime": "2021-06-20 15:23:15", "elapsed": 622.340754, "delta": 3.415351}}
{"target": -9.26989266744273, "params": {"C": 10.062477495634777, "gamma": 1.0105888652690016}, "datetime": {"datetime": "2021-06-20 15:23:17", "elapsed": 625.126194, "delta": 2.78544}}
{"target": -9.282553753274629, "params": {"C": 12.536628531034003, "gamma": 0.9076608297682234}, "datetime": {"datetime": "2021-06-20 15:23:21", "elapsed": 629.091192, "delta": 3.964998}}
{"target": -9.27116971227417, "params": {"C": 10.023340590226592, "gamma": 1.0061069535789362}, "datetime": {"datetime": "2021-06-20 15:23:24", "elapsed": 631.808812, "delta": 2.71762}}
{"target": -9.291530953853282, "params": {"C": 12.442683787837165, "gamma": 0.8609458691488763}, "datetime": {"datetime": "2021-06-20 15:23:28", "elapsed": 635.546813, "delta": 3.738001}}
{"target": -9.270023273074383, "params": {"C": 9.93194737497619, "gamma": 1.0213789920866363}, "datetime": {"datetime": "2021-06-20 15:23:31", "elapsed": 638.982472, "delta": 3.435659}}
{"target": -9.27115844777969, "params": {"C": 10.054108267967854, "gamma": 1.0169265444186544}, "datetime": {"datetime": "2021-06-20 15:23:36", "elapsed": 643.763672, "delta": 4.7812}}
{"target": -9.26829943792705, "params": {"C": 9.417022004702574, "gamma": 1.0440648986884318}, "datetime": {"datetime": "2021-06-20 15:30:08", "elapsed": 0.0, "delta": 0.0}}
{"target": -9.325243790522302, "params": {"C": 9.000114374817345, "gamma": 0.960466514526368}, "datetime": {"datetime": "2021-06-20 15:30:09", "elapsed": 0.280002, "delta": 0.280002}}
{"target": -9.341639421033793, "params": {"C": 9.146755890817113, "gamma": 0.9184677189537596}, "datetime": {"datetime": "2021-06-20 15:30:09", "elapsed": 0.576002, "delta": 0.296}}
{"target": -9.315090033300418, "params": {"C": 9.186260211377672, "gamma": 0.9691121454086096}, "datetime": {"datetime": "2021-06-20 15:30:09", "elapsed": 0.919, "delta": 0.342998}}
{"target": -9.287915344848175, "params": {"C": 9.39676747423067, "gamma": 1.0077633468006715}, "datetime": {"datetime": "2021-06-20 15:30:10", "elapsed": 1.217, "delta": 0.298}}
{"target": -9.271691454739837, "params": {"C": 9.419194514403294, "gamma": 1.0370439000793519}, "datetime": {"datetime": "2021-06-20 15:30:10", "elapsed": 1.523, "delta": 0.306}}
{"target": -9.268503046665472, "params": {"C": 9.204452249731517, "gamma": 1.0756234872781891}, "datetime": {"datetime": "2021-06-20 15:30:10", "elapsed": 1.833, "delta": 0.31}}
{"target": -9.28504952325434, "params": {"C": 9.027387593197925, "gamma": 1.0340935020356805}, "datetime": {"datetime": "2021-06-20 15:30:11", "elapsed": 2.142002, "delta": 0.309002}}
{"target": -9.285083724263615, "params": {"C": 9.417304802367127, "gamma": 1.0117379656891503}, "datetime": {"datetime": "2021-06-20 15:30:11", "elapsed": 2.428999, "delta": 0.286997}}
{"target": -9.331477782876535, "params": {"C": 9.140386938595233, "gamma": 0.9396202978169758}, "datetime": {"datetime": "2021-06-20 15:30:11", "elapsed": 2.810003, "delta": 0.381004}}
{"target": -9.285356714803477, "params": {"C": 9.800744568675537, "gamma": 1.0936523151438795}, "datetime": {"datetime": "2021-06-20 15:30:11", "elapsed": 3.103005, "delta": 0.293002}}
{"target": -9.273886875077148, "params": {"C": 9.313424178159243, "gamma": 1.038464523133863}, "datetime": {"datetime": "2021-06-20 15:30:12", "elapsed": 3.41, "delta": 0.306995}}
{"target": -9.283265077685959, "params": {"C": 9.876389152296039, "gamma": 1.0789213327007696}, "datetime": {"datetime": "2021-06-20 15:30:12", "elapsed": 3.833, "delta": 0.423}}
{"target": -9.348501977891729, "params": {"C": 9.085044211369778, "gamma": 0.9078109566465765}, "datetime": {"datetime": "2021-06-20 15:30:13", "elapsed": 4.109001, "delta": 0.276001}}
{"target": -9.267771121572892, "params": {"C": 9.169830419564569, "gamma": 1.0756285006858828}, "datetime": {"datetime": "2021-06-20 15:30:13", "elapsed": 4.414998, "delta": 0.305997}}
{"target": -9.309880077636427, "params": {"C": 9.09834683383305, "gamma": 0.9842215250010105}, "datetime": {"datetime": "2021-06-20 15:30:13", "elapsed": 4.711009, "delta": 0.296011}}
{"target": -9.272529147926328, "params": {"C": 9.957889530150503, "gamma": 1.0066330569946034}, "datetime": {"datetime": "2021-06-20 15:30:13", "elapsed": 5.078628, "delta": 0.367619}}
{"target": -9.303327539120463, "params": {"C": 9.691877113950474, "gamma": 0.9631031262012126}, "datetime": {"datetime": "2021-06-20 15:30:14", "elapsed": 5.375627, "delta": 0.296999}}
{"target": -9.276251318194188, "params": {"C": 9.686500927681584, "gamma": 1.0669251343794746}, "datetime": {"datetime": "2021-06-20 15:30:14", "elapsed": 5.677626, "delta": 0.301999}}
{"target": -9.276561667664527, "params": {"C": 9.018288277344192, "gamma": 1.0500288629889936}, "datetime": {"datetime": "2021-06-20 15:30:14", "elapsed": 5.968634, "delta": 0.291008}}
{"target": -9.290833820703828, "params": {"C": 10.0, "gamma": 1.0999999572900696}, "datetime": {"datetime": "2021-06-20 15:30:15", "elapsed": 6.769628, "delta": 0.800994}}
{"target": -9.327147648567697, "params": {"C": 10.0, "gamma": 0.9}, "datetime": {"datetime": "2021-06-20 15:30:16", "elapsed": 7.466628, "delta": 0.697}}
{"target": -9.27914966107525, "params": {"C": 9.424212696844409, "gamma": 1.0998938632648685}, "datetime": {"datetime": "2021-06-20 15:30:17", "elapsed": 8.43463, "delta": 0.968002}}
{"target": -9.270309070182655, "params": {"C": 9.0, "gamma": 1.0999999999965149}, "datetime": {"datetime": "2021-06-20 15:30:18", "elapsed": 9.153627, "delta": 0.718997}}
{"target": -9.275494573274358, "params": {"C": 9.813895649548034, "gamma": 1.0079452785451}, "datetime": {"datetime": "2021-06-20 15:30:18", "elapsed": 9.913253, "delta": 0.759626}}
{"target": -9.271952749697956, "params": {"C": 9.081494265534982, "gamma": 1.0996717491450596}, "datetime": {"datetime": "2021-06-20 15:30:19", "elapsed": 10.888248, "delta": 0.974995}}
{"target": -9.26957354910573, "params": {"C": 9.546272695110982, "gamma": 1.052247872639312}, "datetime": {"datetime": "2021-06-20 15:30:20", "elapsed": 11.569247, "delta": 0.680999}}
{"target": -9.273157115155056, "params": {"C": 9.999112291987846, "gamma": 1.0307714467550024}, "datetime": {"datetime": "2021-06-20 15:30:21", "elapsed": 12.613614, "delta": 1.044367}}
{"target": -9.275645830056094, "params": {"C": 9.296243813089928, "gamma": 1.0963113392527668}, "datetime": {"datetime": "2021-06-20 15:30:22", "elapsed": 13.573618, "delta": 0.960004}}
{"target": -9.270436556331145, "params": {"C": 9.481741628156513, "gamma": 1.0611936977259884}, "datetime": {"datetime": "2021-06-20 15:30:23", "elapsed": 14.84322, "delta": 1.269602}}
{"target": -9.269375350367827, "params": {"C": 9.37174596814123, "gamma": 1.0657246209779196}, "datetime": {"datetime": "2021-06-20 15:30:24", "elapsed": 15.647221, "delta": 0.804001}}
{"target": -9.273609404268768, "params": {"C": 9.1656516009469, "gamma": 1.0992004225531948}, "datetime": {"datetime": "2021-06-20 15:30:25", "elapsed": 16.730225, "delta": 1.083004}}
{"target": -9.278605791973987, "params": {"C": 9.586468749259362, "gamma": 1.083911945639846}, "datetime": {"datetime": "2021-06-20 15:30:26", "elapsed": 17.755228, "delta": 1.025003}}
{"target": -9.267662518808118, "params": {"C": 9.605549159359219, "gamma": 1.0371593252360913}, "datetime": {"datetime": "2021-06-20 15:30:27", "elapsed": 18.55222, "delta": 0.796992}}
{"target": -9.266939102746521, "params": {"C": 9.244881335530295, "gamma": 1.0665911346965822}, "datetime": {"datetime": "2021-06-20 15:30:28", "elapsed": 19.935833, "delta": 1.383613}}
{"target": -9.270593007030827, "params": {"C": 9.757262496688487, "gamma": 1.0386552275517522}, "datetime": {"datetime": "2021-06-20 15:30:29", "elapsed": 20.976833, "delta": 1.041}}
{"target": -9.266756561203875, "params": {"C": 9.249869010432734, "gamma": 1.065068061326273}, "datetime": {"datetime": "2021-06-20 15:30:31", "elapsed": 22.379834, "delta": 1.403001}}
{"target": -9.267960571864187, "params": {"C": 9.629291922081924, "gamma": 1.0365912901606444}, "datetime": {"datetime": "2021-06-20 15:30:32", "elapsed": 23.369833, "delta": 0.989999}}
{"target": -9.267598933825488, "params": {"C": 9.588458962010396, "gamma": 1.0361287992629773}, "datetime": {"datetime": "2021-06-20 15:30:33", "elapsed": 24.62983, "delta": 1.259997}}
{"target": -9.26734968977386, "params": {"C": 9.23507118408674, "gamma": 1.068881734531665}, "datetime": {"datetime": "2021-06-20 15:30:34", "elapsed": 25.656459, "delta": 1.026629}}
{"target": -9.269368196088934, "params": {"C": 9.42151843245761, "gamma": 1.0618931976973398}, "datetime": {"datetime": "2021-06-20 15:30:36", "elapsed": 27.640461, "delta": 1.984002}}
