{"target": -14.391875771343072, "params": {"C": 214.42418476335126, "gamma": 8.743055602396423}, "datetime": {"datetime": "2021-06-18 16:46:18", "elapsed": 10181.465731, "delta": 11.811721}}
{"target": -10.933587180911173, "params": {"C": 109.72937016761158, "gamma": 2.9514525979700976}, "datetime": {"datetime": "2021-06-18 16:46:26", "elapsed": 10189.308575, "delta": 7.842844}}
{"target": -10.153149554689254, "params": {"C": 83.68139527931459, "gamma": 1.2351358583132872}, "datetime": {"datetime": "2021-06-18 16:46:35", "elapsed": 10198.581769, "delta": 9.273194}}
{"target": -9.975216805494075, "params": {"C": 2.080018352726821, "gamma": 0.5990060477871139}, "datetime": {"datetime": "2021-06-18 16:46:44", "elapsed": 10206.983201, "delta": 8.401432}}
{"target": -10.61769632502701, "params": {"C": 243.8762643351546, "gamma": 1.070174403237392}, "datetime": {"datetime": "2021-06-18 16:46:51", "elapsed": 10214.165248, "delta": 7.182047}}
{"target": -11.89933277666097, "params": {"C": 28.80507900491332, "gamma": 6.393705877041475}, "datetime": {"datetime": "2021-06-18 16:46:58", "elapsed": 10221.408179, "delta": 7.242931}}
{"target": -10.76285366676099, "params": {"C": 113.66843416520717, "gamma": 2.577619820357957}, "datetime": {"datetime": "2021-06-18 16:47:06", "elapsed": 10228.804961, "delta": 7.396782}}
{"target": -16.931518657399884, "params": {"C": 259689.00682016887, "gamma": 8.27715522863279}, "datetime": {"datetime": "2021-06-18 16:47:17", "elapsed": 10240.066048, "delta": 11.261087}}
{"target": -10.782239371850743, "params": {"C": 141.45318033344697, "gamma": 2.3611457834327347}, "datetime": {"datetime": "2021-06-18 16:47:27", "elapsed": 10250.074285, "delta": 10.008237}}
{"target": -10.504108587159077, "params": {"C": 237.8348921390258, "gamma": 0.7949696663064723}, "datetime": {"datetime": "2021-06-18 16:47:36", "elapsed": 10259.085186, "delta": 9.010901}}
{"target": -10.869327701268096, "params": {"C": 147.60597946603085, "gamma": 2.4363340781197387}, "datetime": {"datetime": "2021-06-18 16:47:44", "elapsed": 10266.638566, "delta": 7.55338}}
{"target": -12.443806048628002, "params": {"C": 100.35769686548534, "gamma": 6.650861254326756}, "datetime": {"datetime": "2021-06-18 16:47:50", "elapsed": 10272.795343, "delta": 6.156777}}
{"target": -10.320291121239372, "params": {"C": 5.202514950775468, "gamma": 3.45693295814043}, "datetime": {"datetime": "2021-06-18 16:48:00", "elapsed": 10283.338872, "delta": 10.543529}}
{"target": -10.134387803153325, "params": {"C": 72.60030476556193, "gamma": 1.3501545345643402}, "datetime": {"datetime": "2021-06-18 16:48:07", "elapsed": 10290.455012, "delta": 7.11614}}
{"target": -10.446535825400018, "params": {"C": 122.38347731374014, "gamma": 1.6981102550997622}, "datetime": {"datetime": "2021-06-18 16:48:14", "elapsed": 10296.781655, "delta": 6.326643}}
{"target": -19.321273542342414, "params": {"C": 750262.9345025249, "gamma": 3.7800669527356607}, "datetime": {"datetime": "2021-06-18 16:48:23", "elapsed": 10306.029058, "delta": 9.247403}}
{"target": -10.299947141981452, "params": {"C": 34.37511715116861, "gamma": 1.9511656785510185}, "datetime": {"datetime": "2021-06-18 16:48:36", "elapsed": 10319.148406, "delta": 13.119348}}
{"target": -12.415213343092175, "params": {"C": 169.66742049351728, "gamma": 5.330730641043227}, "datetime": {"datetime": "2021-06-18 16:48:43", "elapsed": 10325.801693, "delta": 6.653287}}
{"target": -16.978085227476015, "params": {"C": 140246.13421042767, "gamma": 9.687248514379345}, "datetime": {"datetime": "2021-06-18 16:48:48", "elapsed": 10330.944755, "delta": 5.143062}}
{"target": -16.95851610177254, "params": {"C": 10929.138889374115, "gamma": 5.583507569334855}, "datetime": {"datetime": "2021-06-18 16:48:53", "elapsed": 10336.155134, "delta": 5.210379}}
{"target": -11.892228573362686, "params": {"C": 81.69021355014114, "gamma": 5.776971592613523}, "datetime": {"datetime": "2021-06-18 16:48:58", "elapsed": 10341.277786, "delta": 5.122652}}
{"target": -11.345819947510277, "params": {"C": 194.01636413393317, "gamma": 2.5377068215694787}, "datetime": {"datetime": "2021-06-18 16:49:06", "elapsed": 10348.851907, "delta": 7.574121}}
{"target": -10.802186038146424, "params": {"C": 137.36040150880493, "gamma": 2.4260308212137085}, "datetime": {"datetime": "2021-06-18 16:49:12", "elapsed": 10354.716097, "delta": 5.86419}}
{"target": -11.437304118008363, "params": {"C": 104.241722103364, "gamma": 4.063902046112725}, "datetime": {"datetime": "2021-06-18 16:49:18", "elapsed": 10361.487601, "delta": 6.771504}}
{"target": -10.450947183588259, "params": {"C": 188.61331186619103, "gamma": 1.5472896369249822}, "datetime": {"datetime": "2021-06-18 16:49:24", "elapsed": 10366.9438, "delta": 5.456199}}
{"target": -27.582508301092478, "params": {"C": 369977.0374791595, "gamma": 1.6985438927652448}, "datetime": {"datetime": "2021-06-18 16:49:31", "elapsed": 10373.640058, "delta": 6.696258}}
{"target": -10.392289251480767, "params": {"C": 86.6638344814891, "gamma": 1.769797769783575}, "datetime": {"datetime": "2021-06-18 16:49:38", "elapsed": 10381.061113, "delta": 7.421055}}
{"target": -11.969526290695212, "params": {"C": 63.357031243226814, "gamma": 6.015044472489287}, "datetime": {"datetime": "2021-06-18 16:49:46", "elapsed": 10389.517117, "delta": 8.456004}}
{"target": -9.679759212374986, "params": {"C": 17.493529709999404, "gamma": 1.437809318653628}, "datetime": {"datetime": "2021-06-18 16:49:56", "elapsed": 10398.812932, "delta": 9.295815}}
{"target": -9.352915612507054, "params": {"C": 25.407254459143886, "gamma": 0.6934134107735399}, "datetime": {"datetime": "2021-06-18 16:50:04", "elapsed": 10407.607471, "delta": 8.794539}}
{"target": -11.953996470516156, "params": {"C": 96.08602180652935, "gamma": 5.828839374561252}, "datetime": {"datetime": "2021-06-18 16:50:14", "elapsed": 10416.623139, "delta": 9.015668}}
{"target": -10.126754407300535, "params": {"C": 28.060226427375458, "gamma": 1.7008993475033032}, "datetime": {"datetime": "2021-06-18 16:50:19", "elapsed": 10422.223875, "delta": 5.600736}}
{"target": -28.245836102800286, "params": {"C": 170789.53236323176, "gamma": 1.0066385357858467}, "datetime": {"datetime": "2021-06-18 16:50:26", "elapsed": 10429.512308, "delta": 7.288433}}
{"target": -10.52997120575634, "params": {"C": 205.3864869909002, "gamma": 1.1452677449990918}, "datetime": {"datetime": "2021-06-18 16:50:33", "elapsed": 10436.2079, "delta": 6.695592}}
{"target": -9.67085995438973, "params": {"C": 68.85006400748823, "gamma": 0.6214504127330868}, "datetime": {"datetime": "2021-06-18 16:50:43", "elapsed": 10446.18798, "delta": 9.98008}}
{"target": -10.585423256861533, "params": {"C": 105.0450855454412, "gamma": 2.2600043458109966}, "datetime": {"datetime": "2021-06-18 16:50:53", "elapsed": 10456.457298, "delta": 10.269318}}
{"target": -10.799921759290266, "params": {"C": 7.690571080520097, "gamma": 4.816752625443376}, "datetime": {"datetime": "2021-06-18 16:51:01", "elapsed": 10464.032771, "delta": 7.575473}}
{"target": -16.52349310407393, "params": {"C": 233379.8802819359, "gamma": 6.343967569781337}, "datetime": {"datetime": "2021-06-18 16:51:07", "elapsed": 10469.622308, "delta": 5.589537}}
{"target": -25.71278589451876, "params": {"C": 673596.5119221756, "gamma": 1.9847763136511738}, "datetime": {"datetime": "2021-06-18 16:51:14", "elapsed": 10476.967318, "delta": 7.34501}}
{"target": -12.762532881798027, "params": {"C": 124.89622029924192, "gamma": 7.035900085682611}, "datetime": {"datetime": "2021-06-18 16:51:25", "elapsed": 10488.446382, "delta": 11.479064}}
{"target": -22.781778921248446, "params": {"C": 81421.99424009491, "gamma": 0.6970505216969907}, "datetime": {"datetime": "2021-06-18 16:51:35", "elapsed": 10498.099593, "delta": 9.653211}}
{"target": -9.744731785560052, "params": {"C": 11.742302916839362, "gamma": 1.7311029288847313}, "datetime": {"datetime": "2021-06-18 16:51:43", "elapsed": 10505.685645, "delta": 7.586052}}
{"target": -12.16805549772355, "params": {"C": 74.82819977980517, "gamma": 6.3082669753223914}, "datetime": {"datetime": "2021-06-18 16:51:52", "elapsed": 10515.105106, "delta": 9.419461}}
{"target": -9.961598445251788, "params": {"C": 4.637114927208011, "gamma": 2.639689839522043}, "datetime": {"datetime": "2021-06-18 16:51:59", "elapsed": 10522.290415, "delta": 7.185309}}
{"target": -9.985275995515783, "params": {"C": 173.04390376056386, "gamma": 0.4722033055322172}, "datetime": {"datetime": "2021-06-18 16:52:07", "elapsed": 10529.611118, "delta": 7.320703}}
{"target": -11.565239447933228, "params": {"C": 164.30517315417052, "gamma": 2.9886625044693718}, "datetime": {"datetime": "2021-06-18 16:52:15", "elapsed": 10538.220884, "delta": 8.609766}}
{"target": -10.25688343685001, "params": {"C": 126.50785232690501, "gamma": 0.9648732498520656}, "datetime": {"datetime": "2021-06-18 16:52:27", "elapsed": 10549.620988, "delta": 11.400104}}
{"target": -9.375648831602538, "params": {"C": 5.675279770816541, "gamma": 1.3245136870195395}, "datetime": {"datetime": "2021-06-18 16:52:32", "elapsed": 10555.414379, "delta": 5.793391}}
{"target": -9.54959395824492, "params": {"C": 56.890078131460015, "gamma": 0.5911728629731193}, "datetime": {"datetime": "2021-06-18 16:52:37", "elapsed": 10560.509591, "delta": 5.095212}}
{"target": -20.352256518623086, "params": {"C": 283941.35435498407, "gamma": 3.324186157638447}, "datetime": {"datetime": "2021-06-18 16:52:52", "elapsed": 10575.518334, "delta": 15.008743}}
{"target": -10.361532286349785, "params": {"C": 144.40583720327322, "gamma": 1.1392338815751815}, "datetime": {"datetime": "2021-06-18 16:52:59", "elapsed": 10582.38125, "delta": 6.862916}}
{"target": -29.463827044521224, "params": {"C": 298866.39405951597, "gamma": 1.3991030081533116}, "datetime": {"datetime": "2021-06-18 16:53:13", "elapsed": 10596.596792, "delta": 14.215542}}
{"target": -10.649469368391093, "params": {"C": 244.24005807492318, "gamma": 1.7589712442060566}, "datetime": {"datetime": "2021-06-18 16:53:24", "elapsed": 10607.300451, "delta": 10.703659}}
{"target": -10.230131915147851, "params": {"C": 105.83505046623935, "gamma": 1.2672051806602609}, "datetime": {"datetime": "2021-06-18 16:53:31", "elapsed": 10614.296378, "delta": 6.995927}}
{"target": -24.777867272322492, "params": {"C": 679663.8175781999, "gamma": 2.134415761657998}, "datetime": {"datetime": "2021-06-18 16:53:40", "elapsed": 10622.909658, "delta": 8.61328}}
{"target": -9.808828250387144, "params": {"C": 235.2488061871195, "gamma": 0.11658208328260788}, "datetime": {"datetime": "2021-06-18 16:53:54", "elapsed": 10636.621552, "delta": 13.711894}}
{"target": -10.219351838451198, "params": {"C": 105.58376938732403, "gamma": 1.300822988497995}, "datetime": {"datetime": "2021-06-18 16:53:59", "elapsed": 10642.412036, "delta": 5.790484}}
{"target": -16.673997373861678, "params": {"C": 883976.3261852389, "gamma": 6.7809053634533045}, "datetime": {"datetime": "2021-06-18 16:54:08", "elapsed": 10651.603635, "delta": 9.191599}}
{"target": -10.451739410791204, "params": {"C": 62.51098096457129, "gamma": 2.5434710892986963}, "datetime": {"datetime": "2021-06-18 16:54:17", "elapsed": 10659.876233, "delta": 8.272598}}
{"target": -12.321300936793724, "params": {"C": 101.77694543240118, "gamma": 6.437127402096798}, "datetime": {"datetime": "2021-06-18 16:54:28", "elapsed": 10671.119426, "delta": 11.243193}}
{"target": -10.69577418987569, "params": {"C": 0.9048323783693293, "gamma": 3.6675025338593628}, "datetime": {"datetime": "2021-06-18 16:54:33", "elapsed": 10676.505869, "delta": 5.386443}}
{"target": -11.436686344207578, "params": {"C": 61.24384364110427, "gamma": 4.999485205074055}, "datetime": {"datetime": "2021-06-18 16:54:43", "elapsed": 10685.84413, "delta": 9.338261}}
{"target": -9.50728886694208, "params": {"C": 163.39685420513513, "gamma": 0.23017667123274918}, "datetime": {"datetime": "2021-06-18 16:54:54", "elapsed": 10696.927678, "delta": 11.083548}}
{"target": -11.974573582004275, "params": {"C": 136.326885607756, "gamma": 4.449624356693643}, "datetime": {"datetime": "2021-06-18 16:55:00", "elapsed": 10702.630495, "delta": 5.702817}}
{"target": -10.594304022281321, "params": {"C": 46.749874579330246, "gamma": 3.124944150164234}, "datetime": {"datetime": "2021-06-18 16:55:10", "elapsed": 10712.991667, "delta": 10.361172}}
{"target": -10.530230811854974, "params": {"C": 84.67421100206555, "gamma": 2.35533641839535}, "datetime": {"datetime": "2021-06-18 16:55:20", "elapsed": 10722.665464, "delta": 9.673797}}
{"target": -11.980138599455824, "params": {"C": 165.5645084103198, "gamma": 3.523643184456786}, "datetime": {"datetime": "2021-06-18 16:55:26", "elapsed": 10728.655922, "delta": 5.990458}}
{"target": -11.526273464623191, "params": {"C": 101.17987188839234, "gamma": 4.570168674819338}, "datetime": {"datetime": "2021-06-18 16:55:33", "elapsed": 10736.599866, "delta": 7.943944}}
{"target": -12.240059697469551, "params": {"C": 12.62116622075897, "gamma": 7.809419258150671}, "datetime": {"datetime": "2021-06-18 16:55:39", "elapsed": 10742.539835, "delta": 5.939969}}
{"target": -10.699586763097832, "params": {"C": 152.67060431468963, "gamma": 2.155208102333109}, "datetime": {"datetime": "2021-06-18 16:55:53", "elapsed": 10755.613592, "delta": 13.073757}}
{"target": -11.767698173396836, "params": {"C": 123.56041022302594, "gamma": 4.275732989364836}, "datetime": {"datetime": "2021-06-18 16:56:02", "elapsed": 10764.716008, "delta": 9.102416}}
{"target": -9.53123058662809, "params": {"C": 62.18977426976169, "gamma": 0.2590501973445064}, "datetime": {"datetime": "2021-06-18 16:56:13", "elapsed": 10776.385327, "delta": 11.669319}}
{"target": -10.642974554007392, "params": {"C": 104.66817058379893, "gamma": 2.4045691267336973}, "datetime": {"datetime": "2021-06-18 16:56:19", "elapsed": 10781.972537, "delta": 5.58721}}
{"target": -16.716961579021252, "params": {"C": 923987.4447013568, "gamma": 5.937162525979435}, "datetime": {"datetime": "2021-06-18 16:56:25", "elapsed": 10787.775298, "delta": 5.802761}}
{"target": -10.569633898399692, "params": {"C": 223.49148690372982, "gamma": 0.9865487397012785}, "datetime": {"datetime": "2021-06-18 16:56:33", "elapsed": 10796.316577, "delta": 8.541279}}
{"target": -20.059276884375784, "params": {"C": 451796.290667418, "gamma": 3.4384644047676973}, "datetime": {"datetime": "2021-06-18 16:56:39", "elapsed": 10801.78835, "delta": 5.471773}}
{"target": -11.036997828494371, "params": {"C": 54.72168446966903, "gamma": 4.254579252977511}, "datetime": {"datetime": "2021-06-18 16:56:52", "elapsed": 10814.611416, "delta": 12.823066}}
{"target": -12.331394020109876, "params": {"C": 161.96260342398563, "gamma": 5.13852097558856}, "datetime": {"datetime": "2021-06-18 16:57:00", "elapsed": 10823.198841, "delta": 8.587425}}
{"target": -10.822184939571255, "params": {"C": 28.272095767457746, "gamma": 4.061516155348227}, "datetime": {"datetime": "2021-06-18 16:57:10", "elapsed": 10832.794433, "delta": 9.595592}}
{"target": -10.252211384436169, "params": {"C": 110.18343038325047, "gamma": 1.2272503616386738}, "datetime": {"datetime": "2021-06-18 16:57:25", "elapsed": 10848.428746, "delta": 15.634313}}
{"target": -16.909284688177934, "params": {"C": 793166.5727673738, "gamma": 7.981280207401914}, "datetime": {"datetime": "2021-06-18 16:57:34", "elapsed": 10857.506631, "delta": 9.077885}}
{"target": -10.831397942552266, "params": {"C": 21.670867021658093, "gamma": 4.259682973056106}, "datetime": {"datetime": "2021-06-18 16:57:40", "elapsed": 10863.482899, "delta": 5.976268}}
{"target": -17.797295328401738, "params": {"C": 47835.73227722518, "gamma": 4.825302747177328}, "datetime": {"datetime": "2021-06-18 16:57:52", "elapsed": 10875.176333, "delta": 11.693434}}
{"target": -35.68521242678135, "params": {"C": 987805.4458544008, "gamma": 0.7125328313791265}, "datetime": {"datetime": "2021-06-18 16:58:02", "elapsed": 10884.74623, "delta": 9.569897}}
{"target": -10.56144222942987, "params": {"C": 75.86030376982299, "gamma": 2.599389494615854}, "datetime": {"datetime": "2021-06-18 16:58:13", "elapsed": 10895.779136, "delta": 11.032906}}
{"target": -16.822873554927433, "params": {"C": 900333.5402631146, "gamma": 5.768886422930193}, "datetime": {"datetime": "2021-06-18 16:58:22", "elapsed": 10905.407017, "delta": 9.627881}}
{"target": -12.992422078911863, "params": {"C": 86.93861822364094, "gamma": 0.00756528781064157}, "datetime": {"datetime": "2021-06-18 16:58:36", "elapsed": 10919.276325, "delta": 13.869308}}
{"target": -10.80614730765626, "params": {"C": 134.4707793863374, "gamma": 2.4572636344105283}, "datetime": {"datetime": "2021-06-18 16:58:46", "elapsed": 10929.136983, "delta": 9.860658}}
{"target": -10.458284058378709, "params": {"C": 235.23755311010498, "gamma": 1.5036050227101754}, "datetime": {"datetime": "2021-06-18 16:58:57", "elapsed": 10939.673371, "delta": 10.536388}}
{"target": -9.96403978432716, "params": {"C": 65.53828506616314, "gamma": 1.052360402599121}, "datetime": {"datetime": "2021-06-18 16:59:02", "elapsed": 10945.164633, "delta": 5.491262}}
{"target": -29.39289949805415, "params": {"C": 934405.7242460006, "gamma": 1.5324593202703671}, "datetime": {"datetime": "2021-06-18 16:59:16", "elapsed": 10959.398034, "delta": 14.233401}}
{"target": -10.53747085745421, "params": {"C": 55.59821489780953, "gamma": 2.8405865131639922}, "datetime": {"datetime": "2021-06-18 16:59:22", "elapsed": 10964.65196, "delta": 5.253926}}
{"target": -9.466600224555979, "params": {"C": 4.543294766661419, "gamma": 1.3366370901755256}, "datetime": {"datetime": "2021-06-18 16:59:29", "elapsed": 10971.799176, "delta": 7.147216}}
{"target": -9.91834761413788, "params": {"C": 11.171657108026523, "gamma": 0.29201203596904834}, "datetime": {"datetime": "2021-06-18 16:59:37", "elapsed": 10980.561165, "delta": 8.761989}}
{"target": -20.255215570644378, "params": {"C": 576627.8282728926, "gamma": 3.3546000588985856}, "datetime": {"datetime": "2021-06-18 16:59:47", "elapsed": 10989.629884, "delta": 9.068719}}
{"target": -9.514462342210294, "params": {"C": 155.4070090506434, "gamma": 0.2704298991325571}, "datetime": {"datetime": "2021-06-18 16:59:57", "elapsed": 11000.093275, "delta": 10.463391}}
{"target": -11.692541648817919, "params": {"C": 100.45403602215222, "gamma": 5.303079237131132}, "datetime": {"datetime": "2021-06-18 17:00:05", "elapsed": 11007.93421, "delta": 7.840935}}
{"target": -16.81393373397757, "params": {"C": 172111.40847024057, "gamma": 5.781074709658728}, "datetime": {"datetime": "2021-06-18 17:00:15", "elapsed": 11017.965762, "delta": 10.031552}}
{"target": -11.608997252736469, "params": {"C": 228.37564560376651, "gamma": 2.536731168640215}, "datetime": {"datetime": "2021-06-18 17:00:23", "elapsed": 11026.054578, "delta": 8.088816}}
{"target": -10.733477559138855, "params": {"C": 97.5759831104847, "gamma": 2.7227370737212735}, "datetime": {"datetime": "2021-06-18 17:00:35", "elapsed": 11038.308062, "delta": 12.253484}}
{"target": -9.842543319830128, "params": {"C": 12.771917180878726, "gamma": 1.777051729657251}, "datetime": {"datetime": "2021-06-18 17:00:41", "elapsed": 11044.213462, "delta": 5.9054}}
{"target": -13.775210636590096, "params": {"C": 142.73170221897345, "gamma": 8.405244301219192}, "datetime": {"datetime": "2021-06-18 17:00:47", "elapsed": 11050.219719, "delta": 6.006257}}
{"target": -11.103900835836605, "params": {"C": 190.6984694555863, "gamma": 2.3439806290343186}, "datetime": {"datetime": "2021-06-18 17:01:00", "elapsed": 11063.118067, "delta": 12.898348}}
{"target": -10.751195909471061, "params": {"C": 250.6421778781442, "gamma": 1.819247858792364}, "datetime": {"datetime": "2021-06-18 17:01:15", "elapsed": 11077.832038, "delta": 14.713971}}
{"target": -11.233214170091934, "params": {"C": 44.16657001143316, "gamma": 4.769834083453048}, "datetime": {"datetime": "2021-06-18 17:01:37", "elapsed": 11100.314495, "delta": 22.482457}}
{"target": -11.54790734551233, "params": {"C": 92.770221393053, "gamma": 5.073435286796031}, "datetime": {"datetime": "2021-06-18 17:01:49", "elapsed": 11111.943242, "delta": 11.628747}}
{"target": -10.072496096959565, "params": {"C": 162.72051982642117, "gamma": 0.538881842818156}, "datetime": {"datetime": "2021-06-18 17:02:00", "elapsed": 11123.583047, "delta": 11.639805}}
{"target": -10.431772619436344, "params": {"C": 27.51848775854873, "gamma": 3.0221929700135073}, "datetime": {"datetime": "2021-06-18 17:02:11", "elapsed": 11134.539432, "delta": 10.956385}}
{"target": -18.614982243331117, "params": {"C": 226877.82436180153, "gamma": 0.2430302820795863}, "datetime": {"datetime": "2021-06-18 17:02:20", "elapsed": 11142.922506, "delta": 8.383074}}
{"target": -10.311056557545118, "params": {"C": 216.33571326703347, "gamma": 0.5863633535962558}, "datetime": {"datetime": "2021-06-18 17:02:29", "elapsed": 11152.096734, "delta": 9.174228}}
{"target": -16.96335739723991, "params": {"C": 591646.0942467869, "gamma": 8.704119992678423}, "datetime": {"datetime": "2021-06-18 17:02:39", "elapsed": 11162.232563, "delta": 10.135829}}
{"target": -19.275798669617146, "params": {"C": 523453.16148959065, "gamma": 3.805623112156044}, "datetime": {"datetime": "2021-06-18 17:02:45", "elapsed": 11168.20275, "delta": 5.970187}}
{"target": -12.211395650133063, "params": {"C": 192.06203428160626, "gamma": 3.4569433180332374}, "datetime": {"datetime": "2021-06-18 17:02:56", "elapsed": 11179.5366, "delta": 11.33385}}
{"target": -10.45725535489861, "params": {"C": 199.81968118759053, "gamma": 1.543729193664923}, "datetime": {"datetime": "2021-06-18 17:03:02", "elapsed": 11185.427955, "delta": 5.891355}}
{"target": -10.003586579884638, "params": {"C": 219.6804836950903, "gamma": 0.08812962455855346}, "datetime": {"datetime": "2021-06-18 17:03:08", "elapsed": 11190.731687, "delta": 5.303732}}
