{"target": -9.266794019362132, "params": {"C": 9.260177029209776, "gamma": 1.0642670432239705}, "datetime": {"datetime": "2021-06-20 15:30:38", "elapsed": 29.338458, "delta": 1.697997}}
{"target": -9.266825882298681, "params": {"C": 9.225562999488355, "gamma": 1.067693980523585}, "datetime": {"datetime": "2021-06-20 15:30:39", "elapsed": 30.905097, "delta": 1.566639}}
{"target": -9.266887636918614, "params": {"C": 9.262586415408972, "gamma": 1.0645560152888467}, "datetime": {"datetime": "2021-06-20 15:30:40", "elapsed": 32.102094, "delta": 1.196997}}
{"target": -9.266671877988319, "params": {"C": 9.237213974770553, "gamma": 1.0658372237063822}, "datetime": {"datetime": "2021-06-20 15:30:41", "elapsed": 33.067092, "delta": 0.964998}}
{"target": -9.266350853870838, "params": {"C": 9.221203710364485, "gamma": 1.0656056141761803}, "datetime": {"datetime": "2021-06-20 15:30:43", "elapsed": 34.164092, "delta": 1.097}}
{"target": -9.267687209808438, "params": {"C": 9.235021985134358, "gamma": 1.0701355450482153}, "datetime": {"datetime": "2021-06-20 15:30:44", "elapsed": 35.6867, "delta": 1.522608}}
{"target": -9.265826529827415, "params": {"C": 9.21388320688199, "gamma": 1.0633868568106704}, "datetime": {"datetime": "2021-06-20 15:30:45", "elapsed": 37.088702, "delta": 1.402002}}
{"target": -9.265591964868431, "params": {"C": 9.2050489861873, "gamma": 1.0629433724733248}, "datetime": {"datetime": "2021-06-20 15:30:47", "elapsed": 38.571698, "delta": 1.482996}}
{"target": -9.265585230182289, "params": {"C": 9.194859673475754, "gamma": 1.0638996527396518}, "datetime": {"datetime": "2021-06-20 15:30:48", "elapsed": 39.879302, "delta": 1.307604}}
{"target": -9.265569768904067, "params": {"C": 9.150986072590625, "gamma": 1.0681458538831148}, "datetime": {"datetime": "2021-06-20 15:30:49", "elapsed": 40.845304, "delta": 0.966002}}
