{"target": -9.549354652257536, "params": {"C": 131.6135372548593, "gamma": 0.1926931038470609}, "datetime": {"datetime": "2021-06-18 13:56:37", "elapsed": 0.0, "delta": 0.0}}
{"target": -9.589553363837627, "params": {"C": 4.0, "gamma": 2.0}, "datetime": {"datetime": "2021-06-18 13:56:37", "elapsed": 0.259507, "delta": 0.259507}}
{"target": -9.26732766401765, "params": {"C": 7.628874476243877, "gamma": 1.1659271563361087}, "datetime": {"datetime": "2021-06-18 13:56:37", "elapsed": 0.544735, "delta": 0.285228}}
{"target": -16.775376870282333, "params": {"C": 417022.00528555195, "gamma": 7.203272901972237}, "datetime": {"datetime": "2021-06-18 13:56:56", "elapsed": 18.63104, "delta": 18.086305}}
{"target": -11.027323229946449, "params": {"C": 114.37581723051181, "gamma": 3.023395493061135}, "datetime": {"datetime": "2021-06-18 13:56:56", "elapsed": 18.915958, "delta": 0.284918}}
{"target": -27.181401659234282, "params": {"C": 146755.89167035714, "gamma": 0.9234767138285012}, "datetime": {"datetime": "2021-06-18 13:56:56", "elapsed": 19.203628, "delta": 0.28767}}
{"target": -20.050494721035218, "params": {"C": 186260.21219141068, "gamma": 3.4556727143577732}, "datetime": {"datetime": "2021-06-18 13:56:56", "elapsed": 19.48202, "delta": 0.278392}}
{"target": -17.137950628622995, "params": {"C": 396767.47483390244, "gamma": 5.388213458360169}, "datetime": {"datetime": "2021-06-18 13:56:57", "elapsed": 19.773987, "delta": 0.291967}}
{"target": -12.230254666786431, "params": {"C": 47.13018436439151, "gamma": 6.6994818955095035}, "datetime": {"datetime": "2021-06-18 13:56:57", "elapsed": 20.079861, "delta": 0.305874}}
{"target": -13.474623391974475, "params": {"C": 72.28478708156463, "gamma": 9.025580506301806}, "datetime": {"datetime": "2021-06-18 13:56:57", "elapsed": 20.41561, "delta": 0.335749}}
{"target": -10.426128025597876, "params": {"C": 10.78790507237303, "gamma": 3.576145099269573}, "datetime": {"datetime": "2021-06-18 13:56:58", "elapsed": 20.739385, "delta": 0.323775}}
{"target": -10.291182639866788, "params": {"C": 122.30110633534001, "gamma": 1.4149427959142553}, "datetime": {"datetime": "2021-06-18 13:56:58", "elapsed": 21.061384, "delta": 0.321999}}
{"target": -14.348438839852145, "params": {"C": 151.44701381765717, "gamma": 9.323909455730563}, "datetime": {"datetime": "2021-06-18 13:56:58", "elapsed": 21.473344, "delta": 0.41196}}
{"target": -11.938981219881107, "params": {"C": 97.74492024481948, "gamma": 5.79820229168151}, "datetime": {"datetime": "2021-06-18 13:56:59", "elapsed": 21.908343, "delta": 0.434999}}
{"target": -11.965342797657081, "params": {"C": 130.07317347753718, "gamma": 4.889110239600976}, "datetime": {"datetime": "2021-06-18 13:56:59", "elapsed": 22.301938, "delta": 0.393595}}
{"target": -11.357407787688706, "params": {"C": 14.299167285510649, "gamma": 5.674427994228807}, "datetime": {"datetime": "2021-06-18 13:57:00", "elapsed": 22.619884, "delta": 0.317946}}
{"target": -9.473003753948566, "params": {"C": 128.8930373018247, "gamma": 0.2698369808505613}, "datetime": {"datetime": "2021-06-18 13:57:00", "elapsed": 22.99747, "delta": 0.377586}}
{"target": -18.857752122342525, "params": {"C": 148444.8456347155, "gamma": 4.066896156074052}, "datetime": {"datetime": "2021-06-18 13:57:00", "elapsed": 23.362465, "delta": 0.364995}}
{"target": -11.246572205455172, "params": {"C": 141.66176706468113, "gamma": 2.905088865564014}, "datetime": {"datetime": "2021-06-18 13:57:01", "elapsed": 23.699175, "delta": 0.33671}}
{"target": -11.009637407654909, "params": {"C": 7.822277369374457, "gamma": 5.343262481966568}, "datetime": {"datetime": "2021-06-18 13:57:01", "elapsed": 24.090175, "delta": 0.391}}
{"target": -10.226606371840411, "params": {"C": 12.358963923702513, "gamma": 2.892233116180362}, "datetime": {"datetime": "2021-06-18 13:57:01", "elapsed": 24.467775, "delta": 0.3776}}
{"target": -18.659107267557594, "params": {"C": 909772.6187108658, "gamma": 4.160734580249071}, "datetime": {"datetime": "2021-06-18 13:57:02", "elapsed": 24.837817, "delta": 0.370042}}
{"target": -16.66948923799029, "params": {"C": 168076.42079830047, "gamma": 6.841074203662879}, "datetime": {"datetime": "2021-06-18 13:57:02", "elapsed": 25.207817, "delta": 0.37}}
{"target": -10.54282330316046, "params": {"C": 99.31804098103196, "gamma": 2.2169900704417795}, "datetime": {"datetime": "2021-06-18 13:57:02", "elapsed": 25.558951, "delta": 0.351134}}
{"target": -10.26358189594428, "params": {"C": 49.763087391245534, "gamma": 1.6733989805716851}, "datetime": {"datetime": "2021-06-18 13:57:03", "elapsed": 25.908195, "delta": 0.349244}}
{"target": -10.466253362847281, "params": {"C": 107.9373368113646, "gamma": 1.8182739834166315}, "datetime": {"datetime": "2021-06-18 13:57:03", "elapsed": 26.32892, "delta": 0.420725}}
{"target": -10.198261907700735, "params": {"C": 102.76599708054833, "gamma": 1.0587112142128148}, "datetime": {"datetime": "2021-06-18 13:57:04", "elapsed": 26.80392, "delta": 0.475}}
{"target": -9.37108438524582, "params": {"C": 56.187018281603336, "gamma": 0.34304108425754504}, "datetime": {"datetime": "2021-06-18 13:57:04", "elapsed": 27.210181, "delta": 0.406261}}
{"target": -16.61765544440153, "params": {"C": 844101.6947237338, "gamma": 6.097243196419279}, "datetime": {"datetime": "2021-06-18 13:57:04", "elapsed": 27.588317, "delta": 0.378136}}
{"target": -16.87035088896539, "params": {"C": 791501.8519225635, "gamma": 7.685568305776491}, "datetime": {"datetime": "2021-06-18 13:57:05", "elapsed": 27.956318, "delta": 0.368001}}
{"target": -11.094687666369534, "params": {"C": 52.88223258214574, "gamma": 4.395137156115733}, "datetime": {"datetime": "2021-06-18 13:57:05", "elapsed": 28.37032, "delta": 0.414002}}
{"target": -10.216793125349335, "params": {"C": 96.88904044719725, "gamma": 1.3946051519099028}, "datetime": {"datetime": "2021-06-18 13:57:06", "elapsed": 28.755317, "delta": 0.384997}}
{"target": -11.770134071437829, "params": {"C": 23.900132268160956, "gamma": 6.267833354301331}, "datetime": {"datetime": "2021-06-18 13:57:06", "elapsed": 29.128212, "delta": 0.372895}}
{"target": -24.685090903734093, "params": {"C": 314338.2313590577, "gamma": 2.144588871006242}, "datetime": {"datetime": "2021-06-18 13:57:06", "elapsed": 29.496968, "delta": 0.368756}}
{"target": -12.27094818743701, "params": {"C": 116.47711773833737, "gamma": 6.295434735310058}, "datetime": {"datetime": "2021-06-18 13:57:07", "elapsed": 29.884079, "delta": 0.387111}}
{"target": -10.915697904086118, "params": {"C": 87.20799647185683, "gamma": 3.3144093236089853}, "datetime": {"datetime": "2021-06-18 13:57:07", "elapsed": 30.27464, "delta": 0.390561}}
{"target": -19.238899695662393, "params": {"C": 62291.38342650912, "gamma": 3.896877926426263}, "datetime": {"datetime": "2021-06-18 13:57:08", "elapsed": 30.660112, "delta": 0.385472}}
{"target": -21.215733398062262, "params": {"C": 738662.7691628764, "gamma": 2.9814585198430055}, "datetime": {"datetime": "2021-06-18 13:57:08", "elapsed": 31.030064, "delta": 0.369952}}
{"target": -9.734396076437868, "params": {"C": 133.68521016656027, "gamma": 0.43741064738572905}, "datetime": {"datetime": "2021-06-18 13:57:08", "elapsed": 31.415648, "delta": 0.385584}}
{"target": -11.544392349471567, "params": {"C": 20.257034508120398, "gamma": 5.884772086540523}, "datetime": {"datetime": "2021-06-18 13:57:09", "elapsed": 31.832017, "delta": 0.416369}}
{"target": -16.53106587591365, "params": {"C": 84953.87510950633, "gamma": 6.477528216179649}, "datetime": {"datetime": "2021-06-18 13:57:09", "elapsed": 32.194953, "delta": 0.362936}}
{"target": -11.426825030274248, "params": {"C": 108.3036730815391, "gamma": 3.8615514004131084}, "datetime": {"datetime": "2021-06-18 13:57:09", "elapsed": 32.595802, "delta": 0.400849}}
{"target": -12.53075513288249, "params": {"C": 39.24932993456944, "gamma": 7.5005655635589}, "datetime": {"datetime": "2021-06-18 13:57:10", "elapsed": 33.034851, "delta": 0.439049}}
{"target": -9.777385537783829, "params": {"C": 119.60464295390337, "gamma": 0.48825380011167696}, "datetime": {"datetime": "2021-06-18 13:57:10", "elapsed": 33.413857, "delta": 0.379006}}
{"target": -12.923596252093091, "params": {"C": 0.30177687099737044, "gamma": 0.23505462884846395}, "datetime": {"datetime": "2021-06-18 13:57:11", "elapsed": 33.78392, "delta": 0.370063}}
{"target": -10.47025095870155, "params": {"C": 104.84797646424816, "gamma": 1.8508789634135674}, "datetime": {"datetime": "2021-06-18 13:57:11", "elapsed": 34.185296, "delta": 0.401376}}
{"target": -16.91984764274748, "params": {"C": 611198.3943573066, "gamma": 8.090182959314731}, "datetime": {"datetime": "2021-06-18 13:57:11", "elapsed": 34.602058, "delta": 0.416762}}
{"target": -9.394886107996493, "params": {"C": 13.617948043731971, "gamma": 0.6262411334731758}, "datetime": {"datetime": "2021-06-18 13:57:12", "elapsed": 35.013362, "delta": 0.411304}}
{"target": -16.54806859738684, "params": {"C": 343278.043502157, "gamma": 6.392879003116567}, "datetime": {"datetime": "2021-06-18 13:57:12", "elapsed": 35.456904, "delta": 0.443542}}
{"target": -23.259586339350996, "params": {"C": 727217.5996518917, "gamma": 2.414760089023643}, "datetime": {"datetime": "2021-06-18 13:57:13", "elapsed": 35.903318, "delta": 0.446414}}
{"target": -16.95857167052395, "params": {"C": 751488.1837205556, "gamma": 8.587663088875125}, "datetime": {"datetime": "2021-06-18 13:57:13", "elapsed": 36.320724, "delta": 0.417406}}
{"target": -13.616051925424088, "params": {"C": 56.92010578601503, "gamma": 9.770854084700426}, "datetime": {"datetime": "2021-06-18 13:57:14", "elapsed": 36.728422, "delta": 0.407698}}
{"target": -16.974227711481472, "params": {"C": 292572.851873294, "gamma": 9.97808336735168}, "datetime": {"datetime": "2021-06-18 13:57:14", "elapsed": 37.244734, "delta": 0.516312}}
{"target": -18.914862053944255, "params": {"C": 958239.2009133897, "gamma": 4.00042007360778}, "datetime": {"datetime": "2021-06-18 13:57:15", "elapsed": 37.676905, "delta": 0.432171}}
{"target": -9.49797111810522, "params": {"C": 81.8744197757853, "gamma": 0.24444529173630147}, "datetime": {"datetime": "2021-06-18 13:57:15", "elapsed": 38.093844, "delta": 0.416939}}
{"target": -12.221031141591991, "params": {"C": 143.13918619457195, "gamma": 6.011215070512417}, "datetime": {"datetime": "2021-06-18 13:57:16", "elapsed": 38.648952, "delta": 0.555108}}
{"target": -11.206950240441355, "params": {"C": 71.93038664170231, "gamma": 4.497591930369283}, "datetime": {"datetime": "2021-06-18 13:57:16", "elapsed": 39.235171, "delta": 0.586219}}
{"target": -9.463286740355564, "params": {"C": 65.75013688892453, "gamma": 0.27894513269362947}, "datetime": {"datetime": "2021-06-18 13:57:17", "elapsed": 39.729386, "delta": 0.494215}}
{"target": -20.441039378781888, "params": {"C": 562229.3093601682, "gamma": 3.279478630959631}, "datetime": {"datetime": "2021-06-18 13:57:17", "elapsed": 40.171224, "delta": 0.441838}}
{"target": -9.39592409248127, "params": {"C": 6.212579999587775, "gamma": 1.0415967575067528}, "datetime": {"datetime": "2021-06-18 13:57:18", "elapsed": 40.644213, "delta": 0.472989}}
{"target": -12.433330629350635, "params": {"C": 133.67623905327255, "gamma": 6.4853330667697575}, "datetime": {"datetime": "2021-06-18 13:57:18", "elapsed": 41.099044, "delta": 0.454831}}
{"target": -16.607240867699392, "params": {"C": 288410.963552318, "gamma": 6.112200320278229}, "datetime": {"datetime": "2021-06-18 13:57:18", "elapsed": 41.598047, "delta": 0.499003}}
{"target": -10.404149794278055, "params": {"C": 123.83993088358612, "gamma": 1.6115856623362539}, "datetime": {"datetime": "2021-06-18 13:57:19", "elapsed": 42.180618, "delta": 0.582571}}
{"target": -16.984106813739118, "params": {"C": 288832.99346933764, "gamma": 9.500858547557188}, "datetime": {"datetime": "2021-06-18 13:57:20", "elapsed": 42.684079, "delta": 0.503461}}
{"target": -22.758129435139388, "params": {"C": 222476.18856031835, "gamma": 2.5228905858465787}, "datetime": {"datetime": "2021-06-18 13:57:20", "elapsed": 43.173265, "delta": 0.489186}}
{"target": -13.742476094404546, "params": {"C": 82.4808472949348, "gamma": 9.332754449328386}, "datetime": {"datetime": "2021-06-18 13:57:21", "elapsed": 43.686555, "delta": 0.51329}}
{"target": -10.597978459774303, "params": {"C": 52.87706846512801, "gamma": 3.048149137925052}, "datetime": {"datetime": "2021-06-18 13:57:21", "elapsed": 44.177006, "delta": 0.490451}}
{"target": -28.46826754083363, "params": {"C": 750089.8168669315, "gamma": 1.6272009861909194}, "datetime": {"datetime": "2021-06-18 13:57:22", "elapsed": 44.786629, "delta": 0.609623}}
{"target": -9.657503167418074, "params": {"C": 42.192535164823035, "gamma": 0.8525175909337012}, "datetime": {"datetime": "2021-06-18 13:57:22", "elapsed": 45.375945, "delta": 0.589316}}
{"target": -11.771688172808783, "params": {"C": 46.006949728324415, "gamma": 5.783980516635551}, "datetime": {"datetime": "2021-06-18 13:57:23", "elapsed": 46.040164, "delta": 0.664219}}
{"target": -11.430194300090236, "params": {"C": 113.52226304758807, "gamma": 3.6945518429540916}, "datetime": {"datetime": "2021-06-18 13:57:23", "elapsed": 46.570995, "delta": 0.530831}}
{"target": -10.042699706472526, "params": {"C": 94.64867002714698, "gamma": 0.8114101216016286}, "datetime": {"datetime": "2021-06-18 13:57:24", "elapsed": 47.115364, "delta": 0.544369}}
{"target": -17.582018428342344, "params": {"C": 59489.436841457464, "gamma": 5.000969777085382}, "datetime": {"datetime": "2021-06-18 13:57:25", "elapsed": 47.623725, "delta": 0.508361}}
{"target": -9.687318051429852, "params": {"C": 41.16776834256013, "gamma": 0.9216481125333736}, "datetime": {"datetime": "2021-06-18 13:57:25", "elapsed": 48.161031, "delta": 0.537306}}
{"target": -10.355702484726157, "params": {"C": 19.42675137170759, "gamma": 0.0988566876695313}, "datetime": {"datetime": "2021-06-18 13:57:26", "elapsed": 48.704595, "delta": 0.543564}}
{"target": -16.93540325652914, "params": {"C": 385059.13623081805, "gamma": 0.13990943913326714}, "datetime": {"datetime": "2021-06-18 13:57:26", "elapsed": 49.289672, "delta": 0.585077}}
{"target": -10.593974360048684, "params": {"C": 43.872343709738445, "gamma": 3.1700880826368074}, "datetime": {"datetime": "2021-06-18 13:57:27", "elapsed": 50.010235, "delta": 0.720563}}
{"target": -10.370174516307282, "params": {"C": 6.990187651301409, "gamma": 3.512874765699712}, "datetime": {"datetime": "2021-06-18 13:57:28", "elapsed": 50.700967, "delta": 0.690732}}
{"target": -16.839971623967987, "params": {"C": 262921.25653998187, "gamma": 7.54393081985441}, "datetime": {"datetime": "2021-06-18 13:57:28", "elapsed": 51.239938, "delta": 0.538971}}
{"target": -19.785183219587314, "params": {"C": 273112.5544951201, "gamma": 3.5628102025347697}, "datetime": {"datetime": "2021-06-18 13:57:29", "elapsed": 51.703918, "delta": 0.46398}}
{"target": -11.025316756927271, "params": {"C": 75.30073692463446, "gamma": 4.037498540133446}, "datetime": {"datetime": "2021-06-18 13:57:29", "elapsed": 52.238264, "delta": 0.534346}}
{"target": -17.098721428257406, "params": {"C": 352992.6632591148, "gamma": 5.42759901539039}, "datetime": {"datetime": "2021-06-18 13:57:30", "elapsed": 52.852349, "delta": 0.614085}}
{"target": -12.111186270988973, "params": {"C": 135.45171921327793, "gamma": 5.442672241167569}, "datetime": {"datetime": "2021-06-18 13:57:30", "elapsed": 53.37009, "delta": 0.517741}}
{"target": -12.24502952919918, "params": {"C": 14.77190581713586, "gamma": 7.685329334157374}, "datetime": {"datetime": "2021-06-18 13:57:31", "elapsed": 53.938139, "delta": 0.568049}}
{"target": -10.469490974317388, "params": {"C": 84.14747944244579, "gamma": 2.0418450827310233}, "datetime": {"datetime": "2021-06-18 13:57:31", "elapsed": 54.443141, "delta": 0.505002}}
{"target": -10.031788686722031, "params": {"C": 59.74430366163906, "gamma": 1.3047669223200407}, "datetime": {"datetime": "2021-06-18 13:57:32", "elapsed": 54.948833, "delta": 0.505692}}
{"target": -11.940769378455485, "params": {"C": 55.847525953138124, "gamma": 6.022434782187327}, "datetime": {"datetime": "2021-06-18 13:57:32", "elapsed": 55.478439, "delta": 0.529606}}
{"target": -16.98120171560905, "params": {"C": 828936.583206199, "gamma": 9.85022190896448}, "datetime": {"datetime": "2021-06-18 13:57:33", "elapsed": 56.071394, "delta": 0.592955}}
{"target": -11.192752001608, "params": {"C": 23.973957075465517, "gamma": 5.014682478636565}, "datetime": {"datetime": "2021-06-18 13:57:34", "elapsed": 56.673657, "delta": 0.602263}}
{"target": -9.287943882945793, "params": {"C": 14.560767772965555, "gamma": 0.8382272927028763}, "datetime": {"datetime": "2021-06-18 13:57:34", "elapsed": 57.211209, "delta": 0.537552}}
{"target": -10.153788879518444, "params": {"C": 64.09933176320196, "gamma": 0.07439255888822617}, "datetime": {"datetime": "2021-06-18 13:57:35", "elapsed": 57.697015, "delta": 0.485806}}
{"target": -10.20877566871607, "params": {"C": 63.97376381606526, "gamma": 1.4938465932522513}, "datetime": {"datetime": "2021-06-18 13:57:35", "elapsed": 58.182966, "delta": 0.485951}}
{"target": -11.258624031030354, "params": {"C": 143.17229062851072, "gamma": 2.9003951175200156}, "datetime": {"datetime": "2021-06-18 13:57:36", "elapsed": 58.714046, "delta": 0.53108}}
{"target": -32.92629155886064, "params": {"C": 858297.3946299964, "gamma": 0.517387666643007}, "datetime": {"datetime": "2021-06-18 13:57:36", "elapsed": 59.26898, "delta": 0.554934}}
{"target": -11.439886448768238, "params": {"C": 69.08157089858061, "gamma": 4.970748130695856}, "datetime": {"datetime": "2021-06-18 13:57:37", "elapsed": 59.839473, "delta": 0.570493}}
{"target": -33.66538583762775, "params": {"C": 666879.8472563889, "gamma": 0.7131728305144694}, "datetime": {"datetime": "2021-06-18 13:57:37", "elapsed": 60.313263, "delta": 0.47379}}
{"target": -16.599221635785707, "params": {"C": 694527.682052218, "gamma": 6.126170794726652}, "datetime": {"datetime": "2021-06-18 13:57:38", "elapsed": 60.999517, "delta": 0.686254}}
{"target": -16.58400596781205, "params": {"C": 914368.7152794739, "gamma": 6.150292384735974}, "datetime": {"datetime": "2021-06-18 13:57:38", "elapsed": 61.55782, "delta": 0.558303}}
{"target": -12.327399186025543, "params": {"C": 2.6868564516682953, "gamma": 9.004176748976006}, "datetime": {"datetime": "2021-06-18 13:57:39", "elapsed": 62.091173, "delta": 0.533353}}
{"target": -10.616569619727672, "params": {"C": 31.23273345106362, "gamma": 3.4747176853971387}, "datetime": {"datetime": "2021-06-18 13:57:39", "elapsed": 62.607246, "delta": 0.516073}}
{"target": -11.689276534553677, "params": {"C": 134.75346589236906, "gamma": 3.642573989112377}, "datetime": {"datetime": "2021-06-18 13:57:40", "elapsed": 63.204583, "delta": 0.597337}}
{"target": -11.599365952584602, "params": {"C": 34.36664556718721, "gamma": 5.64220880041276}, "datetime": {"datetime": "2021-06-18 13:57:41", "elapsed": 63.816916, "delta": 0.612333}}
{"target": -11.783875957205742, "params": {"C": 120.92249235441285, "gamma": 4.530145149235365}, "datetime": {"datetime": "2021-06-18 13:57:41", "elapsed": 64.456607, "delta": 0.639691}}
{"target": -10.220305201008143, "params": {"C": 151.0975971858228, "gamma": 0.7175456806594714}, "datetime": {"datetime": "2021-06-18 13:57:42", "elapsed": 65.057909, "delta": 0.601302}}
{"target": -14.621354264315345, "params": {"C": 181.7127340232917, "gamma": 9.499563998132569}, "datetime": {"datetime": "2021-06-18 13:57:43", "elapsed": 65.659624, "delta": 0.601715}}
{"target": -10.736755926069902, "params": {"C": 58.09527437361383, "gamma": 3.413371032602051}, "datetime": {"datetime": "2021-06-18 13:57:43", "elapsed": 66.208019, "delta": 0.548395}}
{"target": -11.50505044242203, "params": {"C": 106.30827600041347, "gamma": 4.199170412020382}, "datetime": {"datetime": "2021-06-18 13:57:44", "elapsed": 66.818669, "delta": 0.61065}}
{"target": -11.089917854750817, "params": {"C": 107.55291194270025, "gamma": 3.2383909756625684}, "datetime": {"datetime": "2021-06-18 13:57:44", "elapsed": 67.348058, "delta": 0.529389}}
{"target": -17.894276981907247, "params": {"C": 886258.0514509928, "gamma": 4.701758796708944}, "datetime": {"datetime": "2021-06-18 13:57:45", "elapsed": 67.918553, "delta": 0.570495}}
{"target": -9.741779705783006, "params": {"C": 9.254896348054658, "gamma": 0.4415794618080734}, "datetime": {"datetime": "2021-06-18 13:57:45", "elapsed": 68.486784, "delta": 0.568231}}
{"target": -12.390982565252964, "params": {"C": 30.65967444849726, "gamma": 7.419003711132015}, "datetime": {"datetime": "2021-06-18 13:57:46", "elapsed": 69.041663, "delta": 0.554879}}
{"target": -10.32361997978687, "params": {"C": 31.054047764439847, "gamma": 2.108946129280512}, "datetime": {"datetime": "2021-06-18 13:57:46", "elapsed": 69.558705, "delta": 0.517042}}
{"target": -10.972178524374105, "params": {"C": 92.34259635354687, "gamma": 3.3228399544085785}, "datetime": {"datetime": "2021-06-18 13:57:47", "elapsed": 70.113509, "delta": 0.554804}}
{"target": -17.426345092633063, "params": {"C": 788945.0289099148, "gamma": 5.112763952214286}, "datetime": {"datetime": "2021-06-18 13:57:48", "elapsed": 70.750783, "delta": 0.637274}}
{"target": -11.949704419751127, "params": {"C": 139.8767409045838, "gamma": 4.176126056133286}, "datetime": {"datetime": "2021-06-18 13:57:48", "elapsed": 71.459174, "delta": 0.708391}}
{"target": -9.956507413181487, "params": {"C": 37.72565813569675, "gamma": 0.17135838330080946}, "datetime": {"datetime": "2021-06-18 13:57:49", "elapsed": 72.184531, "delta": 0.725357}}
{"target": -10.342684917369457, "params": {"C": 30.63083382663542, "gamma": 2.690389863016758}, "datetime": {"datetime": "2021-06-18 13:57:50", "elapsed": 72.837717, "delta": 0.653186}}
{"target": -11.437482934356117, "params": {"C": 122.27038155009917, "gamma": 3.470665167338498}, "datetime": {"datetime": "2021-06-18 13:57:50", "elapsed": 73.462719, "delta": 0.625002}}
