{"target": -9.750347433164823, "params": {"C": 27.489808138898294, "gamma": 1.332050729800448}, "datetime": {"datetime": "2021-06-18 14:16:22", "elapsed": 1184.965962, "delta": 4.357628}}
{"target": -16.951009284419637, "params": {"C": 138856.4207321695, "gamma": 8.654276124537677}, "datetime": {"datetime": "2021-06-18 14:16:27", "elapsed": 1190.444051, "delta": 5.478089}}
{"target": -10.211645735419244, "params": {"C": 99.5782019638617, "gamma": 1.2697755852748978}, "datetime": {"datetime": "2021-06-18 14:16:33", "elapsed": 1196.124863, "delta": 5.680812}}
{"target": -10.936986216451796, "params": {"C": 147.93468031934893, "gamma": 2.5027800995662868}, "datetime": {"datetime": "2021-06-18 14:16:39", "elapsed": 1202.226258, "delta": 6.101395}}
{"target": -12.717286463080601, "params": {"C": 145.70744875251316, "gamma": 6.837391876272226}, "datetime": {"datetime": "2021-06-18 14:16:44", "elapsed": 1207.267938, "delta": 5.04168}}
{"target": -10.13334845123083, "params": {"C": 125.18494845533667, "gamma": 0.7253241473867394}, "datetime": {"datetime": "2021-06-18 14:16:51", "elapsed": 1213.66806, "delta": 6.400122}}
{"target": -10.037272911357219, "params": {"C": 42.566382540838426, "gamma": 1.4315902307008441}, "datetime": {"datetime": "2021-06-18 14:16:56", "elapsed": 1219.17126, "delta": 5.5032}}
{"target": -16.87961568421458, "params": {"C": 811768.8235272506, "gamma": 7.747696072216707}, "datetime": {"datetime": "2021-06-18 14:17:01", "elapsed": 1223.984037, "delta": 4.812777}}
{"target": -10.605871373943593, "params": {"C": 70.84842886996488, "gamma": 2.8923077832401325}, "datetime": {"datetime": "2021-06-18 14:17:06", "elapsed": 1228.698658, "delta": 4.714621}}
{"target": -10.73107778264577, "params": {"C": 115.4062230893401, "gamma": 2.4833534652055618}, "datetime": {"datetime": "2021-06-18 14:17:12", "elapsed": 1235.457741, "delta": 6.759083}}
{"target": -19.28731882660923, "params": {"C": 251453.91808959557, "gamma": 3.806674797662367}, "datetime": {"datetime": "2021-06-18 14:17:20", "elapsed": 1243.490584, "delta": 8.032843}}
{"target": -12.02410645784589, "params": {"C": 235.39020327546038, "gamma": 2.825907816598098}, "datetime": {"datetime": "2021-06-18 14:17:27", "elapsed": 1250.23536, "delta": 6.744776}}
{"target": -16.63713092169717, "params": {"C": 248723.638621506, "gamma": 6.064664956144431}, "datetime": {"datetime": "2021-06-18 14:17:34", "elapsed": 1257.577005, "delta": 7.341645}}
{"target": -10.607137458144598, "params": {"C": 134.430867485815, "gamma": 2.0939642608698983}, "datetime": {"datetime": "2021-06-18 14:17:39", "elapsed": 1262.287468, "delta": 4.710463}}
{"target": -23.159122869192874, "params": {"C": 960548.1322016094, "gamma": 2.434457869884719}, "datetime": {"datetime": "2021-06-18 14:17:43", "elapsed": 1266.168125, "delta": 3.880657}}
{"target": -19.46833461532998, "params": {"C": 717691.8520248613, "gamma": 3.705328164227442}, "datetime": {"datetime": "2021-06-18 14:17:50", "elapsed": 1273.349752, "delta": 7.181627}}
{"target": -24.541389014247, "params": {"C": 860077.8918588605, "gamma": 2.175808708022826}, "datetime": {"datetime": "2021-06-18 14:17:55", "elapsed": 1278.521298, "delta": 5.171546}}
{"target": -10.107111546036448, "params": {"C": 54.76364498091487, "gamma": 1.4130640596370512}, "datetime": {"datetime": "2021-06-18 14:18:00", "elapsed": 1282.66793, "delta": 4.146632}}
{"target": -10.207765752529177, "params": {"C": 210.99676047761903, "gamma": 0.5175521490321199}, "datetime": {"datetime": "2021-06-18 14:18:05", "elapsed": 1288.232241, "delta": 5.564311}}
{"target": -10.49438689071182, "params": {"C": 198.09713590146086, "gamma": 0.96405722289483}, "datetime": {"datetime": "2021-06-18 14:18:12", "elapsed": 1295.178956, "delta": 6.946715}}
{"target": -10.869030705004574, "params": {"C": 63.0487442716955, "gamma": 3.756822295521401}, "datetime": {"datetime": "2021-06-18 14:18:18", "elapsed": 1301.058801, "delta": 5.879845}}
{"target": -21.30570930395212, "params": {"C": 753519.8004231297, "gamma": 2.9488715611328624}, "datetime": {"datetime": "2021-06-18 14:18:23", "elapsed": 1305.887682, "delta": 4.828881}}
{"target": -10.581738059741093, "params": {"C": 55.66840615265881, "gamma": 2.9636056765401606}, "datetime": {"datetime": "2021-06-18 14:18:31", "elapsed": 1313.859464, "delta": 7.971782}}
{"target": -10.504583001686266, "params": {"C": 140.0078161193569, "gamma": 1.8087202066537205}, "datetime": {"datetime": "2021-06-18 14:18:37", "elapsed": 1319.990787, "delta": 6.131323}}
{"target": -10.766761629665893, "params": {"C": 86.47364361950886, "gamma": 3.0143750551677937}, "datetime": {"datetime": "2021-06-18 14:18:43", "elapsed": 1325.627508, "delta": 5.636721}}
{"target": -10.103339993421798, "params": {"C": 91.27745658877967, "gamma": 0.07111018474167201}, "datetime": {"datetime": "2021-06-18 14:18:52", "elapsed": 1335.216908, "delta": 9.5894}}
{"target": -11.156526236105565, "params": {"C": 93.11259573791864, "gamma": 3.7383943662539796}, "datetime": {"datetime": "2021-06-18 14:18:58", "elapsed": 1341.481582, "delta": 6.264674}}
{"target": -16.985214929374603, "params": {"C": 800744.5688747921, "gamma": 9.682618931036403}, "datetime": {"datetime": "2021-06-18 16:21:39", "elapsed": 8702.114996, "delta": 7360.633414}}
{"target": -16.701557248153946, "params": {"C": 313424.1788458186, "gamma": 6.923256924431573}, "datetime": {"datetime": "2021-06-18 16:21:39", "elapsed": 8702.597671, "delta": 0.482675}}
{"target": -16.97372536438927, "params": {"C": 876389.1524196492, "gamma": 8.946077174372123}, "datetime": {"datetime": "2021-06-18 16:21:40", "elapsed": 8702.958511, "delta": 0.36084}}
{"target": -18.52900955564349, "params": {"C": 85044.2122847337, "gamma": 0.3906439268505003}, "datetime": {"datetime": "2021-06-18 16:21:40", "elapsed": 8703.393863, "delta": 0.435352}}
{"target": -16.958832614758627, "params": {"C": 169830.42039473847, "gamma": 8.781437220043788}, "datetime": {"datetime": "2021-06-18 16:21:41", "elapsed": 8703.857237, "delta": 0.463374}}
{"target": -10.031184975208935, "params": {"C": 108.79271584355821, "gamma": 0.6989245681327727}, "datetime": {"datetime": "2021-06-18 16:21:50", "elapsed": 8712.885256, "delta": 9.028019}}
{"target": -12.285241789378205, "params": {"C": 67.16388214237426, "gamma": 6.58777793960153}, "datetime": {"datetime": "2021-06-18 16:21:55", "elapsed": 8717.935831, "delta": 5.050575}}
{"target": -16.577865286489864, "params": {"C": 969052.8498741988, "gamma": 6.452561931121935}, "datetime": {"datetime": "2021-06-18 16:21:59", "elapsed": 8722.485714, "delta": 4.549883}}
{"target": -14.231452241431725, "params": {"C": 116.24303566595712, "gamma": 9.628401429262624}, "datetime": {"datetime": "2021-06-18 16:22:06", "elapsed": 8729.150607, "delta": 6.664893}}
{"target": -10.347806275415923, "params": {"C": 38.10360610102059, "gamma": 2.332768503756609}, "datetime": {"datetime": "2021-06-18 16:22:10", "elapsed": 8733.092454, "delta": 3.941847}}
{"target": -9.892205604874817, "params": {"C": 77.6503367580896, "gamma": 0.7636274904579702}, "datetime": {"datetime": "2021-06-18 16:22:14", "elapsed": 8737.041766, "delta": 3.949312}}
{"target": -11.456506299975823, "params": {"C": 13.067750328117345, "gamma": 5.960176709401037}, "datetime": {"datetime": "2021-06-18 16:22:19", "elapsed": 8742.232673, "delta": 5.190907}}
{"target": -12.634623215647423, "params": {"C": 168.9480833474993, "gamma": 6.600790014256944}, "datetime": {"datetime": "2021-06-18 16:22:25", "elapsed": 8747.854069, "delta": 5.621396}}
{"target": -9.667601163435531, "params": {"C": 36.56344387058857, "gamma": 0.9758756463083132}, "datetime": {"datetime": "2021-06-18 16:22:30", "elapsed": 8753.462476, "delta": 5.608407}}
{"target": -9.667601163435531, "params": {"C": 36.56344387058857, "gamma": 0.9758756463083132}, "datetime": {"datetime": "2021-06-18 16:22:35", "elapsed": 8757.915024, "delta": 4.452548}}
{"target": -11.238471515989623, "params": {"C": 35.30019684542338, "gamma": 4.923334909723517}, "datetime": {"datetime": "2021-06-18 16:22:43", "elapsed": 8765.940506, "delta": 8.025482}}
{"target": -9.66023013792266, "params": {"C": 78.44120931685163, "gamma": 0.562214317784615}, "datetime": {"datetime": "2021-06-18 16:22:54", "elapsed": 8777.446455, "delta": 11.505949}}
{"target": -11.263629400923266, "params": {"C": 206.8863584752997, "gamma": 2.3868804872798735}, "datetime": {"datetime": "2021-06-18 16:22:59", "elapsed": 8781.71433, "delta": 4.267875}}
{"target": -11.818178875038654, "params": {"C": 124.46552908131657, "gamma": 4.4487554067538735}, "datetime": {"datetime": "2021-06-18 16:23:03", "elapsed": 8786.226488, "delta": 4.512158}}
{"target": -11.762329317951995, "params": {"C": 187.7200073449528, "gamma": 0.011428503255884664}, "datetime": {"datetime": "2021-06-18 16:23:10", "elapsed": 8792.773462, "delta": 6.546974}}
{"target": -10.567743698411263, "params": {"C": 79.34999473352883, "gamma": 2.5501467661252764}, "datetime": {"datetime": "2021-06-18 16:23:14", "elapsed": 8796.77413, "delta": 4.000668}}
{"target": -16.944074652035965, "params": {"C": 242481.94788189014, "gamma": 8.443731039405286}, "datetime": {"datetime": "2021-06-18 16:23:21", "elapsed": 8803.903437, "delta": 7.129307}}
{"target": -16.523363638798784, "params": {"C": 922995.485854098, "gamma": 6.2929477412195824}, "datetime": {"datetime": "2021-06-18 16:23:27", "elapsed": 8810.180223, "delta": 6.276786}}
{"target": -10.824868909822701, "params": {"C": 86.40430496420525, "gamma": 3.141947673621094}, "datetime": {"datetime": "2021-06-18 16:23:36", "elapsed": 8818.858724, "delta": 8.678501}}
{"target": -10.14797483534233, "params": {"C": 8.733463484467096, "gamma": 2.5250169759399568}, "datetime": {"datetime": "2021-06-18 16:23:42", "elapsed": 8825.389426, "delta": 6.530702}}
{"target": -10.921108342682828, "params": {"C": 28.86961749484544, "gamma": 4.287465771289064}, "datetime": {"datetime": "2021-06-18 16:23:46", "elapsed": 8829.340329, "delta": 3.950903}}
{"target": -10.433872826979655, "params": {"C": 38.76617346855061, "gamma": 2.81966919974631}, "datetime": {"datetime": "2021-06-18 16:23:56", "elapsed": 8838.648434, "delta": 9.308105}}
{"target": -10.375204814801481, "params": {"C": 168.11913953940007, "gamma": 0.8942062085698668}, "datetime": {"datetime": "2021-06-18 16:23:59", "elapsed": 8842.394864, "delta": 3.74643}}
{"target": -10.819012331537975, "params": {"C": 12.9424798005138, "gamma": 4.617730525820196}, "datetime": {"datetime": "2021-06-18 16:24:06", "elapsed": 8849.246018, "delta": 6.851154}}
{"target": -11.607310718527101, "params": {"C": 179.0573017256779, "gamma": 2.8833838074471}, "datetime": {"datetime": "2021-06-18 16:24:11", "elapsed": 8854.356908, "delta": 5.11089}}
{"target": -12.065594628930802, "params": {"C": 148.0023058853172, "gamma": 4.229951355211251}, "datetime": {"datetime": "2021-06-18 16:24:15", "elapsed": 8858.338209, "delta": 3.981301}}
{"target": -10.321095924963842, "params": {"C": 244.93317519670452, "gamma": 0.5307822600059992}, "datetime": {"datetime": "2021-06-18 16:24:19", "elapsed": 8862.384481, "delta": 4.046272}}
{"target": -11.172906427879548, "params": {"C": 120.50969419417179, "gamma": 3.113956135501465}, "datetime": {"datetime": "2021-06-18 16:24:23", "elapsed": 8866.465709, "delta": 4.081228}}
{"target": -11.504100048767487, "params": {"C": 158.99208891481, "gamma": 2.9816798634682327}, "datetime": {"datetime": "2021-06-18 16:24:29", "elapsed": 8872.162718, "delta": 5.697009}}
{"target": -9.783370375685701, "params": {"C": 41.06585980316605, "gamma": 0.22041041664522343}, "datetime": {"datetime": "2021-06-18 16:24:34", "elapsed": 8877.041764, "delta": 4.879046}}
{"target": -12.385721518400626, "params": {"C": 576229.7700892979, "gamma": 0.04783470617904949}, "datetime": {"datetime": "2021-06-18 16:24:39", "elapsed": 8882.325306, "delta": 5.283542}}
{"target": -18.978755124519704, "params": {"C": 233848.7973830873, "gamma": 3.9821929079444733}, "datetime": {"datetime": "2021-06-18 16:24:43", "elapsed": 8886.088892, "delta": 3.763586}}
{"target": -9.470852303740704, "params": {"C": 71.15799337124356, "gamma": 0.4437458275473124}, "datetime": {"datetime": "2021-06-18 16:24:47", "elapsed": 8889.985625, "delta": 3.896733}}
{"target": -29.056514556841478, "params": {"C": 576229.4601768669, "gamma": 1.5434333122981787}, "datetime": {"datetime": "2021-06-18 16:24:54", "elapsed": 8896.882964, "delta": 6.897339}}
{"target": -12.45633042877009, "params": {"C": 91.06194228048489, "gamma": 6.7271729250542895}, "datetime": {"datetime": "2021-06-18 16:24:58", "elapsed": 8901.255756, "delta": 4.372792}}
{"target": -9.512535317062945, "params": {"C": 13.407079200445205, "gamma": 1.3538339398388073}, "datetime": {"datetime": "2021-06-18 16:25:04", "elapsed": 8906.744004, "delta": 5.488248}}
{"target": -10.278301077593794, "params": {"C": 68.57835954094558, "gamma": 0.05840612622902463}, "datetime": {"datetime": "2021-06-18 16:25:10", "elapsed": 8913.583534, "delta": 6.83953}}
{"target": -10.677686394000403, "params": {"C": 41.62547280221305, "gamma": 3.444853001649015}, "datetime": {"datetime": "2021-06-18 16:25:19", "elapsed": 8922.351718, "delta": 8.768184}}
{"target": -27.083188699349677, "params": {"C": 323750.27857281757, "gamma": 1.7587061914108082}, "datetime": {"datetime": "2021-06-18 16:25:26", "elapsed": 8928.629758, "delta": 6.27804}}
{"target": -11.843677580288702, "params": {"C": 700890.2801052954, "gamma": 0.03739254760660322}, "datetime": {"datetime": "2021-06-18 16:25:30", "elapsed": 8933.044753, "delta": 4.414995}}
{"target": -12.696350148287431, "params": {"C": 57.382760600344724, "gamma": 7.52846805123612}, "datetime": {"datetime": "2021-06-18 16:25:38", "elapsed": 8940.642542, "delta": 7.597789}}
{"target": -9.702944580710817, "params": {"C": 135.11776824073686, "gamma": 0.4207548977595412}, "datetime": {"datetime": "2021-06-18 16:25:43", "elapsed": 8945.757875, "delta": 5.115333}}
{"target": -9.63435639168648, "params": {"C": 197.1945140998403, "gamma": 0.30188595626958775}, "datetime": {"datetime": "2021-06-18 16:25:48", "elapsed": 8950.991027, "delta": 5.233152}}
{"target": -13.051302546728124, "params": {"C": 137.13803111592804, "gamma": 7.363605191756515}, "datetime": {"datetime": "2021-06-18 16:25:56", "elapsed": 8958.913018, "delta": 7.921991}}
{"target": -9.51844998011482, "params": {"C": 170.3048504975484, "gamma": 0.24116212729130554}, "datetime": {"datetime": "2021-06-18 16:26:01", "elapsed": 8964.437745, "delta": 5.524727}}
{"target": -16.97050896283225, "params": {"C": 700891.1259653666, "gamma": 8.889965221059414}, "datetime": {"datetime": "2021-06-18 16:26:11", "elapsed": 8974.087065, "delta": 9.64932}}
{"target": -10.494000194529503, "params": {"C": 108.0715619433505, "gamma": 1.932719875375461}, "datetime": {"datetime": "2021-06-18 16:26:16", "elapsed": 8979.507789, "delta": 5.420724}}
{"target": -13.039648924457179, "params": {"C": 41.88503734658919, "gamma": 8.673863287138536}, "datetime": {"datetime": "2021-06-18 16:26:21", "elapsed": 8983.940175, "delta": 4.432386}}
{"target": -9.90194522971615, "params": {"C": 214.13228015904411, "gamma": 0.38366690326731917}, "datetime": {"datetime": "2021-06-18 16:26:26", "elapsed": 8988.754315, "delta": 4.81414}}
{"target": -11.312412555894246, "params": {"C": 36.82301969582984, "gamma": 5.055468818563303}, "datetime": {"datetime": "2021-06-18 16:26:32", "elapsed": 8995.034031, "delta": 6.279716}}
{"target": -33.35546001771408, "params": {"C": 700889.4965230054, "gamma": 1.0843436681786893}, "datetime": {"datetime": "2021-06-18 16:26:39", "elapsed": 9001.790618, "delta": 6.756587}}
{"target": -11.016880690540379, "params": {"C": 38.91700885669041, "gamma": 4.320734967439198}, "datetime": {"datetime": "2021-06-18 16:26:44", "elapsed": 9007.578396, "delta": 5.787778}}
{"target": -10.624585601625702, "params": {"C": 118.89131594682145, "gamma": 2.232605042045303}, "datetime": {"datetime": "2021-06-18 16:26:50", "elapsed": 9012.962561, "delta": 5.384165}}
{"target": -12.570385198047049, "params": {"C": 26.890848824573656, "gamma": 7.97608656795225}, "datetime": {"datetime": "2021-06-18 16:26:56", "elapsed": 9019.203795, "delta": 6.241234}}
{"target": -11.900427863601276, "params": {"C": 203.56683200292122, "gamma": 2.9558014853352943}, "datetime": {"datetime": "2021-06-18 16:27:00", "elapsed": 9023.292233, "delta": 4.088438}}
{"target": -10.413150725541785, "params": {"C": 6.954647214077109, "gamma": 3.6480129080403443}, "datetime": {"datetime": "2021-06-18 16:27:04", "elapsed": 9027.342093, "delta": 4.04986}}
{"target": -10.484288143498611, "params": {"C": 213.83239393049456, "gamma": 1.5849865388354007}, "datetime": {"datetime": "2021-06-18 16:27:09", "elapsed": 9032.404661, "delta": 5.062568}}
{"target": -10.505959972374459, "params": {"C": 195.82604393080456, "gamma": 1.0302814225684658}, "datetime": {"datetime": "2021-06-18 16:27:20", "elapsed": 9042.768531, "delta": 10.36387}}
{"target": -11.349733151541963, "params": {"C": 69.70035801062244, "gamma": 4.788026728984978}, "datetime": {"datetime": "2021-06-18 16:27:27", "elapsed": 9050.130388, "delta": 7.361857}}
{"target": -21.83186616737822, "params": {"C": 700896.5876228824, "gamma": 2.7720899039738147}, "datetime": {"datetime": "2021-06-18 16:27:33", "elapsed": 9056.159371, "delta": 6.028983}}
{"target": -10.915051218699535, "params": {"C": 43.894537867006015, "gamma": 3.9905064020216416}, "datetime": {"datetime": "2021-06-18 16:27:39", "elapsed": 9062.107097, "delta": 5.947726}}
{"target": -16.986513555228775, "params": {"C": 506057.83268304117, "gamma": 5.544896042116312}, "datetime": {"datetime": "2021-06-18 16:27:47", "elapsed": 9069.901755, "delta": 7.794658}}
{"target": -10.681601223414, "params": {"C": 68.71090878028629, "gamma": 3.17606983381818}, "datetime": {"datetime": "2021-06-18 16:27:53", "elapsed": 9075.94931, "delta": 6.047555}}
{"target": -9.587965605650082, "params": {"C": 144.95313389424803, "gamma": 0.34218534204829437}, "datetime": {"datetime": "2021-06-18 16:28:00", "elapsed": 9083.193857, "delta": 7.244547}}
{"target": -18.070857739068288, "params": {"C": 441437.6779523888, "gamma": 4.5756390104525915}, "datetime": {"datetime": "2021-06-18 16:28:05", "elapsed": 9087.610422, "delta": 4.416565}}
{"target": -17.286274229205905, "params": {"C": 748725.2657551198, "gamma": 5.2446575543189775}, "datetime": {"datetime": "2021-06-18 16:28:12", "elapsed": 9095.171037, "delta": 7.560615}}
{"target": -17.43716141511081, "params": {"C": 728145.4316856585, "gamma": 5.102889007693197}, "datetime": {"datetime": "2021-06-18 16:28:18", "elapsed": 9101.339162, "delta": 6.168125}}
{"target": -10.28916941484826, "params": {"C": 40.03978693718683, "gamma": 1.8355439664403017}, "datetime": {"datetime": "2021-06-18 16:28:25", "elapsed": 9108.530058, "delta": 7.190896}}
{"target": -10.0183680819351, "params": {"C": 14.812387464907053, "gamma": 1.8807452402280034}, "datetime": {"datetime": "2021-06-18 16:28:30", "elapsed": 9113.227112, "delta": 4.697054}}
{"target": -9.763679076609295, "params": {"C": 163.59529537365617, "gamma": 0.13978988766977787}, "datetime": {"datetime": "2021-06-18 16:28:36", "elapsed": 9119.324171, "delta": 6.097059}}
{"target": -11.044552187289876, "params": {"C": 111.55147544877867, "gamma": 3.0956638224641093}, "datetime": {"datetime": "2021-06-18 16:28:42", "elapsed": 9124.970628, "delta": 5.646457}}
{"target": -11.326026408782877, "params": {"C": 134.64831738257516, "gamma": 3.087388177680444}, "datetime": {"datetime": "2021-06-18 16:28:46", "elapsed": 9129.606136, "delta": 4.635508}}
{"target": -22.87117549079823, "params": {"C": 790034.7229158748, "gamma": 2.4927022612811895}, "datetime": {"datetime": "2021-06-18 16:28:51", "elapsed": 9134.398751, "delta": 4.792615}}
{"target": -9.8004792908636, "params": {"C": 60.81220290205148, "gamma": 0.8118349587624002}, "datetime": {"datetime": "2021-06-18 16:28:56", "elapsed": 9139.1459, "delta": 4.747149}}
{"target": -10.297982269361688, "params": {"C": 23.916684699236846, "gamma": 2.2167339694224526}, "datetime": {"datetime": "2021-06-18 16:29:01", "elapsed": 9143.793391, "delta": 4.647491}}
{"target": -10.18996503079989, "params": {"C": 92.54015532564176, "gamma": 1.2526139819008026}, "datetime": {"datetime": "2021-06-18 16:29:08", "elapsed": 9151.068511, "delta": 7.27512}}
{"target": -10.17241814236299, "params": {"C": 124.43492447238897, "gamma": 0.8519287639485816}, "datetime": {"datetime": "2021-06-18 16:29:13", "elapsed": 9155.704593, "delta": 4.636082}}
{"target": -11.726378125714202, "params": {"C": 36.93167494851632, "gamma": 5.835752199818923}, "datetime": {"datetime": "2021-06-18 16:29:17", "elapsed": 9160.475968, "delta": 4.771375}}
{"target": -14.164308705666997, "params": {"C": 112.46496680619937, "gamma": 9.557336805121784}, "datetime": {"datetime": "2021-06-18 16:29:24", "elapsed": 9167.582295, "delta": 7.106327}}
{"target": -10.260354334401294, "params": {"C": 15.323111197811981, "gamma": 2.5146449505082815}, "datetime": {"datetime": "2021-06-18 16:29:33", "elapsed": 9176.425322, "delta": 8.843027}}
{"target": -30.90841659457533, "params": {"C": 898926.780168037, "gamma": 1.377293299823986}, "datetime": {"datetime": "2021-06-18 16:29:43", "elapsed": 9185.62753, "delta": 9.202208}}
{"target": -24.94159081685075, "params": {"C": 357412.01678856445, "gamma": 2.102478397577962}, "datetime": {"datetime": "2021-06-18 16:29:48", "elapsed": 9190.678745, "delta": 5.051215}}
{"target": -11.836501073135654, "params": {"C": 189.81392633849703, "gamma": 3.016680933176999}, "datetime": {"datetime": "2021-06-18 16:29:57", "elapsed": 9200.122595, "delta": 9.44385}}
{"target": -13.880966716789647, "params": {"C": 0.16795758814313286, "gamma": 7.934416964690431}, "datetime": {"datetime": "2021-06-18 16:30:04", "elapsed": 9207.379128, "delta": 7.256533}}
