{"target": -10.47201064677772, "params": {"C": 1.8710902268842486, "gamma": 3.869657518117925}, "datetime": {"datetime": "2021-06-17 22:10:05", "elapsed": 579.712178, "delta": 3.279687}}
{"target": -10.463379616185293, "params": {"C": 4.333362171090487, "gamma": 3.889154840995055}, "datetime": {"datetime": "2021-06-17 22:10:07", "elapsed": 582.128547, "delta": 2.416369}}
{"target": -9.51000085447595, "params": {"C": 8.796002807044358, "gamma": 1.499997298256263}, "datetime": {"datetime": "2021-06-17 22:10:10", "elapsed": 584.846964, "delta": 2.718417}}
{"target": -9.688960201701821, "params": {"C": 4.5711222161752065, "gamma": 0.7684096585881331}, "datetime": {"datetime": "2021-06-17 22:10:12", "elapsed": 587.57877, "delta": 2.731806}}
{"target": -12.477587597805247, "params": {"C": 0.9257906932137624, "gamma": 0.13434552502366312}, "datetime": {"datetime": "2021-06-17 22:10:14", "elapsed": 589.118494, "delta": 1.539724}}
{"target": -11.669165264990827, "params": {"C": 0.7541987454480665, "gamma": 0.2375376997250752}, "datetime": {"datetime": "2021-06-17 22:10:16", "elapsed": 591.28968, "delta": 2.171186}}
{"target": -9.431088628586519, "params": {"C": 9.810744325360576, "gamma": 1.3523932222613064}, "datetime": {"datetime": "2021-06-17 22:10:19", "elapsed": 593.785841, "delta": 2.496161}}
{"target": -9.271451735309792, "params": {"C": 8.227713245766001, "gamma": 1.1104727573603828}, "datetime": {"datetime": "2021-06-17 22:10:21", "elapsed": 596.292922, "delta": 2.507081}}
{"target": -9.349359511809043, "params": {"C": 7.080324574089147, "gamma": 1.0508261432640398}, "datetime": {"datetime": "2021-06-17 22:10:26", "elapsed": 600.667667, "delta": 4.374745}}
{"target": -9.275836715383353, "params": {"C": 9.270805954235895, "gamma": 1.0993259568823492}, "datetime": {"datetime": "2021-06-17 22:10:28", "elapsed": 603.28658, "delta": 2.618913}}
{"target": -9.357828405089883, "params": {"C": 5.67211040193974, "gamma": 1.2017806907138848}, "datetime": {"datetime": "2021-06-17 22:10:31", "elapsed": 605.946531, "delta": 2.659951}}
{"target": -9.34413981562, "params": {"C": 6.227226433816882, "gamma": 1.3167700060715246}, "datetime": {"datetime": "2021-06-17 22:10:34", "elapsed": 608.876843, "delta": 2.930312}}
{"target": -9.515662435077282, "params": {"C": 4.138764167262039, "gamma": 1.415334968715228}, "datetime": {"datetime": "2021-06-17 22:10:37", "elapsed": 611.638537, "delta": 2.761694}}
{"target": -9.371428666225318, "params": {"C": 9.481693525619132, "gamma": 0.8418888945600961}, "datetime": {"datetime": "2021-06-17 22:10:39", "elapsed": 613.881786, "delta": 2.243249}}
{"target": -9.26732766401765, "params": {"C": 7.628874476243877, "gamma": 1.1659271563361087}, "datetime": {"datetime": "2021-06-17 22:10:41", "elapsed": 616.10778, "delta": 2.225994}}
{"target": -9.439067456133248, "params": {"C": 4.80715257770102, "gamma": 1.3271496291096485}, "datetime": {"datetime": "2021-06-17 22:10:44", "elapsed": 618.637596, "delta": 2.529816}}
{"target": -9.449601007244086, "params": {"C": 9.152212648504042, "gamma": 0.712648976675631}, "datetime": {"datetime": "2021-06-17 22:10:46", "elapsed": 620.842871, "delta": 2.205275}}
{"target": -9.542665355253673, "params": {"C": 7.326652845528308, "gamma": 0.7146074100718605}, "datetime": {"datetime": "2021-06-17 22:10:48", "elapsed": 622.911344, "delta": 2.068473}}
{"target": -9.47576088333613, "params": {"C": 4.358038700802629, "gamma": 1.1762718318759056}, "datetime": {"datetime": "2021-06-17 22:10:50", "elapsed": 625.082631, "delta": 2.171287}}
{"target": -9.384555736813677, "params": {"C": 5.339574474901719, "gamma": 1.2242424115995287}, "datetime": {"datetime": "2021-06-17 22:10:53", "elapsed": 628.002938, "delta": 2.920307}}
{"target": -9.466223189948858, "params": {"C": 4.555189726385182, "gamma": 1.3536681865036948}, "datetime": {"datetime": "2021-06-17 22:10:56", "elapsed": 630.750156, "delta": 2.747218}}
{"target": -9.549709749384924, "params": {"C": 4.989811928222053, "gamma": 1.7766224336183187}, "datetime": {"datetime": "2021-06-17 22:11:00", "elapsed": 634.610847, "delta": 3.860691}}
{"target": -9.430950142430644, "params": {"C": 6.2466737900050155, "gamma": 0.9768681070964542}, "datetime": {"datetime": "2021-06-17 22:11:03", "elapsed": 637.600755, "delta": 2.989908}}
{"target": -9.284943563951446, "params": {"C": 6.937401403967738, "gamma": 1.2076285200667551}, "datetime": {"datetime": "2021-06-17 22:11:05", "elapsed": 640.190884, "delta": 2.590129}}
{"target": -9.269469652429002, "params": {"C": 9.62798601860919, "gamma": 1.0443013520359705}, "datetime": {"datetime": "2021-06-17 22:11:08", "elapsed": 643.104886, "delta": 2.914002}}
{"target": -10.047947460929434, "params": {"C": 1.6016594092038698, "gamma": 2.6131472953488117}, "datetime": {"datetime": "2021-06-17 22:11:10", "elapsed": 644.834744, "delta": 1.729858}}
{"target": -9.418218977950838, "params": {"C": 5.3847042296554335, "gamma": 1.4678102072158483}, "datetime": {"datetime": "2021-06-17 22:11:12", "elapsed": 647.358751, "delta": 2.524007}}
{"target": -9.554853710081616, "params": {"C": 9.176765514299946, "gamma": 1.5542457002796526}, "datetime": {"datetime": "2021-06-17 22:11:15", "elapsed": 650.27246, "delta": 2.913709}}
{"target": -9.617314857919087, "params": {"C": 3.504499900032011, "gamma": 1.9939698030329132}, "datetime": {"datetime": "2021-06-17 22:11:18", "elapsed": 652.863938, "delta": 2.591478}}
{"target": -9.438825259990777, "params": {"C": 6.673243127937105, "gamma": 0.9189347898435385}, "datetime": {"datetime": "2021-06-17 22:11:20", "elapsed": 655.560507, "delta": 2.696569}}
{"target": -9.531860424382774, "params": {"C": 8.469794293258479, "gamma": 1.5488306795067448}, "datetime": {"datetime": "2021-06-17 22:11:25", "elapsed": 659.673463, "delta": 4.112956}}
{"target": -9.576702724436727, "params": {"C": 6.630793557263945, "gamma": 1.7345530622428733}, "datetime": {"datetime": "2021-06-17 22:11:28", "elapsed": 662.625485, "delta": 2.952022}}
{"target": -9.584884474661674, "params": {"C": 7.583513863187949, "gamma": 1.690163528993309}, "datetime": {"datetime": "2021-06-17 22:11:30", "elapsed": 665.073363, "delta": 2.447878}}
{"target": -9.510156281735927, "params": {"C": 5.002410597087922, "gamma": 1.001302970440434}, "datetime": {"datetime": "2021-06-17 22:11:32", "elapsed": 667.007842, "delta": 1.934479}}
{"target": -9.65191775831752, "params": {"C": 6.157174346378397, "gamma": 1.9535935690858153}, "datetime": {"datetime": "2021-06-17 22:11:35", "elapsed": 670.460866, "delta": 3.453024}}
{"target": -10.929156258059002, "params": {"C": 7.800747411213513, "gamma": 5.141560619683342}, "datetime": {"datetime": "2021-06-17 22:11:37", "elapsed": 672.085774, "delta": 1.624908}}
{"target": -9.406656649514472, "params": {"C": 5.085474497813401, "gamma": 1.2429342774446863}, "datetime": {"datetime": "2021-06-17 22:11:39", "elapsed": 674.395584, "delta": 2.30981}}
{"target": -9.553390553680963, "params": {"C": 3.7784087096426333, "gamma": 1.200600839219172}, "datetime": {"datetime": "2021-06-17 22:11:42", "elapsed": 677.523943, "delta": 3.128359}}
{"target": -9.62634677261916, "params": {"C": 6.832788256024885, "gamma": 1.835150919614282}, "datetime": {"datetime": "2021-06-17 22:11:45", "elapsed": 680.007927, "delta": 2.483984}}
{"target": -9.614360547312678, "params": {"C": 5.727057117579639, "gamma": 0.7520537946626359}, "datetime": {"datetime": "2021-06-17 22:11:47", "elapsed": 682.436091, "delta": 2.428164}}
{"target": -9.555513704169723, "params": {"C": 6.096168708551673, "gamma": 0.7940486035188546}, "datetime": {"datetime": "2021-06-17 22:11:51", "elapsed": 685.938366, "delta": 3.502275}}
{"target": -9.557370808612486, "params": {"C": 4.15044088085611, "gamma": 1.8564644389210945}, "datetime": {"datetime": "2021-06-17 22:11:54", "elapsed": 689.52613, "delta": 3.587764}}
{"target": -11.180684116561281, "params": {"C": 0.5300067227073283, "gamma": 3.9808953330297348}, "datetime": {"datetime": "2021-06-17 22:11:56", "elapsed": 691.288958, "delta": 1.762828}}
{"target": -9.412811979339981, "params": {"C": 7.930215464564586, "gamma": 1.384178008557652}, "datetime": {"datetime": "2021-06-17 22:11:58", "elapsed": 693.53911, "delta": 2.250152}}
{"target": -9.303879059972855, "params": {"C": 8.412810669539487, "gamma": 1.2336609372458756}, "datetime": {"datetime": "2021-06-17 22:12:01", "elapsed": 695.861494, "delta": 2.322384}}
{"target": -9.712140748450697, "params": {"C": 2.869706300514418, "gamma": 1.5474630883477734}, "datetime": {"datetime": "2021-06-17 22:12:03", "elapsed": 698.122839, "delta": 2.261345}}
{"target": -9.669915675426696, "params": {"C": 3.111754526876858, "gamma": 1.8527781284689986}, "datetime": {"datetime": "2021-06-17 22:12:07", "elapsed": 702.479701, "delta": 4.356862}}
{"target": -9.674404124362255, "params": {"C": 3.426238478170807, "gamma": 0.9859129010023573}, "datetime": {"datetime": "2021-06-17 22:12:11", "elapsed": 705.798957, "delta": 3.319256}}
{"target": -9.629341788926984, "params": {"C": 3.6641380447400143, "gamma": 1.0201384116803927}, "datetime": {"datetime": "2021-06-17 22:12:14", "elapsed": 708.725335, "delta": 2.926378}}
{"target": -9.67312974391432, "params": {"C": 3.0497274315375624, "gamma": 1.0834046357465623}, "datetime": {"datetime": "2021-06-17 22:12:16", "elapsed": 711.149025, "delta": 2.42369}}
{"target": -9.6976579937233, "params": {"C": 8.499744398369636, "gamma": 1.8421990739308274}, "datetime": {"datetime": "2021-06-17 22:12:19", "elapsed": 713.844365, "delta": 2.69534}}
{"target": -9.530441938876521, "params": {"C": 4.726579238869317, "gamma": 1.0085471767308485}, "datetime": {"datetime": "2021-06-17 22:12:23", "elapsed": 717.64489, "delta": 3.800525}}
{"target": -9.61783204228235, "params": {"C": 5.459086197052433, "gamma": 1.9318254665090795}, "datetime": {"datetime": "2021-06-17 22:12:26", "elapsed": 721.064142, "delta": 3.419252}}
{"target": -9.499935341894599, "params": {"C": 5.965265495841586, "gamma": 1.6048997452782752}, "datetime": {"datetime": "2021-06-17 22:12:29", "elapsed": 723.744217, "delta": 2.680075}}
{"target": -9.590386155729803, "params": {"C": 8.010947290136956, "gamma": 1.6766993551995297}, "datetime": {"datetime": "2021-06-17 22:12:32", "elapsed": 726.988608, "delta": 3.244391}}
{"target": -9.760319300990279, "params": {"C": 6.978568929120794, "gamma": 2.024350374096015}, "datetime": {"datetime": "2021-06-17 22:12:34", "elapsed": 729.520569, "delta": 2.531961}}
{"target": -9.701639992234492, "params": {"C": 2.8905957771701893, "gamma": 1.763510018815645}, "datetime": {"datetime": "2021-06-17 22:12:39", "elapsed": 733.739742, "delta": 4.219173}}
{"target": -12.10268549239062, "params": {"C": 3.0177396823983824, "gamma": 8.3841161297735}, "datetime": {"datetime": "2021-06-17 22:12:40", "elapsed": 735.533305, "delta": 1.793563}}
{"target": -9.460282106718484, "params": {"C": 9.551533414658484, "gamma": 0.6797019362439205}, "datetime": {"datetime": "2021-06-17 22:12:43", "elapsed": 737.742228, "delta": 2.208923}}
{"target": -9.423574853096577, "params": {"C": 8.04178522018967, "gamma": 0.8278012749328358}, "datetime": {"datetime": "2021-06-17 22:12:46", "elapsed": 740.966805, "delta": 3.224577}}
{"target": -9.777568874682425, "params": {"C": 2.5021014577347107, "gamma": 2.0277762908740593}, "datetime": {"datetime": "2021-06-17 22:12:48", "elapsed": 743.483748, "delta": 2.516943}}
{"target": -9.800299770448008, "params": {"C": 2.2878035713765836, "gamma": 1.0495838000735718}, "datetime": {"datetime": "2021-06-17 22:12:51", "elapsed": 746.15681, "delta": 2.673062}}
{"target": -9.871029112479631, "params": {"C": 2.1168542907303927, "gamma": 1.9714481002861413}, "datetime": {"datetime": "2021-06-17 22:12:53", "elapsed": 748.266885, "delta": 2.110075}}
{"target": -9.71047217718675, "params": {"C": 9.633002327876422, "gamma": 1.7887748880916159}, "datetime": {"datetime": "2021-06-17 22:12:57", "elapsed": 752.567719, "delta": 4.300834}}
{"target": -9.668238503443527, "params": {"C": 3.0984577833868534, "gamma": 1.401970234271332}, "datetime": {"datetime": "2021-06-17 22:13:01", "elapsed": 755.741336, "delta": 3.173617}}
{"target": -9.674112280270695, "params": {"C": 4.223824749328283, "gamma": 2.205343429088594}, "datetime": {"datetime": "2021-06-17 22:13:05", "elapsed": 759.759684, "delta": 4.018348}}
{"target": -10.815041902020555, "params": {"C": 1.1653889935069146, "gamma": 4.453365397891599}, "datetime": {"datetime": "2021-06-17 22:13:07", "elapsed": 761.660007, "delta": 1.900323}}
{"target": -9.879576438764188, "params": {"C": 8.351823663482913, "gamma": 2.0515284420133946}, "datetime": {"datetime": "2021-06-17 22:13:09", "elapsed": 763.609343, "delta": 1.949336}}
{"target": -11.531915857494834, "params": {"C": 9.342073318786605, "gamma": 6.371397115554904}, "datetime": {"datetime": "2021-06-17 22:13:10", "elapsed": 765.556724, "delta": 1.947381}}
{"target": -9.648716080547182, "params": {"C": 3.911502085591829, "gamma": 2.2078015380033875}, "datetime": {"datetime": "2021-06-17 22:13:14", "elapsed": 769.010299, "delta": 3.453575}}
{"target": -9.866042979305192, "params": {"C": 2.389577959591182, "gamma": 2.504411022674924}, "datetime": {"datetime": "2021-06-17 22:13:17", "elapsed": 772.295843, "delta": 3.285544}}
{"target": -9.890348141704932, "params": {"C": 4.447053614502771, "gamma": 2.5243891670563903}, "datetime": {"datetime": "2021-06-17 22:13:20", "elapsed": 774.923959, "delta": 2.628116}}
{"target": -9.3923325066535, "params": {"C": 7.018640841363294, "gamma": 0.9739686657532153}, "datetime": {"datetime": "2021-06-17 22:13:22", "elapsed": 776.873575, "delta": 1.949616}}
{"target": -9.847210711078922, "params": {"C": 3.392920480975889, "gamma": 2.603024593530888}, "datetime": {"datetime": "2021-06-17 22:13:25", "elapsed": 780.124812, "delta": 3.251237}}
{"target": -9.756851270576531, "params": {"C": 4.746754131309134, "gamma": 2.263661176735717}, "datetime": {"datetime": "2021-06-17 22:13:30", "elapsed": 785.16531, "delta": 5.040498}}
{"target": -9.54673101794928, "params": {"C": 5.364092196590281, "gamma": 1.7463550979944436}, "datetime": {"datetime": "2021-06-17 22:13:34", "elapsed": 788.632166, "delta": 3.466856}}
{"target": -9.762114905978999, "params": {"C": 3.2174006069556036, "gamma": 2.4258685646385727}, "datetime": {"datetime": "2021-06-17 22:13:38", "elapsed": 793.222071, "delta": 4.589905}}
{"target": -9.544282217826051, "params": {"C": 7.116186442628745, "gamma": 1.639433059154898}, "datetime": {"datetime": "2021-06-17 22:13:41", "elapsed": 795.806349, "delta": 2.584278}}
{"target": -9.88140893034273, "params": {"C": 6.541394468759832, "gamma": 2.2113208760835006}, "datetime": {"datetime": "2021-06-17 22:13:44", "elapsed": 799.230664, "delta": 3.424315}}
{"target": -9.496671967185646, "params": {"C": 9.59349661617887, "gamma": 1.4495945923155258}, "datetime": {"datetime": "2021-06-17 22:13:47", "elapsed": 801.956074, "delta": 2.72541}}
{"target": -10.589391334998648, "params": {"C": 8.844112081384047, "gamma": 4.1705674109448205}, "datetime": {"datetime": "2021-06-17 22:13:49", "elapsed": 803.824569, "delta": 1.868495}}
{"target": -9.91319813537051, "params": {"C": 1.741956597651675, "gamma": 1.0232849755806945}, "datetime": {"datetime": "2021-06-17 22:13:53", "elapsed": 807.687198, "delta": 3.862629}}
{"target": -9.88033836248895, "params": {"C": 3.9840769610124243, "gamma": 2.605037215770015}, "datetime": {"datetime": "2021-06-17 22:13:56", "elapsed": 811.140211, "delta": 3.453013}}
{"target": -9.847702888141942, "params": {"C": 8.652965079812178, "gamma": 1.9940322411309872}, "datetime": {"datetime": "2021-06-17 22:13:59", "elapsed": 813.602621, "delta": 2.46241}}
{"target": -9.885898260327544, "params": {"C": 1.9407258265607108, "gamma": 1.2197562976324932}, "datetime": {"datetime": "2021-06-17 22:14:03", "elapsed": 818.401747, "delta": 4.799126}}
{"target": -9.40044942431178, "params": {"C": 7.455343249765888, "gamma": 1.381819610339972}, "datetime": {"datetime": "2021-06-17 22:14:06", "elapsed": 821.302213, "delta": 2.900466}}
{"target": -9.574584830533652, "params": {"C": 4.502674149732766, "gamma": 1.892340890106194}, "datetime": {"datetime": "2021-06-17 22:14:10", "elapsed": 824.697072, "delta": 3.394859}}
{"target": -10.670151238068403, "params": {"C": 1.301370263242586, "gamma": 4.1507566029003}, "datetime": {"datetime": "2021-06-17 22:14:12", "elapsed": 826.76892, "delta": 2.071848}}
{"target": -9.510518840257832, "params": {"C": 6.488726416785979, "gamma": 1.6036732728007979}, "datetime": {"datetime": "2021-06-17 22:14:15", "elapsed": 830.371768, "delta": 3.602848}}
{"target": -9.910112655849337, "params": {"C": 1.9252131078809192, "gamma": 2.4334773018816174}, "datetime": {"datetime": "2021-06-17 22:14:19", "elapsed": 834.240575, "delta": 3.868807}}
{"target": -9.875943485448724, "params": {"C": 2.1564175535537005, "gamma": 1.6600512824869842}, "datetime": {"datetime": "2021-06-17 22:14:22", "elapsed": 837.520364, "delta": 3.279789}}
{"target": -9.494129347168483, "params": {"C": 8.358013686908501, "gamma": 0.7054374750908017}, "datetime": {"datetime": "2021-06-17 22:14:27", "elapsed": 841.985298, "delta": 4.464934}}
{"target": -9.298933958545048, "params": {"C": 8.887657989102768, "gamma": 1.017247662131477}, "datetime": {"datetime": "2021-06-17 22:14:31", "elapsed": 846.486192, "delta": 4.500894}}
{"target": -9.874866873441487, "params": {"C": 9.15215588381657, "gamma": 1.9917491215000531}, "datetime": {"datetime": "2021-06-17 22:14:37", "elapsed": 851.660416, "delta": 5.174224}}
{"target": -9.809650818035564, "params": {"C": 2.421051208602509, "gamma": 1.5995400130953676}, "datetime": {"datetime": "2021-06-17 22:14:42", "elapsed": 856.777242, "delta": 5.116826}}
{"target": -10.018772888467382, "params": {"C": 1.4899121280436811, "gamma": 1.2130517997717778}, "datetime": {"datetime": "2021-06-17 22:14:45", "elapsed": 860.330151, "delta": 3.552909}}
{"target": -9.792826764861738, "params": {"C": 5.593254623894103, "gamma": 2.1994496452324137}, "datetime": {"datetime": "2021-06-17 22:14:49", "elapsed": 863.646508, "delta": 3.316357}}
{"target": -9.833366754271035, "params": {"C": 3.433891643565637, "gamma": 0.6085985624543323}, "datetime": {"datetime": "2021-06-17 22:14:52", "elapsed": 866.842183, "delta": 3.195675}}
{"target": -10.052963219960198, "params": {"C": 3.697577148303845, "gamma": 2.9322393945683944}, "datetime": {"datetime": "2021-06-17 22:14:55", "elapsed": 870.220362, "delta": 3.378179}}
{"target": -9.9645689074877, "params": {"C": 9.484191555607167, "gamma": 2.0800598308350065}, "datetime": {"datetime": "2021-06-17 22:14:59", "elapsed": 874.51392, "delta": 4.293558}}
{"target": -9.82371054591743, "params": {"C": 8.384527511322654, "gamma": 0.39112068528242894}, "datetime": {"datetime": "2021-06-17 22:15:04", "elapsed": 878.885976, "delta": 4.372056}}
{"target": -9.841720158758575, "params": {"C": 7.528515252304094, "gamma": 2.070013558696007}, "datetime": {"datetime": "2021-06-17 22:15:08", "elapsed": 882.841983, "delta": 3.956007}}
{"target": -10.01208135870577, "params": {"C": 1.6878762024105365, "gamma": 1.9481069356794318}, "datetime": {"datetime": "2021-06-17 22:15:13", "elapsed": 888.412926, "delta": 5.570943}}
{"target": -9.985212425140073, "params": {"C": 2.486035872822485, "gamma": 2.7949086919880646}, "datetime": {"datetime": "2021-06-17 22:15:15", "elapsed": 890.329184, "delta": 1.916258}}
{"target": -9.929938840598425, "params": {"C": 5.299820877053973, "gamma": 0.37803467013857234}, "datetime": {"datetime": "2021-06-17 22:15:19", "elapsed": 894.238403, "delta": 3.909219}}
{"target": -10.110351663587776, "params": {"C": 7.775644683286676, "gamma": 2.5173982180954995}, "datetime": {"datetime": "2021-06-17 22:15:24", "elapsed": 898.724672, "delta": 4.486269}}
{"target": -11.236200062474595, "params": {"C": 3.6095405642726845, "gamma": 5.932404232296024}, "datetime": {"datetime": "2021-06-17 22:15:26", "elapsed": 900.921913, "delta": 2.197241}}
{"target": -9.91525598413983, "params": {"C": 1.9802892789332955, "gamma": 1.4777935636769544}, "datetime": {"datetime": "2021-06-17 22:15:31", "elapsed": 906.425794, "delta": 5.503881}}
{"target": -10.06165179454276, "params": {"C": 1.880606717434431, "gamma": 2.7928319938600836}, "datetime": {"datetime": "2021-06-17 22:15:35", "elapsed": 910.254653, "delta": 3.828859}}
{"target": -10.145283249038723, "params": {"C": 6.680859809760346, "gamma": 2.9585355340558253}, "datetime": {"datetime": "2021-06-17 22:15:39", "elapsed": 913.601561, "delta": 3.346908}}
{"target": -10.05640098618225, "params": {"C": 7.276075060652755, "gamma": 2.4350368671417573}, "datetime": {"datetime": "2021-06-17 22:15:41", "elapsed": 916.441224, "delta": 2.839663}}
{"target": -9.68245898479374, "params": {"C": 5.013156189492109, "gamma": 0.7234626617329813}, "datetime": {"datetime": "2021-06-17 22:15:47", "elapsed": 921.916025, "delta": 5.474801}}
{"target": -10.07174459187334, "params": {"C": 9.133591274831511, "gamma": 0.22355534249013242}, "datetime": {"datetime": "2021-06-17 22:15:51", "elapsed": 925.688414, "delta": 3.772389}}
{"target": -9.907133887875217, "params": {"C": 8.09615454282174, "gamma": 2.104913336965004}, "datetime": {"datetime": "2021-06-17 22:15:56", "elapsed": 930.600172, "delta": 4.911758}}
{"target": -10.055844904371881, "params": {"C": 5.233174420215149, "gamma": 2.797231833811998}, "datetime": {"datetime": "2021-06-17 22:15:58", "elapsed": 933.572083, "delta": 2.971911}}
{"target": -9.680923636732938, "params": {"C": 5.129127638822256, "gamma": 2.1113419145348287}, "datetime": {"datetime": "2021-06-17 22:16:03", "elapsed": 938.007429, "delta": 4.435346}}
{"target": -11.447529460091358, "params": {"C": 6.681047574311529, "gamma": 6.415014379948265}, "datetime": {"datetime": "2021-06-17 22:16:05", "elapsed": 940.157593, "delta": 2.150164}}
