{"target": -12.089111384143823, "params": {"C": 152.3281074033116, "gamma": 4.142851367342043}, "datetime": {"datetime": "2021-06-18 13:57:51", "elapsed": 74.06772, "delta": 0.605001}}
{"target": -16.585474959371826, "params": {"C": 694765.8469377073, "gamma": 6.147745690201632}, "datetime": {"datetime": "2021-06-18 13:57:52", "elapsed": 74.664718, "delta": 0.596998}}
{"target": -9.682430071245648, "params": {"C": 74.36075150229833, "gamma": 0.5993643972164974}, "datetime": {"datetime": "2021-06-18 13:57:52", "elapsed": 75.233893, "delta": 0.569175}}
{"target": -9.437616480917772, "params": {"C": 26.940975642775314, "gamma": 0.4145390684289545}, "datetime": {"datetime": "2021-06-18 13:57:53", "elapsed": 75.851267, "delta": 0.617374}}
{"target": -10.651461496321675, "params": {"C": 7.014266006808973, "gamma": 4.4228958034683945}, "datetime": {"datetime": "2021-06-18 13:57:53", "elapsed": 76.40642, "delta": 0.555153}}
{"target": -11.153135715409583, "params": {"C": 81.90491593290993, "gamma": 4.155997457785205}, "datetime": {"datetime": "2021-06-18 13:57:54", "elapsed": 77.032085, "delta": 0.625665}}
{"target": -26.202329583004747, "params": {"C": 97127.35789015635, "gamma": 1.7443663704164132}, "datetime": {"datetime": "2021-06-18 13:57:55", "elapsed": 77.697372, "delta": 0.665287}}
{"target": -16.982558579276148, "params": {"C": 358774.98647940677, "gamma": 9.726282254513157}, "datetime": {"datetime": "2021-06-18 13:57:55", "elapsed": 78.347343, "delta": 0.649971}}
{"target": -24.341444614860173, "params": {"C": 952929.6556259847, "gamma": 2.2115155688947428}, "datetime": {"datetime": "2021-06-18 13:57:56", "elapsed": 78.908349, "delta": 0.561006}}
{"target": -17.47253474629237, "params": {"C": 70499.03053444001, "gamma": 5.093294681125172}, "datetime": {"datetime": "2021-06-18 13:57:56", "elapsed": 79.576136, "delta": 0.667787}}
{"target": -10.086855455825525, "params": {"C": 40.88205773456264, "gamma": 1.5006354430583362}, "datetime": {"datetime": "2021-06-18 13:57:57", "elapsed": 80.202532, "delta": 0.626396}}
{"target": -11.41653425640662, "params": {"C": 27.445356342032706, "gamma": 5.436117487391832}, "datetime": {"datetime": "2021-06-18 13:57:58", "elapsed": 80.844381, "delta": 0.641849}}
{"target": -12.138935647465999, "params": {"C": 156.9606078179451, "gamma": 4.1316541547747825}, "datetime": {"datetime": "2021-06-18 13:57:58", "elapsed": 81.50719, "delta": 0.662809}}
{"target": -12.547081725476842, "params": {"C": 86.19995449763924, "gamma": 6.9222148606729474}, "datetime": {"datetime": "2021-06-18 13:57:59", "elapsed": 82.084407, "delta": 0.577217}}
{"target": -11.818596442604276, "params": {"C": 126.02874273160955, "gamma": 4.352613274590472}, "datetime": {"datetime": "2021-06-18 13:58:00", "elapsed": 82.785236, "delta": 0.700829}}
{"target": -16.767829197942326, "params": {"C": 570906.1445079489, "gamma": 7.161084829603228}, "datetime": {"datetime": "2021-06-18 13:58:00", "elapsed": 83.496584, "delta": 0.711348}}
{"target": -16.555708049122984, "params": {"C": 358144.8984423629, "gamma": 6.413523914877362}, "datetime": {"datetime": "2021-06-18 13:58:01", "elapsed": 84.255097, "delta": 0.758513}}
{"target": -18.266845600594483, "params": {"C": 126788.01391428222, "gamma": 4.456981819484808}, "datetime": {"datetime": "2021-06-18 13:58:02", "elapsed": 84.990767, "delta": 0.73567}}
{"target": -22.59552807203757, "params": {"C": 171845.06248779877, "gamma": 2.572581500869421}, "datetime": {"datetime": "2021-06-18 13:58:03", "elapsed": 85.740352, "delta": 0.749585}}
{"target": -28.999180731931375, "params": {"C": 696343.8952278583, "gamma": 1.5621723267686345}, "datetime": {"datetime": "2021-06-18 13:58:03", "elapsed": 86.410341, "delta": 0.669989}}
{"target": -9.350043617483134, "params": {"C": 39.60880228520695, "gamma": 0.4052190394423749}, "datetime": {"datetime": "2021-06-18 13:58:04", "elapsed": 87.130884, "delta": 0.720543}}
{"target": -10.800310577429586, "params": {"C": 17.10860575223218, "gamma": 4.3644090910196605}, "datetime": {"datetime": "2021-06-18 13:58:05", "elapsed": 87.876651, "delta": 0.745767}}
{"target": -10.377143184353619, "params": {"C": 53.04218068163971, "gamma": 2.1346923733174745}, "datetime": {"datetime": "2021-06-18 13:58:05", "elapsed": 88.523557, "delta": 0.646906}}
{"target": -10.761902527351735, "params": {"C": 145.93471908395114, "gamma": 2.297608688887951}, "datetime": {"datetime": "2021-06-18 13:58:06", "elapsed": 89.209893, "delta": 0.686336}}
{"target": -11.174824114329363, "params": {"C": 18.20358924523595, "gamma": 5.122377225973205}, "datetime": {"datetime": "2021-06-18 13:58:07", "elapsed": 89.842925, "delta": 0.633032}}
{"target": -16.62067629108785, "params": {"C": 850326.961250446, "gamma": 6.092462304320685}, "datetime": {"datetime": "2021-06-18 13:58:07", "elapsed": 90.459269, "delta": 0.616344}}
{"target": -9.989582347895807, "params": {"C": 12.517445420691843, "gamma": 0.22430767915839284}, "datetime": {"datetime": "2021-06-18 13:58:08", "elapsed": 91.161345, "delta": 0.702076}}
{"target": -24.60935584376436, "params": {"C": 827172.5072130772, "gamma": 2.163736789876484}, "datetime": {"datetime": "2021-06-18 13:58:09", "elapsed": 91.878897, "delta": 0.717552}}
{"target": -10.817657642212687, "params": {"C": 81.42869774827801, "gamma": 3.2368012528017815}, "datetime": {"datetime": "2021-06-18 13:58:09", "elapsed": 92.587024, "delta": 0.708127}}
{"target": -11.538748912855795, "params": {"C": 97.38913392044029, "gamma": 4.783360728965938}, "datetime": {"datetime": "2021-06-18 13:58:10", "elapsed": 93.266947, "delta": 0.679923}}
{"target": -28.865623540825514, "params": {"C": 295267.7624200912, "gamma": 0.6768434912500255}, "datetime": {"datetime": "2021-06-18 13:58:11", "elapsed": 94.119708, "delta": 0.852761}}
{"target": -19.643707652073157, "params": {"C": 371545.28768032155, "gamma": 3.6248818120933666}, "datetime": {"datetime": "2021-06-18 13:58:12", "elapsed": 94.767542, "delta": 0.647834}}
{"target": -19.596703493686505, "params": {"C": 647550.3513938648, "gamma": 0.17551300082242946}, "datetime": {"datetime": "2021-06-18 13:58:12", "elapsed": 95.422662, "delta": 0.65512}}
{"target": -16.965176964152892, "params": {"C": 708616.346405034, "gamma": 8.738153519169503}, "datetime": {"datetime": "2021-06-18 13:58:13", "elapsed": 96.182718, "delta": 0.760056}}
{"target": -10.775277463676105, "params": {"C": 157.1136500235892, "gamma": 2.2465817433514936}, "datetime": {"datetime": "2021-06-18 13:58:14", "elapsed": 96.897765, "delta": 0.715047}}
{"target": -16.60313597552254, "params": {"C": 978778.8883157029, "gamma": 6.532913346476248}, "datetime": {"datetime": "2021-06-18 13:58:14", "elapsed": 97.568153, "delta": 0.670388}}
{"target": -11.089376963252796, "params": {"C": 81.69307625265775, "gamma": 3.9575232626132624}, "datetime": {"datetime": "2021-06-18 13:58:15", "elapsed": 98.37055, "delta": 0.802397}}
{"target": -11.179500415278696, "params": {"C": 76.28167921704726, "gamma": 4.432438585497418}, "datetime": {"datetime": "2021-06-18 13:58:16", "elapsed": 99.034847, "delta": 0.664297}}
{"target": -20.73304228628099, "params": {"C": 882075.8538683737, "gamma": 0.17696319055494478}, "datetime": {"datetime": "2021-06-18 13:58:17", "elapsed": 99.752665, "delta": 0.717818}}
{"target": -10.45458381128014, "params": {"C": 88.90803842847588, "gamma": 1.9154274158524218}, "datetime": {"datetime": "2021-06-18 13:58:17", "elapsed": 100.510999, "delta": 0.758334}}
{"target": -12.260489771293269, "params": {"C": 159.7379353578923, "gamma": 4.522387275004138}, "datetime": {"datetime": "2021-06-18 13:58:18", "elapsed": 101.188637, "delta": 0.677638}}
{"target": -10.982933125972298, "params": {"C": 14.994184648920786, "gamma": 4.825046993853772}, "datetime": {"datetime": "2021-06-18 13:58:19", "elapsed": 101.874668, "delta": 0.686031}}
{"target": -12.119571351849952, "params": {"C": 144.59595568270913, "gamma": 4.769573214578078}, "datetime": {"datetime": "2021-06-18 13:58:20", "elapsed": 102.761322, "delta": 0.886654}}
{"target": -11.150178511976891, "params": {"C": 117.05918622372117, "gamma": 3.142425006163771}, "datetime": {"datetime": "2021-06-18 13:58:20", "elapsed": 103.491357, "delta": 0.730035}}
{"target": -10.082693184752243, "params": {"C": 100.51823081745637, "gamma": 0.8308256413878874}, "datetime": {"datetime": "2021-06-18 13:58:21", "elapsed": 104.262367, "delta": 0.77101}}
{"target": -11.526151682416282, "params": {"C": 137.67558494017698, "gamma": 3.3037969181946134}, "datetime": {"datetime": "2021-06-18 13:58:22", "elapsed": 104.936761, "delta": 0.674394}}
{"target": -22.96420216439899, "params": {"C": 577215.1176099069, "gamma": 2.4741050283767385}, "datetime": {"datetime": "2021-06-18 13:58:23", "elapsed": 105.830456, "delta": 0.893695}}
{"target": -9.401949282096936, "params": {"C": 62.362809782062705, "gamma": 0.3143217672481777}, "datetime": {"datetime": "2021-06-18 13:58:23", "elapsed": 106.528514, "delta": 0.698058}}
{"target": -10.334211043709303, "params": {"C": 136.45012339061128, "gamma": 1.191353199263794}, "datetime": {"datetime": "2021-06-18 13:58:24", "elapsed": 107.346135, "delta": 0.817621}}
{"target": -10.165483240840832, "params": {"C": 70.98952731752728, "gamma": 1.4017722035101}, "datetime": {"datetime": "2021-06-18 13:58:25", "elapsed": 108.01693, "delta": 0.670795}}
{"target": -16.986026078714975, "params": {"C": 636124.6147602788, "gamma": 9.373630622440054}, "datetime": {"datetime": "2021-06-18 13:58:26", "elapsed": 108.796045, "delta": 0.779115}}
{"target": -17.276498731820205, "params": {"C": 757503.6396683425, "gamma": 5.253898061051798}, "datetime": {"datetime": "2021-06-18 13:58:27", "elapsed": 109.779985, "delta": 0.98394}}
{"target": -10.350993675581321, "params": {"C": 35.65805419770524, "gamma": 2.6226404603581375}, "datetime": {"datetime": "2021-06-18 13:58:27", "elapsed": 110.493149, "delta": 0.713164}}
{"target": -18.682949902459818, "params": {"C": 43875.730757595076, "gamma": 4.235166778783052}, "datetime": {"datetime": "2021-06-18 13:58:28", "elapsed": 111.413843, "delta": 0.920694}}
{"target": -11.767144495641961, "params": {"C": 60.37777398287026, "gamma": 5.64944751426295}, "datetime": {"datetime": "2021-06-18 13:58:29", "elapsed": 112.415715, "delta": 1.001872}}
{"target": -11.091275364777273, "params": {"C": 47.84136734085587, "gamma": 4.439749136685793}, "datetime": {"datetime": "2021-06-18 13:58:30", "elapsed": 113.219677, "delta": 0.803962}}
{"target": -10.327727972719963, "params": {"C": 154.9125291529991, "gamma": 0.8990533732855446}, "datetime": {"datetime": "2021-06-18 13:58:31", "elapsed": 114.211754, "delta": 0.992077}}
{"target": -9.625602021569778, "params": {"C": 106.34314342077398, "gamma": 0.19081778184382325}, "datetime": {"datetime": "2021-06-18 13:58:32", "elapsed": 115.049713, "delta": 0.837959}}
{"target": -9.939426968696363, "params": {"C": 8.420705794145086, "gamma": 2.122240883198547}, "datetime": {"datetime": "2021-06-18 13:58:33", "elapsed": 115.704948, "delta": 0.655235}}
{"target": -11.043006803118079, "params": {"C": 91.2677949917114, "gamma": 3.5091599015638857}, "datetime": {"datetime": "2021-06-18 13:58:34", "elapsed": 116.623194, "delta": 0.918246}}
{"target": -18.658215517515544, "params": {"C": 589229.1173328588, "gamma": 4.1648214951077085}, "datetime": {"datetime": "2021-06-18 13:58:34", "elapsed": 117.378254, "delta": 0.75506}}
{"target": -9.799108512848917, "params": {"C": 105.16290147300384, "gamma": 0.5431199961356642}, "datetime": {"datetime": "2021-06-18 13:58:35", "elapsed": 118.139499, "delta": 0.761245}}
{"target": -19.96119091970991, "params": {"C": 718164.7150273611, "gamma": 0.17618377314971595}, "datetime": {"datetime": "2021-06-18 13:58:36", "elapsed": 119.010959, "delta": 0.87146}}
{"target": -33.368837258073754, "params": {"C": 761881.5201327387, "gamma": 0.5967021409060389}, "datetime": {"datetime": "2021-06-18 13:58:37", "elapsed": 119.730956, "delta": 0.719997}}
{"target": -9.554752393190903, "params": {"C": 24.0481951235446, "gamma": 1.1027954779405529}, "datetime": {"datetime": "2021-06-18 13:58:37", "elapsed": 120.606487, "delta": 0.875531}}
{"target": -10.706439225838276, "params": {"C": 48.6084706323095, "gamma": 3.446700181137305}, "datetime": {"datetime": "2021-06-18 13:58:38", "elapsed": 121.425486, "delta": 0.818999}}
{"target": -13.352101361987796, "params": {"C": 139.64791347924913, "gamma": 7.790313907210502}, "datetime": {"datetime": "2021-06-18 13:58:39", "elapsed": 122.117071, "delta": 0.691585}}
{"target": -10.28130436468224, "params": {"C": 25.455423352414204, "gamma": 2.0887903692097}, "datetime": {"datetime": "2021-06-18 13:58:40", "elapsed": 123.035294, "delta": 0.918223}}
{"target": -11.291523372006209, "params": {"C": 57.62051180005659, "gamma": 4.736153143017629}, "datetime": {"datetime": "2021-06-18 13:58:41", "elapsed": 123.905859, "delta": 0.870565}}
{"target": -10.2294515281195, "params": {"C": 139.19411341206828, "gamma": 0.8749166650649548}, "datetime": {"datetime": "2021-06-18 13:58:42", "elapsed": 124.955003, "delta": 1.049144}}
{"target": -32.48190350728845, "params": {"C": 906077.9523848934, "gamma": 1.2285378255383992}, "datetime": {"datetime": "2021-06-18 13:58:43", "elapsed": 125.780549, "delta": 0.825546}}
{"target": -11.401426967088932, "params": {"C": 46.581028609848815, "gamma": 5.059784789397527}, "datetime": {"datetime": "2021-06-18 13:58:44", "elapsed": 126.638276, "delta": 0.857727}}
{"target": -10.173282607805707, "params": {"C": 7.368277443841743, "gamma": 2.9881464454044075}, "datetime": {"datetime": "2021-06-18 13:58:44", "elapsed": 127.417947, "delta": 0.779671}}
{"target": -16.739197877122955, "params": {"C": 98638.55109487775, "gamma": 7.164344176375398}, "datetime": {"datetime": "2021-06-18 13:58:45", "elapsed": 128.188556, "delta": 0.770609}}
{"target": -9.831274243249805, "params": {"C": 51.29602268330371, "gamma": 0.9665185374045786}, "datetime": {"datetime": "2021-06-18 13:58:46", "elapsed": 128.957986, "delta": 0.76943}}
{"target": -17.434748877524704, "params": {"C": 522355.05811965186, "gamma": 5.106214312401823}, "datetime": {"datetime": "2021-06-18 13:58:47", "elapsed": 129.843282, "delta": 0.885296}}
{"target": -9.931546238981104, "params": {"C": 44.965363714705354, "gamma": 1.314301508475074}, "datetime": {"datetime": "2021-06-18 13:58:48", "elapsed": 130.754544, "delta": 0.911262}}
{"target": -9.899555615640036, "params": {"C": 165.3144523742482, "gamma": 0.4468486910701943}, "datetime": {"datetime": "2021-06-18 13:58:49", "elapsed": 131.640302, "delta": 0.885758}}
{"target": -10.446282009284692, "params": {"C": 172.55101009883836, "gamma": 1.1027634587681503}, "datetime": {"datetime": "2021-06-18 13:58:49", "elapsed": 132.509136, "delta": 0.868834}}
{"target": -10.278021724093398, "params": {"C": 1.4543086460832575, "gamma": 3.1226100085943207}, "datetime": {"datetime": "2021-06-18 13:58:50", "elapsed": 133.571045, "delta": 1.061909}}
{"target": -9.913275498661585, "params": {"C": 64.34482994107616, "gamma": 0.9170936400876023}, "datetime": {"datetime": "2021-06-18 13:58:51", "elapsed": 134.540834, "delta": 0.969789}}
{"target": -16.365749909482126, "params": {"C": 5947.968408450991, "gamma": 7.41342514353562}, "datetime": {"datetime": "2021-06-18 13:58:52", "elapsed": 135.513994, "delta": 0.97316}}
{"target": -16.973066844743187, "params": {"C": 740775.3080370189, "gamma": 8.939941451079713}, "datetime": {"datetime": "2021-06-18 13:58:53", "elapsed": 136.327317, "delta": 0.813323}}
{"target": -18.02881258408921, "params": {"C": 228708.387511242, "gamma": 4.612735944253077}, "datetime": {"datetime": "2021-06-18 13:58:54", "elapsed": 137.501121, "delta": 1.173804}}
{"target": -10.500575184727069, "params": {"C": 109.25131408037363, "gamma": 1.9619194452326567}, "datetime": {"datetime": "2021-06-18 13:58:55", "elapsed": 138.57246, "delta": 1.071339}}
{"target": -11.359581146750521, "params": {"C": 99.03362178756404, "gamma": 4.074587487198305}, "datetime": {"datetime": "2021-06-18 13:58:56", "elapsed": 139.522313, "delta": 0.949853}}
{"target": -16.68705959433211, "params": {"C": 3406.4828658217243, "gamma": 9.858503095065725}, "datetime": {"datetime": "2021-06-18 13:58:57", "elapsed": 140.448094, "delta": 0.925781}}
{"target": -10.267566339411767, "params": {"C": 116.80895986045294, "gamma": 1.234736028178353}, "datetime": {"datetime": "2021-06-18 13:58:58", "elapsed": 141.260095, "delta": 0.812001}}
{"target": -10.427157247429307, "params": {"C": 94.6305734068517, "gamma": 1.7912611012115425}, "datetime": {"datetime": "2021-06-18 13:58:59", "elapsed": 142.233239, "delta": 0.973144}}
{"target": -16.92947624773422, "params": {"C": 899687.0205342973, "gamma": 8.182445681301994}, "datetime": {"datetime": "2021-06-18 13:59:00", "elapsed": 143.203075, "delta": 0.969836}}
{"target": -16.869005297738767, "params": {"C": 626149.2409807577, "gamma": 5.706344555613859}, "datetime": {"datetime": "2021-06-18 13:59:01", "elapsed": 144.211761, "delta": 1.008686}}
{"target": -19.996624619802812, "params": {"C": 506748.0172492271, "gamma": 0.20479531750100827}, "datetime": {"datetime": "2021-06-18 13:59:02", "elapsed": 145.136632, "delta": 0.924871}}
{"target": -10.212526564599607, "params": {"C": 128.37311381996636, "gamma": 0.047357980195940896}, "datetime": {"datetime": "2021-06-18 13:59:03", "elapsed": 146.077722, "delta": 0.94109}}
{"target": -10.07755069006798, "params": {"C": 62.139625806207874, "gamma": 1.3353107231065642}, "datetime": {"datetime": "2021-06-18 13:59:04", "elapsed": 147.163058, "delta": 1.085336}}
{"target": -10.505910499842733, "params": {"C": 108.61600642485955, "gamma": 2.011196151411893}, "datetime": {"datetime": "2021-06-18 13:59:05", "elapsed": 148.039398, "delta": 0.87634}}
{"target": -11.69463160259504, "params": {"C": 155.18122481622714, "gamma": 3.262291953802134}, "datetime": {"datetime": "2021-06-18 13:59:06", "elapsed": 149.089211, "delta": 1.049813}}
{"target": -12.083472786209349, "params": {"C": 78.87019623085847, "gamma": 6.129945704699857}, "datetime": {"datetime": "2021-06-18 13:59:07", "elapsed": 150.060727, "delta": 0.971516}}
{"target": -11.291320688832743, "params": {"C": 106.20468222407109, "gamma": 3.6200953485265064}, "datetime": {"datetime": "2021-06-18 13:59:08", "elapsed": 151.271957, "delta": 1.21123}}
{"target": -10.567937813280285, "params": {"C": 111.36383309186954, "gamma": 2.167148782391844}, "datetime": {"datetime": "2021-06-18 13:59:09", "elapsed": 152.10429, "delta": 0.832333}}
{"target": -10.380064115754923, "params": {"C": 120.24624907449397, "gamma": 0.03770355581417634}, "datetime": {"datetime": "2021-06-18 13:59:10", "elapsed": 153.168315, "delta": 1.064025}}
{"target": -10.539836515451343, "params": {"C": 126.00386841669328, "gamma": 2.0098528843542534}, "datetime": {"datetime": "2021-06-18 13:59:11", "elapsed": 154.133462, "delta": 0.965147}}
{"target": -11.719760465298766, "params": {"C": 42.44810746089346, "gamma": 5.729040849509271}, "datetime": {"datetime": "2021-06-18 13:59:12", "elapsed": 155.106347, "delta": 0.972885}}
{"target": -18.906656751526604, "params": {"C": 338845.0295162067, "gamma": 4.01718877300261}, "datetime": {"datetime": "2021-06-18 13:59:13", "elapsed": 155.913545, "delta": 0.807198}}
{"target": -29.20074893396944, "params": {"C": 415854.70250848896, "gamma": 1.4957317649239512}, "datetime": {"datetime": "2021-06-18 13:59:14", "elapsed": 156.958044, "delta": 1.044499}}
{"target": -10.278230459444288, "params": {"C": 117.75297288503675, "gamma": 1.082375047333658}, "datetime": {"datetime": "2021-06-18 13:59:15", "elapsed": 157.791334, "delta": 0.83329}}
{"target": -11.04822967239954, "params": {"C": 90.54781151026442, "gamma": 3.539771737183152}, "datetime": {"datetime": "2021-06-18 13:59:16", "elapsed": 158.742455, "delta": 0.951121}}
{"target": -10.952005726915626, "params": {"C": 125.5423633735296, "gamma": 2.7722148706460397}, "datetime": {"datetime": "2021-06-18 13:59:17", "elapsed": 159.74417, "delta": 1.001715}}
{"target": -10.688929092342898, "params": {"C": 113.57145704175042, "gamma": 2.4101970960261956}, "datetime": {"datetime": "2021-06-18 13:59:17", "elapsed": 160.563857, "delta": 0.819687}}
{"target": -10.088730673929916, "params": {"C": 75.84270035389345, "gamma": 1.1694945131482786}, "datetime": {"datetime": "2021-06-18 13:59:19", "elapsed": 161.657182, "delta": 1.093325}}
{"target": -16.96971510944845, "params": {"C": 713335.8319254827, "gamma": 8.870342634029734}, "datetime": {"datetime": "2021-06-18 13:59:20", "elapsed": 162.658994, "delta": 1.001812}}
{"target": -12.80213044837432, "params": {"C": 88.96189136708601, "gamma": 7.36816885335238}, "datetime": {"datetime": "2021-06-18 13:59:20", "elapsed": 163.596895, "delta": 0.937901}}
{"target": -10.478133632790001, "params": {"C": 174.8615364333407, "gamma": 1.630133547566117}, "datetime": {"datetime": "2021-06-18 13:59:22", "elapsed": 164.715683, "delta": 1.118788}}
{"target": -20.65573782433907, "params": {"C": 321110.41486493824, "gamma": 3.2023767112293284}, "datetime": {"datetime": "2021-06-18 13:59:23", "elapsed": 165.825187, "delta": 1.109504}}
{"target": -10.409012086323468, "params": {"C": 52.285355827166214, "gamma": 2.4167908877565303}, "datetime": {"datetime": "2021-06-18 13:59:24", "elapsed": 166.919234, "delta": 1.094047}}
{"target": -29.062638180560384, "params": {"C": 970557.4412147586, "gamma": 1.5699891069899257}, "datetime": {"datetime": "2021-06-18 13:59:25", "elapsed": 167.883978, "delta": 0.964744}}
{"target": -18.70418960134738, "params": {"C": 373177.1780568825, "gamma": 4.140032134921462}, "datetime": {"datetime": "2021-06-18 13:59:26", "elapsed": 168.823381, "delta": 0.939403}}
{"target": -9.337164699452206, "params": {"C": 40.15573710087461, "gamma": 0.4884907382487958}, "datetime": {"datetime": "2021-06-18 13:59:27", "elapsed": 169.727413, "delta": 0.904032}}
