{"target": -10.491738618759708, "params": {"C": 10.0, "gamma": 3.826173336103274}, "datetime": {"datetime": "2021-06-17 22:03:04", "elapsed": 159.595392, "delta": 1.017531}}
{"target": -10.541775014201951, "params": {"C": 5.138433814507434, "gamma": 4.129814779439419}, "datetime": {"datetime": "2021-06-17 22:03:06", "elapsed": 160.748805, "delta": 1.153413}}
{"target": -12.581611846003298, "params": {"C": 3.5878139808832343, "gamma": 9.726282254513157}, "datetime": {"datetime": "2021-06-17 22:03:07", "elapsed": 161.705592, "delta": 0.956787}}
{"target": -10.504657399084525, "params": {"C": 2.2325069756660305, "gamma": 3.9807897457433885}, "datetime": {"datetime": "2021-06-17 22:03:08", "elapsed": 163.260385, "delta": 1.554793}}
{"target": -9.286146249516818, "params": {"C": 8.41359372018643, "gamma": 1.070185910497249}, "datetime": {"datetime": "2021-06-17 22:03:09", "elapsed": 164.505163, "delta": 1.244778}}
{"target": -10.721041333462779, "params": {"C": 7.679909643154607, "gamma": 4.611490856703896}, "datetime": {"datetime": "2021-06-17 22:03:11", "elapsed": 165.865322, "delta": 1.360159}}
{"target": -9.756602463974161, "params": {"C": 7.763681159987859, "gamma": 1.959859869774146}, "datetime": {"datetime": "2021-06-17 22:03:12", "elapsed": 166.748254, "delta": 0.882932}}
{"target": -10.574593103129228, "params": {"C": 4.107140345123954, "gamma": 4.237496658201455}, "datetime": {"datetime": "2021-06-17 22:03:13", "elapsed": 167.731692, "delta": 0.983438}}
{"target": -10.698547952702993, "params": {"C": 5.813363716833111, "gamma": 4.597861829707456}, "datetime": {"datetime": "2021-06-17 22:03:14", "elapsed": 168.813943, "delta": 1.082251}}
{"target": -9.36961146462847, "params": {"C": 6.887879057942207, "gamma": 1.0270328730848282}, "datetime": {"datetime": "2021-06-17 22:03:15", "elapsed": 170.389732, "delta": 1.575789}}
{"target": -10.63021947183678, "params": {"C": 3.3089180085615686, "gamma": 4.397633578579128}, "datetime": {"datetime": "2021-06-17 22:03:17", "elapsed": 171.60281, "delta": 1.213078}}
{"target": -10.755319526961053, "params": {"C": 9.992249887874376, "gamma": 4.607522199288947}, "datetime": {"datetime": "2021-06-17 22:03:18", "elapsed": 172.714092, "delta": 1.111282}}
{"target": -11.184753183355616, "params": {"C": 7.64017711545033, "gamma": 5.7479977804796745}, "datetime": {"datetime": "2021-06-17 22:03:19", "elapsed": 174.037627, "delta": 1.323535}}
{"target": -10.248882703647844, "params": {"C": 2.267803551545829, "gamma": 0.37035183262896065}, "datetime": {"datetime": "2021-06-17 22:03:21", "elapsed": 175.607583, "delta": 1.569956}}
{"target": -10.45952237184095, "params": {"C": 6.434856061575518, "gamma": 3.8201927609975983}, "datetime": {"datetime": "2021-06-17 22:03:22", "elapsed": 176.686597, "delta": 1.079014}}
{"target": -10.424394074421297, "params": {"C": 1.3151014740425364, "gamma": 3.4179035954750248}, "datetime": {"datetime": "2021-06-17 22:03:23", "elapsed": 178.150842, "delta": 1.464245}}
{"target": -12.927793396745733, "params": {"C": 10.0, "gamma": 10.0}, "datetime": {"datetime": "2021-06-17 22:03:24", "elapsed": 179.209955, "delta": 1.059113}}
{"target": -10.467947601903518, "params": {"C": 4.919935723717828, "gamma": 3.8865998255174743}, "datetime": {"datetime": "2021-06-17 22:03:25", "elapsed": 180.090079, "delta": 0.880124}}
{"target": -10.271756782727437, "params": {"C": 7.904421986102444, "gamma": 3.192913164850518}, "datetime": {"datetime": "2021-06-17 22:03:27", "elapsed": 181.902951, "delta": 1.812872}}
{"target": -10.572088627902623, "params": {"C": 9.311359579876797, "gamma": 4.098846565813064}, "datetime": {"datetime": "2021-06-17 22:03:28", "elapsed": 183.213275, "delta": 1.310324}}
{"target": -9.400965903081639, "params": {"C": 8.959425027442672, "gamma": 0.8136068639651525}, "datetime": {"datetime": "2021-06-17 22:03:30", "elapsed": 184.66297, "delta": 1.449695}}
{"target": -12.09775079396113, "params": {"C": 4.074688673847634, "gamma": 8.307608858885267}, "datetime": {"datetime": "2021-06-17 22:03:31", "elapsed": 186.191621, "delta": 1.528651}}
{"target": -9.878138517040384, "params": {"C": 8.351335954212173, "gamma": 2.0498532980559308}, "datetime": {"datetime": "2021-06-17 22:03:32", "elapsed": 187.591754, "delta": 1.400133}}
{"target": -12.218680634090044, "params": {"C": 3.8598528854393113, "gamma": 8.648340064242177}, "datetime": {"datetime": "2021-06-17 22:03:33", "elapsed": 188.491808, "delta": 0.900054}}
{"target": -9.649758541859185, "params": {"C": 9.071098343978951, "gamma": 1.7298160157204703}, "datetime": {"datetime": "2021-06-17 22:03:35", "elapsed": 189.70167, "delta": 1.209862}}
{"target": -9.897944886264423, "params": {"C": 3.1267043687004703, "gamma": 2.689609221190539}, "datetime": {"datetime": "2021-06-17 22:03:36", "elapsed": 190.93613, "delta": 1.23446}}
{"target": -10.991042527904877, "params": {"C": 5.274477552539862, "gamma": 5.323898851201568}, "datetime": {"datetime": "2021-06-17 22:03:37", "elapsed": 192.360908, "delta": 1.424778}}
{"target": -10.358406307631526, "params": {"C": 6.475538755379047, "gamma": 0.17551300082242946}, "datetime": {"datetime": "2021-06-17 22:03:38", "elapsed": 193.453539, "delta": 1.092631}}
{"target": -10.875496544232064, "params": {"C": 1.6555933516070016, "gamma": 4.935511767772264}, "datetime": {"datetime": "2021-06-17 22:03:40", "elapsed": 194.887574, "delta": 1.434035}}
{"target": -9.576867495522796, "params": {"C": 3.681240062683922, "gamma": 1.516135419087625}, "datetime": {"datetime": "2021-06-17 22:03:41", "elapsed": 196.332964, "delta": 1.44539}}
{"target": -9.80563188963384, "params": {"C": 4.918741288979459, "gamma": 0.5334979310056566}, "datetime": {"datetime": "2021-06-17 22:03:42", "elapsed": 197.574252, "delta": 1.241288}}
{"target": -9.70394139547086, "params": {"C": 9.164714744219577, "gamma": 0.47641410413797725}, "datetime": {"datetime": "2021-06-17 22:03:44", "elapsed": 198.785834, "delta": 1.211582}}
{"target": -10.60608451967482, "params": {"C": 8.530320144754546, "gamma": 4.2350915365351955}, "datetime": {"datetime": "2021-06-17 22:03:45", "elapsed": 200.132432, "delta": 1.346598}}
{"target": -9.595391893369456, "params": {"C": 6.410672982322959, "gamma": 1.793168309202671}, "datetime": {"datetime": "2021-06-17 22:03:46", "elapsed": 201.341765, "delta": 1.209333}}
{"target": -11.322318103287303, "params": {"C": 5.238004236289805, "gamma": 6.25088902286296}, "datetime": {"datetime": "2021-06-17 22:03:47", "elapsed": 202.269269, "delta": 0.927504}}
{"target": -9.641759144345038, "params": {"C": 7.124655397060226, "gamma": 0.6053365277542927}, "datetime": {"datetime": "2021-06-17 22:03:49", "elapsed": 203.795603, "delta": 1.526334}}
{"target": -11.25120918854427, "params": {"C": 2.8789163535628113, "gamma": 5.954253051327907}, "datetime": {"datetime": "2021-06-17 22:03:51", "elapsed": 205.747273, "delta": 1.95167}}
{"target": -9.406900206775717, "params": {"C": 6.049260641081132, "gamma": 1.438943537804849}, "datetime": {"datetime": "2021-06-17 22:03:52", "elapsed": 206.835284, "delta": 1.088011}}
{"target": -9.41370113733449, "params": {"C": 5.207058550337162, "gamma": 1.3723491942199921}, "datetime": {"datetime": "2021-06-17 22:03:53", "elapsed": 208.354472, "delta": 1.519188}}
{"target": -10.144645495734766, "params": {"C": 1.0395331363059113, "gamma": 0.883855858195903}, "datetime": {"datetime": "2021-06-17 22:03:54", "elapsed": 209.519437, "delta": 1.164965}}
{"target": -10.133851771896367, "params": {"C": 2.1499451191358867, "gamma": 3.0840566198923547}, "datetime": {"datetime": "2021-06-17 22:03:56", "elapsed": 210.647018, "delta": 1.127581}}
{"target": -9.417385736306555, "params": {"C": 4.921843079291499, "gamma": 1.201036053905875}, "datetime": {"datetime": "2021-06-17 22:03:57", "elapsed": 211.829424, "delta": 1.182406}}
{"target": -10.308154718464788, "params": {"C": 1.0177021002911564, "gamma": 1.9213664082994202}, "datetime": {"datetime": "2021-06-17 22:03:58", "elapsed": 212.804625, "delta": 0.975201}}
{"target": -17.908260604713064, "params": {"C": 0.02015286750238206, "gamma": 4.565390976052565}, "datetime": {"datetime": "2021-06-17 22:03:59", "elapsed": 213.981306, "delta": 1.176681}}
{"target": -10.659719133904847, "params": {"C": 6.428839747054939, "gamma": 4.465887533207079}, "datetime": {"datetime": "2021-06-17 22:04:00", "elapsed": 215.139189, "delta": 1.157883}}
{"target": -9.627650977774167, "params": {"C": 7.087882808509359, "gamma": 1.8191947246495535}, "datetime": {"datetime": "2021-06-17 22:04:02", "elapsed": 217.044315, "delta": 1.905126}}
{"target": -9.95452902555536, "params": {"C": 5.687424121820198, "gamma": 2.435379448800576}, "datetime": {"datetime": "2021-06-17 22:04:03", "elapsed": 218.436755, "delta": 1.39244}}
{"target": -9.297613526377074, "params": {"C": 9.784500524430815, "gamma": 1.155192591018298}, "datetime": {"datetime": "2021-06-17 22:04:05", "elapsed": 219.5999, "delta": 1.163145}}
{"target": -9.470959191597442, "params": {"C": 4.696501668601875, "gamma": 1.504030254989234}, "datetime": {"datetime": "2021-06-17 22:04:06", "elapsed": 220.726984, "delta": 1.127084}}
{"target": -12.689712270672239, "params": {"C": 2.0421187238096006, "gamma": 9.995894457969472}, "datetime": {"datetime": "2021-06-17 22:04:07", "elapsed": 221.917317, "delta": 1.190333}}
{"target": -11.118737685222719, "params": {"C": 1.1873740304691591, "gamma": 5.3691544156073725}, "datetime": {"datetime": "2021-06-17 22:04:08", "elapsed": 222.970293, "delta": 1.052976}}
{"target": -9.639198980042272, "params": {"C": 3.2252821583080276, "gamma": 1.2411253036203371}, "datetime": {"datetime": "2021-06-17 22:04:09", "elapsed": 224.288042, "delta": 1.317749}}
{"target": -10.118384874251543, "params": {"C": 7.108687630584832, "gamma": 2.6512382829488756}, "datetime": {"datetime": "2021-06-17 22:04:10", "elapsed": 225.50327, "delta": 1.215228}}
{"target": -9.347408673389559, "params": {"C": 6.801912388944066, "gamma": 1.3277453698052288}, "datetime": {"datetime": "2021-06-17 22:04:13", "elapsed": 227.906867, "delta": 2.403597}}
{"target": -10.354053533809045, "params": {"C": 8.377287679185217, "gamma": 3.411942800744953}, "datetime": {"datetime": "2021-06-17 22:04:14", "elapsed": 229.328374, "delta": 1.421507}}
{"target": -11.543332825629482, "params": {"C": 9.990076976398004, "gamma": 6.355654704869493}, "datetime": {"datetime": "2021-06-17 22:04:15", "elapsed": 230.513468, "delta": 1.185094}}
{"target": -10.643091382314351, "params": {"C": 2.742818771923644, "gamma": 4.412242575008454}, "datetime": {"datetime": "2021-06-17 22:04:17", "elapsed": 231.885174, "delta": 1.371706}}
{"target": -11.532514852286614, "params": {"C": 7.950531414958724, "gamma": 6.481352214479584}, "datetime": {"datetime": "2021-06-17 22:04:19", "elapsed": 233.734858, "delta": 1.849684}}
{"target": -9.27036097690317, "params": {"C": 9.030072196367662, "gamma": 1.0975712875360908}, "datetime": {"datetime": "2021-06-17 22:04:20", "elapsed": 234.94536, "delta": 1.210502}}
{"target": -9.33787121274323, "params": {"C": 7.794299100158273, "gamma": 1.2908452532485906}, "datetime": {"datetime": "2021-06-17 22:04:21", "elapsed": 236.500544, "delta": 1.555184}}
{"target": -9.654506794999396, "params": {"C": 3.2264120411845694, "gamma": 2.0585274033981165}, "datetime": {"datetime": "2021-06-17 22:04:23", "elapsed": 237.601883, "delta": 1.101339}}
{"target": -9.949699300802314, "params": {"C": 1.8955688356128504, "gamma": 1.739369739231225}, "datetime": {"datetime": "2021-06-17 22:04:24", "elapsed": 238.741031, "delta": 1.139148}}
{"target": -11.9772868494269, "params": {"C": 3.779109943374423, "gamma": 8.020407750241365}, "datetime": {"datetime": "2021-06-17 22:04:25", "elapsed": 239.698037, "delta": 0.957006}}
{"target": -10.197078119064264, "params": {"C": 1.6727475023091243, "gamma": 3.045363145341956}, "datetime": {"datetime": "2021-06-17 22:04:26", "elapsed": 240.900015, "delta": 1.201978}}
{"target": -9.357286527652777, "params": {"C": 9.268913114101501, "gamma": 1.2746052584854923}, "datetime": {"datetime": "2021-06-17 22:04:28", "elapsed": 242.931021, "delta": 2.031006}}
{"target": -9.312758901326418, "params": {"C": 9.060788915114486, "gamma": 1.2285378255383992}, "datetime": {"datetime": "2021-06-17 22:04:29", "elapsed": 243.852608, "delta": 0.921587}}
{"target": -10.897054820909284, "params": {"C": 7.2826604949356435, "gamma": 5.075832464543483}, "datetime": {"datetime": "2021-06-17 22:04:31", "elapsed": 245.708159, "delta": 1.855551}}
{"target": -9.269694966254036, "params": {"C": 9.470540429368913, "gamma": 1.038282143064161}, "datetime": {"datetime": "2021-06-17 22:04:32", "elapsed": 246.894324, "delta": 1.186165}}
{"target": -10.199374103281961, "params": {"C": 9.521566602340496, "gamma": 2.8627407213067966}, "datetime": {"datetime": "2021-06-17 22:04:33", "elapsed": 248.06777, "delta": 1.173446}}
{"target": -10.811354144258198, "params": {"C": 8.233525924336574, "gamma": 4.82877594392986}, "datetime": {"datetime": "2021-06-17 22:04:34", "elapsed": 249.362563, "delta": 1.294793}}
{"target": -10.51738656802666, "params": {"C": 7.5040178139305285, "gamma": 4.002669602155621}, "datetime": {"datetime": "2021-06-17 22:04:36", "elapsed": 250.950732, "delta": 1.588169}}
{"target": -10.071417729175057, "params": {"C": 6.012350544165045, "gamma": 0.2782245806118276}, "datetime": {"datetime": "2021-06-17 22:04:37", "elapsed": 252.142872, "delta": 1.19214}}
{"target": -9.345385777482202, "params": {"C": 5.869003405700271, "gamma": 1.206763104321211}, "datetime": {"datetime": "2021-06-17 22:04:38", "elapsed": 253.371418, "delta": 1.228546}}
{"target": -9.47494708345002, "params": {"C": 5.755286538746399, "gamma": 1.5656429597334767}, "datetime": {"datetime": "2021-06-17 22:04:39", "elapsed": 254.420953, "delta": 1.049535}}
{"target": -26.234522734948357, "params": {"C": 3.968362811734046, "gamma": 0.0001}, "datetime": {"datetime": "2021-06-17 22:04:41", "elapsed": 256.581752, "delta": 2.160799}}
{"target": -10.419245913564325, "params": {"C": 4.721555631756394, "gamma": 0.19082653393850557}, "datetime": {"datetime": "2021-06-17 22:04:44", "elapsed": 259.119077, "delta": 2.537325}}
{"target": -9.757587594622292, "params": {"C": 3.575389118315965, "gamma": 0.7947486833175621}, "datetime": {"datetime": "2021-06-17 22:04:45", "elapsed": 260.273885, "delta": 1.154808}}
{"target": -9.872595155049444, "params": {"C": 4.507569642923645, "gamma": 0.46300357172902157}, "datetime": {"datetime": "2021-06-17 22:04:46", "elapsed": 261.394721, "delta": 1.120836}}
{"target": -9.583231697789886, "params": {"C": 4.442169304040069, "gamma": 0.9582826611509417}, "datetime": {"datetime": "2021-06-17 22:04:48", "elapsed": 262.669542, "delta": 1.274821}}
{"target": -13.927520262726588, "params": {"C": 2.672544981957836, "gamma": 0.022864241543781305}, "datetime": {"datetime": "2021-06-17 22:04:49", "elapsed": 264.107253, "delta": 1.437711}}
{"target": -9.949214840401577, "params": {"C": 4.255344015979875, "gamma": 2.6991249502295545}, "datetime": {"datetime": "2021-06-17 22:04:50", "elapsed": 265.45595, "delta": 1.348697}}
{"target": -9.92922351304426, "params": {"C": 9.735512728046299, "gamma": 2.0186478671521217}, "datetime": {"datetime": "2021-06-17 22:04:52", "elapsed": 266.657314, "delta": 1.201364}}
{"target": -9.339703800205426, "params": {"C": 8.05208254958713, "gamma": 0.99417278582112}, "datetime": {"datetime": "2021-06-17 22:04:53", "elapsed": 268.057744, "delta": 1.40043}}
{"target": -9.721589149663439, "params": {"C": 3.0216129259632742, "gamma": 2.324021208846628}, "datetime": {"datetime": "2021-06-17 22:04:54", "elapsed": 269.436434, "delta": 1.37869}}
{"target": -10.002857543463849, "params": {"C": 1.907430567389517, "gamma": 0.6002878635739543}, "datetime": {"datetime": "2021-06-17 22:04:56", "elapsed": 270.80039, "delta": 1.363956}}
{"target": -10.263150043734862, "params": {"C": 3.0804475264349955, "gamma": 3.3851812934136007}, "datetime": {"datetime": "2021-06-17 22:04:57", "elapsed": 272.278256, "delta": 1.477866}}
{"target": -10.343678873999698, "params": {"C": 5.067529492758076, "gamma": 0.20479531750100827}, "datetime": {"datetime": "2021-06-17 22:04:58", "elapsed": 273.326871, "delta": 1.048615}}
{"target": -9.757589309893199, "params": {"C": 2.8504057682223083, "gamma": 0.9660100655416111}, "datetime": {"datetime": "2021-06-17 22:04:59", "elapsed": 274.590886, "delta": 1.264015}}
{"target": -9.548792400834007, "params": {"C": 4.770357719895636, "gamma": 1.7874736517867686}, "datetime": {"datetime": "2021-06-17 22:05:01", "elapsed": 275.795917, "delta": 1.205031}}
{"target": -9.53594192601184, "params": {"C": 3.936519016249778, "gamma": 1.3395713286719468}, "datetime": {"datetime": "2021-06-17 22:05:02", "elapsed": 277.049738, "delta": 1.253821}}
{"target": -10.403121622323908, "params": {"C": 6.961079857135125, "gamma": 3.6153419313337305}, "datetime": {"datetime": "2021-06-17 22:05:03", "elapsed": 278.534467, "delta": 1.484729}}
{"target": -9.874667869719012, "params": {"C": 4.504746441055648, "gamma": 0.4610647375390426}, "datetime": {"datetime": "2021-06-17 22:05:04", "elapsed": 279.596347, "delta": 1.06188}}
{"target": -9.985147383282653, "params": {"C": 2.4860352060442827, "gamma": 2.7947531419920093}, "datetime": {"datetime": "2021-06-17 22:05:06", "elapsed": 281.433783, "delta": 1.837436}}
{"target": -11.613415906344855, "params": {"C": 4.0001515836223325, "gamma": 7.019781581591514}, "datetime": {"datetime": "2021-06-17 22:05:07", "elapsed": 282.456676, "delta": 1.022893}}
{"target": -10.078718586165905, "params": {"C": 5.515581688871886, "gamma": 2.828663292720779}, "datetime": {"datetime": "2021-06-17 22:05:09", "elapsed": 284.451992, "delta": 1.995316}}
{"target": -9.67083784184687, "params": {"C": 7.42270309092358, "gamma": 1.8805119800820294}, "datetime": {"datetime": "2021-06-17 22:05:11", "elapsed": 286.104072, "delta": 1.65208}}
{"target": -10.178852113465847, "params": {"C": 8.719377742271304, "gamma": 2.714259311588225}, "datetime": {"datetime": "2021-06-17 22:05:12", "elapsed": 287.537494, "delta": 1.433422}}
{"target": -10.004224861363227, "params": {"C": 6.361436069039632, "gamma": 2.4384602173188212}, "datetime": {"datetime": "2021-06-17 22:05:14", "elapsed": 289.036183, "delta": 1.498689}}
{"target": -10.342375496766012, "params": {"C": 4.070045148581494, "gamma": 3.5495127461171108}, "datetime": {"datetime": "2021-06-17 22:05:16", "elapsed": 290.922862, "delta": 1.886679}}
{"target": -9.45813408237489, "params": {"C": 6.007915807241118, "gamma": 0.9560013792837724}, "datetime": {"datetime": "2021-06-17 22:05:18", "elapsed": 293.11895, "delta": 2.196088}}
{"target": -10.734401160435727, "params": {"C": 3.8238775293742524, "gamma": 4.739521248231619}, "datetime": {"datetime": "2021-06-17 22:05:20", "elapsed": 294.635178, "delta": 1.516228}}
{"target": -9.997847945351381, "params": {"C": 7.515897990853785, "gamma": 2.290976903709202}, "datetime": {"datetime": "2021-06-17 22:05:22", "elapsed": 296.704834, "delta": 2.069656}}
{"target": -9.852486082153526, "params": {"C": 5.985519229090151, "gamma": 2.2325082162091396}, "datetime": {"datetime": "2021-06-17 22:05:23", "elapsed": 298.506618, "delta": 1.801784}}
{"target": -9.51709862763461, "params": {"C": 5.1862810725141815, "gamma": 1.6809622945471476}, "datetime": {"datetime": "2021-06-17 22:05:25", "elapsed": 300.058978, "delta": 1.55236}}
{"target": -12.456246695060806, "params": {"C": 7.133386982805021, "gamma": 8.870342634029734}, "datetime": {"datetime": "2021-06-17 22:05:26", "elapsed": 301.122576, "delta": 1.063598}}
{"target": -10.68239644864353, "params": {"C": 1.9748418105780223, "gamma": 4.435507951412472}, "datetime": {"datetime": "2021-06-17 22:05:27", "elapsed": 302.491143, "delta": 1.368567}}
{"target": -10.334347405775425, "params": {"C": 2.415443840240351, "gamma": 3.5606626178420937}, "datetime": {"datetime": "2021-06-17 22:05:29", "elapsed": 303.852163, "delta": 1.36102}}
{"target": -9.902395876676822, "params": {"C": 2.2431729141744015, "gamma": 0.703175177809243}, "datetime": {"datetime": "2021-06-17 22:05:30", "elapsed": 305.252377, "delta": 1.400214}}
{"target": -9.883850691149025, "params": {"C": 8.892239166014187, "gamma": 2.0189270155804993}, "datetime": {"datetime": "2021-06-17 22:05:31", "elapsed": 306.518447, "delta": 1.26607}}
{"target": -10.593415525395514, "params": {"C": 4.6334938130404675, "gamma": 4.2991895381770195}, "datetime": {"datetime": "2021-06-17 22:05:33", "elapsed": 308.207094, "delta": 1.688647}}
{"target": -9.87603943431164, "params": {"C": 3.2010545460308126, "gamma": 0.5532405979016067}, "datetime": {"datetime": "2021-06-17 22:05:35", "elapsed": 310.348959, "delta": 2.141865}}
{"target": -12.270664226553551, "params": {"C": 8.128267248135606, "gamma": 8.255327003597767}, "datetime": {"datetime": "2021-06-17 22:05:37", "elapsed": 311.738346, "delta": 1.389387}}
{"target": -9.419395231601593, "params": {"C": 5.455943973555813, "gamma": 1.0892429085222968}, "datetime": {"datetime": "2021-06-17 22:05:38", "elapsed": 313.494795, "delta": 1.756449}}
{"target": -11.74520613961498, "params": {"C": 1.3238667340310293, "gamma": 7.018607548860951}, "datetime": {"datetime": "2021-06-17 22:05:40", "elapsed": 315.098979, "delta": 1.604184}}
{"target": -9.725904673910257, "params": {"C": 2.779560408136217, "gamma": 1.9643085047024242}, "datetime": {"datetime": "2021-06-17 22:05:41", "elapsed": 316.179092, "delta": 1.080113}}
{"target": -9.479055831791609, "params": {"C": 7.598377644417614, "gamma": 1.4995366725469632}, "datetime": {"datetime": "2021-06-17 22:05:42", "elapsed": 317.552338, "delta": 1.373246}}
{"target": -11.683575150604614, "params": {"C": 6.692108440695435, "gamma": 6.970610769667856}, "datetime": {"datetime": "2021-06-17 22:05:44", "elapsed": 319.253015, "delta": 1.700677}}
