{"target": -12.689018930924714, "params": {"C": 9.07816774344999, "gamma": 9.319727494761453}, "datetime": {"datetime": "2021-06-17 22:00:53", "elapsed": 28.288624, "delta": 0.273578}}
{"target": -12.152688324367212, "params": {"C": 0.1396143345986726, "gamma": 2.343697425005593}, "datetime": {"datetime": "2021-06-17 22:00:53", "elapsed": 28.570992, "delta": 0.282368}}
{"target": -12.620734371360609, "params": {"C": 6.167821892180876, "gamma": 9.490168305244095}, "datetime": {"datetime": "2021-06-17 22:00:54", "elapsed": 28.850941, "delta": 0.279949}}
{"target": -9.398309483014152, "params": {"C": 7.263608156940218, "gamma": 0.9419059306485307}, "datetime": {"datetime": "2021-06-17 22:00:55", "elapsed": 29.812497, "delta": 0.961556}}
{"target": -9.528266989188355, "params": {"C": 5.554332721357843, "gamma": 1.6880604080447554}, "datetime": {"datetime": "2021-06-17 22:00:56", "elapsed": 30.747634, "delta": 0.935137}}
{"target": -11.418746491475382, "params": {"C": 1.4931522010659783, "gamma": 6.288154758851226}, "datetime": {"datetime": "2021-06-17 22:00:56", "elapsed": 31.237564, "delta": 0.48993}}
{"target": -9.273151468081213, "params": {"C": 7.429108586210357, "gamma": 1.1682991477100433}, "datetime": {"datetime": "2021-06-17 22:00:57", "elapsed": 32.137852, "delta": 0.900288}}
{"target": -9.588798098558078, "params": {"C": 4.0071779594747765, "gamma": 1.9958835453509662}, "datetime": {"datetime": "2021-06-17 22:00:58", "elapsed": 33.163645, "delta": 1.025793}}
{"target": -9.723069353340462, "params": {"C": 5.385409259014148, "gamma": 0.6177020421029714}, "datetime": {"datetime": "2021-06-17 22:00:59", "elapsed": 34.209686, "delta": 1.046041}}
{"target": -9.598326104509997, "params": {"C": 5.929341444554592, "gamma": 1.840335022397068}, "datetime": {"datetime": "2021-06-17 22:01:00", "elapsed": 35.122302, "delta": 0.912616}}
{"target": -10.549535821853864, "params": {"C": 0.6867732875336852, "gamma": 2.2703338637394483}, "datetime": {"datetime": "2021-06-17 22:01:01", "elapsed": 36.539915, "delta": 1.417613}}
{"target": -9.753096455553147, "params": {"C": 2.5405262572714857, "gamma": 1.066322544095675}, "datetime": {"datetime": "2021-06-17 22:01:03", "elapsed": 37.730854, "delta": 1.190939}}
{"target": -10.592321963585633, "params": {"C": 1.484533603347125, "gamma": 4.066896156074052}, "datetime": {"datetime": "2021-06-17 22:01:03", "elapsed": 38.438243, "delta": 0.707389}}
{"target": -9.590963956191484, "params": {"C": 4.0128694503097435, "gamma": 2.0052486530808005}, "datetime": {"datetime": "2021-06-17 22:01:04", "elapsed": 39.209871, "delta": 0.771628}}
{"target": -9.499650837079164, "params": {"C": 7.3177865344876185, "gamma": 1.5463519297889388}, "datetime": {"datetime": "2021-06-17 22:01:05", "elapsed": 40.177292, "delta": 0.967421}}
{"target": -9.463348614680083, "params": {"C": 5.709393336132172, "gamma": 0.9830644988592712}, "datetime": {"datetime": "2021-06-17 22:01:06", "elapsed": 41.190831, "delta": 1.013539}}
{"target": -9.269896691232166, "params": {"C": 7.433926922431135, "gamma": 1.1756996388768455}, "datetime": {"datetime": "2021-06-17 22:01:07", "elapsed": 42.054071, "delta": 0.86324}}
{"target": -9.701072476512428, "params": {"C": 5.881743122892646, "gamma": 0.6112333157292792}, "datetime": {"datetime": "2021-06-17 22:01:08", "elapsed": 43.02469, "delta": 0.970619}}
{"target": -9.464503928065804, "params": {"C": 5.191038853139904, "gamma": 1.0490546250889683}, "datetime": {"datetime": "2021-06-17 22:01:10", "elapsed": 44.898817, "delta": 1.874127}}
{"target": -9.518374732657314, "params": {"C": 6.819283171028457, "gamma": 1.6049820868520979}, "datetime": {"datetime": "2021-06-17 22:01:11", "elapsed": 46.110581, "delta": 1.211764}}
{"target": -9.44301012897722, "params": {"C": 6.345611851403308, "gamma": 1.485217984154163}, "datetime": {"datetime": "2021-06-17 22:01:12", "elapsed": 47.285722, "delta": 1.175141}}
{"target": -9.33160167159226, "params": {"C": 6.625320309408772, "gamma": 1.1261116151089865}, "datetime": {"datetime": "2021-06-17 22:01:13", "elapsed": 48.063485, "delta": 0.777763}}
{"target": -9.350118844649286, "params": {"C": 6.149333308260908, "gamma": 1.137506935319432}, "datetime": {"datetime": "2021-06-17 22:01:14", "elapsed": 49.436565, "delta": 1.37308}}
{"target": -9.327042584505575, "params": {"C": 7.77558433039183, "gamma": 1.0390479274022935}, "datetime": {"datetime": "2021-06-17 22:01:15", "elapsed": 50.532226, "delta": 1.095661}}
{"target": -9.52342447294303, "params": {"C": 7.8341961700860585, "gamma": 1.5643494703403187}, "datetime": {"datetime": "2021-06-17 22:01:17", "elapsed": 51.666839, "delta": 1.134613}}
{"target": -9.420026867921628, "params": {"C": 8.586387169433984, "gamma": 1.3746778828680184}, "datetime": {"datetime": "2021-06-17 22:01:17", "elapsed": 52.538188, "delta": 0.871349}}
{"target": -10.804772661967773, "params": {"C": 4.614478838320849, "gamma": 4.879850152116918}, "datetime": {"datetime": "2021-06-17 22:01:18", "elapsed": 53.084669, "delta": 0.546481}}
{"target": -9.63057163224363, "params": {"C": 8.719663072648634, "gamma": 1.7153577680003014}, "datetime": {"datetime": "2021-06-17 22:01:19", "elapsed": 54.497497, "delta": 1.412828}}
{"target": -9.330486055980593, "params": {"C": 8.147574279276258, "gamma": 1.2722386772702368}, "datetime": {"datetime": "2021-06-17 22:01:20", "elapsed": 55.578195, "delta": 1.080698}}
{"target": -9.599800073923582, "params": {"C": 8.279757753911822, "gamma": 1.6812806364888162}, "datetime": {"datetime": "2021-06-17 22:01:21", "elapsed": 56.548343, "delta": 0.970148}}
{"target": -9.512922104717322, "params": {"C": 4.459093234188269, "gamma": 1.7129317678238265}, "datetime": {"datetime": "2021-06-17 22:01:23", "elapsed": 57.739989, "delta": 1.191646}}
{"target": -9.45007760911521, "params": {"C": 4.973592690398961, "gamma": 1.4988496581905864}, "datetime": {"datetime": "2021-06-17 22:01:24", "elapsed": 58.916131, "delta": 1.176142}}
{"target": -9.452413555180255, "params": {"C": 4.625490649536468, "gamma": 1.153706605116723}, "datetime": {"datetime": "2021-06-17 22:01:25", "elapsed": 60.105291, "delta": 1.18916}}
{"target": -9.412700346993164, "params": {"C": 8.244668315316963, "gamma": 0.8369064019640863}, "datetime": {"datetime": "2021-06-17 22:01:26", "elapsed": 60.888159, "delta": 0.782868}}
{"target": -9.315657902486624, "params": {"C": 8.740266051342438, "gamma": 0.9950382815787518}, "datetime": {"datetime": "2021-06-17 22:01:27", "elapsed": 61.707711, "delta": 0.819552}}
{"target": -9.626721340031064, "params": {"C": 4.948104220233516, "gamma": 2.0130635502966943}, "datetime": {"datetime": "2021-06-17 22:01:27", "elapsed": 62.525567, "delta": 0.817856}}
{"target": -10.773021145133496, "params": {"C": 8.952280390269985, "gamma": 4.703934732003315}, "datetime": {"datetime": "2021-06-17 22:01:28", "elapsed": 63.31467, "delta": 0.789103}}
{"target": -9.701289420520357, "params": {"C": 4.504428524447981, "gamma": 2.211281763010801}, "datetime": {"datetime": "2021-06-17 22:01:29", "elapsed": 64.4967, "delta": 1.18203}}
{"target": -11.104812033479867, "params": {"C": 0.2791175152413163, "gamma": 1.3821369515021484}, "datetime": {"datetime": "2021-06-17 22:01:30", "elapsed": 65.232709, "delta": 0.736009}}
{"target": -9.580275769569173, "params": {"C": 6.760465291099619, "gamma": 0.7092976603095441}, "datetime": {"datetime": "2021-06-17 22:01:31", "elapsed": 66.492653, "delta": 1.259944}}
{"target": -9.867884703798355, "params": {"C": 2.6317822090554146, "gamma": 0.6617108769978419}, "datetime": {"datetime": "2021-06-17 22:01:32", "elapsed": 67.361241, "delta": 0.868588}}
{"target": -9.510941390109023, "params": {"C": 4.144095656241246, "gamma": 1.14481856263131}, "datetime": {"datetime": "2021-06-17 22:01:34", "elapsed": 68.709603, "delta": 1.348362}}
{"target": -10.190306026317735, "params": {"C": 9.087054482152176, "gamma": 2.933314809282406}, "datetime": {"datetime": "2021-06-17 22:01:34", "elapsed": 69.334654, "delta": 0.625051}}
{"target": -9.590712452909557, "params": {"C": 3.529257264708577, "gamma": 1.2248859006983042}, "datetime": {"datetime": "2021-06-17 22:01:35", "elapsed": 70.215924, "delta": 0.88127}}
{"target": -9.771006543662448, "params": {"C": 3.178606575423395, "gamma": 0.8515469576711748}, "datetime": {"datetime": "2021-06-17 22:01:36", "elapsed": 71.06742, "delta": 0.851496}}
{"target": -9.527059294966993, "params": {"C": 5.552389538603982, "gamma": 1.685232428057511}, "datetime": {"datetime": "2021-06-17 22:01:37", "elapsed": 71.64859, "delta": 0.58117}}
{"target": -9.624064145976895, "params": {"C": 3.415937343964624, "gamma": 1.7755323717333278}, "datetime": {"datetime": "2021-06-17 22:01:38", "elapsed": 72.654961, "delta": 1.006371}}
{"target": -9.324176448444977, "params": {"C": 9.234194472889737, "gamma": 0.9486106151295333}, "datetime": {"datetime": "2021-06-17 22:01:39", "elapsed": 73.733114, "delta": 1.078153}}
{"target": -9.653988279935152, "params": {"C": 8.856924051694936, "gamma": 0.5266123667385187}, "datetime": {"datetime": "2021-06-17 22:01:40", "elapsed": 75.344747, "delta": 1.611633}}
{"target": -9.753253306005478, "params": {"C": 4.255063796815593, "gamma": 0.6843454785165962}, "datetime": {"datetime": "2021-06-17 22:01:41", "elapsed": 76.176562, "delta": 0.831815}}
{"target": -9.894531823443558, "params": {"C": 7.1970976954415224, "gamma": 2.164799581549618}, "datetime": {"datetime": "2021-06-17 22:01:42", "elapsed": 77.052166, "delta": 0.875604}}
{"target": -9.368693899739675, "params": {"C": 9.54435285776572, "gamma": 1.2815019856159315}, "datetime": {"datetime": "2021-06-17 22:01:43", "elapsed": 77.928251, "delta": 0.876085}}
{"target": -9.348638522020378, "params": {"C": 9.703492422040622, "gamma": 0.8721642844446199}, "datetime": {"datetime": "2021-06-17 22:01:44", "elapsed": 79.309359, "delta": 1.381108}}
{"target": -10.257947294760312, "params": {"C": 5.6223368662930815, "gamma": 3.279478630959631}, "datetime": {"datetime": "2021-06-17 22:01:45", "elapsed": 79.993833, "delta": 0.684474}}
{"target": -9.759378786781088, "params": {"C": 7.765232394184845, "gamma": 1.9625457740778414}, "datetime": {"datetime": "2021-06-17 22:01:46", "elapsed": 80.827048, "delta": 0.833215}}
{"target": -9.77008691553129, "params": {"C": 9.441227851256023, "gamma": 0.4170504079003059}, "datetime": {"datetime": "2021-06-17 22:01:47", "elapsed": 82.141357, "delta": 1.314309}}
{"target": -9.732802198360258, "params": {"C": 9.405438402902945, "gamma": 1.8352365210389108}, "datetime": {"datetime": "2021-06-17 22:01:48", "elapsed": 83.048731, "delta": 0.907374}}
{"target": -9.821186488116505, "params": {"C": 2.336202474651687, "gamma": 1.8301084641607785}, "datetime": {"datetime": "2021-06-17 22:01:49", "elapsed": 84.007268, "delta": 0.958537}}
{"target": -12.50076293153172, "params": {"C": 2.888401044282431, "gamma": 9.500858547557188}, "datetime": {"datetime": "2021-06-17 22:01:50", "elapsed": 84.892305, "delta": 0.885037}}
{"target": -9.705391960999949, "params": {"C": 2.9030857033141366, "gamma": 1.9880873806936503}, "datetime": {"datetime": "2021-06-17 22:01:51", "elapsed": 86.061277, "delta": 1.168972}}
{"target": -9.400964625857878, "params": {"C": 10.0, "gamma": 1.3098094143581445}, "datetime": {"datetime": "2021-06-17 22:01:52", "elapsed": 87.323238, "delta": 1.261961}}
{"target": -9.721120623640346, "params": {"C": 3.413675750375671, "gamma": 2.3671775683185583}, "datetime": {"datetime": "2021-06-17 22:01:54", "elapsed": 88.969483, "delta": 1.646245}}
{"target": -9.717892588306192, "params": {"C": 9.985363997891431, "gamma": 1.7801698180696652}, "datetime": {"datetime": "2021-06-17 22:01:55", "elapsed": 90.334391, "delta": 1.364908}}
{"target": -9.993648047189087, "params": {"C": 8.169944308187537, "gamma": 0.26879029153981104}, "datetime": {"datetime": "2021-06-17 22:01:57", "elapsed": 91.726887, "delta": 1.392496}}
{"target": -9.848481222529976, "params": {"C": 2.7556608461836976, "gamma": 2.538942253780045}, "datetime": {"datetime": "2021-06-17 22:01:58", "elapsed": 92.672369, "delta": 0.945482}}
{"target": -9.9636032748035, "params": {"C": 5.240619653702347, "gamma": 2.5254938685684105}, "datetime": {"datetime": "2021-06-17 22:01:58", "elapsed": 93.506725, "delta": 0.834356}}
{"target": -9.818252987863413, "params": {"C": 3.7090422341842553, "gamma": 0.6125213827837264}, "datetime": {"datetime": "2021-06-17 22:01:59", "elapsed": 94.414195, "delta": 0.90747}}
{"target": -10.068762934206834, "params": {"C": 5.975545366085607, "gamma": 2.6740451519310904}, "datetime": {"datetime": "2021-06-17 22:02:00", "elapsed": 95.316128, "delta": 0.901933}}
{"target": -10.402836629616049, "params": {"C": 7.147880776966257, "gamma": 0.15605718375799335}, "datetime": {"datetime": "2021-06-17 22:02:02", "elapsed": 96.796842, "delta": 1.480714}}
{"target": -9.664554041336006, "params": {"C": 9.992453085191713, "gamma": 0.4870806546053901}, "datetime": {"datetime": "2021-06-17 22:02:03", "elapsed": 98.117742, "delta": 1.3209}}
{"target": -10.067981284104816, "params": {"C": 8.696443665165242, "gamma": 2.3099791762439423}, "datetime": {"datetime": "2021-06-17 22:02:04", "elapsed": 99.375054, "delta": 1.257312}}
{"target": -10.103070225294978, "params": {"C": 3.365845600603102, "gamma": 3.0404014319308037}, "datetime": {"datetime": "2021-06-17 22:02:05", "elapsed": 100.494935, "delta": 1.119881}}
{"target": -10.068391834359678, "params": {"C": 4.584564806908081, "gamma": 2.916344703454245}, "datetime": {"datetime": "2021-06-17 22:02:06", "elapsed": 101.505873, "delta": 1.010938}}
{"target": -10.166959954117981, "params": {"C": 2.6264631379975043, "gamma": 3.1936226917925716}, "datetime": {"datetime": "2021-06-17 22:02:08", "elapsed": 102.782646, "delta": 1.276773}}
{"target": -10.150803487724428, "params": {"C": 9.801066720758003, "gamma": 2.415630853492761}, "datetime": {"datetime": "2021-06-17 22:02:09", "elapsed": 104.252305, "delta": 1.469659}}
{"target": -11.807955430681233, "params": {"C": 3.257112899174229, "gamma": 0.09083773968330283}, "datetime": {"datetime": "2021-06-17 22:02:10", "elapsed": 105.287389, "delta": 1.035084}}
{"target": -9.930709766618113, "params": {"C": 1.8839623827989007, "gamma": 2.1241932137152895}, "datetime": {"datetime": "2021-06-17 22:02:11", "elapsed": 106.402206, "delta": 1.114817}}
{"target": -10.144294919406905, "params": {"C": 7.532793676872229, "gamma": 2.7029119327011673}, "datetime": {"datetime": "2021-06-17 22:02:12", "elapsed": 107.345804, "delta": 0.943598}}
{"target": -10.142943110075075, "params": {"C": 3.9884456046051957, "gamma": 3.0918648982416763}, "datetime": {"datetime": "2021-06-17 22:02:13", "elapsed": 108.574039, "delta": 1.228235}}
{"target": -22.620401148732913, "params": {"C": 9.890145321878872, "gamma": 0.0001}, "datetime": {"datetime": "2021-06-17 22:02:15", "elapsed": 110.254516, "delta": 1.680477}}
{"target": -9.403720970051289, "params": {"C": 9.97663880061055, "gamma": 0.7484618289420635}, "datetime": {"datetime": "2021-06-17 22:02:16", "elapsed": 111.500031, "delta": 1.245515}}
{"target": -9.474521796516672, "params": {"C": 9.363621524091887, "gamma": 0.6741365252237456}, "datetime": {"datetime": "2021-06-17 22:02:18", "elapsed": 112.993817, "delta": 1.493786}}
{"target": -12.83090123507327, "params": {"C": 8.289382936693052, "gamma": 9.85022190896448}, "datetime": {"datetime": "2021-06-17 22:02:19", "elapsed": 113.926215, "delta": 0.932398}}
{"target": -9.558012739379095, "params": {"C": 6.3093415395529755, "gamma": 0.7726387485211291}, "datetime": {"datetime": "2021-06-17 22:02:20", "elapsed": 115.302676, "delta": 1.376461}}
{"target": -9.540949510586707, "params": {"C": 7.941331287198318, "gamma": 0.6778237635945566}, "datetime": {"datetime": "2021-06-17 22:02:22", "elapsed": 116.949144, "delta": 1.646468}}
{"target": -9.582058095962761, "params": {"C": 9.732273818544352, "gamma": 1.5769456284297758}, "datetime": {"datetime": "2021-06-17 22:02:23", "elapsed": 118.397855, "delta": 1.448711}}
{"target": -9.790292288701547, "params": {"C": 2.43516718020807, "gamma": 2.2497721722090684}, "datetime": {"datetime": "2021-06-17 22:02:25", "elapsed": 120.104018, "delta": 1.706163}}
{"target": -9.648637986211204, "params": {"C": 3.8804768041448683, "gamma": 0.9403916247494448}, "datetime": {"datetime": "2021-06-17 22:02:26", "elapsed": 121.450572, "delta": 1.346554}}
{"target": -9.871868765715062, "params": {"C": 2.0317930145270178, "gamma": 0.961600785843379}, "datetime": {"datetime": "2021-06-17 22:02:27", "elapsed": 122.591691, "delta": 1.141119}}
{"target": -9.744157515940921, "params": {"C": 6.705118277670499, "gamma": 2.030418588344327}, "datetime": {"datetime": "2021-06-17 22:02:29", "elapsed": 123.644237, "delta": 1.052546}}
{"target": -9.59866000971437, "params": {"C": 4.855274689373706, "gamma": 0.8700635304317442}, "datetime": {"datetime": "2021-06-17 22:02:30", "elapsed": 124.709657, "delta": 1.06542}}
{"target": -9.496333707536088, "params": {"C": 9.741331395713873, "gamma": 0.6359757840461867}, "datetime": {"datetime": "2021-06-17 22:02:31", "elapsed": 126.007116, "delta": 1.297459}}
{"target": -9.849353905171103, "params": {"C": 2.2051596327481255, "gamma": 1.3825132032581537}, "datetime": {"datetime": "2021-06-17 22:02:32", "elapsed": 127.207644, "delta": 1.200528}}
{"target": -10.257216080239562, "params": {"C": 5.6238493936847105, "gamma": 3.277601797176088}, "datetime": {"datetime": "2021-06-17 22:02:33", "elapsed": 127.895233, "delta": 0.687589}}
{"target": -10.178924411202207, "params": {"C": 1.241910369981385, "gamma": 2.3739336885749416}, "datetime": {"datetime": "2021-06-17 22:02:34", "elapsed": 128.684618, "delta": 0.789385}}
{"target": -10.016341848079573, "params": {"C": 6.402941117122515, "gamma": 0.2931047653590905}, "datetime": {"datetime": "2021-06-17 22:02:35", "elapsed": 129.953165, "delta": 1.268547}}
{"target": -11.546590665810418, "params": {"C": 3.6192897381722946, "gamma": 6.780093471362431}, "datetime": {"datetime": "2021-06-17 22:02:36", "elapsed": 130.696666, "delta": 0.743501}}
{"target": -10.054936003473209, "params": {"C": 9.262563278726097, "gamma": 2.2364758886977887}, "datetime": {"datetime": "2021-06-17 22:02:37", "elapsed": 131.800301, "delta": 1.103635}}
{"target": -9.896833872084068, "params": {"C": 3.7028475839944224, "gamma": 2.6680341557482077}, "datetime": {"datetime": "2021-06-17 22:02:38", "elapsed": 133.349949, "delta": 1.549648}}
{"target": -9.663303862887851, "params": {"C": 3.120273288056403, "gamma": 1.609672562003794}, "datetime": {"datetime": "2021-06-17 22:02:39", "elapsed": 134.573972, "delta": 1.224023}}
{"target": -10.17662895864211, "params": {"C": 8.320592403328376, "gamma": 2.92866392094692}, "datetime": {"datetime": "2021-06-17 22:02:41", "elapsed": 135.674591, "delta": 1.100619}}
{"target": -9.577818765483089, "params": {"C": 8.51570204822181, "gamma": 0.6079714939200617}, "datetime": {"datetime": "2021-06-17 22:02:42", "elapsed": 137.380814, "delta": 1.706223}}
{"target": -10.405131366465007, "params": {"C": 4.430379632954141, "gamma": 0.20173114863174216}, "datetime": {"datetime": "2021-06-17 22:02:43", "elapsed": 138.372113, "delta": 0.991299}}
{"target": -10.246190842487252, "params": {"C": 6.3127093163575685, "gamma": 3.2172162805332984}, "datetime": {"datetime": "2021-06-17 22:02:44", "elapsed": 139.293736, "delta": 0.921623}}
{"target": -9.754719278463938, "params": {"C": 2.656435996809674, "gamma": 1.6357169378649905}, "datetime": {"datetime": "2021-06-17 22:02:45", "elapsed": 140.533626, "delta": 1.23989}}
{"target": -10.14503280149903, "params": {"C": 1.2080317014032413, "gamma": 1.3361297287766527}, "datetime": {"datetime": "2021-06-17 22:02:47", "elapsed": 142.225633, "delta": 1.692007}}
{"target": -9.48944012724673, "params": {"C": 4.3614697572192, "gamma": 1.4051346800503104}, "datetime": {"datetime": "2021-06-17 22:02:48", "elapsed": 143.469291, "delta": 1.243658}}
{"target": -10.35227141552667, "params": {"C": 4.5442865190688115, "gamma": 3.563916680127972}, "datetime": {"datetime": "2021-06-17 22:02:49", "elapsed": 144.410684, "delta": 0.941393}}
{"target": -9.617681397293653, "params": {"C": 5.279018200565168, "gamma": 1.9499998984660216}, "datetime": {"datetime": "2021-06-17 22:02:50", "elapsed": 145.336435, "delta": 0.925751}}
{"target": -11.518732879265396, "params": {"C": 8.68762586409799, "gamma": 0.0622045456420653}, "datetime": {"datetime": "2021-06-17 22:02:51", "elapsed": 146.368631, "delta": 1.032196}}
{"target": -10.307141681974104, "params": {"C": 7.6968330891845165, "gamma": 0.17231081204485907}, "datetime": {"datetime": "2021-06-17 22:02:53", "elapsed": 148.106764, "delta": 1.738133}}
{"target": -10.404278327996677, "params": {"C": 3.6341220868392727, "gamma": 3.7268720508283977}, "datetime": {"datetime": "2021-06-17 22:02:54", "elapsed": 149.502699, "delta": 1.395935}}
{"target": -10.16481425636705, "params": {"C": 5.1106005266289225, "gamma": 3.08438613913741}, "datetime": {"datetime": "2021-06-17 22:02:55", "elapsed": 150.428884, "delta": 0.926185}}
{"target": -10.435492031567335, "params": {"C": 2.88577219456057, "gamma": 3.8158151208159827}, "datetime": {"datetime": "2021-06-17 22:02:57", "elapsed": 151.771795, "delta": 1.342911}}
{"target": -10.264126334638322, "params": {"C": 9.91510280940902, "gamma": 3.080388411810514}, "datetime": {"datetime": "2021-06-17 22:02:59", "elapsed": 153.617722, "delta": 1.845927}}
{"target": -9.61443570823026, "params": {"C": 3.6833460023750257, "gamma": 2.1354314756919877}, "datetime": {"datetime": "2021-06-17 22:03:00", "elapsed": 155.376308, "delta": 1.758586}}
{"target": -10.0253752331499, "params": {"C": 1.663590129296251, "gamma": 2.596547878615889}, "datetime": {"datetime": "2021-06-17 22:03:02", "elapsed": 157.275264, "delta": 1.898956}}
{"target": -9.923471067195418, "params": {"C": 4.799529206998681, "gamma": 2.521698996611935}, "datetime": {"datetime": "2021-06-17 22:03:03", "elapsed": 158.577861, "delta": 1.302597}}
