{"target": -9.32840043595171, "params": {"C": 16.54587123056125, "gamma": 0.6571700429065254}, "datetime": {"datetime": "2021-06-20 15:13:35", "elapsed": 43.079128, "delta": 0.774}}
{"target": -9.332632889059637, "params": {"C": 17.68637272803408, "gamma": 0.8396560803193661}, "datetime": {"datetime": "2021-06-20 15:13:36", "elapsed": 43.858128, "delta": 0.779}}
{"target": -9.304822426438099, "params": {"C": 13.241459841189076, "gamma": 0.9441430427238363}, "datetime": {"datetime": "2021-06-20 15:13:37", "elapsed": 44.666127, "delta": 0.807999}}
{"target": -9.331810626913137, "params": {"C": 15.096028346507545, "gamma": 0.9346096099542069}, "datetime": {"datetime": "2021-06-20 15:13:38", "elapsed": 45.491126, "delta": 0.824999}}
{"target": -9.298008284451859, "params": {"C": 15.461770460182775, "gamma": 0.8309034742099515}, "datetime": {"datetime": "2021-06-20 15:13:39", "elapsed": 46.186746, "delta": 0.69562}}
{"target": -9.313497942639268, "params": {"C": 11.956695084518989, "gamma": 0.8361818411598211}, "datetime": {"datetime": "2021-06-20 15:13:39", "elapsed": 46.977747, "delta": 0.791001}}
{"target": -9.299423388297459, "params": {"C": 11.2753701390863, "gamma": 0.89354366191012}, "datetime": {"datetime": "2021-06-20 15:13:40", "elapsed": 47.837747, "delta": 0.86}}
{"target": -10.19107860724038, "params": {"C": 10.619929750125818, "gamma": 2.4934100890389206}, "datetime": {"datetime": "2021-06-20 15:13:41", "elapsed": 48.607746, "delta": 0.769999}}
{"target": -9.304535654990357, "params": {"C": 10.956212115840874, "gamma": 0.8979320031384813}, "datetime": {"datetime": "2021-06-20 15:13:42", "elapsed": 49.392745, "delta": 0.784999}}
{"target": -9.436189398823627, "params": {"C": 19.054497112425864, "gamma": 1.0098718170441003}, "datetime": {"datetime": "2021-06-20 15:13:43", "elapsed": 50.176748, "delta": 0.784003}}
{"target": -10.235737867691228, "params": {"C": 13.153190619842182, "gamma": 2.4933004311071545}, "datetime": {"datetime": "2021-06-20 15:13:43", "elapsed": 51.096339, "delta": 0.919591}}
{"target": -9.327411818169256, "params": {"C": 14.94200255057352, "gamma": 0.69642960637081}, "datetime": {"datetime": "2021-06-20 15:13:44", "elapsed": 52.056342, "delta": 0.960003}}
{"target": -9.575446969028386, "params": {"C": 19.077626820098914, "gamma": 1.2947006324843975}, "datetime": {"datetime": "2021-06-20 15:13:45", "elapsed": 52.873348, "delta": 0.817006}}
{"target": -9.385467025375519, "params": {"C": 18.648623866376557, "gamma": 0.9224392199810398}, "datetime": {"datetime": "2021-06-20 15:13:46", "elapsed": 53.556341, "delta": 0.682993}}
{"target": -9.300301087724185, "params": {"C": 11.88086020872095, "gamma": 1.0029671546871284}, "datetime": {"datetime": "2021-06-20 15:13:47", "elapsed": 54.345339, "delta": 0.788998}}
{"target": -9.288884957642253, "params": {"C": 17.391634659208783, "gamma": 0.7551843539437664}, "datetime": {"datetime": "2021-06-20 15:13:48", "elapsed": 55.234341, "delta": 0.889002}}
{"target": -9.294610199392771, "params": {"C": 17.15251856174122, "gamma": 0.7074609168215764}, "datetime": {"datetime": "2021-06-20 15:13:48", "elapsed": 56.02502, "delta": 0.790679}}
{"target": -9.289676002744915, "params": {"C": 15.843831720767575, "gamma": 0.7998453888626581}, "datetime": {"datetime": "2021-06-20 15:13:49", "elapsed": 56.866021, "delta": 0.841001}}
{"target": -9.31259437598916, "params": {"C": 13.95560240992896, "gamma": 0.7620960417571057}, "datetime": {"datetime": "2021-06-20 15:13:50", "elapsed": 58.044022, "delta": 1.178001}}
{"target": -9.277734354657452, "params": {"C": 13.57691629896564, "gamma": 0.8469252022249952}, "datetime": {"datetime": "2021-06-20 15:13:51", "elapsed": 59.119021, "delta": 1.074999}}
{"target": -9.278731710061065, "params": {"C": 13.415886006948947, "gamma": 0.8574489625059878}, "datetime": {"datetime": "2021-06-20 15:13:53", "elapsed": 60.270021, "delta": 1.151}}
{"target": -9.281042915792389, "params": {"C": 10.409365421715634, "gamma": 1.0322388783896563}, "datetime": {"datetime": "2021-06-20 15:13:54", "elapsed": 61.200258, "delta": 0.930237}}
{"target": -9.57635725838012, "params": {"C": 10.817679446365192, "gamma": 1.5229731213075346}, "datetime": {"datetime": "2021-06-20 15:13:55", "elapsed": 62.306258, "delta": 1.106}}
{"target": -9.288127581229128, "params": {"C": 10.651166524567262, "gamma": 1.039929122829421}, "datetime": {"datetime": "2021-06-20 15:13:56", "elapsed": 63.586253, "delta": 1.279995}}
{"target": -9.313989467097038, "params": {"C": 10.460172042030285, "gamma": 0.9029229036632717}, "datetime": {"datetime": "2021-06-20 15:13:57", "elapsed": 64.701252, "delta": 1.114999}}
{"target": -9.441194383820072, "params": {"C": 19.975974598570716, "gamma": 0.9861921426800151}, "datetime": {"datetime": "2021-06-20 15:13:58", "elapsed": 65.836989, "delta": 1.135737}}
{"target": -9.39623223694284, "params": {"C": 19.58199576713655, "gamma": 0.91360258626115}, "datetime": {"datetime": "2021-06-20 15:13:59", "elapsed": 66.889991, "delta": 1.053002}}
{"target": -9.959560671466637, "params": {"C": 14.998759637996145, "gamma": 1.807833527690583}, "datetime": {"datetime": "2021-06-20 15:14:00", "elapsed": 68.046991, "delta": 1.157}}
{"target": -9.321676650405735, "params": {"C": 16.838140335455332, "gamma": 0.6631067314283168}, "datetime": {"datetime": "2021-06-20 15:14:02", "elapsed": 69.239991, "delta": 1.193}}
{"target": -9.293983146578949, "params": {"C": 12.780565812007175, "gamma": 0.8433134434696621}, "datetime": {"datetime": "2021-06-20 15:14:02", "elapsed": 70.077992, "delta": 0.838001}}
{"target": -9.321168457137755, "params": {"C": 12.570727476090308, "gamma": 0.794871094379213}, "datetime": {"datetime": "2021-06-20 15:14:04", "elapsed": 71.214591, "delta": 1.136599}}
{"target": -9.272741576906787, "params": {"C": 10.232506752943099, "gamma": 0.9923931243740597}, "datetime": {"datetime": "2021-06-20 15:14:05", "elapsed": 72.597588, "delta": 1.382997}}
{"target": -9.300442529111042, "params": {"C": 11.427172105292204, "gamma": 1.0308130082321878}, "datetime": {"datetime": "2021-06-20 15:14:06", "elapsed": 73.664592, "delta": 1.067004}}
{"target": -9.289840563667003, "params": {"C": 14.397270945025475, "gamma": 0.8488851534772867}, "datetime": {"datetime": "2021-06-20 15:14:07", "elapsed": 74.797592, "delta": 1.133}}
{"target": -9.340189530186164, "params": {"C": 17.495409604552094, "gamma": 0.8650809313369678}, "datetime": {"datetime": "2021-06-20 15:14:08", "elapsed": 75.910325, "delta": 1.112733}}
{"target": -9.319410174874076, "params": {"C": 17.583180124798346, "gamma": 0.6528587015644822}, "datetime": {"datetime": "2021-06-20 15:14:09", "elapsed": 77.096324, "delta": 1.185999}}
{"target": -9.286155759144448, "params": {"C": 17.989494694053604, "gamma": 0.7343074863607962}, "datetime": {"datetime": "2021-06-20 15:14:11", "elapsed": 78.285323, "delta": 1.188999}}
{"target": -9.306929357911114, "params": {"C": 18.257732836017226, "gamma": 0.7681512243923739}, "datetime": {"datetime": "2021-06-20 15:14:12", "elapsed": 79.512845, "delta": 1.227522}}
{"target": -9.306060868511182, "params": {"C": 17.846064853729004, "gamma": 0.6719845270400803}, "datetime": {"datetime": "2021-06-20 15:14:13", "elapsed": 80.478845, "delta": 0.966}}
{"target": -9.283258949205898, "params": {"C": 15.666765744764191, "gamma": 0.7901000553985869}, "datetime": {"datetime": "2021-06-20 15:14:14", "elapsed": 81.657448, "delta": 1.178603}}
{"target": -9.310834925678495, "params": {"C": 16.234248316154076, "gamma": 0.6963920506852231}, "datetime": {"datetime": "2021-06-20 15:14:15", "elapsed": 82.973446, "delta": 1.315998}}
{"target": -9.286207571091893, "params": {"C": 11.064909250311977, "gamma": 1.007485534006444}, "datetime": {"datetime": "2021-06-20 15:14:16", "elapsed": 84.024447, "delta": 1.051001}}
{"target": -9.2941959858833, "params": {"C": 13.506515875686626, "gamma": 0.8971560700048021}, "datetime": {"datetime": "2021-06-20 15:14:18", "elapsed": 85.228446, "delta": 1.203999}}
{"target": -9.314195549121067, "params": {"C": 13.232601334804688, "gamma": 0.7845743299403337}, "datetime": {"datetime": "2021-06-20 15:14:19", "elapsed": 86.23836, "delta": 1.009914}}
{"target": -9.3297273267079, "params": {"C": 13.628584987974152, "gamma": 0.7348689483734374}, "datetime": {"datetime": "2021-06-20 15:14:20", "elapsed": 87.387359, "delta": 1.148999}}
{"target": -9.301443200166286, "params": {"C": 12.23874110766524, "gamma": 0.9866094142580637}, "datetime": {"datetime": "2021-06-20 15:14:21", "elapsed": 88.42836, "delta": 1.041001}}
{"target": -9.29667306441551, "params": {"C": 18.10594083528848, "gamma": 0.6838604810728377}, "datetime": {"datetime": "2021-06-20 15:14:22", "elapsed": 89.44936, "delta": 1.021}}
{"target": -9.284014936559053, "params": {"C": 14.221334229612141, "gamma": 0.8132942351331849}, "datetime": {"datetime": "2021-06-20 15:14:23", "elapsed": 90.50036, "delta": 1.051}}
{"target": -10.1756371760552, "params": {"C": 9.9, "gamma": 2.5}, "datetime": {"datetime": "2021-06-20 15:14:24", "elapsed": 91.399003, "delta": 0.898643}}
{"target": -9.285810207501687, "params": {"C": 9.90000000039468, "gamma": 1.0872287114303563}, "datetime": {"datetime": "2021-06-20 15:14:25", "elapsed": 92.563002, "delta": 1.163999}}
{"target": -9.288943621557117, "params": {"C": 13.693503066949534, "gamma": 0.8208751384335032}, "datetime": {"datetime": "2021-06-20 15:14:26", "elapsed": 93.693005, "delta": 1.130003}}
{"target": -9.301396426461729, "params": {"C": 12.842358722779052, "gamma": 0.9540490275132653}, "datetime": {"datetime": "2021-06-20 15:14:27", "elapsed": 94.720003, "delta": 1.026998}}
{"target": -9.27585311225472, "params": {"C": 10.310441194908787, "gamma": 1.0183708612846636}, "datetime": {"datetime": "2021-06-20 15:14:28", "elapsed": 95.761007, "delta": 1.041004}}
{"target": -9.30876026820768, "params": {"C": 15.975041616104333, "gamma": 0.7076511107512292}, "datetime": {"datetime": "2021-06-20 15:14:29", "elapsed": 96.941878, "delta": 1.180871}}
{"target": -9.31037570537649, "params": {"C": 17.31854214831492, "gamma": 0.6741230842277742}, "datetime": {"datetime": "2021-06-20 15:14:31", "elapsed": 98.169879, "delta": 1.228001}}
{"target": -9.296304111770658, "params": {"C": 17.218483695216428, "gamma": 0.7743449470668079}, "datetime": {"datetime": "2021-06-20 15:14:32", "elapsed": 99.394878, "delta": 1.224999}}
{"target": -9.304612178218761, "params": {"C": 13.450652557054541, "gamma": 0.7971139419308377}, "datetime": {"datetime": "2021-06-20 15:14:33", "elapsed": 100.435878, "delta": 1.041}}
{"target": -9.30664551857246, "params": {"C": 18.098712185827154, "gamma": 0.7716629164629938}, "datetime": {"datetime": "2021-06-20 15:14:34", "elapsed": 101.681525, "delta": 1.245647}}
{"target": -10.92787567961633, "params": {"C": 9.921778349678343, "gamma": 0.08304460586672138}, "datetime": {"datetime": "2021-06-20 15:14:35", "elapsed": 102.815526, "delta": 1.134001}}
{"target": -9.380908623256184, "params": {"C": 18.404035702245224, "gamma": 0.9217351377724148}, "datetime": {"datetime": "2021-06-20 15:14:36", "elapsed": 104.027526, "delta": 1.212}}
{"target": -9.281473804972801, "params": {"C": 18.457338795149255, "gamma": 0.7118173736034029}, "datetime": {"datetime": "2021-06-20 15:14:38", "elapsed": 105.409524, "delta": 1.381998}}
{"target": -9.28802983669895, "params": {"C": 18.845571379234087, "gamma": 0.716971071416332}, "datetime": {"datetime": "2021-06-20 15:14:39", "elapsed": 106.509526, "delta": 1.100002}}
{"target": -9.283332766271862, "params": {"C": 19.228099082839044, "gamma": 0.6963879961547886}, "datetime": {"datetime": "2021-06-20 15:14:40", "elapsed": 107.703526, "delta": 1.194}}
{"target": -9.293200285582937, "params": {"C": 19.062934594329068, "gamma": 0.7230939360493637}, "datetime": {"datetime": "2021-06-20 15:14:41", "elapsed": 108.812524, "delta": 1.108998}}
{"target": -9.35022631738263, "params": {"C": 19.306508502607194, "gamma": 0.8307779736826365}, "datetime": {"datetime": "2021-06-20 15:14:42", "elapsed": 110.087524, "delta": 1.275}}
{"target": -9.304976212413479, "params": {"C": 19.525695954364267, "gamma": 0.6449231547111304}, "datetime": {"datetime": "2021-06-20 15:14:44", "elapsed": 111.174174, "delta": 1.08665}}
{"target": -9.369057278255868, "params": {"C": 19.306787026374515, "gamma": 0.5505788228399592}, "datetime": {"datetime": "2021-06-20 15:14:45", "elapsed": 112.554175, "delta": 1.380001}}
{"target": -9.309019840904122, "params": {"C": 19.79452100268722, "gamma": 0.7357846550070568}, "datetime": {"datetime": "2021-06-20 15:14:46", "elapsed": 113.700179, "delta": 1.146004}}
{"target": -9.310991052067276, "params": {"C": 18.616612797220746, "gamma": 0.6494232944036612}, "datetime": {"datetime": "2021-06-20 15:14:47", "elapsed": 114.856177, "delta": 1.155998}}
{"target": -9.297611603444231, "params": {"C": 18.577324239991622, "gamma": 0.7428818478157897}, "datetime": {"datetime": "2021-06-20 15:14:48", "elapsed": 116.099774, "delta": 1.243597}}
{"target": -9.302079815530437, "params": {"C": 19.635358465162636, "gamma": 0.7263353849242659}, "datetime": {"datetime": "2021-06-20 15:14:50", "elapsed": 117.389776, "delta": 1.290002}}
{"target": -9.285370863731885, "params": {"C": 19.432765406359046, "gamma": 0.6957668437399628}, "datetime": {"datetime": "2021-06-20 15:14:51", "elapsed": 118.509771, "delta": 1.119995}}
{"target": -9.303183714474219, "params": {"C": 18.34522002890909, "gamma": 0.6681503313675581}, "datetime": {"datetime": "2021-06-20 15:14:52", "elapsed": 119.595775, "delta": 1.086004}}
{"target": -9.299578553850854, "params": {"C": 15.320841614783665, "gamma": 0.7462157855255103}, "datetime": {"datetime": "2021-06-20 15:14:53", "elapsed": 120.910627, "delta": 1.314852}}
{"target": -9.307437104719227, "params": {"C": 18.959878490570176, "gamma": 0.6499239146810604}, "datetime": {"datetime": "2021-06-20 15:14:54", "elapsed": 121.955628, "delta": 1.045001}}
{"target": -9.33826482000369, "params": {"C": 19.989317680752237, "gamma": 0.7862176902207679}, "datetime": {"datetime": "2021-06-20 15:14:55", "elapsed": 123.012628, "delta": 1.057}}
{"target": -9.275971464259733, "params": {"C": 11.483801176943697, "gamma": 0.9288227279926838}, "datetime": {"datetime": "2021-06-20 15:14:57", "elapsed": 124.197629, "delta": 1.185001}}
{"target": -9.279407705447904, "params": {"C": 13.318759181562505, "gamma": 0.8638647245666852}, "datetime": {"datetime": "2021-06-20 15:14:58", "elapsed": 125.317627, "delta": 1.119998}}
{"target": -9.305808371553706, "params": {"C": 12.979154777106165, "gamma": 0.8118281399984033}, "datetime": {"datetime": "2021-06-20 15:14:59", "elapsed": 126.583246, "delta": 1.265619}}
{"target": -9.294661534873095, "params": {"C": 15.752719296294261, "gamma": 0.744051826587287}, "datetime": {"datetime": "2021-06-20 15:15:00", "elapsed": 127.618246, "delta": 1.035}}
{"target": -9.289833270848671, "params": {"C": 15.098396634270639, "gamma": 0.7739115727349422}, "datetime": {"datetime": "2021-06-20 15:15:01", "elapsed": 128.716246, "delta": 1.098}}
{"target": -9.283104181647966, "params": {"C": 17.05176997040593, "gamma": 0.750795021698172}, "datetime": {"datetime": "2021-06-20 15:15:02", "elapsed": 129.890247, "delta": 1.174001}}
{"target": -9.277112946352979, "params": {"C": 9.981077090028739, "gamma": 1.0482871647956906}, "datetime": {"datetime": "2021-06-20 15:15:03", "elapsed": 131.152871, "delta": 1.262624}}
{"target": -9.274047202761478, "params": {"C": 10.033902176557119, "gamma": 0.9996096801594189}, "datetime": {"datetime": "2021-06-20 15:15:05", "elapsed": 132.323871, "delta": 1.171}}
{"target": -9.291252987604482, "params": {"C": 15.5664585934275, "gamma": 0.7568940731106945}, "datetime": {"datetime": "2021-06-20 15:15:06", "elapsed": 133.402873, "delta": 1.079002}}
{"target": -9.284718909645566, "params": {"C": 10.287799686950201, "gamma": 0.967013556692346}, "datetime": {"datetime": "2021-06-20 15:15:07", "elapsed": 134.669873, "delta": 1.267}}
{"target": -9.271471799384422, "params": {"C": 10.14325717146945, "gamma": 1.0114395350467258}, "datetime": {"datetime": "2021-06-20 15:15:08", "elapsed": 136.067076, "delta": 1.397203}}
{"target": -9.275558753285697, "params": {"C": 10.192514223386123, "gamma": 1.0264176027313001}, "datetime": {"datetime": "2021-06-20 15:15:09", "elapsed": 137.150073, "delta": 1.082997}}
{"target": -9.27814822443922, "params": {"C": 10.125272361942127, "gamma": 0.9869626764300581}, "datetime": {"datetime": "2021-06-20 15:15:11", "elapsed": 138.312073, "delta": 1.162}}
{"target": -9.284161594493423, "params": {"C": 14.55181266683394, "gamma": 0.8294813477555351}, "datetime": {"datetime": "2021-06-20 15:15:13", "elapsed": 140.284502, "delta": 1.972429}}
{"target": -9.286494122898239, "params": {"C": 16.40916819240956, "gamma": 0.7431411220107883}, "datetime": {"datetime": "2021-06-20 15:15:14", "elapsed": 141.396536, "delta": 1.112034}}
{"target": -9.287713265748861, "params": {"C": 16.498887273009142, "gamma": 0.7766804110096998}, "datetime": {"datetime": "2021-06-20 15:15:15", "elapsed": 142.631536, "delta": 1.235}}
{"target": -9.275506481835363, "params": {"C": 9.973288589605279, "gamma": 0.9996609678795811}, "datetime": {"datetime": "2021-06-20 15:15:16", "elapsed": 143.811539, "delta": 1.180003}}
{"target": -9.284495227799262, "params": {"C": 11.415118250555977, "gamma": 0.9159376071122098}, "datetime": {"datetime": "2021-06-20 15:15:18", "elapsed": 145.241537, "delta": 1.429998}}
{"target": -9.304054490393085, "params": {"C": 14.144578288069908, "gamma": 0.7742246568898415}, "datetime": {"datetime": "2021-06-20 15:15:19", "elapsed": 146.560288, "delta": 1.318751}}
{"target": -9.282501934027254, "params": {"C": 19.34049926680239, "gamma": 0.6909883822789585}, "datetime": {"datetime": "2021-06-20 15:15:20", "elapsed": 147.795814, "delta": 1.235526}}
{"target": -9.27480477374652, "params": {"C": 11.613830535987324, "gamma": 0.9302891919622305}, "datetime": {"datetime": "2021-06-20 15:15:22", "elapsed": 149.301814, "delta": 1.506}}
{"target": -9.278081399665584, "params": {"C": 11.687478056376895, "gamma": 0.9164868238646382}, "datetime": {"datetime": "2021-06-20 15:15:23", "elapsed": 150.867429, "delta": 1.565615}}
{"target": -9.27548588413405, "params": {"C": 11.553304034238101, "gamma": 0.9358488936421456}, "datetime": {"datetime": "2021-06-20 15:15:25", "elapsed": 152.392429, "delta": 1.525}}
{"target": -9.271184469530128, "params": {"C": 10.385828956784358, "gamma": 0.9924221152634077}, "datetime": {"datetime": "2021-06-20 15:15:26", "elapsed": 153.787429, "delta": 1.395}}
{"target": -9.28126535209937, "params": {"C": 10.84531094332388, "gamma": 1.0022529071255282}, "datetime": {"datetime": "2021-06-20 15:15:28", "elapsed": 155.49843, "delta": 1.711001}}
{"target": -9.665486941163072, "params": {"C": 11.7760668243776, "gamma": 1.6105427883295989}, "datetime": {"datetime": "2021-06-20 15:15:29", "elapsed": 156.523432, "delta": 1.025002}}
{"target": -9.27379239240766, "params": {"C": 10.213667263426515, "gamma": 1.016475399225499}, "datetime": {"datetime": "2021-06-20 15:15:30", "elapsed": 158.050432, "delta": 1.527}}
{"target": -9.271957843506556, "params": {"C": 10.453126159715433, "gamma": 0.9908848260505929}, "datetime": {"datetime": "2021-06-20 15:15:32", "elapsed": 159.56743, "delta": 1.516998}}
{"target": -9.275750903469804, "params": {"C": 10.417530833302719, "gamma": 0.9770666895027196}, "datetime": {"datetime": "2021-06-20 15:15:33", "elapsed": 160.653433, "delta": 1.086003}}
{"target": -9.287235564497916, "params": {"C": 13.640736191025923, "gamma": 0.8717847972750777}, "datetime": {"datetime": "2021-06-20 15:15:35", "elapsed": 162.28705, "delta": 1.633617}}
{"target": -9.272122702697015, "params": {"C": 10.381196886518335, "gamma": 0.9966559371151831}, "datetime": {"datetime": "2021-06-20 15:15:36", "elapsed": 163.76905, "delta": 1.482}}
{"target": -9.270866600942869, "params": {"C": 10.415093996108203, "gamma": 0.9890739272079072}, "datetime": {"datetime": "2021-06-20 15:15:38", "elapsed": 165.643053, "delta": 1.874003}}
{"target": -9.275418787274083, "params": {"C": 10.374287345667632, "gamma": 1.0114593662721876}, "datetime": {"datetime": "2021-06-20 15:15:39", "elapsed": 167.091558, "delta": 1.448505}}
{"target": -9.272578913972893, "params": {"C": 10.461859190652024, "gamma": 0.9928316627858961}, "datetime": {"datetime": "2021-06-20 15:15:41", "elapsed": 168.494557, "delta": 1.402999}}
{"target": -9.272340957944252, "params": {"C": 10.459417985950294, "gamma": 0.9920202791821856}, "datetime": {"datetime": "2021-06-20 15:15:42", "elapsed": 169.918558, "delta": 1.424001}}
{"target": -9.270619881552932, "params": {"C": 10.38215533365197, "gamma": 0.9895076422585624}, "datetime": {"datetime": "2021-06-20 15:15:44", "elapsed": 171.510354, "delta": 1.591796}}
{"target": -9.278588648189405, "params": {"C": 11.189742012733749, "gamma": 0.968229310115893}, "datetime": {"datetime": "2021-06-20 15:15:45", "elapsed": 173.061353, "delta": 1.550999}}
{"target": -9.272056225904555, "params": {"C": 10.215213802361744, "gamma": 1.0085661044362106}, "datetime": {"datetime": "2021-06-20 15:15:47", "elapsed": 174.781353, "delta": 1.72}}
{"target": -9.271243571958179, "params": {"C": 10.410071203919248, "gamma": 0.9868670504174722}, "datetime": {"datetime": "2021-06-20 15:15:50", "elapsed": 177.193945, "delta": 2.412592}}
{"target": -9.273194856625672, "params": {"C": 10.401881898475134, "gamma": 0.9831893889713058}, "datetime": {"datetime": "2021-06-20 15:15:51", "elapsed": 178.494943, "delta": 1.300998}}
{"target": -9.273662090867916, "params": {"C": 10.373363526231625, "gamma": 0.9835893852798555}, "datetime": {"datetime": "2021-06-20 15:15:53", "elapsed": 180.309945, "delta": 1.815002}}
{"target": -9.270713142205246, "params": {"C": 10.444367934991933, "gamma": 0.9864315870663517}, "datetime": {"datetime": "2021-06-20 15:15:54", "elapsed": 182.096551, "delta": 1.786606}}
