{"target": -10.712459829267747, "params": {"C": 5.217680512596813, "gamma": 4.651015391325845}, "datetime": {"datetime": "2021-06-17 22:05:46", "elapsed": 320.739418, "delta": 1.486403}}
{"target": -9.588772381578755, "params": {"C": 4.302196535302047, "gamma": 1.9683480354432477}, "datetime": {"datetime": "2021-06-17 22:05:48", "elapsed": 323.279934, "delta": 2.540516}}
{"target": -9.398632209420953, "params": {"C": 8.5350604335494, "gamma": 0.8465696478795447}, "datetime": {"datetime": "2021-06-17 22:05:50", "elapsed": 324.770607, "delta": 1.490673}}
{"target": -11.264344960830396, "params": {"C": 8.691422500498994, "gamma": 5.811563495391447}, "datetime": {"datetime": "2021-06-17 22:05:51", "elapsed": 326.016428, "delta": 1.245821}}
{"target": -10.21863965722632, "params": {"C": 7.370122842664925, "gamma": 3.0912793934624916}, "datetime": {"datetime": "2021-06-17 22:05:52", "elapsed": 327.544113, "delta": 1.527685}}
{"target": -11.27031582223608, "params": {"C": 3.702215632358362, "gamma": 6.023757438714193}, "datetime": {"datetime": "2021-06-17 22:05:54", "elapsed": 329.350654, "delta": 1.806541}}
{"target": -9.318738542275955, "params": {"C": 6.409499571489742, "gamma": 1.2450378391828532}, "datetime": {"datetime": "2021-06-17 22:05:57", "elapsed": 331.906299, "delta": 2.555645}}
{"target": -12.6250159961082, "params": {"C": 2.3474951985568637, "gamma": 9.890108036999893}, "datetime": {"datetime": "2021-06-17 22:05:58", "elapsed": 333.113043, "delta": 1.206744}}
{"target": -11.939515343060764, "params": {"C": 4.7349377562289705, "gamma": 7.835460375417161}, "datetime": {"datetime": "2021-06-17 22:05:59", "elapsed": 334.524664, "delta": 1.411621}}
{"target": -10.164083593580862, "params": {"C": 7.957283156462691, "gamma": 2.7601931086385876}, "datetime": {"datetime": "2021-06-17 22:06:02", "elapsed": 336.764988, "delta": 2.240324}}
{"target": -10.340776191842956, "params": {"C": 5.100078563173392, "gamma": 3.515675842034492}, "datetime": {"datetime": "2021-06-17 22:06:03", "elapsed": 338.384084, "delta": 1.619096}}
{"target": -9.56631616562476, "params": {"C": 9.405018446048413, "gamma": 1.5635513735859772}, "datetime": {"datetime": "2021-06-17 22:06:05", "elapsed": 340.459629, "delta": 2.075545}}
{"target": -10.129595563460391, "params": {"C": 8.35528504229635, "gamma": 2.505598330604698}, "datetime": {"datetime": "2021-06-17 22:06:07", "elapsed": 341.964491, "delta": 1.504862}}
{"target": -11.061557177806119, "params": {"C": 4.632747434924809, "gamma": 5.501145586359496}, "datetime": {"datetime": "2021-06-17 22:06:08", "elapsed": 343.121106, "delta": 1.156615}}
{"target": -10.378404759623074, "params": {"C": 9.691328335269489, "gamma": 3.4439375322203043}, "datetime": {"datetime": "2021-06-17 22:06:10", "elapsed": 344.849608, "delta": 1.728502}}
{"target": -9.312993188676451, "params": {"C": 8.776776596726204, "gamma": 1.2358161168606874}, "datetime": {"datetime": "2021-06-17 22:06:12", "elapsed": 347.111407, "delta": 2.261799}}
{"target": -9.432715529861754, "params": {"C": 6.4511333354523055, "gamma": 0.9523082207773833}, "datetime": {"datetime": "2021-06-17 22:06:14", "elapsed": 349.396904, "delta": 2.285497}}
{"target": -9.849355429745332, "params": {"C": 2.2044850901154827, "gamma": 1.3812149520914776}, "datetime": {"datetime": "2021-06-17 22:06:16", "elapsed": 350.602245, "delta": 1.205341}}
{"target": -10.203918636675803, "params": {"C": 10.0, "gamma": 2.7033023104921545}, "datetime": {"datetime": "2021-06-17 22:06:17", "elapsed": 352.170568, "delta": 1.568323}}
{"target": -9.406359180630238, "params": {"C": 7.5138925778842305, "gamma": 0.9055627792186267}, "datetime": {"datetime": "2021-06-17 22:06:19", "elapsed": 353.875098, "delta": 1.70453}}
{"target": -10.047477899662313, "params": {"C": 2.939470065703561, "gamma": 2.9542745714916983}, "datetime": {"datetime": "2021-06-17 22:06:20", "elapsed": 355.577873, "delta": 1.702775}}
{"target": -10.900847893211614, "params": {"C": 5.977137572269087, "gamma": 5.091459361916275}, "datetime": {"datetime": "2021-06-17 22:06:22", "elapsed": 357.482574, "delta": 1.904701}}
{"target": -9.444799773036177, "params": {"C": 7.042984174471521, "gamma": 1.4618649700079973}, "datetime": {"datetime": "2021-06-17 22:06:25", "elapsed": 360.358298, "delta": 2.875724}}
{"target": -9.615484003033755, "params": {"C": 3.404755908834673, "gamma": 1.4593735006704043}, "datetime": {"datetime": "2021-06-17 22:06:27", "elapsed": 362.26621, "delta": 1.907912}}
{"target": -9.977525397963701, "params": {"C": 6.844189001966763, "gamma": 2.3273140291449166}, "datetime": {"datetime": "2021-06-17 22:06:29", "elapsed": 364.434759, "delta": 2.168549}}
{"target": -10.04038082100455, "params": {"C": 10.0, "gamma": 2.1566974500104092}, "datetime": {"datetime": "2021-06-17 22:06:31", "elapsed": 365.882617, "delta": 1.447858}}
{"target": -10.766205590222533, "params": {"C": 9.486921183003831, "gamma": 4.658828767632264}, "datetime": {"datetime": "2021-06-17 22:06:33", "elapsed": 368.515337, "delta": 2.63272}}
{"target": -9.691275565454976, "params": {"C": 8.066710191524589, "gamma": 1.8636474064685644}, "datetime": {"datetime": "2021-06-17 22:06:35", "elapsed": 370.272032, "delta": 1.756695}}
{"target": -9.417636105742385, "params": {"C": 6.593438697878369, "gamma": 1.4361984665428655}, "datetime": {"datetime": "2021-06-17 22:06:37", "elapsed": 372.594454, "delta": 2.322422}}
{"target": -9.821563280237058, "params": {"C": 6.794637551892626, "gamma": 0.4301636644174841}, "datetime": {"datetime": "2021-06-17 22:06:40", "elapsed": 375.558262, "delta": 2.963808}}
{"target": -10.715254048109703, "params": {"C": 6.980892994158012, "gamma": 4.610560465831658}, "datetime": {"datetime": "2021-06-17 22:06:42", "elapsed": 377.206618, "delta": 1.648356}}
{"target": -9.798181584837765, "params": {"C": 5.338538821259723, "gamma": 2.2377945898965974}, "datetime": {"datetime": "2021-06-17 22:06:45", "elapsed": 379.757944, "delta": 2.551326}}
{"target": -17.213208390814476, "params": {"C": 0.04258161836210941, "gamma": 8.362709752174366}, "datetime": {"datetime": "2021-06-17 22:06:47", "elapsed": 381.75132, "delta": 1.993376}}
{"target": -10.238308965490994, "params": {"C": 3.648567967266574, "gamma": 3.3096766562402524}, "datetime": {"datetime": "2021-06-17 22:06:49", "elapsed": 384.199805, "delta": 2.448485}}
{"target": -11.19808822805456, "params": {"C": 10.0, "gamma": 5.564294542295722}, "datetime": {"datetime": "2021-06-17 22:06:52", "elapsed": 387.259115, "delta": 3.05931}}
{"target": -9.589500193041133, "params": {"C": 3.6983389009410383, "gamma": 1.8231028719228737}, "datetime": {"datetime": "2021-06-17 22:06:54", "elapsed": 389.104845, "delta": 1.84573}}
{"target": -11.14144457052361, "params": {"C": 6.983679542625261, "gamma": 5.727776025265409}, "datetime": {"datetime": "2021-06-17 22:06:57", "elapsed": 391.643852, "delta": 2.539007}}
{"target": -9.28183693030854, "params": {"C": 10.0, "gamma": 1.063885382320621}, "datetime": {"datetime": "2021-06-17 22:07:00", "elapsed": 394.59911, "delta": 2.955258}}
{"target": -10.123042627956155, "params": {"C": 6.35596435956974, "gamma": 2.8689071009631495}, "datetime": {"datetime": "2021-06-17 22:07:02", "elapsed": 396.783321, "delta": 2.184211}}
{"target": -11.540763624795181, "params": {"C": 4.957325417053082, "gamma": 6.829314198274346}, "datetime": {"datetime": "2021-06-17 22:07:04", "elapsed": 399.07421, "delta": 2.290889}}
{"target": -9.415572166606143, "params": {"C": 8.342698725666207, "gamma": 1.3755555150271928}, "datetime": {"datetime": "2021-06-17 22:07:06", "elapsed": 401.148902, "delta": 2.074692}}
{"target": -10.075019445198436, "params": {"C": 1.4978967823830653, "gamma": 1.6446305584611434}, "datetime": {"datetime": "2021-06-17 22:07:09", "elapsed": 403.852832, "delta": 2.70393}}
{"target": -9.638388872596703, "params": {"C": 8.2019345652286, "gamma": 0.5619615843366706}, "datetime": {"datetime": "2021-06-17 22:07:11", "elapsed": 405.668349, "delta": 1.815517}}
{"target": -12.714923243826881, "params": {"C": 5.025168596517009, "gamma": 10.0}, "datetime": {"datetime": "2021-06-17 22:07:13", "elapsed": 408.343196, "delta": 2.674847}}
{"target": -9.549157219705332, "params": {"C": 6.127659587054669, "gamma": 1.7101082114445103}, "datetime": {"datetime": "2021-06-17 22:07:16", "elapsed": 411.471608, "delta": 3.128412}}
{"target": -9.78849955919959, "params": {"C": 5.610093720596058, "gamma": 0.5188638176151965}, "datetime": {"datetime": "2021-06-17 22:07:19", "elapsed": 413.655479, "delta": 2.183871}}
{"target": -11.033858570414342, "params": {"C": 2.5326083491382803, "gamma": 5.454997625028533}, "datetime": {"datetime": "2021-06-17 22:07:21", "elapsed": 415.719349, "delta": 2.06387}}
{"target": -10.972157816005609, "params": {"C": 7.913841310524754, "gamma": 5.242766418749641}, "datetime": {"datetime": "2021-06-17 22:07:23", "elapsed": 417.722733, "delta": 2.003384}}
{"target": -9.638878214495136, "params": {"C": 4.180576153986849, "gamma": 0.9044383629022453}, "datetime": {"datetime": "2021-06-17 22:07:25", "elapsed": 420.381338, "delta": 2.658605}}
{"target": -9.859029293508838, "params": {"C": 2.1259369200927436, "gamma": 2.266470217897278}, "datetime": {"datetime": "2021-06-17 22:07:29", "elapsed": 423.605178, "delta": 3.22384}}
{"target": -9.64679719502551, "params": {"C": 6.526255243645482, "gamma": 0.6352522121793593}, "datetime": {"datetime": "2021-06-17 22:07:31", "elapsed": 426.384993, "delta": 2.779815}}
{"target": -9.497888990253063, "params": {"C": 9.996329347426158, "gamma": 0.6250736089291516}, "datetime": {"datetime": "2021-06-17 22:07:34", "elapsed": 429.159316, "delta": 2.774323}}
{"target": -10.207978832028648, "params": {"C": 4.348563081410434, "gamma": 3.2139796266419967}, "datetime": {"datetime": "2021-06-17 22:07:36", "elapsed": 430.781677, "delta": 1.622361}}
{"target": -10.559433919807317, "params": {"C": 6.074540372429164, "gamma": 4.17880506462285}, "datetime": {"datetime": "2021-06-17 22:07:38", "elapsed": 432.598562, "delta": 1.816885}}
{"target": -9.7729178472026, "params": {"C": 2.5396131588928665, "gamma": 1.354796830628259}, "datetime": {"datetime": "2021-06-17 22:07:40", "elapsed": 435.121953, "delta": 2.523391}}
{"target": -10.785644775916952, "params": {"C": 2.987396356691522, "gamma": 4.843135660138965}, "datetime": {"datetime": "2021-06-17 22:07:42", "elapsed": 437.492688, "delta": 2.370735}}
{"target": -9.477002814917451, "params": {"C": 8.103590281964419, "gamma": 1.475618875340293}, "datetime": {"datetime": "2021-06-17 22:07:45", "elapsed": 439.657629, "delta": 2.164941}}
{"target": -10.270158574676335, "params": {"C": 8.690770585889226, "gamma": 3.1501911955899384}, "datetime": {"datetime": "2021-06-17 22:07:48", "elapsed": 442.809269, "delta": 3.15164}}
{"target": -9.52502284878721, "params": {"C": 4.218263165280345, "gamma": 1.6370102978269088}, "datetime": {"datetime": "2021-06-17 22:07:50", "elapsed": 445.300047, "delta": 2.490778}}
{"target": -9.694782909271591, "params": {"C": 9.267940471394029, "gamma": 1.785667176304014}, "datetime": {"datetime": "2021-06-17 22:07:52", "elapsed": 446.677798, "delta": 1.377751}}
{"target": -9.459841485820458, "params": {"C": 7.027081320259759, "gamma": 0.8488232953448883}, "datetime": {"datetime": "2021-06-17 22:07:53", "elapsed": 448.456641, "delta": 1.778843}}
{"target": -9.616511245147874, "params": {"C": 4.6466553910662505, "gamma": 2.020954596521581}, "datetime": {"datetime": "2021-06-17 22:07:55", "elapsed": 450.356789, "delta": 1.900148}}
{"target": -9.623458401884518, "params": {"C": 5.211485585776242, "gamma": 0.7924749913537535}, "datetime": {"datetime": "2021-06-17 22:07:58", "elapsed": 452.723018, "delta": 2.366229}}
{"target": -11.99435390852243, "params": {"C": 2.585346094206793, "gamma": 7.964373479121629}, "datetime": {"datetime": "2021-06-17 22:07:59", "elapsed": 454.079501, "delta": 1.356483}}
{"target": -10.29856295638651, "params": {"C": 3.883563735933192, "gamma": 3.443440400023292}, "datetime": {"datetime": "2021-06-17 22:08:00", "elapsed": 455.445568, "delta": 1.366067}}
{"target": -9.444358923508881, "params": {"C": 8.734299592782566, "gamma": 0.7446707247805167}, "datetime": {"datetime": "2021-06-17 22:08:03", "elapsed": 457.911794, "delta": 2.466226}}
{"target": -11.349338103493155, "params": {"C": 5.90760255431336, "gamma": 6.2893123592216185}, "datetime": {"datetime": "2021-06-17 22:08:05", "elapsed": 459.782473, "delta": 1.870679}}
{"target": -10.351324336312825, "params": {"C": 6.014406963733123, "gamma": 3.5011378598034}, "datetime": {"datetime": "2021-06-17 22:08:07", "elapsed": 461.697107, "delta": 1.914634}}
{"target": -9.741179127272549, "params": {"C": 3.7823530069518148, "gamma": 2.3839264694323874}, "datetime": {"datetime": "2021-06-17 22:08:09", "elapsed": 464.109719, "delta": 2.412612}}
{"target": -9.79716149334515, "params": {"C": 4.994010128508794, "gamma": 2.2827692081236006}, "datetime": {"datetime": "2021-06-17 22:08:11", "elapsed": 466.149229, "delta": 2.03951}}
{"target": -11.480968640103558, "params": {"C": 7.2454410624206, "gamma": 6.42870879314838}, "datetime": {"datetime": "2021-06-17 22:08:13", "elapsed": 468.048999, "delta": 1.89977}}
{"target": -9.44604719993442, "params": {"C": 7.77188321401682, "gamma": 0.808852223579212}, "datetime": {"datetime": "2021-06-17 22:08:16", "elapsed": 470.814576, "delta": 2.765577}}
{"target": -12.541795728580482, "params": {"C": 9.188433561984738, "gamma": 8.875294247029736}, "datetime": {"datetime": "2021-06-17 22:08:17", "elapsed": 472.19614, "delta": 1.381564}}
{"target": -9.275239984640043, "params": {"C": 8.597610101717859, "gamma": 1.1643192103084814}, "datetime": {"datetime": "2021-06-17 22:08:19", "elapsed": 473.867519, "delta": 1.671379}}
{"target": -9.840170679129425, "params": {"C": 2.9493619659762618, "gamma": 0.6839271872551219}, "datetime": {"datetime": "2021-06-17 22:08:21", "elapsed": 475.661393, "delta": 1.793874}}
{"target": -9.336225626432155, "params": {"C": 7.297781378534944, "gamma": 1.3002878977787822}, "datetime": {"datetime": "2021-06-17 22:08:23", "elapsed": 478.501841, "delta": 2.840448}}
{"target": -10.370372786512611, "params": {"C": 0.8377091912378248, "gamma": 1.5845858860210698}, "datetime": {"datetime": "2021-06-17 22:08:25", "elapsed": 480.272965, "delta": 1.771124}}
{"target": -9.313132132251333, "params": {"C": 9.872949959418948, "gamma": 0.934631240505826}, "datetime": {"datetime": "2021-06-17 22:08:28", "elapsed": 483.454875, "delta": 3.18191}}
{"target": -9.759378172828068, "params": {"C": 7.805321576280534, "gamma": 0.4628424933472904}, "datetime": {"datetime": "2021-06-17 22:08:32", "elapsed": 486.846922, "delta": 3.392047}}
{"target": -10.633317476462665, "params": {"C": 8.09096635940588, "gamma": 4.337513879965378}, "datetime": {"datetime": "2021-06-17 22:08:34", "elapsed": 488.730166, "delta": 1.883244}}
{"target": -10.600772990246861, "params": {"C": 9.76409782948738, "gamma": 4.180204865325407}, "datetime": {"datetime": "2021-06-17 22:08:36", "elapsed": 490.624561, "delta": 1.894395}}
{"target": -10.215688631689074, "params": {"C": 1.236509786776953, "gamma": 0.5925987217228874}, "datetime": {"datetime": "2021-06-17 22:08:38", "elapsed": 492.850729, "delta": 2.226168}}
{"target": -9.271419721641024, "params": {"C": 7.96671064923825, "gamma": 1.2037037725528934}, "datetime": {"datetime": "2021-06-17 22:08:41", "elapsed": 495.740782, "delta": 2.890053}}
{"target": -9.72036305688098, "params": {"C": 6.160158596173779, "gamma": 0.5748443511110307}, "datetime": {"datetime": "2021-06-17 22:08:44", "elapsed": 498.782796, "delta": 3.042014}}
{"target": -9.746778409593905, "params": {"C": 3.889137650369247, "gamma": 0.7592068093624259}, "datetime": {"datetime": "2021-06-17 22:08:46", "elapsed": 501.175488, "delta": 2.392692}}
{"target": -12.659401099218993, "params": {"C": 10.0, "gamma": 9.147504780635995}, "datetime": {"datetime": "2021-06-17 22:08:49", "elapsed": 504.057611, "delta": 2.882123}}
{"target": -10.468924429293235, "params": {"C": 3.2715488965234765, "gamma": 3.9141615108679164}, "datetime": {"datetime": "2021-06-17 22:08:51", "elapsed": 506.464562, "delta": 2.406951}}
{"target": -11.117351139031832, "params": {"C": 3.9924551636252184, "gamma": 5.637016888913935}, "datetime": {"datetime": "2021-06-17 22:08:53", "elapsed": 507.971913, "delta": 1.507351}}
{"target": -9.563092389985409, "params": {"C": 10.0, "gamma": 1.5336094278061128}, "datetime": {"datetime": "2021-06-17 22:08:55", "elapsed": 509.797048, "delta": 1.825135}}
{"target": -31.992594663797703, "params": {"C": 1.0399735185030878, "gamma": 0.0001}, "datetime": {"datetime": "2021-06-17 22:08:57", "elapsed": 512.451262, "delta": 2.654214}}
{"target": -10.447684087895805, "params": {"C": 0.812699085736521, "gamma": 0.6070621666330018}, "datetime": {"datetime": "2021-06-17 22:08:59", "elapsed": 514.382232, "delta": 1.93097}}
{"target": -11.339413241594915, "params": {"C": 1.9245434196387345, "gamma": 0.1600136756087142}, "datetime": {"datetime": "2021-06-17 22:09:02", "elapsed": 517.153199, "delta": 2.770967}}
{"target": -11.773556517942078, "params": {"C": 0.9536617975467966, "gamma": 6.890143345817498}, "datetime": {"datetime": "2021-06-17 22:09:03", "elapsed": 518.595945, "delta": 1.442746}}
{"target": -9.45114837537417, "params": {"C": 6.675429348161752, "gamma": 1.485791598600297}, "datetime": {"datetime": "2021-06-17 22:09:05", "elapsed": 520.022014, "delta": 1.426069}}
{"target": -9.704520906354205, "params": {"C": 4.493396834475769, "gamma": 2.2176736845545792}, "datetime": {"datetime": "2021-06-17 22:09:06", "elapsed": 521.549046, "delta": 1.527032}}
{"target": -10.06593632153696, "params": {"C": 1.6003499324273214, "gamma": 0.6022663435113329}, "datetime": {"datetime": "2021-06-17 22:09:09", "elapsed": 524.510384, "delta": 2.961338}}
{"target": -10.245857134026396, "params": {"C": 4.7725912632763485, "gamma": 3.2836464732557307}, "datetime": {"datetime": "2021-06-17 22:09:13", "elapsed": 527.914784, "delta": 3.4044}}
{"target": -12.35618894217011, "params": {"C": 2.8950420874931493, "gamma": 9.077286657786948}, "datetime": {"datetime": "2021-06-17 22:09:14", "elapsed": 529.440961, "delta": 1.526177}}
{"target": -10.137681563703223, "params": {"C": 9.016265350270299, "gamma": 2.454563899503279}, "datetime": {"datetime": "2021-06-17 22:09:17", "elapsed": 532.09579, "delta": 2.654829}}
{"target": -10.01709396242708, "params": {"C": 1.6006909587985823, "gamma": 2.3138635502491764}, "datetime": {"datetime": "2021-06-17 22:09:19", "elapsed": 534.427374, "delta": 2.331584}}
{"target": -10.163047251426743, "params": {"C": 5.980081558889771, "gamma": 3.0335053619978094}, "datetime": {"datetime": "2021-06-17 22:09:22", "elapsed": 536.909194, "delta": 2.48182}}
{"target": -10.032971565899292, "params": {"C": 4.956414751391308, "gamma": 2.778720337371029}, "datetime": {"datetime": "2021-06-17 22:09:24", "elapsed": 539.46509, "delta": 2.555896}}
{"target": -9.574951344696467, "params": {"C": 5.500800085806884, "gamma": 0.8273321525748102}, "datetime": {"datetime": "2021-06-17 22:09:27", "elapsed": 541.609952, "delta": 2.144862}}
{"target": -10.558800684514178, "params": {"C": 5.572248781373576, "gamma": 4.185988864353992}, "datetime": {"datetime": "2021-06-17 22:09:29", "elapsed": 543.939349, "delta": 2.329397}}
{"target": -9.824665722363378, "params": {"C": 7.370342257162066, "gamma": 0.41206395981951055}, "datetime": {"datetime": "2021-06-17 22:09:31", "elapsed": 545.843441, "delta": 1.904092}}
{"target": -10.167805963787794, "params": {"C": 9.406525016855305, "gamma": 2.523804206070891}, "datetime": {"datetime": "2021-06-17 22:09:33", "elapsed": 548.22815, "delta": 2.384709}}
{"target": -11.733263224097772, "params": {"C": 4.876870161869148, "gamma": 7.301858863370625}, "datetime": {"datetime": "2021-06-17 22:09:35", "elapsed": 549.801516, "delta": 1.573366}}
{"target": -9.738667108818714, "params": {"C": 2.7142820825768954, "gamma": 2.2465602280436423}, "datetime": {"datetime": "2021-06-17 22:09:37", "elapsed": 551.936667, "delta": 2.135151}}
{"target": -10.166682333305719, "params": {"C": 2.6271416410355743, "gamma": 3.1930461821772296}, "datetime": {"datetime": "2021-06-17 22:09:38", "elapsed": 553.511543, "delta": 1.574876}}
{"target": -11.491805937192929, "params": {"C": 2.0724607361785004, "gamma": 6.5133084112330994}, "datetime": {"datetime": "2021-06-17 22:09:40", "elapsed": 554.980508, "delta": 1.468965}}
{"target": -12.903545987846279, "params": {"C": 9.123475961813174, "gamma": 10.0}, "datetime": {"datetime": "2021-06-17 22:09:43", "elapsed": 558.197013, "delta": 3.216505}}
{"target": -10.533701686128166, "params": {"C": 8.892244814255616, "gamma": 3.9979676748956443}, "datetime": {"datetime": "2021-06-17 22:09:46", "elapsed": 561.525177, "delta": 3.328164}}
{"target": -10.540752427580546, "params": {"C": 3.6777961159193846, "gamma": 4.135667197275818}, "datetime": {"datetime": "2021-06-17 22:09:49", "elapsed": 563.99755, "delta": 2.472373}}
{"target": -9.565322442252429, "params": {"C": 6.70952468418093, "gamma": 0.7317098817306086}, "datetime": {"datetime": "2021-06-17 22:09:50", "elapsed": 565.53302, "delta": 1.53547}}
{"target": -12.27932607337307, "params": {"C": 4.725764039637492, "gamma": 8.730576774520113}, "datetime": {"datetime": "2021-06-17 22:09:54", "elapsed": 568.967742, "delta": 3.434722}}
{"target": -12.114162097327299, "params": {"C": 3.98095562269509, "gamma": 8.359409120941196}, "datetime": {"datetime": "2021-06-17 22:09:55", "elapsed": 570.523661, "delta": 1.555919}}
{"target": -12.205561651465676, "params": {"C": 9.085519296883927, "gamma": 7.9920467277644915}, "datetime": {"datetime": "2021-06-17 22:09:59", "elapsed": 573.746578, "delta": 3.222917}}
{"target": -10.3335158735818, "params": {"C": 6.618452437173902, "gamma": 3.4254217991527818}, "datetime": {"datetime": "2021-06-17 22:10:01", "elapsed": 576.432491, "delta": 2.685913}}
