{"target": -12.02438002818728, "params": {"C": 145.2462150538516, "gamma": 4.203842260439008}, "datetime": {"datetime": "2021-06-18 17:03:13", "elapsed": 11196.356922, "delta": 5.625235}}
{"target": -9.994727707032263, "params": {"C": 33.16594096575492, "gamma": 1.4868279755129958}, "datetime": {"datetime": "2021-06-18 17:03:22", "elapsed": 11205.287367, "delta": 8.930445}}
{"target": -10.430937333505003, "params": {"C": 121.91260962981205, "gamma": 1.6666973515135126}, "datetime": {"datetime": "2021-06-18 17:03:33", "elapsed": 11215.787247, "delta": 10.49988}}
{"target": -10.804602909279213, "params": {"C": 222.20480767829685, "gamma": 1.9510534249073903}, "datetime": {"datetime": "2021-06-18 17:03:40", "elapsed": 11223.071675, "delta": 7.284428}}
{"target": -10.316805211904425, "params": {"C": 142.57632933445956, "gamma": 1.3885041146976647}, "datetime": {"datetime": "2021-06-18 17:03:48", "elapsed": 11231.516215, "delta": 8.44454}}
{"target": -16.538054695963663, "params": {"C": 769304.2622581697, "gamma": 6.2215550891422735}, "datetime": {"datetime": "2021-06-18 17:03:54", "elapsed": 11237.01598, "delta": 5.499765}}
{"target": -11.195152072642014, "params": {"C": 50.33882432179969, "gamma": 4.616945728232941}, "datetime": {"datetime": "2021-06-18 17:04:02", "elapsed": 11244.732919, "delta": 7.716939}}
{"target": -10.535138099045941, "params": {"C": 56.81627555670456, "gamma": 2.8203163958129864}, "datetime": {"datetime": "2021-06-18 17:04:12", "elapsed": 11255.440865, "delta": 10.707946}}
{"target": -9.755550394506802, "params": {"C": 132.34958844600848, "gamma": 0.44890280871264154}, "datetime": {"datetime": "2021-06-18 17:04:18", "elapsed": 11261.515444, "delta": 6.074579}}
{"target": -10.318747529043867, "params": {"C": 233.3493842322997, "gamma": 0.551336390596409}, "datetime": {"datetime": "2021-06-18 17:04:26", "elapsed": 11268.825547, "delta": 7.310103}}
{"target": -10.260804344477776, "params": {"C": 161.79174227781405, "gamma": 0.8065547964724206}, "datetime": {"datetime": "2021-06-18 17:04:33", "elapsed": 11275.785845, "delta": 6.960298}}
{"target": -10.47069714368378, "params": {"C": 75.17779346168068, "gamma": 2.2700747663224505}, "datetime": {"datetime": "2021-06-18 17:04:42", "elapsed": 11285.055232, "delta": 9.269387}}
{"target": -33.73159485037653, "params": {"C": 607764.1269395199, "gamma": 0.8897512016095641}, "datetime": {"datetime": "2021-06-18 17:04:50", "elapsed": 11293.392004, "delta": 8.336772}}
{"target": -10.341776619985437, "params": {"C": 203.31897057245575, "gamma": 0.7315360024102836}, "datetime": {"datetime": "2021-06-18 17:04:56", "elapsed": 11299.376044, "delta": 5.98404}}
{"target": -11.443822593123793, "params": {"C": 102.97313695359513, "gamma": 4.158465463675554}, "datetime": {"datetime": "2021-06-18 17:05:02", "elapsed": 11305.548295, "delta": 6.172251}}
{"target": -21.80606319700782, "params": {"C": 71882.93395226957, "gamma": 2.839093536075874}, "datetime": {"datetime": "2021-06-18 17:05:13", "elapsed": 11315.729457, "delta": 10.181162}}
{"target": -9.601172105341217, "params": {"C": 158.88166112534128, "gamma": 0.3290637046382033}, "datetime": {"datetime": "2021-06-18 17:05:18", "elapsed": 11321.416668, "delta": 5.687211}}
{"target": -10.568357498229648, "params": {"C": 158.94603287098855, "gamma": 1.9036014981140619}, "datetime": {"datetime": "2021-06-18 17:05:29", "elapsed": 11331.809289, "delta": 10.392621}}
{"target": -9.853409287457712, "params": {"C": 32.38116961741256, "gamma": 1.3767695139747667}, "datetime": {"datetime": "2021-06-18 17:05:35", "elapsed": 11337.794663, "delta": 5.985374}}
{"target": -16.73581308187351, "params": {"C": 934902.3738565012, "gamma": 7.021342493759954}, "datetime": {"datetime": "2021-06-18 17:05:41", "elapsed": 11343.955529, "delta": 6.160866}}
{"target": -10.352102469583524, "params": {"C": 70.02854645449283, "gamma": 1.760988376213867}, "datetime": {"datetime": "2021-06-18 17:05:51", "elapsed": 11353.936963, "delta": 9.981434}}
{"target": -22.445948557651075, "params": {"C": 875645.5742847415, "gamma": 2.5863597677399457}, "datetime": {"datetime": "2021-06-18 17:06:01", "elapsed": 11364.181439, "delta": 10.244476}}
{"target": -10.3224367798897, "params": {"C": 41.29620174301303, "gamma": 1.9174210489196728}, "datetime": {"datetime": "2021-06-18 17:06:10", "elapsed": 11373.097182, "delta": 8.915743}}
{"target": -9.882419023749058, "params": {"C": 246.00651818301, "gamma": 0.34902211097456287}, "datetime": {"datetime": "2021-06-18 17:06:20", "elapsed": 11383.406741, "delta": 10.309559}}
{"target": -10.656057558329909, "params": {"C": 3.3730549632162674, "gamma": 4.477918988295994}, "datetime": {"datetime": "2021-06-18 17:06:32", "elapsed": 11394.616117, "delta": 11.209376}}
{"target": -10.660455216574732, "params": {"C": 163.8012438651552, "gamma": 2.0431090813714743}, "datetime": {"datetime": "2021-06-18 17:06:39", "elapsed": 11402.234407, "delta": 7.61829}}
{"target": -10.995292395733223, "params": {"C": 48.98534584719038, "gamma": 4.193844083980505}, "datetime": {"datetime": "2021-06-18 17:06:52", "elapsed": 11414.687413, "delta": 12.453006}}
{"target": -9.628312976608644, "params": {"C": 81.7261180044038, "gamma": 0.20913465425542624}, "datetime": {"datetime": "2021-06-18 17:07:07", "elapsed": 11430.070198, "delta": 15.382785}}
{"target": -16.705116065527584, "params": {"C": 438835.371644054, "gamma": 6.922947510678716}, "datetime": {"datetime": "2021-06-18 17:07:16", "elapsed": 11438.682241, "delta": 8.612043}}
{"target": -9.850549174944792, "params": {"C": 59.978830050713405, "gamma": 0.8772509633283184}, "datetime": {"datetime": "2021-06-18 17:07:26", "elapsed": 11449.5888, "delta": 10.906559}}
{"target": -10.431547103453475, "params": {"C": 152.80989350240077, "gamma": 1.5784641026118338}, "datetime": {"datetime": "2021-06-18 17:07:38", "elapsed": 11460.704575, "delta": 11.115775}}
{"target": -13.127036335214692, "params": {"C": 257.6714038439582, "gamma": 4.693712176001886}, "datetime": {"datetime": "2021-06-18 17:07:47", "elapsed": 11469.889803, "delta": 9.185228}}
{"target": -10.977782736325114, "params": {"C": 1.4741717005978914, "gamma": 5.144383425832298}, "datetime": {"datetime": "2021-06-18 17:07:53", "elapsed": 11476.037904, "delta": 6.148101}}
{"target": -16.804062229726767, "params": {"C": 547840.4039725978, "gamma": 7.325682094092609}, "datetime": {"datetime": "2021-06-18 17:08:03", "elapsed": 11486.578401, "delta": 10.540497}}
{"target": -10.091348156556586, "params": {"C": 219.74558387338433, "gamma": 0.05270226263837501}, "datetime": {"datetime": "2021-06-18 17:08:09", "elapsed": 11492.507099, "delta": 5.928698}}
{"target": -12.248328264792114, "params": {"C": 18.476054963173087, "gamma": 7.523263254605896}, "datetime": {"datetime": "2021-06-18 17:08:15", "elapsed": 11498.252252, "delta": 5.745153}}
{"target": -16.803608036110877, "params": {"C": 340405.21600244625, "gamma": 7.340773688907434}, "datetime": {"datetime": "2021-06-18 17:08:35", "elapsed": 11517.641223, "delta": 19.388971}}
{"target": -10.44260096512739, "params": {"C": 11.203554189193175, "gamma": 3.6235786375636088}, "datetime": {"datetime": "2021-06-18 17:08:43", "elapsed": 11525.742768, "delta": 8.101545}}
{"target": -17.128722852518898, "params": {"C": 729423.578778831, "gamma": 5.39649520512881}, "datetime": {"datetime": "2021-06-18 17:08:50", "elapsed": 11533.186192, "delta": 7.443424}}
{"target": -16.981642647820646, "params": {"C": 341503.13485276134, "gamma": 9.760921325768454}, "datetime": {"datetime": "2021-06-18 17:09:02", "elapsed": 11545.543167, "delta": 12.356975}}
{"target": -13.249707168690788, "params": {"C": 277.018445950639, "gamma": 4.452759907465177}, "datetime": {"datetime": "2021-06-18 17:09:09", "elapsed": 11551.740948, "delta": 6.197781}}
{"target": -10.354144271949146, "params": {"C": 210.74043336400757, "gamma": 0.7294482051615779}, "datetime": {"datetime": "2021-06-18 17:09:15", "elapsed": 11558.10382, "delta": 6.362872}}
{"target": -11.88386400802279, "params": {"C": 251.40731284276495, "gamma": 2.617416621584662}, "datetime": {"datetime": "2021-06-18 17:09:21", "elapsed": 11564.532763, "delta": 6.428943}}
{"target": -10.631867675874105, "params": {"C": 187.08482305930846, "gamma": 1.9071939650773018}, "datetime": {"datetime": "2021-06-18 17:09:35", "elapsed": 11578.212183, "delta": 13.67942}}
{"target": -13.18148184642563, "params": {"C": 155.2235553134034, "gamma": 7.413893109579242}, "datetime": {"datetime": "2021-06-18 17:09:47", "elapsed": 11589.790307, "delta": 11.578124}}
{"target": -12.536353817843873, "params": {"C": 239.2665729144141, "gamma": 3.325283116039989}, "datetime": {"datetime": "2021-06-18 17:09:55", "elapsed": 11598.256699, "delta": 8.466392}}
{"target": -20.349929953218748, "params": {"C": 952381.6850892467, "gamma": 3.3121154170800122}, "datetime": {"datetime": "2021-06-18 17:10:02", "elapsed": 11604.662548, "delta": 6.405849}}
{"target": -13.603489009105827, "params": {"C": 292.49252925530874, "gamma": 7.198958498165857}, "datetime": {"datetime": "2021-06-18 17:10:12", "elapsed": 11615.547445, "delta": 10.884897}}
{"target": -10.02531729999752, "params": {"C": 68.3315661109449, "gamma": 1.1459884473362225}, "datetime": {"datetime": "2021-06-18 17:10:24", "elapsed": 11627.535294, "delta": 11.987849}}
{"target": -10.628768339520658, "params": {"C": 158.97150358139274, "gamma": 2.0163131239161527}, "datetime": {"datetime": "2021-06-18 17:10:34", "elapsed": 11637.235324, "delta": 9.70003}}
{"target": -10.97551849864503, "params": {"C": 102.13863424360711, "gamma": 3.1378237379281146}, "datetime": {"datetime": "2021-06-18 17:10:55", "elapsed": 11657.663511, "delta": 20.428187}}
{"target": -9.57152161843728, "params": {"C": 223.9410915208164, "gamma": 0.23265432653266852}, "datetime": {"datetime": "2021-06-18 17:11:01", "elapsed": 11663.9324, "delta": 6.268889}}
{"target": -21.563080030395344, "params": {"C": 67649.19473371972, "gamma": 0.6569708073571986}, "datetime": {"datetime": "2021-06-18 17:11:09", "elapsed": 11672.083818, "delta": 8.151418}}
{"target": -9.668840046017433, "params": {"C": 34.52097577286999, "gamma": 1.019007257968768}, "datetime": {"datetime": "2021-06-18 17:11:29", "elapsed": 11691.684409, "delta": 19.600591}}
{"target": -9.669655322400057, "params": {"C": 211.1175980738717, "gamma": 0.30773871646472034}, "datetime": {"datetime": "2021-06-18 17:11:38", "elapsed": 11700.896503, "delta": 9.212094}}
{"target": -10.21549735910898, "params": {"C": 17.513923911528767, "gamma": 2.1329818303402672}, "datetime": {"datetime": "2021-06-18 17:11:49", "elapsed": 11711.837571, "delta": 10.941068}}
{"target": -25.208639099550407, "params": {"C": 301969.797807442, "gamma": 2.0542596527911736}, "datetime": {"datetime": "2021-06-18 17:11:55", "elapsed": 11718.254695, "delta": 6.417124}}
{"target": -10.45405779055085, "params": {"C": 115.60628130035943, "gamma": 1.7443319542067985}, "datetime": {"datetime": "2021-06-18 17:12:02", "elapsed": 11724.673698, "delta": 6.419003}}
{"target": -10.274587742374163, "params": {"C": 167.8623917961468, "gamma": 0.7914793041789012}, "datetime": {"datetime": "2021-06-18 17:12:15", "elapsed": 11737.966578, "delta": 13.29288}}
