{"target": -9.881919376053567, "params": {"C": 19.892962832209957, "gamma": 0.4964605756589223}, "datetime": {"datetime": "2021-06-21 08:46:09", "elapsed": 158.184685, "delta": 2.003611}}
{"target": -9.87443309104156, "params": {"C": 19.999999945578136, "gamma": 0.4999998345213484}, "datetime": {"datetime": "2021-06-21 08:46:10", "elapsed": 159.964268, "delta": 1.779583}}
{"target": -9.874432862722916, "params": {"C": 19.999991498102947, "gamma": 0.5}, "datetime": {"datetime": "2021-06-21 08:46:12", "elapsed": 161.580272, "delta": 1.616004}}
{"target": -9.874432862722916, "params": {"C": 19.999991498102947, "gamma": 0.5}, "datetime": {"datetime": "2021-06-21 08:46:14", "elapsed": 163.817809, "delta": 2.237537}}
{"target": -9.874432862722916, "params": {"C": 19.999991498102947, "gamma": 0.5}, "datetime": {"datetime": "2021-06-21 08:46:15", "elapsed": 164.982486, "delta": 1.164677}}
{"target": -9.874432862722916, "params": {"C": 19.999991498102947, "gamma": 0.5}, "datetime": {"datetime": "2021-06-21 08:46:17", "elapsed": 166.480488, "delta": 1.498002}}
{"target": -9.874432862722916, "params": {"C": 19.999991498102947, "gamma": 0.5}, "datetime": {"datetime": "2021-06-21 08:46:18", "elapsed": 167.533487, "delta": 1.052999}}
{"target": -9.874432862722916, "params": {"C": 19.999991498102947, "gamma": 0.5}, "datetime": {"datetime": "2021-06-21 08:46:20", "elapsed": 169.044282, "delta": 1.510795}}
{"target": -9.875314152470946, "params": {"C": 19.952823030443277, "gamma": 0.49975517418421367}, "datetime": {"datetime": "2021-06-21 08:46:21", "elapsed": 170.847891, "delta": 1.803609}}
{"target": -9.879686521999519, "params": {"C": 19.6911336979463, "gamma": 0.49867482810558766}, "datetime": {"datetime": "2021-06-21 08:46:23", "elapsed": 172.215888, "delta": 1.367997}}
{"target": -9.880878333097385, "params": {"C": 19.694835905079557, "gamma": 0.4980055746680941}, "datetime": {"datetime": "2021-06-21 08:46:24", "elapsed": 173.976555, "delta": 1.760667}}
{"target": -9.879054869172512, "params": {"C": 19.538513285001663, "gamma": 0.49978580436911596}, "datetime": {"datetime": "2021-06-21 08:46:27", "elapsed": 176.028277, "delta": 2.051722}}
{"target": -9.879054869172512, "params": {"C": 19.538513285001663, "gamma": 0.49978580436911596}, "datetime": {"datetime": "2021-06-21 08:46:28", "elapsed": 177.11327, "delta": 1.084993}}
{"target": -9.879054869172512, "params": {"C": 19.538513285001663, "gamma": 0.49978580436911596}, "datetime": {"datetime": "2021-06-21 08:46:29", "elapsed": 178.462964, "delta": 1.349694}}
{"target": -9.879054869172512, "params": {"C": 19.538513285001663, "gamma": 0.49978580436911596}, "datetime": {"datetime": "2021-06-21 08:46:31", "elapsed": 180.24057, "delta": 1.777606}}
{"target": -9.879054869172512, "params": {"C": 19.538513285001663, "gamma": 0.49978580436911596}, "datetime": {"datetime": "2021-06-21 08:46:33", "elapsed": 182.337544, "delta": 2.096974}}
{"target": -9.879054869172512, "params": {"C": 19.538513285001663, "gamma": 0.49978580436911596}, "datetime": {"datetime": "2021-06-21 08:46:35", "elapsed": 184.396105, "delta": 2.058561}}
{"target": -9.879054869172512, "params": {"C": 19.538513285001663, "gamma": 0.49978580436911596}, "datetime": {"datetime": "2021-06-21 08:46:36", "elapsed": 185.768949, "delta": 1.372844}}
{"target": -9.879054869172512, "params": {"C": 19.538513285001663, "gamma": 0.49978580436911596}, "datetime": {"datetime": "2021-06-21 08:46:38", "elapsed": 187.087987, "delta": 1.319038}}
{"target": -9.878654747994617, "params": {"C": 19.788474314943286, "gamma": 0.49875322219494317}, "datetime": {"datetime": "2021-06-21 08:46:39", "elapsed": 188.720565, "delta": 1.632578}}
{"target": -9.878150825209243, "params": {"C": 19.85199264720792, "gamma": 0.49871272208465545}, "datetime": {"datetime": "2021-06-21 08:46:41", "elapsed": 190.699359, "delta": 1.978794}}
{"target": -9.878150825209243, "params": {"C": 19.85199264720792, "gamma": 0.49871272208465545}, "datetime": {"datetime": "2021-06-21 08:46:43", "elapsed": 192.303362, "delta": 1.604003}}
{"target": -9.879078374402209, "params": {"C": 19.93049906653457, "gamma": 0.4978212963180745}, "datetime": {"datetime": "2021-06-21 08:46:45", "elapsed": 194.211954, "delta": 1.908592}}
{"target": -9.874432851784128, "params": {"C": 20.0, "gamma": 0.49999996394339086}, "datetime": {"datetime": "2021-06-21 08:46:46", "elapsed": 195.737744, "delta": 1.52579}}
{"target": -9.875925097940229, "params": {"C": 19.837118806023653, "gamma": 0.4999973310201323}, "datetime": {"datetime": "2021-06-21 08:46:48", "elapsed": 197.435745, "delta": 1.698001}}
{"target": -9.87893705125541, "params": {"C": 19.757729391710736, "gamma": 0.49875212539804575}, "datetime": {"datetime": "2021-06-21 08:46:50", "elapsed": 199.017348, "delta": 1.581603}}
{"target": -9.878446895926485, "params": {"C": 19.81140835632116, "gamma": 0.4987526321420736}, "datetime": {"datetime": "2021-06-21 08:46:51", "elapsed": 200.578994, "delta": 1.561646}}
{"target": -9.878432568280969, "params": {"C": 19.78958728977112, "gamma": 0.49886873713410707}, "datetime": {"datetime": "2021-06-21 08:46:53", "elapsed": 202.043996, "delta": 1.465002}}
{"target": -9.876312111753071, "params": {"C": 19.873592378331487, "gamma": 0.499605633195932}, "datetime": {"datetime": "2021-06-21 08:46:54", "elapsed": 203.942631, "delta": 1.898635}}
{"target": -9.880821264416012, "params": {"C": 19.596799138564133, "gamma": 0.4985259268241081}, "datetime": {"datetime": "2021-06-21 08:46:57", "elapsed": 206.011162, "delta": 2.068531}}
{"target": -9.880821264416012, "params": {"C": 19.596799138564133, "gamma": 0.4985259268241081}, "datetime": {"datetime": "2021-06-21 08:46:58", "elapsed": 207.51217, "delta": 1.501008}}
{"target": -9.878466949796543, "params": {"C": 19.881811631870235, "gamma": 0.49839339955119566}, "datetime": {"datetime": "2021-06-21 08:47:00", "elapsed": 209.521754, "delta": 2.009584}}
{"target": -9.879586569700773, "params": {"C": 19.523255893625873, "gamma": 0.4995715729357942}, "datetime": {"datetime": "2021-06-21 08:47:02", "elapsed": 210.997453, "delta": 1.475699}}
{"target": -9.877636731213872, "params": {"C": 19.78705480191835, "gamma": 0.4993148445803424}, "datetime": {"datetime": "2021-06-21 08:47:04", "elapsed": 213.203116, "delta": 2.205663}}
{"target": -9.874675822764335, "params": {"C": 19.988995555402635, "gamma": 0.4999226085425656}, "datetime": {"datetime": "2021-06-21 08:47:05", "elapsed": 214.874455, "delta": 1.671339}}
{"target": -9.875985509133573, "params": {"C": 19.995867920091893, "gamma": 0.4991785911467894}, "datetime": {"datetime": "2021-06-21 08:47:07", "elapsed": 216.480455, "delta": 1.606}}
{"target": -9.874433837918208, "params": {"C": 19.99999995657631, "gamma": 0.4999994296518491}, "datetime": {"datetime": "2021-06-21 08:47:09", "elapsed": 218.040776, "delta": 1.560321}}
{"target": -9.874433837918208, "params": {"C": 19.99999995657631, "gamma": 0.4999994296518491}, "datetime": {"datetime": "2021-06-21 08:47:10", "elapsed": 219.615419, "delta": 1.574643}}
{"target": -9.878486424153692, "params": {"C": 19.687976452962754, "gamma": 0.49934577883932435}, "datetime": {"datetime": "2021-06-21 08:47:12", "elapsed": 221.446387, "delta": 1.830968}}
{"target": -9.878486424153692, "params": {"C": 19.687976452962754, "gamma": 0.49934577883932435}, "datetime": {"datetime": "2021-06-21 08:47:13", "elapsed": 222.591383, "delta": 1.144996}}
{"target": -9.880266405645878, "params": {"C": 19.55339929378538, "gamma": 0.49904739715323876}, "datetime": {"datetime": "2021-06-21 08:47:15", "elapsed": 224.05299, "delta": 1.461607}}
{"target": -9.880266405645878, "params": {"C": 19.55339929378538, "gamma": 0.49904739715323876}, "datetime": {"datetime": "2021-06-21 08:47:16", "elapsed": 225.319994, "delta": 1.267004}}
{"target": -9.87774682840801, "params": {"C": 19.71858641767726, "gamma": 0.49959630845167047}, "datetime": {"datetime": "2021-06-21 08:47:17", "elapsed": 226.950989, "delta": 1.630995}}
{"target": -9.877321181321381, "params": {"C": 19.84972231176574, "gamma": 0.4991753122523405}, "datetime": {"datetime": "2021-06-21 08:47:19", "elapsed": 228.79067, "delta": 1.839681}}
{"target": -9.877152690498695, "params": {"C": 19.90255958001995, "gamma": 0.49900534072381736}, "datetime": {"datetime": "2021-06-21 08:47:22", "elapsed": 231.082858, "delta": 2.292188}}
{"target": -9.877152690498695, "params": {"C": 19.90255958001995, "gamma": 0.49900534072381736}, "datetime": {"datetime": "2021-06-21 08:47:23", "elapsed": 232.202858, "delta": 1.12}}
{"target": -9.877152690498695, "params": {"C": 19.90255958001995, "gamma": 0.49900534072381736}, "datetime": {"datetime": "2021-06-21 08:47:25", "elapsed": 234.239531, "delta": 2.036673}}
{"target": -9.879597229888553, "params": {"C": 19.859031880904205, "gamma": 0.4978909221974046}, "datetime": {"datetime": "2021-06-21 08:47:27", "elapsed": 236.682361, "delta": 2.44283}}
{"target": -9.874960268376704, "params": {"C": 19.94752854967951, "gamma": 0.4999733995327411}, "datetime": {"datetime": "2021-06-21 08:47:30", "elapsed": 239.38926, "delta": 2.706899}}
{"target": -9.874960268376704, "params": {"C": 19.94752854967951, "gamma": 0.4999733995327411}, "datetime": {"datetime": "2021-06-21 08:47:31", "elapsed": 240.899262, "delta": 1.510002}}
{"target": -9.874960268376704, "params": {"C": 19.94752854967951, "gamma": 0.4999733995327411}, "datetime": {"datetime": "2021-06-21 08:47:33", "elapsed": 242.072257, "delta": 1.172995}}
{"target": -9.874960268376704, "params": {"C": 19.94752854967951, "gamma": 0.4999733995327411}, "datetime": {"datetime": "2021-06-21 08:47:35", "elapsed": 243.99857, "delta": 1.926313}}
{"target": -9.874960268376704, "params": {"C": 19.94752854967951, "gamma": 0.4999733995327411}, "datetime": {"datetime": "2021-06-21 08:47:37", "elapsed": 246.672178, "delta": 2.673608}}
{"target": -9.87443283019949, "params": {"C": 19.999999952697884, "gamma": 0.49999997586971234}, "datetime": {"datetime": "2021-06-21 08:47:40", "elapsed": 249.651435, "delta": 2.979257}}
{"target": -9.876876359529117, "params": {"C": 19.919846960311972, "gamma": 0.49907004490535406}, "datetime": {"datetime": "2021-06-21 08:47:42", "elapsed": 251.622434, "delta": 1.970999}}
{"target": -9.877319142913944, "params": {"C": 19.805447993181865, "gamma": 0.4993962893086977}, "datetime": {"datetime": "2021-06-21 08:47:44", "elapsed": 253.760102, "delta": 2.137668}}
{"target": -9.874432892163915, "params": {"C": 19.99999149698599, "gamma": 0.4999999840473999}, "datetime": {"datetime": "2021-06-21 08:47:46", "elapsed": 255.834708, "delta": 2.074606}}
{"target": -9.878575393917835, "params": {"C": 19.838763276848056, "gamma": 0.4985471579842333}, "datetime": {"datetime": "2021-06-21 08:47:48", "elapsed": 257.937356, "delta": 2.102648}}
{"target": -9.877658482408421, "params": {"C": 19.889191420334555, "gamma": 0.49879651285518234}, "datetime": {"datetime": "2021-06-21 08:47:51", "elapsed": 260.314768, "delta": 2.377412}}
{"target": -9.877658482408421, "params": {"C": 19.889191420334555, "gamma": 0.49879651285518234}, "datetime": {"datetime": "2021-06-21 08:47:52", "elapsed": 261.720769, "delta": 1.406001}}
{"target": -9.875896743955865, "params": {"C": 19.947319906310124, "gamma": 0.4994662114169674}, "datetime": {"datetime": "2021-06-21 08:47:54", "elapsed": 263.576486, "delta": 1.855717}}
{"target": -9.877026194499066, "params": {"C": 19.787453154458184, "gamma": 0.4996453880511033}, "datetime": {"datetime": "2021-06-21 08:47:56", "elapsed": 265.434183, "delta": 1.857697}}
{"target": -9.877026194499066, "params": {"C": 19.787453154458184, "gamma": 0.4996453880511033}, "datetime": {"datetime": "2021-06-21 08:47:57", "elapsed": 266.747223, "delta": 1.31304}}
{"target": -9.87815744340758, "params": {"C": 19.680887322855256, "gamma": 0.4995608391700153}, "datetime": {"datetime": "2021-06-21 08:47:59", "elapsed": 268.388785, "delta": 1.641562}}
{"target": -9.87815744340758, "params": {"C": 19.680887322855256, "gamma": 0.4995608391700153}, "datetime": {"datetime": "2021-06-21 08:48:01", "elapsed": 270.083437, "delta": 1.694652}}
{"target": -9.878160172358056, "params": {"C": 19.87364950045854, "gamma": 0.49860053839545576}, "datetime": {"datetime": "2021-06-21 08:48:03", "elapsed": 272.034408, "delta": 1.950971}}
{"target": -9.878160172358056, "params": {"C": 19.87364950045854, "gamma": 0.49860053839545576}, "datetime": {"datetime": "2021-06-21 08:48:04", "elapsed": 273.519993, "delta": 1.485585}}
{"target": -9.875799201330818, "params": {"C": 19.877909646494835, "gamma": 0.4998629893948553}, "datetime": {"datetime": "2021-06-21 08:48:06", "elapsed": 275.920634, "delta": 2.400641}}
{"target": -9.876237476756156, "params": {"C": 19.97914685768173, "gamma": 0.4991242931679452}, "datetime": {"datetime": "2021-06-21 08:48:09", "elapsed": 278.447621, "delta": 2.526987}}
{"target": -9.878462648204621, "params": {"C": 19.956612782468596, "gamma": 0.49802747460314073}, "datetime": {"datetime": "2021-06-21 08:48:11", "elapsed": 280.11422, "delta": 1.666599}}
{"target": -9.877586463445912, "params": {"C": 19.85109832873566, "gamma": 0.4990241812358207}, "datetime": {"datetime": "2021-06-21 08:48:13", "elapsed": 282.264822, "delta": 2.150602}}
{"target": -9.878613941961447, "params": {"C": 19.86100496174147, "gamma": 0.4984161987941219}, "datetime": {"datetime": "2021-06-21 08:48:16", "elapsed": 285.025813, "delta": 2.760991}}
{"target": -9.878613941961447, "params": {"C": 19.86100496174147, "gamma": 0.4984161987941219}, "datetime": {"datetime": "2021-06-21 08:48:17", "elapsed": 286.853818, "delta": 1.828005}}
{"target": -9.879726998187623, "params": {"C": 19.700699292913367, "gamma": 0.4986050464849049}, "datetime": {"datetime": "2021-06-21 08:48:19", "elapsed": 288.933393, "delta": 2.079575}}
{"target": -9.876797018603835, "params": {"C": 19.955903741203993, "gamma": 0.49893521107629857}, "datetime": {"datetime": "2021-06-21 08:48:21", "elapsed": 290.975091, "delta": 2.041698}}
{"target": -9.876689296067159, "params": {"C": 19.960988971675015, "gamma": 0.49896861494426403}, "datetime": {"datetime": "2021-06-21 08:48:25", "elapsed": 294.271091, "delta": 3.296}}
{"target": -9.876689296067159, "params": {"C": 19.960988971675015, "gamma": 0.49896861494426403}, "datetime": {"datetime": "2021-06-21 08:48:27", "elapsed": 296.098089, "delta": 1.826998}}
{"target": -9.878682351598593, "params": {"C": 19.98665825701725, "gamma": 0.4977608435593141}, "datetime": {"datetime": "2021-06-21 08:48:28", "elapsed": 297.797804, "delta": 1.699715}}
{"target": -9.878984276846317, "params": {"C": 19.993061786409548, "gamma": 0.4975656395721308}, "datetime": {"datetime": "2021-06-21 08:48:30", "elapsed": 299.980801, "delta": 2.182997}}
{"target": -9.878910564598478, "params": {"C": 19.98383620406242, "gamma": 0.49765080630103997}, "datetime": {"datetime": "2021-06-21 08:48:32", "elapsed": 301.943816, "delta": 1.963015}}
{"target": -9.878164496427198, "params": {"C": 19.93554204650487, "gamma": 0.49829297841503667}, "datetime": {"datetime": "2021-06-21 08:48:35", "elapsed": 304.187108, "delta": 2.243292}}
{"target": -9.876038750243723, "params": {"C": 19.99251156889971, "gamma": 0.49916624743030963}, "datetime": {"datetime": "2021-06-21 08:48:37", "elapsed": 306.872109, "delta": 2.685001}}
{"target": -9.875502117596257, "params": {"C": 19.910086916495615, "gamma": 0.49986474415388327}, "datetime": {"datetime": "2021-06-21 08:48:40", "elapsed": 309.208794, "delta": 2.336685}}
{"target": -9.880208163227664, "params": {"C": 19.783012844210248, "gamma": 0.4979337617836044}, "datetime": {"datetime": "2021-06-21 08:48:42", "elapsed": 311.883797, "delta": 2.675003}}
{"target": -9.87826396637807, "params": {"C": 19.838046872627622, "gamma": 0.4987201978906096}, "datetime": {"datetime": "2021-06-21 08:48:45", "elapsed": 314.032456, "delta": 2.148659}}
{"target": -9.876987197765967, "params": {"C": 19.962038451049864, "gamma": 0.49880176550376265}, "datetime": {"datetime": "2021-06-21 08:48:47", "elapsed": 316.357457, "delta": 2.325001}}
{"target": -9.876571026382459, "params": {"C": 19.987948118075685, "gamma": 0.4989000284090832}, "datetime": {"datetime": "2021-06-21 08:48:49", "elapsed": 318.759832, "delta": 2.402375}}
{"target": -9.877132788221948, "params": {"C": 19.779820446510406, "gamma": 0.49962536876042346}, "datetime": {"datetime": "2021-06-21 08:48:51", "elapsed": 320.779835, "delta": 2.020003}}
{"target": -9.876652580646429, "params": {"C": 19.919184875681154, "gamma": 0.4991948644538181}, "datetime": {"datetime": "2021-06-21 08:48:53", "elapsed": 322.552833, "delta": 1.772998}}
{"target": -9.877737417285944, "params": {"C": 19.68471094846019, "gamma": 0.49977096315032205}, "datetime": {"datetime": "2021-06-21 08:48:55", "elapsed": 324.506458, "delta": 1.953625}}
{"target": -9.877737417285944, "params": {"C": 19.68471094846019, "gamma": 0.49977096315032205}, "datetime": {"datetime": "2021-06-21 08:48:56", "elapsed": 325.914457, "delta": 1.407999}}
{"target": -9.878786544605294, "params": {"C": 19.915294862979895, "gamma": 0.49805464036529346}, "datetime": {"datetime": "2021-06-21 08:48:58", "elapsed": 327.808102, "delta": 1.893645}}
{"target": -9.878786544605294, "params": {"C": 19.915294862979895, "gamma": 0.49805464036529346}, "datetime": {"datetime": "2021-06-21 08:49:01", "elapsed": 330.332587, "delta": 2.524485}}
{"target": -9.878329295486923, "params": {"C": 19.690313270925067, "gamma": 0.499419860793952}, "datetime": {"datetime": "2021-06-21 08:49:03", "elapsed": 332.951216, "delta": 2.618629}}
{"target": -9.876261275596187, "params": {"C": 19.832051966258824, "gamma": 0.49983967463276663}, "datetime": {"datetime": "2021-06-21 08:49:06", "elapsed": 335.42143, "delta": 2.470214}}
{"target": -9.878967204811548, "params": {"C": 19.51652286902293, "gamma": 0.4999448788027137}, "datetime": {"datetime": "2021-06-21 08:49:09", "elapsed": 338.17701, "delta": 2.75558}}
{"target": -9.878967204811548, "params": {"C": 19.51652286902293, "gamma": 0.4999448788027137}, "datetime": {"datetime": "2021-06-21 08:49:11", "elapsed": 340.055729, "delta": 1.878719}}
{"target": -9.878047551025475, "params": {"C": 19.61416093008699, "gamma": 0.49995575874993714}, "datetime": {"datetime": "2021-06-21 08:49:13", "elapsed": 342.659725, "delta": 2.603996}}
{"target": -9.880425925399168, "params": {"C": 19.96181642643004, "gamma": 0.49693572343926434}, "datetime": {"datetime": "2021-06-21 08:49:15", "elapsed": 344.662334, "delta": 2.002609}}
{"target": -9.877037029540366, "params": {"C": 19.83804557948148, "gamma": 0.4993878372844277}, "datetime": {"datetime": "2021-06-21 08:49:17", "elapsed": 346.470332, "delta": 1.807998}}
{"target": -9.87560638308683, "params": {"C": 19.91096742295114, "gamma": 0.49980375288787215}, "datetime": {"datetime": "2021-06-21 08:49:19", "elapsed": 348.838992, "delta": 2.36866}}
{"target": -9.876580213596812, "params": {"C": 19.833164978506442, "gamma": 0.4996606232542127}, "datetime": {"datetime": "2021-06-21 08:49:22", "elapsed": 351.037846, "delta": 2.198854}}
{"target": -9.876565877403785, "params": {"C": 19.89431051937997, "gamma": 0.4993650231756657}, "datetime": {"datetime": "2021-06-21 08:49:23", "elapsed": 352.784435, "delta": 1.746589}}
{"target": -9.877917992504937, "params": {"C": 19.890897255453716, "gamma": 0.4986470135761757}, "datetime": {"datetime": "2021-06-21 08:49:26", "elapsed": 355.209083, "delta": 2.424648}}
{"target": -9.877989171234388, "params": {"C": 19.621722057321453, "gamma": 0.49994963549165844}, "datetime": {"datetime": "2021-06-21 08:49:29", "elapsed": 358.716279, "delta": 3.507196}}
{"target": -9.877837685524424, "params": {"C": 19.768570923944978, "gamma": 0.4992973833977463}, "datetime": {"datetime": "2021-06-21 08:49:32", "elapsed": 361.37788, "delta": 2.661601}}
{"target": -9.878025155028368, "params": {"C": 19.77740942954706, "gamma": 0.49915123753368623}, "datetime": {"datetime": "2021-06-21 08:49:35", "elapsed": 364.413703, "delta": 3.035823}}
{"target": -9.875952192101575, "params": {"C": 19.94849207085518, "gamma": 0.49943032562899065}, "datetime": {"datetime": "2021-06-21 08:49:37", "elapsed": 366.425331, "delta": 2.011628}}
{"target": -9.882090397788028, "params": {"C": 19.7584398483246, "gamma": 0.497028759661858}, "datetime": {"datetime": "2021-06-21 08:49:40", "elapsed": 369.390924, "delta": 2.965593}}
{"target": -9.875568622709842, "params": {"C": 19.88551385590826, "gamma": 0.49995053411347695}, "datetime": {"datetime": "2021-06-21 08:49:42", "elapsed": 371.843741, "delta": 2.452817}}
{"target": -9.875445460376111, "params": {"C": 19.997653031969477, "gamma": 0.4994626171612194}, "datetime": {"datetime": "2021-06-21 08:49:45", "elapsed": 374.395739, "delta": 2.551998}}
{"target": -9.875445460376111, "params": {"C": 19.997653031969477, "gamma": 0.4994626171612194}, "datetime": {"datetime": "2021-06-21 08:49:47", "elapsed": 376.55541, "delta": 2.159671}}
{"target": -9.876232609246625, "params": {"C": 19.960243376447483, "gamma": 0.4992201294388632}, "datetime": {"datetime": "2021-06-21 08:49:50", "elapsed": 379.347015, "delta": 2.791605}}
{"target": -9.874646604591888, "params": {"C": 19.988533277930188, "gamma": 0.49994073333719546}, "datetime": {"datetime": "2021-06-21 08:49:53", "elapsed": 382.194937, "delta": 2.847922}}
{"target": -9.874646604591888, "params": {"C": 19.988533277930188, "gamma": 0.49994073333719546}, "datetime": {"datetime": "2021-06-21 08:49:55", "elapsed": 384.067527, "delta": 1.87259}}
{"target": -9.874646604591888, "params": {"C": 19.988533277930188, "gamma": 0.49994073333719546}, "datetime": {"datetime": "2021-06-21 08:49:56", "elapsed": 385.896269, "delta": 1.828742}}
{"target": -9.874435694140736, "params": {"C": 19.999999911867942, "gamma": 0.4999984237701153}, "datetime": {"datetime": "2021-06-21 08:50:00", "elapsed": 389.183957, "delta": 3.287688}}
