{"target": -10.373237221426196, "params": {"C": 6.415736996688038, "gamma": 0.222417743595592}, "datetime": {"datetime": "2021-06-20 13:18:25", "elapsed": 5082.879945, "delta": 11.682572}}
{"target": -10.374836241556967, "params": {"C": 6.312772333068579, "gamma": 0.22593445556683028}, "datetime": {"datetime": "2021-06-20 13:18:42", "elapsed": 5100.550907, "delta": 17.670962}}
{"target": -12.479212619905528, "params": {"C": 7.888380270797481, "gamma": 2.686001357082573}, "datetime": {"datetime": "2021-06-20 13:19:06", "elapsed": 5124.56777, "delta": 24.016863}}
{"target": -11.625466784700835, "params": {"C": 7.360197624714239, "gamma": 1.1514865892960866}, "datetime": {"datetime": "2021-06-20 13:19:15", "elapsed": 5132.824287, "delta": 8.256517}}
{"target": -10.334004135845996, "params": {"C": 8.483588538733265, "gamma": 0.2573673625793553}, "datetime": {"datetime": "2021-06-20 13:19:36", "elapsed": 5154.612412, "delta": 21.788125}}
{"target": -10.334934751133583, "params": {"C": 8.842336772791002, "gamma": 0.2034941458473193}, "datetime": {"datetime": "2021-06-20 13:19:57", "elapsed": 5174.992096, "delta": 20.379684}}
{"target": -10.373665528868672, "params": {"C": 6.901314038881971, "gamma": 0.30074194770471}, "datetime": {"datetime": "2021-06-20 13:20:14", "elapsed": 5191.936906, "delta": 16.94481}}
{"target": -10.384069255137549, "params": {"C": 7.013923035410165, "gamma": 0.31764641263327864}, "datetime": {"datetime": "2021-06-20 13:20:48", "elapsed": 5226.534712, "delta": 34.597806}}
{"target": -10.369849836101938, "params": {"C": 9.63918995716655, "gamma": 0.16504806836098437}, "datetime": {"datetime": "2021-06-20 13:21:04", "elapsed": 5241.866914, "delta": 15.332202}}
{"target": -10.483904431680955, "params": {"C": 3.7513758673604034, "gamma": 0.31699578236422654}, "datetime": {"datetime": "2021-06-20 13:21:13", "elapsed": 5250.949467, "delta": 9.082553}}
{"target": -10.3368211669707, "params": {"C": 8.234395458053859, "gamma": 0.24896266859343874}, "datetime": {"datetime": "2021-06-20 13:21:30", "elapsed": 5267.895196, "delta": 16.945729}}
{"target": -10.547392688507413, "params": {"C": 3.5203995831866415, "gamma": 0.441922998663854}, "datetime": {"datetime": "2021-06-20 13:21:54", "elapsed": 5292.764463, "delta": 24.869267}}
{"target": -16.139641121186123, "params": {"C": 4.245328611692093, "gamma": 9.097032697748705}, "datetime": {"datetime": "2021-06-20 13:22:09", "elapsed": 5306.895127, "delta": 14.130664}}
{"target": -10.378483796537028, "params": {"C": 9.848817724411761, "gamma": 0.1588588814351059}, "datetime": {"datetime": "2021-06-20 13:22:23", "elapsed": 5320.956162, "delta": 14.061035}}
{"target": -10.397793555387548, "params": {"C": 6.028667447917137, "gamma": 0.3194122231114647}, "datetime": {"datetime": "2021-06-20 13:22:36", "elapsed": 5334.508201, "delta": 13.552039}}
{"target": -10.743091528560225, "params": {"C": 2.288623011155939, "gamma": 0.5864213863150263}, "datetime": {"datetime": "2021-06-20 13:22:53", "elapsed": 5351.416936, "delta": 16.908735}}
{"target": -10.365279470441862, "params": {"C": 6.780820956028135, "gamma": 0.26875540086187055}, "datetime": {"datetime": "2021-06-20 13:23:13", "elapsed": 5371.012942, "delta": 19.596006}}
{"target": -10.361359591940289, "params": {"C": 6.8495036813856345, "gamma": 0.2577988477658291}, "datetime": {"datetime": "2021-06-20 13:23:41", "elapsed": 5399.583414, "delta": 28.570472}}
{"target": -10.44065064768659, "params": {"C": 6.130939524640009, "gamma": 0.375540975973029}, "datetime": {"datetime": "2021-06-20 13:24:03", "elapsed": 5421.680873, "delta": 22.097459}}
{"target": -10.595553165216753, "params": {"C": 10.0, "gamma": 0.41803753706379704}, "datetime": {"datetime": "2021-06-20 13:24:28", "elapsed": 5446.124792, "delta": 24.443919}}
{"target": -10.333854404087102, "params": {"C": 9.062830396429083, "gamma": 0.20003313610966228}, "datetime": {"datetime": "2021-06-20 13:24:47", "elapsed": 5465.344793, "delta": 19.220001}}
{"target": -10.326876745894396, "params": {"C": 9.407486769517636, "gamma": 0.2667895202048192}, "datetime": {"datetime": "2021-06-20 13:25:09", "elapsed": 5487.472856, "delta": 22.128063}}
{"target": -10.467184169386092, "params": {"C": 4.817354586157928, "gamma": 0.38801314900867767}, "datetime": {"datetime": "2021-06-20 13:25:31", "elapsed": 5509.009967, "delta": 21.537111}}
{"target": -10.365758986947787, "params": {"C": 6.728880491482325, "gamma": 0.22098388611060943}, "datetime": {"datetime": "2021-06-20 13:25:51", "elapsed": 5529.008513, "delta": 19.998546}}
{"target": -10.408290199306396, "params": {"C": 9.95224496634018, "gamma": 0.3488009559626702}, "datetime": {"datetime": "2021-06-20 13:26:09", "elapsed": 5547.042599, "delta": 18.034086}}
{"target": -10.397666458751207, "params": {"C": 8.508394466252552, "gamma": 0.3483038030092715}, "datetime": {"datetime": "2021-06-20 13:26:24", "elapsed": 5562.090215, "delta": 15.047616}}
{"target": -10.372991012814426, "params": {"C": 6.242460531155746, "gamma": 0.2531156223891256}, "datetime": {"datetime": "2021-06-20 13:26:38", "elapsed": 5576.419788, "delta": 14.329573}}
{"target": -10.427123674932798, "params": {"C": 4.612417180734548, "gamma": 0.27614153513476125}, "datetime": {"datetime": "2021-06-20 13:26:46", "elapsed": 5584.333575, "delta": 7.913787}}
{"target": -10.31098651434877, "params": {"C": 9.995519870178544, "gamma": 0.21854959798922133}, "datetime": {"datetime": "2021-06-20 13:27:00", "elapsed": 5598.225903, "delta": 13.892328}}
{"target": -10.34008382663697, "params": {"C": 8.323290264934936, "gamma": 0.21218619381525838}, "datetime": {"datetime": "2021-06-20 13:27:15", "elapsed": 5613.391444, "delta": 15.165541}}
{"target": -10.353140538942698, "params": {"C": 7.20495918843681, "gamma": 0.24707487388543037}, "datetime": {"datetime": "2021-06-20 13:27:27", "elapsed": 5625.24667, "delta": 11.855226}}
{"target": -10.481675007414966, "params": {"C": 3.8499613320207575, "gamma": 0.28993016309712843}, "datetime": {"datetime": "2021-06-20 13:27:40", "elapsed": 5638.748884, "delta": 13.502214}}
{"target": -10.488456332630678, "params": {"C": 5.4608907107438185, "gamma": 0.1829838125475904}, "datetime": {"datetime": "2021-06-20 13:27:52", "elapsed": 5650.467475, "delta": 11.718591}}
{"target": -13.886707483316096, "params": {"C": 8.814447702827657, "gamma": 4.851152064184426}, "datetime": {"datetime": "2021-06-20 13:28:00", "elapsed": 5658.101782, "delta": 7.634307}}
{"target": -10.393074561496054, "params": {"C": 5.410291027912197, "gamma": 0.2697644997035956}, "datetime": {"datetime": "2021-06-20 13:28:20", "elapsed": 5678.341897, "delta": 20.240115}}
{"target": -28.02946580699224, "params": {"C": 0.001, "gamma": 0.7095243103259221}, "datetime": {"datetime": "2021-06-20 13:28:37", "elapsed": 5695.508751, "delta": 17.166854}}
{"target": -12.650742893324466, "params": {"C": 0.17779933800117126, "gamma": 1.1714678426361}, "datetime": {"datetime": "2021-06-20 13:28:45", "elapsed": 5703.277534, "delta": 7.768783}}
{"target": -11.725820924264399, "params": {"C": 0.3594440538384893, "gamma": 0.43852151257156124}, "datetime": {"datetime": "2021-06-20 13:28:56", "elapsed": 5714.492756, "delta": 11.215222}}
{"target": -15.66241216842656, "params": {"C": 8.618559871405445, "gamma": 7.860658413025182}, "datetime": {"datetime": "2021-06-20 13:29:09", "elapsed": 5727.185976, "delta": 12.69322}}
{"target": -15.065492621192325, "params": {"C": 1.4224688436208082, "gamma": 7.502049465028719}, "datetime": {"datetime": "2021-06-20 13:29:26", "elapsed": 5744.656045, "delta": 17.470069}}
{"target": -11.701508485801522, "params": {"C": 1.0921700172892592, "gamma": 1.2885669534345456}, "datetime": {"datetime": "2021-06-20 13:29:42", "elapsed": 5760.465012, "delta": 15.808967}}
{"target": -11.986819747496783, "params": {"C": 5.510098773566406, "gamma": 1.8181015803354044}, "datetime": {"datetime": "2021-06-20 13:29:58", "elapsed": 5775.893778, "delta": 15.428766}}
{"target": -10.817196137277323, "params": {"C": 5.880328110526267, "gamma": 0.5865792260062842}, "datetime": {"datetime": "2021-06-20 13:30:11", "elapsed": 5789.505039, "delta": 13.611261}}
{"target": -12.822284055246296, "params": {"C": 8.993694936477016, "gamma": 3.2425456081928257}, "datetime": {"datetime": "2021-06-20 13:30:44", "elapsed": 5821.977823, "delta": 32.472784}}
{"target": -12.394465944720512, "params": {"C": 7.551433785822357, "gamma": 2.495979280208141}, "datetime": {"datetime": "2021-06-20 13:30:59", "elapsed": 5836.928171, "delta": 14.950348}}
{"target": -10.3955026674101, "params": {"C": 5.440642316231243, "gamma": 0.2825176193230601}, "datetime": {"datetime": "2021-06-20 13:31:07", "elapsed": 5845.30212, "delta": 8.373949}}
{"target": -11.169007618771316, "params": {"C": 1.599155638099224, "gamma": 0.8334552456143951}, "datetime": {"datetime": "2021-06-20 13:31:32", "elapsed": 5870.362759, "delta": 25.060639}}
{"target": -13.245544702110596, "params": {"C": 9.118844396499311, "gamma": 3.8386125516472}, "datetime": {"datetime": "2021-06-20 13:31:41", "elapsed": 5879.119047, "delta": 8.756288}}
{"target": -12.733582295833068, "params": {"C": 0.35574957559001275, "gamma": 2.330890253001264}, "datetime": {"datetime": "2021-06-20 13:31:57", "elapsed": 5895.660707, "delta": 16.54166}}
{"target": -11.282136297206712, "params": {"C": 2.414105563788876, "gamma": 0.924591878775397}, "datetime": {"datetime": "2021-06-20 13:32:12", "elapsed": 5910.716242, "delta": 15.055535}}
{"target": -13.655842339109373, "params": {"C": 7.613771439786475, "gamma": 4.662558367301806}, "datetime": {"datetime": "2021-06-20 13:32:22", "elapsed": 5920.311173, "delta": 9.594931}}
{"target": -15.236033906462703, "params": {"C": 1.890812654808834, "gamma": 7.794969057048892}, "datetime": {"datetime": "2021-06-20 13:32:29", "elapsed": 5926.860614, "delta": 6.549441}}
{"target": -12.205068638165317, "params": {"C": 9.560727004605837, "gamma": 2.0584092944218626}, "datetime": {"datetime": "2021-06-20 13:32:44", "elapsed": 5942.444585, "delta": 15.583971}}
{"target": -11.79998960693265, "params": {"C": 4.512024637950014, "gamma": 1.5249739470613701}, "datetime": {"datetime": "2021-06-20 13:33:00", "elapsed": 5958.385179, "delta": 15.940594}}
{"target": -10.38767638083171, "params": {"C": 5.7620905845414985, "gamma": 0.23485943383604801}, "datetime": {"datetime": "2021-06-20 13:33:23", "elapsed": 5981.150934, "delta": 22.765755}}
{"target": -12.62123902704137, "params": {"C": 5.359228809068319, "gamma": 3.158038735292447}, "datetime": {"datetime": "2021-06-20 13:33:44", "elapsed": 6002.068205, "delta": 20.917271}}
{"target": -12.169491887853649, "params": {"C": 2.7840269373370363, "gamma": 2.223710811654021}, "datetime": {"datetime": "2021-06-20 13:33:54", "elapsed": 6012.336461, "delta": 10.268256}}
{"target": -10.38855334806962, "params": {"C": 7.320936489153472, "gamma": 0.32727320963482714}, "datetime": {"datetime": "2021-06-20 13:34:12", "elapsed": 6030.630561, "delta": 18.2941}}
{"target": -12.337363445012, "params": {"C": 10.0, "gamma": 2.3110398498967637}, "datetime": {"datetime": "2021-06-20 13:34:29", "elapsed": 6047.062791, "delta": 16.43223}}
{"target": -12.617063562174003, "params": {"C": 1.1550544559170277, "gamma": 3.3010517864289404}, "datetime": {"datetime": "2021-06-20 13:34:43", "elapsed": 6061.267588, "delta": 14.204797}}
{"target": -12.32960058468018, "params": {"C": 8.669245785693438, "gamma": 2.3240533284820453}, "datetime": {"datetime": "2021-06-20 13:35:05", "elapsed": 6083.599281, "delta": 22.331693}}
{"target": -10.824722145096882, "params": {"C": 4.985804303485012, "gamma": 0.6093956796580257}, "datetime": {"datetime": "2021-06-20 13:35:35", "elapsed": 6113.065359, "delta": 29.466078}}
{"target": -11.079304249960133, "params": {"C": 5.377561032277041, "gamma": 0.710883796917025}, "datetime": {"datetime": "2021-06-20 13:35:53", "elapsed": 6130.993563, "delta": 17.928204}}
{"target": -11.920588400337904, "params": {"C": 2.7209054365241534, "gamma": 1.7202886479902448}, "datetime": {"datetime": "2021-06-20 13:36:08", "elapsed": 6146.162658, "delta": 15.169095}}
{"target": -12.21662476403157, "params": {"C": 4.77892409611893, "gamma": 2.2406297368247787}, "datetime": {"datetime": "2021-06-20 13:36:26", "elapsed": 6164.021507, "delta": 17.858849}}
{"target": -10.396494512075511, "params": {"C": 8.651306386655492, "gamma": 0.34773305894040063}, "datetime": {"datetime": "2021-06-20 13:36:52", "elapsed": 6190.325458, "delta": 26.303951}}
{"target": -11.57718881853608, "params": {"C": 1.9758222970618353, "gamma": 1.243515520776451}, "datetime": {"datetime": "2021-06-20 13:37:29", "elapsed": 6227.417271, "delta": 37.091813}}
{"target": -11.071622907035847, "params": {"C": 9.875984035624706, "gamma": 0.6485684363780214}, "datetime": {"datetime": "2021-06-20 13:37:49", "elapsed": 6246.860328, "delta": 19.443057}}
{"target": -10.736932159711564, "params": {"C": 2.0196338868719494, "gamma": 0.47080275882702033}, "datetime": {"datetime": "2021-06-20 13:38:04", "elapsed": 6261.952144, "delta": 15.091816}}
{"target": -11.866248162344224, "params": {"C": 0.9747701198991701, "gamma": 1.5255046515292812}, "datetime": {"datetime": "2021-06-20 13:38:23", "elapsed": 6281.600685, "delta": 19.648541}}
{"target": -10.54986233203067, "params": {"C": 3.0502334225067265, "gamma": 0.3511193069176122}, "datetime": {"datetime": "2021-06-20 13:38:46", "elapsed": 6303.946592, "delta": 22.345907}}
{"target": -10.349421562434653, "params": {"C": 8.927172319144807, "gamma": 0.29481358501581406}, "datetime": {"datetime": "2021-06-20 13:38:59", "elapsed": 6317.317923, "delta": 13.371331}}
{"target": -10.361065117974508, "params": {"C": 6.949089644726961, "gamma": 0.2639995915915834}, "datetime": {"datetime": "2021-06-20 13:39:16", "elapsed": 6333.848853, "delta": 16.53093}}
{"target": -10.386049301448503, "params": {"C": 5.948771474802334, "gamma": 0.2846911608626021}, "datetime": {"datetime": "2021-06-20 13:39:35", "elapsed": 6353.40475, "delta": 19.555897}}
{"target": -10.348957416307114, "params": {"C": 7.750826462851956, "gamma": 0.21449623631812365}, "datetime": {"datetime": "2021-06-20 13:39:50", "elapsed": 6368.591969, "delta": 15.187219}}
{"target": -10.393696560942086, "params": {"C": 8.388439803360974, "gamma": 0.3442236757475701}, "datetime": {"datetime": "2021-06-20 13:40:20", "elapsed": 6397.861623, "delta": 29.269654}}
{"target": -12.684406683403058, "params": {"C": 3.1254553826998612, "gamma": 3.4659430760905137}, "datetime": {"datetime": "2021-06-20 13:40:35", "elapsed": 6413.740696, "delta": 15.879073}}
{"target": -10.331559979612194, "params": {"C": 9.037403051173062, "gamma": 0.26909549223400453}, "datetime": {"datetime": "2021-06-20 13:41:06", "elapsed": 6443.86976, "delta": 30.129064}}
{"target": -10.483742340191991, "params": {"C": 4.734503394680838, "gamma": 0.40487808552026255}, "datetime": {"datetime": "2021-06-20 13:41:19", "elapsed": 6457.244833, "delta": 13.375073}}
{"target": -10.431986943970138, "params": {"C": 5.108574200803208, "gamma": 0.34753273045978994}, "datetime": {"datetime": "2021-06-20 13:41:42", "elapsed": 6480.690745, "delta": 23.445912}}
{"target": -10.437155110646632, "params": {"C": 5.731802258217183, "gamma": 0.36620920584120725}, "datetime": {"datetime": "2021-06-20 13:41:55", "elapsed": 6493.15294, "delta": 12.462195}}
{"target": -10.585253013146737, "params": {"C": 2.7861040145501192, "gamma": 0.3075341375224677}, "datetime": {"datetime": "2021-06-20 13:42:17", "elapsed": 6515.113079, "delta": 21.960139}}
{"target": -10.334621974936287, "params": {"C": 8.82531936333069, "gamma": 0.27047079197813845}, "datetime": {"datetime": "2021-06-20 13:42:31", "elapsed": 6529.293893, "delta": 14.180814}}
{"target": -10.332695726113112, "params": {"C": 9.22631434947541, "gamma": 0.19813440507087807}, "datetime": {"datetime": "2021-06-20 13:43:09", "elapsed": 6567.2264, "delta": 37.932507}}
{"target": -10.395874171182355, "params": {"C": 5.815958838507219, "gamma": 0.22281569721926994}, "datetime": {"datetime": "2021-06-20 13:43:24", "elapsed": 6582.233441, "delta": 15.007041}}
{"target": -10.358786138146886, "params": {"C": 7.058486615465188, "gamma": 0.26251285049664475}, "datetime": {"datetime": "2021-06-20 13:43:38", "elapsed": 6596.336152, "delta": 14.102711}}
{"target": -10.343589069873955, "params": {"C": 7.95117462475574, "gamma": 0.26294783725807896}, "datetime": {"datetime": "2021-06-20 13:43:52", "elapsed": 6609.792178, "delta": 13.456026}}
{"target": -10.548413592019248, "params": {"C": 4.150075751799507, "gamma": 0.46474069062221723}, "datetime": {"datetime": "2021-06-20 13:44:13", "elapsed": 6631.472904, "delta": 21.680726}}
{"target": -10.508610683468579, "params": {"C": 7.428755084711343, "gamma": 0.41506470186079303}, "datetime": {"datetime": "2021-06-20 13:44:28", "elapsed": 6646.735409, "delta": 15.262505}}
{"target": -12.636997498770109, "params": {"C": 8.277271128919208, "gamma": 2.966923791149699}, "datetime": {"datetime": "2021-06-20 13:44:43", "elapsed": 6660.953276, "delta": 14.217867}}
{"target": -10.504609850960495, "params": {"C": 3.5874777625703134, "gamma": 0.29048943621796747}, "datetime": {"datetime": "2021-06-20 13:45:16", "elapsed": 6694.22355, "delta": 33.270274}}
{"target": -10.37530089232847, "params": {"C": 6.509860974146159, "gamma": 0.21554149867720512}, "datetime": {"datetime": "2021-06-20 13:45:31", "elapsed": 6709.184012, "delta": 14.960462}}
{"target": -10.337098408681898, "params": {"C": 8.28670874122552, "gamma": 0.2570810888787456}, "datetime": {"datetime": "2021-06-20 13:45:43", "elapsed": 6721.150303, "delta": 11.966291}}
{"target": -10.617277932846779, "params": {"C": 8.19306377500825, "gamma": 0.4491026749184253}, "datetime": {"datetime": "2021-06-20 13:45:57", "elapsed": 6735.775237, "delta": 14.624934}}
{"target": -10.329446081895133, "params": {"C": 9.67780368878714, "gamma": 0.2745551941540185}, "datetime": {"datetime": "2021-06-20 13:46:23", "elapsed": 6761.556935, "delta": 25.781698}}
{"target": -10.346842110944147, "params": {"C": 9.203155654595175, "gamma": 0.29450077941440683}, "datetime": {"datetime": "2021-06-20 13:46:46", "elapsed": 6783.80831, "delta": 22.251375}}
{"target": -10.332486501553712, "params": {"C": 8.528944997948424, "gamma": 0.2249166827039167}, "datetime": {"datetime": "2021-06-20 13:47:00", "elapsed": 6798.668775, "delta": 14.860465}}
{"target": -10.670087255915902, "params": {"C": 6.7982519742666385, "gamma": 0.49375198201418696}, "datetime": {"datetime": "2021-06-20 13:47:20", "elapsed": 6818.707409, "delta": 20.038634}}
{"target": -10.405608303237948, "params": {"C": 5.192505273392359, "gamma": 0.2510356509642794}, "datetime": {"datetime": "2021-06-20 13:47:35", "elapsed": 6832.847385, "delta": 14.139976}}
{"target": -10.180565540564928, "params": {"C": 14.111922247495997, "gamma": 0.37973953218012796}, "datetime": {"datetime": "2021-06-21 08:43:31", "elapsed": 0.0, "delta": 0.0}}
{"target": -10.602948417117208, "params": {"C": 9.901155185655183, "gamma": 0.2000030062316911}, "datetime": {"datetime": "2021-06-21 08:43:31", "elapsed": 0.291, "delta": 0.291}}
{"target": -10.71386357794878, "params": {"C": 11.382234497252842, "gamma": 0.10970559575058306}, "datetime": {"datetime": "2021-06-21 08:43:31", "elapsed": 0.584998, "delta": 0.293998}}
{"target": -10.547330954228112, "params": {"C": 11.781228134914477, "gamma": 0.21859111262851053}, "datetime": {"datetime": "2021-06-21 08:43:31", "elapsed": 0.862998, "delta": 0.278}}
{"target": -10.34979399078585, "params": {"C": 13.907351489729766, "gamma": 0.30169119562144353}, "datetime": {"datetime": "2021-06-21 08:43:32", "elapsed": 1.167622, "delta": 0.304624}}
{"target": -10.20618348632535, "params": {"C": 14.133864595473277, "gamma": 0.3646443851706066}, "datetime": {"datetime": "2021-06-21 08:43:32", "elapsed": 1.461618, "delta": 0.293996}}
{"target": -10.096974104117708, "params": {"C": 11.964967722288327, "gamma": 0.44759049764810654}, "datetime": {"datetime": "2021-06-21 08:43:32", "elapsed": 1.73062, "delta": 0.269002}}
{"target": -10.29582560889498, "params": {"C": 10.176614691299054, "gamma": 0.35830102937671293}, "datetime": {"datetime": "2021-06-21 08:43:33", "elapsed": 2.040293, "delta": 0.309673}}
{"target": -10.32682109006305, "params": {"C": 14.114778503907981, "gamma": 0.31023662623167325}, "datetime": {"datetime": "2021-06-21 08:43:33", "elapsed": 2.333298, "delta": 0.293005}}
{"target": -10.661958069291973, "params": {"C": 11.317908079811861, "gamma": 0.1551836403064979}, "datetime": {"datetime": "2021-06-21 08:43:33", "elapsed": 2.616293, "delta": 0.282995}}
{"target": -9.917141615194994, "params": {"C": 17.98752014362292, "gamma": 0.4863524775593409}, "datetime": {"datetime": "2021-06-21 08:43:33", "elapsed": 2.897882, "delta": 0.281589}}
{"target": -10.219245688348492, "params": {"C": 13.065584199408352, "gamma": 0.36769872473780507}, "datetime": {"datetime": "2021-06-21 08:43:34", "elapsed": 3.190885, "delta": 0.293003}}
{"target": -9.97063222912249, "params": {"C": 18.751530438189988, "gamma": 0.45468086530665436}, "datetime": {"datetime": "2021-06-21 08:43:34", "elapsed": 3.474883, "delta": 0.283998}}
{"target": -10.816332147250991, "params": {"C": 10.758946534834758, "gamma": 0.08679355679013942}, "datetime": {"datetime": "2021-06-21 08:43:34", "elapsed": 3.780881, "delta": 0.305998}}
{"target": -10.103123086222437, "params": {"C": 11.615287237602146, "gamma": 0.44760127647464765}, "datetime": {"datetime": "2021-06-21 08:43:35", "elapsed": 4.064884, "delta": 0.284003}}
{"target": -10.49317883270852, "params": {"C": 10.893303021713805, "gamma": 0.2510762787521724}, "datetime": {"datetime": "2021-06-21 08:43:35", "elapsed": 4.363881, "delta": 0.298997}}
{"target": -10.288898666438296, "params": {"C": 19.574684254520072, "gamma": 0.29926107253839734}, "datetime": {"datetime": "2021-06-21 08:43:35", "elapsed": 4.649885, "delta": 0.286004}}
