{"target": -13.492000600887067, "params": {"C": 102.76599708054833, "gamma": 1.0587112142128148}, "datetime": {"datetime": "2021-06-18 09:22:07", "elapsed": 57.036783, "delta": 1.112536}}
{"target": -15.263163828387569, "params": {"C": 807118.3114369158, "gamma": 4.505437147995874}, "datetime": {"datetime": "2021-06-18 09:22:08", "elapsed": 58.146647, "delta": 1.109864}}
{"target": -17.13671875319946, "params": {"C": 98342.10954006187, "gamma": 9.656614440167791}, "datetime": {"datetime": "2021-06-18 09:22:09", "elapsed": 59.002612, "delta": 0.855965}}
{"target": -15.824432792956253, "params": {"C": 927520.2403931216, "gamma": 6.430205329400403}, "datetime": {"datetime": "2021-06-18 09:22:10", "elapsed": 59.834448, "delta": 0.831836}}
{"target": -15.19519560331945, "params": {"C": 98353.60780265542, "gamma": 3.5994962661203753}, "datetime": {"datetime": "2021-06-18 09:22:11", "elapsed": 60.958216, "delta": 1.123768}}
{"target": -15.365069789431853, "params": {"C": 123.04233985116451, "gamma": 5.2164479742291645}, "datetime": {"datetime": "2021-06-18 09:22:12", "elapsed": 61.916313, "delta": 0.958097}}
{"target": -15.276154427037273, "params": {"C": 186250.65127667855, "gamma": 2.8539299095585795}, "datetime": {"datetime": "2021-06-18 09:22:13", "elapsed": 62.664897, "delta": 0.748584}}
{"target": -24.14114411652775, "params": {"C": 417316.6165925036, "gamma": 0.42963728899502884}, "datetime": {"datetime": "2021-06-18 09:22:14", "elapsed": 63.458429, "delta": 0.793532}}
{"target": -15.77877418584508, "params": {"C": 116.47711773833737, "gamma": 6.295434735310058}, "datetime": {"datetime": "2021-06-18 09:22:14", "elapsed": 64.301972, "delta": 0.843543}}
{"target": -17.049741299495587, "params": {"C": 927503.5767612266, "gamma": 9.486509218250879}, "datetime": {"datetime": "2021-06-18 09:22:16", "elapsed": 65.422623, "delta": 1.120651}}
{"target": -17.06703469222737, "params": {"C": 885934.0842173436, "gamma": 1.2521238969819195}, "datetime": {"datetime": "2021-06-18 09:22:17", "elapsed": 66.467521, "delta": 1.044898}}
{"target": -16.052084733865176, "params": {"C": 691871.5264718238, "gamma": 7.042730945054555}, "datetime": {"datetime": "2021-06-18 09:22:18", "elapsed": 67.462355, "delta": 0.994834}}
{"target": -11.455785343569271, "params": {"C": 133.68521016656027, "gamma": 0.43741064738572905}, "datetime": {"datetime": "2021-06-18 09:22:19", "elapsed": 68.448457, "delta": 0.986102}}
{"target": -15.29073192132697, "params": {"C": 186242.55021273886, "gamma": 2.809843813272559}, "datetime": {"datetime": "2021-06-18 09:22:20", "elapsed": 69.455768, "delta": 1.007311}}
{"target": -15.283486846057881, "params": {"C": 49947.15649418382, "gamma": 2.8230371675481547}, "datetime": {"datetime": "2021-06-18 09:22:21", "elapsed": 70.582142, "delta": 1.126374}}
{"target": -14.823807533137428, "params": {"C": 108.3036730815391, "gamma": 3.8615514004131084}, "datetime": {"datetime": "2021-06-18 09:22:22", "elapsed": 71.497241, "delta": 0.915099}}
{"target": -16.147567427265464, "params": {"C": 750943.8611912397, "gamma": 7.275624500579713}, "datetime": {"datetime": "2021-06-18 09:22:23", "elapsed": 72.418924, "delta": 0.921683}}
{"target": -11.666151604259444, "params": {"C": 119.60464295390337, "gamma": 0.48825380011167696}, "datetime": {"datetime": "2021-06-18 09:22:23", "elapsed": 73.204335, "delta": 0.785411}}
{"target": -13.084861346004267, "params": {"C": 100.9845770299695, "gamma": 0.8507217375215328}, "datetime": {"datetime": "2021-06-18 09:22:24", "elapsed": 74.009192, "delta": 0.804857}}
{"target": -14.143661515652017, "params": {"C": 104.84797646424816, "gamma": 1.8508789634135674}, "datetime": {"datetime": "2021-06-18 09:22:25", "elapsed": 74.978862, "delta": 0.96967}}
{"target": -16.73636300150517, "params": {"C": 186265.5807400254, "gamma": 8.792441722548638}, "datetime": {"datetime": "2021-06-18 09:22:26", "elapsed": 76.038515, "delta": 1.059653}}
{"target": -16.45943320781323, "params": {"C": 927513.2436917729, "gamma": 8.068621198609337}, "datetime": {"datetime": "2021-06-18 09:22:27", "elapsed": 77.044966, "delta": 1.006451}}
{"target": -16.937170028453444, "params": {"C": 49943.18739281023, "gamma": 9.268418902552343}, "datetime": {"datetime": "2021-06-18 09:22:28", "elapsed": 78.097132, "delta": 1.052166}}
{"target": -30.700413645572006, "params": {"C": 807115.2523519853, "gamma": 0.22867572288716506}, "datetime": {"datetime": "2021-06-18 09:22:29", "elapsed": 79.312534, "delta": 1.215402}}
{"target": -15.713897121740658, "params": {"C": 807117.6533037846, "gamma": 6.107836081509279}, "datetime": {"datetime": "2021-06-18 09:22:31", "elapsed": 80.466892, "delta": 1.154358}}
{"target": -15.191398063073876, "params": {"C": 750948.1091662078, "gamma": 3.4967804683194927}, "datetime": {"datetime": "2021-06-18 09:22:32", "elapsed": 81.637649, "delta": 1.170757}}
{"target": -18.87102525567198, "params": {"C": 211626.96339354478, "gamma": 0.0593450415577855}, "datetime": {"datetime": "2021-06-18 09:22:33", "elapsed": 83.2595, "delta": 1.621851}}
{"target": -16.792971864265642, "params": {"C": 326646.3772140699, "gamma": 8.946145197248885}, "datetime": {"datetime": "2021-06-18 09:22:34", "elapsed": 84.181761, "delta": 0.922261}}
{"target": -13.98225968585069, "params": {"C": 143.9014849091829, "gamma": 1.0852716894043544}, "datetime": {"datetime": "2021-06-18 09:22:35", "elapsed": 85.195762, "delta": 1.014001}}
{"target": -15.234601952927186, "params": {"C": 143.57705172385732, "gamma": 4.82761509599421}, "datetime": {"datetime": "2021-06-18 09:22:36", "elapsed": 86.138274, "delta": 0.942512}}
{"target": -15.321655834951956, "params": {"C": 211629.0706589893, "gamma": 4.802619405083607}, "datetime": {"datetime": "2021-06-18 09:22:38", "elapsed": 87.416753, "delta": 1.278479}}
{"target": -15.749073565964325, "params": {"C": 103227.42480867123, "gamma": 6.2119892123496125}, "datetime": {"datetime": "2021-06-18 09:22:39", "elapsed": 88.544159, "delta": 1.127406}}
{"target": -15.241593009218324, "params": {"C": 124178.84654498452, "gamma": 4.295151442826636}, "datetime": {"datetime": "2021-06-18 09:22:40", "elapsed": 90.118446, "delta": 1.574287}}
{"target": -17.10468957485966, "params": {"C": 186257.13463447013, "gamma": 1.2346661489545814}, "datetime": {"datetime": "2021-06-18 09:22:41", "elapsed": 91.318462, "delta": 1.200016}}
{"target": -15.85266557625046, "params": {"C": 133.67623905327255, "gamma": 6.4853330667697575}, "datetime": {"datetime": "2021-06-18 09:22:43", "elapsed": 92.699926, "delta": 1.381464}}
{"target": -15.795685846750974, "params": {"C": 908596.3833945899, "gamma": 6.345950629765048}, "datetime": {"datetime": "2021-06-18 09:22:44", "elapsed": 94.148248, "delta": 1.448322}}
{"target": -14.243818446692934, "params": {"C": 123.83993088358612, "gamma": 1.6115856623362539}, "datetime": {"datetime": "2021-06-18 09:22:45", "elapsed": 95.233904, "delta": 1.085656}}
{"target": -15.203523698457763, "params": {"C": 750944.995508056, "gamma": 3.2179287505900214}, "datetime": {"datetime": "2021-06-18 09:22:47", "elapsed": 96.442926, "delta": 1.209022}}
{"target": -15.237671266176795, "params": {"C": 908591.9446183774, "gamma": 4.256448121134553}, "datetime": {"datetime": "2021-06-18 09:22:48", "elapsed": 97.447362, "delta": 1.004436}}
{"target": -15.601566697458836, "params": {"C": 186244.90513945924, "gamma": 2.277177620027511}, "datetime": {"datetime": "2021-06-18 09:22:49", "elapsed": 98.423935, "delta": 0.976573}}
{"target": -16.392044692407463, "params": {"C": 104.11946765736413, "gamma": 7.8117904289494176}, "datetime": {"datetime": "2021-06-18 09:22:49", "elapsed": 99.30482, "delta": 0.880885}}
{"target": -15.788203957410873, "params": {"C": 124173.63169087454, "gamma": 6.324106379978073}, "datetime": {"datetime": "2021-06-18 09:22:50", "elapsed": 100.356339, "delta": 1.051519}}
{"target": -15.20316644681006, "params": {"C": 13956.122414868509, "gamma": 3.18628075700931}, "datetime": {"datetime": "2021-06-18 09:22:52", "elapsed": 101.395246, "delta": 1.038907}}
{"target": -16.21874143020672, "params": {"C": 103226.89936148321, "gamma": 1.7105182752457004}, "datetime": {"datetime": "2021-06-18 09:22:53", "elapsed": 102.570946, "delta": 1.1757}}
{"target": -14.770287012865408, "params": {"C": 113.52226304758807, "gamma": 3.6945518429540916}, "datetime": {"datetime": "2021-06-18 09:22:54", "elapsed": 103.724649, "delta": 1.153703}}
{"target": -15.27533052594122, "params": {"C": 807120.9514112154, "gamma": 4.618053484391652}, "datetime": {"datetime": "2021-06-18 09:22:55", "elapsed": 104.738761, "delta": 1.014112}}
{"target": -15.921123252750762, "params": {"C": 750949.2026808088, "gamma": 6.7234700584205624}, "datetime": {"datetime": "2021-06-18 09:22:56", "elapsed": 105.781376, "delta": 1.042615}}
{"target": -15.258194794847007, "params": {"C": 66336.93622587048, "gamma": 2.9197976631775973}, "datetime": {"datetime": "2021-06-18 09:22:57", "elapsed": 107.052046, "delta": 1.27067}}
{"target": -16.317344630360243, "params": {"C": 579742.0356375173, "gamma": 7.720593415921693}, "datetime": {"datetime": "2021-06-18 09:22:58", "elapsed": 108.067707, "delta": 1.015661}}
{"target": -15.538852709621581, "params": {"C": 239845.85942053623, "gamma": 2.360435198252436}, "datetime": {"datetime": "2021-06-18 09:22:59", "elapsed": 109.129874, "delta": 1.062167}}
{"target": -15.34367815381444, "params": {"C": 691881.2531036807, "gamma": 4.884930656608875}, "datetime": {"datetime": "2021-06-18 09:23:00", "elapsed": 110.266552, "delta": 1.136678}}
{"target": -14.371128775123804, "params": {"C": 149.24802874027387, "gamma": 2.5713216945084247}, "datetime": {"datetime": "2021-06-18 09:23:02", "elapsed": 111.432335, "delta": 1.165783}}
{"target": -15.233393142192789, "params": {"C": 103223.59401540835, "gamma": 4.198118166601575}, "datetime": {"datetime": "2021-06-18 09:23:03", "elapsed": 112.531468, "delta": 1.099133}}
{"target": -15.755011284974735, "params": {"C": 807103.1490205011, "gamma": 6.228998868985988}, "datetime": {"datetime": "2021-06-18 09:23:04", "elapsed": 113.43598, "delta": 0.904512}}
{"target": -24.89610702063299, "params": {"C": 750945.9350309954, "gamma": 0.4032993199885932}, "datetime": {"datetime": "2021-06-18 09:23:05", "elapsed": 114.716015, "delta": 1.280035}}
{"target": -16.884517043442592, "params": {"C": 2869.1330003380212, "gamma": 9.158092805571698}, "datetime": {"datetime": "2021-06-18 09:23:06", "elapsed": 116.050373, "delta": 1.334358}}
{"target": -16.588742284413343, "params": {"C": 98350.89924250108, "gamma": 1.4702090458692398}, "datetime": {"datetime": "2021-06-18 09:23:07", "elapsed": 117.155406, "delta": 1.105033}}
{"target": -15.363183051971538, "params": {"C": 927506.4544283072, "gamma": 4.9591624508977885}, "datetime": {"datetime": "2021-06-18 09:23:08", "elapsed": 118.256068, "delta": 1.100662}}
{"target": -15.30157301865367, "params": {"C": 186248.67351466793, "gamma": 2.7828748457871475}, "datetime": {"datetime": "2021-06-18 09:23:09", "elapsed": 119.278581, "delta": 1.022513}}
{"target": -15.445354384430907, "params": {"C": 186264.19048097503, "gamma": 2.4891295617263878}, "datetime": {"datetime": "2021-06-18 09:23:11", "elapsed": 120.403108, "delta": 1.124527}}
{"target": -16.652430103816872, "params": {"C": 195432.6497710798, "gamma": 8.564738709727209}, "datetime": {"datetime": "2021-06-18 09:23:12", "elapsed": 121.414952, "delta": 1.011844}}
{"target": -15.365139776112702, "params": {"C": 860031.1703582066, "gamma": 4.966680350116399}, "datetime": {"datetime": "2021-06-18 09:23:13", "elapsed": 122.759759, "delta": 1.344807}}
{"target": -15.194828244403888, "params": {"C": 663796.4102187415, "gamma": 3.3694280332914874}, "datetime": {"datetime": "2021-06-18 09:23:14", "elapsed": 123.936352, "delta": 1.176593}}
{"target": -19.530994122806, "params": {"C": 13955.820534186249, "gamma": 0.5936502110585539}, "datetime": {"datetime": "2021-06-18 09:23:15", "elapsed": 125.091392, "delta": 1.15504}}
{"target": -12.175911529306422, "params": {"C": 115.09434452290202, "gamma": 0.5876448943514923}, "datetime": {"datetime": "2021-06-18 09:23:16", "elapsed": 126.226625, "delta": 1.135233}}
{"target": -15.210976866699513, "params": {"C": 691879.9240272321, "gamma": 3.865599388429323}, "datetime": {"datetime": "2021-06-18 09:23:17", "elapsed": 127.33725, "delta": 1.110625}}
{"target": -14.527798320238116, "params": {"C": 143.17229062851072, "gamma": 2.9003951175200156}, "datetime": {"datetime": "2021-06-18 09:23:19", "elapsed": 128.615242, "delta": 1.277992}}
{"target": -15.280592966209325, "params": {"C": 908594.5911696111, "gamma": 4.642665582401205}, "datetime": {"datetime": "2021-06-18 09:23:20", "elapsed": 130.088446, "delta": 1.473204}}
{"target": -16.137883382087598, "params": {"C": 130.51168253760613, "gamma": 7.1815577205640695}, "datetime": {"datetime": "2021-06-18 09:23:21", "elapsed": 131.314557, "delta": 1.226111}}
{"target": -16.464381356651693, "params": {"C": 885943.8712893602, "gamma": 1.5541034447705073}, "datetime": {"datetime": "2021-06-18 09:23:22", "elapsed": 132.354376, "delta": 1.039819}}
{"target": -15.71430761259113, "params": {"C": 98345.02165936987, "gamma": 6.108912149666153}, "datetime": {"datetime": "2021-06-18 09:23:24", "elapsed": 133.655155, "delta": 1.300779}}
{"target": -15.805973628851161, "params": {"C": 98354.33651289695, "gamma": 6.375769416784285}, "datetime": {"datetime": "2021-06-18 09:23:25", "elapsed": 134.956933, "delta": 1.301778}}
{"target": -15.300296939261889, "params": {"C": 883301.7106153393, "gamma": 2.78752036957746}, "datetime": {"datetime": "2021-06-18 09:23:26", "elapsed": 136.045866, "delta": 1.088933}}
{"target": -14.421330317843688, "params": {"C": 138.07074877921022, "gamma": 2.15790364706686}, "datetime": {"datetime": "2021-06-18 09:23:27", "elapsed": 137.169805, "delta": 1.123939}}
{"target": -14.818103252707186, "params": {"C": 134.75346589236906, "gamma": 3.642573989112377}, "datetime": {"datetime": "2021-06-18 09:23:29", "elapsed": 138.435148, "delta": 1.265343}}
{"target": -15.194019289673328, "params": {"C": 932598.6076797915, "gamma": 3.395394197026926}, "datetime": {"datetime": "2021-06-18 09:23:30", "elapsed": 139.886358, "delta": 1.45121}}
{"target": -15.085030585322762, "params": {"C": 120.92249235441285, "gamma": 4.530145149235365}, "datetime": {"datetime": "2021-06-18 09:23:31", "elapsed": 140.99977, "delta": 1.113412}}
{"target": -13.321190502950287, "params": {"C": 151.0975971858228, "gamma": 0.7175456806594714}, "datetime": {"datetime": "2021-06-18 09:23:32", "elapsed": 142.320317, "delta": 1.320547}}
{"target": -15.191766605209049, "params": {"C": 417308.58515099663, "gamma": 3.477772462877536}, "datetime": {"datetime": "2021-06-18 09:23:34", "elapsed": 143.407948, "delta": 1.087631}}
{"target": -16.66729287827063, "params": {"C": 694401.8137193383, "gamma": 1.4323110902040024}, "datetime": {"datetime": "2021-06-18 09:23:35", "elapsed": 144.555221, "delta": 1.147273}}
{"target": -14.943687880503099, "params": {"C": 106.30827600041347, "gamma": 4.199170412020382}, "datetime": {"datetime": "2021-06-18 09:23:36", "elapsed": 145.761101, "delta": 1.20588}}
{"target": -14.52697506873247, "params": {"C": 107.55291194270025, "gamma": 3.2383909756625684}, "datetime": {"datetime": "2021-06-18 09:23:37", "elapsed": 146.867765, "delta": 1.106664}}
{"target": -32.65554871856859, "params": {"C": 927507.5328662986, "gamma": 0.14098106422975387}, "datetime": {"datetime": "2021-06-18 09:23:38", "elapsed": 148.017331, "delta": 1.149566}}
{"target": -16.038764442554804, "params": {"C": 932598.403423126, "gamma": 1.8470394098419334}, "datetime": {"datetime": "2021-06-18 09:23:39", "elapsed": 149.171938, "delta": 1.154607}}
{"target": -15.279589096706744, "params": {"C": 98345.6674261928, "gamma": 2.8390306998522874}, "datetime": {"datetime": "2021-06-18 09:23:41", "elapsed": 150.44417, "delta": 1.272232}}
{"target": -16.047608407362716, "params": {"C": 13953.858385934778, "gamma": 7.030744330975737}, "datetime": {"datetime": "2021-06-18 09:23:42", "elapsed": 151.665304, "delta": 1.221134}}
{"target": -15.288780750026266, "params": {"C": 102331.49332653258, "gamma": 4.681607491920515}, "datetime": {"datetime": "2021-06-18 09:23:43", "elapsed": 152.72669, "delta": 1.061386}}
{"target": -15.56550081932476, "params": {"C": 149.6787556751841, "gamma": 5.7122639578105865}, "datetime": {"datetime": "2021-06-18 09:23:44", "elapsed": 153.987067, "delta": 1.260377}}
{"target": -15.014103314117094, "params": {"C": 139.8767409045838, "gamma": 4.176126056133286}, "datetime": {"datetime": "2021-06-18 09:23:45", "elapsed": 155.143952, "delta": 1.156885}}
{"target": -15.865903364750306, "params": {"C": 66337.30684426607, "gamma": 6.553848515080059}, "datetime": {"datetime": "2021-06-18 09:23:46", "elapsed": 156.261126, "delta": 1.117174}}
{"target": -15.203326909101737, "params": {"C": 908597.6240554643, "gamma": 3.740831245426892}, "datetime": {"datetime": "2021-06-18 09:23:48", "elapsed": 157.544382, "delta": 1.283256}}
{"target": -14.70539952483011, "params": {"C": 122.27038155009917, "gamma": 3.470665167338498}, "datetime": {"datetime": "2021-06-18 09:23:49", "elapsed": 158.923505, "delta": 1.379123}}
{"target": -15.025432358938279, "params": {"C": 152.3281074033116, "gamma": 4.142851367342043}, "datetime": {"datetime": "2021-06-18 09:23:50", "elapsed": 160.088608, "delta": 1.165103}}
{"target": -21.907659251993785, "params": {"C": 908592.1606265416, "gamma": 0.5476889437560344}, "datetime": {"datetime": "2021-06-18 09:23:51", "elapsed": 161.188755, "delta": 1.100147}}
{"target": -15.304079466404977, "params": {"C": 957886.8117170508, "gamma": 4.737860287609853}, "datetime": {"datetime": "2021-06-18 09:23:53", "elapsed": 162.437223, "delta": 1.248468}}
{"target": -15.762158722240496, "params": {"C": 120.14516334580753, "gamma": 6.249386602469419}, "datetime": {"datetime": "2021-06-18 09:23:54", "elapsed": 163.670765, "delta": 1.233542}}
{"target": -15.9382271180694, "params": {"C": 800629.102426637, "gamma": 1.9273528271505855}, "datetime": {"datetime": "2021-06-18 09:23:55", "elapsed": 164.822293, "delta": 1.151528}}
{"target": -16.121670169866263, "params": {"C": 957889.6069501063, "gamma": 7.21128517540574}, "datetime": {"datetime": "2021-06-18 09:23:56", "elapsed": 166.205868, "delta": 1.383575}}
{"target": -15.431461089164355, "params": {"C": 807107.7360198329, "gamma": 5.209925074374931}, "datetime": {"datetime": "2021-06-18 09:23:58", "elapsed": 167.390787, "delta": 1.184919}}
{"target": -15.887732799249454, "params": {"C": 908608.2499018086, "gamma": 6.620542973804663}, "datetime": {"datetime": "2021-06-18 09:23:59", "elapsed": 168.67383, "delta": 1.283043}}
{"target": -15.337384152273565, "params": {"C": 113.64899343775433, "gamma": 5.166546809728545}, "datetime": {"datetime": "2021-06-18 09:24:00", "elapsed": 169.916989, "delta": 1.243159}}
{"target": -15.333976266752222, "params": {"C": 750944.0921137262, "gamma": 4.848459202461667}, "datetime": {"datetime": "2021-06-18 09:24:02", "elapsed": 172.232815, "delta": 2.315826}}
{"target": -15.221879364010327, "params": {"C": 417306.9063364159, "gamma": 3.094575569984211}, "datetime": {"datetime": "2021-06-18 09:24:03", "elapsed": 173.316019, "delta": 1.083204}}
{"target": -15.63972445813513, "params": {"C": 28296.21435245784, "gamma": 5.886993774047672}, "datetime": {"datetime": "2021-06-18 09:24:05", "elapsed": 174.707924, "delta": 1.391905}}
{"target": -15.248711044722443, "params": {"C": 186240.2361618285, "gamma": 4.363526827017171}, "datetime": {"datetime": "2021-06-18 09:24:06", "elapsed": 175.981812, "delta": 1.273888}}
{"target": -15.859140497698862, "params": {"C": 883298.7992801226, "gamma": 1.9931776463814643}, "datetime": {"datetime": "2021-06-18 09:24:07", "elapsed": 177.379571, "delta": 1.397759}}
{"target": -15.038815356630508, "params": {"C": 126.02874273160955, "gamma": 4.352613274590472}, "datetime": {"datetime": "2021-06-18 09:24:09", "elapsed": 178.857849, "delta": 1.478278}}
{"target": -32.1195347115464, "params": {"C": 908599.2763265747, "gamma": 0.18962088746093778}, "datetime": {"datetime": "2021-06-18 09:24:11", "elapsed": 180.435803, "delta": 1.577954}}
{"target": -16.2274616763464, "params": {"C": 669233.2970749704, "gamma": 7.479897276871496}, "datetime": {"datetime": "2021-06-18 09:24:12", "elapsed": 181.96296, "delta": 1.527157}}
{"target": -16.82403656062216, "params": {"C": 417306.08898030675, "gamma": 1.361297872439702}, "datetime": {"datetime": "2021-06-18 09:24:14", "elapsed": 183.598564, "delta": 1.635604}}
{"target": -15.269932694351166, "params": {"C": 13952.502225838358, "gamma": 4.581129552193663}, "datetime": {"datetime": "2021-06-18 09:24:15", "elapsed": 185.184744, "delta": 1.58618}}
{"target": -15.4985315081002, "params": {"C": 932600.4173380043, "gamma": 2.416301974907626}, "datetime": {"datetime": "2021-06-18 09:24:17", "elapsed": 186.545124, "delta": 1.36038}}
{"target": -14.860795731466602, "params": {"C": 104.29829043654729, "gamma": 3.988855553135026}, "datetime": {"datetime": "2021-06-18 09:24:18", "elapsed": 188.197158, "delta": 1.652034}}
{"target": -15.277853740887966, "params": {"C": 124.63200349240627, "gamma": 4.981471242016489}, "datetime": {"datetime": "2021-06-18 09:24:20", "elapsed": 189.939975, "delta": 1.742817}}
{"target": -15.251337671193305, "params": {"C": 885940.3316542045, "gamma": 4.388543048257889}, "datetime": {"datetime": "2021-06-18 09:24:21", "elapsed": 191.175026, "delta": 1.235051}}
{"target": -14.420922203987516, "params": {"C": 145.93471908395114, "gamma": 2.297608688887951}, "datetime": {"datetime": "2021-06-18 09:24:23", "elapsed": 192.454901, "delta": 1.279875}}
{"target": -15.23151434399038, "params": {"C": 694403.4889503447, "gamma": 4.169336654618149}, "datetime": {"datetime": "2021-06-18 09:24:24", "elapsed": 193.641261, "delta": 1.18636}}
