{"target": -16.118431213992256, "params": {"C": 417022.00528555195, "gamma": 7.203272901972237}, "datetime": {"datetime": "2021-06-18 09:21:10", "elapsed": 0.0, "delta": 0.0}}
{"target": -14.448608799003694, "params": {"C": 114.37581723051181, "gamma": 3.023395493061135}, "datetime": {"datetime": "2021-06-18 09:21:11", "elapsed": 0.464474, "delta": 0.464474}}
{"target": -18.288177548775373, "params": {"C": 146755.89167035714, "gamma": 0.9234767138285012}, "datetime": {"datetime": "2021-06-18 09:21:11", "elapsed": 0.912484, "delta": 0.44801}}
{"target": -15.192154058730992, "params": {"C": 186260.21219141068, "gamma": 3.4556727143577732}, "datetime": {"datetime": "2021-06-18 09:21:12", "elapsed": 1.394961, "delta": 0.482477}}
{"target": -15.481699822744993, "params": {"C": 396767.47483390244, "gamma": 5.388213458360169}, "datetime": {"datetime": "2021-06-18 09:21:12", "elapsed": 1.800854, "delta": 0.405893}}
{"target": -15.972758487140004, "params": {"C": 419194.51498410024, "gamma": 6.852226482017556}, "datetime": {"datetime": "2021-06-18 09:21:12", "elapsed": 2.227304, "delta": 0.42645}}
{"target": -16.732273475991434, "params": {"C": 204452.25052706516, "gamma": 8.781186552165815}, "datetime": {"datetime": "2021-06-18 09:21:13", "elapsed": 2.995267, "delta": 0.767963}}
{"target": -15.915281155329076, "params": {"C": 27387.59417053857, "gamma": 6.704708055033004}, "datetime": {"datetime": "2021-06-18 09:21:14", "elapsed": 3.455733, "delta": 0.460466}}
{"target": -15.5383224419066, "params": {"C": 417304.80294982216, "gamma": 5.586942415474672}, "datetime": {"datetime": "2021-06-18 09:21:14", "elapsed": 3.898055, "delta": 0.442322}}
{"target": -15.870434531953128, "params": {"C": 140386.9394548468, "gamma": 1.9810950806998795}, "datetime": {"datetime": "2021-06-18 09:21:14", "elapsed": 4.23062, "delta": 0.332565}}
{"target": -17.149885358740967, "params": {"C": 800744.5688747921, "gamma": 9.682618931036403}, "datetime": {"datetime": "2021-06-18 09:21:15", "elapsed": 4.57443, "delta": 0.34381}}
{"target": -16.001174686293872, "params": {"C": 313424.1788458186, "gamma": 6.923256924431573}, "datetime": {"datetime": "2021-06-18 09:21:15", "elapsed": 4.970215, "delta": 0.395785}}
{"target": -16.792928794381844, "params": {"C": 876389.1524196492, "gamma": 8.946077174372123}, "datetime": {"datetime": "2021-06-18 09:21:15", "elapsed": 5.349926, "delta": 0.379711}}
{"target": -23.945492523851144, "params": {"C": 85044.2122847337, "gamma": 0.3906439268505003}, "datetime": {"datetime": "2021-06-18 09:21:16", "elapsed": 5.804216, "delta": 0.45429}}
{"target": -16.73237236018592, "params": {"C": 169830.42039473847, "gamma": 8.781437220043788}, "datetime": {"datetime": "2021-06-18 09:21:16", "elapsed": 6.274114, "delta": 0.469898}}
{"target": -15.234305895654131, "params": {"C": 98346.83473470325, "gamma": 4.211134139288021}, "datetime": {"datetime": "2021-06-18 09:21:17", "elapsed": 6.727065, "delta": 0.452951}}
{"target": -15.465967006228535, "params": {"C": 957889.5301926124, "gamma": 5.3316995332016734}, "datetime": {"datetime": "2021-06-18 09:21:17", "elapsed": 7.109592, "delta": 0.382527}}
{"target": -15.212673116205993, "params": {"C": 691877.1142585962, "gamma": 3.1552247584975293}, "datetime": {"datetime": "2021-06-18 09:21:18", "elapsed": 7.456362, "delta": 0.34677}}
{"target": -16.569225110671297, "params": {"C": 686500.9279950828, "gamma": 8.346273256406539}, "datetime": {"datetime": "2021-06-18 09:21:18", "elapsed": 7.834148, "delta": 0.377786}}
{"target": -16.236132626211788, "params": {"C": 18288.278325903528, "gamma": 7.50146813501818}, "datetime": {"datetime": "2021-06-18 09:21:18", "elapsed": 8.19939, "delta": 0.365242}}
{"target": -16.22814058330661, "params": {"C": 988861.0889176336, "gamma": 7.481681727232956}, "datetime": {"datetime": "2021-06-18 09:21:19", "elapsed": 8.56136, "delta": 0.36197}}
{"target": -16.387382918420542, "params": {"C": 280443.9927839612, "gamma": 7.89281435658204}, "datetime": {"datetime": "2021-06-18 09:21:19", "elapsed": 8.99834, "delta": 0.43698}}
{"target": -15.260411431763869, "params": {"C": 103226.00747441602, "gamma": 4.4789904724064336}, "datetime": {"datetime": "2021-06-18 09:21:20", "elapsed": 9.470356, "delta": 0.472016}}
{"target": -15.255895006280209, "params": {"C": 908595.5031845, "gamma": 2.9362121223219577}, "datetime": {"datetime": "2021-06-18 09:21:20", "elapsed": 9.856253, "delta": 0.385897}}
{"target": -16.95778160938126, "params": {"C": 287775.3392985734, "gamma": 1.300372718325565}, "datetime": {"datetime": "2021-06-18 09:21:20", "elapsed": 10.285589, "delta": 0.429336}}
{"target": -15.947303445225364, "params": {"C": 19366.958850930117, "gamma": 6.788387445845616}, "datetime": {"datetime": "2021-06-18 09:21:21", "elapsed": 10.694992, "delta": 0.409403}}
{"target": -15.357341158890994, "params": {"C": 211628.1167884309, "gamma": 2.655540039056325}, "datetime": {"datetime": "2021-06-18 09:21:21", "elapsed": 11.158794, "delta": 0.463802}}
{"target": -22.105506862538938, "params": {"C": 491573.1597887651, "gamma": 0.5337201149162921}, "datetime": {"datetime": "2021-06-18 09:21:22", "elapsed": 11.593581, "delta": 0.434787}}
{"target": -16.605498499965208, "params": {"C": 574117.6059178954, "gamma": 1.467371076200611}, "datetime": {"datetime": "2021-06-18 09:21:22", "elapsed": 12.00696, "delta": 0.413379}}
{"target": -16.033015803784174, "params": {"C": 589305.5373139788, "gamma": 6.99761362437331}, "datetime": {"datetime": "2021-06-18 09:21:23", "elapsed": 12.427508, "delta": 0.420548}}
{"target": -15.229340714189632, "params": {"C": 102334.42972549141, "gamma": 4.140618472596901}, "datetime": {"datetime": "2021-06-18 09:21:23", "elapsed": 12.750357, "delta": 0.322849}}
{"target": -15.22958774420711, "params": {"C": 694400.158033345, "gamma": 4.141851277342074}, "datetime": {"datetime": "2021-06-18 09:21:23", "elapsed": 13.159571, "delta": 0.409214}}
{"target": -15.473625029003294, "params": {"C": 49953.459896133696, "gamma": 5.359010469514524}, "datetime": {"datetime": "2021-06-18 09:21:24", "elapsed": 13.525042, "delta": 0.365471}}
{"target": -15.414652767596305, "params": {"C": 663794.6455559942, "gamma": 5.14893963167188}, "datetime": {"datetime": "2021-06-18 09:21:24", "elapsed": 13.853698, "delta": 0.328656}}
{"target": -15.632167474257425, "params": {"C": 944594.7560462186, "gamma": 5.865591749515879}, "datetime": {"datetime": "2021-06-18 09:21:24", "elapsed": 14.253616, "delta": 0.399918}}
{"target": -16.79521392588149, "params": {"C": 903401.9153844815, "gamma": 1.3748332939919607}, "datetime": {"datetime": "2021-06-18 09:21:25", "elapsed": 14.691761, "delta": 0.438145}}
{"target": -16.461629119841675, "params": {"C": 139276.3481114822, "gamma": 8.073932147966367}, "datetime": {"datetime": "2021-06-18 09:21:25", "elapsed": 15.156094, "delta": 0.464333}}
{"target": -16.30797091390664, "params": {"C": 397676.8375878567, "gamma": 1.653625435749616}, "datetime": {"datetime": "2021-06-18 09:21:26", "elapsed": 15.500574, "delta": 0.34448}}
{"target": -15.191826212976423, "params": {"C": 927508.5804685253, "gamma": 3.4777238208690915}, "datetime": {"datetime": "2021-06-18 09:21:26", "elapsed": 15.870385, "delta": 0.369811}}
{"target": -16.141314951072992, "params": {"C": 750812.1033853434, "gamma": 7.26000725370598}, "datetime": {"datetime": "2021-06-18 09:21:26", "elapsed": 16.265085, "delta": 0.3947}}
{"target": -15.757738174763384, "params": {"C": 883306.0913225038, "gamma": 6.236759703335383}, "datetime": {"datetime": "2021-06-18 09:21:27", "elapsed": 16.642879, "delta": 0.377794}}
{"target": -15.191563295905306, "params": {"C": 750942.4342763948, "gamma": 3.489048529944228}, "datetime": {"datetime": "2021-06-18 09:21:27", "elapsed": 17.007525, "delta": 0.364646}}
{"target": -16.798328109758746, "params": {"C": 269927.8924950982, "gamma": 8.95887259333885}, "datetime": {"datetime": "2021-06-18 09:21:27", "elapsed": 17.345952, "delta": 0.338427}}
{"target": -17.132472963988132, "params": {"C": 428091.19044320367, "gamma": 9.64840398747914}, "datetime": {"datetime": "2021-06-18 09:21:28", "elapsed": 17.728407, "delta": 0.382455}}
{"target": -15.750786157696584, "params": {"C": 663441.4981550066, "gamma": 6.216995032519197}, "datetime": {"datetime": "2021-06-18 09:21:28", "elapsed": 18.079114, "delta": 0.350707}}
{"target": -17.05407511809782, "params": {"C": 114745.97383862922, "gamma": 9.494897638144842}, "datetime": {"datetime": "2021-06-18 09:21:29", "elapsed": 18.425083, "delta": 0.345969}}
{"target": -15.60466011532354, "params": {"C": 449912.13403002836, "gamma": 5.783938304909879}, "datetime": {"datetime": "2021-06-18 09:21:29", "elapsed": 18.841761, "delta": 0.416678}}
{"target": -15.53194591899876, "params": {"C": 408136.8033531443, "gamma": 2.370346099732253}, "datetime": {"datetime": "2021-06-18 09:21:30", "elapsed": 19.409498, "delta": 0.567737}}
{"target": -15.589003348233007, "params": {"C": 903379.5206588743, "gamma": 5.736837498774191}, "datetime": {"datetime": "2021-06-18 09:21:30", "elapsed": 19.83742, "delta": 0.427922}}
{"target": -15.73683557579125, "params": {"C": 2870.328028288643, "gamma": 6.171487421715876}, "datetime": {"datetime": "2021-06-18 09:21:30", "elapsed": 20.17798, "delta": 0.34056}}
{"target": -15.44875157594157, "params": {"C": 326644.90244545124, "gamma": 5.270628316765867}, "datetime": {"datetime": "2021-06-18 09:21:31", "elapsed": 20.611203, "delta": 0.433223}}
{"target": -15.194215028305322, "params": {"C": 885942.0994248324, "gamma": 3.572761873048998}, "datetime": {"datetime": "2021-06-18 09:21:31", "elapsed": 20.918968, "delta": 0.307765}}
{"target": -15.75664160965725, "params": {"C": 908535.1510112641, "gamma": 6.233638821906448}, "datetime": {"datetime": "2021-06-18 09:21:31", "elapsed": 21.244949, "delta": 0.325981}}
{"target": -16.95108132991872, "params": {"C": 15821.243830735039, "gamma": 9.29437939371424}, "datetime": {"datetime": "2021-06-18 09:21:32", "elapsed": 21.553721, "delta": 0.308772}}
{"target": -17.306067101320124, "params": {"C": 690896.917826027, "gamma": 9.97322877222976}, "datetime": {"datetime": "2021-06-18 09:21:32", "elapsed": 21.954818, "delta": 0.401097}}
{"target": -16.79832404789618, "params": {"C": 172340.509172988, "gamma": 1.3714437827138146}, "datetime": {"datetime": "2021-06-18 09:21:32", "elapsed": 22.377113, "delta": 0.422295}}
{"target": -16.020478884580466, "params": {"C": 932595.4631045681, "gamma": 6.968211933082853}, "datetime": {"datetime": "2021-06-18 09:21:33", "elapsed": 22.823594, "delta": 0.446481}}
{"target": -16.255965349947683, "params": {"C": 66000.17365606231, "gamma": 7.554654979719404}, "datetime": {"datetime": "2021-06-18 09:21:33", "elapsed": 23.190278, "delta": 0.366684}}
{"target": -16.91698477424418, "params": {"C": 753876.1887073702, "gamma": 9.230253053011278}, "datetime": {"datetime": "2021-06-18 09:21:34", "elapsed": 23.532673, "delta": 0.342395}}
{"target": -17.088171442217178, "params": {"C": 711524.7589169471, "gamma": 1.2427971926254497}, "datetime": {"datetime": "2021-06-18 09:21:34", "elapsed": 23.936323, "delta": 0.40365}}
{"target": -21.395125422108556, "params": {"C": 19880.134819915453, "gamma": 0.262207247678505}, "datetime": {"datetime": "2021-06-18 09:21:34", "elapsed": 24.232345, "delta": 0.296022}}
{"target": -15.457451281658555, "params": {"C": 28306.488992488117, "gamma": 2.462186054923699}, "datetime": {"datetime": "2021-06-18 09:21:35", "elapsed": 24.548627, "delta": 0.316282}}
{"target": -15.481736871901012, "params": {"C": 860027.94882286, "gamma": 5.388356760310094}, "datetime": {"datetime": "2021-06-18 09:21:35", "elapsed": 24.916498, "delta": 0.367871}}
{"target": -16.597725024996475, "params": {"C": 552821.9791329439, "gamma": 8.420324720506821}, "datetime": {"datetime": "2021-06-18 09:21:35", "elapsed": 25.334408, "delta": 0.41791}}
{"target": -15.29754404125374, "params": {"C": 124173.31599573782, "gamma": 2.791908871743494}, "datetime": {"datetime": "2021-06-18 09:21:36", "elapsed": 25.840457, "delta": 0.506049}}
{"target": -17.15666238262743, "params": {"C": 585759.2718725286, "gamma": 9.695960523621913}, "datetime": {"datetime": "2021-06-18 09:21:36", "elapsed": 26.333824, "delta": 0.493367}}
{"target": -31.15737145364249, "params": {"C": 561030.2196946797, "gamma": 0.1865710290004929}, "datetime": {"datetime": "2021-06-18 09:21:37", "elapsed": 26.809064, "delta": 0.47524}}
{"target": -15.56260004265749, "params": {"C": 800632.6728799837, "gamma": 2.3298194409828206}, "datetime": {"datetime": "2021-06-18 09:21:37", "elapsed": 27.168576, "delta": 0.359512}}
{"target": -15.211818969962138, "params": {"C": 807105.195811674, "gamma": 3.8786676545773116}, "datetime": {"datetime": "2021-06-18 09:21:38", "elapsed": 27.513865, "delta": 0.345289}}
{"target": -16.224143049542107, "params": {"C": 863541.8546958868, "gamma": 7.471241715207572}, "datetime": {"datetime": "2021-06-18 09:21:38", "elapsed": 27.912774, "delta": 0.398909}}
{"target": -16.81719907572115, "params": {"C": 556240.2344341787, "gamma": 1.364638611084284}, "datetime": {"datetime": "2021-06-18 09:21:38", "elapsed": 28.246608, "delta": 0.333834}}
{"target": -17.14798782848777, "params": {"C": 59917.690452293966, "gamma": 1.2135224230617994}, "datetime": {"datetime": "2021-06-18 09:21:39", "elapsed": 28.595889, "delta": 0.349281}}
{"target": -17.61656640559871, "params": {"C": 44551.87950020984, "gamma": 1.0750305416480184}, "datetime": {"datetime": "2021-06-18 09:21:39", "elapsed": 28.924279, "delta": 0.32839}}
{"target": -16.088426946878805, "params": {"C": 225709.33938214532, "gamma": 7.129918504928728}, "datetime": {"datetime": "2021-06-18 09:21:40", "elapsed": 29.524847, "delta": 0.600568}}
{"target": -30.180250022593373, "params": {"C": 559716.9824944255, "gamma": 0.1256585459931426}, "datetime": {"datetime": "2021-06-18 09:21:40", "elapsed": 30.003799, "delta": 0.478952}}
{"target": -17.14497126635593, "params": {"C": 71974.2806175125, "gamma": 9.67276657236972}, "datetime": {"datetime": "2021-06-18 09:21:41", "elapsed": 30.515651, "delta": 0.511852}}
{"target": -15.812312202588439, "params": {"C": 568100.4623518417, "gamma": 2.0330120172864388}, "datetime": {"datetime": "2021-06-18 09:21:41", "elapsed": 30.849413, "delta": 0.333762}}
{"target": -16.211485196762332, "params": {"C": 252325.74531799764, "gamma": 7.438284158165522}, "datetime": {"datetime": "2021-06-18 09:21:41", "elapsed": 31.210636, "delta": 0.361223}}
{"target": -15.614471838348596, "params": {"C": 195429.4819138893, "gamma": 5.8136311368398506}, "datetime": {"datetime": "2021-06-18 09:21:42", "elapsed": 31.593314, "delta": 0.382678}}
{"target": -16.616014111328937, "params": {"C": 970019.9891182923, "gamma": 8.468303332020204}, "datetime": {"datetime": "2021-06-18 09:21:42", "elapsed": 31.925852, "delta": 0.332538}}
{"target": -15.357581188606959, "params": {"C": 239847.75990773836, "gamma": 4.937747765715873}, "datetime": {"datetime": "2021-06-18 09:21:42", "elapsed": 32.244036, "delta": 0.318184}}
{"target": -16.547287892315023, "params": {"C": 619955.7187614241, "gamma": 8.289826097411833}, "datetime": {"datetime": "2021-06-18 09:21:43", "elapsed": 32.600135, "delta": 0.356099}}
{"target": -27.054661664152786, "params": {"C": 156791.39548929286, "gamma": 0.18586016415387743}, "datetime": {"datetime": "2021-06-18 09:21:43", "elapsed": 33.137675, "delta": 0.53754}}
{"target": -15.337939233752905, "params": {"C": 70022.14464920019, "gamma": 4.863502474859224}, "datetime": {"datetime": "2021-06-18 09:21:44", "elapsed": 33.669269, "delta": 0.531594}}
{"target": -15.572824940673016, "params": {"C": 606329.4620470009, "gamma": 5.6885574857211045}, "datetime": {"datetime": "2021-06-18 09:21:44", "elapsed": 34.080937, "delta": 0.411668}}
{"target": -17.254284847719923, "params": {"C": 317362.4100047983, "gamma": 9.886162682509047}, "datetime": {"datetime": "2021-06-18 09:21:45", "elapsed": 34.531377, "delta": 0.45044}}
{"target": -15.20695229014764, "params": {"C": 579745.2196660517, "gamma": 3.801473712118242}, "datetime": {"datetime": "2021-06-18 09:21:45", "elapsed": 34.948812, "delta": 0.417435}}
{"target": -16.217282838945934, "params": {"C": 550948.2195669486, "gamma": 7.453369775621931}, "datetime": {"datetime": "2021-06-18 09:21:45", "elapsed": 35.285889, "delta": 0.337077}}
{"target": -15.360708558071124, "params": {"C": 669232.8937839518, "gamma": 2.6492690846723277}, "datetime": {"datetime": "2021-06-18 09:21:46", "elapsed": 35.69314, "delta": 0.407251}}
{"target": -15.200537315859233, "params": {"C": 66334.83536210674, "gamma": 3.700904970721272}, "datetime": {"datetime": "2021-06-18 09:21:46", "elapsed": 36.070046, "delta": 0.376906}}
{"target": -15.743416245332181, "params": {"C": 629717.507391847, "gamma": 2.1018190817474047}, "datetime": {"datetime": "2021-06-18 09:21:47", "elapsed": 36.412568, "delta": 0.342522}}
{"target": -20.21901423151556, "params": {"C": 752755.5539860583, "gamma": 0.665458159893014}, "datetime": {"datetime": "2021-06-18 09:21:47", "elapsed": 36.748051, "delta": 0.335483}}
{"target": -16.450932334222575, "params": {"C": 260315.09931822584, "gamma": 8.04756516197708}, "datetime": {"datetime": "2021-06-18 09:21:47", "elapsed": 37.159406, "delta": 0.411355}}
{"target": -15.812383483810926, "params": {"C": 193434.28342989343, "gamma": 6.3946448627113135}, "datetime": {"datetime": "2021-06-18 09:21:48", "elapsed": 37.477917, "delta": 0.318511}}
{"target": -16.92636509640839, "params": {"C": 524670.3095990634, "gamma": 9.248087223196467}, "datetime": {"datetime": "2021-06-18 09:21:48", "elapsed": 37.805881, "delta": 0.327964}}
{"target": -20.235829038860437, "params": {"C": 263296.77122381417, "gamma": 0.6597043107311694}, "datetime": {"datetime": "2021-06-18 09:21:48", "elapsed": 38.135193, "delta": 0.329312}}
{"target": -16.317782387874708, "params": {"C": 735065.9635536035, "gamma": 7.721803077629513}, "datetime": {"datetime": "2021-06-18 09:21:49", "elapsed": 38.475619, "delta": 0.340426}}
{"target": -16.96381349230344, "params": {"C": 907815.8525957082, "gamma": 9.319727494761453}, "datetime": {"datetime": "2021-06-18 09:21:49", "elapsed": 38.858612, "delta": 0.382993}}
{"target": -15.532851394940089, "params": {"C": 13951.573961645441, "gamma": 2.343697425005593}, "datetime": {"datetime": "2021-06-18 09:21:49", "elapsed": 39.307316, "delta": 0.448704}}
{"target": -17.05161107904816, "params": {"C": 616778.3573848793, "gamma": 9.490168305244095}, "datetime": {"datetime": "2021-06-18 09:21:50", "elapsed": 39.766711, "delta": 0.459395}}
{"target": -15.35099923340995, "params": {"C": 669233.5941054355, "gamma": 4.912649375549635}, "datetime": {"datetime": "2021-06-18 09:21:51", "elapsed": 40.77308, "delta": 1.006369}}
{"target": -16.87524231815324, "params": {"C": 72.28478708156463, "gamma": 9.025580506301806}, "datetime": {"datetime": "2021-06-18 09:21:52", "elapsed": 41.646007, "delta": 0.872927}}
{"target": -15.5712545238757, "params": {"C": 151.47437813666275, "gamma": 5.725514601920392}, "datetime": {"datetime": "2021-06-18 09:21:53", "elapsed": 42.590987, "delta": 0.94498}}
{"target": -16.705000781209783, "params": {"C": 750971.8132274507, "gamma": 8.706583022085228}, "datetime": {"datetime": "2021-06-18 09:21:53", "elapsed": 43.332895, "delta": 0.741908}}
{"target": -15.869114958529181, "params": {"C": 186287.1522139538, "gamma": 1.9829564156223098}, "datetime": {"datetime": "2021-06-18 09:21:54", "elapsed": 44.180974, "delta": 0.848079}}
{"target": -16.416103640245872, "params": {"C": 885963.2157932787, "gamma": 7.962320650743126}, "datetime": {"datetime": "2021-06-18 09:21:55", "elapsed": 44.948222, "delta": 0.767248}}
{"target": -15.246680987924952, "params": {"C": 130.07317347753718, "gamma": 4.889110239600976}, "datetime": {"datetime": "2021-06-18 09:21:56", "elapsed": 46.028409, "delta": 1.080187}}
{"target": -16.794912683771845, "params": {"C": 66357.79428846504, "gamma": 8.950544040771993}, "datetime": {"datetime": "2021-06-18 09:21:57", "elapsed": 47.075617, "delta": 1.047208}}
{"target": -24.991843929905542, "params": {"C": 750916.9284594213, "gamma": 0.3998055340216995}, "datetime": {"datetime": "2021-06-18 09:21:58", "elapsed": 48.068483, "delta": 0.992866}}
{"target": -15.228656915758052, "params": {"C": 28295.56516554915, "gamma": 3.0417996859489245}, "datetime": {"datetime": "2021-06-18 09:21:59", "elapsed": 48.791154, "delta": 0.722671}}
{"target": -14.523520325573347, "params": {"C": 141.66176706468113, "gamma": 2.905088865564014}, "datetime": {"datetime": "2021-06-18 09:22:00", "elapsed": 49.700491, "delta": 0.909337}}
{"target": -16.300822173138798, "params": {"C": 103237.18758908799, "gamma": 7.675277739801727}, "datetime": {"datetime": "2021-06-18 09:22:01", "elapsed": 50.690057, "delta": 0.989566}}
{"target": -16.273115051056863, "params": {"C": 103216.46685987839, "gamma": 7.600495489983225}, "datetime": {"datetime": "2021-06-18 09:22:02", "elapsed": 51.60909, "delta": 0.919033}}
{"target": -15.347233608034779, "params": {"C": 908607.33017485, "gamma": 4.898365971338357}, "datetime": {"datetime": "2021-06-18 09:22:03", "elapsed": 52.617784, "delta": 1.008694}}
{"target": -16.397997245985866, "params": {"C": 124186.51317015079, "gamma": 7.918300671115776}, "datetime": {"datetime": "2021-06-18 09:22:04", "elapsed": 53.559387, "delta": 0.941603}}
{"target": -14.173716188606566, "params": {"C": 99.31804098103196, "gamma": 2.2169900704417795}, "datetime": {"datetime": "2021-06-18 09:22:05", "elapsed": 54.399229, "delta": 0.839842}}
{"target": -17.141545635972218, "params": {"C": 89.914860966365, "gamma": 9.56526427009855}, "datetime": {"datetime": "2021-06-18 09:22:05", "elapsed": 55.171952, "delta": 0.772723}}
{"target": -14.166869078646553, "params": {"C": 107.9373368113646, "gamma": 1.8182739834166315}, "datetime": {"datetime": "2021-06-18 09:22:06", "elapsed": 55.924247, "delta": 0.752295}}
