{"target": -11.700960526355765, "params": {"C": 5.4482506278548035, "gamma": 1.3097361791401714}, "datetime": {"datetime": "2021-06-20 12:00:42", "elapsed": 420.728188, "delta": 1.819972}}
{"target": -11.802546265254533, "params": {"C": 9.932482080503542, "gamma": 1.4520160808645024}, "datetime": {"datetime": "2021-06-20 12:00:44", "elapsed": 422.016038, "delta": 1.28785}}
{"target": -12.796803635233681, "params": {"C": 4.559740643724835, "gamma": 3.706270931207174}, "datetime": {"datetime": "2021-06-20 12:00:45", "elapsed": 423.497971, "delta": 1.481933}}
{"target": -13.633360401102626, "params": {"C": 9.998656894671067, "gamma": 4.258208442871487}, "datetime": {"datetime": "2021-06-20 12:00:47", "elapsed": 425.404041, "delta": 1.90607}}
{"target": -16.144289548289592, "params": {"C": 10.0, "gamma": 8.732500084004617}, "datetime": {"datetime": "2021-06-20 12:00:49", "elapsed": 427.61212, "delta": 2.208079}}
{"target": -12.068666381015145, "params": {"C": 2.225018749766932, "gamma": 1.9858150653374222}, "datetime": {"datetime": "2021-06-20 12:00:51", "elapsed": 429.199056, "delta": 1.586936}}
{"target": -34.07977881395457, "params": {"C": 0.001, "gamma": 8.659674323552528}, "datetime": {"datetime": "2021-06-20 12:00:53", "elapsed": 431.775406, "delta": 2.57635}}
{"target": -10.378185112330595, "params": {"C": 6.008127468107964, "gamma": 0.25054673853112097}, "datetime": {"datetime": "2021-06-20 12:00:56", "elapsed": 433.841799, "delta": 2.066393}}
{"target": -10.400219071050653, "params": {"C": 6.1547488443932, "gamma": 0.21015863961582998}, "datetime": {"datetime": "2021-06-20 12:00:58", "elapsed": 436.021877, "delta": 2.180078}}
{"target": -10.416932979798128, "params": {"C": 7.247004341058594, "gamma": 0.3610950831135695}, "datetime": {"datetime": "2021-06-20 12:01:00", "elapsed": 438.402558, "delta": 2.380681}}
{"target": -11.914389891332803, "params": {"C": 1.7369076314868828, "gamma": 1.701975828345857}, "datetime": {"datetime": "2021-06-20 12:01:02", "elapsed": 439.926445, "delta": 1.523887}}
{"target": -11.832672165344878, "params": {"C": 7.651494315264428, "gamma": 1.534089302627401}, "datetime": {"datetime": "2021-06-20 12:01:05", "elapsed": 443.140926, "delta": 3.214481}}
{"target": -11.311535529565614, "params": {"C": 3.0688301518091285, "gamma": 0.9192745257035259}, "datetime": {"datetime": "2021-06-20 12:01:07", "elapsed": 445.390759, "delta": 2.249833}}
{"target": -11.7894398600584, "params": {"C": 0.8874014146721699, "gamma": 1.3325528478313735}, "datetime": {"datetime": "2021-06-20 12:01:09", "elapsed": 447.45973, "delta": 2.068971}}
{"target": -10.526050969691198, "params": {"C": 3.9195524449788275, "gamma": 0.4318850490855857}, "datetime": {"datetime": "2021-06-20 12:01:11", "elapsed": 449.762386, "delta": 2.302656}}
{"target": -11.325418143692607, "params": {"C": 6.930433683901598, "gamma": 0.8333744836768876}, "datetime": {"datetime": "2021-06-20 12:01:13", "elapsed": 451.436039, "delta": 1.673653}}
{"target": -13.80605674010005, "params": {"C": 3.9929958480673364, "gamma": 5.637409561320657}, "datetime": {"datetime": "2021-06-20 12:01:14", "elapsed": 452.708943, "delta": 1.272904}}
{"target": -12.020700925427532, "params": {"C": 8.16174691307376, "gamma": 1.783695847754593}, "datetime": {"datetime": "2021-06-20 12:01:17", "elapsed": 454.789816, "delta": 2.080873}}
{"target": -12.410466430378586, "params": {"C": 3.146888951694706, "gamma": 2.7494428204140564}, "datetime": {"datetime": "2021-06-20 12:01:18", "elapsed": 456.614906, "delta": 1.82509}}
{"target": -12.49379026220931, "params": {"C": 8.181023617708103, "gamma": 2.6987419818668976}, "datetime": {"datetime": "2021-06-20 12:01:20", "elapsed": 458.518594, "delta": 1.903688}}
{"target": -11.882956411385456, "params": {"C": 3.6073168585950555, "gamma": 1.6539678758638923}, "datetime": {"datetime": "2021-06-20 12:01:22", "elapsed": 460.555105, "delta": 2.036511}}
{"target": -14.782987887611036, "params": {"C": 0.9544759761268032, "gamma": 6.890423235715274}, "datetime": {"datetime": "2021-06-20 12:01:24", "elapsed": 461.883799, "delta": 1.328694}}
{"target": -11.785015745390542, "params": {"C": 6.675728562512562, "gamma": 1.486557885019287}, "datetime": {"datetime": "2021-06-20 12:01:25", "elapsed": 463.13392, "delta": 1.250121}}
{"target": -17.75014102923725, "params": {"C": 0.04377970464341454, "gamma": 4.387223850964721}, "datetime": {"datetime": "2021-06-20 12:01:27", "elapsed": 465.083584, "delta": 1.949664}}
{"target": -10.582928106452599, "params": {"C": 2.8327652535230543, "gamma": 0.38609808761828407}, "datetime": {"datetime": "2021-06-20 12:01:29", "elapsed": 467.457997, "delta": 2.374413}}
{"target": -13.19628152527519, "params": {"C": 8.305644599410773, "gamma": 3.8785580299066584}, "datetime": {"datetime": "2021-06-20 12:01:31", "elapsed": 469.684769, "delta": 2.226772}}
{"target": -16.054403745736888, "params": {"C": 2.8956815400998006, "gamma": 9.077369702818197}, "datetime": {"datetime": "2021-06-20 12:01:33", "elapsed": 470.94751, "delta": 1.262741}}
{"target": -10.621522975368213, "params": {"C": 3.523924365000481, "gamma": 0.5300239533476282}, "datetime": {"datetime": "2021-06-20 12:01:35", "elapsed": 473.118775, "delta": 2.171265}}
{"target": -13.080933216338108, "params": {"C": 3.9238607477419203, "gamma": 4.438759804120185}, "datetime": {"datetime": "2021-06-20 12:01:37", "elapsed": 474.849555, "delta": 1.73078}}
{"target": -14.516999731363118, "params": {"C": 7.6725028346962985, "gamma": 6.128603831825491}, "datetime": {"datetime": "2021-06-20 12:01:39", "elapsed": 476.806352, "delta": 1.956797}}
{"target": -12.864558733654539, "params": {"C": 2.5286388864306883, "gamma": 4.0181811544980075}, "datetime": {"datetime": "2021-06-20 12:01:40", "elapsed": 478.595312, "delta": 1.78896}}
{"target": -11.635398820501615, "params": {"C": 5.8232215975525525, "gamma": 1.1856115368910707}, "datetime": {"datetime": "2021-06-20 12:01:42", "elapsed": 480.212542, "delta": 1.61723}}
{"target": -12.472847384644439, "params": {"C": 4.7007843747879985, "gamma": 2.7985899757163573}, "datetime": {"datetime": "2021-06-20 12:01:44", "elapsed": 482.278727, "delta": 2.066185}}
{"target": -10.43334652410945, "params": {"C": 4.7401556714788535, "gamma": 0.33213775204409585}, "datetime": {"datetime": "2021-06-20 12:01:46", "elapsed": 483.823641, "delta": 1.544914}}
{"target": -16.67545518877254, "params": {"C": 6.983802217439038, "gamma": 9.979849096138048}, "datetime": {"datetime": "2021-06-20 12:01:48", "elapsed": 486.229636, "delta": 2.405995}}
{"target": -12.453085819844297, "params": {"C": 6.189229755833271, "gamma": 2.6795501818010448}, "datetime": {"datetime": "2021-06-20 12:01:50", "elapsed": 488.007747, "delta": 1.778111}}
{"target": -12.28130820461715, "params": {"C": 8.932473809661646, "gamma": 2.2186633129016164}, "datetime": {"datetime": "2021-06-20 12:01:52", "elapsed": 490.107682, "delta": 2.099935}}
{"target": -13.850533641365692, "params": {"C": 2.9843997016902843, "gamma": 5.753894382630482}, "datetime": {"datetime": "2021-06-20 12:01:54", "elapsed": 491.804636, "delta": 1.696954}}
{"target": -14.36446261439292, "params": {"C": 2.073174221847101, "gamma": 6.513622216614143}, "datetime": {"datetime": "2021-06-20 12:01:55", "elapsed": 493.082352, "delta": 1.277716}}
{"target": -10.660290166005353, "params": {"C": 2.7314469342194214, "gamma": 0.23341754939606688}, "datetime": {"datetime": "2021-06-20 12:01:57", "elapsed": 495.427858, "delta": 2.345506}}
{"target": -10.364974440027943, "params": {"C": 9.4088735443417, "gamma": 0.320844688257156}, "datetime": {"datetime": "2021-06-20 12:01:59", "elapsed": 497.54771, "delta": 2.119852}}
{"target": -10.363002142948577, "params": {"C": 9.165542901422718, "gamma": 0.17421445372819164}, "datetime": {"datetime": "2021-06-20 12:02:01", "elapsed": 499.339496, "delta": 1.791786}}
{"target": -11.156565161496246, "params": {"C": 6.709820829920812, "gamma": 0.7325440361827974}, "datetime": {"datetime": "2021-06-20 12:02:02", "elapsed": 500.697578, "delta": 1.358082}}
{"target": -13.54753035989891, "params": {"C": 1.5728200210189003, "gamma": 5.239899277085541}, "datetime": {"datetime": "2021-06-20 12:02:05", "elapsed": 503.112344, "delta": 2.414766}}
{"target": -15.722760196372498, "params": {"C": 3.981497342106241, "gamma": 8.359556775596857}, "datetime": {"datetime": "2021-06-20 12:02:06", "elapsed": 504.489813, "delta": 1.377469}}
{"target": -13.031589972424271, "params": {"C": 6.060116242974166, "gamma": 3.971720749757322}, "datetime": {"datetime": "2021-06-20 12:02:08", "elapsed": 506.551202, "delta": 2.061389}}
{"target": -12.565950305294713, "params": {"C": 3.9007814395188545, "gamma": 3.086083992304026}, "datetime": {"datetime": "2021-06-20 12:02:10", "elapsed": 508.493336, "delta": 1.942134}}
{"target": -14.490397511820136, "params": {"C": 5.145772205671209, "gamma": 6.4186895459338675}, "datetime": {"datetime": "2021-06-20 12:02:12", "elapsed": 510.691067, "delta": 2.197731}}
{"target": -12.46811405522055, "params": {"C": 0.43030513483188576, "gamma": 2.0357862209825996}, "datetime": {"datetime": "2021-06-20 12:02:14", "elapsed": 512.155658, "delta": 1.464591}}
{"target": -12.230986482418015, "params": {"C": 6.741828225273336, "gamma": 2.1841672982309976}, "datetime": {"datetime": "2021-06-20 12:02:16", "elapsed": 514.236432, "delta": 2.080774}}
{"target": -11.748428542634098, "params": {"C": 8.70756151365069, "gamma": 1.3766874007808523}, "datetime": {"datetime": "2021-06-20 12:02:18", "elapsed": 515.975182, "delta": 1.73875}}
{"target": -15.261627293926638, "params": {"C": 4.992033835143021, "gamma": 7.508042808459388}, "datetime": {"datetime": "2021-06-20 12:02:20", "elapsed": 518.091829, "delta": 2.116647}}
{"target": -12.10750739199046, "params": {"C": 5.674998931253734, "gamma": 2.002963819426417}, "datetime": {"datetime": "2021-06-20 12:02:22", "elapsed": 519.815779, "delta": 1.72395}}
{"target": -12.560541229835945, "params": {"C": 2.6388170605495542, "gamma": 3.1546707504208364}, "datetime": {"datetime": "2021-06-20 12:02:24", "elapsed": 522.570779, "delta": 2.755}}
{"target": -11.873458183603642, "params": {"C": 2.9279095779092716, "gamma": 1.6444664587758095}, "datetime": {"datetime": "2021-06-20 12:02:27", "elapsed": 525.074926, "delta": 2.504147}}
{"target": -11.909387332890315, "params": {"C": 4.382639511803993, "gamma": 1.7054525687311934}, "datetime": {"datetime": "2021-06-20 12:02:30", "elapsed": 528.605264, "delta": 3.530338}}
{"target": -12.479853798536798, "params": {"C": 1.3216790952993787, "gamma": 2.9707636932088315}, "datetime": {"datetime": "2021-06-20 12:02:32", "elapsed": 530.692953, "delta": 2.087689}}
{"target": -16.15804988006397, "params": {"C": 6.157660650070597, "gamma": 8.994012620513242}, "datetime": {"datetime": "2021-06-20 12:02:35", "elapsed": 532.843069, "delta": 2.150116}}
{"target": -11.34765518503706, "params": {"C": 1.6616160677002572, "gamma": 0.9899159876804671}, "datetime": {"datetime": "2021-06-20 12:02:37", "elapsed": 534.95371, "delta": 2.110641}}
{"target": -10.419972633228799, "params": {"C": 5.447490050464395, "gamma": 0.22192383561896975}, "datetime": {"datetime": "2021-06-20 12:02:39", "elapsed": 537.087052, "delta": 2.133342}}
{"target": -12.957027959712441, "params": {"C": 9.991357113003625, "gamma": 3.3410615302768427}, "datetime": {"datetime": "2021-06-20 12:02:41", "elapsed": 539.344601, "delta": 2.257549}}
{"target": -13.162900760959031, "params": {"C": 3.2229056347721055, "gamma": 4.723385915047067}, "datetime": {"datetime": "2021-06-20 12:02:43", "elapsed": 541.275008, "delta": 1.930407}}
{"target": -10.569788884749585, "params": {"C": 5.377976343987528, "gamma": 0.1467340413728855}, "datetime": {"datetime": "2021-06-20 12:02:46", "elapsed": 543.796508, "delta": 2.5215}}
{"target": -13.933062861212953, "params": {"C": 5.589377293644498, "gamma": 5.592343390529906}, "datetime": {"datetime": "2021-06-20 12:02:47", "elapsed": 545.692701, "delta": 1.896193}}
{"target": -12.97191326733445, "params": {"C": 1.838314466619813, "gamma": 4.328058456603606}, "datetime": {"datetime": "2021-06-20 12:02:49", "elapsed": 547.121596, "delta": 1.428895}}
{"target": -14.911002222905854, "params": {"C": 9.998330990078353, "gamma": 6.466732113350355}, "datetime": {"datetime": "2021-06-20 12:02:51", "elapsed": 549.329872, "delta": 2.208276}}
{"target": -10.559482162991598, "params": {"C": 7.455459874465587, "gamma": 0.11373562660122044}, "datetime": {"datetime": "2021-06-20 12:02:53", "elapsed": 551.651031, "delta": 2.321159}}
{"target": -12.173992514556872, "params": {"C": 1.7943095640252027, "gamma": 2.202542156412882}, "datetime": {"datetime": "2021-06-20 12:02:55", "elapsed": 553.622888, "delta": 1.971857}}
{"target": -11.51399191769846, "params": {"C": 8.864919590263412, "gamma": 0.9819607294986044}, "datetime": {"datetime": "2021-06-20 12:02:58", "elapsed": 556.01029, "delta": 2.387402}}
{"target": -13.283732305281287, "params": {"C": 4.707527479259973, "gamma": 4.65057379616847}, "datetime": {"datetime": "2021-06-20 12:03:00", "elapsed": 558.557868, "delta": 2.547578}}
{"target": -11.050307199109664, "params": {"C": 1.4841187268104494, "gamma": 0.7144800801897973}, "datetime": {"datetime": "2021-06-20 12:03:02", "elapsed": 560.710531, "delta": 2.152663}}
{"target": -16.318043684679356, "params": {"C": 5.141419539880925, "gamma": 9.363249072574382}, "datetime": {"datetime": "2021-06-20 12:03:05", "elapsed": 563.148603, "delta": 2.438072}}
{"target": -12.346532084376545, "params": {"C": 1.6024152674156236, "gamma": 2.613812118740464}, "datetime": {"datetime": "2021-06-20 12:03:06", "elapsed": 564.640827, "delta": 1.492224}}
{"target": -12.200683694760304, "params": {"C": 9.98084636562974, "gamma": 2.041720004262224}, "datetime": {"datetime": "2021-06-20 12:03:08", "elapsed": 566.670521, "delta": 2.029694}}
{"target": -10.453385370954004, "params": {"C": 8.33811195420276, "gamma": 0.38138272852090255}, "datetime": {"datetime": "2021-06-20 12:03:11", "elapsed": 569.03345, "delta": 2.362929}}
{"target": -15.30993454157647, "params": {"C": 6.592260931822579, "gamma": 7.457449722606291}, "datetime": {"datetime": "2021-06-20 12:03:13", "elapsed": 571.618163, "delta": 2.584713}}
{"target": -11.224652385459292, "params": {"C": 4.26362127752306, "gamma": 0.820363854585889}, "datetime": {"datetime": "2021-06-20 12:03:16", "elapsed": 573.816052, "delta": 2.197889}}
{"target": -12.247612256328418, "params": {"C": 2.5946055721514094, "gamma": 2.401472058513592}, "datetime": {"datetime": "2021-06-20 12:03:19", "elapsed": 576.976329, "delta": 3.160277}}
{"target": -14.930626978021108, "params": {"C": 1.8883388330202289, "gamma": 7.3359819991021915}, "datetime": {"datetime": "2021-06-20 12:03:21", "elapsed": 579.432836, "delta": 2.456507}}
{"target": -10.378270760807254, "params": {"C": 8.797257062322707, "gamma": 0.3312002481914156}, "datetime": {"datetime": "2021-06-20 12:03:24", "elapsed": 582.518468, "delta": 3.085632}}
{"target": -10.52033139438733, "params": {"C": 3.906429310170799, "gamma": 0.2370858467373629}, "datetime": {"datetime": "2021-06-20 12:03:26", "elapsed": 584.195082, "delta": 1.676614}}
{"target": -12.24648330018432, "params": {"C": 8.405650722834693, "gamma": 2.163537812758306}, "datetime": {"datetime": "2021-06-20 12:03:29", "elapsed": 587.0004, "delta": 2.805318}}
{"target": -15.464963662551801, "params": {"C": 8.942824020225379, "gamma": 7.473203097732776}, "datetime": {"datetime": "2021-06-20 12:03:31", "elapsed": 589.317546, "delta": 2.317146}}
{"target": -12.3305762065967, "params": {"C": 9.428728043353932, "gamma": 2.3084295995544544}, "datetime": {"datetime": "2021-06-20 12:03:34", "elapsed": 592.607575, "delta": 3.290029}}
{"target": -13.427440661377766, "params": {"C": 7.736097493789081, "gamma": 4.283218115714007}, "datetime": {"datetime": "2021-06-20 12:03:37", "elapsed": 595.096479, "delta": 2.488904}}
{"target": -16.741715470517004, "params": {"C": 9.128212689460305, "gamma": 10.0}, "datetime": {"datetime": "2021-06-20 12:03:39", "elapsed": 597.129398, "delta": 2.032919}}
{"target": -11.590814004256133, "params": {"C": 9.553038322040319, "gamma": 1.0852689098241355}, "datetime": {"datetime": "2021-06-20 12:03:41", "elapsed": 599.005491, "delta": 1.876093}}
{"target": -10.618108571232614, "params": {"C": 10.0, "gamma": 0.07500414795044089}, "datetime": {"datetime": "2021-06-20 12:03:43", "elapsed": 601.550336, "delta": 2.544845}}
{"target": -11.61205827409799, "params": {"C": 3.4485520633267237, "gamma": 1.1950127982345995}, "datetime": {"datetime": "2021-06-20 12:03:46", "elapsed": 604.300309, "delta": 2.749973}}
{"target": -13.196224091826538, "params": {"C": 0.5308590306253639, "gamma": 3.9814370578670104}, "datetime": {"datetime": "2021-06-20 12:03:48", "elapsed": 605.827935, "delta": 1.527626}}
{"target": -11.693854916016317, "params": {"C": 1.8539059648050669, "gamma": 1.3882340924393453}, "datetime": {"datetime": "2021-06-20 12:03:50", "elapsed": 608.227425, "delta": 2.39949}}
{"target": -12.768748851442362, "params": {"C": 8.477171531675868, "gamma": 3.2020520512400434}, "datetime": {"datetime": "2021-06-20 12:03:54", "elapsed": 611.89044, "delta": 3.663015}}
{"target": -12.729075126042714, "params": {"C": 6.350746860823901, "gamma": 3.330917418405272}, "datetime": {"datetime": "2021-06-20 12:03:56", "elapsed": 614.692228, "delta": 2.801788}}
{"target": -12.289052964516102, "params": {"C": 3.5902657529607294, "gamma": 2.4567485875192525}, "datetime": {"datetime": "2021-06-20 12:04:00", "elapsed": 617.879049, "delta": 3.186821}}
{"target": -13.805752714566275, "params": {"C": 2.207495229632168, "gamma": 5.715555406693946}, "datetime": {"datetime": "2021-06-20 12:04:02", "elapsed": 619.883531, "delta": 2.004482}}
{"target": -12.522671696488342, "params": {"C": 7.604351530791639, "gamma": 2.7906962926734162}, "datetime": {"datetime": "2021-06-20 12:04:04", "elapsed": 622.243343, "delta": 2.359812}}
{"target": -11.693139037049944, "params": {"C": 4.620669909078186, "gamma": 1.3078841038666615}, "datetime": {"datetime": "2021-06-20 12:04:07", "elapsed": 624.816048, "delta": 2.572705}}
{"target": -12.628585768892808, "params": {"C": 5.053556866087807, "gamma": 3.1948442203282235}, "datetime": {"datetime": "2021-06-20 12:04:09", "elapsed": 626.979476, "delta": 2.163428}}
{"target": -10.353816490270601, "params": {"C": 7.333560058469039, "gamma": 0.22591297389632273}, "datetime": {"datetime": "2021-06-20 12:04:12", "elapsed": 630.001212, "delta": 3.021736}}
{"target": -10.553524120084994, "params": {"C": 3.1601420157699858, "gamma": 0.41090310609628394}, "datetime": {"datetime": "2021-06-20 12:04:15", "elapsed": 633.001185, "delta": 2.999973}}
{"target": -29.630601465917035, "params": {"C": 0.001, "gamma": 1.8052789500973385}, "datetime": {"datetime": "2021-06-20 12:04:17", "elapsed": 635.171865, "delta": 2.17068}}
{"target": -11.883669734094621, "params": {"C": 0.46494142479721123, "gamma": 1.1211285039298138}, "datetime": {"datetime": "2021-06-20 12:04:19", "elapsed": 637.193969, "delta": 2.022104}}
{"target": -12.291617002676801, "params": {"C": 0.6719503816296891, "gamma": 2.218500316355777}, "datetime": {"datetime": "2021-06-20 12:04:22", "elapsed": 640.229552, "delta": 3.035583}}
{"target": -10.433742560015553, "params": {"C": 6.217669104580094, "gamma": 0.36851636816711253}, "datetime": {"datetime": "2021-06-20 12:04:25", "elapsed": 642.852648, "delta": 2.623096}}
{"target": -11.467694413773092, "params": {"C": 3.8174613252050262, "gamma": 1.0221684322762847}, "datetime": {"datetime": "2021-06-20 12:04:27", "elapsed": 645.23895, "delta": 2.386302}}
{"target": -10.587666052837207, "params": {"C": 3.789740432739452, "gamma": 0.49950543269404274}, "datetime": {"datetime": "2021-06-20 12:04:29", "elapsed": 647.063573, "delta": 1.824623}}
{"target": -10.453937243967685, "params": {"C": 4.3275355187732965, "gamma": 0.3442202936561057}, "datetime": {"datetime": "2021-06-20 12:04:31", "elapsed": 649.195276, "delta": 2.131703}}
{"target": -10.428529985507069, "params": {"C": 8.188653656180266, "gamma": 0.3729803154405232}, "datetime": {"datetime": "2021-06-20 12:04:33", "elapsed": 651.729376, "delta": 2.5341}}
{"target": -10.349324831298128, "params": {"C": 7.449131874716267, "gamma": 0.2383080339719326}, "datetime": {"datetime": "2021-06-20 12:04:36", "elapsed": 654.378978, "delta": 2.649602}}
{"target": -13.226465217773983, "params": {"C": 0.11451794161634317, "gamma": 1.0034243587724883}, "datetime": {"datetime": "2021-06-20 12:04:39", "elapsed": 657.241667, "delta": 2.862689}}
{"target": -11.975723873122611, "params": {"C": 0.6017924266792678, "gamma": 1.4060278491268043}, "datetime": {"datetime": "2021-06-20 12:04:41", "elapsed": 659.613729, "delta": 2.372062}}
{"target": -12.344977788916529, "params": {"C": 5.770479154058643, "gamma": 2.452720585285588}, "datetime": {"datetime": "2021-06-20 12:04:44", "elapsed": 662.06411, "delta": 2.450381}}
{"target": -36.20139638530913, "params": {"C": 0.001, "gamma": 0.001}, "datetime": {"datetime": "2021-06-20 12:04:46", "elapsed": 664.67373, "delta": 2.60962}}
{"target": -10.875783378963614, "params": {"C": 7.710051585943365, "gamma": 0.5811528840518523}, "datetime": {"datetime": "2021-06-20 12:04:49", "elapsed": 666.951203, "delta": 2.277473}}
{"target": -10.330618518405002, "params": {"C": 8.735613943314918, "gamma": 0.21970479517005348}, "datetime": {"datetime": "2021-06-20 12:04:51", "elapsed": 669.348461, "delta": 2.397258}}
{"target": -14.809128224058476, "params": {"C": 9.342132532780054, "gamma": 6.3717236930802805}, "datetime": {"datetime": "2021-06-20 12:04:53", "elapsed": 670.966359, "delta": 1.617898}}
{"target": -10.393287659937652, "params": {"C": 10.0, "gamma": 0.3428102564857321}, "datetime": {"datetime": "2021-06-20 12:04:55", "elapsed": 673.568794, "delta": 2.602435}}
