{"target": -15.216198324036096, "params": {"C": 124150.08842596195, "gamma": 3.9483628771860126}, "datetime": {"datetime": "2021-06-18 10:54:31", "elapsed": 5600.700186, "delta": 8.611199}}
{"target": -16.21246466233134, "params": {"C": 449921.48128514946, "gamma": 1.7191989160978864}, "datetime": {"datetime": "2021-06-18 10:54:49", "elapsed": 5618.436286, "delta": 17.7361}}
{"target": -16.493809781165627, "params": {"C": 944591.2770674402, "gamma": 8.154266913441896}, "datetime": {"datetime": "2021-06-18 10:55:00", "elapsed": 5630.337844, "delta": 11.901558}}
{"target": -15.509774331775192, "params": {"C": 408139.1434426734, "gamma": 2.4004299882752584}, "datetime": {"datetime": "2021-06-18 10:55:08", "elapsed": 5638.035017, "delta": 7.697173}}
{"target": -15.236767449011438, "params": {"C": 28289.97516665486, "gamma": 4.251721335555933}, "datetime": {"datetime": "2021-06-18 10:55:25", "elapsed": 5655.280569, "delta": 17.245552}}
{"target": -15.681521347241112, "params": {"C": 663462.2374267237, "gamma": 6.010590852491619}, "datetime": {"datetime": "2021-06-18 10:55:35", "elapsed": 5664.778338, "delta": 9.497769}}
{"target": -15.599596301084631, "params": {"C": 663772.7251805653, "gamma": 5.7686656453846465}, "datetime": {"datetime": "2021-06-18 10:55:44", "elapsed": 5673.962652, "delta": 9.184314}}
{"target": -18.74515334374184, "params": {"C": 663456.8536729645, "gamma": 0.8371851244356385}, "datetime": {"datetime": "2021-06-18 10:55:53", "elapsed": 5682.851262, "delta": 8.88861}}
{"target": -16.32645677454667, "params": {"C": 606323.8245773292, "gamma": 7.745665244337505}, "datetime": {"datetime": "2021-06-18 10:56:20", "elapsed": 5709.643665, "delta": 26.792403}}
{"target": -15.982007291435089, "params": {"C": 606349.1722291851, "gamma": 6.875340553894429}, "datetime": {"datetime": "2021-06-18 10:56:40", "elapsed": 5729.515997, "delta": 19.872332}}
{"target": -15.214787799619495, "params": {"C": 193431.18791818558, "gamma": 3.9259323753006274}, "datetime": {"datetime": "2021-06-18 10:56:48", "elapsed": 5737.598257, "delta": 8.08226}}
{"target": -15.194736351707153, "params": {"C": 669230.0911052594, "gamma": 3.58360003861164}, "datetime": {"datetime": "2021-06-18 10:56:56", "elapsed": 5746.090743, "delta": 8.492486}}
{"target": -18.459784741433268, "params": {"C": 193431.12136884726, "gamma": 0.8895517773220064}, "datetime": {"datetime": "2021-06-18 10:57:12", "elapsed": 5761.427185, "delta": 15.336442}}
{"target": -15.197615020874943, "params": {"C": 98337.09357413006, "gamma": 3.6453662543915213}, "datetime": {"datetime": "2021-06-18 10:57:27", "elapsed": 5776.900948, "delta": 15.473763}}
{"target": -15.48614986237245, "params": {"C": 239894.24555075698, "gamma": 5.404316605657432}, "datetime": {"datetime": "2021-06-18 10:57:40", "elapsed": 5789.79076, "delta": 12.889812}}
{"target": -14.438531510882244, "params": {"C": 102.13863424360711, "gamma": 3.1378237379281146}, "datetime": {"datetime": "2021-06-18 10:57:53", "elapsed": 5802.427977, "delta": 12.637217}}
{"target": -15.232137519278893, "params": {"C": 186245.23751373525, "gamma": 4.1792235495452354}, "datetime": {"datetime": "2021-06-18 10:58:02", "elapsed": 5811.775933, "delta": 9.347956}}
{"target": -15.643466285236403, "params": {"C": 629695.1333753861, "gamma": 2.2249827186387616}, "datetime": {"datetime": "2021-06-18 10:58:13", "elapsed": 5823.018704, "delta": 11.242771}}
{"target": -13.300813579747023, "params": {"C": 132.25695505469915, "gamma": 0.775688623523444}, "datetime": {"datetime": "2021-06-18 10:58:27", "elapsed": 5836.66573, "delta": 13.647026}}
{"target": -15.33070050791284, "params": {"C": 417292.34596675145, "gamma": 4.836227495711557}, "datetime": {"datetime": "2021-06-18 10:58:39", "elapsed": 5848.851363, "delta": 12.185633}}
{"target": -15.260466091329613, "params": {"C": 124152.4019262391, "gamma": 2.9134832828652666}, "datetime": {"datetime": "2021-06-18 10:58:56", "elapsed": 5866.095199, "delta": 17.243836}}
{"target": -15.220317289043987, "params": {"C": 606350.3072565445, "gamma": 4.007426831865571}, "datetime": {"datetime": "2021-06-18 10:59:05", "elapsed": 5875.283403, "delta": 9.188204}}
{"target": -15.276731625710422, "params": {"C": 326625.4570248218, "gamma": 2.8529103147390042}, "datetime": {"datetime": "2021-06-18 10:59:14", "elapsed": 5883.656211, "delta": 8.372808}}
{"target": -13.70742740526047, "params": {"C": 167.8623917961468, "gamma": 0.7914793041789012}, "datetime": {"datetime": "2021-06-18 10:59:38", "elapsed": 5908.013028, "delta": 24.356817}}
{"target": -16.27115223264717, "params": {"C": 124149.65840093856, "gamma": 7.595276359402635}, "datetime": {"datetime": "2021-06-18 10:59:48", "elapsed": 5918.076499, "delta": 10.063471}}
{"target": -16.957041830609363, "params": {"C": 663464.2137625023, "gamma": 9.30672208415753}, "datetime": {"datetime": "2021-06-18 10:59:56", "elapsed": 5926.346353, "delta": 8.269854}}
{"target": -15.244245019271819, "params": {"C": 98345.02889846597, "gamma": 4.320986626141942}, "datetime": {"datetime": "2021-06-18 11:00:07", "elapsed": 5936.504592, "delta": 10.158239}}
{"target": -16.031207177110847, "params": {"C": 957897.5001328917, "gamma": 6.993370916272892}, "datetime": {"datetime": "2021-06-18 11:00:29", "elapsed": 5958.684816, "delta": 22.180224}}
{"target": -15.228469872593505, "params": {"C": 124154.1043338446, "gamma": 4.127707728042264}, "datetime": {"datetime": "2021-06-18 11:00:47", "elapsed": 5976.896638, "delta": 18.211822}}
{"target": -15.539745860765242, "params": {"C": 629703.8840514212, "gamma": 2.3601626830754285}, "datetime": {"datetime": "2021-06-18 11:00:58", "elapsed": 5987.406664, "delta": 10.510026}}
{"target": -16.133463076469155, "params": {"C": 417292.30310936604, "gamma": 1.774658463865822}, "datetime": {"datetime": "2021-06-18 11:01:15", "elapsed": 6005.026143, "delta": 17.619479}}
{"target": -11.722504928345232, "params": {"C": 85.60820133631503, "gamma": 0.5768677655325798}, "datetime": {"datetime": "2021-06-18 11:01:39", "elapsed": 6029.096605, "delta": 24.070462}}
{"target": -16.091906339920882, "params": {"C": 663452.6346356001, "gamma": 7.138418402244461}, "datetime": {"datetime": "2021-06-18 11:01:52", "elapsed": 6042.169622, "delta": 13.073017}}
{"target": -16.366869479317188, "params": {"C": 13950.77433279, "gamma": 7.8423352854047845}, "datetime": {"datetime": "2021-06-18 11:02:08", "elapsed": 6058.087822, "delta": 15.9182}}
{"target": -14.971402930251418, "params": {"C": 154.54806966644014, "gamma": 3.9431575901384703}, "datetime": {"datetime": "2021-06-18 11:02:24", "elapsed": 6073.383803, "delta": 15.295981}}
{"target": -15.533121538190505, "params": {"C": 239873.76332591684, "gamma": 5.571766152527426}, "datetime": {"datetime": "2021-06-18 11:02:34", "elapsed": 6084.240476, "delta": 10.856673}}
{"target": -15.287330940277819, "params": {"C": 663766.3987462918, "gamma": 4.674448863248311}, "datetime": {"datetime": "2021-06-18 11:02:53", "elapsed": 6103.196597, "delta": 18.956121}}
{"target": -16.680431637181748, "params": {"C": 860047.155547471, "gamma": 8.639975015416601}, "datetime": {"datetime": "2021-06-18 11:03:18", "elapsed": 6127.510917, "delta": 24.31432}}
{"target": -15.649943297098506, "params": {"C": 908613.0247767832, "gamma": 5.917379900068752}, "datetime": {"datetime": "2021-06-18 11:03:30", "elapsed": 6139.393688, "delta": 11.882771}}
{"target": -15.207502972535345, "params": {"C": 807096.7345627174, "gamma": 3.810178787609995}, "datetime": {"datetime": "2021-06-18 11:03:46", "elapsed": 6155.834078, "delta": 16.44039}}
{"target": -14.605108075078832, "params": {"C": 161.78818082057737, "gamma": 2.9013532859084563}, "datetime": {"datetime": "2021-06-18 11:04:03", "elapsed": 6172.842819, "delta": 17.008741}}
{"target": -15.239034589741825, "params": {"C": 903380.5520153872, "gamma": 4.269532115017146}, "datetime": {"datetime": "2021-06-18 11:04:16", "elapsed": 6186.16766, "delta": 13.324841}}
{"target": -16.37483468942163, "params": {"C": 669218.1027075185, "gamma": 7.862758212884513}, "datetime": {"datetime": "2021-06-18 11:04:28", "elapsed": 6197.966344, "delta": 11.798684}}
{"target": -10.405396953891422, "params": {"C": 145.77384906735986, "gamma": 0.2124613849674528}, "datetime": {"datetime": "2021-06-18 11:04:40", "elapsed": 6209.407793, "delta": 11.441449}}
{"target": -15.428340605870739, "params": {"C": 860022.2026987526, "gamma": 2.5158585849208155}, "datetime": {"datetime": "2021-06-18 11:04:56", "elapsed": 6225.865096, "delta": 16.457303}}
{"target": -13.834691914746925, "params": {"C": 82.36464609316806, "gamma": 1.5545104377503636}, "datetime": {"datetime": "2021-06-18 11:05:06", "elapsed": 6235.828498, "delta": 9.963402}}
{"target": -12.012729384483091, "params": {"C": 96.98798483100664, "gamma": 0.6019510157929853}, "datetime": {"datetime": "2021-06-18 11:05:36", "elapsed": 6265.456866, "delta": 29.628368}}
{"target": -15.429400843332838, "params": {"C": 326620.61682394205, "gamma": 2.513188740630465}, "datetime": {"datetime": "2021-06-18 11:06:00", "elapsed": 6290.211525, "delta": 24.754659}}
{"target": -15.24619585237149, "params": {"C": 239891.74067888924, "gamma": 2.97681450309875}, "datetime": {"datetime": "2021-06-18 11:06:14", "elapsed": 6304.329666, "delta": 14.118141}}
{"target": -15.24374423999758, "params": {"C": 663451.5147013887, "gamma": 4.314882096085327}, "datetime": {"datetime": "2021-06-18 11:06:38", "elapsed": 6327.437519, "delta": 23.107853}}
{"target": -15.559572311539194, "params": {"C": 408153.6948871972, "gamma": 5.649308485975813}, "datetime": {"datetime": "2021-06-18 11:06:56", "elapsed": 6346.060973, "delta": 18.623454}}
{"target": -14.940203453657105, "params": {"C": 83.22822631818944, "gamma": 4.410275221303219}, "datetime": {"datetime": "2021-06-18 11:07:11", "elapsed": 6360.503677, "delta": 14.442704}}
{"target": -13.23845322666148, "params": {"C": 147.97391901737825, "gamma": 0.7051646650053855}, "datetime": {"datetime": "2021-06-18 11:07:24", "elapsed": 6373.900765, "delta": 13.397088}}
{"target": -16.18702690686607, "params": {"C": 908588.67459166, "gamma": 7.375415105725131}, "datetime": {"datetime": "2021-06-18 11:07:36", "elapsed": 6386.24033, "delta": 12.339565}}
{"target": -15.203313904565691, "params": {"C": 13969.315476083804, "gamma": 3.7780003941341262}, "datetime": {"datetime": "2021-06-18 11:07:54", "elapsed": 6404.253441, "delta": 18.013111}}
{"target": -17.005879770718757, "params": {"C": 103230.54849677828, "gamma": 9.400822136999242}, "datetime": {"datetime": "2021-06-18 11:08:06", "elapsed": 6415.62783, "delta": 11.374389}}
{"target": -15.502769871258323, "params": {"C": 629686.5979105805, "gamma": 5.465033649643815}, "datetime": {"datetime": "2021-06-18 11:08:24", "elapsed": 6433.839527, "delta": 18.211697}}
{"target": -17.640997861294295, "params": {"C": 903378.2558525982, "gamma": 1.0857110640421102}, "datetime": {"datetime": "2021-06-18 11:08:43", "elapsed": 6452.777808, "delta": 18.938281}}
{"target": -15.935927128275118, "params": {"C": 629682.8918259784, "gamma": 6.7614754018820875}, "datetime": {"datetime": "2021-06-18 11:09:07", "elapsed": 6476.472212, "delta": 23.694404}}
{"target": -15.20624626965667, "params": {"C": 750950.1449830171, "gamma": 3.19897626695358}, "datetime": {"datetime": "2021-06-18 11:09:20", "elapsed": 6490.090512, "delta": 13.6183}}
{"target": -12.71770284147649, "params": {"C": 127.98556530995955, "gamma": 0.6496337180562648}, "datetime": {"datetime": "2021-06-18 11:09:40", "elapsed": 6509.634691, "delta": 19.544179}}
{"target": -15.231577613798455, "params": {"C": 98352.36750608977, "gamma": 4.172531040341844}, "datetime": {"datetime": "2021-06-18 11:10:11", "elapsed": 6540.812517, "delta": 31.177826}}
{"target": -15.69299785258608, "params": {"C": 239826.38659936484, "gamma": 6.044815872173477}, "datetime": {"datetime": "2021-06-18 11:10:29", "elapsed": 6558.712421, "delta": 17.899904}}
{"target": -15.193320733566543, "params": {"C": 629688.1784928947, "gamma": 3.418218872124762}, "datetime": {"datetime": "2021-06-18 11:10:42", "elapsed": 6572.002127, "delta": 13.289706}}
{"target": -15.599123526112605, "params": {"C": 239884.50511947775, "gamma": 5.767212084583254}, "datetime": {"datetime": "2021-06-18 11:11:12", "elapsed": 6601.958548, "delta": 29.956421}}
{"target": -15.264532425331744, "params": {"C": 606341.2993790171, "gamma": 4.519197129597938}, "datetime": {"datetime": "2021-06-18 11:11:26", "elapsed": 6616.066725, "delta": 14.108177}}
{"target": -16.693969003048323, "params": {"C": 124175.89142082211, "gamma": 8.676451593567206}, "datetime": {"datetime": "2021-06-18 11:11:49", "elapsed": 6639.352293, "delta": 23.285568}}
{"target": -15.497180849831476, "params": {"C": 663465.4737866244, "gamma": 2.4180103397198653}, "datetime": {"datetime": "2021-06-18 11:12:13", "elapsed": 6662.919622, "delta": 23.567329}}
{"target": -15.503835516534128, "params": {"C": 396770.6415267258, "gamma": 5.468945159524544}, "datetime": {"datetime": "2021-06-18 11:12:31", "elapsed": 6680.991446, "delta": 18.071824}}
{"target": -16.078243067254203, "params": {"C": 417288.4216845048, "gamma": 7.105340649725909}, "datetime": {"datetime": "2021-06-18 11:12:46", "elapsed": 6695.88249, "delta": 14.891044}}
{"target": -23.570312574050828, "params": {"C": 103233.68989801983, "gamma": 0.42403698653553423}, "datetime": {"datetime": "2021-06-18 11:13:05", "elapsed": 6715.043154, "delta": 19.160664}}
{"target": -15.847441140782786, "params": {"C": 239894.0344114608, "gamma": 2.0018494696757725}, "datetime": {"datetime": "2021-06-18 11:13:43", "elapsed": 6752.422865, "delta": 37.379711}}
{"target": -15.332125878236457, "params": {"C": 103233.73779156014, "gamma": 4.841660837746901}, "datetime": {"datetime": "2021-06-18 11:14:02", "elapsed": 6772.358571, "delta": 19.935706}}
{"target": -15.317846893872392, "params": {"C": 606317.281927814, "gamma": 4.788472545289916}, "datetime": {"datetime": "2021-06-18 11:14:26", "elapsed": 6795.414076, "delta": 23.055505}}
{"target": -13.569037378205639, "params": {"C": 156.73829685874836, "gamma": 0.7763551551902853}, "datetime": {"datetime": "2021-06-18 11:14:37", "elapsed": 6807.37094, "delta": 11.956864}}
{"target": -15.857926309090123, "params": {"C": 102332.46509321473, "gamma": 6.529899393690532}, "datetime": {"datetime": "2021-06-18 11:14:58", "elapsed": 6828.133727, "delta": 20.762787}}
{"target": -14.371989536802243, "params": {"C": 140.70675625831197, "gamma": 1.660076813778309}, "datetime": {"datetime": "2021-06-18 11:15:24", "elapsed": 6853.664673, "delta": 25.530946}}
{"target": -16.079603834281635, "params": {"C": 239831.28408045616, "gamma": 7.108587305258384}, "datetime": {"datetime": "2021-06-18 11:15:42", "elapsed": 6872.09204, "delta": 18.427367}}
{"target": -15.097215593657868, "params": {"C": 131.3117655426535, "gamma": 4.514221866518921}, "datetime": {"datetime": "2021-06-18 11:15:58", "elapsed": 6887.548023, "delta": 15.455983}}
{"target": -15.329795788372344, "params": {"C": 326626.2474400608, "gamma": 4.832860867161678}, "datetime": {"datetime": "2021-06-18 11:16:10", "elapsed": 6899.609054, "delta": 12.061031}}
{"target": -16.37730010771471, "params": {"C": 124145.58200819672, "gamma": 1.6041193859007135}, "datetime": {"datetime": "2021-06-18 11:16:30", "elapsed": 6919.77498, "delta": 20.165926}}
{"target": -16.376484330111122, "params": {"C": 629690.7329748553, "gamma": 7.8667045276126055}, "datetime": {"datetime": "2021-06-18 11:16:42", "elapsed": 6932.026377, "delta": 12.251397}}
{"target": -15.305212941276276, "params": {"C": 669222.1553848678, "gamma": 2.77528259657063}, "datetime": {"datetime": "2021-06-18 11:17:01", "elapsed": 6950.889934, "delta": 18.863557}}
{"target": -16.89728249401528, "params": {"C": 568088.2123198134, "gamma": 9.191528090350326}, "datetime": {"datetime": "2021-06-18 11:17:32", "elapsed": 6982.358409, "delta": 31.468475}}
{"target": -15.249935096358847, "params": {"C": 694388.5391059584, "gamma": 4.374898588718149}, "datetime": {"datetime": "2021-06-18 11:17:48", "elapsed": 6997.48619, "delta": 15.127781}}
{"target": -17.002730845475817, "params": {"C": 193461.20854260577, "gamma": 9.394781382544997}, "datetime": {"datetime": "2021-06-18 11:18:00", "elapsed": 7010.339684, "delta": 12.853494}}
{"target": -20.95463648223731, "params": {"C": 124149.59061263011, "gamma": 0.595081567476709}, "datetime": {"datetime": "2021-06-18 11:18:14", "elapsed": 7024.373096, "delta": 14.033412}}
{"target": -15.378715633838427, "params": {"C": 663781.3082269831, "gamma": 5.019198733010643}, "datetime": {"datetime": "2021-06-18 11:18:34", "elapsed": 7043.387769, "delta": 19.014673}}
{"target": -15.517338419030802, "params": {"C": 83.3948363815462, "gamma": 5.697836853910137}, "datetime": {"datetime": "2021-06-18 11:18:45", "elapsed": 7054.822684, "delta": 11.434915}}
{"target": -15.995846253144622, "params": {"C": 663449.8907571053, "gamma": 6.9101426830990125}, "datetime": {"datetime": "2021-06-18 11:19:03", "elapsed": 7072.612419, "delta": 17.789735}}
{"target": -17.146644594816078, "params": {"C": 579757.4391358155, "gamma": 9.676236252183568}, "datetime": {"datetime": "2021-06-18 11:19:27", "elapsed": 7096.953279, "delta": 24.34086}}
{"target": -16.62649632266387, "params": {"C": 239883.47444191348, "gamma": 8.49588038253908}, "datetime": {"datetime": "2021-06-18 11:19:40", "elapsed": 7109.948233, "delta": 12.994954}}
{"target": -15.71534143077177, "params": {"C": 239907.1518708316, "gamma": 2.134595740446706}, "datetime": {"datetime": "2021-06-18 11:19:57", "elapsed": 7126.459059, "delta": 16.510826}}
{"target": -16.99411353581639, "params": {"C": 694386.8417360808, "gamma": 9.378144855508326}, "datetime": {"datetime": "2021-06-18 11:20:19", "elapsed": 7149.344989, "delta": 22.88593}}
{"target": -15.687208507423295, "params": {"C": 629677.6341018428, "gamma": 2.1702641814132084}, "datetime": {"datetime": "2021-06-18 11:20:35", "elapsed": 7164.543488, "delta": 15.198499}}
{"target": -15.538944319575258, "params": {"C": 239916.98132898076, "gamma": 5.58874351572883}, "datetime": {"datetime": "2021-06-18 11:20:45", "elapsed": 7175.282042, "delta": 10.738554}}
{"target": -13.946864659411688, "params": {"C": 88.52130447766612, "gamma": 1.659509148286472}, "datetime": {"datetime": "2021-06-18 11:21:00", "elapsed": 7189.747264, "delta": 14.465222}}
{"target": -17.238469761508657, "params": {"C": 663772.1408502344, "gamma": 9.857704263388687}, "datetime": {"datetime": "2021-06-18 11:21:20", "elapsed": 7209.919303, "delta": 20.172039}}
{"target": -15.267854856800609, "params": {"C": 124175.60290991834, "gamma": 4.5533565838633985}, "datetime": {"datetime": "2021-06-18 11:21:36", "elapsed": 7225.818689, "delta": 15.899386}}
{"target": -15.452674761947454, "params": {"C": 629711.3727000336, "gamma": 2.4799832036939375}, "datetime": {"datetime": "2021-06-18 11:21:51", "elapsed": 7241.344415, "delta": 15.525726}}
{"target": -15.58206020760961, "params": {"C": 417294.01968569576, "gamma": 5.7160564875984265}, "datetime": {"datetime": "2021-06-18 11:22:13", "elapsed": 7262.689153, "delta": 21.344738}}
{"target": -15.36258096574928, "params": {"C": 663468.2671308261, "gamma": 4.956856531367172}, "datetime": {"datetime": "2021-06-18 11:22:30", "elapsed": 7280.329862, "delta": 17.640709}}
{"target": -15.25901664643804, "params": {"C": 807102.9883389666, "gamma": 4.4641305904524105}, "datetime": {"datetime": "2021-06-18 11:22:42", "elapsed": 7291.94539, "delta": 11.615528}}
{"target": -14.040842445335919, "params": {"C": 84.18400368837027, "gamma": 2.3170961111623805}, "datetime": {"datetime": "2021-06-18 11:22:54", "elapsed": 7303.775268, "delta": 11.829878}}
{"target": -16.08139298086951, "params": {"C": 396769.04712347407, "gamma": 1.8132044146382078}, "datetime": {"datetime": "2021-06-18 11:23:10", "elapsed": 7320.24319, "delta": 16.467922}}
{"target": -16.425785974697767, "params": {"C": 629667.8266774855, "gamma": 1.5777695122815727}, "datetime": {"datetime": "2021-06-18 11:23:33", "elapsed": 7342.583551, "delta": 22.340361}}
{"target": -15.506468196483567, "params": {"C": 663801.8994455864, "gamma": 2.4052738484118628}, "datetime": {"datetime": "2021-06-18 11:23:52", "elapsed": 7362.310716, "delta": 19.727165}}
{"target": -14.176330854389857, "params": {"C": 121.90820583215658, "gamma": 1.496281001245696}, "datetime": {"datetime": "2021-06-18 11:24:16", "elapsed": 7385.463835, "delta": 23.153119}}
{"target": -14.882546519033513, "params": {"C": 163.17449276753922, "gamma": 3.6309833071074267}, "datetime": {"datetime": "2021-06-18 11:24:31", "elapsed": 7401.154083, "delta": 15.690248}}
{"target": -16.069814634028827, "params": {"C": 629698.0919134729, "gamma": 7.085082344382902}, "datetime": {"datetime": "2021-06-18 11:24:44", "elapsed": 7413.563784, "delta": 12.409701}}
{"target": -14.494498582022045, "params": {"C": 159.90638423890093, "gamma": 2.2346929533512876}, "datetime": {"datetime": "2021-06-18 11:25:14", "elapsed": 7444.263307, "delta": 30.699523}}
{"target": -15.497453301594202, "params": {"C": 860049.8180881342, "gamma": 2.417752944596223}, "datetime": {"datetime": "2021-06-18 11:25:31", "elapsed": 7461.120409, "delta": 16.857102}}
{"target": -15.36893354107572, "params": {"C": 13967.700392413839, "gamma": 4.982009194166267}, "datetime": {"datetime": "2021-06-18 11:25:58", "elapsed": 7487.955461, "delta": 26.835052}}
{"target": -14.262154243746247, "params": {"C": 117.13008781136233, "gamma": 2.386051263007515}, "datetime": {"datetime": "2021-06-18 11:26:15", "elapsed": 7504.846076, "delta": 16.890615}}
{"target": -12.046575251681984, "params": {"C": 130.45972724125966, "gamma": 0.5330089879505058}, "datetime": {"datetime": "2021-06-18 11:26:31", "elapsed": 7521.153538, "delta": 16.307462}}
{"target": -13.928128915234018, "params": {"C": 80.99704305283365, "gamma": 1.9093503305900184}, "datetime": {"datetime": "2021-06-18 11:26:44", "elapsed": 7533.531367, "delta": 12.377829}}
