{"target": -10.522073839084147, "params": {"C": 16.887958850899782, "gamma": 0.20567172133260708}, "datetime": {"datetime": "2021-06-21 08:43:35", "elapsed": 4.928881, "delta": 0.278996}}
{"target": -10.054786957944852, "params": {"C": 16.833659369583994, "gamma": 0.4288890389158704}, "datetime": {"datetime": "2021-06-21 08:43:36", "elapsed": 5.226882, "delta": 0.298001}}
{"target": -10.232894615383074, "params": {"C": 10.084711601176338, "gamma": 0.392562055426336}, "datetime": {"datetime": "2021-06-21 08:43:36", "elapsed": 5.542881, "delta": 0.315999}}
{"target": -9.925168684631949, "params": {"C": 15.58119310406687, "gamma": 0.5}, "datetime": {"datetime": "2021-06-21 08:43:37", "elapsed": 6.043883, "delta": 0.501002}}
{"target": -9.936645236684004, "params": {"C": 14.922870561565176, "gamma": 0.5}, "datetime": {"datetime": "2021-06-21 08:43:37", "elapsed": 6.563883, "delta": 0.52}}
{"target": -10.798779188709341, "params": {"C": 18.564535652583675, "gamma": 0.07}, "datetime": {"datetime": "2021-06-21 08:43:38", "elapsed": 7.208878, "delta": 0.644995}}
{"target": -9.895873691479764, "params": {"C": 19.999640159941816, "gamma": 0.4883477020777387}, "datetime": {"datetime": "2021-06-21 08:43:38", "elapsed": 7.830529, "delta": 0.621651}}
{"target": -9.914165219533825, "params": {"C": 16.231578634639824, "gamma": 0.5}, "datetime": {"datetime": "2021-06-21 08:43:39", "elapsed": 8.551501, "delta": 0.720972}}
{"target": -9.89871217802461, "params": {"C": 17.424295417148816, "gamma": 0.5}, "datetime": {"datetime": "2021-06-21 08:43:40", "elapsed": 9.126497, "delta": 0.574996}}
{"target": -9.881056672845782, "params": {"C": 19.279962981088794, "gamma": 0.5}, "datetime": {"datetime": "2021-06-21 08:43:40", "elapsed": 9.751499, "delta": 0.625002}}
{"target": -9.969170203037889, "params": {"C": 13.453275249258981, "gamma": 0.5}, "datetime": {"datetime": "2021-06-21 08:43:41", "elapsed": 10.391501, "delta": 0.640002}}
{"target": -9.989592670887173, "params": {"C": 12.575479967882416, "gamma": 0.5}, "datetime": {"datetime": "2021-06-21 08:43:42", "elapsed": 11.049497, "delta": 0.657996}}
{"target": -9.894668744340553, "params": {"C": 18.449829116450882, "gamma": 0.4967273399372153}, "datetime": {"datetime": "2021-06-21 08:43:42", "elapsed": 11.7805, "delta": 0.731003}}
{"target": -9.8771196850763, "params": {"C": 19.706274738043632, "gamma": 0.5}, "datetime": {"datetime": "2021-06-21 08:43:43", "elapsed": 12.563501, "delta": 0.783001}}
{"target": -9.944941876141275, "params": {"C": 14.537655936680245, "gamma": 0.5}, "datetime": {"datetime": "2021-06-21 08:43:44", "elapsed": 13.191208, "delta": 0.627707}}
{"target": -10.036783264747651, "params": {"C": 10.655960386482372, "gamma": 0.5}, "datetime": {"datetime": "2021-06-21 08:43:45", "elapsed": 14.098205, "delta": 0.906997}}
{"target": -9.883788071247876, "params": {"C": 18.98697929920355, "gamma": 0.5}, "datetime": {"datetime": "2021-06-21 08:43:46", "elapsed": 15.095208, "delta": 0.997003}}
{"target": -9.895957263047894, "params": {"C": 17.708095853355214, "gamma": 0.5}, "datetime": {"datetime": "2021-06-21 08:43:47", "elapsed": 16.190203, "delta": 1.094995}}
{"target": -9.919416587936116, "params": {"C": 15.91850625056849, "gamma": 0.5}, "datetime": {"datetime": "2021-06-21 08:43:48", "elapsed": 17.137204, "delta": 0.947001}}
{"target": -9.901856279522379, "params": {"C": 17.10284824397973, "gamma": 0.5}, "datetime": {"datetime": "2021-06-21 08:43:49", "elapsed": 18.038808, "delta": 0.901604}}
{"target": -9.881187095635601, "params": {"C": 19.4886522774138, "gamma": 0.4988687577153498}, "datetime": {"datetime": "2021-06-21 08:43:50", "elapsed": 19.560808, "delta": 1.522}}
{"target": -9.888797725543492, "params": {"C": 18.68559528209612, "gamma": 0.49878290684589033}, "datetime": {"datetime": "2021-06-21 08:43:51", "elapsed": 20.748808, "delta": 1.188}}
{"target": -9.891156812989244, "params": {"C": 18.2075597143915, "gamma": 0.5}, "datetime": {"datetime": "2021-06-21 08:43:53", "elapsed": 22.215807, "delta": 1.466999}}
{"target": -9.875994479405742, "params": {"C": 19.88696306407925, "gamma": 0.49971193713192674}, "datetime": {"datetime": "2021-06-21 08:43:54", "elapsed": 23.551264, "delta": 1.335457}}
{"target": -9.874432785250765, "params": {"C": 20.0, "gamma": 0.5}, "datetime": {"datetime": "2021-06-21 08:43:55", "elapsed": 24.622273, "delta": 1.071009}}
{"target": -9.911232748168505, "params": {"C": 16.517388923823958, "gamma": 0.4991660793297931}, "datetime": {"datetime": "2021-06-21 08:43:56", "elapsed": 25.938263, "delta": 1.31599}}
{"target": -9.931038888202462, "params": {"C": 15.242062092407712, "gamma": 0.5}, "datetime": {"datetime": "2021-06-21 08:43:57", "elapsed": 26.721263, "delta": 0.783}}
{"target": -9.874432789649896, "params": {"C": 19.99999951733868, "gamma": 0.5}, "datetime": {"datetime": "2021-06-21 08:43:58", "elapsed": 27.852848, "delta": 1.131585}}
{"target": -9.875116517466283, "params": {"C": 19.970226473407006, "gamma": 0.4997763605169166}, "datetime": {"datetime": "2021-06-21 08:44:00", "elapsed": 29.574854, "delta": 1.722006}}
{"target": -9.876252498217527, "params": {"C": 19.98825407233904, "gamma": 0.49907128937425166}, "datetime": {"datetime": "2021-06-21 08:44:02", "elapsed": 31.45586, "delta": 1.881006}}
{"target": -9.87850513715759, "params": {"C": 19.919021197410785, "gamma": 0.49818922672108035}, "datetime": {"datetime": "2021-06-21 08:44:03", "elapsed": 32.572861, "delta": 1.117001}}
{"target": -9.876516237160692, "params": {"C": 19.957586105147797, "gamma": 0.49907931232890573}, "datetime": {"datetime": "2021-06-21 08:44:04", "elapsed": 33.944541, "delta": 1.37168}}
{"target": -9.877673708057415, "params": {"C": 19.94499943388602, "gamma": 0.49851297328186356}, "datetime": {"datetime": "2021-06-21 08:44:06", "elapsed": 35.41754, "delta": 1.472999}}
{"target": -9.88521532437402, "params": {"C": 18.9035660455803, "gamma": 0.4996411310925967}, "datetime": {"datetime": "2021-06-21 08:44:07", "elapsed": 36.750543, "delta": 1.333003}}
{"target": -9.877855679852416, "params": {"C": 19.645697415080647, "gamma": 0.49990208406639924}, "datetime": {"datetime": "2021-06-21 08:44:09", "elapsed": 38.139292, "delta": 1.388749}}
{"target": -9.87943232265307, "params": {"C": 19.5920961704568, "gamma": 0.4993094406696701}, "datetime": {"datetime": "2021-06-21 08:44:10", "elapsed": 39.711296, "delta": 1.572004}}
{"target": -9.87943232265307, "params": {"C": 19.5920961704568, "gamma": 0.4993094406696701}, "datetime": {"datetime": "2021-06-21 08:44:11", "elapsed": 40.559328, "delta": 0.848032}}
{"target": -9.876529966535768, "params": {"C": 19.806486612425957, "gamma": 0.4998207410381254}, "datetime": {"datetime": "2021-06-21 08:44:12", "elapsed": 41.567291, "delta": 1.007963}}
{"target": -9.878200519794115, "params": {"C": 19.795437217379146, "gamma": 0.49896608195613484}, "datetime": {"datetime": "2021-06-21 08:44:13", "elapsed": 42.629291, "delta": 1.062}}
{"target": -9.878200519794115, "params": {"C": 19.795437217379146, "gamma": 0.49896608195613484}, "datetime": {"datetime": "2021-06-21 08:44:14", "elapsed": 43.143948, "delta": 0.514657}}
{"target": -9.880565848698089, "params": {"C": 19.342835921242706, "gamma": 0.49994907849151676}, "datetime": {"datetime": "2021-06-21 08:44:15", "elapsed": 44.365942, "delta": 1.221994}}
{"target": -9.880143753629223, "params": {"C": 19.60292307521415, "gamma": 0.498865930201652}, "datetime": {"datetime": "2021-06-21 08:44:16", "elapsed": 45.554941, "delta": 1.188999}}
{"target": -9.876452128431241, "params": {"C": 19.912374646442956, "gamma": 0.4993374189482721}, "datetime": {"datetime": "2021-06-21 08:44:17", "elapsed": 46.912946, "delta": 1.358005}}
{"target": -9.880097601761264, "params": {"C": 19.57773848735138, "gamma": 0.49901752099967717}, "datetime": {"datetime": "2021-06-21 08:44:19", "elapsed": 48.397576, "delta": 1.48463}}
{"target": -9.880097601761264, "params": {"C": 19.57773848735138, "gamma": 0.49901752099967717}, "datetime": {"datetime": "2021-06-21 08:44:20", "elapsed": 49.718575, "delta": 1.320999}}
{"target": -9.880097601761264, "params": {"C": 19.57773848735138, "gamma": 0.49901752099967717}, "datetime": {"datetime": "2021-06-21 08:44:21", "elapsed": 50.872578, "delta": 1.154003}}
{"target": -9.880209304443346, "params": {"C": 19.452741474689066, "gamma": 0.4995865559458901}, "datetime": {"datetime": "2021-06-21 08:44:23", "elapsed": 52.461578, "delta": 1.589}}
{"target": -9.880209304443346, "params": {"C": 19.452741474689066, "gamma": 0.4995865559458901}, "datetime": {"datetime": "2021-06-21 08:44:24", "elapsed": 53.610574, "delta": 1.148996}}
{"target": -9.877938612775914, "params": {"C": 19.632973639859863, "gamma": 0.4999206987881811}, "datetime": {"datetime": "2021-06-21 08:44:26", "elapsed": 55.583576, "delta": 1.973002}}
{"target": -9.875794909490622, "params": {"C": 19.959779912250028, "gamma": 0.49945992865116945}, "datetime": {"datetime": "2021-06-21 08:44:27", "elapsed": 56.861577, "delta": 1.278001}}
{"target": -9.875794909490622, "params": {"C": 19.959779912250028, "gamma": 0.49945992865116945}, "datetime": {"datetime": "2021-06-21 08:44:28", "elapsed": 57.566573, "delta": 0.704996}}
{"target": -9.877106611748294, "params": {"C": 19.75592678388974, "gamma": 0.49975882066589367}, "datetime": {"datetime": "2021-06-21 08:44:29", "elapsed": 58.861165, "delta": 1.294592}}
{"target": -9.875228396296311, "params": {"C": 19.96999957054614, "gamma": 0.4997167960408087}, "datetime": {"datetime": "2021-06-21 08:44:31", "elapsed": 60.169168, "delta": 1.308003}}
{"target": -9.882668022048687, "params": {"C": 19.17185034892679, "gamma": 0.4996654306489115}, "datetime": {"datetime": "2021-06-21 08:44:32", "elapsed": 61.542169, "delta": 1.373001}}
{"target": -9.87746655196731, "params": {"C": 19.779199757133824, "gamma": 0.4994466515560881}, "datetime": {"datetime": "2021-06-21 08:44:33", "elapsed": 62.875631, "delta": 1.333462}}
{"target": -9.876285403846346, "params": {"C": 19.87113415254951, "gamma": 0.4996323490395839}, "datetime": {"datetime": "2021-06-21 08:44:35", "elapsed": 64.235925, "delta": 1.360294}}
{"target": -9.877214379516035, "params": {"C": 19.72299326023225, "gamma": 0.49986466042119687}, "datetime": {"datetime": "2021-06-21 08:44:36", "elapsed": 65.457924, "delta": 1.221999}}
{"target": -9.878379823269135, "params": {"C": 19.645246670682237, "gamma": 0.4996180142598545}, "datetime": {"datetime": "2021-06-21 08:44:37", "elapsed": 66.552923, "delta": 1.094999}}
{"target": -9.879258798005143, "params": {"C": 19.85759526717382, "gamma": 0.4980821743437197}, "datetime": {"datetime": "2021-06-21 08:44:38", "elapsed": 67.942604, "delta": 1.389681}}
{"target": -9.876527678886834, "params": {"C": 19.80711788090157, "gamma": 0.4998188416053756}, "datetime": {"datetime": "2021-06-21 08:44:40", "elapsed": 69.310607, "delta": 1.368003}}
{"target": -9.87611817238901, "params": {"C": 19.98613894345273, "gamma": 0.49915456046826145}, "datetime": {"datetime": "2021-06-21 08:44:41", "elapsed": 70.796607, "delta": 1.486}}
{"target": -9.876538916822572, "params": {"C": 19.77703031468701, "gamma": 0.4999627527415458}, "datetime": {"datetime": "2021-06-21 08:44:43", "elapsed": 72.130606, "delta": 1.333999}}
{"target": -9.877202704888134, "params": {"C": 19.790579111168867, "gamma": 0.4995336894679342}, "datetime": {"datetime": "2021-06-21 08:44:44", "elapsed": 73.373245, "delta": 1.242639}}
{"target": -9.882084071793486, "params": {"C": 19.301922472352604, "gamma": 0.4993220854202977}, "datetime": {"datetime": "2021-06-21 08:44:45", "elapsed": 74.578238, "delta": 1.204993}}
{"target": -9.880225716470441, "params": {"C": 19.508843802548192, "gamma": 0.49929404974769487}, "datetime": {"datetime": "2021-06-21 08:44:46", "elapsed": 75.761238, "delta": 1.183}}
{"target": -9.880225716470441, "params": {"C": 19.508843802548192, "gamma": 0.49929404974769487}, "datetime": {"datetime": "2021-06-21 08:44:47", "elapsed": 76.812237, "delta": 1.050999}}
{"target": -9.874432826438511, "params": {"C": 19.999995479874222, "gamma": 0.5}, "datetime": {"datetime": "2021-06-21 08:44:49", "elapsed": 78.052912, "delta": 1.240675}}
{"target": -9.87786148142235, "params": {"C": 19.837786955172888, "gamma": 0.49894051918778776}, "datetime": {"datetime": "2021-06-21 08:44:50", "elapsed": 79.511911, "delta": 1.458999}}
{"target": -9.879013895380858, "params": {"C": 19.565859669879792, "gamma": 0.4996703659951254}, "datetime": {"datetime": "2021-06-21 08:44:52", "elapsed": 81.368911, "delta": 1.857}}
{"target": -9.880038696262236, "params": {"C": 19.72444271237242, "gamma": 0.4983167419564398}, "datetime": {"datetime": "2021-06-21 08:44:54", "elapsed": 83.110909, "delta": 1.741998}}
{"target": -9.880038696262236, "params": {"C": 19.72444271237242, "gamma": 0.4983167419564398}, "datetime": {"datetime": "2021-06-21 08:44:55", "elapsed": 84.43891, "delta": 1.328001}}
{"target": -9.87826313512386, "params": {"C": 19.767071375435652, "gamma": 0.4990729985911085}, "datetime": {"datetime": "2021-06-21 08:44:57", "elapsed": 86.538284, "delta": 2.099374}}
{"target": -9.876155495530599, "params": {"C": 19.97251848367962, "gamma": 0.49920143489322083}, "datetime": {"datetime": "2021-06-21 08:44:59", "elapsed": 88.343932, "delta": 1.805648}}
{"target": -9.87769151037744, "params": {"C": 19.79156865672035, "gamma": 0.49926255044320067}, "datetime": {"datetime": "2021-06-21 08:45:01", "elapsed": 90.401463, "delta": 2.057531}}
{"target": -9.878258568349654, "params": {"C": 19.862637997208623, "gamma": 0.49860144991187416}, "datetime": {"datetime": "2021-06-21 08:45:02", "elapsed": 91.604465, "delta": 1.203002}}
{"target": -9.876283425217155, "params": {"C": 19.996634765697934, "gamma": 0.49901326555200953}, "datetime": {"datetime": "2021-06-21 08:45:04", "elapsed": 93.403158, "delta": 1.798693}}
{"target": -9.876425947565169, "params": {"C": 19.813430195863873, "gamma": 0.4998427716911567}, "datetime": {"datetime": "2021-06-21 08:45:05", "elapsed": 94.829822, "delta": 1.426664}}
{"target": -9.876425947565169, "params": {"C": 19.813430195863873, "gamma": 0.4998427716911567}, "datetime": {"datetime": "2021-06-21 08:45:07", "elapsed": 96.162819, "delta": 1.332997}}
{"target": -9.878615327658027, "params": {"C": 19.74423858809282, "gamma": 0.4989946738096528}, "datetime": {"datetime": "2021-06-21 08:45:08", "elapsed": 97.880484, "delta": 1.717665}}
{"target": -9.878615327658027, "params": {"C": 19.74423858809282, "gamma": 0.4989946738096528}, "datetime": {"datetime": "2021-06-21 08:45:09", "elapsed": 98.770483, "delta": 0.889999}}
{"target": -9.878304545059603, "params": {"C": 19.756220205692863, "gamma": 0.499104444625358}, "datetime": {"datetime": "2021-06-21 08:45:10", "elapsed": 99.970173, "delta": 1.19969}}
{"target": -9.87960041513106, "params": {"C": 19.786002755361682, "gamma": 0.498250194680771}, "datetime": {"datetime": "2021-06-21 08:45:12", "elapsed": 101.349165, "delta": 1.378992}}
{"target": -9.876475765472884, "params": {"C": 19.914751638758233, "gamma": 0.49931282228226787}, "datetime": {"datetime": "2021-06-21 08:45:13", "elapsed": 102.404165, "delta": 1.055}}
{"target": -9.875694620883948, "params": {"C": 19.861828642714563, "gamma": 0.4999997343983035}, "datetime": {"datetime": "2021-06-21 08:45:14", "elapsed": 103.483746, "delta": 1.079581}}
{"target": -9.875694620883948, "params": {"C": 19.861828642714563, "gamma": 0.4999997343983035}, "datetime": {"datetime": "2021-06-21 08:45:15", "elapsed": 104.261746, "delta": 0.778}}
{"target": -9.877840670590704, "params": {"C": 19.86411374523737, "gamma": 0.49882145734230093}, "datetime": {"datetime": "2021-06-21 08:45:16", "elapsed": 105.415339, "delta": 1.153593}}
{"target": -9.875497796157243, "params": {"C": 19.91968652821599, "gamma": 0.4998195143758777}, "datetime": {"datetime": "2021-06-21 08:45:17", "elapsed": 106.990338, "delta": 1.574999}}
{"target": -9.875497796157243, "params": {"C": 19.91968652821599, "gamma": 0.4998195143758777}, "datetime": {"datetime": "2021-06-21 08:45:18", "elapsed": 107.741962, "delta": 0.751624}}
{"target": -9.875497796157243, "params": {"C": 19.91968652821599, "gamma": 0.4998195143758777}, "datetime": {"datetime": "2021-06-21 08:45:19", "elapsed": 108.583954, "delta": 0.841992}}
{"target": -9.881797295962649, "params": {"C": 19.249118580693334, "gamma": 0.4997497272233711}, "datetime": {"datetime": "2021-06-21 08:45:20", "elapsed": 109.95356, "delta": 1.369606}}
{"target": -9.87621248796146, "params": {"C": 19.85857086053189, "gamma": 0.49973436731929466}, "datetime": {"datetime": "2021-06-21 08:45:22", "elapsed": 111.768544, "delta": 1.814984}}
{"target": -9.876498204410202, "params": {"C": 19.921913306873854, "gamma": 0.49926522408169016}, "datetime": {"datetime": "2021-06-21 08:45:24", "elapsed": 113.163158, "delta": 1.394614}}
{"target": -9.876498204410202, "params": {"C": 19.921913306873854, "gamma": 0.49926522408169016}, "datetime": {"datetime": "2021-06-21 08:45:25", "elapsed": 114.477158, "delta": 1.314}}
{"target": -9.876498204410202, "params": {"C": 19.921913306873854, "gamma": 0.49926522408169016}, "datetime": {"datetime": "2021-06-21 08:45:26", "elapsed": 115.974163, "delta": 1.497005}}
{"target": -9.876498204410202, "params": {"C": 19.921913306873854, "gamma": 0.49926522408169016}, "datetime": {"datetime": "2021-06-21 08:45:28", "elapsed": 117.291159, "delta": 1.316996}}
{"target": -9.875560375954727, "params": {"C": 19.973105388592533, "gamma": 0.4995213809625284}, "datetime": {"datetime": "2021-06-21 08:45:30", "elapsed": 119.034822, "delta": 1.743663}}
{"target": -9.875233572391576, "params": {"C": 19.970962195954115, "gamma": 0.4997092326572218}, "datetime": {"datetime": "2021-06-21 08:45:31", "elapsed": 120.582419, "delta": 1.547597}}
{"target": -9.875233572391576, "params": {"C": 19.970962195954115, "gamma": 0.4997092326572218}, "datetime": {"datetime": "2021-06-21 08:45:33", "elapsed": 122.191419, "delta": 1.609}}
{"target": -9.877828861680499, "params": {"C": 19.771051099599447, "gamma": 0.49928984017097444}, "datetime": {"datetime": "2021-06-21 08:45:35", "elapsed": 124.361193, "delta": 2.169774}}
{"target": -9.877828861680499, "params": {"C": 19.771051099599447, "gamma": 0.49928984017097444}, "datetime": {"datetime": "2021-06-21 08:45:36", "elapsed": 125.59304, "delta": 1.231847}}
{"target": -9.886340401065267, "params": {"C": 18.781702893944306, "gamma": 0.4996510494996603}, "datetime": {"datetime": "2021-06-21 08:45:38", "elapsed": 127.353041, "delta": 1.760001}}
{"target": -9.875969713291354, "params": {"C": 19.85662421309656, "gamma": 0.4998760445109434}, "datetime": {"datetime": "2021-06-21 08:45:40", "elapsed": 129.393717, "delta": 2.040676}}
{"target": -9.875969713291354, "params": {"C": 19.85662421309656, "gamma": 0.4998760445109434}, "datetime": {"datetime": "2021-06-21 08:45:41", "elapsed": 130.725436, "delta": 1.331719}}
{"target": -9.875969713291354, "params": {"C": 19.85662421309656, "gamma": 0.4998760445109434}, "datetime": {"datetime": "2021-06-21 08:45:42", "elapsed": 131.954494, "delta": 1.229058}}
{"target": -9.875969713291354, "params": {"C": 19.85662421309656, "gamma": 0.4998760445109434}, "datetime": {"datetime": "2021-06-21 08:45:44", "elapsed": 133.195123, "delta": 1.240629}}
{"target": -9.883528604626331, "params": {"C": 19.398658723792785, "gamma": 0.49803676631487215}, "datetime": {"datetime": "2021-06-21 08:45:46", "elapsed": 135.110861, "delta": 1.915738}}
{"target": -9.87618580457741, "params": {"C": 19.958694195551548, "gamma": 0.49925317202502323}, "datetime": {"datetime": "2021-06-21 08:45:47", "elapsed": 136.453867, "delta": 1.343006}}
{"target": -9.87618580457741, "params": {"C": 19.958694195551548, "gamma": 0.49925317202502323}, "datetime": {"datetime": "2021-06-21 08:45:48", "elapsed": 137.908761, "delta": 1.454894}}
{"target": -9.876946133711506, "params": {"C": 19.737110638132087, "gamma": 0.4999403054689482}, "datetime": {"datetime": "2021-06-21 08:45:50", "elapsed": 139.629555, "delta": 1.720794}}
{"target": -9.878990306651044, "params": {"C": 19.615045579042093, "gamma": 0.4994359287288205}, "datetime": {"datetime": "2021-06-21 08:45:52", "elapsed": 141.323555, "delta": 1.694}}
{"target": -9.874848230240229, "params": {"C": 19.992483433525884, "gamma": 0.49981191190712504}, "datetime": {"datetime": "2021-06-21 08:45:53", "elapsed": 142.630557, "delta": 1.307002}}
{"target": -9.880889787296663, "params": {"C": 19.37061238484575, "gamma": 0.49962954257900327}, "datetime": {"datetime": "2021-06-21 08:45:55", "elapsed": 144.366447, "delta": 1.73589}}
{"target": -9.878613994171204, "params": {"C": 19.80368228559513, "gamma": 0.4986999516208165}, "datetime": {"datetime": "2021-06-21 08:45:57", "elapsed": 146.373425, "delta": 2.006978}}
{"target": -9.87890674493499, "params": {"C": 19.999053860783945, "gamma": 0.49757839383046404}, "datetime": {"datetime": "2021-06-21 08:45:59", "elapsed": 148.098094, "delta": 1.724669}}
{"target": -9.87673112448527, "params": {"C": 19.838047121477516, "gamma": 0.49955425539772463}, "datetime": {"datetime": "2021-06-21 08:46:00", "elapsed": 149.686693, "delta": 1.588599}}
{"target": -9.879982641306642, "params": {"C": 19.455368084717236, "gamma": 0.49969761819194236}, "datetime": {"datetime": "2021-06-21 08:46:02", "elapsed": 151.556692, "delta": 1.869999}}
{"target": -9.87443284291134, "params": {"C": 19.99999986291701, "gamma": 0.49999996942282054}, "datetime": {"datetime": "2021-06-21 08:46:03", "elapsed": 152.932335, "delta": 1.375643}}
{"target": -9.87443284291134, "params": {"C": 19.99999986291701, "gamma": 0.49999996942282054}, "datetime": {"datetime": "2021-06-21 08:46:05", "elapsed": 154.234334, "delta": 1.301999}}
{"target": -9.877830353721716, "params": {"C": 19.855715884585205, "gamma": 0.49886863571817197}, "datetime": {"datetime": "2021-06-21 08:46:07", "elapsed": 156.181074, "delta": 1.94674}}
