{"target": -15.20406275671155, "params": {"C": 606317.6041005432, "gamma": 3.214005913064155}, "datetime": {"datetime": "2021-06-18 09:43:52", "elapsed": 1361.599287, "delta": 3.945051}}
{"target": -15.39811182914647, "params": {"C": 908589.6038701524, "gamma": 5.08966703721527}, "datetime": {"datetime": "2021-06-18 09:43:57", "elapsed": 1366.690109, "delta": 5.090822}}
{"target": -20.195287936407993, "params": {"C": 124169.25671729962, "gamma": 0.6550779605885617}, "datetime": {"datetime": "2021-06-18 09:44:03", "elapsed": 1372.911967, "delta": 6.221858}}
{"target": -16.8147450072687, "params": {"C": 239860.78094342502, "gamma": 8.998048812863644}, "datetime": {"datetime": "2021-06-18 09:44:08", "elapsed": 1378.029609, "delta": 5.117642}}
{"target": -15.025806303024734, "params": {"C": 150.5597130441341, "gamma": 4.154293651475835}, "datetime": {"datetime": "2021-06-18 09:44:12", "elapsed": 1381.722531, "delta": 3.692922}}
{"target": -15.745956048495021, "params": {"C": 408134.31646401266, "gamma": 6.203294834122902}, "datetime": {"datetime": "2021-06-18 09:44:18", "elapsed": 1387.689188, "delta": 5.966657}}
{"target": -15.332692635078327, "params": {"C": 239834.22338742847, "gamma": 2.7105790855069665}, "datetime": {"datetime": "2021-06-18 09:44:24", "elapsed": 1394.004974, "delta": 6.315786}}
{"target": -15.278242383387191, "params": {"C": 663796.8438815408, "gamma": 4.631664050387755}, "datetime": {"datetime": "2021-06-18 09:44:32", "elapsed": 1402.164784, "delta": 8.15981}}
{"target": -15.214715564683248, "params": {"C": 957893.3244235564, "gamma": 3.1418295638979306}, "datetime": {"datetime": "2021-06-18 09:44:38", "elapsed": 1407.550688, "delta": 5.385904}}
{"target": -15.331115509418547, "params": {"C": 579749.3559568638, "gamma": 2.7149376560042677}, "datetime": {"datetime": "2021-06-18 09:44:45", "elapsed": 1415.356923, "delta": 7.806235}}
{"target": -16.06994601858249, "params": {"C": 408140.70691368077, "gamma": 7.08538069915514}, "datetime": {"datetime": "2021-06-18 09:44:51", "elapsed": 1421.36668, "delta": 6.009757}}
{"target": -14.915404870177646, "params": {"C": 117.98601136809198, "gamma": 4.0185231308210945}, "datetime": {"datetime": "2021-06-18 09:44:57", "elapsed": 1426.607107, "delta": 5.240427}}
{"target": -15.970975170918306, "params": {"C": 125.6906558723284, "gamma": 6.801901799044487}, "datetime": {"datetime": "2021-06-18 09:45:03", "elapsed": 1432.9013, "delta": 6.294193}}
{"target": -15.426049069002385, "params": {"C": 13957.291162834747, "gamma": 5.190043006738725}, "datetime": {"datetime": "2021-06-18 09:45:10", "elapsed": 1440.006423, "delta": 7.105123}}
{"target": -13.963774021482042, "params": {"C": 95.28575790429605, "gamma": 1.5371960877925122}, "datetime": {"datetime": "2021-06-18 09:45:17", "elapsed": 1446.94629, "delta": 6.939867}}
{"target": -15.229319100932912, "params": {"C": 408140.4766765889, "gamma": 4.138288290481314}, "datetime": {"datetime": "2021-06-18 09:45:25", "elapsed": 1454.981678, "delta": 8.035388}}
{"target": -16.425301084023893, "params": {"C": 186261.92780588267, "gamma": 1.5753580682728872}, "datetime": {"datetime": "2021-06-18 09:45:30", "elapsed": 1459.815524, "delta": 4.833846}}
{"target": -15.552507476630792, "params": {"C": 408140.7644418223, "gamma": 2.3427860330160173}, "datetime": {"datetime": "2021-06-18 09:45:37", "elapsed": 1467.234669, "delta": 7.419145}}
{"target": -16.4352208745369, "params": {"C": 807094.6457831464, "gamma": 8.008992790252508}, "datetime": {"datetime": "2021-06-18 09:45:43", "elapsed": 1472.612703, "delta": 5.378034}}
{"target": -16.11757674243034, "params": {"C": 629718.6933576099, "gamma": 7.201185119349481}, "datetime": {"datetime": "2021-06-18 09:45:47", "elapsed": 1476.61825, "delta": 4.005547}}
{"target": -15.593526067475102, "params": {"C": 579745.3151671817, "gamma": 5.750400050015417}, "datetime": {"datetime": "2021-06-18 09:45:53", "elapsed": 1482.749773, "delta": 6.131523}}
{"target": -15.677248768599398, "params": {"C": 13962.335704875231, "gamma": 2.151550918114019}, "datetime": {"datetime": "2021-06-18 09:45:57", "elapsed": 1486.746993, "delta": 3.99722}}
{"target": -15.954518223314127, "params": {"C": 957885.6250022533, "gamma": 6.807057804823432}, "datetime": {"datetime": "2021-06-18 09:46:03", "elapsed": 1492.789283, "delta": 6.04229}}
{"target": -15.370648778284382, "params": {"C": 663777.6952672906, "gamma": 2.6279529490147273}, "datetime": {"datetime": "2021-06-18 09:46:07", "elapsed": 1497.14349, "delta": 4.354207}}
{"target": -15.526810370942313, "params": {"C": 579742.6692445658, "gamma": 2.377536502876502}, "datetime": {"datetime": "2021-06-18 09:46:15", "elapsed": 1505.119978, "delta": 7.976488}}
{"target": -15.35306519703058, "params": {"C": 800630.5347920299, "gamma": 4.920499755613199}, "datetime": {"datetime": "2021-06-18 09:46:23", "elapsed": 1513.314279, "delta": 8.194301}}
{"target": -15.23933825630743, "params": {"C": 883307.3282230316, "gamma": 4.27244742375202}, "datetime": {"datetime": "2021-06-18 09:46:31", "elapsed": 1520.759728, "delta": 7.445449}}
{"target": -14.360071466579463, "params": {"C": 136.0216775037159, "gamma": 2.6797444280337603}, "datetime": {"datetime": "2021-06-18 09:46:36", "elapsed": 1525.944771, "delta": 5.185043}}
{"target": -10.361097297333714, "params": {"C": 126.80471757676818, "gamma": 0.07352179013849734}, "datetime": {"datetime": "2021-06-18 09:46:40", "elapsed": 1529.715122, "delta": 3.770351}}
{"target": -16.19096196104219, "params": {"C": 606315.8883564961, "gamma": 1.7345222093314014}, "datetime": {"datetime": "2021-06-18 09:46:45", "elapsed": 1535.157851, "delta": 5.442729}}
{"target": -15.598406042929927, "params": {"C": 98335.80281086997, "gamma": 2.2794180449682644}, "datetime": {"datetime": "2021-06-18 09:46:51", "elapsed": 1541.083253, "delta": 5.925402}}
{"target": -15.863930540080059, "params": {"C": 663783.5243653122, "gamma": 6.548175272542131}, "datetime": {"datetime": "2021-06-18 09:46:55", "elapsed": 1545.147297, "delta": 4.064044}}
{"target": -15.325971069977012, "params": {"C": 211631.11128796858, "gamma": 2.7256130525846674}, "datetime": {"datetime": "2021-06-18 09:47:00", "elapsed": 1550.179218, "delta": 5.031921}}
{"target": -15.641529599822569, "params": {"C": 417310.06925905857, "gamma": 5.892785231056413}, "datetime": {"datetime": "2021-06-18 09:47:06", "elapsed": 1555.764158, "delta": 5.58494}}
{"target": -15.250993232229204, "params": {"C": 239831.20700245848, "gamma": 4.385588560991127}, "datetime": {"datetime": "2021-06-18 09:47:12", "elapsed": 1561.490221, "delta": 5.726063}}
{"target": -15.203893175390975, "params": {"C": 13965.225009134074, "gamma": 3.7871386497766037}, "datetime": {"datetime": "2021-06-18 09:47:18", "elapsed": 1568.200465, "delta": 6.710244}}
{"target": -15.811436901030795, "params": {"C": 239857.55804594202, "gamma": 6.391887765113319}, "datetime": {"datetime": "2021-06-18 09:47:22", "elapsed": 1572.022326, "delta": 3.821861}}
{"target": -25.099625549079995, "params": {"C": 629714.6734099879, "gamma": 0.0731865542475833}, "datetime": {"datetime": "2021-06-18 09:47:33", "elapsed": 1582.743117, "delta": 10.720791}}
{"target": -15.569595633382201, "params": {"C": 155.24874819582504, "gamma": 5.71883940326359}, "datetime": {"datetime": "2021-06-18 09:47:37", "elapsed": 1586.543762, "delta": 3.800645}}
{"target": -15.197038882200456, "params": {"C": 49953.303830217104, "gamma": 3.2834293587666235}, "datetime": {"datetime": "2021-06-18 09:47:42", "elapsed": 1591.880265, "delta": 5.336503}}
{"target": -16.145220023198895, "params": {"C": 606333.8958768104, "gamma": 7.269748540406497}, "datetime": {"datetime": "2021-06-18 09:47:50", "elapsed": 1599.466929, "delta": 7.586664}}
{"target": -15.36993117689675, "params": {"C": 98355.6874763274, "gamma": 4.985227841259968}, "datetime": {"datetime": "2021-06-18 09:47:54", "elapsed": 1603.585454, "delta": 4.118525}}
{"target": -15.228732384942726, "params": {"C": 663786.8304392603, "gamma": 4.129626646491119}, "datetime": {"datetime": "2021-06-18 09:47:58", "elapsed": 1607.848849, "delta": 4.263395}}
{"target": -15.194239797238762, "params": {"C": 326641.0322581588, "gamma": 3.3851317598633015}, "datetime": {"datetime": "2021-06-18 09:48:05", "elapsed": 1614.835524, "delta": 6.986675}}
{"target": -15.19320848594031, "params": {"C": 186252.75455956018, "gamma": 3.415767185645981}, "datetime": {"datetime": "2021-06-18 09:48:10", "elapsed": 1619.855668, "delta": 5.020144}}
{"target": -27.4218193044229, "params": {"C": 449916.14149312436, "gamma": 0.3122712819534024}, "datetime": {"datetime": "2021-06-18 09:48:14", "elapsed": 1624.187008, "delta": 4.33134}}
{"target": -15.22867739186482, "params": {"C": 903382.8805682202, "gamma": 4.128726445909383}, "datetime": {"datetime": "2021-06-18 09:48:19", "elapsed": 1628.584224, "delta": 4.397216}}
{"target": -16.36170828407337, "params": {"C": 663786.6305092872, "gamma": 1.6185728337028398}, "datetime": {"datetime": "2021-06-18 09:48:23", "elapsed": 1632.914104, "delta": 4.32988}}
{"target": -16.69583322676681, "params": {"C": 908615.4533997367, "gamma": 8.681659368625427}, "datetime": {"datetime": "2021-06-18 09:48:30", "elapsed": 1639.628068, "delta": 6.713964}}
{"target": -17.108255159528216, "params": {"C": 193435.71516008352, "gamma": 9.601029140655601}, "datetime": {"datetime": "2021-06-18 09:48:35", "elapsed": 1644.942767, "delta": 5.314699}}
{"target": -16.544856073065368, "params": {"C": 2876.837486681884, "gamma": 1.3330146906628333}, "datetime": {"datetime": "2021-06-18 09:48:42", "elapsed": 1651.920121, "delta": 6.977354}}
{"target": -17.06474551011594, "params": {"C": 239833.73410271667, "gamma": 1.251405300466305}, "datetime": {"datetime": "2021-06-18 09:48:46", "elapsed": 1655.919772, "delta": 3.999651}}
{"target": -16.797553309793358, "params": {"C": 239835.33859316367, "gamma": 8.957020172266082}, "datetime": {"datetime": "2021-06-18 09:48:51", "elapsed": 1660.418065, "delta": 4.498293}}
{"target": -16.66433070196937, "params": {"C": 186242.21346234818, "gamma": 8.596573202911797}, "datetime": {"datetime": "2021-06-18 09:48:55", "elapsed": 1664.746132, "delta": 4.328067}}
{"target": -15.843051499726393, "params": {"C": 28291.72580158224, "gamma": 6.484790156627073}, "datetime": {"datetime": "2021-06-18 09:49:01", "elapsed": 1670.527019, "delta": 5.780887}}
{"target": -15.764202400778512, "params": {"C": 13964.528410569385, "gamma": 6.253893562188589}, "datetime": {"datetime": "2021-06-18 09:49:06", "elapsed": 1676.307729, "delta": 5.78071}}
{"target": -15.76463155488616, "params": {"C": 103223.76541710379, "gamma": 6.256264887760711}, "datetime": {"datetime": "2021-06-18 09:49:10", "elapsed": 1680.138508, "delta": 3.830779}}
{"target": -11.366355561996233, "params": {"C": 104.68385352261971, "gamma": 0.4705080007272198}, "datetime": {"datetime": "2021-06-18 09:49:16", "elapsed": 1685.711604, "delta": 5.573096}}
{"target": -15.873648496485012, "params": {"C": 932605.728699051, "gamma": 6.577611402205463}, "datetime": {"datetime": "2021-06-18 09:49:22", "elapsed": 1691.599889, "delta": 5.888285}}
{"target": -11.179770534027814, "params": {"C": 105.47916332561601, "gamma": 0.4430278770625445}, "datetime": {"datetime": "2021-06-18 09:49:28", "elapsed": 1697.696846, "delta": 6.096957}}
{"target": -14.464524105466179, "params": {"C": 144.42290354848208, "gamma": 1.9659769097720143}, "datetime": {"datetime": "2021-06-18 09:49:36", "elapsed": 1705.443407, "delta": 7.746561}}
{"target": -15.295712795769337, "params": {"C": 70026.35575429194, "gamma": 4.7076402355194595}, "datetime": {"datetime": "2021-06-18 09:49:43", "elapsed": 1712.729692, "delta": 7.286285}}
{"target": -15.238227397192722, "params": {"C": 239860.45145021862, "gamma": 3.0121552343401947}, "datetime": {"datetime": "2021-06-18 09:49:47", "elapsed": 1717.251328, "delta": 4.521636}}
{"target": -19.535797780295805, "params": {"C": 663778.6049996059, "gamma": 0.721154644795868}, "datetime": {"datetime": "2021-06-18 09:49:52", "elapsed": 1721.855352, "delta": 4.604024}}
{"target": -13.856465282348331, "params": {"C": 139.9085532052346, "gamma": 1.0163003756451419}, "datetime": {"datetime": "2021-06-18 09:49:57", "elapsed": 1726.531312, "delta": 4.67596}}
{"target": -15.761548273253286, "params": {"C": 49948.529258135735, "gamma": 6.247267924882933}, "datetime": {"datetime": "2021-06-18 09:50:02", "elapsed": 1732.077936, "delta": 5.546624}}
{"target": -15.355811935024146, "params": {"C": 417312.6876727023, "gamma": 4.930975651851263}, "datetime": {"datetime": "2021-06-18 09:50:07", "elapsed": 1736.393971, "delta": 4.316035}}
{"target": -15.194286255171264, "params": {"C": 663431.3435171675, "gamma": 3.3861239390988427}, "datetime": {"datetime": "2021-06-18 09:50:12", "elapsed": 1741.667359, "delta": 5.273388}}
{"target": -15.195198100160976, "params": {"C": 13966.82160679589, "gamma": 3.2542658325321328}, "datetime": {"datetime": "2021-06-18 09:50:19", "elapsed": 1748.385501, "delta": 6.718142}}
{"target": -17.606880272480403, "params": {"C": 579737.8930443497, "gamma": 1.0944420583587204}, "datetime": {"datetime": "2021-06-18 09:50:24", "elapsed": 1754.230182, "delta": 5.844681}}
{"target": -15.221337889130169, "params": {"C": 124168.98819369441, "gamma": 4.024592106709257}, "datetime": {"datetime": "2021-06-18 09:50:29", "elapsed": 1759.011174, "delta": 4.780992}}
{"target": -15.192930972888144, "params": {"C": 568097.5826249552, "gamma": 3.432009015951578}, "datetime": {"datetime": "2021-06-18 09:50:35", "elapsed": 1764.946842, "delta": 5.935668}}
{"target": -15.260053037949145, "params": {"C": 239864.90939496097, "gamma": 4.474770235980806}, "datetime": {"datetime": "2021-06-18 09:50:44", "elapsed": 1774.236938, "delta": 9.290096}}
{"target": -14.32696835888097, "params": {"C": 125.37994719773921, "gamma": 1.9077813936068235}, "datetime": {"datetime": "2021-06-18 09:50:51", "elapsed": 1780.382683, "delta": 6.145745}}
{"target": -10.991809969753977, "params": {"C": 152.64463232460147, "gamma": 0.346893226495521}, "datetime": {"datetime": "2021-06-18 09:50:56", "elapsed": 1786.329797, "delta": 5.947114}}
{"target": -14.363502971904266, "params": {"C": 149.99963552777407, "gamma": 2.5521836830135776}, "datetime": {"datetime": "2021-06-18 09:51:02", "elapsed": 1792.335298, "delta": 6.005501}}
{"target": -16.151693764346895, "params": {"C": 663436.1040981613, "gamma": 7.285956363750613}, "datetime": {"datetime": "2021-06-18 09:51:11", "elapsed": 1800.438985, "delta": 8.103687}}
{"target": -15.216715434736312, "params": {"C": 2872.429514880487, "gamma": 4.0694383173464646}, "datetime": {"datetime": "2021-06-18 09:51:20", "elapsed": 1809.484237, "delta": 9.045252}}
{"target": -14.131822767940626, "params": {"C": 99.98835002885106, "gamma": 2.4908795470586775}, "datetime": {"datetime": "2021-06-18 09:51:27", "elapsed": 1816.894344, "delta": 7.410107}}
{"target": -15.427064096077467, "params": {"C": 66334.09700543457, "gamma": 5.193857359768305}, "datetime": {"datetime": "2021-06-18 09:51:34", "elapsed": 1823.609397, "delta": 6.715053}}
{"target": -28.425618181195304, "params": {"C": 932595.8930673228, "gamma": 0.29469205736316295}, "datetime": {"datetime": "2021-06-18 09:51:43", "elapsed": 1832.719874, "delta": 9.110477}}
{"target": -13.776552416418477, "params": {"C": 158.7950997425885, "gamma": 0.8599325651138358}, "datetime": {"datetime": "2021-06-18 09:51:49", "elapsed": 1838.919252, "delta": 6.199378}}
{"target": -15.232663936189036, "params": {"C": 663433.179859159, "gamma": 3.0384450403120624}, "datetime": {"datetime": "2021-06-18 09:51:53", "elapsed": 1843.36427, "delta": 4.445018}}
{"target": -15.35993262941834, "params": {"C": 193445.7095100207, "gamma": 4.946748356513753}, "datetime": {"datetime": "2021-06-18 09:51:59", "elapsed": 1848.861878, "delta": 5.497608}}
{"target": -16.284560969411217, "params": {"C": 408132.01304988354, "gamma": 7.631409703523056}, "datetime": {"datetime": "2021-06-18 09:52:03", "elapsed": 1853.378734, "delta": 4.516856}}
{"target": -16.97438879088766, "params": {"C": 908540.3879002206, "gamma": 9.340070367955358}, "datetime": {"datetime": "2021-06-18 09:52:12", "elapsed": 1861.596512, "delta": 8.217778}}
{"target": -15.072732206566583, "params": {"C": 133.62748324892752, "gamma": 4.422667869272888}, "datetime": {"datetime": "2021-06-18 09:52:18", "elapsed": 1868.123056, "delta": 6.526544}}
{"target": -13.918935443959818, "params": {"C": 97.25801722107369, "gamma": 1.4378015822437078}, "datetime": {"datetime": "2021-06-18 09:52:24", "elapsed": 1874.180597, "delta": 6.057541}}
{"target": -16.54285932838686, "params": {"C": 13959.677413395395, "gamma": 8.277034624842946}, "datetime": {"datetime": "2021-06-18 09:52:36", "elapsed": 1885.457755, "delta": 11.277158}}
{"target": -13.769076832383483, "params": {"C": 99.5782019638617, "gamma": 1.2697755852748978}, "datetime": {"datetime": "2021-06-18 09:52:43", "elapsed": 1892.58649, "delta": 7.128735}}
{"target": -15.218601839525261, "params": {"C": 28292.845692342133, "gamma": 3.9938426556067634}, "datetime": {"datetime": "2021-06-18 09:52:49", "elapsed": 1898.966098, "delta": 6.379608}}
{"target": -15.254673246569917, "params": {"C": 49955.19194269425, "gamma": 2.9325558141629724}, "datetime": {"datetime": "2021-06-18 09:52:55", "elapsed": 1905.36656, "delta": 6.400462}}
{"target": -13.033280256517532, "params": {"C": 125.18494845533667, "gamma": 0.7253241473867394}, "datetime": {"datetime": "2021-06-18 09:53:03", "elapsed": 1913.18312, "delta": 7.81656}}
{"target": -15.540080187754654, "params": {"C": 102334.53653248677, "gamma": 5.592015133418949}, "datetime": {"datetime": "2021-06-18 09:53:11", "elapsed": 1920.807858, "delta": 7.624738}}
{"target": -15.280525207394657, "params": {"C": 158.79497352599589, "gamma": 4.916634857820269}, "datetime": {"datetime": "2021-06-18 09:53:17", "elapsed": 1927.052882, "delta": 6.245024}}
{"target": -15.250389740586481, "params": {"C": 883305.7916069822, "gamma": 4.379289445162471}, "datetime": {"datetime": "2021-06-18 09:53:22", "elapsed": 1932.115977, "delta": 5.063095}}
{"target": -15.924499980826882, "params": {"C": 669236.8294081959, "gamma": 1.9384938717732085}, "datetime": {"datetime": "2021-06-18 09:53:30", "elapsed": 1940.295198, "delta": 8.179221}}
{"target": -30.611553367114457, "params": {"C": 807097.3977559863, "gamma": 0.10727775865955932}, "datetime": {"datetime": "2021-06-18 09:53:41", "elapsed": 1951.070794, "delta": 10.775596}}
{"target": -15.826853026423542, "params": {"C": 957897.8208414171, "gamma": 2.0207581136142174}, "datetime": {"datetime": "2021-06-18 09:53:52", "elapsed": 1961.769883, "delta": 10.699089}}
{"target": -15.256062404819234, "params": {"C": 396769.06994741654, "gamma": 4.435084654014043}, "datetime": {"datetime": "2021-06-18 09:54:02", "elapsed": 1971.821072, "delta": 10.051189}}
{"target": -15.62561111503098, "params": {"C": 903383.6470734833, "gamma": 2.2478904970486533}, "datetime": {"datetime": "2021-06-18 09:54:08", "elapsed": 1977.657417, "delta": 5.836345}}
{"target": -16.933370360138362, "params": {"C": 694395.5652251473, "gamma": 9.261445075484174}, "datetime": {"datetime": "2021-06-18 09:54:12", "elapsed": 1982.352917, "delta": 4.6955}}
{"target": -15.213437714757108, "params": {"C": 28305.281218797823, "gamma": 3.9174131668509338}, "datetime": {"datetime": "2021-06-18 09:54:20", "elapsed": 1989.969412, "delta": 7.616495}}
{"target": -18.48839247844054, "params": {"C": 694412.2048362285, "gamma": 0.8890490213565422}, "datetime": {"datetime": "2021-06-18 09:54:27", "elapsed": 1996.678316, "delta": 6.708904}}
{"target": -16.647980943193986, "params": {"C": 239861.97603142826, "gamma": 1.4401172537382714}, "datetime": {"datetime": "2021-06-18 09:54:32", "elapsed": 2001.684117, "delta": 5.005801}}
{"target": -15.202499043930997, "params": {"C": 98340.47629895271, "gamma": 3.7318307952975123}, "datetime": {"datetime": "2021-06-18 09:54:37", "elapsed": 2007.090043, "delta": 5.405926}}
{"target": -15.458137927910407, "params": {"C": 326653.38177685323, "gamma": 2.4718081263740697}, "datetime": {"datetime": "2021-06-18 09:54:46", "elapsed": 2015.834237, "delta": 8.744194}}
{"target": -16.044890958685677, "params": {"C": 629713.8426681516, "gamma": 7.025656158077312}, "datetime": {"datetime": "2021-06-18 09:54:53", "elapsed": 2023.12797, "delta": 7.293733}}
{"target": -15.419050970237736, "params": {"C": 932603.0163743497, "gamma": 5.164823652570399}, "datetime": {"datetime": "2021-06-18 09:55:00", "elapsed": 2030.009588, "delta": 6.881618}}
{"target": -15.194006234516591, "params": {"C": 239870.19020465677, "gamma": 3.390833723958848}, "datetime": {"datetime": "2021-06-18 09:55:10", "elapsed": 2039.804251, "delta": 9.794663}}
{"target": -14.39670426845782, "params": {"C": 140.0078161193569, "gamma": 1.8087202066537205}, "datetime": {"datetime": "2021-06-18 09:55:16", "elapsed": 2046.035068, "delta": 6.230817}}
{"target": -15.240728571799767, "params": {"C": 663429.5952934837, "gamma": 4.2858495398396315}, "datetime": {"datetime": "2021-06-18 09:55:23", "elapsed": 2052.662951, "delta": 6.627883}}
{"target": -10.448924567754478, "params": {"C": 91.27745658877967, "gamma": 0.07111018474167201}, "datetime": {"datetime": "2021-06-18 09:55:33", "elapsed": 2062.531253, "delta": 9.868302}}
{"target": -15.632369231148429, "params": {"C": 663786.0591254252, "gamma": 5.8661696298091}, "datetime": {"datetime": "2021-06-18 09:55:40", "elapsed": 2069.742118, "delta": 7.210865}}
{"target": -12.676473069722732, "params": {"C": 108.79271584355821, "gamma": 0.6989245681327727}, "datetime": {"datetime": "2021-06-18 09:55:48", "elapsed": 2077.938945, "delta": 8.196827}}
{"target": -16.79887600365035, "params": {"C": 663429.8080834192, "gamma": 8.960216214757}, "datetime": {"datetime": "2021-06-18 09:55:54", "elapsed": 2084.06361, "delta": 6.124665}}
