{"target": -9.804090435943131, "params": {"C": 37.58072359226236, "gamma": 0.5110325926123879}, "datetime": {"datetime": "2021-06-21 09:22:49", "elapsed": 533.428195, "delta": 2.602591}}
{"target": -9.780996610239187, "params": {"C": 37.39808779749405, "gamma": 0.6294102103101501}, "datetime": {"datetime": "2021-06-21 09:22:52", "elapsed": 535.700527, "delta": 2.272332}}
{"target": -9.726547125360588, "params": {"C": 32.69817603663038, "gamma": 0.6176235384587707}, "datetime": {"datetime": "2021-06-21 09:22:54", "elapsed": 538.252046, "delta": 2.551519}}
{"target": -9.810218170158025, "params": {"C": 48.51904284925601, "gamma": 0.5210781877565612}, "datetime": {"datetime": "2021-06-21 09:22:56", "elapsed": 540.08751, "delta": 1.835464}}
{"target": -9.847801277153549, "params": {"C": 48.811364225623, "gamma": 0.46737711716262403}, "datetime": {"datetime": "2021-06-21 09:22:58", "elapsed": 542.437648, "delta": 2.350138}}
{"target": -9.823203785226681, "params": {"C": 49.331687146424514, "gamma": 0.48420276290124026}, "datetime": {"datetime": "2021-06-21 09:23:01", "elapsed": 545.175653, "delta": 2.738005}}
{"target": -9.77300494726828, "params": {"C": 21.12663978479919, "gamma": 0.6521414767834373}, "datetime": {"datetime": "2021-06-21 09:23:04", "elapsed": 548.164833, "delta": 2.98918}}
{"target": -9.73405047675297, "params": {"C": 26.29725534050574, "gamma": 0.600909714013406}, "datetime": {"datetime": "2021-06-21 09:23:06", "elapsed": 550.044658, "delta": 1.879825}}
{"target": -9.752692069757536, "params": {"C": 24.59480526986317, "gamma": 0.5888451019398868}, "datetime": {"datetime": "2021-06-21 09:23:08", "elapsed": 552.26371, "delta": 2.219052}}
{"target": -9.750675340436667, "params": {"C": 22.54838032373462, "gamma": 0.6145545040287648}, "datetime": {"datetime": "2021-06-21 09:23:11", "elapsed": 554.975494, "delta": 2.711784}}
{"target": -9.727434867935477, "params": {"C": 26.906963361101695, "gamma": 0.6059065091962297}, "datetime": {"datetime": "2021-06-21 09:23:13", "elapsed": 556.815599, "delta": 1.840105}}
{"target": -9.738381616342954, "params": {"C": 28.285634745298914, "gamma": 0.6317903152388535}, "datetime": {"datetime": "2021-06-21 09:23:15", "elapsed": 558.741786, "delta": 1.926187}}
{"target": -9.720795917238519, "params": {"C": 29.731942538956623, "gamma": 0.6101697117425597}, "datetime": {"datetime": "2021-06-21 09:23:18", "elapsed": 561.768958, "delta": 3.027172}}
{"target": -9.721711149195707, "params": {"C": 29.785691614093317, "gamma": 0.6138678108460662}, "datetime": {"datetime": "2021-06-21 09:23:20", "elapsed": 564.63304, "delta": 2.864082}}
{"target": -9.728374263538702, "params": {"C": 29.372798824663178, "gamma": 0.6208716489452055}, "datetime": {"datetime": "2021-06-21 09:23:23", "elapsed": 567.396611, "delta": 2.763571}}
{"target": -9.733300679807426, "params": {"C": 29.280582675977392, "gamma": 0.6260615571818127}, "datetime": {"datetime": "2021-06-21 09:23:26", "elapsed": 569.795479, "delta": 2.398868}}
{"target": -9.860352608563664, "params": {"C": 46.17787502729518, "gamma": 0.6267161331200481}, "datetime": {"datetime": "2021-06-21 09:23:28", "elapsed": 572.097233, "delta": 2.301754}}
{"target": -9.759519440692621, "params": {"C": 26.962877855792847, "gamma": 0.5743959503024397}, "datetime": {"datetime": "2021-06-21 09:23:31", "elapsed": 574.980605, "delta": 2.883372}}
{"target": -9.789680595196392, "params": {"C": 41.875607927848726, "gamma": 0.5173527989829853}, "datetime": {"datetime": "2021-06-21 09:23:33", "elapsed": 577.303928, "delta": 2.323323}}
{"target": -9.740477580895805, "params": {"C": 26.89963934018291, "gamma": 0.634422665824621}, "datetime": {"datetime": "2021-06-21 09:23:36", "elapsed": 580.229291, "delta": 2.925363}}
{"target": -10.284312215618165, "params": {"C": 19.9, "gamma": 0.3}, "datetime": {"datetime": "2021-06-21 09:23:40", "elapsed": 583.788627, "delta": 3.559336}}
{"target": -9.803619831352584, "params": {"C": 20.183452993794628, "gamma": 0.558045181731921}, "datetime": {"datetime": "2021-06-21 09:23:42", "elapsed": 586.229628, "delta": 2.441001}}
{"target": -9.759448747800198, "params": {"C": 21.620492328282022, "gamma": 0.6226534492708685}, "datetime": {"datetime": "2021-06-21 09:23:44", "elapsed": 588.661366, "delta": 2.431738}}
{"target": -9.726072091596873, "params": {"C": 30.909386873840905, "gamma": 0.6031049425669484}, "datetime": {"datetime": "2021-06-21 09:23:46", "elapsed": 590.639912, "delta": 1.978546}}
{"target": -9.769946276001281, "params": {"C": 19.988056930725705, "gamma": 0.6212404482466908}, "datetime": {"datetime": "2021-06-21 09:23:49", "elapsed": 592.872594, "delta": 2.232682}}
{"target": -9.757069387837673, "params": {"C": 26.08512296498121, "gamma": 0.6530326887967552}, "datetime": {"datetime": "2021-06-21 09:23:52", "elapsed": 596.030662, "delta": 3.158068}}
{"target": -9.744735839951844, "params": {"C": 24.06386239049504, "gamma": 0.5990045583161631}, "datetime": {"datetime": "2021-06-21 09:23:55", "elapsed": 598.999902, "delta": 2.96924}}
{"target": -9.751460697508598, "params": {"C": 27.217285058006162, "gamma": 0.5810506667038302}, "datetime": {"datetime": "2021-06-21 09:23:59", "elapsed": 603.347652, "delta": 4.34775}}
{"target": -9.722238698442474, "params": {"C": 28.620684792547195, "gamma": 0.6147485960491533}, "datetime": {"datetime": "2021-06-21 09:24:02", "elapsed": 605.837893, "delta": 2.490241}}
{"target": -9.73270609612293, "params": {"C": 32.281361734136055, "gamma": 0.5941685758360725}, "datetime": {"datetime": "2021-06-21 09:24:07", "elapsed": 611.225702, "delta": 5.387809}}
{"target": -9.761111351762754, "params": {"C": 38.546403042556804, "gamma": 0.5624196232768054}, "datetime": {"datetime": "2021-06-21 09:24:11", "elapsed": 614.777607, "delta": 3.551905}}
{"target": -9.735861262723192, "params": {"C": 33.71113736407346, "gamma": 0.593097427501585}, "datetime": {"datetime": "2021-06-21 09:24:14", "elapsed": 617.998693, "delta": 3.221086}}
{"target": -9.844911677359757, "params": {"C": 46.37815756710444, "gamma": 0.47171048662401527}, "datetime": {"datetime": "2021-06-21 09:24:17", "elapsed": 620.825405, "delta": 2.826712}}
{"target": -9.74728016217415, "params": {"C": 33.01950432286809, "gamma": 0.5706172580327861}, "datetime": {"datetime": "2021-06-21 09:24:19", "elapsed": 622.98452, "delta": 2.159115}}
{"target": -9.742114760374813, "params": {"C": 36.46878815693498, "gamma": 0.5905450168937265}, "datetime": {"datetime": "2021-06-21 09:24:21", "elapsed": 625.030756, "delta": 2.046236}}
{"target": -9.83679245763145, "params": {"C": 37.13771683321044, "gamma": 0.6589126352082914}, "datetime": {"datetime": "2021-06-21 09:24:24", "elapsed": 628.43233, "delta": 3.401574}}
{"target": -9.753219285700144, "params": {"C": 22.046366825538428, "gamma": 0.6126804118200556}, "datetime": {"datetime": "2021-06-21 09:24:26", "elapsed": 630.514332, "delta": 2.082002}}
{"target": -9.746327732184142, "params": {"C": 36.89106168433842, "gamma": 0.5843119287988574}, "datetime": {"datetime": "2021-06-21 09:24:29", "elapsed": 633.326187, "delta": 2.811855}}
{"target": -9.762908498056207, "params": {"C": 35.58071444074256, "gamma": 0.5506846038309274}, "datetime": {"datetime": "2021-06-21 09:24:32", "elapsed": 635.900396, "delta": 2.574209}}
{"target": -9.748323191374517, "params": {"C": 26.019047193738196, "gamma": 0.5879160109869266}, "datetime": {"datetime": "2021-06-21 09:24:34", "elapsed": 638.578576, "delta": 2.67818}}
{"target": -9.740557546068555, "params": {"C": 30.084118282315174, "gamma": 0.5835752778038162}, "datetime": {"datetime": "2021-06-21 09:24:37", "elapsed": 640.965988, "delta": 2.387412}}
{"target": -9.726436068585432, "params": {"C": 30.332416250947517, "gamma": 0.600082752640507}, "datetime": {"datetime": "2021-06-21 09:24:39", "elapsed": 643.619109, "delta": 2.653121}}
{"target": -9.766016100390038, "params": {"C": 30.2914488927427, "gamma": 0.5589132549098864}, "datetime": {"datetime": "2021-06-21 09:24:42", "elapsed": 645.806109, "delta": 2.187}}
{"target": -9.72572925356763, "params": {"C": 30.42519167921673, "gamma": 0.6020106455067551}, "datetime": {"datetime": "2021-06-21 09:24:44", "elapsed": 647.899269, "delta": 2.09316}}
{"target": -9.723382405149813, "params": {"C": 30.392757963184188, "gamma": 0.6069909727037454}, "datetime": {"datetime": "2021-06-21 09:24:47", "elapsed": 651.075073, "delta": 3.175804}}
{"target": -9.726367084682632, "params": {"C": 30.491937069270126, "gamma": 0.600863979153911}, "datetime": {"datetime": "2021-06-21 09:24:50", "elapsed": 653.754529, "delta": 2.679456}}
{"target": -9.755569763714112, "params": {"C": 32.722959345850875, "gamma": 0.6409035159182547}, "datetime": {"datetime": "2021-06-21 09:24:53", "elapsed": 657.057871, "delta": 3.303342}}
{"target": -9.72977023805752, "params": {"C": 32.57059071668499, "gamma": 0.6013438503489814}, "datetime": {"datetime": "2021-06-21 09:24:56", "elapsed": 659.959751, "delta": 2.90188}}
{"target": -9.727776424673046, "params": {"C": 32.60329291527824, "gamma": 0.6055628966254314}, "datetime": {"datetime": "2021-06-21 09:24:58", "elapsed": 662.347707, "delta": 2.387956}}
{"target": -9.732121821529617, "params": {"C": 32.80147573331337, "gamma": 0.5972538533806937}, "datetime": {"datetime": "2021-06-21 09:25:00", "elapsed": 664.362178, "delta": 2.014471}}
{"target": -9.840861646918885, "params": {"C": 43.136270478388965, "gamma": 0.6306522578795135}, "datetime": {"datetime": "2021-06-21 09:25:02", "elapsed": 666.452879, "delta": 2.090701}}
{"target": -9.75478021427287, "params": {"C": 31.4336362839418, "gamma": 0.566358196090775}, "datetime": {"datetime": "2021-06-21 09:25:05", "elapsed": 669.116904, "delta": 2.664025}}
{"target": -9.728432174468507, "params": {"C": 32.956325863701814, "gamma": 0.6054190891322637}, "datetime": {"datetime": "2021-06-21 09:25:08", "elapsed": 671.979904, "delta": 2.863}}
{"target": -9.72957811080255, "params": {"C": 31.737215030082524, "gamma": 0.5986687368191348}, "datetime": {"datetime": "2021-06-21 09:25:11", "elapsed": 674.849129, "delta": 2.869225}}
{"target": -9.73198177067301, "params": {"C": 31.834805537123223, "gamma": 0.5939811846312344}, "datetime": {"datetime": "2021-06-21 09:25:14", "elapsed": 678.303952, "delta": 3.454823}}
{"target": -10.09831371463042, "params": {"C": 20.283831202400165, "gamma": 0.9978331314900382}, "datetime": {"datetime": "2021-06-21 09:25:18", "elapsed": 681.83114, "delta": 3.527188}}
{"target": -9.81873446646002, "params": {"C": 49.10551940274163, "gamma": 0.4923315396657816}, "datetime": {"datetime": "2021-06-21 09:25:21", "elapsed": 684.669557, "delta": 2.838417}}
{"target": -9.748871297073347, "params": {"C": 28.844815286708474, "gamma": 0.5784786525205877}, "datetime": {"datetime": "2021-06-21 09:25:23", "elapsed": 687.529918, "delta": 2.860361}}
{"target": -9.723244772642715, "params": {"C": 29.19594395753481, "gamma": 0.6156229100507356}, "datetime": {"datetime": "2021-06-21 09:25:27", "elapsed": 691.004522, "delta": 3.474604}}
{"target": -9.734152008762202, "params": {"C": 28.900671841405217, "gamma": 0.6270888470222384}, "datetime": {"datetime": "2021-06-21 09:25:29", "elapsed": 692.947066, "delta": 1.942544}}
{"target": -9.761016441793572, "params": {"C": 23.28728960066188, "gamma": 0.650823462365647}, "datetime": {"datetime": "2021-06-21 09:25:32", "elapsed": 695.871851, "delta": 2.924785}}
{"target": -9.72632637553172, "params": {"C": 28.816589442541357, "gamma": 0.618917062117067}, "datetime": {"datetime": "2021-06-21 09:25:36", "elapsed": 699.74923, "delta": 3.877379}}
{"target": -9.806761189268148, "params": {"C": 47.103489209360525, "gamma": 0.5354065374289212}, "datetime": {"datetime": "2021-06-21 09:25:38", "elapsed": 701.988305, "delta": 2.239075}}
{"target": -9.721039107794628, "params": {"C": 28.087936204357298, "gamma": 0.6095322647477863}, "datetime": {"datetime": "2021-06-21 09:25:41", "elapsed": 705.306305, "delta": 3.318}}
{"target": -9.786018876903796, "params": {"C": 39.459054992118, "gamma": 0.5229308362147875}, "datetime": {"datetime": "2021-06-21 09:25:43", "elapsed": 707.247081, "delta": 1.940776}}
{"target": -9.732272254031658, "params": {"C": 27.819467995153715, "gamma": 0.6254169450302822}, "datetime": {"datetime": "2021-06-21 09:25:45", "elapsed": 709.640366, "delta": 2.393285}}
{"target": -9.72690071073941, "params": {"C": 30.573437961115964, "gamma": 0.6000037970015908}, "datetime": {"datetime": "2021-06-21 09:25:49", "elapsed": 713.177347, "delta": 3.536981}}
{"target": -9.750394906450742, "params": {"C": 25.660814239598793, "gamma": 0.6455866813813337}, "datetime": {"datetime": "2021-06-21 09:25:52", "elapsed": 716.317586, "delta": 3.140239}}
{"target": -9.73088693276279, "params": {"C": 28.366823251058996, "gamma": 0.623809000950325}, "datetime": {"datetime": "2021-06-21 09:25:55", "elapsed": 718.87506, "delta": 2.557474}}
{"target": -9.744730881197132, "params": {"C": 34.77331345435241, "gamma": 0.5799359128930878}, "datetime": {"datetime": "2021-06-21 09:25:58", "elapsed": 721.853919, "delta": 2.978859}}
{"target": -9.75286771825399, "params": {"C": 37.555004919223165, "gamma": 0.6064267680595335}, "datetime": {"datetime": "2021-06-21 09:26:00", "elapsed": 724.454868, "delta": 2.600949}}
{"target": -9.726066280066394, "params": {"C": 27.108677134496393, "gamma": 0.6139124240032827}, "datetime": {"datetime": "2021-06-21 09:26:04", "elapsed": 728.136533, "delta": 3.681665}}
{"target": -9.750598206887691, "params": {"C": 23.571585922538535, "gamma": 0.6313766753300494}, "datetime": {"datetime": "2021-06-21 09:26:07", "elapsed": 731.056893, "delta": 2.92036}}
{"target": -9.723042618756484, "params": {"C": 29.435677779654476, "gamma": 0.6041283765937784}, "datetime": {"datetime": "2021-06-21 09:26:11", "elapsed": 735.171351, "delta": 4.114458}}
{"target": -9.760464260547986, "params": {"C": 37.222633259795366, "gamma": 0.5583384749846896}, "datetime": {"datetime": "2021-06-21 09:26:13", "elapsed": 737.530027, "delta": 2.358676}}
{"target": -9.770492565586753, "params": {"C": 26.408277098230954, "gamma": 0.566027023836353}, "datetime": {"datetime": "2021-06-21 09:26:17", "elapsed": 741.208988, "delta": 3.678961}}
{"target": -9.744172627574516, "params": {"C": 26.360410367680547, "gamma": 0.6385666970065051}, "datetime": {"datetime": "2021-06-21 09:26:20", "elapsed": 744.287131, "delta": 3.078143}}
{"target": -10.219152469048625, "params": {"C": 26.69882893208895, "gamma": 0.9910022024426048}, "datetime": {"datetime": "2021-06-21 09:26:23", "elapsed": 747.083792, "delta": 2.796661}}
{"target": -9.750312207240466, "params": {"C": 26.207123057518796, "gamma": 0.585415793762801}, "datetime": {"datetime": "2021-06-21 09:26:25", "elapsed": 749.563331, "delta": 2.479539}}
{"target": -9.723480457747435, "params": {"C": 28.770601798607814, "gamma": 0.6159871464149871}, "datetime": {"datetime": "2021-06-21 09:26:29", "elapsed": 753.624973, "delta": 4.061642}}
{"target": -9.740683805270429, "params": {"C": 25.53059567254964, "gamma": 0.6295289718843566}, "datetime": {"datetime": "2021-06-21 09:26:34", "elapsed": 758.085605, "delta": 4.460632}}
{"target": -9.789145296999957, "params": {"C": 42.68068862619084, "gamma": 0.5220790491365854}, "datetime": {"datetime": "2021-06-21 09:26:36", "elapsed": 760.633605, "delta": 2.548}}
{"target": -9.732261919724055, "params": {"C": 28.08342358937952, "gamma": 0.6253365400555954}, "datetime": {"datetime": "2021-06-21 09:26:40", "elapsed": 763.895607, "delta": 3.262002}}
{"target": -9.742419688831038, "params": {"C": 28.092597326263714, "gamma": 0.5866897663216066}, "datetime": {"datetime": "2021-06-21 09:26:43", "elapsed": 767.273717, "delta": 3.37811}}
{"target": -10.242869939754932, "params": {"C": 27.39111037203348, "gamma": 1.0}, "datetime": {"datetime": "2021-06-21 09:26:46", "elapsed": 770.205323, "delta": 2.931606}}
{"target": -9.724846649048702, "params": {"C": 27.957822512098232, "gamma": 0.6056969798317746}, "datetime": {"datetime": "2021-06-21 09:26:50", "elapsed": 774.617712, "delta": 4.412389}}
{"target": -9.721485168490242, "params": {"C": 28.20332973577523, "gamma": 0.6138115402606623}, "datetime": {"datetime": "2021-06-21 09:26:55", "elapsed": 778.902905, "delta": 4.285193}}
{"target": -9.720757402467516, "params": {"C": 28.134697019533697, "gamma": 0.6118734222119083}, "datetime": {"datetime": "2021-06-21 09:26:59", "elapsed": 783.016548, "delta": 4.113643}}
{"target": -9.838870821882875, "params": {"C": 47.912320746380814, "gamma": 0.47363019540994133}, "datetime": {"datetime": "2021-06-21 09:27:04", "elapsed": 787.947213, "delta": 4.930665}}
{"target": -9.777318593243606, "params": {"C": 38.88021330982731, "gamma": 0.5318448632869585}, "datetime": {"datetime": "2021-06-21 09:27:10", "elapsed": 793.683157, "delta": 5.735944}}
{"target": -9.721894131614619, "params": {"C": 28.449920065597084, "gamma": 0.6075505990034887}, "datetime": {"datetime": "2021-06-21 09:27:13", "elapsed": 796.746166, "delta": 3.063009}}
{"target": -9.724463672324934, "params": {"C": 30.789916616127428, "gamma": 0.6163244800258036}, "datetime": {"datetime": "2021-06-21 09:27:16", "elapsed": 799.776847, "delta": 3.030681}}
{"target": -9.748151974061775, "params": {"C": 23.727159792684745, "gamma": 0.6272643732912213}, "datetime": {"datetime": "2021-06-21 09:27:18", "elapsed": 802.447445, "delta": 2.670598}}
{"target": -9.747922299154919, "params": {"C": 24.88452442593737, "gamma": 0.6384761222243526}, "datetime": {"datetime": "2021-06-21 09:27:25", "elapsed": 808.669777, "delta": 6.222332}}
{"target": -9.732076302158841, "params": {"C": 28.15794279196374, "gamma": 0.625120181692318}, "datetime": {"datetime": "2021-06-21 09:27:29", "elapsed": 812.72441, "delta": 4.054633}}
{"target": -9.815029946623701, "params": {"C": 41.28361867481226, "gamma": 0.6267085201674336}, "datetime": {"datetime": "2021-06-21 09:27:32", "elapsed": 815.941987, "delta": 3.217577}}
{"target": -9.725616641439611, "params": {"C": 33.960736956413044, "gamma": 0.6160411763713434}, "datetime": {"datetime": "2021-06-21 09:27:36", "elapsed": 820.141196, "delta": 4.199209}}
{"target": -9.74267106515732, "params": {"C": 33.90736805627705, "gamma": 0.5806944661891897}, "datetime": {"datetime": "2021-06-21 09:27:40", "elapsed": 824.129682, "delta": 3.988486}}
{"target": -9.72697121275523, "params": {"C": 27.910682554010094, "gamma": 0.6198268033914306}, "datetime": {"datetime": "2021-06-21 09:27:46", "elapsed": 829.960458, "delta": 5.830776}}
{"target": -9.813163180574653, "params": {"C": 45.503941309563736, "gamma": 0.5692850690895348}, "datetime": {"datetime": "2021-06-21 09:27:52", "elapsed": 836.484483, "delta": 6.524025}}
{"target": -9.721891651049908, "params": {"C": 31.350660650941965, "gamma": 0.6134803909294752}, "datetime": {"datetime": "2021-06-21 09:27:56", "elapsed": 840.166159, "delta": 3.681676}}
{"target": -9.734134951098266, "params": {"C": 31.676381561312873, "gamma": 0.589127412210914}, "datetime": {"datetime": "2021-06-21 09:28:04", "elapsed": 847.896868, "delta": 7.730709}}
{"target": -9.730662481347927, "params": {"C": 31.386492117466148, "gamma": 0.6224683747314066}, "datetime": {"datetime": "2021-06-21 09:28:07", "elapsed": 851.33029, "delta": 3.433422}}
{"target": -9.723467215115647, "params": {"C": 31.255667026731086, "gamma": 0.6098430197249172}, "datetime": {"datetime": "2021-06-21 09:28:12", "elapsed": 856.269875, "delta": 4.939585}}
{"target": -9.734002811599563, "params": {"C": 31.30660997619388, "gamma": 0.587958476968344}, "datetime": {"datetime": "2021-06-21 09:28:16", "elapsed": 859.746366, "delta": 3.476491}}
{"target": -9.73264471768154, "params": {"C": 31.171276137514422, "gamma": 0.6246281555623396}, "datetime": {"datetime": "2021-06-21 09:28:25", "elapsed": 868.716616, "delta": 8.97025}}
{"target": -9.822766569128442, "params": {"C": 20.90998731783786, "gamma": 0.538291772233054}, "datetime": {"datetime": "2021-06-21 09:28:28", "elapsed": 872.529091, "delta": 3.812475}}
{"target": -9.948392668464473, "params": {"C": 20.616735431769563, "gamma": 0.45688953330211735}, "datetime": {"datetime": "2021-06-21 09:28:39", "elapsed": 883.296523, "delta": 10.767432}}
{"target": -9.800982095281643, "params": {"C": 20.340439839742533, "gamma": 0.5598800629750258}, "datetime": {"datetime": "2021-06-21 09:28:42", "elapsed": 885.994506, "delta": 2.697983}}
{"target": -10.18654867339482, "params": {"C": 24.69774843307518, "gamma": 0.9970618501981441}, "datetime": {"datetime": "2021-06-21 09:28:47", "elapsed": 891.474194, "delta": 5.479688}}
{"target": -9.740175167859025, "params": {"C": 31.321421966064076, "gamma": 0.6325145875309867}, "datetime": {"datetime": "2021-06-21 09:28:51", "elapsed": 895.172219, "delta": 3.698025}}
{"target": -9.727652945324854, "params": {"C": 34.0146731301513, "gamma": 0.618084554128965}, "datetime": {"datetime": "2021-06-21 09:28:54", "elapsed": 897.871163, "delta": 2.698944}}
{"target": -9.740565491258034, "params": {"C": 27.367314034435864, "gamma": 0.6344041761564572}, "datetime": {"datetime": "2021-06-21 09:28:57", "elapsed": 901.523651, "delta": 3.652488}}
{"target": -9.732280249634655, "params": {"C": 29.396534840121276, "gamma": 0.5936329151323367}, "datetime": {"datetime": "2021-06-21 09:29:06", "elapsed": 910.165745, "delta": 8.642094}}
{"target": -9.723141331366971, "params": {"C": 28.949889496923998, "gamma": 0.6047809672385965}, "datetime": {"datetime": "2021-06-21 09:29:10", "elapsed": 913.775155, "delta": 3.60941}}
{"target": -9.751217649479642, "params": {"C": 35.37202655075523, "gamma": 0.569427068737676}, "datetime": {"datetime": "2021-06-21 09:29:14", "elapsed": 917.952339, "delta": 4.177184}}
{"target": -9.732941427254199, "params": {"C": 29.6494074941705, "gamma": 0.5923482273774099}, "datetime": {"datetime": "2021-06-21 09:29:20", "elapsed": 924.457621, "delta": 6.505282}}
