{"target": -10.281091234951603, "params": {"C": 20.26595169252804, "gamma": 0.3}, "datetime": {"datetime": "2021-06-21 09:14:23", "elapsed": 26.876942, "delta": 0.511964}}
{"target": -10.323691181547922, "params": {"C": 33.619316969873935, "gamma": 0.9828098965698691}, "datetime": {"datetime": "2021-06-21 09:14:23", "elapsed": 27.377589, "delta": 0.500647}}
{"target": -10.09204483652649, "params": {"C": 19.9, "gamma": 1.0}, "datetime": {"datetime": "2021-06-21 09:14:24", "elapsed": 27.82959, "delta": 0.452001}}
{"target": -10.495135293475867, "params": {"C": 47.0471435786079, "gamma": 0.9841660527451717}, "datetime": {"datetime": "2021-06-21 09:14:24", "elapsed": 28.322661, "delta": 0.493071}}
{"target": -10.269217190129542, "params": {"C": 28.885387210410258, "gamma": 1.0}, "datetime": {"datetime": "2021-06-21 09:14:25", "elapsed": 28.863671, "delta": 0.54101}}
{"target": -10.168483708524445, "params": {"C": 34.038721059898336, "gamma": 0.3136509735365621}, "datetime": {"datetime": "2021-06-21 09:14:25", "elapsed": 29.318627, "delta": 0.454956}}
{"target": -10.24920258895985, "params": {"C": 27.739852694456385, "gamma": 1.0}, "datetime": {"datetime": "2021-06-21 09:14:26", "elapsed": 29.809631, "delta": 0.491004}}
{"target": -9.808456253015102, "params": {"C": 31.31962112672513, "gamma": 0.519581955307977}, "datetime": {"datetime": "2021-06-21 09:14:26", "elapsed": 30.29362, "delta": 0.483989}}
{"target": -10.163104395474381, "params": {"C": 47.33949271232031, "gamma": 0.30162041504367787}, "datetime": {"datetime": "2021-06-21 09:14:27", "elapsed": 30.831622, "delta": 0.538002}}
{"target": -10.142330319679042, "params": {"C": 45.83039499036157, "gamma": 0.31297590977871337}, "datetime": {"datetime": "2021-06-21 09:14:27", "elapsed": 31.355625, "delta": 0.524003}}
{"target": -10.310631659686816, "params": {"C": 31.492920431645622, "gamma": 1.0}, "datetime": {"datetime": "2021-06-21 09:14:28", "elapsed": 31.832626, "delta": 0.477001}}
{"target": -10.225689714070588, "params": {"C": 28.032102582832174, "gamma": 0.30151524126485435}, "datetime": {"datetime": "2021-06-21 09:14:28", "elapsed": 32.354249, "delta": 0.521623}}
{"target": -10.144959449231433, "params": {"C": 40.68033154553693, "gamma": 0.31555556694866554}, "datetime": {"datetime": "2021-06-21 09:14:29", "elapsed": 32.868248, "delta": 0.513999}}
{"target": -10.37874969241036, "params": {"C": 39.58274272376185, "gamma": 0.9613407388958022}, "datetime": {"datetime": "2021-06-21 09:14:29", "elapsed": 33.365247, "delta": 0.496999}}
{"target": -10.220460505421016, "params": {"C": 25.15280941274304, "gamma": 0.3114647003075142}, "datetime": {"datetime": "2021-06-21 09:14:30", "elapsed": 33.881251, "delta": 0.516004}}
{"target": -10.023289536337835, "params": {"C": 41.06592747786661, "gamma": 0.7203019528389152}, "datetime": {"datetime": "2021-06-21 09:14:30", "elapsed": 34.397249, "delta": 0.515998}}
{"target": -10.223864654854745, "params": {"C": 29.096384672429128, "gamma": 0.3}, "datetime": {"datetime": "2021-06-21 09:14:31", "elapsed": 35.008246, "delta": 0.610997}}
{"target": -10.16192815942787, "params": {"C": 37.595267691958526, "gamma": 0.3096883795633181}, "datetime": {"datetime": "2021-06-21 09:14:31", "elapsed": 35.593248, "delta": 0.585002}}
{"target": -10.183501769640984, "params": {"C": 24.35930953196415, "gamma": 1.0}, "datetime": {"datetime": "2021-06-21 09:14:32", "elapsed": 36.110248, "delta": 0.517}}
{"target": -10.522464437877629, "params": {"C": 49.01582655096267, "gamma": 0.9947496987339464}, "datetime": {"datetime": "2021-06-21 09:14:33", "elapsed": 36.774247, "delta": 0.663999}}
{"target": -10.164809064475005, "params": {"C": 48.59350586463134, "gamma": 0.3}, "datetime": {"datetime": "2021-06-21 09:14:33", "elapsed": 37.35285, "delta": 0.578603}}
{"target": -10.181565547479533, "params": {"C": 25.47937104613098, "gamma": 0.9801620555452337}, "datetime": {"datetime": "2021-06-21 09:14:34", "elapsed": 37.915885, "delta": 0.563035}}
{"target": -10.17111507575125, "params": {"C": 42.771704086702975, "gamma": 0.3}, "datetime": {"datetime": "2021-06-21 09:14:34", "elapsed": 38.420849, "delta": 0.504964}}
{"target": -10.534772179173634, "params": {"C": 50.0, "gamma": 1.0}, "datetime": {"datetime": "2021-06-21 09:14:35", "elapsed": 38.96985, "delta": 0.549001}}
{"target": -10.396209931913505, "params": {"C": 38.09189151347043, "gamma": 0.9956268422180001}, "datetime": {"datetime": "2021-06-21 09:14:35", "elapsed": 39.584852, "delta": 0.615002}}
{"target": -10.158733690956662, "params": {"C": 35.20952249197212, "gamma": 0.3150237115151392}, "datetime": {"datetime": "2021-06-21 09:14:36", "elapsed": 40.172854, "delta": 0.588002}}
{"target": -9.827813366314224, "params": {"C": 21.73102018080224, "gamma": 0.5308097646607591}, "datetime": {"datetime": "2021-06-21 09:14:37", "elapsed": 40.867858, "delta": 0.695004}}
{"target": -9.90904847226498, "params": {"C": 26.495928283188626, "gamma": 0.7760968963511785}, "datetime": {"datetime": "2021-06-21 09:14:37", "elapsed": 41.455854, "delta": 0.587996}}
{"target": -10.204030040860824, "params": {"C": 31.247661120225633, "gamma": 0.30461000574298136}, "datetime": {"datetime": "2021-06-21 09:14:38", "elapsed": 42.119853, "delta": 0.663999}}
{"target": -9.807470866664634, "params": {"C": 22.02847022650391, "gamma": 0.71530357817764}, "datetime": {"datetime": "2021-06-21 09:14:39", "elapsed": 42.867514, "delta": 0.747661}}
{"target": -9.803893181678005, "params": {"C": 46.96356402409094, "gamma": 0.5325772089155416}, "datetime": {"datetime": "2021-06-21 09:14:39", "elapsed": 43.550516, "delta": 0.683002}}
{"target": -9.989072829574113, "params": {"C": 48.30303492950445, "gamma": 0.6658349642148457}, "datetime": {"datetime": "2021-06-21 09:14:40", "elapsed": 44.209549, "delta": 0.659033}}
{"target": -10.169139759919469, "params": {"C": 38.768212322780286, "gamma": 0.3047163974682346}, "datetime": {"datetime": "2021-06-21 09:14:41", "elapsed": 44.892553, "delta": 0.683004}}
{"target": -10.157591093298219, "params": {"C": 43.90651524145633, "gamma": 0.3066335349942975}, "datetime": {"datetime": "2021-06-21 09:14:42", "elapsed": 45.66451, "delta": 0.771957}}
{"target": -9.75035095709197, "params": {"C": 31.58309827120322, "gamma": 0.5704703323346877}, "datetime": {"datetime": "2021-06-21 09:14:42", "elapsed": 46.243511, "delta": 0.579001}}
{"target": -9.776565731059044, "params": {"C": 21.293902890324894, "gamma": 0.664142387313919}, "datetime": {"datetime": "2021-06-21 09:14:43", "elapsed": 46.999518, "delta": 0.756007}}
{"target": -9.820794174096326, "params": {"C": 21.68854287313007, "gamma": 0.7334367811769146}, "datetime": {"datetime": "2021-06-21 09:14:44", "elapsed": 47.74627, "delta": 0.746752}}
{"target": -9.759093354229813, "params": {"C": 25.28178386762328, "gamma": 0.655501715908045}, "datetime": {"datetime": "2021-06-21 09:14:44", "elapsed": 48.418242, "delta": 0.671972}}
{"target": -9.791595382920415, "params": {"C": 23.431730289010282, "gamma": 0.6950106360221308}, "datetime": {"datetime": "2021-06-21 09:14:45", "elapsed": 49.085238, "delta": 0.666996}}
{"target": -9.805676185991619, "params": {"C": 22.47776758704509, "gamma": 0.713015852621062}, "datetime": {"datetime": "2021-06-21 09:14:46", "elapsed": 49.779233, "delta": 0.693995}}
{"target": -9.775001723657931, "params": {"C": 23.837146974922998, "gamma": 0.6744122180436433}, "datetime": {"datetime": "2021-06-21 09:14:46", "elapsed": 50.500396, "delta": 0.721163}}
{"target": -9.795527617348359, "params": {"C": 32.27235147084768, "gamma": 0.5280780435951857}, "datetime": {"datetime": "2021-06-21 09:14:47", "elapsed": 51.437392, "delta": 0.936996}}
{"target": -10.280136862592613, "params": {"C": 29.54004488208459, "gamma": 1.0}, "datetime": {"datetime": "2021-06-21 09:14:48", "elapsed": 52.320428, "delta": 0.883036}}
{"target": -9.744327360252274, "params": {"C": 30.1988232452325, "gamma": 0.5794945815918657}, "datetime": {"datetime": "2021-06-21 09:14:49", "elapsed": 53.13402, "delta": 0.813592}}
{"target": -9.782548642059078, "params": {"C": 30.488805060442278, "gamma": 0.6692871670653774}, "datetime": {"datetime": "2021-06-21 09:14:50", "elapsed": 53.919998, "delta": 0.785978}}
{"target": -9.734850964113567, "params": {"C": 29.868448183975254, "gamma": 0.6274826451779089}, "datetime": {"datetime": "2021-06-21 09:14:51", "elapsed": 54.732001, "delta": 0.812003}}
{"target": -9.75333124139409, "params": {"C": 30.945501846333016, "gamma": 0.6470509977270457}, "datetime": {"datetime": "2021-06-21 09:14:52", "elapsed": 55.688001, "delta": 0.956}}
{"target": -9.768789875290757, "params": {"C": 24.26231680657331, "gamma": 0.6669424227921454}, "datetime": {"datetime": "2021-06-21 09:14:52", "elapsed": 56.466998, "delta": 0.778997}}
{"target": -9.746443817487446, "params": {"C": 24.682173403250616, "gamma": 0.6336604532128212}, "datetime": {"datetime": "2021-06-21 09:14:53", "elapsed": 57.298997, "delta": 0.831999}}
{"target": -9.782832477857557, "params": {"C": 20.10718254028244, "gamma": 0.6614744745448602}, "datetime": {"datetime": "2021-06-21 09:14:54", "elapsed": 58.13163, "delta": 0.832633}}
{"target": -9.74553119042856, "params": {"C": 25.76800109765063, "gamma": 0.6401689607771803}, "datetime": {"datetime": "2021-06-21 09:14:55", "elapsed": 58.839604, "delta": 0.707974}}
{"target": -9.74141674992478, "params": {"C": 24.91598340695552, "gamma": 0.5988679446687691}, "datetime": {"datetime": "2021-06-21 09:14:55", "elapsed": 59.628605, "delta": 0.789001}}
{"target": -9.838634684448486, "params": {"C": 31.24226575275771, "gamma": 0.6970572358660163}, "datetime": {"datetime": "2021-06-21 09:14:56", "elapsed": 60.547601, "delta": 0.918996}}
{"target": -9.76428581481681, "params": {"C": 30.047591929534278, "gamma": 0.6599478928115274}, "datetime": {"datetime": "2021-06-21 09:14:57", "elapsed": 61.309611, "delta": 0.76201}}
{"target": -9.74409297357331, "params": {"C": 29.635654560061116, "gamma": 0.6374700308616389}, "datetime": {"datetime": "2021-06-21 09:14:58", "elapsed": 62.309607, "delta": 0.999996}}
{"target": -9.804213829468607, "params": {"C": 25.55022622372631, "gamma": 0.7113206354537411}, "datetime": {"datetime": "2021-06-21 09:14:59", "elapsed": 63.171666, "delta": 0.862059}}
{"target": -9.739656805654262, "params": {"C": 26.01884711540454, "gamma": 0.631655281720317}, "datetime": {"datetime": "2021-06-21 09:15:00", "elapsed": 63.914668, "delta": 0.743002}}
{"target": -9.839270469918404, "params": {"C": 21.058701464465145, "gamma": 0.7604872409814116}, "datetime": {"datetime": "2021-06-21 09:15:01", "elapsed": 64.764725, "delta": 0.850057}}
{"target": -9.818872064325692, "params": {"C": 22.822751559781167, "gamma": 0.731146722499838}, "datetime": {"datetime": "2021-06-21 09:15:02", "elapsed": 65.695726, "delta": 0.931001}}
{"target": -9.725451288841638, "params": {"C": 30.740072067467345, "gamma": 0.6173565304674845}, "datetime": {"datetime": "2021-06-21 09:15:02", "elapsed": 66.418447, "delta": 0.722721}}
{"target": -9.850762523667623, "params": {"C": 47.58750215436961, "gamma": 0.6033691721391949}, "datetime": {"datetime": "2021-06-21 09:15:03", "elapsed": 67.318449, "delta": 0.900002}}
{"target": -9.79050609607931, "params": {"C": 24.039407749340715, "gamma": 0.6936363700583034}, "datetime": {"datetime": "2021-06-21 09:15:04", "elapsed": 68.222351, "delta": 0.903902}}
{"target": -9.767069103231197, "params": {"C": 40.48030462131371, "gamma": 0.5737444921164825}, "datetime": {"datetime": "2021-06-21 09:15:05", "elapsed": 69.172313, "delta": 0.949962}}
{"target": -9.823020405844913, "params": {"C": 40.096568956903, "gamma": 0.6363423317893209}, "datetime": {"datetime": "2021-06-21 09:15:06", "elapsed": 70.119309, "delta": 0.946996}}
{"target": -9.764997498697232, "params": {"C": 39.745679978019844, "gamma": 0.5594782615326347}, "datetime": {"datetime": "2021-06-21 09:15:07", "elapsed": 70.919354, "delta": 0.800045}}
{"target": -9.799430601915798, "params": {"C": 19.904505300450328, "gamma": 0.699855475601497}, "datetime": {"datetime": "2021-06-21 09:15:08", "elapsed": 71.952317, "delta": 1.032963}}
{"target": -9.767086707456173, "params": {"C": 39.48637658143354, "gamma": 0.5959589584749403}, "datetime": {"datetime": "2021-06-21 09:15:09", "elapsed": 72.758975, "delta": 0.806658}}
{"target": -9.774186335685947, "params": {"C": 39.15347615951055, "gamma": 0.615870758700827}, "datetime": {"datetime": "2021-06-21 09:15:09", "elapsed": 73.537977, "delta": 0.779002}}
{"target": -10.113704625979771, "params": {"C": 45.67208594625066, "gamma": 0.7352172855966024}, "datetime": {"datetime": "2021-06-21 09:15:10", "elapsed": 74.368206, "delta": 0.830229}}
{"target": -9.784519182582194, "params": {"C": 33.09491580094429, "gamma": 0.6547819199717513}, "datetime": {"datetime": "2021-06-21 09:15:11", "elapsed": 75.391605, "delta": 1.023399}}
{"target": -9.762118727458446, "params": {"C": 33.370785369094136, "gamma": 0.6408862362037744}, "datetime": {"datetime": "2021-06-21 09:15:12", "elapsed": 76.313375, "delta": 0.92177}}
{"target": -10.001762874706657, "params": {"C": 33.2663278777548, "gamma": 0.766433905010558}, "datetime": {"datetime": "2021-06-21 09:15:13", "elapsed": 77.232638, "delta": 0.919263}}
{"target": -9.770162262595115, "params": {"C": 33.81638734688046, "gamma": 0.6428365600398721}, "datetime": {"datetime": "2021-06-21 09:15:14", "elapsed": 78.234262, "delta": 1.001624}}
{"target": -9.769381486405754, "params": {"C": 33.58408376883672, "gamma": 0.5479328740196503}, "datetime": {"datetime": "2021-06-21 09:15:15", "elapsed": 79.06926, "delta": 0.834998}}
{"target": -9.758409433673524, "params": {"C": 32.86033505097976, "gamma": 0.5599545897971338}, "datetime": {"datetime": "2021-06-21 09:15:16", "elapsed": 79.817298, "delta": 0.748038}}
{"target": -9.763340447287426, "params": {"C": 34.169886452595726, "gamma": 0.6372490651646757}, "datetime": {"datetime": "2021-06-21 09:15:17", "elapsed": 80.78126, "delta": 0.963962}}
{"target": -9.79789144466568, "params": {"C": 33.13738503092667, "gamma": 0.5241807919693596}, "datetime": {"datetime": "2021-06-21 09:15:18", "elapsed": 81.779261, "delta": 0.998001}}
{"target": -10.011586809681344, "params": {"C": 34.071520725155274, "gamma": 0.7647526699211957}, "datetime": {"datetime": "2021-06-21 09:15:19", "elapsed": 82.66988, "delta": 0.890619}}
{"target": -9.742322893945827, "params": {"C": 34.57003972208366, "gamma": 0.6240483947935103}, "datetime": {"datetime": "2021-06-21 09:15:20", "elapsed": 83.665923, "delta": 0.996043}}
{"target": -9.779774169353761, "params": {"C": 34.40838004462279, "gamma": 0.5370809296031391}, "datetime": {"datetime": "2021-06-21 09:15:20", "elapsed": 84.644881, "delta": 0.978958}}
{"target": -9.826462124257274, "params": {"C": 34.88264622067885, "gamma": 0.6665368106252353}, "datetime": {"datetime": "2021-06-21 09:15:21", "elapsed": 85.343882, "delta": 0.699001}}
{"target": -10.219016569769366, "params": {"C": 42.230340814464526, "gamma": 0.8159477499329102}, "datetime": {"datetime": "2021-06-21 09:15:22", "elapsed": 86.20188, "delta": 0.857998}}
{"target": -9.767553906662021, "params": {"C": 38.63155708915624, "gamma": 0.6141210802467723}, "datetime": {"datetime": "2021-06-21 09:15:23", "elapsed": 87.331878, "delta": 1.129998}}
{"target": -9.771238861205205, "params": {"C": 38.8692860573555, "gamma": 0.6161410837185758}, "datetime": {"datetime": "2021-06-21 09:15:24", "elapsed": 88.209503, "delta": 0.877625}}
{"target": -9.788065403067613, "params": {"C": 38.31198580871073, "gamma": 0.6281668350873177}, "datetime": {"datetime": "2021-06-21 09:15:25", "elapsed": 89.130502, "delta": 0.920999}}
{"target": -9.726332605878852, "params": {"C": 28.808419423729458, "gamma": 0.6016714723262662}, "datetime": {"datetime": "2021-06-21 09:15:26", "elapsed": 90.352946, "delta": 1.222444}}
{"target": -9.77983997589086, "params": {"C": 28.641996875641098, "gamma": 0.6791889156503195}, "datetime": {"datetime": "2021-06-21 09:15:27", "elapsed": 91.217467, "delta": 0.864521}}
{"target": -9.737155686141499, "params": {"C": 28.990903396654627, "gamma": 0.6302486485479966}, "datetime": {"datetime": "2021-06-21 09:15:28", "elapsed": 92.193081, "delta": 0.975614}}
{"target": -9.806278082966578, "params": {"C": 21.47098852735005, "gamma": 0.5503022246214596}, "datetime": {"datetime": "2021-06-21 09:15:29", "elapsed": 93.158599, "delta": 0.965518}}
{"target": -9.813737051258226, "params": {"C": 30.01349003299741, "gamma": 0.5182817106592226}, "datetime": {"datetime": "2021-06-21 09:15:30", "elapsed": 94.269636, "delta": 1.111037}}
{"target": -9.776485301046101, "params": {"C": 32.54639217526475, "gamma": 0.5440705387197646}, "datetime": {"datetime": "2021-06-21 09:15:31", "elapsed": 95.0516, "delta": 0.781964}}
{"target": -9.802613171365007, "params": {"C": 28.8344440349937, "gamma": 0.692287482763925}, "datetime": {"datetime": "2021-06-21 09:15:32", "elapsed": 96.369603, "delta": 1.318003}}
{"target": -9.78286872978904, "params": {"C": 41.74348618031239, "gamma": 0.5314363334724885}, "datetime": {"datetime": "2021-06-21 09:15:33", "elapsed": 97.274597, "delta": 0.904994}}
{"target": -10.088795480642398, "params": {"C": 41.76426924512701, "gamma": 0.34218196045374905}, "datetime": {"datetime": "2021-06-21 09:15:34", "elapsed": 98.302603, "delta": 1.028006}}
{"target": -9.797369010399754, "params": {"C": 41.505052799287256, "gamma": 0.6128332601125632}, "datetime": {"datetime": "2021-06-21 09:15:35", "elapsed": 99.522599, "delta": 1.219996}}
{"target": -10.192428602891333, "params": {"C": 43.43962624486868, "gamma": 0.7914460257681915}, "datetime": {"datetime": "2021-06-21 09:15:36", "elapsed": 100.331135, "delta": 0.808536}}
{"target": -9.727376570985781, "params": {"C": 27.746555221384405, "gamma": 0.6202881725848006}, "datetime": {"datetime": "2021-06-21 09:15:37", "elapsed": 101.170667, "delta": 0.839532}}
{"target": -9.7794499395119, "params": {"C": 27.459316859849807, "gamma": 0.6791176560373485}, "datetime": {"datetime": "2021-06-21 09:15:38", "elapsed": 102.131668, "delta": 0.961001}}
{"target": -9.734679777703171, "params": {"C": 26.979358798246377, "gamma": 0.6281696493110311}, "datetime": {"datetime": "2021-06-21 09:15:39", "elapsed": 103.080219, "delta": 0.948551}}
{"target": -9.734633393004543, "params": {"C": 28.02452823681456, "gamma": 0.6278653415657962}, "datetime": {"datetime": "2021-06-21 09:15:40", "elapsed": 103.995211, "delta": 0.914992}}
{"target": -9.748321434874882, "params": {"C": 27.17609989048273, "gamma": 0.6429420904872417}, "datetime": {"datetime": "2021-06-21 09:15:41", "elapsed": 105.087809, "delta": 1.092598}}
{"target": -9.734155324824899, "params": {"C": 26.69423571604982, "gamma": 0.6263829276970423}, "datetime": {"datetime": "2021-06-21 09:15:42", "elapsed": 106.008809, "delta": 0.921}}
{"target": -9.79148991477296, "params": {"C": 27.896432931668357, "gamma": 0.6921533583624258}, "datetime": {"datetime": "2021-06-21 09:15:43", "elapsed": 106.793805, "delta": 0.784996}}
{"target": -9.733767168604148, "params": {"C": 28.31915285623466, "gamma": 0.5948480006248726}, "datetime": {"datetime": "2021-06-21 09:15:44", "elapsed": 107.736442, "delta": 0.942637}}
{"target": -9.80046195548529, "params": {"C": 26.802283040099837, "gamma": 0.7058250112762058}, "datetime": {"datetime": "2021-06-21 09:15:45", "elapsed": 108.665116, "delta": 0.928674}}
{"target": -10.144503212696275, "params": {"C": 49.59163120970213, "gamma": 0.30916643077341327}, "datetime": {"datetime": "2021-06-21 09:15:46", "elapsed": 109.792421, "delta": 1.127305}}
{"target": -9.975020165841162, "params": {"C": 47.279515006994025, "gamma": 0.6652374492250945}, "datetime": {"datetime": "2021-06-21 09:15:47", "elapsed": 110.773382, "delta": 0.980961}}
{"target": -9.846216346485507, "params": {"C": 47.868175478759696, "gamma": 0.5890695343994072}, "datetime": {"datetime": "2021-06-21 09:15:48", "elapsed": 111.992518, "delta": 1.219136}}
{"target": -9.920660735743034, "params": {"C": 41.83955569438265, "gamma": 0.6720528229420946}, "datetime": {"datetime": "2021-06-21 09:15:49", "elapsed": 112.774927, "delta": 0.782409}}
{"target": -9.754260222540717, "params": {"C": 38.01137755152324, "gamma": 0.5992387150964311}, "datetime": {"datetime": "2021-06-21 09:15:50", "elapsed": 113.852146, "delta": 1.077219}}
{"target": -9.748706678131771, "params": {"C": 36.76684669379663, "gamma": 0.6154551489200659}, "datetime": {"datetime": "2021-06-21 09:15:51", "elapsed": 114.775729, "delta": 0.923583}}
{"target": -9.989675351748165, "params": {"C": 36.50094491025524, "gamma": 0.7354790638127515}, "datetime": {"datetime": "2021-06-21 09:15:52", "elapsed": 116.003739, "delta": 1.22801}}
{"target": -9.754980831070197, "params": {"C": 37.02307979338623, "gamma": 0.6186124101536408}, "datetime": {"datetime": "2021-06-21 09:15:53", "elapsed": 117.228694, "delta": 1.224955}}
{"target": -9.853459587855909, "params": {"C": 36.858835815865305, "gamma": 0.47848683262387326}, "datetime": {"datetime": "2021-06-21 09:15:54", "elapsed": 118.33229, "delta": 1.103596}}
{"target": -9.77489657894794, "params": {"C": 35.55612414354378, "gamma": 0.6362445276037648}, "datetime": {"datetime": "2021-06-21 09:15:55", "elapsed": 119.119256, "delta": 0.786966}}
{"target": -9.787810725783128, "params": {"C": 35.858176541668094, "gamma": 0.6409939545964889}, "datetime": {"datetime": "2021-06-21 09:15:56", "elapsed": 120.15828, "delta": 1.039024}}
{"target": -10.029188119751955, "params": {"C": 35.708600407571424, "gamma": 0.7606085836660066}, "datetime": {"datetime": "2021-06-21 09:15:57", "elapsed": 121.182317, "delta": 1.024037}}
{"target": -9.737469064781276, "params": {"C": 35.302581458784516, "gamma": 0.5952605944630369}, "datetime": {"datetime": "2021-06-21 09:15:58", "elapsed": 122.190317, "delta": 1.008}}
{"target": -9.743675383290446, "params": {"C": 36.12425926045708, "gamma": 0.5866440357854672}, "datetime": {"datetime": "2021-06-21 09:15:59", "elapsed": 123.305077, "delta": 1.11476}}
