{"target": -10.489231702761144, "params": {"C": 6.814396668210244, "gamma": 0.41499667919215555}, "datetime": {"datetime": "2021-06-20 11:56:05", "elapsed": 143.570844, "delta": 0.790363}}
{"target": -10.941995221173784, "params": {"C": 5.264314815133327, "gamma": 0.06320478295600936}, "datetime": {"datetime": "2021-06-20 11:56:06", "elapsed": 144.399266, "delta": 0.828422}}
{"target": -18.07683183589132, "params": {"C": 2.378458586051359, "gamma": 0.001}, "datetime": {"datetime": "2021-06-20 11:56:07", "elapsed": 145.474265, "delta": 1.074999}}
{"target": -10.534758130096076, "params": {"C": 5.889080499450365, "gamma": 0.45011300379369135}, "datetime": {"datetime": "2021-06-20 11:56:08", "elapsed": 146.030278, "delta": 0.556013}}
{"target": -10.626541482379217, "params": {"C": 2.851691806899447, "gamma": 0.24697597661277282}, "datetime": {"datetime": "2021-06-20 11:56:09", "elapsed": 146.940637, "delta": 0.910359}}
{"target": -10.651313083655031, "params": {"C": 2.5031496279188286, "gamma": 0.454580542598418}, "datetime": {"datetime": "2021-06-20 11:56:10", "elapsed": 147.930778, "delta": 0.990141}}
{"target": -10.794666640278827, "params": {"C": 1.8406827181375955, "gamma": 0.26113012866971874}, "datetime": {"datetime": "2021-06-20 11:56:11", "elapsed": 148.9095, "delta": 0.978722}}
{"target": -10.600445875020815, "params": {"C": 2.6583613797748806, "gamma": 0.34426764605101295}, "datetime": {"datetime": "2021-06-20 11:56:12", "elapsed": 150.011918, "delta": 1.102418}}
{"target": -10.87270796422203, "params": {"C": 1.5198093563884905, "gamma": 0.545093377958149}, "datetime": {"datetime": "2021-06-20 11:56:13", "elapsed": 150.90742, "delta": 0.895502}}
{"target": -10.688624287002595, "params": {"C": 6.310063228747823, "gamma": 0.5114378893453925}, "datetime": {"datetime": "2021-06-20 11:56:14", "elapsed": 151.87522, "delta": 0.9678}}
{"target": -15.568078744753713, "params": {"C": 8.024742341395386, "gamma": 7.746112052338098}, "datetime": {"datetime": "2021-06-20 11:56:14", "elapsed": 152.461123, "delta": 0.585903}}
{"target": -10.68650414532371, "params": {"C": 2.3012297336684386, "gamma": 0.46535071252661614}, "datetime": {"datetime": "2021-06-20 11:56:15", "elapsed": 153.215009, "delta": 0.753886}}
{"target": -16.64835854334563, "params": {"C": 8.289536893768322, "gamma": 9.850235389127475}, "datetime": {"datetime": "2021-06-20 11:56:16", "elapsed": 153.793184, "delta": 0.578175}}
{"target": -10.482432286854433, "params": {"C": 3.828809962264399, "gamma": 0.3573716035698917}, "datetime": {"datetime": "2021-06-20 11:56:17", "elapsed": 154.818561, "delta": 1.025377}}
{"target": -11.094656549860812, "params": {"C": 1.2288697888040971, "gamma": 0.6962362610632278}, "datetime": {"datetime": "2021-06-20 11:56:17", "elapsed": 155.702587, "delta": 0.884026}}
{"target": -11.30384607566481, "params": {"C": 2.241478550315233, "gamma": 0.9489381485795225}, "datetime": {"datetime": "2021-06-20 11:56:18", "elapsed": 156.567946, "delta": 0.865359}}
{"target": -10.472985091155945, "params": {"C": 5.42318846919686, "gamma": 0.4037673497804059}, "datetime": {"datetime": "2021-06-20 11:56:19", "elapsed": 157.624087, "delta": 1.056141}}
{"target": -16.432151661002912, "params": {"C": 5.648992052622682, "gamma": 0.001}, "datetime": {"datetime": "2021-06-20 11:56:20", "elapsed": 158.691196, "delta": 1.067109}}
{"target": -10.496594244574695, "params": {"C": 6.023425217990842, "gamma": 0.16324208630707318}, "datetime": {"datetime": "2021-06-20 11:56:21", "elapsed": 159.590777, "delta": 0.899581}}
{"target": -10.39690607673605, "params": {"C": 5.362156033274076, "gamma": 0.25107235242286596}, "datetime": {"datetime": "2021-06-20 11:56:22", "elapsed": 160.54679, "delta": 0.956013}}
{"target": -10.403463597157163, "params": {"C": 5.538120205758422, "gamma": 0.30758428152689743}, "datetime": {"datetime": "2021-06-20 11:56:23", "elapsed": 161.396114, "delta": 0.849324}}
{"target": -10.443393154802548, "params": {"C": 5.90268143901394, "gamma": 0.19469089090899253}, "datetime": {"datetime": "2021-06-20 11:56:24", "elapsed": 162.267778, "delta": 0.871664}}
{"target": -10.424680101559908, "params": {"C": 5.052365789843817, "gamma": 0.3299740071798}, "datetime": {"datetime": "2021-06-20 11:56:25", "elapsed": 163.222086, "delta": 0.954308}}
{"target": -12.773286111854453, "params": {"C": 0.8580273435683942, "gamma": 3.57039440984055}, "datetime": {"datetime": "2021-06-20 11:56:26", "elapsed": 163.809614, "delta": 0.587528}}
{"target": -12.254087924937014, "params": {"C": 1.242698605930446, "gamma": 2.374620041406498}, "datetime": {"datetime": "2021-06-20 11:56:26", "elapsed": 164.369338, "delta": 0.559724}}
{"target": -10.784840317375878, "params": {"C": 1.994232635255515, "gamma": 0.5740789964532373}, "datetime": {"datetime": "2021-06-20 11:56:27", "elapsed": 165.263173, "delta": 0.893835}}
{"target": -14.651343443164805, "params": {"C": 3.6198640078385558, "gamma": 6.780383265847954}, "datetime": {"datetime": "2021-06-20 11:56:28", "elapsed": 165.887238, "delta": 0.624065}}
{"target": -10.532496672178059, "params": {"C": 3.2416493001236764, "gamma": 0.3163355229483103}, "datetime": {"datetime": "2021-06-20 11:56:28", "elapsed": 166.767895, "delta": 0.880657}}
{"target": -10.633564908160851, "params": {"C": 3.1620436612296956, "gamma": 0.5360393604657239}, "datetime": {"datetime": "2021-06-20 11:56:30", "elapsed": 167.792971, "delta": 1.025076}}
{"target": -10.917555272753912, "params": {"C": 3.711640219379749, "gamma": 0.6777845749767258}, "datetime": {"datetime": "2021-06-20 11:56:30", "elapsed": 168.525083, "delta": 0.732112}}
{"target": -10.675527232463317, "params": {"C": 5.12337714279023, "gamma": 0.5323134724543943}, "datetime": {"datetime": "2021-06-20 11:56:31", "elapsed": 169.558257, "delta": 1.033174}}
{"target": -11.00621680183454, "params": {"C": 1.0354091902267768, "gamma": 0.5289353062053375}, "datetime": {"datetime": "2021-06-20 11:56:32", "elapsed": 170.629447, "delta": 1.07119}}
{"target": -10.4478976013964, "params": {"C": 4.216583873165533, "gamma": 0.3155460249494346}, "datetime": {"datetime": "2021-06-20 11:56:33", "elapsed": 171.565737, "delta": 0.93629}}
{"target": -10.870455477598853, "params": {"C": 4.369097261751313, "gamma": 0.6410981941186936}, "datetime": {"datetime": "2021-06-20 11:56:35", "elapsed": 172.902828, "delta": 1.337091}}
{"target": -10.925261550121451, "params": {"C": 4.0026064705340225, "gamma": 0.07891027924258692}, "datetime": {"datetime": "2021-06-20 11:56:36", "elapsed": 173.869677, "delta": 0.966849}}
{"target": -10.9000390531696, "params": {"C": 4.090356839821636, "gamma": 0.6602426998226048}, "datetime": {"datetime": "2021-06-20 11:56:37", "elapsed": 174.78422, "delta": 0.914543}}
{"target": -10.55331543133696, "params": {"C": 6.138707012054029, "gamma": 0.4544815408461739}, "datetime": {"datetime": "2021-06-20 11:56:38", "elapsed": 175.799076, "delta": 1.014856}}
{"target": -15.272967414243022, "params": {"C": 1.7576677954551934, "gamma": 0.007626697976170134}, "datetime": {"datetime": "2021-06-20 11:56:38", "elapsed": 176.624844, "delta": 0.825768}}
{"target": -10.82991372580322, "params": {"C": 1.5315827879034305, "gamma": 0.3539414174474159}, "datetime": {"datetime": "2021-06-20 11:56:39", "elapsed": 177.543135, "delta": 0.918291}}
{"target": -10.368342269389153, "params": {"C": 6.466258339627977, "gamma": 0.24786884911640497}, "datetime": {"datetime": "2021-06-20 11:56:40", "elapsed": 178.486724, "delta": 0.943589}}
{"target": -10.89784890063208, "params": {"C": 5.750955081590448, "gamma": 0.6222930259703324}, "datetime": {"datetime": "2021-06-20 11:56:41", "elapsed": 179.46386, "delta": 0.977136}}
{"target": -10.684583129668713, "params": {"C": 7.3607447015346334, "gamma": 0.4902330503937678}, "datetime": {"datetime": "2021-06-20 11:56:42", "elapsed": 180.2131, "delta": 0.74924}}
{"target": -10.727796049903022, "params": {"C": 3.6321830303402183, "gamma": 0.1298448526958995}, "datetime": {"datetime": "2021-06-20 11:56:43", "elapsed": 180.861942, "delta": 0.648842}}
{"target": -10.91195794913654, "params": {"C": 6.563757281389459, "gamma": 0.6141160719143912}, "datetime": {"datetime": "2021-06-20 11:56:44", "elapsed": 181.900263, "delta": 1.038321}}
{"target": -11.146065840005981, "params": {"C": 1.3416093891123897, "gamma": 0.15751417534356232}, "datetime": {"datetime": "2021-06-20 11:56:45", "elapsed": 183.002448, "delta": 1.102185}}
{"target": -10.896189839858158, "params": {"C": 2.7919825273018106, "gamma": 0.6969496977149677}, "datetime": {"datetime": "2021-06-20 11:56:46", "elapsed": 184.130323, "delta": 1.127875}}
{"target": -16.324192984948503, "params": {"C": 6.037023622555824, "gamma": 0.001}, "datetime": {"datetime": "2021-06-20 11:56:47", "elapsed": 185.004743, "delta": 0.87442}}
{"target": -10.511348010299423, "params": {"C": 3.6578268238911753, "gamma": 0.265755120927103}, "datetime": {"datetime": "2021-06-20 11:56:48", "elapsed": 185.801481, "delta": 0.796738}}
{"target": -10.547968896603791, "params": {"C": 4.071533952377213, "gamma": 0.46207600639228325}, "datetime": {"datetime": "2021-06-20 11:56:48", "elapsed": 186.639625, "delta": 0.838144}}
{"target": -10.498707137167756, "params": {"C": 5.708379303356548, "gamma": 0.43062985732590725}, "datetime": {"datetime": "2021-06-20 11:56:49", "elapsed": 187.568106, "delta": 0.928481}}
{"target": -16.447458614243253, "params": {"C": 3.58839108339598, "gamma": 9.726306889356598}, "datetime": {"datetime": "2021-06-20 11:56:50", "elapsed": 188.190152, "delta": 0.622046}}
{"target": -10.728215102137174, "params": {"C": 1.9309759152854031, "gamma": 0.38489338896768577}, "datetime": {"datetime": "2021-06-20 11:56:51", "elapsed": 189.325081, "delta": 1.134929}}
{"target": -10.464535148915342, "params": {"C": 6.676551437274962, "gamma": 0.4027397810799955}, "datetime": {"datetime": "2021-06-20 11:56:52", "elapsed": 190.146331, "delta": 0.82125}}
{"target": -10.66192101682476, "params": {"C": 2.9179340019786473, "gamma": 0.558865020608123}, "datetime": {"datetime": "2021-06-20 11:56:53", "elapsed": 190.990062, "delta": 0.843731}}
{"target": -12.12459820967473, "params": {"C": 7.763882430696167, "gamma": 1.9605834896220649}, "datetime": {"datetime": "2021-06-20 11:56:53", "elapsed": 191.622318, "delta": 0.632256}}
{"target": -10.522694993768608, "params": {"C": 3.4443178488857034, "gamma": 0.39440920831098575}, "datetime": {"datetime": "2021-06-20 11:56:54", "elapsed": 192.52503, "delta": 0.902712}}
{"target": -11.001492071660262, "params": {"C": 1.6827280465240015, "gamma": 0.7115548328049917}, "datetime": {"datetime": "2021-06-20 11:56:55", "elapsed": 193.69186, "delta": 1.16683}}
{"target": -11.025157768883236, "params": {"C": 6.496429697108126, "gamma": 0.05157381784094464}, "datetime": {"datetime": "2021-06-20 11:56:57", "elapsed": 194.945538, "delta": 1.253678}}
{"target": -10.475743148314724, "params": {"C": 5.1364616408718335, "gamma": 0.2009225088793768}, "datetime": {"datetime": "2021-06-20 11:56:58", "elapsed": 195.863984, "delta": 0.918446}}
{"target": -11.111404989161453, "params": {"C": 4.858495615002892, "gamma": 0.7386652395369442}, "datetime": {"datetime": "2021-06-20 11:56:59", "elapsed": 196.816756, "delta": 0.952772}}
{"target": -10.828524218100501, "params": {"C": 2.372876253416613, "gamma": 0.662709113992044}, "datetime": {"datetime": "2021-06-20 11:56:59", "elapsed": 197.733488, "delta": 0.916732}}
{"target": -10.606762877907046, "params": {"C": 4.5031469013979715, "gamma": 0.5150501052998921}, "datetime": {"datetime": "2021-06-20 11:57:00", "elapsed": 198.735109, "delta": 1.001621}}
{"target": -11.081332765419608, "params": {"C": 5.51331390457726, "gamma": 0.7092876461436799}, "datetime": {"datetime": "2021-06-20 11:57:02", "elapsed": 199.795603, "delta": 1.060494}}
{"target": -11.12106013523334, "params": {"C": 3.273216972775681, "gamma": 0.7897510183054984}, "datetime": {"datetime": "2021-06-20 11:57:03", "elapsed": 200.869684, "delta": 1.074081}}
{"target": -11.034767694227696, "params": {"C": 2.085852182499695, "gamma": 0.777718623383882}, "datetime": {"datetime": "2021-06-20 11:57:04", "elapsed": 201.84098, "delta": 0.971296}}
{"target": -12.896588614166419, "params": {"C": 4.920392934074798, "gamma": 3.8871500370352927}, "datetime": {"datetime": "2021-06-20 11:57:04", "elapsed": 202.526987, "delta": 0.686007}}
{"target": -10.530113835178376, "params": {"C": 4.869472847076174, "gamma": 0.18207472400826927}, "datetime": {"datetime": "2021-06-20 11:57:05", "elapsed": 203.692793, "delta": 1.165806}}
{"target": -10.92916217007562, "params": {"C": 3.4893282044644116, "gamma": 0.6888961496304667}, "datetime": {"datetime": "2021-06-20 11:57:07", "elapsed": 204.980962, "delta": 1.288169}}
{"target": -10.846065658222688, "params": {"C": 7.247023586618995, "gamma": 0.5724906916213826}, "datetime": {"datetime": "2021-06-20 11:57:08", "elapsed": 205.933982, "delta": 0.95302}}
{"target": -10.534723639536251, "params": {"C": 6.971995012552636, "gamma": 0.43258587090718226}, "datetime": {"datetime": "2021-06-20 11:57:09", "elapsed": 206.922443, "delta": 0.988461}}
{"target": -10.948847639873573, "params": {"C": 7.5318195197302735, "gamma": 0.6153596241878055}, "datetime": {"datetime": "2021-06-20 11:57:10", "elapsed": 208.132886, "delta": 1.210443}}
{"target": -15.8743269049995, "params": {"C": 3.860405504205809, "gamma": 8.648461714852901}, "datetime": {"datetime": "2021-06-20 11:57:11", "elapsed": 208.933102, "delta": 0.800216}}
{"target": -11.185277855003987, "params": {"C": 3.8595205089995397, "gamma": 0.8065724431686577}, "datetime": {"datetime": "2021-06-20 11:57:12", "elapsed": 209.913806, "delta": 0.980704}}
{"target": -11.586434611973301, "params": {"C": 2.833094688935645, "gamma": 0.06400093486848937}, "datetime": {"datetime": "2021-06-20 11:57:13", "elapsed": 211.067991, "delta": 1.154185}}
{"target": -10.740648155627408, "params": {"C": 2.578875892825579, "gamma": 0.6195566346440632}, "datetime": {"datetime": "2021-06-20 11:57:14", "elapsed": 212.188844, "delta": 1.120853}}
{"target": -10.451500041363662, "params": {"C": 6.47585596006311, "gamma": 0.17639721349448217}, "datetime": {"datetime": "2021-06-20 11:57:15", "elapsed": 212.900781, "delta": 0.711937}}
{"target": -11.237905938041246, "params": {"C": 0.7921117984203623, "gamma": 0.6489094478112448}, "datetime": {"datetime": "2021-06-20 11:57:15", "elapsed": 213.752453, "delta": 0.851672}}
{"target": -10.72359018425749, "params": {"C": 3.3361941947655915, "gamma": 0.14500251529627137}, "datetime": {"datetime": "2021-06-20 11:57:16", "elapsed": 214.762355, "delta": 1.009902}}
{"target": -10.66865106850225, "params": {"C": 4.91919860683663, "gamma": 0.5343499247118031}, "datetime": {"datetime": "2021-06-20 11:57:17", "elapsed": 215.509025, "delta": 0.74667}}
{"target": -10.546611874507317, "params": {"C": 9.753865669562721, "gamma": 0.4019121600295382}, "datetime": {"datetime": "2021-06-20 11:57:18", "elapsed": 216.251878, "delta": 0.742853}}
{"target": -10.33984702336625, "params": {"C": 9.904682102818093, "gamma": 0.2927605912063878}, "datetime": {"datetime": "2021-06-20 11:57:19", "elapsed": 217.339195, "delta": 1.087317}}
{"target": -10.715489329877757, "params": {"C": 9.941710968943116, "gamma": 0.4666531493905022}, "datetime": {"datetime": "2021-06-20 11:57:20", "elapsed": 218.461411, "delta": 1.122216}}
{"target": -14.579264695089837, "params": {"C": 2.7782081673729753, "gamma": 6.759113985939402}, "datetime": {"datetime": "2021-06-20 11:57:21", "elapsed": 219.172198, "delta": 0.710787}}
{"target": -10.338437691273658, "params": {"C": 9.774078036087191, "gamma": 0.18282196525662886}, "datetime": {"datetime": "2021-06-20 11:57:22", "elapsed": 220.359723, "delta": 1.187525}}
{"target": -10.582964784822908, "params": {"C": 9.935916046145154, "gamma": 0.08375940050888456}, "datetime": {"datetime": "2021-06-20 11:57:23", "elapsed": 221.633655, "delta": 1.273932}}
{"target": -10.324252104280527, "params": {"C": 9.553746145348438, "gamma": 0.2644359016064978}, "datetime": {"datetime": "2021-06-20 11:57:24", "elapsed": 222.550964, "delta": 0.917309}}
{"target": -10.861502433403693, "params": {"C": 9.568031650623245, "gamma": 0.045545119198784026}, "datetime": {"datetime": "2021-06-20 11:57:25", "elapsed": 223.638803, "delta": 1.087839}}
{"target": -10.6772144032067, "params": {"C": 9.507674620026666, "gamma": 0.4563030669180001}, "datetime": {"datetime": "2021-06-20 11:57:26", "elapsed": 224.706133, "delta": 1.06733}}
{"target": -10.43649978922064, "params": {"C": 9.30588426410664, "gamma": 0.365146567351081}, "datetime": {"datetime": "2021-06-20 11:57:27", "elapsed": 225.740371, "delta": 1.034238}}
{"target": -10.354693120475362, "params": {"C": 9.333475746888567, "gamma": 0.17700093235349248}, "datetime": {"datetime": "2021-06-20 11:57:28", "elapsed": 226.720415, "delta": 0.980044}}
{"target": -12.061666248991147, "params": {"C": 1.0185105151862792, "gamma": 1.9220934925935163}, "datetime": {"datetime": "2021-06-20 11:57:29", "elapsed": 227.460415, "delta": 0.74}}
{"target": -10.324382951974375, "params": {"C": 9.070845904078581, "gamma": 0.24865067815385997}, "datetime": {"datetime": "2021-06-20 11:57:30", "elapsed": 228.463317, "delta": 1.002902}}
{"target": -10.648191496133578, "params": {"C": 9.138661796178024, "gamma": 0.07285089706204088}, "datetime": {"datetime": "2021-06-20 11:57:31", "elapsed": 229.619325, "delta": 1.156008}}
{"target": -10.525445115483533, "params": {"C": 9.068619603265612, "gamma": 0.4013582807024629}, "datetime": {"datetime": "2021-06-20 11:57:33", "elapsed": 231.07715, "delta": 1.457825}}
{"target": -10.32908042824035, "params": {"C": 8.871997169274623, "gamma": 0.25647700384205785}, "datetime": {"datetime": "2021-06-20 11:57:34", "elapsed": 232.162607, "delta": 1.085457}}
{"target": -10.631435138613178, "params": {"C": 8.831366942443124, "gamma": 0.44642793252425694}, "datetime": {"datetime": "2021-06-20 11:57:35", "elapsed": 233.225868, "delta": 1.063261}}
{"target": -12.209903013389313, "params": {"C": 8.939372778712556, "gamma": 0.021166931338022704}, "datetime": {"datetime": "2021-06-20 11:57:36", "elapsed": 234.339987, "delta": 1.114119}}
{"target": -10.356151296991829, "params": {"C": 8.673666213648572, "gamma": 0.3011087237852156}, "datetime": {"datetime": "2021-06-20 11:57:37", "elapsed": 235.380414, "delta": 1.040427}}
{"target": -10.751376156476688, "params": {"C": 8.604941954863998, "gamma": 0.5003149269856066}, "datetime": {"datetime": "2021-06-20 11:57:38", "elapsed": 236.54919, "delta": 1.168776}}
{"target": -10.367515827860679, "params": {"C": 8.452913726814229, "gamma": 0.3137356511736081}, "datetime": {"datetime": "2021-06-20 11:57:40", "elapsed": 237.795735, "delta": 1.246545}}
{"target": -10.537236460979816, "params": {"C": 8.515635451867679, "gamma": 0.10899944802917812}, "datetime": {"datetime": "2021-06-20 11:57:41", "elapsed": 238.780979, "delta": 0.985244}}
{"target": -10.34734043005344, "params": {"C": 8.253986448005858, "gamma": 0.2831741979591363}, "datetime": {"datetime": "2021-06-20 11:57:42", "elapsed": 240.158604, "delta": 1.377625}}
{"target": -11.126853334993779, "params": {"C": 8.297756286139943, "gamma": 0.040764719808841506}, "datetime": {"datetime": "2021-06-20 11:57:43", "elapsed": 241.319049, "delta": 1.160445}}
{"target": -10.742924015986032, "params": {"C": 8.281310138700158, "gamma": 0.5013634710395913}, "datetime": {"datetime": "2021-06-20 11:57:44", "elapsed": 242.321622, "delta": 1.002573}}
{"target": -10.357360441080003, "params": {"C": 8.053948769271392, "gamma": 0.29503095765084875}, "datetime": {"datetime": "2021-06-20 11:57:45", "elapsed": 243.372304, "delta": 1.050682}}
{"target": -10.737881603046635, "params": {"C": 7.900445852589554, "gamma": 0.5051062422953195}, "datetime": {"datetime": "2021-06-20 11:57:46", "elapsed": 244.449867, "delta": 1.077563}}
{"target": -10.346722019372486, "params": {"C": 7.790557088027473, "gamma": 0.26518531702381637}, "datetime": {"datetime": "2021-06-20 11:57:47", "elapsed": 245.410396, "delta": 0.960529}}
{"target": -10.447546774202081, "params": {"C": 7.590997623563326, "gamma": 0.3873472725179886}, "datetime": {"datetime": "2021-06-20 11:57:48", "elapsed": 246.36852, "delta": 0.958124}}
{"target": -10.434002512483282, "params": {"C": 7.931890554107286, "gamma": 0.15829896788506126}, "datetime": {"datetime": "2021-06-20 11:57:49", "elapsed": 247.356072, "delta": 0.987552}}
{"target": -10.495533647482784, "params": {"C": 7.631132544760017, "gamma": 0.13435140142106822}, "datetime": {"datetime": "2021-06-20 11:57:50", "elapsed": 248.306219, "delta": 0.950147}}
{"target": -15.509422102756842, "params": {"C": 3.7796698290783763, "gamma": 8.020585915325494}, "datetime": {"datetime": "2021-06-20 11:57:51", "elapsed": 249.134475, "delta": 0.828256}}
{"target": -12.55488555963446, "params": {"C": 7.734343894736221, "gamma": 0.01879885445093852}, "datetime": {"datetime": "2021-06-20 11:57:52", "elapsed": 250.20202, "delta": 1.067545}}
{"target": -10.359511320899234, "params": {"C": 7.5620908988626585, "gamma": 0.20157892828672114}, "datetime": {"datetime": "2021-06-20 11:57:53", "elapsed": 251.506996, "delta": 1.304976}}
{"target": -11.67844427281656, "params": {"C": 9.060873444957423, "gamma": 1.2293272650284957}, "datetime": {"datetime": "2021-06-20 11:57:54", "elapsed": 252.31543, "delta": 0.808434}}
{"target": -10.98252597826103, "params": {"C": 9.219457945450179, "gamma": 0.6106800554466881}, "datetime": {"datetime": "2021-06-20 11:57:55", "elapsed": 253.585289, "delta": 1.269859}}
{"target": -10.453644386619393, "params": {"C": 8.081159275136446, "gamma": 0.14779472099405577}, "datetime": {"datetime": "2021-06-20 11:57:56", "elapsed": 254.704723, "delta": 1.119434}}
{"target": -11.217702998035477, "params": {"C": 8.012286333904001, "gamma": 0.74773078781411}, "datetime": {"datetime": "2021-06-20 11:57:57", "elapsed": 255.621508, "delta": 0.916785}}
