{"target": -10.556380630112045, "params": {"C": 4.362063558752993, "gamma": 0.4760852085996888}, "datetime": {"datetime": "2021-06-20 12:04:58", "elapsed": 676.503038, "delta": 2.934244}}
{"target": -11.99767582469513, "params": {"C": 7.422025970935523, "gamma": 1.7691527774594784}, "datetime": {"datetime": "2021-06-20 12:05:01", "elapsed": 679.135358, "delta": 2.63232}}
{"target": -11.493624160309475, "params": {"C": 10.0, "gamma": 0.9493560368831433}, "datetime": {"datetime": "2021-06-20 12:05:05", "elapsed": 682.867141, "delta": 3.731783}}
{"target": -12.7794597657268, "params": {"C": 3.973283751271001, "gamma": 3.7102321379270626}, "datetime": {"datetime": "2021-06-20 12:05:07", "elapsed": 685.387653, "delta": 2.520512}}
{"target": -10.824508157010904, "params": {"C": 9.654209553557529, "gamma": 0.5205647924808002}, "datetime": {"datetime": "2021-06-20 12:05:11", "elapsed": 688.785837, "delta": 3.398184}}
{"target": -15.556939911453721, "params": {"C": 5.957855553372692, "gamma": 7.9098162403654175}, "datetime": {"datetime": "2021-06-20 12:05:13", "elapsed": 691.035054, "delta": 2.249217}}
{"target": -11.024736737163321, "params": {"C": 6.375318878758667, "gamma": 0.666228181087881}, "datetime": {"datetime": "2021-06-20 12:05:17", "elapsed": 694.800914, "delta": 3.76586}}
{"target": -10.892207235443948, "params": {"C": 1.3808817887400362, "gamma": 0.303611069048281}, "datetime": {"datetime": "2021-06-20 12:05:19", "elapsed": 697.362852, "delta": 2.561938}}
{"target": -12.129113967724344, "params": {"C": 5.01280711639662, "gamma": 2.0695812125469817}, "datetime": {"datetime": "2021-06-20 12:05:22", "elapsed": 700.607186, "delta": 3.244334}}
{"target": -10.343180821395931, "params": {"C": 7.984917731990334, "gamma": 0.22119297171081614}, "datetime": {"datetime": "2021-06-20 12:05:26", "elapsed": 704.310495, "delta": 3.703309}}
{"target": -13.462575103631147, "params": {"C": 8.844216112337032, "gamma": 4.171092065124378}, "datetime": {"datetime": "2021-06-20 12:05:28", "elapsed": 705.918494, "delta": 1.607999}}
{"target": -10.348220713949349, "params": {"C": 8.183641845670351, "gamma": 0.2018138590695176}, "datetime": {"datetime": "2021-06-20 12:05:31", "elapsed": 708.939209, "delta": 3.020715}}
{"target": -10.453429704883705, "params": {"C": 6.36035073374731, "gamma": 0.17801045463045165}, "datetime": {"datetime": "2021-06-20 12:05:34", "elapsed": 712.472613, "delta": 3.533404}}
{"target": -12.454993830870889, "params": {"C": 6.742024279859602, "gamma": 2.663141707301764}, "datetime": {"datetime": "2021-06-20 12:05:36", "elapsed": 714.267399, "delta": 1.794786}}
{"target": -14.951233203091476, "params": {"C": 8.27188637275005, "gamma": 6.713423713134957}, "datetime": {"datetime": "2021-06-20 12:05:41", "elapsed": 718.89588, "delta": 4.628481}}
{"target": -10.372528015249758, "params": {"C": 6.610031245641595, "gamma": 0.28299282387456837}, "datetime": {"datetime": "2021-06-20 12:05:43", "elapsed": 721.556059, "delta": 2.660179}}
{"target": -10.625108726770755, "params": {"C": 2.52395788582808, "gamma": 0.3157492032957246}, "datetime": {"datetime": "2021-06-20 12:05:46", "elapsed": 724.156744, "delta": 2.600685}}
{"target": -12.908486785584339, "params": {"C": 1.3021531477477393, "gamma": 4.151283040070411}, "datetime": {"datetime": "2021-06-20 12:05:48", "elapsed": 725.852135, "delta": 1.695391}}
{"target": -13.453272756460825, "params": {"C": 6.268315500304415, "gamma": 4.5765743662131175}, "datetime": {"datetime": "2021-06-20 12:05:50", "elapsed": 728.149182, "delta": 2.297047}}
{"target": -10.797101357493364, "params": {"C": 4.726265804111639, "gamma": 0.6048759626479492}, "datetime": {"datetime": "2021-06-20 12:05:53", "elapsed": 730.82735, "delta": 2.678168}}
{"target": -10.68986210627725, "params": {"C": 6.457705977463637, "gamma": 0.5090460355288159}, "datetime": {"datetime": "2021-06-20 12:05:56", "elapsed": 733.8157, "delta": 2.98835}}
{"target": -10.684704319544071, "params": {"C": 3.220948402273971, "gamma": 0.1719147554665177}, "datetime": {"datetime": "2021-06-20 12:05:59", "elapsed": 737.059522, "delta": 3.243822}}
{"target": -11.937832468342906, "params": {"C": 6.326451957410508, "gamma": 1.715231211508818}, "datetime": {"datetime": "2021-06-20 12:06:02", "elapsed": 739.901905, "delta": 2.842383}}
{"target": -10.322511127192419, "params": {"C": 9.336004466707704, "gamma": 0.25267574765209233}, "datetime": {"datetime": "2021-06-20 12:06:05", "elapsed": 743.118157, "delta": 3.216252}}
{"target": -10.770595292176743, "params": {"C": 9.349695231125516, "gamma": 0.49851576323130325}, "datetime": {"datetime": "2021-06-20 12:06:09", "elapsed": 746.9306, "delta": 3.812443}}
{"target": -14.018352531226608, "params": {"C": 7.247298502161315, "gamma": 5.502233985544206}, "datetime": {"datetime": "2021-06-20 12:06:11", "elapsed": 749.670784, "delta": 2.740184}}
{"target": -12.226376444755163, "params": {"C": 3.019856925707006, "gamma": 2.35276563387587}, "datetime": {"datetime": "2021-06-20 12:06:14", "elapsed": 752.37074, "delta": 2.699956}}
{"target": -13.027177599333362, "params": {"C": 5.452046797711819, "gamma": 4.078351407152643}, "datetime": {"datetime": "2021-06-20 12:06:17", "elapsed": 754.802934, "delta": 2.432194}}
{"target": -10.41229599441267, "params": {"C": 5.651269384428868, "gamma": 0.333290518612057}, "datetime": {"datetime": "2021-06-20 12:06:20", "elapsed": 758.583719, "delta": 3.780785}}
{"target": -12.290622300391586, "params": {"C": 4.524029669132963, "gamma": 2.4006764377234946}, "datetime": {"datetime": "2021-06-20 12:06:23", "elapsed": 761.646542, "delta": 3.062823}}
{"target": -12.447018884760991, "params": {"C": 0.8977536269047918, "gamma": 2.7600299409657367}, "datetime": {"datetime": "2021-06-20 12:06:26", "elapsed": 764.249083, "delta": 2.602541}}
{"target": -12.591389609957412, "params": {"C": 3.2724569428976333, "gamma": 3.1912506176281186}, "datetime": {"datetime": "2021-06-20 12:06:29", "elapsed": 767.413611, "delta": 3.164528}}
{"target": -12.466014586638883, "params": {"C": 8.695354340765673, "gamma": 2.6177661979028417}, "datetime": {"datetime": "2021-06-20 12:06:32", "elapsed": 770.371075, "delta": 2.957464}}
{"target": -14.168788166777762, "params": {"C": 0.9463242007980244, "gamma": 5.891228497838344}, "datetime": {"datetime": "2021-06-20 12:06:35", "elapsed": 773.723048, "delta": 3.351973}}
{"target": -12.486871827644986, "params": {"C": 5.412158875680532, "gamma": 2.7958535676271405}, "datetime": {"datetime": "2021-06-20 12:06:38", "elapsed": 776.247961, "delta": 2.524913}}
{"target": -11.625502617062516, "params": {"C": 7.3602699067896875, "gamma": 1.1515473465588675}, "datetime": {"datetime": "2021-06-20 12:06:41", "elapsed": 779.154824, "delta": 2.906863}}
{"target": -14.008933625769714, "params": {"C": 3.610115711373371, "gamma": 5.932770319575991}, "datetime": {"datetime": "2021-06-20 12:06:43", "elapsed": 781.080919, "delta": 1.926095}}
{"target": -14.007663383321898, "params": {"C": 10.0, "gamma": 4.882384147215118}, "datetime": {"datetime": "2021-06-20 12:06:47", "elapsed": 785.158239, "delta": 4.07732}}
{"target": -11.53394504561249, "params": {"C": 1.4271944271870276, "gamma": 1.1561167469303235}, "datetime": {"datetime": "2021-06-20 12:06:50", "elapsed": 788.719219, "delta": 3.56098}}
{"target": -13.999602464415553, "params": {"C": 8.42557743618276, "gamma": 5.168212333081207}, "datetime": {"datetime": "2021-06-20 12:06:53", "elapsed": 791.170462, "delta": 2.451243}}
{"target": -10.323397806178573, "params": {"C": 9.80361638084619, "gamma": 0.266441041508272}, "datetime": {"datetime": "2021-06-20 12:06:55", "elapsed": 793.732054, "delta": 2.561592}}
{"target": -11.857389973526509, "params": {"C": 5.462038516483002, "gamma": 1.608414618817839}, "datetime": {"datetime": "2021-06-20 12:07:00", "elapsed": 797.884187, "delta": 4.152133}}
{"target": -12.611088736187922, "params": {"C": 4.423141018636214, "gamma": 3.1803233648107687}, "datetime": {"datetime": "2021-06-20 12:07:02", "elapsed": 800.619103, "delta": 2.734916}}
{"target": -12.925404771136192, "params": {"C": 3.0876002436599963, "gamma": 4.1363584816661385}, "datetime": {"datetime": "2021-06-20 12:07:05", "elapsed": 802.93296, "delta": 2.313857}}
{"target": -12.63410039251809, "params": {"C": 9.555534099236379, "gamma": 2.8777757412763587}, "datetime": {"datetime": "2021-06-20 12:07:07", "elapsed": 805.228145, "delta": 2.295185}}
{"target": -12.681588612414485, "params": {"C": 1.3919273234010412, "gamma": 3.5395551915166026}, "datetime": {"datetime": "2021-06-20 12:07:11", "elapsed": 809.023301, "delta": 3.795156}}
{"target": -15.951510653809873, "params": {"C": 4.644710120911558, "gamma": 8.711024791202364}, "datetime": {"datetime": "2021-06-20 12:07:13", "elapsed": 811.674349, "delta": 2.651048}}
{"target": -14.860320606422315, "params": {"C": 7.089176631829605, "gamma": 6.704799848123993}, "datetime": {"datetime": "2021-06-20 12:07:17", "elapsed": 815.542264, "delta": 3.867915}}
{"target": -13.585322195602762, "params": {"C": 3.502526045417764, "gamma": 5.3929563648638235}, "datetime": {"datetime": "2021-06-20 12:07:19", "elapsed": 817.583889, "delta": 2.041625}}
{"target": -11.531249005510933, "params": {"C": 8.40405931269889, "gamma": 1.007883979569904}, "datetime": {"datetime": "2021-06-20 12:07:23", "elapsed": 821.332104, "delta": 3.748215}}
{"target": -14.439143507631618, "params": {"C": 8.768232412800886, "gamma": 5.901169963114349}, "datetime": {"datetime": "2021-06-20 12:07:25", "elapsed": 823.330597, "delta": 1.998493}}
{"target": -13.150516619301026, "params": {"C": 7.85723855761296, "gamma": 3.8737048424703926}, "datetime": {"datetime": "2021-06-20 12:07:27", "elapsed": 825.258526, "delta": 1.927929}}
{"target": -10.413150678407273, "params": {"C": 8.568209989003742, "gamma": 0.3625404311122171}, "datetime": {"datetime": "2021-06-20 12:07:30", "elapsed": 828.364039, "delta": 3.105513}}
{"target": -13.628536833185878, "params": {"C": 7.173678871918701, "gamma": 4.702395543847089}, "datetime": {"datetime": "2021-06-20 12:07:34", "elapsed": 832.607156, "delta": 4.243117}}
{"target": -11.875285468415061, "params": {"C": 1.454076431981367, "gamma": 1.6343402809921752}, "datetime": {"datetime": "2021-06-20 12:07:39", "elapsed": 837.604305, "delta": 4.997149}}
{"target": -13.039242650173655, "params": {"C": 7.794600589496161, "gamma": 3.7243446758629895}, "datetime": {"datetime": "2021-06-20 12:07:41", "elapsed": 839.515773, "delta": 1.911468}}
{"target": -10.589684474802734, "params": {"C": 2.9801797768472724, "gamma": 0.26523513155306044}, "datetime": {"datetime": "2021-06-20 12:07:44", "elapsed": 842.354314, "delta": 2.838541}}
{"target": -10.685215936584257, "params": {"C": 4.1954410268534525, "gamma": 0.562657761603768}, "datetime": {"datetime": "2021-06-20 12:07:48", "elapsed": 846.502469, "delta": 4.148155}}
{"target": -12.505380770290103, "params": {"C": 2.171386942979704, "gamma": 3.0524183652713104}, "datetime": {"datetime": "2021-06-20 12:07:52", "elapsed": 849.855538, "delta": 3.353069}}
{"target": -12.34473016705945, "params": {"C": 7.828612318199592, "gamma": 2.3787393953483917}, "datetime": {"datetime": "2021-06-20 12:07:55", "elapsed": 853.282529, "delta": 3.426991}}
{"target": -10.445509199931148, "params": {"C": 9.614938996481564, "gamma": 0.36580370443626936}, "datetime": {"datetime": "2021-06-20 12:07:59", "elapsed": 856.879803, "delta": 3.597274}}
{"target": -10.727644113715673, "params": {"C": 2.122751678789007, "gamma": 0.4940610685723277}, "datetime": {"datetime": "2021-06-20 12:08:02", "elapsed": 860.391248, "delta": 3.511445}}
{"target": -10.404018710093025, "params": {"C": 9.067223328826664, "gamma": 0.15518927242580513}, "datetime": {"datetime": "2021-06-20 12:08:07", "elapsed": 865.554622, "delta": 5.163374}}
{"target": -16.38223181735901, "params": {"C": 9.523635972537107, "gamma": 9.271053077304423}, "datetime": {"datetime": "2021-06-20 12:08:12", "elapsed": 870.122004, "delta": 4.567382}}
{"target": -13.424385824183743, "params": {"C": 9.45791963627319, "gamma": 4.042433946438065}, "datetime": {"datetime": "2021-06-20 12:08:16", "elapsed": 874.199701, "delta": 4.077697}}
{"target": -11.643948698829961, "params": {"C": 4.917079039149041, "gamma": 1.2108517685174534}, "datetime": {"datetime": "2021-06-20 12:08:21", "elapsed": 879.078341, "delta": 4.87864}}
{"target": -15.843559448604841, "params": {"C": 9.532680267725807, "gamma": 8.123752613766106}, "datetime": {"datetime": "2021-06-20 12:08:23", "elapsed": 881.625994, "delta": 2.547653}}
{"target": -11.705688736658546, "params": {"C": 9.759307183463171, "gamma": 1.2766600377836252}, "datetime": {"datetime": "2021-06-20 12:08:27", "elapsed": 885.416796, "delta": 3.790802}}
{"target": -12.177551782994716, "params": {"C": 7.197227155949848, "gamma": 2.070020256060056}, "datetime": {"datetime": "2021-06-20 12:08:30", "elapsed": 887.870056, "delta": 2.45326}}
{"target": -16.528487780390137, "params": {"C": 1.5774943093763842, "gamma": 9.996789076172204}, "datetime": {"datetime": "2021-06-20 12:08:33", "elapsed": 891.348839, "delta": 3.478783}}
{"target": -12.715354226458544, "params": {"C": 7.948064068433377, "gamma": 3.151054258929068}, "datetime": {"datetime": "2021-06-20 12:08:38", "elapsed": 896.131063, "delta": 4.782224}}
{"target": -11.290256518362865, "params": {"C": 5.27320957407185, "gamma": 0.8428573351053261}, "datetime": {"datetime": "2021-06-20 12:08:41", "elapsed": 899.65458, "delta": 3.523517}}
{"target": -10.608840950699262, "params": {"C": 9.196407174856917, "gamma": 0.43252087227510144}, "datetime": {"datetime": "2021-06-20 12:08:44", "elapsed": 902.521052, "delta": 2.866472}}
{"target": -12.71229335747201, "params": {"C": 2.8296730914565424, "gamma": 3.573532209783265}, "datetime": {"datetime": "2021-06-20 12:08:48", "elapsed": 906.085484, "delta": 3.564432}}
{"target": -12.331837150159236, "params": {"C": 4.922587001339195, "gamma": 2.4650846357938256}, "datetime": {"datetime": "2021-06-20 12:08:51", "elapsed": 909.579904, "delta": 3.49442}}
{"target": -15.794033393585739, "params": {"C": 0.9750097796057464, "gamma": 8.684852501322682}, "datetime": {"datetime": "2021-06-20 12:08:55", "elapsed": 913.389554, "delta": 3.80965}}
{"target": -11.973658632820193, "params": {"C": 5.994393526534, "gamma": 1.780231720961743}, "datetime": {"datetime": "2021-06-20 12:08:59", "elapsed": 917.46988, "delta": 4.080326}}
{"target": -12.885384693625133, "params": {"C": 6.761184721845724, "gamma": 3.6478513780136925}, "datetime": {"datetime": "2021-06-20 12:09:03", "elapsed": 921.509967, "delta": 4.040087}}
{"target": -10.741648750462755, "params": {"C": 6.9179706141017725, "gamma": 0.5242477030992742}, "datetime": {"datetime": "2021-06-20 12:09:08", "elapsed": 926.226712, "delta": 4.716745}}
{"target": -11.994141050193635, "params": {"C": 3.168012374810856, "gamma": 1.8479805947609136}, "datetime": {"datetime": "2021-06-20 12:09:13", "elapsed": 931.618379, "delta": 5.391667}}
{"target": -10.408222246652382, "params": {"C": 4.958489674411365, "gamma": 0.27864783300440893}, "datetime": {"datetime": "2021-06-20 12:09:17", "elapsed": 935.576505, "delta": 3.958126}}
{"target": -12.448446449163473, "params": {"C": 4.24202569344651, "gamma": 2.7671193627157256}, "datetime": {"datetime": "2021-06-20 12:09:22", "elapsed": 940.257856, "delta": 4.681351}}
{"target": -11.207609721805154, "params": {"C": 0.6993009022937063, "gamma": 0.49043856490864257}, "datetime": {"datetime": "2021-06-20 12:09:27", "elapsed": 944.974983, "delta": 4.717127}}
{"target": -13.95805663073833, "params": {"C": 6.237184171681041, "gamma": 5.545696472809874}, "datetime": {"datetime": "2021-06-20 12:09:32", "elapsed": 949.952496, "delta": 4.977513}}
{"target": -16.632035453713183, "params": {"C": 4.97338281353834, "gamma": 10.0}, "datetime": {"datetime": "2021-06-20 12:09:35", "elapsed": 953.567517, "delta": 3.615021}}
{"target": -11.337453899411473, "params": {"C": 1.1985753541704534, "gamma": 0.9004035976674697}, "datetime": {"datetime": "2021-06-20 12:09:40", "elapsed": 957.859656, "delta": 4.292139}}
{"target": -11.346113226496866, "params": {"C": 2.038406635909305, "gamma": 0.9908025444251919}, "datetime": {"datetime": "2021-06-20 12:09:42", "elapsed": 960.53345, "delta": 2.673794}}
{"target": -12.695857385415184, "params": {"C": 2.3110974790774717, "gamma": 3.568699897053652}, "datetime": {"datetime": "2021-06-20 12:09:48", "elapsed": 965.955713, "delta": 5.422263}}
{"target": -10.48085593036516, "params": {"C": 4.922283302682223, "gamma": 0.40580458180011536}, "datetime": {"datetime": "2021-06-20 12:09:54", "elapsed": 971.793359, "delta": 5.837646}}
{"target": -10.377743713794912, "params": {"C": 6.087077943331593, "gamma": 0.23779508456025336}, "datetime": {"datetime": "2021-06-20 12:09:57", "elapsed": 974.930028, "delta": 3.136669}}
{"target": -12.404737248196257, "params": {"C": 2.742480571316826, "gamma": 2.76391104824062}, "datetime": {"datetime": "2021-06-20 12:10:03", "elapsed": 981.23938, "delta": 6.309352}}
{"target": -10.406405270384287, "params": {"C": 5.256867815250255, "gamma": 0.24357909823994828}, "datetime": {"datetime": "2021-06-20 12:10:07", "elapsed": 985.116631, "delta": 3.877251}}
{"target": -10.379970076814173, "params": {"C": 6.845364098414317, "gamma": 0.31009953119940037}, "datetime": {"datetime": "2021-06-20 12:10:11", "elapsed": 989.284159, "delta": 4.167528}}
{"target": -15.213511007775956, "params": {"C": 0.9120534567895136, "gamma": 7.604300097402463}, "datetime": {"datetime": "2021-06-20 12:10:15", "elapsed": 993.206404, "delta": 3.922245}}
{"target": -12.308180162985446, "params": {"C": 6.392227946412081, "gamma": 2.3500348095852983}, "datetime": {"datetime": "2021-06-20 12:10:21", "elapsed": 999.103871, "delta": 5.897467}}
{"target": -10.399705885235734, "params": {"C": 7.077364257044903, "gamma": 0.3382229936712232}, "datetime": {"datetime": "2021-06-20 12:10:26", "elapsed": 1004.019016, "delta": 4.915145}}
{"target": -13.593111891009823, "params": {"C": 5.106663800269179, "gamma": 5.133714935737739}, "datetime": {"datetime": "2021-06-20 12:10:28", "elapsed": 1006.27516, "delta": 2.256144}}
{"target": -11.731339085183631, "params": {"C": 9.545596648939085, "gamma": 1.325197433991965}, "datetime": {"datetime": "2021-06-20 12:10:30", "elapsed": 1008.37784, "delta": 2.10268}}
{"target": -10.505551709112876, "params": {"C": 3.5562309790883453, "gamma": 0.36260524596090393}, "datetime": {"datetime": "2021-06-20 12:10:34", "elapsed": 1012.118612, "delta": 3.740772}}
{"target": -12.21606988381935, "params": {"C": 2.200906577968369, "gamma": 2.3102756724639177}, "datetime": {"datetime": "2021-06-20 12:10:38", "elapsed": 1016.307812, "delta": 4.1892}}
{"target": -12.98514980397531, "params": {"C": 4.3839778391930215, "gamma": 4.168442069879527}, "datetime": {"datetime": "2021-06-20 12:10:45", "elapsed": 1023.267622, "delta": 6.95981}}
{"target": -32.74372429069502, "params": {"C": 0.001, "gamma": 5.182249422242582}, "datetime": {"datetime": "2021-06-20 12:10:48", "elapsed": 1026.416247, "delta": 3.148625}}
{"target": -10.586695833044336, "params": {"C": 3.6096164269822135, "gamma": 0.21093129884106196}, "datetime": {"datetime": "2021-06-20 12:10:51", "elapsed": 1029.459974, "delta": 3.043727}}
{"target": -10.579667783032633, "params": {"C": 7.511380903760987, "gamma": 0.44313831924450486}, "datetime": {"datetime": "2021-06-20 12:10:57", "elapsed": 1034.939467, "delta": 5.479493}}
{"target": -10.711283681117296, "params": {"C": 5.438761254586267, "gamma": 0.5417066236125272}, "datetime": {"datetime": "2021-06-20 12:11:02", "elapsed": 1040.098939, "delta": 5.159472}}
{"target": -12.779737338424315, "params": {"C": 3.7537455094197605, "gamma": 3.7268265928872255}, "datetime": {"datetime": "2021-06-20 12:11:04", "elapsed": 1042.254628, "delta": 2.155689}}
{"target": -10.48018310559587, "params": {"C": 9.500811003277501, "gamma": 0.12067063523950662}, "datetime": {"datetime": "2021-06-20 12:11:13", "elapsed": 1050.880465, "delta": 8.625837}}
{"target": -14.349563199017517, "params": {"C": 0.8021493841027406, "gamma": 6.0663439108732975}, "datetime": {"datetime": "2021-06-20 12:11:15", "elapsed": 1053.228121, "delta": 2.347656}}
{"target": -11.298717850407705, "params": {"C": 4.639992525485579, "gamma": 0.8654183011793258}, "datetime": {"datetime": "2021-06-20 12:11:18", "elapsed": 1056.151187, "delta": 2.923066}}
{"target": -10.324476348712633, "params": {"C": 8.985000487426058, "gamma": 0.23764721058876154}, "datetime": {"datetime": "2021-06-20 12:11:21", "elapsed": 1059.613084, "delta": 3.461897}}
{"target": -10.340324514023102, "params": {"C": 8.135641925711116, "gamma": 0.2617565107482795}, "datetime": {"datetime": "2021-06-20 12:11:26", "elapsed": 1064.463388, "delta": 4.850304}}
{"target": -10.42863083226549, "params": {"C": 4.791673536962941, "gamma": 0.24778999501560647}, "datetime": {"datetime": "2021-06-20 12:11:30", "elapsed": 1068.320044, "delta": 3.856656}}
{"target": -13.007172327276354, "params": {"C": 2.34439723374877, "gamma": 4.441525981282857}, "datetime": {"datetime": "2021-06-20 12:11:33", "elapsed": 1071.667195, "delta": 3.347151}}
{"target": -12.577552836639386, "params": {"C": 5.962494428717796, "gamma": 3.00750770103154}, "datetime": {"datetime": "2021-06-20 12:11:36", "elapsed": 1074.568248, "delta": 2.901053}}
{"target": -10.380042486776867, "params": {"C": 6.193650569758587, "gamma": 0.2812670876406219}, "datetime": {"datetime": "2021-06-20 12:11:40", "elapsed": 1077.928739, "delta": 3.360491}}
{"target": -13.360678059138975, "params": {"C": 1.8923603285103607, "gamma": 5.026519008051432}, "datetime": {"datetime": "2021-06-20 12:11:42", "elapsed": 1080.172242, "delta": 2.243503}}
{"target": -11.935177784283207, "params": {"C": 4.928821277319488, "gamma": 1.7430262024080645}, "datetime": {"datetime": "2021-06-20 12:11:47", "elapsed": 1085.098173, "delta": 4.925931}}
