{"target": -17.247620448051077, "params": {"C": 138.20867581120118, "gamma": 9.799189724489011}, "datetime": {"datetime": "2021-06-18 09:35:06", "elapsed": 835.844276, "delta": 4.631619}}
{"target": -15.803337231373133, "params": {"C": 663445.1475038064, "gamma": 6.368237102328346}, "datetime": {"datetime": "2021-06-18 09:35:11", "elapsed": 841.042494, "delta": 5.198218}}
{"target": -15.341832070239821, "params": {"C": 883302.8754107628, "gamma": 4.877964152897021}, "datetime": {"datetime": "2021-06-18 09:35:14", "elapsed": 844.072176, "delta": 3.029682}}
{"target": -16.83645926811349, "params": {"C": 903379.3737902982, "gamma": 9.050257352511215}, "datetime": {"datetime": "2021-06-18 09:35:17", "elapsed": 846.988274, "delta": 2.916098}}
{"target": -16.5029806381922, "params": {"C": 28309.58079808579, "gamma": 1.5023876444043593}, "datetime": {"datetime": "2021-06-18 09:35:21", "elapsed": 851.003797, "delta": 4.015523}}
{"target": -22.685565957472733, "params": {"C": 98357.56940296703, "gamma": 0.4742359710074727}, "datetime": {"datetime": "2021-06-18 09:35:25", "elapsed": 855.092147, "delta": 4.08835}}
{"target": -20.584825162390757, "params": {"C": 669232.5585438096, "gamma": 0.04729142980724616}, "datetime": {"datetime": "2021-06-18 09:35:29", "elapsed": 858.935905, "delta": 3.843758}}
{"target": -11.848634266698337, "params": {"C": 133.190696592521, "gamma": 0.4950186960049339}, "datetime": {"datetime": "2021-06-18 09:35:32", "elapsed": 862.13108, "delta": 3.195175}}
{"target": -15.633009237491432, "params": {"C": 885938.6793313399, "gamma": 2.2384442643545386}, "datetime": {"datetime": "2021-06-18 09:35:35", "elapsed": 865.178119, "delta": 3.047039}}
{"target": -15.859923961657579, "params": {"C": 98357.90158963531, "gamma": 6.535906632509839}, "datetime": {"datetime": "2021-06-18 09:35:41", "elapsed": 870.757173, "delta": 5.579054}}
{"target": -15.712226772846059, "params": {"C": 70023.54969343352, "gamma": 2.1338547514925996}, "datetime": {"datetime": "2021-06-18 09:35:44", "elapsed": 873.617549, "delta": 2.860376}}
{"target": -15.225776995534046, "params": {"C": 326648.3647191657, "gamma": 4.087567260953114}, "datetime": {"datetime": "2021-06-18 09:35:46", "elapsed": 876.340684, "delta": 2.723135}}
{"target": -15.363290864203677, "params": {"C": 239858.8106407492, "gamma": 4.9596083369570385}, "datetime": {"datetime": "2021-06-18 09:35:49", "elapsed": 879.203354, "delta": 2.86267}}
{"target": -15.45542543902306, "params": {"C": 807097.3632527401, "gamma": 5.294211664841767}, "datetime": {"datetime": "2021-06-18 09:35:54", "elapsed": 883.870802, "delta": 4.667448}}
{"target": -16.130828423535235, "params": {"C": 98337.68101887066, "gamma": 7.23375202575039}, "datetime": {"datetime": "2021-06-18 09:35:59", "elapsed": 888.531369, "delta": 4.660567}}
{"target": -15.821451658230245, "params": {"C": 140389.32326209958, "gamma": 6.421283353665097}, "datetime": {"datetime": "2021-06-18 09:36:04", "elapsed": 893.38001, "delta": 4.848641}}
{"target": -15.194704836957959, "params": {"C": 606325.0150621635, "gamma": 3.3729316195955943}, "datetime": {"datetime": "2021-06-18 09:36:07", "elapsed": 896.594387, "delta": 3.214377}}
{"target": -10.509953420444594, "params": {"C": 90.56546154667917, "gamma": 0.3265541455292291}, "datetime": {"datetime": "2021-06-18 09:36:11", "elapsed": 900.641656, "delta": 4.047269}}
{"target": -15.267348244563706, "params": {"C": 98332.71836385269, "gamma": 4.548471574834246}, "datetime": {"datetime": "2021-06-18 09:36:16", "elapsed": 905.525875, "delta": 4.884219}}
{"target": -15.703745967568139, "params": {"C": 579753.8295257837, "gamma": 6.077152905765511}, "datetime": {"datetime": "2021-06-18 09:36:19", "elapsed": 908.95518, "delta": 3.429305}}
{"target": -13.285695723164892, "params": {"C": 127.97803751247062, "gamma": 0.7881583915978465}, "datetime": {"datetime": "2021-06-18 09:36:24", "elapsed": 913.719262, "delta": 4.764082}}
{"target": -15.404818428390685, "params": {"C": 663779.4264766629, "gamma": 5.113612557539394}, "datetime": {"datetime": "2021-06-18 09:36:28", "elapsed": 918.269036, "delta": 4.549774}}
{"target": -15.92577067583897, "params": {"C": 95.66129735900913, "gamma": 6.702822086627227}, "datetime": {"datetime": "2021-06-18 09:36:34", "elapsed": 923.686184, "delta": 5.417148}}
{"target": -15.933093687027824, "params": {"C": 408133.90376607655, "gamma": 1.931013241278556}, "datetime": {"datetime": "2021-06-18 09:36:38", "elapsed": 928.192469, "delta": 4.506285}}
{"target": -15.32515123170159, "params": {"C": 957884.0979628876, "gamma": 4.815533598933498}, "datetime": {"datetime": "2021-06-18 09:36:44", "elapsed": 933.680958, "delta": 5.488489}}
{"target": -14.0560969692017, "params": {"C": 148.462411911802, "gamma": 1.1127359088436486}, "datetime": {"datetime": "2021-06-18 09:36:48", "elapsed": 937.402499, "delta": 3.721541}}
{"target": -18.1047512048201, "params": {"C": 883305.2077013706, "gamma": 0.9706849813149118}, "datetime": {"datetime": "2021-06-18 09:36:51", "elapsed": 941.290468, "delta": 3.887969}}
{"target": -19.131308616074755, "params": {"C": 944593.3351028175, "gamma": 0.7732491166346062}, "datetime": {"datetime": "2021-06-18 09:36:56", "elapsed": 945.757862, "delta": 4.467394}}
{"target": -16.590279468924876, "params": {"C": 326659.26098229503, "gamma": 1.4754423459715005}, "datetime": {"datetime": "2021-06-18 09:36:59", "elapsed": 948.668632, "delta": 2.91077}}
{"target": -15.570824270702433, "params": {"C": 694410.513449497, "gamma": 5.682618124961447}, "datetime": {"datetime": "2021-06-18 09:37:03", "elapsed": 952.755862, "delta": 4.08723}}
{"target": -15.750351037087007, "params": {"C": 103220.03819493628, "gamma": 6.2156104608955385}, "datetime": {"datetime": "2021-06-18 09:37:06", "elapsed": 955.817843, "delta": 3.061981}}
{"target": -15.447455628321888, "params": {"C": 449919.2053338449, "gamma": 2.4871571557632914}, "datetime": {"datetime": "2021-06-18 09:37:11", "elapsed": 960.52355, "delta": 4.705707}}
{"target": -16.840901078647306, "params": {"C": 629722.4416060526, "gamma": 1.3540514613609227}, "datetime": {"datetime": "2021-06-18 09:37:14", "elapsed": 963.457703, "delta": 2.934153}}
{"target": -13.847054825700397, "params": {"C": 134.36543405565078, "gamma": 1.0528647029526472}, "datetime": {"datetime": "2021-06-18 09:37:17", "elapsed": 967.00674, "delta": 3.549037}}
{"target": -15.813598872749182, "params": {"C": 669240.6664117154, "gamma": 6.398286189783548}, "datetime": {"datetime": "2021-06-18 09:37:22", "elapsed": 971.768145, "delta": 4.761405}}
{"target": -15.225320417706206, "params": {"C": 629713.2041493736, "gamma": 4.08052163465141}, "datetime": {"datetime": "2021-06-18 09:37:25", "elapsed": 974.783369, "delta": 3.015224}}
{"target": -14.584394067529308, "params": {"C": 115.85766682472693, "gamma": 3.265707009824985}, "datetime": {"datetime": "2021-06-18 09:37:28", "elapsed": 977.721968, "delta": 2.938599}}
{"target": -15.255646039217174, "params": {"C": 326642.6099410193, "gamma": 4.431051572077749}, "datetime": {"datetime": "2021-06-18 09:37:33", "elapsed": 983.14358, "delta": 5.421612}}
{"target": -14.37893353306386, "params": {"C": 134.12644348677728, "gamma": 2.2707689390139127}, "datetime": {"datetime": "2021-06-18 09:37:38", "elapsed": 988.131145, "delta": 4.987565}}
{"target": -15.366277031435205, "params": {"C": 239845.46602174087, "gamma": 4.971085177360156}, "datetime": {"datetime": "2021-06-18 09:37:43", "elapsed": 992.873017, "delta": 4.741872}}
{"target": -16.238410271075765, "params": {"C": 70028.07059699384, "gamma": 7.5083134730004355}, "datetime": {"datetime": "2021-06-18 09:37:47", "elapsed": 997.370767, "delta": 4.49775}}
{"target": -15.78167126744752, "params": {"C": 70020.6275977126, "gamma": 2.0548061027723836}, "datetime": {"datetime": "2021-06-18 09:37:52", "elapsed": 1001.43516, "delta": 4.064393}}
{"target": -15.274371081268272, "params": {"C": 49945.491460993944, "gamma": 4.613693475556753}, "datetime": {"datetime": "2021-06-18 09:37:57", "elapsed": 1006.602319, "delta": 5.167159}}
{"target": -14.304903883553244, "params": {"C": 154.32258234429614, "gamma": 1.330441676803514}, "datetime": {"datetime": "2021-06-18 09:38:01", "elapsed": 1010.941523, "delta": 4.339204}}
{"target": -16.098139795223503, "params": {"C": 396771.48472320836, "gamma": 1.8003458266610715}, "datetime": {"datetime": "2021-06-18 09:38:06", "elapsed": 1016.027109, "delta": 5.085586}}
{"target": -15.30752221354599, "params": {"C": 691878.6856426486, "gamma": 4.750470674626389}, "datetime": {"datetime": "2021-06-18 09:38:12", "elapsed": 1022.014577, "delta": 5.987468}}
{"target": -32.19778336872226, "params": {"C": 957880.8097990454, "gamma": 0.19013551904523787}, "datetime": {"datetime": "2021-06-18 09:38:16", "elapsed": 1026.344013, "delta": 4.329436}}
{"target": -15.516640114710748, "params": {"C": 239837.54502880244, "gamma": 5.516293783006906}, "datetime": {"datetime": "2021-06-18 09:38:20", "elapsed": 1030.269066, "delta": 3.925053}}
{"target": -16.77821629602076, "params": {"C": 70022.86373807525, "gamma": 8.90855426707312}, "datetime": {"datetime": "2021-06-18 09:38:23", "elapsed": 1033.356903, "delta": 3.087837}}
{"target": -16.45098552141108, "params": {"C": 239850.54396047382, "gamma": 1.5601711712893818}, "datetime": {"datetime": "2021-06-18 09:38:27", "elapsed": 1036.849737, "delta": 3.492834}}
{"target": -16.08739042273177, "params": {"C": 186266.83317664912, "gamma": 1.8071093273049517}, "datetime": {"datetime": "2021-06-18 09:38:32", "elapsed": 1042.077991, "delta": 5.228254}}
{"target": -14.534562597286078, "params": {"C": 89.97073931869875, "gamma": 3.460788125926763}, "datetime": {"datetime": "2021-06-18 09:38:37", "elapsed": 1046.442217, "delta": 4.364226}}
{"target": -15.2085482536852, "params": {"C": 449911.17937982664, "gamma": 3.182734579532539}, "datetime": {"datetime": "2021-06-18 09:38:42", "elapsed": 1052.295817, "delta": 5.8536}}
{"target": -15.33372850408796, "params": {"C": 694409.2074405679, "gamma": 2.7091400403588115}, "datetime": {"datetime": "2021-06-18 09:38:47", "elapsed": 1056.640339, "delta": 4.344522}}
{"target": -14.136025405790791, "params": {"C": 95.87165111399106, "gamma": 2.1231897682559424}, "datetime": {"datetime": "2021-06-18 09:38:55", "elapsed": 1064.733608, "delta": 8.093269}}
{"target": -15.206435127159857, "params": {"C": 13954.554969274757, "gamma": 3.826649138922562}, "datetime": {"datetime": "2021-06-18 09:39:00", "elapsed": 1069.409365, "delta": 4.675757}}
{"target": -14.425115782389069, "params": {"C": 130.35052001743827, "gamma": 2.8399418569501926}, "datetime": {"datetime": "2021-06-18 09:39:06", "elapsed": 1075.586712, "delta": 6.177347}}
{"target": -15.710604668601432, "params": {"C": 750937.7293896856, "gamma": 6.0978666641253}, "datetime": {"datetime": "2021-06-18 09:39:10", "elapsed": 1079.532173, "delta": 3.945461}}
{"target": -15.564141278716475, "params": {"C": 903380.9098857533, "gamma": 2.3278317082274254}, "datetime": {"datetime": "2021-06-18 09:39:14", "elapsed": 1083.424386, "delta": 3.892213}}
{"target": -15.873073528839383, "params": {"C": 49950.61899801923, "gamma": 1.9733142920489595}, "datetime": {"datetime": "2021-06-18 09:39:17", "elapsed": 1086.537524, "delta": 3.113138}}
{"target": -15.839233930179159, "params": {"C": 98330.33521501736, "gamma": 6.473925471935263}, "datetime": {"datetime": "2021-06-18 09:39:23", "elapsed": 1093.259037, "delta": 6.721513}}
{"target": -16.284721064688977, "params": {"C": 663790.0495532796, "gamma": 7.631862002523799}, "datetime": {"datetime": "2021-06-18 09:39:27", "elapsed": 1096.55783, "delta": 3.298793}}
{"target": -14.501891423698392, "params": {"C": 129.1584403565369, "gamma": 2.973718339986991}, "datetime": {"datetime": "2021-06-18 09:39:32", "elapsed": 1102.029982, "delta": 5.472152}}
{"target": -15.627698178912533, "params": {"C": 807097.9005046875, "gamma": 2.2451713466496916}, "datetime": {"datetime": "2021-06-18 09:39:37", "elapsed": 1106.392486, "delta": 4.362504}}
{"target": -15.396410510265113, "params": {"C": 629714.3170098589, "gamma": 2.576128524590286}, "datetime": {"datetime": "2021-06-18 09:39:41", "elapsed": 1110.907338, "delta": 4.514852}}
{"target": -16.527436675477986, "params": {"C": 195426.74637214112, "gamma": 8.239094774505165}, "datetime": {"datetime": "2021-06-18 09:39:46", "elapsed": 1115.737379, "delta": 4.830041}}
{"target": -16.9976254811801, "params": {"C": 28294.084998725855, "gamma": 9.384438292822459}, "datetime": {"datetime": "2021-06-18 09:39:50", "elapsed": 1120.184023, "delta": 4.446644}}
{"target": -15.464111095260508, "params": {"C": 2873.754223826162, "gamma": 2.331748937312401}, "datetime": {"datetime": "2021-06-18 09:39:54", "elapsed": 1123.616775, "delta": 3.432752}}
{"target": -14.080977711513054, "params": {"C": 97.1492324603164, "gamma": 1.8736743130206048}, "datetime": {"datetime": "2021-06-18 09:39:58", "elapsed": 1127.97987, "delta": 4.363095}}
{"target": -11.032513750127402, "params": {"C": 148.44823686889896, "gamma": 0.36114969074567815}, "datetime": {"datetime": "2021-06-18 09:40:03", "elapsed": 1132.46108, "delta": 4.48121}}
{"target": -15.343647957875614, "params": {"C": 186242.11395109384, "gamma": 4.884868263621059}, "datetime": {"datetime": "2021-06-18 09:40:07", "elapsed": 1136.910703, "delta": 4.449623}}
{"target": -15.255948650277546, "params": {"C": 908612.9062133958, "gamma": 4.433784124876679}, "datetime": {"datetime": "2021-06-18 09:40:12", "elapsed": 1141.839851, "delta": 4.929148}}
{"target": -15.420154517471884, "params": {"C": 28303.469142378166, "gamma": 5.168749907135707}, "datetime": {"datetime": "2021-06-18 09:40:18", "elapsed": 1147.410458, "delta": 5.570607}}
{"target": -15.546955931325126, "params": {"C": 807121.0777367015, "gamma": 2.3506339747614575}, "datetime": {"datetime": "2021-06-18 09:40:22", "elapsed": 1151.951464, "delta": 4.541006}}
{"target": -15.394270307094574, "params": {"C": 568099.2111728621, "gamma": 5.076003792894667}, "datetime": {"datetime": "2021-06-18 09:40:25", "elapsed": 1155.282267, "delta": 3.330803}}
{"target": -14.317014377888754, "params": {"C": 120.32950020451149, "gamma": 2.2217762503617147}, "datetime": {"datetime": "2021-06-18 09:40:29", "elapsed": 1158.701009, "delta": 3.418742}}
{"target": -15.436399193857605, "params": {"C": 629717.660036926, "gamma": 5.227312664230214}, "datetime": {"datetime": "2021-06-18 09:40:34", "elapsed": 1163.788025, "delta": 5.087016}}
{"target": -15.685485968525633, "params": {"C": 932593.2976648235, "gamma": 2.172616367475609}, "datetime": {"datetime": "2021-06-18 09:40:40", "elapsed": 1169.441037, "delta": 5.653012}}
{"target": -21.06461854441208, "params": {"C": 66336.32921204343, "gamma": 0.5684040612813028}, "datetime": {"datetime": "2021-06-18 09:40:46", "elapsed": 1176.369338, "delta": 6.928301}}
{"target": -15.19987699494694, "params": {"C": 694390.4232343786, "gamma": 3.247273556978941}, "datetime": {"datetime": "2021-06-18 09:40:52", "elapsed": 1182.150391, "delta": 5.781053}}
{"target": -16.130358428986533, "params": {"C": 568101.1335456643, "gamma": 7.232758014038792}, "datetime": {"datetime": "2021-06-18 09:40:57", "elapsed": 1187.164241, "delta": 5.01385}}
{"target": -15.251147317990851, "params": {"C": 694394.8635842212, "gamma": 4.386725374101438}, "datetime": {"datetime": "2021-06-18 09:41:08", "elapsed": 1197.914728, "delta": 10.750487}}
{"target": -16.783419830307952, "params": {"C": 663797.0738938338, "gamma": 1.3799767346550185}, "datetime": {"datetime": "2021-06-18 09:41:13", "elapsed": 1202.555829, "delta": 4.641101}}
{"target": -15.405496144211694, "params": {"C": 195431.37750372582, "gamma": 5.116036464304662}, "datetime": {"datetime": "2021-06-18 09:41:20", "elapsed": 1209.488775, "delta": 6.932946}}
{"target": -16.59608590590625, "params": {"C": 98350.01733080263, "gamma": 8.415866485208822}, "datetime": {"datetime": "2021-06-18 09:41:23", "elapsed": 1212.708184, "delta": 3.219409}}
{"target": -16.96680914344224, "params": {"C": 860019.8325373973, "gamma": 9.325483900612149}, "datetime": {"datetime": "2021-06-18 09:41:28", "elapsed": 1217.605679, "delta": 4.897495}}
{"target": -16.179297713043905, "params": {"C": 694406.597476147, "gamma": 7.355694227743728}, "datetime": {"datetime": "2021-06-18 09:41:33", "elapsed": 1222.545229, "delta": 4.93955}}
{"target": -15.506898449293171, "params": {"C": 908611.6428122545, "gamma": 2.404825199631936}, "datetime": {"datetime": "2021-06-18 09:41:36", "elapsed": 1226.292657, "delta": 3.747428}}
{"target": -15.371763055020029, "params": {"C": 807125.0293777079, "gamma": 4.992222187057224}, "datetime": {"datetime": "2021-06-18 09:41:40", "elapsed": 1230.040589, "delta": 3.747932}}
{"target": -15.258968411518165, "params": {"C": 449906.4507610747, "gamma": 2.9225929156232606}, "datetime": {"datetime": "2021-06-18 09:41:44", "elapsed": 1233.825856, "delta": 3.785267}}
{"target": -15.19274725444324, "params": {"C": 669238.5358210842, "gamma": 3.439371715875797}, "datetime": {"datetime": "2021-06-18 09:41:48", "elapsed": 1237.48613, "delta": 3.660274}}
{"target": -15.371051904085878, "params": {"C": 98341.77067949649, "gamma": 4.989556143773963}, "datetime": {"datetime": "2021-06-18 09:41:53", "elapsed": 1242.733689, "delta": 5.247559}}
{"target": -15.717749348685434, "params": {"C": 449902.9086771364, "gamma": 2.132535696494223}, "datetime": {"datetime": "2021-06-18 09:41:58", "elapsed": 1247.452129, "delta": 4.71844}}
{"target": -15.884185923348271, "params": {"C": 449908.402871431, "gamma": 6.609675235942192}, "datetime": {"datetime": "2021-06-18 09:42:01", "elapsed": 1251.135653, "delta": 3.683524}}
{"target": -15.271658336937183, "params": {"C": 124163.82897320676, "gamma": 4.591961158878735}, "datetime": {"datetime": "2021-06-18 09:42:06", "elapsed": 1255.776056, "delta": 4.640403}}
{"target": -15.227237201821806, "params": {"C": 606323.3198143704, "gamma": 4.108199970828581}, "datetime": {"datetime": "2021-06-18 09:42:09", "elapsed": 1259.258505, "delta": 3.482449}}
{"target": -15.203619083357673, "params": {"C": 49949.003249328336, "gamma": 3.756098073357433}, "datetime": {"datetime": "2021-06-18 09:42:15", "elapsed": 1264.598327, "delta": 5.339822}}
{"target": -15.52315329265824, "params": {"C": 694395.7716814978, "gamma": 2.382585821334738}, "datetime": {"datetime": "2021-06-18 09:42:20", "elapsed": 1269.826546, "delta": 5.228219}}
{"target": -15.222649714078221, "params": {"C": 28301.849557997455, "gamma": 4.05245557884289}, "datetime": {"datetime": "2021-06-18 09:42:25", "elapsed": 1274.525314, "delta": 4.698768}}
{"target": -15.26108171675885, "params": {"C": 449899.5515826486, "gamma": 2.9136487501710393}, "datetime": {"datetime": "2021-06-18 09:42:29", "elapsed": 1278.413239, "delta": 3.887925}}
{"target": -15.243118663526447, "params": {"C": 908609.5538055765, "gamma": 4.308788555654245}, "datetime": {"datetime": "2021-06-18 09:42:34", "elapsed": 1283.897145, "delta": 5.483906}}
{"target": -16.275137704358016, "params": {"C": 606318.0346028816, "gamma": 7.606092169859604}, "datetime": {"datetime": "2021-06-18 09:42:39", "elapsed": 1288.742729, "delta": 4.845584}}
{"target": -17.20929868122999, "params": {"C": 195429.22148030685, "gamma": 1.2024484380004294}, "datetime": {"datetime": "2021-06-18 09:42:44", "elapsed": 1293.561842, "delta": 4.819113}}
{"target": -15.274757225199398, "params": {"C": 239859.11241946227, "gamma": 2.8596479073333327}, "datetime": {"datetime": "2021-06-18 09:42:47", "elapsed": 1297.269551, "delta": 3.707709}}
{"target": -15.217268321193261, "params": {"C": 957891.4775762301, "gamma": 3.9618260305480075}, "datetime": {"datetime": "2021-06-18 09:42:51", "elapsed": 1300.885247, "delta": 3.615696}}
{"target": -15.190920217396513, "params": {"C": 13959.3426286004, "gamma": 3.379581357479096}, "datetime": {"datetime": "2021-06-18 09:42:56", "elapsed": 1305.698005, "delta": 4.812758}}
{"target": -15.967526745527152, "params": {"C": 449917.80547294643, "gamma": 6.839217743372398}, "datetime": {"datetime": "2021-06-18 09:43:00", "elapsed": 1309.495991, "delta": 3.797986}}
{"target": -15.542496172066327, "params": {"C": 124177.71340346016, "gamma": 5.5990916835733}, "datetime": {"datetime": "2021-06-18 09:43:06", "elapsed": 1316.042621, "delta": 6.54663}}
{"target": -19.189070891337156, "params": {"C": 750937.7763497555, "gamma": 0.7644665621611343}, "datetime": {"datetime": "2021-06-18 09:43:09", "elapsed": 1319.373912, "delta": 3.331291}}
{"target": -15.327935020526311, "params": {"C": 694392.8408865351, "gamma": 4.825898931405469}, "datetime": {"datetime": "2021-06-18 09:43:14", "elapsed": 1324.241872, "delta": 4.86796}}
{"target": -16.42214310064822, "params": {"C": 98330.49024311257, "gamma": 1.5738668152574333}, "datetime": {"datetime": "2021-06-18 09:43:20", "elapsed": 1329.436231, "delta": 5.194359}}
{"target": -10.515324650130054, "params": {"C": 133.41030297171602, "gamma": 0.25634656923630994}, "datetime": {"datetime": "2021-06-18 09:43:23", "elapsed": 1333.236594, "delta": 3.800363}}
{"target": -15.37318546030615, "params": {"C": 927513.6411426091, "gamma": 2.622724315488956}, "datetime": {"datetime": "2021-06-18 09:43:27", "elapsed": 1337.113969, "delta": 3.877375}}
{"target": -16.30145851830426, "params": {"C": 326641.73108834116, "gamma": 7.677155219640924}, "datetime": {"datetime": "2021-06-18 09:43:33", "elapsed": 1343.110598, "delta": 5.996629}}
{"target": -15.541715624591523, "params": {"C": 193442.5328204626, "gamma": 5.59683292987206}, "datetime": {"datetime": "2021-06-18 09:43:40", "elapsed": 1350.252974, "delta": 7.142376}}
{"target": -16.067929266582865, "params": {"C": 957880.4445340425, "gamma": 7.0805702664170935}, "datetime": {"datetime": "2021-06-18 09:43:44", "elapsed": 1354.040631, "delta": 3.787657}}
{"target": -16.28533940763249, "params": {"C": 28293.874597172773, "gamma": 1.6482638748644654}, "datetime": {"datetime": "2021-06-18 09:43:48", "elapsed": 1357.654236, "delta": 3.613605}}
