{"target": -15.936639717889662, "params": {"C": 750959.5352703977, "gamma": 1.9286131606594772}, "datetime": {"datetime": "2021-06-18 10:31:30", "elapsed": 4220.078314, "delta": 15.160696}}
{"target": -20.426053748785396, "params": {"C": 691872.3221102768, "gamma": 0.6492484574779792}, "datetime": {"datetime": "2021-06-18 10:31:44", "elapsed": 4234.145085, "delta": 14.066771}}
{"target": -15.228767213788824, "params": {"C": 860023.0725059151, "gamma": 4.130029387818383}, "datetime": {"datetime": "2021-06-18 10:31:54", "elapsed": 4244.283917, "delta": 10.138832}}
{"target": -15.199766266199873, "params": {"C": 193452.89470348772, "gamma": 3.245520763624997}, "datetime": {"datetime": "2021-06-18 10:32:01", "elapsed": 4251.32003, "delta": 7.036113}}
{"target": -16.227919121568085, "params": {"C": 669227.6939532391, "gamma": 7.481092593407801}, "datetime": {"datetime": "2021-06-18 10:32:11", "elapsed": 4260.788583, "delta": 9.468553}}
{"target": -16.657541617798522, "params": {"C": 932601.2279239924, "gamma": 8.57848287782724}, "datetime": {"datetime": "2021-06-18 10:32:18", "elapsed": 4268.080309, "delta": 7.291726}}
{"target": -15.236581864591612, "params": {"C": 629697.0590409244, "gamma": 3.020694905202279}, "datetime": {"datetime": "2021-06-18 10:32:30", "elapsed": 4279.906043, "delta": 11.825734}}
{"target": -12.950114380133899, "params": {"C": 121.19661787475496, "gamma": 0.7184979967950543}, "datetime": {"datetime": "2021-06-18 10:32:38", "elapsed": 4288.343281, "delta": 8.437238}}
{"target": -15.569100568319591, "params": {"C": 13971.065441878549, "gamma": 5.676855146937811}, "datetime": {"datetime": "2021-06-18 10:32:46", "elapsed": 4295.380904, "delta": 7.037623}}
{"target": -15.216366229605907, "params": {"C": 663798.5148456189, "gamma": 3.948423895047985}, "datetime": {"datetime": "2021-06-18 10:33:01", "elapsed": 4310.912191, "delta": 15.531287}}
{"target": -14.571319842646691, "params": {"C": 97.98376723365637, "gamma": 3.4353772351224134}, "datetime": {"datetime": "2021-06-18 10:33:11", "elapsed": 4320.819276, "delta": 9.907085}}
{"target": -14.655665912873022, "params": {"C": 164.30517315417052, "gamma": 2.9886625044693718}, "datetime": {"datetime": "2021-06-18 10:33:23", "elapsed": 4332.835661, "delta": 12.016385}}
{"target": -13.642297127767232, "params": {"C": 126.50785232690501, "gamma": 0.9648732498520656}, "datetime": {"datetime": "2021-06-18 10:33:37", "elapsed": 4346.563026, "delta": 13.727365}}
{"target": -15.481473710551038, "params": {"C": 103231.01895478269, "gamma": 5.387347278490529}, "datetime": {"datetime": "2021-06-18 10:33:43", "elapsed": 4353.256878, "delta": 6.693852}}
{"target": -15.912992985748453, "params": {"C": 195441.33983535727, "gamma": 1.9463804949864687}, "datetime": {"datetime": "2021-06-18 10:33:50", "elapsed": 4359.544524, "delta": 6.287646}}
{"target": -17.272585984802234, "params": {"C": 186249.67986540144, "gamma": 9.916809618372}, "datetime": {"datetime": "2021-06-18 10:33:59", "elapsed": 4369.32392, "delta": 9.779396}}
{"target": -17.28837303567933, "params": {"C": 606343.1677900035, "gamma": 9.9433934282511}, "datetime": {"datetime": "2021-06-18 10:34:09", "elapsed": 4379.32185, "delta": 9.99793}}
{"target": -16.41454270480043, "params": {"C": 193453.75658978164, "gamma": 1.5822594020201242}, "datetime": {"datetime": "2021-06-18 10:34:22", "elapsed": 4392.367017, "delta": 13.045167}}
{"target": -16.66404355840298, "params": {"C": 807115.2679438766, "gamma": 8.595891503908325}, "datetime": {"datetime": "2021-06-18 10:34:37", "elapsed": 4406.902877, "delta": 14.53586}}
{"target": -13.838859641564804, "params": {"C": 105.83505046623935, "gamma": 1.2672051806602609}, "datetime": {"datetime": "2021-06-18 10:34:47", "elapsed": 4416.413105, "delta": 9.510228}}
{"target": -15.644410828165931, "params": {"C": 663460.7753574782, "gamma": 2.223820319626748}, "datetime": {"datetime": "2021-06-18 10:34:56", "elapsed": 4425.706172, "delta": 9.293067}}
{"target": -15.942150154671067, "params": {"C": 694386.9795181176, "gamma": 1.9240637940668508}, "datetime": {"datetime": "2021-06-18 10:35:14", "elapsed": 4443.728907, "delta": 18.022735}}
{"target": -15.260291496645822, "params": {"C": 195442.93165463506, "gamma": 4.477252779159035}, "datetime": {"datetime": "2021-06-18 10:35:21", "elapsed": 4450.672164, "delta": 6.943257}}
{"target": -15.490687474151073, "params": {"C": 807122.6485952885, "gamma": 5.420829624019025}, "datetime": {"datetime": "2021-06-18 10:35:33", "elapsed": 4463.341419, "delta": 12.669255}}
{"target": -15.751104313080166, "params": {"C": 195443.08134055225, "gamma": 6.217831074336477}, "datetime": {"datetime": "2021-06-18 10:35:44", "elapsed": 4473.474467, "delta": 10.133048}}
{"target": -15.260722739182098, "params": {"C": 326656.30165334267, "gamma": 4.481295678914143}, "datetime": {"datetime": "2021-06-18 10:35:54", "elapsed": 4483.692797, "delta": 10.21833}}
{"target": -15.340872670223114, "params": {"C": 860036.5278436125, "gamma": 2.693212061747012}, "datetime": {"datetime": "2021-06-18 10:36:01", "elapsed": 4490.620004, "delta": 6.927207}}
{"target": -15.623162588122645, "params": {"C": 326654.3552013605, "gamma": 5.83950908798199}, "datetime": {"datetime": "2021-06-18 10:36:13", "elapsed": 4502.760181, "delta": 12.140177}}
{"target": -10.538503680841773, "params": {"C": 163.39685420513513, "gamma": 0.23017667123274918}, "datetime": {"datetime": "2021-06-18 10:36:26", "elapsed": 4516.267578, "delta": 13.507397}}
{"target": -15.452496454151287, "params": {"C": 193449.373937856, "gamma": 5.283833048107528}, "datetime": {"datetime": "2021-06-18 10:36:34", "elapsed": 4523.502452, "delta": 7.234874}}
{"target": -15.201699257856108, "params": {"C": 89.49804110848636, "gamma": 4.928063965647148}, "datetime": {"datetime": "2021-06-18 10:36:45", "elapsed": 4534.834393, "delta": 11.331941}}
{"target": -14.043656543811608, "params": {"C": 84.67421100206555, "gamma": 2.35533641839535}, "datetime": {"datetime": "2021-06-18 10:36:59", "elapsed": 4549.249326, "delta": 14.414933}}
{"target": -14.851487028086597, "params": {"C": 165.5645084103198, "gamma": 3.523643184456786}, "datetime": {"datetime": "2021-06-18 10:37:07", "elapsed": 4556.901864, "delta": 7.652538}}
{"target": -15.410111169066479, "params": {"C": 629700.4151096022, "gamma": 5.132593175701887}, "datetime": {"datetime": "2021-06-18 10:37:14", "elapsed": 4564.21295, "delta": 7.311086}}
{"target": -17.440143587668, "params": {"C": 663773.6043579404, "gamma": 1.1401187412987541}, "datetime": {"datetime": "2021-06-18 10:37:22", "elapsed": 4571.577846, "delta": 7.364896}}
{"target": -14.48874216757331, "params": {"C": 152.67060431468963, "gamma": 2.155208102333109}, "datetime": {"datetime": "2021-06-18 10:37:42", "elapsed": 4591.470088, "delta": 19.892242}}
{"target": -16.533440743679368, "params": {"C": 79.60845036383441, "gamma": 8.143440140081402}, "datetime": {"datetime": "2021-06-18 10:37:54", "elapsed": 4603.557183, "delta": 12.087095}}
{"target": -15.58412320147792, "params": {"C": 105.86550286248021, "gamma": 5.80582615325444}, "datetime": {"datetime": "2021-06-18 10:38:13", "elapsed": 4622.902952, "delta": 19.345769}}
{"target": -14.186055910171175, "params": {"C": 104.66817058379893, "gamma": 2.4045691267336973}, "datetime": {"datetime": "2021-06-18 10:38:20", "elapsed": 4630.299719, "delta": 7.396767}}
{"target": -16.723439481783604, "params": {"C": 663779.6900723077, "gamma": 8.756984307712086}, "datetime": {"datetime": "2021-06-18 10:38:28", "elapsed": 4638.341214, "delta": 8.041495}}
{"target": -15.543317506053647, "params": {"C": 195445.62008242088, "gamma": 5.601519161954762}, "datetime": {"datetime": "2021-06-18 10:38:39", "elapsed": 4649.3297, "delta": 10.988486}}
{"target": -15.889522339907893, "params": {"C": 860040.0180849629, "gamma": 6.626020689281548}, "datetime": {"datetime": "2021-06-18 10:38:47", "elapsed": 4656.662221, "delta": 7.332521}}
{"target": -15.408215994947968, "params": {"C": 629703.9993898417, "gamma": 5.125788242541701}, "datetime": {"datetime": "2021-06-18 10:39:06", "elapsed": 4676.048932, "delta": 19.386711}}
{"target": -16.307787153433235, "params": {"C": 903390.8454640104, "gamma": 1.6546213649703805}, "datetime": {"datetime": "2021-06-18 10:39:19", "elapsed": 4688.523048, "delta": 12.474116}}
{"target": -10.514071087943606, "params": {"C": 146.55652561348376, "gamma": 0.24100561527179876}, "datetime": {"datetime": "2021-06-18 10:39:32", "elapsed": 4702.323429, "delta": 13.800381}}
{"target": -13.839683970127382, "params": {"C": 110.18343038325047, "gamma": 1.2272503616386738}, "datetime": {"datetime": "2021-06-18 10:39:47", "elapsed": 4716.656743, "delta": 14.333314}}
{"target": -16.51637279021701, "params": {"C": 903386.1870309679, "gamma": 8.211115895997029}, "datetime": {"datetime": "2021-06-18 10:39:58", "elapsed": 4727.594465, "delta": 10.937722}}
{"target": -15.389477194481021, "params": {"C": 103220.32918611125, "gamma": 2.5866844766035673}, "datetime": {"datetime": "2021-06-18 10:40:05", "elapsed": 4734.994114, "delta": 7.399649}}
{"target": -15.417971518698906, "params": {"C": 193455.60898584357, "gamma": 5.160912479180781}, "datetime": {"datetime": "2021-06-18 10:40:21", "elapsed": 4751.257426, "delta": 16.263312}}
{"target": -15.24817753132508, "params": {"C": 326654.52063612896, "gamma": 2.968647645063774}, "datetime": {"datetime": "2021-06-18 10:40:36", "elapsed": 4765.455858, "delta": 14.198432}}
{"target": -16.11350746086549, "params": {"C": 800628.1233202611, "gamma": 7.1911843590793465}, "datetime": {"datetime": "2021-06-18 10:40:52", "elapsed": 4782.218611, "delta": 16.762753}}
{"target": -16.18211610700262, "params": {"C": 13972.260986510646, "gamma": 7.3614154460332815}, "datetime": {"datetime": "2021-06-18 10:41:00", "elapsed": 4789.887188, "delta": 7.668577}}
{"target": -12.193173788874185, "params": {"C": 86.93861822364094, "gamma": 0.00756528781064157}, "datetime": {"datetime": "2021-06-18 10:41:20", "elapsed": 4809.523657, "delta": 19.636469}}
{"target": -15.513264770877115, "params": {"C": 408148.14865558094, "gamma": 5.503776907430249}, "datetime": {"datetime": "2021-06-18 10:41:34", "elapsed": 4823.619092, "delta": 14.095435}}
{"target": -15.660884399339533, "params": {"C": 124171.36777170967, "gamma": 5.949381069125006}, "datetime": {"datetime": "2021-06-18 10:41:47", "elapsed": 4837.07582, "delta": 13.456728}}
{"target": -16.873413218973077, "params": {"C": 449912.78608513874, "gamma": 9.139710239486126}, "datetime": {"datetime": "2021-06-18 10:41:55", "elapsed": 4844.566357, "delta": 7.490537}}
{"target": -15.739308036527374, "params": {"C": 903391.327895858, "gamma": 6.184545651774876}, "datetime": {"datetime": "2021-06-18 10:42:14", "elapsed": 4863.791391, "delta": 19.225034}}
{"target": -31.81266326880896, "params": {"C": 927516.9423427035, "gamma": 0.20092825112394117}, "datetime": {"datetime": "2021-06-18 10:42:21", "elapsed": 4870.94949, "delta": 7.158099}}
{"target": -15.203700824552142, "params": {"C": 691883.1565314351, "gamma": 3.747371143548964}, "datetime": {"datetime": "2021-06-18 10:42:32", "elapsed": 4881.674324, "delta": 10.724834}}
{"target": -15.697551029231061, "params": {"C": 568096.2328425797, "gamma": 6.05851646048735}, "datetime": {"datetime": "2021-06-18 10:42:46", "elapsed": 4896.276867, "delta": 14.602543}}
{"target": -15.341566397452585, "params": {"C": 860047.981620586, "gamma": 4.8769634824770804}, "datetime": {"datetime": "2021-06-18 10:42:58", "elapsed": 4908.340076, "delta": 12.063209}}
{"target": -10.680980902757806, "params": {"C": 155.4070090506434, "gamma": 0.2704298991325571}, "datetime": {"datetime": "2021-06-18 10:43:13", "elapsed": 4923.152444, "delta": 14.812368}}
{"target": -15.8520866471414, "params": {"C": 807128.6947977144, "gamma": 6.512531067868982}, "datetime": {"datetime": "2021-06-18 10:43:25", "elapsed": 4934.827935, "delta": 11.675491}}
{"target": -15.192268689694966, "params": {"C": 579750.7868810826, "gamma": 3.5324646402155806}, "datetime": {"datetime": "2021-06-18 10:43:38", "elapsed": 4948.002527, "delta": 13.174592}}
{"target": -15.226729024368563, "params": {"C": 663465.856995654, "gamma": 4.100841277596622}, "datetime": {"datetime": "2021-06-18 10:43:50", "elapsed": 4960.252672, "delta": 12.250145}}
{"target": -14.104610013181528, "params": {"C": 97.5759831104847, "gamma": 2.7227370737212735}, "datetime": {"datetime": "2021-06-18 10:44:01", "elapsed": 4970.603152, "delta": 10.35048}}
{"target": -15.22332979774539, "params": {"C": 449897.3690271416, "gamma": 3.0854271612016073}, "datetime": {"datetime": "2021-06-18 10:44:09", "elapsed": 4978.951821, "delta": 8.348669}}
{"target": -15.395809407754344, "params": {"C": 326620.95612565667, "gamma": 5.0814739002859115}, "datetime": {"datetime": "2021-06-18 10:44:18", "elapsed": 4987.402463, "delta": 8.450642}}
{"target": -13.507906903825202, "params": {"C": 88.76279496714096, "gamma": 1.1859685071730883}, "datetime": {"datetime": "2021-06-18 10:44:36", "elapsed": 5005.989718, "delta": 18.587255}}
{"target": -15.223181583044386, "params": {"C": 239873.32439988464, "gamma": 4.05026430154018}, "datetime": {"datetime": "2021-06-18 10:44:47", "elapsed": 5016.432604, "delta": 10.442886}}
{"target": -15.925800932447299, "params": {"C": 98338.54879135976, "gamma": 1.933540282075511}, "datetime": {"datetime": "2021-06-18 10:45:08", "elapsed": 5038.318527, "delta": 21.885923}}
{"target": -17.228233241013356, "params": {"C": 124163.69014635067, "gamma": 1.1953280371577881}, "datetime": {"datetime": "2021-06-18 10:45:23", "elapsed": 5053.112662, "delta": 14.794135}}
{"target": -12.4612098302817, "params": {"C": 162.72051982642117, "gamma": 0.538881842818156}, "datetime": {"datetime": "2021-06-18 10:45:38", "elapsed": 5068.232872, "delta": 15.12021}}
{"target": -15.191369334056276, "params": {"C": 239893.6916859807, "gamma": 3.515084037155182}, "datetime": {"datetime": "2021-06-18 10:45:51", "elapsed": 5080.647751, "delta": 12.414879}}
{"target": -15.635465919040344, "params": {"C": 85.80905297154878, "gamma": 5.971741299128012}, "datetime": {"datetime": "2021-06-18 10:45:59", "elapsed": 5088.440886, "delta": 7.793135}}
{"target": -15.711218303551078, "params": {"C": 669220.9258640518, "gamma": 6.099719985993652}, "datetime": {"datetime": "2021-06-18 10:46:11", "elapsed": 5100.426071, "delta": 11.985185}}
{"target": -16.470514356320777, "params": {"C": 2876.2788977949645, "gamma": 8.089158844329535}, "datetime": {"datetime": "2021-06-18 10:46:23", "elapsed": 5113.031625, "delta": 12.605554}}
{"target": -15.365651165141067, "params": {"C": 957894.6886172051, "gamma": 4.968645870678422}, "datetime": {"datetime": "2021-06-18 10:46:31", "elapsed": 5120.630325, "delta": 7.5987}}
{"target": -16.38709502693507, "params": {"C": 326656.5213987522, "gamma": 7.892132287753349}, "datetime": {"datetime": "2021-06-18 10:46:46", "elapsed": 5136.124717, "delta": 15.494392}}
{"target": -16.08949769883916, "params": {"C": 883309.6668078296, "gamma": 1.8076915180186364}, "datetime": {"datetime": "2021-06-18 10:46:54", "elapsed": 5144.175644, "delta": 8.050927}}
{"target": -16.06982919481436, "params": {"C": 162.12699220074552, "gamma": 7.024535325164906}, "datetime": {"datetime": "2021-06-18 10:47:02", "elapsed": 5151.40488, "delta": 7.229236}}
{"target": -18.632053245489715, "params": {"C": 860034.258325726, "gamma": 0.8604415960669853}, "datetime": {"datetime": "2021-06-18 10:47:10", "elapsed": 5159.945028, "delta": 8.540148}}
{"target": -15.27170485022054, "params": {"C": 13972.215322600705, "gamma": 2.8380718327739674}, "datetime": {"datetime": "2021-06-18 10:47:24", "elapsed": 5173.607218, "delta": 13.66219}}
{"target": -16.69466354146122, "params": {"C": 13972.266253699547, "gamma": 1.391382283106849}, "datetime": {"datetime": "2021-06-18 10:47:36", "elapsed": 5186.334499, "delta": 12.727281}}
{"target": -16.791279956251202, "params": {"C": 663469.171840742, "gamma": 1.376436777951169}, "datetime": {"datetime": "2021-06-18 10:47:47", "elapsed": 5197.058763, "delta": 10.724264}}
{"target": -16.271514220353854, "params": {"C": 927517.0576073013, "gamma": 7.596397392729303}, "datetime": {"datetime": "2021-06-18 10:48:01", "elapsed": 5211.215286, "delta": 14.156523}}
{"target": -15.26567860156454, "params": {"C": 860038.8096551242, "gamma": 4.530659991513685}, "datetime": {"datetime": "2021-06-18 10:48:09", "elapsed": 5218.757421, "delta": 7.542135}}
{"target": -15.560690916279384, "params": {"C": 691884.8351086499, "gamma": 5.652619559758939}, "datetime": {"datetime": "2021-06-18 10:48:20", "elapsed": 5229.493305, "delta": 10.735884}}
{"target": -15.604895675185738, "params": {"C": 326623.47591116116, "gamma": 2.2737624867160893}, "datetime": {"datetime": "2021-06-18 10:48:35", "elapsed": 5244.792284, "delta": 15.298979}}
{"target": -11.528105953207222, "params": {"C": 132.34958844600848, "gamma": 0.44890280871264154}, "datetime": {"datetime": "2021-06-18 10:48:44", "elapsed": 5253.568429, "delta": 8.776145}}
{"target": -15.29080438034127, "params": {"C": 103218.4665590382, "gamma": 4.689754437133119}, "datetime": {"datetime": "2021-06-18 10:48:52", "elapsed": 5261.472113, "delta": 7.903684}}
{"target": -13.6869774754531, "params": {"C": 161.79174227781405, "gamma": 0.8065547964724206}, "datetime": {"datetime": "2021-06-18 10:49:03", "elapsed": 5272.970888, "delta": 11.498775}}
{"target": -15.551323137902523, "params": {"C": 663430.9718715922, "gamma": 5.6250259130337925}, "datetime": {"datetime": "2021-06-18 10:49:23", "elapsed": 5292.771007, "delta": 19.800119}}
{"target": -15.674172975616132, "params": {"C": 124156.13735673927, "gamma": 5.988642716241299}, "datetime": {"datetime": "2021-06-18 10:49:33", "elapsed": 5303.028968, "delta": 10.257961}}
{"target": -16.49184078652376, "params": {"C": 691890.4302076977, "gamma": 8.149321850408885}, "datetime": {"datetime": "2021-06-18 10:49:41", "elapsed": 5311.226845, "delta": 8.197877}}
{"target": -14.919260559315346, "params": {"C": 102.97313695359513, "gamma": 4.158465463675554}, "datetime": {"datetime": "2021-06-18 10:49:50", "elapsed": 5320.012275, "delta": 8.78543}}
{"target": -15.209386744347766, "params": {"C": 326645.6698612779, "gamma": 3.8412379920777853}, "datetime": {"datetime": "2021-06-18 10:50:04", "elapsed": 5334.308177, "delta": 14.295902}}
{"target": -10.944861348623892, "params": {"C": 158.88166112534128, "gamma": 0.3290637046382033}, "datetime": {"datetime": "2021-06-18 10:50:14", "elapsed": 5344.053486, "delta": 9.745309}}
{"target": -15.375407849795266, "params": {"C": 606348.4095449717, "gamma": 2.617818406728951}, "datetime": {"datetime": "2021-06-18 10:50:33", "elapsed": 5363.365821, "delta": 19.312335}}
{"target": -16.08554550402116, "params": {"C": 326634.314081727, "gamma": 7.122966686489959}, "datetime": {"datetime": "2021-06-18 10:50:42", "elapsed": 5371.970755, "delta": 8.604934}}
{"target": -16.645900951578305, "params": {"C": 807103.0551837722, "gamma": 1.4439498159175443}, "datetime": {"datetime": "2021-06-18 10:50:51", "elapsed": 5380.571663, "delta": 8.600908}}
{"target": -15.226497981682055, "params": {"C": 13958.152298885685, "gamma": 4.117862460540718}, "datetime": {"datetime": "2021-06-18 10:51:03", "elapsed": 5393.374666, "delta": 12.803003}}
{"target": -26.839968617556398, "params": {"C": 449927.20621004875, "gamma": 0.33100933338516425}, "datetime": {"datetime": "2021-06-18 10:51:18", "elapsed": 5407.871607, "delta": 14.496941}}
{"target": -15.524439171734114, "params": {"C": 408150.8638192296, "gamma": 2.380488932224718}, "datetime": {"datetime": "2021-06-18 10:51:31", "elapsed": 5420.907264, "delta": 13.035657}}
{"target": -15.629121097319812, "params": {"C": 195434.53717092134, "gamma": 5.856700053290486}, "datetime": {"datetime": "2021-06-18 10:51:46", "elapsed": 5435.634295, "delta": 14.727031}}
{"target": -15.802337417836654, "params": {"C": 186252.18186491795, "gamma": 6.365242321590195}, "datetime": {"datetime": "2021-06-18 10:52:03", "elapsed": 5452.948464, "delta": 17.314169}}
{"target": -14.55904006314341, "params": {"C": 163.8012438651552, "gamma": 2.0431090813714743}, "datetime": {"datetime": "2021-06-18 10:52:15", "elapsed": 5464.66373, "delta": 11.715266}}
{"target": -15.20146811447055, "params": {"C": 927512.2475820873, "gamma": 3.7087471236880303}, "datetime": {"datetime": "2021-06-18 10:52:34", "elapsed": 5484.099863, "delta": 19.436133}}
{"target": -16.01030570123442, "params": {"C": 211632.31716675786, "gamma": 1.8676889929529825}, "datetime": {"datetime": "2021-06-18 10:52:53", "elapsed": 5502.913473, "delta": 18.81361}}
{"target": -15.22436717868204, "params": {"C": 124162.492310113, "gamma": 4.068699466179111}, "datetime": {"datetime": "2021-06-18 10:53:06", "elapsed": 5515.763534, "delta": 12.850061}}
{"target": -15.227331846179776, "params": {"C": 629682.2629345584, "gamma": 4.109543794241225}, "datetime": {"datetime": "2021-06-18 10:53:21", "elapsed": 5530.794858, "delta": 15.031324}}
{"target": -14.424982214957405, "params": {"C": 152.80989350240077, "gamma": 1.5784641026118338}, "datetime": {"datetime": "2021-06-18 10:53:39", "elapsed": 5548.601362, "delta": 17.806504}}
{"target": -16.346742498192015, "params": {"C": 691885.672607208, "gamma": 1.6283583806833795}, "datetime": {"datetime": "2021-06-18 10:53:52", "elapsed": 5561.992051, "delta": 13.390689}}
{"target": -15.571238215219388, "params": {"C": 239871.71668128733, "gamma": 5.683820501538696}, "datetime": {"datetime": "2021-06-18 10:54:00", "elapsed": 5570.12346, "delta": 8.131409}}
{"target": -15.586918049186565, "params": {"C": 663800.6441071697, "gamma": 5.7305879333171434}, "datetime": {"datetime": "2021-06-18 10:54:13", "elapsed": 5583.235622, "delta": 13.112162}}
{"target": -15.194182643539596, "params": {"C": 103232.59562353934, "gamma": 3.579116035865532}, "datetime": {"datetime": "2021-06-18 10:54:22", "elapsed": 5592.088987, "delta": 8.853365}}
