{"target": -9.791894871133909, "params": {"C": 35.46416475935827, "gamma": 0.5245011035722412}, "datetime": {"datetime": "2021-06-21 09:16:00", "elapsed": 124.190121, "delta": 0.885044}}
{"target": -9.797582376742593, "params": {"C": 35.994402781750395, "gamma": 0.5189037804579424}, "datetime": {"datetime": "2021-06-21 09:16:01", "elapsed": 125.267435, "delta": 1.077314}}
{"target": -10.017189733192904, "params": {"C": 23.024617947009386, "gamma": 0.41147596137421955}, "datetime": {"datetime": "2021-06-21 09:16:02", "elapsed": 126.283436, "delta": 1.016001}}
{"target": -9.780100696011534, "params": {"C": 22.16095687305788, "gamma": 0.572164862376713}, "datetime": {"datetime": "2021-06-21 09:16:03", "elapsed": 127.218438, "delta": 0.935002}}
{"target": -9.83338022035573, "params": {"C": 23.218462782249816, "gamma": 0.7529211037117733}, "datetime": {"datetime": "2021-06-21 09:16:04", "elapsed": 128.199949, "delta": 0.981511}}
{"target": -9.767136292600467, "params": {"C": 29.284219007006683, "gamma": 0.5606093377237718}, "datetime": {"datetime": "2021-06-21 09:16:05", "elapsed": 129.395945, "delta": 1.195996}}
{"target": -10.044238429301117, "params": {"C": 46.97268104387053, "gamma": 0.36012375709557615}, "datetime": {"datetime": "2021-06-21 09:16:06", "elapsed": 130.545481, "delta": 1.149536}}
{"target": -9.856426917106992, "params": {"C": 46.66895703658054, "gamma": 0.6227458418394596}, "datetime": {"datetime": "2021-06-21 09:16:08", "elapsed": 131.708477, "delta": 1.162996}}
{"target": -9.748004675607959, "params": {"C": 26.50236352798927, "gamma": 0.5865877396085841}, "datetime": {"datetime": "2021-06-21 09:16:09", "elapsed": 132.852836, "delta": 1.144359}}
{"target": -9.79877682231237, "params": {"C": 24.509845141090132, "gamma": 0.7041419363339938}, "datetime": {"datetime": "2021-06-21 09:16:10", "elapsed": 133.700845, "delta": 0.848009}}
{"target": -9.835830263956382, "params": {"C": 34.38833476374346, "gamma": 0.6745972611984852}, "datetime": {"datetime": "2021-06-21 09:16:11", "elapsed": 134.748432, "delta": 1.047587}}
{"target": -9.7542369391928, "params": {"C": 33.9957571551023, "gamma": 0.5619106570259729}, "datetime": {"datetime": "2021-06-21 09:16:12", "elapsed": 135.764473, "delta": 1.016041}}
{"target": -9.769452184255146, "params": {"C": 27.844550323137057, "gamma": 0.5625988490589797}, "datetime": {"datetime": "2021-06-21 09:16:12", "elapsed": 136.562462, "delta": 0.797989}}
{"target": -9.796422066580162, "params": {"C": 31.512748855030495, "gamma": 0.6709628657345763}, "datetime": {"datetime": "2021-06-21 09:16:13", "elapsed": 137.430102, "delta": 0.86764}}
{"target": -9.75552450640457, "params": {"C": 28.178775745785813, "gamma": 0.5743449950933123}, "datetime": {"datetime": "2021-06-21 09:16:14", "elapsed": 138.261113, "delta": 0.831011}}
{"target": -9.768132860793354, "params": {"C": 27.601903728755687, "gamma": 0.5645213585929157}, "datetime": {"datetime": "2021-06-21 09:16:15", "elapsed": 139.225695, "delta": 0.964582}}
{"target": -9.770114404457443, "params": {"C": 23.641238458980794, "gamma": 0.5758891533537511}, "datetime": {"datetime": "2021-06-21 09:16:16", "elapsed": 140.121344, "delta": 0.895649}}
{"target": -9.760563317640997, "params": {"C": 26.225030085901786, "gamma": 0.6570007008038705}, "datetime": {"datetime": "2021-06-21 09:16:17", "elapsed": 141.313422, "delta": 1.192078}}
{"target": -9.78620598471639, "params": {"C": 30.871676648224692, "gamma": 0.5394942454955569}, "datetime": {"datetime": "2021-06-21 09:16:18", "elapsed": 142.27674, "delta": 0.963318}}
{"target": -9.895603218762808, "params": {"C": 36.8800245951954, "gamma": 0.690674799894972}, "datetime": {"datetime": "2021-06-21 09:16:19", "elapsed": 143.237787, "delta": 0.961047}}
{"target": -9.761095445676705, "params": {"C": 37.25635567014547, "gamma": 0.6205741822505507}, "datetime": {"datetime": "2021-06-21 09:16:20", "elapsed": 144.47644, "delta": 1.238653}}
{"target": -9.785246908687373, "params": {"C": 36.5761379397686, "gamma": 0.528002108541193}, "datetime": {"datetime": "2021-06-21 09:16:21", "elapsed": 145.385441, "delta": 0.909001}}
{"target": -10.112694534949874, "params": {"C": 20.915361864822845, "gamma": 0.9983935734985323}, "datetime": {"datetime": "2021-06-21 09:16:22", "elapsed": 146.627213, "delta": 1.241772}}
{"target": -9.798709802785451, "params": {"C": 46.21904847583913, "gamma": 0.51868831942497}, "datetime": {"datetime": "2021-06-21 09:16:23", "elapsed": 147.604332, "delta": 0.977119}}
{"target": -9.819230724238565, "params": {"C": 44.73509261128758, "gamma": 0.5935519510875866}, "datetime": {"datetime": "2021-06-21 09:16:24", "elapsed": 148.653321, "delta": 1.048989}}
{"target": -10.15718437441311, "params": {"C": 44.502513892365215, "gamma": 0.7654654315979721}, "datetime": {"datetime": "2021-06-21 09:16:25", "elapsed": 149.531351, "delta": 0.87803}}
{"target": -10.152417748397799, "params": {"C": 44.807154382314096, "gamma": 0.30869343825580325}, "datetime": {"datetime": "2021-06-21 09:16:27", "elapsed": 150.664659, "delta": 1.133308}}
{"target": -9.831412807959966, "params": {"C": 45.06358593352857, "gamma": 0.6112689640083966}, "datetime": {"datetime": "2021-06-21 09:16:28", "elapsed": 151.688072, "delta": 1.023413}}
{"target": -9.739614360534265, "params": {"C": 32.08602530681195, "gamma": 0.6315460689162236}, "datetime": {"datetime": "2021-06-21 09:16:29", "elapsed": 152.897693, "delta": 1.209621}}
{"target": -9.854552743926597, "params": {"C": 24.751116737453053, "gamma": 0.4999547752223304}, "datetime": {"datetime": "2021-06-21 09:16:30", "elapsed": 154.035509, "delta": 1.137816}}
{"target": -9.817969609349579, "params": {"C": 46.01708565830167, "gamma": 0.5689806928524119}, "datetime": {"datetime": "2021-06-21 09:16:31", "elapsed": 155.492135, "delta": 1.456626}}
{"target": -9.789066660763254, "params": {"C": 30.4298365169487, "gamma": 0.5380553970282074}, "datetime": {"datetime": "2021-06-21 09:16:33", "elapsed": 157.203272, "delta": 1.711137}}
{"target": -9.776430478975698, "params": {"C": 22.25659144339116, "gamma": 0.6735629155451968}, "datetime": {"datetime": "2021-06-21 09:16:34", "elapsed": 158.263788, "delta": 1.060516}}
{"target": -9.73383834540093, "params": {"C": 25.094554038660682, "gamma": 0.6102078927595743}, "datetime": {"datetime": "2021-06-21 09:16:35", "elapsed": 159.614496, "delta": 1.350708}}
{"target": -9.782746772528759, "params": {"C": 37.823582411235904, "gamma": 0.528298302082813}, "datetime": {"datetime": "2021-06-21 09:16:37", "elapsed": 160.872694, "delta": 1.258198}}
{"target": -9.806582337155218, "params": {"C": 27.100458016404797, "gamma": 0.531465292131071}, "datetime": {"datetime": "2021-06-21 09:16:38", "elapsed": 162.095294, "delta": 1.2226}}
{"target": -9.800093989529582, "params": {"C": 33.61114727825027, "gamma": 0.6603336202748962}, "datetime": {"datetime": "2021-06-21 09:16:39", "elapsed": 163.320533, "delta": 1.225239}}
{"target": -9.885319661860827, "params": {"C": 39.624773868355845, "gamma": 0.45540134881267497}, "datetime": {"datetime": "2021-06-21 09:16:40", "elapsed": 164.571761, "delta": 1.251228}}
{"target": -9.72090146519569, "params": {"C": 28.50233430796927, "gamma": 0.6084951639186631}, "datetime": {"datetime": "2021-06-21 09:16:41", "elapsed": 165.502757, "delta": 0.930996}}
{"target": -9.803739882427594, "params": {"C": 36.043086770657254, "gamma": 0.647990834920035}, "datetime": {"datetime": "2021-06-21 09:16:42", "elapsed": 166.565662, "delta": 1.062905}}
{"target": -9.792693746317914, "params": {"C": 36.32509809920968, "gamma": 0.5221604602406718}, "datetime": {"datetime": "2021-06-21 09:16:43", "elapsed": 167.635248, "delta": 1.069586}}
{"target": -9.740261856112454, "params": {"C": 35.13133390217018, "gamma": 0.5896483482597108}, "datetime": {"datetime": "2021-06-21 09:16:45", "elapsed": 168.970246, "delta": 1.334998}}
{"target": -10.266715090403002, "params": {"C": 21.893985323202156, "gamma": 0.3}, "datetime": {"datetime": "2021-06-21 09:16:46", "elapsed": 170.344251, "delta": 1.374005}}
{"target": -9.757330575099617, "params": {"C": 35.7161642428819, "gamma": 0.5582603951073828}, "datetime": {"datetime": "2021-06-21 09:16:47", "elapsed": 171.601287, "delta": 1.257036}}
{"target": -9.790735219367601, "params": {"C": 20.735399187310968, "gamma": 0.5679631965778189}, "datetime": {"datetime": "2021-06-21 09:16:49", "elapsed": 172.797896, "delta": 1.196609}}
{"target": -9.76038499952881, "params": {"C": 21.00681245137637, "gamma": 0.5969917963106257}, "datetime": {"datetime": "2021-06-21 09:16:50", "elapsed": 173.855896, "delta": 1.058}}
{"target": -9.834499988187016, "params": {"C": 29.751724981695496, "gamma": 0.7055894662420303}, "datetime": {"datetime": "2021-06-21 09:16:51", "elapsed": 175.162663, "delta": 1.306767}}
{"target": -9.780810154532567, "params": {"C": 29.50245918399031, "gamma": 0.5477449277572406}, "datetime": {"datetime": "2021-06-21 09:16:52", "elapsed": 176.361665, "delta": 1.199002}}
{"target": -9.786849661191187, "params": {"C": 29.723902971327817, "gamma": 0.5417931560587255}, "datetime": {"datetime": "2021-06-21 09:16:54", "elapsed": 178.017342, "delta": 1.655677}}
{"target": -10.51289082421517, "params": {"C": 48.505843992292675, "gamma": 0.9881435300312915}, "datetime": {"datetime": "2021-06-21 09:16:55", "elapsed": 179.034309, "delta": 1.016967}}
{"target": -9.962404841862552, "params": {"C": 39.829513942632005, "gamma": 0.7010441859140772}, "datetime": {"datetime": "2021-06-21 09:16:57", "elapsed": 180.839345, "delta": 1.805036}}
{"target": -9.792086710563284, "params": {"C": 40.21305241332422, "gamma": 0.5166732717173886}, "datetime": {"datetime": "2021-06-21 09:16:58", "elapsed": 182.148307, "delta": 1.308962}}
{"target": -10.01234272851335, "params": {"C": 39.302282608521466, "gamma": 0.7266653952387819}, "datetime": {"datetime": "2021-06-21 09:16:59", "elapsed": 183.345936, "delta": 1.197629}}
{"target": -9.83128747340766, "params": {"C": 39.08423736459751, "gamma": 0.4891028401717713}, "datetime": {"datetime": "2021-06-21 09:17:00", "elapsed": 184.489929, "delta": 1.143993}}
{"target": -9.816018622821474, "params": {"C": 41.00647069628663, "gamma": 0.4965194380403564}, "datetime": {"datetime": "2021-06-21 09:17:02", "elapsed": 185.823928, "delta": 1.333999}}
{"target": -9.943493035989508, "params": {"C": 44.87345302027814, "gamma": 0.6648867103811886}, "datetime": {"datetime": "2021-06-21 09:17:03", "elapsed": 187.073936, "delta": 1.250008}}
{"target": -9.810196312449424, "params": {"C": 45.34567304558052, "gamma": 0.5670096719653497}, "datetime": {"datetime": "2021-06-21 09:17:04", "elapsed": 188.116574, "delta": 1.042638}}
{"target": -9.792543260400867, "params": {"C": 42.58338631871369, "gamma": 0.5839255397109882}, "datetime": {"datetime": "2021-06-21 09:17:06", "elapsed": 189.681611, "delta": 1.565037}}
{"target": -9.806375726213608, "params": {"C": 42.959362418757294, "gamma": 0.601950535212568}, "datetime": {"datetime": "2021-06-21 09:17:06", "elapsed": 190.648574, "delta": 0.966963}}
{"target": -9.814979536779191, "params": {"C": 42.78218362759613, "gamma": 0.6197977008906992}, "datetime": {"datetime": "2021-06-21 09:17:08", "elapsed": 191.728573, "delta": 1.079999}}
{"target": -9.815632935920126, "params": {"C": 44.07579710520231, "gamma": 0.5986624016762091}, "datetime": {"datetime": "2021-06-21 09:17:09", "elapsed": 192.736817, "delta": 1.008244}}
{"target": -9.817115367158486, "params": {"C": 43.781692938560454, "gamma": 0.6069810823829376}, "datetime": {"datetime": "2021-06-21 09:17:10", "elapsed": 193.796819, "delta": 1.060002}}
{"target": -9.791466499319302, "params": {"C": 44.49795855857341, "gamma": 0.5257019913337738}, "datetime": {"datetime": "2021-06-21 09:17:11", "elapsed": 195.017809, "delta": 1.22099}}
{"target": -9.774057000208566, "params": {"C": 42.3194054130673, "gamma": 0.551781202160917}, "datetime": {"datetime": "2021-06-21 09:17:12", "elapsed": 196.238849, "delta": 1.22104}}
{"target": -9.79335430188765, "params": {"C": 28.95523259839082, "gamma": 0.5380120008491}, "datetime": {"datetime": "2021-06-21 09:17:13", "elapsed": 197.485396, "delta": 1.246547}}
{"target": -9.810808071960306, "params": {"C": 23.619328740856258, "gamma": 0.7201089385136654}, "datetime": {"datetime": "2021-06-21 09:17:14", "elapsed": 198.533404, "delta": 1.048008}}
{"target": -9.768237795771546, "params": {"C": 23.293596689924854, "gamma": 0.5789795355693326}, "datetime": {"datetime": "2021-06-21 09:17:16", "elapsed": 199.698594, "delta": 1.16519}}
{"target": -9.769859180344918, "params": {"C": 31.924385607245107, "gamma": 0.5513795379677879}, "datetime": {"datetime": "2021-06-21 09:17:17", "elapsed": 200.808591, "delta": 1.109997}}
{"target": -9.861518671027754, "params": {"C": 35.176433453629606, "gamma": 0.6838529299358576}, "datetime": {"datetime": "2021-06-21 09:17:18", "elapsed": 201.833464, "delta": 1.024873}}
{"target": -9.800484028233274, "params": {"C": 34.876669861545246, "gamma": 0.5186859508133825}, "datetime": {"datetime": "2021-06-21 09:17:19", "elapsed": 203.074163, "delta": 1.240699}}
{"target": -9.77039706143793, "params": {"C": 22.657278183708723, "gamma": 0.5794125047715082}, "datetime": {"datetime": "2021-06-21 09:17:20", "elapsed": 204.594426, "delta": 1.520263}}
{"target": -9.758594003479217, "params": {"C": 28.6580197705711, "gamma": 0.5701281531099495}, "datetime": {"datetime": "2021-06-21 09:17:21", "elapsed": 205.631188, "delta": 1.036762}}
{"target": -10.03471930717929, "params": {"C": 38.49580070784906, "gamma": 0.7427768060934983}, "datetime": {"datetime": "2021-06-21 09:17:23", "elapsed": 206.895498, "delta": 1.26431}}
{"target": -9.790699783138612, "params": {"C": 38.41422048980295, "gamma": 0.5201312560278412}, "datetime": {"datetime": "2021-06-21 09:17:24", "elapsed": 208.558103, "delta": 1.662605}}
{"target": -9.804865500600563, "params": {"C": 38.16865332414181, "gamma": 0.5094540681586116}, "datetime": {"datetime": "2021-06-21 09:17:26", "elapsed": 210.281055, "delta": 1.722952}}
{"target": -9.866003764036403, "params": {"C": 49.212843537838346, "gamma": 0.6058452714726}, "datetime": {"datetime": "2021-06-21 09:17:27", "elapsed": 211.445057, "delta": 1.164002}}
{"target": -9.783430604975901, "params": {"C": 34.19017556761503, "gamma": 0.5343803273181601}, "datetime": {"datetime": "2021-06-21 09:17:28", "elapsed": 212.56961, "delta": 1.124553}}
{"target": -9.875000136204658, "params": {"C": 47.69625621705553, "gamma": 0.4525742488996921}, "datetime": {"datetime": "2021-06-21 09:17:30", "elapsed": 213.807649, "delta": 1.238039}}
{"target": -9.800290273077023, "params": {"C": 24.816954952777962, "gamma": 0.7061136210125769}, "datetime": {"datetime": "2021-06-21 09:17:32", "elapsed": 215.667607, "delta": 1.859958}}
{"target": -9.763653921797593, "params": {"C": 26.82074450174776, "gamma": 0.5710270825514372}, "datetime": {"datetime": "2021-06-21 09:17:33", "elapsed": 216.813602, "delta": 1.145995}}
{"target": -9.828289818565526, "params": {"C": 40.31405324341686, "gamma": 0.6378781947908972}, "datetime": {"datetime": "2021-06-21 09:17:35", "elapsed": 218.685776, "delta": 1.872174}}
{"target": -9.791318550242641, "params": {"C": 39.96044588625501, "gamma": 0.5176387753379211}, "datetime": {"datetime": "2021-06-21 09:17:36", "elapsed": 220.525772, "delta": 1.839996}}
{"target": -9.80553662925336, "params": {"C": 33.80388366291194, "gamma": 0.5167543092334173}, "datetime": {"datetime": "2021-06-21 09:17:38", "elapsed": 222.413776, "delta": 1.888004}}
{"target": -9.749782344643151, "params": {"C": 37.1392427262152, "gamma": 0.5788090952565991}, "datetime": {"datetime": "2021-06-21 09:17:39", "elapsed": 223.642471, "delta": 1.228695}}
{"target": -9.779217946816528, "params": {"C": 20.308748878041776, "gamma": 0.6548563631853098}, "datetime": {"datetime": "2021-06-21 09:17:41", "elapsed": 225.300775, "delta": 1.658304}}
{"target": -9.78379678486519, "params": {"C": 38.697876899349644, "gamma": 0.5260587402454695}, "datetime": {"datetime": "2021-06-21 09:17:43", "elapsed": 227.136797, "delta": 1.836022}}
{"target": -9.75741721407572, "params": {"C": 37.48532625935652, "gamma": 0.5655246643191493}, "datetime": {"datetime": "2021-06-21 09:17:45", "elapsed": 228.757567, "delta": 1.62077}}
{"target": -9.773897781905454, "params": {"C": 30.28699218740572, "gamma": 0.6655676464859208}, "datetime": {"datetime": "2021-06-21 09:17:47", "elapsed": 231.039162, "delta": 2.281595}}
{"target": -9.78972475832845, "params": {"C": 27.635925821640324, "gamma": 0.6920243737039173}, "datetime": {"datetime": "2021-06-21 09:17:48", "elapsed": 232.351865, "delta": 1.312703}}
{"target": -9.840425322247798, "params": {"C": 48.97942986799714, "gamma": 0.560184380091028}, "datetime": {"datetime": "2021-06-21 09:17:49", "elapsed": 233.658377, "delta": 1.306512}}
{"target": -9.785193630395938, "params": {"C": 42.06019703023382, "gamma": 0.5278549261436967}, "datetime": {"datetime": "2021-06-21 09:17:51", "elapsed": 235.026328, "delta": 1.367951}}
{"target": -9.776443682393296, "params": {"C": 41.26131231723391, "gamma": 0.5428386347008857}, "datetime": {"datetime": "2021-06-21 09:17:52", "elapsed": 236.400197, "delta": 1.373869}}
{"target": -9.787084121645686, "params": {"C": 21.503854816179835, "gamma": 0.6892082580247698}, "datetime": {"datetime": "2021-06-21 09:17:54", "elapsed": 238.275615, "delta": 1.875418}}
{"target": -9.982502222690751, "params": {"C": 46.128429496692185, "gamma": 0.3929269674988702}, "datetime": {"datetime": "2021-06-21 09:17:56", "elapsed": 239.677466, "delta": 1.401851}}
{"target": -9.8397083892461, "params": {"C": 46.40869210072449, "gamma": 0.6025128414716553}, "datetime": {"datetime": "2021-06-21 09:17:58", "elapsed": 241.694471, "delta": 2.017005}}
{"target": -9.74590048689495, "params": {"C": 34.68958041671697, "gamma": 0.5773275742919375}, "datetime": {"datetime": "2021-06-21 09:17:59", "elapsed": 243.441173, "delta": 1.746702}}
{"target": -9.80261571291941, "params": {"C": 25.887015734825727, "gamma": 0.7091717305742782}, "datetime": {"datetime": "2021-06-21 09:18:01", "elapsed": 245.089565, "delta": 1.648392}}
{"target": -9.764627512057976, "params": {"C": 25.875406235675854, "gamma": 0.5731760398227222}, "datetime": {"datetime": "2021-06-21 09:18:03", "elapsed": 246.839692, "delta": 1.750127}}
{"target": -9.779927462734573, "params": {"C": 33.39930248599764, "gamma": 0.5391331428712438}, "datetime": {"datetime": "2021-06-21 09:18:04", "elapsed": 248.375092, "delta": 1.5354}}
{"target": -9.835205995344069, "params": {"C": 30.789663096335524, "gamma": 0.6983310670024768}, "datetime": {"datetime": "2021-06-21 09:18:06", "elapsed": 250.169693, "delta": 1.794601}}
{"target": -9.752354766588873, "params": {"C": 30.63825546370324, "gamma": 0.5704401676319222}, "datetime": {"datetime": "2021-06-21 09:18:08", "elapsed": 251.733196, "delta": 1.563503}}
{"target": -9.728723046650417, "params": {"C": 31.10801235570583, "gamma": 0.598087869844371}, "datetime": {"datetime": "2021-06-21 09:18:09", "elapsed": 253.075675, "delta": 1.342479}}
{"target": -9.73859020655797, "params": {"C": 29.12780410309317, "gamma": 0.631732805266217}, "datetime": {"datetime": "2021-06-21 09:18:10", "elapsed": 254.623607, "delta": 1.547932}}
{"target": -9.776481645828024, "params": {"C": 39.310285287158116, "gamma": 0.5336492338684389}, "datetime": {"datetime": "2021-06-21 09:18:12", "elapsed": 256.310602, "delta": 1.686995}}
{"target": -9.774272944327837, "params": {"C": 28.161880989480093, "gamma": 0.6725597450655297}, "datetime": {"datetime": "2021-06-21 09:18:14", "elapsed": 258.157813, "delta": 1.847211}}
{"target": -9.778023844549281, "params": {"C": 22.40333696525047, "gamma": 0.5731694442132304}, "datetime": {"datetime": "2021-06-21 09:18:16", "elapsed": 260.059814, "delta": 1.902001}}
{"target": -9.858742110172544, "params": {"C": 20.142189373029677, "gamma": 0.7917241128773493}, "datetime": {"datetime": "2021-06-21 09:18:18", "elapsed": 261.791438, "delta": 1.731624}}
{"target": -9.762839604314987, "params": {"C": 24.476165742451425, "gamma": 0.5796814722901259}, "datetime": {"datetime": "2021-06-21 09:18:19", "elapsed": 263.12103, "delta": 1.329592}}
{"target": -9.780065427650076, "params": {"C": 25.061958320320127, "gamma": 0.6804540901318292}, "datetime": {"datetime": "2021-06-21 09:18:21", "elapsed": 264.703459, "delta": 1.582429}}
{"target": -9.79343667749803, "params": {"C": 43.56286986308173, "gamma": 0.5175393860275106}, "datetime": {"datetime": "2021-06-21 09:18:22", "elapsed": 266.340753, "delta": 1.637294}}
{"target": -9.783099103498923, "params": {"C": 43.23717959204956, "gamma": 0.5542868507370738}, "datetime": {"datetime": "2021-06-21 09:18:24", "elapsed": 268.51917, "delta": 2.178417}}
{"target": -9.724298540976639, "params": {"C": 32.75416372133277, "gamma": 0.6129856799181772}, "datetime": {"datetime": "2021-06-21 09:18:26", "elapsed": 270.509973, "delta": 1.990803}}
{"target": -9.803547446835347, "params": {"C": 32.86942979131967, "gamma": 0.6667742088065728}, "datetime": {"datetime": "2021-06-21 09:18:28", "elapsed": 271.900712, "delta": 1.390739}}
{"target": -9.785060689650136, "params": {"C": 35.20925256364551, "gamma": 0.5308616114422365}, "datetime": {"datetime": "2021-06-21 09:18:29", "elapsed": 273.264948, "delta": 1.364236}}
{"target": -9.771481500440062, "params": {"C": 20.87396396919691, "gamma": 0.6432267570840493}, "datetime": {"datetime": "2021-06-21 09:18:31", "elapsed": 275.013906, "delta": 1.748958}}
{"target": -9.805721188425549, "params": {"C": 23.847019376243676, "gamma": 0.54208900486588}, "datetime": {"datetime": "2021-06-21 09:18:32", "elapsed": 276.321555, "delta": 1.307649}}
{"target": -9.748979838242061, "params": {"C": 27.33683726805124, "gamma": 0.5829729243083307}, "datetime": {"datetime": "2021-06-21 09:18:34", "elapsed": 277.715859, "delta": 1.394304}}
