{"target": -9.874435694140736, "params": {"C": 19.999999911867942, "gamma": 0.4999984237701153}, "datetime": {"datetime": "2021-06-21 08:50:02", "elapsed": 391.010556, "delta": 1.826599}}
{"target": -9.878924251875468, "params": {"C": 19.680817603895875, "gamma": 0.4991425408472463}, "datetime": {"datetime": "2021-06-21 08:50:04", "elapsed": 393.28216, "delta": 2.271604}}
{"target": -9.877539349666977, "params": {"C": 19.853010035145445, "gamma": 0.49904033749444343}, "datetime": {"datetime": "2021-06-21 08:50:06", "elapsed": 395.780794, "delta": 2.498634}}
{"target": -9.877539349666977, "params": {"C": 19.853010035145445, "gamma": 0.49904033749444343}, "datetime": {"datetime": "2021-06-21 08:50:08", "elapsed": 397.262796, "delta": 1.482002}}
{"target": -9.877539349666977, "params": {"C": 19.853010035145445, "gamma": 0.49904033749444343}, "datetime": {"datetime": "2021-06-21 08:50:10", "elapsed": 399.463492, "delta": 2.200696}}
{"target": -9.877539349666977, "params": {"C": 19.853010035145445, "gamma": 0.49904033749444343}, "datetime": {"datetime": "2021-06-21 08:50:11", "elapsed": 400.862131, "delta": 1.398639}}
{"target": -9.877539349666977, "params": {"C": 19.853010035145445, "gamma": 0.49904033749444343}, "datetime": {"datetime": "2021-06-21 08:50:14", "elapsed": 403.105728, "delta": 2.243597}}
{"target": -9.879536035481843, "params": {"C": 19.93293597969739, "gamma": 0.49756065034371033}, "datetime": {"datetime": "2021-06-21 08:50:16", "elapsed": 405.75141, "delta": 2.645682}}
{"target": -9.879092209911065, "params": {"C": 19.503992405645, "gamma": 0.499939745773615}, "datetime": {"datetime": "2021-06-21 08:50:19", "elapsed": 408.108055, "delta": 2.356645}}
{"target": -9.879092209911065, "params": {"C": 19.503992405645, "gamma": 0.499939745773615}, "datetime": {"datetime": "2021-06-21 08:50:20", "elapsed": 409.81664, "delta": 1.708585}}
{"target": -9.876986475545005, "params": {"C": 19.905352310270374, "gamma": 0.49908185163882707}, "datetime": {"datetime": "2021-06-21 08:50:22", "elapsed": 411.986677, "delta": 2.170037}}
{"target": -9.874432950122653, "params": {"C": 19.99999937830659, "gamma": 0.4999999137069555}, "datetime": {"datetime": "2021-06-21 08:50:25", "elapsed": 414.406504, "delta": 2.419827}}
{"target": -9.876711842557224, "params": {"C": 19.892044800387218, "gamma": 0.49929692032870393}, "datetime": {"datetime": "2021-06-21 08:50:27", "elapsed": 416.595655, "delta": 2.189151}}
{"target": -9.876536910650183, "params": {"C": 19.891882272428262, "gamma": 0.49939278936628567}, "datetime": {"datetime": "2021-06-21 08:50:29", "elapsed": 418.915254, "delta": 2.319599}}
{"target": -9.876536910650183, "params": {"C": 19.891882272428262, "gamma": 0.49939278936628567}, "datetime": {"datetime": "2021-06-21 08:50:31", "elapsed": 420.519859, "delta": 1.604605}}
{"target": -9.874995061645622, "params": {"C": 19.939206907293197, "gamma": 0.4999957274027723}, "datetime": {"datetime": "2021-06-21 08:50:33", "elapsed": 422.956537, "delta": 2.436678}}
{"target": -9.875255390913042, "params": {"C": 19.944272879894324, "gamma": 0.4998293605765412}, "datetime": {"datetime": "2021-06-21 08:50:36", "elapsed": 425.709766, "delta": 2.753229}}
{"target": -9.875406343745356, "params": {"C": 19.97445175822871, "gamma": 0.4995982851263772}, "datetime": {"datetime": "2021-06-21 08:50:39", "elapsed": 428.371492, "delta": 2.661726}}
{"target": -9.875406343745356, "params": {"C": 19.97445175822871, "gamma": 0.4995982851263772}, "datetime": {"datetime": "2021-06-21 08:50:42", "elapsed": 431.155096, "delta": 2.783604}}
{"target": -9.877264076516987, "params": {"C": 19.891792000127843, "gamma": 0.4989980409583089}, "datetime": {"datetime": "2021-06-21 08:50:44", "elapsed": 433.788086, "delta": 2.63299}}
{"target": -9.880181413418534, "params": {"C": 19.46524852511004, "gamma": 0.49953855677581394}, "datetime": {"datetime": "2021-06-21 08:50:47", "elapsed": 436.403831, "delta": 2.615745}}
{"target": -9.880181413418534, "params": {"C": 19.46524852511004, "gamma": 0.49953855677581394}, "datetime": {"datetime": "2021-06-21 08:50:49", "elapsed": 438.061479, "delta": 1.657648}}
{"target": -9.879347181085407, "params": {"C": 19.954722409198496, "gamma": 0.4975563920919198}, "datetime": {"datetime": "2021-06-21 08:50:51", "elapsed": 440.570166, "delta": 2.508687}}
{"target": -9.877416282194588, "params": {"C": 19.873364152449742, "gamma": 0.49900646676030513}, "datetime": {"datetime": "2021-06-21 08:50:53", "elapsed": 442.631165, "delta": 2.060999}}
{"target": -9.874432981821707, "params": {"C": 19.999999999941444, "gamma": 0.4999998934572101}, "datetime": {"datetime": "2021-06-21 08:50:55", "elapsed": 444.983471, "delta": 2.352306}}
{"target": -9.876401891969985, "params": {"C": 19.859087345523086, "gamma": 0.49962881451534086}, "datetime": {"datetime": "2021-06-21 08:50:58", "elapsed": 447.593473, "delta": 2.610002}}
{"target": -9.878764925389508, "params": {"C": 19.98351009518261, "gamma": 0.4977314504111333}, "datetime": {"datetime": "2021-06-21 08:51:01", "elapsed": 450.046866, "delta": 2.453393}}
{"target": -9.880578162052654, "params": {"C": 19.596002018091404, "gamma": 0.49866294185520016}, "datetime": {"datetime": "2021-06-21 08:51:03", "elapsed": 452.216866, "delta": 2.17}}
{"target": -9.880578162052654, "params": {"C": 19.596002018091404, "gamma": 0.49866294185520016}, "datetime": {"datetime": "2021-06-21 08:51:05", "elapsed": 454.228995, "delta": 2.012129}}
{"target": -9.880578162052654, "params": {"C": 19.596002018091404, "gamma": 0.49866294185520016}, "datetime": {"datetime": "2021-06-21 08:51:08", "elapsed": 457.282138, "delta": 3.053143}}
{"target": -9.88093938039408, "params": {"C": 19.404741394063524, "gamma": 0.49942897329385627}, "datetime": {"datetime": "2021-06-21 08:51:11", "elapsed": 460.413437, "delta": 3.131299}}
{"target": -9.879059381306158, "params": {"C": 19.50980120588592, "gamma": 0.4999283594679068}, "datetime": {"datetime": "2021-06-21 08:51:13", "elapsed": 462.468435, "delta": 2.054998}}
{"target": -9.880335507111933, "params": {"C": 19.479939500313122, "gamma": 0.4993797637140128}, "datetime": {"datetime": "2021-06-21 08:51:16", "elapsed": 465.09102, "delta": 2.622585}}
{"target": -9.87761838986188, "params": {"C": 19.80414069378514, "gamma": 0.49923985613999566}, "datetime": {"datetime": "2021-06-21 08:51:18", "elapsed": 467.438022, "delta": 2.347002}}
{"target": -9.877454461590053, "params": {"C": 19.763891993997248, "gamma": 0.49952952433221554}, "datetime": {"datetime": "2021-06-21 08:51:20", "elapsed": 469.782622, "delta": 2.3446}}
{"target": -9.878867699731982, "params": {"C": 19.907794627959483, "gamma": 0.4980474462270839}, "datetime": {"datetime": "2021-06-21 08:51:23", "elapsed": 472.001624, "delta": 2.219002}}
{"target": -9.87798837928482, "params": {"C": 19.87312145760429, "gamma": 0.4986965738116428}, "datetime": {"datetime": "2021-06-21 08:51:25", "elapsed": 474.431238, "delta": 2.429614}}
{"target": -9.8770558731175, "params": {"C": 19.98133475232011, "gamma": 0.4986695401346099}, "datetime": {"datetime": "2021-06-21 08:51:27", "elapsed": 476.679238, "delta": 2.248}}
{"target": -9.875795124054623, "params": {"C": 19.864272003780485, "gamma": 0.49993295232462137}, "datetime": {"datetime": "2021-06-21 08:51:31", "elapsed": 480.049081, "delta": 3.369843}}
{"target": -9.878943277156486, "params": {"C": 19.854596728279283, "gamma": 0.49826867017949444}, "datetime": {"datetime": "2021-06-21 08:51:33", "elapsed": 482.956851, "delta": 2.90777}}
{"target": -9.879425711454472, "params": {"C": 19.836101342133, "gamma": 0.49809746192004056}, "datetime": {"datetime": "2021-06-21 08:51:36", "elapsed": 485.518854, "delta": 2.562003}}
{"target": -9.878925834597583, "params": {"C": 19.652307639069157, "gamma": 0.4992843222979234}, "datetime": {"datetime": "2021-06-21 08:51:39", "elapsed": 488.298153, "delta": 2.779299}}
{"target": -9.879616871041765, "params": {"C": 19.680365346011328, "gamma": 0.49876658442134225}, "datetime": {"datetime": "2021-06-21 08:51:42", "elapsed": 491.666158, "delta": 3.368005}}
{"target": -9.879616871041765, "params": {"C": 19.680365346011328, "gamma": 0.49876658442134225}, "datetime": {"datetime": "2021-06-21 08:51:44", "elapsed": 493.851789, "delta": 2.185631}}
{"target": -9.879616871041765, "params": {"C": 19.680365346011328, "gamma": 0.49876658442134225}, "datetime": {"datetime": "2021-06-21 08:51:46", "elapsed": 495.779303, "delta": 1.927514}}
{"target": -9.876489588459226, "params": {"C": 19.91256188898963, "gamma": 0.49931614452113343}, "datetime": {"datetime": "2021-06-21 08:51:49", "elapsed": 498.332429, "delta": 2.553126}}
{"target": -9.876489588459226, "params": {"C": 19.91256188898963, "gamma": 0.49931614452113343}, "datetime": {"datetime": "2021-06-21 08:51:51", "elapsed": 500.431428, "delta": 2.098999}}
{"target": -9.877705114138683, "params": {"C": 19.855201633201446, "gamma": 0.49893930953265636}, "datetime": {"datetime": "2021-06-21 08:51:54", "elapsed": 503.069187, "delta": 2.637759}}
{"target": -9.877705114138683, "params": {"C": 19.855201633201446, "gamma": 0.49893930953265636}, "datetime": {"datetime": "2021-06-21 08:51:55", "elapsed": 504.496192, "delta": 1.427005}}
{"target": -9.876770051800086, "params": {"C": 19.9926261113374, "gamma": 0.4987690672496105}, "datetime": {"datetime": "2021-06-21 08:51:57", "elapsed": 506.713503, "delta": 2.217311}}
{"target": -9.876770051800086, "params": {"C": 19.9926261113374, "gamma": 0.4987690672496105}, "datetime": {"datetime": "2021-06-21 08:52:00", "elapsed": 509.107461, "delta": 2.393958}}
{"target": -9.880083973763526, "params": {"C": 19.970731645045205, "gamma": 0.49707786619685734}, "datetime": {"datetime": "2021-06-21 08:52:02", "elapsed": 511.639461, "delta": 2.532}}
{"target": -9.880083973763526, "params": {"C": 19.970731645045205, "gamma": 0.49707786619685734}, "datetime": {"datetime": "2021-06-21 08:52:05", "elapsed": 514.294075, "delta": 2.654614}}
{"target": -9.879151632827355, "params": {"C": 19.55789947317779, "gamma": 0.49963507842130683}, "datetime": {"datetime": "2021-06-21 08:52:08", "elapsed": 517.514076, "delta": 3.220001}}
{"target": -9.876671967616222, "params": {"C": 19.848603523011732, "gamma": 0.4995339973552247}, "datetime": {"datetime": "2021-06-21 08:52:12", "elapsed": 521.06668, "delta": 3.552604}}
{"target": -9.877525500101438, "params": {"C": 19.81976153657063, "gamma": 0.49921281293341235}, "datetime": {"datetime": "2021-06-21 08:52:15", "elapsed": 524.117433, "delta": 3.050753}}
{"target": -9.884246591240833, "params": {"C": 19.077121418540386, "gamma": 0.49927985429761756}, "datetime": {"datetime": "2021-06-21 08:52:17", "elapsed": 526.599432, "delta": 2.481999}}
{"target": -9.874489633266982, "params": {"C": 19.994698896224378, "gamma": 0.49999537067356886}, "datetime": {"datetime": "2021-06-21 08:52:19", "elapsed": 528.951031, "delta": 2.351599}}
{"target": -9.877739694004978, "params": {"C": 19.99285111278477, "gamma": 0.4982419777594463}, "datetime": {"datetime": "2021-06-21 08:52:23", "elapsed": 532.389031, "delta": 3.438}}
{"target": -9.879989621668093, "params": {"C": 19.56705477378693, "gamma": 0.4991302943071757}, "datetime": {"datetime": "2021-06-21 08:52:26", "elapsed": 535.240202, "delta": 2.851171}}
{"target": -9.877122802633826, "params": {"C": 19.775372818448922, "gamma": 0.4996529794663506}, "datetime": {"datetime": "2021-06-21 08:52:29", "elapsed": 538.856872, "delta": 3.61667}}
{"target": -9.877122802633826, "params": {"C": 19.775372818448922, "gamma": 0.4996529794663506}, "datetime": {"datetime": "2021-06-21 08:52:32", "elapsed": 541.837873, "delta": 2.981001}}
{"target": -9.877122802633826, "params": {"C": 19.775372818448922, "gamma": 0.4996529794663506}, "datetime": {"datetime": "2021-06-21 08:52:36", "elapsed": 545.413533, "delta": 3.57566}}
{"target": -9.880552861175785, "params": {"C": 19.642075067568356, "gamma": 0.49844633376444375}, "datetime": {"datetime": "2021-06-21 08:52:40", "elapsed": 549.064907, "delta": 3.651374}}
{"target": -9.877945581649618, "params": {"C": 19.916553711737976, "gamma": 0.4985054298329767}, "datetime": {"datetime": "2021-06-21 08:52:42", "elapsed": 551.804905, "delta": 2.739998}}
{"target": -9.874432785249958, "params": {"C": 20.0, "gamma": 0.4999999999999761}, "datetime": {"datetime": "2021-06-21 08:52:45", "elapsed": 554.938091, "delta": 3.133186}}
{"target": -9.881038221910998, "params": {"C": 19.540205874361412, "gamma": 0.49869095743833947}, "datetime": {"datetime": "2021-06-21 08:52:48", "elapsed": 557.948695, "delta": 3.010604}}
{"target": -9.88291055272267, "params": {"C": 19.83815931785933, "gamma": 0.4961893309197388}, "datetime": {"datetime": "2021-06-21 08:52:51", "elapsed": 560.863696, "delta": 2.915001}}
{"target": -9.879639751968915, "params": {"C": 19.589275769147825, "gamma": 0.49921012564271394}, "datetime": {"datetime": "2021-06-21 08:52:54", "elapsed": 563.467349, "delta": 2.603653}}
{"target": -9.878066853852445, "params": {"C": 19.645679037269243, "gamma": 0.4997868199956041}, "datetime": {"datetime": "2021-06-21 08:52:57", "elapsed": 566.702356, "delta": 3.235007}}
{"target": -9.878066853852445, "params": {"C": 19.645679037269243, "gamma": 0.4997868199956041}, "datetime": {"datetime": "2021-06-21 08:53:00", "elapsed": 569.243014, "delta": 2.540658}}
{"target": -9.87458836252928, "params": {"C": 19.990743079137133, "gamma": 0.4999613917192853}, "datetime": {"datetime": "2021-06-21 08:53:02", "elapsed": 571.715011, "delta": 2.471997}}
{"target": -9.87669141216897, "params": {"C": 19.831892225906827, "gamma": 0.49960645116718977}, "datetime": {"datetime": "2021-06-21 08:53:06", "elapsed": 575.218626, "delta": 3.503615}}
{"target": -9.882544787806665, "params": {"C": 19.993277728433128, "gamma": 0.4956315015214391}, "datetime": {"datetime": "2021-06-21 08:53:08", "elapsed": 577.758225, "delta": 2.539599}}
{"target": -9.876053250214383, "params": {"C": 19.84214268023252, "gamma": 0.4999026280660154}, "datetime": {"datetime": "2021-06-21 08:53:12", "elapsed": 581.076223, "delta": 3.317998}}
{"target": -9.876053250214383, "params": {"C": 19.84214268023252, "gamma": 0.4999026280660154}, "datetime": {"datetime": "2021-06-21 08:53:14", "elapsed": 583.485155, "delta": 2.408932}}
{"target": -9.87909775107197, "params": {"C": 19.57843942311472, "gamma": 0.49956114684528935}, "datetime": {"datetime": "2021-06-21 08:53:17", "elapsed": 586.69116, "delta": 3.206005}}
{"target": -9.874763064786523, "params": {"C": 19.992154592766802, "gamma": 0.4998597074744966}, "datetime": {"datetime": "2021-06-21 08:53:21", "elapsed": 590.533809, "delta": 3.842649}}
{"target": -9.874763064786523, "params": {"C": 19.992154592766802, "gamma": 0.4998597074744966}, "datetime": {"datetime": "2021-06-21 08:53:23", "elapsed": 592.925405, "delta": 2.391596}}
{"target": -9.879138730785588, "params": {"C": 19.90419244737312, "gamma": 0.4979178419884225}, "datetime": {"datetime": "2021-06-21 08:53:27", "elapsed": 596.044404, "delta": 3.118999}}
{"target": -9.876110306658166, "params": {"C": 19.870919317950207, "gamma": 0.4997285986124781}, "datetime": {"datetime": "2021-06-21 08:53:29", "elapsed": 598.343012, "delta": 2.298608}}
{"target": -9.87667057095069, "params": {"C": 19.852165696920288, "gamma": 0.49951706976875104}, "datetime": {"datetime": "2021-06-21 08:53:31", "elapsed": 600.626011, "delta": 2.282999}}
{"target": -9.87667057095069, "params": {"C": 19.852165696920288, "gamma": 0.49951706976875104}, "datetime": {"datetime": "2021-06-21 08:53:33", "elapsed": 602.532008, "delta": 1.905997}}
{"target": -9.88272243564457, "params": {"C": 19.329178614932736, "gamma": 0.4988319687132021}, "datetime": {"datetime": "2021-06-21 08:53:36", "elapsed": 605.276652, "delta": 2.744644}}
{"target": -9.88272243564457, "params": {"C": 19.329178614932736, "gamma": 0.4988319687132021}, "datetime": {"datetime": "2021-06-21 08:53:38", "elapsed": 607.99492, "delta": 2.718268}}
{"target": -9.876536621076804, "params": {"C": 19.957461360813312, "gamma": 0.4990688645141349}, "datetime": {"datetime": "2021-06-21 08:53:42", "elapsed": 611.193881, "delta": 3.198961}}
{"target": -9.879635661938083, "params": {"C": 19.721968883598883, "gamma": 0.4985489763235089}, "datetime": {"datetime": "2021-06-21 08:53:45", "elapsed": 614.124601, "delta": 2.93072}}
{"target": -9.87490802587106, "params": {"C": 19.975306317587624, "gamma": 0.4998643369009293}, "datetime": {"datetime": "2021-06-21 08:53:48", "elapsed": 617.0046, "delta": 2.879999}}
{"target": -9.878324113191363, "params": {"C": 19.94318831604901, "gamma": 0.49816867201462545}, "datetime": {"datetime": "2021-06-21 08:53:51", "elapsed": 620.852266, "delta": 3.847666}}
{"target": -9.876650622777765, "params": {"C": 19.96243048997473, "gamma": 0.4989824990721329}, "datetime": {"datetime": "2021-06-21 08:53:55", "elapsed": 624.134403, "delta": 3.282137}}
{"target": -9.876650622777765, "params": {"C": 19.96243048997473, "gamma": 0.4989824990721329}, "datetime": {"datetime": "2021-06-21 08:53:59", "elapsed": 627.997861, "delta": 3.863458}}
{"target": -9.877100809394749, "params": {"C": 19.763804216848655, "gamma": 0.4997226641649712}, "datetime": {"datetime": "2021-06-21 08:54:02", "elapsed": 631.726864, "delta": 3.729003}}
{"target": -9.876320837976444, "params": {"C": 19.81300706761126, "gamma": 0.49990208432243877}, "datetime": {"datetime": "2021-06-21 08:54:06", "elapsed": 635.40587, "delta": 3.679006}}
{"target": -9.877501399523775, "params": {"C": 19.724710673928424, "gamma": 0.49969955057108945}, "datetime": {"datetime": "2021-06-21 08:54:09", "elapsed": 638.033605, "delta": 2.627735}}
{"target": -9.877834045786429, "params": {"C": 19.64562035812328, "gamma": 0.4999142885981346}, "datetime": {"datetime": "2021-06-21 08:54:11", "elapsed": 640.845214, "delta": 2.811609}}
{"target": -9.876431729765871, "params": {"C": 19.872253905176464, "gamma": 0.49954724828579194}, "datetime": {"datetime": "2021-06-21 08:54:15", "elapsed": 644.011882, "delta": 3.166668}}
{"target": -9.878035960081199, "params": {"C": 19.990544756530852, "gamma": 0.4980925532288729}, "datetime": {"datetime": "2021-06-21 08:54:18", "elapsed": 647.116882, "delta": 3.105}}
{"target": -9.878035960081199, "params": {"C": 19.990544756530852, "gamma": 0.4980925532288729}, "datetime": {"datetime": "2021-06-21 08:54:21", "elapsed": 650.323636, "delta": 3.206754}}
{"target": -9.877391861934745, "params": {"C": 19.710765814194804, "gamma": 0.4998290443930632}, "datetime": {"datetime": "2021-06-21 08:54:25", "elapsed": 654.717224, "delta": 4.393588}}
{"target": -9.875687011372642, "params": {"C": 19.875653975352677, "gamma": 0.49993516497945234}, "datetime": {"datetime": "2021-06-21 08:54:28", "elapsed": 657.516225, "delta": 2.799001}}
{"target": -9.876030582513257, "params": {"C": 19.842666985265733, "gamma": 0.4999123484811347}, "datetime": {"datetime": "2021-06-21 08:54:32", "elapsed": 661.63984, "delta": 4.123615}}
{"target": -9.878614316867944, "params": {"C": 19.918878103570055, "gamma": 0.4981306021216507}, "datetime": {"datetime": "2021-06-21 08:54:35", "elapsed": 664.77684, "delta": 3.137}}
{"target": -9.87740250132743, "params": {"C": 19.740087125134337, "gamma": 0.49967664138504936}, "datetime": {"datetime": "2021-06-21 08:54:38", "elapsed": 667.791845, "delta": 3.015005}}
{"target": -9.877411989165996, "params": {"C": 19.69331448709863, "gamma": 0.49990545533347513}, "datetime": {"datetime": "2021-06-21 08:54:43", "elapsed": 672.208004, "delta": 4.416159}}
{"target": -9.878443817280694, "params": {"C": 19.780090941362353, "gamma": 0.4989097905494787}, "datetime": {"datetime": "2021-06-21 08:54:47", "elapsed": 676.491663, "delta": 4.283659}}
{"target": -9.876868146662243, "params": {"C": 19.75020506262934, "gamma": 0.49991735551405475}, "datetime": {"datetime": "2021-06-21 08:54:52", "elapsed": 681.170353, "delta": 4.67869}}
{"target": -9.876868146662243, "params": {"C": 19.75020506262934, "gamma": 0.49991735551405475}, "datetime": {"datetime": "2021-06-21 08:54:54", "elapsed": 683.311068, "delta": 2.140715}}
{"target": -9.878082548360707, "params": {"C": 19.824834218815383, "gamma": 0.4988844181346984}, "datetime": {"datetime": "2021-06-21 08:54:58", "elapsed": 687.018068, "delta": 3.707}}
{"target": -9.878725865273424, "params": {"C": 19.786095582095587, "gamma": 0.4987262854692003}, "datetime": {"datetime": "2021-06-21 08:55:03", "elapsed": 692.063759, "delta": 5.045691}}
{"target": -9.876408282504146, "params": {"C": 19.796917038029946, "gamma": 0.4999346766314991}, "datetime": {"datetime": "2021-06-21 08:55:08", "elapsed": 697.81611, "delta": 5.752351}}
{"target": -9.880215143490727, "params": {"C": 19.477215426761223, "gamma": 0.49945954033097856}, "datetime": {"datetime": "2021-06-21 08:55:12", "elapsed": 701.34811, "delta": 3.532}}
{"target": -9.877290595118547, "params": {"C": 19.762004476565238, "gamma": 0.4996282310648057}, "datetime": {"datetime": "2021-06-21 08:55:15", "elapsed": 704.754121, "delta": 3.406011}}
{"target": -9.87902454800327, "params": {"C": 19.871927446598598, "gamma": 0.4981389046852551}, "datetime": {"datetime": "2021-06-21 08:55:20", "elapsed": 709.233075, "delta": 4.478954}}
{"target": -9.87902454800327, "params": {"C": 19.871927446598598, "gamma": 0.4981389046852551}, "datetime": {"datetime": "2021-06-21 08:55:23", "elapsed": 712.723709, "delta": 3.490634}}
{"target": -9.87902454800327, "params": {"C": 19.871927446598598, "gamma": 0.4981389046852551}, "datetime": {"datetime": "2021-06-21 08:55:27", "elapsed": 716.352712, "delta": 3.629003}}
{"target": -9.87902454800327, "params": {"C": 19.871927446598598, "gamma": 0.4981389046852551}, "datetime": {"datetime": "2021-06-21 08:55:31", "elapsed": 720.319295, "delta": 3.966583}}
{"target": -9.87902454800327, "params": {"C": 19.871927446598598, "gamma": 0.4981389046852551}, "datetime": {"datetime": "2021-06-21 08:55:35", "elapsed": 724.526295, "delta": 4.207}}
