{"target": -15.000853194723247, "params": {"C": 4.170803025021038, "gamma": 7.20352460992814}, "datetime": {"datetime": "2021-06-20 11:55:03", "elapsed": 81.217215, "delta": 80.348425}}
{"target": -28.076880454046837, "params": {"C": 0.002143633798631522, "gamma": 3.024023393745766}, "datetime": {"datetime": "2021-06-20 11:55:03", "elapsed": 81.533919, "delta": 0.316704}}
{"target": -11.303253785930092, "params": {"C": 1.4684121522803133, "gamma": 0.9242936090932092}, "datetime": {"datetime": "2021-06-20 11:55:04", "elapsed": 81.835929, "delta": 0.30201}}
{"target": -12.64250033318306, "params": {"C": 1.8634158535653313, "gamma": 3.4562617097034343}, "datetime": {"datetime": "2021-06-20 11:55:04", "elapsed": 82.230509, "delta": 0.39458}}
{"target": -13.608082050685368, "params": {"C": 3.968277974832469, "gamma": 5.388628523299567}, "datetime": {"datetime": "2021-06-20 11:55:04", "elapsed": 82.546748, "delta": 0.316239}}
{"target": -14.749084104943188, "params": {"C": 4.192525949518545, "gamma": 6.852509784467199}, "datetime": {"datetime": "2021-06-20 11:55:05", "elapsed": 82.975133, "delta": 0.428385}}
{"target": -15.862938898151334, "params": {"C": 2.045318045065443, "gamma": 8.781296246473064}, "datetime": {"datetime": "2021-06-20 11:55:05", "elapsed": 83.288643, "delta": 0.31351}}
{"target": -15.491039427324651, "params": {"C": 0.2748485443860637, "gamma": 6.705004634273845}, "datetime": {"datetime": "2021-06-20 11:55:05", "elapsed": 83.582204, "delta": 0.293561}}
{"target": -13.784132163637347, "params": {"C": 4.173630718868903, "gamma": 5.587339594629071}, "datetime": {"datetime": "2021-06-20 11:55:06", "elapsed": 83.857928, "delta": 0.275724}}
{"target": -12.071969087539873, "params": {"C": 1.4047289990137424, "gamma": 1.981816789359703}, "datetime": {"datetime": "2021-06-20 11:55:06", "elapsed": 84.164078, "delta": 0.30615}}
{"target": -16.556712340709154, "params": {"C": 8.00764494218669, "gamma": 9.682647495618255}, "datetime": {"datetime": "2021-06-20 11:55:06", "elapsed": 84.474103, "delta": 0.310025}}
{"target": -14.716900967383333, "params": {"C": 3.1349283574142692, "gamma": 6.923533834077472}, "datetime": {"datetime": "2021-06-20 11:55:07", "elapsed": 84.797989, "delta": 0.323886}}
{"target": -16.198155087189832, "params": {"C": 8.764015133808087, "gamma": 8.946172028374969}, "datetime": {"datetime": "2021-06-20 11:55:07", "elapsed": 85.067315, "delta": 0.269326}}
{"target": -11.095481131399781, "params": {"C": 0.8513570694864094, "gamma": 0.39150877754559077}, "datetime": {"datetime": "2021-06-20 11:55:07", "elapsed": 85.366239, "delta": 0.298924}}
{"target": -15.848252634759803, "params": {"C": 1.6991343652261244, "gamma": 8.781546891790702}, "datetime": {"datetime": "2021-06-20 11:55:07", "elapsed": 85.694085, "delta": 0.327846}}
{"target": -13.014519878022659, "params": {"C": 0.9843699914966679, "gamma": 4.211655142425517}, "datetime": {"datetime": "2021-06-20 11:55:08", "elapsed": 85.997413, "delta": 0.303328}}
{"target": -14.166413050782257, "params": {"C": 9.578937411974868, "gamma": 5.332119684445198}, "datetime": {"datetime": "2021-06-20 11:55:08", "elapsed": 86.295244, "delta": 0.297831}}
{"target": -12.675801532377603, "params": {"C": 6.919079262390784, "gamma": 3.1558407944296234}, "datetime": {"datetime": "2021-06-20 11:55:08", "elapsed": 86.58823, "delta": 0.292986}}
{"target": -15.842685216481675, "params": {"C": 6.865322775888155, "gamma": 8.346422093301832}, "datetime": {"datetime": "2021-06-20 11:55:09", "elapsed": 86.87423, "delta": 0.286}}
{"target": -16.474654595414833, "params": {"C": 0.18386448516457388, "gamma": 7.50169300513473}, "datetime": {"datetime": "2021-06-20 11:55:09", "elapsed": 87.164238, "delta": 0.290008}}
{"target": -15.514409288831216, "params": {"C": 9.88862202797604, "gamma": 7.4819083781440145}, "datetime": {"datetime": "2021-06-20 11:55:09", "elapsed": 87.448262, "delta": 0.284024}}
{"target": -15.343720054865711, "params": {"C": 2.8051594766519874, "gamma": 7.893004005186435}, "datetime": {"datetime": "2021-06-20 11:55:09", "elapsed": 87.763152, "delta": 0.31489}}
{"target": -13.17075751134994, "params": {"C": 1.0331568397698425, "gamma": 4.479487368232876}, "datetime": {"datetime": "2021-06-20 11:55:10", "elapsed": 88.052154, "delta": 0.289002}}
{"target": -12.649982924876909, "params": {"C": 9.086046435427862, "gamma": 2.9368478695884215}, "datetime": {"datetime": "2021-06-20 11:55:10", "elapsed": 88.359153, "delta": 0.306999}}
{"target": -11.669040548290296, "params": {"C": 2.878465610524901, "gamma": 1.3011556926106584}, "datetime": {"datetime": "2021-06-20 11:55:10", "elapsed": 88.64812, "delta": 0.288967}}
{"target": -16.005380701287784, "params": {"C": 0.19465021174510047, "gamma": 6.78867649386597}, "datetime": {"datetime": "2021-06-20 11:55:11", "elapsed": 88.949295, "delta": 0.301175}}
{"target": -12.354605878930496, "params": {"C": 2.1170695318845905, "gamma": 2.65620104706289}, "datetime": {"datetime": "2021-06-20 11:55:11", "elapsed": 89.243349, "delta": 0.294054}}
{"target": -10.668948739130174, "params": {"C": 4.916240019644103, "gamma": 0.5345720886256868}, "datetime": {"datetime": "2021-06-20 11:55:11", "elapsed": 89.545344, "delta": 0.301995}}
{"target": -11.764462590869092, "params": {"C": 5.741601937314639, "gamma": 1.4681390204831957}, "datetime": {"datetime": "2021-06-20 11:55:12", "elapsed": 89.834342, "delta": 0.288998}}
{"target": -14.955731167153893, "params": {"C": 5.89346606349594, "gamma": 6.9978838418492915}, "datetime": {"datetime": "2021-06-20 11:55:12", "elapsed": 90.114345, "delta": 0.280003}}
{"target": -12.942520664861224, "params": {"C": 1.0242419538494305, "gamma": 4.141145822207864}, "datetime": {"datetime": "2021-06-20 11:55:12", "elapsed": 90.392342, "delta": 0.277997}}
{"target": -13.242871093588565, "params": {"C": 6.9443071771197245, "gamma": 4.1423785159995}, "datetime": {"datetime": "2021-06-20 11:55:12", "elapsed": 90.696344, "delta": 0.304002}}
{"target": -14.131508323413328, "params": {"C": 0.5004846360019255, "gamma": 5.359428162749201}, "datetime": {"datetime": "2021-06-20 11:55:13", "elapsed": 90.982164, "delta": 0.28582}}
{"target": -13.794351513566314, "params": {"C": 6.638282657552669, "gamma": 5.149376231471028}, "datetime": {"datetime": "2021-06-20 11:55:13", "elapsed": 91.251495, "delta": 0.269331}}
{"target": -14.460373721695202, "params": {"C": 9.446002965152143, "gamma": 5.865963849979428}, "datetime": {"datetime": "2021-06-20 11:55:13", "elapsed": 91.560178, "delta": 0.308683}}
{"target": -11.752413604592244, "params": {"C": 9.034115750963547, "gamma": 1.3756095667582289}, "datetime": {"datetime": "2021-06-20 11:55:14", "elapsed": 91.852022, "delta": 0.291844}}
{"target": -15.414373727046435, "params": {"C": 1.3936241961603346, "gamma": 8.074105495806528}, "datetime": {"datetime": "2021-06-20 11:55:14", "elapsed": 92.149957, "delta": 0.297935}}
{"target": -11.882650104585458, "params": {"C": 3.9773706930183503, "gamma": 1.6543766169722107}, "datetime": {"datetime": "2021-06-20 11:55:14", "elapsed": 92.431492, "delta": 0.281535}}
{"target": -12.993667309777779, "params": {"C": 9.275158295379942, "gamma": 3.47831083159532}, "datetime": {"datetime": "2021-06-20 11:55:14", "elapsed": 92.762574, "delta": 0.331082}}
{"target": -15.254579694242981, "params": {"C": 7.50837021925842, "gamma": 7.2602538555191645}, "datetime": {"datetime": "2021-06-20 11:55:15", "elapsed": 93.087558, "delta": 0.324984}}
{"target": -14.68310900737791, "params": {"C": 8.833177605966892, "gamma": 6.237098398349034}, "datetime": {"datetime": "2021-06-20 11:55:15", "elapsed": 93.457556, "delta": 0.369998}}
{"target": -12.859510582599782, "params": {"C": 7.509673397839345, "gamma": 3.4896345214364475}, "datetime": {"datetime": "2021-06-20 11:55:15", "elapsed": 93.750354, "delta": 0.292798}}
{"target": -15.984241403144104, "params": {"C": 2.7000089897584956, "gamma": 8.958966295742472}, "datetime": {"datetime": "2021-06-20 11:55:16", "elapsed": 94.027591, "delta": 0.277237}}
{"target": -16.434737310472862, "params": {"C": 4.281483807523078, "gamma": 9.648435631436707}, "datetime": {"datetime": "2021-06-20 11:55:16", "elapsed": 94.301273, "delta": 0.273682}}
{"target": -14.485880647323274, "params": {"C": 6.634751536686663, "gamma": 6.217335506371009}, "datetime": {"datetime": "2021-06-20 11:55:16", "elapsed": 94.647627, "delta": 0.346354}}
{"target": -16.24298311366205, "params": {"C": 1.1483449835607984, "gamma": 9.494943097812005}, "datetime": {"datetime": "2021-06-20 11:55:17", "elapsed": 94.91034, "delta": 0.262713}}
{"target": -13.962914524787134, "params": {"C": 4.499671422665926, "gamma": 5.784317754256931}, "datetime": {"datetime": "2021-06-20 11:55:17", "elapsed": 95.170851, "delta": 0.260511}}
{"target": -12.263044130631629, "params": {"C": 4.081959890810051, "gamma": 2.371032775450034}, "datetime": {"datetime": "2021-06-20 11:55:17", "elapsed": 95.455765, "delta": 0.284914}}
{"target": -14.340440526859203, "params": {"C": 9.033891826101975, "gamma": 5.737221187236187}, "datetime": {"datetime": "2021-06-20 11:55:18", "elapsed": 95.784189, "delta": 0.328424}}
{"target": -20.383687600047608, "params": {"C": 0.029700399984558545, "gamma": 6.171831991293619}, "datetime": {"datetime": "2021-06-20 11:55:18", "elapsed": 96.057689, "delta": 0.2735}}
{"target": -11.42459864287689, "params": {"C": 5.0556430514362365, "gamma": 0.9468614878126027}, "datetime": {"datetime": "2021-06-20 11:55:18", "elapsed": 96.703203, "delta": 0.645514}}
{"target": -11.001123569038008, "params": {"C": 4.582351109710462, "gamma": 0.6908602931915525}, "datetime": {"datetime": "2021-06-20 11:55:19", "elapsed": 97.285886, "delta": 0.582683}}
{"target": -14.25405433875305, "params": {"C": 1.4939178250241218, "gamma": 6.288488828263624}, "datetime": {"datetime": "2021-06-20 11:55:19", "elapsed": 97.741512, "delta": 0.455626}}
{"target": -11.345462426437141, "params": {"C": 0.9698172816688163, "gamma": 0.836894533038335}, "datetime": {"datetime": "2021-06-20 11:55:20", "elapsed": 98.535193, "delta": 0.793681}}
{"target": -10.89664637877676, "params": {"C": 1.2816850791764876, "gamma": 0.4415222939147251}, "datetime": {"datetime": "2021-06-20 11:55:21", "elapsed": 99.346197, "delta": 0.811004}}
{"target": -10.440030270144893, "params": {"C": 4.705125797353992, "gamma": 0.24170362738887113}, "datetime": {"datetime": "2021-06-20 11:55:22", "elapsed": 100.036194, "delta": 0.689997}}
{"target": -10.71676860643023, "params": {"C": 5.030578606426592, "gamma": 0.09851458352814059}, "datetime": {"datetime": "2021-06-20 11:55:22", "elapsed": 100.764086, "delta": 0.727892}}
{"target": -11.830949560078, "params": {"C": 2.0620567849484917, "gamma": 1.5737857775900506}, "datetime": {"datetime": "2021-06-20 11:55:23", "elapsed": 101.539807, "delta": 0.775721}}
{"target": -10.520433037337067, "params": {"C": 4.267353215774493, "gamma": 0.21495347238841983}, "datetime": {"datetime": "2021-06-20 11:55:24", "elapsed": 102.418886, "delta": 0.879079}}
{"target": -10.689533617727648, "params": {"C": 3.896431022071403, "gamma": 0.5738331558784254}, "datetime": {"datetime": "2021-06-20 11:55:25", "elapsed": 103.003881, "delta": 0.584995}}
{"target": -10.674607210249173, "params": {"C": 3.756067614809985, "gamma": 0.1483460778807259}, "datetime": {"datetime": "2021-06-20 11:55:25", "elapsed": 103.524927, "delta": 0.521046}}
{"target": -10.645618457657022, "params": {"C": 3.337399252603166, "gamma": 0.5507088083587057}, "datetime": {"datetime": "2021-06-20 11:55:26", "elapsed": 104.087968, "delta": 0.563041}}
{"target": -11.312431800704282, "params": {"C": 3.5568218951642376, "gamma": 0.9033930240858292}, "datetime": {"datetime": "2021-06-20 11:55:26", "elapsed": 104.716179, "delta": 0.628211}}
{"target": -10.627475570838937, "params": {"C": 2.7305233024287925, "gamma": 0.47728855121852126}, "datetime": {"datetime": "2021-06-20 11:55:27", "elapsed": 105.282181, "delta": 0.566002}}
{"target": -11.674516726405194, "params": {"C": 3.120273724529219, "gamma": 0.057270037581816105}, "datetime": {"datetime": "2021-06-20 11:55:28", "elapsed": 105.839014, "delta": 0.556833}}
{"target": -10.772170465418029, "params": {"C": 2.1849960636843844, "gamma": 0.6092895670009498}, "datetime": {"datetime": "2021-06-20 11:55:28", "elapsed": 106.606601, "delta": 0.767587}}
{"target": -11.148153047524447, "params": {"C": 2.541721455043006, "gamma": 0.8321214181791947}, "datetime": {"datetime": "2021-06-20 11:55:29", "elapsed": 107.378871, "delta": 0.77227}}
{"target": -11.214161610153182, "params": {"C": 2.0036613393033216, "gamma": 0.10522013427314975}, "datetime": {"datetime": "2021-06-20 11:55:30", "elapsed": 107.970701, "delta": 0.59183}}
{"target": -10.594838163625603, "params": {"C": 5.566983689229238, "gamma": 0.4846697187867411}, "datetime": {"datetime": "2021-06-20 11:55:30", "elapsed": 108.554844, "delta": 0.584143}}
{"target": -11.08218315174575, "params": {"C": 6.158552429947105, "gamma": 0.6983118444553597}, "datetime": {"datetime": "2021-06-20 11:55:31", "elapsed": 109.276801, "delta": 0.721957}}
{"target": -10.740730984079887, "params": {"C": 5.877190009703049, "gamma": 0.08137066901218708}, "datetime": {"datetime": "2021-06-20 11:55:32", "elapsed": 109.972114, "delta": 0.695313}}
{"target": -10.388574624826367, "params": {"C": 6.5908421281655, "gamma": 0.20439707884375447}, "datetime": {"datetime": "2021-06-20 11:55:32", "elapsed": 110.646909, "delta": 0.674795}}
{"target": -10.55756662768183, "params": {"C": 7.11517093877151, "gamma": 0.43989839838865474}, "datetime": {"datetime": "2021-06-20 11:55:33", "elapsed": 111.187269, "delta": 0.54036}}
{"target": -16.103523734960078, "params": {"C": 7.033792231120523, "gamma": 0.001}, "datetime": {"datetime": "2021-06-20 11:55:33", "elapsed": 111.734366, "delta": 0.547097}}
{"target": -10.98859101835516, "params": {"C": 6.811639760075049, "gamma": 0.642812415458653}, "datetime": {"datetime": "2021-06-20 11:55:34", "elapsed": 112.365616, "delta": 0.63125}}
{"target": -10.378068103954302, "params": {"C": 6.2935324020784975, "gamma": 0.2811862921418276}, "datetime": {"datetime": "2021-06-20 11:55:35", "elapsed": 113.093615, "delta": 0.727999}}
{"target": -12.065647375847664, "params": {"C": 3.986901783902394, "gamma": 2.0045208563265238}, "datetime": {"datetime": "2021-06-20 11:55:35", "elapsed": 113.632533, "delta": 0.538918}}
{"target": -11.120671375059647, "params": {"C": 7.307187367152214, "gamma": 0.703257727464029}, "datetime": {"datetime": "2021-06-20 11:55:36", "elapsed": 114.369865, "delta": 0.737332}}
{"target": -10.429389952626968, "params": {"C": 6.552729195615229, "gamma": 0.3675806332352908}, "datetime": {"datetime": "2021-06-20 11:55:37", "elapsed": 115.016474, "delta": 0.646609}}
{"target": -11.298171989845624, "params": {"C": 6.3305120226942355, "gamma": 0.043907034735743186}, "datetime": {"datetime": "2021-06-20 11:55:37", "elapsed": 115.663432, "delta": 0.646958}}
{"target": -10.539529178374986, "params": {"C": 5.890670693575929, "gamma": 0.4523270465421218}, "datetime": {"datetime": "2021-06-20 11:55:38", "elapsed": 116.334876, "delta": 0.671444}}
{"target": -10.574664165718321, "params": {"C": 5.475224162013425, "gamma": 0.14224185350306523}, "datetime": {"datetime": "2021-06-20 11:55:39", "elapsed": 116.933763, "delta": 0.598887}}
{"target": -10.641512148092392, "params": {"C": 2.3912923942405304, "gamma": 0.33877986587177866}, "datetime": {"datetime": "2021-06-20 11:55:39", "elapsed": 117.715024, "delta": 0.781261}}
{"target": -13.82046790232999, "params": {"C": 8.952374685977817, "gamma": 4.704411382643942}, "datetime": {"datetime": "2021-06-20 11:55:40", "elapsed": 118.193271, "delta": 0.478247}}
{"target": -16.796735819935478, "params": {"C": 4.513793267039356, "gamma": 0.001}, "datetime": {"datetime": "2021-06-20 11:55:41", "elapsed": 119.018633, "delta": 0.825362}}
{"target": -12.355617669130368, "params": {"C": 0.2799924034138263, "gamma": 1.3829125669326674}, "datetime": {"datetime": "2021-06-20 11:55:41", "elapsed": 119.581635, "delta": 0.563002}}
{"target": -10.52374746303024, "params": {"C": 4.240974082746908, "gamma": 0.43856185323624464}, "datetime": {"datetime": "2021-06-20 11:55:42", "elapsed": 120.537754, "delta": 0.956119}}
{"target": -15.946331225666086, "params": {"C": 8.823395975491618, "gamma": 8.402862000431732}, "datetime": {"datetime": "2021-06-20 11:55:43", "elapsed": 121.156139, "delta": 0.618385}}
{"target": -10.529190199719626, "params": {"C": 4.666450217134398, "gamma": 0.4534286262389597}, "datetime": {"datetime": "2021-06-20 11:55:44", "elapsed": 121.90596, "delta": 0.749821}}
{"target": -13.954426087903823, "params": {"C": 0.6272648992074027, "gamma": 5.274536704286818}, "datetime": {"datetime": "2021-06-20 11:55:44", "elapsed": 122.407714, "delta": 0.501754}}
{"target": -10.472754579677227, "params": {"C": 4.033689004685652, "gamma": 0.27106938483817866}, "datetime": {"datetime": "2021-06-20 11:55:45", "elapsed": 123.025518, "delta": 0.617804}}
{"target": -12.353896712327012, "params": {"C": 7.272448776191715, "gamma": 2.415442767442415}, "datetime": {"datetime": "2021-06-20 11:55:45", "elapsed": 123.50168, "delta": 0.476162}}
{"target": -15.992677775853403, "params": {"C": 7.515130346536967, "gamma": 8.587790200468241}, "datetime": {"datetime": "2021-06-20 11:55:46", "elapsed": 124.006262, "delta": 0.504582}}
{"target": -10.425601029151393, "params": {"C": 4.856510645246622, "gamma": 0.3220963606672366}, "datetime": {"datetime": "2021-06-20 11:55:47", "elapsed": 124.919632, "delta": 0.91337}}
{"target": -10.432522274426043, "params": {"C": 5.243702368621546, "gamma": 0.3534936110967846}, "datetime": {"datetime": "2021-06-20 11:55:47", "elapsed": 125.691866, "delta": 0.772234}}
{"target": -10.565071523975046, "params": {"C": 3.64171724757179, "gamma": 0.4698403140700911}, "datetime": {"datetime": "2021-06-20 11:55:48", "elapsed": 126.58683, "delta": 0.894964}}
{"target": -10.950734908628796, "params": {"C": 2.9988645737709834, "gamma": 0.7137449015803233}, "datetime": {"datetime": "2021-06-20 11:55:49", "elapsed": 127.290903, "delta": 0.704073}}
{"target": -10.934887362260467, "params": {"C": 7.062885837234474, "gamma": 0.6159735978786353}, "datetime": {"datetime": "2021-06-20 11:55:50", "elapsed": 128.033575, "delta": 0.742672}}
{"target": -10.391973444834665, "params": {"C": 5.7478374089650845, "gamma": 0.28979197845529037}, "datetime": {"datetime": "2021-06-20 11:55:51", "elapsed": 128.958033, "delta": 0.924458}}
{"target": -10.650808133657865, "params": {"C": 3.3379971584739687, "gamma": 0.5555085221609738}, "datetime": {"datetime": "2021-06-20 11:55:51", "elapsed": 129.453408, "delta": 0.495375}}
{"target": -12.671243272429795, "params": {"C": 5.622730859915053, "gamma": 3.2800834839313744}, "datetime": {"datetime": "2021-06-20 11:55:52", "elapsed": 129.939456, "delta": 0.486048}}
{"target": -12.126206444311448, "params": {"C": 7.76543352528068, "gamma": 1.9632691521919554}, "datetime": {"datetime": "2021-06-20 11:55:52", "elapsed": 130.461435, "delta": 0.521979}}
{"target": -10.797116385286326, "params": {"C": 1.7680274964653713, "gamma": 0.49816828423080695}, "datetime": {"datetime": "2021-06-20 11:55:53", "elapsed": 131.379447, "delta": 0.918012}}
{"target": -10.693077580254663, "params": {"C": 2.0952828885248476, "gamma": 0.3538492736778759}, "datetime": {"datetime": "2021-06-20 11:55:54", "elapsed": 132.281642, "delta": 0.902195}}
{"target": -10.396122748034285, "params": {"C": 6.090678541605826, "gamma": 0.31858432704988837}, "datetime": {"datetime": "2021-06-20 11:55:55", "elapsed": 133.268037, "delta": 0.986395}}
{"target": -16.289917798052613, "params": {"C": 2.8890410945889484, "gamma": 9.50090347073714}, "datetime": {"datetime": "2021-06-20 11:55:56", "elapsed": 133.900657, "delta": 0.63262}}
{"target": -10.541090829404773, "params": {"C": 3.4830931709520474, "gamma": 0.2548299791141819}, "datetime": {"datetime": "2021-06-20 11:55:57", "elapsed": 134.933495, "delta": 1.032838}}
{"target": -10.925912137839667, "params": {"C": 5.270849060081435, "gamma": 0.6429411213166327}, "datetime": {"datetime": "2021-06-20 11:55:58", "elapsed": 135.889284, "delta": 0.955789}}
{"target": -12.06297419334907, "params": {"C": 3.996275138540242, "gamma": 1.9988388530352532}, "datetime": {"datetime": "2021-06-20 11:55:58", "elapsed": 136.40641, "delta": 0.517126}}
{"target": -11.111240403099305, "params": {"C": 1.8625177816531, "gamma": 0.81571349910187}, "datetime": {"datetime": "2021-06-20 11:55:59", "elapsed": 137.271009, "delta": 0.864599}}
{"target": -11.390107041812076, "params": {"C": 5.760611752430376, "gamma": 0.9028383412020196}, "datetime": {"datetime": "2021-06-20 11:56:00", "elapsed": 137.958806, "delta": 0.687797}}
{"target": -10.467102001997176, "params": {"C": 4.440540500564374, "gamma": 0.374646195371338}, "datetime": {"datetime": "2021-06-20 11:56:01", "elapsed": 138.795281, "delta": 0.836475}}
{"target": -10.769795366828596, "params": {"C": 2.6471663111471764, "gamma": 0.1640034163952193}, "datetime": {"datetime": "2021-06-20 11:56:01", "elapsed": 139.536467, "delta": 0.741186}}
{"target": -10.568393884454565, "params": {"C": 3.003608487041166, "gamma": 0.40826489825245277}, "datetime": {"datetime": "2021-06-20 11:56:02", "elapsed": 140.39996, "delta": 0.863493}}
{"target": -10.955789195075411, "params": {"C": 1.5613011224153923, "gamma": 0.19009199827254386}, "datetime": {"datetime": "2021-06-20 11:56:03", "elapsed": 141.235425, "delta": 0.835465}}
{"target": -11.390164212770427, "params": {"C": 1.1123796110111173, "gamma": 0.15136211957426912}, "datetime": {"datetime": "2021-06-20 11:56:04", "elapsed": 141.968059, "delta": 0.732634}}
{"target": -11.379509765559316, "params": {"C": 4.071922964457125, "gamma": 0.9413678162113486}, "datetime": {"datetime": "2021-06-20 11:56:05", "elapsed": 142.780481, "delta": 0.812422}}
