{"target": -9.776841684265605, "params": {"C": 40.08603864326406, "gamma": 0.5366739594627794}, "datetime": {"datetime": "2021-06-21 09:29:26", "elapsed": 930.097729, "delta": 5.640108}}
{"target": -9.73193480638519, "params": {"C": 27.06725247853221, "gamma": 0.6250629489548121}, "datetime": {"datetime": "2021-06-21 09:29:35", "elapsed": 938.69818, "delta": 8.600451}}
{"target": -9.74385679660562, "params": {"C": 36.3943126539195, "gamma": 0.5871872388706871}, "datetime": {"datetime": "2021-06-21 09:29:42", "elapsed": 946.488853, "delta": 7.790673}}
{"target": -9.728466036163656, "params": {"C": 31.353866468200223, "gamma": 0.5996071699256282}, "datetime": {"datetime": "2021-06-21 09:29:48", "elapsed": 952.156595, "delta": 5.667742}}
{"target": -9.72720753052125, "params": {"C": 28.23946272547653, "gamma": 0.6022896378479183}, "datetime": {"datetime": "2021-06-21 09:29:53", "elapsed": 957.201669, "delta": 5.045074}}
{"target": -9.761075112692497, "params": {"C": 22.914738888034087, "gamma": 0.6473722010954635}, "datetime": {"datetime": "2021-06-21 09:29:57", "elapsed": 961.27194, "delta": 4.070271}}
{"target": -9.761473833073506, "params": {"C": 21.74089531997587, "gamma": 0.6306074903385664}, "datetime": {"datetime": "2021-06-21 09:30:00", "elapsed": 964.312621, "delta": 3.040681}}
{"target": -9.722316661265175, "params": {"C": 29.70139071289082, "gamma": 0.6067521416215821}, "datetime": {"datetime": "2021-06-21 09:30:05", "elapsed": 969.076382, "delta": 4.763761}}
{"target": -9.734017597737179, "params": {"C": 29.415272285736712, "gamma": 0.6267704461966853}, "datetime": {"datetime": "2021-06-21 09:30:09", "elapsed": 973.508199, "delta": 4.431817}}
{"target": -9.739665831775728, "params": {"C": 34.29173852044824, "gamma": 0.587916213036332}, "datetime": {"datetime": "2021-06-21 09:30:16", "elapsed": 980.327887, "delta": 6.819688}}
{"target": -9.724668101943655, "params": {"C": 29.486292223493948, "gamma": 0.6016541916060989}, "datetime": {"datetime": "2021-06-21 09:30:24", "elapsed": 987.77177, "delta": 7.443883}}
{"target": -9.77719908645615, "params": {"C": 36.44274378662513, "gamma": 0.535619484820952}, "datetime": {"datetime": "2021-06-21 09:30:27", "elapsed": 990.80079, "delta": 3.02902}}
{"target": -9.764964368729512, "params": {"C": 22.131284589180655, "gamma": 0.647080233379997}, "datetime": {"datetime": "2021-06-21 09:30:33", "elapsed": 997.568529, "delta": 6.767739}}
{"target": -9.721895436018315, "params": {"C": 28.572639987876713, "gamma": 0.6144079779274118}, "datetime": {"datetime": "2021-06-21 09:30:39", "elapsed": 1003.020869, "delta": 5.45234}}
{"target": -9.724625533792285, "params": {"C": 29.734053771033174, "gamma": 0.6168727701668201}, "datetime": {"datetime": "2021-06-21 09:30:44", "elapsed": 1007.97382, "delta": 4.952951}}
{"target": -9.749966213498952, "params": {"C": 24.40756300423699, "gamma": 0.638364482163809}, "datetime": {"datetime": "2021-06-21 09:30:50", "elapsed": 1014.084997, "delta": 6.111177}}
{"target": -9.73589386974948, "params": {"C": 25.920718501545593, "gamma": 0.6233180612798686}, "datetime": {"datetime": "2021-06-21 09:30:53", "elapsed": 1017.285281, "delta": 3.200284}}
{"target": -9.731121525813743, "params": {"C": 32.73200744230358, "gamma": 0.5991034293073737}, "datetime": {"datetime": "2021-06-21 09:30:56", "elapsed": 1020.429772, "delta": 3.144491}}
{"target": -9.755705827559623, "params": {"C": 22.784076249100117, "gamma": 0.6325397625104112}, "datetime": {"datetime": "2021-06-21 09:31:01", "elapsed": 1025.570384, "delta": 5.140612}}
{"target": -9.764177808311546, "params": {"C": 27.763064422762803, "gamma": 0.6607361588019878}, "datetime": {"datetime": "2021-06-21 09:31:10", "elapsed": 1034.098559, "delta": 8.528175}}
{"target": -9.730866299386046, "params": {"C": 27.555451342143083, "gamma": 0.6239962407933788}, "datetime": {"datetime": "2021-06-21 09:31:13", "elapsed": 1037.291098, "delta": 3.192539}}
{"target": -9.764509255729175, "params": {"C": 38.29113906047181, "gamma": 0.554602095000629}, "datetime": {"datetime": "2021-06-21 09:31:16", "elapsed": 1040.453653, "delta": 3.162555}}
{"target": -10.425560203316103, "params": {"C": 40.07952482248986, "gamma": 0.9982487808219285}, "datetime": {"datetime": "2021-06-21 09:31:21", "elapsed": 1045.056496, "delta": 4.602843}}
{"target": -9.729812885297674, "params": {"C": 27.639344040381985, "gamma": 0.6228672193235334}, "datetime": {"datetime": "2021-06-21 09:31:27", "elapsed": 1050.800118, "delta": 5.743622}}
{"target": -10.254768762835901, "params": {"C": 28.131621491387353, "gamma": 0.9987514400698403}, "datetime": {"datetime": "2021-06-21 09:31:30", "elapsed": 1054.252061, "delta": 3.451943}}
{"target": -9.727377238183209, "params": {"C": 32.65484356118731, "gamma": 0.6065462556855747}, "datetime": {"datetime": "2021-06-21 09:31:38", "elapsed": 1061.987526, "delta": 7.735465}}
{"target": -9.7328451464065, "params": {"C": 32.92074577426641, "gamma": 0.5961695437798897}, "datetime": {"datetime": "2021-06-21 09:31:41", "elapsed": 1065.073434, "delta": 3.085908}}
{"target": -9.87758922480819, "params": {"C": 21.263874370777472, "gamma": 0.8094693695578745}, "datetime": {"datetime": "2021-06-21 09:31:45", "elapsed": 1069.607741, "delta": 4.534307}}
{"target": -9.72134434853234, "params": {"C": 30.24981204191889, "gamma": 0.6133379192942696}, "datetime": {"datetime": "2021-06-21 09:31:51", "elapsed": 1075.653818, "delta": 6.046077}}
{"target": -9.769965995526249, "params": {"C": 23.101044365355392, "gamma": 0.5780821243130733}, "datetime": {"datetime": "2021-06-21 09:31:57", "elapsed": 1081.054509, "delta": 5.400691}}
{"target": -9.809480061534087, "params": {"C": 43.60170758344283, "gamma": 0.5959775027411817}, "datetime": {"datetime": "2021-06-21 09:32:03", "elapsed": 1087.46122, "delta": 6.406711}}
{"target": -9.748867484850345, "params": {"C": 29.20624299138987, "gamma": 0.6428654287395024}, "datetime": {"datetime": "2021-06-21 09:32:08", "elapsed": 1091.899715, "delta": 4.438495}}
{"target": -9.741975899096234, "params": {"C": 29.19086727044519, "gamma": 0.5841952903118159}, "datetime": {"datetime": "2021-06-21 09:32:15", "elapsed": 1099.151962, "delta": 7.252247}}
{"target": -9.7270682141556, "params": {"C": 29.03574759273222, "gamma": 0.6002459541759256}, "datetime": {"datetime": "2021-06-21 09:32:21", "elapsed": 1104.681008, "delta": 5.529046}}
{"target": -9.80209392181342, "params": {"C": 45.04574755383129, "gamma": 0.5071965133033122}, "datetime": {"datetime": "2021-06-21 09:32:25", "elapsed": 1109.110587, "delta": 4.429579}}
{"target": -9.800364433038931, "params": {"C": 42.05659566250068, "gamma": 0.6077446779333133}, "datetime": {"datetime": "2021-06-21 09:32:30", "elapsed": 1114.266427, "delta": 5.15584}}
{"target": -9.730536700453033, "params": {"C": 28.982996379757573, "gamma": 0.596594110417981}, "datetime": {"datetime": "2021-06-21 09:32:36", "elapsed": 1119.825514, "delta": 5.559087}}
{"target": -9.92529240563626, "params": {"C": 49.84838839481665, "gamma": 0.6345135760568398}, "datetime": {"datetime": "2021-06-21 09:32:39", "elapsed": 1122.98628, "delta": 3.160766}}
{"target": -9.828608347539205, "params": {"C": 49.91648775904711, "gamma": 0.4786624936458763}, "datetime": {"datetime": "2021-06-21 09:32:42", "elapsed": 1126.56932, "delta": 3.58304}}
{"target": -9.73581493043954, "params": {"C": 33.48575246152765, "gamma": 0.5924187303212922}, "datetime": {"datetime": "2021-06-21 09:32:47", "elapsed": 1130.836774, "delta": 4.267454}}
{"target": -9.839195534526725, "params": {"C": 40.853315432558375, "gamma": 0.4818211234387645}, "datetime": {"datetime": "2021-06-21 09:32:51", "elapsed": 1135.625565, "delta": 4.788791}}
{"target": -9.769503994154633, "params": {"C": 41.10846025616458, "gamma": 0.566404990250087}, "datetime": {"datetime": "2021-06-21 09:32:55", "elapsed": 1138.923286, "delta": 3.297721}}
{"target": -9.723714707786254, "params": {"C": 30.266191060835006, "gamma": 0.6058087160239262}, "datetime": {"datetime": "2021-06-21 09:32:58", "elapsed": 1142.158972, "delta": 3.235686}}
{"target": -9.721441527722172, "params": {"C": 28.47474082877622, "gamma": 0.6079787098198977}, "datetime": {"datetime": "2021-06-21 09:33:02", "elapsed": 1146.517499, "delta": 4.358527}}
{"target": -10.27079192899258, "params": {"C": 21.432689452092383, "gamma": 0.3}, "datetime": {"datetime": "2021-06-21 09:33:09", "elapsed": 1152.739465, "delta": 6.221966}}
{"target": -9.741081739374295, "params": {"C": 36.55671472164059, "gamma": 0.5926366786805926}, "datetime": {"datetime": "2021-06-21 09:33:12", "elapsed": 1155.917035, "delta": 3.17757}}
{"target": -9.73444695938776, "params": {"C": 26.757308318713022, "gamma": 0.6274735338741518}, "datetime": {"datetime": "2021-06-21 09:33:16", "elapsed": 1160.085204, "delta": 4.168169}}
{"target": -9.721332286377166, "params": {"C": 29.816343243525935, "gamma": 0.6093164748556488}, "datetime": {"datetime": "2021-06-21 09:33:22", "elapsed": 1166.522827, "delta": 6.437623}}
{"target": -9.73686834343606, "params": {"C": 32.32434011180408, "gamma": 0.6285185388675684}, "datetime": {"datetime": "2021-06-21 09:33:27", "elapsed": 1171.492484, "delta": 4.969657}}
{"target": -9.738882788329992, "params": {"C": 32.44979478042431, "gamma": 0.5825751727905262}, "datetime": {"datetime": "2021-06-21 09:33:32", "elapsed": 1176.056208, "delta": 4.563724}}
{"target": -9.742764895037705, "params": {"C": 32.33489618158198, "gamma": 0.5764774483043951}, "datetime": {"datetime": "2021-06-21 09:33:36", "elapsed": 1180.195843, "delta": 4.139635}}
{"target": -9.749946730675763, "params": {"C": 36.21327183320703, "gamma": 0.5752043218799736}, "datetime": {"datetime": "2021-06-21 09:33:41", "elapsed": 1185.501142, "delta": 5.305299}}
{"target": -9.724143345524121, "params": {"C": 31.2340140623727, "gamma": 0.608364821130279}, "datetime": {"datetime": "2021-06-21 09:33:46", "elapsed": 1190.626813, "delta": 5.125671}}
{"target": -9.723656459775523, "params": {"C": 30.20399920074467, "gamma": 0.6157156660129673}, "datetime": {"datetime": "2021-06-21 09:33:52", "elapsed": 1196.632829, "delta": 6.006016}}
{"target": -9.735118462164841, "params": {"C": 33.22769699297234, "gamma": 0.5928516721110217}, "datetime": {"datetime": "2021-06-21 09:33:57", "elapsed": 1201.32896, "delta": 4.696131}}
{"target": -9.730305195382252, "params": {"C": 29.787623460008128, "gamma": 0.5947288497203606}, "datetime": {"datetime": "2021-06-21 09:34:03", "elapsed": 1206.897825, "delta": 5.568865}}
{"target": -9.809181900834437, "params": {"C": 45.894996272201126, "gamma": 0.4967328010493737}, "datetime": {"datetime": "2021-06-21 09:34:07", "elapsed": 1210.821601, "delta": 3.923776}}
{"target": -9.730024108809452, "params": {"C": 29.804943538123414, "gamma": 0.622440351800679}, "datetime": {"datetime": "2021-06-21 09:34:11", "elapsed": 1215.547669, "delta": 4.726068}}
{"target": -9.738185743826874, "params": {"C": 33.20988047960226, "gamma": 0.628957435935203}, "datetime": {"datetime": "2021-06-21 09:34:15", "elapsed": 1219.630601, "delta": 4.082932}}
{"target": -10.14936923588181, "params": {"C": 22.686279233360494, "gamma": 0.999118864688006}, "datetime": {"datetime": "2021-06-21 09:34:20", "elapsed": 1224.006043, "delta": 4.375442}}
{"target": -9.733178087786017, "params": {"C": 33.27483263479039, "gamma": 0.6241669207849629}, "datetime": {"datetime": "2021-06-21 09:34:25", "elapsed": 1229.496712, "delta": 5.490669}}
{"target": -9.815185351126507, "params": {"C": 25.366493558182107, "gamma": 0.7265257578343708}, "datetime": {"datetime": "2021-06-21 09:34:30", "elapsed": 1234.456219, "delta": 4.959507}}
{"target": -9.736138598035462, "params": {"C": 33.11322598515932, "gamma": 0.5904992835258929}, "datetime": {"datetime": "2021-06-21 09:34:34", "elapsed": 1237.755579, "delta": 3.29936}}
{"target": -9.721019927278746, "params": {"C": 30.2227249748382, "gamma": 0.611420396497095}, "datetime": {"datetime": "2021-06-21 09:34:42", "elapsed": 1246.428968, "delta": 8.673389}}
{"target": -9.729162543453167, "params": {"C": 28.581286484548436, "gamma": 0.6219395012056327}, "datetime": {"datetime": "2021-06-21 09:34:46", "elapsed": 1250.287657, "delta": 3.858689}}
{"target": -9.770333550473566, "params": {"C": 39.18541313580761, "gamma": 0.5464347990806242}, "datetime": {"datetime": "2021-06-21 09:34:51", "elapsed": 1255.19621, "delta": 4.908553}}
{"target": -9.722129161600588, "params": {"C": 30.238709301517975, "gamma": 0.6141418608409064}, "datetime": {"datetime": "2021-06-21 09:34:58", "elapsed": 1261.845462, "delta": 6.649252}}
{"target": -9.787179473038623, "params": {"C": 41.6408660099936, "gamma": 0.5917895751898318}, "datetime": {"datetime": "2021-06-21 09:35:06", "elapsed": 1269.784412, "delta": 7.93895}}
{"target": -9.728433711933725, "params": {"C": 30.54354010248305, "gamma": 0.5964583766037206}, "datetime": {"datetime": "2021-06-21 09:35:11", "elapsed": 1274.734927, "delta": 4.950515}}
{"target": -9.724675258344709, "params": {"C": 28.926311105775504, "gamma": 0.603164706373349}, "datetime": {"datetime": "2021-06-21 09:35:15", "elapsed": 1278.681926, "delta": 3.946999}}
{"target": -9.761422497166567, "params": {"C": 24.861203242377897, "gamma": 0.5796386341737955}, "datetime": {"datetime": "2021-06-21 09:35:20", "elapsed": 1283.837401, "delta": 5.155475}}
{"target": -9.752412778135955, "params": {"C": 24.75023357285575, "gamma": 0.5885296884150877}, "datetime": {"datetime": "2021-06-21 09:35:26", "elapsed": 1290.261492, "delta": 6.424091}}
{"target": -9.755106209576999, "params": {"C": 38.427978476779856, "gamma": 0.5916897054341911}, "datetime": {"datetime": "2021-06-21 09:35:33", "elapsed": 1297.001457, "delta": 6.739965}}
{"target": -9.72692060300892, "params": {"C": 28.47985842777171, "gamma": 0.6019334592778754}, "datetime": {"datetime": "2021-06-21 09:35:39", "elapsed": 1303.496239, "delta": 6.494782}}
{"target": -9.742557436252055, "params": {"C": 23.903606313689238, "gamma": 0.6150146400553944}, "datetime": {"datetime": "2021-06-21 09:35:46", "elapsed": 1309.776613, "delta": 6.280374}}
{"target": -9.742891094468096, "params": {"C": 24.780532756714127, "gamma": 0.627319892415057}, "datetime": {"datetime": "2021-06-21 09:35:49", "elapsed": 1313.319168, "delta": 3.542555}}
{"target": -9.747243434457769, "params": {"C": 24.981541072052938, "gamma": 0.6379558924908653}, "datetime": {"datetime": "2021-06-21 09:35:56", "elapsed": 1320.178589, "delta": 6.859421}}
{"target": -9.808038648089482, "params": {"C": 48.656402143644144, "gamma": 0.5153013337507291}, "datetime": {"datetime": "2021-06-21 09:36:06", "elapsed": 1329.669863, "delta": 9.491274}}
{"target": -9.724139602855733, "params": {"C": 31.909461890621124, "gamma": 0.6106408887620383}, "datetime": {"datetime": "2021-06-21 09:36:11", "elapsed": 1335.51678, "delta": 5.846917}}
{"target": -9.724461948774097, "params": {"C": 30.875167244132708, "gamma": 0.6162894388724968}, "datetime": {"datetime": "2021-06-21 09:36:17", "elapsed": 1341.177498, "delta": 5.660718}}
{"target": -9.719920846250405, "params": {"C": 28.53072757615051, "gamma": 0.6123930980386258}, "datetime": {"datetime": "2021-06-21 09:36:22", "elapsed": 1346.249158, "delta": 5.07166}}
{"target": -10.107778231122918, "params": {"C": 20.60793334649658, "gamma": 1.0}, "datetime": {"datetime": "2021-06-21 09:36:28", "elapsed": 1352.164166, "delta": 5.915008}}
{"target": -9.718746833865776, "params": {"C": 28.532144335186402, "gamma": 0.6111103219511982}, "datetime": {"datetime": "2021-06-21 09:36:34", "elapsed": 1358.048249, "delta": 5.884083}}
{"target": -9.747905958250728, "params": {"C": 35.043146562817284, "gamma": 0.62457029564085}, "datetime": {"datetime": "2021-06-21 09:36:38", "elapsed": 1361.818253, "delta": 3.770004}}
{"target": -9.719061773358058, "params": {"C": 28.537729506703236, "gamma": 0.6115130462482046}, "datetime": {"datetime": "2021-06-21 09:36:43", "elapsed": 1366.682444, "delta": 4.864191}}
{"target": -9.725518185472835, "params": {"C": 28.41338294117414, "gamma": 0.6181898707759401}, "datetime": {"datetime": "2021-06-21 09:36:48", "elapsed": 1372.310854, "delta": 5.62841}}
{"target": -9.72956876650425, "params": {"C": 31.96227956703175, "gamma": 0.5995412364026591}, "datetime": {"datetime": "2021-06-21 09:36:59", "elapsed": 1382.829027, "delta": 10.518173}}
{"target": -9.730168594519432, "params": {"C": 27.94837069164057, "gamma": 0.6231662247160683}, "datetime": {"datetime": "2021-06-21 09:37:07", "elapsed": 1391.645318, "delta": 8.816291}}
{"target": -9.748451389702662, "params": {"C": 24.581101371924603, "gamma": 0.6368406112293608}, "datetime": {"datetime": "2021-06-21 09:37:14", "elapsed": 1398.104124, "delta": 6.458806}}
