{"target": -15.56646425904115, "params": {"C": 136.6067911646528, "gamma": 5.725104036123961}, "datetime": {"datetime": "2021-06-18 10:12:35", "elapsed": 3084.805454, "delta": 15.905718}}
{"target": -15.593384174780835, "params": {"C": 927511.9042622757, "gamma": 2.289468412463016}, "datetime": {"datetime": "2021-06-18 10:12:44", "elapsed": 3094.097408, "delta": 9.291954}}
{"target": -15.261575424771411, "params": {"C": 195433.2690257404, "gamma": 4.490028475704756}, "datetime": {"datetime": "2021-06-18 10:12:53", "elapsed": 3103.188631, "delta": 9.091223}}
{"target": -15.197741111713606, "params": {"C": 663449.0228827114, "gamma": 3.6417215333325372}, "datetime": {"datetime": "2021-06-18 10:13:03", "elapsed": 3112.512051, "delta": 9.32342}}
{"target": -16.02969687127864, "params": {"C": 239872.54992728337, "gamma": 1.8526311098729613}, "datetime": {"datetime": "2021-06-18 10:13:15", "elapsed": 3124.417634, "delta": 11.905583}}
{"target": -16.8196983448141, "params": {"C": 883295.5828294118, "gamma": 1.3637999725968422}, "datetime": {"datetime": "2021-06-18 10:13:20", "elapsed": 3130.016735, "delta": 5.599101}}
{"target": -15.193546620282694, "params": {"C": 663776.8231361741, "gamma": 3.559335971835306}, "datetime": {"datetime": "2021-06-18 10:13:30", "elapsed": 3139.888732, "delta": 9.871997}}
{"target": -16.09512965901096, "params": {"C": 124161.33421118485, "gamma": 7.146122011905265}, "datetime": {"datetime": "2021-06-18 10:13:40", "elapsed": 3150.075683, "delta": 10.186951}}
{"target": -18.38763565023311, "params": {"C": 449904.7969749198, "gamma": 0.9086113940904177}, "datetime": {"datetime": "2021-06-18 10:13:51", "elapsed": 3160.831749, "delta": 10.756066}}
{"target": -15.89539695410668, "params": {"C": 124166.18428764255, "gamma": 6.6438945822164115}, "datetime": {"datetime": "2021-06-18 10:13:59", "elapsed": 3168.516604, "delta": 7.684855}}
{"target": -15.263843625782972, "params": {"C": 186254.19499759816, "gamma": 4.512714294824829}, "datetime": {"datetime": "2021-06-18 10:14:05", "elapsed": 3175.138748, "delta": 6.622144}}
{"target": -15.22396894942103, "params": {"C": 932595.1912058647, "gamma": 4.060751041477002}, "datetime": {"datetime": "2021-06-18 10:14:12", "elapsed": 3182.150219, "delta": 7.011471}}
{"target": -14.838094419422582, "params": {"C": 87.44647730825238, "gamma": 4.104309882070234}, "datetime": {"datetime": "2021-06-18 10:14:22", "elapsed": 3192.329016, "delta": 10.178797}}
{"target": -15.33436414422997, "params": {"C": 606337.6682496631, "gamma": 4.849916206934417}, "datetime": {"datetime": "2021-06-18 10:14:36", "elapsed": 3205.876144, "delta": 13.547128}}
{"target": -15.205291572013119, "params": {"C": 326622.73548631236, "gamma": 3.7748763640517007}, "datetime": {"datetime": "2021-06-18 10:14:46", "elapsed": 3216.347253, "delta": 10.471109}}
{"target": -18.65545445340551, "params": {"C": 449900.8945750219, "gamma": 0.8540236392871766}, "datetime": {"datetime": "2021-06-18 10:14:56", "elapsed": 3226.084192, "delta": 9.736939}}
{"target": -16.058259082113825, "params": {"C": 13966.135982903137, "gamma": 1.7942831687787324}, "datetime": {"datetime": "2021-06-18 10:15:02", "elapsed": 3232.133401, "delta": 6.049209}}
{"target": -18.64667043836863, "params": {"C": 98334.46536083792, "gamma": 0.842354037073363}, "datetime": {"datetime": "2021-06-18 10:15:16", "elapsed": 3245.433593, "delta": 13.300192}}
{"target": -16.474938816356076, "params": {"C": 326622.53032119357, "gamma": 8.10706643299575}, "datetime": {"datetime": "2021-06-18 10:15:21", "elapsed": 3250.969875, "delta": 5.536282}}
{"target": -17.430904335378614, "params": {"C": 694405.277491153, "gamma": 1.1427096157972498}, "datetime": {"datetime": "2021-06-18 10:15:38", "elapsed": 3267.498764, "delta": 16.528889}}
{"target": -15.133499636459744, "params": {"C": 161.3131915861081, "gamma": 4.51326918323104}, "datetime": {"datetime": "2021-06-18 10:15:45", "elapsed": 3275.15542, "delta": 7.656656}}
{"target": -15.837632775172999, "params": {"C": 606338.4944174829, "gamma": 6.469333787434063}, "datetime": {"datetime": "2021-06-18 10:15:59", "elapsed": 3289.361145, "delta": 14.205725}}
{"target": -14.790422294813208, "params": {"C": 85.46261163005886, "gamma": 4.014678483693128}, "datetime": {"datetime": "2021-06-18 10:16:05", "elapsed": 3295.268086, "delta": 5.906941}}
{"target": -15.5608505640928, "params": {"C": 606331.4779751657, "gamma": 2.3319900979700248}, "datetime": {"datetime": "2021-06-18 10:16:11", "elapsed": 3300.869814, "delta": 5.601728}}
{"target": -13.88122963728855, "params": {"C": 110.97912407216944, "gamma": 1.2552809699358543}, "datetime": {"datetime": "2021-06-18 10:16:18", "elapsed": 3308.348988, "delta": 7.479174}}
{"target": -15.30697522625681, "params": {"C": 49955.10205528205, "gamma": 4.748813805655765}, "datetime": {"datetime": "2021-06-18 10:16:29", "elapsed": 3318.730779, "delta": 10.381791}}
{"target": -16.87692591442956, "params": {"C": 66332.51251182472, "gamma": 9.147098697597542}, "datetime": {"datetime": "2021-06-18 10:16:48", "elapsed": 3337.610764, "delta": 18.879985}}
{"target": -15.199211336056148, "params": {"C": 903386.6241712836, "gamma": 3.668543339990994}, "datetime": {"datetime": "2021-06-18 10:16:53", "elapsed": 3342.835207, "delta": 5.224443}}
{"target": -10.294641670084356, "params": {"C": 145.28612457660935, "gamma": 0.07713559742066992}, "datetime": {"datetime": "2021-06-18 10:17:04", "elapsed": 3353.790977, "delta": 10.95577}}
{"target": -14.584773955348052, "params": {"C": 118.65642947700447, "gamma": 3.2365333091903836}, "datetime": {"datetime": "2021-06-18 10:17:18", "elapsed": 3367.586967, "delta": 13.79599}}
{"target": -15.275101804708289, "params": {"C": 694390.0457268493, "gamma": 4.616797604718077}, "datetime": {"datetime": "2021-06-18 10:17:26", "elapsed": 3375.550172, "delta": 7.963205}}
{"target": -15.523360150179355, "params": {"C": 239856.98821289963, "gamma": 2.3813451999615136}, "datetime": {"datetime": "2021-06-18 10:17:36", "elapsed": 3385.463072, "delta": 9.9129}}
{"target": -15.265558189899656, "params": {"C": 663440.625759466, "gamma": 4.529486917578342}, "datetime": {"datetime": "2021-06-18 10:17:45", "elapsed": 3394.474123, "delta": 9.011051}}
{"target": -16.077680324208906, "params": {"C": 326642.1625723075, "gamma": 1.8157883874780696}, "datetime": {"datetime": "2021-06-18 10:17:50", "elapsed": 3399.859367, "delta": 5.385244}}
{"target": -15.247930438741028, "params": {"C": 326624.1778511832, "gamma": 4.355622066334501}, "datetime": {"datetime": "2021-06-18 10:18:04", "elapsed": 3413.751927, "delta": 13.89256}}
{"target": -14.115963850016042, "params": {"C": 101.36253984596956, "gamma": 1.8723819417995977}, "datetime": {"datetime": "2021-06-18 10:18:13", "elapsed": 3422.575334, "delta": 8.823407}}
{"target": -15.331266384283577, "params": {"C": 903389.0203753543, "gamma": 2.714798769900901}, "datetime": {"datetime": "2021-06-18 10:18:20", "elapsed": 3429.408986, "delta": 6.833652}}
{"target": -28.126033573796423, "params": {"C": 326616.00854687375, "gamma": 0.13085196317742287}, "datetime": {"datetime": "2021-06-18 10:18:31", "elapsed": 3440.388153, "delta": 10.979167}}
{"target": -16.694337006721597, "params": {"C": 663447.7040203973, "gamma": 1.420098771416412}, "datetime": {"datetime": "2021-06-18 10:18:38", "elapsed": 3448.225378, "delta": 7.837225}}
{"target": -15.240155219229226, "params": {"C": 663778.1826307941, "gamma": 4.280343596898194}, "datetime": {"datetime": "2021-06-18 10:18:48", "elapsed": 3458.350384, "delta": 10.125006}}
{"target": -15.47357792090829, "params": {"C": 13969.090070725651, "gamma": 5.358553807805448}, "datetime": {"datetime": "2021-06-18 10:18:54", "elapsed": 3464.090891, "delta": 5.740507}}
{"target": -15.26091877617748, "params": {"C": 13950.917032403095, "gamma": 4.491427982710793}, "datetime": {"datetime": "2021-06-18 10:19:09", "elapsed": 3478.641715, "delta": 14.550824}}
{"target": -15.218169718537785, "params": {"C": 239848.58328387706, "gamma": 3.1176239146163374}, "datetime": {"datetime": "2021-06-18 10:19:17", "elapsed": 3486.909525, "delta": 8.26781}}
{"target": -15.500955503475241, "params": {"C": 750951.4495854782, "gamma": 2.412885506641201}, "datetime": {"datetime": "2021-06-18 10:19:24", "elapsed": 3493.617498, "delta": 6.707973}}
{"target": -15.274309214382765, "params": {"C": 186258.75037339306, "gamma": 4.612558569763663}, "datetime": {"datetime": "2021-06-18 10:19:34", "elapsed": 3503.757773, "delta": 10.140275}}
{"target": -12.747734033149197, "params": {"C": 148.6644317726619, "gamma": 0.6074140031557443}, "datetime": {"datetime": "2021-06-18 10:19:48", "elapsed": 3517.863851, "delta": 14.106078}}
{"target": -14.469925519843066, "params": {"C": 147.48096992610297, "gamma": 1.8831227013595695}, "datetime": {"datetime": "2021-06-18 10:19:58", "elapsed": 3528.288033, "delta": 10.424182}}
{"target": -16.133148196707324, "params": {"C": 165.3381207977789, "gamma": 7.174245765491021}, "datetime": {"datetime": "2021-06-18 10:20:04", "elapsed": 3534.011988, "delta": 5.723955}}
{"target": -24.071695477262708, "params": {"C": 195453.77039394775, "gamma": 0.41984754960518517}, "datetime": {"datetime": "2021-06-18 10:20:10", "elapsed": 3540.173715, "delta": 6.161727}}
{"target": -15.466248684836442, "params": {"C": 669225.82296905, "gamma": 5.3327029240474175}, "datetime": {"datetime": "2021-06-18 10:20:21", "elapsed": 3551.024723, "delta": 10.851008}}
{"target": -15.217370211686537, "params": {"C": 193446.66078569155, "gamma": 3.1223473850375196}, "datetime": {"datetime": "2021-06-18 10:20:28", "elapsed": 3557.776393, "delta": 6.75167}}
{"target": -15.33743264465194, "params": {"C": 98341.33603817222, "gamma": 2.6979288576104405}, "datetime": {"datetime": "2021-06-18 10:20:38", "elapsed": 3568.288708, "delta": 10.512315}}
{"target": -11.51090426089755, "params": {"C": 144.96457773799807, "gamma": 0.4302389778640089}, "datetime": {"datetime": "2021-06-18 10:20:46", "elapsed": 3575.872553, "delta": 7.583845}}
{"target": -15.33364909268463, "params": {"C": 694398.8874515799, "gamma": 4.847236031414536}, "datetime": {"datetime": "2021-06-18 10:20:57", "elapsed": 3587.020261, "delta": 11.147708}}
{"target": -15.203682507430802, "params": {"C": 807119.4733922142, "gamma": 3.7469472591459674}, "datetime": {"datetime": "2021-06-18 10:21:11", "elapsed": 3601.259227, "delta": 14.238966}}
{"target": -15.373748857665607, "params": {"C": 326638.34205867077, "gamma": 2.620825811336796}, "datetime": {"datetime": "2021-06-18 10:21:20", "elapsed": 3609.588928, "delta": 8.329701}}
{"target": -15.254039004486216, "params": {"C": 629704.9813218937, "gamma": 2.9439413384315847}, "datetime": {"datetime": "2021-06-18 10:21:29", "elapsed": 3618.677272, "delta": 9.088344}}
{"target": -15.612551481252346, "params": {"C": 957894.9263156145, "gamma": 2.2646697409609198}, "datetime": {"datetime": "2021-06-18 10:21:37", "elapsed": 3627.098482, "delta": 8.42121}}
{"target": -15.19270179315603, "params": {"C": 750956.7652640734, "gamma": 3.441395361628305}, "datetime": {"datetime": "2021-06-18 10:21:49", "elapsed": 3638.812733, "delta": 11.714251}}
{"target": -25.66661767000864, "params": {"C": 957891.2636933028, "gamma": 0.37762136979221295}, "datetime": {"datetime": "2021-06-18 10:21:56", "elapsed": 3646.036883, "delta": 7.22415}}
{"target": -15.19154179872417, "params": {"C": 211633.09890067577, "gamma": 3.4832191226548375}, "datetime": {"datetime": "2021-06-18 10:22:04", "elapsed": 3654.176975, "delta": 8.140092}}
{"target": -15.929290688100938, "params": {"C": 193452.96845628408, "gamma": 6.745260965667504}, "datetime": {"datetime": "2021-06-18 10:22:13", "elapsed": 3663.112622, "delta": 8.935647}}
{"target": -14.532670163131773, "params": {"C": 157.63632031411422, "gamma": 2.031069857720367}, "datetime": {"datetime": "2021-06-18 10:22:28", "elapsed": 3677.917151, "delta": 14.804529}}
{"target": -14.128992875440376, "params": {"C": 102.0600986436624, "gamma": 1.9219626785653583}, "datetime": {"datetime": "2021-06-18 10:22:37", "elapsed": 3686.470297, "delta": 8.553146}}
{"target": -28.913935392700285, "params": {"C": 908615.4088508686, "gamma": 0.28079237406623453}, "datetime": {"datetime": "2021-06-18 10:22:43", "elapsed": 3692.527503, "delta": 6.057206}}
{"target": -15.238606537414528, "params": {"C": 124155.43369912324, "gamma": 4.266523176537176}, "datetime": {"datetime": "2021-06-18 10:22:51", "elapsed": 3701.240969, "delta": 8.713466}}
{"target": -15.364830181644848, "params": {"C": 91.95266475270667, "gamma": 5.298366400176317}, "datetime": {"datetime": "2021-06-18 10:23:00", "elapsed": 3709.970735, "delta": 8.729766}}
{"target": -15.21531494797853, "params": {"C": 326629.8568977108, "gamma": 3.136884512959348}, "datetime": {"datetime": "2021-06-18 10:23:10", "elapsed": 3719.388049, "delta": 9.417314}}
{"target": -15.349389083558624, "params": {"C": 903384.8621982276, "gamma": 4.906533654521258}, "datetime": {"datetime": "2021-06-18 10:23:20", "elapsed": 3729.976513, "delta": 10.588464}}
{"target": -14.33637232024857, "params": {"C": 138.9794939421982, "gamma": 2.4416772434992393}, "datetime": {"datetime": "2021-06-18 10:23:29", "elapsed": 3739.050035, "delta": 9.073522}}
{"target": -15.232447070044994, "params": {"C": 239833.3349456562, "gamma": 4.1833071098014285}, "datetime": {"datetime": "2021-06-18 10:23:37", "elapsed": 3747.196029, "delta": 8.145994}}
{"target": -16.406789804000837, "params": {"C": 66343.64474761121, "gamma": 7.939427652725629}, "datetime": {"datetime": "2021-06-18 10:23:46", "elapsed": 3756.055797, "delta": 8.859768}}
{"target": -15.194247985867934, "params": {"C": 124163.46487875131, "gamma": 3.3769729732091482}, "datetime": {"datetime": "2021-06-18 10:23:52", "elapsed": 3761.959091, "delta": 5.903294}}
{"target": -15.211445444169689, "params": {"C": 326635.44912730576, "gamma": 3.8736273902280076}, "datetime": {"datetime": "2021-06-18 10:24:01", "elapsed": 3770.543452, "delta": 8.584361}}
{"target": -16.62448614048552, "params": {"C": 807099.5668678522, "gamma": 8.49063259991245}, "datetime": {"datetime": "2021-06-18 10:24:17", "elapsed": 3786.599459, "delta": 16.056007}}
{"target": -15.205536117256651, "params": {"C": 98333.7507113667, "gamma": 3.7825712312946145}, "datetime": {"datetime": "2021-06-18 10:24:30", "elapsed": 3799.658482, "delta": 13.059023}}
{"target": -15.192891869915481, "params": {"C": 663794.626229182, "gamma": 3.4339058894532966}, "datetime": {"datetime": "2021-06-18 10:24:39", "elapsed": 3808.701721, "delta": 9.043239}}
{"target": -15.932370145896623, "params": {"C": 13959.750166480324, "gamma": 1.89911181252492}, "datetime": {"datetime": "2021-06-18 10:24:54", "elapsed": 3823.538292, "delta": 14.836571}}
{"target": -15.787498780138396, "params": {"C": 88.42867364064689, "gamma": 6.3495773783969875}, "datetime": {"datetime": "2021-06-18 10:25:00", "elapsed": 3829.903441, "delta": 6.365149}}
{"target": -17.094192380602273, "params": {"C": 750953.6738585791, "gamma": 1.2405917795638548}, "datetime": {"datetime": "2021-06-18 10:25:09", "elapsed": 3838.979757, "delta": 9.076316}}
{"target": -15.284664431462655, "params": {"C": 860042.9354386661, "gamma": 4.661830550486991}, "datetime": {"datetime": "2021-06-18 10:25:18", "elapsed": 3847.546957, "delta": 8.5672}}
{"target": -15.474982950805257, "params": {"C": 449916.3541330995, "gamma": 5.3639985992833985}, "datetime": {"datetime": "2021-06-18 10:25:26", "elapsed": 3856.013199, "delta": 8.466242}}
{"target": -15.398896003329243, "params": {"C": 927517.3330932749, "gamma": 5.092460875976537}, "datetime": {"datetime": "2021-06-18 10:25:42", "elapsed": 3872.356388, "delta": 16.343189}}
{"target": -15.337889030812866, "params": {"C": 750956.7293258947, "gamma": 4.863132029119456}, "datetime": {"datetime": "2021-06-18 10:25:51", "elapsed": 3880.503227, "delta": 8.146839}}
{"target": -17.96383625630712, "params": {"C": 860038.8932130103, "gamma": 1.0027374811999252}, "datetime": {"datetime": "2021-06-18 10:26:01", "elapsed": 3891.311424, "delta": 10.808197}}
{"target": -15.85265012872456, "params": {"C": 750939.7657579066, "gamma": 6.514219876113619}, "datetime": {"datetime": "2021-06-18 10:26:11", "elapsed": 3900.905427, "delta": 9.594003}}
{"target": -15.210575698809956, "params": {"C": 449921.0621301907, "gamma": 3.168955075758236}, "datetime": {"datetime": "2021-06-18 10:26:19", "elapsed": 3909.026559, "delta": 8.121132}}
{"target": -15.697543097912083, "params": {"C": 2873.2113221757368, "gamma": 6.052659670654838}, "datetime": {"datetime": "2021-06-18 10:26:27", "elapsed": 3917.27647, "delta": 8.249911}}
{"target": -15.211054605295748, "params": {"C": 66337.2464947422, "gamma": 3.872719227126306}, "datetime": {"datetime": "2021-06-18 10:26:37", "elapsed": 3927.12286, "delta": 9.84639}}
{"target": -17.309489825519954, "params": {"C": 908603.292962465, "gamma": 9.979014538798914}, "datetime": {"datetime": "2021-06-18 10:26:50", "elapsed": 3939.698218, "delta": 12.575358}}
{"target": -16.015301733084, "params": {"C": 28285.01334351369, "gamma": 6.955469555148099}, "datetime": {"datetime": "2021-06-18 10:26:59", "elapsed": 3948.941537, "delta": 9.243319}}
{"target": -15.255662654322297, "params": {"C": 195440.49230536105, "gamma": 4.431476139396183}, "datetime": {"datetime": "2021-06-18 10:27:11", "elapsed": 3960.436789, "delta": 11.495252}}
{"target": -15.321640234829042, "params": {"C": 669227.5204688517, "gamma": 2.7365151283978615}, "datetime": {"datetime": "2021-06-18 10:27:19", "elapsed": 3969.282514, "delta": 8.845725}}
{"target": -16.200164655160542, "params": {"C": 750957.0013093196, "gamma": 7.40910901080612}, "datetime": {"datetime": "2021-06-18 10:27:35", "elapsed": 3984.705704, "delta": 15.42319}}
{"target": -26.80686830707777, "params": {"C": 326633.3360391624, "gamma": 0.3249932104664501}, "datetime": {"datetime": "2021-06-18 10:27:47", "elapsed": 3997.204692, "delta": 12.498988}}
{"target": -18.263454796008855, "params": {"C": 239870.42035610345, "gamma": 0.9323259609065924}, "datetime": {"datetime": "2021-06-18 10:27:56", "elapsed": 4005.789587, "delta": 8.584895}}
{"target": -14.259539595441767, "params": {"C": 122.38347731374014, "gamma": 1.6981102550997622}, "datetime": {"datetime": "2021-06-18 10:28:03", "elapsed": 4012.643197, "delta": 6.85361}}
{"target": -16.309763609566858, "params": {"C": 193445.86263863556, "gamma": 1.6507639710175468}, "datetime": {"datetime": "2021-06-18 10:28:11", "elapsed": 4021.247265, "delta": 8.604068}}
{"target": -15.206707408102748, "params": {"C": 860044.6303114208, "gamma": 3.1958725592387798}, "datetime": {"datetime": "2021-06-18 10:28:24", "elapsed": 4033.814858, "delta": 12.567593}}
{"target": -15.424407930752235, "params": {"C": 606340.8296625225, "gamma": 2.52303604679605}, "datetime": {"datetime": "2021-06-18 10:28:30", "elapsed": 4040.086323, "delta": 6.271465}}
{"target": -15.24960896918679, "params": {"C": 606343.64788764, "gamma": 2.963060841855842}, "datetime": {"datetime": "2021-06-18 10:28:37", "elapsed": 4046.60936, "delta": 6.523037}}
{"target": -15.841118861112513, "params": {"C": 28305.57220926914, "gamma": 6.479026180811777}, "datetime": {"datetime": "2021-06-18 10:28:43", "elapsed": 4053.182206, "delta": 6.572846}}
{"target": -15.549579867362, "params": {"C": 81.69021355014114, "gamma": 5.776971592613523}, "datetime": {"datetime": "2021-06-18 10:28:55", "elapsed": 4065.334072, "delta": 12.151866}}
{"target": -15.902945689594794, "params": {"C": 669224.5910509123, "gamma": 1.9562998058815642}, "datetime": {"datetime": "2021-06-18 10:29:06", "elapsed": 4075.679508, "delta": 10.345436}}
{"target": -14.337319720063062, "params": {"C": 137.36040150880493, "gamma": 2.4260308212137085}, "datetime": {"datetime": "2021-06-18 10:29:14", "elapsed": 4084.042286, "delta": 8.362778}}
{"target": -15.464443949611361, "params": {"C": 326630.1872259572, "gamma": 5.326253594946734}, "datetime": {"datetime": "2021-06-18 10:29:26", "elapsed": 4096.063271, "delta": 12.020985}}
{"target": -16.362094613734012, "params": {"C": 326637.41599452175, "gamma": 7.832322479803924}, "datetime": {"datetime": "2021-06-18 10:29:34", "elapsed": 4103.510834, "delta": 7.447563}}
{"target": -16.01152890781231, "params": {"C": 326639.84130757605, "gamma": 1.86752289272138}, "datetime": {"datetime": "2021-06-18 10:29:43", "elapsed": 4112.459506, "delta": 8.948672}}
{"target": -13.957245126052797, "params": {"C": 86.6638344814891, "gamma": 1.769797769783575}, "datetime": {"datetime": "2021-06-18 10:29:52", "elapsed": 4121.696603, "delta": 9.237097}}
{"target": -15.19945861948409, "params": {"C": 629701.8550081978, "gamma": 3.6733386717478163}, "datetime": {"datetime": "2021-06-18 10:30:05", "elapsed": 4134.559578, "delta": 12.862975}}
{"target": -15.832202229052372, "params": {"C": 28310.103824231326, "gamma": 6.452511466767498}, "datetime": {"datetime": "2021-06-18 10:30:20", "elapsed": 4149.981943, "delta": 15.422365}}
{"target": -15.9664664326357, "params": {"C": 908584.2036817229, "gamma": 6.8366064817309}, "datetime": {"datetime": "2021-06-18 10:30:37", "elapsed": 4166.852696, "delta": 16.870753}}
{"target": -15.398896476716825, "params": {"C": 663448.7157846879, "gamma": 5.092462569619712}, "datetime": {"datetime": "2021-06-18 10:30:48", "elapsed": 4177.534429, "delta": 10.681733}}
{"target": -16.493715194495444, "params": {"C": 211637.16441498304, "gamma": 8.153953900733978}, "datetime": {"datetime": "2021-06-18 10:30:55", "elapsed": 4185.103043, "delta": 7.568614}}
{"target": -15.363601201100616, "params": {"C": 124159.34218926009, "gamma": 4.960840013415825}, "datetime": {"datetime": "2021-06-18 10:31:05", "elapsed": 4194.968628, "delta": 9.865585}}
{"target": -15.207570871468857, "params": {"C": 70025.05529729881, "gamma": 3.8175437207096556}, "datetime": {"datetime": "2021-06-18 10:31:15", "elapsed": 4204.917618, "delta": 9.94899}}
