{"target": -11.135240235983442, "params": {"C": 9.710353905752823, "gamma": 0.681209610058463}, "datetime": {"datetime": "2021-06-20 11:57:58", "elapsed": 256.680148, "delta": 1.05864}}
{"target": -11.228829013135634, "params": {"C": 8.932404123846968, "gamma": 0.7430272026068038}, "datetime": {"datetime": "2021-06-20 11:58:00", "elapsed": 257.906253, "delta": 1.226105}}
{"target": -15.333027361567291, "params": {"C": 7.793152136890645, "gamma": 7.358424038543375}, "datetime": {"datetime": "2021-06-20 11:58:00", "elapsed": 258.692363, "delta": 0.78611}}
{"target": -14.487423667273456, "params": {"C": 6.21818362271842, "gamma": 6.279553198369448}, "datetime": {"datetime": "2021-06-20 11:58:01", "elapsed": 259.517216, "delta": 0.824853}}
{"target": -11.832339833142576, "params": {"C": 5.755668566778193, "gamma": 1.5664020594580979}, "datetime": {"datetime": "2021-06-20 11:58:02", "elapsed": 260.335182, "delta": 0.817966}}
{"target": -11.255432380244693, "params": {"C": 8.421204710790597, "gamma": 0.7658136140986475}, "datetime": {"datetime": "2021-06-20 11:58:03", "elapsed": 261.586377, "delta": 1.251195}}
{"target": -11.452685514560809, "params": {"C": 9.378649115853335, "gamma": 0.9058629157273685}, "datetime": {"datetime": "2021-06-20 11:58:05", "elapsed": 263.05964, "delta": 1.473263}}
{"target": -11.244097104581021, "params": {"C": 7.754020850699814, "gamma": 0.7674872098936507}, "datetime": {"datetime": "2021-06-20 11:58:06", "elapsed": 264.093719, "delta": 1.034079}}
{"target": -12.682630847281107, "params": {"C": 9.302739525536863, "gamma": 0.015100665216890095}, "datetime": {"datetime": "2021-06-20 11:58:07", "elapsed": 265.093663, "delta": 0.999944}}
{"target": -10.324741533542245, "params": {"C": 9.226736225113667, "gamma": 0.2558630202638309}, "datetime": {"datetime": "2021-06-20 11:58:08", "elapsed": 266.268225, "delta": 1.174562}}
{"target": -10.559748408165628, "params": {"C": 7.733312045667567, "gamma": 0.4316675831682447}, "datetime": {"datetime": "2021-06-20 11:58:09", "elapsed": 267.37097, "delta": 1.102745}}
{"target": -14.040387410382912, "params": {"C": 9.768546454843248, "gamma": 0.004049950765400408}, "datetime": {"datetime": "2021-06-20 11:58:10", "elapsed": 268.352788, "delta": 0.981818}}
{"target": -11.198282114510711, "params": {"C": 10.0, "gamma": 0.7130316766747338}, "datetime": {"datetime": "2021-06-20 11:58:11", "elapsed": 269.284477, "delta": 0.931689}}
{"target": -10.334674006437575, "params": {"C": 10.0, "gamma": 0.18317311613179277}, "datetime": {"datetime": "2021-06-20 11:58:12", "elapsed": 270.359976, "delta": 1.075499}}
{"target": -10.322645846805987, "params": {"C": 9.719562663697264, "gamma": 0.26402622537751563}, "datetime": {"datetime": "2021-06-20 11:58:13", "elapsed": 271.489933, "delta": 1.129957}}
{"target": -10.318072652444332, "params": {"C": 9.443336625621253, "gamma": 0.22222321073858278}, "datetime": {"datetime": "2021-06-20 11:58:14", "elapsed": 272.580885, "delta": 1.090952}}
{"target": -10.35742311424386, "params": {"C": 7.666103642327388, "gamma": 0.2892665363348311}, "datetime": {"datetime": "2021-06-20 11:58:16", "elapsed": 273.863319, "delta": 1.282434}}
{"target": -10.471928778246584, "params": {"C": 5.067973419542996, "gamma": 0.20567689473820558}, "datetime": {"datetime": "2021-06-20 11:58:16", "elapsed": 274.741334, "delta": 0.878015}}
{"target": -10.701955174993921, "params": {"C": 8.090155407263001, "gamma": 0.4860764300058159}, "datetime": {"datetime": "2021-06-20 11:58:18", "elapsed": 275.860196, "delta": 1.118862}}
{"target": -11.36659189583639, "params": {"C": 6.400640434292391, "gamma": 0.8722694523198511}, "datetime": {"datetime": "2021-06-20 11:58:19", "elapsed": 276.898783, "delta": 1.038587}}
{"target": -11.463029576872968, "params": {"C": 4.402131083022635, "gamma": 0.9980693138210853}, "datetime": {"datetime": "2021-06-20 11:58:20", "elapsed": 278.024969, "delta": 1.126186}}
{"target": -11.236544943046166, "params": {"C": 8.688645466771874, "gamma": 0.7507141120510252}, "datetime": {"datetime": "2021-06-20 11:58:21", "elapsed": 279.229153, "delta": 1.204184}}
{"target": -10.62679173161262, "params": {"C": 2.7275004881239084, "gamma": 0.4746084331110594}, "datetime": {"datetime": "2021-06-20 11:58:22", "elapsed": 280.108584, "delta": 0.879431}}
{"target": -11.502872080445805, "params": {"C": 5.402770530720087, "gamma": 1.014001027728843}, "datetime": {"datetime": "2021-06-20 11:58:23", "elapsed": 281.634756, "delta": 1.526172}}
{"target": -14.857535028814606, "params": {"C": 4.000691575379724, "gamma": 7.0200498039313945}, "datetime": {"datetime": "2021-06-20 11:58:24", "elapsed": 282.543725, "delta": 0.908969}}
{"target": -11.455307156153072, "params": {"C": 1.8596424291035658, "gamma": 1.1030317803109528}, "datetime": {"datetime": "2021-06-20 11:58:26", "elapsed": 284.193704, "delta": 1.649979}}
{"target": -11.373432413993799, "params": {"C": 0.528276754522607, "gamma": 0.45390445469598406}, "datetime": {"datetime": "2021-06-20 11:58:27", "elapsed": 285.611471, "delta": 1.417767}}
{"target": -12.293040288244567, "params": {"C": 0.677915921228049, "gamma": 0.1315683846036697}, "datetime": {"datetime": "2021-06-20 11:58:28", "elapsed": 286.772427, "delta": 1.160956}}
{"target": -11.548630893509968, "params": {"C": 9.807383459324779, "gamma": 1.019010116831794}, "datetime": {"datetime": "2021-06-20 11:58:30", "elapsed": 287.915277, "delta": 1.14285}}
{"target": -11.378941613575092, "params": {"C": 2.8090427496583215, "gamma": 0.9855295810157374}, "datetime": {"datetime": "2021-06-20 11:58:31", "elapsed": 289.292808, "delta": 1.377531}}
{"target": -11.482896034896735, "params": {"C": 6.719316860711201, "gamma": 0.9678356305903556}, "datetime": {"datetime": "2021-06-20 11:58:33", "elapsed": 290.836371, "delta": 1.543563}}
{"target": -10.440122340773142, "params": {"C": 8.673044871021371, "gamma": 0.14590384232996118}, "datetime": {"datetime": "2021-06-20 11:58:34", "elapsed": 292.146856, "delta": 1.310485}}
{"target": -11.549307815626012, "params": {"C": 6.087033796234694, "gamma": 1.0527568915948964}, "datetime": {"datetime": "2021-06-20 11:58:35", "elapsed": 293.411904, "delta": 1.265048}}
{"target": -11.554705727260158, "params": {"C": 3.20618694149804, "gamma": 1.1334437058181002}, "datetime": {"datetime": "2021-06-20 11:58:36", "elapsed": 294.757127, "delta": 1.345223}}
{"target": -11.557887234154578, "params": {"C": 8.174670438957074, "gamma": 1.0435379507064373}, "datetime": {"datetime": "2021-06-20 11:58:38", "elapsed": 296.111406, "delta": 1.354279}}
{"target": -16.127204341864505, "params": {"C": 7.133644980556547, "gamma": 8.870444304209373}, "datetime": {"datetime": "2021-06-20 11:58:39", "elapsed": 297.025099, "delta": 0.913693}}
{"target": -11.534347003564013, "params": {"C": 4.74304610780656, "gamma": 1.0624751524352607}, "datetime": {"datetime": "2021-06-20 11:58:40", "elapsed": 298.117324, "delta": 1.092225}}
{"target": -11.552157222339925, "params": {"C": 1.1816978008159753, "gamma": 1.117191368256562}, "datetime": {"datetime": "2021-06-20 11:58:41", "elapsed": 299.32919, "delta": 1.211866}}
{"target": -11.602133617696676, "params": {"C": 8.635209231961895, "gamma": 1.1060186255740414}, "datetime": {"datetime": "2021-06-20 11:58:42", "elapsed": 300.533952, "delta": 1.204762}}
{"target": -10.36506803969731, "params": {"C": 7.912540597187338, "gamma": 0.3038909753936975}, "datetime": {"datetime": "2021-06-20 11:58:43", "elapsed": 301.556796, "delta": 1.022844}}
{"target": -11.53681010521328, "params": {"C": 7.132551995037493, "gamma": 1.0240468198749415}, "datetime": {"datetime": "2021-06-20 11:58:45", "elapsed": 302.84457, "delta": 1.287774}}
{"target": -11.612572904560494, "params": {"C": 0.46763510857962937, "gamma": 0.7715198202686753}, "datetime": {"datetime": "2021-06-20 11:58:46", "elapsed": 304.591762, "delta": 1.747192}}
{"target": -11.609910721496524, "params": {"C": 2.496498334463149, "gamma": 1.2368140139515507}, "datetime": {"datetime": "2021-06-20 11:58:47", "elapsed": 305.729492, "delta": 1.13773}}
{"target": -11.652101881952913, "params": {"C": 1.5630234684622815, "gamma": 1.3527858327001079}, "datetime": {"datetime": "2021-06-20 11:58:49", "elapsed": 307.039214, "delta": 1.309722}}
{"target": -11.653586881567747, "params": {"C": 3.6954801130126667, "gamma": 1.251251898308885}, "datetime": {"datetime": "2021-06-20 11:58:50", "elapsed": 308.407791, "delta": 1.368577}}
{"target": -12.05601475355373, "params": {"C": 2.7802102541979448, "gamma": 1.9650317241691957}, "datetime": {"datetime": "2021-06-20 11:58:51", "elapsed": 309.377528, "delta": 0.969737}}
{"target": -11.719419362444029, "params": {"C": 5.112598595973409, "gamma": 1.3524769301148636}, "datetime": {"datetime": "2021-06-20 11:58:52", "elapsed": 310.60519, "delta": 1.227662}}
{"target": -12.834235752029125, "params": {"C": 0.15701361032356434, "gamma": 0.4960463525007711}, "datetime": {"datetime": "2021-06-20 11:58:54", "elapsed": 312.225423, "delta": 1.620233}}
{"target": -11.671611204793072, "params": {"C": 6.416992231105015, "gamma": 1.2425798768319598}, "datetime": {"datetime": "2021-06-20 11:58:55", "elapsed": 313.396757, "delta": 1.171334}}
{"target": -11.753537214954953, "params": {"C": 9.461082051746008, "gamma": 1.3673201498960814}, "datetime": {"datetime": "2021-06-20 11:58:57", "elapsed": 314.916302, "delta": 1.519545}}
{"target": -11.7029594510371, "params": {"C": 6.884263404029763, "gamma": 1.30955976381985}, "datetime": {"datetime": "2021-06-20 11:58:58", "elapsed": 316.158129, "delta": 1.241827}}
{"target": -14.370638983784643, "params": {"C": 8.69154027365168, "gamma": 5.811940458446493}, "datetime": {"datetime": "2021-06-20 11:58:59", "elapsed": 317.109449, "delta": 0.95132}}
{"target": -11.65813813795577, "params": {"C": 0.7321142385296884, "gamma": 1.0553620972634479}, "datetime": {"datetime": "2021-06-20 11:59:00", "elapsed": 318.441622, "delta": 1.332173}}
{"target": -11.732114108513036, "params": {"C": 4.343077670694072, "gamma": 1.3916269181053307}, "datetime": {"datetime": "2021-06-20 11:59:01", "elapsed": 319.652612, "delta": 1.21099}}
{"target": -11.089242858872412, "params": {"C": 9.458696046815636, "gamma": 0.6614999811741299}, "datetime": {"datetime": "2021-06-20 11:59:03", "elapsed": 321.772482, "delta": 2.11987}}
{"target": -16.491453872892265, "params": {"C": 2.3481839308763166, "gamma": 9.890117927375465}, "datetime": {"datetime": "2021-06-20 11:59:04", "elapsed": 322.759123, "delta": 0.986641}}
{"target": -11.747309690378227, "params": {"C": 7.285553598609203, "gamma": 1.3956777749332097}, "datetime": {"datetime": "2021-06-20 11:59:06", "elapsed": 323.926087, "delta": 1.166964}}
{"target": -11.816851429671354, "params": {"C": 3.2747732288426823, "gamma": 1.5574366450521175}, "datetime": {"datetime": "2021-06-20 11:59:07", "elapsed": 325.449686, "delta": 1.523599}}
{"target": -11.773817036840072, "params": {"C": 8.348723830939766, "gamma": 1.435498429191693}, "datetime": {"datetime": "2021-06-20 11:59:09", "elapsed": 326.891617, "delta": 1.441931}}
{"target": -11.818594288291301, "params": {"C": 4.735186812948201, "gamma": 1.553866887866827}, "datetime": {"datetime": "2021-06-20 11:59:10", "elapsed": 328.317408, "delta": 1.425791}}
{"target": -11.802279109797292, "params": {"C": 9.933071278248693, "gamma": 1.451457918842318}, "datetime": {"datetime": "2021-06-20 11:59:11", "elapsed": 329.459246, "delta": 1.141838}}
{"target": -13.759944391141165, "params": {"C": 4.633230492486242, "gamma": 5.501550487305734}, "datetime": {"datetime": "2021-06-20 11:59:12", "elapsed": 330.46716, "delta": 1.007914}}
{"target": -17.269632539931752, "params": {"C": 3.466431288143519, "gamma": 0.001}, "datetime": {"datetime": "2021-06-20 11:59:14", "elapsed": 331.924278, "delta": 1.457118}}
{"target": -10.394922345853196, "params": {"C": 7.379299972732955, "gamma": 0.33596918258099756}, "datetime": {"datetime": "2021-06-20 11:59:15", "elapsed": 333.235729, "delta": 1.311451}}
{"target": -10.596062704705115, "params": {"C": 3.3104935222291783, "gamma": 0.22679635610763402}, "datetime": {"datetime": "2021-06-20 11:59:17", "elapsed": 335.53674, "delta": 2.301011}}
{"target": -10.539816662510406, "params": {"C": 5.89301713572953, "gamma": 0.45242082804859574}, "datetime": {"datetime": "2021-06-20 11:59:18", "elapsed": 336.533346, "delta": 0.996606}}
{"target": -10.336622586821646, "params": {"C": 8.576399043753874, "gamma": 0.21020267533276016}, "datetime": {"datetime": "2021-06-20 11:59:20", "elapsed": 337.793752, "delta": 1.260406}}
{"target": -10.345456778522509, "params": {"C": 8.38318482746339, "gamma": 0.2007370447224845}, "datetime": {"datetime": "2021-06-20 11:59:21", "elapsed": 339.065745, "delta": 1.271993}}
{"target": -10.560188546932528, "params": {"C": 4.156908271290101, "gamma": 0.19603934764441408}, "datetime": {"datetime": "2021-06-20 11:59:22", "elapsed": 340.270503, "delta": 1.204758}}
{"target": -10.553773326170024, "params": {"C": 3.1139489676178354, "gamma": 0.2891697719251138}, "datetime": {"datetime": "2021-06-20 11:59:23", "elapsed": 341.7627, "delta": 1.492197}}
{"target": -10.440680740470974, "params": {"C": 4.647530264407751, "gamma": 0.3402413519990766}, "datetime": {"datetime": "2021-06-20 11:59:26", "elapsed": 344.619184, "delta": 1.373144}}
{"target": -12.00172245609597, "params": {"C": 0.8052116531252055, "gamma": 1.6898469986296882}, "datetime": {"datetime": "2021-06-20 11:59:29", "elapsed": 347.159154, "delta": 1.076337}}
{"target": -10.893232863229745, "params": {"C": 9.027406031266173, "gamma": 0.5688494467739464}, "datetime": {"datetime": "2021-06-20 11:59:30", "elapsed": 348.473674, "delta": 1.31452}}
{"target": -11.064680828032067, "params": {"C": 5.979736678598218, "gamma": 0.692334368604031}, "datetime": {"datetime": "2021-06-20 11:59:32", "elapsed": 349.973138, "delta": 1.499464}}
{"target": -10.38272425929381, "params": {"C": 9.565469498856402, "gamma": 0.15985217565412507}, "datetime": {"datetime": "2021-06-20 11:59:33", "elapsed": 351.296995, "delta": 1.323857}}
{"target": -11.751160425798211, "params": {"C": 8.002546730478567, "gamma": 1.395308112628217}, "datetime": {"datetime": "2021-06-20 11:59:35", "elapsed": 353.027198, "delta": 1.730203}}
{"target": -11.597055393745629, "params": {"C": 2.1692602911334444, "gamma": 1.2468095686855503}, "datetime": {"datetime": "2021-06-20 11:59:36", "elapsed": 354.348401, "delta": 1.321203}}
{"target": -10.787804587830296, "params": {"C": 1.6940681926181895, "gamma": 0.34974861043109656}, "datetime": {"datetime": "2021-06-20 11:59:38", "elapsed": 355.95348, "delta": 1.605079}}
{"target": -11.919746309178938, "params": {"C": 6.648458127395452, "gamma": 1.679148396968755}, "datetime": {"datetime": "2021-06-20 11:59:39", "elapsed": 357.303626, "delta": 1.350146}}
{"target": -11.957739627350332, "params": {"C": 5.223673907717248, "gamma": 1.7794388193550417}, "datetime": {"datetime": "2021-06-20 11:59:40", "elapsed": 358.770524, "delta": 1.466898}}
{"target": -12.07449681897503, "params": {"C": 9.610252653704867, "gamma": 1.8340927656991426}, "datetime": {"datetime": "2021-06-20 11:59:42", "elapsed": 360.673862, "delta": 1.903338}}
{"target": -10.320276627255371, "params": {"C": 9.895098323683454, "gamma": 0.20082630612242905}, "datetime": {"datetime": "2021-06-20 11:59:44", "elapsed": 361.922167, "delta": 1.248305}}
{"target": -11.650415931084472, "params": {"C": 4.033763450954913, "gamma": 1.2367929218682852}, "datetime": {"datetime": "2021-06-20 11:59:45", "elapsed": 363.405905, "delta": 1.483738}}
{"target": -11.770569114266783, "params": {"C": 6.143488051513834, "gamma": 1.4730643215658334}, "datetime": {"datetime": "2021-06-20 11:59:47", "elapsed": 365.050745, "delta": 1.64484}}
{"target": -11.538842445041475, "params": {"C": 7.87515431403895, "gamma": 1.0211952592685418}, "datetime": {"datetime": "2021-06-20 11:59:48", "elapsed": 366.363993, "delta": 1.313248}}
{"target": -12.017746927297388, "params": {"C": 8.700732992451323, "gamma": 1.7662655922717754}, "datetime": {"datetime": "2021-06-20 11:59:50", "elapsed": 368.010124, "delta": 1.646131}}
{"target": -12.14533361850986, "params": {"C": 6.183216203451926, "gamma": 2.0479303068557195}, "datetime": {"datetime": "2021-06-20 11:59:51", "elapsed": 369.627505, "delta": 1.617381}}
{"target": -12.76516833821521, "params": {"C": 3.3713013461375057, "gamma": 3.7041822726932043}, "datetime": {"datetime": "2021-06-20 11:59:53", "elapsed": 371.251418, "delta": 1.623913}}
{"target": -16.758507833936193, "params": {"C": 10.0, "gamma": 10.0}, "datetime": {"datetime": "2021-06-20 11:59:54", "elapsed": 372.501801, "delta": 1.250383}}
{"target": -11.093432234901071, "params": {"C": 1.2267757588563653, "gamma": 0.6947819988433536}, "datetime": {"datetime": "2021-06-20 11:59:55", "elapsed": 373.624039, "delta": 1.122238}}
{"target": -11.774338769999627, "params": {"C": 1.210382087808517, "gamma": 1.4720606509808376}, "datetime": {"datetime": "2021-06-20 11:59:58", "elapsed": 375.975489, "delta": 2.35145}}
{"target": -11.13571828586904, "params": {"C": 9.709857538815866, "gamma": 0.6814610446610618}, "datetime": {"datetime": "2021-06-20 11:59:59", "elapsed": 377.096554, "delta": 1.121065}}
{"target": -16.651818864553565, "params": {"C": 5.91502881522988, "gamma": 10.0}, "datetime": {"datetime": "2021-06-20 12:00:00", "elapsed": 378.715788, "delta": 1.619234}}
{"target": -13.269861049957196, "params": {"C": 2.4801350798689694, "gamma": 4.9855508234899455}, "datetime": {"datetime": "2021-06-20 12:00:02", "elapsed": 380.150714, "delta": 1.434926}}
{"target": -11.099617204732793, "params": {"C": 5.0608682853042675, "gamma": 0.7279574876437345}, "datetime": {"datetime": "2021-06-20 12:00:04", "elapsed": 381.812767, "delta": 1.662053}}
{"target": -15.841990329664398, "params": {"C": 5.368071396232139, "gamma": 8.451389086810478}, "datetime": {"datetime": "2021-06-20 12:00:06", "elapsed": 384.019393, "delta": 2.206626}}
{"target": -11.838632001721074, "params": {"C": 2.5458793413645453, "gamma": 1.5893303711131905}, "datetime": {"datetime": "2021-06-20 12:00:08", "elapsed": 386.528551, "delta": 2.509158}}
{"target": -34.3978635070562, "params": {"C": 0.001, "gamma": 10.0}, "datetime": {"datetime": "2021-06-20 12:00:10", "elapsed": 388.360707, "delta": 1.832156}}
{"target": -11.453002742289366, "params": {"C": 9.109957231763651, "gamma": 0.9084620872158157}, "datetime": {"datetime": "2021-06-20 12:00:12", "elapsed": 390.149389, "delta": 1.788682}}
{"target": -10.765395784486824, "params": {"C": 1.9939422316832316, "gamma": 0.2577558785689421}, "datetime": {"datetime": "2021-06-20 12:00:13", "elapsed": 391.59115, "delta": 1.441761}}
{"target": -10.368182343303141, "params": {"C": 6.716558480097745, "gamma": 0.2750885602145647}, "datetime": {"datetime": "2021-06-20 12:00:15", "elapsed": 393.47191, "delta": 1.88076}}
{"target": -11.072124982496327, "params": {"C": 8.188365232774219, "gamma": 0.6658686208835327}, "datetime": {"datetime": "2021-06-20 12:00:17", "elapsed": 395.182943, "delta": 1.711033}}
{"target": -10.982710113944298, "params": {"C": 1.1038108955528856, "gamma": 0.34245794369420557}, "datetime": {"datetime": "2021-06-20 12:00:19", "elapsed": 397.090326, "delta": 1.907383}}
{"target": -10.807378876119708, "params": {"C": 8.44943694826038, "gamma": 0.5298091423573981}, "datetime": {"datetime": "2021-06-20 12:00:21", "elapsed": 399.026019, "delta": 1.935693}}
{"target": -10.439644460972733, "params": {"C": 6.369504941246099, "gamma": 0.3773800265881459}, "datetime": {"datetime": "2021-06-20 12:00:22", "elapsed": 400.681672, "delta": 1.655653}}
{"target": -12.039341942177263, "params": {"C": 9.268006357410464, "gamma": 1.78640647365112}, "datetime": {"datetime": "2021-06-20 12:00:24", "elapsed": 401.824461, "delta": 1.142789}}
{"target": -11.974811540568501, "params": {"C": 7.084852377082849, "gamma": 1.7456273499837778}, "datetime": {"datetime": "2021-06-20 12:00:25", "elapsed": 403.551002, "delta": 1.726541}}
{"target": -12.090347027880483, "params": {"C": 4.647137196899113, "gamma": 2.0216727177891065}, "datetime": {"datetime": "2021-06-20 12:00:27", "elapsed": 405.061766, "delta": 1.510764}}
{"target": -12.101671415187305, "params": {"C": 3.336564687074599, "gamma": 2.0819290473211916}, "datetime": {"datetime": "2021-06-20 12:00:29", "elapsed": 406.841449, "delta": 1.779683}}
{"target": -15.373593070980071, "params": {"C": 2.5860134197315694, "gamma": 7.964556687340591}, "datetime": {"datetime": "2021-06-20 12:00:30", "elapsed": 408.004478, "delta": 1.163029}}
{"target": -10.357591355594522, "params": {"C": 7.66611638896679, "gamma": 0.28962000331207427}, "datetime": {"datetime": "2021-06-20 12:00:31", "elapsed": 409.218845, "delta": 1.214367}}
{"target": -13.88662348115438, "params": {"C": 7.792707915412484, "gamma": 5.060332185317099}, "datetime": {"datetime": "2021-06-20 12:00:33", "elapsed": 411.394084, "delta": 2.175239}}
{"target": -13.475533674685966, "params": {"C": 5.555134795060332, "gamma": 4.775048804983593}, "datetime": {"datetime": "2021-06-20 12:00:35", "elapsed": 412.813516, "delta": 1.419432}}
{"target": -14.958349937836413, "params": {"C": 9.113251689010701, "gamma": 6.6308331616739675}, "datetime": {"datetime": "2021-06-20 12:00:36", "elapsed": 414.132563, "delta": 1.319047}}
{"target": -10.609557042194671, "params": {"C": 5.324415888589252, "gamma": 0.49706188840883314}, "datetime": {"datetime": "2021-06-20 12:00:37", "elapsed": 415.705214, "delta": 1.572651}}
{"target": -12.484847380508535, "params": {"C": 9.983360393544896, "gamma": 2.593955769275597}, "datetime": {"datetime": "2021-06-20 12:00:39", "elapsed": 417.303917, "delta": 1.598703}}
{"target": -12.292135651927278, "params": {"C": 5.3177878782665475, "gamma": 2.362761186710025}, "datetime": {"datetime": "2021-06-20 12:00:41", "elapsed": 418.908216, "delta": 1.604299}}
