{"target": -12.261287487678366, "params": {"C": 3.3022623630177574, "gamma": 2.418714958503388}, "datetime": {"datetime": "2021-06-20 12:34:38", "elapsed": 2455.940661, "delta": 5.63051}}
{"target": -10.342706919475015, "params": {"C": 8.904294380135921, "gamma": 0.19314776536306424}, "datetime": {"datetime": "2021-06-20 12:34:44", "elapsed": 2462.290247, "delta": 6.349586}}
{"target": -12.19002628015487, "params": {"C": 1.5309732119317636, "gamma": 2.240974218507212}, "datetime": {"datetime": "2021-06-20 12:34:51", "elapsed": 2469.192914, "delta": 6.902667}}
{"target": -11.801839087246275, "params": {"C": 5.250868099225123, "gamma": 1.530209632192408}, "datetime": {"datetime": "2021-06-20 12:34:58", "elapsed": 2476.565124, "delta": 7.37221}}
{"target": -10.346008456561213, "params": {"C": 8.0616793137195, "gamma": 0.20777279533660545}, "datetime": {"datetime": "2021-06-20 12:35:07", "elapsed": 2484.808042, "delta": 8.242918}}
{"target": -14.94017862257579, "params": {"C": 8.397034782333924, "gamma": 6.680682238308398}, "datetime": {"datetime": "2021-06-20 12:35:10", "elapsed": 2488.607766, "delta": 3.799724}}
{"target": -10.391087594662404, "params": {"C": 7.748288724316157, "gamma": 0.33556506633329225}, "datetime": {"datetime": "2021-06-20 12:35:20", "elapsed": 2498.225943, "delta": 9.618177}}
{"target": -13.25499662404836, "params": {"C": 5.81166779943979, "gamma": 4.353211694577699}, "datetime": {"datetime": "2021-06-20 12:35:29", "elapsed": 2507.758279, "delta": 9.532336}}
{"target": -14.891845161998377, "params": {"C": 7.710845264980146, "gamma": 6.684347370025095}, "datetime": {"datetime": "2021-06-20 12:35:35", "elapsed": 2513.230129, "delta": 5.47185}}
{"target": -10.854874669634443, "params": {"C": 1.423506577410755, "gamma": 0.43210122642048576}, "datetime": {"datetime": "2021-06-20 12:35:41", "elapsed": 2519.281322, "delta": 6.051193}}
{"target": -10.655307111397763, "params": {"C": 2.4180607658084687, "gamma": 0.4303605399575674}, "datetime": {"datetime": "2021-06-20 12:35:50", "elapsed": 2528.636629, "delta": 9.355307}}
{"target": -12.387689729630962, "params": {"C": 8.393825072872602, "gamma": 2.4570909007491846}, "datetime": {"datetime": "2021-06-20 12:36:00", "elapsed": 2538.294937, "delta": 9.658308}}
{"target": -10.666888380868738, "params": {"C": 4.605495215867603, "gamma": 0.5421851883441403}, "datetime": {"datetime": "2021-06-20 12:36:10", "elapsed": 2548.744082, "delta": 10.449145}}
{"target": -16.09928903285283, "params": {"C": 3.5474543798111835, "gamma": 9.093549192175447}, "datetime": {"datetime": "2021-06-20 12:36:19", "elapsed": 2557.143762, "delta": 8.39968}}
{"target": -10.93109324097114, "params": {"C": 1.464259441978509, "gamma": 0.6202151833605661}, "datetime": {"datetime": "2021-06-20 12:36:23", "elapsed": 2561.016491, "delta": 3.872729}}
{"target": -10.37826241260566, "params": {"C": 6.382901103301657, "gamma": 0.287157256217509}, "datetime": {"datetime": "2021-06-20 12:36:32", "elapsed": 2570.301042, "delta": 9.284551}}
{"target": -10.55695437972901, "params": {"C": 7.539456171139748, "gamma": 0.11354392033796432}, "datetime": {"datetime": "2021-06-20 12:36:40", "elapsed": 2578.423995, "delta": 8.122953}}
{"target": -10.383216536618221, "params": {"C": 5.8360264846720185, "gamma": 0.269980823146776}, "datetime": {"datetime": "2021-06-20 12:36:53", "elapsed": 2591.48981, "delta": 13.065815}}
{"target": -12.685482365930142, "params": {"C": 4.743862801787011, "gamma": 3.381471838258883}, "datetime": {"datetime": "2021-06-20 12:37:01", "elapsed": 2599.705466, "delta": 8.215656}}
{"target": -10.914820131278843, "params": {"C": 1.4782694784609645, "gamma": 0.24204586167798994}, "datetime": {"datetime": "2021-06-20 12:37:08", "elapsed": 2606.517161, "delta": 6.811695}}
{"target": -12.680747706329184, "params": {"C": 4.148207984230244, "gamma": 3.3938528570544553}, "datetime": {"datetime": "2021-06-20 12:37:15", "elapsed": 2613.368671, "delta": 6.85151}}
{"target": -10.336175582802957, "params": {"C": 9.27311550246139, "gamma": 0.19353223347609438}, "datetime": {"datetime": "2021-06-20 12:37:29", "elapsed": 2627.494542, "delta": 14.125871}}
{"target": -14.329670760493773, "params": {"C": 4.003579432189844, "gamma": 6.308021652878203}, "datetime": {"datetime": "2021-06-20 12:37:36", "elapsed": 2633.829511, "delta": 6.334969}}
{"target": -10.521047904781547, "params": {"C": 3.39849875931483, "gamma": 0.29529052876793593}, "datetime": {"datetime": "2021-06-20 12:37:41", "elapsed": 2639.776891, "delta": 5.94738}}
{"target": -12.104045276822664, "params": {"C": 3.0299726690709634, "gamma": 2.0771952963657196}, "datetime": {"datetime": "2021-06-20 12:37:58", "elapsed": 2656.063369, "delta": 16.286478}}
{"target": -14.659041015072011, "params": {"C": 5.168137961992274, "gamma": 6.643145626139988}, "datetime": {"datetime": "2021-06-20 12:38:02", "elapsed": 2660.347268, "delta": 4.283899}}
{"target": -13.548590452955922, "params": {"C": 0.6493672467662686, "gamma": 4.6907765629395906}, "datetime": {"datetime": "2021-06-20 12:38:10", "elapsed": 2668.596602, "delta": 8.249334}}
{"target": -10.6457360331928, "params": {"C": 2.6125326311460806, "gamma": 0.26453595798807455}, "datetime": {"datetime": "2021-06-20 12:38:19", "elapsed": 2676.778796, "delta": 8.182194}}
{"target": -11.683379112635201, "params": {"C": 0.3540727672277931, "gamma": 0.5940302584911739}, "datetime": {"datetime": "2021-06-20 12:38:24", "elapsed": 2681.842995, "delta": 5.064199}}
{"target": -10.36163817414655, "params": {"C": 9.077655260348356, "gamma": 0.3130910874025314}, "datetime": {"datetime": "2021-06-20 12:38:34", "elapsed": 2691.887601, "delta": 10.044606}}
{"target": -13.592562043491055, "params": {"C": 4.143013458361553, "gamma": 5.3506873957730745}, "datetime": {"datetime": "2021-06-20 12:38:38", "elapsed": 2696.071231, "delta": 4.18363}}
{"target": -10.405557552841554, "params": {"C": 8.11355824880621, "gamma": 0.35410870183703846}, "datetime": {"datetime": "2021-06-20 12:38:51", "elapsed": 2709.371989, "delta": 13.300758}}
{"target": -10.350887239817641, "params": {"C": 8.546128390066933, "gamma": 0.2921514383512311}, "datetime": {"datetime": "2021-06-20 12:38:59", "elapsed": 2717.410957, "delta": 8.038968}}
{"target": -11.952176428601819, "params": {"C": 4.610971877381773, "gamma": 1.7775830113195559}, "datetime": {"datetime": "2021-06-20 12:39:08", "elapsed": 2726.054764, "delta": 8.643807}}
{"target": -15.537151421111723, "params": {"C": 2.781363483446895, "gamma": 8.210128412218989}, "datetime": {"datetime": "2021-06-20 12:39:12", "elapsed": 2730.763667, "delta": 4.708903}}
{"target": -12.900735558938155, "params": {"C": 8.17313018636635, "gamma": 3.4650437750799656}, "datetime": {"datetime": "2021-06-20 12:39:22", "elapsed": 2740.712712, "delta": 9.949045}}
{"target": -10.341367979565469, "params": {"C": 8.289814580394319, "gamma": 0.20988387502225644}, "datetime": {"datetime": "2021-06-20 12:39:29", "elapsed": 2746.787377, "delta": 6.074665}}
{"target": -11.016314077755256, "params": {"C": 3.9696719330770303, "gamma": 0.714233153661579}, "datetime": {"datetime": "2021-06-20 12:39:38", "elapsed": 2756.773669, "delta": 9.986292}}
{"target": -12.050736555259325, "params": {"C": 1.662424061028322, "gamma": 1.9459886362747139}, "datetime": {"datetime": "2021-06-20 12:39:47", "elapsed": 2765.693702, "delta": 8.920033}}
{"target": -10.643644736849478, "params": {"C": 2.6052485012954616, "gamma": 0.4740884116349834}, "datetime": {"datetime": "2021-06-20 12:39:52", "elapsed": 2770.258712, "delta": 4.56501}}
{"target": -10.33103661727289, "params": {"C": 9.146050098771834, "gamma": 0.2699960330113352}, "datetime": {"datetime": "2021-06-20 12:39:59", "elapsed": 2777.21265, "delta": 6.953938}}
{"target": -16.109969308205258, "params": {"C": 1.317858821920792, "gamma": 9.255187979355973}, "datetime": {"datetime": "2021-06-20 12:40:03", "elapsed": 2781.187757, "delta": 3.975107}}
{"target": -10.346150124839516, "params": {"C": 7.614448403074366, "gamma": 0.24483661861552677}, "datetime": {"datetime": "2021-06-20 12:40:12", "elapsed": 2790.162977, "delta": 8.97522}}
{"target": -10.313794032018045, "params": {"C": 9.816213910338423, "gamma": 0.21690191398776304}, "datetime": {"datetime": "2021-06-20 12:40:22", "elapsed": 2800.616458, "delta": 10.453481}}
{"target": -10.447477065800332, "params": {"C": 4.2973673524314036, "gamma": 0.283925192943159}, "datetime": {"datetime": "2021-06-20 12:40:31", "elapsed": 2808.938404, "delta": 8.321946}}
{"target": -12.128230868652988, "params": {"C": 9.145740443175212, "gamma": 1.9320748768516396}, "datetime": {"datetime": "2021-06-20 12:40:35", "elapsed": 2812.947081, "delta": 4.008677}}
{"target": -10.38948548313201, "params": {"C": 7.395782029899244, "gamma": 0.18636671671121044}, "datetime": {"datetime": "2021-06-20 12:40:41", "elapsed": 2818.854289, "delta": 5.907208}}
{"target": -16.569864260415926, "params": {"C": 3.0540959128650105, "gamma": 10.0}, "datetime": {"datetime": "2021-06-20 12:40:49", "elapsed": 2827.717881, "delta": 8.863592}}
{"target": -10.906129949804173, "params": {"C": 8.025250961082511, "gamma": 0.5914765247380104}, "datetime": {"datetime": "2021-06-20 12:41:01", "elapsed": 2838.796819, "delta": 11.078938}}
{"target": -12.646611455820173, "params": {"C": 8.691753056469409, "gamma": 2.9564917939019497}, "datetime": {"datetime": "2021-06-20 12:41:10", "elapsed": 2848.396049, "delta": 9.59923}}
{"target": -10.38266836753339, "params": {"C": 8.87328986271072, "gamma": 0.3358288032328419}, "datetime": {"datetime": "2021-06-20 12:41:20", "elapsed": 2858.200415, "delta": 9.804366}}
{"target": -10.594538016155493, "params": {"C": 2.9018992069194853, "gamma": 0.44851337511525213}, "datetime": {"datetime": "2021-06-20 12:41:33", "elapsed": 2871.077107, "delta": 12.876692}}
{"target": -16.348253818823096, "params": {"C": 5.732709108460437, "gamma": 9.390296089120058}, "datetime": {"datetime": "2021-06-20 12:41:46", "elapsed": 2884.070695, "delta": 12.993588}}
{"target": -12.3684388077831, "params": {"C": 1.2166806272531687, "gamma": 2.6695201286809254}, "datetime": {"datetime": "2021-06-20 12:41:56", "elapsed": 2894.581772, "delta": 10.511077}}
{"target": -12.532414220716795, "params": {"C": 2.973782208534558, "gamma": 3.0564489088161038}, "datetime": {"datetime": "2021-06-20 12:42:03", "elapsed": 2901.72267, "delta": 7.140898}}
{"target": -16.309041343294503, "params": {"C": 0.6438463987130798, "gamma": 9.564533870412285}, "datetime": {"datetime": "2021-06-20 12:42:08", "elapsed": 2906.333635, "delta": 4.610965}}
{"target": -12.288647568127221, "params": {"C": 1.8799592412512993, "gamma": 2.477054352815818}, "datetime": {"datetime": "2021-06-20 12:42:16", "elapsed": 2914.397353, "delta": 8.063718}}
{"target": -10.467835360361596, "params": {"C": 5.575765456980276, "gamma": 0.3998939424223419}, "datetime": {"datetime": "2021-06-20 12:42:26", "elapsed": 2923.872577, "delta": 9.475224}}
{"target": -16.25101743828642, "params": {"C": 0.5156186003127274, "gamma": 9.301890590735166}, "datetime": {"datetime": "2021-06-20 12:42:30", "elapsed": 2928.293366, "delta": 4.420789}}
{"target": -10.35366424842146, "params": {"C": 7.377858207764281, "gamma": 0.26456649101381147}, "datetime": {"datetime": "2021-06-20 12:42:36", "elapsed": 2934.55816, "delta": 6.264794}}
{"target": -10.377999810340441, "params": {"C": 7.788288559333087, "gamma": 0.18609248688052535}, "datetime": {"datetime": "2021-06-20 12:42:44", "elapsed": 2942.339104, "delta": 7.780944}}
{"target": -10.39459809174104, "params": {"C": 5.525218858294441, "gamma": 0.24112058775541684}, "datetime": {"datetime": "2021-06-20 12:42:50", "elapsed": 2948.065488, "delta": 5.726384}}
{"target": -16.499192897583153, "params": {"C": 5.336311486310064, "gamma": 9.70974216363815}, "datetime": {"datetime": "2021-06-20 12:42:55", "elapsed": 2953.078957, "delta": 5.013469}}
{"target": -10.507533812071514, "params": {"C": 9.414533945303663, "gamma": 0.39086703951002844}, "datetime": {"datetime": "2021-06-20 12:43:02", "elapsed": 2960.631442, "delta": 7.552485}}
{"target": -10.321234159861227, "params": {"C": 9.716238797582257, "gamma": 0.2042813034338032}, "datetime": {"datetime": "2021-06-20 12:43:12", "elapsed": 2970.253188, "delta": 9.621746}}
{"target": -10.371254554033229, "params": {"C": 6.5357416648751006, "gamma": 0.274011611987729}, "datetime": {"datetime": "2021-06-20 12:43:29", "elapsed": 2987.355579, "delta": 17.102391}}
{"target": -10.59677336610668, "params": {"C": 7.240209778407243, "gamma": 0.45458540405966014}, "datetime": {"datetime": "2021-06-20 12:43:35", "elapsed": 2993.465764, "delta": 6.110185}}
{"target": -12.90671731702119, "params": {"C": 9.609572731844873, "gamma": 3.306539831983101}, "datetime": {"datetime": "2021-06-20 12:43:42", "elapsed": 3000.6435, "delta": 7.177736}}
{"target": -10.459484694884672, "params": {"C": 7.934687586355605, "gamma": 0.3882958084080979}, "datetime": {"datetime": "2021-06-20 12:43:49", "elapsed": 3007.147813, "delta": 6.504313}}
{"target": -10.473231795261583, "params": {"C": 4.1970873734513905, "gamma": 0.251107381983193}, "datetime": {"datetime": "2021-06-20 12:43:57", "elapsed": 3015.406303, "delta": 8.25849}}
{"target": -16.150383202864134, "params": {"C": 1.861884945486085, "gamma": 9.293935168447499}, "datetime": {"datetime": "2021-06-20 12:44:01", "elapsed": 3019.607522, "delta": 4.201219}}
{"target": -12.4824351028053, "params": {"C": 5.744536472381962, "gamma": 2.7695291574953993}, "datetime": {"datetime": "2021-06-20 12:44:11", "elapsed": 3029.216691, "delta": 9.609169}}
{"target": -10.480638336634254, "params": {"C": 4.130902883363448, "gamma": 0.378323233559465}, "datetime": {"datetime": "2021-06-20 12:44:23", "elapsed": 3041.011913, "delta": 11.795222}}
{"target": -10.44682222254649, "params": {"C": 6.884388084981571, "gamma": 0.3873043682049124}, "datetime": {"datetime": "2021-06-20 12:44:30", "elapsed": 3047.920106, "delta": 6.908193}}
{"target": -12.838904773330201, "params": {"C": 2.154381790774522, "gamma": 3.9845617102981157}, "datetime": {"datetime": "2021-06-20 12:44:38", "elapsed": 3055.805252, "delta": 7.885146}}
{"target": -12.6926239873235, "params": {"C": 7.822729709532785, "gamma": 3.113094978387285}, "datetime": {"datetime": "2021-06-20 12:44:42", "elapsed": 3060.11079, "delta": 4.305538}}
{"target": -10.329851702763998, "params": {"C": 9.486735819961432, "gamma": 0.2726891000929984}, "datetime": {"datetime": "2021-06-20 12:44:52", "elapsed": 3070.617272, "delta": 10.506482}}
{"target": -10.433802063152129, "params": {"C": 4.966239303834986, "gamma": 0.344209354526154}, "datetime": {"datetime": "2021-06-20 12:45:00", "elapsed": 3078.666507, "delta": 8.049235}}
{"target": -10.469020403325583, "params": {"C": 3.937530211827661, "gamma": 0.32324182059322926}, "datetime": {"datetime": "2021-06-20 12:45:07", "elapsed": 3085.716833, "delta": 7.050326}}
{"target": -10.920957773755099, "params": {"C": 1.9813107321079835, "gamma": 0.6945255548773035}, "datetime": {"datetime": "2021-06-20 12:45:19", "elapsed": 3096.887799, "delta": 11.170966}}
{"target": -15.310844910208898, "params": {"C": 8.418710448534855, "gamma": 7.260885542459411}, "datetime": {"datetime": "2021-06-20 12:45:25", "elapsed": 3102.859615, "delta": 5.971816}}
{"target": -10.390363906361035, "params": {"C": 8.723563596274104, "gamma": 0.1658512155308291}, "datetime": {"datetime": "2021-06-20 12:45:34", "elapsed": 3111.905942, "delta": 9.046327}}
{"target": -10.32691584355451, "params": {"C": 8.805153080295584, "gamma": 0.2271250489628219}, "datetime": {"datetime": "2021-06-20 12:45:43", "elapsed": 3120.900161, "delta": 8.994219}}
{"target": -10.342008135974906, "params": {"C": 9.630799049238224, "gamma": 0.2926905285948299}, "datetime": {"datetime": "2021-06-20 12:45:48", "elapsed": 3125.893309, "delta": 4.993148}}
{"target": -11.2191749439932, "params": {"C": 7.5761906114125255, "gamma": 0.7548422771349653}, "datetime": {"datetime": "2021-06-20 12:45:55", "elapsed": 3133.691851, "delta": 7.798542}}
{"target": -10.35781309923399, "params": {"C": 7.2359354824706665, "gamma": 0.2143241054212858}, "datetime": {"datetime": "2021-06-20 12:46:11", "elapsed": 3149.420442, "delta": 15.728591}}
{"target": -10.429053271078166, "params": {"C": 5.974624796044573, "gamma": 0.20025366651440704}, "datetime": {"datetime": "2021-06-20 12:46:24", "elapsed": 3161.858166, "delta": 12.437724}}
{"target": -10.539079665979099, "params": {"C": 7.330806766246379, "gamma": 0.12241039835164955}, "datetime": {"datetime": "2021-06-20 12:46:32", "elapsed": 3170.720879, "delta": 8.862713}}
{"target": -10.366315733427097, "params": {"C": 6.66985677242713, "gamma": 0.22361029346985686}, "datetime": {"datetime": "2021-06-20 12:46:38", "elapsed": 3176.300452, "delta": 5.579573}}
{"target": -13.219294398804243, "params": {"C": 3.67729367028317, "gamma": 4.760424069479736}, "datetime": {"datetime": "2021-06-20 12:46:44", "elapsed": 3181.86819, "delta": 5.567738}}
{"target": -13.508721653616476, "params": {"C": 6.715737382910932, "gamma": 4.581193666362178}, "datetime": {"datetime": "2021-06-20 12:46:53", "elapsed": 3190.883401, "delta": 9.015211}}
{"target": -10.318961067914099, "params": {"C": 9.366195893464097, "gamma": 0.22678042728079056}, "datetime": {"datetime": "2021-06-20 12:47:06", "elapsed": 3203.922365, "delta": 13.038964}}
{"target": -11.032296766563926, "params": {"C": 1.1387755693858777, "gamma": 0.2456524016154058}, "datetime": {"datetime": "2021-06-20 12:47:16", "elapsed": 3213.954451, "delta": 10.032086}}
{"target": -10.959054767722678, "params": {"C": 1.166955920742647, "gamma": 0.526852911179084}, "datetime": {"datetime": "2021-06-20 12:47:25", "elapsed": 3223.715784, "delta": 9.761333}}
{"target": -10.340693099797484, "params": {"C": 8.972154299549969, "gamma": 0.28269132141646747}, "datetime": {"datetime": "2021-06-20 12:47:33", "elapsed": 3230.933654, "delta": 7.21787}}
{"target": -10.416842716686817, "params": {"C": 7.462665706988528, "gamma": 0.3620259589691693}, "datetime": {"datetime": "2021-06-20 12:47:45", "elapsed": 3243.275782, "delta": 12.342128}}
{"target": -10.80570840935158, "params": {"C": 6.200098032983991, "gamma": 0.5723633681605188}, "datetime": {"datetime": "2021-06-20 12:47:58", "elapsed": 3256.59678, "delta": 13.320998}}
{"target": -16.033543206783914, "params": {"C": 7.426750873029958, "gamma": 0.001}, "datetime": {"datetime": "2021-06-20 12:48:05", "elapsed": 3263.449244, "delta": 6.852464}}
{"target": -10.911504975458506, "params": {"C": 10.0, "gamma": 0.5657307099988353}, "datetime": {"datetime": "2021-06-20 12:48:12", "elapsed": 3270.304363, "delta": 6.855119}}
{"target": -15.843701418551134, "params": {"C": 5.035017670379291, "gamma": 8.478038970428738}, "datetime": {"datetime": "2021-06-20 12:48:16", "elapsed": 3274.769833, "delta": 4.46547}}
{"target": -10.394302388936548, "params": {"C": 7.520140759044651, "gamma": 0.18194365694576956}, "datetime": {"datetime": "2021-06-20 12:48:26", "elapsed": 3284.626628, "delta": 9.856795}}
{"target": -11.964050110981248, "params": {"C": 3.4045076746869607, "gamma": 1.7938757771673832}, "datetime": {"datetime": "2021-06-20 12:48:33", "elapsed": 3290.971476, "delta": 6.344848}}
{"target": -11.597100061843621, "params": {"C": 4.483492320587727, "gamma": 1.1465397479265265}, "datetime": {"datetime": "2021-06-20 12:48:42", "elapsed": 3300.396957, "delta": 9.425481}}
{"target": -14.225831058332231, "params": {"C": 3.204369411289649, "gamma": 6.247847134583626}, "datetime": {"datetime": "2021-06-20 12:48:57", "elapsed": 3314.846345, "delta": 14.449388}}
{"target": -10.451106964870025, "params": {"C": 7.294775557095346, "gamma": 0.16080957508062355}, "datetime": {"datetime": "2021-06-20 12:49:09", "elapsed": 3327.530409, "delta": 12.684064}}
{"target": -14.091437997638112, "params": {"C": 6.741887181117078, "gamma": 5.654715270297134}, "datetime": {"datetime": "2021-06-20 12:49:19", "elapsed": 3337.754275, "delta": 10.223866}}
{"target": -11.552892607312003, "params": {"C": 6.533249740075323, "gamma": 1.0515607368840336}, "datetime": {"datetime": "2021-06-20 12:49:32", "elapsed": 3350.773012, "delta": 13.018737}}
{"target": -11.578718375463827, "params": {"C": 2.7292818543584807, "gamma": 1.18523497109064}, "datetime": {"datetime": "2021-06-20 12:49:43", "elapsed": 3361.439466, "delta": 10.666454}}
{"target": -13.798272814161038, "params": {"C": 1.1420768773545023, "gamma": 5.448989804423468}, "datetime": {"datetime": "2021-06-20 12:49:49", "elapsed": 3367.422719, "delta": 5.983253}}
{"target": -12.464792151907307, "params": {"C": 9.608844369882075, "gamma": 2.5723692716235624}, "datetime": {"datetime": "2021-06-20 12:49:59", "elapsed": 3376.9941, "delta": 9.571381}}
{"target": -12.827775259479775, "params": {"C": 7.093006079836107, "gamma": 3.483827120622253}, "datetime": {"datetime": "2021-06-20 12:50:05", "elapsed": 3383.054611, "delta": 6.060511}}
{"target": -10.910432760839974, "params": {"C": 2.4706608766192852, "gamma": 0.7111179247194185}, "datetime": {"datetime": "2021-06-20 12:50:11", "elapsed": 3388.790336, "delta": 5.735725}}
{"target": -10.768319062874216, "params": {"C": 2.1098866893556565, "gamma": 0.22960834731758514}, "datetime": {"datetime": "2021-06-20 12:50:17", "elapsed": 3395.299307, "delta": 6.508971}}
{"target": -10.601481786550234, "params": {"C": 5.775935991949499, "gamma": 0.48331641678581544}, "datetime": {"datetime": "2021-06-20 12:50:29", "elapsed": 3407.372684, "delta": 12.073377}}
{"target": -10.372810087203066, "params": {"C": 7.615886013765622, "gamma": 0.1920322674496758}, "datetime": {"datetime": "2021-06-20 12:50:38", "elapsed": 3416.083593, "delta": 8.710909}}
{"target": -10.920517355369117, "params": {"C": 2.6340079300425256, "gamma": 0.712807459198064}, "datetime": {"datetime": "2021-06-20 12:50:50", "elapsed": 3428.252567, "delta": 12.168974}}
