{"target": -12.07203807720162, "params": {"C": 6.851886797862899, "gamma": 1.9012426294679339}, "datetime": {"datetime": "2021-06-20 12:21:46", "elapsed": 1684.398049, "delta": 6.237493}}
{"target": -13.27766005012339, "params": {"C": 9.956650236019994, "gamma": 3.779244407660794}, "datetime": {"datetime": "2021-06-20 12:21:55", "elapsed": 1693.404658, "delta": 9.006609}}
{"target": -10.416450505147868, "params": {"C": 5.344602210995032, "gamma": 0.3271340423940495}, "datetime": {"datetime": "2021-06-20 12:22:05", "elapsed": 1703.333889, "delta": 9.929231}}
{"target": -10.404749817920877, "params": {"C": 9.954165698813377, "gamma": 0.1455707217312051}, "datetime": {"datetime": "2021-06-20 12:22:11", "elapsed": 1709.118046, "delta": 5.784157}}
{"target": -10.403559228555231, "params": {"C": 6.756777943222397, "gamma": 0.3389856453258585}, "datetime": {"datetime": "2021-06-20 12:22:17", "elapsed": 1715.28852, "delta": 6.170474}}
{"target": -10.318414316531527, "params": {"C": 9.971977817902326, "gamma": 0.26028142759746725}, "datetime": {"datetime": "2021-06-20 12:22:21", "elapsed": 1719.196024, "delta": 3.907504}}
{"target": -14.862876771712422, "params": {"C": 4.887481874265745, "gamma": 6.9469837423511205}, "datetime": {"datetime": "2021-06-20 12:22:27", "elapsed": 1724.893244, "delta": 5.69722}}
{"target": -10.481603273966332, "params": {"C": 8.363109105415754, "gamma": 0.13178396177089508}, "datetime": {"datetime": "2021-06-20 12:22:32", "elapsed": 1730.751491, "delta": 5.858247}}
{"target": -11.92760536336796, "params": {"C": 1.1229742395963078, "gamma": 1.7007006649687246}, "datetime": {"datetime": "2021-06-20 12:22:37", "elapsed": 1735.44181, "delta": 4.690319}}
{"target": -10.461442643462496, "params": {"C": 6.697567868822213, "gamma": 0.16683592062888006}, "datetime": {"datetime": "2021-06-20 12:22:42", "elapsed": 1740.181215, "delta": 4.739405}}
{"target": -11.395325724714649, "params": {"C": 9.586474982826967, "gamma": 0.8498784307695688}, "datetime": {"datetime": "2021-06-20 12:22:50", "elapsed": 1748.434507, "delta": 8.253292}}
{"target": -10.411222300607799, "params": {"C": 5.167912423641065, "gamma": 0.30649763955675247}, "datetime": {"datetime": "2021-06-20 12:22:57", "elapsed": 1754.876225, "delta": 6.441718}}
{"target": -11.573904959746063, "params": {"C": 6.917146781705278, "gamma": 1.078520839606307}, "datetime": {"datetime": "2021-06-20 12:23:03", "elapsed": 1761.28446, "delta": 6.408235}}
{"target": -13.051826766646196, "params": {"C": 2.7945951761790244, "gamma": 4.510979742034674}, "datetime": {"datetime": "2021-06-20 12:23:07", "elapsed": 1765.127036, "delta": 3.842576}}
{"target": -12.698939864628617, "params": {"C": 10.0, "gamma": 2.947166988031449}, "datetime": {"datetime": "2021-06-20 12:23:12", "elapsed": 1770.689022, "delta": 5.561986}}
{"target": -11.673654579309815, "params": {"C": 8.42643234288672, "gamma": 1.2288101466958186}, "datetime": {"datetime": "2021-06-20 12:23:17", "elapsed": 1775.57306, "delta": 4.884038}}
{"target": -15.386535251549063, "params": {"C": 2.001382839932172, "gamma": 8.016420384364064}, "datetime": {"datetime": "2021-06-20 12:23:23", "elapsed": 1781.239971, "delta": 5.666911}}
{"target": -13.674481241512225, "params": {"C": 5.991048687967406, "gamma": 5.056429670841534}, "datetime": {"datetime": "2021-06-20 12:23:29", "elapsed": 1787.446282, "delta": 6.206311}}
{"target": -11.688590841488079, "params": {"C": 7.828199999776212, "gamma": 1.2649755277810077}, "datetime": {"datetime": "2021-06-20 12:23:35", "elapsed": 1792.961308, "delta": 5.515026}}
{"target": -10.411805856052311, "params": {"C": 7.159382662088686, "gamma": 0.3539469248078493}, "datetime": {"datetime": "2021-06-20 12:23:39", "elapsed": 1797.684839, "delta": 4.723531}}
{"target": -10.579775725111276, "params": {"C": 5.90875294300294, "gamma": 0.13065708342118454}, "datetime": {"datetime": "2021-06-20 12:23:44", "elapsed": 1802.035136, "delta": 4.350297}}
{"target": -13.0893370360846, "params": {"C": 7.311892748242872, "gamma": 3.861026983824992}, "datetime": {"datetime": "2021-06-20 12:23:49", "elapsed": 1807.730304, "delta": 5.695168}}
{"target": -16.59054745898532, "params": {"C": 5.119443595020882, "gamma": 0.001}, "datetime": {"datetime": "2021-06-20 12:23:55", "elapsed": 1812.791105, "delta": 5.060801}}
{"target": -10.692976810101516, "params": {"C": 4.961503580337853, "gamma": 0.10602262614909926}, "datetime": {"datetime": "2021-06-20 12:23:59", "elapsed": 1817.500818, "delta": 4.709713}}
{"target": -10.591851222708996, "params": {"C": 9.57544634576314, "gamma": 0.4212896770214605}, "datetime": {"datetime": "2021-06-20 12:24:02", "elapsed": 1820.634928, "delta": 3.13411}}
{"target": -11.452197596461222, "params": {"C": 5.537195998255466, "gamma": 0.9602754680456882}, "datetime": {"datetime": "2021-06-20 12:24:05", "elapsed": 1823.773397, "delta": 3.138469}}
{"target": -10.609826616839477, "params": {"C": 5.27913670647165, "gamma": 0.13149486537267993}, "datetime": {"datetime": "2021-06-20 12:24:13", "elapsed": 1830.809911, "delta": 7.036514}}
{"target": -10.57935238641333, "params": {"C": 5.017271245943672, "gamma": 0.15213911150144152}, "datetime": {"datetime": "2021-06-20 12:24:20", "elapsed": 1838.07644, "delta": 7.266529}}
{"target": -11.558426380157504, "params": {"C": 6.307148911810541, "gamma": 1.06164452230672}, "datetime": {"datetime": "2021-06-20 12:24:29", "elapsed": 1847.398935, "delta": 9.322495}}
{"target": -11.21860172055712, "params": {"C": 4.443862842970274, "gamma": 0.8119815130389252}, "datetime": {"datetime": "2021-06-20 12:24:33", "elapsed": 1851.156917, "delta": 3.757982}}
{"target": -12.05676363088362, "params": {"C": 5.341175441269757, "gamma": 0.03254904853549795}, "datetime": {"datetime": "2021-06-20 12:24:39", "elapsed": 1857.461667, "delta": 6.30475}}
{"target": -11.196820044504301, "params": {"C": 2.7233532492476056, "gamma": 0.853856947829385}, "datetime": {"datetime": "2021-06-20 12:24:48", "elapsed": 1866.696184, "delta": 9.234517}}
{"target": -16.24995134728571, "params": {"C": 0.5027198121757589, "gamma": 9.279934345497315}, "datetime": {"datetime": "2021-06-20 12:24:55", "elapsed": 1873.77463, "delta": 7.078446}}
{"target": -14.920238467054107, "params": {"C": 3.864848623941454, "gamma": 0.004550794058261463}, "datetime": {"datetime": "2021-06-20 12:25:01", "elapsed": 1879.551351, "delta": 5.776721}}
{"target": -13.679927362022301, "params": {"C": 4.182929453169742, "gamma": 0.012666164566982538}, "datetime": {"datetime": "2021-06-20 12:25:06", "elapsed": 1884.5548, "delta": 5.003449}}
{"target": -10.547215240875392, "params": {"C": 3.7882582379864447, "gamma": 0.22651735060600048}, "datetime": {"datetime": "2021-06-20 12:25:11", "elapsed": 1889.500624, "delta": 4.945824}}
{"target": -10.636145912549337, "params": {"C": 3.9648471452762104, "gamma": 0.16006225462904963}, "datetime": {"datetime": "2021-06-20 12:25:21", "elapsed": 1899.590149, "delta": 10.089525}}
{"target": -10.62625018141745, "params": {"C": 4.067534252518767, "gamma": 0.1612409538648843}, "datetime": {"datetime": "2021-06-20 12:25:28", "elapsed": 1905.878779, "delta": 6.28863}}
{"target": -11.723207223287291, "params": {"C": 2.684670229442272, "gamma": 1.409241706674971}, "datetime": {"datetime": "2021-06-20 12:25:32", "elapsed": 1910.243384, "delta": 4.364605}}
{"target": -11.283323494796056, "params": {"C": 9.232014809747751, "gamma": 0.7733707558577347}, "datetime": {"datetime": "2021-06-20 12:25:38", "elapsed": 1916.593143, "delta": 6.349759}}
{"target": -10.584393193095709, "params": {"C": 3.7098791224872576, "gamma": 0.20586200443631558}, "datetime": {"datetime": "2021-06-20 12:25:46", "elapsed": 1924.483514, "delta": 7.890371}}
{"target": -11.147470930121921, "params": {"C": 0.9756011075422661, "gamma": 0.6620932105897526}, "datetime": {"datetime": "2021-06-20 12:25:53", "elapsed": 1931.264174, "delta": 6.78066}}
{"target": -11.687667255082914, "params": {"C": 6.067692661360753, "gamma": 1.2771470194185492}, "datetime": {"datetime": "2021-06-20 12:25:58", "elapsed": 1936.395677, "delta": 5.131503}}
{"target": -11.367939932966651, "params": {"C": 6.19604877077337, "gamma": 0.8771196414036238}, "datetime": {"datetime": "2021-06-20 12:26:06", "elapsed": 1944.159702, "delta": 7.764025}}
{"target": -11.675151792207068, "params": {"C": 7.115013296702786, "gamma": 1.2476353878562367}, "datetime": {"datetime": "2021-06-20 12:26:14", "elapsed": 1952.25294, "delta": 8.093238}}
{"target": -11.767713031822073, "params": {"C": 4.124188305988103, "gamma": 1.4772375168555156}, "datetime": {"datetime": "2021-06-20 12:26:19", "elapsed": 1957.563441, "delta": 5.310501}}
{"target": -11.459845547272987, "params": {"C": 2.34625778604573, "gamma": 1.0862358837533936}, "datetime": {"datetime": "2021-06-20 12:26:24", "elapsed": 1962.649297, "delta": 5.085856}}
{"target": -11.841917046210467, "params": {"C": 9.242171561897077, "gamma": 1.5152587099682877}, "datetime": {"datetime": "2021-06-20 12:26:34", "elapsed": 1971.82606, "delta": 9.176763}}
{"target": -16.42293083567224, "params": {"C": 7.416030089236142, "gamma": 9.459398308693045}, "datetime": {"datetime": "2021-06-20 12:26:40", "elapsed": 1978.003851, "delta": 6.177791}}
{"target": -12.550331330454064, "params": {"C": 0.5524173325731047, "gamma": 2.536565718261084}, "datetime": {"datetime": "2021-06-20 12:26:46", "elapsed": 1984.217812, "delta": 6.213961}}
{"target": -16.49515503258223, "params": {"C": 0.8207250342127018, "gamma": 10.0}, "datetime": {"datetime": "2021-06-20 12:26:52", "elapsed": 1990.092552, "delta": 5.87474}}
{"target": -15.604427129604726, "params": {"C": 0.5776386795034265, "gamma": 8.10385320041003}, "datetime": {"datetime": "2021-06-20 12:27:00", "elapsed": 1998.041302, "delta": 7.94875}}
{"target": -11.52378812240635, "params": {"C": 2.995944745999037, "gamma": 1.1119497510941971}, "datetime": {"datetime": "2021-06-20 12:27:06", "elapsed": 2004.016966, "delta": 5.975664}}
{"target": -11.777714039190643, "params": {"C": 6.418506886734742, "gamma": 1.4798153658772513}, "datetime": {"datetime": "2021-06-20 12:27:12", "elapsed": 2010.07384, "delta": 6.056874}}
{"target": -15.899639050932624, "params": {"C": 8.184789549993562, "gamma": 8.371242424049695}, "datetime": {"datetime": "2021-06-20 12:27:19", "elapsed": 2016.79815, "delta": 6.72431}}
{"target": -10.764826629152136, "params": {"C": 5.644821551118176, "gamma": 0.5637707524887046}, "datetime": {"datetime": "2021-06-20 12:27:25", "elapsed": 2023.212847, "delta": 6.414697}}
{"target": -11.682351890911008, "params": {"C": 8.172890496628662, "gamma": 1.2481232020751525}, "datetime": {"datetime": "2021-06-20 12:27:33", "elapsed": 2031.438002, "delta": 8.225155}}
{"target": -11.370898664991026, "params": {"C": 0.6057891284936098, "gamma": 0.6324974831638845}, "datetime": {"datetime": "2021-06-20 12:27:37", "elapsed": 2035.571463, "delta": 4.133461}}
{"target": -10.716247116353976, "params": {"C": 2.6944703001754644, "gamma": 0.6049879374756865}, "datetime": {"datetime": "2021-06-20 12:27:44", "elapsed": 2042.130098, "delta": 6.558635}}
{"target": -11.033897280916596, "params": {"C": 7.865951066372985, "gamma": 0.6499074048116539}, "datetime": {"datetime": "2021-06-20 12:27:55", "elapsed": 2052.877761, "delta": 10.747663}}
{"target": -10.754442448782875, "params": {"C": 1.8017002387512495, "gamma": 0.3823227607960133}, "datetime": {"datetime": "2021-06-20 12:27:59", "elapsed": 2057.377194, "delta": 4.499433}}
{"target": -15.207907595129974, "params": {"C": 9.607716096772917, "gamma": 6.994806313297042}, "datetime": {"datetime": "2021-06-20 12:28:11", "elapsed": 2069.340539, "delta": 11.963345}}
{"target": -10.834702980736663, "params": {"C": 1.6476065029797338, "gamma": 0.5256810530972804}, "datetime": {"datetime": "2021-06-20 12:28:21", "elapsed": 2079.329313, "delta": 9.988774}}
{"target": -11.059861088327642, "params": {"C": 8.555059013712006, "gamma": 0.6554360457976437}, "datetime": {"datetime": "2021-06-20 12:28:26", "elapsed": 2084.713342, "delta": 5.384029}}
{"target": -14.653320747418475, "params": {"C": 1.5370691917929014, "gamma": 6.882843079255729}, "datetime": {"datetime": "2021-06-20 12:28:32", "elapsed": 2090.447352, "delta": 5.73401}}
{"target": -11.40578716945146, "params": {"C": 7.316694920586329, "gamma": 0.8883285701697943}, "datetime": {"datetime": "2021-06-20 12:28:43", "elapsed": 2101.377951, "delta": 10.930599}}
{"target": -11.510251996674596, "params": {"C": 1.6641877549072586, "gamma": 1.169752120218783}, "datetime": {"datetime": "2021-06-20 12:28:54", "elapsed": 2111.908567, "delta": 10.530616}}
{"target": -31.810225729594464, "params": {"C": 0.001, "gamma": 3.7639633558312386}, "datetime": {"datetime": "2021-06-20 12:29:00", "elapsed": 2117.970701, "delta": 6.062134}}
{"target": -11.443217367041896, "params": {"C": 8.613699801683971, "gamma": 0.9035558432420717}, "datetime": {"datetime": "2021-06-20 12:29:05", "elapsed": 2122.821751, "delta": 4.85105}}
{"target": -11.075510934742134, "params": {"C": 0.8811817215993399, "gamma": 0.517531286541811}, "datetime": {"datetime": "2021-06-20 12:29:11", "elapsed": 2129.689959, "delta": 6.868208}}
{"target": -11.376168039759559, "params": {"C": 4.852193046058898, "gamma": 0.9146855771045375}, "datetime": {"datetime": "2021-06-20 12:29:18", "elapsed": 2136.486672, "delta": 6.796713}}
{"target": -12.211260315397258, "params": {"C": 9.2225647694718, "gamma": 2.077241104697787}, "datetime": {"datetime": "2021-06-20 12:29:27", "elapsed": 2145.209371, "delta": 8.722699}}
{"target": -10.454414052709106, "params": {"C": 4.122719637985009, "gamma": 0.3077477498111478}, "datetime": {"datetime": "2021-06-20 12:29:35", "elapsed": 2153.60387, "delta": 8.394499}}
{"target": -11.183168953307295, "params": {"C": 5.666767936726948, "gamma": 0.7647780135317802}, "datetime": {"datetime": "2021-06-20 12:29:43", "elapsed": 2161.199235, "delta": 7.595365}}
{"target": -14.914054508068658, "params": {"C": 6.497758182391898, "gamma": 6.85719281806846}, "datetime": {"datetime": "2021-06-20 12:29:48", "elapsed": 2166.267749, "delta": 5.068514}}
{"target": -16.21468154572495, "params": {"C": 1.9090487552028832, "gamma": 9.405676991209587}, "datetime": {"datetime": "2021-06-20 12:29:56", "elapsed": 2174.026223, "delta": 7.758474}}
{"target": -10.60870423500484, "params": {"C": 6.56352994605309, "gamma": 0.47130597064748947}, "datetime": {"datetime": "2021-06-20 12:30:01", "elapsed": 2179.739057, "delta": 5.712834}}
{"target": -12.221924974170467, "params": {"C": 5.960729735429016, "gamma": 2.1963676464027273}, "datetime": {"datetime": "2021-06-20 12:30:10", "elapsed": 2187.807885, "delta": 8.068828}}
{"target": -13.142698933864391, "params": {"C": 6.487925313170544, "gamma": 4.066964745997428}, "datetime": {"datetime": "2021-06-20 12:30:17", "elapsed": 2195.535489, "delta": 7.727604}}
{"target": -10.729134672646602, "params": {"C": 8.942474888188062, "gamma": 0.4854736975078125}, "datetime": {"datetime": "2021-06-20 12:30:28", "elapsed": 2205.784181, "delta": 10.248692}}
{"target": -14.044946442662306, "params": {"C": 5.085237526885302, "gamma": 5.811849931280671}, "datetime": {"datetime": "2021-06-20 12:30:35", "elapsed": 2213.265102, "delta": 7.480921}}
{"target": -12.374674034453164, "params": {"C": 3.8773645312849254, "gamma": 2.6205423872851696}, "datetime": {"datetime": "2021-06-20 12:30:40", "elapsed": 2218.617704, "delta": 5.352602}}
{"target": -10.399715965220881, "params": {"C": 5.916304049791374, "gamma": 0.31826911755247816}, "datetime": {"datetime": "2021-06-20 12:30:46", "elapsed": 2224.180428, "delta": 5.562724}}
{"target": -10.427184355025448, "params": {"C": 4.544307615341474, "gamma": 0.30268552135886445}, "datetime": {"datetime": "2021-06-20 12:30:52", "elapsed": 2230.078718, "delta": 5.89829}}
{"target": -10.706982824079372, "params": {"C": 3.622744042027303, "gamma": 0.5923370190306938}, "datetime": {"datetime": "2021-06-20 12:30:58", "elapsed": 2236.238264, "delta": 6.159546}}
{"target": -10.65676629510959, "params": {"C": 4.006151100755541, "gamma": 0.5533582134102147}, "datetime": {"datetime": "2021-06-20 12:31:06", "elapsed": 2244.076897, "delta": 7.838633}}
{"target": -12.181165000125223, "params": {"C": 8.671503247341656, "gamma": 2.035385877279966}, "datetime": {"datetime": "2021-06-20 12:31:16", "elapsed": 2254.560677, "delta": 10.48378}}
{"target": -12.126117231321885, "params": {"C": 2.5081153140292796, "gamma": 2.1091524079326884}, "datetime": {"datetime": "2021-06-20 12:31:21", "elapsed": 2259.688408, "delta": 5.127731}}
{"target": -11.324410161194571, "params": {"C": 6.575210376694493, "gamma": 0.8389736298011846}, "datetime": {"datetime": "2021-06-20 12:31:27", "elapsed": 2265.126481, "delta": 5.438073}}
{"target": -10.44470759511189, "params": {"C": 4.377226801605123, "gamma": 0.2749494966726695}, "datetime": {"datetime": "2021-06-20 12:31:34", "elapsed": 2272.172792, "delta": 7.046311}}
{"target": -10.380120183862832, "params": {"C": 8.821244396746769, "gamma": 0.16981299089730426}, "datetime": {"datetime": "2021-06-20 12:31:39", "elapsed": 2277.277231, "delta": 5.104439}}
{"target": -10.411843451216642, "params": {"C": 6.456557208947525, "gamma": 0.3453265287259777}, "datetime": {"datetime": "2021-06-20 12:31:44", "elapsed": 2282.269483, "delta": 4.992252}}
{"target": -12.474644050724116, "params": {"C": 5.070066726534062, "gamma": 2.7828930661656233}, "datetime": {"datetime": "2021-06-20 12:31:51", "elapsed": 2288.975758, "delta": 6.706275}}
{"target": -13.156399983733207, "params": {"C": 1.516353782231614, "gamma": 4.664142079904881}, "datetime": {"datetime": "2021-06-20 12:31:57", "elapsed": 2295.728192, "delta": 6.752434}}
{"target": -15.226188926355299, "params": {"C": 5.5390642081849855, "gamma": 7.415101704793695}, "datetime": {"datetime": "2021-06-20 12:32:06", "elapsed": 2303.970979, "delta": 8.242787}}
{"target": -12.651440297712632, "params": {"C": 3.631536233510916, "gamma": 3.3361771863214944}, "datetime": {"datetime": "2021-06-20 12:32:11", "elapsed": 2309.683471, "delta": 5.712492}}
{"target": -11.670214784349007, "params": {"C": 8.850828888408426, "gamma": 1.217011363126277}, "datetime": {"datetime": "2021-06-20 12:32:19", "elapsed": 2317.418438, "delta": 7.734967}}
{"target": -12.39749194621367, "params": {"C": 2.4310248264632874, "gamma": 2.771299038062086}, "datetime": {"datetime": "2021-06-20 12:32:26", "elapsed": 2324.143328, "delta": 6.72489}}
{"target": -12.218874123188424, "params": {"C": 0.9826548986061037, "gamma": 2.2575314618705957}, "datetime": {"datetime": "2021-06-20 12:32:35", "elapsed": 2333.671675, "delta": 9.528347}}
{"target": -10.708189584626584, "params": {"C": 2.4353192147981715, "gamma": 0.5613312796186898}, "datetime": {"datetime": "2021-06-20 12:32:45", "elapsed": 2343.540041, "delta": 9.868366}}
{"target": -12.347949307204692, "params": {"C": 6.956136072354648, "gamma": 2.413198077452066}, "datetime": {"datetime": "2021-06-20 12:32:52", "elapsed": 2350.754472, "delta": 7.214431}}
{"target": -11.730209830906734, "params": {"C": 7.493830732535169, "gamma": 1.3538630691655202}, "datetime": {"datetime": "2021-06-20 12:32:58", "elapsed": 2356.285633, "delta": 5.531161}}
{"target": -15.846605458964017, "params": {"C": 6.24847523895929, "gamma": 8.395701455909897}, "datetime": {"datetime": "2021-06-20 12:33:05", "elapsed": 2362.923765, "delta": 6.638132}}
{"target": -12.126994841226352, "params": {"C": 3.653300034092967, "gamma": 2.1337621968358813}, "datetime": {"datetime": "2021-06-20 12:33:09", "elapsed": 2366.938936, "delta": 4.015171}}
{"target": -11.790259616963896, "params": {"C": 4.967530579201804, "gamma": 1.511044639912667}, "datetime": {"datetime": "2021-06-20 12:33:16", "elapsed": 2374.720902, "delta": 7.781966}}
{"target": -14.068667390596692, "params": {"C": 9.055867632516216, "gamma": 5.194448865173544}, "datetime": {"datetime": "2021-06-20 12:33:23", "elapsed": 2381.275556, "delta": 6.554654}}
{"target": -10.362828891784481, "params": {"C": 6.789385891123198, "gamma": 0.2347803610912361}, "datetime": {"datetime": "2021-06-20 12:33:28", "elapsed": 2386.444534, "delta": 5.168978}}
{"target": -11.920273650352572, "params": {"C": 2.2580311827497845, "gamma": 1.7201979801452076}, "datetime": {"datetime": "2021-06-20 12:33:35", "elapsed": 2393.419325, "delta": 6.974791}}
{"target": -12.813007866377832, "params": {"C": 0.5779446846371914, "gamma": 3.2971604899801}, "datetime": {"datetime": "2021-06-20 12:33:44", "elapsed": 2401.863666, "delta": 8.444341}}
{"target": -11.171856727732926, "params": {"C": 2.9052538033791993, "gamma": 0.831617532574091}, "datetime": {"datetime": "2021-06-20 12:33:52", "elapsed": 2409.841069, "delta": 7.977403}}
{"target": -14.426119592272189, "params": {"C": 7.147428820118297, "gamma": 6.062712368110957}, "datetime": {"datetime": "2021-06-20 12:34:00", "elapsed": 2418.036024, "delta": 8.194955}}
{"target": -12.686531631779316, "params": {"C": 7.40226741722538, "gamma": 3.1353508265748293}, "datetime": {"datetime": "2021-06-20 12:34:07", "elapsed": 2425.456221, "delta": 7.420197}}
{"target": -10.565088511624984, "params": {"C": 2.9199219014211724, "gamma": 0.3330525925359339}, "datetime": {"datetime": "2021-06-20 12:34:16", "elapsed": 2434.665743, "delta": 9.209522}}
{"target": -15.249258318992757, "params": {"C": 7.051313295381794, "gamma": 7.302299536821463}, "datetime": {"datetime": "2021-06-20 12:34:20", "elapsed": 2438.690019, "delta": 4.024276}}
{"target": -10.664247662459235, "params": {"C": 7.625037488542097, "gamma": 0.477213849679948}, "datetime": {"datetime": "2021-06-20 12:34:28", "elapsed": 2446.513717, "delta": 7.823698}}
{"target": -15.701526459265791, "params": {"C": 4.046081107504781, "gamma": 8.314745568904737}, "datetime": {"datetime": "2021-06-20 12:34:32", "elapsed": 2450.310151, "delta": 3.796434}}
