{"target": -11.513259842669049, "params": {"C": 7.6861557251360875, "gamma": 0.989060008744422}, "datetime": {"datetime": "2021-06-20 12:51:00", "elapsed": 3438.285018, "delta": 10.032451}}
{"target": -10.56955825950874, "params": {"C": 5.215407098202063, "gamma": 0.4799689551242419}, "datetime": {"datetime": "2021-06-20 12:51:09", "elapsed": 3447.695338, "delta": 9.41032}}
{"target": -16.486218329429114, "params": {"C": 8.77632258473237, "gamma": 9.506990683916388}, "datetime": {"datetime": "2021-06-20 12:51:20", "elapsed": 3458.427379, "delta": 10.732041}}
{"target": -10.77462763979675, "params": {"C": 1.916823318390237, "gamma": 0.516286662450192}, "datetime": {"datetime": "2021-06-20 12:51:29", "elapsed": 3467.415546, "delta": 8.988167}}
{"target": -10.35892564592458, "params": {"C": 9.250443462459431, "gamma": 0.3114222653431184}, "datetime": {"datetime": "2021-06-20 12:51:40", "elapsed": 3477.997592, "delta": 10.582046}}
{"target": -10.572287960798347, "params": {"C": 6.598102238703734, "gamma": 0.1213168106096004}, "datetime": {"datetime": "2021-06-20 12:51:53", "elapsed": 3491.442512, "delta": 13.44492}}
{"target": -11.02406787397646, "params": {"C": 0.9884118262700898, "gamma": 0.4027872815024502}, "datetime": {"datetime": "2021-06-20 12:52:06", "elapsed": 3504.420288, "delta": 12.977776}}
{"target": -10.59705760848705, "params": {"C": 3.4242009446095483, "gamma": 0.5007258510646571}, "datetime": {"datetime": "2021-06-20 12:52:15", "elapsed": 3513.04112, "delta": 8.620832}}
{"target": -13.63473988162921, "params": {"C": 2.5913602028151184, "gamma": 5.476970816624281}, "datetime": {"datetime": "2021-06-20 12:52:25", "elapsed": 3522.917547, "delta": 9.876427}}
{"target": -11.048499495471177, "params": {"C": 8.334431454078759, "gamma": 0.651870604682692}, "datetime": {"datetime": "2021-06-20 12:52:35", "elapsed": 3533.205425, "delta": 10.287878}}
{"target": -12.571070897241759, "params": {"C": 1.5012372906644438, "gamma": 3.2452084205836207}, "datetime": {"datetime": "2021-06-20 12:52:53", "elapsed": 3551.575302, "delta": 18.369877}}
{"target": -10.504654833241116, "params": {"C": 6.275136404829492, "gamma": 0.4298444065967164}, "datetime": {"datetime": "2021-06-20 12:53:07", "elapsed": 3565.287168, "delta": 13.711866}}
{"target": -10.42009381224935, "params": {"C": 4.873051666005253, "gamma": 0.25623901096288126}, "datetime": {"datetime": "2021-06-20 12:53:23", "elapsed": 3580.787451, "delta": 15.500283}}
{"target": -12.775759328219587, "params": {"C": 1.162857608835545, "gamma": 3.778385595161022}, "datetime": {"datetime": "2021-06-20 12:53:34", "elapsed": 3591.980183, "delta": 11.192732}}
{"target": -10.49033018765021, "params": {"C": 5.316045279771811, "gamma": 0.4212843453940713}, "datetime": {"datetime": "2021-06-20 12:53:48", "elapsed": 3606.560157, "delta": 14.579974}}
{"target": -10.32339337523373, "params": {"C": 9.51787411803318, "gamma": 0.20613778639387864}, "datetime": {"datetime": "2021-06-20 12:53:58", "elapsed": 3615.817918, "delta": 9.257761}}
{"target": -14.507582449194834, "params": {"C": 8.193126271217615, "gamma": 6.05615268074761}, "datetime": {"datetime": "2021-06-20 12:54:03", "elapsed": 3621.20371, "delta": 5.385792}}
{"target": -10.313809060600637, "params": {"C": 9.766245629260546, "gamma": 0.22096615158643543}, "datetime": {"datetime": "2021-06-20 12:54:11", "elapsed": 3629.71951, "delta": 8.5158}}
{"target": -10.325146308089511, "params": {"C": 10.0, "gamma": 0.27190071754833356}, "datetime": {"datetime": "2021-06-20 12:54:30", "elapsed": 3648.486884, "delta": 18.767374}}
{"target": -10.431112465189635, "params": {"C": 4.465113274975042, "gamma": 0.29573219332310224}, "datetime": {"datetime": "2021-06-20 12:54:46", "elapsed": 3663.908964, "delta": 15.42208}}
{"target": -10.372747932463133, "params": {"C": 7.4381312141360745, "gamma": 0.30820090159425295}, "datetime": {"datetime": "2021-06-20 12:54:55", "elapsed": 3673.526105, "delta": 9.617141}}
{"target": -10.358401082384102, "params": {"C": 9.762968150101992, "gamma": 0.31604355376352483}, "datetime": {"datetime": "2021-06-20 12:55:15", "elapsed": 3693.534227, "delta": 20.008122}}
{"target": -10.372275540096814, "params": {"C": 7.59041520332572, "gamma": 0.30951570340167606}, "datetime": {"datetime": "2021-06-20 12:55:30", "elapsed": 3707.946307, "delta": 14.41208}}
{"target": -10.368833218197384, "params": {"C": 7.981160227066323, "gamma": 0.3098195497292422}, "datetime": {"datetime": "2021-06-20 12:55:41", "elapsed": 3719.771398, "delta": 11.825091}}
{"target": -10.360172910137257, "params": {"C": 6.897316752649049, "gamma": 0.2562274223788715}, "datetime": {"datetime": "2021-06-20 12:55:50", "elapsed": 3728.667391, "delta": 8.895993}}
{"target": -10.344180852712132, "params": {"C": 8.679717212827946, "gamma": 0.19589309473824845}, "datetime": {"datetime": "2021-06-20 12:55:59", "elapsed": 3737.146946, "delta": 8.479555}}
{"target": -10.36340492008071, "params": {"C": 7.001583209295213, "gamma": 0.2768584035638411}, "datetime": {"datetime": "2021-06-20 12:56:13", "elapsed": 3751.147465, "delta": 14.000519}}
{"target": -10.343347344222643, "params": {"C": 8.605417401385562, "gamma": 0.281876219704339}, "datetime": {"datetime": "2021-06-20 12:56:26", "elapsed": 3764.006745, "delta": 12.85928}}
{"target": -10.360939889937784, "params": {"C": 7.1167668851563475, "gamma": 0.2755062712098627}, "datetime": {"datetime": "2021-06-20 12:56:39", "elapsed": 3776.787135, "delta": 12.78039}}
{"target": -10.496939767418938, "params": {"C": 3.6386925332413536, "gamma": 0.3537708597195336}, "datetime": {"datetime": "2021-06-20 12:56:56", "elapsed": 3793.972245, "delta": 17.18511}}
{"target": -15.83112586915055, "params": {"C": 10.0, "gamma": 8.058825650095876}, "datetime": {"datetime": "2021-06-20 12:57:10", "elapsed": 3808.135211, "delta": 14.162966}}
{"target": -14.756211223363868, "params": {"C": 4.951141504553482, "gamma": 6.794323121036109}, "datetime": {"datetime": "2021-06-20 12:57:16", "elapsed": 3814.691391, "delta": 6.55618}}
{"target": -10.42470068531078, "params": {"C": 5.980242578543657, "gamma": 0.35468517752533507}, "datetime": {"datetime": "2021-06-20 12:57:25", "elapsed": 3823.495956, "delta": 8.804565}}
{"target": -10.470550208557407, "params": {"C": 7.447383071692156, "gamma": 0.14929827302577486}, "datetime": {"datetime": "2021-06-20 12:57:51", "elapsed": 3848.976058, "delta": 25.480102}}
{"target": -12.973268878112687, "params": {"C": 3.4707977467990827, "gamma": 4.219405138960431}, "datetime": {"datetime": "2021-06-20 12:57:58", "elapsed": 3856.011433, "delta": 7.035375}}
{"target": -11.841408496768324, "params": {"C": 8.161168682872376, "gamma": 1.534553188563478}, "datetime": {"datetime": "2021-06-20 12:58:14", "elapsed": 3872.442856, "delta": 16.431423}}
{"target": -10.40888151681544, "params": {"C": 8.275803913529906, "gamma": 0.35771498688312614}, "datetime": {"datetime": "2021-06-20 12:58:26", "elapsed": 3884.116753, "delta": 11.673897}}
{"target": -11.175175736020675, "params": {"C": 5.848361027023986, "gamma": 0.7567260667888369}, "datetime": {"datetime": "2021-06-20 12:58:39", "elapsed": 3897.518928, "delta": 13.402175}}
{"target": -15.060412084433006, "params": {"C": 8.385379252269226, "gamma": 6.871038059063296}, "datetime": {"datetime": "2021-06-20 12:58:45", "elapsed": 3903.485391, "delta": 5.966463}}
{"target": -11.76375117492974, "params": {"C": 5.939437213644811, "gamma": 1.4613013849281318}, "datetime": {"datetime": "2021-06-20 12:59:02", "elapsed": 3920.266862, "delta": 16.781471}}
{"target": -10.386018262155375, "params": {"C": 5.6748821792477155, "gamma": 0.25766546912899735}, "datetime": {"datetime": "2021-06-20 12:59:24", "elapsed": 3942.182427, "delta": 21.915565}}
{"target": -11.225508984729494, "params": {"C": 3.695321236408579, "gamma": 0.8368007243110411}, "datetime": {"datetime": "2021-06-20 12:59:38", "elapsed": 3955.92958, "delta": 13.747153}}
{"target": -10.378593806046785, "params": {"C": 8.142218372703702, "gamma": 0.180087034764615}, "datetime": {"datetime": "2021-06-20 12:59:49", "elapsed": 3967.724351, "delta": 11.794771}}
{"target": -11.174021084171198, "params": {"C": 9.088757742261828, "gamma": 0.7089794965388276}, "datetime": {"datetime": "2021-06-20 13:00:00", "elapsed": 3978.521337, "delta": 10.796986}}
{"target": -12.444514805806246, "params": {"C": 9.289637560520784, "gamma": 2.549048733667435}, "datetime": {"datetime": "2021-06-20 13:00:07", "elapsed": 3984.862529, "delta": 6.341192}}
{"target": -11.511732872628649, "params": {"C": 3.6283640651778586, "gamma": 1.070668809396931}, "datetime": {"datetime": "2021-06-20 13:00:24", "elapsed": 4002.15551, "delta": 17.292981}}
{"target": -10.461137003458951, "params": {"C": 7.329734503043434, "gamma": 0.3961663467158247}, "datetime": {"datetime": "2021-06-20 13:00:37", "elapsed": 4015.046216, "delta": 12.890706}}
{"target": -10.584447172202717, "params": {"C": 3.064229028582487, "gamma": 0.4675199055044136}, "datetime": {"datetime": "2021-06-20 13:00:59", "elapsed": 4037.123595, "delta": 22.077379}}
{"target": -12.930223459174723, "params": {"C": 3.977873172645137, "gamma": 4.06094286678622}, "datetime": {"datetime": "2021-06-20 13:01:11", "elapsed": 4049.536473, "delta": 12.412878}}
{"target": -12.242512020602533, "params": {"C": 5.582332204643305, "gamma": 2.2518861941433155}, "datetime": {"datetime": "2021-06-20 13:01:28", "elapsed": 4065.885319, "delta": 16.348846}}
{"target": -10.470623894123628, "params": {"C": 5.502932004154958, "gamma": 0.40213029266840733}, "datetime": {"datetime": "2021-06-20 13:01:47", "elapsed": 4085.131704, "delta": 19.246385}}
{"target": -10.455154457174913, "params": {"C": 7.343711243571646, "gamma": 0.1581309598323152}, "datetime": {"datetime": "2021-06-20 13:02:18", "elapsed": 4116.196631, "delta": 31.064927}}
{"target": -13.482534549013925, "params": {"C": 4.606473795161277, "gamma": 5.057909127505386}, "datetime": {"datetime": "2021-06-20 13:02:44", "elapsed": 4142.151178, "delta": 25.954547}}
{"target": -16.098851766219003, "params": {"C": 9.328468163504809, "gamma": 8.691517353901201}, "datetime": {"datetime": "2021-06-20 13:02:57", "elapsed": 4155.708823, "delta": 13.557645}}
{"target": -12.881945079288604, "params": {"C": 5.647981641980571, "gamma": 3.774353029405544}, "datetime": {"datetime": "2021-06-20 13:03:13", "elapsed": 4170.923472, "delta": 15.214649}}
{"target": -10.395493113979562, "params": {"C": 5.605573166414877, "gamma": 0.2912984561948855}, "datetime": {"datetime": "2021-06-20 13:03:35", "elapsed": 4193.506162, "delta": 22.58269}}
{"target": -10.64716833093278, "params": {"C": 3.0561473754873942, "gamma": 0.20731373651448456}, "datetime": {"datetime": "2021-06-20 13:04:00", "elapsed": 4218.14245, "delta": 24.636288}}
{"target": -10.831905263315626, "params": {"C": 1.6220119986854586, "gamma": 0.28140758400196486}, "datetime": {"datetime": "2021-06-20 13:04:20", "elapsed": 4237.858982, "delta": 19.716532}}
{"target": -14.814958068443277, "params": {"C": 4.388914875457812, "gamma": 6.923224448172131}, "datetime": {"datetime": "2021-06-20 13:04:27", "elapsed": 4244.828588, "delta": 6.969606}}
{"target": -10.356239274065402, "params": {"C": 8.18980273737866, "gamma": 0.29520043524873696}, "datetime": {"datetime": "2021-06-20 13:04:46", "elapsed": 4264.008928, "delta": 19.18034}}
{"target": -10.415967177196716, "params": {"C": 5.453772244138445, "gamma": 0.3315116361109167}, "datetime": {"datetime": "2021-06-20 13:04:59", "elapsed": 4277.3931, "delta": 13.384172}}
{"target": -12.874563598421506, "params": {"C": 6.360754126538388, "gamma": 3.687997298020292}, "datetime": {"datetime": "2021-06-20 13:05:07", "elapsed": 4285.085818, "delta": 7.692718}}
{"target": -10.356438799993281, "params": {"C": 9.834888580377799, "gamma": 0.3142478555960752}, "datetime": {"datetime": "2021-06-20 13:05:22", "elapsed": 4300.506271, "delta": 15.420453}}
{"target": -10.655404151052444, "params": {"C": 4.296660388734916, "gamma": 0.5445728544362674}, "datetime": {"datetime": "2021-06-20 13:05:35", "elapsed": 4313.128534, "delta": 12.622263}}
{"target": -10.415162161993463, "params": {"C": 8.006678054070221, "gamma": 0.16506058393851344}, "datetime": {"datetime": "2021-06-20 13:05:53", "elapsed": 4331.73215, "delta": 18.603616}}
{"target": -10.345434106236983, "params": {"C": 8.759353177457877, "gamma": 0.2869791575226012}, "datetime": {"datetime": "2021-06-20 13:06:08", "elapsed": 4346.157734, "delta": 14.425584}}
{"target": -10.419687229114398, "params": {"C": 6.045754485254628, "gamma": 0.20315218921071568}, "datetime": {"datetime": "2021-06-20 13:06:18", "elapsed": 4356.282118, "delta": 10.124384}}
{"target": -10.403833642549552, "params": {"C": 6.655076287146648, "gamma": 0.338034439525321}, "datetime": {"datetime": "2021-06-20 13:06:35", "elapsed": 4373.237838, "delta": 16.95572}}
{"target": -16.460303362543364, "params": {"C": 10.0, "gamma": 9.40121878011381}, "datetime": {"datetime": "2021-06-20 13:06:57", "elapsed": 4394.791618, "delta": 21.55378}}
{"target": -10.385347200487285, "params": {"C": 9.697864815058615, "gamma": 0.341013266617298}, "datetime": {"datetime": "2021-06-20 13:07:14", "elapsed": 4411.817155, "delta": 17.025537}}
{"target": -10.336844506727276, "params": {"C": 8.402743821710368, "gamma": 0.2626830632126136}, "datetime": {"datetime": "2021-06-20 13:07:24", "elapsed": 4422.64334, "delta": 10.826185}}
{"target": -11.661761261988918, "params": {"C": 1.3289337147289368, "gamma": 1.3186248753603118}, "datetime": {"datetime": "2021-06-20 13:07:35", "elapsed": 4433.009155, "delta": 10.365815}}
{"target": -10.944068047698014, "params": {"C": 4.235506215760387, "gamma": 0.6746629366544711}, "datetime": {"datetime": "2021-06-20 13:07:45", "elapsed": 4443.394269, "delta": 10.385114}}
{"target": -10.411628994454384, "params": {"C": 6.294341809899063, "gamma": 0.3429739372167254}, "datetime": {"datetime": "2021-06-20 13:07:56", "elapsed": 4454.774739, "delta": 11.38047}}
{"target": -10.320115267264, "params": {"C": 9.280281416984144, "gamma": 0.2344008013529101}, "datetime": {"datetime": "2021-06-20 13:08:04", "elapsed": 4462.653805, "delta": 7.879066}}
{"target": -10.349654495545938, "params": {"C": 7.522541282388341, "gamma": 0.256941631841186}, "datetime": {"datetime": "2021-06-20 13:08:19", "elapsed": 4477.3294, "delta": 14.675595}}
{"target": -12.904838349146786, "params": {"C": 9.523864468731242, "gamma": 3.312717332711631}, "datetime": {"datetime": "2021-06-20 13:08:26", "elapsed": 4483.829884, "delta": 6.500484}}
{"target": -16.703603263953177, "params": {"C": 7.585070603408513, "gamma": 10.0}, "datetime": {"datetime": "2021-06-20 13:08:35", "elapsed": 4492.960808, "delta": 9.130924}}
{"target": -10.616467880033909, "params": {"C": 2.5695534391595483, "gamma": 0.37996641715152535}, "datetime": {"datetime": "2021-06-20 13:08:52", "elapsed": 4510.257849, "delta": 17.297041}}
{"target": -10.405641379312364, "params": {"C": 5.265883441174155, "gamma": 0.29853626080713036}, "datetime": {"datetime": "2021-06-20 13:09:06", "elapsed": 4524.275564, "delta": 14.017715}}
{"target": -10.33177225559962, "params": {"C": 9.12168438904103, "gamma": 0.20115405757646473}, "datetime": {"datetime": "2021-06-20 13:09:15", "elapsed": 4533.344127, "delta": 9.068563}}
{"target": -10.419182451182477, "params": {"C": 4.68615063060394, "gamma": 0.28441321995080115}, "datetime": {"datetime": "2021-06-20 13:09:26", "elapsed": 4544.77471, "delta": 11.430583}}
{"target": -10.325069286709871, "params": {"C": 8.932964798845635, "gamma": 0.23205823751930868}, "datetime": {"datetime": "2021-06-20 13:09:42", "elapsed": 4559.839224, "delta": 15.064514}}
{"target": -10.357337118745544, "params": {"C": 9.43119067527853, "gamma": 0.17434386606698127}, "datetime": {"datetime": "2021-06-20 13:09:59", "elapsed": 4577.685704, "delta": 17.84648}}
{"target": -10.349640424481855, "params": {"C": 7.850965677866404, "gamma": 0.2083404278932253}, "datetime": {"datetime": "2021-06-20 13:10:12", "elapsed": 4590.16882, "delta": 12.483116}}
{"target": -10.4351058705633, "params": {"C": 7.661868403086141, "gamma": 0.3793988781992253}, "datetime": {"datetime": "2021-06-20 13:10:26", "elapsed": 4604.041761, "delta": 13.872941}}
{"target": -10.448150198145441, "params": {"C": 4.5122618086293675, "gamma": 0.34548994733445504}, "datetime": {"datetime": "2021-06-20 13:10:40", "elapsed": 4618.261021, "delta": 14.21926}}
{"target": -10.316165428821295, "params": {"C": 9.587930106372491, "gamma": 0.22141278366697092}, "datetime": {"datetime": "2021-06-20 13:10:51", "elapsed": 4629.270307, "delta": 11.009286}}
{"target": -12.940088107340964, "params": {"C": 9.56508073340064, "gamma": 3.361477715323669}, "datetime": {"datetime": "2021-06-20 13:10:57", "elapsed": 4635.64039, "delta": 6.370083}}
{"target": -15.53244404893076, "params": {"C": 2.706144899010523, "gamma": 8.20941938999536}, "datetime": {"datetime": "2021-06-20 13:11:04", "elapsed": 4642.416734, "delta": 6.776344}}
{"target": -10.312602141360717, "params": {"C": 9.890029537551332, "gamma": 0.23794223417546106}, "datetime": {"datetime": "2021-06-20 13:11:28", "elapsed": 4666.505895, "delta": 24.089161}}
{"target": -10.407269696126859, "params": {"C": 5.099403490939964, "gamma": 0.25732788127595935}, "datetime": {"datetime": "2021-06-20 13:11:50", "elapsed": 4687.997958, "delta": 21.492063}}
{"target": -10.593428735848304, "params": {"C": 3.380995416946758, "gamma": 0.22300458773684745}, "datetime": {"datetime": "2021-06-20 13:12:09", "elapsed": 4707.258445, "delta": 19.260487}}
{"target": -10.36992829027118, "params": {"C": 7.820017462450864, "gamma": 0.3092781860033024}, "datetime": {"datetime": "2021-06-20 13:12:18", "elapsed": 4716.617036, "delta": 9.358591}}
{"target": -10.590990471003892, "params": {"C": 3.239886609354415, "gamma": 0.4854525973832963}, "datetime": {"datetime": "2021-06-20 13:12:44", "elapsed": 4742.711292, "delta": 26.094256}}
{"target": -10.469404632845045, "params": {"C": 6.451053870933962, "gamma": 0.4063772670072611}, "datetime": {"datetime": "2021-06-20 13:12:58", "elapsed": 4756.142063, "delta": 13.430771}}
{"target": -10.680805167640743, "params": {"C": 2.815950509514442, "gamma": 0.5740709689609338}, "datetime": {"datetime": "2021-06-20 13:13:18", "elapsed": 4776.534653, "delta": 20.39259}}
{"target": -10.507463725402022, "params": {"C": 3.486578021739244, "gamma": 0.32191156766456736}, "datetime": {"datetime": "2021-06-20 13:13:30", "elapsed": 4787.909908, "delta": 11.375255}}
{"target": -10.348279151032864, "params": {"C": 7.7236070648129385, "gamma": 0.26720109889918886}, "datetime": {"datetime": "2021-06-20 13:13:42", "elapsed": 4800.188115, "delta": 12.278207}}
{"target": -10.397520191245349, "params": {"C": 8.727204900990529, "gamma": 0.3489268763603963}, "datetime": {"datetime": "2021-06-20 13:13:54", "elapsed": 4812.772445, "delta": 12.58433}}
{"target": -10.45629055554948, "params": {"C": 9.12352014077616, "gamma": 0.13432230653736288}, "datetime": {"datetime": "2021-06-20 13:14:14", "elapsed": 4831.861862, "delta": 19.089417}}
{"target": -10.554697787227806, "params": {"C": 4.791576609320056, "gamma": 0.17163526514264593}, "datetime": {"datetime": "2021-06-20 13:14:34", "elapsed": 4852.354454, "delta": 20.492592}}
{"target": -10.379196762578767, "params": {"C": 6.13331877518128, "gamma": 0.2750144975319707}, "datetime": {"datetime": "2021-06-20 13:14:51", "elapsed": 4869.644943, "delta": 17.290489}}
{"target": -10.336348648399738, "params": {"C": 8.990984958646822, "gamma": 0.1986837857999185}, "datetime": {"datetime": "2021-06-20 13:15:03", "elapsed": 4880.798808, "delta": 11.153865}}
{"target": -10.31379051146309, "params": {"C": 9.95934368699322, "gamma": 0.21193131727266357}, "datetime": {"datetime": "2021-06-20 13:15:23", "elapsed": 4901.080963, "delta": 20.282155}}
{"target": -13.102388524647496, "params": {"C": 2.0601223497542973, "gamma": 4.677199073440727}, "datetime": {"datetime": "2021-06-20 13:15:39", "elapsed": 4917.643784, "delta": 16.562821}}
{"target": -16.625237575910912, "params": {"C": 6.788874229596983, "gamma": 9.892390195239395}, "datetime": {"datetime": "2021-06-20 13:15:53", "elapsed": 4931.772837, "delta": 14.129053}}
{"target": -10.321395593913566, "params": {"C": 9.189438821781199, "gamma": 0.22893446346160023}, "datetime": {"datetime": "2021-06-20 13:16:12", "elapsed": 4950.559508, "delta": 18.786671}}
{"target": -10.34615314618603, "params": {"C": 7.934627313728556, "gamma": 0.21343942914865124}, "datetime": {"datetime": "2021-06-20 13:16:35", "elapsed": 4972.807382, "delta": 22.247874}}
{"target": -10.664439695834387, "params": {"C": 3.7245749490163913, "gamma": 0.5654839074806938}, "datetime": {"datetime": "2021-06-20 13:16:51", "elapsed": 4989.523361, "delta": 16.715979}}
{"target": -10.358102082054279, "params": {"C": 7.181415796490031, "gamma": 0.21701473327673243}, "datetime": {"datetime": "2021-06-20 13:17:12", "elapsed": 5010.661307, "delta": 21.137946}}
{"target": -10.373475716111603, "params": {"C": 9.02638552437524, "gamma": 0.327613030105783}, "datetime": {"datetime": "2021-06-20 13:17:28", "elapsed": 5025.933814, "delta": 15.272507}}
{"target": -10.361299501696536, "params": {"C": 8.636613269318175, "gamma": 0.18205381889807884}, "datetime": {"datetime": "2021-06-20 13:17:39", "elapsed": 5037.769486, "delta": 11.835672}}
{"target": -11.302226923811558, "params": {"C": 8.549031046292558, "gamma": 0.7941401891786439}, "datetime": {"datetime": "2021-06-20 13:17:48", "elapsed": 5046.106183, "delta": 8.336697}}
{"target": -10.440307434358374, "params": {"C": 4.4128330890486485, "gamma": 0.3234130001488999}, "datetime": {"datetime": "2021-06-20 13:17:59", "elapsed": 5056.791739, "delta": 10.685556}}
{"target": -10.362186830587044, "params": {"C": 9.33986930298002, "gamma": 0.31659246654057543}, "datetime": {"datetime": "2021-06-20 13:18:13", "elapsed": 5071.197373, "delta": 14.405634}}
