{"target": -15.402821392084032, "params": {"C": 932597.3959456696, "gamma": 5.106470176722348}, "datetime": {"datetime": "2021-06-18 09:24:25", "elapsed": 194.887118, "delta": 1.245857}}
{"target": -15.24346715635203, "params": {"C": 98343.15821444849, "gamma": 4.313492536580694}, "datetime": {"datetime": "2021-06-18 09:24:27", "elapsed": 196.588636, "delta": 1.701518}}
{"target": -15.704962674051004, "params": {"C": 908603.7973687756, "gamma": 6.080832037916482}, "datetime": {"datetime": "2021-06-18 09:24:29", "elapsed": 198.442687, "delta": 1.854051}}
{"target": -16.082776104178873, "params": {"C": 927510.1062481151, "gamma": 7.11630844531068}, "datetime": {"datetime": "2021-06-18 09:24:30", "elapsed": 199.852401, "delta": 1.409714}}
{"target": -15.153284194901662, "params": {"C": 97.38913392044029, "gamma": 4.783360728965938}, "datetime": {"datetime": "2021-06-18 09:24:31", "elapsed": 201.226055, "delta": 1.373654}}
{"target": -16.342343813562405, "params": {"C": 807108.3137985945, "gamma": 7.785527239048625}, "datetime": {"datetime": "2021-06-18 09:24:33", "elapsed": 203.033663, "delta": 1.807608}}
{"target": -15.224191401928843, "params": {"C": 396767.82039976213, "gamma": 3.0798228653760544}, "datetime": {"datetime": "2021-06-18 09:24:34", "elapsed": 204.345064, "delta": 1.311401}}
{"target": -22.459759271660296, "params": {"C": 98346.16667508641, "gamma": 0.12224491923505272}, "datetime": {"datetime": "2021-06-18 09:24:36", "elapsed": 205.55602, "delta": 1.210956}}
{"target": -21.343367873226633, "params": {"C": 186247.34021928714, "gamma": 0.5734707061587064}, "datetime": {"datetime": "2021-06-18 09:24:37", "elapsed": 206.747128, "delta": 1.191108}}
{"target": -15.321740707391857, "params": {"C": 28295.153406565205, "gamma": 4.803443740031825}, "datetime": {"datetime": "2021-06-18 09:24:38", "elapsed": 208.213486, "delta": 1.466358}}
{"target": -15.37675956482456, "params": {"C": 694397.7260923942, "gamma": 2.615037665867373}, "datetime": {"datetime": "2021-06-18 09:24:40", "elapsed": 209.545507, "delta": 1.332021}}
{"target": -15.248422514786327, "params": {"C": 124169.53108882361, "gamma": 2.96528090184895}, "datetime": {"datetime": "2021-06-18 09:24:41", "elapsed": 211.086009, "delta": 1.540502}}
{"target": -15.710020531728253, "params": {"C": 103222.92034685286, "gamma": 2.1386265152199972}, "datetime": {"datetime": "2021-06-18 09:24:43", "elapsed": 212.538607, "delta": 1.452598}}
{"target": -15.74565626013473, "params": {"C": 186261.28727627205, "gamma": 6.20239342253831}, "datetime": {"datetime": "2021-06-18 09:24:44", "elapsed": 214.100254, "delta": 1.561647}}
{"target": -16.058612733148724, "params": {"C": 396768.1303077923, "gamma": 7.058258151623403}, "datetime": {"datetime": "2021-06-18 09:24:46", "elapsed": 215.575597, "delta": 1.475343}}
{"target": -15.213910137284762, "params": {"C": 66338.9997891873, "gamma": 3.916510254335752}, "datetime": {"datetime": "2021-06-18 09:24:47", "elapsed": 216.895554, "delta": 1.319957}}
{"target": -15.19895553458176, "params": {"C": 932603.8561783948, "gamma": 3.6638602685079915}, "datetime": {"datetime": "2021-06-18 09:24:48", "elapsed": 218.107941, "delta": 1.212387}}
{"target": -17.010156098279356, "params": {"C": 883301.0484290041, "gamma": 1.2778900069600239}, "datetime": {"datetime": "2021-06-18 09:24:50", "elapsed": 219.524835, "delta": 1.416894}}
{"target": -14.530647821563978, "params": {"C": 117.05918622372117, "gamma": 3.142425006163771}, "datetime": {"datetime": "2021-06-18 09:24:51", "elapsed": 221.010377, "delta": 1.485542}}
{"target": -13.025197838343807, "params": {"C": 100.51823081745637, "gamma": 0.8308256413878874}, "datetime": {"datetime": "2021-06-18 09:24:53", "elapsed": 222.477912, "delta": 1.467535}}
{"target": -14.691489025053905, "params": {"C": 137.67558494017698, "gamma": 3.3037969181946134}, "datetime": {"datetime": "2021-06-18 09:24:54", "elapsed": 223.966198, "delta": 1.488286}}
{"target": -16.743579702551177, "params": {"C": 883304.7692182765, "gamma": 8.812456155680419}, "datetime": {"datetime": "2021-06-18 09:24:56", "elapsed": 225.651583, "delta": 1.685385}}
{"target": -26.071715203981842, "params": {"C": 124177.1680922473, "gamma": 0.3028853488000378}, "datetime": {"datetime": "2021-06-18 09:24:57", "elapsed": 226.886537, "delta": 1.234954}}
{"target": -14.05324744743901, "params": {"C": 136.45012339061128, "gamma": 1.191353199263794}, "datetime": {"datetime": "2021-06-18 09:24:59", "elapsed": 228.651582, "delta": 1.765045}}
{"target": -16.241093735291916, "params": {"C": 885939.0928780691, "gamma": 7.51565434444309}, "datetime": {"datetime": "2021-06-18 09:25:00", "elapsed": 229.859616, "delta": 1.208034}}
{"target": -15.55726390570272, "params": {"C": 139.78108217629656, "gamma": 5.699435422440989}, "datetime": {"datetime": "2021-06-18 09:25:02", "elapsed": 231.410964, "delta": 1.551348}}
{"target": -15.191659757666828, "params": {"C": 239852.58402555055, "gamma": 3.479021969039259}, "datetime": {"datetime": "2021-06-18 09:25:03", "elapsed": 233.202175, "delta": 1.791211}}
{"target": -15.230394100162076, "params": {"C": 186246.68518334997, "gamma": 4.1544303291155975}, "datetime": {"datetime": "2021-06-18 09:25:05", "elapsed": 234.785365, "delta": 1.58319}}
{"target": -15.300231776040373, "params": {"C": 239849.42401539272, "gamma": 4.723875549390673}, "datetime": {"datetime": "2021-06-18 09:25:07", "elapsed": 236.73095, "delta": 1.945585}}
{"target": -15.369049369932815, "params": {"C": 326646.55699527037, "gamma": 2.630803686388601}, "datetime": {"datetime": "2021-06-18 09:25:09", "elapsed": 239.048562, "delta": 2.317612}}
{"target": -15.200095709682637, "params": {"C": 694406.9781812333, "gamma": 3.684699247041844}, "datetime": {"datetime": "2021-06-18 09:25:11", "elapsed": 240.776335, "delta": 1.727773}}
{"target": -13.82311254365591, "params": {"C": 154.9125291529991, "gamma": 0.8990533732855446}, "datetime": {"datetime": "2021-06-18 09:25:12", "elapsed": 242.278119, "delta": 1.501784}}
{"target": -10.189788195327274, "params": {"C": 106.34314342077398, "gamma": 0.19081778184382325}, "datetime": {"datetime": "2021-06-18 09:25:14", "elapsed": 243.842363, "delta": 1.564244}}
{"target": -15.530199309560286, "params": {"C": 102329.5347388645, "gamma": 5.563221142747028}, "datetime": {"datetime": "2021-06-18 09:25:15", "elapsed": 245.043463, "delta": 1.2011}}
{"target": -19.439487514532097, "params": {"C": 932609.7361245699, "gamma": 0.7331450848718088}, "datetime": {"datetime": "2021-06-18 09:25:17", "elapsed": 246.762067, "delta": 1.718604}}
{"target": -15.216260670933735, "params": {"C": 124173.30449094017, "gamma": 3.9492996394822413}, "datetime": {"datetime": "2021-06-18 09:25:18", "elapsed": 248.343135, "delta": 1.581068}}
{"target": -11.813360857764954, "params": {"C": 105.16290147300384, "gamma": 0.5431199961356642}, "datetime": {"datetime": "2021-06-18 09:25:20", "elapsed": 249.954497, "delta": 1.611362}}
{"target": -15.610148473777652, "params": {"C": 28298.7398533434, "gamma": 2.2541038449368664}, "datetime": {"datetime": "2021-06-18 09:25:22", "elapsed": 251.793923, "delta": 1.839426}}
{"target": -15.378187451543631, "params": {"C": 750941.0000056345, "gamma": 5.017142128334231}, "datetime": {"datetime": "2021-06-18 09:25:23", "elapsed": 253.238748, "delta": 1.444825}}
{"target": -15.381558718043248, "params": {"C": 211632.04720229225, "gamma": 5.030303504843652}, "datetime": {"datetime": "2021-06-18 09:25:25", "elapsed": 255.005811, "delta": 1.767063}}
{"target": -15.461716161556541, "params": {"C": 186243.87236636024, "gamma": 5.31652413856156}, "datetime": {"datetime": "2021-06-18 09:25:26", "elapsed": 256.296617, "delta": 1.290806}}
{"target": -15.424312318915788, "params": {"C": 326649.8197874106, "gamma": 2.522704673912763}, "datetime": {"datetime": "2021-06-18 09:25:28", "elapsed": 257.63434, "delta": 1.337723}}
{"target": -15.258064595212653, "params": {"C": 193436.22111717056, "gamma": 4.455182538044382}, "datetime": {"datetime": "2021-06-18 09:25:30", "elapsed": 259.844489, "delta": 2.210149}}
{"target": -15.25168157078525, "params": {"C": 417306.701510676, "gamma": 4.392073539681425}, "datetime": {"datetime": "2021-06-18 09:25:32", "elapsed": 261.54271, "delta": 1.698221}}
{"target": -13.607704907965637, "params": {"C": 139.19411341206828, "gamma": 0.8749166650649548}, "datetime": {"datetime": "2021-06-18 09:25:34", "elapsed": 263.530502, "delta": 1.987792}}
{"target": -15.928239942551286, "params": {"C": 932603.6856658373, "gamma": 1.9356099277166439}, "datetime": {"datetime": "2021-06-18 09:25:35", "elapsed": 264.988922, "delta": 1.45842}}
{"target": -17.15582799856876, "params": {"C": 883297.6520430463, "gamma": 9.694324423032564}, "datetime": {"datetime": "2021-06-18 09:25:37", "elapsed": 266.46833, "delta": 1.479408}}
{"target": -15.78546813211576, "params": {"C": 860024.8253540077, "gamma": 6.316323886835536}, "datetime": {"datetime": "2021-06-18 09:25:38", "elapsed": 267.984892, "delta": 1.516562}}
{"target": -15.712239956880172, "params": {"C": 239851.1706344952, "gamma": 6.102761881416177}, "datetime": {"datetime": "2021-06-18 09:25:40", "elapsed": 269.880532, "delta": 1.89564}}
{"target": -14.27906675656577, "params": {"C": 109.32806642644222, "gamma": 2.826395470415656}, "datetime": {"datetime": "2021-06-18 09:25:42", "elapsed": 271.604196, "delta": 1.723664}}
{"target": -15.791527044951478, "params": {"C": 239853.7066175529, "gamma": 6.333812558729949}, "datetime": {"datetime": "2021-06-18 09:25:44", "elapsed": 273.876452, "delta": 2.272256}}
{"target": -14.125166048720752, "params": {"C": 106.35905398728902, "gamma": 1.683261077797737}, "datetime": {"datetime": "2021-06-18 09:25:46", "elapsed": 275.688232, "delta": 1.81178}}
{"target": -17.592127755297053, "params": {"C": 66331.3994001853, "gamma": 1.0879991095466028}, "datetime": {"datetime": "2021-06-18 09:25:48", "elapsed": 277.435819, "delta": 1.747587}}
{"target": -14.936946542642785, "params": {"C": 13948.632487306173, "gamma": 0.10082054101994943}, "datetime": {"datetime": "2021-06-18 09:25:49", "elapsed": 279.290988, "delta": 1.855169}}
{"target": -15.029024666480014, "params": {"C": 102.15090599787426, "gamma": 4.482422770356083}, "datetime": {"datetime": "2021-06-18 09:25:51", "elapsed": 281.091261, "delta": 1.800273}}
{"target": -15.207233279703235, "params": {"C": 663442.7665306205, "gamma": 3.8059358467855677}, "datetime": {"datetime": "2021-06-18 09:25:53", "elapsed": 282.777837, "delta": 1.686576}}
{"target": -15.206361611571273, "params": {"C": 663440.5538556474, "gamma": 3.198096237435784}, "datetime": {"datetime": "2021-06-18 09:25:54", "elapsed": 284.13823, "delta": 1.360393}}
{"target": -15.19266159004059, "params": {"C": 396769.56991117453, "gamma": 3.44081528292565}, "datetime": {"datetime": "2021-06-18 09:25:56", "elapsed": 285.541561, "delta": 1.403331}}
{"target": -15.184083782102098, "params": {"C": 138.4408092876321, "gamma": 4.716751778730221}, "datetime": {"datetime": "2021-06-18 09:25:58", "elapsed": 287.41057, "delta": 1.869009}}
{"target": -14.21283109088348, "params": {"C": 109.25131408037363, "gamma": 1.9619194452326567}, "datetime": {"datetime": "2021-06-18 09:25:59", "elapsed": 289.318914, "delta": 1.908344}}
{"target": -14.87464970522141, "params": {"C": 99.03362178756404, "gamma": 4.074587487198305}, "datetime": {"datetime": "2021-06-18 09:26:01", "elapsed": 290.691226, "delta": 1.372312}}
{"target": -15.191528218444414, "params": {"C": 239851.11574036346, "gamma": 3.4849511721890503}, "datetime": {"datetime": "2021-06-18 09:26:03", "elapsed": 292.447712, "delta": 1.756486}}
{"target": -13.919045338937508, "params": {"C": 116.80895986045294, "gamma": 1.234736028178353}, "datetime": {"datetime": "2021-06-18 09:26:04", "elapsed": 294.014227, "delta": 1.566515}}
{"target": -15.655179699591534, "params": {"C": 186250.14453008282, "gamma": 5.932657009973243}, "datetime": {"datetime": "2021-06-18 09:26:06", "elapsed": 295.853349, "delta": 1.839122}}
{"target": -15.221828095741758, "params": {"C": 606327.2727976667, "gamma": 4.029663504286872}, "datetime": {"datetime": "2021-06-18 09:26:08", "elapsed": 298.003854, "delta": 2.150505}}
{"target": -15.81790653267667, "params": {"C": 669236.787284505, "gamma": 6.410951193754754}, "datetime": {"datetime": "2021-06-18 09:26:10", "elapsed": 300.29396, "delta": 2.290106}}
{"target": -16.34294627139078, "params": {"C": 49945.63946053342, "gamma": 1.61869254000787}, "datetime": {"datetime": "2021-06-18 09:26:12", "elapsed": 302.30229, "delta": 2.00833}}
{"target": -11.537740071818222, "params": {"C": 154.2810875807125, "gamma": 0.42270641888790567}, "datetime": {"datetime": "2021-06-18 09:26:15", "elapsed": 304.46153, "delta": 2.15924}}
{"target": -14.59616712500188, "params": {"C": 147.42578817943055, "gamma": 2.994179407651522}, "datetime": {"datetime": "2021-06-18 09:26:18", "elapsed": 307.942622, "delta": 3.481092}}
{"target": -14.222917898830115, "params": {"C": 108.61600642485955, "gamma": 2.011196151411893}, "datetime": {"datetime": "2021-06-18 09:26:20", "elapsed": 310.256117, "delta": 2.313495}}
{"target": -15.232527822310407, "params": {"C": 239855.57877184206, "gamma": 4.184453146687853}, "datetime": {"datetime": "2021-06-18 09:26:23", "elapsed": 312.687571, "delta": 2.431454}}
{"target": -16.331680629443778, "params": {"C": 860030.8564740357, "gamma": 7.760105153033941}, "datetime": {"datetime": "2021-06-18 09:26:25", "elapsed": 314.93032, "delta": 2.242749}}
{"target": -15.213990975831097, "params": {"C": 663438.0815297468, "gamma": 3.9123210983288197}, "datetime": {"datetime": "2021-06-18 09:26:27", "elapsed": 317.069481, "delta": 2.139161}}
{"target": -14.263717838571441, "params": {"C": 111.36383309186954, "gamma": 2.167148782391844}, "datetime": {"datetime": "2021-06-18 09:26:29", "elapsed": 318.701355, "delta": 1.631874}}
{"target": -10.666952410877387, "params": {"C": 120.24624907449397, "gamma": 0.03770355581417634}, "datetime": {"datetime": "2021-06-18 09:26:31", "elapsed": 321.30053, "delta": 2.599175}}
{"target": -14.353409445734567, "params": {"C": 126.00386841669328, "gamma": 2.0098528843542534}, "datetime": {"datetime": "2021-06-18 09:26:34", "elapsed": 323.431607, "delta": 2.131077}}
{"target": -17.169833049419672, "params": {"C": 396766.2030438915, "gamma": 1.2153932596731993}, "datetime": {"datetime": "2021-06-18 09:26:36", "elapsed": 325.771662, "delta": 2.340055}}
{"target": -15.210525075002968, "params": {"C": 186248.3659624331, "gamma": 3.8602367337092947}, "datetime": {"datetime": "2021-06-18 09:26:38", "elapsed": 327.427732, "delta": 1.65607}}
{"target": -16.870588349485878, "params": {"C": 885944.010457354, "gamma": 9.132981998706382}, "datetime": {"datetime": "2021-06-18 09:26:39", "elapsed": 329.108905, "delta": 1.681173}}
{"target": -14.366090497049456, "params": {"C": 151.65990253609792, "gamma": 1.4649683249417498}, "datetime": {"datetime": "2021-06-18 09:26:41", "elapsed": 330.798268, "delta": 1.689363}}
{"target": -15.0825257032183, "params": {"C": 128.23760526672356, "gamma": 4.481788972664748}, "datetime": {"datetime": "2021-06-18 09:26:43", "elapsed": 332.648408, "delta": 1.85014}}
{"target": -14.351166676854277, "params": {"C": 125.5423633735296, "gamma": 2.7722148706460397}, "datetime": {"datetime": "2021-06-18 09:26:45", "elapsed": 335.24953, "delta": 2.601122}}
{"target": -14.235777526461307, "params": {"C": 113.57145704175042, "gamma": 2.4101970960261956}, "datetime": {"datetime": "2021-06-18 09:26:47", "elapsed": 337.048409, "delta": 1.798879}}
{"target": -12.554899227707702, "params": {"C": 115.12284696905454, "gamma": 0.6551451045253102}, "datetime": {"datetime": "2021-06-18 09:26:50", "elapsed": 339.632738, "delta": 2.584329}}
{"target": -15.191215508511636, "params": {"C": 28291.809274393596, "gamma": 3.437068581354859}, "datetime": {"datetime": "2021-06-18 09:26:52", "elapsed": 341.788401, "delta": 2.155663}}
{"target": -15.531127854818482, "params": {"C": 579743.5961806349, "gamma": 5.565983737834075}, "datetime": {"datetime": "2021-06-18 09:26:54", "elapsed": 343.841704, "delta": 2.053303}}
{"target": -15.495390854004054, "params": {"C": 98349.38872856577, "gamma": 5.437915535173153}, "datetime": {"datetime": "2021-06-18 09:26:57", "elapsed": 346.893993, "delta": 3.052289}}
{"target": -20.6551735613604, "params": {"C": 13944.549054075487, "gamma": 0.31510603301779466}, "datetime": {"datetime": "2021-06-18 09:27:00", "elapsed": 349.421354, "delta": 2.527361}}
{"target": -15.234587813404438, "params": {"C": 807103.3997179816, "gamma": 3.029842290561559}, "datetime": {"datetime": "2021-06-18 09:27:02", "elapsed": 351.956369, "delta": 2.535015}}
{"target": -16.678048597509342, "params": {"C": 102328.47820840155, "gamma": 8.63336322213042}, "datetime": {"datetime": "2021-06-18 09:27:04", "elapsed": 354.047377, "delta": 2.091008}}
{"target": -15.238345487866004, "params": {"C": 885940.4833897946, "gamma": 3.01298556802095}, "datetime": {"datetime": "2021-06-18 09:27:06", "elapsed": 356.118768, "delta": 2.071391}}
{"target": -14.447581801772568, "params": {"C": 145.7461847854112, "gamma": 1.8412150646307954}, "datetime": {"datetime": "2021-06-18 09:27:08", "elapsed": 357.81198, "delta": 1.693212}}
{"target": -16.561884376522798, "params": {"C": 102335.9004566851, "gamma": 1.4870671497388044}, "datetime": {"datetime": "2021-06-18 09:27:10", "elapsed": 359.53, "delta": 1.71802}}
{"target": -17.143581373413447, "params": {"C": 326645.81516632583, "gamma": 1.2234079974493168}, "datetime": {"datetime": "2021-06-18 09:27:12", "elapsed": 361.946583, "delta": 2.416583}}
{"target": -12.609654471172165, "params": {"C": 110.79646875048454, "gamma": 0.6786093365570195}, "datetime": {"datetime": "2021-06-18 09:27:14", "elapsed": 364.297374, "delta": 2.350791}}
{"target": -15.34212247382403, "params": {"C": 927510.6931616396, "gamma": 4.879057958368907}, "datetime": {"datetime": "2021-06-18 09:27:16", "elapsed": 366.260034, "delta": 1.96266}}
{"target": -15.847875364481162, "params": {"C": 807121.1905594189, "gamma": 6.499911702773605}, "datetime": {"datetime": "2021-06-18 09:27:19", "elapsed": 369.034875, "delta": 2.774841}}
{"target": -15.688019516629698, "params": {"C": 903381.7167848268, "gamma": 6.029977903920921}, "datetime": {"datetime": "2021-06-18 09:27:22", "elapsed": 371.440423, "delta": 2.405548}}
{"target": -17.238438615046523, "params": {"C": 211630.78161789977, "gamma": 9.857599204894056}, "datetime": {"datetime": "2021-06-18 09:27:25", "elapsed": 374.78735, "delta": 3.346927}}
{"target": -15.63615070301903, "params": {"C": 13949.704374030369, "gamma": 2.204810120733995}, "datetime": {"datetime": "2021-06-18 09:27:28", "elapsed": 377.419608, "delta": 2.632258}}
{"target": -15.485059699032714, "params": {"C": 860033.2734216681, "gamma": 5.400385206396738}, "datetime": {"datetime": "2021-06-18 09:27:30", "elapsed": 379.484201, "delta": 2.064593}}
{"target": -15.60941633670015, "params": {"C": 326649.5556702074, "gamma": 5.798318938718618}, "datetime": {"datetime": "2021-06-18 09:27:32", "elapsed": 382.044841, "delta": 2.56064}}
{"target": -15.212078648767276, "params": {"C": 694405.2892997733, "gamma": 3.882792525724638}, "datetime": {"datetime": "2021-06-18 09:27:35", "elapsed": 384.782714, "delta": 2.737873}}
{"target": -15.19326232488487, "params": {"C": 932596.5320125766, "gamma": 3.4211634167051876}, "datetime": {"datetime": "2021-06-18 09:27:37", "elapsed": 386.677378, "delta": 1.894664}}
{"target": -16.446715942621818, "params": {"C": 193437.3203763837, "gamma": 1.562096469990542}, "datetime": {"datetime": "2021-06-18 09:27:40", "elapsed": 389.381577, "delta": 2.704199}}
{"target": -15.502097058842343, "params": {"C": 606324.6331229868, "gamma": 5.462560093869758}, "datetime": {"datetime": "2021-06-18 09:27:42", "elapsed": 391.822718, "delta": 2.441141}}
{"target": -16.00249490293601, "params": {"C": 28296.9058997649, "gamma": 1.858873425156798}, "datetime": {"datetime": "2021-06-18 09:27:45", "elapsed": 395.185553, "delta": 3.362835}}
{"target": -15.266971284705857, "params": {"C": 211627.5146452161, "gamma": 4.544075501120265}, "datetime": {"datetime": "2021-06-18 09:27:47", "elapsed": 397.31781, "delta": 2.132257}}
{"target": -15.093463837782494, "params": {"C": 148.39923754712572, "gamma": 4.4213139934112515}, "datetime": {"datetime": "2021-06-18 09:27:52", "elapsed": 401.903523, "delta": 4.585713}}
{"target": -14.268488173538557, "params": {"C": 110.29985300267897, "gamma": 2.8005905746625364}, "datetime": {"datetime": "2021-06-18 09:27:54", "elapsed": 404.270376, "delta": 2.366853}}
{"target": -16.387224544469433, "params": {"C": 691881.9735976314, "gamma": 7.892476191216373}, "datetime": {"datetime": "2021-06-18 09:27:56", "elapsed": 406.268023, "delta": 1.997647}}
{"target": -15.191692117429826, "params": {"C": 186238.6310347412, "gamma": 3.4752270344396865}, "datetime": {"datetime": "2021-06-18 09:27:59", "elapsed": 409.310351, "delta": 3.042328}}
{"target": -15.266935689769179, "params": {"C": 98357.51021522183, "gamma": 4.544311581881775}, "datetime": {"datetime": "2021-06-18 09:28:02", "elapsed": 411.940659, "delta": 2.630308}}
{"target": -16.75550452168808, "params": {"C": 807106.9568383713, "gamma": 1.3926552494624609}, "datetime": {"datetime": "2021-06-18 09:28:04", "elapsed": 413.932976, "delta": 1.992317}}
{"target": -16.223372372068795, "params": {"C": 908592.9499823385, "gamma": 7.469233448303507}, "datetime": {"datetime": "2021-06-18 09:28:07", "elapsed": 416.399757, "delta": 2.466781}}
{"target": -16.763016073474343, "params": {"C": 151.2415437417981, "gamma": 8.769251732771457}, "datetime": {"datetime": "2021-06-18 09:28:09", "elapsed": 419.249604, "delta": 2.849847}}
{"target": -15.94647208503891, "params": {"C": 800634.7428328685, "gamma": 6.787270128766476}, "datetime": {"datetime": "2021-06-18 09:28:15", "elapsed": 424.793426, "delta": 5.543822}}
