{"target": -9.757839002584035, "params": {"C": 28.427595876632854, "gamma": 0.6532098841088084}, "datetime": {"datetime": "2021-06-21 09:18:36", "elapsed": 280.640825, "delta": 2.924966}}
{"target": -9.786154591538743, "params": {"C": 25.250433381070767, "gamma": 0.5553390400616928}, "datetime": {"datetime": "2021-06-21 09:18:38", "elapsed": 282.103427, "delta": 1.462602}}
{"target": -9.767518868855813, "params": {"C": 21.917941562803627, "gamma": 0.5853313465169603}, "datetime": {"datetime": "2021-06-21 09:18:40", "elapsed": 284.050161, "delta": 1.946734}}
{"target": -9.772192321728156, "params": {"C": 28.404090524405113, "gamma": 0.5584943909040643}, "datetime": {"datetime": "2021-06-21 09:18:41", "elapsed": 285.585162, "delta": 1.535001}}
{"target": -9.78916278618145, "params": {"C": 44.2950738817175, "gamma": 0.5477699167740875}, "datetime": {"datetime": "2021-06-21 09:18:43", "elapsed": 287.464725, "delta": 1.879563}}
{"target": -9.76973901975472, "params": {"C": 35.403899098036774, "gamma": 0.6342721594519162}, "datetime": {"datetime": "2021-06-21 09:18:46", "elapsed": 289.766658, "delta": 2.301933}}
{"target": -9.729295597973948, "params": {"C": 32.23447110651424, "gamma": 0.6206663271546373}, "datetime": {"datetime": "2021-06-21 09:18:47", "elapsed": 291.068307, "delta": 1.301649}}
{"target": -9.815755020687208, "params": {"C": 31.73037387257886, "gamma": 0.5128654199608913}, "datetime": {"datetime": "2021-06-21 09:18:48", "elapsed": 292.511887, "delta": 1.44358}}
{"target": -9.752244176804963, "params": {"C": 32.70294214061238, "gamma": 0.5663378831807967}, "datetime": {"datetime": "2021-06-21 09:18:50", "elapsed": 294.11989, "delta": 1.608003}}
{"target": -9.784706852521913, "params": {"C": 20.50402315582263, "gamma": 0.5747709943605714}, "datetime": {"datetime": "2021-06-21 09:18:51", "elapsed": 295.5854, "delta": 1.46551}}
{"target": -9.834457561262923, "params": {"C": 43.06562342590795, "gamma": 0.48190437649452306}, "datetime": {"datetime": "2021-06-21 09:18:53", "elapsed": 297.249791, "delta": 1.664391}}
{"target": -10.024859418298481, "params": {"C": 45.27751231932169, "gamma": 0.6962485311462081}, "datetime": {"datetime": "2021-06-21 09:18:55", "elapsed": 298.985506, "delta": 1.735715}}
{"target": -9.817621025511517, "params": {"C": 45.578633140986355, "gamma": 0.4895704174884582}, "datetime": {"datetime": "2021-06-21 09:18:56", "elapsed": 300.341677, "delta": 1.356171}}
{"target": -9.757305971379573, "params": {"C": 37.65120730272284, "gamma": 0.5663847328369123}, "datetime": {"datetime": "2021-06-21 09:18:58", "elapsed": 301.943667, "delta": 1.60199}}
{"target": -9.815857412404164, "params": {"C": 44.91314590297949, "gamma": 0.49165598405280864}, "datetime": {"datetime": "2021-06-21 09:19:00", "elapsed": 303.958416, "delta": 2.014749}}
{"target": -9.818291908018494, "params": {"C": 38.11956168774104, "gamma": 0.6440805199769017}, "datetime": {"datetime": "2021-06-21 09:19:01", "elapsed": 305.434464, "delta": 1.476048}}
{"target": -9.787281979727458, "params": {"C": 26.646183261345207, "gamma": 0.5499432172469958}, "datetime": {"datetime": "2021-06-21 09:19:03", "elapsed": 307.249046, "delta": 1.814582}}
{"target": -9.794706000917106, "params": {"C": 37.86953583011617, "gamma": 0.6336625155960809}, "datetime": {"datetime": "2021-06-21 09:19:05", "elapsed": 309.236438, "delta": 1.987392}}
{"target": -9.78504182537121, "params": {"C": 21.191380214199608, "gamma": 0.5714572913501579}, "datetime": {"datetime": "2021-06-21 09:19:07", "elapsed": 310.932439, "delta": 1.696001}}
{"target": -9.752939581395456, "params": {"C": 25.66457006969997, "gamma": 0.5847987612220921}, "datetime": {"datetime": "2021-06-21 09:19:08", "elapsed": 312.364035, "delta": 1.431596}}
{"target": -9.793783938248358, "params": {"C": 40.63799514712699, "gamma": 0.6195867297765711}, "datetime": {"datetime": "2021-06-21 09:19:10", "elapsed": 313.947513, "delta": 1.583478}}
{"target": -9.750449200513216, "params": {"C": 35.035601960052574, "gamma": 0.5696022470475499}, "datetime": {"datetime": "2021-06-21 09:19:11", "elapsed": 315.618963, "delta": 1.67145}}
{"target": -9.907524931730917, "params": {"C": 45.41957916805315, "gamma": 0.43600505867251976}, "datetime": {"datetime": "2021-06-21 09:19:13", "elapsed": 317.432003, "delta": 1.81304}}
{"target": -9.809086494459002, "params": {"C": 45.77461732667641, "gamma": 0.5587694418840103}, "datetime": {"datetime": "2021-06-21 09:19:15", "elapsed": 319.290045, "delta": 1.858042}}
{"target": -9.761356043095505, "params": {"C": 36.715329263999365, "gamma": 0.5542482926901422}, "datetime": {"datetime": "2021-06-21 09:19:17", "elapsed": 321.320004, "delta": 2.029959}}
{"target": -9.802442372360783, "params": {"C": 45.1785868607751, "gamma": 0.5071094523935797}, "datetime": {"datetime": "2021-06-21 09:19:19", "elapsed": 323.036845, "delta": 1.716841}}
{"target": -9.80244951627038, "params": {"C": 41.51531849502019, "gamma": 0.506367592723649}, "datetime": {"datetime": "2021-06-21 09:19:21", "elapsed": 325.144161, "delta": 2.107316}}
{"target": -9.840867028738314, "params": {"C": 42.47769184666102, "gamma": 0.47872994563671}, "datetime": {"datetime": "2021-06-21 09:19:23", "elapsed": 327.066722, "delta": 1.922561}}
{"target": -9.866266760532296, "params": {"C": 50.0, "gamma": 0.5918181199559273}, "datetime": {"datetime": "2021-06-21 09:19:25", "elapsed": 329.168263, "delta": 2.101541}}
{"target": -9.826541835761503, "params": {"C": 49.78475026588296, "gamma": 0.5298889089840477}, "datetime": {"datetime": "2021-06-21 09:19:27", "elapsed": 330.933385, "delta": 1.765122}}
{"target": -9.844630122115689, "params": {"C": 49.52636435688857, "gamma": 0.5589376413467413}, "datetime": {"datetime": "2021-06-21 09:19:29", "elapsed": 332.816006, "delta": 1.882621}}
{"target": -9.746250491032075, "params": {"C": 26.111688509255842, "gamma": 0.5895457929369496}, "datetime": {"datetime": "2021-06-21 09:19:31", "elapsed": 335.148004, "delta": 2.331998}}
{"target": -9.725221752646036, "params": {"C": 33.25083941947605, "gamma": 0.6126876816180602}, "datetime": {"datetime": "2021-06-21 09:19:33", "elapsed": 337.048007, "delta": 1.900003}}
{"target": -9.801469874744386, "params": {"C": 27.27698514442075, "gamma": 0.70287860505439}, "datetime": {"datetime": "2021-06-21 09:19:35", "elapsed": 338.793507, "delta": 1.7455}}
{"target": -9.74992747374117, "params": {"C": 23.166443666874432, "gamma": 0.623059747152866}, "datetime": {"datetime": "2021-06-21 09:19:37", "elapsed": 340.857517, "delta": 2.06401}}
{"target": -9.76321425310515, "params": {"C": 34.59071496453323, "gamma": 0.5521005628718971}, "datetime": {"datetime": "2021-06-21 09:19:39", "elapsed": 342.672125, "delta": 1.814608}}
{"target": -9.72923063740534, "params": {"C": 26.381863912580492, "gamma": 0.614025085612409}, "datetime": {"datetime": "2021-06-21 09:19:41", "elapsed": 344.711346, "delta": 2.039221}}
{"target": -9.73761075629567, "params": {"C": 32.1522315932623, "gamma": 0.5839715016577682}, "datetime": {"datetime": "2021-06-21 09:19:42", "elapsed": 346.274632, "delta": 1.563286}}
{"target": -9.829481171711812, "params": {"C": 36.172110284573506, "gamma": 0.4945275669410834}, "datetime": {"datetime": "2021-06-21 09:19:45", "elapsed": 348.70932, "delta": 2.434688}}
{"target": -9.801711056640197, "params": {"C": 36.24081338544146, "gamma": 0.6458626459589958}, "datetime": {"datetime": "2021-06-21 09:19:48", "elapsed": 352.027985, "delta": 3.318665}}
{"target": -9.738582889423748, "params": {"C": 31.035637944021595, "gamma": 0.5834396625581486}, "datetime": {"datetime": "2021-06-21 09:19:50", "elapsed": 353.841268, "delta": 1.813283}}
{"target": -9.758182539770607, "params": {"C": 31.079299292347592, "gamma": 0.6518131697462295}, "datetime": {"datetime": "2021-06-21 09:19:52", "elapsed": 356.1129, "delta": 2.271632}}
{"target": -9.767023067421682, "params": {"C": 39.645180582754605, "gamma": 0.5920580903308155}, "datetime": {"datetime": "2021-06-21 09:19:54", "elapsed": 357.922501, "delta": 1.809601}}
{"target": -9.76951237793232, "params": {"C": 25.00875078832329, "gamma": 0.57155374146994}, "datetime": {"datetime": "2021-06-21 09:19:55", "elapsed": 359.586862, "delta": 1.664361}}
{"target": -9.755065473033978, "params": {"C": 29.48178852983149, "gamma": 0.6496564406989126}, "datetime": {"datetime": "2021-06-21 09:19:57", "elapsed": 361.507041, "delta": 1.920179}}
{"target": -9.874375215456478, "params": {"C": 34.66153886735751, "gamma": 0.693656683490551}, "datetime": {"datetime": "2021-06-21 09:20:00", "elapsed": 363.888874, "delta": 2.381833}}
{"target": -9.782172580301985, "params": {"C": 43.39077602644065, "gamma": 0.5499587192680279}, "datetime": {"datetime": "2021-06-21 09:20:02", "elapsed": 365.863837, "delta": 1.974963}}
{"target": -9.769922223518225, "params": {"C": 23.472504694609185, "gamma": 0.5767042304287749}, "datetime": {"datetime": "2021-06-21 09:20:03", "elapsed": 367.469546, "delta": 1.605709}}
{"target": -9.788117318602247, "params": {"C": 27.065613260745828, "gamma": 0.6901194437665731}, "datetime": {"datetime": "2021-06-21 09:20:05", "elapsed": 369.179668, "delta": 1.710122}}
{"target": -9.749626555115297, "params": {"C": 31.65782039984172, "gamma": 0.6425929883167513}, "datetime": {"datetime": "2021-06-21 09:20:08", "elapsed": 372.133139, "delta": 2.953471}}
{"target": -9.968760169074452, "params": {"C": 46.8935967039518, "gamma": 0.6646628092096112}, "datetime": {"datetime": "2021-06-21 09:20:11", "elapsed": 374.94215, "delta": 2.809011}}
{"target": -9.813168591094197, "params": {"C": 46.770101183300454, "gamma": 0.4926518645541007}, "datetime": {"datetime": "2021-06-21 09:20:13", "elapsed": 377.094143, "delta": 2.151993}}
{"target": -9.734361931267024, "params": {"C": 24.80743949046589, "gamma": 0.6064120572287663}, "datetime": {"datetime": "2021-06-21 09:20:15", "elapsed": 379.034643, "delta": 1.9405}}
{"target": -9.789410381789903, "params": {"C": 39.002283615920476, "gamma": 0.6253700126775835}, "datetime": {"datetime": "2021-06-21 09:20:17", "elapsed": 381.085469, "delta": 2.050826}}
{"target": -9.803963011631998, "params": {"C": 46.56921491940789, "gamma": 0.510281205182457}, "datetime": {"datetime": "2021-06-21 09:20:18", "elapsed": 382.657721, "delta": 1.572252}}
{"target": -9.74195003445883, "params": {"C": 25.173183679730798, "gamma": 0.6289399907524811}, "datetime": {"datetime": "2021-06-21 09:20:20", "elapsed": 384.551721, "delta": 1.894}}
{"target": -9.75634058409188, "params": {"C": 26.567355308646988, "gamma": 0.6520898484517352}, "datetime": {"datetime": "2021-06-21 09:20:23", "elapsed": 386.679965, "delta": 2.128244}}
{"target": -9.770939091614354, "params": {"C": 37.32914891902149, "gamma": 0.5401746041892213}, "datetime": {"datetime": "2021-06-21 09:20:24", "elapsed": 388.588291, "delta": 1.908326}}
{"target": -9.78945746976131, "params": {"C": 43.902542039623036, "gamma": 0.5272800217961521}, "datetime": {"datetime": "2021-06-21 09:20:27", "elapsed": 391.14611, "delta": 2.557819}}
{"target": -9.819681267578918, "params": {"C": 44.149843555589584, "gamma": 0.48959397703069796}, "datetime": {"datetime": "2021-06-21 09:20:29", "elapsed": 393.526888, "delta": 2.380778}}
{"target": -9.764976348314987, "params": {"C": 37.01221850482382, "gamma": 0.5478455801241915}, "datetime": {"datetime": "2021-06-21 09:20:31", "elapsed": 395.494011, "delta": 1.967123}}
{"target": -9.789254187776864, "params": {"C": 32.17665003849263, "gamma": 0.6628005626862831}, "datetime": {"datetime": "2021-06-21 09:20:33", "elapsed": 397.302305, "delta": 1.808294}}
{"target": -9.729568316797016, "params": {"C": 32.3793682030832, "gamma": 0.6010781658933222}, "datetime": {"datetime": "2021-06-21 09:20:35", "elapsed": 398.994818, "delta": 1.692513}}
{"target": -9.744946064774537, "params": {"C": 32.060494103292044, "gamma": 0.5748734499404748}, "datetime": {"datetime": "2021-06-21 09:20:37", "elapsed": 401.227819, "delta": 2.233001}}
{"target": -9.804125597857391, "params": {"C": 47.447480276395034, "gamma": 0.5136198456803855}, "datetime": {"datetime": "2021-06-21 09:20:39", "elapsed": 402.899814, "delta": 1.671995}}
{"target": -9.82820897305121, "params": {"C": 48.08543697540889, "gamma": 0.5541070961774607}, "datetime": {"datetime": "2021-06-21 09:20:41", "elapsed": 404.688758, "delta": 1.788944}}
{"target": -9.739131778506412, "params": {"C": 24.144444999984387, "gamma": 0.6096070099930377}, "datetime": {"datetime": "2021-06-21 09:20:43", "elapsed": 407.450321, "delta": 2.761563}}
{"target": -9.78691015825563, "params": {"C": 24.27221344100825, "gamma": 0.5579213294076538}, "datetime": {"datetime": "2021-06-21 09:20:46", "elapsed": 410.562321, "delta": 3.112}}
{"target": -9.74793522416962, "params": {"C": 30.7451124408499, "gamma": 0.5746560120818905}, "datetime": {"datetime": "2021-06-21 09:20:49", "elapsed": 413.500708, "delta": 2.938387}}
{"target": -9.747915797988567, "params": {"C": 30.660790628850105, "gamma": 0.6411969774134685}, "datetime": {"datetime": "2021-06-21 09:20:51", "elapsed": 415.392708, "delta": 1.892}}
{"target": -9.741207785628593, "params": {"C": 23.984101722682183, "gamma": 0.6029093879810605}, "datetime": {"datetime": "2021-06-21 09:20:54", "elapsed": 418.493971, "delta": 3.101263}}
{"target": -9.77406395497583, "params": {"C": 21.854087962013196, "gamma": 0.6644758326532698}, "datetime": {"datetime": "2021-06-21 09:20:56", "elapsed": 420.31097, "delta": 1.816999}}
{"target": -9.826678011795952, "params": {"C": 42.44862980650867, "gamma": 0.6269128046275725}, "datetime": {"datetime": "2021-06-21 09:20:59", "elapsed": 423.155334, "delta": 2.844364}}
{"target": -9.790484345207423, "params": {"C": 23.020479297974703, "gamma": 0.6936247814454948}, "datetime": {"datetime": "2021-06-21 09:21:02", "elapsed": 425.839442, "delta": 2.684108}}
{"target": -9.72103384923823, "params": {"C": 28.553186483972496, "gamma": 0.6135280995806172}, "datetime": {"datetime": "2021-06-21 09:21:05", "elapsed": 429.067358, "delta": 3.227916}}
{"target": -9.72403588333131, "params": {"C": 32.31398945003777, "gamma": 0.6121432157210723}, "datetime": {"datetime": "2021-06-21 09:21:08", "elapsed": 431.848408, "delta": 2.78105}}
{"target": -9.77361591111719, "params": {"C": 42.19020465622794, "gamma": 0.5521414824984936}, "datetime": {"datetime": "2021-06-21 09:21:10", "elapsed": 433.989948, "delta": 2.14154}}
{"target": -10.13137945471232, "params": {"C": 21.88294983274935, "gamma": 0.9970282671957935}, "datetime": {"datetime": "2021-06-21 09:21:11", "elapsed": 435.622785, "delta": 1.632837}}
{"target": -9.789660628330324, "params": {"C": 40.58152850008059, "gamma": 0.5182897721848074}, "datetime": {"datetime": "2021-06-21 09:21:13", "elapsed": 437.544827, "delta": 1.922042}}
{"target": -9.76993671707101, "params": {"C": 40.85566790015678, "gamma": 0.5722572053388093}, "datetime": {"datetime": "2021-06-21 09:21:16", "elapsed": 440.231027, "delta": 2.6862}}
{"target": -9.73895348740161, "params": {"C": 33.291969787048906, "gamma": 0.5856827776264624}, "datetime": {"datetime": "2021-06-21 09:21:19", "elapsed": 443.103398, "delta": 2.872371}}
{"target": -9.72954075945533, "params": {"C": 33.199420758834066, "gamma": 0.6039946246650527}, "datetime": {"datetime": "2021-06-21 09:21:21", "elapsed": 445.52649, "delta": 2.423092}}
{"target": -9.769440801552653, "params": {"C": 38.73983306099541, "gamma": 0.6154204230794251}, "datetime": {"datetime": "2021-06-21 09:21:23", "elapsed": 447.109502, "delta": 1.583012}}
{"target": -9.750230651413853, "params": {"C": 29.099864064537833, "gamma": 0.5764919273310787}, "datetime": {"datetime": "2021-06-21 09:21:25", "elapsed": 449.567173, "delta": 2.457671}}
{"target": -9.758139748497943, "params": {"C": 31.168000179720682, "gamma": 0.563702176040508}, "datetime": {"datetime": "2021-06-21 09:21:28", "elapsed": 452.593706, "delta": 3.026533}}
{"target": -10.082580656350128, "params": {"C": 48.06186066387237, "gamma": 0.7068432905546308}, "datetime": {"datetime": "2021-06-21 09:21:31", "elapsed": 455.49299, "delta": 2.899284}}
{"target": -9.829222679831783, "params": {"C": 48.31402202109872, "gamma": 0.4792822597263857}, "datetime": {"datetime": "2021-06-21 09:21:34", "elapsed": 457.733614, "delta": 2.240624}}
{"target": -9.722131586626091, "params": {"C": 29.946632460195907, "gamma": 0.6080619940417734}, "datetime": {"datetime": "2021-06-21 09:21:36", "elapsed": 459.716613, "delta": 1.982999}}
{"target": -9.762667156337393, "params": {"C": 35.830649821168954, "gamma": 0.5504927659539904}, "datetime": {"datetime": "2021-06-21 09:21:37", "elapsed": 461.374576, "delta": 1.657963}}
{"target": -9.737719600710543, "params": {"C": 29.901619354095956, "gamma": 0.5868797829749568}, "datetime": {"datetime": "2021-06-21 09:21:40", "elapsed": 464.463402, "delta": 3.088826}}
{"target": -9.816926423151978, "params": {"C": 44.67844103880847, "gamma": 0.49100466759323963}, "datetime": {"datetime": "2021-06-21 09:21:42", "elapsed": 466.383157, "delta": 1.919755}}
{"target": -9.73795164493398, "params": {"C": 34.07842769716454, "gamma": 0.5904162576557389}, "datetime": {"datetime": "2021-06-21 09:21:45", "elapsed": 468.694413, "delta": 2.311256}}
{"target": -9.769622185925462, "params": {"C": 22.678999851596352, "gamma": 0.6631268155504939}, "datetime": {"datetime": "2021-06-21 09:21:47", "elapsed": 470.97838, "delta": 2.283967}}
{"target": -9.77431893078416, "params": {"C": 41.375795949087966, "gamma": 0.5711714968162602}, "datetime": {"datetime": "2021-06-21 09:21:49", "elapsed": 473.642075, "delta": 2.663695}}
{"target": -9.752060593427283, "params": {"C": 29.93981922036876, "gamma": 0.6460983420093523}, "datetime": {"datetime": "2021-06-21 09:21:52", "elapsed": 476.3642, "delta": 2.722125}}
{"target": -9.725305248517989, "params": {"C": 30.082517152389702, "gamma": 0.6174518856748077}, "datetime": {"datetime": "2021-06-21 09:21:54", "elapsed": 478.090806, "delta": 1.726606}}
{"target": -9.72704304596674, "params": {"C": 29.994662826010284, "gamma": 0.5977324009171601}, "datetime": {"datetime": "2021-06-21 09:21:57", "elapsed": 480.679679, "delta": 2.588873}}
{"target": -9.810239601624625, "params": {"C": 40.38580419204561, "gamma": 0.5018432789967437}, "datetime": {"datetime": "2021-06-21 09:21:59", "elapsed": 482.816504, "delta": 2.136825}}
{"target": -9.723534384628953, "params": {"C": 28.887239691535765, "gamma": 0.6045230420189395}, "datetime": {"datetime": "2021-06-21 09:22:01", "elapsed": 485.22374, "delta": 2.407236}}
{"target": -9.781029074484819, "params": {"C": 37.962014388525304, "gamma": 0.52970794381862}, "datetime": {"datetime": "2021-06-21 09:22:03", "elapsed": 487.099361, "delta": 1.875621}}
{"target": -9.723344736487718, "params": {"C": 30.842123443068886, "gamma": 0.6086744924679175}, "datetime": {"datetime": "2021-06-21 09:22:05", "elapsed": 489.154069, "delta": 2.054708}}
{"target": -9.737970328660325, "params": {"C": 30.13599503313151, "gamma": 0.6306846625361568}, "datetime": {"datetime": "2021-06-21 09:22:07", "elapsed": 491.098573, "delta": 1.944504}}
{"target": -9.752811217100845, "params": {"C": 26.43339297931716, "gamma": 0.6481370029614433}, "datetime": {"datetime": "2021-06-21 09:22:10", "elapsed": 494.342768, "delta": 3.244195}}
{"target": -9.747933521689863, "params": {"C": 36.65697356836227, "gamma": 0.6162841429935916}, "datetime": {"datetime": "2021-06-21 09:22:13", "elapsed": 496.928151, "delta": 2.585383}}
{"target": -9.738444137842974, "params": {"C": 31.982489153770267, "gamma": 0.630354457519966}, "datetime": {"datetime": "2021-06-21 09:22:14", "elapsed": 498.650825, "delta": 1.722674}}
{"target": -9.744145916203498, "params": {"C": 27.70372412122647, "gamma": 0.5863012870752271}, "datetime": {"datetime": "2021-06-21 09:22:16", "elapsed": 500.436883, "delta": 1.786058}}
{"target": -9.747195856614308, "params": {"C": 27.452413798837927, "gamma": 0.5842626834263269}, "datetime": {"datetime": "2021-06-21 09:22:19", "elapsed": 503.181534, "delta": 2.744651}}
{"target": -9.766641774249322, "params": {"C": 28.013254145250233, "gamma": 0.5646651516989944}, "datetime": {"datetime": "2021-06-21 09:22:22", "elapsed": 505.79431, "delta": 2.612776}}
{"target": -9.810461258360121, "params": {"C": 43.73683555821946, "gamma": 0.49728537092655845}, "datetime": {"datetime": "2021-06-21 09:22:24", "elapsed": 508.472473, "delta": 2.678163}}
{"target": -9.745967846381015, "params": {"C": 28.519134862141925, "gamma": 0.6399334730028132}, "datetime": {"datetime": "2021-06-21 09:22:26", "elapsed": 510.318926, "delta": 1.846453}}
{"target": -9.758946592458305, "params": {"C": 28.557670628319435, "gamma": 0.5700971762459746}, "datetime": {"datetime": "2021-06-21 09:22:28", "elapsed": 512.632341, "delta": 2.313415}}
{"target": -10.294367400184305, "params": {"C": 30.470061643856717, "gamma": 0.9993623124192594}, "datetime": {"datetime": "2021-06-21 09:22:31", "elapsed": 515.43407, "delta": 2.801729}}
{"target": -9.791843506245232, "params": {"C": 42.830704709245396, "gamma": 0.5174066942906501}, "datetime": {"datetime": "2021-06-21 09:22:33", "elapsed": 517.317806, "delta": 1.883736}}
{"target": -10.155826081221345, "params": {"C": 23.35481365579791, "gamma": 0.9929831645398928}, "datetime": {"datetime": "2021-06-21 09:22:36", "elapsed": 520.227904, "delta": 2.910098}}
{"target": -9.745545970728449, "params": {"C": 25.420384993215883, "gamma": 0.6383486611976303}, "datetime": {"datetime": "2021-06-21 09:22:38", "elapsed": 522.614494, "delta": 2.38659}}
{"target": -9.771206251846369, "params": {"C": 20.624497955907767, "gamma": 0.6377363022093536}, "datetime": {"datetime": "2021-06-21 09:22:41", "elapsed": 525.555488, "delta": 2.940994}}
{"target": -9.735073309635574, "params": {"C": 28.686842485566032, "gamma": 0.6281344784874325}, "datetime": {"datetime": "2021-06-21 09:22:44", "elapsed": 527.746634, "delta": 2.191146}}
