{"target": -16.39940036801616, "params": {"C": 629676.4219978299, "gamma": 7.9218201403271316}, "datetime": {"datetime": "2021-06-18 11:27:11", "elapsed": 7560.741227, "delta": 27.20986}}
{"target": -30.47250046701103, "params": {"C": 663802.0607979917, "gamma": 0.22842099017835882}, "datetime": {"datetime": "2021-06-18 11:27:27", "elapsed": 7576.696511, "delta": 15.955284}}
{"target": -15.345721729859518, "params": {"C": 239821.85718527535, "gamma": 4.89268542249569}, "datetime": {"datetime": "2021-06-18 11:27:45", "elapsed": 7595.317502, "delta": 18.620991}}
{"target": -15.226282236511707, "params": {"C": 663805.2406440675, "gamma": 4.094398136689021}, "datetime": {"datetime": "2021-06-18 11:27:59", "elapsed": 7608.658826, "delta": 13.341324}}
{"target": -15.214618314896743, "params": {"C": 957884.4067012226, "gamma": 3.1424734219246173}, "datetime": {"datetime": "2021-06-18 11:28:22", "elapsed": 7631.613844, "delta": 22.955018}}
{"target": -15.514008934064908, "params": {"C": 663464.9523939313, "gamma": 5.506546354800101}, "datetime": {"datetime": "2021-06-18 11:28:43", "elapsed": 7652.630537, "delta": 21.016693}}
{"target": -17.89095643178707, "params": {"C": 124155.32556252168, "gamma": 1.0136578422322498}, "datetime": {"datetime": "2021-06-18 11:29:02", "elapsed": 7671.690478, "delta": 19.059941}}
{"target": -15.198850528697614, "params": {"C": 70017.17982705864, "gamma": 3.2497435698782464}, "datetime": {"datetime": "2021-06-18 11:29:24", "elapsed": 7693.594728, "delta": 21.90425}}
{"target": -15.214758057826492, "params": {"C": 629689.6743473887, "gamma": 3.9240735905253143}, "datetime": {"datetime": "2021-06-18 11:29:41", "elapsed": 7710.7728, "delta": 17.178072}}
{"target": -15.64719323150828, "params": {"C": 449894.27341986174, "gamma": 5.909317251425367}, "datetime": {"datetime": "2021-06-18 11:29:57", "elapsed": 7726.990576, "delta": 16.217776}}
{"target": -15.21081761502192, "params": {"C": 449907.322499699, "gamma": 3.8634422055024}, "datetime": {"datetime": "2021-06-18 11:30:09", "elapsed": 7738.409193, "delta": 11.418617}}
{"target": -15.234790485002641, "params": {"C": 239918.56105038454, "gamma": 4.216502226675513}, "datetime": {"datetime": "2021-06-18 11:30:29", "elapsed": 7759.24221, "delta": 20.833017}}
{"target": -15.2723757557083, "params": {"C": 211630.6848936073, "gamma": 4.598946398691918}, "datetime": {"datetime": "2021-06-18 11:30:42", "elapsed": 7771.461492, "delta": 12.219282}}
{"target": -18.627851085404167, "params": {"C": 239858.25260851244, "gamma": 0.8564648402892715}, "datetime": {"datetime": "2021-06-18 11:30:51", "elapsed": 7781.358482, "delta": 9.89699}}
{"target": -15.369771245969652, "params": {"C": 239896.7464239934, "gamma": 2.6288762867812143}, "datetime": {"datetime": "2021-06-18 11:31:02", "elapsed": 7791.932266, "delta": 10.573784}}
{"target": -16.356469417356358, "params": {"C": 408160.99340290565, "gamma": 7.8189591180258695}, "datetime": {"datetime": "2021-06-18 11:31:27", "elapsed": 7817.084304, "delta": 25.152038}}
{"target": -15.209196543942532, "params": {"C": 883303.2164546842, "gamma": 3.178833536013064}, "datetime": {"datetime": "2021-06-18 11:31:44", "elapsed": 7833.540107, "delta": 16.455803}}
{"target": -15.249982113902764, "params": {"C": 860020.0003182517, "gamma": 4.375318976626644}, "datetime": {"datetime": "2021-06-18 11:32:04", "elapsed": 7854.245787, "delta": 20.70568}}
{"target": -17.06612525175292, "params": {"C": 102338.444354437, "gamma": 9.5185690051362}, "datetime": {"datetime": "2021-06-18 11:32:14", "elapsed": 7863.805539, "delta": 9.559752}}
{"target": -22.36732587335223, "params": {"C": 860046.9745309878, "gamma": 0.051822922603382456}, "datetime": {"datetime": "2021-06-18 11:32:31", "elapsed": 7881.287912, "delta": 17.482373}}
{"target": -15.202186341593762, "params": {"C": 193457.32697671553, "gamma": 3.225547057589311}, "datetime": {"datetime": "2021-06-18 11:32:53", "elapsed": 7903.264765, "delta": 21.976853}}
{"target": -15.475588699964678, "params": {"C": 195445.0271685295, "gamma": 2.4466916497651345}, "datetime": {"datetime": "2021-06-18 11:33:09", "elapsed": 7918.918825, "delta": 15.65406}}
{"target": -10.632421146407552, "params": {"C": 107.19007820012354, "gamma": 0.32909224015276717}, "datetime": {"datetime": "2021-06-18 11:33:26", "elapsed": 7935.643573, "delta": 16.724748}}
{"target": -13.066113453533468, "params": {"C": 127.13981390844899, "gamma": 0.7269165030293684}, "datetime": {"datetime": "2021-06-18 11:33:37", "elapsed": 7946.850998, "delta": 11.207425}}
{"target": -11.516148268267862, "params": {"C": 81.12108065212342, "gamma": 0.5495529527911488}, "datetime": {"datetime": "2021-06-18 11:33:55", "elapsed": 7965.116404, "delta": 18.265406}}
{"target": -16.822529328842712, "params": {"C": 396772.682028887, "gamma": 9.016732169152391}, "datetime": {"datetime": "2021-06-18 11:34:14", "elapsed": 7983.876666, "delta": 18.760262}}
{"target": -16.16047617672927, "params": {"C": 860018.1947911766, "gamma": 1.7561946163573896}, "datetime": {"datetime": "2021-06-18 11:34:26", "elapsed": 7995.605993, "delta": 11.729327}}
{"target": -15.20439568265581, "params": {"C": 908588.5452747463, "gamma": 3.7588988752648964}, "datetime": {"datetime": "2021-06-18 11:34:36", "elapsed": 8005.745429, "delta": 10.139436}}
{"target": -10.497239967505893, "params": {"C": 133.51435343385825, "gamma": 0.2515890763046773}, "datetime": {"datetime": "2021-06-18 11:34:50", "elapsed": 8019.894735, "delta": 14.149306}}
{"target": -13.914169079968067, "params": {"C": 117.70117116273246, "gamma": 1.2228430598633864}, "datetime": {"datetime": "2021-06-18 11:35:14", "elapsed": 8043.682166, "delta": 23.787431}}
{"target": -15.540372677401981, "params": {"C": 694400.3988580959, "gamma": 5.592938304406795}, "datetime": {"datetime": "2021-06-18 11:35:32", "elapsed": 8062.030352, "delta": 18.348186}}
{"target": -16.596333082903737, "params": {"C": 663807.1736017156, "gamma": 8.416694830619361}, "datetime": {"datetime": "2021-06-18 11:35:45", "elapsed": 8075.326695, "delta": 13.296343}}
{"target": -15.193759724204137, "params": {"C": 908586.0163654725, "gamma": 3.4039324053751305}, "datetime": {"datetime": "2021-06-18 11:36:04", "elapsed": 8093.560001, "delta": 18.233306}}
{"target": -15.557457856333718, "params": {"C": 663472.9784924394, "gamma": 5.643080920006028}, "datetime": {"datetime": "2021-06-18 11:36:19", "elapsed": 8109.376093, "delta": 15.816092}}
