{"target": -15.193493269888336, "params": {"C": 629709.4590943034, "gamma": 3.4121965361251214}, "datetime": {"datetime": "2021-06-18 09:55:59", "elapsed": 2089.18031, "delta": 5.1167}}
{"target": -15.848216761025347, "params": {"C": 239828.28648025455, "gamma": 2.001187930787214}, "datetime": {"datetime": "2021-06-18 09:56:06", "elapsed": 2096.309233, "delta": 7.128923}}
{"target": -15.46763348995251, "params": {"C": 195432.35274661751, "gamma": 2.457806423354012}, "datetime": {"datetime": "2021-06-18 09:56:14", "elapsed": 2103.885222, "delta": 7.575989}}
{"target": -15.998620208107084, "params": {"C": 694414.086432159, "gamma": 6.91715343275196}, "datetime": {"datetime": "2021-06-18 09:56:23", "elapsed": 2112.463426, "delta": 8.578204}}
{"target": -15.675004234401758, "params": {"C": 606319.3386314411, "gamma": 2.1853740249590143}, "datetime": {"datetime": "2021-06-18 09:56:29", "elapsed": 2118.982006, "delta": 6.51858}}
{"target": -15.595174515623558, "params": {"C": 28301.00173049571, "gamma": 5.754998215763255}, "datetime": {"datetime": "2021-06-18 09:56:42", "elapsed": 2131.951997, "delta": 12.969991}}
{"target": -15.410400562168158, "params": {"C": 629711.0201233508, "gamma": 5.133633128962184}, "datetime": {"datetime": "2021-06-18 09:56:49", "elapsed": 2138.799652, "delta": 6.847655}}
{"target": -10.273963393355416, "params": {"C": 131.6135372548593, "gamma": 0.1926931038470609}, "datetime": {"datetime": "2021-06-18 09:56:55", "elapsed": 2145.094956, "delta": 6.295304}}
{"target": -15.247336385210062, "params": {"C": 691875.6405209218, "gamma": 4.3496285883887715}, "datetime": {"datetime": "2021-06-18 09:57:03", "elapsed": 2153.003587, "delta": 7.908631}}
{"target": -16.128893804654158, "params": {"C": 694392.8826191731, "gamma": 1.7784106234310102}, "datetime": {"datetime": "2021-06-18 09:57:14", "elapsed": 2164.188341, "delta": 11.184754}}
{"target": -16.248725338020336, "params": {"C": 663793.9896534927, "gamma": 7.535776000832487}, "datetime": {"datetime": "2021-06-18 09:57:19", "elapsed": 2168.619313, "delta": 4.430972}}
{"target": -15.441396055201256, "params": {"C": 579744.2688101665, "gamma": 2.4959096908048295}, "datetime": {"datetime": "2021-06-18 09:57:24", "elapsed": 2173.925417, "delta": 5.306104}}
{"target": -16.63361270179075, "params": {"C": 186257.47425653314, "gamma": 8.514686494910888}, "datetime": {"datetime": "2021-06-18 09:57:32", "elapsed": 2181.825028, "delta": 7.899611}}
{"target": -15.293306915641306, "params": {"C": 2874.7344172577136, "gamma": 4.706865651051753}, "datetime": {"datetime": "2021-06-18 09:57:37", "elapsed": 2186.574385, "delta": 4.749357}}
{"target": -15.477307206391583, "params": {"C": 691873.8657192504, "gamma": 5.372368969819905}, "datetime": {"datetime": "2021-06-18 09:57:43", "elapsed": 2193.335434, "delta": 6.761049}}
{"target": -15.646538339593713, "params": {"C": 239836.33346706638, "gamma": 2.2200372042858434}, "datetime": {"datetime": "2021-06-18 09:57:56", "elapsed": 2205.494692, "delta": 12.159258}}
{"target": -15.194142546794023, "params": {"C": 186243.68859764852, "gamma": 3.5747886667288533}, "datetime": {"datetime": "2021-06-18 09:58:07", "elapsed": 2217.106059, "delta": 11.611367}}
{"target": -15.58493192046885, "params": {"C": 193442.42780129623, "gamma": 2.2989393407182415}, "datetime": {"datetime": "2021-06-18 09:58:16", "elapsed": 2225.654585, "delta": 8.548526}}
{"target": -15.65830647647441, "params": {"C": 239834.1603943025, "gamma": 5.941862649390049}, "datetime": {"datetime": "2021-06-18 09:58:21", "elapsed": 2230.747333, "delta": 5.092748}}
{"target": -15.1918563831747, "params": {"C": 669235.1371026633, "gamma": 3.5232636413093497}, "datetime": {"datetime": "2021-06-18 09:58:32", "elapsed": 2242.262147, "delta": 11.514814}}
{"target": -15.347801458615711, "params": {"C": 98333.17196517764, "gamma": 2.6747604050132305}, "datetime": {"datetime": "2021-06-18 09:58:37", "elapsed": 2246.905931, "delta": 4.643784}}
{"target": -15.265965605992795, "params": {"C": 408136.62550897145, "gamma": 4.533691290628535}, "datetime": {"datetime": "2021-06-18 09:58:46", "elapsed": 2256.041811, "delta": 9.13588}}
{"target": -15.236487479768899, "params": {"C": 606335.4009055865, "gamma": 4.239871631332428}, "datetime": {"datetime": "2021-06-18 09:58:53", "elapsed": 2262.407082, "delta": 6.365271}}
{"target": -18.938954508356858, "params": {"C": 568094.6554014287, "gamma": 0.8007807925199896}, "datetime": {"datetime": "2021-06-18 09:58:58", "elapsed": 2267.427128, "delta": 5.020046}}
{"target": -13.061546823891558, "params": {"C": 125.2340568830563, "gamma": 0.7323713922241829}, "datetime": {"datetime": "2021-06-18 09:59:03", "elapsed": 2272.539551, "delta": 5.112423}}
{"target": -14.534030968834452, "params": {"C": 120.50969419417179, "gamma": 3.113956135501465}, "datetime": {"datetime": "2021-06-18 09:59:08", "elapsed": 2277.611372, "delta": 5.071821}}
{"target": -14.634081508947686, "params": {"C": 158.99208891481, "gamma": 2.9816798634682327}, "datetime": {"datetime": "2021-06-18 09:59:17", "elapsed": 2287.124078, "delta": 9.512706}}
{"target": -15.551330217192882, "params": {"C": 860035.5958625262, "gamma": 5.625049743924574}, "datetime": {"datetime": "2021-06-18 09:59:24", "elapsed": 2294.074772, "delta": 6.950694}}
{"target": -18.823753407509933, "params": {"C": 579748.3590960238, "gamma": 0.8210724098209801}, "datetime": {"datetime": "2021-06-18 09:59:31", "elapsed": 2300.650895, "delta": 6.576123}}
{"target": -16.838052110363634, "params": {"C": 2870.698249762417, "gamma": 1.1236492782905716}, "datetime": {"datetime": "2021-06-18 09:59:36", "elapsed": 2305.423145, "delta": 4.77225}}
{"target": -16.206764726209467, "params": {"C": 193441.55854438644, "gamma": 7.4260480438482315}, "datetime": {"datetime": "2021-06-18 09:59:41", "elapsed": 2310.453639, "delta": 5.030494}}
{"target": -15.332312099353352, "params": {"C": 449905.45254599623, "gamma": 4.842246105563693}, "datetime": {"datetime": "2021-06-18 09:59:52", "elapsed": 2321.586566, "delta": 11.132927}}
{"target": -15.783448080727888, "params": {"C": 239866.3813896091, "gamma": 6.310428758961351}, "datetime": {"datetime": "2021-06-18 09:59:57", "elapsed": 2326.660076, "delta": 5.07351}}
{"target": -15.384385562959613, "params": {"C": 908611.5099475683, "gamma": 5.041018084605703}, "datetime": {"datetime": "2021-06-18 10:00:03", "elapsed": 2333.379513, "delta": 6.719437}}
{"target": -16.17474413329895, "params": {"C": 663429.1119838689, "gamma": 1.7459674495873139}, "datetime": {"datetime": "2021-06-18 10:00:11", "elapsed": 2340.654171, "delta": 7.274658}}
{"target": -15.237609028234397, "params": {"C": 807100.2124227192, "gamma": 4.255602314637855}, "datetime": {"datetime": "2021-06-18 10:00:21", "elapsed": 2350.854633, "delta": 10.200462}}
{"target": -15.878203222543668, "params": {"C": 449907.9420378001, "gamma": 1.9766427465527379}, "datetime": {"datetime": "2021-06-18 10:00:28", "elapsed": 2357.900633, "delta": 7.046}}
{"target": -15.297033779791475, "params": {"C": 669228.7104912486, "gamma": 4.712180169804446}, "datetime": {"datetime": "2021-06-18 10:00:42", "elapsed": 2371.502244, "delta": 13.601611}}
{"target": -17.229572122427797, "params": {"C": 13944.000758787974, "gamma": 9.839542069333486}, "datetime": {"datetime": "2021-06-18 10:00:51", "elapsed": 2380.438958, "delta": 8.936714}}
{"target": -11.340590596189683, "params": {"C": 135.11776824073686, "gamma": 0.4207548977595412}, "datetime": {"datetime": "2021-06-18 10:00:56", "elapsed": 2385.807744, "delta": 5.368786}}
{"target": -14.256780159284013, "params": {"C": 89.0960992375464, "gamma": 3.018116091097379}, "datetime": {"datetime": "2021-06-18 10:01:03", "elapsed": 2392.769089, "delta": 6.961345}}
{"target": -15.213423575211158, "params": {"C": 239874.64359498216, "gamma": 3.148894376034435}, "datetime": {"datetime": "2021-06-18 10:01:13", "elapsed": 2403.32354, "delta": 10.554451}}
{"target": -14.094463840582385, "params": {"C": 101.89261533116685, "gamma": 2.6168902327409223}, "datetime": {"datetime": "2021-06-18 10:01:21", "elapsed": 2410.547878, "delta": 7.224338}}
{"target": -15.796385098261116, "params": {"C": 663776.5418865884, "gamma": 6.347976229703993}, "datetime": {"datetime": "2021-06-18 10:01:34", "elapsed": 2423.507553, "delta": 12.959675}}
{"target": -15.193449820935784, "params": {"C": 124158.18062631032, "gamma": 3.4029044146470495}, "datetime": {"datetime": "2021-06-18 10:01:42", "elapsed": 2431.601539, "delta": 8.093986}}
{"target": -15.236522133008426, "params": {"C": 186264.91025327408, "gamma": 4.24124033296025}, "datetime": {"datetime": "2021-06-18 10:01:47", "elapsed": 2436.792772, "delta": 5.191233}}
{"target": -16.131231073228044, "params": {"C": 669242.0008584153, "gamma": 1.776720169784459}, "datetime": {"datetime": "2021-06-18 10:01:52", "elapsed": 2442.079091, "delta": 5.286319}}
{"target": -15.2111462683881, "params": {"C": 807101.9568181977, "gamma": 3.8681635346777887}, "datetime": {"datetime": "2021-06-18 10:02:01", "elapsed": 2451.376656, "delta": 9.297565}}
{"target": -23.822434914719416, "params": {"C": 70028.40711250473, "gamma": 0.3823464571203779}, "datetime": {"datetime": "2021-06-18 10:02:14", "elapsed": 2464.300296, "delta": 12.92364}}
{"target": -16.333073795047778, "params": {"C": 908532.7985032717, "gamma": 7.763676383947322}, "datetime": {"datetime": "2021-06-18 10:02:25", "elapsed": 2474.664625, "delta": 10.364329}}
{"target": -14.307072540058272, "params": {"C": 118.89131594682145, "gamma": 2.232605042045303}, "datetime": {"datetime": "2021-06-18 10:02:33", "elapsed": 2482.462631, "delta": 7.798006}}
{"target": -15.338137515568691, "params": {"C": 606333.4600314779, "gamma": 2.6991694995590096}, "datetime": {"datetime": "2021-06-18 10:02:40", "elapsed": 2490.269151, "delta": 7.80652}}
{"target": -15.44049752198966, "params": {"C": 629707.4283586227, "gamma": 5.241641291105265}, "datetime": {"datetime": "2021-06-18 10:02:46", "elapsed": 2495.449144, "delta": 5.179993}}
{"target": -15.193138214883941, "params": {"C": 449916.69967542874, "gamma": 3.5514334406364765}, "datetime": {"datetime": "2021-06-18 10:02:55", "elapsed": 2504.416039, "delta": 8.966895}}
{"target": -18.737237146443423, "params": {"C": 326652.1784341025, "gamma": 0.8360727149547529}, "datetime": {"datetime": "2021-06-18 10:03:05", "elapsed": 2514.469272, "delta": 10.053233}}
{"target": -15.380114664249255, "params": {"C": 663775.3675995528, "gamma": 2.60794328021247}, "datetime": {"datetime": "2021-06-18 10:03:27", "elapsed": 2536.677061, "delta": 22.207789}}
{"target": -15.223587653213169, "params": {"C": 629714.3429200671, "gamma": 4.0553623798587415}, "datetime": {"datetime": "2021-06-18 10:03:36", "elapsed": 2545.70542, "delta": 9.028359}}
{"target": -15.804680975588358, "params": {"C": 193436.6695696497, "gamma": 6.372089769442517}, "datetime": {"datetime": "2021-06-18 10:03:43", "elapsed": 2552.882673, "delta": 7.177253}}
{"target": -16.214836188264915, "params": {"C": 211627.65872612305, "gamma": 7.446955100338319}, "datetime": {"datetime": "2021-06-18 10:03:51", "elapsed": 2560.465318, "delta": 7.582645}}
{"target": -15.94443949738245, "params": {"C": 193445.4848417473, "gamma": 6.7822149271549605}, "datetime": {"datetime": "2021-06-18 10:04:01", "elapsed": 2570.61387, "delta": 10.148552}}
{"target": -15.570942812082103, "params": {"C": 807124.6815235399, "gamma": 2.318800414466102}, "datetime": {"datetime": "2021-06-18 10:04:08", "elapsed": 2578.121149, "delta": 7.507279}}
{"target": -10.917141024687126, "params": {"C": 144.95313389424803, "gamma": 0.34218534204829437}, "datetime": {"datetime": "2021-06-18 10:04:16", "elapsed": 2586.015739, "delta": 7.89459}}
{"target": -16.006765945297023, "params": {"C": 239847.56317517578, "gamma": 6.936200744466558}, "datetime": {"datetime": "2021-06-18 10:04:22", "elapsed": 2591.512243, "delta": 5.496504}}
{"target": -15.589547938832423, "params": {"C": 903388.3968306673, "gamma": 5.738469668070403}, "datetime": {"datetime": "2021-06-18 10:04:29", "elapsed": 2598.541558, "delta": 7.029315}}
{"target": -16.564804060532502, "params": {"C": 114.40875768606432, "gamma": 8.232898650863689}, "datetime": {"datetime": "2021-06-18 10:04:37", "elapsed": 2606.413836, "delta": 7.872278}}
{"target": -15.202997443676121, "params": {"C": 807099.0367269045, "gamma": 3.7352872614373203}, "datetime": {"datetime": "2021-06-18 10:04:47", "elapsed": 2616.529163, "delta": 10.115327}}
{"target": -13.586818687205538, "params": {"C": 125.62286095138582, "gamma": 0.9394928099488652}, "datetime": {"datetime": "2021-06-18 10:04:53", "elapsed": 2622.747218, "delta": 6.218055}}
{"target": -15.311823252435492, "params": {"C": 102332.13156146352, "gamma": 2.756407415875307}, "datetime": {"datetime": "2021-06-18 10:05:00", "elapsed": 2630.367423, "delta": 7.620205}}
{"target": -14.474009175858319, "params": {"C": 111.55147544877867, "gamma": 3.0956638224641093}, "datetime": {"datetime": "2021-06-18 10:05:10", "elapsed": 2639.395328, "delta": 9.027905}}
{"target": -19.665925618004533, "params": {"C": 606335.2368253295, "gamma": 0.7098744580166324}, "datetime": {"datetime": "2021-06-18 10:05:17", "elapsed": 2646.940952, "delta": 7.545624}}
{"target": -15.227406914958522, "params": {"C": 124160.64411075141, "gamma": 4.112488235760317}, "datetime": {"datetime": "2021-06-18 10:05:26", "elapsed": 2656.00991, "delta": 9.068958}}
{"target": -15.278273278783184, "params": {"C": 326638.315946793, "gamma": 4.631866743581206}, "datetime": {"datetime": "2021-06-18 10:05:38", "elapsed": 2668.187662, "delta": 12.177752}}
{"target": -15.31708459677683, "params": {"C": 957891.6295014708, "gamma": 2.7470761297049675}, "datetime": {"datetime": "2021-06-18 10:05:47", "elapsed": 2676.490396, "delta": 8.302734}}
{"target": -13.656038844434457, "params": {"C": 92.54015532564176, "gamma": 1.2526139819008026}, "datetime": {"datetime": "2021-06-18 10:05:57", "elapsed": 2686.935268, "delta": 10.444872}}
{"target": -13.402932242236846, "params": {"C": 124.43492447238897, "gamma": 0.8519287639485816}, "datetime": {"datetime": "2021-06-18 10:06:03", "elapsed": 2693.010888, "delta": 6.07562}}
{"target": -15.566914589462622, "params": {"C": 663441.860770011, "gamma": 2.3240165384440723}, "datetime": {"datetime": "2021-06-18 10:06:10", "elapsed": 2699.579072, "delta": 6.568184}}
{"target": -16.78489047694038, "params": {"C": 239869.93354770946, "gamma": 8.92694761269799}, "datetime": {"datetime": "2021-06-18 10:06:20", "elapsed": 2709.580222, "delta": 10.00115}}
{"target": -15.516087146155542, "params": {"C": 694404.735504251, "gamma": 5.514264897738859}, "datetime": {"datetime": "2021-06-18 10:06:32", "elapsed": 2721.755081, "delta": 12.174859}}
{"target": -15.2830928441916, "params": {"C": 860045.4575312847, "gamma": 4.654421538437086}, "datetime": {"datetime": "2021-06-18 10:06:43", "elapsed": 2732.768406, "delta": 11.013325}}
{"target": -15.365965862724288, "params": {"C": 663433.3401793592, "gamma": 4.969861210092903}, "datetime": {"datetime": "2021-06-18 10:06:50", "elapsed": 2740.272663, "delta": 7.504257}}
{"target": -16.099748420678818, "params": {"C": 629708.2699571565, "gamma": 1.7996039737777318}, "datetime": {"datetime": "2021-06-18 10:07:03", "elapsed": 2753.00347, "delta": 12.730807}}
{"target": -15.35138491174013, "params": {"C": 449912.38118634373, "gamma": 2.6695084993009033}, "datetime": {"datetime": "2021-06-18 10:07:13", "elapsed": 2762.654494, "delta": 9.651024}}
{"target": -15.274864774797328, "params": {"C": 103221.76972236355, "gamma": 4.615906813117066}, "datetime": {"datetime": "2021-06-18 10:07:22", "elapsed": 2771.785284, "delta": 9.13079}}
{"target": -15.252921755404184, "params": {"C": 124181.28298630501, "gamma": 4.404953546400812}, "datetime": {"datetime": "2021-06-18 10:07:34", "elapsed": 2783.987678, "delta": 12.202394}}
{"target": -16.348673518450962, "params": {"C": 629706.04034873, "gamma": 7.800488704957293}, "datetime": {"datetime": "2021-06-18 10:07:44", "elapsed": 2794.285773, "delta": 10.298095}}
{"target": -15.194365338679553, "params": {"C": 193451.0128743572, "gamma": 3.3778686672563563}, "datetime": {"datetime": "2021-06-18 10:07:51", "elapsed": 2800.562187, "delta": 6.276414}}
{"target": -15.237853717698965, "params": {"C": 239857.5571443288, "gamma": 4.2587077015734565}, "datetime": {"datetime": "2021-06-18 10:08:00", "elapsed": 2810.164457, "delta": 9.60227}}
{"target": -15.80468405676195, "params": {"C": 124179.86664423047, "gamma": 6.372041795726977}, "datetime": {"datetime": "2021-06-18 10:08:09", "elapsed": 2818.468357, "delta": 8.3039}}
{"target": -15.761243747017284, "params": {"C": 239864.14279312096, "gamma": 6.2466944529654125}, "datetime": {"datetime": "2021-06-18 10:08:15", "elapsed": 2824.815406, "delta": 6.347049}}
{"target": -27.91033534987847, "params": {"C": 932584.6933817838, "gamma": 0.3091184853920269}, "datetime": {"datetime": "2021-06-18 10:08:26", "elapsed": 2835.463249, "delta": 10.647843}}
{"target": -14.399404404820295, "params": {"C": 142.0289608701198, "gamma": 2.3149474248124937}, "datetime": {"datetime": "2021-06-18 10:08:36", "elapsed": 2845.943312, "delta": 10.480063}}
{"target": -15.29645670799637, "params": {"C": 28297.747428402166, "gamma": 4.710776136233466}, "datetime": {"datetime": "2021-06-18 10:08:48", "elapsed": 2857.801765, "delta": 11.858453}}
{"target": -15.292813751595325, "params": {"C": 112.2532045018306, "gamma": 5.055092883656901}, "datetime": {"datetime": "2021-06-18 10:08:56", "elapsed": 2865.525092, "delta": 7.723327}}
{"target": -15.31603619018509, "params": {"C": 663774.9033515588, "gamma": 4.781783803748927}, "datetime": {"datetime": "2021-06-18 10:09:04", "elapsed": 2873.504219, "delta": 7.979127}}
{"target": -15.65826979772886, "params": {"C": 239875.5854306783, "gamma": 5.9417548229971535}, "datetime": {"datetime": "2021-06-18 10:09:09", "elapsed": 2879.36416, "delta": 5.859941}}
{"target": -15.248425817617086, "params": {"C": 663793.2676209579, "gamma": 4.360217605409004}, "datetime": {"datetime": "2021-06-18 10:09:15", "elapsed": 2885.102948, "delta": 5.738788}}
{"target": -15.39629342354557, "params": {"C": 669222.8324979492, "gamma": 5.083194687963518}, "datetime": {"datetime": "2021-06-18 10:09:22", "elapsed": 2892.127256, "delta": 7.024308}}
{"target": -15.25659991977275, "params": {"C": 195438.9121548039, "gamma": 2.931317648693021}, "datetime": {"datetime": "2021-06-18 10:09:28", "elapsed": 2898.363531, "delta": 6.236275}}
{"target": -15.255960351449815, "params": {"C": 124159.30762981027, "gamma": 2.9326734199467483}, "datetime": {"datetime": "2021-06-18 10:09:34", "elapsed": 2904.136462, "delta": 5.772931}}
{"target": -14.085537618867958, "params": {"C": 93.55392889383084, "gamma": 2.5052909987206684}, "datetime": {"datetime": "2021-06-18 10:09:43", "elapsed": 2913.112253, "delta": 8.975791}}
{"target": -15.458868330038737, "params": {"C": 800628.7256086873, "gamma": 5.306421286222634}, "datetime": {"datetime": "2021-06-18 10:09:55", "elapsed": 2924.756739, "delta": 11.644486}}
{"target": -15.228593333829876, "params": {"C": 239834.99924619828, "gamma": 4.128382271282511}, "datetime": {"datetime": "2021-06-18 10:10:04", "elapsed": 2934.273722, "delta": 9.516983}}
{"target": -12.144642444101633, "params": {"C": 133.31449075787134, "gamma": 0.543030652623621}, "datetime": {"datetime": "2021-06-18 10:10:16", "elapsed": 2945.682359, "delta": 11.408637}}
{"target": -15.231926137977311, "params": {"C": 239865.71750375294, "gamma": 3.0406312316276405}, "datetime": {"datetime": "2021-06-18 10:10:25", "elapsed": 2954.868853, "delta": 9.186494}}
{"target": -15.836380451668669, "params": {"C": 239878.87958219624, "gamma": 2.0113024190336515}, "datetime": {"datetime": "2021-06-18 10:10:36", "elapsed": 2966.124834, "delta": 11.255981}}
{"target": -14.002999175648009, "params": {"C": 144.41316431440595, "gamma": 1.097169961597268}, "datetime": {"datetime": "2021-06-18 10:10:46", "elapsed": 2975.445193, "delta": 9.320359}}
{"target": -12.025066531871172, "params": {"C": 110.16065117053495, "gamma": 0.5705076675507382}, "datetime": {"datetime": "2021-06-18 10:10:51", "elapsed": 2981.028597, "delta": 5.583404}}
{"target": -15.219960046190753, "params": {"C": 326631.4770174782, "gamma": 4.002632051119431}, "datetime": {"datetime": "2021-06-18 10:11:01", "elapsed": 2990.523644, "delta": 9.495047}}
{"target": -16.414709806378983, "params": {"C": 449926.83477238816, "gamma": 7.958909323254905}, "datetime": {"datetime": "2021-06-18 10:11:11", "elapsed": 3001.087594, "delta": 10.56395}}
{"target": -14.750104643278938, "params": {"C": 144.17298172227578, "gamma": 3.3985952416292005}, "datetime": {"datetime": "2021-06-18 10:11:17", "elapsed": 3006.598089, "delta": 5.510495}}
{"target": -23.385037569011317, "params": {"C": 49952.62189412952, "gamma": 0.3736733251375133}, "datetime": {"datetime": "2021-06-18 10:11:25", "elapsed": 3014.741714, "delta": 8.143625}}
{"target": -15.24481434545849, "params": {"C": 669236.3720273507, "gamma": 4.325213447724552}, "datetime": {"datetime": "2021-06-18 10:11:40", "elapsed": 3029.916398, "delta": 15.174684}}
{"target": -16.936225813000895, "params": {"C": 124159.643939406, "gamma": 1.3078447691829416}, "datetime": {"datetime": "2021-06-18 10:11:52", "elapsed": 3041.618683, "delta": 11.702285}}
{"target": -14.757970496702047, "params": {"C": 145.37846780036233, "gamma": 3.40878774530869}, "datetime": {"datetime": "2021-06-18 10:12:03", "elapsed": 3052.415381, "delta": 10.796698}}
{"target": -15.231956327136775, "params": {"C": 860038.3601962328, "gamma": 3.0418152949970847}, "datetime": {"datetime": "2021-06-18 10:12:12", "elapsed": 3061.576545, "delta": 9.161164}}
{"target": -15.191500958945298, "params": {"C": 663788.8325422318, "gamma": 3.515419065041383}, "datetime": {"datetime": "2021-06-18 10:12:19", "elapsed": 3068.899736, "delta": 7.323191}}
