{"target": -15.23895199891041, "params": {"C": 957888.073352427, "gamma": 4.2687306132688105}, "datetime": {"datetime": "2021-06-18 09:28:17", "elapsed": 427.263806, "delta": 2.47038}}
{"target": -14.812937854717347, "params": {"C": 110.07521432679849, "gamma": 3.820365324273753}, "datetime": {"datetime": "2021-06-18 09:28:20", "elapsed": 429.825467, "delta": 2.561661}}
{"target": -15.356342953666463, "params": {"C": 28288.719797431542, "gamma": 4.933384222616981}, "datetime": {"datetime": "2021-06-18 09:28:23", "elapsed": 432.975841, "delta": 3.150374}}
{"target": -15.261057674771047, "params": {"C": 860036.4960895384, "gamma": 4.484404666504975}, "datetime": {"datetime": "2021-06-18 09:28:26", "elapsed": 435.441465, "delta": 2.465624}}
{"target": -16.147659440948786, "params": {"C": 606327.8735500718, "gamma": 7.275848191555213}, "datetime": {"datetime": "2021-06-18 09:28:28", "elapsed": 437.89405, "delta": 2.452585}}
{"target": -15.204219478307685, "params": {"C": 239842.9859769507, "gamma": 3.2117266044359982}, "datetime": {"datetime": "2021-06-18 09:28:31", "elapsed": 440.984201, "delta": 3.090151}}
{"target": -15.23201023943578, "params": {"C": 28287.824006220006, "gamma": 3.0263229224314885}, "datetime": {"datetime": "2021-06-18 09:28:34", "elapsed": 444.352371, "delta": 3.36817}}
{"target": -12.116705534023783, "params": {"C": 149.54656655932962, "gamma": 0.5109132388894037}, "datetime": {"datetime": "2021-06-18 09:28:38", "elapsed": 447.479125, "delta": 3.126754}}
{"target": -15.319638301222776, "params": {"C": 449915.34980032995, "gamma": 2.740853506306583}, "datetime": {"datetime": "2021-06-18 09:28:41", "elapsed": 450.47504, "delta": 2.995915}}
{"target": -15.862525321767434, "params": {"C": 691876.8518208417, "gamma": 6.543934601822316}, "datetime": {"datetime": "2021-06-18 09:28:43", "elapsed": 453.342219, "delta": 2.867179}}
{"target": -15.432410334638499, "params": {"C": 449914.7102259596, "gamma": 5.213389040149637}, "datetime": {"datetime": "2021-06-18 09:28:49", "elapsed": 458.895087, "delta": 5.552868}}
{"target": -15.434904662496841, "params": {"C": 694402.4810265026, "gamma": 5.222098818303653}, "datetime": {"datetime": "2021-06-18 09:28:53", "elapsed": 462.560517, "delta": 3.66543}}
{"target": -16.09736084758285, "params": {"C": 66340.18109872898, "gamma": 1.7943024600092092}, "datetime": {"datetime": "2021-06-18 09:28:57", "elapsed": 467.358405, "delta": 4.797888}}
{"target": -16.128571358238194, "params": {"C": 108.12491844251605, "gamma": 7.159042817042757}, "datetime": {"datetime": "2021-06-18 09:29:01", "elapsed": 470.394567, "delta": 3.036162}}
{"target": -15.306348562995742, "params": {"C": 99.82414803978743, "gamma": 5.130036975341995}, "datetime": {"datetime": "2021-06-18 09:29:02", "elapsed": 472.370537, "delta": 1.97597}}
{"target": -14.155466904811526, "params": {"C": 98.58956064437406, "gamma": 2.359879431989627}, "datetime": {"datetime": "2021-06-18 09:29:06", "elapsed": 475.545569, "delta": 3.175032}}
{"target": -16.078794758427392, "params": {"C": 186235.764486774, "gamma": 1.8137382002988351}, "datetime": {"datetime": "2021-06-18 09:29:10", "elapsed": 480.193669, "delta": 4.6481}}
{"target": -14.330681078848192, "params": {"C": 144.68040049498958, "gamma": 2.493566108401629}, "datetime": {"datetime": "2021-06-18 09:29:15", "elapsed": 484.665176, "delta": 4.471507}}
{"target": -16.159607723145214, "params": {"C": 145.79671581683093, "gamma": 7.235479259929665}, "datetime": {"datetime": "2021-06-18 09:29:17", "elapsed": 487.102486, "delta": 2.43731}}
{"target": -19.342831700393766, "params": {"C": 28285.872689318676, "gamma": 0.1496356810402971}, "datetime": {"datetime": "2021-06-18 09:29:21", "elapsed": 491.252837, "delta": 4.150351}}
{"target": -15.523543361592724, "params": {"C": 124168.02521972026, "gamma": 5.541995389962191}, "datetime": {"datetime": "2021-06-18 09:29:24", "elapsed": 493.787905, "delta": 2.535068}}
{"target": -14.596900157606745, "params": {"C": 124.27196113750333, "gamma": 3.2050867395215525}, "datetime": {"datetime": "2021-06-18 09:29:30", "elapsed": 499.866692, "delta": 6.078787}}
{"target": -15.194956353066441, "params": {"C": 807123.3947469549, "gamma": 3.3660153278616414}, "datetime": {"datetime": "2021-06-18 09:29:33", "elapsed": 502.965168, "delta": 3.098476}}
{"target": -15.529092368209918, "params": {"C": 579749.0717136831, "gamma": 5.560066268703818}, "datetime": {"datetime": "2021-06-18 09:29:35", "elapsed": 505.129534, "delta": 2.164366}}
{"target": -15.194347982395948, "params": {"C": 408135.0387909724, "gamma": 3.5765502171820494}, "datetime": {"datetime": "2021-06-18 09:29:40", "elapsed": 509.82684, "delta": 4.697306}}
{"target": -17.13982874672275, "params": {"C": 417311.7890962062, "gamma": 9.66283317233922}, "datetime": {"datetime": "2021-06-18 09:29:43", "elapsed": 512.558625, "delta": 2.731785}}
{"target": -15.196693447268009, "params": {"C": 883305.0860928395, "gamma": 3.318315867293567}, "datetime": {"datetime": "2021-06-18 09:29:46", "elapsed": 516.19161, "delta": 3.632985}}
{"target": -15.872107179838677, "params": {"C": 186238.0613028257, "gamma": 6.572841613005569}, "datetime": {"datetime": "2021-06-18 09:29:49", "elapsed": 518.491736, "delta": 2.300126}}
{"target": -16.408325834696367, "params": {"C": 28299.737657974543, "gamma": 7.942742428537353}, "datetime": {"datetime": "2021-06-18 09:29:52", "elapsed": 521.783883, "delta": 3.292147}}
{"target": -16.03184760378411, "params": {"C": 663439.6850759586, "gamma": 1.8522487650039579}, "datetime": {"datetime": "2021-06-18 09:29:56", "elapsed": 525.452302, "delta": 3.668419}}
{"target": -14.269852244129366, "params": {"C": 150.52105572027526, "gamma": 1.3137802455799412}, "datetime": {"datetime": "2021-06-18 09:29:59", "elapsed": 529.03322, "delta": 3.580918}}
{"target": -15.922015514817863, "params": {"C": 239853.66414070735, "gamma": 1.9393484722553018}, "datetime": {"datetime": "2021-06-18 09:30:02", "elapsed": 532.271107, "delta": 3.237887}}
{"target": -15.349111292592966, "params": {"C": 663436.6434295565, "gamma": 4.9054851319720925}, "datetime": {"datetime": "2021-06-18 09:30:05", "elapsed": 535.379401, "delta": 3.108294}}
{"target": -15.390051480630031, "params": {"C": 326646.9762293796, "gamma": 5.061043320683223}, "datetime": {"datetime": "2021-06-18 09:30:08", "elapsed": 537.763423, "delta": 2.384022}}
{"target": -14.414461924838296, "params": {"C": 127.88544398094338, "gamma": 2.8449970211711793}, "datetime": {"datetime": "2021-06-18 09:30:11", "elapsed": 540.484368, "delta": 2.720945}}
{"target": -13.597733495306086, "params": {"C": 120.64086022307879, "gamma": 0.9789277340253156}, "datetime": {"datetime": "2021-06-18 09:30:16", "elapsed": 545.507487, "delta": 5.023119}}
{"target": -15.663238357222511, "params": {"C": 13949.156572364333, "gamma": 5.955245005695303}, "datetime": {"datetime": "2021-06-18 09:30:18", "elapsed": 547.633552, "delta": 2.126065}}
{"target": -14.623134482541422, "params": {"C": 133.58594740476053, "gamma": 3.172915481372873}, "datetime": {"datetime": "2021-06-18 09:30:22", "elapsed": 551.59364, "delta": 3.960088}}
{"target": -15.779874178837058, "params": {"C": 417301.87229752424, "gamma": 6.30015163963617}, "datetime": {"datetime": "2021-06-18 09:30:25", "elapsed": 555.201397, "delta": 3.607757}}
{"target": -10.482047036160049, "params": {"C": 106.37884794241084, "gamma": 0.2865778921210128}, "datetime": {"datetime": "2021-06-18 09:30:28", "elapsed": 557.583728, "delta": 2.382331}}
{"target": -17.569174903166363, "params": {"C": 186240.01674557602, "gamma": 1.1019241401806452}, "datetime": {"datetime": "2021-06-18 09:30:31", "elapsed": 560.385526, "delta": 2.801798}}
{"target": -15.602880430232194, "params": {"C": 70019.98401091239, "gamma": 5.7784304607459}, "datetime": {"datetime": "2021-06-18 09:30:34", "elapsed": 563.746825, "delta": 3.361299}}
{"target": -15.33057905295539, "params": {"C": 239839.37189524906, "gamma": 4.835800700728015}, "datetime": {"datetime": "2021-06-18 09:30:37", "elapsed": 566.594933, "delta": 2.848108}}
{"target": -12.472437159608763, "params": {"C": 128.8887301060068, "gamma": 0.6054026469446423}, "datetime": {"datetime": "2021-06-18 09:30:39", "elapsed": 568.932258, "delta": 2.337325}}
{"target": -15.14036244615692, "params": {"C": 114.91144860256524, "gamma": 4.6855409147090334}, "datetime": {"datetime": "2021-06-18 09:30:41", "elapsed": 571.300044, "delta": 2.367786}}
{"target": -14.057331295099631, "params": {"C": 122.70854280660475, "gamma": 1.3109961643856187}, "datetime": {"datetime": "2021-06-18 09:30:44", "elapsed": 573.578957, "delta": 2.278913}}
{"target": -15.251236414827721, "params": {"C": 663792.3819033426, "gamma": 2.956066843483262}, "datetime": {"datetime": "2021-06-18 09:30:47", "elapsed": 576.639969, "delta": 3.061012}}
{"target": -15.218865512600372, "params": {"C": 663790.4445413802, "gamma": 3.985858938033516}, "datetime": {"datetime": "2021-06-18 09:30:50", "elapsed": 579.637853, "delta": 2.997884}}
{"target": -15.209607134038732, "params": {"C": 417311.08530068735, "gamma": 3.8444311493786474}, "datetime": {"datetime": "2021-06-18 09:30:53", "elapsed": 583.187797, "delta": 3.549944}}
{"target": -15.981768794728291, "params": {"C": 326652.01052271225, "gamma": 6.874716581545086}, "datetime": {"datetime": "2021-06-18 09:30:56", "elapsed": 585.550581, "delta": 2.362784}}
{"target": -16.853259025853497, "params": {"C": 70018.09493223125, "gamma": 9.090626232471491}, "datetime": {"datetime": "2021-06-18 09:30:59", "elapsed": 588.68604, "delta": 3.135459}}
{"target": -14.842118178245038, "params": {"C": 136.03957594753615, "gamma": 3.6920749203300405}, "datetime": {"datetime": "2021-06-18 09:31:02", "elapsed": 591.700457, "delta": 3.014417}}
{"target": -15.763570713398167, "params": {"C": 957889.1973033206, "gamma": 2.078069698331974}, "datetime": {"datetime": "2021-06-18 09:31:05", "elapsed": 595.138414, "delta": 3.437957}}
{"target": -15.482345207539538, "params": {"C": 908599.0463389611, "gamma": 5.3905569606676105}, "datetime": {"datetime": "2021-06-18 09:31:08", "elapsed": 598.277977, "delta": 3.139563}}
{"target": -14.443117135995012, "params": {"C": 142.86907497711593, "gamma": 1.8903148722092444}, "datetime": {"datetime": "2021-06-18 09:31:11", "elapsed": 601.277847, "delta": 2.99987}}
{"target": -13.932902602590364, "params": {"C": 111.70144242568753, "gamma": 1.2945971611928506}, "datetime": {"datetime": "2021-06-18 09:31:16", "elapsed": 605.534567, "delta": 4.25672}}
{"target": -15.658606828154179, "params": {"C": 606321.3081874893, "gamma": 2.205869414058187}, "datetime": {"datetime": "2021-06-18 09:31:19", "elapsed": 608.80577, "delta": 3.271203}}
{"target": -15.43320065512993, "params": {"C": 239843.6874147725, "gamma": 5.216153956588472}, "datetime": {"datetime": "2021-06-18 09:31:21", "elapsed": 610.971183, "delta": 2.165413}}
{"target": -11.449018934776156, "params": {"C": 105.69627254289186, "gamma": 0.48046890368725326}, "datetime": {"datetime": "2021-06-18 09:31:25", "elapsed": 614.767967, "delta": 3.796784}}
{"target": -14.103931224457305, "params": {"C": 112.4936996984583, "gamma": 1.4982591971223747}, "datetime": {"datetime": "2021-06-18 09:31:28", "elapsed": 618.032714, "delta": 3.264747}}
{"target": -15.05560889588975, "params": {"C": 95.37941806427445, "gamma": 4.589666543093219}, "datetime": {"datetime": "2021-06-18 09:31:32", "elapsed": 621.466111, "delta": 3.433397}}
{"target": -16.42185218188381, "params": {"C": 49957.84293292948, "gamma": 7.975935408110998}, "datetime": {"datetime": "2021-06-18 09:31:34", "elapsed": 623.679654, "delta": 2.213543}}
{"target": -16.138516375301666, "params": {"C": 239839.79071711018, "gamma": 7.252976013639838}, "datetime": {"datetime": "2021-06-18 09:31:38", "elapsed": 627.677299, "delta": 3.997645}}
{"target": -16.396367246285024, "params": {"C": 417309.4563185051, "gamma": 1.5956445267200228}, "datetime": {"datetime": "2021-06-18 09:31:44", "elapsed": 633.780728, "delta": 6.103429}}
{"target": -15.769992336493033, "params": {"C": 211624.8326653627, "gamma": 6.271702488822434}, "datetime": {"datetime": "2021-06-18 09:31:47", "elapsed": 636.647925, "delta": 2.867197}}
{"target": -17.12043822015499, "params": {"C": 860035.7007982497, "gamma": 9.62486608676408}, "datetime": {"datetime": "2021-06-18 09:31:50", "elapsed": 640.354513, "delta": 3.706588}}
{"target": -16.66348040095355, "params": {"C": 239844.6900485043, "gamma": 8.594319006542632}, "datetime": {"datetime": "2021-06-18 09:31:54", "elapsed": 643.453086, "delta": 3.098573}}
{"target": -16.38069305003443, "params": {"C": 606328.8529740738, "gamma": 1.6062126231832314}, "datetime": {"datetime": "2021-06-18 09:31:57", "elapsed": 646.649423, "delta": 3.196337}}
{"target": -15.568176733394823, "params": {"C": 211634.22693577743, "gamma": 5.6747338833143965}, "datetime": {"datetime": "2021-06-18 09:32:00", "elapsed": 650.181717, "delta": 3.532294}}
{"target": -15.553214515646657, "params": {"C": 28286.723943650515, "gamma": 5.630291680945243}, "datetime": {"datetime": "2021-06-18 09:32:04", "elapsed": 654.172746, "delta": 3.991029}}
{"target": -16.506906603076686, "params": {"C": 49953.47309190116, "gamma": 8.186811524656997}, "datetime": {"datetime": "2021-06-18 09:32:08", "elapsed": 657.831273, "delta": 3.658527}}
{"target": -15.206216012454634, "params": {"C": 124171.36567626869, "gamma": 3.792621380610275}, "datetime": {"datetime": "2021-06-18 09:32:11", "elapsed": 660.463297, "delta": 2.632024}}
{"target": -15.944892541360167, "params": {"C": 186247.0238131615, "gamma": 6.783321410825872}, "datetime": {"datetime": "2021-06-18 09:32:13", "elapsed": 662.997797, "delta": 2.5345}}
{"target": -15.972573701698684, "params": {"C": 807127.7870038045, "gamma": 1.899502629281283}, "datetime": {"datetime": "2021-06-18 09:32:16", "elapsed": 666.173235, "delta": 3.175438}}
{"target": -15.364471762813437, "params": {"C": 98338.72569508803, "gamma": 4.964205023998487}, "datetime": {"datetime": "2021-06-18 09:32:19", "elapsed": 669.354303, "delta": 3.181068}}
{"target": -16.83304831929096, "params": {"C": 908605.8793407283, "gamma": 1.357802883248832}, "datetime": {"datetime": "2021-06-18 09:32:23", "elapsed": 672.818896, "delta": 3.464593}}
{"target": -17.19658650742599, "params": {"C": 417305.63923412113, "gamma": 9.775020936949202}, "datetime": {"datetime": "2021-06-18 09:32:26", "elapsed": 676.233789, "delta": 3.414893}}
{"target": -15.197503655330221, "params": {"C": 195430.42752572795, "gamma": 3.2926897897777074}, "datetime": {"datetime": "2021-06-18 09:32:30", "elapsed": 680.047993, "delta": 3.814204}}
{"target": -24.32107518632697, "params": {"C": 691879.1945794316, "gamma": 0.4260653510246273}, "datetime": {"datetime": "2021-06-18 09:32:33", "elapsed": 682.563374, "delta": 2.515381}}
{"target": -15.295157503139736, "params": {"C": 28303.32282449772, "gamma": 2.7881961654549303}, "datetime": {"datetime": "2021-06-18 09:32:35", "elapsed": 685.29884, "delta": 2.735466}}
{"target": -16.325873787266644, "params": {"C": 99.67635284385368, "gamma": 7.649627663058483}, "datetime": {"datetime": "2021-06-18 09:32:39", "elapsed": 689.064471, "delta": 3.765631}}
{"target": -16.752771185618972, "params": {"C": 239840.72156428802, "gamma": 1.3927070851903238}, "datetime": {"datetime": "2021-06-18 09:32:43", "elapsed": 692.882329, "delta": 3.817858}}
{"target": -14.092887584619179, "params": {"C": 135.25767567312508, "gamma": 1.239974755047006}, "datetime": {"datetime": "2021-06-18 09:32:47", "elapsed": 697.097004, "delta": 4.214675}}
{"target": -15.533096225419929, "params": {"C": 932599.1995484633, "gamma": 5.571717001028695}, "datetime": {"datetime": "2021-06-18 09:32:51", "elapsed": 700.708088, "delta": 3.611084}}
{"target": -17.143869085436418, "params": {"C": 860029.7820820177, "gamma": 1.2244652911787868}, "datetime": {"datetime": "2021-06-18 09:32:54", "elapsed": 703.870161, "delta": 3.162073}}
{"target": -16.718503025397162, "params": {"C": 944599.8502649426, "gamma": 8.743464498071436}, "datetime": {"datetime": "2021-06-18 09:32:56", "elapsed": 706.333376, "delta": 2.463215}}
{"target": -14.46831747044324, "params": {"C": 92.88834440364101, "gamma": 3.3049335688496764}, "datetime": {"datetime": "2021-06-18 09:32:59", "elapsed": 709.091782, "delta": 2.758406}}
{"target": -16.364681197368082, "params": {"C": 28288.50577703635, "gamma": 7.83783942627213}, "datetime": {"datetime": "2021-06-18 09:33:05", "elapsed": 714.929541, "delta": 5.837759}}
{"target": -15.702021025462884, "params": {"C": 663444.3843151438, "gamma": 2.152062529311175}, "datetime": {"datetime": "2021-06-18 09:33:07", "elapsed": 717.228808, "delta": 2.299267}}
{"target": -17.14008443975024, "params": {"C": 579748.3359372717, "gamma": 9.663345136311058}, "datetime": {"datetime": "2021-06-18 09:33:10", "elapsed": 719.847853, "delta": 2.619045}}
{"target": -16.193794726581228, "params": {"C": 800634.9047749875, "gamma": 1.7327655423273032}, "datetime": {"datetime": "2021-06-18 09:33:15", "elapsed": 724.423249, "delta": 4.575396}}
{"target": -15.419853694020402, "params": {"C": 146.6892409712766, "gamma": 5.323589585765982}, "datetime": {"datetime": "2021-06-18 09:33:20", "elapsed": 729.69458, "delta": 5.271331}}
{"target": -13.644908310183665, "params": {"C": 151.5174973606998, "gamma": 0.8320580522675205}, "datetime": {"datetime": "2021-06-18 09:33:25", "elapsed": 734.387995, "delta": 4.693415}}
{"target": -14.11623487616157, "params": {"C": 139.46300272161736, "gamma": 1.2287910848632564}, "datetime": {"datetime": "2021-06-18 09:33:28", "elapsed": 737.674439, "delta": 3.286444}}
{"target": -15.619433697205809, "params": {"C": 883300.5956372521, "gamma": 5.828770252336386}, "datetime": {"datetime": "2021-06-18 09:33:32", "elapsed": 741.941985, "delta": 4.267546}}
{"target": -15.585909532586232, "params": {"C": 694396.4527513253, "gamma": 5.727570624016846}, "datetime": {"datetime": "2021-06-18 09:33:35", "elapsed": 744.6217, "delta": 2.679715}}
{"target": -15.345869657125322, "params": {"C": 98336.58069064512, "gamma": 4.893322048326786}, "datetime": {"datetime": "2021-06-18 09:33:40", "elapsed": 749.699834, "delta": 5.078134}}
{"target": -14.318468306214328, "params": {"C": 130.49492969306687, "gamma": 1.7261353293159916}, "datetime": {"datetime": "2021-06-18 09:33:45", "elapsed": 754.605985, "delta": 4.906151}}
{"target": -15.201227426093688, "params": {"C": 49951.200451699515, "gamma": 3.7157671918458672}, "datetime": {"datetime": "2021-06-18 09:33:51", "elapsed": 760.60327, "delta": 5.997285}}
{"target": -15.306283230041029, "params": {"C": 408138.8502736637, "gamma": 4.745950066200703}, "datetime": {"datetime": "2021-06-18 09:33:56", "elapsed": 765.561912, "delta": 4.958642}}
{"target": -21.43015850604803, "params": {"C": 28302.704270504535, "gamma": 0.19933934776750054}, "datetime": {"datetime": "2021-06-18 09:33:59", "elapsed": 768.885215, "delta": 3.323303}}
{"target": -16.553969164518538, "params": {"C": 694402.4413108464, "gamma": 8.306968933282072}, "datetime": {"datetime": "2021-06-18 09:34:03", "elapsed": 772.40289, "delta": 3.517675}}
{"target": -15.413394174656972, "params": {"C": 49950.454142538685, "gamma": 5.14437867660293}, "datetime": {"datetime": "2021-06-18 09:34:05", "elapsed": 774.945247, "delta": 2.542357}}
{"target": -15.822302677919668, "params": {"C": 92.9942433922244, "gamma": 6.43347742720729}, "datetime": {"datetime": "2021-06-18 09:34:09", "elapsed": 779.212403, "delta": 4.267156}}
{"target": -15.631585947614358, "params": {"C": 28307.261414993412, "gamma": 5.863360237331864}, "datetime": {"datetime": "2021-06-18 09:34:13", "elapsed": 782.636124, "delta": 3.423721}}
{"target": -15.543682461370942, "params": {"C": 663790.362422054, "gamma": 2.3549156198791046}, "datetime": {"datetime": "2021-06-18 09:34:17", "elapsed": 786.826295, "delta": 4.190171}}
{"target": -15.646015891072587, "params": {"C": 70024.09605171003, "gamma": 5.905678035294104}, "datetime": {"datetime": "2021-06-18 09:34:19", "elapsed": 789.303778, "delta": 2.477483}}
{"target": -16.27088244922862, "params": {"C": 211636.36973458034, "gamma": 1.6773670605881974}, "datetime": {"datetime": "2021-06-18 09:34:24", "elapsed": 793.838825, "delta": 4.535047}}
{"target": -15.700388404655206, "params": {"C": 408137.2478397732, "gamma": 6.067031418049757}, "datetime": {"datetime": "2021-06-18 09:34:30", "elapsed": 800.064466, "delta": 6.225641}}
{"target": -15.466347122651111, "params": {"C": 193438.2229816321, "gamma": 5.333034188257074}, "datetime": {"datetime": "2021-06-18 09:34:35", "elapsed": 804.946547, "delta": 4.882081}}
{"target": -15.4982346066108, "params": {"C": 13960.072643809619, "gamma": 5.447839913173374}, "datetime": {"datetime": "2021-06-18 09:34:39", "elapsed": 808.693372, "delta": 3.746825}}
{"target": -15.305133050888061, "params": {"C": 70025.74716677594, "gamma": 2.770926771030489}, "datetime": {"datetime": "2021-06-18 09:34:42", "elapsed": 812.14191, "delta": 3.448538}}
{"target": -14.778394617253653, "params": {"C": 132.51457342563262, "gamma": 3.559138084276397}, "datetime": {"datetime": "2021-06-18 09:34:45", "elapsed": 814.989578, "delta": 2.847668}}
{"target": -15.275163810037451, "params": {"C": 927508.8867733267, "gamma": 4.617126657129638}, "datetime": {"datetime": "2021-06-18 09:34:49", "elapsed": 819.281422, "delta": 4.291844}}
{"target": -14.111755716400989, "params": {"C": 92.36286514717007, "gamma": 2.3338832456189222}, "datetime": {"datetime": "2021-06-18 09:34:53", "elapsed": 822.8526, "delta": 3.571178}}
{"target": -15.51173709298062, "params": {"C": 606334.0346371057, "gamma": 5.498123092051954}, "datetime": {"datetime": "2021-06-18 09:34:58", "elapsed": 827.533157, "delta": 4.680557}}
{"target": -18.78888008277023, "params": {"C": 102327.66581477088, "gamma": 0.8128352150249417}, "datetime": {"datetime": "2021-06-18 09:35:01", "elapsed": 831.212657, "delta": 3.6795}}
