{"target": -13.378335729848235, "params": {"C": 3.4683246358783766, "gamma": 5.139596360770074}, "datetime": {"datetime": "2021-06-20 12:11:49", "elapsed": 1087.239309, "delta": 2.141136}}
{"target": -12.487146060676041, "params": {"C": 1.7491381529385106, "gamma": 3.003580082867082}, "datetime": {"datetime": "2021-06-20 12:11:53", "elapsed": 1091.611448, "delta": 4.372139}}
{"target": -15.84790294140699, "params": {"C": 8.596474748257547, "gamma": 0.001}, "datetime": {"datetime": "2021-06-20 12:11:58", "elapsed": 1096.201305, "delta": 4.589857}}
{"target": -10.446835954551398, "params": {"C": 8.49060662212458, "gamma": 0.14538464107281118}, "datetime": {"datetime": "2021-06-20 12:12:02", "elapsed": 1100.380058, "delta": 4.178753}}
{"target": -11.645929458176006, "params": {"C": 9.321572885490863, "gamma": 1.1700450948149435}, "datetime": {"datetime": "2021-06-20 12:12:07", "elapsed": 1105.265204, "delta": 4.885146}}
{"target": -11.446696865814268, "params": {"C": 2.5755291708785624, "gamma": 1.0619299678626315}, "datetime": {"datetime": "2021-06-20 12:12:10", "elapsed": 1108.426623, "delta": 3.161419}}
{"target": -10.874357015256837, "params": {"C": 1.849794691686636, "gamma": 0.6424176981725862}, "datetime": {"datetime": "2021-06-20 12:12:15", "elapsed": 1112.839742, "delta": 4.413119}}
{"target": -10.332982642331281, "params": {"C": 8.639133822881309, "gamma": 0.21761847041073065}, "datetime": {"datetime": "2021-06-20 12:12:18", "elapsed": 1116.761078, "delta": 3.921336}}
{"target": -10.518976095451208, "params": {"C": 8.693724421840473, "gamma": 0.403186277851328}, "datetime": {"datetime": "2021-06-20 12:12:21", "elapsed": 1119.514502, "delta": 2.753424}}
{"target": -11.474947020189754, "params": {"C": 0.6903200930475252, "gamma": 0.8270453216083323}, "datetime": {"datetime": "2021-06-20 12:12:24", "elapsed": 1122.248126, "delta": 2.733624}}
{"target": -11.611513272679117, "params": {"C": 5.180833206217178, "gamma": 1.1533380063060792}, "datetime": {"datetime": "2021-06-20 12:12:30", "elapsed": 1127.856397, "delta": 5.608271}}
{"target": -15.281396424319716, "params": {"C": 4.020466908778472, "gamma": 7.629954811250856}, "datetime": {"datetime": "2021-06-20 12:12:32", "elapsed": 1130.199559, "delta": 2.343162}}
{"target": -14.587423844335557, "params": {"C": 3.1959173086920516, "gamma": 6.738864838677148}, "datetime": {"datetime": "2021-06-20 12:12:34", "elapsed": 1132.520064, "delta": 2.320505}}
{"target": -11.28234392883165, "params": {"C": 7.133202122904179, "gamma": 0.8016277730784317}, "datetime": {"datetime": "2021-06-20 12:12:39", "elapsed": 1137.581066, "delta": 5.061002}}
{"target": -11.96457675120463, "params": {"C": 8.978016940679794, "gamma": 1.682921150843234}, "datetime": {"datetime": "2021-06-20 12:12:43", "elapsed": 1141.004532, "delta": 3.423466}}
{"target": -10.924519785806757, "params": {"C": 8.79364719437959, "gamma": 0.5900118632224325}, "datetime": {"datetime": "2021-06-20 12:12:46", "elapsed": 1144.196392, "delta": 3.19186}}
{"target": -10.923611623956994, "params": {"C": 1.3782003649697778, "gamma": 0.5798323073445715}, "datetime": {"datetime": "2021-06-20 12:12:49", "elapsed": 1147.542453, "delta": 3.346061}}
{"target": -10.430524175907205, "params": {"C": 8.26871557654996, "gamma": 0.1549804937823751}, "datetime": {"datetime": "2021-06-20 12:12:54", "elapsed": 1152.300417, "delta": 4.757964}}
{"target": -11.344561687833819, "params": {"C": 6.004226566352492, "gamma": 0.8640718128676044}, "datetime": {"datetime": "2021-06-20 12:12:58", "elapsed": 1156.659111, "delta": 4.358694}}
{"target": -10.356056191485372, "params": {"C": 8.673556781380471, "gamma": 0.30097667443974874}, "datetime": {"datetime": "2021-06-20 12:13:01", "elapsed": 1159.103445, "delta": 2.444334}}
{"target": -13.350119259074297, "params": {"C": 0.2972528603761279, "gamma": 3.382662797878484}, "datetime": {"datetime": "2021-06-20 12:13:03", "elapsed": 1161.586849, "delta": 2.483404}}
{"target": -11.064268887455897, "params": {"C": 2.311075441475755, "gamma": 0.7930887867020235}, "datetime": {"datetime": "2021-06-20 12:13:07", "elapsed": 1165.258413, "delta": 3.671564}}
{"target": -11.759728398057776, "params": {"C": 2.313733345450624, "gamma": 1.471929989624922}, "datetime": {"datetime": "2021-06-20 12:13:10", "elapsed": 1168.653111, "delta": 3.394698}}
{"target": -13.628922093178716, "params": {"C": 8.284141525518379, "gamma": 4.498599046774737}, "datetime": {"datetime": "2021-06-20 12:13:16", "elapsed": 1173.906535, "delta": 5.253424}}
{"target": -12.069313043532008, "params": {"C": 3.622292784788619, "gamma": 2.0136148094465516}, "datetime": {"datetime": "2021-06-20 12:13:21", "elapsed": 1178.837006, "delta": 4.930471}}
{"target": -12.014105397991287, "params": {"C": 8.072400558330783, "gamma": 0.025358008050906485}, "datetime": {"datetime": "2021-06-20 12:13:24", "elapsed": 1182.642372, "delta": 3.805366}}
{"target": -20.748444425163086, "params": {"C": 0.9349705721117547, "gamma": 0.001}, "datetime": {"datetime": "2021-06-20 12:13:28", "elapsed": 1186.34851, "delta": 3.706138}}
{"target": -11.042590533554925, "params": {"C": 1.244411652503009, "gamma": 0.20254758279573992}, "datetime": {"datetime": "2021-06-20 12:13:35", "elapsed": 1193.045528, "delta": 6.697018}}
{"target": -11.310065039327748, "params": {"C": 0.6515526452890648, "gamma": 0.3124156380996854}, "datetime": {"datetime": "2021-06-20 12:13:39", "elapsed": 1197.266903, "delta": 4.221375}}
{"target": -11.647284861848636, "params": {"C": 6.666047660838629, "gamma": 1.1947160257334322}, "datetime": {"datetime": "2021-06-20 12:13:45", "elapsed": 1202.863983, "delta": 5.59708}}
{"target": -10.892016650432376, "params": {"C": 3.198216806603681, "gamma": 0.6815761583815808}, "datetime": {"datetime": "2021-06-20 12:13:48", "elapsed": 1205.866551, "delta": 3.002568}}
{"target": -11.57797290876986, "params": {"C": 5.625258385002631, "gamma": 1.0975831187018694}, "datetime": {"datetime": "2021-06-20 12:13:51", "elapsed": 1209.411465, "delta": 3.544914}}
{"target": -11.3872157077576, "params": {"C": 8.23882692808676, "gamma": 0.8594202851081395}, "datetime": {"datetime": "2021-06-20 12:13:55", "elapsed": 1213.186703, "delta": 3.775238}}
{"target": -11.702216077114263, "params": {"C": 3.135120758826002, "gamma": 1.3527095582923414}, "datetime": {"datetime": "2021-06-20 12:13:59", "elapsed": 1217.221494, "delta": 4.034791}}
{"target": -10.42687572696809, "params": {"C": 7.850319051848076, "gamma": 0.37258269524098775}, "datetime": {"datetime": "2021-06-20 12:14:03", "elapsed": 1220.820943, "delta": 3.599449}}
{"target": -10.462868410610154, "params": {"C": 8.023862652838908, "gamma": 0.3886727754608663}, "datetime": {"datetime": "2021-06-20 12:14:06", "elapsed": 1224.01391, "delta": 3.192967}}
{"target": -10.480674277786196, "params": {"C": 5.16307915378584, "gamma": 0.40901197054252825}, "datetime": {"datetime": "2021-06-20 12:14:10", "elapsed": 1227.913541, "delta": 3.899631}}
{"target": -11.370017555302686, "params": {"C": 9.829878385475007, "gamma": 0.8265825431244338}, "datetime": {"datetime": "2021-06-20 12:14:15", "elapsed": 1233.322005, "delta": 5.408464}}
{"target": -10.66905145927767, "params": {"C": 2.2326748436610258, "gamma": 0.35966617816606095}, "datetime": {"datetime": "2021-06-20 12:14:19", "elapsed": 1237.310518, "delta": 3.988513}}
{"target": -11.586027949610777, "params": {"C": 4.249124774831316, "gamma": 1.1388359530046341}, "datetime": {"datetime": "2021-06-20 12:14:24", "elapsed": 1242.168404, "delta": 4.857886}}
{"target": -10.715147626093014, "params": {"C": 6.695117742380353, "gamma": 0.5160322109529634}, "datetime": {"datetime": "2021-06-20 12:14:28", "elapsed": 1246.717036, "delta": 4.548632}}
{"target": -10.53695549266907, "params": {"C": 8.458637146135857, "gamma": 0.4129799338688051}, "datetime": {"datetime": "2021-06-20 12:14:33", "elapsed": 1251.42381, "delta": 4.706774}}
{"target": -13.344830104627825, "params": {"C": 4.174098152601554, "gamma": 4.903470228181891}, "datetime": {"datetime": "2021-06-20 12:14:37", "elapsed": 1255.252296, "delta": 3.828486}}
{"target": -16.215545365019846, "params": {"C": 8.069105681571383, "gamma": 9.00720866080853}, "datetime": {"datetime": "2021-06-20 12:14:41", "elapsed": 1259.168441, "delta": 3.916145}}
{"target": -10.364080709503138, "params": {"C": 7.175243855791978, "gamma": 0.2893162148772189}, "datetime": {"datetime": "2021-06-20 12:14:46", "elapsed": 1264.467083, "delta": 5.298642}}
{"target": -12.458758963082122, "params": {"C": 3.572994072144224, "gamma": 2.8364453966625573}, "datetime": {"datetime": "2021-06-20 12:14:53", "elapsed": 1270.942046, "delta": 6.474963}}
{"target": -11.999150496158496, "params": {"C": 2.4832078929846526, "gamma": 1.8552061670101219}, "datetime": {"datetime": "2021-06-20 12:14:57", "elapsed": 1275.156094, "delta": 4.214048}}
{"target": -11.568342679324653, "params": {"C": 0.9637687136235006, "gamma": 1.0691330725103316}, "datetime": {"datetime": "2021-06-20 12:15:03", "elapsed": 1281.696453, "delta": 6.540359}}
{"target": -12.532769625835144, "params": {"C": 7.201591319667918, "gamma": 2.837328868721172}, "datetime": {"datetime": "2021-06-20 12:15:12", "elapsed": 1289.959682, "delta": 8.263229}}
{"target": -10.344047588998656, "params": {"C": 8.351492449630866, "gamma": 0.27926772813474615}, "datetime": {"datetime": "2021-06-20 12:15:17", "elapsed": 1294.780466, "delta": 4.820784}}
{"target": -10.383157902061809, "params": {"C": 7.5107035421312816, "gamma": 0.3227374373234182}, "datetime": {"datetime": "2021-06-20 12:15:23", "elapsed": 1300.790346, "delta": 6.00988}}
{"target": -14.386352294369276, "params": {"C": 4.522841920635648, "gamma": 6.334993965670268}, "datetime": {"datetime": "2021-06-20 12:15:31", "elapsed": 1309.611086, "delta": 8.82074}}
{"target": -14.426067747844721, "params": {"C": 9.99309773127536, "gamma": 5.769115574601173}, "datetime": {"datetime": "2021-06-20 12:15:38", "elapsed": 1316.116306, "delta": 6.50522}}
{"target": -12.02186773814226, "params": {"C": 1.9449307059786616, "gamma": 1.8995556120972694}, "datetime": {"datetime": "2021-06-20 12:15:43", "elapsed": 1321.362262, "delta": 5.245956}}
{"target": -13.01126569439087, "params": {"C": 8.78334849332464, "gamma": 3.565579189683959}, "datetime": {"datetime": "2021-06-20 12:15:50", "elapsed": 1328.125243, "delta": 6.762981}}
{"target": -11.948417684026696, "params": {"C": 7.892495131398565, "gamma": 1.6858719841424215}, "datetime": {"datetime": "2021-06-20 12:15:55", "elapsed": 1333.371025, "delta": 5.245782}}
{"target": -11.995837621171027, "params": {"C": 9.968176949622121, "gamma": 1.7076733111742006}, "datetime": {"datetime": "2021-06-20 12:15:58", "elapsed": 1336.069287, "delta": 2.698262}}
{"target": -14.218888824316556, "params": {"C": 8.063499371801884, "gamma": 5.671491105214685}, "datetime": {"datetime": "2021-06-20 12:16:02", "elapsed": 1339.85292, "delta": 3.783633}}
{"target": -12.09356207697159, "params": {"C": 4.3515647314546815, "gamma": 2.0429584815073136}, "datetime": {"datetime": "2021-06-20 12:16:06", "elapsed": 1344.15167, "delta": 4.29875}}
{"target": -10.352744425360209, "params": {"C": 7.704929894631425, "gamma": 0.2079018223100955}, "datetime": {"datetime": "2021-06-20 12:16:10", "elapsed": 1348.214789, "delta": 4.063119}}
{"target": -11.752234129513011, "params": {"C": 3.8351595120232385, "gamma": 1.447546169470979}, "datetime": {"datetime": "2021-06-20 12:16:18", "elapsed": 1356.348151, "delta": 8.133362}}
{"target": -15.70084539991993, "params": {"C": 3.1814703512706477, "gamma": 8.43453330674968}, "datetime": {"datetime": "2021-06-20 12:16:25", "elapsed": 1363.219438, "delta": 6.871287}}
{"target": -13.470275408063209, "params": {"C": 1.120871759604043, "gamma": 4.960934591209724}, "datetime": {"datetime": "2021-06-20 12:16:28", "elapsed": 1366.417184, "delta": 3.197746}}
{"target": -10.73841671022477, "params": {"C": 6.040358936697901, "gamma": 0.5408944962438295}, "datetime": {"datetime": "2021-06-20 12:16:34", "elapsed": 1372.346322, "delta": 5.929138}}
{"target": -11.401375955988705, "params": {"C": 3.3502336409230233, "gamma": 0.9872164160799143}, "datetime": {"datetime": "2021-06-20 12:16:38", "elapsed": 1376.272314, "delta": 3.925992}}
{"target": -10.667031785701631, "params": {"C": 3.0374003290240927, "gamma": 0.5673652012919803}, "datetime": {"datetime": "2021-06-20 12:16:42", "elapsed": 1380.424216, "delta": 4.151902}}
{"target": -12.783903807241334, "params": {"C": 1.8072773073189485, "gamma": 3.8652961035693063}, "datetime": {"datetime": "2021-06-20 12:16:47", "elapsed": 1385.37788, "delta": 4.953664}}
{"target": -12.592092864691601, "params": {"C": 0.9025022878534438, "gamma": 3.152826576930766}, "datetime": {"datetime": "2021-06-20 12:16:52", "elapsed": 1390.249209, "delta": 4.871329}}
{"target": -15.13324800650468, "params": {"C": 3.3015559592774806, "gamma": 7.501238533407565}, "datetime": {"datetime": "2021-06-20 12:16:59", "elapsed": 1396.931511, "delta": 6.682302}}
{"target": -12.783987692139698, "params": {"C": 5.316633539165428, "gamma": 3.5903401928063583}, "datetime": {"datetime": "2021-06-20 12:17:03", "elapsed": 1401.14131, "delta": 4.209799}}
{"target": -10.359534018667354, "params": {"C": 7.286288823492464, "gamma": 0.28160703588402275}, "datetime": {"datetime": "2021-06-20 12:17:08", "elapsed": 1406.580708, "delta": 5.439398}}
{"target": -12.098582254576279, "params": {"C": 6.496935546602376, "gamma": 1.9566764958790779}, "datetime": {"datetime": "2021-06-20 12:17:13", "elapsed": 1410.978085, "delta": 4.397377}}
{"target": -10.397659654804354, "params": {"C": 6.945416015916752, "gamma": 0.33404249833326755}, "datetime": {"datetime": "2021-06-20 12:17:19", "elapsed": 1417.475264, "delta": 6.497179}}
{"target": -12.429731139431796, "params": {"C": 9.125823760167195, "gamma": 2.5295052396604625}, "datetime": {"datetime": "2021-06-20 12:17:27", "elapsed": 1424.844085, "delta": 7.368821}}
{"target": -10.426229224427196, "params": {"C": 5.801447052355355, "gamma": 0.3541577037479206}, "datetime": {"datetime": "2021-06-20 12:17:30", "elapsed": 1428.111048, "delta": 3.266963}}
{"target": -10.502284693898426, "params": {"C": 3.7157284749359447, "gamma": 0.3870837809466018}, "datetime": {"datetime": "2021-06-20 12:17:39", "elapsed": 1436.842362, "delta": 8.731314}}
{"target": -10.492082661766078, "params": {"C": 4.550146571368168, "gamma": 0.41007821419249935}, "datetime": {"datetime": "2021-06-20 12:17:43", "elapsed": 1440.881898, "delta": 4.039536}}
{"target": -11.960448303419845, "params": {"C": 8.435739730409447, "gamma": 1.689331890433596}, "datetime": {"datetime": "2021-06-20 12:17:51", "elapsed": 1449.012687, "delta": 8.130789}}
{"target": -15.569974567119491, "params": {"C": 4.6398686091406995, "gamma": 8.029161335139667}, "datetime": {"datetime": "2021-06-20 12:17:59", "elapsed": 1457.224235, "delta": 8.211548}}
{"target": -10.46948360153785, "params": {"C": 6.026814725379315, "gamma": 0.4048273149004014}, "datetime": {"datetime": "2021-06-20 12:18:06", "elapsed": 1464.203748, "delta": 6.979513}}
{"target": -10.476610896259118, "params": {"C": 4.000369588149097, "gamma": 0.36291623750442387}, "datetime": {"datetime": "2021-06-20 12:18:13", "elapsed": 1471.465457, "delta": 7.261709}}
{"target": -16.377545538769496, "params": {"C": 6.643706119326856, "gamma": 9.406580866998569}, "datetime": {"datetime": "2021-06-20 12:18:19", "elapsed": 1477.045219, "delta": 5.579762}}
{"target": -11.808426928562119, "params": {"C": 7.021837214885775, "gamma": 1.516159922693061}, "datetime": {"datetime": "2021-06-20 12:18:25", "elapsed": 1483.316007, "delta": 6.270788}}
{"target": -12.11564390514671, "params": {"C": 5.342917032456502, "gamma": 2.031064732662685}, "datetime": {"datetime": "2021-06-20 12:18:30", "elapsed": 1488.40455, "delta": 5.088543}}
{"target": -10.314925487373824, "params": {"C": 9.653695764814335, "gamma": 0.22876413541258195}, "datetime": {"datetime": "2021-06-20 12:18:34", "elapsed": 1492.450178, "delta": 4.045628}}
{"target": -10.546365974154137, "params": {"C": 5.827173359837027, "gamma": 0.14599308385899415}, "datetime": {"datetime": "2021-06-20 12:18:40", "elapsed": 1498.44201, "delta": 5.991832}}
{"target": -14.152011277137705, "params": {"C": 2.6446589084939824, "gamma": 6.184762117780696}, "datetime": {"datetime": "2021-06-20 12:18:49", "elapsed": 1507.185948, "delta": 8.743938}}
{"target": -12.243465017077085, "params": {"C": 7.528460203184908, "gamma": 2.1824131719027124}, "datetime": {"datetime": "2021-06-20 12:18:55", "elapsed": 1513.378562, "delta": 6.192614}}
{"target": -11.65576213780417, "params": {"C": 10.0, "gamma": 1.1792681952971695}, "datetime": {"datetime": "2021-06-20 12:19:01", "elapsed": 1518.925024, "delta": 5.546462}}
{"target": -12.157990963257964, "params": {"C": 0.6845778778376383, "gamma": 1.936641216169241}, "datetime": {"datetime": "2021-06-20 12:19:05", "elapsed": 1523.271005, "delta": 4.345981}}
{"target": -10.341826155713402, "params": {"C": 7.885804210608687, "gamma": 0.23381212428138617}, "datetime": {"datetime": "2021-06-20 12:19:11", "elapsed": 1528.804037, "delta": 5.533032}}
{"target": -10.839945499721438, "params": {"C": 9.81934677090758, "gamma": 0.526327579232281}, "datetime": {"datetime": "2021-06-20 12:19:21", "elapsed": 1539.154723, "delta": 10.350686}}
{"target": -12.231657360190342, "params": {"C": 8.093770098571643, "gamma": 2.143544159882344}, "datetime": {"datetime": "2021-06-20 12:19:25", "elapsed": 1543.595857, "delta": 4.441134}}
{"target": -12.32182092536577, "params": {"C": 9.759829816422187, "gamma": 2.283058042762744}, "datetime": {"datetime": "2021-06-20 12:19:31", "elapsed": 1549.111252, "delta": 5.515395}}
{"target": -15.579741858794801, "params": {"C": 7.300966032340154, "gamma": 7.847771361408444}, "datetime": {"datetime": "2021-06-20 12:19:38", "elapsed": 1556.445986, "delta": 7.334734}}
{"target": -10.394977607083582, "params": {"C": 9.167587709914514, "gamma": 0.3480591195469057}, "datetime": {"datetime": "2021-06-20 12:19:43", "elapsed": 1561.089254, "delta": 4.643268}}
{"target": -10.526596479858252, "params": {"C": 4.793299490718559, "gamma": 0.45238513850992}, "datetime": {"datetime": "2021-06-20 12:19:50", "elapsed": 1567.989406, "delta": 6.900152}}
{"target": -12.961790698711475, "params": {"C": 3.5481247200496733, "gamma": 4.181199269871194}, "datetime": {"datetime": "2021-06-20 12:19:55", "elapsed": 1572.914991, "delta": 4.925585}}
{"target": -12.792605748147304, "params": {"C": 5.943306718006857, "gamma": 3.535510116653655}, "datetime": {"datetime": "2021-06-20 12:20:04", "elapsed": 1582.072825, "delta": 9.157834}}
{"target": -10.490867391151983, "params": {"C": 5.0508218274878525, "gamma": 0.4191394958939451}, "datetime": {"datetime": "2021-06-20 12:20:08", "elapsed": 1586.235308, "delta": 4.162483}}
{"target": -12.558264348281503, "params": {"C": 6.454050070067506, "gamma": 2.935737910033785}, "datetime": {"datetime": "2021-06-20 12:20:12", "elapsed": 1590.739793, "delta": 4.504485}}
{"target": -13.402802847848209, "params": {"C": 2.9378081282920396, "gamma": 5.181935858436102}, "datetime": {"datetime": "2021-06-20 12:20:20", "elapsed": 1598.095856, "delta": 7.356063}}
{"target": -10.391162365944636, "params": {"C": 5.591796882228741, "gamma": 0.2425666196180042}, "datetime": {"datetime": "2021-06-20 12:20:29", "elapsed": 1607.376809, "delta": 9.280953}}
{"target": -10.540697676289879, "params": {"C": 3.3045619650552296, "gamma": 0.41362643301259355}, "datetime": {"datetime": "2021-06-20 12:20:35", "elapsed": 1613.7706, "delta": 6.393791}}
{"target": -13.191630321079916, "params": {"C": 5.1202774805832005, "gamma": 4.400201942807399}, "datetime": {"datetime": "2021-06-20 12:20:41", "elapsed": 1619.492148, "delta": 5.721548}}
{"target": -14.921177989802484, "params": {"C": 2.5014500649779903, "gamma": 7.280599375374138}, "datetime": {"datetime": "2021-06-20 12:20:48", "elapsed": 1626.010541, "delta": 6.518393}}
{"target": -10.490739830227842, "params": {"C": 9.879372530047412, "gamma": 0.3799947018511994}, "datetime": {"datetime": "2021-06-20 12:20:54", "elapsed": 1632.410082, "delta": 6.399541}}
{"target": -11.740806942389778, "params": {"C": 3.5099903090625277, "gamma": 1.4281730286090197}, "datetime": {"datetime": "2021-06-20 12:20:59", "elapsed": 1636.78248, "delta": 4.372398}}
{"target": -13.869679797328072, "params": {"C": 1.5882968192495612, "gamma": 5.734383021278509}, "datetime": {"datetime": "2021-06-20 12:21:05", "elapsed": 1643.41682, "delta": 6.63434}}
{"target": -10.416501987624601, "params": {"C": 6.257810885940748, "gamma": 0.1990631241998318}, "datetime": {"datetime": "2021-06-20 12:21:10", "elapsed": 1647.809452, "delta": 4.392632}}
{"target": -10.383068490370144, "params": {"C": 9.521293410048838, "gamma": 0.3384078408124707}, "datetime": {"datetime": "2021-06-20 12:21:14", "elapsed": 1652.667471, "delta": 4.858019}}
{"target": -14.368996640371238, "params": {"C": 5.660837802072875, "gamma": 6.188824585100531}, "datetime": {"datetime": "2021-06-20 12:21:21", "elapsed": 1659.119079, "delta": 6.451608}}
{"target": -12.875339678176378, "params": {"C": 4.688267679963025, "gamma": 3.8692745780721363}, "datetime": {"datetime": "2021-06-20 12:21:24", "elapsed": 1662.243536, "delta": 3.124457}}
{"target": -10.402630708877938, "params": {"C": 8.577712496146196, "gamma": 0.16194001651828485}, "datetime": {"datetime": "2021-06-20 12:21:30", "elapsed": 1667.796808, "delta": 5.553272}}
{"target": -13.815913234902014, "params": {"C": 9.479719759498929, "gamma": 4.611043986618917}, "datetime": {"datetime": "2021-06-20 12:21:34", "elapsed": 1672.477593, "delta": 4.680785}}
{"target": -11.89432287491059, "params": {"C": 9.597672313352467, "gamma": 1.5757086477196671}, "datetime": {"datetime": "2021-06-20 12:21:40", "elapsed": 1678.160556, "delta": 5.682963}}
