{"target": -9.87902454800327, "params": {"C": 19.871927446598598, "gamma": 0.4981389046852551}, "datetime": {"datetime": "2021-06-21 08:55:39", "elapsed": 728.162605, "delta": 3.63631}}
{"target": -9.87902454800327, "params": {"C": 19.871927446598598, "gamma": 0.4981389046852551}, "datetime": {"datetime": "2021-06-21 08:55:43", "elapsed": 732.248096, "delta": 4.085491}}
{"target": -9.87902454800327, "params": {"C": 19.871927446598598, "gamma": 0.4981389046852551}, "datetime": {"datetime": "2021-06-21 08:55:46", "elapsed": 735.465094, "delta": 3.216998}}
{"target": -9.880796491658842, "params": {"C": 19.491288908047956, "gamma": 0.49906967424690346}, "datetime": {"datetime": "2021-06-21 08:55:50", "elapsed": 739.649245, "delta": 4.184151}}
{"target": -9.880796491658842, "params": {"C": 19.491288908047956, "gamma": 0.49906967424690346}, "datetime": {"datetime": "2021-06-21 08:55:54", "elapsed": 743.590856, "delta": 3.941611}}
{"target": -9.876110418452248, "params": {"C": 19.936349090858073, "gamma": 0.49940443837294135}, "datetime": {"datetime": "2021-06-21 08:55:58", "elapsed": 747.881707, "delta": 4.290851}}
{"target": -9.876110418452248, "params": {"C": 19.936349090858073, "gamma": 0.49940443837294135}, "datetime": {"datetime": "2021-06-21 08:56:03", "elapsed": 752.87819, "delta": 4.996483}}
{"target": -9.879968151978806, "params": {"C": 19.798432317142478, "gamma": 0.49798825879500674}, "datetime": {"datetime": "2021-06-21 08:56:08", "elapsed": 757.181186, "delta": 4.302996}}
{"target": -9.875780570594406, "params": {"C": 19.93269306852403, "gamma": 0.49960159002418775}, "datetime": {"datetime": "2021-06-21 08:56:12", "elapsed": 761.801479, "delta": 4.620293}}
{"target": -9.87860800245772, "params": {"C": 19.950179475732, "gamma": 0.49798013667969954}, "datetime": {"datetime": "2021-06-21 08:56:16", "elapsed": 765.715072, "delta": 3.913593}}
{"target": -9.87860800245772, "params": {"C": 19.950179475732, "gamma": 0.49798013667969954}, "datetime": {"datetime": "2021-06-21 08:56:18", "elapsed": 767.949689, "delta": 2.234617}}
{"target": -9.87568714076334, "params": {"C": 19.98246337792751, "gamma": 0.49940645322228583}, "datetime": {"datetime": "2021-06-21 08:56:22", "elapsed": 771.297685, "delta": 3.347996}}
{"target": -9.877033169403395, "params": {"C": 19.77702136425289, "gamma": 0.4996935859101348}, "datetime": {"datetime": "2021-06-21 08:56:26", "elapsed": 775.482273, "delta": 4.184588}}
{"target": -9.875905835605435, "params": {"C": 19.997351191518923, "gamma": 0.49921448956978165}, "datetime": {"datetime": "2021-06-21 08:56:30", "elapsed": 779.556868, "delta": 4.074595}}
{"target": -9.877786373115415, "params": {"C": 19.63955975081229, "gamma": 0.4999707777385474}, "datetime": {"datetime": "2021-06-21 08:56:34", "elapsed": 783.80646, "delta": 4.249592}}
{"target": -9.877786373115415, "params": {"C": 19.63955975081229, "gamma": 0.4999707777385474}, "datetime": {"datetime": "2021-06-21 08:56:38", "elapsed": 787.016017, "delta": 3.209557}}
{"target": -9.877786373115415, "params": {"C": 19.63955975081229, "gamma": 0.4999707777385474}, "datetime": {"datetime": "2021-06-21 08:56:40", "elapsed": 789.742115, "delta": 2.726098}}
{"target": -9.877786373115415, "params": {"C": 19.63955975081229, "gamma": 0.4999707777385474}, "datetime": {"datetime": "2021-06-21 08:56:43", "elapsed": 792.257367, "delta": 2.515252}}
{"target": -9.880691812403116, "params": {"C": 19.455144933834518, "gamma": 0.4993096299587621}, "datetime": {"datetime": "2021-06-21 08:56:47", "elapsed": 796.499938, "delta": 4.242571}}
{"target": -9.877275140761547, "params": {"C": 19.803909152004465, "gamma": 0.4994279007297931}, "datetime": {"datetime": "2021-06-21 08:56:51", "elapsed": 800.021322, "delta": 3.521384}}
{"target": -9.877275140761547, "params": {"C": 19.803909152004465, "gamma": 0.4994279007297931}, "datetime": {"datetime": "2021-06-21 08:56:54", "elapsed": 803.048861, "delta": 3.027539}}
{"target": -9.88134118701672, "params": {"C": 19.519448315961682, "gamma": 0.4986292531975904}, "datetime": {"datetime": "2021-06-21 08:56:57", "elapsed": 806.586856, "delta": 3.537995}}
{"target": -9.88134118701672, "params": {"C": 19.519448315961682, "gamma": 0.4986292531975904}, "datetime": {"datetime": "2021-06-21 08:57:00", "elapsed": 809.960638, "delta": 3.373782}}
{"target": -9.874433102584758, "params": {"C": 20.0, "gamma": 0.49999982799851556}, "datetime": {"datetime": "2021-06-21 08:57:04", "elapsed": 813.303207, "delta": 3.342569}}
{"target": -9.874433102584758, "params": {"C": 20.0, "gamma": 0.49999982799851556}, "datetime": {"datetime": "2021-06-21 08:57:07", "elapsed": 816.376209, "delta": 3.073002}}
{"target": -9.874433102584758, "params": {"C": 20.0, "gamma": 0.49999982799851556}, "datetime": {"datetime": "2021-06-21 08:57:10", "elapsed": 819.715143, "delta": 3.338934}}
{"target": -9.87774536116671, "params": {"C": 19.95759159341952, "gamma": 0.49841210848072215}, "datetime": {"datetime": "2021-06-21 08:57:13", "elapsed": 822.971746, "delta": 3.256603}}
{"target": -9.875683533360426, "params": {"C": 19.869406535896882, "gamma": 0.4999680947037473}, "datetime": {"datetime": "2021-06-21 08:57:18", "elapsed": 827.286745, "delta": 4.314999}}
{"target": -9.880078427689702, "params": {"C": 19.55489823808583, "gamma": 0.4991427922102253}, "datetime": {"datetime": "2021-06-21 08:57:21", "elapsed": 830.92044, "delta": 3.633695}}
{"target": -9.87791692199896, "params": {"C": 19.782455787255707, "gamma": 0.4991850979283186}, "datetime": {"datetime": "2021-06-21 08:57:25", "elapsed": 834.796048, "delta": 3.875608}}
{"target": -9.8788084279835, "params": {"C": 19.784592078420637, "gamma": 0.4986887646110532}, "datetime": {"datetime": "2021-06-21 08:57:29", "elapsed": 838.284218, "delta": 3.48817}}
{"target": -9.877187568383285, "params": {"C": 19.840739580789425, "gamma": 0.49929256138358014}, "datetime": {"datetime": "2021-06-21 08:57:32", "elapsed": 841.769217, "delta": 3.484999}}
{"target": -9.87603680143239, "params": {"C": 19.907741425670878, "gamma": 0.49958595574467446}, "datetime": {"datetime": "2021-06-21 08:57:35", "elapsed": 844.554817, "delta": 2.7856}}
{"target": -9.878940299217245, "params": {"C": 19.83147222869167, "gamma": 0.4983846069120192}, "datetime": {"datetime": "2021-06-21 08:57:39", "elapsed": 848.091113, "delta": 3.536296}}
{"target": -9.878940299217245, "params": {"C": 19.83147222869167, "gamma": 0.4983846069120192}, "datetime": {"datetime": "2021-06-21 08:57:41", "elapsed": 850.7502, "delta": 2.659087}}
{"target": -9.883785331414675, "params": {"C": 19.01548970890031, "gamma": 0.49985370364356496}, "datetime": {"datetime": "2021-06-21 08:57:45", "elapsed": 854.239917, "delta": 3.489717}}
{"target": -9.879710858413565, "params": {"C": 19.830337809789413, "gamma": 0.49797068307029874}, "datetime": {"datetime": "2021-06-21 08:57:48", "elapsed": 857.538154, "delta": 3.298237}}
{"target": -9.879710858413565, "params": {"C": 19.830337809789413, "gamma": 0.49797068307029874}, "datetime": {"datetime": "2021-06-21 08:57:51", "elapsed": 860.20779, "delta": 2.669636}}
{"target": -9.874432992518503, "params": {"C": 19.999977407490594, "gamma": 0.4999999992412686}, "datetime": {"datetime": "2021-06-21 08:57:54", "elapsed": 863.752433, "delta": 3.544643}}
{"target": -9.875458941615982, "params": {"C": 19.984214425557, "gamma": 0.49952157637833133}, "datetime": {"datetime": "2021-06-21 08:57:57", "elapsed": 866.876432, "delta": 3.123999}}
{"target": -9.875458941615982, "params": {"C": 19.984214425557, "gamma": 0.49952157637833133}, "datetime": {"datetime": "2021-06-21 08:58:00", "elapsed": 869.35916, "delta": 2.482728}}
{"target": -9.875458941615982, "params": {"C": 19.984214425557, "gamma": 0.49952157637833133}, "datetime": {"datetime": "2021-06-21 08:58:03", "elapsed": 872.643158, "delta": 3.283998}}
{"target": -9.875694449815441, "params": {"C": 19.985429816625064, "gamma": 0.49938786150206205}, "datetime": {"datetime": "2021-06-21 08:58:06", "elapsed": 875.805758, "delta": 3.1626}}
{"target": -9.875694449815441, "params": {"C": 19.985429816625064, "gamma": 0.49938786150206205}, "datetime": {"datetime": "2021-06-21 08:58:09", "elapsed": 878.67062, "delta": 2.864862}}
{"target": -9.876472145398688, "params": {"C": 19.973834456479498, "gamma": 0.49902315574666795}, "datetime": {"datetime": "2021-06-21 08:58:13", "elapsed": 882.151617, "delta": 3.480997}}
{"target": -9.878225446083777, "params": {"C": 19.745938362312074, "gamma": 0.49919878784198496}, "datetime": {"datetime": "2021-06-21 08:58:17", "elapsed": 886.087228, "delta": 3.935611}}
{"target": -9.878225446083777, "params": {"C": 19.745938362312074, "gamma": 0.49919878784198496}, "datetime": {"datetime": "2021-06-21 08:58:20", "elapsed": 889.674865, "delta": 3.587637}}
{"target": -9.87800486161699, "params": {"C": 19.795378399898187, "gamma": 0.4990729421152354}, "datetime": {"datetime": "2021-06-21 08:58:24", "elapsed": 893.981514, "delta": 4.306649}}
{"target": -9.874436878072979, "params": {"C": 19.999994071438522, "gamma": 0.4999978109031124}, "datetime": {"datetime": "2021-06-21 08:58:28", "elapsed": 897.278514, "delta": 3.297}}
{"target": -9.874436878072979, "params": {"C": 19.999994071438522, "gamma": 0.4999978109031124}, "datetime": {"datetime": "2021-06-21 08:58:31", "elapsed": 900.721182, "delta": 3.442668}}
{"target": -10.059075773008292, "params": {"C": 32.45236234154748, "gamma": 0.8042271454095107}, "datetime": {"datetime": "2021-06-21 09:13:56", "elapsed": 0.0, "delta": 0.0}}
{"target": -9.85889708536394, "params": {"C": 19.90344268200208, "gamma": 0.5116328008422878}, "datetime": {"datetime": "2021-06-21 09:13:56", "elapsed": 0.264994, "delta": 0.264994}}
{"target": -10.113144534482256, "params": {"C": 24.3173523135951, "gamma": 0.3646370163381584}, "datetime": {"datetime": "2021-06-21 09:13:56", "elapsed": 0.522998, "delta": 0.258004}}
{"target": -9.799986579018757, "params": {"C": 25.506432362467894, "gamma": 0.5418925089301334}, "datetime": {"datetime": "2021-06-21 09:13:57", "elapsed": 0.783, "delta": 0.260002}}
{"target": -9.810458752164555, "params": {"C": 31.842700974343167, "gamma": 0.6771717138023499}, "datetime": {"datetime": "2021-06-21 09:13:57", "elapsed": 1.060998, "delta": 0.277998}}
{"target": -10.015028538852441, "params": {"C": 32.51775488353917, "gamma": 0.7796536502777316}, "datetime": {"datetime": "2021-06-21 09:13:57", "elapsed": 1.339035, "delta": 0.278037}}
{"target": -10.115925197350284, "params": {"C": 26.054012716918674, "gamma": 0.9146822054736616}, "datetime": {"datetime": "2021-06-21 09:13:57", "elapsed": 1.630005, "delta": 0.29097}}
{"target": -9.845034260787804, "params": {"C": 20.724366555257575, "gamma": 0.7693272571248815}, "datetime": {"datetime": "2021-06-21 09:13:58", "elapsed": 1.894006, "delta": 0.264001}}
{"target": -9.84300210767322, "params": {"C": 32.46087455125052, "gamma": 0.6910828799120261}, "datetime": {"datetime": "2021-06-21 09:13:58", "elapsed": 2.168995, "delta": 0.274989}}
{"target": -9.959269942023646, "params": {"C": 24.125646851716535, "gamma": 0.4386710423594151}, "datetime": {"datetime": "2021-06-21 09:13:58", "elapsed": 2.43658, "delta": 0.267585}}
{"target": -10.455461915949016, "params": {"C": 44.00241151713365, "gamma": 0.9777831030035782}, "datetime": {"datetime": "2021-06-21 09:13:59", "elapsed": 2.70158, "delta": 0.265}}
{"target": -9.968434520076485, "params": {"C": 29.334067762593207, "gamma": 0.7846258309685198}, "datetime": {"datetime": "2021-06-21 09:13:59", "elapsed": 2.977588, "delta": 0.276008}}
{"target": -10.426843280133255, "params": {"C": 46.27931348411075, "gamma": 0.926224664452693}, "datetime": {"datetime": "2021-06-21 09:13:59", "elapsed": 3.24058, "delta": 0.262992}}
{"target": -10.20575687337433, "params": {"C": 22.459830762230315, "gamma": 0.32733834826301766}, "datetime": {"datetime": "2021-06-21 09:13:59", "elapsed": 3.511583, "delta": 0.271003}}
{"target": -10.096315509196307, "params": {"C": 25.011895628893523, "gamma": 0.9146997524005891}, "datetime": {"datetime": "2021-06-21 09:14:00", "elapsed": 3.788581, "delta": 0.276998}}
{"target": -9.75402818526699, "params": {"C": 22.860239698374805, "gamma": 0.5947753375035365}, "datetime": {"datetime": "2021-06-21 09:14:00", "elapsed": 4.04858, "delta": 0.259999}}
{"target": -10.012550663555363, "params": {"C": 48.73247485753011, "gamma": 0.6732156994811119}, "datetime": {"datetime": "2021-06-21 09:14:00", "elapsed": 4.349577, "delta": 0.300997}}
{"target": -9.786434969183539, "params": {"C": 40.72550112990925, "gamma": 0.520860941704244}, "datetime": {"datetime": "2021-06-21 09:14:00", "elapsed": 4.612581, "delta": 0.263004}}
{"target": -10.297256036220267, "params": {"C": 40.563677923215664, "gamma": 0.8842379703281611}, "datetime": {"datetime": "2021-06-21 09:14:01", "elapsed": 4.88258, "delta": 0.269999}}
{"target": -9.886001202740658, "params": {"C": 20.450477148060173, "gamma": 0.8251010204614773}, "datetime": {"datetime": "2021-06-21 09:14:01", "elapsed": 5.17658, "delta": 0.294}}
{"target": -10.323943631973084, "params": {"C": 49.66471877608549, "gamma": 0.8237159580658875}, "datetime": {"datetime": "2021-06-21 09:14:01", "elapsed": 5.43758, "delta": 0.261}}
{"target": -10.068731709859696, "params": {"C": 28.341364161138593, "gamma": 0.8524955299160419}, "datetime": {"datetime": "2021-06-21 09:14:02", "elapsed": 5.704581, "delta": 0.267001}}
{"target": -9.747445410549098, "params": {"C": 23.007102797987024, "gamma": 0.6135254683231336}, "datetime": {"datetime": "2021-06-21 09:14:02", "elapsed": 5.983618, "delta": 0.279037}}
{"target": -9.807940758646348, "params": {"C": 47.24872464310218, "gamma": 0.5055299038615756}, "datetime": {"datetime": "2021-06-21 09:14:02", "elapsed": 6.26158, "delta": 0.277962}}
{"target": -10.029527546473805, "params": {"C": 28.562037691449095, "gamma": 0.39102000048279434}, "datetime": {"datetime": "2021-06-21 09:14:02", "elapsed": 6.531583, "delta": 0.270003}}
{"target": -9.848788100636572, "params": {"C": 20.482945431895942, "gamma": 0.7751848730579236}, "datetime": {"datetime": "2021-06-21 09:14:03", "elapsed": 6.792582, "delta": 0.260999}}
{"target": -9.87049965253709, "params": {"C": 26.270006291601774, "gamma": 0.4858826615605583}, "datetime": {"datetime": "2021-06-21 09:14:03", "elapsed": 7.065587, "delta": 0.273005}}
{"target": -10.114261608829807, "params": {"C": 34.69635209433818, "gamma": 0.3373537815819563}, "datetime": {"datetime": "2021-06-21 09:14:03", "elapsed": 7.350221, "delta": 0.284634}}
{"target": -9.979627717901412, "params": {"C": 37.18093992530959, "gamma": 0.40271000243406707}, "datetime": {"datetime": "2021-06-21 09:14:03", "elapsed": 7.619229, "delta": 0.269008}}
{"target": -10.112194326703705, "params": {"C": 37.638096660788854, "gamma": 0.7898308520146518}, "datetime": {"datetime": "2021-06-21 09:14:04", "elapsed": 7.899261, "delta": 0.280032}}
{"target": -10.171649375336957, "params": {"C": 42.19425626498913, "gamma": 0.3}, "datetime": {"datetime": "2021-06-21 09:14:04", "elapsed": 8.31122, "delta": 0.411959}}
{"target": -10.14983067763583, "params": {"C": 39.25622303593802, "gamma": 0.31397830986637104}, "datetime": {"datetime": "2021-06-21 09:14:05", "elapsed": 8.711228, "delta": 0.400008}}
{"target": -10.2169414071119, "params": {"C": 30.61810202873911, "gamma": 0.3}, "datetime": {"datetime": "2021-06-21 09:14:05", "elapsed": 9.13722, "delta": 0.425992}}
{"target": -10.37363123014893, "params": {"C": 36.025482923465205, "gamma": 1.0}, "datetime": {"datetime": "2021-06-21 09:14:05", "elapsed": 9.598228, "delta": 0.461008}}
{"target": -10.204092931509608, "params": {"C": 33.39482204725807, "gamma": 0.3}, "datetime": {"datetime": "2021-06-21 09:14:06", "elapsed": 10.039228, "delta": 0.441}}
{"target": -10.142609108441466, "params": {"C": 22.352977392602977, "gamma": 0.9988511220077081}, "datetime": {"datetime": "2021-06-21 09:14:06", "elapsed": 10.558224, "delta": 0.518996}}
{"target": -10.51473854006692, "params": {"C": 47.81109680154374, "gamma": 1.0}, "datetime": {"datetime": "2021-06-21 09:14:07", "elapsed": 10.99622, "delta": 0.437996}}
{"target": -10.16870468151879, "params": {"C": 45.16890369859263, "gamma": 0.3}, "datetime": {"datetime": "2021-06-21 09:14:07", "elapsed": 11.51122, "delta": 0.515}}
{"target": -10.194693251412035, "params": {"C": 31.997693984724485, "gamma": 0.3071118971384659}, "datetime": {"datetime": "2021-06-21 09:14:08", "elapsed": 11.97922, "delta": 0.468}}
{"target": -10.22313307555377, "params": {"C": 27.420597116912752, "gamma": 0.3042791343965474}, "datetime": {"datetime": "2021-06-21 09:14:08", "elapsed": 12.403723, "delta": 0.424503}}
{"target": -10.301065306328642, "params": {"C": 30.8592721314072, "gamma": 1.0}, "datetime": {"datetime": "2021-06-21 09:14:09", "elapsed": 12.803731, "delta": 0.400008}}
{"target": -10.434148279425509, "params": {"C": 41.620976654723634, "gamma": 0.9862890120615464}, "datetime": {"datetime": "2021-06-21 09:14:09", "elapsed": 13.237722, "delta": 0.433991}}
{"target": -10.170575115743535, "params": {"C": 43.335556352032384, "gamma": 0.3}, "datetime": {"datetime": "2021-06-21 09:14:10", "elapsed": 13.731721, "delta": 0.493999}}
{"target": -10.165224652995882, "params": {"C": 48.04665849703097, "gamma": 0.3001197575811011}, "datetime": {"datetime": "2021-06-21 09:14:10", "elapsed": 14.22773, "delta": 0.496009}}
{"target": -10.170708606262789, "params": {"C": 38.211027247527674, "gamma": 0.30484652593813016}, "datetime": {"datetime": "2021-06-21 09:14:11", "elapsed": 14.68776, "delta": 0.46003}}
{"target": -10.192869660469626, "params": {"C": 35.797870214029196, "gamma": 0.3}, "datetime": {"datetime": "2021-06-21 09:14:11", "elapsed": 15.156724, "delta": 0.468964}}
{"target": -10.166210631067065, "params": {"C": 46.579892332993545, "gamma": 0.30048995173880866}, "datetime": {"datetime": "2021-06-21 09:14:11", "elapsed": 15.629725, "delta": 0.473001}}
{"target": -10.17249929467068, "params": {"C": 23.78558618284654, "gamma": 1.0}, "datetime": {"datetime": "2021-06-21 09:14:12", "elapsed": 16.082723, "delta": 0.452998}}
{"target": -10.35185387282773, "params": {"C": 34.43224306634031, "gamma": 1.0}, "datetime": {"datetime": "2021-06-21 09:14:12", "elapsed": 16.545726, "delta": 0.463003}}
{"target": -10.399543167447547, "params": {"C": 38.80081715743766, "gamma": 0.9900146872347726}, "datetime": {"datetime": "2021-06-21 09:14:13", "elapsed": 17.001722, "delta": 0.455996}}
{"target": -10.162766878536317, "params": {"C": 40.064272192277926, "gamma": 0.3062142980510828}, "datetime": {"datetime": "2021-06-21 09:14:13", "elapsed": 17.446317, "delta": 0.444595}}
{"target": -10.158397831353778, "params": {"C": 41.353410846645325, "gamma": 0.3078581566270373}, "datetime": {"datetime": "2021-06-21 09:14:14", "elapsed": 18.004316, "delta": 0.557999}}
{"target": -10.461626063044946, "params": {"C": 42.82440376876392, "gamma": 1.0}, "datetime": {"datetime": "2021-06-21 09:14:14", "elapsed": 18.48832, "delta": 0.484004}}
{"target": -10.16308291227044, "params": {"C": 50.0, "gamma": 0.3}, "datetime": {"datetime": "2021-06-21 09:14:15", "elapsed": 18.930317, "delta": 0.441997}}
{"target": -10.274270129168569, "params": {"C": 21.03903230228566, "gamma": 0.3}, "datetime": {"datetime": "2021-06-21 09:14:15", "elapsed": 19.38832, "delta": 0.458003}}
{"target": -10.22128109155874, "params": {"C": 29.667198767883658, "gamma": 0.3}, "datetime": {"datetime": "2021-06-21 09:14:16", "elapsed": 19.839318, "delta": 0.450998}}
{"target": -10.164117722024175, "params": {"C": 49.16326905569499, "gamma": 0.3}, "datetime": {"datetime": "2021-06-21 09:14:16", "elapsed": 20.254318, "delta": 0.415}}
{"target": -10.227099040808818, "params": {"C": 27.034267459584896, "gamma": 0.9922650003183291}, "datetime": {"datetime": "2021-06-21 09:14:17", "elapsed": 20.749318, "delta": 0.495}}
{"target": -10.480826772602695, "params": {"C": 45.08736681377279, "gamma": 0.992210697342659}, "datetime": {"datetime": "2021-06-21 09:14:17", "elapsed": 21.23032, "delta": 0.481002}}
{"target": -10.166000192637995, "params": {"C": 44.38174536632187, "gamma": 0.30189556575270127}, "datetime": {"datetime": "2021-06-21 09:14:18", "elapsed": 21.694318, "delta": 0.463998}}
{"target": -10.231126363934786, "params": {"C": 23.479608133332263, "gamma": 0.3100993751269506}, "datetime": {"datetime": "2021-06-21 09:14:18", "elapsed": 22.18432, "delta": 0.490002}}
{"target": -10.20715128928298, "params": {"C": 32.737545765197865, "gamma": 0.3}, "datetime": {"datetime": "2021-06-21 09:14:19", "elapsed": 22.668941, "delta": 0.484621}}
{"target": -10.38373710158395, "params": {"C": 36.95658453060415, "gamma": 0.997704020560019}, "datetime": {"datetime": "2021-06-21 09:14:19", "elapsed": 23.10494, "delta": 0.435999}}
{"target": -10.287556232353516, "params": {"C": 30.060866564314072, "gamma": 0.9990492234197672}, "datetime": {"datetime": "2021-06-21 09:14:19", "elapsed": 23.538981, "delta": 0.434041}}
{"target": -10.224923907278608, "params": {"C": 25.790144804522107, "gamma": 0.3074017235057092}, "datetime": {"datetime": "2021-06-21 09:14:20", "elapsed": 24.028945, "delta": 0.489964}}
{"target": -10.156410981999334, "params": {"C": 22.9783780718877, "gamma": 1.0}, "datetime": {"datetime": "2021-06-21 09:14:20", "elapsed": 24.477944, "delta": 0.448999}}
{"target": -10.12620698464707, "params": {"C": 21.478275904445727, "gamma": 1.0}, "datetime": {"datetime": "2021-06-21 09:14:21", "elapsed": 24.966945, "delta": 0.489001}}
{"target": -10.362658713765406, "params": {"C": 35.22395949552908, "gamma": 1.0}, "datetime": {"datetime": "2021-06-21 09:14:21", "elapsed": 25.417941, "delta": 0.450996}}
{"target": -10.234226775501968, "params": {"C": 26.756436724980848, "gamma": 0.3}, "datetime": {"datetime": "2021-06-21 09:14:22", "elapsed": 25.867946, "delta": 0.450005}}
{"target": -10.189417171230227, "params": {"C": 36.53619767941104, "gamma": 0.3}, "datetime": {"datetime": "2021-06-21 09:14:22", "elapsed": 26.364978, "delta": 0.497032}}
