{"target": -11.66290620221216, "params": {"C": 144.17298172227578, "gamma": 3.3985952416292005}, "datetime": {"datetime": "2021-06-18 16:33:30", "elapsed": 9413.070823, "delta": 5.025265}}
{"target": -10.589764138289517, "params": {"C": 92.25346952194329, "gamma": 2.412720408709631}, "datetime": {"datetime": "2021-06-18 16:33:36", "elapsed": 9418.912681, "delta": 5.841858}}
{"target": -11.773032238696675, "params": {"C": 236.91034320975803, "gamma": 2.6124604510349405}, "datetime": {"datetime": "2021-06-18 16:33:44", "elapsed": 9427.485031, "delta": 8.57235}}
{"target": -11.369398693673398, "params": {"C": 229.70885545750332, "gamma": 2.349738308582985}, "datetime": {"datetime": "2021-06-18 16:33:54", "elapsed": 9436.779791, "delta": 9.29476}}
{"target": -9.833569767883095, "params": {"C": 34.22213407200593, "gamma": 0.21661567163887005}, "datetime": {"datetime": "2021-06-18 16:34:00", "elapsed": 9443.280964, "delta": 6.501173}}
{"target": -16.8494436302677, "params": {"C": 688044.3585233267, "gamma": 7.5594298303003695}, "datetime": {"datetime": "2021-06-18 16:34:05", "elapsed": 9448.589831, "delta": 5.308867}}
{"target": -20.801750215661848, "params": {"C": 225659.9998241318, "gamma": 3.1535005031332353}, "datetime": {"datetime": "2021-06-18 16:34:12", "elapsed": 9454.656208, "delta": 6.066377}}
{"target": -10.411665392943679, "params": {"C": 186.14815809265718, "gamma": 1.3477682562234017}, "datetime": {"datetime": "2021-06-18 16:34:23", "elapsed": 9466.090669, "delta": 11.434461}}
{"target": -12.7272811613001, "params": {"C": 237.59568837480228, "gamma": 3.6402298398596864}, "datetime": {"datetime": "2021-06-18 16:34:30", "elapsed": 9473.158818, "delta": 7.068149}}
{"target": -9.264314300933874, "params": {"C": 8.223829098840127, "gamma": 1.1487102869096206}, "datetime": {"datetime": "2021-06-18 16:34:37", "elapsed": 9479.610958, "delta": 6.45214}}
{"target": -12.896933216516079, "params": {"C": 65.27145730976244, "gamma": 7.832098461435069}, "datetime": {"datetime": "2021-06-18 16:34:50", "elapsed": 9493.506209, "delta": 13.895251}}
{"target": -10.311461069065194, "params": {"C": 32.75365162072553, "gamma": 0.08074602602659338}, "datetime": {"datetime": "2021-06-18 16:35:00", "elapsed": 9503.576447, "delta": 10.070238}}
{"target": -11.862242697451762, "params": {"C": 183.4441272250349, "gamma": 3.113374272858379}, "datetime": {"datetime": "2021-06-18 16:35:06", "elapsed": 9508.864082, "delta": 5.287635}}
{"target": -17.52445696473457, "params": {"C": 531264.0425336575, "gamma": 5.022895637837635}, "datetime": {"datetime": "2021-06-18 16:35:12", "elapsed": 9515.368059, "delta": 6.503977}}
{"target": -16.983942821198475, "params": {"C": 440221.837858806, "gamma": 9.685076635106052}, "datetime": {"datetime": "2021-06-18 16:35:21", "elapsed": 9524.001095, "delta": 8.633036}}
{"target": -10.139115425139384, "params": {"C": 80.4441078416582, "gamma": 1.2764615427688564}, "datetime": {"datetime": "2021-06-18 16:35:32", "elapsed": 9534.993408, "delta": 10.992313}}
{"target": -16.951233470108754, "params": {"C": 945736.7610468502, "gamma": 5.59320085024077}, "datetime": {"datetime": "2021-06-18 16:35:38", "elapsed": 9541.22288, "delta": 6.229472}}
{"target": -10.424141155025648, "params": {"C": 125.32842588279865, "gamma": 1.64146904585167}, "datetime": {"datetime": "2021-06-18 16:35:45", "elapsed": 9547.688665, "delta": 6.465785}}
{"target": -16.522763135532117, "params": {"C": 213155.0121751538, "gamma": 6.242168245898738}, "datetime": {"datetime": "2021-06-18 16:35:51", "elapsed": 9554.253997, "delta": 6.565332}}
{"target": -10.701035430505321, "params": {"C": 185.19659447504122, "gamma": 2.007680192461022}, "datetime": {"datetime": "2021-06-18 16:36:00", "elapsed": 9562.892439, "delta": 8.638442}}
{"target": -11.676595431987046, "params": {"C": 221.9453896789189, "gamma": 2.6254701618355614}, "datetime": {"datetime": "2021-06-18 16:36:10", "elapsed": 9573.309016, "delta": 10.416577}}
{"target": -11.309081822245028, "params": {"C": 5.41397011671874, "gamma": 6.219725450400707}, "datetime": {"datetime": "2021-06-18 16:36:18", "elapsed": 9580.800071, "delta": 7.491055}}
{"target": -11.76638663786695, "params": {"C": 31.253995539021503, "gamma": 6.048870310776125}, "datetime": {"datetime": "2021-06-18 16:36:25", "elapsed": 9588.288663, "delta": 7.488592}}
{"target": -10.270066596725087, "params": {"C": 4.232684520448684, "gamma": 3.362177006284427}, "datetime": {"datetime": "2021-06-18 16:36:38", "elapsed": 9600.820892, "delta": 12.532229}}
{"target": -9.527428970754064, "params": {"C": 189.54929067748822, "gamma": 0.20228942254876095}, "datetime": {"datetime": "2021-06-18 16:36:51", "elapsed": 9613.849421, "delta": 13.028529}}
{"target": -11.228475814274013, "params": {"C": 172.861606983406, "gamma": 2.5874130916776834}, "datetime": {"datetime": "2021-06-18 16:36:59", "elapsed": 9622.115059, "delta": 8.265638}}
{"target": -10.69217583858416, "params": {"C": 23.891296513153257, "gamma": 3.8639962303741067}, "datetime": {"datetime": "2021-06-18 16:37:09", "elapsed": 9632.074298, "delta": 9.959239}}
{"target": -10.254274934885425, "params": {"C": 14.45297579284276, "gamma": 2.6430254677572265}, "datetime": {"datetime": "2021-06-18 16:37:16", "elapsed": 9638.836361, "delta": 6.762063}}
{"target": -11.164839304181147, "params": {"C": 174.09396051117517, "gamma": 2.517032432273516}, "datetime": {"datetime": "2021-06-18 16:37:27", "elapsed": 9650.077077, "delta": 11.240716}}
{"target": -11.157568548379693, "params": {"C": 85.46261163005886, "gamma": 4.014678483693128}, "datetime": {"datetime": "2021-06-18 16:37:36", "elapsed": 9659.088536, "delta": 9.011459}}
{"target": -16.899753987276313, "params": {"C": 318790.3872218543, "gamma": 7.937145843128582}, "datetime": {"datetime": "2021-06-18 16:37:42", "elapsed": 9664.652171, "delta": 5.563635}}
{"target": -10.246912421423044, "params": {"C": 110.97912407216944, "gamma": 1.2552809699358543}, "datetime": {"datetime": "2021-06-18 16:37:49", "elapsed": 9672.53253, "delta": 7.880359}}
{"target": -24.49732276244719, "params": {"C": 337263.20813026937, "gamma": 2.178047649139663}, "datetime": {"datetime": "2021-06-18 16:38:00", "elapsed": 9682.82436, "delta": 10.29183}}
{"target": -10.280229749983178, "params": {"C": 1.0496631299493877, "gamma": 1.7916374562792818}, "datetime": {"datetime": "2021-06-18 16:38:11", "elapsed": 9694.384718, "delta": 11.560358}}
{"target": -11.264236122230997, "params": {"C": 109.80394089979282, "gamma": 3.4657273179192956}, "datetime": {"datetime": "2021-06-18 16:38:17", "elapsed": 9699.771275, "delta": 5.386557}}
{"target": -10.075256333261144, "params": {"C": 145.28612457660935, "gamma": 0.07713559742066992}, "datetime": {"datetime": "2021-06-18 16:38:29", "elapsed": 9712.494957, "delta": 12.723682}}
{"target": -10.306476510869143, "params": {"C": 49.304554933034844, "gamma": 1.777525787856664}, "datetime": {"datetime": "2021-06-18 16:38:39", "elapsed": 9721.703521, "delta": 9.208564}}
{"target": -10.931600609722224, "params": {"C": 195.20078627933162, "gamma": 2.1715462089801205}, "datetime": {"datetime": "2021-06-18 16:38:47", "elapsed": 9730.465618, "delta": 8.762097}}
{"target": -16.726540159769694, "params": {"C": 209098.57921461167, "gamma": 7.039679074906807}, "datetime": {"datetime": "2021-06-18 16:38:57", "elapsed": 9740.410566, "delta": 9.944948}}
{"target": -12.171407345285163, "params": {"C": 216.5973518834328, "gamma": 3.1228592738632126}, "datetime": {"datetime": "2021-06-18 16:39:06", "elapsed": 9749.211994, "delta": 8.801428}}
{"target": -10.798522740717974, "params": {"C": 114.42399095114287, "gamma": 2.6430164125231763}, "datetime": {"datetime": "2021-06-18 16:39:12", "elapsed": 9754.824688, "delta": 5.612694}}
{"target": -16.98641174106954, "params": {"C": 666376.1478244005, "gamma": 9.556835582553273}, "datetime": {"datetime": "2021-06-18 16:39:21", "elapsed": 9764.346299, "delta": 9.521611}}
{"target": -10.469698972534736, "params": {"C": 101.36253984596956, "gamma": 1.8723819417995977}, "datetime": {"datetime": "2021-06-18 16:39:29", "elapsed": 9772.226392, "delta": 7.880093}}
{"target": -11.47644360704037, "params": {"C": 38.335803161367366, "gamma": 5.327042287073112}, "datetime": {"datetime": "2021-06-18 16:39:35", "elapsed": 9777.921995, "delta": 5.695603}}
{"target": -28.194289009758084, "params": {"C": 295735.2185630806, "gamma": 0.6138179905664052}, "datetime": {"datetime": "2021-06-18 16:39:43", "elapsed": 9786.383701, "delta": 8.461706}}
{"target": -10.348474988243204, "params": {"C": 194.06307108086318, "gamma": 0.7859817198452418}, "datetime": {"datetime": "2021-06-18 16:39:50", "elapsed": 9793.591448, "delta": 7.207747}}
{"target": -10.020123899198135, "params": {"C": 63.57858124024215, "gamma": 1.2134283056691983}, "datetime": {"datetime": "2021-06-18 16:40:00", "elapsed": 9802.785673, "delta": 9.194225}}
{"target": -12.716356858731903, "params": {"C": 205.25834488554617, "gamma": 4.755760694702169}, "datetime": {"datetime": "2021-06-18 16:40:05", "elapsed": 9808.292714, "delta": 5.507041}}
{"target": -9.919454039881412, "params": {"C": 57.97445655842684, "gamma": 1.0494607937050042}, "datetime": {"datetime": "2021-06-18 16:40:15", "elapsed": 9818.517138, "delta": 10.224424}}
{"target": -12.332301842029741, "params": {"C": 156.11833234997206, "gamma": 5.6886883650469064}, "datetime": {"datetime": "2021-06-18 16:40:23", "elapsed": 9825.704564, "delta": 7.187426}}
{"target": -10.547910453110111, "params": {"C": 215.5568656770579, "gamma": 1.1618345837241462}, "datetime": {"datetime": "2021-06-18 16:40:29", "elapsed": 9832.096289, "delta": 6.391725}}
{"target": -10.494109282380823, "params": {"C": 242.09150018436014, "gamma": 1.5684181695114794}, "datetime": {"datetime": "2021-06-18 16:40:39", "elapsed": 9842.590577, "delta": 10.494288}}
{"target": -10.122753043912914, "params": {"C": 148.6644317726619, "gamma": 0.6074140031557443}, "datetime": {"datetime": "2021-06-18 16:40:53", "elapsed": 9855.678642, "delta": 13.088065}}
{"target": -10.410812381591121, "params": {"C": 162.0813184867581, "gamma": 1.2395941087504703}, "datetime": {"datetime": "2021-06-18 16:41:02", "elapsed": 9865.34882, "delta": 9.670178}}
{"target": -9.927911766650212, "params": {"C": 51.319667859985564, "gamma": 1.2470067361286392}, "datetime": {"datetime": "2021-06-18 16:41:08", "elapsed": 9870.821263, "delta": 5.472443}}
{"target": -16.800438069956865, "params": {"C": 705101.8400170497, "gamma": 7.302056719498045}, "datetime": {"datetime": "2021-06-18 16:41:13", "elapsed": 9876.582509, "delta": 5.761246}}
{"target": -21.331786080525173, "params": {"C": 937510.8507365034, "gamma": 2.9375198588383236}, "datetime": {"datetime": "2021-06-18 16:41:24", "elapsed": 9887.189099, "delta": 10.60659}}
{"target": -9.804706178382313, "params": {"C": 20.526441222676663, "gamma": 0.27902615505117834}, "datetime": {"datetime": "2021-06-18 16:41:31", "elapsed": 9894.123758, "delta": 6.934659}}
{"target": -14.400793971658988, "params": {"C": 169.1219306687529, "gamma": 9.211557011668909}, "datetime": {"datetime": "2021-06-18 16:41:40", "elapsed": 9902.819525, "delta": 8.695767}}
{"target": -9.770147316165174, "params": {"C": 144.96457773799807, "gamma": 0.4302389778640089}, "datetime": {"datetime": "2021-06-18 16:41:47", "elapsed": 9909.964657, "delta": 7.145132}}
{"target": -9.598527115272772, "params": {"C": 19.98624684865154, "gamma": 0.3782302292788317}, "datetime": {"datetime": "2021-06-18 16:41:56", "elapsed": 9918.827588, "delta": 8.862931}}
{"target": -16.6381026093948, "params": {"C": 245650.18700492135, "gamma": 6.697846408885377}, "datetime": {"datetime": "2021-06-18 16:42:08", "elapsed": 9931.402575, "delta": 12.574987}}
{"target": -9.521365427267392, "params": {"C": 23.470770350126664, "gamma": 1.030591408813984}, "datetime": {"datetime": "2021-06-18 16:42:16", "elapsed": 9938.791985, "delta": 7.38941}}
{"target": -10.341870106227734, "params": {"C": 33.73970989343926, "gamma": 2.1615209217335147}, "datetime": {"datetime": "2021-06-18 16:42:24", "elapsed": 9946.994251, "delta": 8.202266}}
{"target": -11.079222239823373, "params": {"C": 11.836370758372537, "gamma": 5.190273735584342}, "datetime": {"datetime": "2021-06-18 16:42:31", "elapsed": 9954.378633, "delta": 7.384382}}
{"target": -11.029465376299385, "params": {"C": 171.585121607061, "gamma": 2.4038349883670156}, "datetime": {"datetime": "2021-06-18 16:42:42", "elapsed": 9965.251688, "delta": 10.873055}}
{"target": -16.982017908121676, "params": {"C": 534476.1869779386, "gamma": 9.183628474353876}, "datetime": {"datetime": "2021-06-18 16:42:48", "elapsed": 9970.911319, "delta": 5.659631}}
{"target": -10.883128925885577, "params": {"C": 81.26507190445643, "gamma": 3.3908033097738315}, "datetime": {"datetime": "2021-06-18 16:42:55", "elapsed": 9978.120644, "delta": 7.209325}}
{"target": -16.51839943658522, "params": {"C": 509951.7976400439, "gamma": 6.251218185935068}, "datetime": {"datetime": "2021-06-18 16:43:02", "elapsed": 9985.418559, "delta": 7.297915}}
{"target": -10.63395530480118, "params": {"C": 157.63632031411422, "gamma": 2.031069857720367}, "datetime": {"datetime": "2021-06-18 16:43:11", "elapsed": 9994.417483, "delta": 8.998924}}
{"target": -10.482218719763782, "params": {"C": 102.0600986436624, "gamma": 1.9219626785653583}, "datetime": {"datetime": "2021-06-18 16:43:21", "elapsed": 10004.521624, "delta": 10.104141}}
{"target": -12.43194519807115, "params": {"C": 210.65532918150268, "gamma": 3.532105417209778}, "datetime": {"datetime": "2021-06-18 16:43:27", "elapsed": 10010.093711, "delta": 5.572087}}
{"target": -9.573261185766041, "params": {"C": 217.93716755938556, "gamma": 0.2427393870480443}, "datetime": {"datetime": "2021-06-18 16:43:34", "elapsed": 10017.488505, "delta": 7.394794}}
{"target": -10.013997710617588, "params": {"C": 68.29396139242121, "gamma": 1.1274839885326875}, "datetime": {"datetime": "2021-06-18 16:43:42", "elapsed": 10025.018883, "delta": 7.530378}}
{"target": -12.017546680987715, "params": {"C": 104.56817136232893, "gamma": 5.9115865386274065}, "datetime": {"datetime": "2021-06-18 16:43:58", "elapsed": 10040.891757, "delta": 15.872874}}
{"target": -10.48513866463607, "params": {"C": 206.24012908250418, "gamma": 1.2729761173782017}, "datetime": {"datetime": "2021-06-18 16:44:07", "elapsed": 10050.025003, "delta": 9.133246}}
{"target": -10.8198238905434, "params": {"C": 138.9794939421982, "gamma": 2.4416772434992393}, "datetime": {"datetime": "2021-06-18 16:44:16", "elapsed": 10059.290702, "delta": 9.265699}}
{"target": -20.50285729560125, "params": {"C": 993447.5486685802, "gamma": 3.250254689481462}, "datetime": {"datetime": "2021-06-18 16:44:25", "elapsed": 10067.610116, "delta": 8.319414}}
{"target": -12.61609824759958, "params": {"C": 21.63897993227661, "gamma": 8.326301087343607}, "datetime": {"datetime": "2021-06-18 16:44:32", "elapsed": 10075.323308, "delta": 7.713192}}
{"target": -13.058231093354292, "params": {"C": 77.35019380067989, "gamma": 8.0019516787975}, "datetime": {"datetime": "2021-06-18 16:44:38", "elapsed": 10080.819267, "delta": 5.495959}}
{"target": -9.751392142636977, "params": {"C": 24.1304225316781, "gamma": 0.2837874077477833}, "datetime": {"datetime": "2021-06-18 16:44:49", "elapsed": 10091.997614, "delta": 11.178347}}
{"target": -10.146554880405075, "params": {"C": 17.094106365444365, "gamma": 1.9864047068144268}, "datetime": {"datetime": "2021-06-18 16:45:02", "elapsed": 10105.306753, "delta": 13.309139}}
{"target": -11.387315031770749, "params": {"C": 33.348256599051645, "gamma": 5.264085949429611}, "datetime": {"datetime": "2021-06-18 16:45:15", "elapsed": 10118.497927, "delta": 13.191174}}
{"target": -16.631963550315827, "params": {"C": 516765.47322973644, "gamma": 6.6428434790316295}, "datetime": {"datetime": "2021-06-18 16:45:24", "elapsed": 10127.243334, "delta": 8.745407}}
{"target": -10.57767058388256, "params": {"C": 193.34527850742458, "gamma": 1.8004471955847774}, "datetime": {"datetime": "2021-06-18 16:45:34", "elapsed": 10137.071533, "delta": 9.828199}}
{"target": -12.243721229118556, "params": {"C": 5.716930461560101, "gamma": 8.50564743167417}, "datetime": {"datetime": "2021-06-18 16:45:40", "elapsed": 10142.895035, "delta": 5.823502}}
{"target": -11.616184144630273, "params": {"C": 51.24292371791, "gamma": 5.423667661964708}, "datetime": {"datetime": "2021-06-18 16:45:48", "elapsed": 10151.07988, "delta": 8.184845}}
{"target": -16.66371608464921, "params": {"C": 309427.66933505976, "gamma": 6.022709540056916}, "datetime": {"datetime": "2021-06-18 16:45:59", "elapsed": 10162.290352, "delta": 11.210472}}
{"target": -17.176437279554893, "params": {"C": 414242.7706989238, "gamma": 5.350268915790695}, "datetime": {"datetime": "2021-06-18 16:46:07", "elapsed": 10169.65401, "delta": 7.363658}}
{"target": -14.391875771343072, "params": {"C": 214.42418476335126, "gamma": 8.743055602396423}, "datetime": {"datetime": "2021-06-18 16:46:18", "elapsed": 10181.465731, "delta": 11.811721}}
{"target": -10.933587180911173, "params": {"C": 109.72937016761158, "gamma": 2.9514525979700976}, "datetime": {"datetime": "2021-06-18 16:46:26", "elapsed": 10189.308575, "delta": 7.842844}}
{"target": -10.153149554689254, "params": {"C": 83.68139527931459, "gamma": 1.2351358583132872}, "datetime": {"datetime": "2021-06-18 16:46:35", "elapsed": 10198.581769, "delta": 9.273194}}
{"target": -9.975216805494075, "params": {"C": 2.080018352726821, "gamma": 0.5990060477871139}, "datetime": {"datetime": "2021-06-18 16:46:44", "elapsed": 10206.983201, "delta": 8.401432}}
{"target": -10.61769632502701, "params": {"C": 243.8762643351546, "gamma": 1.070174403237392}, "datetime": {"datetime": "2021-06-18 16:46:51", "elapsed": 10214.165248, "delta": 7.182047}}
{"target": -11.89933277666097, "params": {"C": 28.80507900491332, "gamma": 6.393705877041475}, "datetime": {"datetime": "2021-06-18 16:46:58", "elapsed": 10221.408179, "delta": 7.242931}}
{"target": -10.76285366676099, "params": {"C": 113.66843416520717, "gamma": 2.577619820357957}, "datetime": {"datetime": "2021-06-18 16:47:06", "elapsed": 10228.804961, "delta": 7.396782}}
{"target": -16.931518657399884, "params": {"C": 259689.00682016887, "gamma": 8.27715522863279}, "datetime": {"datetime": "2021-06-18 16:47:17", "elapsed": 10240.066048, "delta": 11.261087}}
{"target": -10.782239371850743, "params": {"C": 141.45318033344697, "gamma": 2.3611457834327347}, "datetime": {"datetime": "2021-06-18 16:47:27", "elapsed": 10250.074285, "delta": 10.008237}}
{"target": -10.504108587159077, "params": {"C": 237.8348921390258, "gamma": 0.7949696663064723}, "datetime": {"datetime": "2021-06-18 16:47:36", "elapsed": 10259.085186, "delta": 9.010901}}
{"target": -10.869327701268096, "params": {"C": 147.60597946603085, "gamma": 2.4363340781197387}, "datetime": {"datetime": "2021-06-18 16:47:44", "elapsed": 10266.638566, "delta": 7.55338}}
{"target": -12.443806048628002, "params": {"C": 100.35769686548534, "gamma": 6.650861254326756}, "datetime": {"datetime": "2021-06-18 16:47:50", "elapsed": 10272.795343, "delta": 6.156777}}
{"target": -10.320291121239372, "params": {"C": 5.202514950775468, "gamma": 3.45693295814043}, "datetime": {"datetime": "2021-06-18 16:48:00", "elapsed": 10283.338872, "delta": 10.543529}}
{"target": -10.134387803153325, "params": {"C": 72.60030476556193, "gamma": 1.3501545345643402}, "datetime": {"datetime": "2021-06-18 16:48:07", "elapsed": 10290.455012, "delta": 7.11614}}
{"target": -10.446535825400018, "params": {"C": 122.38347731374014, "gamma": 1.6981102550997622}, "datetime": {"datetime": "2021-06-18 16:48:14", "elapsed": 10296.781655, "delta": 6.326643}}
{"target": -19.321273542342414, "params": {"C": 750262.9345025249, "gamma": 3.7800669527356607}, "datetime": {"datetime": "2021-06-18 16:48:23", "elapsed": 10306.029058, "delta": 9.247403}}
{"target": -10.299947141981452, "params": {"C": 34.37511715116861, "gamma": 1.9511656785510185}, "datetime": {"datetime": "2021-06-18 16:48:36", "elapsed": 10319.148406, "delta": 13.119348}}
{"target": -12.415213343092175, "params": {"C": 169.66742049351728, "gamma": 5.330730641043227}, "datetime": {"datetime": "2021-06-18 16:48:43", "elapsed": 10325.801693, "delta": 6.653287}}
{"target": -16.978085227476015, "params": {"C": 140246.13421042767, "gamma": 9.687248514379345}, "datetime": {"datetime": "2021-06-18 16:48:48", "elapsed": 10330.944755, "delta": 5.143062}}
{"target": -16.95851610177254, "params": {"C": 10929.138889374115, "gamma": 5.583507569334855}, "datetime": {"datetime": "2021-06-18 16:48:53", "elapsed": 10336.155134, "delta": 5.210379}}
{"target": -11.892228573362686, "params": {"C": 81.69021355014114, "gamma": 5.776971592613523}, "datetime": {"datetime": "2021-06-18 16:48:58", "elapsed": 10341.277786, "delta": 5.122652}}
{"target": -11.345819947510277, "params": {"C": 194.01636413393317, "gamma": 2.5377068215694787}, "datetime": {"datetime": "2021-06-18 16:49:06", "elapsed": 10348.851907, "delta": 7.574121}}
{"target": -10.802186038146424, "params": {"C": 137.36040150880493, "gamma": 2.4260308212137085}, "datetime": {"datetime": "2021-06-18 16:49:12", "elapsed": 10354.716097, "delta": 5.86419}}
{"target": -11.437304118008363, "params": {"C": 104.241722103364, "gamma": 4.063902046112725}, "datetime": {"datetime": "2021-06-18 16:49:18", "elapsed": 10361.487601, "delta": 6.771504}}
{"target": -10.450947183588259, "params": {"C": 188.61331186619103, "gamma": 1.5472896369249822}, "datetime": {"datetime": "2021-06-18 16:49:24", "elapsed": 10366.9438, "delta": 5.456199}}
{"target": -27.582508301092478, "params": {"C": 369977.0374791595, "gamma": 1.6985438927652448}, "datetime": {"datetime": "2021-06-18 16:49:31", "elapsed": 10373.640058, "delta": 6.696258}}
{"target": -10.392289251480767, "params": {"C": 86.6638344814891, "gamma": 1.769797769783575}, "datetime": {"datetime": "2021-06-18 16:49:38", "elapsed": 10381.061113, "delta": 7.421055}}
