{"target": -2.50835951452586, "params": {"C": 0.5, "epsilon": 0.01, "gamma": 0.02, "mu": -0.3}, "datetime": {"datetime": "2021-04-08 23:56:19", "elapsed": 0.0, "delta": 0.0}}
{"target": -2.817410668065605, "params": {"C": 4.228517846555483, "epsilon": 7.20604168948716, "gamma": 0.00011142604425275418, "mu": -0.7906697094726409}, "datetime": {"datetime": "2021-04-09 01:37:33", "elapsed": 6073.485272, "delta": 6073.485272}}
{"target": -3.147879593571498, "params": {"C": 1.5528833190894193, "epsilon": 0.9324625617402901, "gamma": 0.018707395116629322, "mu": -0.617757091827809}, "datetime": {"datetime": "2021-04-09 03:06:44", "elapsed": 11424.89813, "delta": 5351.412858}}
{"target": -2.336533055767527, "params": {"C": 4.027997994883632, "epsilon": 5.392779172693536, "gamma": 0.04197753198888916, "mu": 0.740878001587038}, "datetime": {"datetime": "2021-04-09 04:42:38", "elapsed": 17178.734013, "delta": 5753.835883}}
{"target": -2.6429075764935064, "params": {"C": 2.124077272342023, "epsilon": 8.782393189545544, "gamma": 0.002836020560472824, "mu": 0.6818700407136089}, "datetime": {"datetime": "2021-04-09 06:15:21", "elapsed": 22741.689804, "delta": 5562.955791}}
{"target": -4.692161902367884, "params": {"C": 4.231317543434557, "epsilon": 5.591311386173059, "gamma": 0.014124655165663854, "mu": -1.2075940436604848}, "datetime": {"datetime": "2021-04-09 07:53:06", "elapsed": 28606.925898, "delta": 5865.236094}}
{"target": -2.2983049847457204, "params": {"C": 8.027371229887814, "epsilon": 9.68293314143678, "gamma": 0.03141107539810836, "mu": 0.7692904626772563}, "datetime": {"datetime": "2021-04-09 09:36:56", "elapsed": 34836.376309, "delta": 6229.450411}}
{"target": -3.152091260624445, "params": {"C": 6.371985049466894, "epsilon": 8.387577015647619, "gamma": 0.039523682935763194, "mu": 1.200071433239183}, "datetime": {"datetime": "2021-04-09 11:16:48", "elapsed": 40828.089655, "delta": 5991.713346}}
{"target": -2.9414034822523933, "params": {"C": 7.853525419517856, "epsilon": 8.965867593873938, "gamma": 0.033078181943017995, "mu": 1.1269197525766568}, "datetime": {"datetime": "2021-04-09 13:04:58", "elapsed": 47318.882707, "delta": 6490.793052}}
{"target": -2.4013177877749134, "params": {"C": 8.439596008360187, "epsilon": 10.0, "gamma": 0.027512595174021822, "mu": 0.1102726978592663}, "datetime": {"datetime": "2021-04-09 14:52:30", "elapsed": 53770.147386, "delta": 6451.264679}}
{"target": -3.8023100133967898, "params": {"C": 9.253072225749964, "epsilon": 10.0, "gamma": 0.045534679966462044, "mu": 1.3624064510134475}, "datetime": {"datetime": "2021-04-09 16:39:09", "elapsed": 60169.504651, "delta": 6399.357265}}
{"target": -2.334306338608539, "params": {"C": 7.133268435168545, "epsilon": 10.0, "gamma": 0.018699831286590047, "mu": 0.2354860731746844}, "datetime": {"datetime": "2021-04-09 18:30:47", "elapsed": 66867.410697, "delta": 6697.906046}}
{"target": -3.3418752891652606, "params": {"C": 7.034553423239473, "epsilon": 10.0, "gamma": 0.04285119509847485, "mu": 1.249714413229571}, "datetime": {"datetime": "2021-04-09 20:17:48", "elapsed": 73288.67229, "delta": 6421.261593}}
{"target": -2.145029894817326, "params": {"C": 8.920907255871322, "epsilon": 8.82904226777595, "gamma": 0.021114967667778525, "mu": 0.336908907180173}, "datetime": {"datetime": "2021-04-09 22:06:14", "elapsed": 79794.907818, "delta": 6506.235528}}
{"target": -2.5046713260512465, "params": {"C": 8.16140163378534, "epsilon": 8.103235025164244, "gamma": 0.012363276096998166, "mu": -0.030615414992347767}, "datetime": {"datetime": "2021-04-09 23:50:54", "elapsed": 86074.374722, "delta": 6279.466904}}
{"target": -2.4543421214781476, "params": {"C": 9.604462315748705, "epsilon": 8.175815749425414, "gamma": 0.0132384452540762, "mu": 0.006137017224904284}, "datetime": {"datetime": "2021-04-10 01:36:59", "elapsed": 92439.722848, "delta": 6365.348126}}
{"target": -2.454210252679469, "params": {"C": 8.305707701981678, "epsilon": 9.152663918819728, "gamma": 0.014026097495446433, "mu": 0.03921420622043115}, "datetime": {"datetime": "2021-04-10 03:22:07", "elapsed": 98747.642575, "delta": 6307.919727}}
{"target": -2.478697598196007, "params": {"C": 9.47428899229566, "epsilon": 9.342677037321765, "gamma": 0.027156747627523195, "mu": 0.07464454857880955}, "datetime": {"datetime": "2021-04-10 05:07:34", "elapsed": 105074.86067, "delta": 6327.218095}}
{"target": -2.132818959140062, "params": {"C": 9.419218894521935, "epsilon": 8.35284013589841, "gamma": 0.02685695250736752, "mu": 0.578041614957564}, "datetime": {"datetime": "2021-04-10 06:53:16", "elapsed": 111416.330842, "delta": 6341.470172}}
{"target": -2.30188173951929, "params": {"C": 8.995654001668914, "epsilon": 7.9480683238025, "gamma": 0.031737639621018165, "mu": 0.7830044165683463}, "datetime": {"datetime": "2021-04-10 08:37:54", "elapsed": 117694.863377, "delta": 6278.532535}}
{"target": -3.793664218148954, "params": {"C": 9.800427298089653, "epsilon": 7.988545505012091, "gamma": 0.02246433410508194, "mu": 0.7625081364072681}, "datetime": {"datetime": "2021-04-10 10:23:15", "elapsed": 124015.319871, "delta": 6320.456494}}
{"target": -2.4542333465518977, "params": {"C": 9.076131331310988, "epsilon": 8.680705303696095, "gamma": 0.030810309069424544, "mu": 0.7440614842622977}, "datetime": {"datetime": "2021-04-10 12:06:41", "elapsed": 130221.817311, "delta": 6206.49744}}
{"target": -2.115668863021878, "params": {"C": 9.110440087632083, "epsilon": 8.234372876844773, "gamma": 0.03041497341321884, "mu": 0.42862373258330366}, "datetime": {"datetime": "2021-04-10 13:52:06", "elapsed": 136546.303359, "delta": 6324.486048}}
{"target": -2.271649188853308, "params": {"C": 9.372902073488458, "epsilon": 8.494020299808218, "gamma": 0.033439291183192464, "mu": 0.3016185325651824}, "datetime": {"datetime": "2021-04-10 15:36:15", "elapsed": 142795.479716, "delta": 6249.176357}}
{"target": -2.188232238035697, "params": {"C": 8.874224300361346, "epsilon": 8.000690196177674, "gamma": 0.02769308742024258, "mu": 0.31431905256699455}, "datetime": {"datetime": "2021-04-10 17:21:59", "elapsed": 149139.984634, "delta": 6344.504918}}
{"target": -2.7023752541261787, "params": {"C": 4.228517846555483, "epsilon": 7.20604168948716, "gamma": 0.00011142604425275418, "mu": -0.39533485473632046}, "datetime": {"datetime": "2021-04-10 23:49:12", "elapsed": 0.0, "delta": 0.0}}
{"target": -2.686154260614745, "params": {"C": 1.5528833190894193, "epsilon": 0.9324625617402901, "gamma": 0.018707395116629322, "mu": -0.3088785459139045}, "datetime": {"datetime": "2021-04-11 01:48:24", "elapsed": 7151.625909, "delta": 7151.625909}}
{"target": -2.61955614371145, "params": {"C": 10.0, "epsilon": 0.01, "gamma": 0.1, "mu": 1.0}, "datetime": {"datetime": "2021-04-11 04:01:00", "elapsed": 15108.082918, "delta": 7956.457009}}
{"target": -2.499731347845962, "params": {"C": 10.0, "epsilon": 0.01, "gamma": 0.0001, "mu": -1.0}, "datetime": {"datetime": "2021-04-11 06:22:39", "elapsed": 23607.151762, "delta": 8499.068844}}
{"target": -2.6115511973159715, "params": {"C": 10.0, "epsilon": 10.0, "gamma": 0.0001, "mu": -1.0}, "datetime": {"datetime": "2021-04-11 08:46:37", "elapsed": 32244.766591, "delta": 8637.614829}}
{"target": -8.933471369386245, "params": {"C": 10.0, "epsilon": 2.7875991753278186, "gamma": 0.1, "mu": -1.0}, "datetime": {"datetime": "2021-04-11 11:01:06", "elapsed": 40314.462357, "delta": 8069.695766}}
{"target": -3.8618369677982898, "params": {"C": 10.0, "epsilon": 0.01, "gamma": 0.044726266927042894, "mu": -0.06614075364116762}, "datetime": {"datetime": "2021-04-11 13:14:48", "elapsed": 48336.355302, "delta": 8021.892945}}
{"target": -5.26423548264702, "params": {"C": 4.192366511524684, "epsilon": 7.166876849517516, "gamma": 0.07658507879784136, "mu": -0.33835039924610033}, "datetime": {"datetime": "2021-04-11 15:20:19", "elapsed": 55866.563643, "delta": 7530.208341}}
{"target": -4.743697415827533, "params": {"C": 9.814189810387795, "epsilon": 2.7114691115259117, "gamma": 0.08089762330516984, "mu": -0.10688133574234282}, "datetime": {"datetime": "2021-04-11 17:34:38", "elapsed": 63925.771043, "delta": 8059.2074}}
{"target": -2.065519582019029, "params": {"C": 3.316270037850219, "epsilon": 6.361456347696082, "gamma": 0.04011046042515569, "mu": 0.503109599829209}, "datetime": {"datetime": "2021-04-11 19:11:10", "elapsed": 69718.464715, "delta": 5792.693672}}
