{"target": -3.1506700577322673, "params": {"C": 4.228517846555483, "epsilon": 7.20604168948716, "gamma": 0.00011142604425275418, "lmbda": 0.3030302400592079, "mu": 0.14760913492629593}, "datetime": {"datetime": "2021-04-18 21:40:46", "elapsed": 0.0, "delta": 0.0}}
{"target": -2.9909662868710885, "params": {"C": 1.0141520882110984, "epsilon": 1.8707395116629324, "gamma": 0.03462151663160047, "lmbda": 0.39737070675643926, "mu": 0.5392779172693536}, "datetime": {"datetime": "2021-04-18 21:41:34", "elapsed": 47.594623, "delta": 47.594623}}
{"target": -2.824797508549637, "params": {"C": 4.250025692592619, "epsilon": 6.855342808963627, "gamma": 0.020524779748178592, "lmbda": 0.8782393189545544, "mu": 0.02836020560472824}, "datetime": {"datetime": "2021-04-18 21:42:30", "elapsed": 103.253297, "delta": 55.658674}}
{"target": -2.6368115104271252, "params": {"C": 6.737628350766182, "epsilon": 4.178874975647599, "gamma": 0.0559131138617306, "lmbda": 0.14124655165663855, "mu": 0.1989033875957939}, "datetime": {"datetime": "2021-04-18 21:43:27", "elapsed": 160.649324, "delta": 57.396027}}
{"target": -6.6312756864516, "params": {"C": 8.027371229887814, "epsilon": 9.68293314143678, "gamma": 0.03141107539810836, "lmbda": 0.6926302930536448, "mu": 0.8765127631437423}, "datetime": {"datetime": "2021-04-18 21:44:24", "elapsed": 218.019676, "delta": 57.370352}}
{"target": -2.8046068963630284, "params": {"C": 8.956605968688088, "epsilon": 0.8595916715840813, "gamma": 0.004001572844964948, "lmbda": 0.17066058914500434, "mu": 0.8782643609259837}, "datetime": {"datetime": "2021-04-18 21:45:19", "elapsed": 273.058843, "delta": 55.039167}}
{"target": -2.9149503130176875, "params": {"C": 1.073633654947196, "epsilon": 4.216865173800471, "gamma": 0.09579316406203515, "lmbda": 0.533632119688044, "mu": 0.6921852368365229}, "datetime": {"datetime": "2021-04-18 21:46:06", "elapsed": 319.415356, "delta": 46.356513}}
{"target": -2.976400921121795, "params": {"C": 3.2236047469600235, "epsilon": 6.86814426753902, "gamma": 0.08347910462254755, "lmbda": 0.019269989066847616, "mu": 0.7503941706300225}, "datetime": {"datetime": "2021-04-18 21:46:56", "elapsed": 369.62665, "delta": 50.211294}}
{"target": -3.4304563963831636, "params": {"C": 9.889724780174298, "epsilon": 7.4841748872545955, "gamma": 0.028116354807234078, "lmbda": 0.789490049123037, "mu": 0.10412278057106439}, "datetime": {"datetime": "2021-04-18 21:47:54", "elapsed": 427.620299, "delta": 57.993649}}
{"target": -2.982659731914468, "params": {"C": 4.534145909141461, "epsilon": 9.086869075900024, "gamma": 0.029432053422530583, "lmbda": 0.28848756324776237, "mu": 0.1308985435461594}, "datetime": {"datetime": "2021-04-18 21:48:47", "elapsed": 480.560905, "delta": 52.940606}}
{"target": -2.953813189453692, "params": {"C": 0.291732882915941, "epsilon": 6.791566974069511, "gamma": 0.021241648788405898, "lmbda": 0.266281112712854, "mu": 0.49208158612105796}, "datetime": {"datetime": "2021-04-18 21:49:30", "elapsed": 523.892406, "delta": 43.331501}}
{"target": -2.9393609837354715, "params": {"C": 0.6282891966590958, "epsilon": 5.74543487886521, "gamma": 0.014758184633090433, "lmbda": 0.589716231366381, "mu": 0.7000586016609103}, "datetime": {"datetime": "2021-04-18 21:50:15", "elapsed": 569.103105, "delta": 45.210699}}
{"target": -2.656090502061677, "params": {"C": 1.113110845395476, "epsilon": 4.146419318317488, "gamma": 0.06947057575700175, "lmbda": 0.41476509025737573, "mu": 0.05090350548714107}, "datetime": {"datetime": "2021-04-18 21:51:04", "elapsed": 617.980964, "delta": 48.877859}}
{"target": -2.995955848124417, "params": {"C": 5.405374418563564, "epsilon": 6.64130850574569, "gamma": 0.05153742229462503, "lmbda": 0.9446501612348225, "mu": 0.5869684854614909}, "datetime": {"datetime": "2021-04-18 21:51:59", "elapsed": 673.008421, "delta": 55.027457}}
{"target": -3.92797692093982, "params": {"C": 9.043678961350047, "epsilon": 1.3833722944209128, "gamma": 0.01401370709035078, "lmbda": 0.8075838974208143, "mu": 0.39827916014854803}, "datetime": {"datetime": "2021-04-18 21:53:11", "elapsed": 744.596158, "delta": 71.587737}}
{"target": -2.9001644684150345, "params": {"C": 1.7370065514576347, "epsilon": 9.275810718156379, "gamma": 0.03484180938857611, "lmbda": 0.7510612910330193, "mu": 0.726271987365101}, "datetime": {"datetime": "2021-04-18 21:53:58", "elapsed": 791.59846, "delta": 47.002302}}
{"target": -5.845375116899264, "params": {"C": 8.844730302937517, "epsilon": 6.2404853484855325, "gamma": 0.07511914915933099, "lmbda": 0.3495494436358647, "mu": 0.270657963873261}, "datetime": {"datetime": "2021-04-18 21:54:51", "elapsed": 844.621558, "delta": 53.023098}}
{"target": -5.605245971282253, "params": {"C": 8.969273560141062, "epsilon": 4.286630986814236, "gamma": 0.09648752071012372, "lmbda": 0.6637780563206296, "mu": 0.6220740244889127}, "datetime": {"datetime": "2021-04-18 21:55:39", "elapsed": 892.354461, "delta": 47.732903}}
{"target": -2.854451018214952, "params": {"C": 1.2359851322384146, "epsilon": 9.495397694483641, "gamma": 0.04504622213464606, "lmbda": 0.5788112247727446, "mu": 0.40872866595851987}, "datetime": {"datetime": "2021-04-18 21:56:25", "elapsed": 939.111276, "delta": 46.756815}}
{"target": -3.092794388379499, "params": {"C": 2.4465671044059745, "epsilon": 9.034761410416916, "gamma": 0.05741058071856136, "lmbda": 0.003867456704127811, "mu": 0.6175277687071031}, "datetime": {"datetime": "2021-04-18 21:57:19", "elapsed": 992.630992, "delta": 53.519716}}
{"target": -2.6336958290254584, "params": {"C": 4.636850398031509, "epsilon": 4.022364001795756, "gamma": 0.05448015336532998, "lmbda": 0.3716099271133541, "mu": 0.016825221584845774}, "datetime": {"datetime": "2021-04-18 21:58:15", "elapsed": 1048.177818, "delta": 55.546826}}
{"target": -3.0939011452466723, "params": {"C": 5.823980762752012, "epsilon": 2.119246841976, "gamma": 0.0001, "lmbda": 0.001, "mu": 1.0}, "datetime": {"datetime": "2021-04-18 21:59:15", "elapsed": 1108.584152, "delta": 60.406334}}
{"target": -2.6063464883648866, "params": {"C": 7.03469401777046, "epsilon": 0.061992763065524766, "gamma": 0.09029132451329176, "lmbda": 0.024520849348512, "mu": 0.9794106015636456}, "datetime": {"datetime": "2021-04-18 22:00:08", "elapsed": 1161.445534, "delta": 52.861382}}
{"target": -5.227752354272581, "params": {"C": 3.709667705074232, "epsilon": 0.01, "gamma": 0.1, "lmbda": 1.0, "mu": 0.001}, "datetime": {"datetime": "2021-04-18 22:00:57", "elapsed": 1211.07204, "delta": 49.626506}}
{"target": -5.008827844813723, "params": {"C": 2.8464412395874445, "epsilon": 5.058913094055507, "gamma": 0.1, "lmbda": 1.0, "mu": 0.001}, "datetime": {"datetime": "2021-04-18 22:01:46", "elapsed": 1259.561494, "delta": 48.489454}}
{"target": -3.1399286892745786, "params": {"C": 5.528258497722435, "epsilon": 4.5088509384773845, "gamma": 0.0001, "lmbda": 0.001, "mu": 1.0}, "datetime": {"datetime": "2021-04-18 22:02:44", "elapsed": 1317.550327, "delta": 57.988833}}
{"target": -5.8275500055341505, "params": {"C": 5.856766241637591, "epsilon": 3.4079144324308457, "gamma": 0.1, "lmbda": 1.0, "mu": 0.001}, "datetime": {"datetime": "2021-04-18 22:03:32", "elapsed": 1365.560083, "delta": 48.009756}}
{"target": -2.8151981295776136, "params": {"C": 8.10108268854635, "epsilon": 0.1392545129584831, "gamma": 0.023227362259111848, "lmbda": 0.001, "mu": 1.0}, "datetime": {"datetime": "2021-04-18 22:04:23", "elapsed": 1416.860617, "delta": 51.300534}}
{"target": -3.0762361972832286, "params": {"C": 7.2936671191123965, "epsilon": 1.165243823709794, "gamma": 0.0001, "lmbda": 0.001, "mu": 1.0}, "datetime": {"datetime": "2021-04-18 22:05:25", "elapsed": 1478.563081, "delta": 61.702464}}
{"target": -200.13501231911133, "params": {"C": 4.889747094016275, "epsilon": 5.186095188354331, "gamma": 0.02591763937749348, "lmbda": 0.001, "mu": 0.001}, "datetime": {"datetime": "2021-04-18 22:11:50", "elapsed": 1863.415412, "delta": 384.852331}}
{"target": -2.9191227833310163, "params": {"C": 3.907521283489526, "epsilon": 5.3276681046973335, "gamma": 0.003166654800339594, "lmbda": 0.1345055028584032, "mu": 0.06271733191719608}, "datetime": {"datetime": "2021-04-18 22:12:41", "elapsed": 1914.21252, "delta": 50.797108}}
{"target": -2.642853817543406, "params": {"C": 2.755774956836988, "epsilon": 5.408596056059513, "gamma": 0.04544491870953434, "lmbda": 0.9776738672958843, "mu": 0.3146715715576851}, "datetime": {"datetime": "2021-04-18 22:13:28", "elapsed": 1961.74062, "delta": 47.5281}}
{"target": -2.6883938750819887, "params": {"C": 1.7696389227197415, "epsilon": 7.503895515776066, "gamma": 0.0186648380307893, "lmbda": 0.4904736063122045, "mu": 0.7171377327630711}, "datetime": {"datetime": "2021-04-18 22:14:14", "elapsed": 2007.387085, "delta": 45.646465}}
{"target": -2.642846932959621, "params": {"C": 6.69109950692949, "epsilon": 5.257431284001469, "gamma": 0.042191879660882184, "lmbda": 0.5725471432934708, "mu": 0.3242745911775503}, "datetime": {"datetime": "2021-04-18 22:15:03", "elapsed": 2056.353699, "delta": 48.966614}}
{"target": -4.4849140117561985, "params": {"C": 5.351990382086057, "epsilon": 5.771076985473497, "gamma": 0.08821507490177044, "lmbda": 0.8374729757315095, "mu": 0.7309357990590313}, "datetime": {"datetime": "2021-04-18 22:15:48", "elapsed": 2102.093437, "delta": 45.739738}}
{"target": -2.876813565424521, "params": {"C": 3.930742872613997, "epsilon": 5.289283607208747, "gamma": 0.004761337723871733, "lmbda": 0.16470193902242897, "mu": 0.11207651443672412}, "datetime": {"datetime": "2021-04-18 22:16:39", "elapsed": 2152.758826, "delta": 50.665389}}
{"target": -2.9117383894892437, "params": {"C": 8.605802264604042, "epsilon": 0.43153384487113317, "gamma": 0.04220679198313979, "lmbda": 0.9533071770878863, "mu": 0.12489732044662653}, "datetime": {"datetime": "2021-04-18 22:17:27", "elapsed": 2200.167122, "delta": 47.408296}}
{"target": -2.6613550008244595, "params": {"C": 4.622469896924154, "epsilon": 3.9549503269414172, "gamma": 0.056122564073399744, "lmbda": 0.3931443369084364, "mu": 0.018077471859052726}, "datetime": {"datetime": "2021-04-18 22:18:16", "elapsed": 2249.421972, "delta": 49.25485}}
{"target": -2.9945741161208983, "params": {"C": 1.677811819615831, "epsilon": 7.511852167628311, "gamma": 0.014171121153690866, "lmbda": 0.44868098397986794, "mu": 0.7724119425915873}, "datetime": {"datetime": "2021-04-18 22:19:03", "elapsed": 2296.882362, "delta": 47.46039}}
{"target": -3.070401859524094, "params": {"C": 1.7047675451282494, "epsilon": 7.513267662185254, "gamma": 0.01956560187750461, "lmbda": 0.4605491335943968, "mu": 0.6699411076762227}, "datetime": {"datetime": "2021-04-18 22:19:49", "elapsed": 2342.928251, "delta": 46.045889}}
{"target": -2.988782797990613, "params": {"C": 0.5651340220290207, "epsilon": 2.441782753037273, "gamma": 0.04641614791503976, "lmbda": 0.3875689080849274, "mu": 0.9947924916202493}, "datetime": {"datetime": "2021-04-18 22:20:30", "elapsed": 2384.077901, "delta": 41.14965}}
{"target": -2.6455749481242954, "params": {"C": 6.695149889480039, "epsilon": 5.181692945298229, "gamma": 0.04318501807854634, "lmbda": 0.5429151322185385, "mu": 0.3165653743378204}, "datetime": {"datetime": "2021-04-18 22:21:20", "elapsed": 2433.36465, "delta": 49.286749}}
{"target": -2.8639342195487227, "params": {"C": 3.8548662976085515, "epsilon": 5.333778678619803, "gamma": 0.08941597378143555, "lmbda": 0.16921753990525273, "mu": 0.0564186474776246}, "datetime": {"datetime": "2021-04-18 22:22:09", "elapsed": 2482.765159, "delta": 49.400509}}
{"target": -2.9510596657197588, "params": {"C": 1.8079662548919457, "epsilon": 1.0911115480228863, "gamma": 0.07515064574382402, "lmbda": 0.7014168088452996, "mu": 0.9777808727167644}, "datetime": {"datetime": "2021-04-18 22:22:53", "elapsed": 2526.941967, "delta": 44.176808}}
{"target": -2.829641194744673, "params": {"C": 1.33001867010585, "epsilon": 9.454195845082195, "gamma": 0.0431385096558874, "lmbda": 0.6109381679069139, "mu": 0.46821439148989824}, "datetime": {"datetime": "2021-04-18 22:23:38", "elapsed": 2571.644024, "delta": 44.702057}}
{"target": -14.999216240638406, "params": {"C": 7.675237743391253, "epsilon": 3.252998560040188, "gamma": 0.06761927821241698, "lmbda": 0.3712747844259439, "mu": 0.8338023641742871}, "datetime": {"datetime": "2021-04-18 22:24:25", "elapsed": 2618.69541, "delta": 47.051386}}
{"target": -2.63826959908274, "params": {"C": 4.54522816725884, "epsilon": 4.007193029044502, "gamma": 0.05662075149497064, "lmbda": 0.37760909117631175, "mu": 0.001}, "datetime": {"datetime": "2021-04-18 22:25:15", "elapsed": 2668.285066, "delta": 49.589656}}
{"target": -2.8797210170419762, "params": {"C": 2.7782496898384434, "epsilon": 5.323087119909533, "gamma": 0.05878199122283984, "lmbda": 0.9829077675302685, "mu": 0.237929061783582}, "datetime": {"datetime": "2021-04-18 22:25:59", "elapsed": 2712.884851, "delta": 44.599785}}
{"target": -3.634379513165905, "params": {"C": 7.888923674582339, "epsilon": 0.9269598931661485, "gamma": 0.07331816813193798, "lmbda": 0.3624553261749138, "mu": 0.6573841404738194}, "datetime": {"datetime": "2021-04-18 22:26:48", "elapsed": 2761.612378, "delta": 48.727527}}
{"target": -2.8856356354570054, "params": {"C": 3.870964877463444, "epsilon": 5.357431923655559, "gamma": 0.008186644871167855, "lmbda": 0.2530822409332227, "mu": 0.164264340352639}, "datetime": {"datetime": "2021-04-18 22:27:36", "elapsed": 2809.806173, "delta": 48.193795}}
{"target": -2.7730057146616667, "params": {"C": 9.836167123146247, "epsilon": 0.8890280163409101, "gamma": 0.0056529014871692625, "lmbda": 0.3621796292924208, "mu": 0.957685447826892}, "datetime": {"datetime": "2021-04-18 22:28:28", "elapsed": 2861.937626, "delta": 52.131453}}
{"target": -3.1134804096293, "params": {"C": 1.2664342530296784, "epsilon": 8.601895114672251, "gamma": 0.023473816881954473, "lmbda": 0.8946352931600121, "mu": 0.6947576205849421}, "datetime": {"datetime": "2021-04-18 22:29:13", "elapsed": 2906.380063, "delta": 44.442437}}
{"target": -2.8222847684882137, "params": {"C": 4.588929074000883, "epsilon": 4.0272830646395255, "gamma": 0.06097757218393486, "lmbda": 0.4678175252636016, "mu": 0.04657486246549027}, "datetime": {"datetime": "2021-04-18 22:30:02", "elapsed": 2956.050672, "delta": 49.670609}}
{"target": -2.7903419394955957, "params": {"C": 6.782344441581534, "epsilon": 5.208446300271097, "gamma": 0.050047496889311996, "lmbda": 0.5880553068488131, "mu": 0.3632344089624526}, "datetime": {"datetime": "2021-04-18 22:30:52", "elapsed": 3005.583163, "delta": 49.532491}}
{"target": -3.5139590209139917, "params": {"C": 6.725796072527145, "epsilon": 5.245554549228916, "gamma": 0.06984075788800438, "lmbda": 0.4813278206983288, "mu": 0.38163678600041306}, "datetime": {"datetime": "2021-04-18 22:31:40", "elapsed": 3053.894659, "delta": 48.311496}}
{"target": -2.965536135209575, "params": {"C": 6.7631545253863194, "epsilon": 5.223096206140783, "gamma": 0.0003220180727552615, "lmbda": 0.5781212226347258, "mu": 0.24077648938533963}, "datetime": {"datetime": "2021-04-18 22:32:32", "elapsed": 3106.081718, "delta": 52.187059}}
{"target": -5.280267051307937, "params": {"C": 7.813318512191399, "epsilon": 5.298027832160268, "gamma": 0.08190173023634195, "lmbda": 0.8928172223644028, "mu": 0.32674773345977015}, "datetime": {"datetime": "2021-04-18 22:33:20", "elapsed": 3153.450023, "delta": 47.368305}}
{"target": -4.649960394877536, "params": {"C": 7.599697511694074, "epsilon": 4.501114820479115, "gamma": 0.08452761478241719, "lmbda": 0.5658587645444192, "mu": 0.680243445938217}, "datetime": {"datetime": "2021-04-18 22:34:07", "elapsed": 3200.757075, "delta": 47.307052}}
{"target": -2.65079733635557, "params": {"C": 4.730264372672338, "epsilon": 5.561470646111434, "gamma": 0.06947074116003264, "lmbda": 0.14407931870456686, "mu": 0.4856719978396573}, "datetime": {"datetime": "2021-04-18 22:34:56", "elapsed": 3249.548167, "delta": 48.791092}}
{"target": -2.706555202856102, "params": {"C": 9.024539964279272, "epsilon": 1.3958789777964833, "gamma": 0.03827691655837635, "lmbda": 0.839483910827736, "mu": 0.43152212026030035}, "datetime": {"datetime": "2021-04-18 22:35:45", "elapsed": 3298.567681, "delta": 49.019514}}
