{"target": -3.0744702748266994, "params": {"C": 4.228517846555483, "epsilon": 7.20604168948716, "gamma": 0.00011142604425275418, "lmbda": 0.3030302400592079, "mu": 0.14760913492629593}, "datetime": {"datetime": "2021-04-13 16:38:41", "elapsed": 0.0, "delta": 0.0}}
{"target": -2.6629826547119313, "params": {"C": 1.0141520882110984, "epsilon": 1.8707395116629324, "gamma": 0.03462151663160047, "lmbda": 0.39737070675643926, "mu": 0.5392779172693536}, "datetime": {"datetime": "2021-04-13 16:52:00", "elapsed": 798.971242, "delta": 798.971242}}
{"target": -2.666274397737784, "params": {"C": 4.250025692592619, "epsilon": 6.855342808963627, "gamma": 0.020524779748178592, "lmbda": 0.8782393189545544, "mu": 0.02836020560472824}, "datetime": {"datetime": "2021-04-13 17:07:19", "elapsed": 1717.286474, "delta": 918.315232}}
{"target": -2.8697673095086556, "params": {"C": 6.737628350766182, "epsilon": 4.178874975647599, "gamma": 0.0559131138617306, "lmbda": 0.14124655165663855, "mu": 0.1989033875957939}, "datetime": {"datetime": "2021-04-13 17:21:59", "elapsed": 2598.122085, "delta": 880.835611}}
{"target": -5.700314895693093, "params": {"C": 8.027371229887814, "epsilon": 9.68293314143678, "gamma": 0.03141107539810836, "lmbda": 0.6926302930536448, "mu": 0.8765127631437423}, "datetime": {"datetime": "2021-04-13 17:36:46", "elapsed": 3484.378156, "delta": 886.256071}}
{"target": -2.9251682906250442, "params": {"C": 8.956605968688088, "epsilon": 0.8595916715840813, "gamma": 0.004001572844964948, "lmbda": 0.17066058914500434, "mu": 0.8782643609259837}, "datetime": {"datetime": "2021-04-13 17:51:03", "elapsed": 4341.777773, "delta": 857.399617}}
{"target": -4.666775675761156, "params": {"C": 3.374276660980975, "epsilon": 3.5920604483676795, "gamma": 0.052492967874826185, "lmbda": 0.6243466520074801, "mu": 0.357995453519546}, "datetime": {"datetime": "2021-04-13 18:04:41", "elapsed": 5159.833131, "delta": 818.055358}}
{"target": -2.989356281184641, "params": {"C": 0.1, "epsilon": 0.6225132156401924, "gamma": 0.021532980383126957, "lmbda": 0.23187875372033276, "mu": 0.670533576098413}, "datetime": {"datetime": "2021-04-13 18:16:01", "elapsed": 5839.375764, "delta": 679.542633}}
{"target": -2.992042395102499, "params": {"C": 2.193515569139038, "epsilon": 0.47646955293208726, "gamma": 0.02014564112458764, "lmbda": 0.21352019110309622, "mu": 0.6861167129066978}, "datetime": {"datetime": "2021-04-13 18:30:32", "elapsed": 6710.454624, "delta": 871.07886}}
{"target": -3.0851297276780087, "params": {"C": 0.1, "epsilon": 3.125582474520693, "gamma": 0.021593228675288925, "lmbda": 0.23190524266843052, "mu": 0.6714328333429633}, "datetime": {"datetime": "2021-04-13 18:41:24", "elapsed": 7362.94547, "delta": 652.490846}}
{"target": -2.7450120210218505, "params": {"C": 0.1, "epsilon": 1.8420193180079472, "gamma": 0.046346975792280865, "lmbda": 0.5462896244356471, "mu": 0.42033849280310476}, "datetime": {"datetime": "2021-04-13 18:52:15", "elapsed": 8013.784548, "delta": 650.839078}}
{"target": -2.3340450282858938, "params": {"C": 1.1512333701506423, "epsilon": 0.8543167117481463, "gamma": 0.04517442987621283, "lmbda": 0.5313977326677264, "mu": 0.43223243524972965}, "datetime": {"datetime": "2021-04-13 19:04:35", "elapsed": 8754.032688, "delta": 740.24814}}
{"target": -2.8747692275128767, "params": {"C": 1.1414612188529423, "epsilon": 0.01, "gamma": 0.05414440613413333, "lmbda": 0.6453207046923204, "mu": 0.3412437755330493}, "datetime": {"datetime": "2021-04-13 19:16:33", "elapsed": 9471.915427, "delta": 717.882739}}
{"target": -3.1859834569128225, "params": {"C": 1.9596529162750218, "epsilon": 1.3658667584449313, "gamma": 0.053247408508341275, "lmbda": 0.633928407489861, "mu": 0.35034264150471733}, "datetime": {"datetime": "2021-04-13 19:28:58", "elapsed": 10217.113247, "delta": 745.19782}}
{"target": -2.434305759231287, "params": {"C": 0.6724209553037449, "epsilon": 1.1517415082400027, "gamma": 0.052440110645128435, "lmbda": 0.6236753400076476, "mu": 0.3585316208792186}, "datetime": {"datetime": "2021-04-13 19:40:34", "elapsed": 10912.419247, "delta": 695.306}}
{"target": -2.490977119930511, "params": {"C": 1.0289484699746845, "epsilon": 1.1492460761152299, "gamma": 0.038635317184188785, "lmbda": 0.4483478860617973, "mu": 0.3659017023162697}, "datetime": {"datetime": "2021-04-13 19:52:34", "elapsed": 11632.599212, "delta": 720.179965}}
{"target": -2.5276701863789683, "params": {"C": 1.0626060961549437, "epsilon": 1.1175939282029748, "gamma": 0.051059631299034465, "lmbda": 0.6061425946130625, "mu": 0.4919300948898436}, "datetime": {"datetime": "2021-04-13 20:04:30", "elapsed": 12348.68846, "delta": 716.089248}}
{"target": -2.5674532375711827, "params": {"C": 0.6805019317273282, "epsilon": 0.5577130980709523, "gamma": 0.03987774859567335, "lmbda": 0.5986681084185289, "mu": 0.37850454157362706}, "datetime": {"datetime": "2021-04-13 20:16:22", "elapsed": 13060.22391, "delta": 711.53545}}
{"target": -2.448764025682743, "params": {"C": 1.6219085291011308, "epsilon": 0.5246261428590083, "gamma": 0.040407416723727295, "lmbda": 0.5919410708434487, "mu": 0.3838773309412373}, "datetime": {"datetime": "2021-04-13 20:30:56", "elapsed": 13934.513851, "delta": 874.289941}}
{"target": -2.5759451086694645, "params": {"C": 1.2553516024509088, "epsilon": 0.5190563979582731, "gamma": 0.049464741713449806, "lmbda": 0.4769087283095763, "mu": 0.47575202912737274}, "datetime": {"datetime": "2021-04-13 20:43:11", "elapsed": 14670.092989, "delta": 735.579138}}
