{"target": -3.3173383454002408, "params": {"C": 4.228517846555483, "epsilon": 7.20604168948716, "gamma": 0.00011142604425275418, "lmbda": 0.3030302400592079, "mu": 0.14760913492629593}, "datetime": {"datetime": "2021-04-18 20:41:29", "elapsed": 0.0, "delta": 0.0}}
{"target": -2.9733868218772805, "params": {"C": 1.0141520882110984, "epsilon": 1.8707395116629324, "gamma": 0.03462151663160047, "lmbda": 0.39737070675643926, "mu": 0.5392779172693536}, "datetime": {"datetime": "2021-04-18 20:42:22", "elapsed": 53.201744, "delta": 53.201744}}
{"target": -2.8232162829290774, "params": {"C": 4.250025692592619, "epsilon": 6.855342808963627, "gamma": 0.020524779748178592, "lmbda": 0.8782393189545544, "mu": 0.02836020560472824}, "datetime": {"datetime": "2021-04-18 20:43:13", "elapsed": 103.669534, "delta": 50.46779}}
{"target": -2.4208062316498857, "params": {"C": 6.737628350766182, "epsilon": 4.178874975647599, "gamma": 0.0559131138617306, "lmbda": 0.14124655165663855, "mu": 0.1989033875957939}, "datetime": {"datetime": "2021-04-18 20:44:04", "elapsed": 154.875763, "delta": 51.206229}}
{"target": -2.4890382470714845, "params": {"C": 8.027371229887814, "epsilon": 9.68293314143678, "gamma": 0.03141107539810836, "lmbda": 0.6926302930536448, "mu": 0.8765127631437423}, "datetime": {"datetime": "2021-04-18 20:44:58", "elapsed": 208.31306, "delta": 53.437297}}
{"target": -2.8557542497623967, "params": {"C": 8.956605968688088, "epsilon": 0.8595916715840813, "gamma": 0.004001572844964948, "lmbda": 0.17066058914500434, "mu": 0.8782643609259837}, "datetime": {"datetime": "2021-04-18 20:45:44", "elapsed": 254.459157, "delta": 46.146097}}
{"target": -2.5218176744929854, "params": {"C": 1.073633654947196, "epsilon": 4.216865173800471, "gamma": 0.09579316406203515, "lmbda": 0.533632119688044, "mu": 0.6921852368365229}, "datetime": {"datetime": "2021-04-18 20:46:23", "elapsed": 293.299657, "delta": 38.8405}}
{"target": -3.0171550764992476, "params": {"C": 3.2236047469600235, "epsilon": 6.86814426753902, "gamma": 0.08347910462254755, "lmbda": 0.019269989066847616, "mu": 0.7503941706300225}, "datetime": {"datetime": "2021-04-18 20:47:04", "elapsed": 335.048849, "delta": 41.749192}}
{"target": -2.4670400194299034, "params": {"C": 9.889724780174298, "epsilon": 7.4841748872545955, "gamma": 0.028116354807234078, "lmbda": 0.789490049123037, "mu": 0.10412278057106439}, "datetime": {"datetime": "2021-04-18 20:47:52", "elapsed": 382.627968, "delta": 47.579119}}
{"target": -2.9307868555729564, "params": {"C": 4.534145909141461, "epsilon": 9.086869075900024, "gamma": 0.029432053422530583, "lmbda": 0.28848756324776237, "mu": 0.1308985435461594}, "datetime": {"datetime": "2021-04-18 20:48:39", "elapsed": 430.025968, "delta": 47.398}}
{"target": -2.7105624458160813, "params": {"C": 0.1, "epsilon": 10.0, "gamma": 0.1, "lmbda": 1.0, "mu": 1.0}, "datetime": {"datetime": "2021-04-18 20:49:13", "elapsed": 463.359577, "delta": 33.333609}}
{"target": -14.510900889674257, "params": {"C": 4.949542124167895, "epsilon": 0.01, "gamma": 0.1, "lmbda": 1.0, "mu": 1.0}, "datetime": {"datetime": "2021-04-18 20:49:56", "elapsed": 507.023085, "delta": 43.663508}}
{"target": -2.4269731132541534, "params": {"C": 8.506710478598622, "epsilon": 8.210597470629363, "gamma": 0.03364131059732303, "lmbda": 0.712196986201615, "mu": 0.413737428442656}, "datetime": {"datetime": "2021-04-18 20:50:44", "elapsed": 555.006174, "delta": 47.983089}}
{"target": -2.5569185456748498, "params": {"C": 7.713664984999263, "epsilon": 5.8571029226038975, "gamma": 0.047343770844156044, "lmbda": 0.5044018156621829, "mu": 0.20384133534132096}, "datetime": {"datetime": "2021-04-18 20:51:30", "elapsed": 600.778738, "delta": 45.772564}}
{"target": -4.500092014957325, "params": {"C": 5.842367691171421, "epsilon": 5.439961686263544, "gamma": 0.1, "lmbda": 1.0, "mu": 0.001}, "datetime": {"datetime": "2021-04-18 20:52:16", "elapsed": 646.740094, "delta": 45.961356}}
{"target": -3.131996746186276, "params": {"C": 8.089652892056847, "epsilon": 4.40073708015557, "gamma": 0.0187277275776879, "lmbda": 0.001, "mu": 0.33534537003925796}, "datetime": {"datetime": "2021-04-18 20:53:02", "elapsed": 692.894616, "delta": 46.154522}}
{"target": -11.230833838747035, "params": {"C": 8.800039951196279, "epsilon": 6.868011838269379, "gamma": 0.03642696994658368, "lmbda": 0.07539696640036678, "mu": 0.6311455495870021}, "datetime": {"datetime": "2021-04-18 20:53:50", "elapsed": 740.762792, "delta": 47.868176}}
{"target": -2.5915698795321744, "params": {"C": 6.647270083571658, "epsilon": 5.047431370248104, "gamma": 0.02618114049869338, "lmbda": 0.6226799090705518, "mu": 0.4074032604220437}, "datetime": {"datetime": "2021-04-18 20:54:36", "elapsed": 786.715983, "delta": 45.953191}}
{"target": -2.4615934066603096, "params": {"C": 1.4943429883010915, "epsilon": 2.6757213713670165, "gamma": 0.08508004590406266, "lmbda": 0.44954919950949307, "mu": 0.7107829858956666}, "datetime": {"datetime": "2021-04-18 20:55:15", "elapsed": 825.476664, "delta": 38.760681}}
{"target": -2.9116928259923247, "params": {"C": 4.742263564981914, "epsilon": 0.3861599447621402, "gamma": 0.013109400775487542, "lmbda": 0.7059806207744715, "mu": 0.46901734977669807}, "datetime": {"datetime": "2021-04-18 20:56:01", "elapsed": 871.422466, "delta": 45.945802}}
{"target": -3.126692753768565, "params": {"C": 3.907521283489526, "epsilon": 5.3276681046973335, "gamma": 0.003166654800339594, "lmbda": 0.1345055028584032, "mu": 0.06271733191719608}, "datetime": {"datetime": "2021-04-18 20:56:47", "elapsed": 917.548121, "delta": 46.125655}}
{"target": -2.36529790648749, "params": {"C": 2.755774956836988, "epsilon": 5.408596056059513, "gamma": 0.04544491870953434, "lmbda": 0.9776738672958843, "mu": 0.3146715715576851}, "datetime": {"datetime": "2021-04-18 20:57:29", "elapsed": 959.324563, "delta": 41.776442}}
{"target": -4.211504670729474, "params": {"C": 1.7696389227197415, "epsilon": 7.503895515776066, "gamma": 0.0186648380307893, "lmbda": 0.4904736063122045, "mu": 0.7171377327630711}, "datetime": {"datetime": "2021-04-18 20:58:10", "elapsed": 1001.089596, "delta": 41.765033}}
{"target": -2.3619585224553754, "params": {"C": 6.69109950692949, "epsilon": 5.257431284001469, "gamma": 0.042191879660882184, "lmbda": 0.5725471432934708, "mu": 0.3242745911775503}, "datetime": {"datetime": "2021-04-18 20:58:55", "elapsed": 1045.7768, "delta": 44.687204}}
{"target": -4.229988837690053, "params": {"C": 5.351990382086057, "epsilon": 5.771076985473497, "gamma": 0.08821507490177044, "lmbda": 0.8374729757315095, "mu": 0.7309357990590313}, "datetime": {"datetime": "2021-04-18 20:59:38", "elapsed": 1088.851546, "delta": 43.074746}}
{"target": -2.7941609998548578, "params": {"C": 6.607303471234615, "epsilon": 5.174302367176314, "gamma": 0.024460291337339683, "lmbda": 0.35881585228944224, "mu": 0.49771635384848295}, "datetime": {"datetime": "2021-04-18 21:00:25", "elapsed": 1135.348211, "delta": 46.496665}}
{"target": -2.595114530545992, "params": {"C": 8.605802264604042, "epsilon": 0.43153384487113317, "gamma": 0.04220679198313979, "lmbda": 0.9533071770878863, "mu": 0.12489732044662653}, "datetime": {"datetime": "2021-04-18 21:01:11", "elapsed": 1181.280965, "delta": 45.932754}}
{"target": -7.542138260416624, "params": {"C": 6.923590754225463, "epsilon": 5.165179339844691, "gamma": 0.06666133552620811, "lmbda": 0.5671435936969871, "mu": 0.33301682694500034}, "datetime": {"datetime": "2021-04-18 21:01:57", "elapsed": 1227.992042, "delta": 46.711077}}
{"target": -3.177175655649929, "params": {"C": 1.71895837841888, "epsilon": 5.984251803231599, "gamma": 0.004828215931102808, "lmbda": 0.05761513278469073, "mu": 0.375713422178108}, "datetime": {"datetime": "2021-04-18 21:02:40", "elapsed": 1270.982829, "delta": 42.990787}}
{"target": -3.1852209358827404, "params": {"C": 5.60970309271355, "epsilon": 8.994519279000434, "gamma": 0.0011612112817158717, "lmbda": 0.9448704404700339, "mu": 0.3098922642607765}, "datetime": {"datetime": "2021-04-18 21:03:32", "elapsed": 1322.669016, "delta": 51.686187}}
{"target": -2.9710881415475976, "params": {"C": 0.5651340220290207, "epsilon": 2.441782753037273, "gamma": 0.04641614791503976, "lmbda": 0.3875689080849274, "mu": 0.9947924916202493}, "datetime": {"datetime": "2021-04-18 21:04:09", "elapsed": 1360.006178, "delta": 37.337162}}
{"target": -2.819317822259364, "params": {"C": 7.264634027950743, "epsilon": 6.669144715094927, "gamma": 0.05822412701432585, "lmbda": 0.03219051482575066, "mu": 0.8042278210026584}, "datetime": {"datetime": "2021-04-18 21:04:55", "elapsed": 1405.837305, "delta": 45.831127}}
{"target": -2.3856581149929936, "params": {"C": 1.7491783148926057, "epsilon": 2.5914478983092337, "gamma": 0.060527965326310135, "lmbda": 0.4609361859517388, "mu": 0.112955562638432}, "datetime": {"datetime": "2021-04-18 21:05:37", "elapsed": 1447.563824, "delta": 41.726519}}
{"target": -2.5700192425922794, "params": {"C": 1.8079662548919457, "epsilon": 1.0911115480228863, "gamma": 0.07515064574382402, "lmbda": 0.7014168088452996, "mu": 0.9777808727167644}, "datetime": {"datetime": "2021-04-18 21:06:16", "elapsed": 1486.358495, "delta": 38.794671}}
{"target": -2.63291391600155, "params": {"C": 9.801968724388889, "epsilon": 7.294321076543591, "gamma": 0.04508615140282153, "lmbda": 0.7709638018470718, "mu": 0.25229224990303845}, "datetime": {"datetime": "2021-04-18 21:07:02", "elapsed": 1532.400328, "delta": 46.041833}}
{"target": -7.955480180190968, "params": {"C": 7.675237743391253, "epsilon": 3.252998560040188, "gamma": 0.06761927821241698, "lmbda": 0.3712747844259439, "mu": 0.8338023641742871}, "datetime": {"datetime": "2021-04-18 21:07:48", "elapsed": 1578.8184, "delta": 46.418072}}
{"target": -2.5599595796230563, "params": {"C": 7.73635965767019, "epsilon": 5.870087196553569, "gamma": 0.02978753130092856, "lmbda": 0.4515433756044709, "mu": 0.2526405067690916}, "datetime": {"datetime": "2021-04-18 21:08:33", "elapsed": 1623.647272, "delta": 44.828872}}
{"target": -2.3999925226155403, "params": {"C": 2.748825436644333, "epsilon": 5.443671374119625, "gamma": 0.04428560718414518, "lmbda": 0.879166493808433, "mu": 0.29373730395567715}, "datetime": {"datetime": "2021-04-18 21:09:16", "elapsed": 1667.022699, "delta": 43.375427}}
{"target": -3.217700394578981, "params": {"C": 7.888923674582339, "epsilon": 0.9269598931661485, "gamma": 0.07331816813193798, "lmbda": 0.3624553261749138, "mu": 0.6573841404738194}, "datetime": {"datetime": "2021-04-18 21:10:02", "elapsed": 1713.073248, "delta": 46.050549}}
{"target": -2.4784057292489687, "params": {"C": 2.692859502890628, "epsilon": 5.519014876697559, "gamma": 0.05720508805311936, "lmbda": 0.9168889860225649, "mu": 0.44011703938950464}, "datetime": {"datetime": "2021-04-18 21:10:46", "elapsed": 1756.366283, "delta": 43.293035}}
