{"target": -1.0459781733310085, "params": {"C": 4.228517846555483, "epsilon": 7.20604168948716, "gamma": 0.00011142604425275418, "mu": -0.7906697094726409}, "datetime": {"datetime": "2021-04-08 21:29:45", "elapsed": 0.0, "delta": 0.0}}
{"target": -1.2957321422971704, "params": {"C": 1.5528833190894193, "epsilon": 0.9324625617402901, "gamma": 0.018707395116629322, "mu": -0.617757091827809}, "datetime": {"datetime": "2021-04-08 21:31:39", "elapsed": 114.753991, "delta": 114.753991}}
{"target": -1.1153015202402912, "params": {"C": 4.027997994883632, "epsilon": 5.392779172693536, "gamma": 0.04197753198888916, "mu": 0.740878001587038}, "datetime": {"datetime": "2021-04-08 21:33:43", "elapsed": 238.205886, "delta": 123.451895}}
{"target": -1.0120871456378786, "params": {"C": 2.124077272342023, "epsilon": 8.782393189545544, "gamma": 0.002836020560472824, "mu": 0.6818700407136089}, "datetime": {"datetime": "2021-04-08 21:35:41", "elapsed": 356.115265, "delta": 117.909379}}
{"target": -1.6374996115132014, "params": {"C": 4.231317543434557, "epsilon": 5.591311386173059, "gamma": 0.014124655165663854, "mu": -1.2075940436604848}, "datetime": {"datetime": "2021-04-08 21:37:40", "elapsed": 475.761692, "delta": 119.646427}}
{"target": -1.0331431654931034, "params": {"C": 8.027371229887814, "epsilon": 9.68293314143678, "gamma": 0.03141107539810836, "mu": 0.7692904626772563}, "datetime": {"datetime": "2021-04-08 21:40:03", "elapsed": 618.252503, "delta": 142.490811}}
{"target": -1.112742423148844, "params": {"C": 0.5, "epsilon": 0.01, "gamma": 0.02, "mu": -0.3}, "datetime": {"datetime": "2021-04-08 21:41:46", "elapsed": 721.092893, "delta": 102.84039}}

the target is twiced the value. error in during calculation

