{"target": -6.710566543116291, "params": {"alpha": 102.35326420584583}, "datetime": {"datetime": "2021-08-25 14:02:35", "elapsed": 11.202404, "delta": 0.367528}}
{"target": -6.710566543116291, "params": {"alpha": 999.9354859937545}, "datetime": {"datetime": "2021-08-25 14:02:35", "elapsed": 11.569144, "delta": 0.36674}}
{"target": -6.710566543116291, "params": {"alpha": 102.1801267909814}, "datetime": {"datetime": "2021-08-25 14:02:35", "elapsed": 12.000583, "delta": 0.431439}}
{"target": -6.710566543116291, "params": {"alpha": 998.2715607297762}, "datetime": {"datetime": "2021-08-25 14:02:36", "elapsed": 12.461582, "delta": 0.460999}}
{"target": -6.710566543116291, "params": {"alpha": 100.23924209560543}, "datetime": {"datetime": "2021-08-25 14:02:36", "elapsed": 12.872433, "delta": 0.410851}}
{"target": -6.710566543116291, "params": {"alpha": 997.397005371197}, "datetime": {"datetime": "2021-08-25 14:02:37", "elapsed": 13.306467, "delta": 0.434034}}
{"target": -6.710566543116291, "params": {"alpha": 100.83871034765319}, "datetime": {"datetime": "2021-08-25 14:02:37", "elapsed": 13.75398, "delta": 0.447513}}
{"target": -6.710566543116291, "params": {"alpha": 997.9959749640079}, "datetime": {"datetime": "2021-08-25 14:02:38", "elapsed": 14.268024, "delta": 0.514044}}
{"target": -6.710566543116291, "params": {"alpha": 107.21411462934512}, "datetime": {"datetime": "2021-08-25 14:02:38", "elapsed": 14.705028, "delta": 0.437004}}
{"target": -6.710566543116291, "params": {"alpha": 997.7694308428863}, "datetime": {"datetime": "2021-08-25 14:02:39", "elapsed": 15.220707, "delta": 0.515679}}
{"target": -6.710566543116291, "params": {"alpha": 102.25794305490986}, "datetime": {"datetime": "2021-08-25 14:02:39", "elapsed": 15.611438, "delta": 0.390731}}
{"target": -6.710566543116291, "params": {"alpha": 996.2339436457261}, "datetime": {"datetime": "2021-08-25 14:02:39", "elapsed": 16.013759, "delta": 0.402321}}
{"target": -6.710566543116291, "params": {"alpha": 990.5624970784568}, "datetime": {"datetime": "2021-08-25 14:02:40", "elapsed": 16.512761, "delta": 0.499002}}
{"target": -6.710566543116291, "params": {"alpha": 102.6396556056046}, "datetime": {"datetime": "2021-08-25 14:02:40", "elapsed": 17.018757, "delta": 0.505996}}
{"target": -6.710566543116291, "params": {"alpha": 102.07705114334517}, "datetime": {"datetime": "2021-08-25 14:02:41", "elapsed": 17.509755, "delta": 0.490998}}
{"target": -6.710566543116291, "params": {"alpha": 999.6574695105169}, "datetime": {"datetime": "2021-08-25 14:02:41", "elapsed": 17.863413, "delta": 0.353658}}
{"target": -6.710566543116291, "params": {"alpha": 100.41447881475136}, "datetime": {"datetime": "2021-08-25 14:02:42", "elapsed": 18.280411, "delta": 0.416998}}
{"target": -6.710566543116291, "params": {"alpha": 991.2966456692624}, "datetime": {"datetime": "2021-08-25 14:02:42", "elapsed": 18.80042, "delta": 0.520009}}
{"target": -6.710566543116291, "params": {"alpha": 999.4659681057364}, "datetime": {"datetime": "2021-08-25 14:02:43", "elapsed": 19.298453, "delta": 0.498033}}
{"target": -6.710566543116291, "params": {"alpha": 108.35919811271543}, "datetime": {"datetime": "2021-08-25 14:02:43", "elapsed": 19.74664, "delta": 0.448187}}
{"target": -6.710566543116291, "params": {"alpha": 101.02979162883832}, "datetime": {"datetime": "2021-08-25 14:02:44", "elapsed": 20.200634, "delta": 0.453994}}
{"target": -6.710566543116291, "params": {"alpha": 994.3553410857685}, "datetime": {"datetime": "2021-08-25 14:02:44", "elapsed": 20.630601, "delta": 0.429967}}
{"target": -6.710566543116291, "params": {"alpha": 107.24321545131478}, "datetime": {"datetime": "2021-08-25 14:02:44", "elapsed": 21.079695, "delta": 0.449094}}
{"target": -6.710566543116291, "params": {"alpha": 994.0190158890789}, "datetime": {"datetime": "2021-08-25 14:02:45", "elapsed": 21.540343, "delta": 0.460648}}
{"target": -6.710566543116291, "params": {"alpha": 106.44665592651546}, "datetime": {"datetime": "2021-08-25 14:02:45", "elapsed": 22.052092, "delta": 0.511749}}
{"target": -6.710566543116291, "params": {"alpha": 997.3209782109926}, "datetime": {"datetime": "2021-08-25 14:02:46", "elapsed": 22.511085, "delta": 0.458993}}
{"target": -6.710566543116291, "params": {"alpha": 101.65465716881312}, "datetime": {"datetime": "2021-08-25 14:02:46", "elapsed": 22.970128, "delta": 0.459043}}
{"target": -6.710566543116291, "params": {"alpha": 988.4583338524853}, "datetime": {"datetime": "2021-08-25 14:02:47", "elapsed": 23.437089, "delta": 0.466961}}
{"target": -6.710566543116291, "params": {"alpha": 999.9843774147722}, "datetime": {"datetime": "2021-08-25 14:02:47", "elapsed": 23.898579, "delta": 0.46149}}
{"target": -6.710566543116291, "params": {"alpha": 115.48535426715813}, "datetime": {"datetime": "2021-08-25 14:02:48", "elapsed": 24.450545, "delta": 0.551966}}
{"target": -6.710566543116291, "params": {"alpha": 999.3830141300716}, "datetime": {"datetime": "2021-08-25 14:02:48", "elapsed": 24.902539, "delta": 0.451994}}
{"target": -6.710566543116291, "params": {"alpha": 105.68297929791231}, "datetime": {"datetime": "2021-08-25 14:02:49", "elapsed": 25.323584, "delta": 0.421045}}
{"target": -6.710566543116291, "params": {"alpha": 997.2880287139595}, "datetime": {"datetime": "2021-08-25 14:02:49", "elapsed": 25.710439, "delta": 0.386855}}
{"target": -6.710566543116291, "params": {"alpha": 127.1767505085258}, "datetime": {"datetime": "2021-08-25 14:02:49", "elapsed": 26.124406, "delta": 0.413967}}
{"target": -6.710566543116291, "params": {"alpha": 986.31319403542}, "datetime": {"datetime": "2021-08-25 14:02:50", "elapsed": 26.559763, "delta": 0.435357}}
{"target": -6.710566543116291, "params": {"alpha": 106.9569545728134}, "datetime": {"datetime": "2021-08-25 14:02:50", "elapsed": 27.000454, "delta": 0.440691}}
{"target": -6.710566543116291, "params": {"alpha": 113.74517718292915}, "datetime": {"datetime": "2021-08-25 14:02:51", "elapsed": 27.499454, "delta": 0.499}}
{"target": -6.710566543116291, "params": {"alpha": 105.73981819475777}, "datetime": {"datetime": "2021-08-25 14:02:51", "elapsed": 27.948399, "delta": 0.448945}}
{"target": -6.710566543116291, "params": {"alpha": 981.8810809364732}, "datetime": {"datetime": "2021-08-25 14:02:52", "elapsed": 28.398362, "delta": 0.449963}}
{"target": -6.710566543116291, "params": {"alpha": 990.5915719865894}, "datetime": {"datetime": "2021-08-25 14:02:52", "elapsed": 28.796402, "delta": 0.39804}}
{"target": -6.710566543116291, "params": {"alpha": 100.13453802309405}, "datetime": {"datetime": "2021-08-25 14:02:53", "elapsed": 29.26236, "delta": 0.465958}}
{"target": -6.710566543116291, "params": {"alpha": 999.4999468359393}, "datetime": {"datetime": "2021-08-25 14:02:53", "elapsed": 29.745639, "delta": 0.483279}}
{"target": -6.710566543116291, "params": {"alpha": 998.3472121775094}, "datetime": {"datetime": "2021-08-25 14:02:54", "elapsed": 30.197641, "delta": 0.452002}}
{"target": -6.710566543116291, "params": {"alpha": 111.18087218812202}, "datetime": {"datetime": "2021-08-25 14:02:54", "elapsed": 30.68064, "delta": 0.482999}}
{"target": -6.710566543116291, "params": {"alpha": 114.92560632505821}, "datetime": {"datetime": "2021-08-25 14:02:55", "elapsed": 31.180605, "delta": 0.499965}}
{"target": -6.710566543116291, "params": {"alpha": 978.1287679913023}, "datetime": {"datetime": "2021-08-25 14:02:55", "elapsed": 31.6965, "delta": 0.515895}}
{"target": -6.710566543116291, "params": {"alpha": 108.74559749121543}, "datetime": {"datetime": "2021-08-25 14:02:55", "elapsed": 32.102217, "delta": 0.405717}}
{"target": -6.710566543116291, "params": {"alpha": 997.0082680045934}, "datetime": {"datetime": "2021-08-25 14:02:56", "elapsed": 32.58022, "delta": 0.478003}}
{"target": -6.710566543116291, "params": {"alpha": 109.26458800176032}, "datetime": {"datetime": "2021-08-25 14:02:56", "elapsed": 33.065216, "delta": 0.484996}}
{"target": -6.710566543116291, "params": {"alpha": 997.1030326407592}, "datetime": {"datetime": "2021-08-25 14:02:57", "elapsed": 33.50519, "delta": 0.439974}}
{"target": -6.710566543116291, "params": {"alpha": 996.1974433067635}, "datetime": {"datetime": "2021-08-25 14:02:57", "elapsed": 33.988469, "delta": 0.483279}}
{"target": -6.710566543116291, "params": {"alpha": 997.0569534266344}, "datetime": {"datetime": "2021-08-25 14:02:58", "elapsed": 34.505435, "delta": 0.516966}}
{"target": -6.710566543116291, "params": {"alpha": 116.80046645170052}, "datetime": {"datetime": "2021-08-25 14:02:58", "elapsed": 34.982429, "delta": 0.476994}}
{"target": -6.710566543116291, "params": {"alpha": 122.8335036137613}, "datetime": {"datetime": "2021-08-25 14:02:59", "elapsed": 35.495436, "delta": 0.513007}}
{"target": -6.710566543116291, "params": {"alpha": 127.20522392787491}, "datetime": {"datetime": "2021-08-25 14:02:59", "elapsed": 35.972744, "delta": 0.477308}}
{"target": -6.710566543116291, "params": {"alpha": 994.7502525316579}, "datetime": {"datetime": "2021-08-25 14:03:00", "elapsed": 36.453371, "delta": 0.480627}}
{"target": -6.710566543116291, "params": {"alpha": 105.84595368094763}, "datetime": {"datetime": "2021-08-25 14:03:00", "elapsed": 36.928414, "delta": 0.475043}}
{"target": -6.710566543116291, "params": {"alpha": 993.0015918286464}, "datetime": {"datetime": "2021-08-25 14:03:01", "elapsed": 37.463105, "delta": 0.534691}}
{"target": -6.710566543116291, "params": {"alpha": 998.8669493251864}, "datetime": {"datetime": "2021-08-25 14:03:01", "elapsed": 37.919893, "delta": 0.456788}}
{"target": -6.710566543116291, "params": {"alpha": 107.2514623130392}, "datetime": {"datetime": "2021-08-25 14:03:02", "elapsed": 38.354896, "delta": 0.435003}}
{"target": -6.710566543116291, "params": {"alpha": 135.2046207554046}, "datetime": {"datetime": "2021-08-25 14:03:02", "elapsed": 38.966897, "delta": 0.612001}}
{"target": -6.710566543116291, "params": {"alpha": 113.9977635752568}, "datetime": {"datetime": "2021-08-25 14:03:03", "elapsed": 39.484936, "delta": 0.518039}}
{"target": -6.710566543116291, "params": {"alpha": 986.9620903165097}, "datetime": {"datetime": "2021-08-25 14:03:03", "elapsed": 40.080249, "delta": 0.595313}}
{"target": -6.710566543116291, "params": {"alpha": 119.98734352688568}, "datetime": {"datetime": "2021-08-25 14:03:04", "elapsed": 40.59829, "delta": 0.518041}}
{"target": -6.710566543116291, "params": {"alpha": 998.6774888392271}, "datetime": {"datetime": "2021-08-25 14:03:04", "elapsed": 41.053293, "delta": 0.455003}}
{"target": -6.710566543116291, "params": {"alpha": 999.3864679364082}, "datetime": {"datetime": "2021-08-25 14:03:05", "elapsed": 41.84096, "delta": 0.787667}}
{"target": -6.710566543116291, "params": {"alpha": 134.51160866307922}, "datetime": {"datetime": "2021-08-25 14:03:06", "elapsed": 42.61196, "delta": 0.771}}
{"target": -6.710566543116291, "params": {"alpha": 997.6968396100126}, "datetime": {"datetime": "2021-08-25 14:03:07", "elapsed": 43.312964, "delta": 0.701004}}
{"target": -6.710566543116291, "params": {"alpha": 103.380375542826}, "datetime": {"datetime": "2021-08-25 14:03:07", "elapsed": 44.081872, "delta": 0.768908}}
{"target": -6.710566543116291, "params": {"alpha": 991.0152092264273}, "datetime": {"datetime": "2021-08-25 14:03:08", "elapsed": 44.894873, "delta": 0.813001}}
{"target": -6.710566543116291, "params": {"alpha": 115.88338834092005}, "datetime": {"datetime": "2021-08-25 14:03:09", "elapsed": 45.698881, "delta": 0.804008}}
{"target": -6.710566543116291, "params": {"alpha": 983.4900455523766}, "datetime": {"datetime": "2021-08-25 14:03:10", "elapsed": 46.461822, "delta": 0.762941}}
{"target": -6.710566543116291, "params": {"alpha": 928.2836874605492}, "datetime": {"datetime": "2021-08-25 14:03:10", "elapsed": 47.119824, "delta": 0.658002}}
{"target": -6.710566543116291, "params": {"alpha": 102.06423624400439}, "datetime": {"datetime": "2021-08-25 14:03:11", "elapsed": 47.915067, "delta": 0.795243}}
{"target": -6.710566543116291, "params": {"alpha": 475.3198042323166}, "datetime": {"datetime": "2021-08-25 14:09:21", "elapsed": 0.0, "delta": 0.0}}
{"target": -6.710566543116291, "params": {"alpha": 748.2920440979423}, "datetime": {"datetime": "2021-08-25 14:09:21", "elapsed": 0.070046, "delta": 0.070046}}
{"target": -6.710566543116291, "params": {"alpha": 100.10293733561039}, "datetime": {"datetime": "2021-08-25 14:09:21", "elapsed": 0.137036, "delta": 0.06699}}
{"target": -6.710566543116291, "params": {"alpha": 372.09931536865577}, "datetime": {"datetime": "2021-08-25 14:09:21", "elapsed": 0.210001, "delta": 0.072965}}
{"target": -6.710566543116291, "params": {"alpha": 232.08030173540175}, "datetime": {"datetime": "2021-08-25 14:09:21", "elapsed": 0.275039, "delta": 0.065038}}
{"target": -6.710566543116291, "params": {"alpha": 999.8882088168361}, "datetime": {"datetime": "2021-08-25 14:09:21", "elapsed": 0.662341, "delta": 0.387302}}
{"target": -6.710566543116291, "params": {"alpha": 999.910086531595}, "datetime": {"datetime": "2021-08-25 14:09:22", "elapsed": 1.057344, "delta": 0.395003}}
{"target": -6.710566543116291, "params": {"alpha": 100.22463789483382}, "datetime": {"datetime": "2021-08-25 14:09:22", "elapsed": 1.382349, "delta": 0.325005}}
{"target": -6.710566543116291, "params": {"alpha": 999.8320870486485}, "datetime": {"datetime": "2021-08-25 14:09:22", "elapsed": 1.757349, "delta": 0.375}}
{"target": -6.710566543116291, "params": {"alpha": 100.00933244395853}, "datetime": {"datetime": "2021-08-25 14:09:23", "elapsed": 2.106351, "delta": 0.349002}}
{"target": -6.710566543116291, "params": {"alpha": 999.794272305335}, "datetime": {"datetime": "2021-08-25 14:09:23", "elapsed": 2.528345, "delta": 0.421994}}
{"target": -6.710566543116291, "params": {"alpha": 100.05920686271274}, "datetime": {"datetime": "2021-08-25 14:09:24", "elapsed": 3.007349, "delta": 0.479004}}
{"target": -6.710566543116291, "params": {"alpha": 999.9679350443201}, "datetime": {"datetime": "2021-08-25 14:09:24", "elapsed": 3.435388, "delta": 0.428039}}
{"target": -6.710566543116291, "params": {"alpha": 100.1363014125722}, "datetime": {"datetime": "2021-08-25 14:09:24", "elapsed": 3.846386, "delta": 0.410998}}
{"target": -6.710566543116291, "params": {"alpha": 999.5825734802733}, "datetime": {"datetime": "2021-08-25 14:09:25", "elapsed": 4.220028, "delta": 0.373642}}
{"target": -6.710566543116291, "params": {"alpha": 100.39688935532118}, "datetime": {"datetime": "2021-08-25 14:09:25", "elapsed": 4.635154, "delta": 0.415126}}
{"target": -6.710566543116291, "params": {"alpha": 998.8686776126635}, "datetime": {"datetime": "2021-08-25 14:09:26", "elapsed": 5.000197, "delta": 0.365043}}
{"target": -6.710566543116291, "params": {"alpha": 100.04943975298714}, "datetime": {"datetime": "2021-08-25 14:09:26", "elapsed": 5.424196, "delta": 0.423999}}
{"target": -6.710566543116291, "params": {"alpha": 999.5446374311003}, "datetime": {"datetime": "2021-08-25 14:09:26", "elapsed": 5.801195, "delta": 0.376999}}
{"target": -6.710566543116291, "params": {"alpha": 100.83463123913843}, "datetime": {"datetime": "2021-08-25 14:09:27", "elapsed": 6.289152, "delta": 0.487957}}
{"target": -6.710566543116291, "params": {"alpha": 999.4035638480667}, "datetime": {"datetime": "2021-08-25 14:09:27", "elapsed": 6.777788, "delta": 0.488636}}
{"target": -6.710566543116291, "params": {"alpha": 100.10948016323418}, "datetime": {"datetime": "2021-08-25 14:09:28", "elapsed": 7.255798, "delta": 0.47801}}
{"target": -6.710566543116291, "params": {"alpha": 999.7746015080028}, "datetime": {"datetime": "2021-08-25 14:09:28", "elapsed": 7.67283, "delta": 0.417032}}
{"target": -6.710566543116291, "params": {"alpha": 101.92153281545406}, "datetime": {"datetime": "2021-08-25 14:09:29", "elapsed": 8.169798, "delta": 0.496968}}
{"target": -6.710566543116291, "params": {"alpha": 998.7231317982049}, "datetime": {"datetime": "2021-08-25 14:09:29", "elapsed": 8.645647, "delta": 0.475849}}
{"target": -6.710566543116291, "params": {"alpha": 100.45841466211225}, "datetime": {"datetime": "2021-08-25 14:09:30", "elapsed": 9.2043, "delta": 0.558653}}
{"target": -6.710566543116291, "params": {"alpha": 998.755653377089}, "datetime": {"datetime": "2021-08-25 14:09:30", "elapsed": 9.6503, "delta": 0.446}}
{"target": -6.710566543116291, "params": {"alpha": 100.27368322465074}, "datetime": {"datetime": "2021-08-25 14:09:31", "elapsed": 10.03734, "delta": 0.38704}}
{"target": -6.710566543116291, "params": {"alpha": 998.69567611872}, "datetime": {"datetime": "2021-08-25 14:09:31", "elapsed": 10.473545, "delta": 0.436205}}
{"target": -6.710566543116291, "params": {"alpha": 100.50288927046566}, "datetime": {"datetime": "2021-08-25 14:09:31", "elapsed": 10.827571, "delta": 0.354026}}
{"target": -6.710566543116291, "params": {"alpha": 999.9100117583604}, "datetime": {"datetime": "2021-08-25 14:09:32", "elapsed": 11.508539, "delta": 0.680968}}
{"target": -6.710566543116291, "params": {"alpha": 102.35326420584583}, "datetime": {"datetime": "2021-08-25 14:09:32", "elapsed": 11.899537, "delta": 0.390998}}
{"target": -6.710566543116291, "params": {"alpha": 999.9354859937545}, "datetime": {"datetime": "2021-08-25 14:09:33", "elapsed": 12.301546, "delta": 0.402009}}
{"target": -6.710566543116291, "params": {"alpha": 102.1801267909814}, "datetime": {"datetime": "2021-08-25 14:09:33", "elapsed": 12.807726, "delta": 0.50618}}
{"target": -6.710566543116291, "params": {"alpha": 998.2715607297762}, "datetime": {"datetime": "2021-08-25 14:09:34", "elapsed": 13.395726, "delta": 0.588}}
{"target": -6.710566543116291, "params": {"alpha": 100.23924209560543}, "datetime": {"datetime": "2021-08-25 14:09:34", "elapsed": 13.907725, "delta": 0.511999}}
{"target": -6.710566543116291, "params": {"alpha": 997.397005371197}, "datetime": {"datetime": "2021-08-25 14:09:35", "elapsed": 14.467457, "delta": 0.559732}}
{"target": -6.710566543116291, "params": {"alpha": 100.83871034765319}, "datetime": {"datetime": "2021-08-25 14:09:35", "elapsed": 14.953987, "delta": 0.48653}}
{"target": -6.710566543116291, "params": {"alpha": 997.9959749640079}, "datetime": {"datetime": "2021-08-25 14:09:36", "elapsed": 15.518998, "delta": 0.565011}}
{"target": -6.710566543116291, "params": {"alpha": 107.21411462934512}, "datetime": {"datetime": "2021-08-25 14:09:37", "elapsed": 16.030037, "delta": 0.511039}}
{"target": -6.710566543116291, "params": {"alpha": 997.7694308428863}, "datetime": {"datetime": "2021-08-25 14:09:37", "elapsed": 16.639658, "delta": 0.609621}}
{"target": -6.710566543116291, "params": {"alpha": 102.25794305490986}, "datetime": {"datetime": "2021-08-25 14:09:38", "elapsed": 17.081658, "delta": 0.442}}
{"target": -6.710566543116291, "params": {"alpha": 996.2339436457261}, "datetime": {"datetime": "2021-08-25 14:09:38", "elapsed": 17.627654, "delta": 0.545996}}
{"target": -6.710566543116291, "params": {"alpha": 990.5624970784568}, "datetime": {"datetime": "2021-08-25 14:09:39", "elapsed": 18.204655, "delta": 0.577001}}
{"target": -6.710566543116291, "params": {"alpha": 102.6396556056046}, "datetime": {"datetime": "2021-08-25 14:09:39", "elapsed": 18.732991, "delta": 0.528336}}
{"target": -6.710566543116291, "params": {"alpha": 102.07705114334517}, "datetime": {"datetime": "2021-08-25 14:09:40", "elapsed": 19.373798, "delta": 0.640807}}
{"target": -6.710566543116291, "params": {"alpha": 999.6574695105169}, "datetime": {"datetime": "2021-08-25 14:09:40", "elapsed": 19.777799, "delta": 0.404001}}
{"target": -6.710566543116291, "params": {"alpha": 100.41447881475136}, "datetime": {"datetime": "2021-08-25 14:09:41", "elapsed": 20.235796, "delta": 0.457997}}
{"target": -6.710566543116291, "params": {"alpha": 991.2966456692624}, "datetime": {"datetime": "2021-08-25 14:09:41", "elapsed": 20.823528, "delta": 0.587732}}
{"target": -6.710566543116291, "params": {"alpha": 999.4659681057364}, "datetime": {"datetime": "2021-08-25 14:09:42", "elapsed": 21.371533, "delta": 0.548005}}
{"target": -6.710566543116291, "params": {"alpha": 108.35919811271543}, "datetime": {"datetime": "2021-08-25 14:09:42", "elapsed": 21.853525, "delta": 0.481992}}
{"target": -6.710566543116291, "params": {"alpha": 101.02979162883832}, "datetime": {"datetime": "2021-08-25 14:09:43", "elapsed": 22.325529, "delta": 0.472004}}
{"target": -6.710566543116291, "params": {"alpha": 994.3553410857685}, "datetime": {"datetime": "2021-08-25 14:09:43", "elapsed": 22.76793, "delta": 0.442401}}
{"target": -6.710566543116291, "params": {"alpha": 107.24321545131478}, "datetime": {"datetime": "2021-08-25 14:09:44", "elapsed": 23.273969, "delta": 0.506039}}
{"target": -6.710566543116291, "params": {"alpha": 994.0190158890789}, "datetime": {"datetime": "2021-08-25 14:09:44", "elapsed": 23.765802, "delta": 0.491833}}
