{"target": -6.710566543116291, "params": {"alpha": 41.70803025021037}, "datetime": {"datetime": "2021-08-25 13:59:04", "elapsed": 0.0, "delta": 0.0}}
{"target": -6.710566543116291, "params": {"alpha": 72.0352460992814}, "datetime": {"datetime": "2021-08-25 13:59:04", "elapsed": 0.074003, "delta": 0.074003}}
{"target": -6.710566543116291, "params": {"alpha": 0.021436337986315217}, "datetime": {"datetime": "2021-08-25 13:59:04", "elapsed": 0.144998, "delta": 0.070995}}
{"target": -6.710566543116291, "params": {"alpha": 30.24023393745766}, "datetime": {"datetime": "2021-08-25 13:59:04", "elapsed": 0.21401, "delta": 0.069012}}
{"target": -6.710566543116291, "params": {"alpha": 14.684121522803132}, "datetime": {"datetime": "2021-08-25 13:59:05", "elapsed": 0.291039, "delta": 0.077029}}
{"target": -6.710566543116291, "params": {"alpha": 99.9875799995505}, "datetime": {"datetime": "2021-08-25 13:59:05", "elapsed": 0.679411, "delta": 0.388372}}
{"target": -6.710566543116291, "params": {"alpha": 99.98342391856711}, "datetime": {"datetime": "2021-08-25 13:59:05", "elapsed": 1.195371, "delta": 0.51596}}
{"target": -6.710566543116291, "params": {"alpha": 0.024185139972263642}, "datetime": {"datetime": "2021-08-25 13:59:06", "elapsed": 1.557408, "delta": 0.362037}}
{"target": -6.710566543116291, "params": {"alpha": 99.99902854286887}, "datetime": {"datetime": "2021-08-25 13:59:06", "elapsed": 1.991183, "delta": 0.433775}}
{"target": -6.710566543116291, "params": {"alpha": 0.015172369200630788}, "datetime": {"datetime": "2021-08-25 13:59:07", "elapsed": 2.383216, "delta": 0.392033}}
{"target": -6.710566543116291, "params": {"alpha": 99.95232267559385}, "datetime": {"datetime": "2021-08-25 13:59:07", "elapsed": 2.787184, "delta": 0.403968}}
{"target": -6.710566543116291, "params": {"alpha": 0.016577882447386106}, "datetime": {"datetime": "2021-08-25 13:59:08", "elapsed": 3.284174, "delta": 0.49699}}
{"target": -6.710566543116291, "params": {"alpha": 99.97549764050389}, "datetime": {"datetime": "2021-08-25 13:59:08", "elapsed": 3.696591, "delta": 0.412417}}
{"target": -6.710566543116291, "params": {"alpha": 0.02514308693677063}, "datetime": {"datetime": "2021-08-25 13:59:08", "elapsed": 4.119715, "delta": 0.423124}}
{"target": -6.710566543116291, "params": {"alpha": 99.91171563050509}, "datetime": {"datetime": "2021-08-25 13:59:09", "elapsed": 4.585718, "delta": 0.466003}}
{"target": -6.710566543116291, "params": {"alpha": 0.027413644748694024}, "datetime": {"datetime": "2021-08-25 13:59:09", "elapsed": 4.985725, "delta": 0.400007}}
{"target": -6.710566543116291, "params": {"alpha": 99.90771220424313}, "datetime": {"datetime": "2021-08-25 13:59:10", "elapsed": 5.475751, "delta": 0.490026}}
{"target": -6.710566543116291, "params": {"alpha": 0.02417382389692397}, "datetime": {"datetime": "2021-08-25 13:59:10", "elapsed": 5.964279, "delta": 0.488528}}
{"target": -6.710566543116291, "params": {"alpha": 99.94940921859525}, "datetime": {"datetime": "2021-08-25 13:59:11", "elapsed": 6.517255, "delta": 0.552976}}
{"target": -6.710566543116291, "params": {"alpha": 0.023893132439288513}, "datetime": {"datetime": "2021-08-25 13:59:11", "elapsed": 7.029247, "delta": 0.511992}}
{"target": -6.710566543116291, "params": {"alpha": 99.90456417805304}, "datetime": {"datetime": "2021-08-25 13:59:12", "elapsed": 7.619247, "delta": 0.59}}
{"target": -6.710566543116291, "params": {"alpha": 0.05973221649125398}, "datetime": {"datetime": "2021-08-25 13:59:12", "elapsed": 8.152457, "delta": 0.53321}}
{"target": -6.710566543116291, "params": {"alpha": 99.80112583848029}, "datetime": {"datetime": "2021-08-25 13:59:13", "elapsed": 8.924456, "delta": 0.771999}}
{"target": -6.710566543116291, "params": {"alpha": 0.20524533529756098}, "datetime": {"datetime": "2021-08-25 13:59:14", "elapsed": 9.696452, "delta": 0.771996}}
{"target": -6.710566543116291, "params": {"alpha": 99.80186759627243}, "datetime": {"datetime": "2021-08-25 13:59:14", "elapsed": 10.101788, "delta": 0.405336}}
{"target": -6.710566543116291, "params": {"alpha": 0.03154426503156752}, "datetime": {"datetime": "2021-08-25 13:59:15", "elapsed": 10.653483, "delta": 0.551695}}
{"target": -6.710566543116291, "params": {"alpha": 99.99947075508523}, "datetime": {"datetime": "2021-08-25 13:59:15", "elapsed": 11.041527, "delta": 0.388044}}
{"target": -6.710566543116291, "params": {"alpha": 0.31852923775502195}, "datetime": {"datetime": "2021-08-25 13:59:16", "elapsed": 11.55048, "delta": 0.508953}}
{"target": -6.710566543116291, "params": {"alpha": 99.8550896167898}, "datetime": {"datetime": "2021-08-25 13:59:16", "elapsed": 11.967133, "delta": 0.416653}}
{"target": -6.710566543116291, "params": {"alpha": 0.015745689865474533}, "datetime": {"datetime": "2021-08-25 13:59:17", "elapsed": 12.490133, "delta": 0.523}}
{"target": -6.710566543116291, "params": {"alpha": 99.99000230635384}, "datetime": {"datetime": "2021-08-25 13:59:17", "elapsed": 13.102143, "delta": 0.61201}}
{"target": -6.710566543116291, "params": {"alpha": 0.4832557641991528}, "datetime": {"datetime": "2021-08-25 13:59:18", "elapsed": 13.651134, "delta": 0.548991}}
{"target": -6.710566543116291, "params": {"alpha": 99.86846598553436}, "datetime": {"datetime": "2021-08-25 13:59:18", "elapsed": 14.090925, "delta": 0.439791}}
{"target": -6.710566543116291, "params": {"alpha": 0.2956689984596592}, "datetime": {"datetime": "2021-08-25 13:59:19", "elapsed": 14.663915, "delta": 0.57299}}
{"target": -6.710566543116291, "params": {"alpha": 99.77675485195375}, "datetime": {"datetime": "2021-08-25 13:59:20", "elapsed": 15.441917, "delta": 0.778002}}
{"target": -6.710566543116291, "params": {"alpha": 0.11903549223525804}, "datetime": {"datetime": "2021-08-25 13:59:20", "elapsed": 16.006039, "delta": 0.564122}}
{"target": -6.710566543116291, "params": {"alpha": 99.84858182358086}, "datetime": {"datetime": "2021-08-25 13:59:21", "elapsed": 16.595034, "delta": 0.588995}}
{"target": -6.710566543116291, "params": {"alpha": 0.7285628616433959}, "datetime": {"datetime": "2021-08-25 13:59:21", "elapsed": 17.209039, "delta": 0.614005}}
{"target": -6.710566543116291, "params": {"alpha": 99.90215927205911}, "datetime": {"datetime": "2021-08-25 13:59:22", "elapsed": 17.69803, "delta": 0.488991}}
{"target": -6.710566543116291, "params": {"alpha": 99.73694670687865}, "datetime": {"datetime": "2021-08-25 13:59:22", "elapsed": 18.206239, "delta": 0.508209}}
{"target": -6.710566543116291, "params": {"alpha": 0.35966689544613784}, "datetime": {"datetime": "2021-08-25 13:59:23", "elapsed": 18.750229, "delta": 0.54399}}
{"target": -6.710566543116291, "params": {"alpha": 0.5884974321026695}, "datetime": {"datetime": "2021-08-25 13:59:24", "elapsed": 19.403235, "delta": 0.653006}}
{"target": -6.710566543116291, "params": {"alpha": 99.25483540467273}, "datetime": {"datetime": "2021-08-25 13:59:24", "elapsed": 19.885906, "delta": 0.482671}}
{"target": -6.710566543116291, "params": {"alpha": 0.1591167544216392}, "datetime": {"datetime": "2021-08-25 13:59:25", "elapsed": 20.361191, "delta": 0.475285}}
{"target": -6.710566543116291, "params": {"alpha": 99.85582538883197}, "datetime": {"datetime": "2021-08-25 13:59:25", "elapsed": 20.912884, "delta": 0.551693}}
{"target": -6.710566543116291, "params": {"alpha": 0.34425085098671243}, "datetime": {"datetime": "2021-08-25 13:59:26", "elapsed": 21.387846, "delta": 0.474962}}
{"target": -6.710566543116291, "params": {"alpha": 99.67407276146241}, "datetime": {"datetime": "2021-08-25 13:59:26", "elapsed": 21.880088, "delta": 0.492242}}
{"target": -6.710566543116291, "params": {"alpha": 99.95906569462875}, "datetime": {"datetime": "2021-08-25 13:59:27", "elapsed": 22.39209, "delta": 0.512002}}
{"target": -6.710566543116291, "params": {"alpha": 0.1568948286071016}, "datetime": {"datetime": "2021-08-25 13:59:27", "elapsed": 22.948124, "delta": 0.556034}}
{"target": -6.710566543116291, "params": {"alpha": 99.78494281775433}, "datetime": {"datetime": "2021-08-25 13:59:28", "elapsed": 23.439088, "delta": 0.490964}}
{"target": -6.710566543116291, "params": {"alpha": 0.20567192781665816}, "datetime": {"datetime": "2021-08-25 13:59:28", "elapsed": 23.913813, "delta": 0.474725}}
{"target": -6.710566543116291, "params": {"alpha": 99.32935290870958}, "datetime": {"datetime": "2021-08-25 13:59:29", "elapsed": 24.427492, "delta": 0.513679}}
{"target": -6.710566543116291, "params": {"alpha": 0.424761320531006}, "datetime": {"datetime": "2021-08-25 13:59:29", "elapsed": 25.013505, "delta": 0.586013}}
{"target": -6.710566543116291, "params": {"alpha": 99.5130319449401}, "datetime": {"datetime": "2021-08-25 13:59:30", "elapsed": 25.720059, "delta": 0.706554}}
{"target": -6.710566543116291, "params": {"alpha": 0.22408146528585024}, "datetime": {"datetime": "2021-08-25 13:59:31", "elapsed": 26.391321, "delta": 0.671262}}
{"target": -6.710566543116291, "params": {"alpha": 1.1712111139297212}, "datetime": {"datetime": "2021-08-25 13:59:31", "elapsed": 27.045327, "delta": 0.654006}}
{"target": -6.710566543116291, "params": {"alpha": 99.86890403425127}, "datetime": {"datetime": "2021-08-25 13:59:32", "elapsed": 27.497286, "delta": 0.451959}}
{"target": -6.710566543116291, "params": {"alpha": 0.3535260722014695}, "datetime": {"datetime": "2021-08-25 13:59:32", "elapsed": 28.01651, "delta": 0.519224}}
{"target": -6.710566543116291, "params": {"alpha": 0.06789725115197429}, "datetime": {"datetime": "2021-08-25 13:59:33", "elapsed": 28.609511, "delta": 0.593001}}
{"target": -6.710566543116291, "params": {"alpha": 99.99035531099565}, "datetime": {"datetime": "2021-08-25 13:59:33", "elapsed": 29.121549, "delta": 0.512038}}
{"target": -6.710566543116291, "params": {"alpha": 99.21987569922081}, "datetime": {"datetime": "2021-08-25 13:59:34", "elapsed": 29.577549, "delta": 0.456}}
{"target": -6.710566543116291, "params": {"alpha": 99.56673259874304}, "datetime": {"datetime": "2021-08-25 13:59:34", "elapsed": 30.131062, "delta": 0.553513}}
{"target": -6.710566543116291, "params": {"alpha": 0.390618650551793}, "datetime": {"datetime": "2021-08-25 13:59:35", "elapsed": 30.489648, "delta": 0.358586}}
{"target": -6.710566543116291, "params": {"alpha": 0.1984990384610145}, "datetime": {"datetime": "2021-08-25 13:59:35", "elapsed": 31.005695, "delta": 0.516047}}
{"target": -6.710566543116291, "params": {"alpha": 0.2437920236587248}, "datetime": {"datetime": "2021-08-25 13:59:36", "elapsed": 31.524474, "delta": 0.518779}}
{"target": -6.710566543116291, "params": {"alpha": 97.67714684594556}, "datetime": {"datetime": "2021-08-25 13:59:37", "elapsed": 32.432225, "delta": 0.907751}}
{"target": -6.710566543116291, "params": {"alpha": 99.60656595248382}, "datetime": {"datetime": "2021-08-25 13:59:37", "elapsed": 33.113267, "delta": 0.681042}}
{"target": -6.710566543116291, "params": {"alpha": 99.52324197980873}, "datetime": {"datetime": "2021-08-25 13:59:38", "elapsed": 33.796223, "delta": 0.682956}}
{"target": -6.710566543116291, "params": {"alpha": 0.037185817378180434}, "datetime": {"datetime": "2021-08-25 13:59:39", "elapsed": 34.538534, "delta": 0.742311}}
{"target": -6.710566543116291, "params": {"alpha": 98.67071190662746}, "datetime": {"datetime": "2021-08-25 13:59:40", "elapsed": 35.340541, "delta": 0.802007}}
{"target": -6.710566543116291, "params": {"alpha": 0.9783493318164023}, "datetime": {"datetime": "2021-08-25 13:59:40", "elapsed": 36.00818, "delta": 0.667639}}
{"target": -6.710566543116291, "params": {"alpha": 99.88330476351938}, "datetime": {"datetime": "2021-08-25 13:59:41", "elapsed": 36.768142, "delta": 0.759962}}
{"target": -6.710566543116291, "params": {"alpha": 1.4214691976927258}, "datetime": {"datetime": "2021-08-25 13:59:42", "elapsed": 37.384146, "delta": 0.616004}}
{"target": -6.710566543116291, "params": {"alpha": 99.81535665958351}, "datetime": {"datetime": "2021-08-25 13:59:42", "elapsed": 37.958824, "delta": 0.574678}}
{"target": -6.710566543116291, "params": {"alpha": 2.483086441645787}, "datetime": {"datetime": "2021-08-25 13:59:43", "elapsed": 38.469857, "delta": 0.511033}}
{"target": -6.710566543116291, "params": {"alpha": 3.052651891443911}, "datetime": {"datetime": "2021-08-25 13:59:43", "elapsed": 39.036827, "delta": 0.56697}}
{"target": -6.710566543116291, "params": {"alpha": 97.32276948190987}, "datetime": {"datetime": "2021-08-25 13:59:44", "elapsed": 39.52082, "delta": 0.483993}}
{"target": -6.710566543116291, "params": {"alpha": 0.5777356715038635}, "datetime": {"datetime": "2021-08-25 13:59:44", "elapsed": 40.140109, "delta": 0.619289}}
{"target": -6.710566543116291, "params": {"alpha": 99.7414279379222}, "datetime": {"datetime": "2021-08-25 13:59:45", "elapsed": 40.77181, "delta": 0.631701}}
{"target": -6.710566543116291, "params": {"alpha": 99.23374975368195}, "datetime": {"datetime": "2021-08-25 13:59:46", "elapsed": 41.356799, "delta": 0.584989}}
{"target": -6.710566543116291, "params": {"alpha": 0.7446894674042603}, "datetime": {"datetime": "2021-08-25 13:59:46", "elapsed": 42.055022, "delta": 0.698223}}
{"target": -6.710566543116291, "params": {"alpha": 0.5979368807274205}, "datetime": {"datetime": "2021-08-25 13:59:47", "elapsed": 42.775022, "delta": 0.72}}
{"target": -6.710566543116291, "params": {"alpha": 99.93422311515353}, "datetime": {"datetime": "2021-08-25 13:59:48", "elapsed": 43.446055, "delta": 0.671033}}
{"target": -6.710566543116291, "params": {"alpha": 1.3181124910767563}, "datetime": {"datetime": "2021-08-25 13:59:48", "elapsed": 44.225634, "delta": 0.779579}}
{"target": -6.710566543116291, "params": {"alpha": 0.08460461495950757}, "datetime": {"datetime": "2021-08-25 13:59:49", "elapsed": 45.107597, "delta": 0.881963}}
{"target": -6.710566543116291, "params": {"alpha": 99.7777568608653}, "datetime": {"datetime": "2021-08-25 13:59:50", "elapsed": 45.780971, "delta": 0.673374}}
{"target": -6.710566543116291, "params": {"alpha": 99.85232680180005}, "datetime": {"datetime": "2021-08-25 13:59:51", "elapsed": 46.37829, "delta": 0.597319}}
{"target": -6.710566543116291, "params": {"alpha": 1.7137522310719528}, "datetime": {"datetime": "2021-08-25 13:59:51", "elapsed": 47.163291, "delta": 0.785001}}
{"target": -6.710566543116291, "params": {"alpha": 0.030900808414163428}, "datetime": {"datetime": "2021-08-25 13:59:52", "elapsed": 47.67629, "delta": 0.512999}}
{"target": -6.710566543116291, "params": {"alpha": 97.44338232968852}, "datetime": {"datetime": "2021-08-25 13:59:53", "elapsed": 48.341665, "delta": 0.665375}}
{"target": -6.710566543116291, "params": {"alpha": 99.8245352986044}, "datetime": {"datetime": "2021-08-25 13:59:53", "elapsed": 49.096661, "delta": 0.754996}}
{"target": -6.710566543116291, "params": {"alpha": 3.1277387108225834}, "datetime": {"datetime": "2021-08-25 13:59:54", "elapsed": 49.674666, "delta": 0.578005}}
{"target": -6.710566543116291, "params": {"alpha": 1.8693333582134717}, "datetime": {"datetime": "2021-08-25 13:59:55", "elapsed": 50.465329, "delta": 0.790663}}
{"target": -6.710566543116291, "params": {"alpha": 96.43613269066067}, "datetime": {"datetime": "2021-08-25 13:59:55", "elapsed": 51.20299, "delta": 0.737661}}
{"target": -6.710566543116291, "params": {"alpha": 99.09862883976616}, "datetime": {"datetime": "2021-08-25 13:59:56", "elapsed": 51.940835, "delta": 0.737845}}
{"target": -6.710566543116291, "params": {"alpha": 1.8256264477812953}, "datetime": {"datetime": "2021-08-25 13:59:57", "elapsed": 52.524798, "delta": 0.583963}}
{"target": -6.710566543116291, "params": {"alpha": 98.19268265103737}, "datetime": {"datetime": "2021-08-25 13:59:58", "elapsed": 53.60166, "delta": 1.076862}}
{"target": -6.710566543116291, "params": {"alpha": 3.637877950409486}, "datetime": {"datetime": "2021-08-25 13:59:59", "elapsed": 54.656343, "delta": 1.054683}}
{"target": -6.710566543116291, "params": {"alpha": 99.7764833956277}, "datetime": {"datetime": "2021-08-25 14:00:00", "elapsed": 55.605176, "delta": 0.948833}}
{"target": -6.710566543116291, "params": {"alpha": 97.36713950138292}, "datetime": {"datetime": "2021-08-25 14:00:01", "elapsed": 56.479898, "delta": 0.874722}}
{"target": -6.710566543116291, "params": {"alpha": 2.5352974920417717}, "datetime": {"datetime": "2021-08-25 14:00:02", "elapsed": 57.334856, "delta": 0.854958}}
{"target": -6.710566543116291, "params": {"alpha": 3.22795899741768}, "datetime": {"datetime": "2021-08-25 14:00:02", "elapsed": 58.177054, "delta": 0.842198}}
{"target": -6.710566543116291, "params": {"alpha": 2.9195720803502487}, "datetime": {"datetime": "2021-08-25 14:00:03", "elapsed": 59.173062, "delta": 0.996008}}
{"target": -6.710566543116291, "params": {"alpha": 99.75869348223442}, "datetime": {"datetime": "2021-08-25 14:00:04", "elapsed": 59.976436, "delta": 0.803374}}
{"target": -6.710566543116291, "params": {"alpha": 99.8532744232743}, "datetime": {"datetime": "2021-08-25 14:00:05", "elapsed": 60.991024, "delta": 1.014588}}
{"target": -6.710566543116291, "params": {"alpha": 475.3198042323166}, "datetime": {"datetime": "2021-08-25 14:02:23", "elapsed": 0.0, "delta": 0.0}}
{"target": -6.710566543116291, "params": {"alpha": 748.2920440979423}, "datetime": {"datetime": "2021-08-25 14:02:23", "elapsed": 0.070005, "delta": 0.070005}}
{"target": -6.710566543116291, "params": {"alpha": 100.10293733561039}, "datetime": {"datetime": "2021-08-25 14:02:23", "elapsed": 0.134004, "delta": 0.063999}}
{"target": -6.710566543116291, "params": {"alpha": 372.09931536865577}, "datetime": {"datetime": "2021-08-25 14:02:24", "elapsed": 0.197004, "delta": 0.063}}
{"target": -6.710566543116291, "params": {"alpha": 232.08030173540175}, "datetime": {"datetime": "2021-08-25 14:02:24", "elapsed": 0.261004, "delta": 0.064}}
{"target": -6.710566543116291, "params": {"alpha": 999.8882088168361}, "datetime": {"datetime": "2021-08-25 14:02:24", "elapsed": 0.644001, "delta": 0.382997}}
{"target": -6.710566543116291, "params": {"alpha": 999.910086531595}, "datetime": {"datetime": "2021-08-25 14:02:24", "elapsed": 1.050011, "delta": 0.40601}}
{"target": -6.710566543116291, "params": {"alpha": 100.22463789483382}, "datetime": {"datetime": "2021-08-25 14:02:25", "elapsed": 1.364045, "delta": 0.314034}}
{"target": -6.710566543116291, "params": {"alpha": 999.8320870486485}, "datetime": {"datetime": "2021-08-25 14:02:25", "elapsed": 1.760095, "delta": 0.39605}}
{"target": -6.710566543116291, "params": {"alpha": 100.00933244395853}, "datetime": {"datetime": "2021-08-25 14:02:25", "elapsed": 2.128096, "delta": 0.368001}}
{"target": -6.710566543116291, "params": {"alpha": 999.794272305335}, "datetime": {"datetime": "2021-08-25 14:02:26", "elapsed": 2.545143, "delta": 0.417047}}
{"target": -6.710566543116291, "params": {"alpha": 100.05920686271274}, "datetime": {"datetime": "2021-08-25 14:02:26", "elapsed": 3.043137, "delta": 0.497994}}
{"target": -6.710566543116291, "params": {"alpha": 999.9679350443201}, "datetime": {"datetime": "2021-08-25 14:02:27", "elapsed": 3.451137, "delta": 0.408}}
{"target": -6.710566543116291, "params": {"alpha": 100.1363014125722}, "datetime": {"datetime": "2021-08-25 14:02:27", "elapsed": 3.873687, "delta": 0.42255}}
{"target": -6.710566543116291, "params": {"alpha": 999.5825734802733}, "datetime": {"datetime": "2021-08-25 14:02:28", "elapsed": 4.234698, "delta": 0.361011}}
{"target": -6.710566543116291, "params": {"alpha": 100.39688935532118}, "datetime": {"datetime": "2021-08-25 14:02:28", "elapsed": 4.643689, "delta": 0.408991}}
{"target": -6.710566543116291, "params": {"alpha": 998.8686776126635}, "datetime": {"datetime": "2021-08-25 14:02:28", "elapsed": 5.007736, "delta": 0.364047}}
{"target": -6.710566543116291, "params": {"alpha": 100.04943975298714}, "datetime": {"datetime": "2021-08-25 14:02:29", "elapsed": 5.411691, "delta": 0.403955}}
{"target": -6.710566543116291, "params": {"alpha": 999.5446374311003}, "datetime": {"datetime": "2021-08-25 14:02:29", "elapsed": 5.789733, "delta": 0.378042}}
{"target": -6.710566543116291, "params": {"alpha": 100.83463123913843}, "datetime": {"datetime": "2021-08-25 14:02:30", "elapsed": 6.213688, "delta": 0.423955}}
{"target": -6.710566543116291, "params": {"alpha": 999.4035638480667}, "datetime": {"datetime": "2021-08-25 14:02:30", "elapsed": 6.6149, "delta": 0.401212}}
{"target": -6.710566543116291, "params": {"alpha": 100.10948016323418}, "datetime": {"datetime": "2021-08-25 14:02:30", "elapsed": 7.022901, "delta": 0.408001}}
{"target": -6.710566543116291, "params": {"alpha": 999.7746015080028}, "datetime": {"datetime": "2021-08-25 14:02:31", "elapsed": 7.395933, "delta": 0.373032}}
{"target": -6.710566543116291, "params": {"alpha": 101.92153281545406}, "datetime": {"datetime": "2021-08-25 14:02:31", "elapsed": 7.867251, "delta": 0.471318}}
{"target": -6.710566543116291, "params": {"alpha": 998.7231317982049}, "datetime": {"datetime": "2021-08-25 14:02:32", "elapsed": 8.271249, "delta": 0.403998}}
{"target": -6.710566543116291, "params": {"alpha": 100.45841466211225}, "datetime": {"datetime": "2021-08-25 14:02:32", "elapsed": 8.714207, "delta": 0.442958}}
{"target": -6.710566543116291, "params": {"alpha": 998.755653377089}, "datetime": {"datetime": "2021-08-25 14:02:32", "elapsed": 9.154207, "delta": 0.44}}
{"target": -6.710566543116291, "params": {"alpha": 100.27368322465074}, "datetime": {"datetime": "2021-08-25 14:02:33", "elapsed": 9.542206, "delta": 0.387999}}
{"target": -6.710566543116291, "params": {"alpha": 998.69567611872}, "datetime": {"datetime": "2021-08-25 14:02:33", "elapsed": 9.999921, "delta": 0.457715}}
{"target": -6.710566543116291, "params": {"alpha": 100.50288927046566}, "datetime": {"datetime": "2021-08-25 14:02:34", "elapsed": 10.356881, "delta": 0.35696}}
{"target": -6.710566543116291, "params": {"alpha": 999.9100117583604}, "datetime": {"datetime": "2021-08-25 14:02:34", "elapsed": 10.834876, "delta": 0.477995}}
