{"target": -6.698901456532312, "params": {"alpha": 72.0352460992814}, "datetime": {"datetime": "2021-08-25 12:32:36", "elapsed": 17.935094, "delta": 17.935094}}
{"target": -3.728552601027012, "params": {"alpha": 0.021436337986315217}, "datetime": {"datetime": "2021-08-25 12:32:36", "elapsed": 18.012052, "delta": 0.076958}}
{"target": -6.682897777159011, "params": {"alpha": 30.24023393745766}, "datetime": {"datetime": "2021-08-25 12:32:36", "elapsed": 18.092046, "delta": 0.079994}}
{"target": -6.65402646864508, "params": {"alpha": 14.684121522803132}, "datetime": {"datetime": "2021-08-25 12:32:36", "elapsed": 18.164055, "delta": 0.072009}}
{"target": -6.621529327242041, "params": {"alpha": 9.24293609093209}, "datetime": {"datetime": "2021-08-25 12:32:36", "elapsed": 18.234048, "delta": 0.069993}}
{"target": -6.665869369002582, "params": {"alpha": 18.634158535653313}, "datetime": {"datetime": "2021-08-25 12:32:36", "elapsed": 18.30209, "delta": 0.068042}}
{"target": -6.686335724474872, "params": {"alpha": 34.56261709703434}, "datetime": {"datetime": "2021-08-25 12:32:36", "elapsed": 18.364049, "delta": 0.061959}}
{"target": -6.6894446015758735, "params": {"alpha": 39.682779748324684}, "datetime": {"datetime": "2021-08-25 12:32:36", "elapsed": 18.429091, "delta": 0.065042}}
{"target": -6.694988920419958, "params": {"alpha": 53.886285232995654}, "datetime": {"datetime": "2021-08-25 12:32:36", "elapsed": 18.505049, "delta": 0.075958}}
{"target": -6.0829061276384015, "params": {"alpha": 1.120222303658587}, "datetime": {"datetime": "2021-08-25 12:32:36", "elapsed": 18.653092, "delta": 0.148043}}
{"target": -5.206038617105701, "params": {"alpha": 0.33509496245921166}, "datetime": {"datetime": "2021-08-25 12:32:37", "elapsed": 18.832051, "delta": 0.178959}}
{"target": -6.702010121545161, "params": {"alpha": 98.28809523747853}, "datetime": {"datetime": "2021-08-25 12:32:37", "elapsed": 18.94422, "delta": 0.112169}}
{"target": -4.872986323097083, "params": {"alpha": 0.2268614755000687}, "datetime": {"datetime": "2021-08-25 12:32:37", "elapsed": 19.071229, "delta": 0.127009}}
{"target": -6.3407117019121095, "params": {"alpha": 2.055691949020562}, "datetime": {"datetime": "2021-08-25 12:32:37", "elapsed": 19.20126, "delta": 0.130031}}
{"target": -6.69426052780832, "params": {"alpha": 51.46916104266025}, "datetime": {"datetime": "2021-08-25 12:32:37", "elapsed": 19.317227, "delta": 0.115967}}
{"target": -3.653867291964461, "params": {"alpha": 0.012296874100829611}, "datetime": {"datetime": "2021-08-25 12:32:37", "elapsed": 19.570218, "delta": 0.252991}}
{"target": -6.701055237817359, "params": {"alpha": 88.39799078149103}, "datetime": {"datetime": "2021-08-25 12:32:38", "elapsed": 19.749218, "delta": 0.179}}
{"target": -6.6969896236449085, "params": {"alpha": 61.86003795613519}, "datetime": {"datetime": "2021-08-25 12:32:38", "elapsed": 20.031221, "delta": 0.282003}}
{"target": -6.6996618894445135, "params": {"alpha": 77.0742382779138}, "datetime": {"datetime": "2021-08-25 12:32:38", "elapsed": 20.239226, "delta": 0.208005}}
{"target": -6.676704109907973, "params": {"alpha": 24.668100638936775}, "datetime": {"datetime": "2021-08-25 12:32:38", "elapsed": 20.497219, "delta": 0.257993}}
{"target": -6.700438407883894, "params": {"alpha": 83.00066677432191}, "datetime": {"datetime": "2021-08-25 12:32:38", "elapsed": 20.679218, "delta": 0.181999}}
{"target": -3.634027975838685, "params": {"alpha": 0.01}, "datetime": {"datetime": "2021-08-25 12:32:39", "elapsed": 20.859026, "delta": 0.179808}}
{"target": -6.698015061384427, "params": {"alpha": 66.93222924096187}, "datetime": {"datetime": "2021-08-25 12:32:39", "elapsed": 21.065989, "delta": 0.206963}}
{"target": -6.701558082811529, "params": {"alpha": 93.34481087485752}, "datetime": {"datetime": "2021-08-25 12:32:39", "elapsed": 21.321987, "delta": 0.255998}}
{"target": -6.692564016073138, "params": {"alpha": 46.59771430435925}, "datetime": {"datetime": "2021-08-25 12:32:39", "elapsed": 21.545986, "delta": 0.223999}}
{"target": -6.696057564546627, "params": {"alpha": 57.87173719318615}, "datetime": {"datetime": "2021-08-25 12:32:40", "elapsed": 21.743986, "delta": 0.198}}
{"target": -3.739826820282092, "params": {"alpha": 0.022887914822697367}, "datetime": {"datetime": "2021-08-25 12:32:40", "elapsed": 21.89299, "delta": 0.149004}}
{"target": -6.56563444551094, "params": {"alpha": 5.5920175923516835}, "datetime": {"datetime": "2021-08-25 12:32:40", "elapsed": 22.172831, "delta": 0.279841}}
{"target": -6.672015372809442, "params": {"alpha": 21.640620808665634}, "datetime": {"datetime": "2021-08-25 12:32:40", "elapsed": 22.528827, "delta": 0.355996}}
{"target": -6.7000645477525556, "params": {"alpha": 80.03794758625996}, "datetime": {"datetime": "2021-08-25 12:32:41", "elapsed": 22.853825, "delta": 0.324998}}
{"target": -6.680102219298986, "params": {"alpha": 27.444673714043137}, "datetime": {"datetime": "2021-08-25 12:32:41", "elapsed": 23.190098, "delta": 0.336273}}
{"target": -6.6413393968903005, "params": {"alpha": 11.951960182135902}, "datetime": {"datetime": "2021-08-25 12:32:41", "elapsed": 23.653098, "delta": 0.463}}
{"target": -6.700756277527084, "params": {"alpha": 85.69729736355762}, "datetime": {"datetime": "2021-08-25 12:32:42", "elapsed": 23.936255, "delta": 0.283157}}
{"target": -6.699987745531516, "params": {"alpha": 79.4552431914447}, "datetime": {"datetime": "2021-08-25 12:32:42", "elapsed": 24.141213, "delta": 0.204958}}
{"target": -3.644757294975578, "params": {"alpha": 0.011235672813966688}, "datetime": {"datetime": "2021-08-25 12:32:42", "elapsed": 24.366255, "delta": 0.225042}}
{"target": -4.154460244866131, "params": {"alpha": 0.08341023072046777}, "datetime": {"datetime": "2021-08-25 13:02:04", "elapsed": 0.0, "delta": 0.0}}
{"target": -4.491035396337273, "params": {"alpha": 0.1440676954434972}, "datetime": {"datetime": "2021-08-25 13:02:04", "elapsed": 0.065003, "delta": 0.065003}}
{"target": -3.5423870333064764, "params": {"alpha": 3.287381972080388e-05}, "datetime": {"datetime": "2021-08-25 13:02:04", "elapsed": 0.129003, "delta": 0.064}}
{"target": -4.01355319684037, "params": {"alpha": 0.06047349120064164}, "datetime": {"datetime": "2021-08-25 13:02:04", "elapsed": 0.193002, "delta": 0.063999}}
{"target": -3.7882867393164923, "params": {"alpha": 0.029359710604514436}, "datetime": {"datetime": "2021-08-25 13:02:04", "elapsed": 0.264002, "delta": 0.071}}
{"target": -3.542165665465348, "params": {"alpha": 1e-05}, "datetime": {"datetime": "2021-08-25 13:02:05", "elapsed": 0.382001, "delta": 0.117999}}
{"target": -3.542165665465348, "params": {"alpha": 1e-05}, "datetime": {"datetime": "2021-08-25 13:02:05", "elapsed": 0.553957, "delta": 0.171956}}
{"target": -3.542165665465348, "params": {"alpha": 1e-05}, "datetime": {"datetime": "2021-08-25 13:02:05", "elapsed": 0.708138, "delta": 0.154181}}
{"target": -3.542165665465348, "params": {"alpha": 1e-05}, "datetime": {"datetime": "2021-08-25 13:02:05", "elapsed": 0.85518, "delta": 0.147042}}
{"target": -3.542165671655515, "params": {"alpha": 1.000063954987256e-05}, "datetime": {"datetime": "2021-08-25 13:02:05", "elapsed": 1.151025, "delta": 0.295845}}
{"target": -4.154460244866131, "params": {"alpha": 0.08341023072046777}, "datetime": {"datetime": "2021-08-25 13:02:34", "elapsed": 0.0, "delta": 0.0}}
{"target": -4.491035396337273, "params": {"alpha": 0.1440676954434972}, "datetime": {"datetime": "2021-08-25 13:02:34", "elapsed": 0.068993, "delta": 0.068993}}
{"target": -3.5423870333064764, "params": {"alpha": 3.287381972080388e-05}, "datetime": {"datetime": "2021-08-25 13:02:34", "elapsed": 0.132037, "delta": 0.063044}}
{"target": -4.01355319684037, "params": {"alpha": 0.06047349120064164}, "datetime": {"datetime": "2021-08-25 13:02:34", "elapsed": 0.195041, "delta": 0.063004}}
{"target": -3.7882867393164923, "params": {"alpha": 0.029359710604514436}, "datetime": {"datetime": "2021-08-25 13:02:34", "elapsed": 0.268391, "delta": 0.07335}}
{"target": -3.542165665465348, "params": {"alpha": 1e-05}, "datetime": {"datetime": "2021-08-25 13:02:34", "elapsed": 0.385055, "delta": 0.116664}}
{"target": -3.542165665465348, "params": {"alpha": 1e-05}, "datetime": {"datetime": "2021-08-25 13:02:34", "elapsed": 0.555064, "delta": 0.170009}}
{"target": -3.542165665465348, "params": {"alpha": 1e-05}, "datetime": {"datetime": "2021-08-25 13:02:34", "elapsed": 0.702107, "delta": 0.147043}}
{"target": -3.542165665465348, "params": {"alpha": 1e-05}, "datetime": {"datetime": "2021-08-25 13:02:35", "elapsed": 0.846069, "delta": 0.143962}}
{"target": -3.542165671655515, "params": {"alpha": 1.000063954987256e-05}, "datetime": {"datetime": "2021-08-25 13:02:35", "elapsed": 1.143905, "delta": 0.297836}}
{"target": -4.15475616388152, "params": {"alpha": 0.08346269874004456}, "datetime": {"datetime": "2021-08-25 13:03:08", "elapsed": 0.0, "delta": 0.0}}
{"target": -4.491164162188482, "params": {"alpha": 0.1440928662390874}, "datetime": {"datetime": "2021-08-25 13:03:08", "elapsed": 0.077, "delta": 0.077}}
{"target": -3.543257416478191, "params": {"alpha": 0.00012286352598724285}, "datetime": {"datetime": "2021-08-25 13:03:08", "elapsed": 0.144999, "delta": 0.067999}}
{"target": -4.013973222634692, "params": {"alpha": 0.06053628126910478}, "datetime": {"datetime": "2021-08-25 13:03:08", "elapsed": 0.20904, "delta": 0.064041}}
{"target": -3.7888446920406507, "params": {"alpha": 0.0294365025743409}, "datetime": {"datetime": "2021-08-25 13:03:08", "elapsed": 0.272001, "delta": 0.062961}}
{"target": -3.543036357934822, "params": {"alpha": 0.0001}, "datetime": {"datetime": "2021-08-25 13:03:08", "elapsed": 0.404009, "delta": 0.132008}}
{"target": -3.543036357934822, "params": {"alpha": 0.0001}, "datetime": {"datetime": "2021-08-25 13:03:08", "elapsed": 0.570042, "delta": 0.166033}}
{"target": -3.543036357934822, "params": {"alpha": 0.0001}, "datetime": {"datetime": "2021-08-25 13:03:09", "elapsed": 0.710043, "delta": 0.140001}}
{"target": -3.543036357934822, "params": {"alpha": 0.0001}, "datetime": {"datetime": "2021-08-25 13:03:09", "elapsed": 0.864189, "delta": 0.154146}}
{"target": -3.5430363588567806, "params": {"alpha": 0.00010000009534543588}, "datetime": {"datetime": "2021-08-25 13:03:09", "elapsed": 1.154229, "delta": 0.29004}}
{"target": -3.5430363588567806, "params": {"alpha": 0.00010000009534543588}, "datetime": {"datetime": "2021-08-25 13:03:09", "elapsed": 1.367479, "delta": 0.21325}}
{"target": -3.5430363588567806, "params": {"alpha": 0.00010000009534543588}, "datetime": {"datetime": "2021-08-25 13:03:09", "elapsed": 1.539438, "delta": 0.171959}}
{"target": -3.5430363588567806, "params": {"alpha": 0.00010000009534543588}, "datetime": {"datetime": "2021-08-25 13:03:10", "elapsed": 1.656438, "delta": 0.117}}
{"target": -3.5430363588567806, "params": {"alpha": 0.00010000009534543588}, "datetime": {"datetime": "2021-08-25 13:03:10", "elapsed": 1.807128, "delta": 0.15069}}
{"target": -4.15475616388152, "params": {"alpha": 0.08346269874004456}, "datetime": {"datetime": "2021-08-25 13:06:00", "elapsed": 0.0, "delta": 0.0}}
{"target": -4.491164162188482, "params": {"alpha": 0.1440928662390874}, "datetime": {"datetime": "2021-08-25 13:06:00", "elapsed": 0.076, "delta": 0.076}}
{"target": -3.543257416478191, "params": {"alpha": 0.00012286352598724285}, "datetime": {"datetime": "2021-08-25 13:06:00", "elapsed": 0.141067, "delta": 0.065067}}
{"target": -4.013973222634692, "params": {"alpha": 0.06053628126910478}, "datetime": {"datetime": "2021-08-25 13:06:00", "elapsed": 0.203103, "delta": 0.062036}}
{"target": -3.7888446920406507, "params": {"alpha": 0.0294365025743409}, "datetime": {"datetime": "2021-08-25 13:06:00", "elapsed": 0.26711, "delta": 0.064007}}
{"target": -3.543036357934822, "params": {"alpha": 0.0001}, "datetime": {"datetime": "2021-08-25 13:06:00", "elapsed": 0.395158, "delta": 0.128048}}
{"target": -3.543036357934822, "params": {"alpha": 0.0001}, "datetime": {"datetime": "2021-08-25 13:06:00", "elapsed": 0.553214, "delta": 0.158056}}
{"target": -3.543036357934822, "params": {"alpha": 0.0001}, "datetime": {"datetime": "2021-08-25 13:06:01", "elapsed": 0.703004, "delta": 0.14979}}
{"target": -3.543036357934822, "params": {"alpha": 0.0001}, "datetime": {"datetime": "2021-08-25 13:06:01", "elapsed": 0.84697, "delta": 0.143966}}
{"target": -3.5430363588567806, "params": {"alpha": 0.00010000009534543588}, "datetime": {"datetime": "2021-08-25 13:06:01", "elapsed": 1.147009, "delta": 0.300039}}
{"target": -3.5430363588567806, "params": {"alpha": 0.00010000009534543588}, "datetime": {"datetime": "2021-08-25 13:06:01", "elapsed": 1.362003, "delta": 0.214994}}
{"target": -3.5430363588567806, "params": {"alpha": 0.00010000009534543588}, "datetime": {"datetime": "2021-08-25 13:06:01", "elapsed": 1.532007, "delta": 0.170004}}
{"target": -3.5430363588567806, "params": {"alpha": 0.00010000009534543588}, "datetime": {"datetime": "2021-08-25 13:06:01", "elapsed": 1.65396, "delta": 0.121953}}
{"target": -3.5430363588567806, "params": {"alpha": 0.00010000009534543588}, "datetime": {"datetime": "2021-08-25 13:06:02", "elapsed": 1.803966, "delta": 0.150006}}
{"target": -4.157709286836191, "params": {"alpha": 0.08398737893581223}, "datetime": {"datetime": "2021-08-25 13:06:06", "elapsed": 0.0, "delta": 0.0}}
{"target": -4.492450798869965, "params": {"alpha": 0.14434457419498947}, "datetime": {"datetime": "2021-08-25 13:06:06", "elapsed": 0.077994, "delta": 0.077994}}
{"target": -3.551916098060514, "params": {"alpha": 0.0010227605886516324}, "datetime": {"datetime": "2021-08-25 13:06:06", "elapsed": 0.140074, "delta": 0.06208}}
{"target": -4.018162219670162, "params": {"alpha": 0.061164181953736116}, "datetime": {"datetime": "2021-08-25 13:06:06", "elapsed": 0.206274, "delta": 0.0662}}
{"target": -3.7944029591605317, "params": {"alpha": 0.0302044222726055}, "datetime": {"datetime": "2021-08-25 13:06:06", "elapsed": 0.268627, "delta": 0.062353}}
{"target": -3.5516981055655505, "params": {"alpha": 0.001}, "datetime": {"datetime": "2021-08-25 13:06:06", "elapsed": 0.38759, "delta": 0.118963}}
{"target": -3.5516981395087863, "params": {"alpha": 0.001000003543589242}, "datetime": {"datetime": "2021-08-25 13:06:07", "elapsed": 0.751582, "delta": 0.363992}}
{"target": -3.5516981395087863, "params": {"alpha": 0.001000003543589242}, "datetime": {"datetime": "2021-08-25 13:06:07", "elapsed": 0.923586, "delta": 0.172004}}
{"target": -3.5516981395087863, "params": {"alpha": 0.001000003543589242}, "datetime": {"datetime": "2021-08-25 13:06:07", "elapsed": 1.076623, "delta": 0.153037}}
{"target": -3.5516981967603423, "params": {"alpha": 0.0010000095205082776}, "datetime": {"datetime": "2021-08-25 13:06:07", "elapsed": 1.525624, "delta": 0.449001}}
{"target": -3.5516981102322207, "params": {"alpha": 0.0010000004871855474}, "datetime": {"datetime": "2021-08-25 13:06:08", "elapsed": 1.927585, "delta": 0.401961}}
{"target": -3.5516982684116445, "params": {"alpha": 0.0010000170007266164}, "datetime": {"datetime": "2021-08-25 13:06:08", "elapsed": 2.504583, "delta": 0.576998}}
{"target": -3.5516981665161347, "params": {"alpha": 0.001000006363087724}, "datetime": {"datetime": "2021-08-25 13:06:09", "elapsed": 3.023782, "delta": 0.519199}}
{"target": -3.5516981055655727, "params": {"alpha": 0.0010000000000018727}, "datetime": {"datetime": "2021-08-25 13:06:09", "elapsed": 3.359892, "delta": 0.33611}}
{"target": -3.5516981055655727, "params": {"alpha": 0.0010000000000018727}, "datetime": {"datetime": "2021-08-25 13:06:09", "elapsed": 3.543889, "delta": 0.183997}}
{"target": -3.551698137338565, "params": {"alpha": 0.0010000033170220678}, "datetime": {"datetime": "2021-08-25 13:06:10", "elapsed": 4.127832, "delta": 0.583943}}
{"target": -3.551698137338565, "params": {"alpha": 0.0010000033170220678}, "datetime": {"datetime": "2021-08-25 13:06:10", "elapsed": 4.306831, "delta": 0.178999}}
{"target": -3.551698137338565, "params": {"alpha": 0.0010000033170220678}, "datetime": {"datetime": "2021-08-25 13:06:10", "elapsed": 4.47082, "delta": 0.163989}}
{"target": -3.551698137338565, "params": {"alpha": 0.0010000033170220678}, "datetime": {"datetime": "2021-08-25 13:06:11", "elapsed": 4.740093, "delta": 0.269273}}
{"target": -3.551698137338565, "params": {"alpha": 0.0010000033170220678}, "datetime": {"datetime": "2021-08-25 13:06:11", "elapsed": 4.94506, "delta": 0.204967}}
{"target": -3.5516981247139325, "params": {"alpha": 0.0010000019990414927}, "datetime": {"datetime": "2021-08-25 13:06:11", "elapsed": 5.443618, "delta": 0.498558}}
{"target": -3.5516981247139325, "params": {"alpha": 0.0010000019990414927}, "datetime": {"datetime": "2021-08-25 13:06:12", "elapsed": 5.647611, "delta": 0.203993}}
{"target": -3.551698509163291, "params": {"alpha": 0.001000042134609168}, "datetime": {"datetime": "2021-08-25 13:06:12", "elapsed": 6.395616, "delta": 0.748005}}
{"target": -3.551698509163291, "params": {"alpha": 0.001000042134609168}, "datetime": {"datetime": "2021-08-25 13:06:13", "elapsed": 6.576552, "delta": 0.180936}}
{"target": -3.5516993788708846, "params": {"alpha": 0.001000132930001498}, "datetime": {"datetime": "2021-08-25 13:06:13", "elapsed": 7.041512, "delta": 0.46496}}
{"target": -3.5516993788708846, "params": {"alpha": 0.001000132930001498}, "datetime": {"datetime": "2021-08-25 13:06:13", "elapsed": 7.275554, "delta": 0.234042}}
{"target": -4.154460244866131, "params": {"alpha": 0.08341023072046777}, "datetime": {"datetime": "2021-08-25 13:09:02", "elapsed": 0.0, "delta": 0.0}}
{"target": -4.491035396337273, "params": {"alpha": 0.1440676954434972}, "datetime": {"datetime": "2021-08-25 13:09:03", "elapsed": 0.068004, "delta": 0.068004}}
{"target": -3.5423870333064764, "params": {"alpha": 3.287381972080388e-05}, "datetime": {"datetime": "2021-08-25 13:09:03", "elapsed": 0.134975, "delta": 0.066971}}
{"target": -4.01355319684037, "params": {"alpha": 0.06047349120064164}, "datetime": {"datetime": "2021-08-25 13:09:03", "elapsed": 0.197916, "delta": 0.062941}}
{"target": -3.7882867393164923, "params": {"alpha": 0.029359710604514436}, "datetime": {"datetime": "2021-08-25 13:09:03", "elapsed": 0.26092, "delta": 0.063004}}
{"target": -3.542165665465348, "params": {"alpha": 1e-05}, "datetime": {"datetime": "2021-08-25 13:09:03", "elapsed": 0.378916, "delta": 0.117996}}
{"target": -3.542165665465348, "params": {"alpha": 1e-05}, "datetime": {"datetime": "2021-08-25 13:09:03", "elapsed": 0.548876, "delta": 0.16996}}
{"target": -3.542165665465348, "params": {"alpha": 1e-05}, "datetime": {"datetime": "2021-08-25 13:09:03", "elapsed": 0.691882, "delta": 0.143006}}
{"target": -3.542165665465348, "params": {"alpha": 1e-05}, "datetime": {"datetime": "2021-08-25 13:09:03", "elapsed": 0.835916, "delta": 0.144034}}
{"target": -3.542165671655515, "params": {"alpha": 1.000063954987256e-05}, "datetime": {"datetime": "2021-08-25 13:09:04", "elapsed": 1.152551, "delta": 0.316635}}
{"target": -6.708794019522051, "params": {"alpha": 475.3198042323166}, "datetime": {"datetime": "2021-08-25 13:12:41", "elapsed": 0.0, "delta": 0.0}}
{"target": -6.709440431279489, "params": {"alpha": 748.2920440979423}, "datetime": {"datetime": "2021-08-25 13:12:41", "elapsed": 0.065003, "delta": 0.065003}}
{"target": -6.702164900716556, "params": {"alpha": 100.10293733561039}, "datetime": {"datetime": "2021-08-25 13:12:41", "elapsed": 0.129968, "delta": 0.064965}}
{"target": -6.708302616966839, "params": {"alpha": 372.09931536865577}, "datetime": {"datetime": "2021-08-25 13:12:41", "elapsed": 0.194968, "delta": 0.065}}
{"target": -6.706938060358425, "params": {"alpha": 232.08030173540175}, "datetime": {"datetime": "2021-08-25 13:12:41", "elapsed": 0.266958, "delta": 0.07199}}
{"target": -6.702163587285758, "params": {"alpha": 100.0872556189073}, "datetime": {"datetime": "2021-08-25 13:12:42", "elapsed": 0.611961, "delta": 0.345003}}
{"target": -6.709723743274516, "params": {"alpha": 999.910086531595}, "datetime": {"datetime": "2021-08-25 13:12:42", "elapsed": 0.986968, "delta": 0.375007}}
{"target": -6.702166972135752, "params": {"alpha": 100.12767902765314}, "datetime": {"datetime": "2021-08-25 13:12:42", "elapsed": 1.41986, "delta": 0.432892}}
{"target": -6.702161727192663, "params": {"alpha": 100.06505540843847}, "datetime": {"datetime": "2021-08-25 13:12:43", "elapsed": 1.734861, "delta": 0.315001}}
{"target": -6.702157086219435, "params": {"alpha": 100.00970821457484}, "datetime": {"datetime": "2021-08-25 13:12:43", "elapsed": 2.208825, "delta": 0.473964}}
{"target": -6.702159779562013, "params": {"alpha": 100.04182096558098}, "datetime": {"datetime": "2021-08-25 13:12:44", "elapsed": 2.682856, "delta": 0.474031}}
{"target": -6.702158006124134, "params": {"alpha": 100.0206739343009}, "datetime": {"datetime": "2021-08-25 13:12:44", "elapsed": 3.048819, "delta": 0.365963}}
{"target": -6.702161806575145, "params": {"alpha": 100.06600263754481}, "datetime": {"datetime": "2021-08-25 13:12:45", "elapsed": 3.529358, "delta": 0.480539}}
{"target": -6.702167693777422, "params": {"alpha": 100.1363014125722}, "datetime": {"datetime": "2021-08-25 13:12:45", "elapsed": 3.919559, "delta": 0.390201}}
