{"target": -2.5658376415977013, "params": {"C": 11.083792363168541, "epsilon": 0.08914448055402768, "gamma": 3.5840640947468256}, "datetime": {"datetime": "2021-08-25 15:12:24", "elapsed": 1.611998, "delta": 0.115998}}
{"target": -4.235440766048832, "params": {"C": 10.8606640556104, "epsilon": 0.07914030918261393, "gamma": 3.3563491263580696}, "datetime": {"datetime": "2021-08-25 15:12:24", "elapsed": 2.002026, "delta": 0.390028}}
{"target": -3.109931512929036, "params": {"C": 12.688119028788368, "epsilon": 0.0865628566336819, "gamma": 4.412161919787547}, "datetime": {"datetime": "2021-08-25 15:12:24", "elapsed": 2.127023, "delta": 0.124997}}
{"target": -2.9214101510971213, "params": {"C": 9.421129060123974, "epsilon": 0.09364714694929097, "gamma": 5.937205315093731}, "datetime": {"datetime": "2021-08-25 15:12:24", "elapsed": 2.245025, "delta": 0.118002}}
{"target": -2.576376163035412, "params": {"C": 8.257309316057974, "epsilon": 0.09054141795109241, "gamma": 5.5708849967304435}, "datetime": {"datetime": "2021-08-25 15:12:24", "elapsed": 2.375982, "delta": 0.130957}}
{"target": -2.8600518223738653, "params": {"C": 11.984631613674955, "epsilon": 0.08877408220640863, "gamma": 5.73591277082982}, "datetime": {"datetime": "2021-08-25 15:12:25", "elapsed": 2.514023, "delta": 0.138041}}
{"target": -3.35666869452142, "params": {"C": 10.73978068387361, "epsilon": 0.08191644170814957, "gamma": 4.149627501416115}, "datetime": {"datetime": "2021-08-25 15:12:25", "elapsed": 2.645028, "delta": 0.131005}}
{"target": -2.7988826299309486, "params": {"C": 6.985292707021597, "epsilon": 0.06557518227593111, "gamma": 3.950496935553643}, "datetime": {"datetime": "2021-08-25 15:12:25", "elapsed": 2.788719, "delta": 0.143691}}
{"target": -2.8963215785868432, "params": {"C": 7.918003273788965, "epsilon": 0.09057393615302818, "gamma": 3.200611636980945}, "datetime": {"datetime": "2021-08-25 15:12:25", "elapsed": 2.91671, "delta": 0.127991}}
{"target": -2.4337736181781278, "params": {"C": 11.12876178033611, "epsilon": 0.09286054478585451, "gamma": 3.8093348927156665}, "datetime": {"datetime": "2021-08-25 15:12:26", "elapsed": 3.63167, "delta": 0.71496}}
{"target": -3.059203170749311, "params": {"C": 10.187414128763308, "epsilon": 0.06450808229238002, "gamma": 3.3503325290532833}, "datetime": {"datetime": "2021-08-25 15:12:26", "elapsed": 3.781359, "delta": 0.149689}}
{"target": -3.274839430191739, "params": {"C": 10.295372625025184, "epsilon": 0.08229567582564638, "gamma": 4.96082076090534}, "datetime": {"datetime": "2021-08-25 15:12:26", "elapsed": 3.923324, "delta": 0.141965}}
{"target": -3.8702028237905877, "params": {"C": 6.117688655204836, "epsilon": 0.0703342734799074, "gamma": 5.4017541170827865}, "datetime": {"datetime": "2021-08-25 15:12:26", "elapsed": 4.071318, "delta": 0.147994}}
{"target": -3.1080895436715177, "params": {"C": 11.143713903882947, "epsilon": 0.08379582738057335, "gamma": 3.8268797637743073}, "datetime": {"datetime": "2021-08-25 15:12:26", "elapsed": 4.256757, "delta": 0.185439}}
{"target": -2.4004941129283695, "params": {"C": 11.099982527866938, "epsilon": 0.09265074140273108, "gamma": 3.7902072576505947}, "datetime": {"datetime": "2021-08-25 15:12:26", "elapsed": 4.424795, "delta": 0.168038}}
{"target": -2.8411112775696235, "params": {"C": 11.145849980492002, "epsilon": 0.08763863828213755, "gamma": 3.7009573432835663}, "datetime": {"datetime": "2021-08-25 15:12:27", "elapsed": 4.629796, "delta": 0.205001}}
{"target": -6.885909448765531, "params": {"C": 11.042648265135703, "epsilon": 0.1, "gamma": 3.666018957851482}, "datetime": {"datetime": "2021-08-25 15:12:27", "elapsed": 5.027796, "delta": 0.398}}
{"target": -3.3071803790046954, "params": {"C": 7.6102929395924, "epsilon": 0.06259147270136131, "gamma": 5.111536942253666}, "datetime": {"datetime": "2021-08-25 15:12:27", "elapsed": 5.191795, "delta": 0.163999}}
{"target": -2.5983419401614034, "params": {"C": 11.159720992085031, "epsilon": 0.08874119745174468, "gamma": 3.7665477292728493}, "datetime": {"datetime": "2021-08-25 15:12:27", "elapsed": 5.367756, "delta": 0.175961}}
{"target": -3.9007813067037773, "params": {"C": 11.975950227335446, "epsilon": 0.08583388575774548, "gamma": 5.735088042519706}, "datetime": {"datetime": "2021-08-25 15:12:28", "elapsed": 5.527765, "delta": 0.160009}}
{"target": -4.694671420589557, "params": {"C": 11.874427835729518, "epsilon": 0.07674041914820763, "gamma": 3.888268252121944}, "datetime": {"datetime": "2021-08-25 15:12:28", "elapsed": 5.700655, "delta": 0.17289}}
{"target": -2.9894070115538716, "params": {"C": 8.156904328130004, "epsilon": 0.09429361971914454, "gamma": 5.294099111830813}, "datetime": {"datetime": "2021-08-25 15:12:28", "elapsed": 5.880696, "delta": 0.180041}}
{"target": -3.6023759631439862, "params": {"C": 8.292191140963988, "epsilon": 0.08205585421070914, "gamma": 3.669203793700089}, "datetime": {"datetime": "2021-08-25 15:12:28", "elapsed": 6.049702, "delta": 0.169006}}
{"target": -2.865896461914771, "params": {"C": 6.300943980997328, "epsilon": 0.07659451820428753, "gamma": 3.0158747190332025}, "datetime": {"datetime": "2021-08-25 15:12:28", "elapsed": 6.239567, "delta": 0.189865}}
{"target": -3.1245916439357444, "params": {"C": 6.802904641324043, "epsilon": 0.08529928464205486, "gamma": 4.22985496633032}, "datetime": {"datetime": "2021-08-25 15:12:28", "elapsed": 6.410568, "delta": 0.171001}}
{"target": -4.805059434919799, "params": {"C": 6.969171063692143, "epsilon": 0.0775074987054247, "gamma": 5.085218669290244}, "datetime": {"datetime": "2021-08-25 15:12:29", "elapsed": 6.639009, "delta": 0.228441}}
{"target": -2.56516017591115, "params": {"C": 7.527854931585771, "epsilon": 0.08965497885119061, "gamma": 4.606133803636898}, "datetime": {"datetime": "2021-08-25 15:12:29", "elapsed": 6.812051, "delta": 0.173042}}
{"target": -3.4438253724971055, "params": {"C": 6.7224088760758445, "epsilon": 0.06228595471620508, "gamma": 4.108938234633095}, "datetime": {"datetime": "2021-08-25 15:12:29", "elapsed": 7.010009, "delta": 0.197958}}
{"target": -3.227327373346902, "params": {"C": 9.058409248931302, "epsilon": 0.06773890020036173, "gamma": 3.227297745545983}, "datetime": {"datetime": "2021-08-25 15:12:29", "elapsed": 7.198416, "delta": 0.188407}}
{"target": -2.9296441010854255, "params": {"C": 6.295203626472203, "epsilon": 0.0646735282764578, "gamma": 4.505291806012824}, "datetime": {"datetime": "2021-08-25 15:12:29", "elapsed": 7.394415, "delta": 0.195999}}
{"target": -2.6820566746376735, "params": {"C": 9.643300800201956, "epsilon": 0.09306520570423393, "gamma": 5.3681397597389005}, "datetime": {"datetime": "2021-08-25 15:12:30", "elapsed": 7.592418, "delta": 0.198003}}
{"target": -5.1420576161923535, "params": {"C": 7.386694298191923, "epsilon": 0.07414893081056186, "gamma": 5.640110177101218}, "datetime": {"datetime": "2021-08-25 15:12:30", "elapsed": 7.79406, "delta": 0.201642}}
{"target": -4.5621482388403525, "params": {"C": 11.339934520774593, "epsilon": 0.07872962180418584, "gamma": 3.5880011325115415}, "datetime": {"datetime": "2021-08-25 15:12:30", "elapsed": 8.034106, "delta": 0.240046}}
{"target": -2.9544260822878265, "params": {"C": 11.837172161791878, "epsilon": 0.06496109234447031, "gamma": 3.108594793036099}, "datetime": {"datetime": "2021-08-25 15:12:30", "elapsed": 8.250103, "delta": 0.215997}}
{"target": -2.8673123289392373, "params": {"C": 9.463163709454154, "epsilon": 0.09413006947050892, "gamma": 3.1172701480579943}, "datetime": {"datetime": "2021-08-25 15:12:30", "elapsed": 8.434066, "delta": 0.183963}}
{"target": -2.727456594559708, "params": {"C": 7.783089074864426, "epsilon": 0.09381960414680401, "gamma": 3.391970435669622}, "datetime": {"datetime": "2021-08-25 15:12:31", "elapsed": 8.618061, "delta": 0.183995}}
{"target": -5.245064577088183, "params": {"C": 11.28291986088684, "epsilon": 0.06945506116945581, "gamma": 5.625571517342997}, "datetime": {"datetime": "2021-08-25 15:12:31", "elapsed": 8.821063, "delta": 0.203002}}
{"target": -2.519098442436548, "params": {"C": 6.108696264961165, "epsilon": 0.09102458176378904, "gamma": 5.76341374199714}, "datetime": {"datetime": "2021-08-25 15:12:31", "elapsed": 9.027063, "delta": 0.206}}
{"target": -2.727684113057082, "params": {"C": 11.676088043008047, "epsilon": 0.08988984263548902, "gamma": 5.668586992038924}, "datetime": {"datetime": "2021-08-25 15:12:31", "elapsed": 9.220064, "delta": 0.193001}}
{"target": -5.918054884463249, "params": {"C": 10.174792355041044, "epsilon": 0.07863560552387432, "gamma": 5.966008722232901}, "datetime": {"datetime": "2021-08-25 15:12:31", "elapsed": 9.45607, "delta": 0.236006}}
{"target": -3.032740175114604, "params": {"C": 7.880744243900822, "epsilon": 0.08652663862054075, "gamma": 4.229197868527862}, "datetime": {"datetime": "2021-08-25 15:12:32", "elapsed": 9.650061, "delta": 0.193991}}
{"target": -3.145408666560524, "params": {"C": 6.584594111291027, "epsilon": 0.06809074700400226, "gamma": 3.893468365176347}, "datetime": {"datetime": "2021-08-25 15:12:32", "elapsed": 9.889575, "delta": 0.239514}}
{"target": -3.5464744102347305, "params": {"C": 6.466156300492042, "epsilon": 0.08034466648103153, "gamma": 3.324656586352895}, "datetime": {"datetime": "2021-08-25 15:12:32", "elapsed": 10.121531, "delta": 0.231956}}
{"target": -2.7856808289320067, "params": {"C": 8.512043044436266, "epsilon": 0.06529071890074711, "gamma": 4.332096770990555}, "datetime": {"datetime": "2021-08-25 15:12:32", "elapsed": 10.368534, "delta": 0.247003}}
{"target": -4.358180406121436, "params": {"C": 10.587177803787508, "epsilon": 0.06997215421670687, "gamma": 4.928551465450785}, "datetime": {"datetime": "2021-08-25 15:12:33", "elapsed": 10.615311, "delta": 0.246777}}
{"target": -3.0527705437308392, "params": {"C": 12.943745323908832, "epsilon": 0.09431153226278503, "gamma": 5.714046410374446}, "datetime": {"datetime": "2021-08-25 15:12:33", "elapsed": 10.833311, "delta": 0.218}}
{"target": -3.9389103145386954, "params": {"C": 9.18638559573698, "epsilon": 0.08034246198413413, "gamma": 3.7276660747341315}, "datetime": {"datetime": "2021-08-25 15:12:33", "elapsed": 11.063356, "delta": 0.230045}}
{"target": -3.091966330463869, "params": {"C": 6.295427412836843, "epsilon": 0.0863056171831043, "gamma": 5.973510133971478}, "datetime": {"datetime": "2021-08-25 15:12:33", "elapsed": 11.268357, "delta": 0.205001}}
{"target": -3.4781252345803897, "params": {"C": 6.410793068785128, "epsilon": 0.06054400438481768, "gamma": 5.598779887037715}, "datetime": {"datetime": "2021-08-25 15:12:34", "elapsed": 11.562695, "delta": 0.294338}}
{"target": -2.5963272113703995, "params": {"C": 6.760476781500317, "epsilon": 0.09261650612068481, "gamma": 5.923888781036287}, "datetime": {"datetime": "2021-08-25 15:12:34", "elapsed": 11.767942, "delta": 0.205247}}
{"target": -3.5539953465554484, "params": {"C": 12.102229012795782, "epsilon": 0.06714380687811962, "gamma": 4.2563586056858185}, "datetime": {"datetime": "2021-08-25 15:12:34", "elapsed": 12.002985, "delta": 0.235043}}
{"target": -2.7715475397159524, "params": {"C": 6.503385081458421, "epsilon": 0.0662442897647269, "gamma": 5.032448465695323}, "datetime": {"datetime": "2021-08-25 15:12:34", "elapsed": 12.231663, "delta": 0.228678}}
{"target": -4.118365682400597, "params": {"C": 10.392089832607658, "epsilon": 0.07167760783931941, "gamma": 4.751633943253109}, "datetime": {"datetime": "2021-08-25 15:12:35", "elapsed": 12.529088, "delta": 0.297425}}
{"target": -3.9849213863015374, "params": {"C": 9.972865124536858, "epsilon": 0.07101301496781998, "gamma": 4.53732336003521}, "datetime": {"datetime": "2021-08-25 15:12:35", "elapsed": 12.801714, "delta": 0.272626}}
{"target": -3.528153468607157, "params": {"C": 12.66774101919344, "epsilon": 0.06994337120967623, "gamma": 3.1638876181333577}, "datetime": {"datetime": "2021-08-25 15:12:35", "elapsed": 13.076714, "delta": 0.275}}
{"target": -2.6170806826524777, "params": {"C": 7.801112445367163, "epsilon": 0.08966028742397242, "gamma": 4.983064523575758}, "datetime": {"datetime": "2021-08-25 15:12:35", "elapsed": 13.303752, "delta": 0.227038}}
{"target": -3.244463618137075, "params": {"C": 6.11907382300866, "epsilon": 0.07173289220211715, "gamma": 3.934799235405004}, "datetime": {"datetime": "2021-08-25 15:12:36", "elapsed": 13.569653, "delta": 0.265901}}
{"target": -3.6222556733013667, "params": {"C": 6.6037369803823625, "epsilon": 0.08188823535937567, "gamma": 3.4350944995957415}, "datetime": {"datetime": "2021-08-25 15:12:36", "elapsed": 13.805995, "delta": 0.236342}}
{"target": -2.6811013773259207, "params": {"C": 8.306110996413835, "epsilon": 0.08853378117601914, "gamma": 5.04279553723114}, "datetime": {"datetime": "2021-08-25 15:12:36", "elapsed": 14.049962, "delta": 0.243967}}
{"target": -2.717360657682481, "params": {"C": 12.845768065598982, "epsilon": 0.06604882794740675, "gamma": 3.3586381797653675}, "datetime": {"datetime": "2021-08-25 15:12:36", "elapsed": 14.310005, "delta": 0.260043}}
{"target": -3.073744499180776, "params": {"C": 8.842903063906334, "epsilon": 0.06398658219794029, "gamma": 3.527850410560161}, "datetime": {"datetime": "2021-08-25 15:12:37", "elapsed": 14.57796, "delta": 0.267955}}
{"target": -3.8158805342814275, "params": {"C": 7.29263246485211, "epsilon": 0.09585489720231893, "gamma": 4.5654579599834735}, "datetime": {"datetime": "2021-08-25 15:12:37", "elapsed": 14.848473, "delta": 0.270513}}
{"target": -3.3990094072518837, "params": {"C": 7.521300232365632, "epsilon": 0.07126945291150169, "gamma": 3.871399696725667}, "datetime": {"datetime": "2021-08-25 15:12:37", "elapsed": 15.171466, "delta": 0.322993}}
{"target": -3.4428576539717817, "params": {"C": 7.073222640660931, "epsilon": 0.060608503793693376, "gamma": 5.879579132927304}, "datetime": {"datetime": "2021-08-25 15:12:37", "elapsed": 15.443834, "delta": 0.272368}}
{"target": -6.764461328813179, "params": {"C": 9.540057252517887, "epsilon": 0.09959795215901537, "gamma": 4.207343872170432}, "datetime": {"datetime": "2021-08-25 15:12:38", "elapsed": 15.713835, "delta": 0.270001}}
{"target": -5.424465828520382, "params": {"C": 11.755613189281098, "epsilon": 0.07906298946880395, "gamma": 5.179356995313123}, "datetime": {"datetime": "2021-08-25 15:12:38", "elapsed": 16.012849, "delta": 0.299014}}
{"target": -6.23896705738729, "params": {"C": 9.208364947341005, "epsilon": 0.09877126353235677, "gamma": 4.707132196948798}, "datetime": {"datetime": "2021-08-25 15:12:38", "elapsed": 16.247811, "delta": 0.234962}}
{"target": -2.9046345178057695, "params": {"C": 8.752421322921062, "epsilon": 0.08732843587546518, "gamma": 3.4145849969332356}, "datetime": {"datetime": "2021-08-25 15:12:39", "elapsed": 16.541808, "delta": 0.293997}}
{"target": -5.032834948179683, "params": {"C": 6.941273307122133, "epsilon": 0.09754550370278794, "gamma": 3.028413696580529}, "datetime": {"datetime": "2021-08-25 15:12:39", "elapsed": 16.77581, "delta": 0.234002}}
{"target": -2.4037084677543117, "params": {"C": 8.22627114460847, "epsilon": 0.09224359375042321, "gamma": 4.882490302532518}, "datetime": {"datetime": "2021-08-25 15:12:39", "elapsed": 17.037808, "delta": 0.261998}}
{"target": -3.4669507673632687, "params": {"C": 7.237416268047578, "epsilon": 0.0683685346492647, "gamma": 4.591801283232238}, "datetime": {"datetime": "2021-08-25 15:12:39", "elapsed": 17.292808, "delta": 0.255}}
{"target": -3.600282618113318, "params": {"C": 11.777890755222447, "epsilon": 0.06479567543991051, "gamma": 4.674926569011188}, "datetime": {"datetime": "2021-08-25 15:12:40", "elapsed": 17.572848, "delta": 0.28004}}
{"target": -6.235257963000787, "params": {"C": 10.971229797690237, "epsilon": 0.07825197747537671, "gamma": 5.747151201835678}, "datetime": {"datetime": "2021-08-25 15:12:40", "elapsed": 17.891525, "delta": 0.318677}}
{"target": -2.8737966598527325, "params": {"C": 9.579716021009375, "epsilon": 0.08843025551002459, "gamma": 5.799114279584755}, "datetime": {"datetime": "2021-08-25 15:12:40", "elapsed": 18.140523, "delta": 0.248998}}
{"target": -5.676997574737154, "params": {"C": 10.170200139337593, "epsilon": 0.09801657585170288, "gamma": 4.782335186635154}, "datetime": {"datetime": "2021-08-25 15:12:40", "elapsed": 18.418522, "delta": 0.277999}}
{"target": -2.8310107860438354, "params": {"C": 11.817667822660045, "epsilon": 0.09361320237358428, "gamma": 4.612466902680939}, "datetime": {"datetime": "2021-08-25 15:12:41", "elapsed": 18.673521, "delta": 0.254999}}
{"target": -3.2546003979294054, "params": {"C": 6.211290327703366, "epsilon": 0.06971314268585523, "gamma": 3.336573903299281}, "datetime": {"datetime": "2021-08-25 15:12:41", "elapsed": 18.995947, "delta": 0.322426}}
{"target": -3.982294002297727, "params": {"C": 11.548354341250198, "epsilon": 0.06563612508052524, "gamma": 5.376784802218172}, "datetime": {"datetime": "2021-08-25 15:12:41", "elapsed": 19.27895, "delta": 0.283003}}
{"target": -2.5843882187036455, "params": {"C": 10.720404591821715, "epsilon": 0.08952800420495001, "gamma": 4.194460978400922}, "datetime": {"datetime": "2021-08-25 15:12:42", "elapsed": 19.584395, "delta": 0.305445}}
{"target": -3.4433675189070168, "params": {"C": 8.730075125639488, "epsilon": 0.06141161329879235, "gamma": 3.4645509790438647}, "datetime": {"datetime": "2021-08-25 15:12:42", "elapsed": 19.877664, "delta": 0.293269}}
{"target": -3.1938777300441235, "params": {"C": 6.1779340867487145, "epsilon": 0.0614445224752916, "gamma": 3.089474795627425}, "datetime": {"datetime": "2021-08-25 15:12:42", "elapsed": 20.158623, "delta": 0.280959}}
{"target": -3.2488434703046543, "params": {"C": 8.735581264950074, "epsilon": 0.0673888897911282, "gamma": 3.250966642152097}, "datetime": {"datetime": "2021-08-25 15:12:42", "elapsed": 20.468625, "delta": 0.310002}}
{"target": -4.632255358393626, "params": {"C": 9.343323166152338, "epsilon": 0.06843742278383472, "gamma": 5.44675564194365}, "datetime": {"datetime": "2021-08-25 15:12:43", "elapsed": 20.783005, "delta": 0.31438}}
{"target": -2.9071649750161797, "params": {"C": 11.52507280111639, "epsilon": 0.08864642726972466, "gamma": 5.655723445020516}, "datetime": {"datetime": "2021-08-25 15:12:43", "elapsed": 21.077051, "delta": 0.294046}}
{"target": -5.370282111728214, "params": {"C": 7.061917583049796, "epsilon": 0.09775854049951085, "gamma": 4.602770165361585}, "datetime": {"datetime": "2021-08-25 15:12:43", "elapsed": 21.366004, "delta": 0.288953}}
{"target": -5.782680000180078, "params": {"C": 9.388756986819603, "epsilon": 0.07661841824379584, "gamma": 5.342341892245449}, "datetime": {"datetime": "2021-08-25 15:12:44", "elapsed": 21.671246, "delta": 0.305242}}
{"target": -2.4951155288147584, "params": {"C": 12.237888635691668, "epsilon": 0.09277734195172775, "gamma": 4.103108237931719}, "datetime": {"datetime": "2021-08-25 15:12:44", "elapsed": 22.041471, "delta": 0.370225}}
{"target": -2.412207722396828, "params": {"C": 7.948403913206571, "epsilon": 0.09124695165328599, "gamma": 4.525606317309066}, "datetime": {"datetime": "2021-08-25 15:12:44", "elapsed": 22.329469, "delta": 0.287998}}
{"target": -3.0096150679453104, "params": {"C": 10.473735431572116, "epsilon": 0.06396560154579768, "gamma": 3.4304989597705204}, "datetime": {"datetime": "2021-08-25 15:12:45", "elapsed": 22.646125, "delta": 0.316656}}
{"target": -2.9850098573875448, "params": {"C": 10.634907916351382, "epsilon": 0.09448517814310965, "gamma": 4.6352618390133795}, "datetime": {"datetime": "2021-08-25 15:12:45", "elapsed": 22.965879, "delta": 0.319754}}
{"target": -6.217267509265141, "params": {"C": 11.709405500614785, "epsilon": 0.07717040758571025, "gamma": 5.635407658452108}, "datetime": {"datetime": "2021-08-25 15:12:45", "elapsed": 23.335225, "delta": 0.369346}}
{"target": -3.0893109394850367, "params": {"C": 8.789995569900078, "epsilon": 0.086239580763636, "gamma": 3.8525523212834107}, "datetime": {"datetime": "2021-08-25 15:12:46", "elapsed": 23.640222, "delta": 0.304997}}
{"target": -3.2512388059422457, "params": {"C": 6.439316669121083, "epsilon": 0.09470465425176684, "gamma": 3.958874789202882}, "datetime": {"datetime": "2021-08-25 15:12:46", "elapsed": 23.942977, "delta": 0.302755}}
{"target": -4.364429575570884, "params": {"C": 8.843895482676462, "epsilon": 0.08093605765097472, "gamma": 5.854917719134953}, "datetime": {"datetime": "2021-08-25 15:12:46", "elapsed": 24.28116, "delta": 0.338183}}
{"target": -5.142862189995451, "params": {"C": 11.86397521989806, "epsilon": 0.07295685614711837, "gamma": 4.833729046384866}, "datetime": {"datetime": "2021-08-25 15:12:47", "elapsed": 24.613374, "delta": 0.332214}}
{"target": -3.43481952865493, "params": {"C": 8.064672981367053, "epsilon": 0.06034022665952172, "gamma": 3.4672654330149166}, "datetime": {"datetime": "2021-08-25 15:12:47", "elapsed": 24.958373, "delta": 0.344999}}
{"target": -2.603885279047399, "params": {"C": 12.302171270909707, "epsilon": 0.0925959657842652, "gamma": 5.00731937443034}, "datetime": {"datetime": "2021-08-25 15:12:47", "elapsed": 25.27291, "delta": 0.314537}}
{"target": -2.884055095019225, "params": {"C": 6.394083729152726, "epsilon": 0.08693386138585617, "gamma": 5.6037108057463545}, "datetime": {"datetime": "2021-08-25 15:12:48", "elapsed": 25.590016, "delta": 0.317106}}
{"target": -2.858905580038695, "params": {"C": 6.541027672198489, "epsilon": 0.09375008174234176, "gamma": 5.6452375576029725}, "datetime": {"datetime": "2021-08-25 15:12:48", "elapsed": 25.900055, "delta": 0.310039}}
{"target": -3.1478933834209357, "params": {"C": 11.729536819188288, "epsilon": 0.09468245662801758, "gamma": 5.853430937566417}, "datetime": {"datetime": "2021-08-25 15:12:48", "elapsed": 26.220055, "delta": 0.32}}
{"target": -3.1025702853017387, "params": {"C": 10.819288978877522, "epsilon": 0.08324391793534025, "gamma": 4.2201407139147324}, "datetime": {"datetime": "2021-08-25 15:12:49", "elapsed": 26.55053, "delta": 0.330475}}
