{"target": -4.3189602111053755, "params": {"C": 12.673258331661817, "epsilon": 0.07357072373947593, "gamma": 3.6475647628542305}, "datetime": {"datetime": "2021-08-25 15:12:49", "elapsed": 26.903574, "delta": 0.353044}}
{"target": -3.9467150167671208, "params": {"C": 8.72241052932533, "epsilon": 0.07913848056902695, "gamma": 3.4790940805812145}, "datetime": {"datetime": "2021-08-25 15:12:49", "elapsed": 27.295576, "delta": 0.392002}}
{"target": -5.461997898659602, "params": {"C": 11.451727928175295, "epsilon": 0.09780422475558728, "gamma": 5.00760568914485}, "datetime": {"datetime": "2021-08-25 15:12:50", "elapsed": 27.694271, "delta": 0.398695}}
{"target": -4.245853403726973, "params": {"C": 10.517357634580149, "epsilon": 0.06818317587366074, "gamma": 4.975582094313458}, "datetime": {"datetime": "2021-08-25 15:12:50", "elapsed": 28.062701, "delta": 0.36843}}
{"target": -3.632410714822862, "params": {"C": 12.467755527344886, "epsilon": 0.06087911342763836, "gamma": 3.436994486030648}, "datetime": {"datetime": "2021-08-25 15:12:50", "elapsed": 28.457734, "delta": 0.395033}}
{"target": -3.222019597669145, "params": {"C": 7.232921737848025, "epsilon": 0.06782610851736638, "gamma": 3.41491621733359}, "datetime": {"datetime": "2021-08-25 15:12:51", "elapsed": 28.7977, "delta": 0.339966}}
{"target": -3.3477741447634974, "params": {"C": 12.329429166256846, "epsilon": 0.06214819172872042, "gamma": 3.401641918993303}, "datetime": {"datetime": "2021-08-25 15:12:51", "elapsed": 29.1757, "delta": 0.378}}
{"target": -3.430464672702142, "params": {"C": 11.015821657141316, "epsilon": 0.08260476269287428, "gamma": 5.601042252452333}, "datetime": {"datetime": "2021-08-25 15:12:52", "elapsed": 29.529061, "delta": 0.353361}}
{"target": -4.381179743611428, "params": {"C": 12.598617807998242, "epsilon": 0.08094208728565801, "gamma": 5.043674824884422}, "datetime": {"datetime": "2021-08-25 15:12:52", "elapsed": 29.895175, "delta": 0.366114}}
{"target": -4.548716192430988, "params": {"C": 10.704217623717426, "epsilon": 0.06808502077631345, "gamma": 5.246740172754545}, "datetime": {"datetime": "2021-08-25 15:12:52", "elapsed": 30.434491, "delta": 0.539316}}
{"target": -5.998667403926134, "params": {"C": 12.941273998402465, "epsilon": 0.07604519348575872, "gamma": 4.85670713548895}, "datetime": {"datetime": "2021-08-25 15:12:53", "elapsed": 30.817455, "delta": 0.382964}}
{"target": -3.9125847437602923, "params": {"C": 9.968862564813882, "epsilon": 0.0720293617660834, "gamma": 4.32567553003919}, "datetime": {"datetime": "2021-08-25 15:12:53", "elapsed": 31.179487, "delta": 0.362032}}
{"target": -2.4053900460662843, "params": {"C": 8.23161898427033, "epsilon": 0.09198045524952407, "gamma": 5.061891966765919}, "datetime": {"datetime": "2021-08-25 15:12:54", "elapsed": 31.588488, "delta": 0.409001}}
{"target": -3.6930222996612585, "params": {"C": 7.698345268975173, "epsilon": 0.095441903417432, "gamma": 3.9859600183616797}, "datetime": {"datetime": "2021-08-25 15:12:54", "elapsed": 31.984999, "delta": 0.396511}}
{"target": -3.916211684766433, "params": {"C": 10.964346801675688, "epsilon": 0.0664213138808357, "gamma": 5.780689436662256}, "datetime": {"datetime": "2021-08-25 15:12:54", "elapsed": 32.352401, "delta": 0.367402}}
{"target": -2.992727461868574, "params": {"C": 11.6942063471868, "epsilon": 0.0635713579711468, "gamma": 3.615459190679215}, "datetime": {"datetime": "2021-08-25 15:12:55", "elapsed": 32.820642, "delta": 0.468241}}
{"target": -2.722897597133887, "params": {"C": 9.495549330773347, "epsilon": 0.06642458336464144, "gamma": 3.4102813333677453}, "datetime": {"datetime": "2021-08-25 15:12:55", "elapsed": 33.192849, "delta": 0.372207}}
{"target": -3.1815284958407344, "params": {"C": 12.850366600517003, "epsilon": 0.08467979269431211, "gamma": 3.2713773807403603}, "datetime": {"datetime": "2021-08-25 15:12:56", "elapsed": 33.613885, "delta": 0.421036}}
{"target": -3.7798232270651115, "params": {"C": 6.2833362848627985, "epsilon": 0.08130968433762202, "gamma": 4.31705068033435}, "datetime": {"datetime": "2021-08-25 15:12:56", "elapsed": 33.98361, "delta": 0.369725}}
{"target": -6.588826201854024, "params": {"C": 9.34139258142513, "epsilon": 0.09903438519645553, "gamma": 5.72853395754394}, "datetime": {"datetime": "2021-08-25 15:12:56", "elapsed": 34.387827, "delta": 0.404217}}
{"target": -3.38171480287476, "params": {"C": 7.523969575909121, "epsilon": 0.09487486743535559, "gamma": 3.651960361845769}, "datetime": {"datetime": "2021-08-25 15:12:57", "elapsed": 34.815803, "delta": 0.427976}}
{"target": -3.5173062810756806, "params": {"C": 11.451508045176551, "epsilon": 0.08217991049746674, "gamma": 5.5446351031896315}, "datetime": {"datetime": "2021-08-25 15:12:57", "elapsed": 35.192087, "delta": 0.376284}}
{"target": -2.993690435325888, "params": {"C": 6.8382438383470365, "epsilon": 0.09439374341021045, "gamma": 3.6138167482541035}, "datetime": {"datetime": "2021-08-25 15:12:58", "elapsed": 35.702567, "delta": 0.51048}}
{"target": -4.03495304916723, "params": {"C": 7.398829547197397, "epsilon": 0.07200123723745319, "gamma": 5.21976598669883}, "datetime": {"datetime": "2021-08-25 15:12:58", "elapsed": 36.08263, "delta": 0.380063}}
{"target": -3.2870867323850668, "params": {"C": 6.145253976996076, "epsilon": 0.08199667651870804, "gamma": 5.5404770890876325}, "datetime": {"datetime": "2021-08-25 15:12:58", "elapsed": 36.462395, "delta": 0.379765}}
{"target": -2.726175113837103, "params": {"C": 8.847811089712819, "epsilon": 0.08936325517095252, "gamma": 3.3133913459082183}, "datetime": {"datetime": "2021-08-25 15:12:59", "elapsed": 36.822393, "delta": 0.359998}}
{"target": -3.4302672164803454, "params": {"C": 7.67963706293183, "epsilon": 0.060718399352480176, "gamma": 3.603562415019857}, "datetime": {"datetime": "2021-08-25 15:12:59", "elapsed": 37.226359, "delta": 0.403966}}
{"target": -4.350077573519786, "params": {"C": 7.849695091994439, "epsilon": 0.07972329109242114, "gamma": 4.827012232575736}, "datetime": {"datetime": "2021-08-25 15:13:00", "elapsed": 38.145253, "delta": 0.918894}}
{"target": -3.005843619823944, "params": {"C": 10.688716444886952, "epsilon": 0.08679718503353792, "gamma": 4.467031697465733}, "datetime": {"datetime": "2021-08-25 15:13:01", "elapsed": 38.561291, "delta": 0.416038}}
{"target": -2.789288015420303, "params": {"C": 8.866443757647568, "epsilon": 0.09389686471810785, "gamma": 4.6029536523887336}, "datetime": {"datetime": "2021-08-25 15:13:01", "elapsed": 38.970776, "delta": 0.409485}}
{"target": -4.2344434394721215, "params": {"C": 6.586661933334539, "epsilon": 0.09672735173531688, "gamma": 3.2123417842602535}, "datetime": {"datetime": "2021-08-25 15:13:02", "elapsed": 39.791775, "delta": 0.820999}}
{"target": -3.9299114659085683, "params": {"C": 9.703750890566312, "epsilon": 0.06565951653329606, "gamma": 5.787460514862135}, "datetime": {"datetime": "2021-08-25 15:13:02", "elapsed": 40.230625, "delta": 0.43885}}
{"target": -4.152132810343484, "params": {"C": 11.564798434936577, "epsilon": 0.08096620043455652, "gamma": 4.852791380558916}, "datetime": {"datetime": "2021-08-25 15:13:03", "elapsed": 40.789625, "delta": 0.559}}
{"target": -3.7189132331717314, "params": {"C": 10.085202492903985, "epsilon": 0.08152501485303423, "gamma": 3.6325098317780915}, "datetime": {"datetime": "2021-08-25 15:13:03", "elapsed": 41.209051, "delta": 0.419426}}
{"target": -4.7830872890180425, "params": {"C": 10.758964940374172, "epsilon": 0.07779424865716206, "gamma": 3.9946229290973867}, "datetime": {"datetime": "2021-08-25 15:13:04", "elapsed": 41.763052, "delta": 0.554001}}
{"target": -2.9029929783349786, "params": {"C": 6.213621389125806, "epsilon": 0.09022029824464338, "gamma": 3.245678875045791}, "datetime": {"datetime": "2021-08-25 15:13:04", "elapsed": 42.167553, "delta": 0.404501}}
{"target": -5.775372060193735, "params": {"C": 12.975858165622798, "epsilon": 0.09821890045859272, "gamma": 3.9956883886766676}, "datetime": {"datetime": "2021-08-25 15:13:05", "elapsed": 42.691593, "delta": 0.52404}}
{"target": -2.3502697161928854, "params": {"C": 6.367145429499684, "epsilon": 0.0915089838375088, "gamma": 4.014746641342523}, "datetime": {"datetime": "2021-08-25 15:13:05", "elapsed": 43.128208, "delta": 0.436615}}
{"target": -2.72401198450922, "params": {"C": 7.496262159790098, "epsilon": 0.06580607336793036, "gamma": 4.293704431727089}, "datetime": {"datetime": "2021-08-25 15:13:06", "elapsed": 43.566437, "delta": 0.438229}}
{"target": -2.8311422782838913, "params": {"C": 10.031274464623369, "epsilon": 0.09327703459865194, "gamma": 5.547515753810082}, "datetime": {"datetime": "2021-08-25 15:13:06", "elapsed": 44.004341, "delta": 0.437904}}
{"target": -3.1867178783181918, "params": {"C": 7.820101928237381, "epsilon": 0.0949960019451738, "gamma": 5.892646496223575}, "datetime": {"datetime": "2021-08-25 15:13:07", "elapsed": 44.52138, "delta": 0.517039}}
{"target": -3.1909711874964573, "params": {"C": 12.574265917537247, "epsilon": 0.06706203910193324, "gamma": 3.7120906038400983}, "datetime": {"datetime": "2021-08-25 15:13:07", "elapsed": 44.970338, "delta": 0.448958}}
{"target": -2.4578410922866754, "params": {"C": 9.208338052859535, "epsilon": 0.09284132394857318, "gamma": 3.8961490981013447}, "datetime": {"datetime": "2021-08-25 15:13:07", "elapsed": 45.39238, "delta": 0.422042}}
{"target": -2.6549823124847007, "params": {"C": 9.001143137337664, "epsilon": 0.08967524682573863, "gamma": 5.677441434175152}, "datetime": {"datetime": "2021-08-25 15:13:08", "elapsed": 45.901189, "delta": 0.508809}}
{"target": -3.1679084436916005, "params": {"C": 11.953309407057235, "epsilon": 0.09485432381507922, "gamma": 5.268456266926433}, "datetime": {"datetime": "2021-08-25 15:13:08", "elapsed": 46.417711, "delta": 0.516522}}
{"target": -3.5922119451134464, "params": {"C": 9.663949434648059, "epsilon": 0.06053649878011842, "gamma": 3.365000752580597}, "datetime": {"datetime": "2021-08-25 15:13:09", "elapsed": 47.066713, "delta": 0.649002}}
{"target": -3.1133184747686826, "params": {"C": 9.732125285066925, "epsilon": 0.08478215215114485, "gamma": 4.898781241619559}, "datetime": {"datetime": "2021-08-25 15:13:10", "elapsed": 47.495711, "delta": 0.428998}}
{"target": -3.14948423349366, "params": {"C": 7.231854655408329, "epsilon": 0.08417804148851224, "gamma": 4.596665394570927}, "datetime": {"datetime": "2021-08-25 15:13:10", "elapsed": 47.982712, "delta": 0.487001}}
{"target": -4.864598015815835, "params": {"C": 8.238383103415682, "epsilon": 0.07520073551368162, "gamma": 4.875538272866656}, "datetime": {"datetime": "2021-08-25 15:13:11", "elapsed": 48.719783, "delta": 0.737071}}
{"target": -4.284387621963285, "params": {"C": 12.951669147907094, "epsilon": 0.06981785103489856, "gamma": 4.329826512378701}, "datetime": {"datetime": "2021-08-25 15:13:11", "elapsed": 49.205783, "delta": 0.486}}
{"target": -2.9371466247139457, "params": {"C": 6.00490976550586, "epsilon": 0.06487714083722709, "gamma": 4.472651554821299}, "datetime": {"datetime": "2021-08-25 15:13:12", "elapsed": 49.767783, "delta": 0.562}}
{"target": -4.469496007791701, "params": {"C": 6.945983399482689, "epsilon": 0.07223882035296658, "gamma": 5.775573440144795}, "datetime": {"datetime": "2021-08-25 15:13:12", "elapsed": 50.249486, "delta": 0.481703}}
{"target": -4.491719144787049, "params": {"C": 11.01292867693013, "epsilon": 0.07602804012568085, "gamma": 3.902824881325059}, "datetime": {"datetime": "2021-08-25 15:13:13", "elapsed": 50.803487, "delta": 0.554001}}
{"target": -3.407018762368246, "params": {"C": 9.425138278997883, "epsilon": 0.06168636838210939, "gamma": 4.786328304852589}, "datetime": {"datetime": "2021-08-25 15:13:14", "elapsed": 51.608484, "delta": 0.804997}}
{"target": -3.525255196990536, "params": {"C": 10.891444411250365, "epsilon": 0.07227946004564424, "gamma": 3.392063028907427}, "datetime": {"datetime": "2021-08-25 15:13:14", "elapsed": 52.072446, "delta": 0.463962}}
{"target": -3.4410555601728334, "params": {"C": 9.494346257706185, "epsilon": 0.06871013678395593, "gamma": 3.7609141394588557}, "datetime": {"datetime": "2021-08-25 15:13:15", "elapsed": 52.541453, "delta": 0.469007}}
{"target": -3.1592555758083756, "params": {"C": 8.843966886593524, "epsilon": 0.08467387912968759, "gamma": 3.8396029258388227}, "datetime": {"datetime": "2021-08-25 15:13:15", "elapsed": 53.231085, "delta": 0.689632}}
{"target": -2.820276060527528, "params": {"C": 7.796444598827954, "epsilon": 0.08767754426304031, "gamma": 5.206701371306922}, "datetime": {"datetime": "2021-08-25 15:13:16", "elapsed": 53.662087, "delta": 0.431002}}
{"target": -3.7678940377741803, "params": {"C": 7.640173168693109, "epsilon": 0.06937331755311096, "gamma": 4.929703986236598}, "datetime": {"datetime": "2021-08-25 15:13:16", "elapsed": 54.156277, "delta": 0.49419}}
{"target": -4.050398735554612, "params": {"C": 12.946691402659658, "epsilon": 0.06770069840123444, "gamma": 4.581992417216046}, "datetime": {"datetime": "2021-08-25 15:13:17", "elapsed": 54.635237, "delta": 0.47896}}
{"target": -2.5170917444885506, "params": {"C": 10.148847691932584, "epsilon": 0.0930766518789104, "gamma": 4.0000478413737275}, "datetime": {"datetime": "2021-08-25 15:13:17", "elapsed": 55.118558, "delta": 0.483321}}
{"target": -3.404240621812011, "params": {"C": 10.297779412533998, "epsilon": 0.06933772625639359, "gamma": 3.4098522640375033}, "datetime": {"datetime": "2021-08-25 15:13:18", "elapsed": 55.718522, "delta": 0.599964}}
{"target": -3.5404750143868893, "params": {"C": 8.692420267608938, "epsilon": 0.07235964305898493, "gamma": 3.7660545255995426}, "datetime": {"datetime": "2021-08-25 15:13:18", "elapsed": 56.33382, "delta": 0.615298}}
{"target": -3.486983889524649, "params": {"C": 8.965182962662913, "epsilon": 0.06578586845138597, "gamma": 5.513971586983558}, "datetime": {"datetime": "2021-08-25 15:13:19", "elapsed": 56.941782, "delta": 0.607962}}
{"target": -2.891706797205584, "params": {"C": 9.406928895668749, "epsilon": 0.09333787111659994, "gamma": 5.933099181824558}, "datetime": {"datetime": "2021-08-25 15:13:19", "elapsed": 57.399795, "delta": 0.458013}}
{"target": -3.339108475633906, "params": {"C": 11.939792767129655, "epsilon": 0.06590530971667652, "gamma": 4.425259777417655}, "datetime": {"datetime": "2021-08-25 15:13:20", "elapsed": 57.892728, "delta": 0.492933}}
{"target": -3.1671589474581716, "params": {"C": 6.345180217961526, "epsilon": 0.08233942323045204, "gamma": 4.772244970506754}, "datetime": {"datetime": "2021-08-25 15:13:20", "elapsed": 58.348549, "delta": 0.455821}}
{"target": -4.892493558121284, "params": {"C": 8.490916648479997, "epsilon": 0.07838437242350133, "gamma": 4.6745107082447275}, "datetime": {"datetime": "2021-08-25 15:13:21", "elapsed": 58.83451, "delta": 0.485961}}
{"target": -3.3935486994146897, "params": {"C": 8.46249093215262, "epsilon": 0.06929953935968887, "gamma": 3.3929841131020098}, "datetime": {"datetime": "2021-08-25 15:13:21", "elapsed": 59.454512, "delta": 0.620002}}
{"target": -4.000330832984632, "params": {"C": 10.11473858649487, "epsilon": 0.08129169195773532, "gamma": 5.385341288044193}, "datetime": {"datetime": "2021-08-25 15:13:22", "elapsed": 60.09337, "delta": 0.638858}}
{"target": -3.878128728044529, "params": {"C": 8.336275954047025, "epsilon": 0.07088492909058894, "gamma": 4.454942676625939}, "datetime": {"datetime": "2021-08-25 15:13:23", "elapsed": 60.570368, "delta": 0.476998}}
{"target": -3.850584019721758, "params": {"C": 11.409940803473045, "epsilon": 0.06908882899730766, "gamma": 3.865126877436113}, "datetime": {"datetime": "2021-08-25 15:13:23", "elapsed": 61.093362, "delta": 0.522994}}
{"target": -2.684647160227328, "params": {"C": 12.47701532995099, "epsilon": 0.08967268805137224, "gamma": 4.6114600320954064}, "datetime": {"datetime": "2021-08-25 15:13:24", "elapsed": 61.578368, "delta": 0.485006}}
{"target": -5.157635785864757, "params": {"C": 7.449011605765469, "epsilon": 0.07716972961177974, "gamma": 5.305560455612295}, "datetime": {"datetime": "2021-08-25 15:13:24", "elapsed": 62.197086, "delta": 0.618718}}
{"target": -3.2040069757457634, "params": {"C": 10.669810557024185, "epsilon": 0.09517879368104559, "gamma": 4.8036550100526645}, "datetime": {"datetime": "2021-08-25 15:13:25", "elapsed": 62.673767, "delta": 0.476681}}
{"target": -4.670419636706034, "params": {"C": 12.68039736080712, "epsilon": 0.07914862239287851, "gamma": 3.8139867831378367}, "datetime": {"datetime": "2021-08-25 15:13:25", "elapsed": 63.299432, "delta": 0.625665}}
{"target": -3.06360893217287, "params": {"C": 6.097193948667452, "epsilon": 0.08983830560362603, "gamma": 3.2605843891752007}, "datetime": {"datetime": "2021-08-25 15:13:26", "elapsed": 63.797467, "delta": 0.498035}}
{"target": -3.3889537283485813, "params": {"C": 9.011148446241956, "epsilon": 0.06205924214896217, "gamma": 4.711588149505426}, "datetime": {"datetime": "2021-08-25 15:13:26", "elapsed": 64.470822, "delta": 0.673355}}
{"target": -2.5027959549992507, "params": {"C": 8.121034849122612, "epsilon": 0.0908873542607293, "gamma": 5.03929639924627}, "datetime": {"datetime": "2021-08-25 15:13:27", "elapsed": 64.963818, "delta": 0.492996}}
{"target": -3.7624270530652466, "params": {"C": 8.372837633458008, "epsilon": 0.07263014911701209, "gamma": 4.089413989943086}, "datetime": {"datetime": "2021-08-25 15:13:27", "elapsed": 65.467858, "delta": 0.50404}}
{"target": -3.3211248327263276, "params": {"C": 6.349499376206454, "epsilon": 0.06367498564786128, "gamma": 3.736841421349765}, "datetime": {"datetime": "2021-08-25 15:13:28", "elapsed": 66.063815, "delta": 0.595957}}
{"target": -3.146800389043733, "params": {"C": 12.05353609989546, "epsilon": 0.08690192557782976, "gamma": 4.738995296030117}, "datetime": {"datetime": "2021-08-25 15:13:29", "elapsed": 66.564367, "delta": 0.500552}}
{"target": -2.740319566537023, "params": {"C": 6.348753300572773, "epsilon": 0.06607328433374704, "gamma": 4.2627577008131965}, "datetime": {"datetime": "2021-08-25 15:13:29", "elapsed": 67.097366, "delta": 0.532999}}
{"target": -3.3000914630725804, "params": {"C": 9.600799663356359, "epsilon": 0.06270396125355356, "gamma": 4.708183070588902}, "datetime": {"datetime": "2021-08-25 15:13:30", "elapsed": 67.683372, "delta": 0.586006}}
{"target": -3.179039207946652, "params": {"C": 8.298067302201675, "epsilon": 0.07672206050174946, "gamma": 3.2134289406322316}, "datetime": {"datetime": "2021-08-25 15:13:30", "elapsed": 68.225281, "delta": 0.541909}}
{"target": -3.4343540415504985, "params": {"C": 6.897293707394008, "epsilon": 0.061439435742900096, "gamma": 3.994330172171684}, "datetime": {"datetime": "2021-08-25 15:13:31", "elapsed": 68.758321, "delta": 0.53304}}
{"target": -3.2765292968227744, "params": {"C": 6.951487931569228, "epsilon": 0.06034678176752976, "gamma": 3.547409683845066}, "datetime": {"datetime": "2021-08-25 15:13:31", "elapsed": 69.34728, "delta": 0.588959}}
{"target": -2.489607407648145, "params": {"C": 12.27942838153336, "epsilon": 0.0929918106913217, "gamma": 3.1121181685643515}, "datetime": {"datetime": "2021-08-25 15:13:32", "elapsed": 69.974319, "delta": 0.627039}}
{"target": -6.51452668570654, "params": {"C": 10.818811841803205, "epsilon": 0.09878075141844916, "gamma": 5.7485913007814045}, "datetime": {"datetime": "2021-08-25 15:13:32", "elapsed": 70.477494, "delta": 0.503175}}
{"target": -3.2159075898175784, "params": {"C": 12.764035743940052, "epsilon": 0.08242186386691952, "gamma": 3.6913386834349566}, "datetime": {"datetime": "2021-08-25 15:13:33", "elapsed": 71.014486, "delta": 0.536992}}
{"target": -3.4168733336553707, "params": {"C": 11.802379240285742, "epsilon": 0.06463739045867117, "gamma": 4.53762939635139}, "datetime": {"datetime": "2021-08-25 15:13:34", "elapsed": 71.687494, "delta": 0.673008}}
{"target": -3.505673191500499, "params": {"C": 7.640133553144814, "epsilon": 0.06859595813851946, "gamma": 4.43144842494655}, "datetime": {"datetime": "2021-08-25 15:13:34", "elapsed": 72.308047, "delta": 0.620553}}
{"target": -3.406944153437451, "params": {"C": 12.402189321623291, "epsilon": 0.06159820808733812, "gamma": 4.411492668246293}, "datetime": {"datetime": "2021-08-25 15:13:35", "elapsed": 72.924646, "delta": 0.616599}}
{"target": -5.606065202084411, "params": {"C": 12.825901622155076, "epsilon": 0.07886929021436934, "gamma": 5.097449826409247}, "datetime": {"datetime": "2021-08-25 15:13:35", "elapsed": 73.454645, "delta": 0.529999}}
{"target": -3.372447883611709, "params": {"C": 11.438104566855106, "epsilon": 0.07016478296465851, "gamma": 3.10766228476148}, "datetime": {"datetime": "2021-08-25 15:13:36", "elapsed": 74.009648, "delta": 0.555003}}
{"target": -2.7289321909858857, "params": {"C": 9.753198042323167, "epsilon": 0.08881297973768633, "gamma": 3.0003431244520344}, "datetime": {"datetime": "2021-08-25 15:14:57", "elapsed": 0.0, "delta": 0.0}}
{"target": -2.8326908638359116, "params": {"C": 8.720993153686557, "epsilon": 0.06587023563268452, "gamma": 3.2770157843063936}, "datetime": {"datetime": "2021-08-25 15:14:58", "elapsed": 0.081046, "delta": 0.081046}}
{"target": -3.900324050371605, "params": {"C": 7.676341902399038, "epsilon": 0.07382242908172192, "gamma": 4.19030242269201}, "datetime": {"datetime": "2021-08-25 15:14:58", "elapsed": 0.166042, "delta": 0.084996}}
{"target": -5.806183657546342, "params": {"C": 10.849350606030212, "epsilon": 0.07676778057613179, "gamma": 5.055658501190278}, "datetime": {"datetime": "2021-08-25 15:14:58", "elapsed": 0.242007, "delta": 0.075965}}
{"target": -3.376448942761482, "params": {"C": 7.8400702475836574, "epsilon": 0.09512469745563781, "gamma": 3.0821627795937783}, "datetime": {"datetime": "2021-08-25 15:14:58", "elapsed": 0.301008, "delta": 0.059001}}
{"target": -5.720946005693756, "params": {"C": 12.03420759160562, "epsilon": 0.07669219209468509, "gamma": 4.676069485337255}, "datetime": {"datetime": "2021-08-25 15:14:58", "elapsed": 0.380043, "delta": 0.079035}}
