{"target": -2.717360657682481, "params": {"C": 12.845768065598982, "epsilon": 0.06604882794740675, "gamma": 3.3586381797653675}, "datetime": {"datetime": "2021-08-25 15:09:37", "elapsed": 14.727369, "delta": 0.2633}}
{"target": -3.073744499180776, "params": {"C": 8.842903063906334, "epsilon": 0.06398658219794029, "gamma": 3.527850410560161}, "datetime": {"datetime": "2021-08-25 15:09:37", "elapsed": 14.993371, "delta": 0.266002}}
{"target": -3.8158805342814275, "params": {"C": 7.29263246485211, "epsilon": 0.09585489720231893, "gamma": 4.5654579599834735}, "datetime": {"datetime": "2021-08-25 15:09:38", "elapsed": 15.283369, "delta": 0.289998}}
{"target": -3.3990094072518837, "params": {"C": 7.521300232365632, "epsilon": 0.07126945291150169, "gamma": 3.871399696725667}, "datetime": {"datetime": "2021-08-25 15:09:38", "elapsed": 15.60941, "delta": 0.326041}}
{"target": -3.4428576539717817, "params": {"C": 7.073222640660931, "epsilon": 0.060608503793693376, "gamma": 5.879579132927304}, "datetime": {"datetime": "2021-08-25 15:09:38", "elapsed": 15.893409, "delta": 0.283999}}
{"target": -6.764461328813179, "params": {"C": 9.540057252517887, "epsilon": 0.09959795215901537, "gamma": 4.207343872170432}, "datetime": {"datetime": "2021-08-25 15:09:39", "elapsed": 16.171369, "delta": 0.27796}}
{"target": -5.424465828520382, "params": {"C": 11.755613189281098, "epsilon": 0.07906298946880395, "gamma": 5.179356995313123}, "datetime": {"datetime": "2021-08-25 15:09:39", "elapsed": 16.478408, "delta": 0.307039}}
{"target": -6.23896705738729, "params": {"C": 9.208364947341005, "epsilon": 0.09877126353235677, "gamma": 4.707132196948798}, "datetime": {"datetime": "2021-08-25 15:09:39", "elapsed": 16.726989, "delta": 0.248581}}
{"target": -2.9046345178057695, "params": {"C": 8.752421322921062, "epsilon": 0.08732843587546518, "gamma": 3.4145849969332356}, "datetime": {"datetime": "2021-08-25 15:09:39", "elapsed": 17.04095, "delta": 0.313961}}
{"target": -5.032834948179683, "params": {"C": 6.941273307122133, "epsilon": 0.09754550370278794, "gamma": 3.028413696580529}, "datetime": {"datetime": "2021-08-25 15:09:40", "elapsed": 17.280957, "delta": 0.240007}}
{"target": -2.4037084677543117, "params": {"C": 8.22627114460847, "epsilon": 0.09224359375042321, "gamma": 4.882490302532518}, "datetime": {"datetime": "2021-08-25 15:09:40", "elapsed": 17.55885, "delta": 0.277893}}
{"target": -3.4669507673632687, "params": {"C": 7.237416268047578, "epsilon": 0.0683685346492647, "gamma": 4.591801283232238}, "datetime": {"datetime": "2021-08-25 15:09:40", "elapsed": 17.828847, "delta": 0.269997}}
{"target": -3.600282618113318, "params": {"C": 11.777890755222447, "epsilon": 0.06479567543991051, "gamma": 4.674926569011188}, "datetime": {"datetime": "2021-08-25 15:09:40", "elapsed": 18.116902, "delta": 0.288055}}
{"target": -6.235257963000787, "params": {"C": 10.971229797690237, "epsilon": 0.07825197747537671, "gamma": 5.747151201835678}, "datetime": {"datetime": "2021-08-25 15:09:41", "elapsed": 18.45654, "delta": 0.339638}}
{"target": -2.8737966598527325, "params": {"C": 9.579716021009375, "epsilon": 0.08843025551002459, "gamma": 5.799114279584755}, "datetime": {"datetime": "2021-08-25 15:09:41", "elapsed": 18.717841, "delta": 0.261301}}
{"target": -5.676997574737154, "params": {"C": 10.170200139337593, "epsilon": 0.09801657585170288, "gamma": 4.782335186635154}, "datetime": {"datetime": "2021-08-25 15:09:41", "elapsed": 19.00446, "delta": 0.286619}}
{"target": -2.8310107860438354, "params": {"C": 11.817667822660045, "epsilon": 0.09361320237358428, "gamma": 4.612466902680939}, "datetime": {"datetime": "2021-08-25 15:09:42", "elapsed": 19.258411, "delta": 0.253951}}
{"target": -3.2546003979294054, "params": {"C": 6.211290327703366, "epsilon": 0.06971314268585523, "gamma": 3.336573903299281}, "datetime": {"datetime": "2021-08-25 15:09:42", "elapsed": 19.572801, "delta": 0.31439}}
{"target": -3.982294002297727, "params": {"C": 11.548354341250198, "epsilon": 0.06563612508052524, "gamma": 5.376784802218172}, "datetime": {"datetime": "2021-08-25 15:09:42", "elapsed": 19.861899, "delta": 0.289098}}
{"target": -2.5843882187036455, "params": {"C": 10.720404591821715, "epsilon": 0.08952800420495001, "gamma": 4.194460978400922}, "datetime": {"datetime": "2021-08-25 15:09:43", "elapsed": 20.169899, "delta": 0.308}}
{"target": -3.4433675189070168, "params": {"C": 8.730075125639488, "epsilon": 0.06141161329879235, "gamma": 3.4645509790438647}, "datetime": {"datetime": "2021-08-25 15:09:43", "elapsed": 20.482898, "delta": 0.312999}}
{"target": -3.1938777300441235, "params": {"C": 6.1779340867487145, "epsilon": 0.0614445224752916, "gamma": 3.089474795627425}, "datetime": {"datetime": "2021-08-25 15:09:43", "elapsed": 20.768213, "delta": 0.285315}}
{"target": -3.2488434703046543, "params": {"C": 8.735581264950074, "epsilon": 0.0673888897911282, "gamma": 3.250966642152097}, "datetime": {"datetime": "2021-08-25 15:09:43", "elapsed": 21.088406, "delta": 0.320193}}
{"target": -4.632255358393626, "params": {"C": 9.343323166152338, "epsilon": 0.06843742278383472, "gamma": 5.44675564194365}, "datetime": {"datetime": "2021-08-25 15:09:44", "elapsed": 21.42272, "delta": 0.334314}}
{"target": -2.9071649750161797, "params": {"C": 11.52507280111639, "epsilon": 0.08864642726972466, "gamma": 5.655723445020516}, "datetime": {"datetime": "2021-08-25 15:09:44", "elapsed": 21.731713, "delta": 0.308993}}
{"target": -5.370282111728214, "params": {"C": 7.061917583049796, "epsilon": 0.09775854049951085, "gamma": 4.602770165361585}, "datetime": {"datetime": "2021-08-25 15:09:44", "elapsed": 22.026748, "delta": 0.295035}}
{"target": -5.782680000180078, "params": {"C": 9.388756986819603, "epsilon": 0.07661841824379584, "gamma": 5.342341892245449}, "datetime": {"datetime": "2021-08-25 15:09:45", "elapsed": 22.328304, "delta": 0.301556}}
{"target": -2.4951155288147584, "params": {"C": 12.237888635691668, "epsilon": 0.09277734195172775, "gamma": 4.103108237931719}, "datetime": {"datetime": "2021-08-25 15:09:45", "elapsed": 22.7038, "delta": 0.375496}}
{"target": -2.412207722396828, "params": {"C": 7.948403913206571, "epsilon": 0.09124695165328599, "gamma": 4.525606317309066}, "datetime": {"datetime": "2021-08-25 15:09:45", "elapsed": 23.001793, "delta": 0.297993}}
{"target": -3.0096150679453104, "params": {"C": 10.473735431572116, "epsilon": 0.06396560154579768, "gamma": 3.4304989597705204}, "datetime": {"datetime": "2021-08-25 15:09:46", "elapsed": 23.315804, "delta": 0.314011}}
{"target": -2.9850098573875448, "params": {"C": 10.634907916351382, "epsilon": 0.09448517814310965, "gamma": 4.6352618390133795}, "datetime": {"datetime": "2021-08-25 15:09:46", "elapsed": 23.635837, "delta": 0.320033}}
{"target": -6.217267509265141, "params": {"C": 11.709405500614785, "epsilon": 0.07717040758571025, "gamma": 5.635407658452108}, "datetime": {"datetime": "2021-08-25 15:09:46", "elapsed": 24.021988, "delta": 0.386151}}
{"target": -3.0893109394850367, "params": {"C": 8.789995569900078, "epsilon": 0.086239580763636, "gamma": 3.8525523212834107}, "datetime": {"datetime": "2021-08-25 15:09:47", "elapsed": 24.349624, "delta": 0.327636}}
{"target": -3.2512388059422457, "params": {"C": 6.439316669121083, "epsilon": 0.09470465425176684, "gamma": 3.958874789202882}, "datetime": {"datetime": "2021-08-25 15:09:47", "elapsed": 24.653325, "delta": 0.303701}}
{"target": -4.364429575570884, "params": {"C": 8.843895482676462, "epsilon": 0.08093605765097472, "gamma": 5.854917719134953}, "datetime": {"datetime": "2021-08-25 15:09:47", "elapsed": 24.977153, "delta": 0.323828}}
{"target": -5.142862189995451, "params": {"C": 11.86397521989806, "epsilon": 0.07295685614711837, "gamma": 4.833729046384866}, "datetime": {"datetime": "2021-08-25 15:09:48", "elapsed": 25.31058, "delta": 0.333427}}
{"target": -3.43481952865493, "params": {"C": 8.064672981367053, "epsilon": 0.06034022665952172, "gamma": 3.4672654330149166}, "datetime": {"datetime": "2021-08-25 15:09:48", "elapsed": 25.663344, "delta": 0.352764}}
{"target": -2.603885279047399, "params": {"C": 12.302171270909707, "epsilon": 0.0925959657842652, "gamma": 5.00731937443034}, "datetime": {"datetime": "2021-08-25 15:09:48", "elapsed": 25.983007, "delta": 0.319663}}
{"target": -2.884055095019225, "params": {"C": 6.394083729152726, "epsilon": 0.08693386138585617, "gamma": 5.6037108057463545}, "datetime": {"datetime": "2021-08-25 15:09:49", "elapsed": 26.300937, "delta": 0.31793}}
{"target": -2.858905580038695, "params": {"C": 6.541027672198489, "epsilon": 0.09375008174234176, "gamma": 5.6452375576029725}, "datetime": {"datetime": "2021-08-25 15:09:49", "elapsed": 26.61973, "delta": 0.318793}}
{"target": -3.1478933834209357, "params": {"C": 11.729536819188288, "epsilon": 0.09468245662801758, "gamma": 5.853430937566417}, "datetime": {"datetime": "2021-08-25 15:09:49", "elapsed": 26.934684, "delta": 0.314954}}
{"target": -3.1025702853017387, "params": {"C": 10.819288978877522, "epsilon": 0.08324391793534025, "gamma": 4.2201407139147324}, "datetime": {"datetime": "2021-08-25 15:09:50", "elapsed": 27.267858, "delta": 0.333174}}
{"target": -4.3189602111053755, "params": {"C": 12.673258331661817, "epsilon": 0.07357072373947593, "gamma": 3.6475647628542305}, "datetime": {"datetime": "2021-08-25 15:09:50", "elapsed": 27.606069, "delta": 0.338211}}
{"target": -3.9467150167671208, "params": {"C": 8.72241052932533, "epsilon": 0.07913848056902695, "gamma": 3.4790940805812145}, "datetime": {"datetime": "2021-08-25 15:09:50", "elapsed": 28.001064, "delta": 0.394995}}
{"target": -5.461997898659602, "params": {"C": 11.451727928175295, "epsilon": 0.09780422475558728, "gamma": 5.00760568914485}, "datetime": {"datetime": "2021-08-25 15:09:51", "elapsed": 28.388901, "delta": 0.387837}}
{"target": -4.245853403726973, "params": {"C": 10.517357634580149, "epsilon": 0.06818317587366074, "gamma": 4.975582094313458}, "datetime": {"datetime": "2021-08-25 15:09:51", "elapsed": 28.755693, "delta": 0.366792}}
{"target": -3.632410714822862, "params": {"C": 12.467755527344886, "epsilon": 0.06087911342763836, "gamma": 3.436994486030648}, "datetime": {"datetime": "2021-08-25 15:09:52", "elapsed": 29.180193, "delta": 0.4245}}
{"target": -3.222019597669145, "params": {"C": 7.232921737848025, "epsilon": 0.06782610851736638, "gamma": 3.41491621733359}, "datetime": {"datetime": "2021-08-25 15:09:52", "elapsed": 29.527408, "delta": 0.347215}}
{"target": -3.3477741447634974, "params": {"C": 12.329429166256846, "epsilon": 0.06214819172872042, "gamma": 3.401641918993303}, "datetime": {"datetime": "2021-08-25 15:09:52", "elapsed": 29.901568, "delta": 0.37416}}
{"target": -3.430464672702142, "params": {"C": 11.015821657141316, "epsilon": 0.08260476269287428, "gamma": 5.601042252452333}, "datetime": {"datetime": "2021-08-25 15:09:53", "elapsed": 30.258164, "delta": 0.356596}}
{"target": -4.381179743611428, "params": {"C": 12.598617807998242, "epsilon": 0.08094208728565801, "gamma": 5.043674824884422}, "datetime": {"datetime": "2021-08-25 15:09:53", "elapsed": 30.645374, "delta": 0.38721}}
{"target": -4.548716192430988, "params": {"C": 10.704217623717426, "epsilon": 0.06808502077631345, "gamma": 5.246740172754545}, "datetime": {"datetime": "2021-08-25 15:09:54", "elapsed": 31.198332, "delta": 0.552958}}
{"target": -5.998667403926134, "params": {"C": 12.941273998402465, "epsilon": 0.07604519348575872, "gamma": 4.85670713548895}, "datetime": {"datetime": "2021-08-25 15:09:54", "elapsed": 31.58438, "delta": 0.386048}}
{"target": -3.9125847437602923, "params": {"C": 9.968862564813882, "epsilon": 0.0720293617660834, "gamma": 4.32567553003919}, "datetime": {"datetime": "2021-08-25 15:09:54", "elapsed": 31.947345, "delta": 0.362965}}
{"target": -2.4053900460662843, "params": {"C": 8.23161898427033, "epsilon": 0.09198045524952407, "gamma": 5.061891966765919}, "datetime": {"datetime": "2021-08-25 15:09:55", "elapsed": 32.38093, "delta": 0.433585}}
{"target": -3.6930222996612585, "params": {"C": 7.698345268975173, "epsilon": 0.095441903417432, "gamma": 3.9859600183616797}, "datetime": {"datetime": "2021-08-25 15:09:55", "elapsed": 32.803926, "delta": 0.422996}}
{"target": -3.916211684766433, "params": {"C": 10.964346801675688, "epsilon": 0.0664213138808357, "gamma": 5.780689436662256}, "datetime": {"datetime": "2021-08-25 15:09:56", "elapsed": 33.195967, "delta": 0.392041}}
{"target": -2.992727461868574, "params": {"C": 11.6942063471868, "epsilon": 0.0635713579711468, "gamma": 3.615459190679215}, "datetime": {"datetime": "2021-08-25 15:09:56", "elapsed": 33.694966, "delta": 0.498999}}
{"target": -2.722897597133887, "params": {"C": 9.495549330773347, "epsilon": 0.06642458336464144, "gamma": 3.4102813333677453}, "datetime": {"datetime": "2021-08-25 15:09:56", "elapsed": 34.124933, "delta": 0.429967}}
{"target": -3.1815284958407344, "params": {"C": 12.850366600517003, "epsilon": 0.08467979269431211, "gamma": 3.2713773807403603}, "datetime": {"datetime": "2021-08-25 15:09:57", "elapsed": 34.568966, "delta": 0.444033}}
{"target": -3.7798232270651115, "params": {"C": 6.2833362848627985, "epsilon": 0.08130968433762202, "gamma": 4.31705068033435}, "datetime": {"datetime": "2021-08-25 15:09:57", "elapsed": 34.972717, "delta": 0.403751}}
{"target": -6.588826201854024, "params": {"C": 9.34139258142513, "epsilon": 0.09903438519645553, "gamma": 5.72853395754394}, "datetime": {"datetime": "2021-08-25 15:09:58", "elapsed": 35.405758, "delta": 0.433041}}
{"target": -3.38171480287476, "params": {"C": 7.523969575909121, "epsilon": 0.09487486743535559, "gamma": 3.651960361845769}, "datetime": {"datetime": "2021-08-25 15:09:58", "elapsed": 35.847718, "delta": 0.44196}}
{"target": -3.5173062810756806, "params": {"C": 11.451508045176551, "epsilon": 0.08217991049746674, "gamma": 5.5446351031896315}, "datetime": {"datetime": "2021-08-25 15:09:59", "elapsed": 36.224759, "delta": 0.377041}}
{"target": -2.993690435325888, "params": {"C": 6.8382438383470365, "epsilon": 0.09439374341021045, "gamma": 3.6138167482541035}, "datetime": {"datetime": "2021-08-25 15:09:59", "elapsed": 36.747391, "delta": 0.522632}}
{"target": -4.03495304916723, "params": {"C": 7.398829547197397, "epsilon": 0.07200123723745319, "gamma": 5.21976598669883}, "datetime": {"datetime": "2021-08-25 15:10:00", "elapsed": 37.158079, "delta": 0.410688}}
{"target": -3.2870867323850668, "params": {"C": 6.145253976996076, "epsilon": 0.08199667651870804, "gamma": 5.5404770890876325}, "datetime": {"datetime": "2021-08-25 15:10:00", "elapsed": 37.570959, "delta": 0.41288}}
{"target": -2.726175113837103, "params": {"C": 8.847811089712819, "epsilon": 0.08936325517095252, "gamma": 3.3133913459082183}, "datetime": {"datetime": "2021-08-25 15:10:00", "elapsed": 37.967514, "delta": 0.396555}}
{"target": -3.4302672164803454, "params": {"C": 7.67963706293183, "epsilon": 0.060718399352480176, "gamma": 3.603562415019857}, "datetime": {"datetime": "2021-08-25 15:10:01", "elapsed": 38.378513, "delta": 0.410999}}
{"target": -4.350077573519786, "params": {"C": 7.849695091994439, "epsilon": 0.07972329109242114, "gamma": 4.827012232575736}, "datetime": {"datetime": "2021-08-25 15:10:01", "elapsed": 38.804689, "delta": 0.426176}}
{"target": -3.005843619823944, "params": {"C": 10.688716444886952, "epsilon": 0.08679718503353792, "gamma": 4.467031697465733}, "datetime": {"datetime": "2021-08-25 15:10:02", "elapsed": 39.20469, "delta": 0.400001}}
{"target": -2.789288015420303, "params": {"C": 8.866443757647568, "epsilon": 0.09389686471810785, "gamma": 4.6029536523887336}, "datetime": {"datetime": "2021-08-25 15:10:02", "elapsed": 39.606682, "delta": 0.401992}}
{"target": -4.2344434394721215, "params": {"C": 6.586661933334539, "epsilon": 0.09672735173531688, "gamma": 3.2123417842602535}, "datetime": {"datetime": "2021-08-25 15:10:02", "elapsed": 39.990724, "delta": 0.384042}}
{"target": -3.9299114659085683, "params": {"C": 9.703750890566312, "epsilon": 0.06565951653329606, "gamma": 5.787460514862135}, "datetime": {"datetime": "2021-08-25 15:10:03", "elapsed": 40.423686, "delta": 0.432962}}
{"target": -4.152132810343484, "params": {"C": 11.564798434936577, "epsilon": 0.08096620043455652, "gamma": 4.852791380558916}, "datetime": {"datetime": "2021-08-25 15:10:03", "elapsed": 40.992444, "delta": 0.568758}}
{"target": -3.7189132331717314, "params": {"C": 10.085202492903985, "epsilon": 0.08152501485303423, "gamma": 3.6325098317780915}, "datetime": {"datetime": "2021-08-25 15:10:04", "elapsed": 41.399438, "delta": 0.406994}}
{"target": -4.7830872890180425, "params": {"C": 10.758964940374172, "epsilon": 0.07779424865716206, "gamma": 3.9946229290973867}, "datetime": {"datetime": "2021-08-25 15:10:04", "elapsed": 41.960353, "delta": 0.560915}}
{"target": -2.9029929783349786, "params": {"C": 6.213621389125806, "epsilon": 0.09022029824464338, "gamma": 3.245678875045791}, "datetime": {"datetime": "2021-08-25 15:10:05", "elapsed": 42.383309, "delta": 0.422956}}
{"target": -5.775372060193735, "params": {"C": 12.975858165622798, "epsilon": 0.09821890045859272, "gamma": 3.9956883886766676}, "datetime": {"datetime": "2021-08-25 15:10:05", "elapsed": 42.88506, "delta": 0.501751}}
{"target": -2.3502697161928854, "params": {"C": 6.367145429499684, "epsilon": 0.0915089838375088, "gamma": 4.014746641342523}, "datetime": {"datetime": "2021-08-25 15:10:06", "elapsed": 43.298052, "delta": 0.412992}}
{"target": -2.72401198450922, "params": {"C": 7.496262159790098, "epsilon": 0.06580607336793036, "gamma": 4.293704431727089}, "datetime": {"datetime": "2021-08-25 15:10:06", "elapsed": 43.758018, "delta": 0.459966}}
{"target": -2.8311422782838913, "params": {"C": 10.031274464623369, "epsilon": 0.09327703459865194, "gamma": 5.547515753810082}, "datetime": {"datetime": "2021-08-25 15:10:07", "elapsed": 44.180049, "delta": 0.422031}}
{"target": -3.1867178783181918, "params": {"C": 7.820101928237381, "epsilon": 0.0949960019451738, "gamma": 5.892646496223575}, "datetime": {"datetime": "2021-08-25 15:10:07", "elapsed": 44.716739, "delta": 0.53669}}
{"target": -3.1909711874964573, "params": {"C": 12.574265917537247, "epsilon": 0.06706203910193324, "gamma": 3.7120906038400983}, "datetime": {"datetime": "2021-08-25 15:10:08", "elapsed": 45.166697, "delta": 0.449958}}
{"target": -2.4578410922866754, "params": {"C": 9.208338052859535, "epsilon": 0.09284132394857318, "gamma": 3.8961490981013447}, "datetime": {"datetime": "2021-08-25 15:10:08", "elapsed": 45.594739, "delta": 0.428042}}
{"target": -2.6549823124847007, "params": {"C": 9.001143137337664, "epsilon": 0.08967524682573863, "gamma": 5.677441434175152}, "datetime": {"datetime": "2021-08-25 15:10:08", "elapsed": 46.104697, "delta": 0.509958}}
{"target": -3.1679084436916005, "params": {"C": 11.953309407057235, "epsilon": 0.09485432381507922, "gamma": 5.268456266926433}, "datetime": {"datetime": "2021-08-25 15:10:09", "elapsed": 46.639697, "delta": 0.535}}
{"target": -2.735876860175587, "params": {"C": 8.919154032918017, "epsilon": 0.08881297973768633, "gamma": 3.0003431244520344}, "datetime": {"datetime": "2021-08-25 15:12:22", "elapsed": 0.0, "delta": 0.0}}
{"target": -2.8598844044216265, "params": {"C": 8.11632800842288, "epsilon": 0.06587023563268452, "gamma": 3.2770157843063936}, "datetime": {"datetime": "2021-08-25 15:12:22", "elapsed": 0.078, "delta": 0.078}}
{"target": -3.8292469815936094, "params": {"C": 7.303821479643696, "epsilon": 0.07382242908172192, "gamma": 4.19030242269201}, "datetime": {"datetime": "2021-08-25 15:12:22", "elapsed": 0.148999, "delta": 0.070999}}
{"target": -5.6551569692101795, "params": {"C": 9.771717138023499, "epsilon": 0.07676778057613179, "gamma": 5.055658501190278}, "datetime": {"datetime": "2021-08-25 15:12:22", "elapsed": 0.222954, "delta": 0.073955}}
{"target": -3.354275000339222, "params": {"C": 7.4311657481206215, "epsilon": 0.09512469745563781, "gamma": 3.0821627795937783}, "datetime": {"datetime": "2021-08-25 15:12:22", "elapsed": 0.281958, "delta": 0.059004}}
{"target": -5.410831786432635, "params": {"C": 10.693272571248816, "epsilon": 0.07669219209468509, "gamma": 4.676069485337255}, "datetime": {"datetime": "2021-08-25 15:12:22", "elapsed": 0.355958, "delta": 0.074}}
{"target": -3.911893515813543, "params": {"C": 6.982708570166636, "epsilon": 0.06792405956339514, "gamma": 5.40223370602661}, "datetime": {"datetime": "2021-08-25 15:12:22", "elapsed": 0.433959, "delta": 0.078001}}
{"target": -5.3610036123247475, "params": {"C": 12.777831030035783, "epsilon": 0.07253696712636971, "gamma": 5.076967847007943}, "datetime": {"datetime": "2021-08-25 15:12:23", "elapsed": 0.515959, "delta": 0.082}}
{"target": -3.685019911140098, "params": {"C": 12.134724066072268, "epsilon": 0.0957842665401539, "gamma": 3.2551326341093336}, "datetime": {"datetime": "2021-08-25 15:12:23", "elapsed": 0.57496, "delta": 0.059001}}
{"target": -3.318137116805438, "params": {"C": 6.273383482630177, "epsilon": 0.06679321678258275, "gamma": 5.634427510288239}, "datetime": {"datetime": "2021-08-25 15:12:23", "elapsed": 0.654999, "delta": 0.080039}}
{"target": -3.4172639056184866, "params": {"C": 10.413264412408946, "epsilon": 0.06, "gamma": 3.0}, "datetime": {"datetime": "2021-08-25 15:12:23", "elapsed": 0.875999, "delta": 0.221}}
{"target": -3.6007719484562855, "params": {"C": 6.0, "epsilon": 0.06, "gamma": 4.350491786513975}, "datetime": {"datetime": "2021-08-25 15:12:23", "elapsed": 1.084005, "delta": 0.208006}}
{"target": -3.1873834235441314, "params": {"C": 8.394270228032305, "epsilon": 0.06, "gamma": 3.0}, "datetime": {"datetime": "2021-08-25 15:12:23", "elapsed": 1.316006, "delta": 0.232001}}
{"target": -6.917066577790151, "params": {"C": 8.81347533120633, "epsilon": 0.1, "gamma": 3.777742346138253}, "datetime": {"datetime": "2021-08-25 15:12:24", "elapsed": 1.496, "delta": 0.179994}}
