{"target": -3.9440230575880837, "params": {"C": 5.461494520493407, "epsilon": 0.0943949882799678, "gamma": 4.171524216799277}, "datetime": {"datetime": "2021-08-25 17:44:52", "elapsed": 883.374252, "delta": 8.718606}}
{"target": -3.4024510224180333, "params": {"C": 0.4293153832245681, "epsilon": 0.07448056166361336, "gamma": 1.319710481862309}, "datetime": {"datetime": "2021-08-25 17:45:00", "elapsed": 891.293663, "delta": 7.919411}}
{"target": -3.405347813251009, "params": {"C": 0.7163423541639649, "epsilon": 0.029458846420494823, "gamma": 1.0188016482662585}, "datetime": {"datetime": "2021-08-25 17:45:08", "elapsed": 899.332662, "delta": 8.038999}}
{"target": -3.426172444963419, "params": {"C": 0.5874461919173657, "epsilon": 0.03250585845809226, "gamma": 1.204505697710203}, "datetime": {"datetime": "2021-08-25 17:45:17", "elapsed": 908.651241, "delta": 9.318579}}
