{"target": -10.412971685955759, "params": {"C": 4.176049826978714, "epsilon": 7.20604168948716, "gamma": 0.011142604425275418}, "datetime": {"datetime": "2021-08-25 14:12:53", "elapsed": 0.0, "delta": 0.0}}
{"target": -10.412971685955759, "params": {"C": 3.0303024005920793, "epsilon": 1.4760913492629593, "gamma": 0.9324625617402901}, "datetime": {"datetime": "2021-08-25 14:12:53", "elapsed": 0.069004, "delta": 0.069004}}
{"target": -10.412971685956018, "params": {"C": 1.8707395116629324, "epsilon": 3.462151663160047, "gamma": 3.9737070675643924}, "datetime": {"datetime": "2021-08-25 14:12:53", "elapsed": 0.125003, "delta": 0.055999}}
{"target": -10.412971685955759, "params": {"C": 5.392779172693536, "epsilon": 4.197753198888915, "gamma": 6.855342808963627}, "datetime": {"datetime": "2021-08-25 14:12:53", "elapsed": 0.182041, "delta": 0.057038}}
{"target": -10.412971685955759, "params": {"C": 2.052477974817859, "epsilon": 8.782393189545544, "gamma": 0.2836020560472824}, "datetime": {"datetime": "2021-08-25 14:12:53", "elapsed": 0.236037, "delta": 0.053996}}
{"target": -10.412971685955759, "params": {"C": 9.611769585320397, "epsilon": 9.963139997889279, "gamma": 9.804748066428667}, "datetime": {"datetime": "2021-08-25 14:12:54", "elapsed": 0.827993, "delta": 0.591956}}
{"target": -4.182484152844371, "params": {"C": 9.957695583515502, "epsilon": 0.053380117857494816, "gamma": 9.583580336231854}, "datetime": {"datetime": "2021-08-25 14:12:54", "elapsed": 1.583565, "delta": 0.755572}}
{"target": -4.422492647022918, "params": {"C": 9.577433398487296, "epsilon": 0.04775357854605335, "gamma": 8.743506956630423}, "datetime": {"datetime": "2021-08-25 14:12:55", "elapsed": 1.858565, "delta": 0.275}}
{"target": -4.256646032413778, "params": {"C": 8.819258272587685, "epsilon": 0.01, "gamma": 10.0}, "datetime": {"datetime": "2021-08-25 14:12:55", "elapsed": 2.244257, "delta": 0.385692}}
{"target": -10.412971685955759, "params": {"C": 9.720008427821593, "epsilon": 1.2990236973527636, "gamma": 9.914220684840648}, "datetime": {"datetime": "2021-08-25 14:12:55", "elapsed": 2.485248, "delta": 0.240991}}
{"target": -3.9187097474455457, "params": {"C": 9.187592854683002, "epsilon": 0.017283109876501408, "gamma": 9.39232940912223}, "datetime": {"datetime": "2021-08-25 14:12:56", "elapsed": 2.884249, "delta": 0.399001}}
{"target": -10.412971685955759, "params": {"C": 9.611858108507617, "epsilon": 0.19309973145103185, "gamma": 9.418179826071253}, "datetime": {"datetime": "2021-08-25 14:12:56", "elapsed": 3.099291, "delta": 0.215042}}
{"target": -10.412971685955759, "params": {"C": 4.892439901519784, "epsilon": 8.413374950585418, "gamma": 9.790893699262126}, "datetime": {"datetime": "2021-08-25 14:12:56", "elapsed": 3.20729, "delta": 0.107999}}
{"target": -10.412971685955759, "params": {"C": 3.231502866774166, "epsilon": 7.63771913328533, "gamma": 8.571047039112377}, "datetime": {"datetime": "2021-08-25 14:12:56", "elapsed": 3.315104, "delta": 0.107814}}
{"target": -10.412971685955759, "params": {"C": 8.550924260087543, "epsilon": 7.196327031050554, "gamma": 9.1205895268633}, "datetime": {"datetime": "2021-08-25 14:12:56", "elapsed": 3.425139, "delta": 0.110035}}
{"target": -10.412971685955759, "params": {"C": 6.774344147413909, "epsilon": 5.483631316610355, "gamma": 3.8382595797156607}, "datetime": {"datetime": "2021-08-25 14:12:56", "elapsed": 3.535099, "delta": 0.10996}}
{"target": -10.412971685955759, "params": {"C": 1.4161534490208225, "epsilon": 1.4024017734137937, "gamma": 3.1751547953936305}, "datetime": {"datetime": "2021-08-25 14:12:56", "elapsed": 3.65014, "delta": 0.115041}}
{"target": -10.412971685955759, "params": {"C": 2.7472646721645373, "epsilon": 7.645840554218786, "gamma": 0.6780367511465472}, "datetime": {"datetime": "2021-08-25 14:12:56", "elapsed": 3.766139, "delta": 0.115999}}
{"target": -10.412971685955759, "params": {"C": 9.39390229799263, "epsilon": 9.499991061192029, "gamma": 2.798522923170655}, "datetime": {"datetime": "2021-08-25 14:12:57", "elapsed": 3.879143, "delta": 0.113004}}
{"target": -10.412971685955888, "params": {"C": 5.986038163763634, "epsilon": 1.1358935525219096, "gamma": 1.1766073217474338}, "datetime": {"datetime": "2021-08-25 14:12:57", "elapsed": 3.99214, "delta": 0.112997}}
{"target": -10.412971685955759, "params": {"C": 6.140110360571657, "epsilon": 5.5783450374551835, "gamma": 6.53953313381478}, "datetime": {"datetime": "2021-08-25 14:12:57", "elapsed": 4.110106, "delta": 0.117966}}
{"target": -10.412971685955759, "params": {"C": 0.17795852364233114, "epsilon": 2.5909848016068726, "gamma": 8.007841209885681}, "datetime": {"datetime": "2021-08-25 14:12:57", "elapsed": 4.241102, "delta": 0.130996}}
{"target": -10.412971685955759, "params": {"C": 3.1301371219104324, "epsilon": 5.467121023713035, "gamma": 8.26931504704887}, "datetime": {"datetime": "2021-08-25 14:12:57", "elapsed": 4.370137, "delta": 0.129035}}
{"target": -10.412971685955888, "params": {"C": 4.644976675121191, "epsilon": 1.3671245930359694, "gamma": 5.677659717219105}, "datetime": {"datetime": "2021-08-25 14:12:57", "elapsed": 4.491139, "delta": 0.121002}}
{"target": -10.412971685955759, "params": {"C": 9.114900465390408, "epsilon": 6.23051883997001, "gamma": 9.69312479869416}, "datetime": {"datetime": "2021-08-25 14:12:57", "elapsed": 4.6281, "delta": 0.136961}}
{"target": -10.412971685955759, "params": {"C": 8.042417587869094, "epsilon": 3.1864153828390496, "gamma": 6.0692288966889505}, "datetime": {"datetime": "2021-08-25 14:12:57", "elapsed": 4.75814, "delta": 0.13004}}
{"target": -10.412971685955759, "params": {"C": 2.3081180666468675, "epsilon": 0.6572203071649878, "gamma": 7.041418017704707}, "datetime": {"datetime": "2021-08-25 14:12:58", "elapsed": 4.885145, "delta": 0.127005}}
{"target": -10.412971685955759, "params": {"C": 8.582292987683415, "epsilon": 8.535324533978788, "gamma": 8.823030502406697}, "datetime": {"datetime": "2021-08-25 14:12:58", "elapsed": 5.011141, "delta": 0.125996}}
{"target": -10.412971685955632, "params": {"C": 5.988684010086384, "epsilon": 1.1601617459107254, "gamma": 4.09762080191171}, "datetime": {"datetime": "2021-08-25 14:12:58", "elapsed": 5.150142, "delta": 0.139001}}
{"target": -10.412971685955759, "params": {"C": 8.393647725562555, "epsilon": 4.1909196822648545, "gamma": 2.967933279566072}, "datetime": {"datetime": "2021-08-25 14:12:58", "elapsed": 5.282139, "delta": 0.131997}}
{"target": -10.412971685955759, "params": {"C": 3.0882106054312475, "epsilon": 8.57483152485635, "gamma": 7.649350042396608}, "datetime": {"datetime": "2021-08-25 14:12:58", "elapsed": 5.422801, "delta": 0.140662}}
{"target": -10.412971685955759, "params": {"C": 3.281284214032891, "epsilon": 5.518449589124608, "gamma": 2.2384486330212963}, "datetime": {"datetime": "2021-08-25 14:12:58", "elapsed": 5.564762, "delta": 0.141961}}
{"target": -10.412971685955759, "params": {"C": 0.4394900528804721, "epsilon": 4.1544809215208085, "gamma": 0.06286281438056462}, "datetime": {"datetime": "2021-08-25 14:12:58", "elapsed": 5.718761, "delta": 0.153999}}
{"target": -10.412971685955759, "params": {"C": 1.155859623832455, "epsilon": 6.3284963393532, "gamma": 4.105417037879968}, "datetime": {"datetime": "2021-08-25 14:12:59", "elapsed": 5.90916, "delta": 0.190399}}
{"target": -10.412971685955759, "params": {"C": 1.3931455608977872, "epsilon": 4.382497801679818, "gamma": 6.9537781687365126}, "datetime": {"datetime": "2021-08-25 14:12:59", "elapsed": 6.062155, "delta": 0.152995}}
{"target": -10.412971685955759, "params": {"C": 2.190467252363121, "epsilon": 7.4163309680848535, "gamma": 5.35842556611087}, "datetime": {"datetime": "2021-08-25 14:12:59", "elapsed": 6.215154, "delta": 0.152999}}
{"target": -10.412971685955759, "params": {"C": 1.0409806674282414, "epsilon": 0.5809171903722196, "gamma": 3.7027643213282073}, "datetime": {"datetime": "2021-08-25 14:12:59", "elapsed": 6.366153, "delta": 0.150999}}
{"target": -10.412971685955759, "params": {"C": 4.374786913831957, "epsilon": 1.942790325040343, "gamma": 0.7669014926681228}, "datetime": {"datetime": "2021-08-25 14:12:59", "elapsed": 6.521119, "delta": 0.154966}}
{"target": -10.412971685955759, "params": {"C": 0.4312977469224724, "epsilon": 1.1772136870453354, "gamma": 5.022621714022705}, "datetime": {"datetime": "2021-08-25 14:12:59", "elapsed": 6.679153, "delta": 0.158034}}
{"target": -10.412971685955759, "params": {"C": 5.209510713431076, "epsilon": 8.268035124632423, "gamma": 7.895905399930537}, "datetime": {"datetime": "2021-08-25 14:13:00", "elapsed": 6.87812, "delta": 0.198967}}
{"target": -10.412971685955759, "params": {"C": 1.9890108627053293, "epsilon": 3.5436954699378234, "gamma": 8.801566889747056}, "datetime": {"datetime": "2021-08-25 14:13:00", "elapsed": 7.056793, "delta": 0.178673}}
{"target": -10.412971685955759, "params": {"C": 7.630849408934026, "epsilon": 4.687723045595415, "gamma": 1.9680437712634329}, "datetime": {"datetime": "2021-08-25 14:13:00", "elapsed": 7.21779, "delta": 0.160997}}
{"target": -10.412971685955759, "params": {"C": 8.340478556614409, "epsilon": 1.2490328130314605, "gamma": 0.3716206608102096}, "datetime": {"datetime": "2021-08-25 14:13:00", "elapsed": 7.385135, "delta": 0.167345}}
{"target": -10.412971685955759, "params": {"C": 4.952429351063857, "epsilon": 8.5339848502596, "gamma": 0.4005095930331214}, "datetime": {"datetime": "2021-08-25 14:13:00", "elapsed": 7.578101, "delta": 0.192966}}
{"target": -10.412971685955759, "params": {"C": 2.5547228368422306, "epsilon": 8.456446135664303, "gamma": 1.3152615507798413}, "datetime": {"datetime": "2021-08-25 14:13:00", "elapsed": 7.748134, "delta": 0.170033}}
{"target": -10.412971685955759, "params": {"C": 7.549481344322791, "epsilon": 2.371401527071588, "gamma": 8.753153152752178}, "datetime": {"datetime": "2021-08-25 14:13:01", "elapsed": 7.913333, "delta": 0.165199}}
{"target": -10.412971685955245, "params": {"C": 0.16512509813743473, "epsilon": 7.758389295506311, "gamma": 9.212167760850477}, "datetime": {"datetime": "2021-08-25 14:13:01", "elapsed": 8.085298, "delta": 0.171965}}
{"target": -10.412971685955759, "params": {"C": 8.110588507092915, "epsilon": 7.474988198213383, "gamma": 8.896394683489618}, "datetime": {"datetime": "2021-08-25 14:13:01", "elapsed": 8.259298, "delta": 0.174}}
{"target": -10.412971685955759, "params": {"C": 5.968025089551432, "epsilon": 4.664242479587611, "gamma": 9.886809045035559}, "datetime": {"datetime": "2021-08-25 14:13:01", "elapsed": 8.441303, "delta": 0.182005}}
{"target": -10.412971685955759, "params": {"C": 2.6940907137956023, "epsilon": 6.635027995480053, "gamma": 4.10322890219778}, "datetime": {"datetime": "2021-08-25 14:13:01", "elapsed": 8.630303, "delta": 0.189}}
{"target": -10.412971685955759, "params": {"C": 0.8442993102567661, "epsilon": 2.030664064249567, "gamma": 2.985249656037235}, "datetime": {"datetime": "2021-08-25 14:13:02", "elapsed": 8.810292, "delta": 0.179989}}
{"target": -10.412971685955759, "params": {"C": 0.675271634559356, "epsilon": 5.091080453637626, "gamma": 1.0911064325551414}, "datetime": {"datetime": "2021-08-25 14:13:02", "elapsed": 8.988297, "delta": 0.178005}}
{"target": -10.412971685955759, "params": {"C": 3.595044287702614, "epsilon": 1.3313570454615915, "gamma": 4.445882247398549}, "datetime": {"datetime": "2021-08-25 14:13:02", "elapsed": 9.170292, "delta": 0.181995}}
{"target": -10.412971685955759, "params": {"C": 6.556558037119602, "epsilon": 2.5005455156225396, "gamma": 6.4320763799511145}, "datetime": {"datetime": "2021-08-25 14:13:02", "elapsed": 9.350555, "delta": 0.180263}}
{"target": -10.412971685955759, "params": {"C": 9.919716540835605, "epsilon": 8.579305182630561, "gamma": 9.047774546546906}, "datetime": {"datetime": "2021-08-25 14:13:02", "elapsed": 9.534557, "delta": 0.184002}}
{"target": -10.412971685955759, "params": {"C": 4.557427443058916, "epsilon": 5.090529880537497, "gamma": 2.433128028864658}, "datetime": {"datetime": "2021-08-25 14:13:02", "elapsed": 9.749553, "delta": 0.214996}}
{"target": -10.412971685955759, "params": {"C": 0.4316171220342944, "epsilon": 6.5798278914802975, "gamma": 9.911788746125021}, "datetime": {"datetime": "2021-08-25 14:13:03", "elapsed": 9.942553, "delta": 0.193}}
{"target": -10.412971685955759, "params": {"C": 0.5962603938804892, "epsilon": 0.1458650951082167, "gamma": 8.663937023835592}, "datetime": {"datetime": "2021-08-25 14:13:03", "elapsed": 10.131601, "delta": 0.189048}}
{"target": -10.412971685955759, "params": {"C": 1.0953090067411664, "epsilon": 8.15597240364103, "gamma": 9.746549640850835}, "datetime": {"datetime": "2021-08-25 14:13:03", "elapsed": 10.327552, "delta": 0.195951}}
{"target": -10.412971685955888, "params": {"C": 8.71875254826141, "epsilon": 1.794165767810376, "gamma": 4.193674156933775}, "datetime": {"datetime": "2021-08-25 14:13:03", "elapsed": 10.516594, "delta": 0.189042}}
{"target": -10.412971685955632, "params": {"C": 0.7284024233956613, "epsilon": 1.569511368740544, "gamma": 6.778053390765427}, "datetime": {"datetime": "2021-08-25 14:13:03", "elapsed": 10.717595, "delta": 0.201001}}
{"target": -10.412971685955759, "params": {"C": 6.278139632535786, "epsilon": 2.9264825578700213, "gamma": 5.842941031032856}, "datetime": {"datetime": "2021-08-25 14:13:04", "elapsed": 10.928557, "delta": 0.210962}}
{"target": -10.412971685955759, "params": {"C": 5.679846084874744, "epsilon": 2.76050048821304, "gamma": 5.129286788917249}, "datetime": {"datetime": "2021-08-25 14:13:04", "elapsed": 11.131561, "delta": 0.203004}}
{"target": -10.412971685955759, "params": {"C": 9.525818968820353, "epsilon": 2.4933569596166367, "gamma": 0.5557457683840809}, "datetime": {"datetime": "2021-08-25 14:13:04", "elapsed": 11.346739, "delta": 0.215178}}
{"target": -10.412971685955245, "params": {"C": 2.5804447613168513, "epsilon": 7.417656784137111, "gamma": 6.613604863507273}, "datetime": {"datetime": "2021-08-25 14:13:04", "elapsed": 11.578749, "delta": 0.23201}}
{"target": -10.412971685955759, "params": {"C": 0.17993535597950158, "epsilon": 2.940289827478756, "gamma": 3.122881453898663}, "datetime": {"datetime": "2021-08-25 14:13:05", "elapsed": 11.795788, "delta": 0.217039}}
{"target": -10.412971685955759, "params": {"C": 0.871618919145686, "epsilon": 5.476586781004073, "gamma": 1.4588646836538197}, "datetime": {"datetime": "2021-08-25 14:13:05", "elapsed": 11.996415, "delta": 0.200627}}
{"target": -10.412971685955245, "params": {"C": 3.301149836310603, "epsilon": 7.136311848710778, "gamma": 6.8125091389796975}, "datetime": {"datetime": "2021-08-25 14:13:05", "elapsed": 12.212418, "delta": 0.216003}}
{"target": -10.412971685955632, "params": {"C": 9.779888996476263, "epsilon": 1.520694779864838, "gamma": 1.2042651386186733}, "datetime": {"datetime": "2021-08-25 14:13:05", "elapsed": 12.452884, "delta": 0.240466}}
{"target": -10.412971685955759, "params": {"C": 4.06722880120347, "epsilon": 1.0056489039355871, "gamma": 1.7677418671653362}, "datetime": {"datetime": "2021-08-25 14:13:05", "elapsed": 12.700634, "delta": 0.24775}}
{"target": -10.412971685955759, "params": {"C": 1.8547711891246548, "epsilon": 8.964760576279154, "gamma": 5.222975006744966}, "datetime": {"datetime": "2021-08-25 14:13:06", "elapsed": 12.937539, "delta": 0.236905}}
{"target": -10.412971685955759, "params": {"C": 2.1811127601903797, "epsilon": 2.824545864647547, "gamma": 2.911760990096472}, "datetime": {"datetime": "2021-08-25 14:13:06", "elapsed": 13.149579, "delta": 0.21204}}
{"target": -10.412971685955759, "params": {"C": 1.5416420257432426, "epsilon": 0.1619738224749206, "gamma": 9.598998512647926}, "datetime": {"datetime": "2021-08-25 14:13:06", "elapsed": 13.411124, "delta": 0.261545}}
{"target": -10.412971685955759, "params": {"C": 5.06216742180767, "epsilon": 9.899588551714087, "gamma": 4.030455094327539}, "datetime": {"datetime": "2021-08-25 14:13:06", "elapsed": 13.640093, "delta": 0.228969}}
{"target": -10.412971685955759, "params": {"C": 8.224082251559738, "epsilon": 4.770981619833788, "gamma": 7.2672587943927}, "datetime": {"datetime": "2021-08-25 14:13:07", "elapsed": 13.883261, "delta": 0.243168}}
{"target": -10.412971685955759, "params": {"C": 4.588795117705234, "epsilon": 9.693123067206102, "gamma": 5.694750215839498}, "datetime": {"datetime": "2021-08-25 14:13:07", "elapsed": 14.108221, "delta": 0.22496}}
{"target": -10.412971685955759, "params": {"C": 3.938098430854486, "epsilon": 6.835276859897427, "gamma": 1.390568039787675}, "datetime": {"datetime": "2021-08-25 14:13:07", "elapsed": 14.368322, "delta": 0.260101}}
{"target": -10.412971685955759, "params": {"C": 1.3533314768785871, "epsilon": 9.386989549771288, "gamma": 0.10461760961316029}, "datetime": {"datetime": "2021-08-25 14:13:07", "elapsed": 14.590322, "delta": 0.222}}
{"target": -10.412971685955759, "params": {"C": 3.18720696209123, "epsilon": 8.062837539168198, "gamma": 6.278692707433286}, "datetime": {"datetime": "2021-08-25 14:13:08", "elapsed": 14.81536, "delta": 0.225038}}
{"target": -10.412971685955759, "params": {"C": 1.7759697882564724, "epsilon": 2.1000415286538594, "gamma": 5.31069827316335}, "datetime": {"datetime": "2021-08-25 14:13:08", "elapsed": 15.043359, "delta": 0.227999}}
{"target": -10.412971685955632, "params": {"C": 8.255875520667464, "epsilon": 1.2077199411176502, "gamma": 5.587505474807256}, "datetime": {"datetime": "2021-08-25 14:13:08", "elapsed": 15.272367, "delta": 0.229008}}
{"target": -10.412971685955759, "params": {"C": 7.104655096989352, "epsilon": 4.568431374475334, "gamma": 9.158013502112807}, "datetime": {"datetime": "2021-08-25 14:13:08", "elapsed": 15.5141, "delta": 0.241733}}
{"target": -10.412971685955759, "params": {"C": 5.11876614998338, "epsilon": 7.1104563136286405, "gamma": 9.331050551017233}, "datetime": {"datetime": "2021-08-25 14:13:08", "elapsed": 15.744093, "delta": 0.229993}}
{"target": -10.412971685955759, "params": {"C": 5.9614713417117935, "epsilon": 9.504639818962794, "gamma": 5.945176171495064}, "datetime": {"datetime": "2021-08-25 14:13:09", "elapsed": 15.978825, "delta": 0.234732}}
{"target": -10.412971685955759, "params": {"C": 8.31264307833912, "epsilon": 8.404897292802675, "gamma": 5.379514785927527}, "datetime": {"datetime": "2021-08-25 14:13:09", "elapsed": 16.223824, "delta": 0.244999}}
{"target": -10.412971685955759, "params": {"C": 0.3115414819652323, "epsilon": 2.435857385792343, "gamma": 1.1307910979866063}, "datetime": {"datetime": "2021-08-25 14:13:09", "elapsed": 16.520394, "delta": 0.29657}}
{"target": -10.412971685955632, "params": {"C": 7.928294267012782, "epsilon": 1.417622238861181, "gamma": 7.924693391386512}, "datetime": {"datetime": "2021-08-25 14:13:10", "elapsed": 16.772387, "delta": 0.251993}}
{"target": -10.412971685955759, "params": {"C": 6.746691696042706, "epsilon": 7.384619050186265, "gamma": 3.98755505807507}, "datetime": {"datetime": "2021-08-25 14:13:10", "elapsed": 17.019882, "delta": 0.247495}}
{"target": -10.412971685955759, "params": {"C": 3.9062072150197835, "epsilon": 0.3625504213733892, "gamma": 1.5569547602160687}, "datetime": {"datetime": "2021-08-25 14:13:10", "elapsed": 17.27136, "delta": 0.251478}}
{"target": -10.412971685955759, "params": {"C": 0.2639373609456649, "epsilon": 0.37076948820407735, "gamma": 0.3079510694393245}, "datetime": {"datetime": "2021-08-25 14:13:10", "elapsed": 17.526611, "delta": 0.255251}}
{"target": -10.412971685955759, "params": {"C": 3.914065262407321, "epsilon": 1.855375225334269, "gamma": 0.8457189183664833}, "datetime": {"datetime": "2021-08-25 14:13:11", "elapsed": 17.771603, "delta": 0.244992}}
{"target": -10.412971685955759, "params": {"C": 4.78139977569455, "epsilon": 2.11724634026272, "gamma": 8.157696287672353}, "datetime": {"datetime": "2021-08-25 14:13:11", "elapsed": 18.020555, "delta": 0.248952}}
{"target": -10.412971685955759, "params": {"C": 7.895068183307535, "epsilon": 7.1644452106137315, "gamma": 8.853559071918317}, "datetime": {"datetime": "2021-08-25 14:13:11", "elapsed": 18.311597, "delta": 0.291042}}
{"target": -10.412971685955759, "params": {"C": 1.525508093523923, "epsilon": 9.440195489752835, "gamma": 5.347224650654081}, "datetime": {"datetime": "2021-08-25 14:13:11", "elapsed": 18.569599, "delta": 0.258002}}
{"target": -10.412971685955759, "params": {"C": 4.846240328332548, "epsilon": 4.160449956388012, "gamma": 7.809998501177347}, "datetime": {"datetime": "2021-08-25 14:13:12", "elapsed": 18.81756, "delta": 0.247961}}
{"target": -10.412971685955759, "params": {"C": 8.912358210079967, "epsilon": 8.196141152444005, "gamma": 3.683350432312627}, "datetime": {"datetime": "2021-08-25 14:13:12", "elapsed": 19.096601, "delta": 0.279041}}
{"target": -10.412971685955759, "params": {"C": 2.7906507275619488, "epsilon": 7.8139261754081755, "gamma": 5.09026903663919}, "datetime": {"datetime": "2021-08-25 14:13:12", "elapsed": 19.377841, "delta": 0.28124}}
{"target": -10.412971685955759, "params": {"C": 6.394659565915064, "epsilon": 1.0004089860629697, "gamma": 1.4435615360358327}, "datetime": {"datetime": "2021-08-25 14:13:12", "elapsed": 19.658801, "delta": 0.28096}}
{"target": -10.412971685955759, "params": {"C": 6.6246757263357585, "epsilon": 8.622673241241634, "gamma": 5.455421923914553}, "datetime": {"datetime": "2021-08-25 14:13:13", "elapsed": 19.935806, "delta": 0.277005}}
{"target": -10.412971685955759, "params": {"C": 8.158137278734529, "epsilon": 4.298309294531133, "gamma": 8.785907502645518}, "datetime": {"datetime": "2021-08-25 14:13:13", "elapsed": 20.214805, "delta": 0.278999}}
{"target": -10.412971685955759, "params": {"C": 3.9917222490431117, "epsilon": 6.5633352957180895, "gamma": 2.848999229873758}, "datetime": {"datetime": "2021-08-25 14:13:13", "elapsed": 20.546842, "delta": 0.332037}}
{"target": -10.412971685955759, "params": {"C": 0.6369676463599458, "epsilon": 8.677487399378768, "gamma": 3.203053048045597}, "datetime": {"datetime": "2021-08-25 14:13:14", "elapsed": 20.832842, "delta": 0.286}}
