{"target": -5.09546686241443, "params": {"C": 9.530502726596499, "epsilon": 0.07854031561719207, "gamma": 4.767093671907024}, "datetime": {"datetime": "2021-08-25 14:36:41", "elapsed": 310.264088, "delta": 2.187383}}
{"target": -5.215296645050904, "params": {"C": 3.834254920216931, "epsilon": 0.07322385352277991, "gamma": 8.348847692745634}, "datetime": {"datetime": "2021-08-25 14:36:42", "elapsed": 311.312405, "delta": 1.048317}}
{"target": -3.1395643619739593, "params": {"C": 2.86785628458155, "epsilon": 0.0606608701848021, "gamma": 5.118923770050315}, "datetime": {"datetime": "2021-08-25 14:36:44", "elapsed": 313.193541, "delta": 1.881136}}
{"target": -3.1470326941580464, "params": {"C": 9.255419780982164, "epsilon": 0.08808497806214072, "gamma": 2.308977685535221}, "datetime": {"datetime": "2021-08-25 14:36:45", "elapsed": 314.254497, "delta": 1.060956}}
{"target": -3.325831431838627, "params": {"C": 3.899875318637512, "epsilon": 0.08472507149253307, "gamma": 9.064451520376103}, "datetime": {"datetime": "2021-08-25 14:36:46", "elapsed": 315.431611, "delta": 1.177114}}
{"target": -2.791742993488891, "params": {"C": 3.4665351166395517, "epsilon": 0.09282550318123658, "gamma": 6.514326854470911}, "datetime": {"datetime": "2021-08-25 14:36:48", "elapsed": 317.169697, "delta": 1.738086}}
{"target": -3.103651019901396, "params": {"C": 1.7209226480252382, "epsilon": 0.06406927678995804, "gamma": 6.02578400804627}, "datetime": {"datetime": "2021-08-25 14:36:49", "elapsed": 318.273512, "delta": 1.103815}}
{"target": -3.084908825607058, "params": {"C": 1.035251615469993, "epsilon": 0.0865313175622314, "gamma": 8.353244330783726}, "datetime": {"datetime": "2021-08-25 14:36:51", "elapsed": 320.851179, "delta": 2.577667}}
{"target": -2.765215343903793, "params": {"C": 0.9865273708326977, "epsilon": 0.07433914767184763, "gamma": 8.426910181982775}, "datetime": {"datetime": "2021-08-25 14:36:53", "elapsed": 322.581428, "delta": 1.730249}}
{"target": -2.6380494926907327, "params": {"C": 1.025077625679962, "epsilon": 0.08145721476591627, "gamma": 3.789696053684019}, "datetime": {"datetime": "2021-08-25 14:36:54", "elapsed": 323.76074, "delta": 1.179312}}
{"target": -2.659165578694718, "params": {"C": 2.787504986520273, "epsilon": 0.08581896631882878, "gamma": 0.7299146803761616}, "datetime": {"datetime": "2021-08-25 14:36:56", "elapsed": 325.76569, "delta": 2.00495}}
{"target": -3.9543319311216836, "params": {"C": 0.5893286151488406, "epsilon": 0.09480946770819201, "gamma": 5.962051862124305}, "datetime": {"datetime": "2021-08-25 14:36:59", "elapsed": 329.010731, "delta": 3.245041}}
{"target": -2.9104809309730313, "params": {"C": 8.330496881867179, "epsilon": 0.06608014476814875, "gamma": 0.4642187377521359}, "datetime": {"datetime": "2021-08-25 14:37:01", "elapsed": 331.0097, "delta": 1.998969}}
{"target": -3.080208239849825, "params": {"C": 1.5088848394142038, "epsilon": 0.06308028283174999, "gamma": 3.2433912063143233}, "datetime": {"datetime": "2021-08-25 14:37:04", "elapsed": 333.35333, "delta": 2.34363}}
{"target": -3.0848435409850317, "params": {"C": 1.0326253667128198, "epsilon": 0.087891168291747, "gamma": 3.7808401832247185}, "datetime": {"datetime": "2021-08-25 14:37:07", "elapsed": 336.130921, "delta": 2.777591}}
{"target": -4.786870270731941, "params": {"C": 8.529111938228892, "epsilon": 0.06908386276509346, "gamma": 5.987684681812974}, "datetime": {"datetime": "2021-08-25 14:37:08", "elapsed": 337.378173, "delta": 1.247252}}
{"target": -3.258010456460618, "params": {"C": 2.7582992737255827, "epsilon": 0.08224253010473444, "gamma": 8.173721161419746}, "datetime": {"datetime": "2021-08-25 14:37:09", "elapsed": 338.824125, "delta": 1.445952}}
{"target": -2.9041916068705294, "params": {"C": 1.0009675568135477, "epsilon": 0.07201877349891607, "gamma": 8.432384450976935}, "datetime": {"datetime": "2021-08-25 14:37:12", "elapsed": 341.072344, "delta": 2.248219}}
{"target": -2.9298846400089293, "params": {"C": 6.776091153657207, "epsilon": 0.08711693429577377, "gamma": 4.044465430647403}, "datetime": {"datetime": "2021-08-25 14:37:13", "elapsed": 342.508304, "delta": 1.43596}}
{"target": -4.352279438664412, "params": {"C": 3.4482430083502775, "epsilon": 0.09631584042767549, "gamma": 6.523489404054077}, "datetime": {"datetime": "2021-08-25 14:37:15", "elapsed": 344.946277, "delta": 2.437973}}
{"target": -2.9989301291041977, "params": {"C": 0.9552994648876365, "epsilon": 0.08616760328438834, "gamma": 8.386464892136145}, "datetime": {"datetime": "2021-08-25 14:37:18", "elapsed": 347.639447, "delta": 2.69317}}
{"target": -2.7448261328181953, "params": {"C": 2.825845254707111, "epsilon": 0.08125017530279599, "gamma": 0.7470264417653171}, "datetime": {"datetime": "2021-08-25 14:37:20", "elapsed": 349.878484, "delta": 2.239037}}
{"target": -4.261577227744242, "params": {"C": 1.0943735001147432, "epsilon": 0.06206761357266229, "gamma": 0.7515476067410126}, "datetime": {"datetime": "2021-08-25 14:37:22", "elapsed": 351.366038, "delta": 1.487554}}
{"target": -3.759169814345622, "params": {"C": 9.381623899915477, "epsilon": 0.0811362358357617, "gamma": 4.16633655976928}, "datetime": {"datetime": "2021-08-25 14:37:24", "elapsed": 353.716646, "delta": 2.350608}}
{"target": -4.18328533055471, "params": {"C": 0.2797931927516945, "epsilon": 0.07761387011404917, "gamma": 5.861826386052721}, "datetime": {"datetime": "2021-08-25 14:37:26", "elapsed": 355.118633, "delta": 1.401987}}
{"target": -2.633119716013186, "params": {"C": 2.119613394620427, "epsilon": 0.07990237268921166, "gamma": 1.354215221961779}, "datetime": {"datetime": "2021-08-25 14:37:27", "elapsed": 356.636621, "delta": 1.517988}}
{"target": -3.087259232557978, "params": {"C": 5.993503860610057, "epsilon": 0.0766871215862434, "gamma": 3.661058450267244}, "datetime": {"datetime": "2021-08-25 14:37:28", "elapsed": 357.984853, "delta": 1.348232}}
{"target": -3.711333115918764, "params": {"C": 4.1472838981403735, "epsilon": 0.06050734695205533, "gamma": 9.864407508216807}, "datetime": {"datetime": "2021-08-25 14:37:30", "elapsed": 359.296901, "delta": 1.312048}}
{"target": -2.6401383939801497, "params": {"C": 0.9763847139080276, "epsilon": 0.0901209299854148, "gamma": 8.426541329986856}, "datetime": {"datetime": "2021-08-25 14:37:32", "elapsed": 361.625893, "delta": 2.328992}}
{"target": -3.2985674105091656, "params": {"C": 9.152746958878065, "epsilon": 0.07352942901775143, "gamma": 1.529062978910024}, "datetime": {"datetime": "2021-08-25 14:37:34", "elapsed": 363.102899, "delta": 1.477006}}
{"target": -6.877114482128192, "params": {"C": 3.105340063773079, "epsilon": 0.09933448248731902, "gamma": 6.835803653611812}, "datetime": {"datetime": "2021-08-25 14:37:37", "elapsed": 366.56527, "delta": 3.462371}}
{"target": -2.8557190873515825, "params": {"C": 3.3009425486492048, "epsilon": 0.06512228251831388, "gamma": 1.3685632980778333}, "datetime": {"datetime": "2021-08-25 14:37:39", "elapsed": 368.243504, "delta": 1.678234}}
{"target": -2.6186453705744066, "params": {"C": 2.7970068404509743, "epsilon": 0.08812698837367279, "gamma": 0.7328462670332724}, "datetime": {"datetime": "2021-08-25 14:37:41", "elapsed": 370.481707, "delta": 2.238203}}
{"target": -3.0891733040665543, "params": {"C": 7.224051031782771, "epsilon": 0.09065019850420312, "gamma": 1.5076987680866223}, "datetime": {"datetime": "2021-08-25 14:37:43", "elapsed": 372.138845, "delta": 1.657138}}
{"target": -4.347179006323683, "params": {"C": 3.0914547715215495, "epsilon": 0.07742724477701743, "gamma": 6.829970471636905}, "datetime": {"datetime": "2021-08-25 14:37:45", "elapsed": 374.46812, "delta": 2.329275}}
{"target": -4.633923018303674, "params": {"C": 0.9535919982973357, "epsilon": 0.0968169193397346, "gamma": 8.395416741756861}, "datetime": {"datetime": "2021-08-25 14:37:47", "elapsed": 376.350593, "delta": 1.882473}}
{"target": -4.426031816312591, "params": {"C": 2.2098500804377865, "epsilon": 0.07468668328981946, "gamma": 8.653417373337255}, "datetime": {"datetime": "2021-08-25 14:37:48", "elapsed": 377.728077, "delta": 1.377484}}
{"target": -6.5085811260421105, "params": {"C": 6.178634199394851, "epsilon": 0.06882560321521054, "gamma": 9.835668593465453}, "datetime": {"datetime": "2021-08-25 14:37:50", "elapsed": 379.085182, "delta": 1.357105}}
{"target": -2.8028915365287936, "params": {"C": 1.4263034661923766, "epsilon": 0.08778318753028243, "gamma": 8.0740873132602}, "datetime": {"datetime": "2021-08-25 14:37:52", "elapsed": 381.210287, "delta": 2.125105}}
{"target": -5.353065700886977, "params": {"C": 0.6870665261338061, "epsilon": 0.09813793322523204, "gamma": 9.611937343545153}, "datetime": {"datetime": "2021-08-25 14:37:53", "elapsed": 382.523419, "delta": 1.313132}}
{"target": -2.988230681955813, "params": {"C": 0.2998143368603486, "epsilon": 0.07561377427895247, "gamma": 8.475055920132526}, "datetime": {"datetime": "2021-08-25 14:37:55", "elapsed": 384.56325, "delta": 2.039831}}
{"target": -2.6892208807005713, "params": {"C": 3.092440658307333, "epsilon": 0.08323714544599463, "gamma": 1.0541715726289955}, "datetime": {"datetime": "2021-08-25 14:37:57", "elapsed": 386.865544, "delta": 2.302294}}
{"target": -2.761731133773645, "params": {"C": 4.448247168935385, "epsilon": 0.07772374762703817, "gamma": 0.8222179853249791}, "datetime": {"datetime": "2021-08-25 14:38:00", "elapsed": 389.393927, "delta": 2.528383}}
{"target": -4.569099732388673, "params": {"C": 2.0894459055441534, "epsilon": 0.07691388496097278, "gamma": 9.309093851383748}, "datetime": {"datetime": "2021-08-25 14:38:01", "elapsed": 390.656072, "delta": 1.262145}}
{"target": -2.897720163142926, "params": {"C": 1.931940937708973, "epsilon": 0.07390623808602499, "gamma": 4.01831842546665}, "datetime": {"datetime": "2021-08-25 14:38:04", "elapsed": 393.753794, "delta": 3.097722}}
{"target": -3.584895354363297, "params": {"C": 1.7415472454106404, "epsilon": 0.09410321067900654, "gamma": 1.4489492105884403}, "datetime": {"datetime": "2021-08-25 14:38:06", "elapsed": 395.106085, "delta": 1.352291}}
{"target": -2.9415059214557147, "params": {"C": 2.8128703283875103, "epsilon": 0.07788932651916206, "gamma": 0.7365870861663122}, "datetime": {"datetime": "2021-08-25 14:38:08", "elapsed": 397.788482, "delta": 2.682397}}
{"target": -3.097752278351958, "params": {"C": 3.106330545265133, "epsilon": 0.084762611510822, "gamma": 6.825379914811245}, "datetime": {"datetime": "2021-08-25 14:38:10", "elapsed": 399.866184, "delta": 2.077702}}
{"target": -3.0942053402616025, "params": {"C": 2.1581172087038976, "epsilon": 0.0708874755210597, "gamma": 3.44768136899711}, "datetime": {"datetime": "2021-08-25 14:38:13", "elapsed": 402.439749, "delta": 2.573565}}
{"target": -3.0734471166259687, "params": {"C": 0.9574930450219744, "epsilon": 0.09361867100845275, "gamma": 8.422857799606872}, "datetime": {"datetime": "2021-08-25 14:38:15", "elapsed": 404.791817, "delta": 2.352068}}
{"target": -3.9706782041887183, "params": {"C": 2.818014577257122, "epsilon": 0.09368266858763047, "gamma": 0.7487531071273157}, "datetime": {"datetime": "2021-08-25 14:38:18", "elapsed": 407.100668, "delta": 2.308851}}
{"target": -3.0890897567435243, "params": {"C": 3.463235549328127, "epsilon": 0.08558505966060279, "gamma": 6.4901314815387865}, "datetime": {"datetime": "2021-08-25 14:38:21", "elapsed": 410.203243, "delta": 3.102575}}
{"target": -2.834137468237793, "params": {"C": 4.349411082453452, "epsilon": 0.08911686386461674, "gamma": 8.933905549532072}, "datetime": {"datetime": "2021-08-25 14:38:22", "elapsed": 411.664502, "delta": 1.461259}}
{"target": -2.732024940596671, "params": {"C": 4.431268388679149, "epsilon": 0.0781883698009232, "gamma": 0.8384556035471782}, "datetime": {"datetime": "2021-08-25 14:38:25", "elapsed": 414.776533, "delta": 3.112031}}
{"target": -2.7567351423135347, "params": {"C": 0.94246191948699, "epsilon": 0.07394337792300548, "gamma": 8.373155859011414}, "datetime": {"datetime": "2021-08-25 14:38:27", "elapsed": 416.854407, "delta": 2.077874}}
{"target": -2.6562735866344376, "params": {"C": 4.652055108532063, "epsilon": 0.09076482491027513, "gamma": 3.0446910095454722}, "datetime": {"datetime": "2021-08-25 14:38:30", "elapsed": 419.331645, "delta": 2.477238}}
{"target": -3.7193269070764394, "params": {"C": 3.1324178882571223, "epsilon": 0.07002610560696679, "gamma": 7.293179256629444}, "datetime": {"datetime": "2021-08-25 14:38:31", "elapsed": 420.925829, "delta": 1.594184}}
{"target": -3.1848431567371738, "params": {"C": 4.422793371624562, "epsilon": 0.09162451357184417, "gamma": 0.8198871116174018}, "datetime": {"datetime": "2021-08-25 14:38:34", "elapsed": 423.06032, "delta": 2.134491}}
{"target": -3.1354113099260545, "params": {"C": 8.336422640213328, "epsilon": 0.07443267292543604, "gamma": 0.49318197976027045}, "datetime": {"datetime": "2021-08-25 14:38:36", "elapsed": 425.673246, "delta": 2.612926}}
{"target": -2.7483062275243704, "params": {"C": 0.9394906131073586, "epsilon": 0.07429688756359862, "gamma": 8.356557424376605}, "datetime": {"datetime": "2021-08-25 14:38:39", "elapsed": 428.2853, "delta": 2.612054}}
{"target": -6.801295750138797, "params": {"C": 9.374000315413342, "epsilon": 0.09940254905360366, "gamma": 4.155991807719311}, "datetime": {"datetime": "2021-08-25 14:38:41", "elapsed": 430.513636, "delta": 2.228336}}
{"target": -3.24052457218737, "params": {"C": 2.843995735491145, "epsilon": 0.085387723555298, "gamma": 5.144749503390497}, "datetime": {"datetime": "2021-08-25 14:38:43", "elapsed": 432.625578, "delta": 2.111942}}
{"target": -3.8064204459244784, "params": {"C": 9.256458109854522, "epsilon": 0.09600653290508661, "gamma": 6.080472675208325}, "datetime": {"datetime": "2021-08-25 14:38:46", "elapsed": 435.5687, "delta": 2.943122}}
{"target": -3.180336093589913, "params": {"C": 1.93206699042805, "epsilon": 0.0847329019517263, "gamma": 4.027174838128005}, "datetime": {"datetime": "2021-08-25 14:38:48", "elapsed": 437.791706, "delta": 2.223006}}
{"target": -3.48441068016787, "params": {"C": 4.078270105450498, "epsilon": 0.08574539375938198, "gamma": 3.62664554245102}, "datetime": {"datetime": "2021-08-25 14:38:50", "elapsed": 439.336526, "delta": 1.54482}}
{"target": -3.2583394553339153, "params": {"C": 2.0990062874405173, "epsilon": 0.07405393266305356, "gamma": 1.5783411224886963}, "datetime": {"datetime": "2021-08-25 14:38:52", "elapsed": 441.934417, "delta": 2.597891}}
{"target": -3.0755894887882165, "params": {"C": 0.9440775037435353, "epsilon": 0.06273808354289195, "gamma": 8.41226443995575}, "datetime": {"datetime": "2021-08-25 14:38:55", "elapsed": 444.382957, "delta": 2.44854}}
{"target": -3.3775843245982538, "params": {"C": 0.7651469384959593, "epsilon": 0.06267419724736235, "gamma": 1.9666097027373481}, "datetime": {"datetime": "2021-08-25 14:38:56", "elapsed": 445.964705, "delta": 1.581748}}
{"target": -3.0206354417691452, "params": {"C": 3.106315891503928, "epsilon": 0.08970005345350371, "gamma": 1.0533854976138057}, "datetime": {"datetime": "2021-08-25 14:38:59", "elapsed": 448.650656, "delta": 2.685951}}
{"target": -2.91940321682142, "params": {"C": 2.8630443754022914, "epsilon": 0.07657152228966731, "gamma": 5.127065240616438}, "datetime": {"datetime": "2021-08-25 14:39:02", "elapsed": 452.00122, "delta": 3.350564}}
{"target": -2.8024427700092227, "params": {"C": 5.09884604186874, "epsilon": 0.09117521035470498, "gamma": 2.2303594002751335}, "datetime": {"datetime": "2021-08-25 14:39:04", "elapsed": 453.623472, "delta": 1.622252}}
{"target": -3.0644560880020197, "params": {"C": 1.0455213869510438, "epsilon": 0.0646425213936768, "gamma": 8.389853824890652}, "datetime": {"datetime": "2021-08-25 14:39:07", "elapsed": 456.273821, "delta": 2.650349}}
{"target": -5.421647717861372, "params": {"C": 4.930137125435706, "epsilon": 0.09764338466186778, "gamma": 6.697241104808423}, "datetime": {"datetime": "2021-08-25 14:39:08", "elapsed": 457.884313, "delta": 1.610492}}
{"target": -2.54016236515319, "params": {"C": 5.032767988285355, "epsilon": 0.09102794830131253, "gamma": 8.074253159500262}, "datetime": {"datetime": "2021-08-25 14:39:10", "elapsed": 459.418687, "delta": 1.534374}}
{"target": -6.545315978101779, "params": {"C": 9.535052749109713, "epsilon": 0.06381314823417629, "gamma": 8.958691046394089}, "datetime": {"datetime": "2021-08-25 14:39:11", "elapsed": 460.891884, "delta": 1.473197}}
{"target": -2.9477880210036225, "params": {"C": 4.44565396872752, "epsilon": 0.07597393309032865, "gamma": 0.8195396354396783}, "datetime": {"datetime": "2021-08-25 14:39:13", "elapsed": 462.514049, "delta": 1.622165}}
{"target": -2.9746123022684663, "params": {"C": 2.824805841233425, "epsilon": 0.06556833153221638, "gamma": 5.1379241508451585}, "datetime": {"datetime": "2021-08-25 14:39:17", "elapsed": 466.150988, "delta": 3.636939}}
{"target": -3.1591458855956156, "params": {"C": 2.7327370196608936, "epsilon": 0.08411783006795237, "gamma": 6.9354203149355556}, "datetime": {"datetime": "2021-08-25 14:39:18", "elapsed": 467.605996, "delta": 1.455008}}
{"target": -3.1421370668923974, "params": {"C": 2.856924070177335, "epsilon": 0.0814539259843153, "gamma": 5.146684762023775}, "datetime": {"datetime": "2021-08-25 14:39:20", "elapsed": 469.816315, "delta": 2.210319}}
{"target": -4.584979840473941, "params": {"C": 7.249075133561597, "epsilon": 0.0634174033350145, "gamma": 7.9507190722454615}, "datetime": {"datetime": "2021-08-25 14:39:22", "elapsed": 471.279315, "delta": 1.463}}
{"target": -3.063497037349999, "params": {"C": 9.75492340818966, "epsilon": 0.06930995796571035, "gamma": 1.0413717528972417}, "datetime": {"datetime": "2021-08-25 14:39:23", "elapsed": 472.762503, "delta": 1.483188}}
{"target": -3.69550750753838, "params": {"C": 0.4717378407649997, "epsilon": 0.07325888725187907, "gamma": 4.446225407817098}, "datetime": {"datetime": "2021-08-25 14:39:25", "elapsed": 475.024882, "delta": 2.262379}}
{"target": -3.297347278574851, "params": {"C": 4.631293912384095, "epsilon": 0.08810609938198258, "gamma": 3.0714131117599766}, "datetime": {"datetime": "2021-08-25 14:39:29", "elapsed": 478.13227, "delta": 3.107388}}
{"target": -2.85766068316317, "params": {"C": 1.0000011162860851, "epsilon": 0.08262137452850735, "gamma": 8.36103576900772}, "datetime": {"datetime": "2021-08-25 14:39:32", "elapsed": 481.995867, "delta": 3.863597}}
{"target": -4.7061274828581885, "params": {"C": 7.144835244253091, "epsilon": 0.09749323804449987, "gamma": 2.0826128794412186}, "datetime": {"datetime": "2021-08-25 14:39:34", "elapsed": 483.509175, "delta": 1.513308}}
{"target": -2.962780669972264, "params": {"C": 1.4916706554214958, "epsilon": 0.0751107052953266, "gamma": 3.22295889490181}, "datetime": {"datetime": "2021-08-25 14:39:37", "elapsed": 486.081536, "delta": 2.572361}}
{"target": -3.072947146249928, "params": {"C": 2.1750840173316273, "epsilon": 0.08377541276949568, "gamma": 3.4158706719106022}, "datetime": {"datetime": "2021-08-25 14:39:39", "elapsed": 488.9508, "delta": 2.869264}}
{"target": -2.9379806886652498, "params": {"C": 5.262668267366357, "epsilon": 0.0804052488267801, "gamma": 0.40323035756066394}, "datetime": {"datetime": "2021-08-25 14:39:41", "elapsed": 490.483097, "delta": 1.532297}}
{"target": -4.081500397973808, "params": {"C": 8.657129215098708, "epsilon": 0.08463902531422177, "gamma": 6.900976999469582}, "datetime": {"datetime": "2021-08-25 14:39:42", "elapsed": 491.985601, "delta": 1.502504}}
{"target": -2.7772483895677844, "params": {"C": 4.287698613656992, "epsilon": 0.07369257869728979, "gamma": 3.6505730506443164}, "datetime": {"datetime": "2021-08-25 14:39:44", "elapsed": 493.402275, "delta": 1.416674}}
{"target": -2.8710298811398993, "params": {"C": 3.0881422134219916, "epsilon": 0.0764738261164676, "gamma": 1.0466230925431226}, "datetime": {"datetime": "2021-08-25 14:39:47", "elapsed": 496.570824, "delta": 3.168549}}
{"target": -2.8011983539594336, "params": {"C": 4.464552480649084, "epsilon": 0.08271787711321826, "gamma": 0.821953344539721}, "datetime": {"datetime": "2021-08-25 14:39:50", "elapsed": 499.230754, "delta": 2.65993}}
{"target": -2.414919580150446, "params": {"C": 7.4532952407510935, "epsilon": 0.09201075915761969, "gamma": 5.467975941039625}, "datetime": {"datetime": "2021-08-25 14:39:51", "elapsed": 500.949631, "delta": 1.718877}}
{"target": -3.0704667967910386, "params": {"C": 2.747954012376389, "epsilon": 0.07111643111561095, "gamma": 5.828358091725252}, "datetime": {"datetime": "2021-08-25 14:39:53", "elapsed": 502.519453, "delta": 1.569822}}
{"target": -2.8583516776876654, "params": {"C": 2.849747959385738, "epsilon": 0.07531469211394837, "gamma": 5.117163516575865}, "datetime": {"datetime": "2021-08-25 14:39:56", "elapsed": 505.125447, "delta": 2.605994}}
{"target": -2.805305405860852, "params": {"C": 8.892310541146037, "epsilon": 0.09296206157890234, "gamma": 1.2066482781658676}, "datetime": {"datetime": "2021-08-25 14:39:57", "elapsed": 506.651011, "delta": 1.525564}}
{"target": -2.8551762858704484, "params": {"C": 1.0424684015163224, "epsilon": 0.08229470423661474, "gamma": 8.422594274641176}, "datetime": {"datetime": "2021-08-25 14:40:00", "elapsed": 509.976721, "delta": 3.32571}}
{"target": -2.7186938434371397, "params": {"C": 1.439250318289297, "epsilon": 0.07550908596412702, "gamma": 6.773460599989792}, "datetime": {"datetime": "2021-08-25 14:40:02", "elapsed": 511.509756, "delta": 1.533035}}
{"target": -3.2333241771751426, "params": {"C": 6.144162203685969, "epsilon": 0.0695624816039268, "gamma": 2.035847855718327}, "datetime": {"datetime": "2021-08-25 14:40:03", "elapsed": 512.982934, "delta": 1.473178}}
{"target": -8.512732156632143, "params": {"C": 9.737963605424227, "epsilon": 0.06719823454708954, "gamma": 9.86835418683919}, "datetime": {"datetime": "2021-08-25 14:40:05", "elapsed": 514.63911, "delta": 1.656176}}
