{"target": -10.412971685955759, "params": {"C": 4.06864512456255, "epsilon": 5.238780398330938, "gamma": 9.516876004719391}, "datetime": {"datetime": "2021-08-25 14:13:14", "elapsed": 21.115844, "delta": 0.283002}}
{"target": -10.412971685956018, "params": {"C": 8.378730349540232, "epsilon": 3.2459748227428133, "gamma": 6.116317724461604}, "datetime": {"datetime": "2021-08-25 14:13:14", "elapsed": 21.476521, "delta": 0.360677}}
{"target": -3.3084100550576707, "params": {"C": 2.956583297693836, "epsilon": 0.0949716082155503, "gamma": 1.5659938919396732}, "datetime": {"datetime": "2021-08-25 14:13:15", "elapsed": 21.780516, "delta": 0.303995}}
{"target": -10.412971685955759, "params": {"C": 4.176049826978714, "epsilon": 14.965840881958846, "gamma": 0.011142604425275418}, "datetime": {"datetime": "2021-08-25 14:17:51", "elapsed": 0.0, "delta": 0.0}}
{"target": -10.412971685955759, "params": {"C": 3.0303024005920793, "epsilon": 4.641606034708035, "gamma": 0.9324625617402901}, "datetime": {"datetime": "2021-08-25 14:17:51", "elapsed": 0.058004, "delta": 0.058004}}
{"target": -10.412971685955759, "params": {"C": 1.8707395116629324, "epsilon": 8.22009308677486, "gamma": 3.9737070675643924}, "datetime": {"datetime": "2021-08-25 14:17:51", "elapsed": 0.113997, "delta": 0.055993}}
{"target": -10.412971685955759, "params": {"C": 5.392779172693536, "epsilon": 9.545501259259307, "gamma": 6.855342808963627}, "datetime": {"datetime": "2021-08-25 14:17:51", "elapsed": 0.170998, "delta": 0.057001}}
{"target": -10.412971685956792, "params": {"C": 2.052477974817859, "epsilon": 17.80611385503702, "gamma": 0.2836020560472824}, "datetime": {"datetime": "2021-08-25 14:17:51", "elapsed": 0.233, "delta": 0.062002}}
{"target": -10.412971685954732, "params": {"C": 9.611769585320397, "epsilon": 19.933585581782484, "gamma": 9.804748066428667}, "datetime": {"datetime": "2021-08-25 14:17:52", "elapsed": 0.866863, "delta": 0.633863}}
{"target": -10.412971685955759, "params": {"C": 9.957695583515502, "epsilon": 2.0781623745180084, "gamma": 9.583580336231854}, "datetime": {"datetime": "2021-08-25 14:17:52", "elapsed": 1.412906, "delta": 0.546043}}
{"target": -10.412971685956792, "params": {"C": 9.996347945075506, "epsilon": 19.97141611811083, "gamma": 9.91573423781641}, "datetime": {"datetime": "2021-08-25 14:17:53", "elapsed": 2.469865, "delta": 1.056959}}
{"target": -10.412971685955759, "params": {"C": 0.1989403056247851, "epsilon": 2.342625711454072, "gamma": 0.1997191031053388}, "datetime": {"datetime": "2021-08-25 14:17:54", "elapsed": 3.196515, "delta": 0.72665}}
{"target": -10.412971685955759, "params": {"C": 0.05055766831927255, "epsilon": 2.004776946061793, "gamma": 9.553316983947868}, "datetime": {"datetime": "2021-08-25 14:17:55", "elapsed": 4.158226, "delta": 0.961711}}
{"target": -10.412971685956792, "params": {"C": 9.88459441993512, "epsilon": 19.464800258858133, "gamma": 0.18001682729239854}, "datetime": {"datetime": "2021-08-25 14:17:56", "elapsed": 5.276193, "delta": 1.117967}}
{"target": -10.412971685954732, "params": {"C": 0.4563682843933981, "epsilon": 19.9576692465313, "gamma": 9.60484788230904}, "datetime": {"datetime": "2021-08-25 14:17:57", "elapsed": 6.012193, "delta": 0.736}}
{"target": -10.412971685955759, "params": {"C": 9.93739498547472, "epsilon": 2.313069109755059, "gamma": 0.14354385227655447}, "datetime": {"datetime": "2021-08-25 14:17:58", "elapsed": 6.714968, "delta": 0.702775}}
{"target": -10.412971685954732, "params": {"C": 0.4152408511797902, "epsilon": 19.92215360513492, "gamma": 9.693998373234542}, "datetime": {"datetime": "2021-08-25 14:17:59", "elapsed": 7.709967, "delta": 0.994999}}
{"target": -10.412971685955759, "params": {"C": 9.827841121586658, "epsilon": 2.0294987327052105, "gamma": 0.16359278307097744}, "datetime": {"datetime": "2021-08-25 14:18:00", "elapsed": 8.502973, "delta": 0.793006}}
{"target": -10.412971685954732, "params": {"C": 9.867549355264757, "epsilon": 19.97511252843486, "gamma": 0.09441914220565321}, "datetime": {"datetime": "2021-08-25 14:18:01", "elapsed": 9.597193, "delta": 1.09422}}
{"target": -10.412971685955759, "params": {"C": 0.9621797502530368, "epsilon": 2.278172724286498, "gamma": 9.774463153141994}, "datetime": {"datetime": "2021-08-25 14:18:01", "elapsed": 10.288241, "delta": 0.691048}}
{"target": -10.412971685955759, "params": {"C": 0.43005455913587026, "epsilon": 2.0868609785510994, "gamma": 9.981253664121184}, "datetime": {"datetime": "2021-08-25 14:18:02", "elapsed": 11.317684, "delta": 1.029443}}
{"target": -10.412971685954732, "params": {"C": 0.07188987105955984, "epsilon": 19.76954976994148, "gamma": 0.445019550028264}, "datetime": {"datetime": "2021-08-25 14:18:03", "elapsed": 12.311659, "delta": 0.993975}}
{"target": -10.412971685954732, "params": {"C": 9.72834811839905, "epsilon": 19.882955789185996, "gamma": 9.658961941701367}, "datetime": {"datetime": "2021-08-25 14:18:04", "elapsed": 12.865907, "delta": 0.554248}}
{"target": -10.412971685955759, "params": {"C": 9.650289508299325, "epsilon": 2.007440740128627, "gamma": 9.935535590814641}, "datetime": {"datetime": "2021-08-25 14:18:04", "elapsed": 13.417825, "delta": 0.551918}}
{"target": -10.412971685956792, "params": {"C": 0.08551914832417598, "epsilon": 19.911212325015974, "gamma": 0.6945177839945863}, "datetime": {"datetime": "2021-08-25 14:18:06", "elapsed": 14.492553, "delta": 1.074728}}
{"target": -10.412971685955759, "params": {"C": 9.274533532596786, "epsilon": 2.0903755142408005, "gamma": 9.882254292481461}, "datetime": {"datetime": "2021-08-25 14:18:06", "elapsed": 15.449291, "delta": 0.956738}}
{"target": -10.412971685956792, "params": {"C": 9.718873913301188, "epsilon": 19.847999781516265, "gamma": 0.2303796628720548}, "datetime": {"datetime": "2021-08-25 14:18:07", "elapsed": 16.253289, "delta": 0.803998}}
{"target": -10.412971685955759, "params": {"C": 9.760018477874914, "epsilon": 2.07120279629747, "gamma": 9.937183675216756}, "datetime": {"datetime": "2021-08-25 14:18:08", "elapsed": 17.037055, "delta": 0.783766}}
{"target": -10.412971685954732, "params": {"C": 0.2583516287216567, "epsilon": 19.98104693608892, "gamma": 9.39838173819252}, "datetime": {"datetime": "2021-08-25 14:18:09", "elapsed": 17.983059, "delta": 0.946004}}
{"target": -10.412971685955759, "params": {"C": 0.4813810827436107, "epsilon": 2.0688986258078317, "gamma": 0.4301681190443078}, "datetime": {"datetime": "2021-08-25 14:18:10", "elapsed": 18.770581, "delta": 0.787522}}
{"target": -10.412971685955759, "params": {"C": 9.709030625879288, "epsilon": 2.1938514015105626, "gamma": 0.6827233821241141}, "datetime": {"datetime": "2021-08-25 14:18:11", "elapsed": 19.578582, "delta": 0.808001}}
{"target": -10.412971685956792, "params": {"C": 0.13155973701917378, "epsilon": 19.90692073761722, "gamma": 9.882508519379634}, "datetime": {"datetime": "2021-08-25 14:18:12", "elapsed": 20.506579, "delta": 0.927997}}
{"target": -10.412971685954732, "params": {"C": 9.883922772310205, "epsilon": 19.57453766349308, "gamma": 0.4664581375938684}, "datetime": {"datetime": "2021-08-25 14:18:12", "elapsed": 21.340239, "delta": 0.83366}}
{"target": -10.412971685955759, "params": {"C": 0.05672860273191439, "epsilon": 2.1502729169679062, "gamma": 9.811736333098821}, "datetime": {"datetime": "2021-08-25 14:18:13", "elapsed": 22.368238, "delta": 1.027999}}
{"target": -10.412971685955759, "params": {"C": 0.12470283371196145, "epsilon": 2.0382590837064596, "gamma": 0.8253543076540366}, "datetime": {"datetime": "2021-08-25 14:18:14", "elapsed": 23.245439, "delta": 0.877201}}
{"target": -10.412971685956792, "params": {"C": 9.634438874624049, "epsilon": 19.993192932969016, "gamma": 1.1510560556933658}, "datetime": {"datetime": "2021-08-25 14:18:15", "elapsed": 24.419434, "delta": 1.173995}}
{"target": -10.412971685956792, "params": {"C": 0.2561470314608567, "epsilon": 19.929988141914983, "gamma": 9.839798143976854}, "datetime": {"datetime": "2021-08-25 14:18:16", "elapsed": 25.146215, "delta": 0.726781}}
{"target": -10.412971685955759, "params": {"C": 9.634766055613268, "epsilon": 2.0652864376068156, "gamma": 0.5146022117147901}, "datetime": {"datetime": "2021-08-25 14:18:17", "elapsed": 25.744413, "delta": 0.598198}}
{"target": -10.412971685954732, "params": {"C": 0.3551762387819585, "epsilon": 19.928320635693115, "gamma": 9.987452760988798}, "datetime": {"datetime": "2021-08-25 14:18:18", "elapsed": 26.666964, "delta": 0.922551}}
{"target": -10.412971685955759, "params": {"C": 9.799858205358037, "epsilon": 2.0005361682641887, "gamma": 9.439122901531615}, "datetime": {"datetime": "2021-08-25 14:18:19", "elapsed": 27.554926, "delta": 0.887962}}
{"target": -10.412971685955759, "params": {"C": 0.01065683387817719, "epsilon": 2.501926258111114, "gamma": 0.3568191349286599}, "datetime": {"datetime": "2021-08-25 14:18:19", "elapsed": 28.415575, "delta": 0.860649}}
{"target": -10.412971685955759, "params": {"C": 9.930775902610044, "epsilon": 2.3537194457182764, "gamma": 9.9699223476631}, "datetime": {"datetime": "2021-08-25 14:18:20", "elapsed": 29.151534, "delta": 0.735959}}
{"target": -10.412971685954732, "params": {"C": 9.963887050304136, "epsilon": 19.669105209617808, "gamma": 9.734357255824323}, "datetime": {"datetime": "2021-08-25 14:18:21", "elapsed": 29.767536, "delta": 0.616002}}
{"target": -10.412971685954732, "params": {"C": 9.338314931188446, "epsilon": 19.92222669848798, "gamma": 0.3880579319811013}, "datetime": {"datetime": "2021-08-25 14:18:21", "elapsed": 30.442494, "delta": 0.674958}}
{"target": -10.412971685954732, "params": {"C": 0.060189390818112275, "epsilon": 19.897009254855863, "gamma": 0.5138757952838776}, "datetime": {"datetime": "2021-08-25 14:18:22", "elapsed": 31.105798, "delta": 0.663304}}
{"target": -10.412971685955759, "params": {"C": 0.18915035383102297, "epsilon": 2.3799358163779925, "gamma": 0.18447927922874602}, "datetime": {"datetime": "2021-08-25 14:18:23", "elapsed": 31.87776, "delta": 0.771962}}
{"target": -10.412971685956792, "params": {"C": 0.7264917571794061, "epsilon": 19.83086701152458, "gamma": 1.8272050444812395}, "datetime": {"datetime": "2021-08-25 14:18:24", "elapsed": 32.689574, "delta": 0.811814}}
{"target": -10.412971685955759, "params": {"C": 0.7768283750512146, "epsilon": 2.0181893199718495, "gamma": 9.81411624531365}, "datetime": {"datetime": "2021-08-25 14:18:25", "elapsed": 33.539287, "delta": 0.849713}}
{"target": -10.412971685955759, "params": {"C": 9.422981768783924, "epsilon": 2.3418261761212515, "gamma": 9.90273558091447}, "datetime": {"datetime": "2021-08-25 14:18:25", "elapsed": 34.309963, "delta": 0.770676}}
{"target": -10.412971685954732, "params": {"C": 9.535517430081853, "epsilon": 19.721537498856076, "gamma": 9.846397664031983}, "datetime": {"datetime": "2021-08-25 14:18:26", "elapsed": 35.059615, "delta": 0.749652}}
{"target": -10.412971685955759, "params": {"C": 0.30741202531209094, "epsilon": 2.1643374780979725, "gamma": 0.062420517410713416}, "datetime": {"datetime": "2021-08-25 14:18:27", "elapsed": 35.715583, "delta": 0.655968}}
{"target": -10.412971685956792, "params": {"C": 0.6118224463135322, "epsilon": 19.62964889810197, "gamma": 0.26926839683978426}, "datetime": {"datetime": "2021-08-25 14:18:27", "elapsed": 36.472618, "delta": 0.757035}}
{"target": -10.412971685955759, "params": {"C": 9.495981376647894, "epsilon": 2.2343448482778876, "gamma": 0.23720823169305125}, "datetime": {"datetime": "2021-08-25 14:18:28", "elapsed": 37.259731, "delta": 0.787113}}
{"target": -10.412971685954732, "params": {"C": 9.28999744157569, "epsilon": 19.9230371578963, "gamma": 0.08880259462984602}, "datetime": {"datetime": "2021-08-25 14:18:29", "elapsed": 37.922732, "delta": 0.663001}}
{"target": -10.412971685956792, "params": {"C": 9.859499098640722, "epsilon": 19.992404453827817, "gamma": 0.33827578085323945}, "datetime": {"datetime": "2021-08-25 14:18:30", "elapsed": 38.610726, "delta": 0.687994}}
{"target": -10.412971685955759, "params": {"C": 0.23091237325290018, "epsilon": 2.0354571724829897, "gamma": 9.72131655070724}, "datetime": {"datetime": "2021-08-25 14:18:31", "elapsed": 39.61802, "delta": 1.007294}}
{"target": -10.412971685956792, "params": {"C": 0.6438937698591668, "epsilon": 19.76256527010908, "gamma": 9.588964609493708}, "datetime": {"datetime": "2021-08-25 14:18:31", "elapsed": 40.275978, "delta": 0.657958}}
{"target": -10.412971685956792, "params": {"C": 9.730173371354024, "epsilon": 19.991301028295382, "gamma": 9.953455368112214}, "datetime": {"datetime": "2021-08-25 14:18:32", "elapsed": 41.035017, "delta": 0.759039}}
{"target": -10.412971685955759, "params": {"C": 0.0313296529314228, "epsilon": 2.175477283647118, "gamma": 0.04860011761835674}, "datetime": {"datetime": "2021-08-25 14:18:33", "elapsed": 41.861983, "delta": 0.826966}}
{"target": -10.412971685955759, "params": {"C": 0.34744637738972095, "epsilon": 2.031441277623597, "gamma": 9.921175786421644}, "datetime": {"datetime": "2021-08-25 14:18:34", "elapsed": 42.581944, "delta": 0.719961}}
{"target": -10.412971685955759, "params": {"C": 9.347224916002316, "epsilon": 2.0192105920833563, "gamma": 1.1655307734746305}, "datetime": {"datetime": "2021-08-25 14:18:35", "elapsed": 43.53593, "delta": 0.953986}}
{"target": -10.412971685955759, "params": {"C": 9.513607358339488, "epsilon": 2.084152852448323, "gamma": 9.845376956032334}, "datetime": {"datetime": "2021-08-25 14:18:35", "elapsed": 44.34456, "delta": 0.80863}}
{"target": -10.412971685954732, "params": {"C": 0.2039661403838393, "epsilon": 19.852163326309462, "gamma": 9.625686252805398}, "datetime": {"datetime": "2021-08-25 14:18:36", "elapsed": 44.939973, "delta": 0.595413}}
{"target": -10.412971685955759, "params": {"C": 0.6404969333359185, "epsilon": 2.368844329391334, "gamma": 0.18962805754445353}, "datetime": {"datetime": "2021-08-25 14:18:37", "elapsed": 45.69094, "delta": 0.750967}}
{"target": -10.412971685954732, "params": {"C": 9.500220773910012, "epsilon": 19.978250017849124, "gamma": 9.947467870037903}, "datetime": {"datetime": "2021-08-25 14:18:38", "elapsed": 46.647941, "delta": 0.957001}}
{"target": -10.412971685955759, "params": {"C": 9.377973517193087, "epsilon": 2.4649108422554415, "gamma": 0.2926350423665304}, "datetime": {"datetime": "2021-08-25 14:18:38", "elapsed": 47.414592, "delta": 0.766651}}
{"target": -10.412971685954732, "params": {"C": 9.813384680485273, "epsilon": 19.6977720390088, "gamma": 9.952135424247597}, "datetime": {"datetime": "2021-08-25 14:18:39", "elapsed": 48.173595, "delta": 0.759003}}
{"target": -10.412971685956792, "params": {"C": 9.719608341320235, "epsilon": 19.786767509590966, "gamma": 9.515489831131577}, "datetime": {"datetime": "2021-08-25 14:18:40", "elapsed": 48.84858, "delta": 0.674985}}
{"target": -10.412971685956792, "params": {"C": 9.942297520907356, "epsilon": 19.80813722201266, "gamma": 0.6073762350532703}, "datetime": {"datetime": "2021-08-25 14:18:41", "elapsed": 49.751584, "delta": 0.903004}}
{"target": -10.412971685955759, "params": {"C": 0.7186449030786597, "epsilon": 2.5092723006350295, "gamma": 0.10315625880892408}, "datetime": {"datetime": "2021-08-25 14:18:42", "elapsed": 50.519617, "delta": 0.768033}}
{"target": -10.412971685956792, "params": {"C": 0.04403248304975261, "epsilon": 19.331250701552705, "gamma": 9.621826550770935}, "datetime": {"datetime": "2021-08-25 14:18:42", "elapsed": 51.429382, "delta": 0.909765}}
{"target": -10.412971685955759, "params": {"C": 9.750666410615818, "epsilon": 2.1826825248891932, "gamma": 5.335121732165804}, "datetime": {"datetime": "2021-08-25 14:18:43", "elapsed": 52.438425, "delta": 1.009043}}
{"target": -10.412971685955759, "params": {"C": 0.01652809937254874, "epsilon": 2.09201536914025, "gamma": 0.2656971619093167}, "datetime": {"datetime": "2021-08-25 14:18:44", "elapsed": 53.396052, "delta": 0.957627}}
{"target": -10.412971685954732, "params": {"C": 0.2426513373691682, "epsilon": 19.96394077044611, "gamma": 8.9206620723482}, "datetime": {"datetime": "2021-08-25 14:18:45", "elapsed": 54.236554, "delta": 0.840502}}
{"target": -10.412971685956792, "params": {"C": 0.5739886312036079, "epsilon": 19.882679483422223, "gamma": 9.069336062326759}, "datetime": {"datetime": "2021-08-25 14:18:46", "elapsed": 55.196988, "delta": 0.960434}}
{"target": -10.412971685955759, "params": {"C": 1.7163692078063835, "epsilon": 2.26022839032854, "gamma": 8.932888803276153}, "datetime": {"datetime": "2021-08-25 14:18:47", "elapsed": 56.116898, "delta": 0.91991}}
{"target": -10.412971685955759, "params": {"C": 0.5238172192431056, "epsilon": 2.430306307585277, "gamma": 9.00293502119035}, "datetime": {"datetime": "2021-08-25 14:18:48", "elapsed": 57.051576, "delta": 0.934678}}
{"target": -10.412971685954732, "params": {"C": 8.479844614712606, "epsilon": 19.984436379612763, "gamma": 0.471695491719677}, "datetime": {"datetime": "2021-08-25 14:18:49", "elapsed": 58.073534, "delta": 1.021958}}
{"target": -10.412971685954732, "params": {"C": 0.22973192557398053, "epsilon": 19.73612830469708, "gamma": 9.658377216004011}, "datetime": {"datetime": "2021-08-25 14:18:50", "elapsed": 58.915031, "delta": 0.841497}}
{"target": -10.412971685956792, "params": {"C": 9.512806394657364, "epsilon": 19.92942857369969, "gamma": 0.3432613862466127}, "datetime": {"datetime": "2021-08-25 14:18:51", "elapsed": 59.784071, "delta": 0.86904}}
{"target": -10.412971685955759, "params": {"C": 9.959215360087509, "epsilon": 3.0976587539628033, "gamma": 0.3679966236552863}, "datetime": {"datetime": "2021-08-25 14:18:52", "elapsed": 60.528644, "delta": 0.744573}}
{"target": -10.412971685955759, "params": {"C": 9.81216800439588, "epsilon": 2.000648711567148, "gamma": 9.429294273367836}, "datetime": {"datetime": "2021-08-25 14:18:52", "elapsed": 61.490879, "delta": 0.962235}}
{"target": -10.412971685956792, "params": {"C": 0.469495486170358, "epsilon": 19.945455947258672, "gamma": 2.4496064575094096}, "datetime": {"datetime": "2021-08-25 14:18:53", "elapsed": 62.210842, "delta": 0.719963}}
{"target": -10.412971685955505, "params": {"C": 0.47084497729139324, "epsilon": 3.4109828421873725, "gamma": 0.8982480129365352}, "datetime": {"datetime": "2021-08-25 14:18:54", "elapsed": 63.136515, "delta": 0.925673}}
{"target": -10.412971685955759, "params": {"C": 9.729193447570852, "epsilon": 2.545368274762553, "gamma": 0.04316133310043956}, "datetime": {"datetime": "2021-08-25 14:18:55", "elapsed": 63.93154, "delta": 0.795025}}
{"target": -10.412971685955759, "params": {"C": 9.595039275195207, "epsilon": 2.4963297871258137, "gamma": 9.915162012275989}, "datetime": {"datetime": "2021-08-25 14:18:56", "elapsed": 64.79164, "delta": 0.8601}}
{"target": -10.412971685954732, "params": {"C": 1.323143571554444, "epsilon": 19.938572164669456, "gamma": 8.049532242850555}, "datetime": {"datetime": "2021-08-25 14:18:57", "elapsed": 65.758649, "delta": 0.967009}}
{"target": -10.412971685956792, "params": {"C": 0.7744908791411124, "epsilon": 19.728731810595953, "gamma": 2.544516047378584}, "datetime": {"datetime": "2021-08-25 14:18:58", "elapsed": 66.793877, "delta": 1.035228}}
{"target": -10.412971685955759, "params": {"C": 9.551317040533934, "epsilon": 2.582632472900558, "gamma": 9.996715249928153}, "datetime": {"datetime": "2021-08-25 14:18:59", "elapsed": 67.809522, "delta": 1.015645}}
{"target": -10.412971685955759, "params": {"C": 9.949205559169913, "epsilon": 2.144723111638897, "gamma": 8.013187120486782}, "datetime": {"datetime": "2021-08-25 14:19:00", "elapsed": 68.789689, "delta": 0.980167}}
{"target": -10.412971685956018, "params": {"C": 9.953225924801245, "epsilon": 3.3105236193508714, "gamma": 9.438939652011323}, "datetime": {"datetime": "2021-08-25 14:19:01", "elapsed": 69.877689, "delta": 1.088}}
{"target": -10.412971685955759, "params": {"C": 9.52071424228546, "epsilon": 2.6199166016739177, "gamma": 0.04081773163253509}, "datetime": {"datetime": "2021-08-25 14:19:02", "elapsed": 70.581741, "delta": 0.704052}}
{"target": -10.412971685956792, "params": {"C": 9.667417300145857, "epsilon": 19.4895635800357, "gamma": 2.377810474527334}, "datetime": {"datetime": "2021-08-25 14:19:03", "elapsed": 71.605191, "delta": 1.02345}}
{"target": -10.412971685955759, "params": {"C": 0.24709272835074952, "epsilon": 2.143030752406709, "gamma": 9.765706263945697}, "datetime": {"datetime": "2021-08-25 14:19:03", "elapsed": 72.490151, "delta": 0.88496}}
{"target": -10.412971685954732, "params": {"C": 0.03578029366025955, "epsilon": 19.956402433082953, "gamma": 8.779964349892142}, "datetime": {"datetime": "2021-08-25 14:19:05", "elapsed": 73.714445, "delta": 1.224294}}
{"target": -10.412971685954732, "params": {"C": 9.212232644949152, "epsilon": 19.715454549785765, "gamma": 9.645718879364559}, "datetime": {"datetime": "2021-08-25 14:19:06", "elapsed": 74.789091, "delta": 1.074646}}
{"target": -10.412971685956792, "params": {"C": 9.592195418951707, "epsilon": 19.676139618231716, "gamma": 0.17241477441244843}, "datetime": {"datetime": "2021-08-25 14:19:07", "elapsed": 75.773271, "delta": 0.98418}}
{"target": -10.412971685954732, "params": {"C": 1.5962727227099869, "epsilon": 19.798681256233113, "gamma": 9.421043777202414}, "datetime": {"datetime": "2021-08-25 14:19:08", "elapsed": 76.758274, "delta": 0.985003}}
{"target": -10.412971685956792, "params": {"C": 9.132663560164652, "epsilon": 19.770680019440277, "gamma": 0.7694644095781796}, "datetime": {"datetime": "2021-08-25 14:19:09", "elapsed": 77.68763, "delta": 0.929356}}
{"target": -10.412971685956792, "params": {"C": 9.429058108842625, "epsilon": 18.381574482318385, "gamma": 0.5913518691238949}, "datetime": {"datetime": "2021-08-25 14:19:10", "elapsed": 78.883396, "delta": 1.195766}}
{"target": -10.412971685955759, "params": {"C": 0.6490587477289093, "epsilon": 2.2422933338148905, "gamma": 0.6243023497037108}, "datetime": {"datetime": "2021-08-25 14:19:11", "elapsed": 80.451409, "delta": 1.568013}}
