{"target": -3.920072369818421, "params": {"C": 3.6228678314217113, "epsilon": 0.07838437242350133, "gamma": 5.625885337207602}, "datetime": {"datetime": "2021-08-25 14:32:41", "elapsed": 70.322618, "delta": 0.671981}}
{"target": -3.0656537039143554, "params": {"C": 0.4860235993102322, "epsilon": 0.08934605208482663, "gamma": 4.431044324935337}, "datetime": {"datetime": "2021-08-25 14:32:42", "elapsed": 71.570856, "delta": 1.248238}}
{"target": -4.892141935798298, "params": {"C": 0.6135313597000583, "epsilon": 0.09707594509698135, "gamma": 5.916153788003356}, "datetime": {"datetime": "2021-08-25 14:32:43", "elapsed": 72.528817, "delta": 0.957961}}
{"target": -2.9836212449309363, "params": {"C": 3.404161706437934, "epsilon": 0.07088492909058894, "gamma": 4.901310832865599}, "datetime": {"datetime": "2021-08-25 14:32:44", "elapsed": 73.158825, "delta": 0.630008}}
{"target": -3.2205629078770004, "params": {"C": 7.751201993483305, "epsilon": 0.06908882899730766, "gamma": 2.954918695539173}, "datetime": {"datetime": "2021-08-25 14:32:44", "elapsed": 73.771215, "delta": 0.61239}}
{"target": -2.665801533914107, "params": {"C": 9.260350252359258, "epsilon": 0.08967268805137224, "gamma": 5.417818105914841}, "datetime": {"datetime": "2021-08-25 14:32:45", "elapsed": 74.427199, "delta": 0.655984}}
{"target": -2.7326013548929198, "params": {"C": 0.931681133205376, "epsilon": 0.07442226761422675, "gamma": 8.392530211657116}, "datetime": {"datetime": "2021-08-25 14:32:46", "elapsed": 75.489203, "delta": 1.062004}}
{"target": -3.2510346961477534, "params": {"C": 6.704446359219919, "epsilon": 0.09517879368104559, "gamma": 6.052061533173792}, "datetime": {"datetime": "2021-08-25 14:32:47", "elapsed": 76.119332, "delta": 0.630129}}
{"target": -3.5102249389054605, "params": {"C": 9.5479905531415, "epsilon": 0.07914862239287851, "gamma": 2.786156384354861}, "datetime": {"datetime": "2021-08-25 14:32:47", "elapsed": 76.763334, "delta": 0.644002}}
{"target": -13.803096275264206, "params": {"C": 0.23746001311539644, "epsilon": 0.08983830560362603, "gamma": 0.9599284842781626}, "datetime": {"datetime": "2021-08-25 14:32:48", "elapsed": 77.445335, "delta": 0.682001}}
{"target": -3.1013370734302015, "params": {"C": 2.835837257265089, "epsilon": 0.06476243577878289, "gamma": 5.115616425064448}, "datetime": {"datetime": "2021-08-25 14:32:49", "elapsed": 78.617126, "delta": 1.171791}}
{"target": -2.4753538483929582, "params": {"C": 3.0997492866162646, "epsilon": 0.0908873542607293, "gamma": 6.829678117512691}, "datetime": {"datetime": "2021-08-25 14:32:50", "elapsed": 79.189126, "delta": 0.572}}
{"target": -2.876540950476355, "params": {"C": 3.4558703673191844, "epsilon": 0.07263014911701209, "gamma": 3.695066166812186}, "datetime": {"datetime": "2021-08-25 14:32:50", "elapsed": 79.753933, "delta": 0.564807}}
{"target": -3.4908577263821226, "params": {"C": 5.983126745928169, "epsilon": 0.08053183049375606, "gamma": 3.3872608721036555}, "datetime": {"datetime": "2021-08-25 14:32:51", "elapsed": 80.665969, "delta": 0.912036}}
{"target": -3.229848280139378, "params": {"C": 8.661429626995009, "epsilon": 0.08690192557782976, "gamma": 5.838684476899385}, "datetime": {"datetime": "2021-08-25 14:32:52", "elapsed": 81.221068, "delta": 0.555099}}
{"target": -2.9019960823130733, "params": {"C": 4.652027707410117, "epsilon": 0.08926935960316602, "gamma": 3.0863629181560617}, "datetime": {"datetime": "2021-08-25 14:32:52", "elapsed": 82.038901, "delta": 0.817833}}
{"target": -4.220492666655789, "params": {"C": 9.245139538853048, "epsilon": 0.08085233559949356, "gamma": 5.438900722171468}, "datetime": {"datetime": "2021-08-25 14:32:53", "elapsed": 83.004134, "delta": 0.965233}}
{"target": -2.980241426771092, "params": {"C": 3.350123755970941, "epsilon": 0.07672206050174946, "gamma": 0.804315504086364}, "datetime": {"datetime": "2021-08-25 14:32:54", "elapsed": 83.537168, "delta": 0.533034}}
{"target": -3.520588908122884, "params": {"C": 1.369029671885811, "epsilon": 0.061439435742900096, "gamma": 3.381289568166558}, "datetime": {"datetime": "2021-08-25 14:32:55", "elapsed": 84.122571, "delta": 0.585403}}
{"target": -4.680279159470694, "params": {"C": 3.0674669791548457, "epsilon": 0.09668680605019418, "gamma": 6.840622778478941}, "datetime": {"datetime": "2021-08-25 14:32:56", "elapsed": 85.100233, "delta": 0.977662}}
{"target": -3.451789189327561, "params": {"C": 4.6749056192288965, "epsilon": 0.08513492198910781, "gamma": 3.0583013468410125}, "datetime": {"datetime": "2021-08-25 14:32:57", "elapsed": 86.291833, "delta": 1.1916}}
{"target": -6.7920464517807515, "params": {"C": 6.9151767476931045, "epsilon": 0.09878075141844916, "gamma": 9.170351292578633}, "datetime": {"datetime": "2021-08-25 14:32:57", "elapsed": 86.827832, "delta": 0.535999}}
{"target": -3.599857908508677, "params": {"C": 9.666279123572359, "epsilon": 0.08242186386691952, "gamma": 2.3814176553353565}, "datetime": {"datetime": "2021-08-25 14:32:58", "elapsed": 87.417833, "delta": 0.590001}}
{"target": -2.9167941695136985, "params": {"C": 4.4245548991200945, "epsilon": 0.08744632789838894, "gamma": 0.8052614099556628}, "datetime": {"datetime": "2021-08-25 14:32:59", "elapsed": 88.418048, "delta": 1.000215}}
{"target": -3.3703302634666295, "params": {"C": 2.155650713165345, "epsilon": 0.09529086896755959, "gamma": 3.42439736876691}, "datetime": {"datetime": "2021-08-25 14:33:00", "elapsed": 89.473048, "delta": 1.055}}
{"target": -3.424343027773222, "params": {"C": 9.154524897724368, "epsilon": 0.06159820808733812, "gamma": 4.757925805212765}, "datetime": {"datetime": "2021-08-25 14:33:01", "elapsed": 90.076284, "delta": 0.603236}}
{"target": -6.058257777087492, "params": {"C": 9.753775151333606, "epsilon": 0.07886929021436934, "gamma": 7.021584427150515}, "datetime": {"datetime": "2021-08-25 14:33:01", "elapsed": 90.640327, "delta": 0.564043}}
{"target": -3.3895476480620705, "params": {"C": 7.791033601695077, "epsilon": 0.07016478296465851, "gamma": 0.45528553971288466}, "datetime": {"datetime": "2021-08-25 14:33:02", "elapsed": 91.28729, "delta": 0.646963}}
{"target": -2.822849862808905, "params": {"C": 8.34308247592988, "epsilon": 0.062201799940031485, "gamma": 0.4811292348143499}, "datetime": {"datetime": "2021-08-25 14:33:03", "elapsed": 92.456242, "delta": 1.168952}}
{"target": -3.1919512075585126, "params": {"C": 3.1903561362894313, "epsilon": 0.09213456007162292, "gamma": 1.6063308158871665}, "datetime": {"datetime": "2021-08-25 14:33:03", "elapsed": 92.998253, "delta": 0.542011}}
{"target": -5.875713357676982, "params": {"C": 7.386551324979845, "epsilon": 0.09910069193962723, "gamma": 0.4333267103338766}, "datetime": {"datetime": "2021-08-25 14:33:04", "elapsed": 93.698915, "delta": 0.700662}}
{"target": -3.368692556558884, "params": {"C": 4.786711346017978, "epsilon": 0.08656735570291985, "gamma": 3.5866910948032067}, "datetime": {"datetime": "2021-08-25 14:33:05", "elapsed": 94.26976, "delta": 0.570845}}
{"target": -2.4853776513510226, "params": {"C": 3.122379977789521, "epsilon": 0.09117403791843909, "gamma": 6.810568131092352}, "datetime": {"datetime": "2021-08-25 14:33:06", "elapsed": 95.412365, "delta": 1.142605}}
{"target": -5.993551049996972, "params": {"C": 0.9312233262697807, "epsilon": 0.0987825507012742, "gamma": 8.416016648451953}, "datetime": {"datetime": "2021-08-25 14:33:07", "elapsed": 96.522831, "delta": 1.110466}}
{"target": -2.7478219860278257, "params": {"C": 8.319071779703261, "epsilon": 0.08147046552457876, "gamma": 0.4695985880494521}, "datetime": {"datetime": "2021-08-25 14:33:08", "elapsed": 97.459829, "delta": 0.936998}}
{"target": -3.166083977308718, "params": {"C": 1.7109054685757366, "epsilon": 0.06394551824548438, "gamma": 5.06741583254523}, "datetime": {"datetime": "2021-08-25 14:33:08", "elapsed": 98.045031, "delta": 0.585202}}
{"target": -2.645977613860809, "params": {"C": 2.6079662637705914, "epsilon": 0.08842691620162202, "gamma": 7.389733705285642}, "datetime": {"datetime": "2021-08-25 14:33:09", "elapsed": 99.008036, "delta": 0.963005}}
{"target": -5.72969800425772, "params": {"C": 0.31547603611562547, "epsilon": 0.09766491218809831, "gamma": 8.509926134877844}, "datetime": {"datetime": "2021-08-25 14:33:10", "elapsed": 99.99031, "delta": 0.982274}}
{"target": -3.669005756606347, "params": {"C": 2.575914184778729, "epsilon": 0.06937772971114403, "gamma": 8.17229133455612}, "datetime": {"datetime": "2021-08-25 14:33:11", "elapsed": 100.555356, "delta": 0.565046}}
{"target": -2.715810335563297, "params": {"C": 2.8729214433216295, "epsilon": 0.08898884406858742, "gamma": 5.142761431113039}, "datetime": {"datetime": "2021-08-25 14:33:12", "elapsed": 101.576315, "delta": 1.020959}}
{"target": -2.6223211919357103, "params": {"C": 1.0505238743977492, "epsilon": 0.09031639542641066, "gamma": 8.399237288267681}, "datetime": {"datetime": "2021-08-25 14:33:13", "elapsed": 102.596659, "delta": 1.020344}}
{"target": -2.9868620357659665, "params": {"C": 1.2517983025780646, "epsilon": 0.08635451472009578, "gamma": 5.460132380238659}, "datetime": {"datetime": "2021-08-25 14:33:14", "elapsed": 103.184349, "delta": 0.58769}}
{"target": -3.5823780370017495, "params": {"C": 6.286668380993856, "epsilon": 0.0651444526124497, "gamma": 6.729097975791952}, "datetime": {"datetime": "2021-08-25 14:33:14", "elapsed": 103.801544, "delta": 0.617195}}
{"target": -2.8087360532027317, "params": {"C": 5.943834878505773, "epsilon": 0.0941253475169265, "gamma": 3.4079866687625335}, "datetime": {"datetime": "2021-08-25 14:33:15", "elapsed": 104.753162, "delta": 0.951618}}
{"target": -4.442904896480366, "params": {"C": 4.805493097440638, "epsilon": 0.07862335868208861, "gamma": 5.6495035063999035}, "datetime": {"datetime": "2021-08-25 14:33:16", "elapsed": 105.404165, "delta": 0.651003}}
{"target": -2.9060300538045056, "params": {"C": 0.5735387757446208, "epsilon": 0.0865164906439459, "gamma": 5.985273310358705}, "datetime": {"datetime": "2021-08-25 14:33:17", "elapsed": 106.555023, "delta": 1.150858}}
{"target": -3.3294267507110606, "params": {"C": 1.358877007765367, "epsilon": 0.06260063400341688, "gamma": 4.42958601809933}, "datetime": {"datetime": "2021-08-25 14:33:18", "elapsed": 107.184851, "delta": 0.629828}}
{"target": -3.027290697029189, "params": {"C": 5.166841225207781, "epsilon": 0.0761035694010274, "gamma": 1.8893326595976534}, "datetime": {"datetime": "2021-08-25 14:33:18", "elapsed": 107.80617, "delta": 0.621319}}
{"target": -3.349611104917024, "params": {"C": 1.4364167919904203, "epsilon": 0.062251031870198294, "gamma": 9.03900883418305}, "datetime": {"datetime": "2021-08-25 14:33:19", "elapsed": 108.430315, "delta": 0.624145}}
{"target": -6.138581014702063, "params": {"C": 0.7939343267387619, "epsilon": 0.09899384038990448, "gamma": 4.105410062562917}, "datetime": {"datetime": "2021-08-25 14:33:19", "elapsed": 109.028309, "delta": 0.597994}}
{"target": -3.351182997022767, "params": {"C": 2.673631557168405, "epsilon": 0.06863461803673206, "gamma": 6.186196504781476}, "datetime": {"datetime": "2021-08-25 14:33:20", "elapsed": 109.68297, "delta": 0.654661}}
{"target": -3.9286903991076647, "params": {"C": 2.630425340672216, "epsilon": 0.08083857624918356, "gamma": 7.406438023980376}, "datetime": {"datetime": "2021-08-25 14:33:21", "elapsed": 110.695034, "delta": 1.012064}}
{"target": -2.9055550154856222, "params": {"C": 7.689101395791327, "epsilon": 0.09023522382814743, "gamma": 2.450788324389875}, "datetime": {"datetime": "2021-08-25 14:33:22", "elapsed": 111.335036, "delta": 0.640002}}
{"target": -8.434048947188003, "params": {"C": 0.6040999431440344, "epsilon": 0.07208060399378562, "gamma": 1.0983654448481603}, "datetime": {"datetime": "2021-08-25 14:33:22", "elapsed": 111.943171, "delta": 0.608135}}
{"target": -2.991476106627048, "params": {"C": 2.869616075600015, "epsilon": 0.0672108341560632, "gamma": 5.141192452972573}, "datetime": {"datetime": "2021-08-25 14:33:23", "elapsed": 113.017212, "delta": 1.074041}}
{"target": -4.120117159337426, "params": {"C": 0.9003321942084151, "epsilon": 0.09566845641559021, "gamma": 9.060101257697923}, "datetime": {"datetime": "2021-08-25 14:33:25", "elapsed": 114.107736, "delta": 1.090524}}
{"target": -5.707265607376475, "params": {"C": 0.3175724398911995, "epsilon": 0.08228299489810965, "gamma": 3.7111595530699737}, "datetime": {"datetime": "2021-08-25 14:33:25", "elapsed": 114.756162, "delta": 0.648426}}
{"target": -4.170002473801208, "params": {"C": 1.6801899467976897, "epsilon": 0.096267308427993, "gamma": 5.230293686374558}, "datetime": {"datetime": "2021-08-25 14:33:26", "elapsed": 115.405164, "delta": 0.649002}}
{"target": -4.13391661691102, "params": {"C": 7.530584544173405, "epsilon": 0.08331271432219296, "gamma": 8.31535161492948}, "datetime": {"datetime": "2021-08-25 14:33:27", "elapsed": 116.102333, "delta": 0.697169}}
{"target": -3.1080243196788664, "params": {"C": 4.29174073914914, "epsilon": 0.09075872468395801, "gamma": 1.6995152283012338}, "datetime": {"datetime": "2021-08-25 14:33:27", "elapsed": 116.771973, "delta": 0.66964}}
{"target": -2.9342262599578652, "params": {"C": 5.9753075039890025, "epsilon": 0.0711712582780279, "gamma": 3.417683499390017}, "datetime": {"datetime": "2021-08-25 14:33:28", "elapsed": 117.837292, "delta": 1.065319}}
{"target": -2.9740213252770573, "params": {"C": 8.736903422111821, "epsilon": 0.06593555685476628, "gamma": 0.2816696746821329}, "datetime": {"datetime": "2021-08-25 14:33:29", "elapsed": 118.537333, "delta": 0.700041}}
{"target": -5.009977796994668, "params": {"C": 0.560174324695247, "epsilon": 0.09676035200442414, "gamma": 5.959172219916867}, "datetime": {"datetime": "2021-08-25 14:33:30", "elapsed": 119.78224, "delta": 1.244907}}
{"target": -3.2550811614516806, "params": {"C": 4.992117388606171, "epsilon": 0.08617452409054718, "gamma": 0.9728145354561812}, "datetime": {"datetime": "2021-08-25 14:33:31", "elapsed": 120.454235, "delta": 0.671995}}
{"target": -3.5547765182943434, "params": {"C": 6.636641253545443, "epsilon": 0.061054381010487144, "gamma": 5.022757644728937}, "datetime": {"datetime": "2021-08-25 14:33:32", "elapsed": 121.158206, "delta": 0.703971}}
{"target": -3.095056238000929, "params": {"C": 2.1381930395189466, "epsilon": 0.08488884419390133, "gamma": 8.057081249285075}, "datetime": {"datetime": "2021-08-25 14:33:32", "elapsed": 121.870684, "delta": 0.712478}}
{"target": -2.6010652899796303, "params": {"C": 9.263879251754048, "epsilon": 0.09006075887763072, "gamma": 5.392867789143506}, "datetime": {"datetime": "2021-08-25 14:33:34", "elapsed": 123.092681, "delta": 1.221997}}
{"target": -2.650506141190734, "params": {"C": 1.005181456134744, "epsilon": 0.09201072093037772, "gamma": 8.435745989897754}, "datetime": {"datetime": "2021-08-25 14:33:35", "elapsed": 124.31607, "delta": 1.223389}}
{"target": -3.0572941719411975, "params": {"C": 3.11544168000937, "epsilon": 0.08399504477647554, "gamma": 6.830010288984983}, "datetime": {"datetime": "2021-08-25 14:33:36", "elapsed": 125.472072, "delta": 1.156002}}
{"target": -2.754556895529681, "params": {"C": 1.7669655036387208, "epsilon": 0.0749243958086563, "gamma": 4.62531562439778}, "datetime": {"datetime": "2021-08-25 14:33:37", "elapsed": 126.165225, "delta": 0.693153}}
{"target": -3.201279963678141, "params": {"C": 0.4886469554705589, "epsilon": 0.061188590573929016, "gamma": 4.468048201265355}, "datetime": {"datetime": "2021-08-25 14:33:38", "elapsed": 127.384225, "delta": 1.219}}
{"target": -2.5136441539048815, "params": {"C": 1.2590267882230681, "epsilon": 0.09104425094393076, "gamma": 7.7046011833152}, "datetime": {"datetime": "2021-08-25 14:33:39", "elapsed": 128.067466, "delta": 0.683241}}
{"target": -3.1808957778615454, "params": {"C": 1.966747607130167, "epsilon": 0.08616090214778221, "gamma": 5.579716958068568}, "datetime": {"datetime": "2021-08-25 14:33:39", "elapsed": 128.788656, "delta": 0.72119}}
{"target": -2.443353784410938, "params": {"C": 0.31601157952147857, "epsilon": 0.08020689312008006, "gamma": 8.47311792459654}, "datetime": {"datetime": "2021-08-25 14:33:41", "elapsed": 130.475859, "delta": 1.687203}}
{"target": -3.003047520014248, "params": {"C": 0.6020649003172838, "epsilon": 0.06556213019056806, "gamma": 5.983892962734607}, "datetime": {"datetime": "2021-08-25 14:33:42", "elapsed": 131.608861, "delta": 1.133002}}
{"target": -3.4292145530199436, "params": {"C": 2.3911717052765646, "epsilon": 0.07268615269199918, "gamma": 6.8785442231197464}, "datetime": {"datetime": "2021-08-25 14:33:43", "elapsed": 132.306024, "delta": 0.697163}}
{"target": -6.365204783648953, "params": {"C": 5.4997073210366825, "epsilon": 0.0783841035971082, "gamma": 9.274853013324682}, "datetime": {"datetime": "2021-08-25 14:33:44", "elapsed": 133.06803, "delta": 0.762006}}
{"target": -5.768520189751595, "params": {"C": 6.713905632743205, "epsilon": 0.0980741387821609, "gamma": 4.061638481298845}, "datetime": {"datetime": "2021-08-25 14:33:45", "elapsed": 134.504848, "delta": 1.436818}}
{"target": -5.351949944785567, "params": {"C": 2.867456978466882, "epsilon": 0.09724999146219154, "gamma": 5.103771489949056}, "datetime": {"datetime": "2021-08-25 14:33:46", "elapsed": 135.812183, "delta": 1.307335}}
{"target": -3.431938996079273, "params": {"C": 4.449838938778927, "epsilon": 0.09437213666885721, "gamma": 0.8363976911549634}, "datetime": {"datetime": "2021-08-25 14:33:48", "elapsed": 137.146477, "delta": 1.334294}}
{"target": -3.076580405513508, "params": {"C": 0.9181551009165145, "epsilon": 0.06560549029792176, "gamma": 8.377970373533937}, "datetime": {"datetime": "2021-08-25 14:33:49", "elapsed": 138.631274, "delta": 1.484797}}
{"target": -2.763805228220735, "params": {"C": 1.4198698449208156, "epsilon": 0.09249821525580709, "gamma": 8.061803692521908}, "datetime": {"datetime": "2021-08-25 14:33:50", "elapsed": 139.40029, "delta": 0.769016}}
{"target": -6.363080428337203, "params": {"C": 0.7243465478400797, "epsilon": 0.09544147310736487, "gamma": 1.819570916511217}, "datetime": {"datetime": "2021-08-25 14:33:51", "elapsed": 140.177505, "delta": 0.777215}}
{"target": -4.436242338283324, "params": {"C": 2.1186040569327647, "epsilon": 0.09616009254953695, "gamma": 1.558885475523046}, "datetime": {"datetime": "2021-08-25 14:33:51", "elapsed": 140.953508, "delta": 0.776003}}
{"target": -3.6024603162233526, "params": {"C": 1.2785682000576735, "epsilon": 0.09446791604153404, "gamma": 7.70713307733952}, "datetime": {"datetime": "2021-08-25 14:33:53", "elapsed": 142.612712, "delta": 1.659204}}
{"target": -3.1078725996271173, "params": {"C": 1.2651417008959316, "epsilon": 0.0643319191558466, "gamma": 7.69001235039882}, "datetime": {"datetime": "2021-08-25 14:33:54", "elapsed": 143.95352, "delta": 1.340808}}
{"target": -3.18550722908938, "params": {"C": 5.495929430062926, "epsilon": 0.06346086841133373, "gamma": 4.593471259822628}, "datetime": {"datetime": "2021-08-25 14:33:55", "elapsed": 144.710484, "delta": 0.756964}}
{"target": -2.8642226871350376, "params": {"C": 9.807057977973221, "epsilon": 0.07896184903929845, "gamma": 1.312095317781518}, "datetime": {"datetime": "2021-08-25 14:33:56", "elapsed": 145.500488, "delta": 0.790004}}
{"target": -2.8942403818770104, "params": {"C": 1.2390721152656958, "epsilon": 0.08231363091194616, "gamma": 7.699116879244706}, "datetime": {"datetime": "2021-08-25 14:33:57", "elapsed": 147.049632, "delta": 1.549144}}
{"target": -2.8298074486424065, "params": {"C": 2.615059731772919, "epsilon": 0.09265773555370313, "gamma": 7.371596026020596}, "datetime": {"datetime": "2021-08-25 14:33:59", "elapsed": 148.473937, "delta": 1.424305}}
{"target": -3.0888393429941017, "params": {"C": 4.627598645669458, "epsilon": 0.08143876332412982, "gamma": 3.0809641244472283}, "datetime": {"datetime": "2021-08-25 14:34:00", "elapsed": 149.751622, "delta": 1.277685}}
{"target": -2.7643557272474144, "params": {"C": 1.2540110716809212, "epsilon": 0.09258161246944116, "gamma": 7.720563701467015}, "datetime": {"datetime": "2021-08-25 14:34:02", "elapsed": 151.192929, "delta": 1.441307}}
{"target": -3.9749524158145637, "params": {"C": 9.275021176438571, "epsilon": 0.08122799541718237, "gamma": 5.36345164154032}, "datetime": {"datetime": "2021-08-25 14:34:03", "elapsed": 152.692605, "delta": 1.499676}}
{"target": -3.041041734236735, "params": {"C": 9.075451592033993, "epsilon": 0.09353083534129256, "gamma": 7.513140758473902}, "datetime": {"datetime": "2021-08-25 14:34:04", "elapsed": 153.519645, "delta": 0.82704}}
{"target": -6.437336573913813, "params": {"C": 7.5896063357809895, "epsilon": 0.07040985315143325, "gamma": 8.411306017309391}, "datetime": {"datetime": "2021-08-25 14:34:05", "elapsed": 154.401029, "delta": 0.881384}}
{"target": -4.425659952086177, "params": {"C": 3.0975656071002615, "epsilon": 0.07826205153540033, "gamma": 6.80542304870761}, "datetime": {"datetime": "2021-08-25 14:34:06", "elapsed": 155.914749, "delta": 1.51372}}
{"target": -3.4153053367222457, "params": {"C": 6.758569339272135, "epsilon": 0.07060810632569281, "gamma": 4.09075515349131}, "datetime": {"datetime": "2021-08-25 14:34:08", "elapsed": 157.410385, "delta": 1.495636}}
{"target": -6.884633274109617, "params": {"C": 5.9675511356331405, "epsilon": 0.09998317004825086, "gamma": 3.4212311639886317}, "datetime": {"datetime": "2021-08-25 14:34:10", "elapsed": 159.096507, "delta": 1.686122}}
{"target": -2.8155862819371267, "params": {"C": 1.7680952609064713, "epsilon": 0.0793005038066859, "gamma": 4.6075591338312165}, "datetime": {"datetime": "2021-08-25 14:34:11", "elapsed": 160.538948, "delta": 1.442441}}
{"target": -4.066767641144418, "params": {"C": 9.894852271017879, "epsilon": 0.09736454478984836, "gamma": 0.6466015973427326}, "datetime": {"datetime": "2021-08-25 14:34:12", "elapsed": 161.36095, "delta": 0.822002}}
