{"target": -3.4868131688755355, "params": {"C": 3.1678666647309996, "epsilon": 0.0655801273221165, "gamma": 9.505455764709739}, "datetime": {"datetime": "2021-08-25 14:40:07", "elapsed": 516.100306, "delta": 1.461196}}
{"target": -6.794083303709029, "params": {"C": 0.5084887453482199, "epsilon": 0.09176265584214802, "gamma": 1.6303363638202477}, "datetime": {"datetime": "2021-08-25 14:40:08", "elapsed": 517.613485, "delta": 1.513179}}
{"target": -3.3918056446856326, "params": {"C": 8.256602854444475, "epsilon": 0.09068594700033863, "gamma": 8.764223136260753}, "datetime": {"datetime": "2021-08-25 14:40:10", "elapsed": 519.114841, "delta": 1.501356}}
{"target": -6.629244350778582, "params": {"C": 2.800019401266993, "epsilon": 0.0994745680507009, "gamma": 0.7171178709274242}, "datetime": {"datetime": "2021-08-25 14:40:12", "elapsed": 521.675811, "delta": 2.56097}}
{"target": -3.4759149831794782, "params": {"C": 5.414612651496997, "epsilon": 0.0697538731297577, "gamma": 0.7852956101325104}, "datetime": {"datetime": "2021-08-25 14:40:14", "elapsed": 523.254351, "delta": 1.57854}}
{"target": -2.3720682012594634, "params": {"C": 9.878813178257586, "epsilon": 0.09158029868175833, "gamma": 4.339431315613426}, "datetime": {"datetime": "2021-08-25 14:40:15", "elapsed": 524.693785, "delta": 1.439434}}
{"target": -3.115606953805358, "params": {"C": 9.88834496140589, "epsilon": 0.0853700381126093, "gamma": 4.347994657022002}, "datetime": {"datetime": "2021-08-25 14:40:18", "elapsed": 527.057145, "delta": 2.36336}}
{"target": -3.4452946613093407, "params": {"C": 7.573358435917091, "epsilon": 0.06986698992099591, "gamma": 1.3772580393569909}, "datetime": {"datetime": "2021-08-25 14:40:19", "elapsed": 528.676381, "delta": 1.619236}}
{"target": -2.8741508248975274, "params": {"C": 4.769704004094763, "epsilon": 0.06603304419292719, "gamma": 4.22954552612998}, "datetime": {"datetime": "2021-08-25 14:40:21", "elapsed": 530.247875, "delta": 1.571494}}
{"target": -5.498952718667129, "params": {"C": 0.17611517886626926, "epsilon": 0.09438373052273671, "gamma": 9.752523703460016}, "datetime": {"datetime": "2021-08-25 14:40:22", "elapsed": 532.045556, "delta": 1.797681}}
{"target": -2.9272473400601493, "params": {"C": 4.634404335256529, "epsilon": 0.08666875859337876, "gamma": 5.2384329877134865}, "datetime": {"datetime": "2021-08-25 14:40:24", "elapsed": 533.869566, "delta": 1.82401}}
{"target": -2.690938720594212, "params": {"C": 2.83721822060254, "epsilon": 0.08913514455260171, "gamma": 5.1212599104651}, "datetime": {"datetime": "2021-08-25 14:40:27", "elapsed": 536.516643, "delta": 2.647077}}
{"target": -2.640848762908839, "params": {"C": 1.7567550772641443, "epsilon": 0.07594450476563536, "gamma": 5.42291740862869}, "datetime": {"datetime": "2021-08-25 14:40:29", "elapsed": 538.159925, "delta": 1.643282}}
{"target": -4.553558668647765, "params": {"C": 9.368833876145542, "epsilon": 0.0789194453750273, "gamma": 4.1463276267827665}, "datetime": {"datetime": "2021-08-25 14:40:32", "elapsed": 542.032283, "delta": 3.872358}}
{"target": -5.236708058164271, "params": {"C": 9.667463860569798, "epsilon": 0.07194182362044926, "gamma": 6.0202301784466155}, "datetime": {"datetime": "2021-08-25 14:40:34", "elapsed": 543.720072, "delta": 1.687789}}
{"target": -2.7477647621385355, "params": {"C": 0.9277745945055312, "epsilon": 0.07407945957954032, "gamma": 8.368202687384272}, "datetime": {"datetime": "2021-08-25 14:40:37", "elapsed": 546.570795, "delta": 2.850723}}
{"target": -3.194821372863271, "params": {"C": 1.2559838103628744, "epsilon": 0.09362495368050386, "gamma": 7.690410352967491}, "datetime": {"datetime": "2021-08-25 14:40:40", "elapsed": 549.666173, "delta": 3.095378}}
{"target": -3.376359295357392, "params": {"C": 9.740422497272824, "epsilon": 0.06115157504913076, "gamma": 1.0471412747457292}, "datetime": {"datetime": "2021-08-25 14:40:43", "elapsed": 552.885662, "delta": 3.219489}}
{"target": -2.994141346493934, "params": {"C": 1.2530922708656147, "epsilon": 0.07021032284671042, "gamma": 7.708391393271388}, "datetime": {"datetime": "2021-08-25 14:40:47", "elapsed": 556.867185, "delta": 3.981523}}
{"target": -3.423804348517354, "params": {"C": 4.335644147789964, "epsilon": 0.09499077732047398, "gamma": 9.055135109636941}, "datetime": {"datetime": "2021-08-25 14:40:51", "elapsed": 560.387157, "delta": 3.519972}}
{"target": -2.753792127756133, "params": {"C": 0.6832065219246741, "epsilon": 0.08525904992594013, "gamma": 4.3132468898722465}, "datetime": {"datetime": "2021-08-25 14:40:54", "elapsed": 563.197928, "delta": 2.810771}}
{"target": -3.600208384825492, "params": {"C": 8.926423872447183, "epsilon": 0.08138789496533413, "gamma": 4.366907031307809}, "datetime": {"datetime": "2021-08-25 14:40:55", "elapsed": 564.882415, "delta": 1.684487}}
{"target": -3.2211842589537936, "params": {"C": 4.639220464060921, "epsilon": 0.08836829009044658, "gamma": 3.043140649353827}, "datetime": {"datetime": "2021-08-25 14:40:59", "elapsed": 568.186958, "delta": 3.304543}}
{"target": -2.9531877914103557, "params": {"C": 0.3133095563569426, "epsilon": 0.07593252274611591, "gamma": 8.472356078220924}, "datetime": {"datetime": "2021-08-25 14:41:01", "elapsed": 570.312693, "delta": 2.125735}}
{"target": -3.20053182430275, "params": {"C": 2.129223455335892, "epsilon": 0.06931851860567825, "gamma": 3.447216758698278}, "datetime": {"datetime": "2021-08-25 14:41:05", "elapsed": 574.713512, "delta": 4.400819}}
{"target": -3.5284717760466955, "params": {"C": 0.5841030896787871, "epsilon": 0.07032684591027713, "gamma": 5.93543673652149}, "datetime": {"datetime": "2021-08-25 14:41:09", "elapsed": 578.168279, "delta": 3.454767}}
{"target": -3.0467319183057358, "params": {"C": 3.1002538269067528, "epsilon": 0.0676138092021832, "gamma": 1.05444624241132}, "datetime": {"datetime": "2021-08-25 14:41:12", "elapsed": 581.608506, "delta": 3.440227}}
{"target": -2.8369255491512235, "params": {"C": 3.086928346823477, "epsilon": 0.061793646921997535, "gamma": 1.0283614119160995}, "datetime": {"datetime": "2021-08-25 14:41:16", "elapsed": 585.727642, "delta": 4.119136}}
{"target": -2.735876860175587, "params": {"C": 8.919154032918017, "epsilon": 0.08881297973768633, "gamma": 3.0003431244520344}, "datetime": {"datetime": "2021-08-25 15:09:22", "elapsed": 0.0, "delta": 0.0}}
{"target": -2.8598844044216265, "params": {"C": 8.11632800842288, "epsilon": 0.06587023563268452, "gamma": 3.2770157843063936}, "datetime": {"datetime": "2021-08-25 15:09:22", "elapsed": 0.079993, "delta": 0.079993}}
{"target": -3.8292469815936094, "params": {"C": 7.303821479643696, "epsilon": 0.07382242908172192, "gamma": 4.19030242269201}, "datetime": {"datetime": "2021-08-25 15:09:22", "elapsed": 0.151993, "delta": 0.072}}
{"target": -5.6551569692101795, "params": {"C": 9.771717138023499, "epsilon": 0.07676778057613179, "gamma": 5.055658501190278}, "datetime": {"datetime": "2021-08-25 15:09:23", "elapsed": 0.226993, "delta": 0.075}}
{"target": -3.354275000339222, "params": {"C": 7.4311657481206215, "epsilon": 0.09512469745563781, "gamma": 3.0821627795937783}, "datetime": {"datetime": "2021-08-25 15:09:23", "elapsed": 0.286993, "delta": 0.06}}
{"target": -5.410831786432635, "params": {"C": 10.693272571248816, "epsilon": 0.07669219209468509, "gamma": 4.676069485337255}, "datetime": {"datetime": "2021-08-25 15:09:23", "elapsed": 0.360992, "delta": 0.073999}}
{"target": -3.911893515813543, "params": {"C": 6.982708570166636, "epsilon": 0.06792405956339514, "gamma": 5.40223370602661}, "datetime": {"datetime": "2021-08-25 15:09:23", "elapsed": 0.451184, "delta": 0.090192}}
{"target": -5.3610036123247475, "params": {"C": 12.777831030035783, "epsilon": 0.07253696712636971, "gamma": 5.076967847007943}, "datetime": {"datetime": "2021-08-25 15:09:23", "elapsed": 0.536188, "delta": 0.085004}}
{"target": -3.685019911140098, "params": {"C": 12.134724066072268, "epsilon": 0.0957842665401539, "gamma": 3.2551326341093336}, "datetime": {"datetime": "2021-08-25 15:09:23", "elapsed": 0.597188, "delta": 0.061}}
{"target": -3.318137116805438, "params": {"C": 6.273383482630177, "epsilon": 0.06679321678258275, "gamma": 5.634427510288239}, "datetime": {"datetime": "2021-08-25 15:09:23", "elapsed": 0.678188, "delta": 0.081}}
{"target": -3.4172639056184866, "params": {"C": 10.413264412408946, "epsilon": 0.06, "gamma": 3.0}, "datetime": {"datetime": "2021-08-25 15:09:23", "elapsed": 0.901182, "delta": 0.222994}}
{"target": -3.6007719484562855, "params": {"C": 6.0, "epsilon": 0.06, "gamma": 4.350491786513975}, "datetime": {"datetime": "2021-08-25 15:09:23", "elapsed": 1.13318, "delta": 0.231998}}
{"target": -3.1873834235441314, "params": {"C": 8.394270228032305, "epsilon": 0.06, "gamma": 3.0}, "datetime": {"datetime": "2021-08-25 15:09:24", "elapsed": 1.36918, "delta": 0.236}}
{"target": -6.917066577790151, "params": {"C": 8.81347533120633, "epsilon": 0.1, "gamma": 3.777742346138253}, "datetime": {"datetime": "2021-08-25 15:09:24", "elapsed": 1.580182, "delta": 0.211002}}
{"target": -2.5658376415977013, "params": {"C": 11.083792363168541, "epsilon": 0.08914448055402768, "gamma": 3.5840640947468256}, "datetime": {"datetime": "2021-08-25 15:09:24", "elapsed": 1.701182, "delta": 0.121}}
{"target": -4.235440766048832, "params": {"C": 10.8606640556104, "epsilon": 0.07914030918261393, "gamma": 3.3563491263580696}, "datetime": {"datetime": "2021-08-25 15:09:24", "elapsed": 2.110247, "delta": 0.409065}}
{"target": -3.109931512929036, "params": {"C": 12.688119028788368, "epsilon": 0.0865628566336819, "gamma": 4.412161919787547}, "datetime": {"datetime": "2021-08-25 15:09:25", "elapsed": 2.238248, "delta": 0.128001}}
{"target": -2.9214101510971213, "params": {"C": 9.421129060123974, "epsilon": 0.09364714694929097, "gamma": 5.937205315093731}, "datetime": {"datetime": "2021-08-25 15:09:25", "elapsed": 2.365287, "delta": 0.127039}}
{"target": -2.576376163035412, "params": {"C": 8.257309316057974, "epsilon": 0.09054141795109241, "gamma": 5.5708849967304435}, "datetime": {"datetime": "2021-08-25 15:09:25", "elapsed": 2.515609, "delta": 0.150322}}
{"target": -2.8600518223738653, "params": {"C": 11.984631613674955, "epsilon": 0.08877408220640863, "gamma": 5.73591277082982}, "datetime": {"datetime": "2021-08-25 15:09:25", "elapsed": 2.656617, "delta": 0.141008}}
{"target": -3.35666869452142, "params": {"C": 10.73978068387361, "epsilon": 0.08191644170814957, "gamma": 4.149627501416115}, "datetime": {"datetime": "2021-08-25 15:09:25", "elapsed": 2.78961, "delta": 0.132993}}
{"target": -2.7988826299309486, "params": {"C": 6.985292707021597, "epsilon": 0.06557518227593111, "gamma": 3.950496935553643}, "datetime": {"datetime": "2021-08-25 15:09:25", "elapsed": 2.933651, "delta": 0.144041}}
{"target": -2.8963215785868432, "params": {"C": 7.918003273788965, "epsilon": 0.09057393615302818, "gamma": 3.200611636980945}, "datetime": {"datetime": "2021-08-25 15:09:25", "elapsed": 3.074618, "delta": 0.140967}}
{"target": -2.4337736181781278, "params": {"C": 11.12876178033611, "epsilon": 0.09286054478585451, "gamma": 3.8093348927156665}, "datetime": {"datetime": "2021-08-25 15:09:26", "elapsed": 3.807653, "delta": 0.733035}}
{"target": -3.059203170749311, "params": {"C": 10.187414128763308, "epsilon": 0.06450808229238002, "gamma": 3.3503325290532833}, "datetime": {"datetime": "2021-08-25 15:09:26", "elapsed": 3.960609, "delta": 0.152956}}
{"target": -3.274839430191739, "params": {"C": 10.295372625025184, "epsilon": 0.08229567582564638, "gamma": 4.96082076090534}, "datetime": {"datetime": "2021-08-25 15:09:26", "elapsed": 4.106616, "delta": 0.146007}}
{"target": -3.8702028237905877, "params": {"C": 6.117688655204836, "epsilon": 0.0703342734799074, "gamma": 5.4017541170827865}, "datetime": {"datetime": "2021-08-25 15:09:27", "elapsed": 4.255609, "delta": 0.148993}}
{"target": -3.1080895436715177, "params": {"C": 11.143713903882947, "epsilon": 0.08379582738057335, "gamma": 3.8268797637743073}, "datetime": {"datetime": "2021-08-25 15:09:27", "elapsed": 4.446611, "delta": 0.191002}}
{"target": -2.4004941129283695, "params": {"C": 11.099982527866938, "epsilon": 0.09265074140273108, "gamma": 3.7902072576505947}, "datetime": {"datetime": "2021-08-25 15:09:27", "elapsed": 4.629607, "delta": 0.182996}}
{"target": -2.8411112775696235, "params": {"C": 11.145849980492002, "epsilon": 0.08763863828213755, "gamma": 3.7009573432835663}, "datetime": {"datetime": "2021-08-25 15:09:27", "elapsed": 4.835616, "delta": 0.206009}}
{"target": -6.885909448765531, "params": {"C": 11.042648265135703, "epsilon": 0.1, "gamma": 3.666018957851482}, "datetime": {"datetime": "2021-08-25 15:09:28", "elapsed": 5.245647, "delta": 0.410031}}
{"target": -3.3071803790046954, "params": {"C": 7.6102929395924, "epsilon": 0.06259147270136131, "gamma": 5.111536942253666}, "datetime": {"datetime": "2021-08-25 15:09:28", "elapsed": 5.41765, "delta": 0.172003}}
{"target": -2.5983419401614034, "params": {"C": 11.159720992085031, "epsilon": 0.08874119745174468, "gamma": 3.7665477292728493}, "datetime": {"datetime": "2021-08-25 15:09:28", "elapsed": 5.584651, "delta": 0.167001}}
{"target": -3.9007813067037773, "params": {"C": 11.975950227335446, "epsilon": 0.08583388575774548, "gamma": 5.735088042519706}, "datetime": {"datetime": "2021-08-25 15:09:28", "elapsed": 5.74661, "delta": 0.161959}}
{"target": -4.694671420589557, "params": {"C": 11.874427835729518, "epsilon": 0.07674041914820763, "gamma": 3.888268252121944}, "datetime": {"datetime": "2021-08-25 15:09:28", "elapsed": 5.922618, "delta": 0.176008}}
{"target": -2.9894070115538716, "params": {"C": 8.156904328130004, "epsilon": 0.09429361971914454, "gamma": 5.294099111830813}, "datetime": {"datetime": "2021-08-25 15:09:28", "elapsed": 6.108617, "delta": 0.185999}}
{"target": -3.6023759631439862, "params": {"C": 8.292191140963988, "epsilon": 0.08205585421070914, "gamma": 3.669203793700089}, "datetime": {"datetime": "2021-08-25 15:09:29", "elapsed": 6.29465, "delta": 0.186033}}
{"target": -2.865896461914771, "params": {"C": 6.300943980997328, "epsilon": 0.07659451820428753, "gamma": 3.0158747190332025}, "datetime": {"datetime": "2021-08-25 15:09:29", "elapsed": 6.487335, "delta": 0.192685}}
{"target": -3.1245916439357444, "params": {"C": 6.802904641324043, "epsilon": 0.08529928464205486, "gamma": 4.22985496633032}, "datetime": {"datetime": "2021-08-25 15:09:29", "elapsed": 6.682337, "delta": 0.195002}}
{"target": -4.805059434919799, "params": {"C": 6.969171063692143, "epsilon": 0.0775074987054247, "gamma": 5.085218669290244}, "datetime": {"datetime": "2021-08-25 15:09:29", "elapsed": 6.907337, "delta": 0.225}}
{"target": -2.56516017591115, "params": {"C": 7.527854931585771, "epsilon": 0.08965497885119061, "gamma": 4.606133803636898}, "datetime": {"datetime": "2021-08-25 15:09:29", "elapsed": 7.084345, "delta": 0.177008}}
{"target": -3.4438253724971055, "params": {"C": 6.7224088760758445, "epsilon": 0.06228595471620508, "gamma": 4.108938234633095}, "datetime": {"datetime": "2021-08-25 15:09:30", "elapsed": 7.274344, "delta": 0.189999}}
{"target": -3.227327373346902, "params": {"C": 9.058409248931302, "epsilon": 0.06773890020036173, "gamma": 3.227297745545983}, "datetime": {"datetime": "2021-08-25 15:09:30", "elapsed": 7.46798, "delta": 0.193636}}
{"target": -2.9296441010854255, "params": {"C": 6.295203626472203, "epsilon": 0.0646735282764578, "gamma": 4.505291806012824}, "datetime": {"datetime": "2021-08-25 15:09:30", "elapsed": 7.664978, "delta": 0.196998}}
{"target": -2.6820566746376735, "params": {"C": 9.643300800201956, "epsilon": 0.09306520570423393, "gamma": 5.3681397597389005}, "datetime": {"datetime": "2021-08-25 15:09:30", "elapsed": 7.865978, "delta": 0.201}}
{"target": -5.1420576161923535, "params": {"C": 7.386694298191923, "epsilon": 0.07414893081056186, "gamma": 5.640110177101218}, "datetime": {"datetime": "2021-08-25 15:09:30", "elapsed": 8.063982, "delta": 0.198004}}
{"target": -4.5621482388403525, "params": {"C": 11.339934520774593, "epsilon": 0.07872962180418584, "gamma": 3.5880011325115415}, "datetime": {"datetime": "2021-08-25 15:09:31", "elapsed": 8.305983, "delta": 0.242001}}
{"target": -2.9544260822878265, "params": {"C": 11.837172161791878, "epsilon": 0.06496109234447031, "gamma": 3.108594793036099}, "datetime": {"datetime": "2021-08-25 15:09:31", "elapsed": 8.518551, "delta": 0.212568}}
{"target": -2.8673123289392373, "params": {"C": 9.463163709454154, "epsilon": 0.09413006947050892, "gamma": 3.1172701480579943}, "datetime": {"datetime": "2021-08-25 15:09:31", "elapsed": 8.699584, "delta": 0.181033}}
{"target": -2.727456594559708, "params": {"C": 7.783089074864426, "epsilon": 0.09381960414680401, "gamma": 3.391970435669622}, "datetime": {"datetime": "2021-08-25 15:09:31", "elapsed": 8.887545, "delta": 0.187961}}
{"target": -5.245064577088183, "params": {"C": 11.28291986088684, "epsilon": 0.06945506116945581, "gamma": 5.625571517342997}, "datetime": {"datetime": "2021-08-25 15:09:31", "elapsed": 9.09355, "delta": 0.206005}}
{"target": -2.519098442436548, "params": {"C": 6.108696264961165, "epsilon": 0.09102458176378904, "gamma": 5.76341374199714}, "datetime": {"datetime": "2021-08-25 15:09:32", "elapsed": 9.302584, "delta": 0.209034}}
{"target": -2.727684113057082, "params": {"C": 11.676088043008047, "epsilon": 0.08988984263548902, "gamma": 5.668586992038924}, "datetime": {"datetime": "2021-08-25 15:09:32", "elapsed": 9.508581, "delta": 0.205997}}
{"target": -5.918054884463249, "params": {"C": 10.174792355041044, "epsilon": 0.07863560552387432, "gamma": 5.966008722232901}, "datetime": {"datetime": "2021-08-25 15:09:32", "elapsed": 9.755584, "delta": 0.247003}}
{"target": -3.032740175114604, "params": {"C": 7.880744243900822, "epsilon": 0.08652663862054075, "gamma": 4.229197868527862}, "datetime": {"datetime": "2021-08-25 15:09:32", "elapsed": 9.95954, "delta": 0.203956}}
{"target": -3.145408666560524, "params": {"C": 6.584594111291027, "epsilon": 0.06809074700400226, "gamma": 3.893468365176347}, "datetime": {"datetime": "2021-08-25 15:09:33", "elapsed": 10.203542, "delta": 0.244002}}
{"target": -3.5464744102347305, "params": {"C": 6.466156300492042, "epsilon": 0.08034466648103153, "gamma": 3.324656586352895}, "datetime": {"datetime": "2021-08-25 15:09:33", "elapsed": 10.436544, "delta": 0.233002}}
{"target": -2.7856808289320067, "params": {"C": 8.512043044436266, "epsilon": 0.06529071890074711, "gamma": 4.332096770990555}, "datetime": {"datetime": "2021-08-25 15:09:33", "elapsed": 10.696084, "delta": 0.25954}}
{"target": -4.358180406121436, "params": {"C": 10.587177803787508, "epsilon": 0.06997215421670687, "gamma": 4.928551465450785}, "datetime": {"datetime": "2021-08-25 15:09:33", "elapsed": 10.965081, "delta": 0.268997}}
{"target": -3.0527705437308392, "params": {"C": 12.943745323908832, "epsilon": 0.09431153226278503, "gamma": 5.714046410374446}, "datetime": {"datetime": "2021-08-25 15:09:34", "elapsed": 11.18908, "delta": 0.223999}}
{"target": -3.9389103145386954, "params": {"C": 9.18638559573698, "epsilon": 0.08034246198413413, "gamma": 3.7276660747341315}, "datetime": {"datetime": "2021-08-25 15:09:34", "elapsed": 11.417091, "delta": 0.228011}}
{"target": -3.091966330463869, "params": {"C": 6.295427412836843, "epsilon": 0.0863056171831043, "gamma": 5.973510133971478}, "datetime": {"datetime": "2021-08-25 15:09:34", "elapsed": 11.62408, "delta": 0.206989}}
{"target": -3.4781252345803897, "params": {"C": 6.410793068785128, "epsilon": 0.06054400438481768, "gamma": 5.598779887037715}, "datetime": {"datetime": "2021-08-25 15:09:34", "elapsed": 11.945123, "delta": 0.321043}}
{"target": -2.5963272113703995, "params": {"C": 6.760476781500317, "epsilon": 0.09261650612068481, "gamma": 5.923888781036287}, "datetime": {"datetime": "2021-08-25 15:09:35", "elapsed": 12.174086, "delta": 0.228963}}
{"target": -3.5539953465554484, "params": {"C": 12.102229012795782, "epsilon": 0.06714380687811962, "gamma": 4.2563586056858185}, "datetime": {"datetime": "2021-08-25 15:09:35", "elapsed": 12.415679, "delta": 0.241593}}
{"target": -2.7715475397159524, "params": {"C": 6.503385081458421, "epsilon": 0.0662442897647269, "gamma": 5.032448465695323}, "datetime": {"datetime": "2021-08-25 15:09:35", "elapsed": 12.655067, "delta": 0.239388}}
{"target": -4.118365682400597, "params": {"C": 10.392089832607658, "epsilon": 0.07167760783931941, "gamma": 4.751633943253109}, "datetime": {"datetime": "2021-08-25 15:09:35", "elapsed": 12.939107, "delta": 0.28404}}
{"target": -3.9849213863015374, "params": {"C": 9.972865124536858, "epsilon": 0.07101301496781998, "gamma": 4.53732336003521}, "datetime": {"datetime": "2021-08-25 15:09:36", "elapsed": 13.213066, "delta": 0.273959}}
{"target": -3.528153468607157, "params": {"C": 12.66774101919344, "epsilon": 0.06994337120967623, "gamma": 3.1638876181333577}, "datetime": {"datetime": "2021-08-25 15:09:36", "elapsed": 13.495067, "delta": 0.282001}}
{"target": -2.6170806826524777, "params": {"C": 7.801112445367163, "epsilon": 0.08966028742397242, "gamma": 4.983064523575758}, "datetime": {"datetime": "2021-08-25 15:09:36", "elapsed": 13.724067, "delta": 0.229}}
{"target": -3.244463618137075, "params": {"C": 6.11907382300866, "epsilon": 0.07173289220211715, "gamma": 3.934799235405004}, "datetime": {"datetime": "2021-08-25 15:09:36", "elapsed": 13.987109, "delta": 0.263042}}
{"target": -3.6222556733013667, "params": {"C": 6.6037369803823625, "epsilon": 0.08188823535937567, "gamma": 3.4350944995957415}, "datetime": {"datetime": "2021-08-25 15:09:37", "elapsed": 14.214066, "delta": 0.226957}}
{"target": -2.6811013773259207, "params": {"C": 8.306110996413835, "epsilon": 0.08853378117601914, "gamma": 5.04279553723114}, "datetime": {"datetime": "2021-08-25 15:09:37", "elapsed": 14.464069, "delta": 0.250003}}
