{"target": -3.862786803347985, "params": {"C": 7.263482447357104, "epsilon": 0.06792405956339514, "gamma": 5.40223370602661}, "datetime": {"datetime": "2021-08-25 15:14:58", "elapsed": 0.461008, "delta": 0.080965}}
{"target": -6.001482392752901, "params": {"C": 14.714354181474578, "epsilon": 0.07253696712636971, "gamma": 5.076967847007943}, "datetime": {"datetime": "2021-08-25 15:14:58", "elapsed": 0.548004, "delta": 0.086996}}
{"target": -3.5328758480971603, "params": {"C": 13.887502370664345, "epsilon": 0.0957842665401539, "gamma": 3.2551326341093336}, "datetime": {"datetime": "2021-08-25 15:14:58", "elapsed": 0.609008, "delta": 0.061004}}
{"target": -3.384518753836558, "params": {"C": 6.351493049095941, "epsilon": 0.06679321678258275, "gamma": 5.634427510288239}, "datetime": {"datetime": "2021-08-25 15:14:58", "elapsed": 0.690008, "delta": 0.081}}
{"target": -3.2638322678687137, "params": {"C": 6.0, "epsilon": 0.06, "gamma": 3.0}, "datetime": {"datetime": "2021-08-25 15:14:58", "elapsed": 0.916042, "delta": 0.226034}}
{"target": -7.040859952083332, "params": {"C": 6.0, "epsilon": 0.1, "gamma": 4.363654109953091}, "datetime": {"datetime": "2021-08-25 15:14:59", "elapsed": 1.145946, "delta": 0.229904}}
{"target": -6.896032859312651, "params": {"C": 9.371982010823702, "epsilon": 0.1, "gamma": 3.495615193499917}, "datetime": {"datetime": "2021-08-25 15:14:59", "elapsed": 1.401945, "delta": 0.255999}}
{"target": -3.431748939522547, "params": {"C": 8.047633812042026, "epsilon": 0.0662235998955287, "gamma": 5.841910353231501}, "datetime": {"datetime": "2021-08-25 15:14:59", "elapsed": 1.536101, "delta": 0.134156}}
{"target": -2.5731748570999007, "params": {"C": 12.536304466930982, "epsilon": 0.08914448055402768, "gamma": 3.5840640947468256}, "datetime": {"datetime": "2021-08-25 15:14:59", "elapsed": 1.654139, "delta": 0.118038}}
{"target": -5.0391924438906, "params": {"C": 10.232220216084672, "epsilon": 0.07693970845460534, "gamma": 4.4157380109207995}, "datetime": {"datetime": "2021-08-25 15:14:59", "elapsed": 1.782102, "delta": 0.127963}}
{"target": -3.265832685986624, "params": {"C": 14.599010179870758, "epsilon": 0.0865628566336819, "gamma": 4.412161919787547}, "datetime": {"datetime": "2021-08-25 15:14:59", "elapsed": 1.905139, "delta": 0.123037}}
{"target": -2.9271609417736855, "params": {"C": 10.398594505873678, "epsilon": 0.09364714694929097, "gamma": 5.937205315093731}, "datetime": {"datetime": "2021-08-25 15:15:00", "elapsed": 2.031097, "delta": 0.125958}}
{"target": -2.5806649964772244, "params": {"C": 8.902254834931682, "epsilon": 0.09054141795109241, "gamma": 5.5708849967304435}, "datetime": {"datetime": "2021-08-25 15:15:00", "elapsed": 2.172139, "delta": 0.141042}}
{"target": -2.9486190778825154, "params": {"C": 13.694526360439227, "epsilon": 0.08877408220640863, "gamma": 5.73591277082982}, "datetime": {"datetime": "2021-08-25 15:15:00", "elapsed": 2.308819, "delta": 0.13668}}
{"target": -3.3401140417001827, "params": {"C": 12.094003736408927, "epsilon": 0.08191644170814957, "gamma": 4.149627501416115}, "datetime": {"datetime": "2021-08-25 15:15:00", "elapsed": 2.440777, "delta": 0.131958}}
{"target": -2.7848484816483343, "params": {"C": 7.266804909027768, "epsilon": 0.06557518227593111, "gamma": 3.950496935553643}, "datetime": {"datetime": "2021-08-25 15:15:00", "elapsed": 2.582817, "delta": 0.14204}}
{"target": -2.701525806295231, "params": {"C": 8.46600420915724, "epsilon": 0.09057393615302818, "gamma": 3.200611636980945}, "datetime": {"datetime": "2021-08-25 15:15:00", "elapsed": 2.707817, "delta": 0.125}}
{"target": -3.2592282904404475, "params": {"C": 8.632321147540113, "epsilon": 0.06, "gamma": 3.0517915220166674}, "datetime": {"datetime": "2021-08-25 15:15:01", "elapsed": 3.414596, "delta": 0.706779}}
{"target": -2.919840761497823, "params": {"C": 11.383818165552825, "epsilon": 0.06450808229238002, "gamma": 3.3503325290532833}, "datetime": {"datetime": "2021-08-25 15:15:01", "elapsed": 3.565636, "delta": 0.15104}}
{"target": -3.325466034768345, "params": {"C": 11.522621946460951, "epsilon": 0.08229567582564638, "gamma": 4.96082076090534}, "datetime": {"datetime": "2021-08-25 15:15:01", "elapsed": 3.706636, "delta": 0.141}}
{"target": -3.8440342522324764, "params": {"C": 6.151313985263362, "epsilon": 0.0703342734799074, "gamma": 5.4017541170827865}, "datetime": {"datetime": "2021-08-25 15:15:01", "elapsed": 3.853641, "delta": 0.147005}}
{"target": -2.751719499755327, "params": {"C": 8.886489066060703, "epsilon": 0.08904120065977932, "gamma": 5.555241070052965}, "datetime": {"datetime": "2021-08-25 15:15:01", "elapsed": 4.0066, "delta": 0.152959}}
{"target": -7.206834927397793, "params": {"C": 9.047812406936705, "epsilon": 0.1, "gamma": 5.743394010768954}, "datetime": {"datetime": "2021-08-25 15:15:02", "elapsed": 4.791636, "delta": 0.785036}}
{"target": -3.5095854567462186, "params": {"C": 8.579194220459339, "epsilon": 0.07774049348197214, "gamma": 3.2088759338838786}, "datetime": {"datetime": "2021-08-25 15:15:03", "elapsed": 5.045635, "delta": 0.253999}}
{"target": -4.256262331326449, "params": {"C": 12.592580612726046, "epsilon": 0.07989221227573208, "gamma": 3.5178081932655045}, "datetime": {"datetime": "2021-08-25 15:15:03", "elapsed": 5.510967, "delta": 0.465332}}
{"target": -3.327010216441483, "params": {"C": 8.0703766366188, "epsilon": 0.06259147270136131, "gamma": 5.111536942253666}, "datetime": {"datetime": "2021-08-25 15:15:03", "elapsed": 5.687008, "delta": 0.176041}}
{"target": -4.293080304047886, "params": {"C": 12.533518377572243, "epsilon": 0.07351412729228103, "gamma": 3.646298676631694}, "datetime": {"datetime": "2021-08-25 15:15:04", "elapsed": 6.46349, "delta": 0.776482}}
{"target": -5.934247837847309, "params": {"C": 11.524826643937324, "epsilon": 0.07674465592440036, "gamma": 4.952837233032753}, "datetime": {"datetime": "2021-08-25 15:15:04", "elapsed": 6.670494, "delta": 0.207004}}
{"target": -4.986984308635445, "params": {"C": 13.552835788795095, "epsilon": 0.07674041914820763, "gamma": 3.888268252121944}, "datetime": {"datetime": "2021-08-25 15:15:04", "elapsed": 6.869463, "delta": 0.198969}}
{"target": -3.007370185964855, "params": {"C": 8.773162707595718, "epsilon": 0.09429361971914454, "gamma": 5.294099111830813}, "datetime": {"datetime": "2021-08-25 15:15:05", "elapsed": 7.275877, "delta": 0.406414}}
{"target": -3.6212854885996864, "params": {"C": 8.947102895525127, "epsilon": 0.08205585421070914, "gamma": 3.669203793700089}, "datetime": {"datetime": "2021-08-25 15:15:05", "elapsed": 7.506843, "delta": 0.230966}}
{"target": -2.8464869446665677, "params": {"C": 6.386927975567993, "epsilon": 0.07659451820428753, "gamma": 3.0158747190332025}, "datetime": {"datetime": "2021-08-25 15:15:05", "elapsed": 7.73184, "delta": 0.224997}}
{"target": -3.1468295044320764, "params": {"C": 7.032305967416626, "epsilon": 0.08529928464205486, "gamma": 4.22985496633032}, "datetime": {"datetime": "2021-08-25 15:15:05", "elapsed": 7.936884, "delta": 0.205044}}
{"target": -4.931175617967078, "params": {"C": 7.246077081889898, "epsilon": 0.0775074987054247, "gamma": 5.085218669290244}, "datetime": {"datetime": "2021-08-25 15:15:06", "elapsed": 8.190401, "delta": 0.253517}}
{"target": -2.5701914182934495, "params": {"C": 7.964384912038848, "epsilon": 0.08965497885119061, "gamma": 4.606133803636898}, "datetime": {"datetime": "2021-08-25 15:15:06", "elapsed": 8.514399, "delta": 0.323998}}
{"target": -3.4350401968441915, "params": {"C": 6.928811412097515, "epsilon": 0.06228595471620508, "gamma": 4.108938234633095}, "datetime": {"datetime": "2021-08-25 15:15:06", "elapsed": 8.735401, "delta": 0.221002}}
{"target": -3.2156027002991445, "params": {"C": 9.932240462911674, "epsilon": 0.06773890020036173, "gamma": 3.227297745545983}, "datetime": {"datetime": "2021-08-25 15:15:06", "elapsed": 8.9454, "delta": 0.209999}}
{"target": -2.9132636581470734, "params": {"C": 6.379547519749975, "epsilon": 0.0646735282764578, "gamma": 4.505291806012824}, "datetime": {"datetime": "2021-08-25 15:15:07", "elapsed": 9.207687, "delta": 0.262287}}
{"target": -2.7226944564554763, "params": {"C": 10.684243885973942, "epsilon": 0.09306520570423393, "gamma": 5.3681397597389005}, "datetime": {"datetime": "2021-08-25 15:15:07", "elapsed": 9.426074, "delta": 0.218387}}
{"target": -5.249382381276041, "params": {"C": 7.7828926691039, "epsilon": 0.07414893081056186, "gamma": 5.640110177101218}, "datetime": {"datetime": "2021-08-25 15:15:07", "elapsed": 9.627356, "delta": 0.201282}}
{"target": -4.653958166393163, "params": {"C": 12.865630098138762, "epsilon": 0.07872962180418584, "gamma": 3.5880011325115415}, "datetime": {"datetime": "2021-08-25 15:15:07", "elapsed": 9.864142, "delta": 0.236786}}
{"target": -2.850486244312359, "params": {"C": 13.504935636589558, "epsilon": 0.06496109234447031, "gamma": 3.108594793036099}, "datetime": {"datetime": "2021-08-25 15:15:08", "elapsed": 10.079153, "delta": 0.215011}}
{"target": -2.867906465788152, "params": {"C": 10.452639055012483, "epsilon": 0.09413006947050892, "gamma": 3.1172701480579943}, "datetime": {"datetime": "2021-08-25 15:15:08", "elapsed": 10.26516, "delta": 0.186007}}
{"target": -2.784034756796305, "params": {"C": 8.292543096254262, "epsilon": 0.09381960414680401, "gamma": 3.391970435669622}, "datetime": {"datetime": "2021-08-25 15:15:08", "elapsed": 10.461185, "delta": 0.196025}}
{"target": -5.551760781494393, "params": {"C": 12.792325535425938, "epsilon": 0.06945506116945581, "gamma": 5.625571517342997}, "datetime": {"datetime": "2021-08-25 15:15:08", "elapsed": 10.676186, "delta": 0.215001}}
{"target": -2.500422028087089, "params": {"C": 6.139752340664356, "epsilon": 0.09102458176378904, "gamma": 5.76341374199714}, "datetime": {"datetime": "2021-08-25 15:15:08", "elapsed": 10.907152, "delta": 0.230966}}
{"target": -2.829317149431603, "params": {"C": 13.29782748386749, "epsilon": 0.08988984263548902, "gamma": 5.668586992038924}, "datetime": {"datetime": "2021-08-25 15:15:09", "elapsed": 11.111001, "delta": 0.203849}}
{"target": -6.000941911156467, "params": {"C": 11.367590170767055, "epsilon": 0.07863560552387432, "gamma": 5.966008722232901}, "datetime": {"datetime": "2021-08-25 15:15:09", "elapsed": 11.763088, "delta": 0.652087}}
{"target": -2.9738363718148113, "params": {"C": 8.418099742158201, "epsilon": 0.08652663862054075, "gamma": 4.229197868527862}, "datetime": {"datetime": "2021-08-25 15:15:10", "elapsed": 12.281088, "delta": 0.518}}
{"target": -3.2513449440811484, "params": {"C": 6.751621000231321, "epsilon": 0.06809074700400226, "gamma": 3.893468365176347}, "datetime": {"datetime": "2021-08-25 15:15:11", "elapsed": 13.018088, "delta": 0.737}}
{"target": -3.554376098044613, "params": {"C": 6.599343814918338, "epsilon": 0.08034466648103153, "gamma": 3.324656586352895}, "datetime": {"datetime": "2021-08-25 15:15:11", "elapsed": 13.579065, "delta": 0.560977}}
{"target": -2.8380234581045567, "params": {"C": 9.229769628560913, "epsilon": 0.06529071890074711, "gamma": 4.332096770990555}, "datetime": {"datetime": "2021-08-25 15:15:12", "elapsed": 14.463538, "delta": 0.884473}}
{"target": -4.703306133953648, "params": {"C": 11.897800033441083, "epsilon": 0.06997215421670687, "gamma": 4.928551465450785}, "datetime": {"datetime": "2021-08-25 15:15:13", "elapsed": 15.275328, "delta": 0.81179}}
{"target": -3.082175572514304, "params": {"C": 14.927672559311356, "epsilon": 0.09431153226278503, "gamma": 5.714046410374446}, "datetime": {"datetime": "2021-08-25 15:15:14", "elapsed": 16.14091, "delta": 0.865582}}
{"target": -3.943607752612067, "params": {"C": 10.096781480233258, "epsilon": 0.08034246198413413, "gamma": 3.7276660747341315}, "datetime": {"datetime": "2021-08-25 15:15:14", "elapsed": 16.651968, "delta": 0.511058}}
{"target": -3.0187934528300784, "params": {"C": 6.379835245075941, "epsilon": 0.0863056171831043, "gamma": 5.973510133971478}, "datetime": {"datetime": "2021-08-25 15:15:14", "elapsed": 16.98797, "delta": 0.336002}}
{"target": -3.4557646649240508, "params": {"C": 6.5281625170094495, "epsilon": 0.06054400438481768, "gamma": 5.598779887037715}, "datetime": {"datetime": "2021-08-25 15:15:15", "elapsed": 17.468117, "delta": 0.480147}}
{"target": -2.579707986768774, "params": {"C": 6.977755861928979, "epsilon": 0.09261650612068481, "gamma": 5.923888781036287}, "datetime": {"datetime": "2021-08-25 15:15:15", "elapsed": 17.754123, "delta": 0.286006}}
{"target": -3.5848719297709026, "params": {"C": 13.845723016451721, "epsilon": 0.06714380687811962, "gamma": 4.2563586056858185}, "datetime": {"datetime": "2021-08-25 15:15:16", "elapsed": 18.039118, "delta": 0.284995}}
{"target": -2.7941632009285042, "params": {"C": 6.647209390446542, "epsilon": 0.0662442897647269, "gamma": 5.032448465695323}, "datetime": {"datetime": "2021-08-25 15:15:16", "elapsed": 18.316118, "delta": 0.277}}
{"target": -4.337000184120764, "params": {"C": 11.646972641924132, "epsilon": 0.07167760783931941, "gamma": 4.751633943253109}, "datetime": {"datetime": "2021-08-25 15:15:16", "elapsed": 18.678118, "delta": 0.362}}
{"target": -4.150495405465603, "params": {"C": 11.107969445833103, "epsilon": 0.07101301496781998, "gamma": 4.53732336003521}, "datetime": {"datetime": "2021-08-25 15:15:17", "elapsed": 19.021116, "delta": 0.342998}}
{"target": -3.6875716308261706, "params": {"C": 14.572809881820138, "epsilon": 0.06994337120967623, "gamma": 3.1638876181333577}, "datetime": {"datetime": "2021-08-25 15:15:17", "elapsed": 19.317956, "delta": 0.29684}}
{"target": -2.602975170514895, "params": {"C": 8.315716001186352, "epsilon": 0.08966028742397242, "gamma": 4.983064523575758}, "datetime": {"datetime": "2021-08-25 15:15:17", "elapsed": 19.573955, "delta": 0.255999}}
{"target": -3.28478435405799, "params": {"C": 6.153094915296848, "epsilon": 0.07173289220211715, "gamma": 3.934799235405004}, "datetime": {"datetime": "2021-08-25 15:15:17", "elapsed": 19.907958, "delta": 0.334003}}
{"target": -3.691719700691592, "params": {"C": 6.776233260491609, "epsilon": 0.08188823535937567, "gamma": 3.4350944995957415}, "datetime": {"datetime": "2021-08-25 15:15:18", "elapsed": 20.204958, "delta": 0.297}}
{"target": -2.748801601348137, "params": {"C": 8.964999852532074, "epsilon": 0.08853378117601914, "gamma": 5.04279553723114}, "datetime": {"datetime": "2021-08-25 15:15:18", "elapsed": 20.459958, "delta": 0.255}}
{"target": -2.7822972687714334, "params": {"C": 14.801701798627263, "epsilon": 0.06604882794740675, "gamma": 3.3586381797653675}, "datetime": {"datetime": "2021-08-25 15:15:18", "elapsed": 20.815962, "delta": 0.356004}}
{"target": -3.0634903491970418, "params": {"C": 9.65516108216529, "epsilon": 0.06398658219794029, "gamma": 3.527850410560161}, "datetime": {"datetime": "2021-08-25 15:15:19", "elapsed": 21.125963, "delta": 0.310001}}
{"target": -3.734980535102762, "params": {"C": 7.661956026238428, "epsilon": 0.09585489720231893, "gamma": 4.5654579599834735}, "datetime": {"datetime": "2021-08-25 15:15:19", "elapsed": 21.412615, "delta": 0.286652}}
{"target": -3.452953720212195, "params": {"C": 7.955957441612955, "epsilon": 0.07126945291150169, "gamma": 3.871399696725667}, "datetime": {"datetime": "2021-08-25 15:15:19", "elapsed": 21.790616, "delta": 0.378001}}
{"target": -3.4716173389079357, "params": {"C": 7.379857680849768, "epsilon": 0.060608503793693376, "gamma": 5.879579132927304}, "datetime": {"datetime": "2021-08-25 15:15:20", "elapsed": 22.108614, "delta": 0.317998}}
{"target": -6.764461328813179, "params": {"C": 10.551502181808711, "epsilon": 0.09959795215901537, "gamma": 4.207343872170432}, "datetime": {"datetime": "2021-08-25 15:15:20", "elapsed": 22.414327, "delta": 0.305713}}
{"target": -5.657133611769438, "params": {"C": 13.400074100504268, "epsilon": 0.07906298946880395, "gamma": 5.179356995313123}, "datetime": {"datetime": "2021-08-25 15:15:20", "elapsed": 22.683292, "delta": 0.268965}}
{"target": -6.23896705738729, "params": {"C": 10.125040646581292, "epsilon": 0.09877126353235677, "gamma": 4.707132196948798}, "datetime": {"datetime": "2021-08-25 15:15:20", "elapsed": 22.932303, "delta": 0.249011}}
{"target": -2.911783021608806, "params": {"C": 9.538827415184223, "epsilon": 0.08732843587546518, "gamma": 3.4145849969332356}, "datetime": {"datetime": "2021-08-25 15:15:21", "elapsed": 23.238074, "delta": 0.305771}}
{"target": -5.0478224184442695, "params": {"C": 7.210208537728457, "epsilon": 0.09754550370278794, "gamma": 3.028413696580529}, "datetime": {"datetime": "2021-08-25 15:15:21", "elapsed": 23.512113, "delta": 0.274039}}
{"target": -2.427472023954901, "params": {"C": 8.862348614496604, "epsilon": 0.09224359375042321, "gamma": 4.882490302532518}, "datetime": {"datetime": "2021-08-25 15:15:21", "elapsed": 23.812089, "delta": 0.299976}}
{"target": -3.5259225885901273, "params": {"C": 7.590963773204029, "epsilon": 0.0683685346492647, "gamma": 4.591801283232238}, "datetime": {"datetime": "2021-08-25 15:15:22", "elapsed": 24.092073, "delta": 0.279984}}
{"target": -3.810733887405194, "params": {"C": 13.428716685286004, "epsilon": 0.06479567543991051, "gamma": 4.674926569011188}, "datetime": {"datetime": "2021-08-25 15:15:22", "elapsed": 24.39707, "delta": 0.304997}}
{"target": -6.3030804281645425, "params": {"C": 12.391581168458876, "epsilon": 0.07825197747537671, "gamma": 5.747151201835678}, "datetime": {"datetime": "2021-08-25 15:15:22", "elapsed": 24.744078, "delta": 0.347008}}
{"target": -2.879064261102107, "params": {"C": 10.602492027012055, "epsilon": 0.08843025551002459, "gamma": 5.799114279584755}, "datetime": {"datetime": "2021-08-25 15:15:23", "elapsed": 25.011078, "delta": 0.267}}
{"target": -5.676997574737154, "params": {"C": 11.361685893434048, "epsilon": 0.09801657585170288, "gamma": 4.782335186635154}, "datetime": {"datetime": "2021-08-25 15:15:23", "elapsed": 25.3481, "delta": 0.337022}}
{"target": -2.8923638718456695, "params": {"C": 13.479858629134341, "epsilon": 0.09361320237358428, "gamma": 4.612466902680939}, "datetime": {"datetime": "2021-08-25 15:15:23", "elapsed": 25.638099, "delta": 0.289999}}
{"target": -3.2386455732664547, "params": {"C": 6.271658992761471, "epsilon": 0.06971314268585523, "gamma": 3.336573903299281}, "datetime": {"datetime": "2021-08-25 15:15:23", "elapsed": 25.918059, "delta": 0.27996}}
{"target": -4.265580708790728, "params": {"C": 13.133598438750253, "epsilon": 0.06563612508052524, "gamma": 5.376784802218172}, "datetime": {"datetime": "2021-08-25 15:15:24", "elapsed": 26.216066, "delta": 0.298007}}
{"target": -2.61397015959871, "params": {"C": 12.069091618056493, "epsilon": 0.08952800420495001, "gamma": 4.194460978400922}, "datetime": {"datetime": "2021-08-25 15:15:24", "elapsed": 26.529055, "delta": 0.312989}}
{"target": -3.4903814031477043, "params": {"C": 9.510096590107914, "epsilon": 0.06141161329879235, "gamma": 3.4645509790438647}, "datetime": {"datetime": "2021-08-25 15:15:24", "elapsed": 26.829097, "delta": 0.300042}}
{"target": -3.183711172679077, "params": {"C": 6.228772397248346, "epsilon": 0.0614445224752916, "gamma": 3.089474795627425}, "datetime": {"datetime": "2021-08-25 15:15:25", "elapsed": 27.142096, "delta": 0.312999}}
{"target": -3.1922136326973507, "params": {"C": 9.517175912078667, "epsilon": 0.0673888897911282, "gamma": 3.250966642152097}, "datetime": {"datetime": "2021-08-25 15:15:25", "elapsed": 27.44113, "delta": 0.299034}}
{"target": -4.919088804238685, "params": {"C": 10.298558356481577, "epsilon": 0.06843742278383472, "gamma": 5.44675564194365}, "datetime": {"datetime": "2021-08-25 15:15:25", "elapsed": 27.752092, "delta": 0.310962}}
{"target": -2.9557959391307826, "params": {"C": 13.103665030006788, "epsilon": 0.08864642726972466, "gamma": 5.655723445020516}, "datetime": {"datetime": "2021-08-25 15:15:26", "elapsed": 28.068091, "delta": 0.315999}}
{"target": -5.357445645132594, "params": {"C": 7.365322606778308, "epsilon": 0.09775854049951085, "gamma": 4.602770165361585}, "datetime": {"datetime": "2021-08-25 15:15:26", "elapsed": 28.370097, "delta": 0.302006}}
{"target": -6.004121063238394, "params": {"C": 10.356973268768062, "epsilon": 0.07661841824379584, "gamma": 5.342341892245449}, "datetime": {"datetime": "2021-08-25 15:15:26", "elapsed": 28.67609, "delta": 0.305993}}
{"target": -2.515345687267854, "params": {"C": 14.020142531603575, "epsilon": 0.09277734195172775, "gamma": 4.103108237931719}, "datetime": {"datetime": "2021-08-25 15:15:27", "elapsed": 29.054126, "delta": 0.378036}}
{"target": -2.421840925116185, "params": {"C": 8.505090745551305, "epsilon": 0.09124695165328599, "gamma": 4.525606317309066}, "datetime": {"datetime": "2021-08-25 15:15:27", "elapsed": 29.348715, "delta": 0.294589}}
{"target": -2.9217924345102504, "params": {"C": 11.751945554878436, "epsilon": 0.06396560154579768, "gamma": 3.4304989597705204}, "datetime": {"datetime": "2021-08-25 15:15:27", "elapsed": 29.675723, "delta": 0.327008}}
{"target": -2.9572782316821002, "params": {"C": 11.959167321023205, "epsilon": 0.09448517814310965, "gamma": 4.6352618390133795}, "datetime": {"datetime": "2021-08-25 15:15:27", "elapsed": 30.002675, "delta": 0.326952}}
{"target": -6.591604232340857, "params": {"C": 13.340664215076153, "epsilon": 0.07717040758571025, "gamma": 5.635407658452108}, "datetime": {"datetime": "2021-08-25 15:15:28", "elapsed": 30.343674, "delta": 0.340999}}
{"target": -3.042605549822404, "params": {"C": 9.5871371613001, "epsilon": 0.086239580763636, "gamma": 3.8525523212834107}, "datetime": {"datetime": "2021-08-25 15:15:28", "elapsed": 30.660676, "delta": 0.317002}}
{"target": -3.276885881710874, "params": {"C": 6.564835717441393, "epsilon": 0.09470465425176684, "gamma": 3.958874789202882}, "datetime": {"datetime": "2021-08-25 15:15:28", "elapsed": 31.002676, "delta": 0.342}}
{"target": -4.416251811601495, "params": {"C": 9.65643704915545, "epsilon": 0.08093605765097472, "gamma": 5.854917719134953}, "datetime": {"datetime": "2021-08-25 15:15:29", "elapsed": 31.328528, "delta": 0.325852}}
