{"target": -3.5440185933385124, "params": {"C": 12.991848728813707, "epsilon": 0.07016478296465851, "gamma": 3.10766228476148}, "datetime": {"datetime": "2021-08-25 15:16:18", "elapsed": 80.267276, "delta": 0.537044}}
{"target": -3.043013363588137, "params": {"C": 7.6680880188102964, "epsilon": 0.09440648986884317, "gamma": 3.0003431244520344}, "datetime": {"datetime": "2021-08-25 15:25:44", "elapsed": 0.0, "delta": 0.0}}
{"target": -3.360765810985761, "params": {"C": 7.209330290527359, "epsilon": 0.08293511781634226, "gamma": 3.2770157843063936}, "datetime": {"datetime": "2021-08-25 15:25:44", "elapsed": 0.071003, "delta": 0.071003}}
{"target": -2.982144887407973, "params": {"C": 6.745040845510683, "epsilon": 0.08691121454086095, "gamma": 4.19030242269201}, "datetime": {"datetime": "2021-08-25 15:25:44", "elapsed": 0.150003, "delta": 0.079}}
{"target": -2.7606728524783204, "params": {"C": 8.155266936013428, "epsilon": 0.0883838902880659, "gamma": 5.055658501190278}, "datetime": {"datetime": "2021-08-25 15:25:44", "elapsed": 0.214003, "delta": 0.064}}
{"target": -5.024850853504772, "params": {"C": 6.81780899892607, "epsilon": 0.09756234872781891, "gamma": 3.0821627795937783}, "datetime": {"datetime": "2021-08-25 15:25:44", "elapsed": 0.279274, "delta": 0.065271}}
{"target": -2.736000261486921, "params": {"C": 8.681870040713608, "epsilon": 0.08834609604734255, "gamma": 4.676069485337255}, "datetime": {"datetime": "2021-08-25 15:25:44", "elapsed": 0.343273, "delta": 0.063999}}
{"target": -3.0485536091630716, "params": {"C": 6.5615477543809355, "epsilon": 0.08396202978169758, "gamma": 5.40223370602661}, "datetime": {"datetime": "2021-08-25 15:25:44", "elapsed": 0.414233, "delta": 0.07096}}
{"target": -3.2441008712604336, "params": {"C": 9.87304630287759, "epsilon": 0.08626848356318487, "gamma": 5.076967847007943}, "datetime": {"datetime": "2021-08-25 15:25:44", "elapsed": 0.481233, "delta": 0.067}}
{"target": -5.457553501156282, "params": {"C": 9.505556609184154, "epsilon": 0.09789213327007695, "gamma": 3.2551326341093336}, "datetime": {"datetime": "2021-08-25 15:25:44", "elapsed": 0.554233, "delta": 0.073}}
{"target": -3.086046239762227, "params": {"C": 6.156219132931529, "epsilon": 0.08339660839129139, "gamma": 5.634427510288239}, "datetime": {"datetime": "2021-08-25 15:25:44", "elapsed": 0.62727, "delta": 0.073037}}
{"target": -3.0973702842857276, "params": {"C": 8.033654395877527, "epsilon": 0.08586528873195746, "gamma": 4.384729888279464}, "datetime": {"datetime": "2021-08-25 15:25:45", "elapsed": 0.999234, "delta": 0.371964}}
{"target": -3.1703979691038415, "params": {"C": 8.862697348359964, "epsilon": 0.0839628811155207, "gamma": 5.443871936351956}, "datetime": {"datetime": "2021-08-25 15:25:45", "elapsed": 1.256843, "delta": 0.257609}}
{"target": -4.784952889780974, "params": {"C": 7.594398169206878, "epsilon": 0.08, "gamma": 5.87690705076887}, "datetime": {"datetime": "2021-08-25 15:25:45", "elapsed": 1.517843, "delta": 0.261}}
{"target": -3.1169674495073205, "params": {"C": 6.910059472018678, "epsilon": 0.08311179994776435, "gamma": 5.841910353231501}, "datetime": {"datetime": "2021-08-25 15:25:45", "elapsed": 1.644837, "delta": 0.126994}}
{"target": -3.116812425617985, "params": {"C": 8.905024207524882, "epsilon": 0.09457224027701384, "gamma": 3.5840640947468256}, "datetime": {"datetime": "2021-08-25 15:25:45", "elapsed": 1.75984, "delta": 0.115003}}
{"target": -3.2959371238552677, "params": {"C": 8.54600696890153, "epsilon": 0.08228929015056324, "gamma": 5.05977804506841}, "datetime": {"datetime": "2021-08-25 15:25:46", "elapsed": 2.001836, "delta": 0.241996}}
{"target": -2.601759884888197, "params": {"C": 9.821782302164781, "epsilon": 0.09328142831684096, "gamma": 4.412161919787547}, "datetime": {"datetime": "2021-08-25 15:25:46", "elapsed": 2.121832, "delta": 0.119996}}
{"target": -4.370656561942081, "params": {"C": 7.954930891499413, "epsilon": 0.09682357347464549, "gamma": 5.937205315093731}, "datetime": {"datetime": "2021-08-25 15:25:46", "elapsed": 2.244844, "delta": 0.123012}}
{"target": -7.048080058849844, "params": {"C": 9.21300807732251, "epsilon": 0.1, "gamma": 4.378067802551942}, "datetime": {"datetime": "2021-08-25 15:25:46", "elapsed": 2.49419, "delta": 0.249346}}
{"target": -2.6166133390934205, "params": {"C": 8.411683057165224, "epsilon": 0.08927160233982948, "gamma": 4.745945873485504}, "datetime": {"datetime": "2021-08-25 15:25:46", "elapsed": 2.93715, "delta": 0.44296}}
{"target": -2.42679199693757, "params": {"C": 8.708446105070635, "epsilon": 0.09095822085407479, "gamma": 4.149627501416115}, "datetime": {"datetime": "2021-08-25 15:25:47", "elapsed": 3.08116, "delta": 0.14401}}
{"target": -3.4329427693126613, "params": {"C": 6.563024404012341, "epsilon": 0.08278759113796555, "gamma": 3.950496935553643}, "datetime": {"datetime": "2021-08-25 15:25:47", "elapsed": 3.219196, "delta": 0.138036}}
{"target": -3.413436548768682, "params": {"C": 7.0960018707365515, "epsilon": 0.09528696807651409, "gamma": 3.200611636980945}, "datetime": {"datetime": "2021-08-25 15:25:47", "elapsed": 3.430155, "delta": 0.210959}}
{"target": -2.7587657457441623, "params": {"C": 8.49369980454077, "epsilon": 0.08777332985119234, "gamma": 4.364950020255177}, "datetime": {"datetime": "2021-08-25 15:25:47", "elapsed": 3.77716, "delta": 0.347005}}
{"target": -3.673449501993556, "params": {"C": 8.392808073579033, "epsilon": 0.08225404114619, "gamma": 3.3503325290532833}, "datetime": {"datetime": "2021-08-25 15:25:47", "elapsed": 3.930151, "delta": 0.152991}}
{"target": -2.4882570905294643, "params": {"C": 8.454498642871535, "epsilon": 0.09114783791282319, "gamma": 4.96082076090534}, "datetime": {"datetime": "2021-08-25 15:25:48", "elapsed": 4.100155, "delta": 0.170004}}
{"target": -3.074491322274651, "params": {"C": 8.40633499040817, "epsilon": 0.08345152313835086, "gamma": 4.758538533227647}, "datetime": {"datetime": "2021-08-25 15:25:48", "elapsed": 4.244164, "delta": 0.144009}}
{"target": -2.496839047347048, "params": {"C": 8.42287397416197, "epsilon": 0.09078809421707763, "gamma": 4.695526187187717}, "datetime": {"datetime": "2021-08-25 15:25:48", "elapsed": 4.535846, "delta": 0.291682}}
{"target": -2.837568881442229, "params": {"C": 8.496693275570225, "epsilon": 0.0874729661502017, "gamma": 4.756194406099505}, "datetime": {"datetime": "2021-08-25 15:25:48", "elapsed": 4.910853, "delta": 0.375007}}
{"target": -3.0356170687658146, "params": {"C": 8.688048356327846, "epsilon": 0.08675668289869172, "gamma": 4.228558424087783}, "datetime": {"datetime": "2021-08-25 15:25:49", "elapsed": 5.318849, "delta": 0.407996}}
{"target": -4.399540266859348, "params": {"C": 8.633468600214869, "epsilon": 0.09706176293390388, "gamma": 4.116442665204403}, "datetime": {"datetime": "2021-08-25 15:25:49", "elapsed": 5.793854, "delta": 0.475005}}
{"target": -3.8046679052162213, "params": {"C": 6.9201673940528, "epsilon": 0.08129573635068066, "gamma": 5.111536942253666}, "datetime": {"datetime": "2021-08-25 15:25:49", "elapsed": 5.946888, "delta": 0.153034}}
{"target": -3.3775930691289724, "params": {"C": 8.763080762452367, "epsilon": 0.09527526108625964, "gamma": 4.149009697228918}, "datetime": {"datetime": "2021-08-25 15:25:50", "elapsed": 6.232548, "delta": 0.28566}}
{"target": -3.060575367922555, "params": {"C": 6.746170269367828, "epsilon": 0.0838069498557147, "gamma": 4.188668963657257}, "datetime": {"datetime": "2021-08-25 15:25:50", "elapsed": 6.45052, "delta": 0.217972}}
{"target": -2.657728992403283, "params": {"C": 9.356815906131153, "epsilon": 0.08837020957410381, "gamma": 3.888268252121944}, "datetime": {"datetime": "2021-08-25 15:25:50", "elapsed": 6.645518, "delta": 0.194998}}
{"target": -2.807626908977655, "params": {"C": 8.400907928910684, "epsilon": 0.08800352054151496, "gamma": 5.0052224648181}, "datetime": {"datetime": "2021-08-25 15:25:50", "elapsed": 6.913525, "delta": 0.268007}}
{"target": -7.159107205547345, "params": {"C": 8.503589468488439, "epsilon": 0.1, "gamma": 4.899433375701178}, "datetime": {"datetime": "2021-08-25 15:25:51", "elapsed": 7.235525, "delta": 0.322}}
{"target": -2.847184869144414, "params": {"C": 8.456973060219758, "epsilon": 0.0872265467949399, "gamma": 4.722288666579025}, "datetime": {"datetime": "2021-08-25 15:25:51", "elapsed": 7.537558, "delta": 0.302033}}
{"target": -3.29185407784702, "params": {"C": 8.364533417752567, "epsilon": 0.08212205907638315, "gamma": 4.71414174471402}, "datetime": {"datetime": "2021-08-25 15:25:51", "elapsed": 7.855525, "delta": 0.317967}}
{"target": -4.021629329119134, "params": {"C": 8.464456148469125, "epsilon": 0.09666841784522925, "gamma": 5.014781232799491}, "datetime": {"datetime": "2021-08-25 15:25:52", "elapsed": 8.259515, "delta": 0.40399}}
{"target": -4.1523774318455215, "params": {"C": 8.686358894706812, "epsilon": 0.08, "gamma": 4.179324768290923}, "datetime": {"datetime": "2021-08-25 15:25:52", "elapsed": 8.475335, "delta": 0.21582}}
{"target": -3.677725749446285, "params": {"C": 6.41280507204334, "epsilon": 0.08114297735810254, "gamma": 4.108938234633095}, "datetime": {"datetime": "2021-08-25 15:25:52", "elapsed": 8.663301, "delta": 0.187966}}
{"target": -3.2385112423617564, "params": {"C": 7.747662427960744, "epsilon": 0.08386945010018088, "gamma": 3.227297745545983}, "datetime": {"datetime": "2021-08-25 15:25:52", "elapsed": 8.843306, "delta": 0.180005}}
{"target": -3.0866949605428577, "params": {"C": 8.417477062839648, "epsilon": 0.08416702270116641, "gamma": 4.96053352342728}, "datetime": {"datetime": "2021-08-25 15:25:53", "elapsed": 9.170305, "delta": 0.326999}}
{"target": -6.463649494537381, "params": {"C": 8.701668282470624, "epsilon": 0.0991076327098538, "gamma": 4.119210742096157}, "datetime": {"datetime": "2021-08-25 15:25:53", "elapsed": 9.391305, "delta": 0.221}}
{"target": -2.823563364436226, "params": {"C": 8.415803406647653, "epsilon": 0.08753775392134214, "gamma": 4.714881265697902}, "datetime": {"datetime": "2021-08-25 15:25:53", "elapsed": 9.567306, "delta": 0.176001}}
{"target": -2.5069918813411496, "params": {"C": 8.444002094573914, "epsilon": 0.09074753902465349, "gamma": 4.704168354879348}, "datetime": {"datetime": "2021-08-25 15:25:53", "elapsed": 9.752299, "delta": 0.184993}}
{"target": -3.496532001564676, "params": {"C": 9.335526949595359, "epsilon": 0.08248054617223516, "gamma": 3.108594793036099}, "datetime": {"datetime": "2021-08-25 15:25:53", "elapsed": 9.952342, "delta": 0.200043}}
{"target": -6.731847561959048, "params": {"C": 8.439886545166555, "epsilon": 0.09942354644645021, "gamma": 4.944674979979347}, "datetime": {"datetime": "2021-08-25 15:25:54", "elapsed": 10.185299, "delta": 0.232957}}
{"target": -4.411780990872233, "params": {"C": 7.018908042779672, "epsilon": 0.09690980207340201, "gamma": 3.391970435669622}, "datetime": {"datetime": "2021-08-25 15:25:54", "elapsed": 10.38203, "delta": 0.196731}}
{"target": -3.4159934179653386, "params": {"C": 7.205924335476986, "epsilon": 0.08330239847276164, "gamma": 3.2763290737633133}, "datetime": {"datetime": "2021-08-25 15:25:54", "elapsed": 10.586036, "delta": 0.204006}}
{"target": -6.033296827103976, "params": {"C": 8.42480146712741, "epsilon": 0.09852889674190722, "gamma": 4.716200736819545}, "datetime": {"datetime": "2021-08-25 15:25:54", "elapsed": 10.786556, "delta": 0.20052}}
{"target": -3.1669623887682268, "params": {"C": 9.243478881718884, "epsilon": 0.09494492131774451, "gamma": 5.668586992038924}, "datetime": {"datetime": "2021-08-25 15:25:55", "elapsed": 10.988563, "delta": 0.202007}}
{"target": -3.4145985913087, "params": {"C": 8.448179847081184, "epsilon": 0.09536601283919394, "gamma": 4.708337321240513}, "datetime": {"datetime": "2021-08-25 15:25:55", "elapsed": 11.236556, "delta": 0.247993}}
{"target": -2.653400427216524, "params": {"C": 7.074710996514756, "epsilon": 0.09326331931027038, "gamma": 4.229197868527862}, "datetime": {"datetime": "2021-08-25 15:25:55", "elapsed": 11.438562, "delta": 0.202006}}
{"target": -3.1357324763046703, "params": {"C": 8.431447684641814, "epsilon": 0.08317364979021419, "gamma": 4.69962683280001}, "datetime": {"datetime": "2021-08-25 15:25:55", "elapsed": 11.660597, "delta": 0.222035}}
{"target": -2.389968711737639, "params": {"C": 8.416294840364834, "epsilon": 0.09208037452851477, "gamma": 4.703298185852811}, "datetime": {"datetime": "2021-08-25 15:25:55", "elapsed": 11.87856, "delta": 0.217963}}
{"target": -2.9846336291309834, "params": {"C": 9.36388843859675, "epsilon": 0.0866275134248895, "gamma": 3.8789767764589884}, "datetime": {"datetime": "2021-08-25 15:25:56", "elapsed": 12.146558, "delta": 0.267998}}
{"target": -2.6392607892954403, "params": {"C": 8.40909266829005, "epsilon": 0.09337093689400909, "gamma": 4.701641650856041}, "datetime": {"datetime": "2021-08-25 15:25:56", "elapsed": 12.412736, "delta": 0.266178}}
{"target": -3.058958065622814, "params": {"C": 8.419035030367686, "epsilon": 0.08449284760094555, "gamma": 4.6984794743031175}, "datetime": {"datetime": "2021-08-25 15:25:56", "elapsed": 12.661732, "delta": 0.248996}}
{"target": -2.444471814406382, "params": {"C": 8.682785582882241, "epsilon": 0.09263978706463924, "gamma": 4.6875852509242995}, "datetime": {"datetime": "2021-08-25 15:25:56", "elapsed": 12.914734, "delta": 0.253002}}
{"target": -2.7038763087157847, "params": {"C": 6.1688156644781955, "epsilon": 0.09315280859155214, "gamma": 5.973510133971478}, "datetime": {"datetime": "2021-08-25 15:25:57", "elapsed": 13.18274, "delta": 0.268006}}
{"target": -2.9665255158910884, "params": {"C": 8.715695442718353, "epsilon": 0.09415327825517311, "gamma": 4.1583354548875455}, "datetime": {"datetime": "2021-08-25 15:25:57", "elapsed": 13.468733, "delta": 0.285993}}
{"target": -4.007083750896054, "params": {"C": 6.434558160857324, "epsilon": 0.09630825306034241, "gamma": 5.923888781036287}, "datetime": {"datetime": "2021-08-25 15:25:57", "elapsed": 13.71773, "delta": 0.248997}}
{"target": -3.457586551789503, "params": {"C": 6.910090877113909, "epsilon": 0.08174933721482917, "gamma": 5.839092555758693}, "datetime": {"datetime": "2021-08-25 15:25:57", "elapsed": 13.952732, "delta": 0.235002}}
{"target": -3.1137484988097737, "params": {"C": 6.287648617976241, "epsilon": 0.08312214488236346, "gamma": 5.032448465695323}, "datetime": {"datetime": "2021-08-25 15:25:58", "elapsed": 14.178734, "delta": 0.226002}}
{"target": -3.015146031604252, "params": {"C": 8.424215268528867, "epsilon": 0.08391602291676171, "gamma": 4.7515451002767985}, "datetime": {"datetime": "2021-08-25 15:25:58", "elapsed": 14.604243, "delta": 0.425509}}
{"target": -3.521390633505045, "params": {"C": 8.464892182118035, "epsilon": 0.09579480144322924, "gamma": 4.974895921716069}, "datetime": {"datetime": "2021-08-25 15:25:58", "elapsed": 14.849248, "delta": 0.245005}}
{"target": -2.75091057054949, "params": {"C": 8.451380063123457, "epsilon": 0.09376012545473908, "gamma": 4.692713146732298}, "datetime": {"datetime": "2021-08-25 15:25:59", "elapsed": 15.103248, "delta": 0.254}}
{"target": -3.254239275560069, "params": {"C": 7.029207111638379, "epsilon": 0.09483014371198621, "gamma": 4.983064523575758}, "datetime": {"datetime": "2021-08-25 15:25:59", "elapsed": 15.332242, "delta": 0.228994}}
{"target": -3.183980502455964, "params": {"C": 8.691556454597016, "epsilon": 0.09483223723830034, "gamma": 4.6990800449864825}, "datetime": {"datetime": "2021-08-25 15:25:59", "elapsed": 15.687244, "delta": 0.355002}}
{"target": -3.3204843800478305, "params": {"C": 8.860361222933697, "epsilon": 0.08585121030280882, "gamma": 5.446977034168752}, "datetime": {"datetime": "2021-08-25 15:25:59", "elapsed": 15.909247, "delta": 0.222003}}
{"target": -3.245820151317582, "params": {"C": 8.450138962730325, "epsilon": 0.08222812232648681, "gamma": 4.698928342044709}, "datetime": {"datetime": "2021-08-25 15:26:00", "elapsed": 16.19424, "delta": 0.284993}}
{"target": -2.3885947223910153, "params": {"C": 8.410845346568017, "epsilon": 0.09182758644779525, "gamma": 4.684261898882934}, "datetime": {"datetime": "2021-08-25 15:26:00", "elapsed": 16.447278, "delta": 0.253038}}
{"target": -3.699719557871655, "params": {"C": 7.624516036517906, "epsilon": 0.08199329109897015, "gamma": 3.527850410560161}, "datetime": {"datetime": "2021-08-25 15:26:00", "elapsed": 16.696274, "delta": 0.248996}}
{"target": -3.1246100422850756, "params": {"C": 8.695564064175684, "epsilon": 0.08413042898028718, "gamma": 4.151087305959683}, "datetime": {"datetime": "2021-08-25 15:26:00", "elapsed": 16.940278, "delta": 0.244004}}
{"target": -3.864055200149754, "params": {"C": 8.407987658285657, "epsilon": 0.08102453832010072, "gamma": 4.718558056534158}, "datetime": {"datetime": "2021-08-25 15:26:01", "elapsed": 17.275283, "delta": 0.335005}}
{"target": -3.0519888868190646, "params": {"C": 8.46644616203768, "epsilon": 0.09454521802703042, "gamma": 4.9572449206586855}, "datetime": {"datetime": "2021-08-25 15:26:01", "elapsed": 17.589277, "delta": 0.313994}}
{"target": -2.3611387707077913, "params": {"C": 8.42955855035233, "epsilon": 0.09215643435520711, "gamma": 4.676441067335853}, "datetime": {"datetime": "2021-08-25 15:26:01", "elapsed": 17.870271, "delta": 0.280994}}
{"target": -4.001965923125788, "params": {"C": 8.690543936421419, "epsilon": 0.08048941676560596, "gamma": 4.688146598415779}, "datetime": {"datetime": "2021-08-25 15:26:02", "elapsed": 18.131277, "delta": 0.261006}}
{"target": -6.833398745948475, "params": {"C": 7.833351398480574, "epsilon": 0.09938563176617839, "gamma": 4.707132196948798}, "datetime": {"datetime": "2021-08-25 15:26:02", "elapsed": 18.409374, "delta": 0.278097}}
{"target": -3.1854615020197783, "params": {"C": 9.352223397922847, "epsilon": 0.0851690802284157, "gamma": 3.9018067653815276}, "datetime": {"datetime": "2021-08-25 15:26:02", "elapsed": 18.792332, "delta": 0.382958}}
{"target": -6.304943786993903, "params": {"C": 6.5378704612126475, "epsilon": 0.09877275185139398, "gamma": 3.028413696580529}, "datetime": {"datetime": "2021-08-25 15:26:03", "elapsed": 19.032333, "delta": 0.240001}}
{"target": -3.479177321152759, "params": {"C": 8.398563991219445, "epsilon": 0.09554162597267776, "gamma": 4.686380227481694}, "datetime": {"datetime": "2021-08-25 15:26:03", "elapsed": 19.334341, "delta": 0.302008}}
{"target": -3.233627255616839, "params": {"C": 8.712061543900624, "epsilon": 0.09490243922630674, "gamma": 4.152854140354212}, "datetime": {"datetime": "2021-08-25 15:26:03", "elapsed": 19.597333, "delta": 0.262992}}
{"target": -3.2482789659215925, "params": {"C": 9.301651860127112, "epsilon": 0.08239783771995526, "gamma": 4.674926569011188}, "datetime": {"datetime": "2021-08-25 15:26:03", "elapsed": 19.880374, "delta": 0.283041}}
{"target": -3.2808996417813137, "params": {"C": 8.436389094669341, "epsilon": 0.08592937908278077, "gamma": 4.673102927258583}, "datetime": {"datetime": "2021-08-25 15:26:04", "elapsed": 20.172332, "delta": 0.291958}}
{"target": -2.611246542176489, "params": {"C": 6.909445783875282, "epsilon": 0.09294100319840135, "gamma": 5.858637960942167}, "datetime": {"datetime": "2021-08-25 15:26:04", "elapsed": 20.470843, "delta": 0.298511}}
{"target": -5.9132381458288235, "params": {"C": 8.42917088898906, "epsilon": 0.09838182258227403, "gamma": 4.687065416596349}, "datetime": {"datetime": "2021-08-25 15:26:04", "elapsed": 20.866883, "delta": 0.39604}}
{"target": -2.614819960745835, "params": {"C": 8.405252359836256, "epsilon": 0.08944924368555539, "gamma": 4.688256803872233}, "datetime": {"datetime": "2021-08-25 15:26:05", "elapsed": 21.158883, "delta": 0.292}}
{"target": -4.305525725530654, "params": {"C": 8.488453252135267, "epsilon": 0.09706254611442952, "gamma": 4.358099234020208}, "datetime": {"datetime": "2021-08-25 15:26:05", "elapsed": 21.487488, "delta": 0.328605}}
{"target": -3.214333958444798, "params": {"C": 9.170488195000113, "epsilon": 0.08281806254026262, "gamma": 5.376784802218172}, "datetime": {"datetime": "2021-08-25 15:26:05", "elapsed": 21.787488, "delta": 0.3}}
{"target": -3.7894060338508453, "params": {"C": 8.707780099788685, "epsilon": 0.08125127444627193, "gamma": 4.142624090887428}, "datetime": {"datetime": "2021-08-25 15:26:06", "elapsed": 22.173489, "delta": 0.386001}}
{"target": -3.7694981794679188, "params": {"C": 7.56004292893685, "epsilon": 0.08070580664939618, "gamma": 3.4645509790438647}, "datetime": {"datetime": "2021-08-25 15:26:06", "elapsed": 22.465647, "delta": 0.292158}}
{"target": -3.0832604639890486, "params": {"C": 9.303663819971373, "epsilon": 0.08341632215476337, "gamma": 4.673789652873564}, "datetime": {"datetime": "2021-08-25 15:26:06", "elapsed": 22.751643, "delta": 0.285996}}
{"target": -2.7551138427938353, "params": {"C": 8.413737269167573, "epsilon": 0.08814026863153401, "gamma": 4.673132524919677}, "datetime": {"datetime": "2021-08-25 15:26:07", "elapsed": 23.143645, "delta": 0.392002}}
{"target": -3.1137957175055293, "params": {"C": 7.910470380658479, "epsilon": 0.08421871139191736, "gamma": 5.44675564194365}, "datetime": {"datetime": "2021-08-25 15:26:07", "elapsed": 23.451651, "delta": 0.308006}}
{"target": -2.9730957187800255, "params": {"C": 9.157184457780794, "epsilon": 0.09432321363486233, "gamma": 5.655723445020516}, "datetime": {"datetime": "2021-08-25 15:26:07", "elapsed": 23.740645, "delta": 0.288994}}
{"target": -6.390209014452843, "params": {"C": 6.606810047457026, "epsilon": 0.09887927024975543, "gamma": 4.602770165361585}, "datetime": {"datetime": "2021-08-25 15:26:08", "elapsed": 24.043645, "delta": 0.303}}
{"target": -2.77107692350124, "params": {"C": 7.936432563896917, "epsilon": 0.08830920912189792, "gamma": 5.342341892245449}, "datetime": {"datetime": "2021-08-25 15:26:08", "elapsed": 24.337686, "delta": 0.294041}}
{"target": -2.899066221254638, "params": {"C": 9.816169688661514, "epsilon": 0.09424520744466873, "gamma": 4.420064030921143}, "datetime": {"datetime": "2021-08-25 15:26:08", "elapsed": 24.726807, "delta": 0.389121}}
