{"target": -3.2378786556709414, "params": {"C": 5.333193773220389, "epsilon": 0.07307939767241055, "gamma": 1.7800748541183304}, "datetime": {"datetime": "2021-08-25 14:28:00", "elapsed": 19.055971, "delta": 0.280003}}
{"target": -4.949812677917395, "params": {"C": 4.78139977569455, "epsilon": 0.06843742278383472, "gamma": 8.157696287672353}, "datetime": {"datetime": "2021-08-25 14:28:00", "elapsed": 19.339004, "delta": 0.283033}}
{"target": -3.5547706335931477, "params": {"C": 7.895068183307535, "epsilon": 0.08864642726972466, "gamma": 8.853559071918317}, "datetime": {"datetime": "2021-08-25 14:28:01", "elapsed": 19.617523, "delta": 0.278519}}
{"target": -5.081273391001516, "params": {"C": 1.525508093523923, "epsilon": 0.09775854049951085, "gamma": 5.347224650654081}, "datetime": {"datetime": "2021-08-25 14:28:01", "elapsed": 19.945529, "delta": 0.328006}}
{"target": -5.8806838886685275, "params": {"C": 4.846240328332548, "epsilon": 0.07661841824379584, "gamma": 7.809998501177347}, "datetime": {"datetime": "2021-08-25 14:28:01", "elapsed": 20.226566, "delta": 0.281037}}
{"target": -4.232212278943286, "params": {"C": 3.2426356137974954, "epsilon": 0.08081520245104165, "gamma": 8.549870637215825}, "datetime": {"datetime": "2021-08-25 14:28:02", "elapsed": 20.649521, "delta": 0.422955}}
{"target": -2.5675547854302856, "params": {"C": 2.7906507275619488, "epsilon": 0.09124695165328599, "gamma": 5.09026903663919}, "datetime": {"datetime": "2021-08-25 14:28:02", "elapsed": 20.94953, "delta": 0.300009}}
{"target": -3.10629772359865, "params": {"C": 6.394659565915064, "epsilon": 0.06396560154579768, "gamma": 1.4435615360358327}, "datetime": {"datetime": "2021-08-25 14:28:02", "elapsed": 21.263521, "delta": 0.313991}}
{"target": -3.1191953523321, "params": {"C": 0.4290194572509725, "epsilon": 0.06553255732204846, "gamma": 9.907863001575874}, "datetime": {"datetime": "2021-08-25 14:28:03", "elapsed": 21.617695, "delta": 0.354174}}
{"target": -2.6961959386871746, "params": {"C": 3.604607332268951, "epsilon": 0.09261190510803796, "gamma": 8.033194672418636}, "datetime": {"datetime": "2021-08-25 14:28:03", "elapsed": 22.013691, "delta": 0.395996}}
{"target": -3.4241751789772366, "params": {"C": 3.9917222490431117, "epsilon": 0.086239580763636, "gamma": 2.848999229873758}, "datetime": {"datetime": "2021-08-25 14:28:03", "elapsed": 22.3357, "delta": 0.322009}}
{"target": -4.718958198171657, "params": {"C": 0.6369676463599458, "epsilon": 0.09470465425176684, "gamma": 3.203053048045597}, "datetime": {"datetime": "2021-08-25 14:28:04", "elapsed": 22.664737, "delta": 0.329037}}
{"target": -3.3471795424763466, "params": {"C": 5.996795367960835, "epsilon": 0.0867208509317166, "gamma": 1.1660168549544287}, "datetime": {"datetime": "2021-08-25 14:28:04", "elapsed": 23.003693, "delta": 0.338956}}
{"target": -5.514996005190057, "params": {"C": 8.378730349540232, "epsilon": 0.07295685614711837, "gamma": 6.116317724461604}, "datetime": {"datetime": "2021-08-25 14:28:04", "elapsed": 23.336735, "delta": 0.333042}}
{"target": -3.4948699073071556, "params": {"C": 2.956583297693836, "epsilon": 0.06034022665952172, "gamma": 1.5659938919396732}, "datetime": {"datetime": "2021-08-25 14:28:05", "elapsed": 23.675113, "delta": 0.338378}}
{"target": -10.68628194743422, "params": {"C": 4.228517846555483, "epsilon": 0.08881297973768633, "gamma": 0.10113231069171438}, "datetime": {"datetime": "2021-08-25 14:31:30", "elapsed": 0.0, "delta": 0.0}}
{"target": -2.8670102958931425, "params": {"C": 3.0930924690552137, "epsilon": 0.06587023563268452, "gamma": 1.0141520882110984}, "datetime": {"datetime": "2021-08-25 14:31:31", "elapsed": 0.066962, "delta": 0.066962}}
{"target": -2.902111484459323, "params": {"C": 1.943976092638942, "epsilon": 0.07382242908172192, "gamma": 4.027997994883632}, "datetime": {"datetime": "2021-08-25 14:31:31", "elapsed": 0.128959, "delta": 0.061997}}
{"target": -5.656291146640969, "params": {"C": 5.434285666633234, "epsilon": 0.07676778057613179, "gamma": 6.883673053927919}, "datetime": {"datetime": "2021-08-25 14:31:31", "elapsed": 0.199964, "delta": 0.071005}}
{"target": -7.648704896742331, "params": {"C": 2.124077272342023, "epsilon": 0.09512469745563781, "gamma": 0.371137172659469}, "datetime": {"datetime": "2021-08-25 14:31:31", "elapsed": 0.267968, "delta": 0.068004}}
{"target": -5.074967641618181, "params": {"C": 6.737628350766182, "epsilon": 0.07669219209468509, "gamma": 5.631029301612942}, "datetime": {"datetime": "2021-08-25 14:31:31", "elapsed": 0.34297, "delta": 0.075002}}
{"target": -3.1026507367554617, "params": {"C": 1.4898306920928144, "epsilon": 0.06792405956339514, "gamma": 8.027371229887814}, "datetime": {"datetime": "2021-08-25 14:31:31", "elapsed": 0.425971, "delta": 0.083001}}
{"target": -6.479517732475536, "params": {"C": 9.685789599622035, "epsilon": 0.07253696712636971, "gamma": 6.953993895126209}, "datetime": {"datetime": "2021-08-25 14:31:31", "elapsed": 0.512965, "delta": 0.086994}}
{"target": -3.5074033062946532, "params": {"C": 8.776252607730779, "epsilon": 0.0957842665401539, "gamma": 0.9419376925608013}, "datetime": {"datetime": "2021-08-25 14:31:31", "elapsed": 0.576006, "delta": 0.063041}}
{"target": -3.1366808275142195, "params": {"C": 0.48664235400553535, "epsilon": 0.06679321678258275, "gamma": 8.79361078395119}, "datetime": {"datetime": "2021-08-25 14:31:31", "elapsed": 0.647964, "delta": 0.071958}}
{"target": -3.1304937355181015, "params": {"C": 1.073633654947196, "epsilon": 0.07684430500020209, "gamma": 9.583106348489968}, "datetime": {"datetime": "2021-08-25 14:31:31", "elapsed": 0.717964, "delta": 0.07}}
{"target": -3.1881602648577894, "params": {"C": 5.378336321232869, "epsilon": 0.08767508455801894, "gamma": 3.2236047469600235}, "datetime": {"datetime": "2021-08-25 14:31:31", "elapsed": 0.786965, "delta": 0.069001}}
{"target": -3.9393648333871183, "params": {"C": 6.896359184047678, "epsilon": 0.09338502687589492, "gamma": 0.28105394570749886}, "datetime": {"datetime": "2021-08-25 14:31:31", "elapsed": 0.845966, "delta": 0.059001}}
{"target": -7.0352876802066255, "params": {"C": 7.526428717955178, "epsilon": 0.0995544435562598, "gamma": 7.50683997836041}, "datetime": {"datetime": "2021-08-25 14:31:31", "elapsed": 0.904971, "delta": 0.059005}}
{"target": -3.123829175320451, "params": {"C": 2.8763955214376113, "epsilon": 0.09157117313805954, "gamma": 1.1219374651186562}, "datetime": {"datetime": "2021-08-25 14:31:31", "elapsed": 0.965971, "delta": 0.061}}
{"target": -2.9695160497475674, "params": {"C": 0.9092628065153825, "epsilon": 0.07192661888792058, "gamma": 9.084786744836162}, "datetime": {"datetime": "2021-08-25 14:31:32", "elapsed": 1.661732, "delta": 0.695761}}
{"target": -2.9040782566451657, "params": {"C": 0.9689595667053843, "epsilon": 0.07150305625686458, "gamma": 8.39950253691483}, "datetime": {"datetime": "2021-08-25 14:31:33", "elapsed": 2.424739, "delta": 0.763007}}
{"target": -3.4764789798186655, "params": {"C": 1.494740739867103, "epsilon": 0.06, "gamma": 8.7242136671669}, "datetime": {"datetime": "2021-08-25 14:31:33", "elapsed": 2.968735, "delta": 0.543996}}
{"target": -3.2261310937005754, "params": {"C": 2.3523971932462278, "epsilon": 0.0662235998955287, "gamma": 9.478304165663957}, "datetime": {"datetime": "2021-08-25 14:31:34", "elapsed": 3.100742, "delta": 0.132007}}
{"target": -3.33706821838379, "params": {"C": 7.28993491362408, "epsilon": 0.08914448055402768, "gamma": 2.0274115126645245}, "datetime": {"datetime": "2021-08-25 14:31:34", "elapsed": 3.232902, "delta": 0.13216}}
{"target": -3.7366599635498328, "params": {"C": 3.275379706520831, "epsilon": 0.06, "gamma": 1.5326370007539347}, "datetime": {"datetime": "2021-08-25 14:31:34", "elapsed": 3.7629, "delta": 0.529998}}
{"target": -2.9990357328209627, "params": {"C": 9.558911197857833, "epsilon": 0.0865628566336819, "gamma": 4.760134335298905}, "datetime": {"datetime": "2021-08-25 14:31:34", "elapsed": 3.896904, "delta": 0.134004}}
{"target": -3.15525101989443, "params": {"C": 4.938453956461047, "epsilon": 0.09364714694929097, "gamma": 9.792777539809313}, "datetime": {"datetime": "2021-08-25 14:31:34", "elapsed": 4.040909, "delta": 0.144005}}
{"target": -3.336377685081632, "params": {"C": 0.8114588389423785, "epsilon": 0.06, "gamma": 7.739989915893611}, "datetime": {"datetime": "2021-08-25 14:31:35", "elapsed": 4.544522, "delta": 0.503613}}
{"target": -3.1435078880944904, "params": {"C": 2.540045893521693, "epsilon": 0.08455211837161661, "gamma": 4.28133599159988}, "datetime": {"datetime": "2021-08-25 14:31:35", "elapsed": 5.030516, "delta": 0.485994}}
{"target": -3.6515104022162017, "params": {"C": 6.8034041100498195, "epsilon": 0.08191644170814957, "gamma": 3.8937707546731777}, "datetime": {"datetime": "2021-08-25 14:31:36", "elapsed": 5.171517, "delta": 0.141001}}
{"target": -2.9211277043982475, "params": {"C": 1.4934853999305449, "epsilon": 0.06557518227593111, "gamma": 3.236639887327022}, "datetime": {"datetime": "2021-08-25 14:31:36", "elapsed": 5.318556, "delta": 0.147039}}
{"target": -2.9297754782438803, "params": {"C": 2.8126046300729652, "epsilon": 0.09057393615302818, "gamma": 0.7620184020371188}, "datetime": {"datetime": "2021-08-25 14:31:36", "elapsed": 5.448561, "delta": 0.130005}}
{"target": -2.729867666096693, "params": {"C": 2.1703265794093984, "epsilon": 0.0775749706114327, "gamma": 3.4314597839763086}, "datetime": {"datetime": "2021-08-25 14:31:36", "elapsed": 5.872515, "delta": 0.423954}}
{"target": -3.028748349789309, "params": {"C": 6.022199982108106, "epsilon": 0.06450808229238002, "gamma": 1.2560973458758353}, "datetime": {"datetime": "2021-08-25 14:31:36", "elapsed": 6.018517, "delta": 0.146002}}
{"target": -3.334153038763436, "params": {"C": 6.174884141107047, "epsilon": 0.08229567582564638, "gamma": 6.57070851098762}, "datetime": {"datetime": "2021-08-25 14:31:37", "elapsed": 6.215514, "delta": 0.196997}}
{"target": -4.00592822590807, "params": {"C": 0.2664453837896975, "epsilon": 0.0703342734799074, "gamma": 8.025788586373197}, "datetime": {"datetime": "2021-08-25 14:31:37", "elapsed": 6.361515, "delta": 0.146001}}
{"target": -3.807539553342715, "params": {"C": 9.548511340831688, "epsilon": 0.06783483857713142, "gamma": 4.7770900110796735}, "datetime": {"datetime": "2021-08-25 14:31:37", "elapsed": 6.553518, "delta": 0.192003}}
{"target": -3.3433128047094205, "params": {"C": 2.2025679212867995, "epsilon": 0.0880638507130724, "gamma": 3.4380337673990864}, "datetime": {"datetime": "2021-08-25 14:31:37", "elapsed": 6.722516, "delta": 0.168998}}
{"target": -2.9530165093400194, "params": {"C": 2.1489309898688616, "epsilon": 0.08009261220059231, "gamma": 3.3888934878164023}, "datetime": {"datetime": "2021-08-25 14:31:37", "elapsed": 6.87751, "delta": 0.154994}}
{"target": -2.9106909649438775, "params": {"C": 2.1256223689774876, "epsilon": 0.07474140431773627, "gamma": 3.463876121995613}, "datetime": {"datetime": "2021-08-25 14:31:37", "elapsed": 7.04356, "delta": 0.16605}}
{"target": -3.379631344495427, "params": {"C": 2.37741430028068, "epsilon": 0.06259147270136131, "gamma": 7.068071909437097}, "datetime": {"datetime": "2021-08-25 14:31:38", "elapsed": 7.226362, "delta": 0.182802}}
{"target": -3.87901000972385, "params": {"C": 3.0304559282655443, "epsilon": 0.09510679453398829, "gamma": 1.0659513796692006}, "datetime": {"datetime": "2021-08-25 14:31:38", "elapsed": 7.373322, "delta": 0.14696}}
{"target": -7.124250403200073, "params": {"C": 9.599216699214823, "epsilon": 0.1, "gamma": 4.694421273816557}, "datetime": {"datetime": "2021-08-25 14:31:38", "elapsed": 7.570311, "delta": 0.196989}}
{"target": -3.0869040741079927, "params": {"C": 8.408119367674605, "epsilon": 0.07674041914820763, "gamma": 3.031285232002414}, "datetime": {"datetime": "2021-08-25 14:31:38", "elapsed": 7.754315, "delta": 0.184004}}
{"target": -4.974799125421435, "params": {"C": 3.09543879011078, "epsilon": 0.09696092361717973, "gamma": 0.984906405501706}, "datetime": {"datetime": "2021-08-25 14:31:38", "elapsed": 7.914317, "delta": 0.160002}}
{"target": -2.937596708826565, "params": {"C": 1.9213453380166574, "epsilon": 0.08296177921611114, "gamma": 4.0068970830655735}, "datetime": {"datetime": "2021-08-25 14:31:39", "elapsed": 8.088357, "delta": 0.17404}}
{"target": -2.6060806486372314, "params": {"C": 9.555441837956897, "epsilon": 0.0932215775057293, "gamma": 4.771662195767937}, "datetime": {"datetime": "2021-08-25 14:31:39", "elapsed": 8.277733, "delta": 0.189376}}
{"target": -3.0409908227208886, "params": {"C": 2.1019770483924765, "epsilon": 0.07157013837658743, "gamma": 3.392230093464343}, "datetime": {"datetime": "2021-08-25 14:31:39", "elapsed": 8.45078, "delta": 0.173047}}
{"target": -2.9361304722220196, "params": {"C": 0.9850081386257917, "epsilon": 0.07176067543649675, "gamma": 8.36016052164269}, "datetime": {"datetime": "2021-08-25 14:31:39", "elapsed": 8.653853, "delta": 0.203073}}
{"target": -3.5512606528545487, "params": {"C": 0.9361415940182064, "epsilon": 0.09464818818938334, "gamma": 8.350720400934364}, "datetime": {"datetime": "2021-08-25 14:31:39", "elapsed": 8.835249, "delta": 0.181396}}
{"target": -3.182580117489868, "params": {"C": 1.1216925533072661, "epsilon": 0.06228595471620508, "gamma": 3.759496174289215}, "datetime": {"datetime": "2021-08-25 14:31:39", "elapsed": 9.018237, "delta": 0.182988}}
{"target": -2.9349757546246242, "params": {"C": 4.425464509202841, "epsilon": 0.06773890020036173, "gamma": 0.8500825603017432}, "datetime": {"datetime": "2021-08-25 14:31:40", "elapsed": 9.209537, "delta": 0.1913}}
{"target": -2.7701531844333878, "params": {"C": 3.092790631439565, "epsilon": 0.06398087986725229, "gamma": 1.0476747609029438}, "datetime": {"datetime": "2021-08-25 14:31:40", "elapsed": 9.439419, "delta": 0.229882}}
{"target": -3.0375220574671102, "params": {"C": 2.075148002708436, "epsilon": 0.0729746687862915, "gamma": 3.4433521792503043}, "datetime": {"datetime": "2021-08-25 14:31:40", "elapsed": 9.645177, "delta": 0.205758}}
{"target": -3.1184141813408632, "params": {"C": 1.5006463784515787, "epsilon": 0.09098813220979433, "gamma": 3.3016072901843985}, "datetime": {"datetime": "2021-08-25 14:31:40", "elapsed": 9.831217, "delta": 0.18604}}
{"target": -7.049844784290651, "params": {"C": 9.57348018663528, "epsilon": 0.09982550461894046, "gamma": 4.8063461178726525}, "datetime": {"datetime": "2021-08-25 14:31:40", "elapsed": 10.044206, "delta": 0.212989}}
{"target": -2.7838078937654323, "params": {"C": 8.355429200248514, "epsilon": 0.06496109234447031, "gamma": 0.4583628170191266}, "datetime": {"datetime": "2021-08-25 14:31:41", "elapsed": 10.253249, "delta": 0.209043}}
{"target": -3.6937297982605934, "params": {"C": 6.808482484285521, "epsilon": 0.08073538887153085, "gamma": 3.905087534243918}, "datetime": {"datetime": "2021-08-25 14:31:41", "elapsed": 10.454811, "delta": 0.201562}}
{"target": -3.3261866340258286, "params": {"C": 2.6217974058796885, "epsilon": 0.09381960414680401, "gamma": 1.3935024377097527}, "datetime": {"datetime": "2021-08-25 14:31:41", "elapsed": 10.644768, "delta": 0.189957}}
{"target": -6.331123687128355, "params": {"C": 7.571558088968532, "epsilon": 0.06945506116945581, "gamma": 8.76438600723189}, "datetime": {"datetime": "2021-08-25 14:31:41", "elapsed": 10.858776, "delta": 0.214008}}
{"target": -5.624478434448707, "params": {"C": 2.100731718286001, "epsilon": 0.0990198474496856, "gamma": 3.469675351404328}, "datetime": {"datetime": "2021-08-25 14:31:42", "elapsed": 11.089844, "delta": 0.231068}}
{"target": -3.4525798122236955, "params": {"C": 8.12761023225424, "epsilon": 0.08988984263548902, "gamma": 8.90633707372845}, "datetime": {"datetime": "2021-08-25 14:31:42", "elapsed": 11.29603, "delta": 0.206186}}
{"target": -3.037001127238043, "params": {"C": 1.9205564589402035, "epsilon": 0.07267034441274817, "gamma": 4.028509148072489}, "datetime": {"datetime": "2021-08-25 14:31:42", "elapsed": 11.548986, "delta": 0.252956}}
{"target": -3.2806106278473885, "params": {"C": 2.7599097163740205, "epsilon": 0.08652663862054075, "gamma": 4.156352966141944}, "datetime": {"datetime": "2021-08-25 14:31:42", "elapsed": 11.75399, "delta": 0.205004}}
{"target": -3.2061281298858395, "params": {"C": 2.1251648241860486, "epsilon": 0.08610726419060931, "gamma": 3.406025652264304}, "datetime": {"datetime": "2021-08-25 14:31:42", "elapsed": 11.990676, "delta": 0.236686}}
{"target": -3.2469866412882014, "params": {"C": 3.0774129497410763, "epsilon": 0.0747766391290126, "gamma": 1.038462328038363}, "datetime": {"datetime": "2021-08-25 14:31:43", "elapsed": 12.241678, "delta": 0.251002}}
{"target": -2.921070962153407, "params": {"C": 1.5079277073726465, "epsilon": 0.08345000926608558, "gamma": 3.253443309347051}, "datetime": {"datetime": "2021-08-25 14:31:43", "elapsed": 12.494676, "delta": 0.252998}}
{"target": -3.5834884244723946, "params": {"C": 2.8443695475251225, "epsilon": 0.07230388598685387, "gamma": 0.7826928625760424}, "datetime": {"datetime": "2021-08-25 14:31:43", "elapsed": 12.726721, "delta": 0.232045}}
{"target": -2.9471481472658123, "params": {"C": 2.0747817495756102, "epsilon": 0.08236706386125339, "gamma": 3.4067611846977233}, "datetime": {"datetime": "2021-08-25 14:31:43", "elapsed": 12.952, "delta": 0.225279}}
{"target": -2.971206319436885, "params": {"C": 3.1177419375441526, "epsilon": 0.061187466954306026, "gamma": 1.016846748795023}, "datetime": {"datetime": "2021-08-25 14:31:44", "elapsed": 13.209876, "delta": 0.257876}}
{"target": -2.9187710908813416, "params": {"C": 0.517818769583535, "epsilon": 0.0863056171831043, "gamma": 9.912583442105875}, "datetime": {"datetime": "2021-08-25 14:31:44", "elapsed": 13.42092, "delta": 0.211044}}
{"target": -3.0659343796821767, "params": {"C": 0.9553709839512761, "epsilon": 0.0653825108698951, "gamma": 8.365650332277498}, "datetime": {"datetime": "2021-08-25 14:31:44", "elapsed": 13.69592, "delta": 0.275}}
{"target": -3.0183873778143715, "params": {"C": 1.1755314481218768, "epsilon": 0.09261650612068481, "gamma": 9.748832977419747}, "datetime": {"datetime": "2021-08-25 14:31:44", "elapsed": 13.911101, "delta": 0.215181}}
{"target": -3.0001718756585314, "params": {"C": 8.730295318096893, "epsilon": 0.06714380687811962, "gamma": 4.245983398763201}, "datetime": {"datetime": "2021-08-25 14:31:45", "elapsed": 14.150056, "delta": 0.238955}}
{"target": -3.0902854809163816, "params": {"C": 0.8119303294911958, "epsilon": 0.0662442897647269, "gamma": 6.807079936794567}, "datetime": {"datetime": "2021-08-25 14:31:45", "elapsed": 14.369791, "delta": 0.219735}}
{"target": -3.034950386668953, "params": {"C": 0.9013694724494447, "epsilon": 0.06420362537183277, "gamma": 9.04777221892778}, "datetime": {"datetime": "2021-08-25 14:31:45", "elapsed": 14.690779, "delta": 0.320988}}
{"target": -3.028035556295934, "params": {"C": 8.353922514411183, "epsilon": 0.08784738182517546, "gamma": 0.48689347069227185}, "datetime": {"datetime": "2021-08-25 14:31:45", "elapsed": 14.962771, "delta": 0.271992}}
{"target": -3.2413566751099308, "params": {"C": 3.1138999789329866, "epsilon": 0.07476423211703526, "gamma": 1.0666373418594484}, "datetime": {"datetime": "2021-08-25 14:31:46", "elapsed": 15.211772, "delta": 0.249001}}
{"target": -2.537056418495036, "params": {"C": 2.647287601304988, "epsilon": 0.08966028742397242, "gamma": 6.6441129278}, "datetime": {"datetime": "2021-08-25 14:31:46", "elapsed": 15.446563, "delta": 0.234791}}
{"target": -4.151430157536582, "params": {"C": 2.351205922959804, "epsilon": 0.07038922123812962, "gamma": 9.489094021177191}, "datetime": {"datetime": "2021-08-25 14:31:46", "elapsed": 15.688572, "delta": 0.242009}}
{"target": -3.8018244419741674, "params": {"C": 0.9538565865407699, "epsilon": 0.08188823535937567, "gamma": 1.5358118486659476}, "datetime": {"datetime": "2021-08-25 14:31:46", "elapsed": 15.928563, "delta": 0.239991}}
{"target": -3.1567716050178816, "params": {"C": 2.6341187894848597, "epsilon": 0.06897859127883453, "gamma": 6.641331224259702}, "datetime": {"datetime": "2021-08-25 14:31:47", "elapsed": 16.219559, "delta": 0.290996}}
{"target": -6.917285291510577, "params": {"C": 2.6502869037537633, "epsilon": 0.0993025038014555, "gamma": 6.677164275858655}, "datetime": {"datetime": "2021-08-25 14:31:47", "elapsed": 16.543374, "delta": 0.323815}}
{"target": -3.105865175427725, "params": {"C": 4.120677190381817, "epsilon": 0.06398658219794029, "gamma": 1.8419063548485315}, "datetime": {"datetime": "2021-08-25 14:31:47", "elapsed": 16.796374, "delta": 0.253}}
{"target": -2.7356871302606445, "params": {"C": 8.332650695562133, "epsilon": 0.0785983939893528, "gamma": 0.4523088424400651}, "datetime": {"datetime": "2021-08-25 14:31:48", "elapsed": 17.095379, "delta": 0.299005}}
{"target": -2.8999573919525483, "params": {"C": 0.9957104269113595, "epsilon": 0.0830321847795367, "gamma": 8.410018260148687}, "datetime": {"datetime": "2021-08-25 14:31:48", "elapsed": 17.438246, "delta": 0.342867}}
{"target": -3.6129537002235765, "params": {"C": 2.6531350435372363, "epsilon": 0.09452591420158185, "gamma": 6.622972054075329}, "datetime": {"datetime": "2021-08-25 14:31:48", "elapsed": 17.698247, "delta": 0.260001}}
{"target": -6.809155734212732, "params": {"C": 5.106652399989583, "epsilon": 0.09959795215901537, "gamma": 4.084234778162426}, "datetime": {"datetime": "2021-08-25 14:31:48", "elapsed": 17.965253, "delta": 0.267006}}
{"target": -3.2143307395197147, "params": {"C": 2.1513018341440833, "epsilon": 0.06735531130023731, "gamma": 3.426458720807581}, "datetime": {"datetime": "2021-08-25 14:31:49", "elapsed": 18.272205, "delta": 0.306952}}
{"target": -6.507873200395746, "params": {"C": 4.637544711239421, "epsilon": 0.09877126353235677, "gamma": 5.733536249931034}, "datetime": {"datetime": "2021-08-25 14:31:49", "elapsed": 18.518252, "delta": 0.246047}}
