{"target": -2.6392068987027466, "params": {"C": 8.45110574796664, "epsilon": 0.08944374148929156, "gamma": 4.700266672986857}, "datetime": {"datetime": "2021-08-25 15:27:07", "elapsed": 83.262149, "delta": 0.976807}}
{"target": -6.722889749278553, "params": {"C": 8.753606766744689, "epsilon": 0.09939037570922458, "gamma": 5.7485913007814045}, "datetime": {"datetime": "2021-08-25 15:27:07", "elapsed": 83.902149, "delta": 0.64}}
{"target": -3.426317755891381, "params": {"C": 9.767276028847693, "epsilon": 0.08209057985011582, "gamma": 5.047638089324747}, "datetime": {"datetime": "2021-08-25 15:27:08", "elapsed": 84.729155, "delta": 0.827006}}
{"target": -3.0211449299425897, "params": {"C": 6.080625048940409, "epsilon": 0.08645681286170744, "gamma": 5.5463846337804235}, "datetime": {"datetime": "2021-08-25 15:27:09", "elapsed": 85.630149, "delta": 0.900994}}
{"target": -3.108625969026246, "params": {"C": 8.757889216842706, "epsilon": 0.09461235750379063, "gamma": 4.208596522864948}, "datetime": {"datetime": "2021-08-25 15:27:10", "elapsed": 86.466675, "delta": 0.836526}}
{"target": -4.42838025981483, "params": {"C": 8.764420573121047, "epsilon": 0.09708370620650149, "gamma": 4.225738677661897}, "datetime": {"datetime": "2021-08-25 15:27:11", "elapsed": 87.505085, "delta": 1.03841}}
{"target": -2.9342478669045233, "params": {"C": 6.15532339018925, "epsilon": 0.08708036527550914, "gamma": 4.332485618820572}, "datetime": {"datetime": "2021-08-25 15:27:12", "elapsed": 88.394094, "delta": 0.889009}}
{"target": -3.0531466003949506, "params": {"C": 8.753742889229542, "epsilon": 0.08618935123533827, "gamma": 4.213431533512823}, "datetime": {"datetime": "2021-08-25 15:27:13", "elapsed": 89.797434, "delta": 1.40334}}
