{"target": -4.570964155211596, "params": {"C": 5.346712530480547, "epsilon": 0.05219253765013648, "gamma": 1.539104229885024}, "datetime": {"datetime": "2021-08-25 14:22:59", "elapsed": 24.476015, "delta": 0.321867}}
{"target": -3.236998033405245, "params": {"C": 7.293784178719738, "epsilon": 0.06466572540997403, "gamma": 1.9666077154543122}, "datetime": {"datetime": "2021-08-25 14:22:59", "elapsed": 24.878173, "delta": 0.402158}}
{"target": -3.1796418037169767, "params": {"C": 2.7906507275619488, "epsilon": 0.07833620534188282, "gamma": 5.09026903663919}, "datetime": {"datetime": "2021-08-25 14:22:59", "elapsed": 25.17322, "delta": 0.295047}}
{"target": -3.694963196009618, "params": {"C": 6.394659565915064, "epsilon": 0.010814863825849251, "gamma": 1.4435615360358327}, "datetime": {"datetime": "2021-08-25 14:23:00", "elapsed": 25.540017, "delta": 0.366797}}
{"target": -3.1906793704550607, "params": {"C": 2.7532270767823896, "epsilon": 0.08491028850385166, "gamma": 5.093764864300739}, "datetime": {"datetime": "2021-08-25 14:23:00", "elapsed": 25.902882, "delta": 0.362865}}
{"target": -3.422404104059046, "params": {"C": 5.314493465375947, "epsilon": 0.07047645265460381, "gamma": 1.7706249367247653}, "datetime": {"datetime": "2021-08-25 14:23:01", "elapsed": 26.295886, "delta": 0.393004}}
{"target": -3.2316380125351145, "params": {"C": 3.9917222490431117, "epsilon": 0.0659429623899991, "gamma": 2.848999229873758}, "datetime": {"datetime": "2021-08-25 14:23:01", "elapsed": 26.615059, "delta": 0.319173}}
{"target": -2.9730017541361304, "params": {"C": 5.429311371776902, "epsilon": 0.08017147546832248, "gamma": 1.8284295703779307}, "datetime": {"datetime": "2021-08-25 14:23:01", "elapsed": 26.972301, "delta": 0.357242}}
{"target": -4.30252985917774, "params": {"C": 2.7748132023281893, "epsilon": 0.042673983859778906, "gamma": 5.080794156312114}, "datetime": {"datetime": "2021-08-25 14:23:02", "elapsed": 27.442311, "delta": 0.47001}}
{"target": -4.824412234593019, "params": {"C": 8.378730349540232, "epsilon": 0.03306821896411797, "gamma": 6.116317724461604}, "datetime": {"datetime": "2021-08-25 14:23:02", "elapsed": 27.820341, "delta": 0.37803}}
{"target": -4.408196668577291, "params": {"C": 2.956583297693836, "epsilon": 0.0018420609823162643, "gamma": 1.5659938919396732}, "datetime": {"datetime": "2021-08-25 14:23:02", "elapsed": 28.188309, "delta": 0.367968}}
{"target": -16.167174985100175, "params": {"C": 4.176049826978714, "epsilon": 0.08881297973768633, "gamma": 0.011142604425275418}, "datetime": {"datetime": "2021-08-25 14:27:41", "elapsed": 0.0, "delta": 0.0}}
{"target": -2.8951586667657643, "params": {"C": 3.0303024005920793, "epsilon": 0.06587023563268452, "gamma": 0.9324625617402901}, "datetime": {"datetime": "2021-08-25 14:27:41", "elapsed": 0.066034, "delta": 0.066034}}
{"target": -2.8972836748329254, "params": {"C": 1.8707395116629324, "epsilon": 0.07382242908172192, "gamma": 3.9737070675643924}, "datetime": {"datetime": "2021-08-25 14:27:41", "elapsed": 0.129038, "delta": 0.063004}}
{"target": -5.608619720232403, "params": {"C": 5.392779172693536, "epsilon": 0.07676778057613179, "gamma": 6.855342808963627}, "datetime": {"datetime": "2021-08-25 14:27:41", "elapsed": 0.198999, "delta": 0.069961}}
{"target": -8.67789873897186, "params": {"C": 2.052477974817859, "epsilon": 0.09512469745563781, "gamma": 0.2836020560472824}, "datetime": {"datetime": "2021-08-25 14:27:41", "elapsed": 0.261035, "delta": 0.062036}}
{"target": -2.4930842728838893, "params": {"C": 3.76464540383569, "epsilon": 0.09159514140104102, "gamma": 7.746724551931922}, "datetime": {"datetime": "2021-08-25 14:27:42", "elapsed": 0.362528, "delta": 0.101493}}
{"target": -2.9217448582350842, "params": {"C": 5.327656223970998, "epsilon": 0.09149536035211672, "gamma": 1.7572487500596718}, "datetime": {"datetime": "2021-08-25 14:27:42", "elapsed": 0.462529, "delta": 0.100001}}
{"target": -4.854315315458453, "params": {"C": 5.962486006175895, "epsilon": 0.07044099633202673, "gamma": 7.4698222706107025}, "datetime": {"datetime": "2021-08-25 14:27:42", "elapsed": 0.597521, "delta": 0.134992}}
{"target": -3.1041028279095935, "params": {"C": 2.282873531366648, "epsilon": 0.0662235998955287, "gamma": 9.473561476260901}, "datetime": {"datetime": "2021-08-25 14:27:42", "elapsed": 0.716487, "delta": 0.118966}}
{"target": -3.357604462728403, "params": {"C": 7.26529795829339, "epsilon": 0.08914448055402768, "gamma": 1.9549334355069294}, "datetime": {"datetime": "2021-08-25 14:27:42", "elapsed": 0.830485, "delta": 0.113998}}
{"target": -3.7889830361581667, "params": {"C": 4.707764439853985, "epsilon": 0.07693970845460534, "gamma": 4.7244075763662625}, "datetime": {"datetime": "2021-08-25 14:27:42", "elapsed": 0.970483, "delta": 0.139998}}
{"target": -2.9912446019906085, "params": {"C": 9.554901299656542, "epsilon": 0.0865628566336819, "gamma": 4.7124991928925315}, "datetime": {"datetime": "2021-08-25 14:27:42", "elapsed": 1.095528, "delta": 0.125045}}
{"target": -3.1387302754886743, "params": {"C": 4.892439901519784, "epsilon": 0.09364714694929097, "gamma": 9.790893699262126}, "datetime": {"datetime": "2021-08-25 14:27:42", "elapsed": 1.210487, "delta": 0.114959}}
{"target": -2.6109855604138406, "params": {"C": 3.231502866774166, "epsilon": 0.09054141795109241, "gamma": 8.571047039112377}, "datetime": {"datetime": "2021-08-25 14:27:42", "elapsed": 1.335853, "delta": 0.125366}}
{"target": -2.5431404686761705, "params": {"C": 3.591616071274831, "epsilon": 0.0912514551199008, "gamma": 8.014245868377442}, "datetime": {"datetime": "2021-08-25 14:27:43", "elapsed": 1.793847, "delta": 0.457994}}
{"target": -3.695263039945213, "params": {"C": 6.774344147413909, "epsilon": 0.08191644170814957, "gamma": 3.8382595797156607}, "datetime": {"datetime": "2021-08-25 14:27:43", "elapsed": 1.935848, "delta": 0.142001}}
{"target": -2.8986899567543647, "params": {"C": 1.4161534490208225, "epsilon": 0.06557518227593111, "gamma": 3.1751547953936305}, "datetime": {"datetime": "2021-08-25 14:27:43", "elapsed": 2.079848, "delta": 0.144}}
{"target": -3.1329036255939533, "params": {"C": 2.7472646721645373, "epsilon": 0.09057393615302818, "gamma": 0.6780367511465472}, "datetime": {"datetime": "2021-08-25 14:27:43", "elapsed": 2.197852, "delta": 0.118004}}
{"target": -3.1280554560532345, "params": {"C": 3.147480597817723, "epsilon": 0.06357609170224499, "gamma": 8.148943448202736}, "datetime": {"datetime": "2021-08-25 14:27:44", "elapsed": 2.624849, "delta": 0.426997}}
{"target": -3.0202900862797417, "params": {"C": 5.986038163763634, "epsilon": 0.06450808229238002, "gamma": 1.1766073217474338}, "datetime": {"datetime": "2021-08-25 14:27:44", "elapsed": 2.776852, "delta": 0.152003}}
{"target": -3.316238873024751, "params": {"C": 6.140110360571657, "epsilon": 0.08229567582564638, "gamma": 6.53953313381478}, "datetime": {"datetime": "2021-08-25 14:27:44", "elapsed": 2.939849, "delta": 0.162997}}
{"target": -4.386849572808562, "params": {"C": 0.17795852364233114, "epsilon": 0.0703342734799074, "gamma": 8.007841209885681}, "datetime": {"datetime": "2021-08-25 14:27:44", "elapsed": 3.079851, "delta": 0.140002}}
{"target": -3.8043894504410836, "params": {"C": 9.544406898475613, "epsilon": 0.06783483857713142, "gamma": 4.729609011180398}, "datetime": {"datetime": "2021-08-25 14:27:44", "elapsed": 3.265892, "delta": 0.186041}}
{"target": -4.982895419899793, "params": {"C": 3.2375988191720775, "epsilon": 0.07326646294244156, "gamma": 8.599237329240573}, "datetime": {"datetime": "2021-08-25 14:27:45", "elapsed": 3.416139, "delta": 0.150247}}
{"target": -2.9006597701781707, "params": {"C": 3.0426952942928596, "epsilon": 0.06563319542876163, "gamma": 0.9188661060509044}, "datetime": {"datetime": "2021-08-25 14:27:45", "elapsed": 3.55813, "delta": 0.141991}}
{"target": -3.027008088252714, "params": {"C": 5.992467339279802, "epsilon": 0.06652058950944949, "gamma": 1.2058511060886339}, "datetime": {"datetime": "2021-08-25 14:27:45", "elapsed": 3.711774, "delta": 0.153644}}
{"target": -3.354714109042108, "params": {"C": 2.3081180666468675, "epsilon": 0.06259147270136131, "gamma": 7.041418017704707}, "datetime": {"datetime": "2021-08-25 14:27:45", "elapsed": 3.866764, "delta": 0.15499}}
{"target": -2.6429022971921463, "params": {"C": 3.603727847980401, "epsilon": 0.09000990373805402, "gamma": 8.020782094696507}, "datetime": {"datetime": "2021-08-25 14:27:45", "elapsed": 4.009763, "delta": 0.142999}}
{"target": -3.086012165380495, "params": {"C": 1.87356024774615, "epsilon": 0.0676138997114294, "gamma": 3.968267648978664}, "datetime": {"datetime": "2021-08-25 14:27:45", "elapsed": 4.167766, "delta": 0.158003}}
{"target": -3.0443181562813906, "params": {"C": 8.393647725562555, "epsilon": 0.07674041914820763, "gamma": 2.967933279566072}, "datetime": {"datetime": "2021-08-25 14:27:45", "elapsed": 4.323812, "delta": 0.156046}}
{"target": -5.114826394591173, "params": {"C": 3.0326700518390597, "epsilon": 0.09696092361717973, "gamma": 0.9029510091880852}, "datetime": {"datetime": "2021-08-25 14:27:46", "elapsed": 4.463805, "delta": 0.139993}}
{"target": -2.949223380061559, "params": {"C": 1.8479030229077178, "epsilon": 0.08296177921611114, "gamma": 3.9524143292752605}, "datetime": {"datetime": "2021-08-25 14:27:46", "elapsed": 4.613771, "delta": 0.149966}}
{"target": -4.77240974525801, "params": {"C": 9.559392303256159, "epsilon": 0.07425217688960047, "gamma": 4.681748914845305}, "datetime": {"datetime": "2021-08-25 14:27:46", "elapsed": 4.823777, "delta": 0.210006}}
{"target": -3.5323377117212664, "params": {"C": 3.7706497052675427, "epsilon": 0.08181158654228352, "gamma": 7.727912866138395}, "datetime": {"datetime": "2021-08-25 14:27:46", "elapsed": 5.003771, "delta": 0.179994}}
{"target": -3.1281664288626545, "params": {"C": 3.559481508500175, "epsilon": 0.0636925630696473, "gamma": 8.011983157861446}, "datetime": {"datetime": "2021-08-25 14:27:46", "elapsed": 5.222764, "delta": 0.218993}}
{"target": -5.1749500305861496, "params": {"C": 3.747203764926268, "epsilon": 0.07662201177948606, "gamma": 7.743127043168281}, "datetime": {"datetime": "2021-08-25 14:27:47", "elapsed": 5.412361, "delta": 0.189597}}
{"target": -3.156291459662129, "params": {"C": 1.0409806674282414, "epsilon": 0.06228595471620508, "gamma": 3.7027643213282073}, "datetime": {"datetime": "2021-08-25 14:27:47", "elapsed": 5.581363, "delta": 0.169002}}
{"target": -3.0255502186481036, "params": {"C": 4.374786913831957, "epsilon": 0.06773890020036173, "gamma": 0.7669014926681228}, "datetime": {"datetime": "2021-08-25 14:27:47", "elapsed": 5.758319, "delta": 0.176956}}
{"target": -2.5813039927493984, "params": {"C": 3.6268162767138667, "epsilon": 0.09043080082174117, "gamma": 8.029112414094469}, "datetime": {"datetime": "2021-08-25 14:27:47", "elapsed": 5.955325, "delta": 0.197006}}
{"target": -2.562148748718907, "params": {"C": 3.6136362756431897, "epsilon": 0.09139311693341429, "gamma": 8.03820331924647}, "datetime": {"datetime": "2021-08-25 14:27:47", "elapsed": 6.152317, "delta": 0.196992}}
{"target": -5.049303362258272, "params": {"C": 3.775641762061449, "epsilon": 0.07619782232622609, "gamma": 7.770021246608103}, "datetime": {"datetime": "2021-08-25 14:27:48", "elapsed": 6.360326, "delta": 0.208009}}
{"target": -3.109648064735249, "params": {"C": 5.99958142850212, "epsilon": 0.08346558510186446, "gamma": 1.1774223461117004}, "datetime": {"datetime": "2021-08-25 14:27:48", "elapsed": 6.565318, "delta": 0.204992}}
{"target": -2.820619173484611, "params": {"C": 8.340478556614409, "epsilon": 0.06496109234447031, "gamma": 0.3716206608102096}, "datetime": {"datetime": "2021-08-25 14:27:48", "elapsed": 6.74836, "delta": 0.183042}}
{"target": -3.721625510677147, "params": {"C": 6.779468688688116, "epsilon": 0.08073538887153085, "gamma": 3.8496792391006807}, "datetime": {"datetime": "2021-08-25 14:27:48", "elapsed": 6.946326, "delta": 0.197966}}
{"target": -3.4220565430725673, "params": {"C": 2.5547228368422306, "epsilon": 0.09381960414680401, "gamma": 1.3152615507798413}, "datetime": {"datetime": "2021-08-25 14:27:48", "elapsed": 7.140315, "delta": 0.193989}}
{"target": -6.304688608939106, "params": {"C": 7.549481344322791, "epsilon": 0.06945506116945581, "gamma": 8.753153152752178}, "datetime": {"datetime": "2021-08-25 14:27:49", "elapsed": 7.369524, "delta": 0.229209}}
{"target": -2.9071999527283414, "params": {"C": 4.919136239104871, "epsilon": 0.09151535281017568, "gamma": 9.790186400575816}, "datetime": {"datetime": "2021-08-25 14:27:49", "elapsed": 7.592565, "delta": 0.223041}}
{"target": -3.3639377167948856, "params": {"C": 8.110588507092915, "epsilon": 0.08988984263548902, "gamma": 8.896394683489618}, "datetime": {"datetime": "2021-08-25 14:27:49", "elapsed": 7.785566, "delta": 0.193001}}
{"target": -3.1364612268459795, "params": {"C": 1.843940107640714, "epsilon": 0.0686560080241324, "gamma": 3.9765055387138037}, "datetime": {"datetime": "2021-08-25 14:27:49", "elapsed": 8.025532, "delta": 0.239966}}
{"target": -3.2612529746315837, "params": {"C": 2.6940907137956023, "epsilon": 0.08652663862054075, "gamma": 4.10322890219778}, "datetime": {"datetime": "2021-08-25 14:27:49", "elapsed": 8.222565, "delta": 0.197033}}
{"target": -3.2845755465601894, "params": {"C": 5.349222818674608, "epsilon": 0.072516050523885, "gamma": 1.7705331397750415}, "datetime": {"datetime": "2021-08-25 14:27:50", "elapsed": 8.459565, "delta": 0.237}}
{"target": -5.281735504104195, "params": {"C": 3.6072317266575356, "epsilon": 0.07769780069569082, "gamma": 7.991475122086294}, "datetime": {"datetime": "2021-08-25 14:27:50", "elapsed": 8.686021, "delta": 0.226456}}
{"target": -5.156912085699386, "params": {"C": 3.590601956290142, "epsilon": 0.07596060046210208, "gamma": 8.038337068555776}, "datetime": {"datetime": "2021-08-25 14:27:50", "elapsed": 8.920015, "delta": 0.233994}}
{"target": -2.9785940954996644, "params": {"C": 5.340132156559541, "epsilon": 0.09447453500362993, "gamma": 1.7741440221851916}, "datetime": {"datetime": "2021-08-25 14:27:50", "elapsed": 9.132056, "delta": 0.212041}}
{"target": -2.9329284341494546, "params": {"C": 1.8777863083038173, "epsilon": 0.09029092994201839, "gamma": 3.9852059852401602}, "datetime": {"datetime": "2021-08-25 14:27:51", "elapsed": 9.358253, "delta": 0.226197}}
{"target": -2.9413058605895395, "params": {"C": 3.05517595515819, "epsilon": 0.061187466954306026, "gamma": 0.935181719238614}, "datetime": {"datetime": "2021-08-25 14:27:51", "elapsed": 9.582252, "delta": 0.223999}}
{"target": -2.893114908139752, "params": {"C": 0.4316171220342944, "epsilon": 0.0863056171831043, "gamma": 9.911788746125021}, "datetime": {"datetime": "2021-08-25 14:27:51", "elapsed": 9.786292, "delta": 0.20404}}
{"target": -2.8244397014944314, "params": {"C": 1.4281503483522442, "epsilon": 0.08301660951121956, "gamma": 3.158295314861256}, "datetime": {"datetime": "2021-08-25 14:27:51", "elapsed": 10.028257, "delta": 0.241965}}
{"target": -2.9896405962160832, "params": {"C": 1.0953090067411664, "epsilon": 0.09261650612068481, "gamma": 9.746549640850835}, "datetime": {"datetime": "2021-08-25 14:27:51", "elapsed": 10.245248, "delta": 0.216991}}
{"target": -3.0212292943339385, "params": {"C": 8.71875254826141, "epsilon": 0.06714380687811962, "gamma": 4.193674156933775}, "datetime": {"datetime": "2021-08-25 14:27:52", "elapsed": 10.490291, "delta": 0.245043}}
{"target": -3.0877150352717115, "params": {"C": 0.7284024233956613, "epsilon": 0.0662442897647269, "gamma": 6.778053390765427}, "datetime": {"datetime": "2021-08-25 14:27:52", "elapsed": 10.701293, "delta": 0.211002}}
{"target": -2.8809563857395992, "params": {"C": 5.320016529954495, "epsilon": 0.08002116201822318, "gamma": 1.7769583571748517}, "datetime": {"datetime": "2021-08-25 14:27:52", "elapsed": 11.016291, "delta": 0.314998}}
{"target": -3.0077679350096216, "params": {"C": 8.350687788489308, "epsilon": 0.0904490795653948, "gamma": 0.37103566386459574}, "datetime": {"datetime": "2021-08-25 14:27:52", "elapsed": 11.263248, "delta": 0.246957}}
{"target": -3.2492717857764988, "params": {"C": 4.915235700347974, "epsilon": 0.08869590353072744, "gamma": 9.760658777290132}, "datetime": {"datetime": "2021-08-25 14:27:53", "elapsed": 11.512443, "delta": 0.249195}}
{"target": -2.5392602849106516, "params": {"C": 2.5804447613168513, "epsilon": 0.08966028742397242, "gamma": 6.613604863507273}, "datetime": {"datetime": "2021-08-25 14:27:53", "elapsed": 11.743447, "delta": 0.231004}}
{"target": -3.0731594137262097, "params": {"C": 2.5998084561104675, "epsilon": 0.08317494216031508, "gamma": 6.625415050131275}, "datetime": {"datetime": "2021-08-25 14:27:53", "elapsed": 11.996453, "delta": 0.253006}}
{"target": -4.8144093061235855, "params": {"C": 0.871618919145686, "epsilon": 0.08188823535937567, "gamma": 1.4588646836538197}, "datetime": {"datetime": "2021-08-25 14:27:53", "elapsed": 12.226448, "delta": 0.229995}}
{"target": -7.240629691701204, "params": {"C": 3.6281035374650505, "epsilon": 0.09967342044727426, "gamma": 8.054446023488486}, "datetime": {"datetime": "2021-08-25 14:27:54", "elapsed": 12.505444, "delta": 0.278996}}
{"target": -3.405422036743805, "params": {"C": 4.377264292091168, "epsilon": 0.07105327404270038, "gamma": 0.7882892929659248}, "datetime": {"datetime": "2021-08-25 14:27:54", "elapsed": 12.750454, "delta": 0.24501}}
{"target": -3.0180465490214416, "params": {"C": 4.06722880120347, "epsilon": 0.06398658219794029, "gamma": 1.7677418671653362}, "datetime": {"datetime": "2021-08-25 14:27:54", "elapsed": 12.981489, "delta": 0.231035}}
{"target": -4.615730636793276, "params": {"C": 3.6216890537484967, "epsilon": 0.07985826822255215, "gamma": 8.024112290762266}, "datetime": {"datetime": "2021-08-25 14:27:54", "elapsed": 13.233446, "delta": 0.251957}}
{"target": -2.7197838958741136, "params": {"C": 8.347429034899799, "epsilon": 0.07861766447006788, "gamma": 0.3784334565647216}, "datetime": {"datetime": "2021-08-25 14:27:55", "elapsed": 13.528738, "delta": 0.295292}}
{"target": -3.4560076341618546, "params": {"C": 3.044133468217351, "epsilon": 0.07133693578287922, "gamma": 0.9327490754459341}, "datetime": {"datetime": "2021-08-25 14:27:55", "elapsed": 13.816733, "delta": 0.287995}}
{"target": -3.1499580909003786, "params": {"C": 3.2190606830264934, "epsilon": 0.08305294940047733, "gamma": 8.555524696710288}, "datetime": {"datetime": "2021-08-25 14:27:55", "elapsed": 14.098784, "delta": 0.282051}}
{"target": -5.8869932793855675, "params": {"C": 8.224082251559738, "epsilon": 0.07906298946880395, "gamma": 7.2672587943927}, "datetime": {"datetime": "2021-08-25 14:27:56", "elapsed": 14.368739, "delta": 0.269955}}
{"target": -6.580904919305781, "params": {"C": 4.588795117705234, "epsilon": 0.09877126353235677, "gamma": 5.694750215839498}, "datetime": {"datetime": "2021-08-25 14:27:56", "elapsed": 14.653778, "delta": 0.285039}}
{"target": -6.816210651936297, "params": {"C": 4.921114114520913, "epsilon": 0.07671821657048311, "gamma": 9.797445336161957}, "datetime": {"datetime": "2021-08-25 14:27:56", "elapsed": 14.912777, "delta": 0.258999}}
{"target": -13.577599956318046, "params": {"C": 1.3533314768785871, "epsilon": 0.09754550370278794, "gamma": 0.10461760961316029}, "datetime": {"datetime": "2021-08-25 14:27:56", "elapsed": 15.144736, "delta": 0.231959}}
{"target": -3.459648321135585, "params": {"C": 3.02871849193655, "epsilon": 0.07248213733698727, "gamma": 0.9441211869195969}, "datetime": {"datetime": "2021-08-25 14:27:57", "elapsed": 15.46535, "delta": 0.320614}}
{"target": -3.010169298115198, "params": {"C": 1.7759697882564724, "epsilon": 0.0683685346492647, "gamma": 5.31069827316335}, "datetime": {"datetime": "2021-08-25 14:27:57", "elapsed": 15.729354, "delta": 0.264004}}
{"target": -3.5126985734997294, "params": {"C": 8.255875520667464, "epsilon": 0.06479567543991051, "gamma": 5.587505474807256}, "datetime": {"datetime": "2021-08-25 14:27:57", "elapsed": 16.001394, "delta": 0.27204}}
{"target": -2.6236965232579936, "params": {"C": 4.371640720999096, "epsilon": 0.07989935167151108, "gamma": 0.7589122107277897}, "datetime": {"datetime": "2021-08-25 14:27:57", "elapsed": 16.298352, "delta": 0.296958}}
{"target": -3.2547680995077903, "params": {"C": 5.11876614998338, "epsilon": 0.08843025551002459, "gamma": 9.331050551017233}, "datetime": {"datetime": "2021-08-25 14:27:58", "elapsed": 16.585352, "delta": 0.287}}
{"target": -3.100032764144151, "params": {"C": 1.421104653359491, "epsilon": 0.08536784528298681, "gamma": 3.1422751992406015}, "datetime": {"datetime": "2021-08-25 14:27:58", "elapsed": 16.942393, "delta": 0.357041}}
{"target": -2.8635358711843297, "params": {"C": 8.31264307833912, "epsilon": 0.09361320237358428, "gamma": 5.379514785927527}, "datetime": {"datetime": "2021-08-25 14:27:58", "elapsed": 17.188356, "delta": 0.245963}}
{"target": -2.464730973475177, "params": {"C": 0.41772875307471624, "epsilon": 0.08037286641440007, "gamma": 9.917623730160225}, "datetime": {"datetime": "2021-08-25 14:27:59", "elapsed": 17.488359, "delta": 0.300003}}
{"target": -4.91728709846629, "params": {"C": 7.928294267012782, "epsilon": 0.06563612508052524, "gamma": 7.924693391386512}, "datetime": {"datetime": "2021-08-25 14:27:59", "elapsed": 17.805352, "delta": 0.316993}}
{"target": -3.950512911622186, "params": {"C": 5.308251970618383, "epsilon": 0.096584324932603, "gamma": 1.7706504290350356}, "datetime": {"datetime": "2021-08-25 14:27:59", "elapsed": 18.168394, "delta": 0.363042}}
{"target": -3.239967900349831, "params": {"C": 3.9062072150197835, "epsilon": 0.06141161329879235, "gamma": 1.5569547602160687}, "datetime": {"datetime": "2021-08-25 14:28:00", "elapsed": 18.460386, "delta": 0.291992}}
{"target": -3.609815422619836, "params": {"C": 8.2609003903785, "epsilon": 0.06683264430952672, "gamma": 5.583719544068967}, "datetime": {"datetime": "2021-08-25 14:28:00", "elapsed": 18.775968, "delta": 0.315582}}
