{"target": -2.6227394770397536, "params": {"C": 0.9539911178212899, "epsilon": 0.09197131605456532, "gamma": 8.410167125384323}, "datetime": {"datetime": "2021-08-25 14:31:49", "elapsed": 18.818212, "delta": 0.29996}}
{"target": -11.593594268682134, "params": {"C": 1.4312293915013026, "epsilon": 0.09754550370278794, "gamma": 0.19376519871574444}, "datetime": {"datetime": "2021-08-25 14:31:50", "elapsed": 19.06821, "delta": 0.249998}}
{"target": -3.365826366776728, "params": {"C": 8.35559651140122, "epsilon": 0.09255717762994466, "gamma": 0.45527861389231494}, "datetime": {"datetime": "2021-08-25 14:31:50", "elapsed": 19.471945, "delta": 0.403735}}
{"target": -3.005182242392655, "params": {"C": 1.8500601505244323, "epsilon": 0.0683685346492647, "gamma": 5.352944234666383}, "datetime": {"datetime": "2021-08-25 14:31:50", "elapsed": 19.728997, "delta": 0.257052}}
{"target": -3.525865075410827, "params": {"C": 8.271588353814604, "epsilon": 0.06479567543991051, "gamma": 5.62725767773692}, "datetime": {"datetime": "2021-08-25 14:31:50", "elapsed": 20.016034, "delta": 0.287037}}
{"target": -2.7766319556145755, "params": {"C": 4.438328342929057, "epsilon": 0.06425057620221404, "gamma": 0.8253275926458064}, "datetime": {"datetime": "2021-08-25 14:31:51", "elapsed": 20.383001, "delta": 0.366967}}
{"target": -3.2764637611215757, "params": {"C": 5.1627412297132595, "epsilon": 0.08843025551002459, "gamma": 9.33707712262969}, "datetime": {"datetime": "2021-08-25 14:31:51", "elapsed": 20.639035, "delta": 0.256034}}
{"target": -2.6997448341545423, "params": {"C": 4.462060600825989, "epsilon": 0.08077954584187999, "gamma": 0.8312688172725723}, "datetime": {"datetime": "2021-08-25 14:31:51", "elapsed": 21.005034, "delta": 0.365999}}
{"target": -2.8296263729928426, "params": {"C": 8.327844492047776, "epsilon": 0.09361320237358428, "gamma": 5.421140778847099}, "datetime": {"datetime": "2021-08-25 14:31:52", "elapsed": 21.267171, "delta": 0.262137}}
{"target": -2.6870670687890765, "params": {"C": 2.809969241608434, "epsilon": 0.08630111379961182, "gamma": 0.7257269011782296}, "datetime": {"datetime": "2021-08-25 14:31:52", "elapsed": 21.609215, "delta": 0.342044}}
{"target": -5.012602786609398, "params": {"C": 7.946958282625279, "epsilon": 0.06563612508052524, "gamma": 7.943389847319967}, "datetime": {"datetime": "2021-08-25 14:31:52", "elapsed": 21.915215, "delta": 0.306}}
{"target": -2.671661258449045, "params": {"C": 6.776000779862142, "epsilon": 0.08952800420495001, "gamma": 4.041721228723043}, "datetime": {"datetime": "2021-08-25 14:31:53", "elapsed": 22.220221, "delta": 0.305006}}
{"target": -3.28283952805192, "params": {"C": 3.961106249118705, "epsilon": 0.06141161329879235, "gamma": 1.6330182308447527}, "datetime": {"datetime": "2021-08-25 14:31:53", "elapsed": 22.541218, "delta": 0.320997}}
{"target": -6.745920672647963, "params": {"C": 0.3516496369731814, "epsilon": 0.0614445224752916, "gamma": 0.39526682557050175}, "datetime": {"datetime": "2021-08-25 14:31:53", "elapsed": 22.840215, "delta": 0.298997}}
{"target": -2.9129700331960056, "params": {"C": 8.301942892437665, "epsilon": 0.06732063656964364, "gamma": 0.46871872608957665}, "datetime": {"datetime": "2021-08-25 14:31:54", "elapsed": 23.2526, "delta": 0.412385}}
{"target": -5.108633210208605, "params": {"C": 4.828414192129735, "epsilon": 0.06843742278383472, "gamma": 8.174293618414044}, "datetime": {"datetime": "2021-08-25 14:31:54", "elapsed": 23.562609, "delta": 0.310009}}
{"target": -3.524573539573603, "params": {"C": 7.914031533007466, "epsilon": 0.08864642726972466, "gamma": 8.8638873685677}, "datetime": {"datetime": "2021-08-25 14:31:54", "elapsed": 23.871285, "delta": 0.308676}}
{"target": -5.193991638817053, "params": {"C": 1.60185486745614, "epsilon": 0.09775854049951085, "gamma": 5.389141545693233}, "datetime": {"datetime": "2021-08-25 14:31:55", "elapsed": 24.171288, "delta": 0.300003}}
{"target": -5.936691293934165, "params": {"C": 4.8926705956448675, "epsilon": 0.07661841824379584, "gamma": 7.829728244409983}, "datetime": {"datetime": "2021-08-25 14:31:55", "elapsed": 24.483767, "delta": 0.312479}}
{"target": -2.936923185165695, "params": {"C": 2.8101475241710867, "epsilon": 0.06403867853736085, "gamma": 0.7432385193007288}, "datetime": {"datetime": "2021-08-25 14:31:55", "elapsed": 25.025732, "delta": 0.541965}}
{"target": -2.5154089375347075, "params": {"C": 2.855599820106436, "epsilon": 0.09124695165328599, "gamma": 5.134500847119917}, "datetime": {"datetime": "2021-08-25 14:31:56", "elapsed": 25.367052, "delta": 0.34132}}
{"target": -3.0977143834869514, "params": {"C": 6.42714011036628, "epsilon": 0.06396560154579768, "gamma": 1.5206465672427172}, "datetime": {"datetime": "2021-08-25 14:31:56", "elapsed": 25.698055, "delta": 0.331003}}
{"target": -2.983393300257946, "params": {"C": 2.836531260766919, "epsilon": 0.09050732741095922, "gamma": 0.7210393593032352}, "datetime": {"datetime": "2021-08-25 14:31:57", "elapsed": 26.131061, "delta": 0.433006}}
{"target": -3.0251845966641895, "params": {"C": 2.835460052881195, "epsilon": 0.07731616422220103, "gamma": 5.146039912251589}, "datetime": {"datetime": "2021-08-25 14:31:57", "elapsed": 26.55705, "delta": 0.425989}}
{"target": -3.3651830036083035, "params": {"C": 4.0458508774301105, "epsilon": 0.086239580763636, "gamma": 2.913422660235256}, "datetime": {"datetime": "2021-08-25 14:31:57", "elapsed": 26.873061, "delta": 0.316011}}
{"target": -4.040909360739132, "params": {"C": 0.7213192891855319, "epsilon": 0.09470465425176684, "gamma": 3.264286804369511}, "datetime": {"datetime": "2021-08-25 14:31:58", "elapsed": 27.195056, "delta": 0.321995}}
{"target": -2.809322659108092, "params": {"C": 2.1464613100540246, "epsilon": 0.07908015864227809, "gamma": 3.457841628711076}, "datetime": {"datetime": "2021-08-25 14:31:58", "elapsed": 27.681311, "delta": 0.486255}}
{"target": -5.505542235352472, "params": {"C": 8.393336382427258, "epsilon": 0.07295685614711837, "gamma": 6.151305853070059}, "datetime": {"datetime": "2021-08-25 14:31:58", "elapsed": 28.033308, "delta": 0.351997}}
{"target": -3.5447295286796194, "params": {"C": 3.0200375022191173, "epsilon": 0.06034022665952172, "gamma": 1.6419759289492257}, "datetime": {"datetime": "2021-08-25 14:31:59", "elapsed": 28.36931, "delta": 0.336002}}
{"target": -2.8484854800074806, "params": {"C": 9.013070797429442, "epsilon": 0.0925959657842652, "gamma": 6.724153935620122}, "datetime": {"datetime": "2021-08-25 14:31:59", "elapsed": 28.715344, "delta": 0.346034}}
{"target": -2.961814381123999, "params": {"C": 0.6573469883731414, "epsilon": 0.08693386138585617, "gamma": 8.692245658962971}, "datetime": {"datetime": "2021-08-25 14:31:59", "elapsed": 29.047347, "delta": 0.332003}}
{"target": -3.1427914202118385, "params": {"C": 0.8651677078235762, "epsilon": 0.09375008174234176, "gamma": 8.829283940089809}, "datetime": {"datetime": "2021-08-25 14:32:00", "elapsed": 29.387664, "delta": 0.340317}}
{"target": -3.605192042306715, "params": {"C": 8.203202072852008, "epsilon": 0.09468245662801758, "gamma": 9.516322093969176}, "datetime": {"datetime": "2021-08-25 14:32:00", "elapsed": 29.723671, "delta": 0.336007}}
{"target": -3.1631468461039427, "params": {"C": 6.915851555841066, "epsilon": 0.08324391793534025, "gamma": 4.126464355918616}, "datetime": {"datetime": "2021-08-25 14:32:01", "elapsed": 30.067666, "delta": 0.343995}}
{"target": -3.391875047510187, "params": {"C": 8.327872474050096, "epsilon": 0.06560356862549734, "gamma": 5.396412622069016}, "datetime": {"datetime": "2021-08-25 14:32:01", "elapsed": 30.534673, "delta": 0.467007}}
{"target": -3.00420455204548, "params": {"C": 1.0102420176372835, "epsilon": 0.09328591744982576, "gamma": 8.379647136192922}, "datetime": {"datetime": "2021-08-25 14:32:02", "elapsed": 31.067669, "delta": 0.532996}}
{"target": -4.337701628093728, "params": {"C": 0.9776739033969237, "epsilon": 0.09610245850598037, "gamma": 8.395755719739224}, "datetime": {"datetime": "2021-08-25 14:32:02", "elapsed": 31.541445, "delta": 0.473776}}
{"target": -4.478865817163016, "params": {"C": 6.48883436890621, "epsilon": 0.06818317587366074, "gamma": 6.619420911234409}, "datetime": {"datetime": "2021-08-25 14:32:02", "elapsed": 31.916441, "delta": 0.374996}}
{"target": -5.874409836264571, "params": {"C": 6.7717347849517004, "epsilon": 0.09820771911723283, "gamma": 4.018774901940723}, "datetime": {"datetime": "2021-08-25 14:32:03", "elapsed": 32.515444, "delta": 0.599003}}
{"target": -3.0673820946411317, "params": {"C": 1.8437036006707777, "epsilon": 0.06782610851736638, "gamma": 1.469223517200848}, "datetime": {"datetime": "2021-08-25 14:32:03", "elapsed": 32.900448, "delta": 0.385004}}
{"target": -3.4179739207269124, "params": {"C": 9.051621249420396, "epsilon": 0.06214819172872042, "gamma": 1.4254183326778997}, "datetime": {"datetime": "2021-08-25 14:32:04", "elapsed": 33.311581, "delta": 0.411133}}
{"target": -4.187461141818071, "params": {"C": 7.193804915099862, "epsilon": 0.08260476269287428, "gamma": 8.6834394330927}, "datetime": {"datetime": "2021-08-25 14:32:04", "elapsed": 33.687582, "delta": 0.376001}}
{"target": -2.9262637687376456, "params": {"C": 4.465313249012844, "epsilon": 0.07608124881178116, "gamma": 0.80208444632627}, "datetime": {"datetime": "2021-08-25 14:32:05", "elapsed": 34.159166, "delta": 0.471584}}
{"target": -3.8715496168807957, "params": {"C": 6.7914144918747805, "epsilon": 0.07689443561537916, "gamma": 4.044838043151974}, "datetime": {"datetime": "2021-08-25 14:32:05", "elapsed": 34.744793, "delta": 0.585627}}
{"target": -2.7684022265019226, "params": {"C": 1.5129463308393996, "epsilon": 0.07792706173717905, "gamma": 3.2315807409816175}, "datetime": {"datetime": "2021-08-25 14:32:06", "elapsed": 35.253793, "delta": 0.509}}
{"target": -3.4897354046523645, "params": {"C": 5.713105627379635, "epsilon": 0.0720293617660834, "gamma": 4.474729249129327}, "datetime": {"datetime": "2021-08-25 14:32:06", "elapsed": 35.650053, "delta": 0.39626}}
{"target": -2.8627962841138093, "params": {"C": 2.831458298583586, "epsilon": 0.0631286321399635, "gamma": 0.7379804481675454}, "datetime": {"datetime": "2021-08-25 14:32:07", "elapsed": 36.224019, "delta": 0.573966}}
{"target": -2.4002189502605624, "params": {"C": 9.533785416332446, "epsilon": 0.09209123290146477, "gamma": 4.75844770509189}, "datetime": {"datetime": "2021-08-25 14:32:07", "elapsed": 36.714015, "delta": 0.489996}}
{"target": -6.166721050165446, "params": {"C": 7.121004762369904, "epsilon": 0.0664213138808357, "gamma": 9.276275140985446}, "datetime": {"datetime": "2021-08-25 14:32:08", "elapsed": 37.131019, "delta": 0.417004}}
{"target": -2.714854011386477, "params": {"C": 1.0288323334829397, "epsilon": 0.076350622774979, "gamma": 8.402961771154718}, "datetime": {"datetime": "2021-08-25 14:32:08", "elapsed": 37.747205, "delta": 0.616186}}
{"target": -3.0523125837458545, "params": {"C": 5.043705482093735, "epsilon": 0.06642458336464144, "gamma": 1.4539284001135593}, "datetime": {"datetime": "2021-08-25 14:32:09", "elapsed": 38.147241, "delta": 0.400036}}
{"target": -3.084332409890903, "params": {"C": 0.9609443475193377, "epsilon": 0.06322908428551618, "gamma": 8.427991542949052}, "datetime": {"datetime": "2021-08-25 14:32:09", "elapsed": 38.691242, "delta": 0.544001}}
{"target": -2.5170254825540272, "params": {"C": 0.5007184600202436, "epsilon": 0.08130968433762202, "gamma": 4.446267245103355}, "datetime": {"datetime": "2021-08-25 14:32:10", "elapsed": 39.133232, "delta": 0.44199}}
{"target": -6.907281013368719, "params": {"C": 4.825683793729824, "epsilon": 0.09903438519645553, "gamma": 9.104162059895003}, "datetime": {"datetime": "2021-08-25 14:32:10", "elapsed": 39.644528, "delta": 0.511296}}
{"target": -3.1083456209613782, "params": {"C": 2.091349213379943, "epsilon": 0.06498397637149785, "gamma": 3.4197428068790656}, "datetime": {"datetime": "2021-08-25 14:32:11", "elapsed": 40.209534, "delta": 0.565006}}
{"target": -4.257875951871063, "params": {"C": 7.809989949606837, "epsilon": 0.08217991049746674, "gamma": 8.497295840525783}, "datetime": {"datetime": "2021-08-25 14:32:11", "elapsed": 40.736534, "delta": 0.527}}
{"target": -3.0555856279996005, "params": {"C": 0.8769238035032897, "epsilon": 0.06612136296966761, "gamma": 9.082436028686732}, "datetime": {"datetime": "2021-08-25 14:32:12", "elapsed": 41.446697, "delta": 0.710163}}
{"target": -2.9118611217649293, "params": {"C": 0.4767716974723054, "epsilon": 0.08423023659603915, "gamma": 4.463979229983983}, "datetime": {"datetime": "2021-08-25 14:32:13", "elapsed": 42.329685, "delta": 0.882988}}
{"target": -2.4018475241938857, "params": {"C": 0.30543062460873627, "epsilon": 0.08199667651870804, "gamma": 8.483574393989185}, "datetime": {"datetime": "2021-08-25 14:32:13", "elapsed": 42.899679, "delta": 0.569994}}
{"target": -3.1323810832919636, "params": {"C": 4.127618541165273, "epsilon": 0.08936325517095252, "gamma": 1.1341914414971204}, "datetime": {"datetime": "2021-08-25 14:32:14", "elapsed": 43.397914, "delta": 0.498235}}
{"target": -2.860883810010104, "params": {"C": 2.8675731370791557, "epsilon": 0.07471358624504783, "gamma": 5.103458083576259}, "datetime": {"datetime": "2021-08-25 14:32:14", "elapsed": 44.049914, "delta": 0.652}}
{"target": -3.0679550401659244, "params": {"C": 1.0097306421780639, "epsilon": 0.06396208367888963, "gamma": 8.36564090311026}, "datetime": {"datetime": "2021-08-25 14:32:15", "elapsed": 44.657595, "delta": 0.607681}}
{"target": -2.9561896749107874, "params": {"C": 6.731184686340117, "epsilon": 0.08679718503353792, "gamma": 4.941204601636917}, "datetime": {"datetime": "2021-08-25 14:32:16", "elapsed": 45.111601, "delta": 0.454006}}
{"target": -3.0582240214309317, "params": {"C": 4.153970457244417, "epsilon": 0.09389686471810785, "gamma": 5.389747052882821}, "datetime": {"datetime": "2021-08-25 14:32:16", "elapsed": 45.519773, "delta": 0.408172}}
{"target": -8.173709735181003, "params": {"C": 0.929707591430276, "epsilon": 0.09672735173531688, "gamma": 0.8007278880588373}, "datetime": {"datetime": "2021-08-25 14:32:16", "elapsed": 45.948777, "delta": 0.429004}}
{"target": -4.600597798095143, "params": {"C": 5.338161973800926, "epsilon": 0.06565951653329606, "gamma": 9.298619699045046}, "datetime": {"datetime": "2021-08-25 14:32:17", "elapsed": 46.375783, "delta": 0.427006}}
{"target": -3.407995961481557, "params": {"C": 0.5166212383045401, "epsilon": 0.06870321653185853, "gamma": 4.476328811866172}, "datetime": {"datetime": "2021-08-25 14:32:18", "elapsed": 47.122779, "delta": 0.746996}}
{"target": -3.0657588650202547, "params": {"C": 5.877643525678494, "epsilon": 0.08152501485303423, "gamma": 2.1872824448677024}, "datetime": {"datetime": "2021-08-25 14:32:18", "elapsed": 47.559058, "delta": 0.436279}}
{"target": -5.484884892807126, "params": {"C": 9.495680834818444, "epsilon": 0.09787966814471871, "gamma": 4.750769334452247}, "datetime": {"datetime": "2021-08-25 14:32:19", "elapsed": 48.34002, "delta": 0.780962}}
{"target": -3.5542002379646815, "params": {"C": 2.3704698317929407, "epsilon": 0.06113562401523335, "gamma": 9.450742805965005}, "datetime": {"datetime": "2021-08-25 14:32:20", "elapsed": 49.092014, "delta": 0.751994}}
{"target": -6.0987254787844964, "params": {"C": 0.5220248820100982, "epsilon": 0.09850274556678162, "gamma": 4.454202449014634}, "datetime": {"datetime": "2021-08-25 14:32:20", "elapsed": 49.740699, "delta": 0.648685}}
{"target": -3.428628347190214, "params": {"C": 0.6192485360066955, "epsilon": 0.0915089838375088, "gamma": 3.4486639164303274}, "datetime": {"datetime": "2021-08-25 14:32:21", "elapsed": 50.2387, "delta": 0.498001}}
{"target": -3.1385419883923316, "params": {"C": 2.216142197417425, "epsilon": 0.06580607336793036, "gamma": 4.369224624699393}, "datetime": {"datetime": "2021-08-25 14:32:21", "elapsed": 50.671695, "delta": 0.432995}}
{"target": -2.9673522935990824, "params": {"C": 5.801373885681621, "epsilon": 0.09327703459865194, "gamma": 8.506801987573269}, "datetime": {"datetime": "2021-08-25 14:32:22", "elapsed": 51.164694, "delta": 0.492999}}
{"target": -2.970818706812577, "params": {"C": 0.4622935976730076, "epsilon": 0.08822350736831903, "gamma": 4.4435354977729675}, "datetime": {"datetime": "2021-08-25 14:32:22", "elapsed": 51.741914, "delta": 0.57722}}
{"target": -2.978701256372441, "params": {"C": 9.39789036908839, "epsilon": 0.06706203910193324, "gamma": 2.449898992672325}, "datetime": {"datetime": "2021-08-25 14:32:23", "elapsed": 52.353914, "delta": 0.612}}
{"target": -2.6634607986700836, "params": {"C": 4.637506674758485, "epsilon": 0.09284132394857318, "gamma": 3.057292023734438}, "datetime": {"datetime": "2021-08-25 14:32:23", "elapsed": 52.822919, "delta": 0.469005}}
{"target": -2.7728719996095683, "params": {"C": 4.344473865663268, "epsilon": 0.08967524682573863, "gamma": 8.935556732778}, "datetime": {"datetime": "2021-08-25 14:32:24", "elapsed": 53.382912, "delta": 0.559993}}
{"target": -3.156373886381896, "params": {"C": 0.49065305490138045, "epsilon": 0.06137488011942754, "gamma": 4.428635329477389}, "datetime": {"datetime": "2021-08-25 14:32:25", "elapsed": 54.142135, "delta": 0.759223}}
{"target": -3.017856650672565, "params": {"C": 2.8237634122315804, "epsilon": 0.06469469357971924, "gamma": 0.7029328068089286}, "datetime": {"datetime": "2021-08-25 14:32:25", "elapsed": 54.995898, "delta": 0.853763}}
{"target": -3.2709171356512754, "params": {"C": 2.7762518833808896, "epsilon": 0.06813831567597498, "gamma": 0.7251912559444547}, "datetime": {"datetime": "2021-08-25 14:32:26", "elapsed": 55.720786, "delta": 0.724888}}
{"target": -3.0855428673563696, "params": {"C": 1.8421944412203504, "epsilon": 0.08417804148851224, "gamma": 5.368995802084058}, "datetime": {"datetime": "2021-08-25 14:32:27", "elapsed": 56.213784, "delta": 0.492998}}
{"target": -2.5491667364416712, "params": {"C": 1.0399242691579775, "epsilon": 0.0909125890678772, "gamma": 8.372231551632504}, "datetime": {"datetime": "2021-08-25 14:32:27", "elapsed": 56.979487, "delta": 0.765703}}
{"target": -3.103221868646867, "params": {"C": 1.063961330964544, "epsilon": 0.06381449498814877, "gamma": 8.370195069147664}, "datetime": {"datetime": "2021-08-25 14:32:28", "elapsed": 57.721043, "delta": 0.741556}}
{"target": -3.034052967936966, "params": {"C": 1.4826203557417932, "epsilon": 0.08944777189251477, "gamma": 3.218759465331389}, "datetime": {"datetime": "2021-08-25 14:32:29", "elapsed": 58.635092, "delta": 0.914049}}
{"target": -3.4004928767417923, "params": {"C": 1.4378908078398034, "epsilon": 0.07223882035296658, "gamma": 9.259392352477825}, "datetime": {"datetime": "2021-08-25 14:32:30", "elapsed": 59.16836, "delta": 0.533268}}
{"target": -3.0936321773603326, "params": {"C": 8.311399470639028, "epsilon": 0.07530238577569354, "gamma": 0.43966621373741943}, "datetime": {"datetime": "2021-08-25 14:32:30", "elapsed": 59.972393, "delta": 0.804033}}
{"target": -2.8776172317509987, "params": {"C": 1.0587077227082178, "epsilon": 0.07820907156429012, "gamma": 8.418501330732072}, "datetime": {"datetime": "2021-08-25 14:32:31", "elapsed": 61.042392, "delta": 1.069999}}
{"target": -3.3895687860781685, "params": {"C": 7.017899953054087, "epsilon": 0.07227946004564424, "gamma": 1.3938079953945084}, "datetime": {"datetime": "2021-08-25 14:32:32", "elapsed": 61.574922, "delta": 0.53253}}
{"target": -3.042131610569047, "params": {"C": 5.042003993041605, "epsilon": 0.06871013678395593, "gamma": 2.6110166602142244}, "datetime": {"datetime": "2021-08-25 14:32:33", "elapsed": 62.100927, "delta": 0.526005}}
{"target": -3.2230258685322712, "params": {"C": 0.31013643420490866, "epsilon": 0.06244096757978797, "gamma": 8.497577138957983}, "datetime": {"datetime": "2021-08-25 14:32:33", "elapsed": 63.040922, "delta": 0.939995}}
{"target": -2.7470227464338555, "params": {"C": 2.640685932628106, "epsilon": 0.08767754426304031, "gamma": 7.382114525312841}, "datetime": {"datetime": "2021-08-25 14:32:34", "elapsed": 63.523521, "delta": 0.482599}}
{"target": -3.3104517347279017, "params": {"C": 2.419673481437397, "epsilon": 0.06937331755311096, "gamma": 6.4680231545807745}, "datetime": {"datetime": "2021-08-25 14:32:34", "elapsed": 64.012088, "delta": 0.488567}}
{"target": -4.1210502829823765, "params": {"C": 9.924606412332944, "epsilon": 0.06770069840123444, "gamma": 5.320574976812954}, "datetime": {"datetime": "2021-08-25 14:32:35", "elapsed": 64.507685, "delta": 0.495597}}
{"target": -2.412357296672021, "params": {"C": 5.967656021447512, "epsilon": 0.0930766518789104, "gamma": 3.4001578765333016}, "datetime": {"datetime": "2021-08-25 14:32:35", "elapsed": 65.010685, "delta": 0.503}}
{"target": -2.734339331745939, "params": {"C": 6.745043187815468, "epsilon": 0.08854201624365363, "gamma": 4.071144141988632}, "datetime": {"datetime": "2021-08-25 14:32:36", "elapsed": 65.746826, "delta": 0.736141}}
{"target": -3.778056387662352, "params": {"C": 0.28230267386475355, "epsilon": 0.07123419203022374, "gamma": 8.477336924037305}, "datetime": {"datetime": "2021-08-25 14:32:37", "elapsed": 66.613826, "delta": 0.867}}
{"target": -3.0834329095684407, "params": {"C": 1.0131907675267566, "epsilon": 0.06215693476185644, "gamma": 8.393269487245107}, "datetime": {"datetime": "2021-08-25 14:32:38", "elapsed": 67.758826, "delta": 1.145}}
{"target": -3.0551243358571787, "params": {"C": 4.9183708667315145, "epsilon": 0.09333787111659994, "gamma": 9.779227300021043}, "datetime": {"datetime": "2021-08-25 14:32:39", "elapsed": 68.41083, "delta": 0.652004}}
{"target": -2.9600035183675133, "params": {"C": 8.500564056369084, "epsilon": 0.06590530971667652, "gamma": 4.803357265478263}, "datetime": {"datetime": "2021-08-25 14:32:40", "elapsed": 69.079832, "delta": 0.669002}}
{"target": -2.507468841716759, "params": {"C": 0.5881834511170159, "epsilon": 0.08233942323045204, "gamma": 5.948408402672287}, "datetime": {"datetime": "2021-08-25 14:32:40", "elapsed": 69.650637, "delta": 0.570805}}
