{"target": -4.392921727866117, "params": {"C": 4.176049826978714, "epsilon": 0.07482920440979424, "gamma": 0.011142604425275418}, "datetime": {"datetime": "2021-08-25 17:30:09", "elapsed": 0.0, "delta": 0.0}}
{"target": -3.8443324851587994, "params": {"C": 3.0303024005920793, "epsilon": 0.023208030173540176, "gamma": 0.9324625617402901}, "datetime": {"datetime": "2021-08-25 17:30:18", "elapsed": 8.817192, "delta": 8.817192}}
{"target": -3.732444933496599, "params": {"C": 1.8707395116629324, "epsilon": 0.0411004654338743, "gamma": 3.9737070675643924}, "datetime": {"datetime": "2021-08-25 17:30:25", "elapsed": 16.549072, "delta": 7.73188}}
{"target": -6.506252457328932, "params": {"C": 5.392779172693536, "epsilon": 0.04772750629629654, "gamma": 6.855342808963627}, "datetime": {"datetime": "2021-08-25 17:30:33", "elapsed": 24.198144, "delta": 7.649072}}
{"target": -3.750705612818317, "params": {"C": 2.052477974817859, "epsilon": 0.08903056927518509, "gamma": 0.2836020560472824}, "datetime": {"datetime": "2021-08-25 17:30:40", "elapsed": 31.575771, "delta": 7.377627}}
{"target": -5.75844221326106, "params": {"C": 6.707970426682238, "epsilon": 0.047557432213041435, "gamma": 5.591311386173059}, "datetime": {"datetime": "2021-08-25 17:30:48", "elapsed": 39.453681, "delta": 7.87791}}
{"target": -5.065996299066472, "params": {"C": 1.4124655165663853, "epsilon": 0.02782913401763909, "gamma": 8.009438241068612}, "datetime": {"datetime": "2021-08-25 17:30:56", "elapsed": 47.042259, "delta": 7.588578}}
{"target": -4.923329956780403, "params": {"C": 9.68293314143678, "epsilon": 0.03820817603433186, "gamma": 6.926302930536448}, "datetime": {"datetime": "2021-08-25 17:31:03", "elapsed": 54.519942, "delta": 7.477683}}
{"target": -3.9850576123935952, "params": {"C": 8.765127631437423, "epsilon": 0.09051459971534627, "gamma": 0.8595916715840813}, "datetime": {"datetime": "2021-08-25 17:31:11", "elapsed": 62.41483, "delta": 7.894888}}
{"target": -3.8298155486637424, "params": {"C": 0.4001572844964948, "epsilon": 0.025284737760811204, "gamma": 8.782643609259837}, "datetime": {"datetime": "2021-08-25 17:31:17", "elapsed": 68.31136, "delta": 5.89653}}
{"target": -4.429663444119751, "params": {"C": 0.01, "epsilon": 0.01, "gamma": 2.277809015688987}, "datetime": {"datetime": "2021-08-25 17:31:22", "elapsed": 73.286682, "delta": 4.975322}}
{"target": -3.4661380216024766, "params": {"C": 0.01, "epsilon": 0.1, "gamma": 10.0}, "datetime": {"datetime": "2021-08-25 17:31:27", "elapsed": 78.457319, "delta": 5.170637}}
{"target": -3.94438905870304, "params": {"C": 10.0, "epsilon": 0.1, "gamma": 3.067324003302392}, "datetime": {"datetime": "2021-08-25 17:31:35", "elapsed": 86.657309, "delta": 8.19999}}
{"target": -5.143091393748417, "params": {"C": 10.0, "epsilon": 0.1, "gamma": 10.0}, "datetime": {"datetime": "2021-08-25 17:31:44", "elapsed": 95.525888, "delta": 8.868579}}
{"target": -3.4721848301358715, "params": {"C": 0.01054878125815732, "epsilon": 0.02977177792197286, "gamma": 5.284859760250981}, "datetime": {"datetime": "2021-08-25 17:31:49", "elapsed": 100.583278, "delta": 5.05739}}
{"target": -4.422335191982935, "params": {"C": 10.0, "epsilon": 0.01, "gamma": 0.01}, "datetime": {"datetime": "2021-08-25 17:31:58", "elapsed": 109.617613, "delta": 9.034335}}
{"target": -3.7697144151370736, "params": {"C": 6.4791685076397885, "epsilon": 0.01, "gamma": 2.135144344764739}, "datetime": {"datetime": "2021-08-25 17:32:06", "elapsed": 117.631962, "delta": 8.014349}}
{"target": -3.741581055531045, "params": {"C": 3.9910782231137816, "epsilon": 0.1, "gamma": 2.9365145807664828}, "datetime": {"datetime": "2021-08-25 17:32:14", "elapsed": 125.368427, "delta": 7.736465}}
{"target": -3.458745418070079, "params": {"C": 0.01, "epsilon": 0.1, "gamma": 6.8678819094155905}, "datetime": {"datetime": "2021-08-25 17:32:19", "elapsed": 130.691098, "delta": 5.322671}}
{"target": -6.4898012978951956, "params": {"C": 0.01, "epsilon": 0.1, "gamma": 0.010000000000000009}, "datetime": {"datetime": "2021-08-25 17:32:24", "elapsed": 135.446708, "delta": 4.75561}}
{"target": -4.420822630871663, "params": {"C": 6.874187517010311, "epsilon": 0.08733492644919202, "gamma": 0.01265558726122027}, "datetime": {"datetime": "2021-08-25 17:32:34", "elapsed": 144.867667, "delta": 9.420959}}
{"target": -3.7109244785590474, "params": {"C": 8.13026731629318, "epsilon": 0.01, "gamma": 2.911250215647386}, "datetime": {"datetime": "2021-08-25 17:32:42", "elapsed": 152.952025, "delta": 8.084358}}
{"target": -3.806763257170313, "params": {"C": 2.0701387537252147, "epsilon": 0.08521576098331236, "gamma": 2.3853488940035223}, "datetime": {"datetime": "2021-08-25 17:32:49", "elapsed": 160.453067, "delta": 7.501042}}
{"target": -3.9915075725760385, "params": {"C": 0.01, "epsilon": 0.1, "gamma": 3.9457616284181904}, "datetime": {"datetime": "2021-08-25 17:32:54", "elapsed": 165.509379, "delta": 5.056312}}
{"target": -3.747705614424163, "params": {"C": 1.2194598831741028, "epsilon": 0.08713539727869964, "gamma": 5.488092123993536}, "datetime": {"datetime": "2021-08-25 17:33:01", "elapsed": 172.590702, "delta": 7.081323}}
{"target": -5.656585054399579, "params": {"C": 9.988464333424876, "epsilon": 0.08905843654702869, "gamma": 4.724648905467181}, "datetime": {"datetime": "2021-08-25 17:33:10", "elapsed": 181.132188, "delta": 8.541486}}
{"target": -3.7509512277906527, "params": {"C": 9.936923754025536, "epsilon": 0.08291149766446788, "gamma": 1.7441856811274314}, "datetime": {"datetime": "2021-08-25 17:33:19", "elapsed": 189.75144, "delta": 8.619252}}
{"target": -4.5795185544857535, "params": {"C": 6.607610512995152, "epsilon": 0.01, "gamma": 10.0}, "datetime": {"datetime": "2021-08-25 17:33:27", "elapsed": 197.813008, "delta": 8.061568}}
{"target": -4.535192531319486, "params": {"C": 3.371913719735178, "epsilon": 0.1, "gamma": 10.0}, "datetime": {"datetime": "2021-08-25 17:33:34", "elapsed": 205.471274, "delta": 7.658266}}
{"target": -3.6991855257167137, "params": {"C": 5.58228335174048, "epsilon": 0.01, "gamma": 3.331340451759263}, "datetime": {"datetime": "2021-08-25 17:33:42", "elapsed": 213.487517, "delta": 8.016243}}
{"target": -3.905284589112792, "params": {"C": 3.4546442829540354, "epsilon": 0.01, "gamma": 4.366486793808473}, "datetime": {"datetime": "2021-08-25 17:33:50", "elapsed": 221.371818, "delta": 7.884301}}
{"target": -4.838007149455194, "params": {"C": 0.945373313643531, "epsilon": 0.06493530497994147, "gamma": 9.993442461218546}, "datetime": {"datetime": "2021-08-25 17:33:59", "elapsed": 229.899725, "delta": 8.527907}}
{"target": -3.84075505512257, "params": {"C": 5.012488170238864, "epsilon": 0.03572329183081148, "gamma": 1.9657192871566818}, "datetime": {"datetime": "2021-08-25 17:34:08", "elapsed": 239.522598, "delta": 9.622873}}
{"target": -3.4791307465911707, "params": {"C": 0.01976221934441283, "epsilon": 0.042202009089140964, "gamma": 8.03215573570185}, "datetime": {"datetime": "2021-08-25 17:34:14", "elapsed": 245.3751, "delta": 5.852502}}
{"target": -3.7647703753328434, "params": {"C": 8.868261025162811, "epsilon": 0.01, "gamma": 2.1837832536086847}, "datetime": {"datetime": "2021-08-25 17:34:23", "elapsed": 253.933379, "delta": 8.558279}}
{"target": -3.431041320757729, "params": {"C": 0.01, "epsilon": 0.1, "gamma": 9.170591930997134}, "datetime": {"datetime": "2021-08-25 17:34:28", "elapsed": 259.011056, "delta": 5.077677}}
{"target": -3.681415559861781, "params": {"C": 6.956009944935932, "epsilon": 0.09678294978973806, "gamma": 3.190137617267753}, "datetime": {"datetime": "2021-08-25 17:34:36", "elapsed": 267.507219, "delta": 8.496163}}
{"target": -3.4848447766608945, "params": {"C": 0.01, "epsilon": 0.01, "gamma": 6.063154307845137}, "datetime": {"datetime": "2021-08-25 17:34:41", "elapsed": 272.701624, "delta": 5.194405}}
{"target": -4.479567865190224, "params": {"C": 4.913592674501283, "epsilon": 0.1, "gamma": 10.0}, "datetime": {"datetime": "2021-08-25 17:34:50", "elapsed": 280.723861, "delta": 8.022237}}
{"target": -3.746949861144397, "params": {"C": 7.5734998930101165, "epsilon": 0.09920400053027872, "gamma": 1.9647223338047484}, "datetime": {"datetime": "2021-08-25 17:34:58", "elapsed": 288.84529, "delta": 8.121429}}
{"target": -3.7473777808739577, "params": {"C": 2.870197256553693, "epsilon": 0.01, "gamma": 3.343385123573122}, "datetime": {"datetime": "2021-08-25 17:35:05", "elapsed": 296.293047, "delta": 7.447757}}
{"target": -4.433816703487718, "params": {"C": 2.6621216847434375, "epsilon": 0.08208176936203182, "gamma": 0.030778678675030764}, "datetime": {"datetime": "2021-08-25 17:35:13", "elapsed": 304.150627, "delta": 7.85758}}
{"target": -3.8417008165520934, "params": {"C": 1.8394575010733925, "epsilon": 0.0864963861141281, "gamma": 1.226015631703556}, "datetime": {"datetime": "2021-08-25 17:35:20", "elapsed": 311.644434, "delta": 7.493807}}
{"target": -3.8458875436405258, "params": {"C": 3.4126932187840904, "epsilon": 0.014488946686893463, "gamma": 1.9520395347342887}, "datetime": {"datetime": "2021-08-25 17:35:28", "elapsed": 319.345594, "delta": 7.70116}}
{"target": -3.7151842227941456, "params": {"C": 0.814956588736444, "epsilon": 0.01, "gamma": 4.682422245044373}, "datetime": {"datetime": "2021-08-25 17:35:35", "elapsed": 325.891759, "delta": 6.546165}}
{"target": -3.856360715798101, "params": {"C": 2.4441269938212904, "epsilon": 0.099867975597031, "gamma": 5.0497684625631365}, "datetime": {"datetime": "2021-08-25 17:35:43", "elapsed": 333.992344, "delta": 8.100585}}
{"target": -3.8803005363326726, "params": {"C": 5.472831621744318, "epsilon": 0.1, "gamma": 0.7628487352563392}, "datetime": {"datetime": "2021-08-25 17:35:52", "elapsed": 343.562897, "delta": 9.570553}}
{"target": -3.864526467393138, "params": {"C": 4.680464492620696, "epsilon": 0.1, "gamma": 3.86135545375542}, "datetime": {"datetime": "2021-08-25 17:36:01", "elapsed": 351.710171, "delta": 8.147274}}
{"target": -3.798097344555245, "params": {"C": 1.1492938493671079, "epsilon": 0.1, "gamma": 3.1047631761821886}, "datetime": {"datetime": "2021-08-25 17:36:10", "elapsed": 361.378683, "delta": 9.668512}}
{"target": -3.4406463427548344, "params": {"C": 0.011773600481542775, "epsilon": 0.05252534550894117, "gamma": 8.531432748676483}, "datetime": {"datetime": "2021-08-25 17:36:17", "elapsed": 368.383608, "delta": 7.004925}}
{"target": -3.452969117960499, "params": {"C": 0.01, "epsilon": 0.01, "gamma": 9.588970409027159}, "datetime": {"datetime": "2021-08-25 17:36:26", "elapsed": 377.440264, "delta": 9.056656}}
{"target": -3.6478195621744356, "params": {"C": 0.3356470462843511, "epsilon": 0.09096661520652588, "gamma": 5.551324957665863}, "datetime": {"datetime": "2021-08-25 17:36:36", "elapsed": 387.542092, "delta": 10.101828}}
{"target": -4.478203872030061, "params": {"C": 8.335160219498903, "epsilon": 0.01, "gamma": 8.606509495614384}, "datetime": {"datetime": "2021-08-25 17:36:45", "elapsed": 396.674812, "delta": 9.13272}}
{"target": -3.5514962553623617, "params": {"C": 0.010470134169853719, "epsilon": 0.06431924636211338, "gamma": 7.413638040856416}, "datetime": {"datetime": "2021-08-25 17:36:51", "elapsed": 402.280479, "delta": 5.605667}}
{"target": -4.003615690155042, "params": {"C": 4.32089841515852, "epsilon": 0.1, "gamma": 1.1800874907279033}, "datetime": {"datetime": "2021-08-25 17:37:00", "elapsed": 410.957642, "delta": 8.677163}}
{"target": -3.7577936072679856, "params": {"C": 5.0056416518736135, "epsilon": 0.1, "gamma": 2.927568629088557}, "datetime": {"datetime": "2021-08-25 17:37:08", "elapsed": 419.025984, "delta": 8.068342}}
{"target": -3.831389044720821, "params": {"C": 7.339379697557432, "epsilon": 0.01, "gamma": 2.648846318622569}, "datetime": {"datetime": "2021-08-25 17:37:17", "elapsed": 428.697172, "delta": 9.671188}}
{"target": -3.944914524380885, "params": {"C": 7.875035449578691, "epsilon": 0.08895163883848459, "gamma": 3.7493992562123792}, "datetime": {"datetime": "2021-08-25 17:37:26", "elapsed": 437.384885, "delta": 8.687713}}
{"target": -3.9101984211790604, "params": {"C": 6.68305823558378, "epsilon": 0.1, "gamma": 1.230307352453548}, "datetime": {"datetime": "2021-08-25 17:37:35", "elapsed": 446.223052, "delta": 8.838167}}
{"target": -3.449384500206601, "params": {"C": 0.01, "epsilon": 0.01, "gamma": 6.637461524352461}, "datetime": {"datetime": "2021-08-25 17:37:41", "elapsed": 452.408272, "delta": 6.18522}}
{"target": -3.820338414087618, "params": {"C": 6.076240492162794, "epsilon": 0.1, "gamma": 2.8564525170630697}, "datetime": {"datetime": "2021-08-25 17:37:50", "elapsed": 461.297743, "delta": 8.889471}}
{"target": -3.9351444308581085, "params": {"C": 6.390458987965805, "epsilon": 0.023167352183521936, "gamma": 3.818595940956805}, "datetime": {"datetime": "2021-08-25 17:37:59", "elapsed": 470.260374, "delta": 8.962631}}
{"target": -3.678311268212594, "params": {"C": 9.071455366080837, "epsilon": 0.09553516630571256, "gamma": 2.876377102826235}, "datetime": {"datetime": "2021-08-25 17:38:12", "elapsed": 483.651637, "delta": 13.391263}}
{"target": -3.4457998361563575, "params": {"C": 0.01, "epsilon": 0.1, "gamma": 9.614184244466948}, "datetime": {"datetime": "2021-08-25 17:38:21", "elapsed": 492.482041, "delta": 8.830404}}
{"target": -3.4960847205103387, "params": {"C": 0.021348797452555014, "epsilon": 0.09798384070501462, "gamma": 4.925408947416058}, "datetime": {"datetime": "2021-08-25 17:38:32", "elapsed": 503.356986, "delta": 10.874945}}
{"target": -3.694722637385775, "params": {"C": 0.3391955902795052, "epsilon": 0.1, "gamma": 6.587241058573389}, "datetime": {"datetime": "2021-08-25 17:38:45", "elapsed": 516.572741, "delta": 13.215755}}
{"target": -3.4901645584604757, "params": {"C": 0.01, "epsilon": 0.1, "gamma": 8.307929465669257}, "datetime": {"datetime": "2021-08-25 17:38:52", "elapsed": 522.799791, "delta": 6.22705}}
{"target": -3.8061386801900703, "params": {"C": 1.658232848204618, "epsilon": 0.051001258835306686, "gamma": 4.811630035099431}, "datetime": {"datetime": "2021-08-25 17:39:00", "elapsed": 531.146982, "delta": 8.347191}}
{"target": -3.47418346459277, "params": {"C": 0.01, "epsilon": 0.1, "gamma": 5.5866660805493416}, "datetime": {"datetime": "2021-08-25 17:39:07", "elapsed": 538.677058, "delta": 7.530076}}
{"target": -3.6209785916574915, "params": {"C": 2.2829811824556643, "epsilon": 0.01, "gamma": 0.8647865132426957}, "datetime": {"datetime": "2021-08-25 17:39:18", "elapsed": 549.423872, "delta": 10.746814}}
{"target": -3.4917085579339284, "params": {"C": 0.018526573788697306, "epsilon": 0.02337646879084863, "gamma": 8.778852343589318}, "datetime": {"datetime": "2021-08-25 17:39:25", "elapsed": 555.91697, "delta": 6.493098}}
{"target": -4.86035774242021, "params": {"C": 8.15173148557256, "epsilon": 0.1, "gamma": 10.0}, "datetime": {"datetime": "2021-08-25 17:39:34", "elapsed": 564.801568, "delta": 8.884598}}
{"target": -4.713151809373033, "params": {"C": 2.4696789916796242, "epsilon": 0.01, "gamma": 6.1339619170823}, "datetime": {"datetime": "2021-08-25 17:39:42", "elapsed": 573.316945, "delta": 8.515377}}
{"target": -4.4669088783932365, "params": {"C": 10.0, "epsilon": 0.1, "gamma": 8.305370534770892}, "datetime": {"datetime": "2021-08-25 17:39:52", "elapsed": 583.655332, "delta": 10.338387}}
{"target": -3.849942611270581, "params": {"C": 9.973281419386572, "epsilon": 0.048618686707300955, "gamma": 2.4259963899243973}, "datetime": {"datetime": "2021-08-25 17:40:02", "elapsed": 593.023599, "delta": 9.368267}}
{"target": -3.7730107350034277, "params": {"C": 2.6487969248553163, "epsilon": 0.1, "gamma": 4.140796356270122}, "datetime": {"datetime": "2021-08-25 17:40:11", "elapsed": 601.991674, "delta": 8.968075}}
{"target": -3.947386310613607, "params": {"C": 2.6127871077850386, "epsilon": 0.1, "gamma": 1.5485843731450988}, "datetime": {"datetime": "2021-08-25 17:40:20", "elapsed": 610.926578, "delta": 8.934904}}
{"target": -3.736991537829907, "params": {"C": 1.9697954562826343, "epsilon": 0.02180182994677288, "gamma": 3.1228829362218025}, "datetime": {"datetime": "2021-08-25 17:40:28", "elapsed": 618.770209, "delta": 7.843631}}
{"target": -3.4503868217850098, "params": {"C": 0.01, "epsilon": 0.1, "gamma": 6.393061207047197}, "datetime": {"datetime": "2021-08-25 17:40:33", "elapsed": 624.556157, "delta": 5.785948}}
{"target": -3.901134587457627, "params": {"C": 7.838615922286005, "epsilon": 0.01, "gamma": 1.2073553164448436}, "datetime": {"datetime": "2021-08-25 17:40:45", "elapsed": 635.837587, "delta": 11.28143}}
{"target": -3.49592724282156, "params": {"C": 0.01, "epsilon": 0.01, "gamma": 8.359328219084444}, "datetime": {"datetime": "2021-08-25 17:40:50", "elapsed": 641.685641, "delta": 5.848054}}
{"target": -4.446302833010283, "params": {"C": 5.4407349072622875, "epsilon": 0.09989832452521108, "gamma": 0.011159777148661582}, "datetime": {"datetime": "2021-08-25 17:41:00", "elapsed": 651.593571, "delta": 9.90793}}
{"target": -3.8351051748091898, "params": {"C": 5.797190164462082, "epsilon": 0.01, "gamma": 1.5589667346631622}, "datetime": {"datetime": "2021-08-25 17:41:09", "elapsed": 660.455903, "delta": 8.862332}}
{"target": -4.4185628435062805, "params": {"C": 8.310058895679035, "epsilon": 0.1, "gamma": 0.01}, "datetime": {"datetime": "2021-08-25 17:41:19", "elapsed": 670.382732, "delta": 9.926829}}
{"target": -3.8945168862037556, "params": {"C": 1.2422965861370625, "epsilon": 0.01, "gamma": 2.291960141337264}, "datetime": {"datetime": "2021-08-25 17:41:27", "elapsed": 678.252001, "delta": 7.869269}}
{"target": -3.850201951795714, "params": {"C": 3.708363850846453, "epsilon": 0.028828927033044606, "gamma": 3.565332254737833}, "datetime": {"datetime": "2021-08-25 17:41:36", "elapsed": 687.405262, "delta": 9.153261}}
{"target": -3.8943792888283606, "params": {"C": 10.0, "epsilon": 0.1, "gamma": 1.0322658374836005}, "datetime": {"datetime": "2021-08-25 17:41:46", "elapsed": 696.736083, "delta": 9.330821}}
{"target": -3.9474192943126796, "params": {"C": 8.755078920570435, "epsilon": 0.01, "gamma": 3.421112014936931}, "datetime": {"datetime": "2021-08-25 17:41:55", "elapsed": 705.749934, "delta": 9.013851}}
{"target": -3.4276838387557866, "params": {"C": 1.7575983707153073, "epsilon": 0.01, "gamma": 0.6207304172720264}, "datetime": {"datetime": "2021-08-25 17:42:02", "elapsed": 713.56079, "delta": 7.810856}}
{"target": -3.5019016761708337, "params": {"C": 1.5022451521614948, "epsilon": 0.01352580947824161, "gamma": 0.4324328098469524}, "datetime": {"datetime": "2021-08-25 17:42:10", "elapsed": 721.698846, "delta": 8.138056}}
{"target": -3.4166173864059157, "params": {"C": 1.4474151564894318, "epsilon": 0.01, "gamma": 0.7541415715812935}, "datetime": {"datetime": "2021-08-25 17:42:19", "elapsed": 729.767372, "delta": 8.068526}}
{"target": -3.4359237996092986, "params": {"C": 1.5166796033839256, "epsilon": 0.09837126614538164, "gamma": 0.6485500444071404}, "datetime": {"datetime": "2021-08-25 17:42:28", "elapsed": 739.545878, "delta": 9.778506}}
{"target": -3.7291138473636964, "params": {"C": 2.963814791810625, "epsilon": 0.01, "gamma": 2.6274239069511847}, "datetime": {"datetime": "2021-08-25 17:42:37", "elapsed": 747.743565, "delta": 8.197687}}
{"target": -3.4336919007369016, "params": {"C": 1.4895301430583812, "epsilon": 0.010618298168983955, "gamma": 0.6701339735997767}, "datetime": {"datetime": "2021-08-25 17:42:45", "elapsed": 756.119737, "delta": 8.376172}}
{"target": -3.5415503724030803, "params": {"C": 0.9281988359112956, "epsilon": 0.1, "gamma": 1.2557073028539505}, "datetime": {"datetime": "2021-08-25 17:42:53", "elapsed": 764.267008, "delta": 8.147271}}
{"target": -3.5180753704005827, "params": {"C": 1.1804552679501688, "epsilon": 0.05905921914969073, "gamma": 0.9852717949313217}, "datetime": {"datetime": "2021-08-25 17:43:02", "elapsed": 772.96839, "delta": 8.701382}}
{"target": -4.466694579563309, "params": {"C": 6.914436337894016, "epsilon": 0.1, "gamma": 8.591877653818003}, "datetime": {"datetime": "2021-08-25 17:43:13", "elapsed": 783.965365, "delta": 10.996975}}
{"target": -3.725252356759426, "params": {"C": 1.063252026168601, "epsilon": 0.1, "gamma": 3.929121825738174}, "datetime": {"datetime": "2021-08-25 17:43:22", "elapsed": 793.585372, "delta": 9.620007}}
{"target": -4.879131551238902, "params": {"C": 8.067894379691129, "epsilon": 0.08298470907176217, "gamma": 7.341551076408904}, "datetime": {"datetime": "2021-08-25 17:43:34", "elapsed": 804.947651, "delta": 11.362279}}
{"target": -4.890600773697515, "params": {"C": 4.079020939953118, "epsilon": 0.01, "gamma": 8.827356811174477}, "datetime": {"datetime": "2021-08-25 17:43:45", "elapsed": 816.2587, "delta": 11.311049}}
{"target": -3.741145935298035, "params": {"C": 0.8683050226751797, "epsilon": 0.01, "gamma": 1.6285348363497707}, "datetime": {"datetime": "2021-08-25 17:43:54", "elapsed": 825.065277, "delta": 8.806577}}
{"target": -3.8066829748152555, "params": {"C": 9.335184254053635, "epsilon": 0.09805444689873855, "gamma": 1.6260305824278842}, "datetime": {"datetime": "2021-08-25 17:44:05", "elapsed": 835.894017, "delta": 10.82874}}
{"target": -3.74349014461556, "params": {"C": 8.275143774855017, "epsilon": 0.1, "gamma": 1.8959437361805032}, "datetime": {"datetime": "2021-08-25 17:44:17", "elapsed": 848.261518, "delta": 12.367501}}
{"target": -3.735072360991017, "params": {"C": 4.225330518116379, "epsilon": 0.018343652935389938, "gamma": 2.3121232984959987}, "datetime": {"datetime": "2021-08-25 17:44:26", "elapsed": 857.452144, "delta": 9.190626}}
{"target": -3.515554533749468, "params": {"C": 1.5740661090719212, "epsilon": 0.01, "gamma": 0.8498551545787776}, "datetime": {"datetime": "2021-08-25 17:44:35", "elapsed": 865.893685, "delta": 8.441541}}
{"target": -4.723466115091471, "params": {"C": 4.0951840460563655, "epsilon": 0.1, "gamma": 5.1382323170094875}, "datetime": {"datetime": "2021-08-25 17:44:43", "elapsed": 874.655646, "delta": 8.761961}}
