{"target": -10.412971685955759, "params": {"C": 0.7015055792114595, "epsilon": 3.1833967330409996, "gamma": 2.141052128675043}, "datetime": {"datetime": "2021-08-25 14:19:13", "elapsed": 81.987579, "delta": 1.53617}}
{"target": -10.412971685954732, "params": {"C": 1.484927282113074, "epsilon": 19.736526255020618, "gamma": 0.12115066455707658}, "datetime": {"datetime": "2021-08-25 14:19:15", "elapsed": 83.528223, "delta": 1.540644}}
{"target": -10.412971685954732, "params": {"C": 0.6363751314588423, "epsilon": 19.821148426786333, "gamma": 0.2515087076382307}, "datetime": {"datetime": "2021-08-25 14:19:16", "elapsed": 85.369144, "delta": 1.840921}}
{"target": -10.412971685955759, "params": {"C": 1.7243341626493514, "epsilon": 2.861911376487803, "gamma": 8.74901965245642}, "datetime": {"datetime": "2021-08-25 14:19:18", "elapsed": 86.881358, "delta": 1.512214}}
{"target": -10.412971685955759, "params": {"C": 0.7106122751693277, "epsilon": 5.299905018519778, "gamma": 9.81362812187261}, "datetime": {"datetime": "2021-08-25 14:19:20", "elapsed": 88.697359, "delta": 1.816001}}
{"target": -10.412971685956792, "params": {"C": 9.01805046084098, "epsilon": 19.63606966214269, "gamma": 0.3119791765046628}, "datetime": {"datetime": "2021-08-25 14:19:21", "elapsed": 90.26122, "delta": 1.563861}}
{"target": -10.412971685955759, "params": {"C": 3.8130045233061374, "epsilon": 2.4347897000699, "gamma": 0.4173604504767458}, "datetime": {"datetime": "2021-08-25 14:19:23", "elapsed": 91.657798, "delta": 1.396578}}
{"target": -16.33039269252559, "params": {"C": 4.176049826978714, "epsilon": 0.07231212485077365, "gamma": 0.011142604425275418}, "datetime": {"datetime": "2021-08-25 14:22:34", "elapsed": 0.0, "delta": 0.0}}
{"target": -4.1140280254837105, "params": {"C": 3.0303024005920793, "epsilon": 0.015528833190894192, "gamma": 0.9324625617402901}, "datetime": {"datetime": "2021-08-25 14:22:34", "elapsed": 0.096, "delta": 0.096}}
{"target": -3.788670737341123, "params": {"C": 1.8707395116629324, "epsilon": 0.03521051197726173, "gamma": 3.9737070675643924}, "datetime": {"datetime": "2021-08-25 14:22:34", "elapsed": 0.178047, "delta": 0.082047}}
{"target": -4.643134797477558, "params": {"C": 5.392779172693536, "epsilon": 0.04250025692592619, "gamma": 6.855342808963627}, "datetime": {"datetime": "2021-08-25 14:22:35", "elapsed": 0.280042, "delta": 0.101995}}
{"target": -8.734688369464772, "params": {"C": 2.052477974817859, "epsilon": 0.0879336262027036, "gamma": 0.2836020560472824}, "datetime": {"datetime": "2021-08-25 14:22:35", "elapsed": 0.341007, "delta": 0.060965}}
{"target": -4.900234370697697, "params": {"C": 3.76464540383569, "epsilon": 0.07919797496757655, "gamma": 7.746724551931922}, "datetime": {"datetime": "2021-08-25 14:22:35", "elapsed": 0.445046, "delta": 0.104039}}
{"target": -2.825306265681372, "params": {"C": 5.327656223970998, "epsilon": 0.0789510168714889, "gamma": 1.7572487500596718}, "datetime": {"datetime": "2021-08-25 14:22:35", "elapsed": 0.54979, "delta": 0.104744}}
{"target": -4.749318279805213, "params": {"C": 5.962486006175895, "epsilon": 0.026841465921766172, "gamma": 7.4698222706107025}, "datetime": {"datetime": "2021-08-25 14:22:35", "elapsed": 0.721267, "delta": 0.171477}}
{"target": -4.1153646827737935, "params": {"C": 2.282873531366648, "epsilon": 0.016403409741433526, "gamma": 9.473561476260901}, "datetime": {"datetime": "2021-08-25 14:22:35", "elapsed": 0.887264, "delta": 0.165997}}
{"target": -3.1524933481789947, "params": {"C": 7.26529795829339, "epsilon": 0.07313258937121851, "gamma": 1.9549334355069294}, "datetime": {"datetime": "2021-08-25 14:22:35", "elapsed": 1.096272, "delta": 0.209008}}
{"target": -2.910099198147379, "params": {"C": 5.482140600027941, "epsilon": 0.09120327907017307, "gamma": 1.8261970392962286}, "datetime": {"datetime": "2021-08-25 14:22:36", "elapsed": 1.430272, "delta": 0.334}}
{"target": -3.3693709232599094, "params": {"C": 9.554901299656542, "epsilon": 0.06674307016836273, "gamma": 4.7124991928925315}, "datetime": {"datetime": "2021-08-25 14:22:36", "elapsed": 1.609264, "delta": 0.178992}}
{"target": -4.118504682962477, "params": {"C": 4.892439901519784, "epsilon": 0.08427668869949513, "gamma": 9.790893699262126}, "datetime": {"datetime": "2021-08-25 14:22:36", "elapsed": 1.730306, "delta": 0.121042}}
{"target": -3.7250682613016903, "params": {"C": 5.271831983011372, "epsilon": 0.0022206572404737794, "gamma": 2.03745691905963}, "datetime": {"datetime": "2021-08-25 14:22:37", "elapsed": 2.525265, "delta": 0.794959}}
{"target": -4.093353868407772, "params": {"C": 5.512949129146353, "epsilon": 0.001, "gamma": 1.5032905695776488}, "datetime": {"datetime": "2021-08-25 14:22:37", "elapsed": 3.000507, "delta": 0.475242}}
{"target": -3.7174907582167513, "params": {"C": 6.774344147413909, "epsilon": 0.05524319322767019, "gamma": 3.8382595797156607}, "datetime": {"datetime": "2021-08-25 14:22:37", "elapsed": 3.145512, "delta": 0.145005}}
{"target": -3.8455994260264146, "params": {"C": 1.4161534490208225, "epsilon": 0.014798576132929488, "gamma": 3.1751547953936305}, "datetime": {"datetime": "2021-08-25 14:22:38", "elapsed": 3.331513, "delta": 0.186001}}
{"target": -3.437710283540865, "params": {"C": 2.7472646721645373, "epsilon": 0.07667049197874473, "gamma": 0.6780367511465472}, "datetime": {"datetime": "2021-08-25 14:22:38", "elapsed": 3.475549, "delta": 0.144036}}
{"target": -3.3361621865103617, "params": {"C": 7.060049458205627, "epsilon": 0.06207026318567614, "gamma": 2.169830239819263}, "datetime": {"datetime": "2021-08-25 14:22:38", "elapsed": 4.038512, "delta": 0.562963}}
{"target": -3.732339964661195, "params": {"C": 5.986038163763634, "epsilon": 0.012157503673640546, "gamma": 1.1766073217474338}, "datetime": {"datetime": "2021-08-25 14:22:38", "elapsed": 4.258555, "delta": 0.220043}}
{"target": -3.5822953036018594, "params": {"C": 6.140110360571657, "epsilon": 0.056181797668474795, "gamma": 6.53953313381478}, "datetime": {"datetime": "2021-08-25 14:22:39", "elapsed": 4.416506, "delta": 0.157951}}
{"target": -4.515916152242286, "params": {"C": 2.2793653070358655, "epsilon": 0.03604651446181193, "gamma": 9.498409489930042}, "datetime": {"datetime": "2021-08-25 14:22:39", "elapsed": 4.595513, "delta": 0.179007}}
{"target": -3.480460773619513, "params": {"C": 7.310926304162396, "epsilon": 0.08461110581748267, "gamma": 2.1773821993455322}, "datetime": {"datetime": "2021-08-25 14:22:39", "elapsed": 4.982462, "delta": 0.386949}}
{"target": -4.084038861374565, "params": {"C": 7.003521687814455, "epsilon": 0.005650978233258489, "gamma": 1.9144636967009354}, "datetime": {"datetime": "2021-08-25 14:22:40", "elapsed": 5.363317, "delta": 0.380855}}
{"target": -6.406119299664283, "params": {"C": 5.553618791423538, "epsilon": 0.1, "gamma": 2.0465422335944385}, "datetime": {"datetime": "2021-08-25 14:22:40", "elapsed": 5.716357, "delta": 0.35304}}
{"target": -2.7887802499019037, "params": {"C": 5.405229908770307, "epsilon": 0.07932577109591835, "gamma": 1.7164416655788601}, "datetime": {"datetime": "2021-08-25 14:22:41", "elapsed": 6.329315, "delta": 0.612958}}
{"target": -3.7915280082601672, "params": {"C": 2.3081180666468675, "epsilon": 0.007413894935869249, "gamma": 7.041418017704707}, "datetime": {"datetime": "2021-08-25 14:22:41", "elapsed": 6.526312, "delta": 0.196997}}
{"target": -3.646964010064166, "params": {"C": 5.393893684467065, "epsilon": 0.0339718492028648, "gamma": 1.827579019256816}, "datetime": {"datetime": "2021-08-25 14:22:41", "elapsed": 6.690318, "delta": 0.164006}}
{"target": -3.0768850123773364, "params": {"C": 5.255501747773003, "epsilon": 0.08298855906355976, "gamma": 1.649422201547528}, "datetime": {"datetime": "2021-08-25 14:22:41", "elapsed": 6.965496, "delta": 0.275178}}
{"target": -4.325238421609067, "params": {"C": 8.393647725562555, "epsilon": 0.04243253739181388, "gamma": 2.967933279566072}, "datetime": {"datetime": "2021-08-25 14:22:41", "elapsed": 7.151496, "delta": 0.186}}
{"target": -3.804933380946407, "params": {"C": 7.178974053015645, "epsilon": 0.0033345784566292734, "gamma": 2.0976687971042907}, "datetime": {"datetime": "2021-08-25 14:22:42", "elapsed": 7.436491, "delta": 0.284995}}
{"target": -3.833209776505268, "params": {"C": 5.573318490384792, "epsilon": 0.0086934805854758, "gamma": 1.738253723109186}, "datetime": {"datetime": "2021-08-25 14:22:42", "elapsed": 7.954495, "delta": 0.518004}}
{"target": -5.168170860039966, "params": {"C": 0.4394900528804721, "epsilon": 0.042071432555611625, "gamma": 0.06286281438056462}, "datetime": {"datetime": "2021-08-25 14:22:42", "elapsed": 8.11749, "delta": 0.162995}}
{"target": -6.191747945620859, "params": {"C": 5.16287483738379, "epsilon": 0.1, "gamma": 1.8032261258330198}, "datetime": {"datetime": "2021-08-25 14:22:43", "elapsed": 8.578485, "delta": 0.460995}}
{"target": -2.834914500641796, "params": {"C": 5.327372048945017, "epsilon": 0.07975058864848951, "gamma": 1.6270104276591288}, "datetime": {"datetime": "2021-08-25 14:22:43", "elapsed": 9.020263, "delta": 0.441778}}
{"target": -3.862923067900582, "params": {"C": 7.416264424143785, "epsilon": 0.01782506399343877, "gamma": 2.0294339100182714}, "datetime": {"datetime": "2021-08-25 14:22:44", "elapsed": 9.340302, "delta": 0.320039}}
{"target": -3.9500779403911586, "params": {"C": 1.0409806674282414, "epsilon": 0.006657737922607581, "gamma": 3.7027643213282073}, "datetime": {"datetime": "2021-08-25 14:22:44", "elapsed": 9.554265, "delta": 0.213963}}
{"target": -4.016265902272284, "params": {"C": 4.374786913831957, "epsilon": 0.02015377799589529, "gamma": 0.7669014926681228}, "datetime": {"datetime": "2021-08-25 14:22:44", "elapsed": 9.750258, "delta": 0.195993}}
{"target": -3.803221847320213, "params": {"C": 0.4312977469224724, "epsilon": 0.012566982484233054, "gamma": 5.022621714022705}, "datetime": {"datetime": "2021-08-25 14:22:44", "elapsed": 9.94936, "delta": 0.199102}}
{"target": -3.7145675732516565, "params": {"C": 5.345622007803007, "epsilon": 0.03820429858065542, "gamma": 1.6981724752093534}, "datetime": {"datetime": "2021-08-25 14:22:44", "elapsed": 10.196325, "delta": 0.246965}}
{"target": -3.8296738825698897, "params": {"C": 5.278453884420649, "epsilon": 0.023599450890849638, "gamma": 1.5390353277523394}, "datetime": {"datetime": "2021-08-25 14:22:45", "elapsed": 10.462317, "delta": 0.265992}}
{"target": -3.9003776952038507, "params": {"C": 7.302514442384622, "epsilon": 0.001, "gamma": 1.8677888586203708}, "datetime": {"datetime": "2021-08-25 14:22:45", "elapsed": 10.768658, "delta": 0.306341}}
{"target": -5.287585895486205, "params": {"C": 5.428303552117069, "epsilon": 0.0988818816118254, "gamma": 1.5781465528922263}, "datetime": {"datetime": "2021-08-25 14:22:45", "elapsed": 10.964639, "delta": 0.195981}}
{"target": -5.338956011989006, "params": {"C": 7.286528378439564, "epsilon": 0.09798551989290995, "gamma": 2.05467811899626}, "datetime": {"datetime": "2021-08-25 14:22:45", "elapsed": 11.236607, "delta": 0.271968}}
{"target": -2.8743915360629804, "params": {"C": 2.5547228368422306, "epsilon": 0.08470352026333994, "gamma": 1.3152615507798413}, "datetime": {"datetime": "2021-08-25 14:22:46", "elapsed": 11.424603, "delta": 0.187996}}
{"target": -4.1104367243926925, "params": {"C": 7.549481344322791, "epsilon": 0.024401276394403124, "gamma": 8.753153152752178}, "datetime": {"datetime": "2021-08-25 14:22:46", "elapsed": 11.695615, "delta": 0.271012}}
{"target": -3.5742074927420773, "params": {"C": 5.38026736897266, "epsilon": 0.0955488793751243, "gamma": 1.8183424775424242}, "datetime": {"datetime": "2021-08-25 14:22:46", "elapsed": 11.914609, "delta": 0.218994}}
{"target": -7.898354636773982, "params": {"C": 8.110588507092915, "epsilon": 0.07497736052283534, "gamma": 8.896394683489618}, "datetime": {"datetime": "2021-08-25 14:22:46", "elapsed": 12.140612, "delta": 0.226003}}
{"target": -4.388256015948062, "params": {"C": 5.968025089551432, "epsilon": 0.04712312367158894, "gamma": 9.886809045035559}, "datetime": {"datetime": "2021-08-25 14:22:47", "elapsed": 12.380648, "delta": 0.240036}}
{"target": -3.7388235946928297, "params": {"C": 2.4946451985128033, "epsilon": 0.052824874279460726, "gamma": 1.2969759465024795}, "datetime": {"datetime": "2021-08-25 14:22:47", "elapsed": 12.573651, "delta": 0.193003}}
{"target": -4.01307280341672, "params": {"C": 0.8442993102567661, "epsilon": 0.02102459883490562, "gamma": 2.985249656037235}, "datetime": {"datetime": "2021-08-25 14:22:47", "elapsed": 12.786847, "delta": 0.213196}}
{"target": -3.9919353781680647, "params": {"C": 0.675271634559356, "epsilon": 0.05135304954055305, "gamma": 1.0911064325551414}, "datetime": {"datetime": "2021-08-25 14:22:47", "elapsed": 12.987848, "delta": 0.201001}}
{"target": -3.785471497586511, "params": {"C": 3.595044287702614, "epsilon": 0.014094529279349108, "gamma": 4.445882247398549}, "datetime": {"datetime": "2021-08-25 14:22:47", "elapsed": 13.241854, "delta": 0.254006}}
{"target": -4.578029778019523, "params": {"C": 6.556558037119602, "epsilon": 0.025681081686349493, "gamma": 6.4320763799511145}, "datetime": {"datetime": "2021-08-25 14:22:48", "elapsed": 13.492888, "delta": 0.251034}}
{"target": -4.4730880220559115, "params": {"C": 9.919716540835605, "epsilon": 0.08592104235039295, "gamma": 9.047774546546906}, "datetime": {"datetime": "2021-08-25 14:22:48", "elapsed": 13.704843, "delta": 0.211955}}
{"target": -3.635084822483339, "params": {"C": 2.624085793179831, "epsilon": 0.05370288672676307, "gamma": 1.3069822106116595}, "datetime": {"datetime": "2021-08-25 14:22:48", "elapsed": 13.885937, "delta": 0.181094}}
{"target": -3.125474000834177, "params": {"C": 0.4316171220342944, "epsilon": 0.06610640252818313, "gamma": 9.911788746125021}, "datetime": {"datetime": "2021-08-25 14:22:48", "elapsed": 14.100972, "delta": 0.215035}}
{"target": -3.026393434884424, "params": {"C": 5.478689863873554, "epsilon": 0.0908625986997229, "gamma": 1.787950602361522}, "datetime": {"datetime": "2021-08-25 14:22:49", "elapsed": 14.326934, "delta": 0.225962}}
{"target": -3.087358944452914, "params": {"C": 1.0953090067411664, "epsilon": 0.0817258526486949, "gamma": 9.746549640850835}, "datetime": {"datetime": "2021-08-25 14:22:49", "elapsed": 14.525973, "delta": 0.199039}}
{"target": -4.025539947577452, "params": {"C": 8.71875254826141, "epsilon": 0.018680922023346067, "gamma": 4.193674156933775}, "datetime": {"datetime": "2021-08-25 14:22:49", "elapsed": 14.806759, "delta": 0.280786}}
{"target": -3.7828703898568365, "params": {"C": 0.7284024233956613, "epsilon": 0.016454617167699085, "gamma": 6.778053390765427}, "datetime": {"datetime": "2021-08-25 14:22:49", "elapsed": 15.05737, "delta": 0.250611}}
{"target": -3.836339336859417, "params": {"C": 7.178440126608215, "epsilon": 0.03196320318950553, "gamma": 1.9273386356575042}, "datetime": {"datetime": "2021-08-25 14:22:50", "elapsed": 15.337374, "delta": 0.280004}}
{"target": -4.781258558818, "params": {"C": 5.679846084874744, "epsilon": 0.028257212045354453, "gamma": 5.129286788917249}, "datetime": {"datetime": "2021-08-25 14:22:50", "elapsed": 15.593085, "delta": 0.255711}}
{"target": -3.7676721970660036, "params": {"C": 5.476904061185755, "epsilon": 0.013112273270001477, "gamma": 1.8097123540399978}, "datetime": {"datetime": "2021-08-25 14:22:50", "elapsed": 15.822045, "delta": 0.22896}}
{"target": -3.50439953463018, "params": {"C": 2.5804447613168513, "epsilon": 0.07440921137433174, "gamma": 6.613604863507273}, "datetime": {"datetime": "2021-08-25 14:22:50", "elapsed": 16.048085, "delta": 0.22604}}
{"target": -3.8772061341687314, "params": {"C": 0.17993535597950158, "epsilon": 0.03003890820023993, "gamma": 3.122881453898663}, "datetime": {"datetime": "2021-08-25 14:22:51", "elapsed": 16.271042, "delta": 0.222957}}
{"target": -3.749703358548296, "params": {"C": 0.871618919145686, "epsilon": 0.055173382514454784, "gamma": 1.4588646836538197}, "datetime": {"datetime": "2021-08-25 14:22:51", "elapsed": 16.481051, "delta": 0.210009}}
{"target": -3.718691665337558, "params": {"C": 1.0429070869872, "epsilon": 0.014236281430438837, "gamma": 9.71513448799111}, "datetime": {"datetime": "2021-08-25 14:22:51", "elapsed": 16.740181, "delta": 0.25913}}
{"target": -3.958484411123706, "params": {"C": 0.4576487710065069, "epsilon": 0.008923598807278249, "gamma": 9.842672192072953}, "datetime": {"datetime": "2021-08-25 14:22:51", "elapsed": 17.005311, "delta": 0.26513}}
{"target": -3.7031793627942227, "params": {"C": 2.5551999918018122, "epsilon": 0.03778879752921725, "gamma": 1.4115655679520995}, "datetime": {"datetime": "2021-08-25 14:22:51", "elapsed": 17.228324, "delta": 0.223013}}
{"target": -4.01730229827681, "params": {"C": 1.1075503960746598, "epsilon": 0.050321860448819256, "gamma": 9.828783760205846}, "datetime": {"datetime": "2021-08-25 14:22:52", "elapsed": 17.505324, "delta": 0.277}}
{"target": -7.49792646001042, "params": {"C": 1.1340633105782305, "epsilon": 0.1, "gamma": 9.66668509503112}, "datetime": {"datetime": "2021-08-25 14:22:52", "elapsed": 17.922688, "delta": 0.417364}}
{"target": -4.208610246726006, "params": {"C": 5.365094032600691, "epsilon": 0.09740004171820513, "gamma": 1.6845836491025112}, "datetime": {"datetime": "2021-08-25 14:22:52", "elapsed": 18.204648, "delta": 0.28196}}
{"target": -6.48802686999047, "params": {"C": 5.06216742180767, "epsilon": 0.09900493159356304, "gamma": 4.030455094327539}, "datetime": {"datetime": "2021-08-25 14:22:53", "elapsed": 18.441649, "delta": 0.237001}}
{"target": -6.083371378002528, "params": {"C": 2.566475208665951, "epsilon": 0.1, "gamma": 1.2626692857629263}, "datetime": {"datetime": "2021-08-25 14:22:53", "elapsed": 18.748648, "delta": 0.306999}}
{"target": -4.7274254666063165, "params": {"C": 4.588795117705234, "epsilon": 0.096958877242583, "gamma": 5.694750215839498}, "datetime": {"datetime": "2021-08-25 14:22:53", "elapsed": 18.986267, "delta": 0.237619}}
{"target": -3.580708347422933, "params": {"C": 2.5632226056268506, "epsilon": 0.0945598105517552, "gamma": 1.3297797243046943}, "datetime": {"datetime": "2021-08-25 14:22:53", "elapsed": 19.206272, "delta": 0.220005}}
{"target": -14.861507715451094, "params": {"C": 1.3533314768785871, "epsilon": 0.09392512166440016, "gamma": 0.10461760961316029}, "datetime": {"datetime": "2021-08-25 14:22:54", "elapsed": 19.430271, "delta": 0.223999}}
{"target": -4.674825545883677, "params": {"C": 5.275361529357507, "epsilon": 0.09794521332894307, "gamma": 1.6779455215420829}, "datetime": {"datetime": "2021-08-25 14:22:54", "elapsed": 19.696272, "delta": 0.266001}}
{"target": -3.9133900011164116, "params": {"C": 1.7759697882564724, "epsilon": 0.02171212325693014, "gamma": 5.31069827316335}, "datetime": {"datetime": "2021-08-25 14:22:54", "elapsed": 19.976271, "delta": 0.279999}}
{"target": -3.849350674108629, "params": {"C": 8.255875520667464, "epsilon": 0.012869296713778518, "gamma": 5.587505474807256}, "datetime": {"datetime": "2021-08-25 14:22:55", "elapsed": 20.311362, "delta": 0.335091}}
{"target": -3.849836669907557, "params": {"C": 3.590441313802132, "epsilon": 0.010009502022877984, "gamma": 4.437447426808089}, "datetime": {"datetime": "2021-08-25 14:22:55", "elapsed": 20.636041, "delta": 0.324679}}
{"target": -5.570398898107952, "params": {"C": 5.11876614998338, "epsilon": 0.07136488238731085, "gamma": 9.331050551017233}, "datetime": {"datetime": "2021-08-25 14:22:55", "elapsed": 20.897958, "delta": 0.261917}}
{"target": -4.453850224666935, "params": {"C": 5.436010661082746, "epsilon": 0.05599081071049519, "gamma": 1.7470498892263706}, "datetime": {"datetime": "2021-08-25 14:22:55", "elapsed": 21.160927, "delta": 0.262969}}
{"target": -3.145806306319574, "params": {"C": 8.31264307833912, "epsilon": 0.0841926758746211, "gamma": 5.379514785927527}, "datetime": {"datetime": "2021-08-25 14:22:56", "elapsed": 21.413467, "delta": 0.25254}}
{"target": -3.004900829475117, "params": {"C": 5.345113010333074, "epsilon": 0.08082821935386915, "gamma": 1.5825069647173042}, "datetime": {"datetime": "2021-08-25 14:22:56", "elapsed": 21.669468, "delta": 0.256001}}
{"target": -4.115079912428621, "params": {"C": 7.928294267012782, "epsilon": 0.014949409574299993, "gamma": 7.924693391386512}, "datetime": {"datetime": "2021-08-25 14:22:56", "elapsed": 22.10451, "delta": 0.435042}}
{"target": -4.014897418697485, "params": {"C": 5.514682816794178, "epsilon": 0.04885179955038338, "gamma": 1.8079373519039836}, "datetime": {"datetime": "2021-08-25 14:22:57", "elapsed": 22.433577, "delta": 0.329067}}
{"target": -4.013368150921707, "params": {"C": 3.9062072150197835, "epsilon": 0.004493742914511064, "gamma": 1.5569547602160687}, "datetime": {"datetime": "2021-08-25 14:22:57", "elapsed": 22.762211, "delta": 0.328634}}
{"target": -5.201539915201584, "params": {"C": 0.2639373609456649, "epsilon": 0.004575193126346713, "gamma": 0.3079510694393245}, "datetime": {"datetime": "2021-08-25 14:22:57", "elapsed": 23.050423, "delta": 0.288212}}
{"target": -4.04674191100515, "params": {"C": 2.561121601395549, "epsilon": 0.05056894741299792, "gamma": 1.3327473179403}, "datetime": {"datetime": "2021-08-25 14:22:58", "elapsed": 23.288467, "delta": 0.238044}}
{"target": -4.308189827711857, "params": {"C": 5.236888776914242, "epsilon": 0.0561512509717215, "gamma": 1.6085156266391167}, "datetime": {"datetime": "2021-08-25 14:22:58", "elapsed": 23.559425, "delta": 0.270958}}
{"target": -2.8930685522030655, "params": {"C": 5.3491793677314, "epsilon": 0.09255232239147572, "gamma": 1.6174086711576903}, "datetime": {"datetime": "2021-08-25 14:22:58", "elapsed": 23.881428, "delta": 0.322003}}
{"target": -5.946750394389273, "params": {"C": 5.350386179754766, "epsilon": 0.09963173987900721, "gamma": 1.7778817749121891}, "datetime": {"datetime": "2021-08-25 14:22:58", "elapsed": 24.154148, "delta": 0.27272}}
