{"target": -5.531511407407407, "params": {"C": 13.539396711297506, "epsilon": 0.07295685614711837, "gamma": 4.833729046384866}, "datetime": {"datetime": "2021-08-25 15:15:29", "elapsed": 31.673561, "delta": 0.345033}}
{"target": -3.526728425092687, "params": {"C": 8.654579547471926, "epsilon": 0.06034022665952172, "gamma": 3.4672654330149166}, "datetime": {"datetime": "2021-08-25 15:15:30", "elapsed": 32.025555, "delta": 0.351994}}
{"target": -2.707036862339272, "params": {"C": 14.102791634026767, "epsilon": 0.0925959657842652, "gamma": 5.00731937443034}, "datetime": {"datetime": "2021-08-25 15:15:30", "elapsed": 32.349168, "delta": 0.323613}}
{"target": -2.8636284793227027, "params": {"C": 6.50667908033922, "epsilon": 0.08693386138585617, "gamma": 5.6037108057463545}, "datetime": {"datetime": "2021-08-25 15:15:30", "elapsed": 32.685177, "delta": 0.336009}}
{"target": -2.888289582265522, "params": {"C": 6.695607007112342, "epsilon": 0.09375008174234176, "gamma": 5.6452375576029725}, "datetime": {"datetime": "2021-08-25 15:15:31", "elapsed": 33.010176, "delta": 0.324999}}
{"target": -3.1822803733633593, "params": {"C": 13.366547338956371, "epsilon": 0.09468245662801758, "gamma": 5.853430937566417}, "datetime": {"datetime": "2021-08-25 15:15:31", "elapsed": 33.318619, "delta": 0.308443}}
{"target": -3.098898278728863, "params": {"C": 12.196228687128242, "epsilon": 0.08324391793534025, "gamma": 4.2201407139147324}, "datetime": {"datetime": "2021-08-25 15:15:31", "elapsed": 33.660656, "delta": 0.342037}}
{"target": -4.701437036243896, "params": {"C": 14.579903569279477, "epsilon": 0.07357072373947593, "gamma": 3.6475647628542305}, "datetime": {"datetime": "2021-08-25 15:15:32", "elapsed": 34.009183, "delta": 0.348527}}
{"target": -4.128649772584329, "params": {"C": 9.500242109132568, "epsilon": 0.07913848056902695, "gamma": 3.4790940805812145}, "datetime": {"datetime": "2021-08-25 15:15:32", "elapsed": 34.356222, "delta": 0.347039}}
{"target": -5.461997898659602, "params": {"C": 13.009364479082524, "epsilon": 0.09780422475558728, "gamma": 5.00760568914485}, "datetime": {"datetime": "2021-08-25 15:15:32", "elapsed": 34.789181, "delta": 0.432959}}
{"target": -4.671000876508305, "params": {"C": 11.80803124446019, "epsilon": 0.06818317587366074, "gamma": 4.975582094313458}, "datetime": {"datetime": "2021-08-25 15:15:33", "elapsed": 35.17419, "delta": 0.385009}}
{"target": -3.5732199038738437, "params": {"C": 14.315685678014853, "epsilon": 0.06087911342763836, "gamma": 3.436994486030648}, "datetime": {"datetime": "2021-08-25 15:15:33", "elapsed": 35.618583, "delta": 0.444393}}
{"target": -3.2051324775623566, "params": {"C": 7.5851850915188885, "epsilon": 0.06782610851736638, "gamma": 3.41491621733359}, "datetime": {"datetime": "2021-08-25 15:15:33", "elapsed": 35.971543, "delta": 0.35296}}
{"target": -3.3479779071098927, "params": {"C": 14.137837499473088, "epsilon": 0.06214819172872042, "gamma": 3.401641918993303}, "datetime": {"datetime": "2021-08-25 15:15:34", "elapsed": 36.339581, "delta": 0.368038}}
{"target": -3.600160546319553, "params": {"C": 12.448913559181692, "epsilon": 0.08260476269287428, "gamma": 5.601042252452333}, "datetime": {"datetime": "2021-08-25 15:15:34", "elapsed": 36.696583, "delta": 0.357002}}
{"target": -4.476262955641973, "params": {"C": 14.483937181712026, "epsilon": 0.08094208728565801, "gamma": 5.043674824884422}, "datetime": {"datetime": "2021-08-25 15:15:35", "elapsed": 37.111544, "delta": 0.414961}}
{"target": -5.012912167673502, "params": {"C": 12.048279801922405, "epsilon": 0.06808502077631345, "gamma": 5.246740172754545}, "datetime": {"datetime": "2021-08-25 15:15:35", "elapsed": 37.622805, "delta": 0.511261}}
{"target": -6.421862628652303, "params": {"C": 14.92449514080317, "epsilon": 0.07604519348575872, "gamma": 4.85670713548895}, "datetime": {"datetime": "2021-08-25 15:15:36", "elapsed": 38.088807, "delta": 0.466002}}
{"target": -4.0661235242419, "params": {"C": 11.10282329761785, "epsilon": 0.0720293617660834, "gamma": 4.32567553003919}, "datetime": {"datetime": "2021-08-25 15:15:36", "elapsed": 38.456812, "delta": 0.368005}}
{"target": -2.4191392738031383, "params": {"C": 8.86922440834757, "epsilon": 0.09198045524952407, "gamma": 5.061891966765919}, "datetime": {"datetime": "2021-08-25 15:15:36", "elapsed": 38.964845, "delta": 0.508033}}
{"target": -3.63228835614334, "params": {"C": 8.183586774396652, "epsilon": 0.095441903417432, "gamma": 3.9859600183616797}, "datetime": {"datetime": "2021-08-25 15:15:37", "elapsed": 39.408643, "delta": 0.443798}}
{"target": -4.422234523679135, "params": {"C": 12.382731602154458, "epsilon": 0.0664213138808357, "gamma": 5.780689436662256}, "datetime": {"datetime": "2021-08-25 15:15:37", "elapsed": 39.819599, "delta": 0.410956}}
{"target": -3.0071090455202927, "params": {"C": 13.321122446383027, "epsilon": 0.0635713579711468, "gamma": 3.615459190679215}, "datetime": {"datetime": "2021-08-25 15:15:38", "elapsed": 40.241643, "delta": 0.422044}}
{"target": -2.7069387569508323, "params": {"C": 10.494277710994304, "epsilon": 0.06642458336464144, "gamma": 3.4102813333677453}, "datetime": {"datetime": "2021-08-25 15:15:38", "elapsed": 40.627604, "delta": 0.385961}}
{"target": -3.1676314178386664, "params": {"C": 14.807614200664716, "epsilon": 0.08467979269431211, "gamma": 3.2713773807403603}, "datetime": {"datetime": "2021-08-25 15:15:39", "elapsed": 41.069613, "delta": 0.442009}}
{"target": -3.735051078339427, "params": {"C": 6.364289509109312, "epsilon": 0.08130968433762202, "gamma": 4.31705068033435}, "datetime": {"datetime": "2021-08-25 15:15:39", "elapsed": 41.449497, "delta": 0.379884}}
{"target": -6.588826201854024, "params": {"C": 10.29607617611802, "epsilon": 0.09903438519645553, "gamma": 5.72853395754394}, "datetime": {"datetime": "2021-08-25 15:15:39", "elapsed": 41.893078, "delta": 0.443581}}
{"target": -3.3659259949328626, "params": {"C": 7.9593894547402995, "epsilon": 0.09487486743535559, "gamma": 3.651960361845769}, "datetime": {"datetime": "2021-08-25 15:15:40", "elapsed": 42.35544, "delta": 0.462362}}
{"target": -3.668024338711965, "params": {"C": 13.009081772369852, "epsilon": 0.08217991049746674, "gamma": 5.5446351031896315}, "datetime": {"datetime": "2021-08-25 15:15:40", "elapsed": 42.744431, "delta": 0.388991}}
{"target": -3.017547972128845, "params": {"C": 7.0777420778747615, "epsilon": 0.09439374341021045, "gamma": 3.6138167482541035}, "datetime": {"datetime": "2021-08-25 15:15:41", "elapsed": 43.281477, "delta": 0.537046}}
{"target": -4.090037458944129, "params": {"C": 7.798495132110939, "epsilon": 0.07200123723745319, "gamma": 5.21976598669883}, "datetime": {"datetime": "2021-08-25 15:15:41", "elapsed": 43.697222, "delta": 0.415745}}
{"target": -3.3659636272625493, "params": {"C": 6.186755113280669, "epsilon": 0.08199667651870804, "gamma": 5.5404770890876325}, "datetime": {"datetime": "2021-08-25 15:15:42", "elapsed": 44.097224, "delta": 0.400002}}
{"target": -2.747140944159064, "params": {"C": 9.66147140105934, "epsilon": 0.08936325517095252, "gamma": 3.3133913459082183}, "datetime": {"datetime": "2021-08-25 15:15:42", "elapsed": 44.480214, "delta": 0.38299}}
{"target": -3.5104350129617163, "params": {"C": 8.159533366626638, "epsilon": 0.060718399352480176, "gamma": 3.603562415019857}, "datetime": {"datetime": "2021-08-25 15:15:42", "elapsed": 44.89525, "delta": 0.415036}}
{"target": -4.354377765893829, "params": {"C": 8.378179403992851, "epsilon": 0.07972329109242114, "gamma": 4.827012232575736}, "datetime": {"datetime": "2021-08-25 15:15:43", "elapsed": 45.308984, "delta": 0.413734}}
{"target": -3.0862921079228904, "params": {"C": 12.028349714854652, "epsilon": 0.08679718503353792, "gamma": 4.467031697465733}, "datetime": {"datetime": "2021-08-25 15:15:43", "elapsed": 45.722693, "delta": 0.413709}}
{"target": -2.8257955383281717, "params": {"C": 9.685427688404015, "epsilon": 0.09389686471810785, "gamma": 4.6029536523887336}, "datetime": {"datetime": "2021-08-25 15:15:44", "elapsed": 46.1117, "delta": 0.389007}}
{"target": -4.294255121812718, "params": {"C": 6.754279628572978, "epsilon": 0.09672735173531688, "gamma": 3.2123417842602535}, "datetime": {"datetime": "2021-08-25 15:15:44", "elapsed": 46.523698, "delta": 0.411998}}
{"target": -4.149204233444808, "params": {"C": 10.761965430728115, "epsilon": 0.06565951653329606, "gamma": 5.787460514862135}, "datetime": {"datetime": "2021-08-25 15:15:44", "elapsed": 46.952694, "delta": 0.428996}}
{"target": -4.371952500858156, "params": {"C": 13.154740844918456, "epsilon": 0.08096620043455652, "gamma": 4.852791380558916}, "datetime": {"datetime": "2021-08-25 15:15:45", "elapsed": 47.489638, "delta": 0.536944}}
{"target": -3.5609196605040494, "params": {"C": 11.252403205162267, "epsilon": 0.08152501485303423, "gamma": 3.6325098317780915}, "datetime": {"datetime": "2021-08-25 15:15:45", "elapsed": 47.919645, "delta": 0.430007}}
{"target": -5.045102409100173, "params": {"C": 12.118669209052507, "epsilon": 0.07779424865716206, "gamma": 3.9946229290973867}, "datetime": {"datetime": "2021-08-25 15:15:46", "elapsed": 48.360637, "delta": 0.440992}}
{"target": -2.9735356281175727, "params": {"C": 6.274656071733179, "epsilon": 0.09022029824464338, "gamma": 3.245678875045791}, "datetime": {"datetime": "2021-08-25 15:15:46", "elapsed": 48.765637, "delta": 0.405}}
{"target": -5.775372060193735, "params": {"C": 14.968960498657882, "epsilon": 0.09821890045859272, "gamma": 3.9956883886766676}, "datetime": {"datetime": "2021-08-25 15:15:47", "elapsed": 49.234678, "delta": 0.469041}}
{"target": -2.3360053700098358, "params": {"C": 6.47204412364245, "epsilon": 0.0915089838375088, "gamma": 4.014746641342523}, "datetime": {"datetime": "2021-08-25 15:15:47", "elapsed": 49.647336, "delta": 0.412658}}
{"target": -2.733431572473132, "params": {"C": 7.923765634015841, "epsilon": 0.06580607336793036, "gamma": 4.293704431727089}, "datetime": {"datetime": "2021-08-25 15:15:48", "elapsed": 50.104856, "delta": 0.45752}}
{"target": -2.8740014616135103, "params": {"C": 11.183067168801474, "epsilon": 0.09327703459865194, "gamma": 5.547515753810082}, "datetime": {"datetime": "2021-08-25 15:15:48", "elapsed": 50.541777, "delta": 0.436921}}
{"target": -3.188838889484977, "params": {"C": 8.34013105059092, "epsilon": 0.0949960019451738, "gamma": 5.892646496223575}, "datetime": {"datetime": "2021-08-25 15:15:48", "elapsed": 50.985819, "delta": 0.444042}}
{"target": -3.4364723246278976, "params": {"C": 14.452627608262173, "epsilon": 0.06706203910193324, "gamma": 3.7120906038400983}, "datetime": {"datetime": "2021-08-25 15:15:49", "elapsed": 51.418041, "delta": 0.432222}}
{"target": -2.4627404818975664, "params": {"C": 10.125006067962259, "epsilon": 0.09284132394857318, "gamma": 3.8961490981013447}, "datetime": {"datetime": "2021-08-25 15:15:49", "elapsed": 51.847789, "delta": 0.429748}}
{"target": -2.648893053041434, "params": {"C": 9.858612605148426, "epsilon": 0.08967524682573863, "gamma": 5.677441434175152}, "datetime": {"datetime": "2021-08-25 15:15:50", "elapsed": 52.381484, "delta": 0.533695}}
{"target": -3.1691826409779975, "params": {"C": 13.654254951930731, "epsilon": 0.09485432381507922, "gamma": 5.268456266926433}, "datetime": {"datetime": "2021-08-25 15:15:50", "elapsed": 52.943635, "delta": 0.562151}}
{"target": -3.618350890286533, "params": {"C": 10.71079213026179, "epsilon": 0.06053649878011842, "gamma": 3.365000752580597}, "datetime": {"datetime": "2021-08-25 15:15:51", "elapsed": 53.540855, "delta": 0.59722}}
{"target": -3.251085379728355, "params": {"C": 10.798446795086047, "epsilon": 0.08478215215114485, "gamma": 4.898781241619559}, "datetime": {"datetime": "2021-08-25 15:15:51", "elapsed": 53.989854, "delta": 0.448999}}
{"target": -3.095862662676211, "params": {"C": 7.583813128382136, "epsilon": 0.08417804148851224, "gamma": 4.596665394570927}, "datetime": {"datetime": "2021-08-25 15:15:52", "elapsed": 54.416891, "delta": 0.427037}}
{"target": -5.324356718820092, "params": {"C": 14.799251270359951, "epsilon": 0.06960191999765171, "gamma": 4.9988198981499}, "datetime": {"datetime": "2021-08-25 15:15:52", "elapsed": 54.893851, "delta": 0.47696}}
{"target": -4.596287599293337, "params": {"C": 14.937860333023407, "epsilon": 0.06981785103489856, "gamma": 4.329826512378701}, "datetime": {"datetime": "2021-08-25 15:15:53", "elapsed": 55.354153, "delta": 0.460302}}
{"target": -2.9274244606916557, "params": {"C": 6.006312555650392, "epsilon": 0.06487714083722709, "gamma": 4.472651554821299}, "datetime": {"datetime": "2021-08-25 15:15:53", "elapsed": 55.839112, "delta": 0.484959}}
{"target": -4.503063838288923, "params": {"C": 7.216264370763458, "epsilon": 0.07223882035296658, "gamma": 5.775573440144795}, "datetime": {"datetime": "2021-08-25 15:15:54", "elapsed": 56.303112, "delta": 0.464}}
{"target": -4.8353478133196655, "params": {"C": 12.44519401319588, "epsilon": 0.07602804012568085, "gamma": 3.902824881325059}, "datetime": {"datetime": "2021-08-25 15:15:54", "elapsed": 56.88715, "delta": 0.584038}}
{"target": -3.386237861444212, "params": {"C": 10.403749215854422, "epsilon": 0.06168636838210939, "gamma": 4.786328304852589}, "datetime": {"datetime": "2021-08-25 15:15:55", "elapsed": 57.486233, "delta": 0.599083}}
{"target": -3.6955555596054666, "params": {"C": 12.288999957321899, "epsilon": 0.07227946004564424, "gamma": 3.392063028907427}, "datetime": {"datetime": "2021-08-25 15:15:55", "elapsed": 57.948229, "delta": 0.461996}}
{"target": -3.516283065414192, "params": {"C": 10.492730902765095, "epsilon": 0.06871013678395593, "gamma": 3.7609141394588557}, "datetime": {"datetime": "2021-08-25 15:15:56", "elapsed": 58.436232, "delta": 0.488003}}
{"target": -3.1446048609730397, "params": {"C": 9.656528854191674, "epsilon": 0.08467387912968759, "gamma": 3.8396029258388227}, "datetime": {"datetime": "2021-08-25 15:15:56", "elapsed": 58.984233, "delta": 0.548001}}
{"target": -2.9003438932822028, "params": {"C": 8.309714484207369, "epsilon": 0.08767754426304031, "gamma": 5.206701371306922}, "datetime": {"datetime": "2021-08-25 15:15:57", "elapsed": 59.45411, "delta": 0.469877}}
{"target": -3.879471907464835, "params": {"C": 8.108794074033998, "epsilon": 0.06937331755311096, "gamma": 4.929703986236598}, "datetime": {"datetime": "2021-08-25 15:15:57", "elapsed": 59.942149, "delta": 0.488039}}
{"target": -4.489041476657246, "params": {"C": 14.93146037484813, "epsilon": 0.06770069840123444, "gamma": 4.581992417216046}, "datetime": {"datetime": "2021-08-25 15:15:58", "elapsed": 60.46315, "delta": 0.521001}}
{"target": -2.4994247188499314, "params": {"C": 11.334232746770466, "epsilon": 0.0930766518789104, "gamma": 4.0000478413737275}, "datetime": {"datetime": "2021-08-25 15:15:58", "elapsed": 60.94111, "delta": 0.47796}}
{"target": -3.533044663874248, "params": {"C": 11.525716387543714, "epsilon": 0.06933772625639359, "gamma": 3.4098522640375033}, "datetime": {"datetime": "2021-08-25 15:15:59", "elapsed": 61.436424, "delta": 0.495314}}
{"target": -3.6359897763714475, "params": {"C": 9.461683201211489, "epsilon": 0.07235964305898493, "gamma": 3.7660545255995426}, "datetime": {"datetime": "2021-08-25 15:15:59", "elapsed": 61.93148, "delta": 0.495056}}
{"target": -3.6483960651116303, "params": {"C": 9.812378094852317, "epsilon": 0.06578586845138597, "gamma": 5.513971586983558}, "datetime": {"datetime": "2021-08-25 15:16:00", "elapsed": 62.562072, "delta": 0.630592}}
{"target": -2.85233268460681, "params": {"C": 10.380337151574103, "epsilon": 0.09333787111659994, "gamma": 5.933099181824558}, "datetime": {"datetime": "2021-08-25 15:16:01", "elapsed": 63.027076, "delta": 0.465004}}
{"target": -3.42322219122246, "params": {"C": 13.636876414880986, "epsilon": 0.06590530971667652, "gamma": 4.425259777417655}, "datetime": {"datetime": "2021-08-25 15:16:01", "elapsed": 63.551955, "delta": 0.524879}}
{"target": -3.127730234430214, "params": {"C": 6.443803137379105, "epsilon": 0.08233942323045204, "gamma": 4.772244970506754}, "datetime": {"datetime": "2021-08-25 15:16:02", "elapsed": 64.037949, "delta": 0.485994}}
{"target": -5.041217179430333, "params": {"C": 9.202607119474283, "epsilon": 0.07838437242350133, "gamma": 4.6745107082447275}, "datetime": {"datetime": "2021-08-25 15:16:02", "elapsed": 64.653989, "delta": 0.61604}}
{"target": -3.4534776586592693, "params": {"C": 9.166059769910511, "epsilon": 0.06929953935968887, "gamma": 3.3929841131020098}, "datetime": {"datetime": "2021-08-25 15:16:03", "elapsed": 65.405955, "delta": 0.751966}}
{"target": -4.114510431685871, "params": {"C": 11.29037818263626, "epsilon": 0.08129169195773532, "gamma": 5.385341288044193}, "datetime": {"datetime": "2021-08-25 15:16:03", "elapsed": 65.930225, "delta": 0.52427}}
{"target": -3.9158371559055403, "params": {"C": 9.003783369489032, "epsilon": 0.07088492909058894, "gamma": 4.454942676625939}, "datetime": {"datetime": "2021-08-25 15:16:04", "elapsed": 66.43923, "delta": 0.509005}}
{"target": -3.9137664469354836, "params": {"C": 12.955638175893913, "epsilon": 0.06908882899730766, "gamma": 3.865126877436113}, "datetime": {"datetime": "2021-08-25 15:16:04", "elapsed": 66.979852, "delta": 0.540622}}
{"target": -2.705823870785174, "params": {"C": 14.327591138508415, "epsilon": 0.08967268805137224, "gamma": 4.6114600320954064}, "datetime": {"datetime": "2021-08-25 15:16:05", "elapsed": 67.4822, "delta": 0.502348}}
{"target": -5.258585953307362, "params": {"C": 7.86301492169846, "epsilon": 0.07716972961177974, "gamma": 5.305560455612295}, "datetime": {"datetime": "2021-08-25 15:16:06", "elapsed": 68.015765, "delta": 0.533565}}
{"target": -3.1866567040455562, "params": {"C": 12.00404214474538, "epsilon": 0.09517879368104559, "gamma": 4.8036550100526645}, "datetime": {"datetime": "2021-08-25 15:16:06", "elapsed": 68.494773, "delta": 0.479008}}
{"target": -4.7083830964470295, "params": {"C": 14.589082321037726, "epsilon": 0.07914862239287851, "gamma": 3.8139867831378367}, "datetime": {"datetime": "2021-08-25 15:16:07", "elapsed": 69.174773, "delta": 0.68}}
{"target": -2.956254505373699, "params": {"C": 6.124963648286724, "epsilon": 0.08983830560362603, "gamma": 3.2605843891752007}, "datetime": {"datetime": "2021-08-25 15:16:07", "elapsed": 69.663161, "delta": 0.488388}}
{"target": -3.3864598444786043, "params": {"C": 9.871476573739656, "epsilon": 0.06205924214896217, "gamma": 4.711588149505426}, "datetime": {"datetime": "2021-08-25 15:16:08", "elapsed": 70.234161, "delta": 0.571}}
{"target": -2.5088685823903893, "params": {"C": 8.727044806014785, "epsilon": 0.0908873542607293, "gamma": 5.03929639924627}, "datetime": {"datetime": "2021-08-25 15:16:08", "elapsed": 70.735161, "delta": 0.501}}
{"target": -3.843604639906345, "params": {"C": 9.05079124301744, "epsilon": 0.07263014911701209, "gamma": 4.089413989943086}, "datetime": {"datetime": "2021-08-25 15:16:09", "elapsed": 71.277122, "delta": 0.541961}}
{"target": -3.271502926139481, "params": {"C": 6.44935634083687, "epsilon": 0.06367498564786128, "gamma": 3.736841421349765}, "datetime": {"datetime": "2021-08-25 15:16:09", "elapsed": 71.814051, "delta": 0.536929}}
{"target": -3.2828904276321187, "params": {"C": 13.783117842722735, "epsilon": 0.08690192557782976, "gamma": 4.738995296030117}, "datetime": {"datetime": "2021-08-25 15:16:10", "elapsed": 72.36209, "delta": 0.548039}}
{"target": -2.7448875957280925, "params": {"C": 6.448397100736423, "epsilon": 0.06607328433374704, "gamma": 4.2627577008131965}, "datetime": {"datetime": "2021-08-25 15:16:10", "elapsed": 72.927053, "delta": 0.564963}}
{"target": -3.2736294658253513, "params": {"C": 10.629599567172463, "epsilon": 0.06270396125355356, "gamma": 4.708183070588902}, "datetime": {"datetime": "2021-08-25 15:16:11", "elapsed": 73.634383, "delta": 0.70733}}
{"target": -3.3259456337765623, "params": {"C": 8.954657959973582, "epsilon": 0.07672206050174946, "gamma": 3.2134289406322316}, "datetime": {"datetime": "2021-08-25 15:16:12", "elapsed": 74.188376, "delta": 0.553993}}
{"target": -3.488391700877787, "params": {"C": 7.15366333807801, "epsilon": 0.061439435742900096, "gamma": 3.994330172171684}, "datetime": {"datetime": "2021-08-25 15:16:12", "elapsed": 74.775417, "delta": 0.587041}}
{"target": -3.3197242346336084, "params": {"C": 7.223341626303293, "epsilon": 0.06034678176752976, "gamma": 3.547409683845066}, "datetime": {"datetime": "2021-08-25 15:16:13", "elapsed": 75.472267, "delta": 0.69685}}
{"target": -2.457770020213949, "params": {"C": 14.073550776257179, "epsilon": 0.0929918106913217, "gamma": 3.1121181685643515}, "datetime": {"datetime": "2021-08-25 15:16:14", "elapsed": 76.116261, "delta": 0.643994}}
{"target": -6.51452668570654, "params": {"C": 12.19561522517555, "epsilon": 0.09878075141844916, "gamma": 5.7485913007814045}, "datetime": {"datetime": "2021-08-25 15:16:14", "elapsed": 76.655268, "delta": 0.539007}}
{"target": -3.211842702997209, "params": {"C": 14.69661738506578, "epsilon": 0.08242186386691952, "gamma": 3.6913386834349566}, "datetime": {"datetime": "2021-08-25 15:16:15", "elapsed": 77.210265, "delta": 0.554997}}
{"target": -3.711643094979166, "params": {"C": 13.460201880367382, "epsilon": 0.06463739045867117, "gamma": 4.53762939635139}, "datetime": {"datetime": "2021-08-25 15:16:15", "elapsed": 77.920657, "delta": 0.710392}}
{"target": -3.556369538449748, "params": {"C": 8.108743139757618, "epsilon": 0.06859595813851946, "gamma": 4.43144842494655}, "datetime": {"datetime": "2021-08-25 15:16:16", "elapsed": 78.592662, "delta": 0.672005}}
{"target": -3.4686652617262475, "params": {"C": 14.231386270658517, "epsilon": 0.06159820808733812, "gamma": 4.411492668246293}, "datetime": {"datetime": "2021-08-25 15:16:17", "elapsed": 79.174619, "delta": 0.581957}}
{"target": -5.841323139725233, "params": {"C": 14.776159228485096, "epsilon": 0.07886929021436934, "gamma": 5.097449826409247}, "datetime": {"datetime": "2021-08-25 15:16:17", "elapsed": 79.730232, "delta": 0.555613}}
