{"target": -3.860018809395918, "params": {"C": 8.42264755918922, "epsilon": 0.09622814091540528, "gamma": 4.668913682643058}, "datetime": {"datetime": "2021-08-25 15:26:09", "elapsed": 25.136805, "delta": 0.409998}}
{"target": -3.724695864468894, "params": {"C": 8.556420246612639, "epsilon": 0.08198280077289884, "gamma": 3.4304989597705204}, "datetime": {"datetime": "2021-08-25 15:26:09", "elapsed": 25.458847, "delta": 0.322042}}
{"target": -4.682667805588882, "params": {"C": 8.648518809343647, "epsilon": 0.09724258907155484, "gamma": 4.6352618390133795}, "datetime": {"datetime": "2021-08-25 15:26:09", "elapsed": 25.766848, "delta": 0.308001}}
{"target": -3.1567706387079704, "params": {"C": 8.45801930172716, "epsilon": 0.08486729833590584, "gamma": 4.964952789692255}, "datetime": {"datetime": "2021-08-25 15:26:10", "elapsed": 26.180845, "delta": 0.413997}}
{"target": -2.5210565273568206, "params": {"C": 7.594283182800044, "epsilon": 0.093119790381818, "gamma": 3.8525523212834107}, "datetime": {"datetime": "2021-08-25 15:26:10", "elapsed": 26.495829, "delta": 0.314984}}
{"target": -4.959746723889841, "params": {"C": 6.2510380966406185, "epsilon": 0.09735232712588343, "gamma": 3.958874789202882}, "datetime": {"datetime": "2021-08-25 15:26:10", "elapsed": 26.82083, "delta": 0.325001}}
{"target": -3.3296260381692937, "params": {"C": 6.172403917477828, "epsilon": 0.09515821390979418, "gamma": 5.981316464399061}, "datetime": {"datetime": "2021-08-25 15:26:11", "elapsed": 27.207828, "delta": 0.386998}}
{"target": -3.0974833839603004, "params": {"C": 9.350842982798891, "epsilon": 0.08647842807355918, "gamma": 4.833729046384866}, "datetime": {"datetime": "2021-08-25 15:26:11", "elapsed": 27.534827, "delta": 0.326999}}
{"target": -3.673618529719275, "params": {"C": 7.179813132209745, "epsilon": 0.08017011332976086, "gamma": 3.4672654330149166}, "datetime": {"datetime": "2021-08-25 15:26:11", "elapsed": 27.87483, "delta": 0.340003}}
{"target": -3.786752464425901, "params": {"C": 9.601240726234119, "epsilon": 0.0962979828921326, "gamma": 5.00731937443034}, "datetime": {"datetime": "2021-08-25 15:26:12", "elapsed": 28.191835, "delta": 0.317005}}
{"target": -6.385559637267326, "params": {"C": 8.41204913804536, "epsilon": 0.09889823429797419, "gamma": 4.75231122709677}, "datetime": {"datetime": "2021-08-25 15:26:12", "elapsed": 28.639057, "delta": 0.447222}}
{"target": -4.460984457335386, "params": {"C": 6.309158669827708, "epsilon": 0.09687504087117088, "gamma": 5.6452375576029725}, "datetime": {"datetime": "2021-08-25 15:26:12", "elapsed": 28.953099, "delta": 0.314042}}
{"target": -3.0993967716170223, "params": {"C": 8.404085919407127, "epsilon": 0.0840628957474091, "gamma": 4.675644099384643}, "datetime": {"datetime": "2021-08-25 15:26:13", "elapsed": 29.507055, "delta": 0.553956}}
{"target": -2.3614983099738485, "params": {"C": 8.75387941650144, "epsilon": 0.09162195896767013, "gamma": 4.2201407139147324}, "datetime": {"datetime": "2021-08-25 15:26:13", "elapsed": 29.835727, "delta": 0.328672}}
{"target": -2.9639378013840636, "params": {"C": 9.813290475235323, "epsilon": 0.08678536186973797, "gamma": 3.6475647628542305}, "datetime": {"datetime": "2021-08-25 15:26:14", "elapsed": 30.188719, "delta": 0.352992}}
{"target": -2.812624832782059, "params": {"C": 7.555663159614475, "epsilon": 0.08956924028451348, "gamma": 3.4790940805812145}, "datetime": {"datetime": "2021-08-25 15:26:14", "elapsed": 30.530333, "delta": 0.341614}}
{"target": -3.205628223236265, "params": {"C": 9.81634798202435, "epsilon": 0.08497621934274024, "gamma": 4.417517077689109}, "datetime": {"datetime": "2021-08-25 15:26:14", "elapsed": 30.937017, "delta": 0.406684}}
{"target": -3.0891482718057466, "params": {"C": 8.581347219760085, "epsilon": 0.08409158793683037, "gamma": 4.975582094313458}, "datetime": {"datetime": "2021-08-25 15:26:15", "elapsed": 31.271614, "delta": 0.334597}}
{"target": -3.823994024892337, "params": {"C": 8.42937835653319, "epsilon": 0.08100437898112513, "gamma": 4.6799074929602975}, "datetime": {"datetime": "2021-08-25 15:26:15", "elapsed": 31.695502, "delta": 0.423888}}
{"target": -3.2864239963489803, "params": {"C": 6.704526707341728, "epsilon": 0.0839130542586832, "gamma": 3.41491621733359}, "datetime": {"datetime": "2021-08-25 15:26:16", "elapsed": 32.027526, "delta": 0.332024}}
{"target": -3.784668711729978, "params": {"C": 9.616816666432484, "epsilon": 0.08107409586436022, "gamma": 3.401641918993303}, "datetime": {"datetime": "2021-08-25 15:26:16", "elapsed": 32.371525, "delta": 0.343999}}
{"target": -3.158095322129991, "params": {"C": 8.411017369590674, "epsilon": 0.08295122984206471, "gamma": 4.740954184857706}, "datetime": {"datetime": "2021-08-25 15:26:16", "elapsed": 32.820565, "delta": 0.44904}}
{"target": -2.5936978083240514, "params": {"C": 9.770638747427567, "epsilon": 0.09047104364282901, "gamma": 5.043674824884422}, "datetime": {"datetime": "2021-08-25 15:26:17", "elapsed": 33.171569, "delta": 0.351004}}
{"target": -2.3987399551466204, "params": {"C": 8.74288614640265, "epsilon": 0.09131103620550142, "gamma": 4.217481164066643}, "datetime": {"datetime": "2021-08-25 15:26:17", "elapsed": 33.70057, "delta": 0.529001}}
{"target": -2.9099148783035442, "params": {"C": 8.740899814566996, "epsilon": 0.08723788933652601, "gamma": 4.225891463644476}, "datetime": {"datetime": "2021-08-25 15:26:18", "elapsed": 34.111531, "delta": 0.410961}}
{"target": -3.080703372717212, "params": {"C": 8.267921465607934, "epsilon": 0.0860146808830417, "gamma": 4.32567553003919}, "datetime": {"datetime": "2021-08-25 15:26:18", "elapsed": 34.465635, "delta": 0.354104}}
{"target": -2.4371380978880093, "params": {"C": 7.076685409880101, "epsilon": 0.09021189422333215, "gamma": 4.217709589148232}, "datetime": {"datetime": "2021-08-25 15:26:18", "elapsed": 34.932675, "delta": 0.46704}}
{"target": -2.390576605930969, "params": {"C": 7.086787642476262, "epsilon": 0.092065837260685, "gamma": 4.219711630695423}, "datetime": {"datetime": "2021-08-25 15:26:19", "elapsed": 35.376675, "delta": 0.444}}
{"target": -2.4983565509013803, "params": {"C": 8.756002394813429, "epsilon": 0.09031169373586433, "gamma": 4.221472872025176}, "datetime": {"datetime": "2021-08-25 15:26:19", "elapsed": 35.733197, "delta": 0.356522}}
{"target": -5.764459170345577, "params": {"C": 7.0828514609760695, "epsilon": 0.09801153351264148, "gamma": 4.232283615942338}, "datetime": {"datetime": "2021-08-25 15:26:20", "elapsed": 36.189415, "delta": 0.456218}}
{"target": -3.0845209676374252, "params": {"C": 6.56144356420325, "epsilon": 0.08405957927363762, "gamma": 5.402144075240218}, "datetime": {"datetime": "2021-08-25 15:26:20", "elapsed": 36.543688, "delta": 0.354273}}
{"target": -3.997914045130211, "params": {"C": 8.688431560833141, "epsilon": 0.09647061694230856, "gamma": 4.682583032294846}, "datetime": {"datetime": "2021-08-25 15:26:21", "elapsed": 37.074685, "delta": 0.530997}}
{"target": -2.4566640696808624, "params": {"C": 6.161906448493028, "epsilon": 0.09065484216881102, "gamma": 4.31705068033435}, "datetime": {"datetime": "2021-08-25 15:26:21", "elapsed": 37.447773, "delta": 0.373088}}
{"target": -3.1312169241313392, "params": {"C": 7.075148311464376, "epsilon": 0.08577514543365466, "gamma": 4.223089752391116}, "datetime": {"datetime": "2021-08-25 15:26:22", "elapsed": 38.00078, "delta": 0.553007}}
{"target": -3.1160368069362243, "params": {"C": 8.743102896567628, "epsilon": 0.09477551486715706, "gamma": 4.221245483555627}, "datetime": {"datetime": "2021-08-25 15:26:22", "elapsed": 38.54549, "delta": 0.54471}}
{"target": -3.686793210341753, "params": {"C": 7.586624514554906, "epsilon": 0.09535727117116571, "gamma": 3.844169301399983}, "datetime": {"datetime": "2021-08-25 15:26:23", "elapsed": 39.095489, "delta": 0.549999}}
{"target": -3.468416234794475, "params": {"C": 8.7477848227784, "epsilon": 0.0818641698403115, "gamma": 4.217576495508919}, "datetime": {"datetime": "2021-08-25 15:26:23", "elapsed": 39.763858, "delta": 0.668369}}
{"target": -2.36471702496728, "params": {"C": 6.152230988877699, "epsilon": 0.09211511829801958, "gamma": 4.322417948479995}, "datetime": {"datetime": "2021-08-25 15:26:24", "elapsed": 40.366151, "delta": 0.602293}}
{"target": -2.463858107034682, "params": {"C": 6.083002272569186, "epsilon": 0.09099833825935402, "gamma": 5.5404770890876325}, "datetime": {"datetime": "2021-08-25 15:26:24", "elapsed": 40.745589, "delta": 0.379438}}
{"target": -2.8713406115365676, "params": {"C": 8.744028020831573, "epsilon": 0.09385541787007934, "gamma": 4.208473781925328}, "datetime": {"datetime": "2021-08-25 15:26:25", "elapsed": 41.250455, "delta": 0.504866}}
{"target": -3.7695015465763904, "params": {"C": 6.959792607389617, "epsilon": 0.0803591996762401, "gamma": 3.603562415019857}, "datetime": {"datetime": "2021-08-25 15:26:25", "elapsed": 41.637238, "delta": 0.386783}}
{"target": -4.490577634148512, "params": {"C": 7.06295170206171, "epsilon": 0.09704803475261072, "gamma": 4.228620050925634}, "datetime": {"datetime": "2021-08-25 15:26:26", "elapsed": 42.184105, "delta": 0.546867}}
{"target": -2.593035207560125, "params": {"C": 8.679266539935401, "epsilon": 0.09339859251676896, "gamma": 4.467031697465733}, "datetime": {"datetime": "2021-08-25 15:26:26", "elapsed": 42.56427, "delta": 0.380165}}
{"target": -4.123981627060206, "params": {"C": 9.359226331472524, "epsilon": 0.0967213016698841, "gamma": 3.8815835201314304}, "datetime": {"datetime": "2021-08-25 15:26:27", "elapsed": 43.170311, "delta": 0.606041}}
{"target": -3.9181968689453646, "params": {"C": 6.154244644007555, "epsilon": 0.0804127203076868, "gamma": 4.31806143700672}, "datetime": {"datetime": "2021-08-25 15:26:27", "elapsed": 43.78827, "delta": 0.617959}}
{"target": -2.387644463867173, "params": {"C": 8.413892213286926, "epsilon": 0.09217114481349797, "gamma": 4.69375298703788}, "datetime": {"datetime": "2021-08-25 15:26:28", "elapsed": 44.44477, "delta": 0.6565}}
{"target": -2.7911601092246783, "params": {"C": 7.087185918880895, "epsilon": 0.09353465169474436, "gamma": 4.208323431510237}, "datetime": {"datetime": "2021-08-25 15:26:28", "elapsed": 44.977915, "delta": 0.533145}}
{"target": -2.3807796894308044, "params": {"C": 8.699318147595077, "epsilon": 0.09121415413977539, "gamma": 4.1562528355505215}, "datetime": {"datetime": "2021-08-25 15:26:29", "elapsed": 45.696914, "delta": 0.718999}}
{"target": -2.314474988678728, "params": {"C": 7.5999540457802235, "epsilon": 0.09146297184354056, "gamma": 3.858758149455118}, "datetime": {"datetime": "2021-08-25 15:26:30", "elapsed": 46.381904, "delta": 0.68499}}
{"target": -2.72717016058415, "params": {"C": 7.590668032192648, "epsilon": 0.08835235183884965, "gamma": 3.858709168070548}, "datetime": {"datetime": "2021-08-25 15:26:30", "elapsed": 46.91048, "delta": 0.528576}}
{"target": -4.251070193828259, "params": {"C": 6.568790884049575, "epsilon": 0.08, "gamma": 5.40846469873992}, "datetime": {"datetime": "2021-08-25 15:26:31", "elapsed": 47.622407, "delta": 0.711927}}
{"target": -3.918861669080237, "params": {"C": 6.157138093722576, "epsilon": 0.09578146412476428, "gamma": 4.3194088515335585}, "datetime": {"datetime": "2021-08-25 15:26:32", "elapsed": 48.225412, "delta": 0.603005}}
{"target": -3.0702563499214355, "params": {"C": 6.855006948451485, "epsilon": 0.08290303668396519, "gamma": 4.293704431727089}, "datetime": {"datetime": "2021-08-25 15:26:32", "elapsed": 48.646585, "delta": 0.421173}}
{"target": -4.013353206555853, "params": {"C": 8.303585408356211, "epsilon": 0.09663851729932597, "gamma": 5.547515753810082}, "datetime": {"datetime": "2021-08-25 15:26:33", "elapsed": 49.050583, "delta": 0.403998}}
{"target": -3.051216693720748, "params": {"C": 6.146381251585053, "epsilon": 0.09411175368415951, "gamma": 4.31622287811302}, "datetime": {"datetime": "2021-08-25 15:26:33", "elapsed": 49.624584, "delta": 0.574001}}
{"target": -6.182681243902271, "params": {"C": 8.674495946189452, "epsilon": 0.0987092382717254, "gamma": 4.457053507411147}, "datetime": {"datetime": "2021-08-25 15:26:34", "elapsed": 50.26858, "delta": 0.643996}}
{"target": -4.161336430113259, "params": {"C": 7.833336030205448, "epsilon": 0.09642066197428659, "gamma": 3.8961490981013447}, "datetime": {"datetime": "2021-08-25 15:26:34", "elapsed": 50.691675, "delta": 0.423095}}
{"target": -3.1245140558249855, "params": {"C": 6.166738194754318, "epsilon": 0.08595420931551255, "gamma": 4.320116375254053}, "datetime": {"datetime": "2021-08-25 15:26:35", "elapsed": 51.339284, "delta": 0.647609}}
{"target": -3.871270292416536, "params": {"C": 8.676574462424345, "epsilon": 0.09625575584317744, "gamma": 4.6900357155201275}, "datetime": {"datetime": "2021-08-25 15:26:35", "elapsed": 51.89453, "delta": 0.555246}}
{"target": -3.7377465362751794, "params": {"C": 8.446538741907444, "epsilon": 0.09603238257948687, "gamma": 4.964429923099768}, "datetime": {"datetime": "2021-08-25 15:26:36", "elapsed": 52.535826, "delta": 0.641296}}
{"target": -2.408601747077728, "params": {"C": 8.132643020038243, "epsilon": 0.09239107607557243, "gamma": 4.898781241619559}, "datetime": {"datetime": "2021-08-25 15:26:36", "elapsed": 52.960883, "delta": 0.425057}}
{"target": -3.083880693589724, "params": {"C": 8.713852688286476, "epsilon": 0.08308359486566401, "gamma": 4.157109200133576}, "datetime": {"datetime": "2021-08-25 15:26:37", "elapsed": 53.653883, "delta": 0.693}}
{"target": -3.1183541116890554, "params": {"C": 6.915025244121954, "epsilon": 0.08463650550586554, "gamma": 5.865645114600589}, "datetime": {"datetime": "2021-08-25 15:26:38", "elapsed": 54.264922, "delta": 0.611039}}
{"target": -3.115170840187288, "params": {"C": 7.596925029181523, "epsilon": 0.08436883430227012, "gamma": 3.857622623800414}, "datetime": {"datetime": "2021-08-25 15:26:39", "elapsed": 55.039112, "delta": 0.77419}}
{"target": -2.803154088138639, "params": {"C": 8.440335705041722, "epsilon": 0.08765636675194295, "gamma": 4.696488901195469}, "datetime": {"datetime": "2021-08-25 15:26:39", "elapsed": 55.676525, "delta": 0.637413}}
{"target": -2.499288599621575, "params": {"C": 7.608444153604237, "epsilon": 0.09028614610776087, "gamma": 3.864167678738759}, "datetime": {"datetime": "2021-08-25 15:26:40", "elapsed": 56.289262, "delta": 0.612737}}
{"target": -2.775443494343428, "params": {"C": 8.700894133161887, "epsilon": 0.09379355044823005, "gamma": 4.146370205192049}, "datetime": {"datetime": "2021-08-25 15:26:40", "elapsed": 56.950664, "delta": 0.661402}}
{"target": -2.8312159082014143, "params": {"C": 6.143077581248608, "epsilon": 0.08777326250549507, "gamma": 4.326585602696137}, "datetime": {"datetime": "2021-08-25 15:26:41", "elapsed": 57.838966, "delta": 0.888302}}
{"target": -2.466905026507385, "params": {"C": 8.684488772942066, "epsilon": 0.09087828884297447, "gamma": 4.469819616162821}, "datetime": {"datetime": "2021-08-25 15:26:42", "elapsed": 58.564966, "delta": 0.726}}
{"target": -3.0618579422561445, "params": {"C": 7.99676929011782, "epsilon": 0.08435506839197797, "gamma": 3.7609141394588557}, "datetime": {"datetime": "2021-08-25 15:26:43", "elapsed": 59.022896, "delta": 0.45793}}
{"target": -3.3026852679628895, "params": {"C": 7.600631138731196, "epsilon": 0.09467453382250904, "gamma": 3.8659189375681358}, "datetime": {"datetime": "2021-08-25 15:26:43", "elapsed": 59.80754, "delta": 0.784644}}
{"target": -3.839077267656861, "params": {"C": 7.083715323492786, "epsilon": 0.08057963078183389, "gamma": 4.2132551886698675}, "datetime": {"datetime": "2021-08-25 15:26:44", "elapsed": 60.48454, "delta": 0.677}}
{"target": -3.1412676698621347, "params": {"C": 6.937241810681776, "epsilon": 0.08468665877655548, "gamma": 4.929703986236598}, "datetime": {"datetime": "2021-08-25 15:26:44", "elapsed": 60.947153, "delta": 0.462613}}
{"target": -2.4591071346902984, "params": {"C": 6.0946676510149995, "epsilon": 0.09106991083151222, "gamma": 5.540788137415017}, "datetime": {"datetime": "2021-08-25 15:26:45", "elapsed": 61.559275, "delta": 0.612122}}
{"target": -2.492626254390645, "params": {"C": 8.758994446881527, "epsilon": 0.09022013611611923, "gamma": 4.214481142386319}, "datetime": {"datetime": "2021-08-25 15:26:46", "elapsed": 62.222275, "delta": 0.663}}
{"target": -3.233729623851025, "params": {"C": 8.455873950019427, "epsilon": 0.0846688631281968, "gamma": 3.4098522640375033}, "datetime": {"datetime": "2021-08-25 15:26:46", "elapsed": 62.7125, "delta": 0.490225}}
{"target": -3.1576077092680066, "params": {"C": 8.683558160002177, "epsilon": 0.08309783856520384, "gamma": 4.466180621284065}, "datetime": {"datetime": "2021-08-25 15:26:47", "elapsed": 63.645882, "delta": 0.933382}}
{"target": -4.079559394933263, "params": {"C": 9.360016650379903, "epsilon": 0.08011481704085645, "gamma": 3.8879031355955735}, "datetime": {"datetime": "2021-08-25 15:26:48", "elapsed": 64.754064, "delta": 1.108182}}
{"target": -3.2224228573463076, "params": {"C": 8.4059687726154, "epsilon": 0.0860534133473217, "gamma": 4.69651297414217}, "datetime": {"datetime": "2021-08-25 15:26:49", "elapsed": 65.91601, "delta": 1.161946}}
{"target": -3.1687479495715145, "params": {"C": 9.39416729550266, "epsilon": 0.08295265485833826, "gamma": 4.425259777417655}, "datetime": {"datetime": "2021-08-25 15:26:50", "elapsed": 66.424712, "delta": 0.508702}}
{"target": -2.4763510302870566, "params": {"C": 6.1005139816523055, "epsilon": 0.0907667768567175, "gamma": 5.53598071568719}, "datetime": {"datetime": "2021-08-25 15:26:51", "elapsed": 67.148014, "delta": 0.723302}}
{"target": -3.1795781591631087, "params": {"C": 8.131178273764426, "epsilon": 0.08281099310699072, "gamma": 4.900098320992319}, "datetime": {"datetime": "2021-08-25 15:26:51", "elapsed": 67.802045, "delta": 0.654031}}
{"target": -2.4951320445367338, "params": {"C": 8.704364372224276, "epsilon": 0.0903590870547621, "gamma": 4.163388846285166}, "datetime": {"datetime": "2021-08-25 15:26:52", "elapsed": 68.521007, "delta": 0.718962}}
{"target": -2.530952375351908, "params": {"C": 8.351279192282782, "epsilon": 0.09064584597886767, "gamma": 5.385341288044193}, "datetime": {"datetime": "2021-08-25 15:26:53", "elapsed": 69.000617, "delta": 0.47961}}
{"target": -3.3485335851182554, "params": {"C": 6.088756430996002, "epsilon": 0.08189627364646075, "gamma": 5.538471126832974}, "datetime": {"datetime": "2021-08-25 15:26:53", "elapsed": 69.802665, "delta": 0.802048}}
{"target": -6.11151151325936, "params": {"C": 9.770760566938367, "epsilon": 0.09863009306424185, "gamma": 5.042769490343327}, "datetime": {"datetime": "2021-08-25 15:26:54", "elapsed": 70.495627, "delta": 0.692962}}
{"target": -3.125320059958741, "params": {"C": 9.701151617114851, "epsilon": 0.09483634402568612, "gamma": 4.6114600320954064}, "datetime": {"datetime": "2021-08-25 15:26:55", "elapsed": 71.005512, "delta": 0.509885}}
{"target": -6.565457709489429, "params": {"C": 8.406982525056806, "epsilon": 0.09901118069069303, "gamma": 4.68713745120617}, "datetime": {"datetime": "2021-08-25 15:26:55", "elapsed": 71.766152, "delta": 0.76064}}
{"target": -2.4592635039762993, "params": {"C": 8.356398545463499, "epsilon": 0.09201367546854325, "gamma": 5.3802099370710454}, "datetime": {"datetime": "2021-08-25 15:26:56", "elapsed": 72.424153, "delta": 0.658001}}
{"target": -2.475861688400904, "params": {"C": 6.089732037833809, "epsilon": 0.090894445922268, "gamma": 5.540290059394377}, "datetime": {"datetime": "2021-08-25 15:26:57", "elapsed": 73.541742, "delta": 1.117589}}
{"target": -3.2307524308541766, "params": {"C": 6.055539399238544, "epsilon": 0.09491915280181301, "gamma": 3.2605843891752007}, "datetime": {"datetime": "2021-08-25 15:26:58", "elapsed": 74.047435, "delta": 0.505693}}
{"target": -2.634308619856948, "params": {"C": 8.764983593391332, "epsilon": 0.0884653562988158, "gamma": 4.219855232650671}, "datetime": {"datetime": "2021-08-25 15:26:58", "elapsed": 74.764881, "delta": 0.717446}}
{"target": -2.539741075066214, "params": {"C": 8.71233265853619, "epsilon": 0.08991619601988823, "gamma": 4.165223545771592}, "datetime": {"datetime": "2021-08-25 15:26:59", "elapsed": 75.761835, "delta": 0.996954}}
{"target": -3.057169131360934, "params": {"C": 7.355907219118862, "epsilon": 0.08631507455850605, "gamma": 4.089413989943086}, "datetime": {"datetime": "2021-08-25 15:27:00", "elapsed": 76.297432, "delta": 0.535597}}
{"target": -3.715333053834961, "params": {"C": 8.359706919977848, "epsilon": 0.09596329820376642, "gamma": 5.384428129120089}, "datetime": {"datetime": "2021-08-25 15:27:01", "elapsed": 77.163953, "delta": 0.866521}}
{"target": -3.129477701018748, "params": {"C": 8.420135077868977, "epsilon": 0.08557150883683283, "gamma": 4.682879821178581}, "datetime": {"datetime": "2021-08-25 15:27:02", "elapsed": 78.020915, "delta": 0.856962}}
{"target": -3.155292480511874, "params": {"C": 9.762249140797184, "epsilon": 0.0831778811014013, "gamma": 5.040796102106651}, "datetime": {"datetime": "2021-08-25 15:27:02", "elapsed": 78.834496, "delta": 0.813581}}
{"target": -3.1469626711811562, "params": {"C": 8.355075680723111, "epsilon": 0.08611188795877212, "gamma": 5.374426346963701}, "datetime": {"datetime": "2021-08-25 15:27:03", "elapsed": 79.775533, "delta": 0.941037}}
{"target": -3.6869737380281937, "params": {"C": 6.094829117222028, "epsilon": 0.09564993139318698, "gamma": 5.534947405738903}, "datetime": {"datetime": "2021-08-25 15:27:04", "elapsed": 80.738693, "delta": 0.96316}}
{"target": -3.770055697440212, "params": {"C": 6.512739261368004, "epsilon": 0.08071971787145005, "gamma": 3.994330172171684}, "datetime": {"datetime": "2021-08-25 15:27:05", "elapsed": 81.257383, "delta": 0.51869}}
{"target": -2.975700657288624, "params": {"C": 8.678130964268988, "epsilon": 0.08689110464469499, "gamma": 4.474775457516911}, "datetime": {"datetime": "2021-08-25 15:27:06", "elapsed": 82.285342, "delta": 1.027959}}
