{"target": -3.2205602658218027, "params": {"C": 5.88068141180082, "epsilon": 0.08308394395906063, "gamma": 2.693060538262258}, "datetime": {"datetime": "2021-08-25 14:34:13", "elapsed": 162.197252, "delta": 0.836302}}
{"target": -3.242937160930262, "params": {"C": 1.4951460567594046, "epsilon": 0.09203529659304673, "gamma": 3.2311217841065467}, "datetime": {"datetime": "2021-08-25 14:34:14", "elapsed": 163.767634, "delta": 1.570382}}
{"target": -3.754764142698104, "params": {"C": 4.051811247277128, "epsilon": 0.0672822530221505, "gamma": 0.41452928097642117}, "datetime": {"datetime": "2021-08-25 14:34:15", "elapsed": 164.598832, "delta": 0.831198}}
{"target": -3.0500481478363564, "params": {"C": 8.653926314807165, "epsilon": 0.07728639716783435, "gamma": 2.8733813151464798}, "datetime": {"datetime": "2021-08-25 14:34:16", "elapsed": 165.479875, "delta": 0.881043}}
{"target": -2.7097132304795353, "params": {"C": 2.1001334468969732, "epsilon": 0.08370419815420463, "gamma": 1.5713140989390144}, "datetime": {"datetime": "2021-08-25 14:34:17", "elapsed": 166.39044, "delta": 0.910565}}
{"target": -3.794593906396853, "params": {"C": 5.235727661026871, "epsilon": 0.06935040394731988, "gamma": 5.934174795311127}, "datetime": {"datetime": "2021-08-25 14:34:18", "elapsed": 167.276476, "delta": 0.886036}}
{"target": -4.108841491049025, "params": {"C": 9.052020051274928, "epsilon": 0.062154091627009765, "gamma": 6.425095591659009}, "datetime": {"datetime": "2021-08-25 14:34:19", "elapsed": 168.1999, "delta": 0.923424}}
{"target": -4.439976832805466, "params": {"C": 1.7647384711745235, "epsilon": 0.09681227971814761, "gamma": 4.622184023444371}, "datetime": {"datetime": "2021-08-25 14:34:20", "elapsed": 169.94751, "delta": 1.74761}}
{"target": -3.2242959146491645, "params": {"C": 4.190991705129788, "epsilon": 0.07264866042217703, "gamma": 1.5813941229864594}, "datetime": {"datetime": "2021-08-25 14:34:21", "elapsed": 170.785341, "delta": 0.837831}}
{"target": -2.73048245388348, "params": {"C": 9.744666978569303, "epsilon": 0.08824472838171606, "gamma": 3.954958482164706}, "datetime": {"datetime": "2021-08-25 14:34:22", "elapsed": 171.691337, "delta": 0.905996}}
{"target": -3.09827594546771, "params": {"C": 3.122578312289083, "epsilon": 0.08470914036351046, "gamma": 6.801469344340636}, "datetime": {"datetime": "2021-08-25 14:34:23", "elapsed": 172.630799, "delta": 0.939462}}
{"target": -2.8340472322417147, "params": {"C": 8.305692053703911, "epsilon": 0.06572084674895423, "gamma": 0.46817524885395123}, "datetime": {"datetime": "2021-08-25 14:34:24", "elapsed": 173.520842, "delta": 0.890043}}
{"target": -5.695034346909872, "params": {"C": 5.735777473207895, "epsilon": 0.07829050721662639, "gamma": 7.2088058568355535}, "datetime": {"datetime": "2021-08-25 14:34:25", "elapsed": 174.425239, "delta": 0.904397}}
{"target": -3.6487860052267664, "params": {"C": 5.943840232217054, "epsilon": 0.08184962004306356, "gamma": 3.3878654749091783}, "datetime": {"datetime": "2021-08-25 14:34:26", "elapsed": 175.916656, "delta": 1.491417}}
{"target": -6.75551163137442, "params": {"C": 9.241562101719046, "epsilon": 0.0992200936732846, "gamma": 5.404021169953689}, "datetime": {"datetime": "2021-08-25 14:34:28", "elapsed": 177.462615, "delta": 1.545959}}
{"target": -3.0389677181676356, "params": {"C": 4.699843988525299, "epsilon": 0.07970067505464716, "gamma": 3.2582009882319745}, "datetime": {"datetime": "2021-08-25 14:34:29", "elapsed": 178.302351, "delta": 0.839736}}
{"target": -3.4116916880963055, "params": {"C": 9.757634097649236, "epsilon": 0.07111532326636719, "gamma": 1.040104009185962}, "datetime": {"datetime": "2021-08-25 14:34:30", "elapsed": 179.201676, "delta": 0.899325}}
{"target": -7.445278387780239, "params": {"C": 5.365514691848485, "epsilon": 0.07341522233925916, "gamma": 0.14835494025833534}, "datetime": {"datetime": "2021-08-25 14:34:30", "elapsed": 180.043863, "delta": 0.842187}}
{"target": -2.6174680370177197, "params": {"C": 3.892746050192195, "epsilon": 0.08984028412056297, "gamma": 7.074106173637633}, "datetime": {"datetime": "2021-08-25 14:34:31", "elapsed": 180.952208, "delta": 0.908345}}
{"target": -2.659506894848686, "params": {"C": 3.1169150518809308, "epsilon": 0.0821163449232603, "gamma": 1.041239840971894}, "datetime": {"datetime": "2021-08-25 14:34:33", "elapsed": 182.450002, "delta": 1.497794}}
{"target": -2.953218408520074, "params": {"C": 5.9603279148282, "epsilon": 0.06673454010214318, "gamma": 3.4018523524925293}, "datetime": {"datetime": "2021-08-25 14:34:34", "elapsed": 183.760999, "delta": 1.310997}}
{"target": -2.7396023093027746, "params": {"C": 1.0378932955982094, "epsilon": 0.07519552746151777, "gamma": 8.394305199101112}, "datetime": {"datetime": "2021-08-25 14:34:36", "elapsed": 185.277411, "delta": 1.516412}}
{"target": -4.562850248829231, "params": {"C": 9.26290448043575, "epsilon": 0.06905001230396846, "gamma": 5.406727221836523}, "datetime": {"datetime": "2021-08-25 14:34:37", "elapsed": 186.90206, "delta": 1.624649}}
{"target": -3.1674071774604315, "params": {"C": 1.8416513469180777, "epsilon": 0.08641890868990083, "gamma": 5.371177682476963}, "datetime": {"datetime": "2021-08-25 14:34:38", "elapsed": 187.8561, "delta": 0.95404}}
{"target": -4.736142670216945, "params": {"C": 2.6249074826847747, "epsilon": 0.09643633778548244, "gamma": 6.63920171533201}, "datetime": {"datetime": "2021-08-25 14:34:40", "elapsed": 189.673603, "delta": 1.817503}}
{"target": -3.527843073476521, "params": {"C": 2.802830919151724, "epsilon": 0.07043096535491916, "gamma": 0.7196881924064873}, "datetime": {"datetime": "2021-08-25 14:34:42", "elapsed": 191.811129, "delta": 2.137526}}
{"target": -3.1047772839201966, "params": {"C": 0.5890330770513414, "epsilon": 0.06751405115914935, "gamma": 5.959030634298015}, "datetime": {"datetime": "2021-08-25 14:34:44", "elapsed": 193.471966, "delta": 1.660837}}
{"target": -3.01487948410034, "params": {"C": 6.761019105950421, "epsilon": 0.07007074517945394, "gamma": 2.596291592213726}, "datetime": {"datetime": "2021-08-25 14:34:45", "elapsed": 194.465903, "delta": 0.993937}}
{"target": -2.7564997921099277, "params": {"C": 1.0576800998707574, "epsilon": 0.07565685995397159, "gamma": 8.393846626067667}, "datetime": {"datetime": "2021-08-25 14:34:46", "elapsed": 196.007936, "delta": 1.542033}}
{"target": -2.7492813982783186, "params": {"C": 0.954910573686335, "epsilon": 0.07483472216944213, "gamma": 8.402248747148942}, "datetime": {"datetime": "2021-08-25 14:34:48", "elapsed": 197.741791, "delta": 1.733855}}
{"target": -2.8137213903441096, "params": {"C": 3.6447779151662005, "epsilon": 0.0929501919736645, "gamma": 8.060730774733495}, "datetime": {"datetime": "2021-08-25 14:34:49", "elapsed": 198.844114, "delta": 1.102323}}
{"target": -4.557485103345999, "params": {"C": 9.74861338787081, "epsilon": 0.07848632727666024, "gamma": 3.9740839224279556}, "datetime": {"datetime": "2021-08-25 14:34:51", "elapsed": 200.648693, "delta": 1.804579}}
{"target": -3.7452455090437478, "params": {"C": 2.6561693134340447, "epsilon": 0.08138730164805077, "gamma": 6.63935994495044}, "datetime": {"datetime": "2021-08-25 14:34:53", "elapsed": 202.260675, "delta": 1.611982}}
{"target": -2.9245298605478665, "params": {"C": 2.2527868960887782, "epsilon": 0.065664455134998, "gamma": 6.215673043646297}, "datetime": {"datetime": "2021-08-25 14:34:54", "elapsed": 203.227699, "delta": 0.967024}}
{"target": -5.437551791805676, "params": {"C": 1.064952129600659, "epsilon": 0.09799184559049369, "gamma": 8.355746582587479}, "datetime": {"datetime": "2021-08-25 14:34:55", "elapsed": 204.919492, "delta": 1.691793}}
{"target": -3.566058518312445, "params": {"C": 6.750521245450752, "epsilon": 0.07589718517107538, "gamma": 4.065095722454274}, "datetime": {"datetime": "2021-08-25 14:34:57", "elapsed": 206.637133, "delta": 1.717641}}
{"target": -3.917516650405141, "params": {"C": 9.549371322932311, "epsilon": 0.0964664946777474, "gamma": 4.749023141590836}, "datetime": {"datetime": "2021-08-25 14:34:59", "elapsed": 208.24913, "delta": 1.611997}}
{"target": -2.6823727427250965, "params": {"C": 3.10515107311165, "epsilon": 0.07893649491398819, "gamma": 1.0377033823413222}, "datetime": {"datetime": "2021-08-25 14:35:01", "elapsed": 210.39587, "delta": 2.14674}}
{"target": -2.833667400118519, "params": {"C": 2.8492008938715543, "epsilon": 0.07414943415024108, "gamma": 5.13834357513997}, "datetime": {"datetime": "2021-08-25 14:35:02", "elapsed": 212.03184, "delta": 1.63597}}
{"target": -2.609831265881704, "params": {"C": 9.2600557598042, "epsilon": 0.0910814528459076, "gamma": 6.087994447120018}, "datetime": {"datetime": "2021-08-25 14:35:03", "elapsed": 213.046125, "delta": 1.014285}}
{"target": -3.165730572672069, "params": {"C": 2.0828497272190867, "epsilon": 0.08876633333007998, "gamma": 2.95516500609376}, "datetime": {"datetime": "2021-08-25 14:35:05", "elapsed": 214.105485, "delta": 1.05936}}
{"target": -2.649952803453467, "params": {"C": 4.350953591498635, "epsilon": 0.09119726932813652, "gamma": 9.05229332459189}, "datetime": {"datetime": "2021-08-25 14:35:05", "elapsed": 215.040505, "delta": 0.93502}}
{"target": -2.735306805015502, "params": {"C": 8.339272644291706, "epsilon": 0.07883014598036248, "gamma": 0.4741130655740151}, "datetime": {"datetime": "2021-08-25 14:35:08", "elapsed": 217.152711, "delta": 2.112206}}
{"target": -6.958876672764082, "params": {"C": 6.483755930862712, "epsilon": 0.09928072856697098, "gamma": 6.397431721690878}, "datetime": {"datetime": "2021-08-25 14:35:09", "elapsed": 218.385806, "delta": 1.233095}}
{"target": -3.2514874670924314, "params": {"C": 2.1631626705677114, "epsilon": 0.08649990145955719, "gamma": 3.4519208215351385}, "datetime": {"datetime": "2021-08-25 14:35:10", "elapsed": 220.054536, "delta": 1.66873}}
{"target": -2.7209576014240073, "params": {"C": 0.677213412119247, "epsilon": 0.07842384086794685, "gamma": 4.299627018909863}, "datetime": {"datetime": "2021-08-25 14:35:12", "elapsed": 221.171944, "delta": 1.117408}}
{"target": -4.742148124468473, "params": {"C": 3.8767584407535587, "epsilon": 0.09691904164333183, "gamma": 7.071450516527167}, "datetime": {"datetime": "2021-08-25 14:35:14", "elapsed": 223.380786, "delta": 2.208842}}
{"target": -2.8233684814024933, "params": {"C": 1.0040123682479998, "epsilon": 0.0776636873603649, "gamma": 8.452982395319625}, "datetime": {"datetime": "2021-08-25 14:35:16", "elapsed": 225.180623, "delta": 1.799837}}
{"target": -2.636778793211799, "params": {"C": 9.709788969491907, "epsilon": 0.09363129557926067, "gamma": 3.104961825649082}, "datetime": {"datetime": "2021-08-25 14:35:17", "elapsed": 226.251624, "delta": 1.071001}}
{"target": -2.7412192886596496, "params": {"C": 2.7971407712586975, "epsilon": 0.0853350899767092, "gamma": 0.7459254078212948}, "datetime": {"datetime": "2021-08-25 14:35:19", "elapsed": 228.217868, "delta": 1.966244}}
{"target": -3.4088200226767706, "params": {"C": 1.7697435542430096, "epsilon": 0.0603128099731066, "gamma": 4.613360721963403}, "datetime": {"datetime": "2021-08-25 14:35:21", "elapsed": 230.131288, "delta": 1.91342}}
{"target": -2.653865654640135, "params": {"C": 4.347971487850245, "epsilon": 0.08991438658533538, "gamma": 9.069590717660674}, "datetime": {"datetime": "2021-08-25 14:35:22", "elapsed": 231.905077, "delta": 1.773789}}
{"target": -3.8196195180601773, "params": {"C": 4.350518060974528, "epsilon": 0.06653792533161232, "gamma": 9.067313073363415}, "datetime": {"datetime": "2021-08-25 14:35:24", "elapsed": 233.977833, "delta": 2.072756}}
{"target": -4.920357859578385, "params": {"C": 9.25326379488927, "epsilon": 0.07083918353862054, "gamma": 6.085423490290353}, "datetime": {"datetime": "2021-08-25 14:35:26", "elapsed": 235.877004, "delta": 1.899171}}
{"target": -3.275898918915618, "params": {"C": 2.834337225807072, "epsilon": 0.06812294731148999, "gamma": 0.7184888158934187}, "datetime": {"datetime": "2021-08-25 14:35:28", "elapsed": 237.854663, "delta": 1.977659}}
{"target": -3.2388243405417945, "params": {"C": 4.944455163353437, "epsilon": 0.09471821779292744, "gamma": 7.85407339996827}, "datetime": {"datetime": "2021-08-25 14:35:29", "elapsed": 238.909027, "delta": 1.054364}}
{"target": -8.241976697071392, "params": {"C": 1.8376420893065482, "epsilon": 0.07880870767836676, "gamma": 0.5085703461592824}, "datetime": {"datetime": "2021-08-25 14:35:30", "elapsed": 240.043479, "delta": 1.134452}}
{"target": -5.3960119000917794, "params": {"C": 7.881249271541236, "epsilon": 0.09784004591934156, "gamma": 2.8811983903137017}, "datetime": {"datetime": "2021-08-25 14:35:31", "elapsed": 241.048502, "delta": 1.005023}}
{"target": -4.33709602654917, "params": {"C": 2.629374440572721, "epsilon": 0.07902842737378282, "gamma": 7.377585831369511}, "datetime": {"datetime": "2021-08-25 14:35:34", "elapsed": 243.134183, "delta": 2.085681}}
{"target": -5.018864574067514, "params": {"C": 8.789928912222253, "epsilon": 0.06933372067370698, "gamma": 6.1728355239873265}, "datetime": {"datetime": "2021-08-25 14:35:35", "elapsed": 244.197143, "delta": 1.06296}}
{"target": -4.8253362069369174, "params": {"C": 3.899701849027541, "epsilon": 0.07103796795648293, "gamma": 9.375815722633284}, "datetime": {"datetime": "2021-08-25 14:35:36", "elapsed": 245.402143, "delta": 1.205}}
{"target": -3.143657072955898, "params": {"C": 1.0357995785982639, "epsilon": 0.06913777181450842, "gamma": 8.415327890607163}, "datetime": {"datetime": "2021-08-25 14:35:38", "elapsed": 247.421825, "delta": 2.019682}}
{"target": -3.381278794326149, "params": {"C": 7.699756462689707, "epsilon": 0.07139002551625183, "gamma": 0.40797463363505704}, "datetime": {"datetime": "2021-08-25 14:35:39", "elapsed": 248.749826, "delta": 1.328001}}
{"target": -3.043789816532083, "params": {"C": 2.8740184680565135, "epsilon": 0.08257647475740001, "gamma": 5.1602177415377115}, "datetime": {"datetime": "2021-08-25 14:35:41", "elapsed": 250.727885, "delta": 1.978059}}
{"target": -3.936752487959621, "params": {"C": 3.8879510935676835, "epsilon": 0.06310303176378887, "gamma": 9.894485235636111}, "datetime": {"datetime": "2021-08-25 14:35:42", "elapsed": 251.959882, "delta": 1.231997}}
{"target": -3.3268348120749427, "params": {"C": 3.043191062299866, "epsilon": 0.06250425523153534, "gamma": 9.770876198360252}, "datetime": {"datetime": "2021-08-25 14:35:44", "elapsed": 253.125157, "delta": 1.165275}}
{"target": -3.268483409943792, "params": {"C": 7.460513883720715, "epsilon": 0.08589045203687158, "gamma": 5.7458139920728275}, "datetime": {"datetime": "2021-08-25 14:35:45", "elapsed": 254.364764, "delta": 1.239607}}
{"target": -3.0023620734056036, "params": {"C": 2.3756047811649537, "epsilon": 0.06523678449901202, "gamma": 2.525268371586041}, "datetime": {"datetime": "2021-08-25 14:35:46", "elapsed": 255.488478, "delta": 1.123714}}
{"target": -3.7597729885212776, "params": {"C": 9.695845993856933, "epsilon": 0.0794163692941358, "gamma": 3.0958510661871914}, "datetime": {"datetime": "2021-08-25 14:35:48", "elapsed": 257.794677, "delta": 2.306199}}
{"target": -3.045195776778437, "params": {"C": 0.9862448819102047, "epsilon": 0.06929723091500727, "gamma": 4.942232007059191}, "datetime": {"datetime": "2021-08-25 14:35:49", "elapsed": 259.03881, "delta": 1.244133}}
{"target": -2.8351224035233322, "params": {"C": 4.458193710653572, "epsilon": 0.06559243457628047, "gamma": 0.8198584456528215}, "datetime": {"datetime": "2021-08-25 14:35:52", "elapsed": 261.100166, "delta": 2.061356}}
{"target": -3.0653093683187094, "params": {"C": 1.638240627446633, "epsilon": 0.07814128516458806, "gamma": 6.683628880580324}, "datetime": {"datetime": "2021-08-25 14:35:53", "elapsed": 262.207166, "delta": 1.107}}
{"target": -3.2690134431187374, "params": {"C": 9.880313472661195, "epsilon": 0.09524512309705552, "gamma": 4.336900793602542}, "datetime": {"datetime": "2021-08-25 14:35:54", "elapsed": 263.326041, "delta": 1.118875}}
{"target": -2.9912743775169317, "params": {"C": 4.636720367625298, "epsilon": 0.06893264983141222, "gamma": 3.0598998556959764}, "datetime": {"datetime": "2021-08-25 14:35:56", "elapsed": 265.80718, "delta": 2.481139}}
{"target": -4.990569502044859, "params": {"C": 9.282374297992115, "epsilon": 0.09736880097510467, "gamma": 5.396684210948486}, "datetime": {"datetime": "2021-08-25 14:35:59", "elapsed": 268.736511, "delta": 2.929331}}
{"target": -3.710687398174131, "params": {"C": 9.747297584225501, "epsilon": 0.07142987590581627, "gamma": 3.9401058585840625}, "datetime": {"datetime": "2021-08-25 14:36:01", "elapsed": 270.80718, "delta": 2.070669}}
{"target": -2.902638498992183, "params": {"C": 0.48575935133624404, "epsilon": 0.084390918608458, "gamma": 4.443414373637145}, "datetime": {"datetime": "2021-08-25 14:36:04", "elapsed": 273.274859, "delta": 2.467679}}
{"target": -4.984994035118415, "params": {"C": 6.817039725807145, "epsilon": 0.08038422207221023, "gamma": 8.092604477531724}, "datetime": {"datetime": "2021-08-25 14:36:05", "elapsed": 274.509755, "delta": 1.234896}}
{"target": -2.7973290135894358, "params": {"C": 4.450040508886609, "epsilon": 0.07687379717402906, "gamma": 0.8053819386539572}, "datetime": {"datetime": "2021-08-25 14:36:08", "elapsed": 277.138494, "delta": 2.628739}}
{"target": -5.25506911120181, "params": {"C": 8.218457878628167, "epsilon": 0.060661537320055206, "gamma": 8.281567345756816}, "datetime": {"datetime": "2021-08-25 14:36:09", "elapsed": 278.372491, "delta": 1.233997}}
{"target": -5.887693925155518, "params": {"C": 3.0974647629317342, "epsilon": 0.0979233734024424, "gamma": 7.687877111746176}, "datetime": {"datetime": "2021-08-25 14:36:10", "elapsed": 279.447185, "delta": 1.074694}}
{"target": -2.6819303834212596, "params": {"C": 0.3191739865389389, "epsilon": 0.07730653655940091, "gamma": 8.477108427056224}, "datetime": {"datetime": "2021-08-25 14:36:11", "elapsed": 280.542183, "delta": 1.094998}}
{"target": -2.854722808725667, "params": {"C": 8.35982697926277, "epsilon": 0.0616167179213527, "gamma": 0.48753335618078375}, "datetime": {"datetime": "2021-08-25 14:36:13", "elapsed": 282.329067, "delta": 1.786884}}
{"target": -3.3062005173503004, "params": {"C": 2.6225029069289842, "epsilon": 0.09212641591972384, "gamma": 1.3916441192265552}, "datetime": {"datetime": "2021-08-25 14:36:14", "elapsed": 283.338133, "delta": 1.009066}}
{"target": -3.0628061394683344, "params": {"C": 4.86454460855279, "epsilon": 0.06930560110775731, "gamma": 1.10827514597402}, "datetime": {"datetime": "2021-08-25 14:36:15", "elapsed": 284.446701, "delta": 1.108568}}
{"target": -6.7147624564279145, "params": {"C": 3.1343028139888496, "epsilon": 0.09881606177048968, "gamma": 6.8186797943136055}, "datetime": {"datetime": "2021-08-25 14:36:17", "elapsed": 286.291212, "delta": 1.844511}}
{"target": -2.4433121019617428, "params": {"C": 3.449729648614699, "epsilon": 0.09059760442496845, "gamma": 6.5010701052924915}, "datetime": {"datetime": "2021-08-25 14:36:18", "elapsed": 287.394504, "delta": 1.103292}}
{"target": -3.5710286724182145, "params": {"C": 2.793368404365863, "epsilon": 0.0745564873073735, "gamma": 0.7584800673092319}, "datetime": {"datetime": "2021-08-25 14:36:20", "elapsed": 289.2389, "delta": 1.844396}}
{"target": -6.959390146562624, "params": {"C": 9.738792359101343, "epsilon": 0.1, "gamma": 3.9452692564694147}, "datetime": {"datetime": "2021-08-25 14:36:21", "elapsed": 291.032271, "delta": 1.793371}}
{"target": -2.92903928442958, "params": {"C": 1.0391676513263923, "epsilon": 0.07053086237284627, "gamma": 8.373537418396815}, "datetime": {"datetime": "2021-08-25 14:36:23", "elapsed": 292.968314, "delta": 1.936043}}
{"target": -3.233402098326662, "params": {"C": 8.327163195570726, "epsilon": 0.06041759662719051, "gamma": 0.43364494395524755}, "datetime": {"datetime": "2021-08-25 14:36:25", "elapsed": 294.600345, "delta": 1.632031}}
{"target": -2.8644511815835902, "params": {"C": 1.0659264944317808, "epsilon": 0.0886198444821115, "gamma": 8.406073083623689}, "datetime": {"datetime": "2021-08-25 14:36:27", "elapsed": 296.117451, "delta": 1.517106}}
{"target": -2.8295110546114546, "params": {"C": 4.41794406718885, "epsilon": 0.07655397830468764, "gamma": 0.8141571499679887}, "datetime": {"datetime": "2021-08-25 14:36:29", "elapsed": 298.540537, "delta": 2.423086}}
{"target": -3.1256224937821306, "params": {"C": 2.8219925404726824, "epsilon": 0.07970526716625616, "gamma": 0.7284190059820217}, "datetime": {"datetime": "2021-08-25 14:36:31", "elapsed": 300.215348, "delta": 1.674811}}
{"target": -5.116906967733327, "params": {"C": 3.162886042780536, "epsilon": 0.0797392067738026, "gamma": 9.94826019706416}, "datetime": {"datetime": "2021-08-25 14:36:32", "elapsed": 301.327886, "delta": 1.112538}}
{"target": -5.068583883913584, "params": {"C": 9.31187280091347, "epsilon": 0.09716640501891341, "gamma": 8.914487651982968}, "datetime": {"datetime": "2021-08-25 14:36:33", "elapsed": 302.435848, "delta": 1.107962}}
{"target": -3.014775009717409, "params": {"C": 1.0111145979437335, "epsilon": 0.08530164469473459, "gamma": 8.407415168390113}, "datetime": {"datetime": "2021-08-25 14:36:35", "elapsed": 304.181378, "delta": 1.74553}}
{"target": -2.3384156589290366, "params": {"C": 9.36706487385748, "epsilon": 0.09205664687738575, "gamma": 4.158211189567182}, "datetime": {"datetime": "2021-08-25 14:36:36", "elapsed": 305.269878, "delta": 1.0885}}
{"target": -3.4591446771327043, "params": {"C": 0.3065626744923129, "epsilon": 0.06029447571492308, "gamma": 8.473240025352196}, "datetime": {"datetime": "2021-08-25 14:36:37", "elapsed": 306.952741, "delta": 1.682863}}
{"target": -3.8464102667924016, "params": {"C": 6.4891711409365165, "epsilon": 0.0958346065013281, "gamma": 2.5434544138717996}, "datetime": {"datetime": "2021-08-25 14:36:39", "elapsed": 308.076705, "delta": 1.123964}}
