{"target": -6.419197038669239, "params": {"eta": 0.047531980423231666, "n_estimators": 723.1212485077365}, "datetime": {"datetime": "2021-08-25 16:13:26", "elapsed": 0.0, "delta": 0.0}}
{"target": -5.79536120263515, "params": {"eta": 0.01001029373356104, "n_estimators": 309.3092469055214}, "datetime": {"datetime": "2021-08-25 16:13:31", "elapsed": 5.271008, "delta": 5.271008}}
{"target": -3.5818696427047185, "params": {"eta": 0.023208030173540176, "n_estimators": 101.41520882110981}, "datetime": {"datetime": "2021-08-25 16:13:33", "elapsed": 7.098448, "delta": 1.82744}}
{"target": -6.1599560086303, "params": {"eta": 0.026763419023990383, "n_estimators": 352.1051197726173}, "datetime": {"datetime": "2021-08-25 16:13:39", "elapsed": 13.168146, "delta": 6.069698}}
{"target": -6.440039725912866, "params": {"eta": 0.0457090726807603, "n_estimators": 543.4285666633234}, "datetime": {"datetime": "2021-08-25 16:13:48", "elapsed": 22.36042, "delta": 9.192274}}
{"target": -6.419357978760923, "params": {"eta": 0.04772750629629654, "n_estimators": 688.3673053927919}, "datetime": {"datetime": "2021-08-25 16:13:59", "elapsed": 33.570842, "delta": 11.210422}}
{"target": -6.4184571068825536, "params": {"eta": 0.02840070247583657, "n_estimators": 879.336262027036}, "datetime": {"datetime": "2021-08-25 16:14:13", "elapsed": 47.721299, "delta": 14.150457}}
{"target": -6.419422782247813, "params": {"eta": 0.012464883387813356, "n_estimators": 673.7628350766182}, "datetime": {"datetime": "2021-08-25 16:14:24", "elapsed": 58.738997, "delta": 11.017698}}
{"target": -6.419578860622753, "params": {"eta": 0.047557432213041435, "n_estimators": 563.1029301612941}, "datetime": {"datetime": "2021-08-25 16:14:34", "elapsed": 68.08463, "delta": 9.345633}}
{"target": -4.430499131533431, "params": {"eta": 0.02263482447357104, "n_estimators": 206.12047419403}, "datetime": {"datetime": "2021-08-25 16:14:37", "elapsed": 71.699098, "delta": 3.614468}}
{"target": -80.93626217756645, "params": {"eta": 0.1, "n_estimators": 10.0}, "datetime": {"datetime": "2021-08-25 16:14:38", "elapsed": 72.168101, "delta": 0.469003}}
{"target": -3.5818696427047185, "params": {"eta": 0.04788538464464363, "n_estimators": 101.24687142120443}, "datetime": {"datetime": "2021-08-25 16:14:40", "elapsed": 74.048068, "delta": 1.879967}}
{"target": -3.5338879447284657, "params": {"eta": 0.06654485464581567, "n_estimators": 103.1221091781409}, "datetime": {"datetime": "2021-08-25 16:14:42", "elapsed": 75.977988, "delta": 1.92992}}
{"target": -3.5327337582778338, "params": {"eta": 0.08826858387422996, "n_estimators": 109.11116413092532}, "datetime": {"datetime": "2021-08-25 16:14:44", "elapsed": 78.178418, "delta": 2.20043}}
{"target": -3.533651433341302, "params": {"eta": 0.09141991352891059, "n_estimators": 106.76046892362943}, "datetime": {"datetime": "2021-08-25 16:14:46", "elapsed": 80.205331, "delta": 2.026913}}
{"target": -3.424027914347219, "params": {"eta": 0.09867882402679012, "n_estimators": 116.61581808205682}, "datetime": {"datetime": "2021-08-25 16:14:48", "elapsed": 82.487638, "delta": 2.282307}}
{"target": -3.4060391124296645, "params": {"eta": 0.08114726476448156, "n_estimators": 123.24845389789849}, "datetime": {"datetime": "2021-08-25 16:14:51", "elapsed": 84.869826, "delta": 2.382188}}
{"target": -3.4405170774939466, "params": {"eta": 0.0853378594114452, "n_estimators": 120.24808229104258}, "datetime": {"datetime": "2021-08-25 16:14:53", "elapsed": 87.233789, "delta": 2.363963}}
{"target": -3.4955686386004747, "params": {"eta": 0.08997195331715793, "n_estimators": 133.72566515771155}, "datetime": {"datetime": "2021-08-25 16:14:55", "elapsed": 89.665894, "delta": 2.432105}}
{"target": -3.4329271169656326, "params": {"eta": 0.1, "n_estimators": 128.9227906961621}, "datetime": {"datetime": "2021-08-25 16:14:58", "elapsed": 92.09548, "delta": 2.429586}}
{"target": -3.657244175510864, "params": {"eta": 0.08878314912339864, "n_estimators": 144.26563500141287}, "datetime": {"datetime": "2021-08-25 16:15:01", "elapsed": 94.836233, "delta": 2.740753}}
{"target": -4.311693232890162, "params": {"eta": 0.1, "n_estimators": 190.01273759135307}, "datetime": {"datetime": "2021-08-25 16:15:04", "elapsed": 98.418107, "delta": 3.581874}}
{"target": -4.072692252415653, "params": {"eta": 0.08560407178243612, "n_estimators": 162.27444184042523}, "datetime": {"datetime": "2021-08-25 16:15:07", "elapsed": 101.453648, "delta": 3.035541}}
{"target": -3.4229156056173875, "params": {"eta": 0.07865747539276827, "n_estimators": 125.67327704213203}, "datetime": {"datetime": "2021-08-25 16:15:10", "elapsed": 103.932646, "delta": 2.478998}}
{"target": -3.80016239575059, "params": {"eta": 0.08725299835916492, "n_estimators": 152.41329390641965}, "datetime": {"datetime": "2021-08-25 16:15:13", "elapsed": 106.838225, "delta": 2.905579}}
{"target": -3.4630658065016613, "params": {"eta": 0.08284222437414378, "n_estimators": 114.63130603002598}, "datetime": {"datetime": "2021-08-25 16:15:15", "elapsed": 109.014495, "delta": 2.17627}}
{"target": -3.4062614144806105, "params": {"eta": 0.02498568860629305, "n_estimators": 124.04061218375166}, "datetime": {"datetime": "2021-08-25 16:15:17", "elapsed": 111.36832, "delta": 2.353825}}
{"target": -3.4062614144806105, "params": {"eta": 0.09667256992895715, "n_estimators": 124.2687706370631}, "datetime": {"datetime": "2021-08-25 16:15:19", "elapsed": 113.726648, "delta": 2.358328}}
{"target": -3.4060391124296645, "params": {"eta": 0.09136178827732351, "n_estimators": 123.84274261326583}, "datetime": {"datetime": "2021-08-25 16:15:22", "elapsed": 116.007787, "delta": 2.281139}}
{"target": -3.4060391124296645, "params": {"eta": 0.010407624025950921, "n_estimators": 123.44072026090817}, "datetime": {"datetime": "2021-08-25 16:15:24", "elapsed": 118.387982, "delta": 2.380195}}
{"target": -4.43501491719908, "params": {"eta": 0.02171169583748088, "n_estimators": 176.02344179018397}, "datetime": {"datetime": "2021-08-25 16:15:27", "elapsed": 121.607865, "delta": 3.219883}}
{"target": -3.4060391124296645, "params": {"eta": 0.08092038467232426, "n_estimators": 123.63183291347192}, "datetime": {"datetime": "2021-08-25 16:15:30", "elapsed": 124.032887, "delta": 2.425022}}
{"target": -3.4060391124296645, "params": {"eta": 0.023187787073564555, "n_estimators": 123.56330672634499}, "datetime": {"datetime": "2021-08-25 16:15:32", "elapsed": 126.474687, "delta": 2.4418}}
{"target": -3.4060391124296645, "params": {"eta": 0.07648781954289521, "n_estimators": 123.87994170923736}, "datetime": {"datetime": "2021-08-25 16:15:35", "elapsed": 128.929852, "delta": 2.455165}}
{"target": -3.4060391124296645, "params": {"eta": 0.09139124766370088, "n_estimators": 123.36875429032935}, "datetime": {"datetime": "2021-08-25 16:15:37", "elapsed": 131.259769, "delta": 2.329917}}
{"target": -3.4060391124296645, "params": {"eta": 0.07160792346698275, "n_estimators": 123.60456522368241}, "datetime": {"datetime": "2021-08-25 16:15:39", "elapsed": 133.60414, "delta": 2.344371}}
{"target": -4.640219316788484, "params": {"eta": 0.0922295142255517, "n_estimators": 227.02123014480438}, "datetime": {"datetime": "2021-08-25 16:15:44", "elapsed": 137.826103, "delta": 4.221963}}
{"target": -4.816161141905104, "params": {"eta": 0.010000000000000002, "n_estimators": 249.67685822737}, "datetime": {"datetime": "2021-08-25 16:15:48", "elapsed": 142.432951, "delta": 4.606848}}
{"target": -3.4060391124296645, "params": {"eta": 0.09180626220658443, "n_estimators": 123.44318097037714}, "datetime": {"datetime": "2021-08-25 16:15:51", "elapsed": 144.778221, "delta": 2.34527}}
{"target": -5.192832478464996, "params": {"eta": 0.1, "n_estimators": 273.7737113515482}, "datetime": {"datetime": "2021-08-25 16:15:55", "elapsed": 149.497127, "delta": 4.718906}}
{"target": -3.4060391124296645, "params": {"eta": 0.021074920928029664, "n_estimators": 123.6695566681186}, "datetime": {"datetime": "2021-08-25 16:15:58", "elapsed": 151.854727, "delta": 2.3576}}
{"target": -3.608180001841469, "params": {"eta": 0.08782732494480365, "n_estimators": 89.08699097155606}, "datetime": {"datetime": "2021-08-25 16:15:59", "elapsed": 153.705764, "delta": 1.851037}}
{"target": -3.6693625354047326, "params": {"eta": 0.08856351996773269, "n_estimators": 80.8021374960692}, "datetime": {"datetime": "2021-08-25 16:16:01", "elapsed": 155.411251, "delta": 1.705487}}
{"target": -3.624597705298502, "params": {"eta": 0.06823498752191545, "n_estimators": 84.7497464894222}, "datetime": {"datetime": "2021-08-25 16:16:03", "elapsed": 157.153439, "delta": 1.742188}}
{"target": -6.417887979195691, "params": {"eta": 0.09049611286414293, "n_estimators": 999.8927930107756}, "datetime": {"datetime": "2021-08-25 16:16:19", "elapsed": 172.801693, "delta": 15.648254}}
{"target": -6.585753771447578, "params": {"eta": 0.04085135225825064, "n_estimators": 445.06054307062834}, "datetime": {"datetime": "2021-08-25 16:16:27", "elapsed": 181.732528, "delta": 8.930835}}
{"target": -6.418825039556246, "params": {"eta": 0.0754755695935524, "n_estimators": 800.7868481627161}, "datetime": {"datetime": "2021-08-25 16:16:42", "elapsed": 196.338011, "delta": 14.605483}}
{"target": -3.4060391124296645, "params": {"eta": 0.09400230652790668, "n_estimators": 123.76794752698487}, "datetime": {"datetime": "2021-08-25 16:16:45", "elapsed": 198.956086, "delta": 2.618075}}
{"target": -6.418171938291556, "params": {"eta": 0.1, "n_estimators": 939.6112579612461}, "datetime": {"datetime": "2021-08-25 16:17:00", "elapsed": 213.962022, "delta": 15.005936}}
{"target": -6.419690440663488, "params": {"eta": 0.01, "n_estimators": 618.0770803734287}, "datetime": {"datetime": "2021-08-25 16:17:10", "elapsed": 224.178895, "delta": 10.216873}}
{"target": -3.4062614144806105, "params": {"eta": 0.010642284894208853, "n_estimators": 124.01807412848312}, "datetime": {"datetime": "2021-08-25 16:17:12", "elapsed": 226.606569, "delta": 2.427674}}
{"target": -6.526907135975055, "params": {"eta": 0.1, "n_estimators": 495.86050589061904}, "datetime": {"datetime": "2021-08-25 16:17:21", "elapsed": 235.238864, "delta": 8.632295}}
{"target": -6.3617729880236045, "params": {"eta": 0.051443419444725365, "n_estimators": 395.49676987888176}, "datetime": {"datetime": "2021-08-25 16:17:28", "elapsed": 242.385113, "delta": 7.146249}}
{"target": -3.4060391124296645, "params": {"eta": 0.023378487971820634, "n_estimators": 123.77864601354591}, "datetime": {"datetime": "2021-08-25 16:17:31", "elapsed": 244.835961, "delta": 2.450848}}
{"target": -3.4060391124296645, "params": {"eta": 0.09678784116971176, "n_estimators": 123.9154018872214}, "datetime": {"datetime": "2021-08-25 16:17:33", "elapsed": 247.342002, "delta": 2.506041}}
{"target": -3.4060391124296645, "params": {"eta": 0.09235601138421494, "n_estimators": 123.68232463888035}, "datetime": {"datetime": "2021-08-25 16:17:36", "elapsed": 249.962063, "delta": 2.620061}}
{"target": -6.41863612287448, "params": {"eta": 0.01, "n_estimators": 840.1052066096975}, "datetime": {"datetime": "2021-08-25 16:17:49", "elapsed": 263.374893, "delta": 13.41283}}
{"target": -6.419005213788146, "params": {"eta": 0.07075925575050702, "n_estimators": 761.9502713642422}, "datetime": {"datetime": "2021-08-25 16:18:01", "elapsed": 275.48654, "delta": 12.111647}}
{"target": -3.4060391124296645, "params": {"eta": 0.09264181552927307, "n_estimators": 123.73397164764897}, "datetime": {"datetime": "2021-08-25 16:18:04", "elapsed": 277.926174, "delta": 2.439634}}
{"target": -3.4060391124296645, "params": {"eta": 0.02182649646447407, "n_estimators": 123.62540212213787}, "datetime": {"datetime": "2021-08-25 16:18:06", "elapsed": 280.298926, "delta": 2.372752}}
{"target": -3.4060391124296645, "params": {"eta": 0.08285337810352475, "n_estimators": 123.53988456172436}, "datetime": {"datetime": "2021-08-25 16:18:08", "elapsed": 282.736767, "delta": 2.437841}}
{"target": -3.4060391124296645, "params": {"eta": 0.029211068254148792, "n_estimators": 123.53736544269493}, "datetime": {"datetime": "2021-08-25 16:18:11", "elapsed": 285.061508, "delta": 2.324741}}
{"target": -3.4060391124296645, "params": {"eta": 0.09932256149777448, "n_estimators": 123.76768219426862}, "datetime": {"datetime": "2021-08-25 16:18:13", "elapsed": 287.527722, "delta": 2.466214}}
