{"target": -3.650764957584233, "params": {"eta": 0.04659349664371432, "max_depth": 3.8246542704084163, "n_estimators": 83.31973670924255}, "datetime": {"datetime": "2021-08-25 15:54:57", "elapsed": 248.41605, "delta": 1.933801}}
{"target": -4.463844565059069, "params": {"eta": 0.06293697088589635, "max_depth": 2.609893937846614, "n_estimators": 83.72180787606497}, "datetime": {"datetime": "2021-08-25 15:54:59", "elapsed": 250.121655, "delta": 1.705605}}
{"target": -5.207858036210973, "params": {"eta": 0.07412628977072251, "max_depth": 5.58929139579465, "n_estimators": 83.99006574951851}, "datetime": {"datetime": "2021-08-25 15:55:01", "elapsed": 252.19517, "delta": 2.073515}}
{"target": -4.121079931987069, "params": {"eta": 0.029207484119831546, "max_depth": 4.560721779687015, "n_estimators": 81.59454180781874}, "datetime": {"datetime": "2021-08-25 15:55:03", "elapsed": 254.213509, "delta": 2.018339}}
{"target": -4.411326124900427, "params": {"eta": 0.04253669431958235, "max_depth": 2.880591280831418, "n_estimators": 80.72034922992309}, "datetime": {"datetime": "2021-08-25 15:55:05", "elapsed": 255.84877, "delta": 1.635261}}
{"target": -3.6491357380869096, "params": {"eta": 0.02767257889588231, "max_depth": 3.4542090169413653, "n_estimators": 82.29530024068042}, "datetime": {"datetime": "2021-08-25 15:55:06", "elapsed": 257.676144, "delta": 1.827374}}
{"target": -4.077859133540137, "params": {"eta": 0.04881199803696488, "max_depth": 1.5835148233828078, "n_estimators": 81.83886381571565}, "datetime": {"datetime": "2021-08-25 15:55:08", "elapsed": 259.148722, "delta": 1.472578}}
{"target": -4.023445589398058, "params": {"eta": 0.05838666838160285, "max_depth": 1.2677511135379413, "n_estimators": 79.43394987576482}, "datetime": {"datetime": "2021-08-25 15:55:09", "elapsed": 260.674653, "delta": 1.525931}}
{"target": -4.429542827211677, "params": {"eta": 0.08324682415208755, "max_depth": 2.4753617989484304, "n_estimators": 78.16971221684716}, "datetime": {"datetime": "2021-08-25 15:55:11", "elapsed": 262.326799, "delta": 1.652146}}
{"target": -3.9841742364974926, "params": {"eta": 0.03187192065968494, "max_depth": 1.2215935826799496, "n_estimators": 77.3153793142529}, "datetime": {"datetime": "2021-08-25 15:55:13", "elapsed": 263.815895, "delta": 1.489096}}
{"target": -3.884075537854534, "params": {"eta": 0.020990882812442276, "max_depth": 1.6784751944684038, "n_estimators": 75.04712518833237}, "datetime": {"datetime": "2021-08-25 15:55:14", "elapsed": 265.360931, "delta": 1.545036}}
{"target": -4.39324932649321, "params": {"eta": 0.01, "max_depth": 2.7364749705202422, "n_estimators": 76.09680651798378}, "datetime": {"datetime": "2021-08-25 15:55:16", "elapsed": 267.098839, "delta": 1.737908}}
{"target": -3.934395071464927, "params": {"eta": 0.08739368493084801, "max_depth": 1.5120877027984625, "n_estimators": 73.4575890570163}, "datetime": {"datetime": "2021-08-25 15:55:17", "elapsed": 268.559633, "delta": 1.460794}}
