{"target": -80.93626217756645, "params": {"eta": 0.047531980423231666, "max_depth": 7.482920440979423, "n_estimators": 10.113231069171437}, "datetime": {"datetime": "2021-08-25 15:50:49", "elapsed": 0.0, "delta": 0.0}}
{"target": -4.346930686515033, "params": {"eta": 0.03720993153686558, "max_depth": 2.3208030173540175, "n_estimators": 101.41520882110981}, "datetime": {"datetime": "2021-08-25 15:50:50", "elapsed": 1.698261, "delta": 1.698261}}
{"target": -5.355660632972464, "params": {"eta": 0.026763419023990383, "max_depth": 4.11004654338743, "n_estimators": 402.79979948836325}, "datetime": {"datetime": "2021-08-25 15:50:58", "elapsed": 9.049347, "delta": 7.351086}}
{"target": -5.356688169930747, "params": {"eta": 0.05849350606030213, "max_depth": 4.772750629629654, "n_estimators": 688.3673053927919}, "datetime": {"datetime": "2021-08-25 15:51:09", "elapsed": 20.162726, "delta": 11.113379}}
{"target": -22.13541361763567, "params": {"eta": 0.02840070247583657, "max_depth": 8.90305692751851, "n_estimators": 37.1137172659469}, "datetime": {"datetime": "2021-08-25 15:51:10", "elapsed": 21.000714, "delta": 0.837988}}
{"target": -5.356233312084123, "params": {"eta": 0.07034207591605621, "max_depth": 4.755743221304143, "n_estimators": 563.1029301612941}, "datetime": {"datetime": "2021-08-25 15:51:19", "elapsed": 30.356422, "delta": 9.355708}}
{"target": -4.984197326128522, "params": {"eta": 0.02263482447357104, "max_depth": 2.782913401763909, "n_estimators": 802.7371229887813}, "datetime": {"datetime": "2021-08-25 15:51:32", "elapsed": 43.147931, "delta": 12.791509}}
{"target": -6.419330778260488, "params": {"eta": 0.09714354181474578, "max_depth": 3.8208176034331855, "n_estimators": 695.3993895126209}, "datetime": {"datetime": "2021-08-25 15:51:44", "elapsed": 54.799404, "delta": 11.651473}}
{"target": -11.920580101094211, "params": {"eta": 0.08887502370664345, "max_depth": 9.051459971534626, "n_estimators": 94.19376925608013}, "datetime": {"datetime": "2021-08-25 15:51:46", "elapsed": 57.174097, "delta": 2.374693}}
{"target": -5.082924394887084, "params": {"eta": 0.013514930490959413, "max_depth": 2.5284737760811202, "n_estimators": 879.361078395119}, "datetime": {"datetime": "2021-08-25 15:52:00", "elapsed": 71.482275, "delta": 14.308178}}
{"target": -4.532853479437426, "params": {"eta": 0.01790996345344979, "max_depth": 1.0, "n_estimators": 104.11485880816046}, "datetime": {"datetime": "2021-08-25 15:52:02", "elapsed": 73.361062, "delta": 1.878787}}
{"target": -4.559658851622673, "params": {"eta": 0.1, "max_depth": 1.0, "n_estimators": 101.31127833472944}, "datetime": {"datetime": "2021-08-25 15:52:04", "elapsed": 75.161249, "delta": 1.800187}}
{"target": -3.5338879447284657, "params": {"eta": 0.1, "max_depth": 3.590666688071874, "n_estimators": 103.59684623533688}, "datetime": {"datetime": "2021-08-25 15:52:06", "elapsed": 77.331091, "delta": 2.169842}}
{"target": -8.667660407332315, "params": {"eta": 0.0699695614827601, "max_depth": 6.725448299666683, "n_estimators": 105.67414390426822}, "datetime": {"datetime": "2021-08-25 15:52:09", "elapsed": 79.786301, "delta": 2.45521}}
{"target": -4.332315631705101, "params": {"eta": 0.1, "max_depth": 2.5748955154229716, "n_estimators": 103.21549529686422}, "datetime": {"datetime": "2021-08-25 15:52:10", "elapsed": 81.673973, "delta": 1.887672}}
{"target": -3.543630776183558, "params": {"eta": 0.015566915378684675, "max_depth": 3.3716180919851104, "n_estimators": 105.06310377828666}, "datetime": {"datetime": "2021-08-25 15:52:12", "elapsed": 83.676472, "delta": 2.002499}}
{"target": -4.3702798243043315, "params": {"eta": 0.051692809219237724, "max_depth": 2.876651942886423, "n_estimators": 104.70031161359942}, "datetime": {"datetime": "2021-08-25 15:52:14", "elapsed": 85.578484, "delta": 1.902012}}
{"target": -4.495580940587509, "params": {"eta": 0.03337730352008982, "max_depth": 4.0653069132743385, "n_estimators": 105.63621137139968}, "datetime": {"datetime": "2021-08-25 15:52:16", "elapsed": 87.614001, "delta": 2.035517}}
{"target": -4.530696672564103, "params": {"eta": 0.01, "max_depth": 4.042875961981233, "n_estimators": 104.45657080402769}, "datetime": {"datetime": "2021-08-25 15:52:18", "elapsed": 89.746748, "delta": 2.132747}}
{"target": -3.5566431616269547, "params": {"eta": 0.0450942474471501, "max_depth": 3.302272793534003, "n_estimators": 102.31005430236829}, "datetime": {"datetime": "2021-08-25 15:52:20", "elapsed": 91.666843, "delta": 1.920095}}
{"target": -4.298048560395817, "params": {"eta": 0.09723446239773795, "max_depth": 2.991920602579664, "n_estimators": 102.3218398028721}, "datetime": {"datetime": "2021-08-25 15:52:22", "elapsed": 93.455647, "delta": 1.788804}}
{"target": -4.5290780498218615, "params": {"eta": 0.060878813258701196, "max_depth": 4.0873488254199675, "n_estimators": 102.95142027437642}, "datetime": {"datetime": "2021-08-25 15:52:24", "elapsed": 95.557842, "delta": 2.102195}}
{"target": -3.5566431616269547, "params": {"eta": 0.06592784177847968, "max_depth": 3.7022789316653357, "n_estimators": 102.01459627715242}, "datetime": {"datetime": "2021-08-25 15:52:26", "elapsed": 97.435255, "delta": 1.877413}}
{"target": -3.5338879447284657, "params": {"eta": 0.031399705757255154, "max_depth": 3.5126647659731054, "n_estimators": 103.96032420334605}, "datetime": {"datetime": "2021-08-25 15:52:28", "elapsed": 99.397002, "delta": 1.961747}}
{"target": -3.5566431616269547, "params": {"eta": 0.060569388162162195, "max_depth": 3.4647860781299453, "n_estimators": 102.06379927851921}, "datetime": {"datetime": "2021-08-25 15:52:30", "elapsed": 101.360391, "delta": 1.963389}}
{"target": -3.5338879447284657, "params": {"eta": 0.0629671910899044, "max_depth": 3.3662302986566477, "n_estimators": 103.3652924007443}, "datetime": {"datetime": "2021-08-25 15:52:32", "elapsed": 103.345813, "delta": 1.985422}}
{"target": -3.5517322004202696, "params": {"eta": 0.1, "max_depth": 3.5140581191056013, "n_estimators": 104.76281107059502}, "datetime": {"datetime": "2021-08-25 15:52:34", "elapsed": 105.317106, "delta": 1.971293}}
{"target": -4.541930381976492, "params": {"eta": 0.0570453441650608, "max_depth": 1.397693739201277, "n_estimators": 102.4886420859489}, "datetime": {"datetime": "2021-08-25 15:52:36", "elapsed": 106.945417, "delta": 1.628311}}
{"target": -3.5338879447284657, "params": {"eta": 0.07205260070541726, "max_depth": 3.2423585445425562, "n_estimators": 103.84223935567893}, "datetime": {"datetime": "2021-08-25 15:52:38", "elapsed": 108.953273, "delta": 2.007856}}
{"target": -3.5566431616269547, "params": {"eta": 0.021837762924387355, "max_depth": 3.6259241492359076, "n_estimators": 102.9940713555246}, "datetime": {"datetime": "2021-08-25 15:52:40", "elapsed": 110.925606, "delta": 1.972333}}
{"target": -4.448239030506848, "params": {"eta": 0.06755962173948014, "max_depth": 1.3091666080430069, "n_estimators": 103.54801787689318}, "datetime": {"datetime": "2021-08-25 15:52:41", "elapsed": 112.65686, "delta": 1.731254}}
{"target": -3.5818696427047185, "params": {"eta": 0.08463054530852585, "max_depth": 3.279764873161061, "n_estimators": 101.18192643692979}, "datetime": {"datetime": "2021-08-25 15:52:43", "elapsed": 114.641998, "delta": 1.985138}}
{"target": -4.378451447155797, "params": {"eta": 0.05195391050373352, "max_depth": 2.7383748825504504, "n_estimators": 100.76453527388821}, "datetime": {"datetime": "2021-08-25 15:52:45", "elapsed": 116.516611, "delta": 1.874613}}
{"target": -3.5818696427047185, "params": {"eta": 0.01, "max_depth": 3.896434736577586, "n_estimators": 101.04254701939304}, "datetime": {"datetime": "2021-08-25 15:52:47", "elapsed": 118.561235, "delta": 2.044624}}
{"target": -3.5818696427047185, "params": {"eta": 0.010341368531663113, "max_depth": 3.732000432603848, "n_estimators": 101.49541241852431}, "datetime": {"datetime": "2021-08-25 15:52:49", "elapsed": 120.54867, "delta": 1.987435}}
{"target": -3.6093260621297167, "params": {"eta": 0.03876964782085201, "max_depth": 3.869182771970548, "n_estimators": 100.29878243210631}, "datetime": {"datetime": "2021-08-25 15:52:51", "elapsed": 122.48924, "delta": 1.94057}}
{"target": -4.418849132969816, "params": {"eta": 0.028453390086111814, "max_depth": 4.238820722776513, "n_estimators": 99.8818442278582}, "datetime": {"datetime": "2021-08-25 15:52:53", "elapsed": 124.748633, "delta": 2.259393}}
{"target": -3.6093260621297167, "params": {"eta": 0.04408579447675195, "max_depth": 3.272477876011017, "n_estimators": 100.04301134193116}, "datetime": {"datetime": "2021-08-25 15:52:55", "elapsed": 126.716485, "delta": 1.967852}}
{"target": -4.2852770719568865, "params": {"eta": 0.05543974476314855, "max_depth": 2.504289072397891, "n_estimators": 99.57295964064954}, "datetime": {"datetime": "2021-08-25 15:52:59", "elapsed": 130.51294, "delta": 1.892344}}
{"target": -3.543630776183558, "params": {"eta": 0.04102075527147022, "max_depth": 3.282111777557133, "n_estimators": 105.8980884959109}, "datetime": {"datetime": "2021-08-25 15:53:01", "elapsed": 132.556983, "delta": 2.044043}}
{"target": -4.1950098764818895, "params": {"eta": 0.08914192937081057, "max_depth": 2.7824776173964114, "n_estimators": 106.06644724315271}, "datetime": {"datetime": "2021-08-25 15:53:03", "elapsed": 134.510231, "delta": 1.953248}}
{"target": -4.298300747172835, "params": {"eta": 0.04106276415120505, "max_depth": 2.7610896297099448, "n_estimators": 98.40101389331878}, "datetime": {"datetime": "2021-08-25 15:53:05", "elapsed": 136.276645, "delta": 1.766414}}
{"target": -3.6362082352425253, "params": {"eta": 0.04669167985649378, "max_depth": 3.617552534895895, "n_estimators": 98.25226383378033}, "datetime": {"datetime": "2021-08-25 15:53:07", "elapsed": 138.111538, "delta": 1.834893}}
{"target": -3.628945246205096, "params": {"eta": 0.09786667087770894, "max_depth": 3.26671867952051, "n_estimators": 97.5569845964666}, "datetime": {"datetime": "2021-08-25 15:53:09", "elapsed": 140.089267, "delta": 1.977729}}
{"target": -3.533651433341302, "params": {"eta": 0.09655759456560856, "max_depth": 3.551156357009746, "n_estimators": 106.58433067815868}, "datetime": {"datetime": "2021-08-25 15:53:11", "elapsed": 142.120689, "delta": 2.031422}}
{"target": -4.391423533950322, "params": {"eta": 0.08704277925810493, "max_depth": 4.514103298056872, "n_estimators": 97.50704487986235}, "datetime": {"datetime": "2021-08-25 15:53:13", "elapsed": 144.123467, "delta": 2.002778}}
{"target": -3.628945246205096, "params": {"eta": 0.06239924953609086, "max_depth": 3.679427771998987, "n_estimators": 97.51255267785447}, "datetime": {"datetime": "2021-08-25 15:53:15", "elapsed": 146.02366, "delta": 1.900193}}
{"target": -3.540133571868938, "params": {"eta": 0.06699727539917238, "max_depth": 3.799883663728039, "n_estimators": 107.56625403344015}, "datetime": {"datetime": "2021-08-25 15:53:17", "elapsed": 148.11258, "delta": 2.08892}}
{"target": -3.5396020567685165, "params": {"eta": 0.015712939088559696, "max_depth": 3.398951842735751, "n_estimators": 108.02640784925094}, "datetime": {"datetime": "2021-08-25 15:53:19", "elapsed": 150.267685, "delta": 2.155105}}
{"target": -3.540133571868938, "params": {"eta": 0.0880728926834208, "max_depth": 3.247430048596575, "n_estimators": 107.18525840025404}, "datetime": {"datetime": "2021-08-25 15:53:21", "elapsed": 152.366417, "delta": 2.098732}}
{"target": -3.5396020567685165, "params": {"eta": 0.033566324907915175, "max_depth": 3.6680242137811847, "n_estimators": 108.92379037124174}, "datetime": {"datetime": "2021-08-25 15:53:23", "elapsed": 154.49358, "delta": 2.127163}}
{"target": -3.5396020567685165, "params": {"eta": 0.09078523870994659, "max_depth": 3.0273737460383776, "n_estimators": 108.93530677109726}, "datetime": {"datetime": "2021-08-25 15:53:25", "elapsed": 156.60359, "delta": 2.11001}}
{"target": -3.5327337582778338, "params": {"eta": 0.027696390404728502, "max_depth": 3.262791845084415, "n_estimators": 109.60197489331843}, "datetime": {"datetime": "2021-08-25 15:53:28", "elapsed": 158.844181, "delta": 2.240591}}
{"target": -4.105503690177436, "params": {"eta": 0.03194875153229397, "max_depth": 2.412547691318067, "n_estimators": 110.33870974109253}, "datetime": {"datetime": "2021-08-25 15:53:30", "elapsed": 160.875189, "delta": 2.031008}}
{"target": -3.530863472056035, "params": {"eta": 0.1, "max_depth": 3.8631019462092193, "n_estimators": 110.54826379508492}, "datetime": {"datetime": "2021-08-25 15:53:32", "elapsed": 163.023713, "delta": 2.148524}}
{"target": -4.442048502974308, "params": {"eta": 0.1, "max_depth": 4.639105416530059, "n_estimators": 109.84798813457614}, "datetime": {"datetime": "2021-08-25 15:53:34", "elapsed": 165.284572, "delta": 2.260859}}
{"target": -3.5008057744713788, "params": {"eta": 0.06990808118165177, "max_depth": 3.3587124644868656, "n_estimators": 111.29269117178328}, "datetime": {"datetime": "2021-08-25 15:53:36", "elapsed": 167.414728, "delta": 2.130156}}
{"target": -4.700353138974149, "params": {"eta": 0.025781682876097695, "max_depth": 4.207199237457077, "n_estimators": 111.53656669238842}, "datetime": {"datetime": "2021-08-25 15:53:39", "elapsed": 169.799085, "delta": 2.384357}}
{"target": -4.036166857574824, "params": {"eta": 0.09661493082269929, "max_depth": 2.31845491447202, "n_estimators": 112.3447709948795}, "datetime": {"datetime": "2021-08-25 15:53:41", "elapsed": 171.791726, "delta": 1.992641}}
{"target": -4.424351425082893, "params": {"eta": 0.05656350540682241, "max_depth": 2.6913585228685664, "n_estimators": 96.34710373020488}, "datetime": {"datetime": "2021-08-25 15:53:42", "elapsed": 173.586502, "delta": 1.794776}}
{"target": -4.170888841454686, "params": {"eta": 0.03880545104712398, "max_depth": 2.111923172769674, "n_estimators": 108.06834449250255}, "datetime": {"datetime": "2021-08-25 15:53:44", "elapsed": 175.500158, "delta": 1.913656}}
{"target": -4.120484885700213, "params": {"eta": 0.01, "max_depth": 2.5026520549334377, "n_estimators": 111.40446921567634}, "datetime": {"datetime": "2021-08-25 15:53:46", "elapsed": 177.626548, "delta": 2.12639}}
{"target": -3.530863472056035, "params": {"eta": 0.06717865218382112, "max_depth": 3.416713996937494, "n_estimators": 110.72451219109483}, "datetime": {"datetime": "2021-08-25 15:53:49", "elapsed": 179.790784, "delta": 2.164236}}
{"target": -3.4594038288020137, "params": {"eta": 0.06838095059283197, "max_depth": 3.2742093296307226, "n_estimators": 113.18623674116047}, "datetime": {"datetime": "2021-08-25 15:53:51", "elapsed": 181.918898, "delta": 2.128114}}
{"target": -4.007808316978729, "params": {"eta": 0.05135584537658416, "max_depth": 2.636466843683783, "n_estimators": 113.37386929557807}, "datetime": {"datetime": "2021-08-25 15:53:53", "elapsed": 184.025413, "delta": 2.106515}}
{"target": -3.5069306665849003, "params": {"eta": 0.01821299039473292, "max_depth": 3.2840773064120907, "n_estimators": 112.32120151717272}, "datetime": {"datetime": "2021-08-25 15:53:55", "elapsed": 186.222587, "delta": 2.197174}}
{"target": -3.4630658065016613, "params": {"eta": 0.047513605380891125, "max_depth": 3.504778975361891, "n_estimators": 114.24227242955583}, "datetime": {"datetime": "2021-08-25 15:53:57", "elapsed": 188.393173, "delta": 2.170586}}
{"target": -4.709465811212852, "params": {"eta": 0.07933139013290977, "max_depth": 4.5897262665316445, "n_estimators": 114.89680328723651}, "datetime": {"datetime": "2021-08-25 15:53:59", "elapsed": 190.696478, "delta": 2.303305}}
{"target": -4.665532567356544, "params": {"eta": 0.053477887275067956, "max_depth": 4.197260040309584, "n_estimators": 113.16844600998557}, "datetime": {"datetime": "2021-08-25 15:54:02", "elapsed": 193.188782, "delta": 2.492304}}
{"target": -3.4601532978784517, "params": {"eta": 0.026181711889617605, "max_depth": 3.50678338082479, "n_estimators": 115.27736590355235}, "datetime": {"datetime": "2021-08-25 15:54:04", "elapsed": 195.447752, "delta": 2.25897}}
{"target": -4.077453623936138, "params": {"eta": 0.06014514733118011, "max_depth": 2.1040404243501025, "n_estimators": 115.03358515626364}, "datetime": {"datetime": "2021-08-25 15:54:06", "elapsed": 197.591536, "delta": 2.143784}}
{"target": -3.4601532978784517, "params": {"eta": 0.09840573361829096, "max_depth": 3.141964784377321, "n_estimators": 115.93817566368016}, "datetime": {"datetime": "2021-08-25 15:54:09", "elapsed": 199.801233, "delta": 2.209697}}
{"target": -4.757773083952183, "params": {"eta": 0.09144562695868595, "max_depth": 4.085709591165471, "n_estimators": 116.82683950621538}, "datetime": {"datetime": "2021-08-25 15:54:11", "elapsed": 202.210544, "delta": 2.409311}}
{"target": -4.078434451765877, "params": {"eta": 0.08008706804512271, "max_depth": 2.440697850571128, "n_estimators": 117.08329915242903}, "datetime": {"datetime": "2021-08-25 15:54:13", "elapsed": 204.512988, "delta": 2.302444}}
{"target": -4.851140417312462, "params": {"eta": 0.08957692230960335, "max_depth": 1.467692208515138, "n_estimators": 116.45448011507547}, "datetime": {"datetime": "2021-08-25 15:54:15", "elapsed": 206.621598, "delta": 2.10861}}
{"target": -4.849969861621518, "params": {"eta": 0.01910914792527967, "max_depth": 1.852057594526496, "n_estimators": 119.23364347617016}, "datetime": {"datetime": "2021-08-25 15:54:17", "elapsed": 208.65137, "delta": 2.029772}}
{"target": -4.077453623936138, "params": {"eta": 0.047555448014985895, "max_depth": 2.8795614155828524, "n_estimators": 115.23023436535347}, "datetime": {"datetime": "2021-08-25 15:54:20", "elapsed": 210.943124, "delta": 2.291754}}
{"target": -4.670984416817013, "params": {"eta": 0.05291075714948682, "max_depth": 1.3524648168139206, "n_estimators": 109.31878427519324}, "datetime": {"datetime": "2021-08-25 15:54:22", "elapsed": 212.892357, "delta": 1.949233}}
{"target": -4.713194101990338, "params": {"eta": 0.1, "max_depth": 1.0, "n_estimators": 114.2946834330106}, "datetime": {"datetime": "2021-08-25 15:54:24", "elapsed": 214.848446, "delta": 1.956089}}
{"target": -4.397557558777383, "params": {"eta": 0.02163929003064658, "max_depth": 4.124971797316652, "n_estimators": 96.00732396394226}, "datetime": {"datetime": "2021-08-25 15:54:26", "elapsed": 216.945505, "delta": 2.097059}}
{"target": -3.6161477185314794, "params": {"eta": 0.04365598941058343, "max_depth": 3.1960766334410318, "n_estimators": 94.08088110005458}, "datetime": {"datetime": "2021-08-25 15:54:28", "elapsed": 218.88175, "delta": 1.936245}}
{"target": -4.326632046303997, "params": {"eta": 0.01026438992166127, "max_depth": 1.9090395887269196, "n_estimators": 94.46225751013445}, "datetime": {"datetime": "2021-08-25 15:54:29", "elapsed": 220.545676, "delta": 1.663926}}
{"target": -4.450231413144792, "params": {"eta": 0.045414520704471856, "max_depth": 2.692589845958672, "n_estimators": 92.60472368596382}, "datetime": {"datetime": "2021-08-25 15:54:31", "elapsed": 222.263702, "delta": 1.718026}}
{"target": -4.2888355642247635, "params": {"eta": 0.03912598285283527, "max_depth": 4.681201300230862, "n_estimators": 94.45031989501564}, "datetime": {"datetime": "2021-08-25 15:54:33", "elapsed": 224.279202, "delta": 2.0155}}
{"target": -4.297429631702847, "params": {"eta": 0.023838209529564607, "max_depth": 4.1591354773789035, "n_estimators": 93.52667960984495}, "datetime": {"datetime": "2021-08-25 15:54:35", "elapsed": 226.250709, "delta": 1.971507}}
{"target": -4.363525437317688, "params": {"eta": 0.05805350509966215, "max_depth": 1.1481192996473704, "n_estimators": 91.66026426347749}, "datetime": {"datetime": "2021-08-25 15:54:37", "elapsed": 227.805958, "delta": 1.555249}}
{"target": -4.36570059816857, "params": {"eta": 0.03670519622977967, "max_depth": 1.7164460795374188, "n_estimators": 90.02941651795365}, "datetime": {"datetime": "2021-08-25 15:54:38", "elapsed": 229.540877, "delta": 1.734919}}
{"target": -3.608180001841469, "params": {"eta": 0.08111242102208518, "max_depth": 3.547836536052544, "n_estimators": 89.9610092971711}, "datetime": {"datetime": "2021-08-25 15:54:40", "elapsed": 231.319406, "delta": 1.778529}}
{"target": -3.6312384523455594, "params": {"eta": 0.0514147038383446, "max_depth": 3.1702306616661997, "n_estimators": 88.65755877956875}, "datetime": {"datetime": "2021-08-25 15:54:42", "elapsed": 233.169414, "delta": 1.850008}}
{"target": -4.381185897252548, "params": {"eta": 0.05622917208110661, "max_depth": 4.265852958078438, "n_estimators": 87.84605401141182}, "datetime": {"datetime": "2021-08-25 15:54:44", "elapsed": 235.100567, "delta": 1.931153}}
{"target": -4.305997432997438, "params": {"eta": 0.035479506475825685, "max_depth": 4.260470307655609, "n_estimators": 89.372782936744}, "datetime": {"datetime": "2021-08-25 15:54:46", "elapsed": 237.043514, "delta": 1.942947}}
{"target": -4.320817197676422, "params": {"eta": 0.05754058926360137, "max_depth": 2.8606992699558704, "n_estimators": 90.9566167399503}, "datetime": {"datetime": "2021-08-25 15:54:48", "elapsed": 238.854682, "delta": 1.811168}}
{"target": -4.229687392913281, "params": {"eta": 0.01232454757152423, "max_depth": 2.921985350568874, "n_estimators": 86.71216745588018}, "datetime": {"datetime": "2021-08-25 15:54:49", "elapsed": 240.605123, "delta": 1.750441}}
{"target": -4.3529713929257525, "params": {"eta": 0.023454532748999397, "max_depth": 2.0726635440171237, "n_estimators": 88.45012094318061}, "datetime": {"datetime": "2021-08-25 15:54:51", "elapsed": 242.632215, "delta": 2.027092}}
{"target": -3.624597705298502, "params": {"eta": 0.013015594728904073, "max_depth": 3.848440798682177, "n_estimators": 84.6429230364902}, "datetime": {"datetime": "2021-08-25 15:54:53", "elapsed": 244.483528, "delta": 1.851313}}
{"target": -4.37798332464585, "params": {"eta": 0.07217573789124834, "max_depth": 4.922313474161099, "n_estimators": 85.3753157098247}, "datetime": {"datetime": "2021-08-25 15:54:55", "elapsed": 246.482249, "delta": 1.998721}}
