{"target": -2.602909735568993, "params": {"C": 4.228517846555483, "epsilon": 7.20604168948716, "gamma": 0.00011142604425275418, "mu": -0.39533485473632046}, "datetime": {"datetime": "2021-04-10 17:39:31", "elapsed": 0.0, "delta": 0.0}}
{"target": -3.063849403384032, "params": {"C": 1.5528833190894193, "epsilon": 0.9324625617402901, "gamma": 0.018707395116629322, "mu": -0.3088785459139045}, "datetime": {"datetime": "2021-04-10 17:41:16", "elapsed": 104.989276, "delta": 104.989276}}
{"target": -3.016408120585834, "params": {"C": 4.027997994883632, "epsilon": 5.392779172693536, "gamma": 0.04197753198888916, "mu": 0.370439000793519}, "datetime": {"datetime": "2021-04-10 17:43:12", "elapsed": 220.869959, "delta": 115.880683}}
{"target": -2.000818896185362, "params": {"C": 2.124077272342023, "epsilon": 8.782393189545544, "gamma": 0.002836020560472824, "mu": 0.34093502035680445}, "datetime": {"datetime": "2021-04-10 17:45:01", "elapsed": 330.0405, "delta": 109.170541}}
{"target": -3.7405081348276386, "params": {"C": 4.231317543434557, "epsilon": 5.591311386173059, "gamma": 0.014124655165663854, "mu": -0.6037970218302424}, "datetime": {"datetime": "2021-04-10 17:46:57", "elapsed": 446.130767, "delta": 116.090267}}
{"target": -2.8215474057436705, "params": {"C": 8.027371229887814, "epsilon": 9.68293314143678, "gamma": 0.03141107539810836, "mu": 0.38464523133862816}, "datetime": {"datetime": "2021-04-10 17:49:02", "elapsed": 570.886591, "delta": 124.755824}}
{"target": -4.0914374398821005, "params": {"C": 8.776252607730779, "epsilon": 8.947120568403435, "gamma": 0.008595916715840812, "mu": -0.9218904335342353}, "datetime": {"datetime": "2021-04-10 17:51:11", "elapsed": 700.615237, "delta": 129.728646}}
{"target": -2.2095784681977393, "params": {"C": 1.7813211536892324, "epsilon": 8.782643609259837, "gamma": 0.009924848699921704, "mu": -0.15778474998989567}, "datetime": {"datetime": "2021-04-10 17:52:59", "elapsed": 808.302517, "delta": 107.68728}}
{"target": -7.291095747922307, "params": {"C": 9.583106348489968, "epsilon": 5.336321196880441, "gamma": 0.06921852368365229, "mu": -0.3689687379878741}, "datetime": {"datetime": "2021-04-10 17:54:59", "elapsed": 928.581632, "delta": 120.279115}}
{"target": -2.1028015186481044, "params": {"C": 6.896359184047678, "epsilon": 8.347910462254756, "gamma": 0.0019269989066847614, "mu": 0.5002886298899349}, "datetime": {"datetime": "2021-04-10 17:57:05", "elapsed": 1054.581034, "delta": 125.999402}}
{"target": -2.4785523306729793, "params": {"C": 9.889724780174298, "epsilon": 7.4841748872545955, "gamma": 0.028116354807234078, "mu": 0.578558656902977}, "datetime": {"datetime": "2021-04-10 17:59:10", "elapsed": 1179.338837, "delta": 124.757803}}
{"target": -6.745658638785036, "params": {"C": 1.1219374651186562, "epsilon": 4.484456326497292, "gamma": 0.09086869075900025, "mu": -0.412771703252641}, "datetime": {"datetime": "2021-04-10 18:00:52", "elapsed": 1281.306294, "delta": 101.967457}}
{"target": -2.1096559191029622, "params": {"C": 2.948975852004853, "epsilon": 1.308985435461594, "gamma": 0.0020347590912426776, "mu": 0.3576710658797819}, "datetime": {"datetime": "2021-04-10 18:02:50", "elapsed": 1399.116591, "delta": 117.810297}}
{"target": -7.668871744659884, "params": {"C": 2.1951183484005847, "epsilon": 2.6628111271285397, "gamma": 0.0492081586121058, "mu": -0.8932749097658392}, "datetime": {"datetime": "2021-04-10 18:04:42", "elapsed": 1511.378812, "delta": 112.262221}}
{"target": -3.8321198178778317, "params": {"C": 5.783764294370929, "epsilon": 1.4758184633090434, "gamma": 0.0589716231366381, "mu": 0.39951672004186234}, "datetime": {"datetime": "2021-04-10 18:06:38", "elapsed": 1627.5077, "delta": 116.128888}}
{"target": -2.7677752204231973, "params": {"C": 2.6909307167531953, "epsilon": 0.4782161551663217, "gamma": 0.0001, "mu": 0.6608113644747913}, "datetime": {"datetime": "2021-04-10 18:08:35", "elapsed": 1743.768724, "delta": 116.261024}}
{"target": -2.0352056280245074, "params": {"C": 2.8567888665522183, "epsilon": 8.207292337708708, "gamma": 0.005375448173031061, "mu": -0.1571595505962855}, "datetime": {"datetime": "2021-04-10 18:10:33", "elapsed": 1861.943011, "delta": 118.174287}}
{"target": -2.253926010579035, "params": {"C": 2.9332984432395546, "epsilon": 9.336649157881169, "gamma": 0.009536901647179831, "mu": -0.2096095438198705}, "datetime": {"datetime": "2021-04-10 18:12:35", "elapsed": 1984.54639, "delta": 122.603379}}
{"target": -2.2521153002720418, "params": {"C": 3.697668241689944, "epsilon": 8.438025043566185, "gamma": 0.014167293532022618, "mu": 0.7734694720526416}, "datetime": {"datetime": "2021-04-10 18:14:34", "elapsed": 2103.011603, "delta": 118.465213}}
{"target": -1.9700254956102152, "params": {"C": 5.452245493588627, "epsilon": 8.568209914204653, "gamma": 0.007662548963679072, "mu": 0.2835861010300941}, "datetime": {"datetime": "2021-04-10 18:16:39", "elapsed": 2227.684785, "delta": 124.673182}}
{"target": -13.69814920665089, "params": {"C": 5.647345415395171, "epsilon": 7.483936915768394, "gamma": 0.1, "mu": 1.0}, "datetime": {"datetime": "2021-04-10 18:18:33", "elapsed": 2341.924162, "delta": 114.239377}}
{"target": -2.0865440102187023, "params": {"C": 2.512644964003025, "epsilon": 8.73512016102619, "gamma": 0.007501236763536364, "mu": -0.0741979887100248}, "datetime": {"datetime": "2021-04-10 18:20:29", "elapsed": 2458.412063, "delta": 116.487901}}
{"target": -2.5979099273885806, "params": {"C": 3.316270037850219, "epsilon": 6.361456347696082, "gamma": 0.04011046042515569, "mu": 0.503109599829209}, "datetime": {"datetime": "2021-04-10 18:22:24", "elapsed": 2573.34927, "delta": 114.937207}}
{"target": -1.9954594122888458, "params": {"C": 3.0730302691125724, "epsilon": 8.618371848881226, "gamma": 0.008476558885731207, "mu": 0.23874652943406616}, "datetime": {"datetime": "2021-04-10 18:24:22", "elapsed": 2691.560601, "delta": 118.211331}}
{"target": -2.330981926892728, "params": {"C": 4.032126855124131, "epsilon": 1.9498371852277374, "gamma": 0.00538031209884772, "mu": -0.3100959376341199}, "datetime": {"datetime": "2021-04-10 18:26:20", "elapsed": 2809.5321, "delta": 117.971499}}
{"target": -2.0664081733014568, "params": {"C": 0.19369015637032805, "epsilon": 5.506540292242801, "gamma": 0.01628262880304169, "mu": -0.04440160165510898}, "datetime": {"datetime": "2021-04-10 18:27:56", "elapsed": 2904.690347, "delta": 95.158247}}
{"target": -2.519152931989084, "params": {"C": 3.3902913861039354, "epsilon": 4.853077140071144, "gamma": 0.041740948237964086, "mu": 0.6416605583163371}, "datetime": {"datetime": "2021-04-10 18:29:50", "elapsed": 3018.831946, "delta": 114.141599}}
{"target": -2.5559178214592406, "params": {"C": 2.4171650345905835, "epsilon": 4.475548538230487, "gamma": 0.05505596033323712, "mu": 0.8983653748520213}, "datetime": {"datetime": "2021-04-10 18:31:41", "elapsed": 3129.828529, "delta": 110.996583}}
{"target": -6.339321433435952, "params": {"C": 1.2669235255124145, "epsilon": 5.509805646809017, "gamma": 0.04919736753187943, "mu": -0.7080788783423781}, "datetime": {"datetime": "2021-04-10 18:33:26", "elapsed": 3235.30253, "delta": 105.474001}}
{"target": -4.013903277554957, "params": {"C": 2.576596130587607, "epsilon": 8.160004832459375, "gamma": 0.09827012849605114, "mu": 0.3327081892895587}, "datetime": {"datetime": "2021-04-10 18:35:17", "elapsed": 3346.311871, "delta": 111.009341}}
{"target": -5.726537713866334, "params": {"C": 3.098078665004693, "epsilon": 8.57134214715541, "gamma": 0.04954481232795131, "mu": -0.35033226895515845}, "datetime": {"datetime": "2021-04-10 18:37:10", "elapsed": 3459.649376, "delta": 113.337505}}
{"target": -3.75487160393606, "params": {"C": 1.8898063448093823, "epsilon": 2.7249952320008513, "gamma": 0.08037370770342982, "mu": 0.2960770871867606}, "datetime": {"datetime": "2021-04-10 18:38:54", "elapsed": 3563.268841, "delta": 103.619465}}
{"target": -4.25077635183727, "params": {"C": 1.4237584796799012, "epsilon": 5.083407599901714, "gamma": 0.08892142187847248, "mu": 0.13432818597680685}, "datetime": {"datetime": "2021-04-10 18:40:38", "elapsed": 3666.804638, "delta": 103.535797}}
{"target": -2.6054888734386816, "params": {"C": 1.6012043736538732, "epsilon": 2.0505985678901193, "gamma": 0.06728031653548625, "mu": 0.7496237216957451}, "datetime": {"datetime": "2021-04-10 18:42:22", "elapsed": 3771.477836, "delta": 104.673198}}
{"target": -2.116824763128671, "params": {"C": 8.198615295215538, "epsilon": 1.6436318536487518, "gamma": 0.0016018184281454636, "mu": -0.6780225828119104}, "datetime": {"datetime": "2021-04-10 18:44:28", "elapsed": 3897.595786, "delta": 126.11795}}
{"target": -3.5127821698583883, "params": {"C": 9.861495925433706, "epsilon": 7.086193122583829, "gamma": 0.05829305577735414, "mu": 0.49224884554968806}, "datetime": {"datetime": "2021-04-10 18:46:29", "elapsed": 4018.619362, "delta": 121.023576}}
{"target": -5.090391679989491, "params": {"C": 9.000090429982198, "epsilon": 4.527672293586909, "gamma": 0.03998156498332062, "mu": -0.37694358151182095}, "datetime": {"datetime": "2021-04-10 18:48:32", "elapsed": 4141.663436, "delta": 123.044074}}
{"target": -3.7464469082525897, "params": {"C": 7.046840703629745, "epsilon": 3.8485159499466954, "gamma": 0.026909698535103155, "mu": -0.021633242583548373}, "datetime": {"datetime": "2021-04-10 18:50:32", "elapsed": 4261.212814, "delta": 119.549378}}
{"target": -3.8615127592320753, "params": {"C": 2.959325696233835, "epsilon": 9.356982940253461, "gamma": 0.029724563195537995, "mu": -0.23108996979464203}, "datetime": {"datetime": "2021-04-10 18:52:30", "elapsed": 4379.073851, "delta": 117.861037}}
{"target": -10.326528185501672, "params": {"C": 8.525097121720307, "epsilon": 7.831732098924153, "gamma": 0.09022881527920591, "mu": -0.8132203253825372}, "datetime": {"datetime": "2021-04-10 18:54:31", "elapsed": 4500.534735, "delta": 121.460884}}
{"target": -2.7728079229603595, "params": {"C": 4.006773012072206, "epsilon": 6.489878419154202, "gamma": 0.015768715639533637, "mu": -0.16531586049278313}, "datetime": {"datetime": "2021-04-10 18:56:33", "elapsed": 4622.373118, "delta": 121.838383}}
{"target": -6.916046062875197, "params": {"C": 5.438718813032382, "epsilon": 3.9268066648409543, "gamma": 0.09373106458469237, "mu": -0.15669500248831092}, "datetime": {"datetime": "2021-04-10 18:58:27", "elapsed": 4736.62321, "delta": 114.250092}}
{"target": -3.135057133920284, "params": {"C": 4.93614038563165, "epsilon": 0.6513064588248493, "gamma": 0.03303070971466612, "mu": 0.28036164812953257}, "datetime": {"datetime": "2021-04-10 19:00:23", "elapsed": 4852.592463, "delta": 115.969253}}
{"target": -2.7397306510424357, "params": {"C": 4.114807771579839, "epsilon": 0.1495527006101204, "gamma": 0.04087424761344468, "mu": 0.5757409236078836}, "datetime": {"datetime": "2021-04-10 19:02:16", "elapsed": 4965.394994, "delta": 112.802531}}
{"target": -2.7787692623087468, "params": {"C": 6.585126851728039, "epsilon": 2.185329474467088, "gamma": 0.07029524978611135, "mu": 0.8139953616879911}, "datetime": {"datetime": "2021-04-10 19:04:12", "elapsed": 5081.391075, "delta": 115.996081}}
{"target": -5.73706751265171, "params": {"C": 3.0836138628015335, "epsilon": 6.3265044255962755, "gamma": 0.0892990568112676, "mu": 0.008239317900829102}, "datetime": {"datetime": "2021-04-10 19:06:01", "elapsed": 5190.069375, "delta": 108.6783}}
{"target": -2.06118359750079, "params": {"C": 7.427765562968933, "epsilon": 9.839040560381786, "gamma": 0.01612412812034434, "mu": 0.48224472808529284}, "datetime": {"datetime": "2021-04-10 19:08:04", "elapsed": 5312.980515, "delta": 122.91114}}
{"target": -5.425272334775192, "params": {"C": 3.660678210492562, "epsilon": 5.0743595981205525, "gamma": 0.07251114274475891, "mu": 0.04186139558530577}, "datetime": {"datetime": "2021-04-10 19:09:56", "elapsed": 5425.14154, "delta": 112.161025}}
{"target": -2.9777824079483706, "params": {"C": 4.907952187236096, "epsilon": 6.886823433855788, "gamma": 0.06479797559705776, "mu": 0.602068256045571}, "datetime": {"datetime": "2021-04-10 19:11:50", "elapsed": 5539.597387, "delta": 114.455847}}
{"target": -4.67873000786222, "params": {"C": 9.313951592102523, "epsilon": 9.125779205306513, "gamma": 0.07551877920716289, "mu": 0.3786976113392795}, "datetime": {"datetime": "2021-04-10 19:13:52", "elapsed": 5661.596322, "delta": 121.998935}}
{"target": -3.039745803605456, "params": {"C": 3.994178008011928, "epsilon": 9.445207012578162, "gamma": 0.0765174456770583, "mu": 0.5724681621904981}, "datetime": {"datetime": "2021-04-10 19:15:47", "elapsed": 5776.658618, "delta": 115.062296}}
{"target": -5.413765962805275, "params": {"C": 3.5665090164372932, "epsilon": 9.429755906509845, "gamma": 0.03799679164554022, "mu": -0.42122145134916456}, "datetime": {"datetime": "2021-04-10 19:17:44", "elapsed": 5892.802247, "delta": 116.143629}}
{"target": -4.2596732340350245, "params": {"C": 4.375311866283425, "epsilon": 6.791596904396956, "gamma": 0.09317338254816307, "mu": 0.3512065466572607}, "datetime": {"datetime": "2021-04-10 19:19:38", "elapsed": 6007.241207, "delta": 114.43896}}
{"target": -8.682505592985216, "params": {"C": 6.485011421218901, "epsilon": 1.2609554817693776, "gamma": 0.06797593201231654, "mu": -0.486312998468595}, "datetime": {"datetime": "2021-04-10 19:21:34", "elapsed": 6123.536663, "delta": 116.295456}}
{"target": -7.60992148011895, "params": {"C": 4.271978067132394, "epsilon": 4.186371397852311, "gamma": 0.0825107632923711, "mu": -0.28408870821219634}, "datetime": {"datetime": "2021-04-10 19:23:28", "elapsed": 6237.608999, "delta": 114.072336}}
{"target": -3.9902468970606204, "params": {"C": 9.618522632406421, "epsilon": 6.822911421202615, "gamma": 0.05951954698983641, "mu": 0.3880422297690189}, "datetime": {"datetime": "2021-04-10 19:25:31", "elapsed": 6359.718392, "delta": 122.109393}}
{"target": -4.118926174949946, "params": {"C": 9.904136218014523, "epsilon": 6.443957202341401, "gamma": 0.008872237570393831, "mu": -0.8587623907236035}, "datetime": {"datetime": "2021-04-10 19:27:38", "elapsed": 6487.009876, "delta": 127.291484}}
{"target": -2.006523511851776, "params": {"C": 3.05221328430417, "epsilon": 8.550078741810767, "gamma": 0.007085525807224308, "mu": 0.25493177715518067}, "datetime": {"datetime": "2021-04-10 19:29:37", "elapsed": 6605.723046, "delta": 118.71317}}
{"target": -2.5615618958077992, "params": {"C": 2.8810808730912534, "epsilon": 8.173172618695094, "gamma": 0.014318618028162334, "mu": -0.17008133852113053}, "datetime": {"datetime": "2021-04-10 19:31:34", "elapsed": 6723.662197, "delta": 117.939151}}
{"target": -5.040991062575861, "params": {"C": 3.8636121812437842, "epsilon": 8.485474365010045, "gamma": 0.0411527033866518, "mu": -0.25432405341775066}, "datetime": {"datetime": "2021-04-10 19:33:31", "elapsed": 6840.267704, "delta": 116.605507}}
{"target": -2.569991642565603, "params": {"C": 6.936409049494465, "epsilon": 8.334002508587162, "gamma": 0.00010061968343961158, "mu": 0.46791223744957433}, "datetime": {"datetime": "2021-04-10 19:35:38", "elapsed": 6966.900147, "delta": 126.632443}}
{"target": -2.7404174196789177, "params": {"C": 2.8938750762170597, "epsilon": 9.305849634564696, "gamma": 0.0001, "mu": -0.17707304216186956}, "datetime": {"datetime": "2021-04-10 19:37:43", "elapsed": 7092.149328, "delta": 125.249181}}
{"target": -2.4845703207639653, "params": {"C": 3.067034464809593, "epsilon": 8.590885238834119, "gamma": 0.029523298668413068, "mu": 0.2887051979393438}, "datetime": {"datetime": "2021-04-10 19:39:45", "elapsed": 7213.889086, "delta": 121.739758}}
