{"target": -2.865321107104739, "params": {"C": 4.228517846555483, "epsilon": 7.20604168948716, "gamma": 0.00011142604425275418, "lmbda": 0.3030302400592079, "mu": 0.14760913492629593}, "datetime": {"datetime": "2021-04-13 23:45:31", "elapsed": 0.0, "delta": 0.0}}
{"target": -2.9100611014461073, "params": {"C": 1.0141520882110984, "epsilon": 1.8707395116629324, "gamma": 0.03462151663160047, "lmbda": 0.39737070675643926, "mu": 0.5392779172693536}, "datetime": {"datetime": "2021-04-13 23:57:48", "elapsed": 736.814983, "delta": 736.814983}}
{"target": -2.8275858201118695, "params": {"C": 4.250025692592619, "epsilon": 6.855342808963627, "gamma": 0.020524779748178592, "lmbda": 0.8782393189545544, "mu": 0.02836020560472824}, "datetime": {"datetime": "2021-04-14 00:11:57", "elapsed": 1585.869545, "delta": 849.054562}}
{"target": -2.2109498682664004, "params": {"C": 6.737628350766182, "epsilon": 4.178874975647599, "gamma": 0.0559131138617306, "lmbda": 0.14124655165663855, "mu": 0.1989033875957939}, "datetime": {"datetime": "2021-04-14 00:26:05", "elapsed": 2434.587187, "delta": 848.717642}}
{"target": -4.293774903091571, "params": {"C": 8.027371229887814, "epsilon": 9.68293314143678, "gamma": 0.03141107539810836, "lmbda": 0.6926302930536448, "mu": 0.8765127631437423}, "datetime": {"datetime": "2021-04-14 00:40:46", "elapsed": 3314.789243, "delta": 880.202056}}
{"target": -3.328575594022469, "params": {"C": 8.956605968688088, "epsilon": 0.8595916715840813, "gamma": 0.004001572844964948, "lmbda": 0.17066058914500434, "mu": 0.8782643609259837}, "datetime": {"datetime": "2021-04-14 00:55:45", "elapsed": 4214.240596, "delta": 899.451353}}
{"target": -2.637928322040636, "params": {"C": 0.1, "epsilon": 10.0, "gamma": 0.1, "lmbda": 1.0, "mu": 1.0}, "datetime": {"datetime": "2021-04-14 01:06:23", "elapsed": 4851.72212, "delta": 637.481524}}
{"target": -188.59898372355673, "params": {"C": 0.1, "epsilon": 6.12018995562397, "gamma": 0.1, "lmbda": 0.001, "mu": 0.001}, "datetime": {"datetime": "2021-04-14 03:43:34", "elapsed": 14283.029188, "delta": 9431.307068}}
{"target": -3.284318682780136, "params": {"C": 4.2571408981918415, "epsilon": 7.030256266297959, "gamma": 0.010088486934721912, "lmbda": 0.5916788407709465, "mu": 0.08870054937663358}, "datetime": {"datetime": "2021-04-14 03:57:38", "elapsed": 15127.202268, "delta": 844.17308}}
{"target": -2.989653535377347, "params": {"C": 6.685842725800731, "epsilon": 4.22943905271647, "gamma": 0.0544255855641841, "lmbda": 0.15844975124203783, "mu": 0.20019159284021829}, "datetime": {"datetime": "2021-04-14 04:11:43", "elapsed": 15972.27718, "delta": 845.074912}}
{"target": -2.232947037315339, "params": {"C": 6.819082041602389, "epsilon": 4.0670751982462585, "gamma": 0.05493167798333515, "lmbda": 0.13555130751738434, "mu": 0.21781068874696694}, "datetime": {"datetime": "2021-04-14 04:25:41", "elapsed": 16810.439614, "delta": 838.162434}}
{"target": -2.2640860539002348, "params": {"C": 6.821115281272859, "epsilon": 4.153482599501946, "gamma": 0.06408547808759305, "lmbda": 0.07634911525490316, "mu": 0.16041418813283076}, "datetime": {"datetime": "2021-04-14 04:39:55", "elapsed": 17664.307538, "delta": 853.867924}}
{"target": -2.162468760338626, "params": {"C": 6.818901789799517, "epsilon": 4.149876331099323, "gamma": 0.06320553742203347, "lmbda": 0.1778909527066193, "mu": 0.1867576545604979}, "datetime": {"datetime": "2021-04-14 04:53:52", "elapsed": 18501.691234, "delta": 837.383696}}
{"target": -1.9429043546594371, "params": {"C": 6.800161646208794, "epsilon": 4.150571825462862, "gamma": 0.08681154969020731, "lmbda": 0.1167079477454115, "mu": 0.25443106017806894}, "datetime": {"datetime": "2021-04-14 05:07:42", "elapsed": 19330.706247, "delta": 829.015013}}
{"target": -3.2586233949792764, "params": {"C": 6.809375469303819, "epsilon": 4.157606523682961, "gamma": 0.011017717839811928, "lmbda": 0.11656484715860596, "mu": 0.25415626868614744}, "datetime": {"datetime": "2021-04-14 05:22:10", "elapsed": 20198.81968, "delta": 868.113433}}
{"target": -2.350388328268183, "params": {"C": 6.748026678740669, "epsilon": 4.095523344096622, "gamma": 0.1, "lmbda": 0.13391154760618817, "mu": 0.17296328352747248}, "datetime": {"datetime": "2021-04-14 05:35:52", "elapsed": 21020.827243, "delta": 822.007563}}
{"target": -2.924098820456967, "params": {"C": 3.907521283489526, "epsilon": 5.3276681046973335, "gamma": 0.003166654800339594, "lmbda": 0.1345055028584032, "mu": 0.06271733191719608}, "datetime": {"datetime": "2021-04-14 05:50:06", "elapsed": 21874.858618, "delta": 854.031375}}
{"target": -2.2046612687704203, "params": {"C": 2.755774956836988, "epsilon": 5.408596056059513, "gamma": 0.04544491870953434, "lmbda": 0.9776738672958843, "mu": 0.3146715715576851}, "datetime": {"datetime": "2021-04-14 06:03:23", "elapsed": 22671.800205, "delta": 796.941587}}
{"target": -2.3861982585747397, "params": {"C": 6.809366349043943, "epsilon": 4.143531426177703, "gamma": 0.1, "lmbda": 0.12612085702882347, "mu": 0.20251367705754564}, "datetime": {"datetime": "2021-04-14 06:17:05", "elapsed": 23494.119579, "delta": 822.319374}}
{"target": -2.370546431555303, "params": {"C": 6.69109950692949, "epsilon": 5.257431284001469, "gamma": 0.042191879660882184, "lmbda": 0.5725471432934708, "mu": 0.3242745911775503}, "datetime": {"datetime": "2021-04-14 06:31:01", "elapsed": 24329.764549, "delta": 835.64497}}
{"target": -5.560610096897395, "params": {"C": 5.351990382086057, "epsilon": 5.771076985473497, "gamma": 0.08821507490177044, "lmbda": 0.8374729757315095, "mu": 0.7309357990590313}, "datetime": {"datetime": "2021-04-14 06:44:19", "elapsed": 25128.017775, "delta": 798.253226}}
{"target": -2.854186456098539, "params": {"C": 6.749426534171844, "epsilon": 4.119939497446778, "gamma": 0.09283339815761896, "lmbda": 0.16296270920329906, "mu": 0.27701076722181023}, "datetime": {"datetime": "2021-04-14 06:57:54", "elapsed": 25942.888084, "delta": 814.870309}}
{"target": -1.9872589229575384, "params": {"C": 8.605802264604042, "epsilon": 0.43153384487113317, "gamma": 0.04220679198313979, "lmbda": 0.9533071770878863, "mu": 0.12489732044662653}, "datetime": {"datetime": "2021-04-14 07:11:38", "elapsed": 26767.48421, "delta": 824.596126}}
{"target": -2.1830744702140485, "params": {"C": 6.766923356672473, "epsilon": 4.116662334391239, "gamma": 0.07508440179887844, "lmbda": 0.06733730705703123, "mu": 0.22636167951122255}, "datetime": {"datetime": "2021-04-14 07:25:35", "elapsed": 27603.797347, "delta": 836.313137}}
{"target": -2.777291092363035, "params": {"C": 6.7843060597317475, "epsilon": 4.107784725640169, "gamma": 0.03181930614977886, "lmbda": 0.13934836059490097, "mu": 0.1365186279286921}, "datetime": {"datetime": "2021-04-14 07:41:07", "elapsed": 28536.016784, "delta": 932.219437}}
{"target": -2.3849542101777903, "params": {"C": 6.692716035038357, "epsilon": 5.215037560839316, "gamma": 0.04353024856188844, "lmbda": 0.5558165334629345, "mu": 0.31903954880197116}, "datetime": {"datetime": "2021-04-14 07:57:06", "elapsed": 29494.763443, "delta": 958.746659}}
{"target": -2.8310716459046104, "params": {"C": 0.5651340220290207, "epsilon": 2.441782753037273, "gamma": 0.04641614791503976, "lmbda": 0.3875689080849274, "mu": 0.9947924916202493}, "datetime": {"datetime": "2021-04-14 08:09:07", "elapsed": 30215.995621, "delta": 721.232178}}
{"target": -2.2468576446615103, "params": {"C": 6.666334919238139, "epsilon": 5.2485537742540505, "gamma": 0.04112932060337907, "lmbda": 0.542805706612087, "mu": 0.28967443286495065}, "datetime": {"datetime": "2021-04-14 08:23:10", "elapsed": 31059.550295, "delta": 843.554674}}
{"target": -2.8456396052296298, "params": {"C": 0.9858996403473074, "epsilon": 1.9066689734383964, "gamma": 0.035363461382398126, "lmbda": 0.3967541591325164, "mu": 0.5679384705121909}, "datetime": {"datetime": "2021-04-14 08:35:25", "elapsed": 31794.518712, "delta": 734.968417}}
{"target": -2.150070432043297, "params": {"C": 1.8079662548919457, "epsilon": 1.0911115480228863, "gamma": 0.07515064574382402, "lmbda": 0.7014168088452996, "mu": 0.9777808727167644}, "datetime": {"datetime": "2021-04-14 08:47:52", "elapsed": 32541.02648, "delta": 746.507768}}
{"target": -2.7333988702464977, "params": {"C": 4.2128058011812435, "epsilon": 7.129826786137476, "gamma": 0.03402118128921019, "lmbda": 0.4117017575831711, "mu": 0.15677776649010255}, "datetime": {"datetime": "2021-04-14 09:01:52", "elapsed": 33381.245844, "delta": 840.219364}}
{"target": -3.894014985148462, "params": {"C": 7.675237743391253, "epsilon": 3.252998560040188, "gamma": 0.06761927821241698, "lmbda": 0.3712747844259439, "mu": 0.8338023641742871}, "datetime": {"datetime": "2021-04-14 09:15:39", "elapsed": 34208.272191, "delta": 827.026347}}
{"target": -2.8719452944810775, "params": {"C": 4.257605066595592, "epsilon": 7.160345145158012, "gamma": 0.0001, "lmbda": 0.39127001224531266, "mu": 0.10440608530158423}, "datetime": {"datetime": "2021-04-14 09:31:42", "elapsed": 35171.526651, "delta": 963.25446}}
{"target": -2.4521665022307637, "params": {"C": 6.631440542622498, "epsilon": 5.234174140420131, "gamma": 0.0398431635759322, "lmbda": 0.5639742636971012, "mu": 0.32867574041123715}, "datetime": {"datetime": "2021-04-14 09:45:56", "elapsed": 36025.249154, "delta": 853.722503}}
{"target": -2.2196801556303236, "params": {"C": 7.888923674582339, "epsilon": 0.9269598931661485, "gamma": 0.07331816813193798, "lmbda": 0.3624553261749138, "mu": 0.6573841404738194}, "datetime": {"datetime": "2021-04-14 10:00:17", "elapsed": 36886.281166, "delta": 861.032012}}
{"target": -1.9838282522944937, "params": {"C": 8.586052911607576, "epsilon": 0.45560674456745026, "gamma": 0.042683284555058036, "lmbda": 0.9202769801739832, "mu": 0.15541363525267404}, "datetime": {"datetime": "2021-04-14 10:15:00", "elapsed": 37769.15629, "delta": 882.875124}}
{"target": -3.1526598361333025, "params": {"C": 9.836167123146247, "epsilon": 0.8890280163409101, "gamma": 0.0056529014871692625, "lmbda": 0.3621796292924208, "mu": 0.957685447826892}, "datetime": {"datetime": "2021-04-14 10:30:07", "elapsed": 38675.890974, "delta": 906.734684}}
{"target": -3.2367236404248754, "params": {"C": 1.2664342530296784, "epsilon": 8.601895114672251, "gamma": 0.023473816881954473, "lmbda": 0.8946352931600121, "mu": 0.6947576205849421}, "datetime": {"datetime": "2021-04-14 10:42:43", "elapsed": 39432.68664, "delta": 756.795666}}
{"target": -3.481542990753226, "params": {"C": 7.94575547714825, "epsilon": 0.9108811637915494, "gamma": 0.07050455227921104, "lmbda": 0.3703278344626032, "mu": 0.6518009713710766}, "datetime": {"datetime": "2021-04-14 10:56:23", "elapsed": 40252.649295, "delta": 819.962655}}
{"target": -2.6673499796224815, "params": {"C": 6.786365206247711, "epsilon": 4.044203507578929, "gamma": 0.04215547205308407, "lmbda": 0.15439451455259173, "mu": 0.16078121448473034}, "datetime": {"datetime": "2021-04-14 11:10:46", "elapsed": 41115.319902, "delta": 862.670607}}
{"target": -1.9777529667941696, "params": {"C": 6.764905818000578, "epsilon": 4.2062454891211445, "gamma": 0.09678630095093366, "lmbda": 0.07413572302346755, "mu": 0.23831156597873923}, "datetime": {"datetime": "2021-04-14 11:24:55", "elapsed": 41964.119203, "delta": 848.799301}}
{"target": -2.172661409056783, "params": {"C": 6.818609470966963, "epsilon": 4.167826009432476, "gamma": 0.1, "lmbda": 0.047605984947719955, "mu": 0.2624583760906835}, "datetime": {"datetime": "2021-04-14 11:38:51", "elapsed": 42800.588992, "delta": 836.469789}}
{"target": -5.191117902613403, "params": {"C": 7.813318512191399, "epsilon": 5.298027832160268, "gamma": 0.08190173023634195, "lmbda": 0.8928172223644028, "mu": 0.32674773345977015}, "datetime": {"datetime": "2021-04-14 11:52:27", "elapsed": 43616.426437, "delta": 815.837445}}
{"target": -7.721034294139849, "params": {"C": 7.599697511694074, "epsilon": 4.501114820479115, "gamma": 0.08452761478241719, "lmbda": 0.5658587645444192, "mu": 0.680243445938217}, "datetime": {"datetime": "2021-04-14 12:06:03", "elapsed": 44431.889255, "delta": 815.462818}}
{"target": -2.8780794749018828, "params": {"C": 4.730264372672338, "epsilon": 5.561470646111434, "gamma": 0.06947074116003264, "lmbda": 0.14407931870456686, "mu": 0.4856719978396573}, "datetime": {"datetime": "2021-04-14 12:20:06", "elapsed": 45275.37725, "delta": 843.487995}}
{"target": -2.180720832315667, "params": {"C": 6.7965818095675194, "epsilon": 4.216675028698431, "gamma": 0.09207114461945984, "lmbda": 0.1501268388013909, "mu": 0.21151510343009466}, "datetime": {"datetime": "2021-04-14 12:34:40", "elapsed": 46149.154852, "delta": 873.777602}}
