{"target": -20.331942979921287, "params": {"C": 2.809484708150652, "epsilon": 0.9240605234283512, "gamma": 8.636203485834256, "lamda": 1.0956374076883637}, "datetime": {"datetime": "2021-06-16 16:07:28", "elapsed": 6286.308539, "delta": 13.022359}}
{"target": -20.0703278383169, "params": {"C": 7.66617379584913, "epsilon": 9.342079352569487, "gamma": 7.170999912658991, "lamda": 1.1705260981014944}, "datetime": {"datetime": "2021-06-16 16:07:37", "elapsed": 6294.832833, "delta": 8.524294}}
{"target": -104.45339156092903, "params": {"C": 0.5056894944913765, "epsilon": 4.908019995792394, "gamma": 9.6469699106832, "lamda": 7.091084606514655}, "datetime": {"datetime": "2021-06-16 16:07:56", "elapsed": 6314.249501, "delta": 19.416668}}
{"target": -19.18215412446257, "params": {"C": 8.866672258944694, "epsilon": 5.615839533895529, "gamma": 8.562381841590781, "lamda": 1.5731714674827266}, "datetime": {"datetime": "2021-06-16 16:08:05", "elapsed": 6322.798271, "delta": 8.54877}}
{"target": -20.67523833804692, "params": {"C": 9.712409391363543, "epsilon": 3.4496831276273383, "gamma": 8.203187359342808, "lamda": 0.8983388504869048}, "datetime": {"datetime": "2021-06-16 16:08:13", "elapsed": 6331.53458, "delta": 8.736309}}
{"target": -20.12475984025253, "params": {"C": 3.0350563491091793, "epsilon": 1.085656268218901, "gamma": 8.8478669901794, "lamda": 1.6096500052511296}, "datetime": {"datetime": "2021-06-16 16:08:21", "elapsed": 6339.39318, "delta": 7.8586}}
{"target": -21.80529219912154, "params": {"C": 6.193776911128484, "epsilon": 1.910030943375623, "gamma": 7.344749954814839, "lamda": 0.9086476275525203}, "datetime": {"datetime": "2021-06-16 16:08:30", "elapsed": 6348.10669, "delta": 8.71351}}
{"target": -22.53083627524603, "params": {"C": 6.678259477807223, "epsilon": 1.8433281327919055, "gamma": 7.18808674393457, "lamda": 0.6513500316868097}, "datetime": {"datetime": "2021-06-16 16:08:39", "elapsed": 6356.644165, "delta": 8.537475}}
{"target": -19.151511789382507, "params": {"C": 3.9755185669628386, "epsilon": 0.7754786006506408, "gamma": 9.882194693739699, "lamda": 1.58928717846633}, "datetime": {"datetime": "2021-06-16 16:08:47", "elapsed": 6365.226923, "delta": 8.582758}}
{"target": -21.753399731194634, "params": {"C": 6.114691719708226, "epsilon": 2.015821780088182, "gamma": 7.440464804128852, "lamda": 1.1820404064346675}, "datetime": {"datetime": "2021-06-16 16:08:58", "elapsed": 6376.198361, "delta": 10.971438}}
{"target": -19.84181266029727, "params": {"C": 8.657433835826266, "epsilon": 6.857482213983733, "gamma": 6.691175392305709, "lamda": 2.220046112150663}, "datetime": {"datetime": "2021-06-16 16:09:07", "elapsed": 6385.3158, "delta": 9.117439}}
{"target": -20.88274760474815, "params": {"C": 9.918312059303256, "epsilon": 3.2219169527948233, "gamma": 8.283123870524374, "lamda": 0.553780944287311}, "datetime": {"datetime": "2021-06-16 16:09:16", "elapsed": 6393.586511, "delta": 8.270711}}
{"target": -99.22884268663037, "params": {"C": 2.5390146334045656, "epsilon": 6.153098461397744, "gamma": 1.9545972066355635, "lamda": 2.2502099218691742}, "datetime": {"datetime": "2021-06-16 16:09:29", "elapsed": 6407.391527, "delta": 13.805016}}
{"target": -101.9330559837081, "params": {"C": 6.492083147373445, "epsilon": 5.852482190827808, "gamma": 2.7328459179458218, "lamda": 6.613285272515247}, "datetime": {"datetime": "2021-06-16 16:09:43", "elapsed": 6420.989794, "delta": 13.598267}}
{"target": -103.29070252206655, "params": {"C": 4.533794167618156, "epsilon": 4.711527024735557, "gamma": 9.087447341129266, "lamda": 9.984877228675101}, "datetime": {"datetime": "2021-06-16 16:09:57", "elapsed": 6434.959573, "delta": 13.969779}}
{"target": -35.54144472348527, "params": {"C": 2.3002331698912086, "epsilon": 3.9149932168190946, "gamma": 5.284078885866984, "lamda": 0.7002122287587633}, "datetime": {"datetime": "2021-06-16 16:10:06", "elapsed": 6443.836271, "delta": 8.876698}}
{"target": -20.593309166474832, "params": {"C": 9.871662839172538, "epsilon": 3.4949927758279395, "gamma": 8.374292311920945, "lamda": 0.7375703915778752}, "datetime": {"datetime": "2021-06-16 16:10:14", "elapsed": 6451.614418, "delta": 7.778147}}
{"target": -15.263215614378534, "params": {"C": 6.7067993530901875, "epsilon": 8.308253557606067, "gamma": 9.21177563513034, "lamda": 8.439198602636417}, "datetime": {"datetime": "2021-06-16 16:10:19", "elapsed": 6457.553464, "delta": 5.939046}}
{"target": -18.99841901966294, "params": {"C": 9.240466444340779, "epsilon": 5.751002680546468, "gamma": 8.698863943961355, "lamda": 1.5748527330395161}, "datetime": {"datetime": "2021-06-16 16:10:29", "elapsed": 6466.87919, "delta": 9.325726}}
{"target": -22.565655429174996, "params": {"C": 6.540359700616707, "epsilon": 1.7775432992581337, "gamma": 7.182218988651536, "lamda": 0.6303211563496023}, "datetime": {"datetime": "2021-06-16 16:10:36", "elapsed": 6474.184968, "delta": 7.305778}}
{"target": -19.530826134839938, "params": {"C": 3.578907784309748, "epsilon": 0.7200205461453473, "gamma": 9.389724161224748, "lamda": 1.8048602228791832}, "datetime": {"datetime": "2021-06-16 16:10:45", "elapsed": 6482.793583, "delta": 8.608615}}
{"target": -27.885859419927804, "params": {"C": 8.0634179454581, "epsilon": 3.5085370241523397, "gamma": 5.77151636303517, "lamda": 3.056601461980675}, "datetime": {"datetime": "2021-06-16 16:10:57", "elapsed": 6495.398185, "delta": 12.604602}}
{"target": -15.465877959397634, "params": {"C": 0.1454592821180266, "epsilon": 9.625308178852189, "gamma": 7.678835133094228, "lamda": 0.32853973131589304}, "datetime": {"datetime": "2021-06-16 16:11:06", "elapsed": 6504.250867, "delta": 8.852682}}
{"target": -20.94823560375383, "params": {"C": 8.497127080303779, "epsilon": 6.196532189403814, "gamma": 6.321011502470262, "lamda": 2.2581667575111437}, "datetime": {"datetime": "2021-06-16 16:11:20", "elapsed": 6517.844247, "delta": 13.59338}}
{"target": -122.47003030007654, "params": {"C": 7.810144047664122, "epsilon": 4.695832642465421, "gamma": 7.851234737664573, "lamda": 3.421102896946236}, "datetime": {"datetime": "2021-06-16 16:11:34", "elapsed": 6532.010653, "delta": 14.166406}}
{"target": -102.86178262671967, "params": {"C": 3.2127938501861117, "epsilon": 0.46938823845745165, "gamma": 8.243913782929607, "lamda": 9.290258233274933}, "datetime": {"datetime": "2021-06-16 16:11:48", "elapsed": 6545.879237, "delta": 13.868584}}
{"target": -18.820829521201233, "params": {"C": 3.8974124922396203, "epsilon": 1.2058133717068222, "gamma": 9.86913648518449, "lamda": 1.7856317026105044}, "datetime": {"datetime": "2021-06-16 16:12:04", "elapsed": 6562.354751, "delta": 16.475514}}
{"target": -114.60411234243963, "params": {"C": 7.19799086992996, "epsilon": 9.277217243108655, "gamma": 5.6952930654326055, "lamda": 5.781939804267215}, "datetime": {"datetime": "2021-06-16 16:12:19", "elapsed": 6576.702204, "delta": 14.347453}}
{"target": -21.88751435708237, "params": {"C": 6.188852704122434, "epsilon": 1.9734764852057072, "gamma": 7.36817156686683, "lamda": 0.5532444207007716}, "datetime": {"datetime": "2021-06-16 16:12:31", "elapsed": 6589.112059, "delta": 12.409855}}
{"target": -21.750032456191054, "params": {"C": 6.7045546815128745, "epsilon": 2.076621348368651, "gamma": 7.327955926757905, "lamda": 0.9077435139648313}, "datetime": {"datetime": "2021-06-16 16:12:37", "elapsed": 6595.318249, "delta": 6.20619}}
{"target": -26.778128928562843, "params": {"C": 1.7818062256114238, "epsilon": 4.23372587454879, "gamma": 5.401608726723659, "lamda": 0.6880371496962482}, "datetime": {"datetime": "2021-06-16 16:12:52", "elapsed": 6610.032338, "delta": 14.714089}}
{"target": -103.01840770154953, "params": {"C": 8.33176968905975, "epsilon": 1.6409798199448116, "gamma": 4.812025674180359, "lamda": 1.390052906853529}, "datetime": {"datetime": "2021-06-16 16:13:06", "elapsed": 6624.029783, "delta": 13.997445}}
{"target": -109.9435463973786, "params": {"C": 0.20560561123385843, "epsilon": 9.48123820081742, "gamma": 0.929473795271407, "lamda": 5.065267818139068}, "datetime": {"datetime": "2021-06-16 16:13:25", "elapsed": 6643.100115, "delta": 19.070332}}
{"target": -19.2614981492081, "params": {"C": 3.45872369539171, "epsilon": 0.6863519397694909, "gamma": 9.756296263477456, "lamda": 1.7150637845738652}, "datetime": {"datetime": "2021-06-16 16:13:33", "elapsed": 6651.24812, "delta": 8.148005}}
{"target": -108.36847928854145, "params": {"C": 4.449621839111516, "epsilon": 3.813757298959051, "gamma": 8.364150771598231, "lamda": 7.708187251105029}, "datetime": {"datetime": "2021-06-16 16:13:48", "elapsed": 6665.586387, "delta": 14.338267}}
{"target": -19.615686103613143, "params": {"C": 7.2871146278994585, "epsilon": 8.80685830130805, "gamma": 7.293193211774451, "lamda": 1.478302530501217}, "datetime": {"datetime": "2021-06-16 16:14:02", "elapsed": 6679.648555, "delta": 14.062168}}
{"target": -19.406091098125763, "params": {"C": 3.4573451872282077, "epsilon": 0.5270779288370598, "gamma": 9.599176786215248, "lamda": 1.5720537123003342}, "datetime": {"datetime": "2021-06-16 16:14:11", "elapsed": 6689.049364, "delta": 9.400809}}
{"target": -104.07393516906842, "params": {"C": 1.8124502738149197, "epsilon": 9.652003716242914, "gamma": 2.7425571151060804, "lamda": 7.937520569212797}, "datetime": {"datetime": "2021-06-16 16:14:25", "elapsed": 6702.874374, "delta": 13.82501}}
{"target": -19.29643187007248, "params": {"C": 4.0131430752883235, "epsilon": 0.7941392823493252, "gamma": 9.664470854730773, "lamda": 1.3711020114021766}, "datetime": {"datetime": "2021-06-16 16:14:36", "elapsed": 6714.158927, "delta": 11.284553}}
{"target": -18.624577768752662, "params": {"C": 9.934056680561229, "epsilon": 5.973609765925455, "gamma": 8.906713804044587, "lamda": 1.7671361990493675}, "datetime": {"datetime": "2021-06-16 16:14:45", "elapsed": 6723.137556, "delta": 8.978629}}
{"target": -20.848092049655826, "params": {"C": 8.320187591771012, "epsilon": 6.574713098392459, "gamma": 6.404548098530003, "lamda": 2.303462721161506}, "datetime": {"datetime": "2021-06-16 16:14:54", "elapsed": 6732.456313, "delta": 9.318757}}
{"target": -23.63355350360272, "params": {"C": 5.574591500602681, "epsilon": 0.5032891138485068, "gamma": 5.910687786304651, "lamda": 9.917551413494252}, "datetime": {"datetime": "2021-06-16 16:15:03", "elapsed": 6741.240264, "delta": 8.783951}}
{"target": -35.176324765803514, "params": {"C": 7.0391444652633535, "epsilon": 8.024630509811105, "gamma": 5.126443110632733, "lamda": 0.0465458394343294}, "datetime": {"datetime": "2021-06-16 16:15:17", "elapsed": 6754.974452, "delta": 13.734188}}
{"target": -21.813162593252176, "params": {"C": 6.2415512246933025, "epsilon": 1.7934340349644178, "gamma": 7.40714593967598, "lamda": 0.8547690231179015}, "datetime": {"datetime": "2021-06-16 16:15:32", "elapsed": 6769.580543, "delta": 14.606091}}
{"target": -21.626704177211998, "params": {"C": 2.3948131020620784, "epsilon": 5.487688661596984, "gamma": 7.897167836370888, "lamda": 0.2647533723045975}, "datetime": {"datetime": "2021-06-16 16:15:44", "elapsed": 6781.813544, "delta": 12.233001}}
{"target": -97.55469268066616, "params": {"C": 0.8476091909712163, "epsilon": 1.2073127197670213, "gamma": 1.8905322753116676, "lamda": 2.5533014267181304}, "datetime": {"datetime": "2021-06-16 16:15:58", "elapsed": 6795.962055, "delta": 14.148511}}
{"target": -101.1138174828103, "params": {"C": 1.8914651249319003, "epsilon": 2.2969391899422327, "gamma": 2.7262958038647196, "lamda": 5.693746214923057}, "datetime": {"datetime": "2021-06-16 16:16:12", "elapsed": 6810.288219, "delta": 14.326164}}
{"target": -19.553888712605364, "params": {"C": 4.115290357108768, "epsilon": 0.6217917492946244, "gamma": 9.490383300785195, "lamda": 1.2444635993570565}, "datetime": {"datetime": "2021-06-16 16:16:19", "elapsed": 6817.079962, "delta": 6.791743}}
{"target": -21.85470900964909, "params": {"C": 6.330537910057132, "epsilon": 1.994029571808368, "gamma": 7.73431921151071, "lamda": 0.6681213585325964}, "datetime": {"datetime": "2021-06-16 16:16:27", "elapsed": 6824.610906, "delta": 7.530944}}
{"target": -99.81281661780122, "params": {"C": 5.409574735486287, "epsilon": 8.778799691017314, "gamma": 3.5351479218848763, "lamda": 6.755173771566318}, "datetime": {"datetime": "2021-06-16 16:16:41", "elapsed": 6838.943242, "delta": 14.332336}}
{"target": -19.240460309397168, "params": {"C": 6.012401425589713, "epsilon": 3.6728417226926444, "gamma": 5.489833708410551, "lamda": 7.6349832024214646}, "datetime": {"datetime": "2021-06-16 16:16:52", "elapsed": 6850.016578, "delta": 11.073336}}
{"target": -20.40455446062976, "params": {"C": 3.2167533805816784, "epsilon": 0.8401354638212747, "gamma": 8.627054811336997, "lamda": 1.4879007635280443}, "datetime": {"datetime": "2021-06-16 16:17:00", "elapsed": 6858.040558, "delta": 8.02398}}
{"target": -19.533187322604366, "params": {"C": 3.9905116290211757, "epsilon": 0.8270866577446989, "gamma": 9.408637445110934, "lamda": 1.4514740263943082}, "datetime": {"datetime": "2021-06-16 16:17:11", "elapsed": 6869.389615, "delta": 11.349057}}
{"target": -20.843648602146125, "params": {"C": 8.825484658039644, "epsilon": 5.622867214660041, "gamma": 6.148102033022399, "lamda": 2.5460756101928177}, "datetime": {"datetime": "2021-06-16 16:17:21", "elapsed": 6879.104423, "delta": 9.714808}}
{"target": -31.182507315572717, "params": {"C": 1.9596033325770983, "epsilon": 3.752971087885469, "gamma": 5.170847261135017, "lamda": 0.7331409748116106}, "datetime": {"datetime": "2021-06-16 16:17:30", "elapsed": 6887.862636, "delta": 8.758213}}
{"target": -20.709936406043028, "params": {"C": 9.987242317277811, "epsilon": 3.266540343814934, "gamma": 7.881716137798835, "lamda": 0.6049786418501104}, "datetime": {"datetime": "2021-06-16 16:17:36", "elapsed": 6894.469626, "delta": 6.60699}}
{"target": -22.509770805604667, "params": {"C": 6.305465266124658, "epsilon": 1.78297395289721, "gamma": 7.22225495758533, "lamda": 0.7088906210752385}, "datetime": {"datetime": "2021-06-16 16:17:48", "elapsed": 6905.924202, "delta": 11.454576}}
{"target": -28.03186772703278, "params": {"C": 1.89960529746221, "epsilon": 3.354959771448835, "gamma": 5.2673390862392795, "lamda": 0.7710589466952209}, "datetime": {"datetime": "2021-06-16 16:17:58", "elapsed": 6916.351039, "delta": 10.426837}}
{"target": -25.29803002871885, "params": {"C": 1.9312485388711877, "epsilon": 3.8352753852144215, "gamma": 5.207417104103109, "lamda": 0.5640155861875488}, "datetime": {"datetime": "2021-06-16 16:18:08", "elapsed": 6926.500717, "delta": 10.149678}}
{"target": -20.521248529194867, "params": {"C": 8.990302517253696, "epsilon": 5.617419410092477, "gamma": 6.234911809080259, "lamda": 2.4677434790007826}, "datetime": {"datetime": "2021-06-16 16:18:17", "elapsed": 6935.501817, "delta": 9.0011}}
{"target": -41.097912609869994, "params": {"C": 5.169913115492015, "epsilon": 8.453535857012103, "gamma": 3.642860042756571, "lamda": 0.5284877728663517}, "datetime": {"datetime": "2021-06-16 16:18:23", "elapsed": 6941.534758, "delta": 6.032941}}
{"target": -21.410268804761767, "params": {"C": 2.3826857296808073, "epsilon": 5.3986901722530165, "gamma": 8.098903599042211, "lamda": 0.17254299405133505}, "datetime": {"datetime": "2021-06-16 16:18:32", "elapsed": 6950.109689, "delta": 8.574931}}
{"target": -19.963020127490598, "params": {"C": 8.59369052211382, "epsilon": 6.6278255898977, "gamma": 6.666792634583419, "lamda": 2.211156039562398}, "datetime": {"datetime": "2021-06-16 16:18:49", "elapsed": 6966.817644, "delta": 16.707955}}
{"target": -19.31289020823056, "params": {"C": 3.8019302157436705, "epsilon": 0.5852668452820309, "gamma": 9.631980768353307, "lamda": 2.0284115714266275}, "datetime": {"datetime": "2021-06-16 16:18:58", "elapsed": 6976.337529, "delta": 9.519885}}
{"target": -19.397082207892286, "params": {"C": 3.6296825117136002, "epsilon": 0.6126917022391094, "gamma": 9.794464767720758, "lamda": 1.4430622770610513}, "datetime": {"datetime": "2021-06-16 16:19:07", "elapsed": 6985.382764, "delta": 9.045235}}
{"target": -21.81915557538891, "params": {"C": 7.66832415510609, "epsilon": 8.64712547632478, "gamma": 6.712165730902912, "lamda": 0.8090233238798464}, "datetime": {"datetime": "2021-06-16 16:19:20", "elapsed": 6997.994739, "delta": 12.611975}}
{"target": -21.121177366547393, "params": {"C": 8.491690473688003, "epsilon": 6.2235185966407744, "gamma": 6.344449307822311, "lamda": 2.2372524879665003}, "datetime": {"datetime": "2021-06-16 16:19:29", "elapsed": 7007.527184, "delta": 9.532445}}
{"target": -21.602577171083297, "params": {"C": 6.534522605686569, "epsilon": 1.9218322121441083, "gamma": 7.776156902591913, "lamda": 0.822611193551137}, "datetime": {"datetime": "2021-06-16 16:19:36", "elapsed": 7013.714717, "delta": 6.187533}}
{"target": -20.539214329222304, "params": {"C": 9.887800186457126, "epsilon": 3.345942232105939, "gamma": 8.486644645514088, "lamda": 0.5234949358663747}, "datetime": {"datetime": "2021-06-16 16:19:50", "elapsed": 7028.505395, "delta": 14.790678}}
{"target": -221.66912171332166, "params": {"C": 4.30923264482773, "epsilon": 5.040283752026035, "gamma": 5.107314578907398, "lamda": 3.9557437869369636}, "datetime": {"datetime": "2021-06-16 16:20:05", "elapsed": 7043.040799, "delta": 14.535404}}
{"target": -20.245357400730015, "params": {"C": 8.450794476230154, "epsilon": 7.1198747888867535, "gamma": 6.888821122662268, "lamda": 1.6921252741923989}, "datetime": {"datetime": "2021-06-16 16:20:18", "elapsed": 7055.682646, "delta": 12.641847}}
{"target": -27.423097843499853, "params": {"C": 1.9123023302119082, "epsilon": 3.929427373791242, "gamma": 5.264198246111065, "lamda": 0.7885781935016756}, "datetime": {"datetime": "2021-06-16 16:20:28", "elapsed": 7066.126879, "delta": 10.444233}}
{"target": -21.664418762485223, "params": {"C": 6.349590200249709, "epsilon": 1.890829762264166, "gamma": 7.561279398015442, "lamda": 0.8215488092796612}, "datetime": {"datetime": "2021-06-16 16:20:38", "elapsed": 7076.338903, "delta": 10.212024}}
{"target": -18.828632893315163, "params": {"C": 9.794744408114031, "epsilon": 5.966118410946086, "gamma": 8.753059297889283, "lamda": 1.7124199161635345}, "datetime": {"datetime": "2021-06-16 16:20:46", "elapsed": 7084.235833, "delta": 7.89693}}
{"target": -98.36347943016915, "params": {"C": 2.963425714695121, "epsilon": 5.0640864563998855, "gamma": 1.0075854036323402, "lamda": 2.3543486147097368}, "datetime": {"datetime": "2021-06-16 16:21:00", "elapsed": 7098.206593, "delta": 13.97076}}
{"target": -101.19561236904259, "params": {"C": 7.406676049120664, "epsilon": 4.895027721866737, "gamma": 7.512042529379184, "lamda": 4.002846608306117}, "datetime": {"datetime": "2021-06-16 16:21:14", "elapsed": 7112.485001, "delta": 14.278408}}
{"target": -22.441991992913557, "params": {"C": 8.318618480999438, "epsilon": 2.1940186761523077, "gamma": 6.941342743924403, "lamda": 1.596431091717086}, "datetime": {"datetime": "2021-06-16 16:21:23", "elapsed": 7120.739723, "delta": 8.254722}}
{"target": -100.99178945918841, "params": {"C": 0.9195012706536358, "epsilon": 2.7869633404581333, "gamma": 6.922641665080064, "lamda": 1.336475859800079}, "datetime": {"datetime": "2021-06-16 16:21:37", "elapsed": 7135.494382, "delta": 14.754659}}
{"target": -19.05414424655707, "params": {"C": 9.188786428683047, "epsilon": 5.8485892590388575, "gamma": 8.593409726245694, "lamda": 1.629648555020029}, "datetime": {"datetime": "2021-06-16 16:21:48", "elapsed": 7145.717523, "delta": 10.223141}}
{"target": -21.364587092911393, "params": {"C": 8.284206891468163, "epsilon": 6.764893153487585, "gamma": 6.208641008531142, "lamda": 2.082579574344666}, "datetime": {"datetime": "2021-06-16 16:21:59", "elapsed": 7156.880483, "delta": 11.16296}}
{"target": -21.710963731055934, "params": {"C": 6.30966818460931, "epsilon": 2.0230261504679734, "gamma": 7.779015360391089, "lamda": 0.5976796854191752}, "datetime": {"datetime": "2021-06-16 16:22:09", "elapsed": 7167.520002, "delta": 10.639519}}
{"target": -20.348031760857808, "params": {"C": 8.047356229922654, "epsilon": 9.042373564977353, "gamma": 7.113255307911787, "lamda": 1.1966683998398628}, "datetime": {"datetime": "2021-06-16 16:22:16", "elapsed": 7173.635584, "delta": 6.115582}}
{"target": -20.183699437303392, "params": {"C": 6.94200001934223, "epsilon": 8.658731441105438, "gamma": 7.25943140198715, "lamda": 1.2451838572741312}, "datetime": {"datetime": "2021-06-16 16:22:30", "elapsed": 7188.355181, "delta": 14.719597}}
{"target": -19.81915654766114, "params": {"C": 8.129648140804543, "epsilon": 7.124891103352794, "gamma": 6.738701099085165, "lamda": 2.1199175677332818}, "datetime": {"datetime": "2021-06-16 16:22:43", "elapsed": 7201.260406, "delta": 12.905225}}
{"target": -18.830915383013306, "params": {"C": 9.240060885323972, "epsilon": 6.1798884381684465, "gamma": 8.74333889971094, "lamda": 1.6572286988280027}, "datetime": {"datetime": "2021-06-16 16:22:53", "elapsed": 7211.433804, "delta": 10.173398}}
{"target": -107.40299278599798, "params": {"C": 4.373512439568863, "epsilon": 8.616845879520046, "gamma": 3.0890184196350075, "lamda": 8.90072687459719}, "datetime": {"datetime": "2021-06-16 16:23:08", "elapsed": 7225.805186, "delta": 14.371382}}
{"target": -106.173642967335, "params": {"C": 1.517829320186818, "epsilon": 6.865895984359867, "gamma": 1.6619275676806162, "lamda": 1.5777233871190361}, "datetime": {"datetime": "2021-06-16 16:23:23", "elapsed": 7240.714884, "delta": 14.909698}}
{"target": -22.67171011951049, "params": {"C": 6.746870445076956, "epsilon": 1.7534675303482028, "gamma": 7.2024630587121, "lamda": 0.5781506146776172}, "datetime": {"datetime": "2021-06-16 16:23:32", "elapsed": 7249.892064, "delta": 9.17718}}
{"target": -18.758333185178586, "params": {"C": 9.84203399464411, "epsilon": 6.14765006098483, "gamma": 8.649832391765688, "lamda": 1.758349383665639}, "datetime": {"datetime": "2021-06-16 16:23:45", "elapsed": 7262.948009, "delta": 13.055945}}
