{"target": -21.115408075540277, "params": {"C": 6.5540825503801114, "epsilon": 2.178289230750392, "gamma": 1.4082837544981137, "lamda": 0.4535918427411538}, "datetime": {"datetime": "2021-06-17 10:45:01", "elapsed": 445.133532, "delta": 1.221498}}
{"target": -44.513169307357956, "params": {"C": 8.660563668003242, "epsilon": 9.185136296259527, "gamma": 1.722345323210287, "lamda": 0.34756431555010003}, "datetime": {"datetime": "2021-06-17 10:45:03", "elapsed": 447.300726, "delta": 2.167194}}
{"target": -14.021997287496063, "params": {"C": 2.280724685439597, "epsilon": 4.570410726749013, "gamma": 1.083759978756222, "lamda": 0.4223576502410056}, "datetime": {"datetime": "2021-06-17 10:45:05", "elapsed": 449.554519, "delta": 2.253793}}
{"target": -18.41237165447031, "params": {"C": 3.6030480124061306, "epsilon": 5.069922084244986, "gamma": 1.4524241647854876, "lamda": 0.2609444181985338}, "datetime": {"datetime": "2021-06-17 10:45:06", "elapsed": 450.842013, "delta": 1.287494}}
{"target": -23.862883786216738, "params": {"C": 6.474697488073087, "epsilon": 2.229441620610796, "gamma": 1.6020692517527388, "lamda": 0.11336442182184486}, "datetime": {"datetime": "2021-06-17 10:45:08", "elapsed": 452.839219, "delta": 1.997206}}
{"target": -28.63648549217035, "params": {"C": 9.307714788394364, "epsilon": 9.124991619004987, "gamma": 1.5123360422648064, "lamda": 0.34498505402915025}, "datetime": {"datetime": "2021-06-17 10:45:09", "elapsed": 454.022556, "delta": 1.183337}}
{"target": -10.670872608299533, "params": {"C": 5.544176712232423, "epsilon": 1.3768180435007333, "gamma": 0.1484175097865497, "lamda": 0.080064008531817}, "datetime": {"datetime": "2021-06-17 10:45:11", "elapsed": 455.368735, "delta": 1.346179}}
{"target": -14.575455862019334, "params": {"C": 3.508022734768541, "epsilon": 9.429242173092286, "gamma": 0.7649010548010514, "lamda": 0.14540524788838344}, "datetime": {"datetime": "2021-06-17 10:45:12", "elapsed": 456.613257, "delta": 1.244522}}
{"target": -28.998271372757735, "params": {"C": 9.189717888281415, "epsilon": 9.25421240606821, "gamma": 1.6063092399680108, "lamda": 0.3879066751891681}, "datetime": {"datetime": "2021-06-17 10:45:14", "elapsed": 458.645908, "delta": 2.032651}}
{"target": -29.234620808805794, "params": {"C": 9.225064989611333, "epsilon": 9.10816874084981, "gamma": 1.6063609826885619, "lamda": 0.2796287246838036}, "datetime": {"datetime": "2021-06-17 10:45:16", "elapsed": 460.916962, "delta": 2.271054}}
{"target": -20.305310320746166, "params": {"C": 4.219905140469961, "epsilon": 4.181133894607134, "gamma": 1.6516158053235082, "lamda": 0.179619867301057}, "datetime": {"datetime": "2021-06-17 10:45:17", "elapsed": 462.102328, "delta": 1.185366}}
{"target": -14.668543605628773, "params": {"C": 3.904548017598228, "epsilon": 4.144097455781883, "gamma": 0.8942275539825225, "lamda": 0.18829300793050577}, "datetime": {"datetime": "2021-06-17 10:45:20", "elapsed": 464.446069, "delta": 2.343741}}
{"target": -15.251571962328612, "params": {"C": 9.903264729087383, "epsilon": 6.440753560181348, "gamma": 0.184742269920758, "lamda": 0.03623878351446093}, "datetime": {"datetime": "2021-06-17 10:45:21", "elapsed": 465.659558, "delta": 1.213489}}
{"target": -16.86174604336047, "params": {"C": 4.314625739333238, "epsilon": 4.1594269317985955, "gamma": 1.2068061998707258, "lamda": 0.3108335016481333}, "datetime": {"datetime": "2021-06-17 10:45:23", "elapsed": 467.827307, "delta": 2.167749}}
{"target": -24.146439514199667, "params": {"C": 8.87292351669669, "epsilon": 9.079077365173083, "gamma": 1.3482703407378045, "lamda": 0.05875502457659638}, "datetime": {"datetime": "2021-06-17 10:45:25", "elapsed": 470.072282, "delta": 2.244975}}
{"target": -15.215340750347444, "params": {"C": 3.807826837436909, "epsilon": 8.484109927501045, "gamma": 0.8277665639583291, "lamda": 0.1870461486722712}, "datetime": {"datetime": "2021-06-17 10:45:27", "elapsed": 471.296979, "delta": 1.224697}}
{"target": -26.71864317108615, "params": {"C": 8.094566729378492, "epsilon": 8.723796887307929, "gamma": 1.4511634428661842, "lamda": 0.26603411257784493}, "datetime": {"datetime": "2021-06-17 10:45:29", "elapsed": 473.607971, "delta": 2.310992}}
{"target": -16.54713309927478, "params": {"C": 3.5230733983994327, "epsilon": 9.427238183570854, "gamma": 0.9954361725824857, "lamda": 0.2793062476262456}, "datetime": {"datetime": "2021-06-17 10:45:31", "elapsed": 475.852526, "delta": 2.244555}}
{"target": -33.653352885828866, "params": {"C": 8.140867803608687, "epsilon": 3.7766334378125097, "gamma": 1.735254020343127, "lamda": 0.32473511977455904}, "datetime": {"datetime": "2021-06-17 10:45:34", "elapsed": 478.124682, "delta": 2.272156}}
{"target": -18.439596966958565, "params": {"C": 2.872787807767267, "epsilon": 1.0395672435558598, "gamma": 1.7085971496008685, "lamda": 0.07143512091772332}, "datetime": {"datetime": "2021-06-17 10:45:35", "elapsed": 479.325855, "delta": 1.201173}}
{"target": -25.75883644485221, "params": {"C": 7.956760189079912, "epsilon": 8.780469520438459, "gamma": 1.4393994301667206, "lamda": 0.39885217779033805}, "datetime": {"datetime": "2021-06-17 10:45:37", "elapsed": 481.795988, "delta": 2.470133}}
{"target": -15.823491500331821, "params": {"C": 9.392500356786448, "epsilon": 9.718944103527143, "gamma": 0.5038768564399633, "lamda": 0.0700904172682121}, "datetime": {"datetime": "2021-06-17 10:45:38", "elapsed": 483.092898, "delta": 1.29691}}
{"target": -15.618413253857947, "params": {"C": 9.419781169357146, "epsilon": 9.800832631495812, "gamma": 0.45550706378057143, "lamda": 0.001}, "datetime": {"datetime": "2021-06-17 10:45:41", "elapsed": 485.258773, "delta": 2.165875}}
{"target": -27.15434087621865, "params": {"C": 8.028817039539552, "epsilon": 8.695395486777887, "gamma": 1.3963869363335701, "lamda": 0.33837841690087234}, "datetime": {"datetime": "2021-06-17 10:45:43", "elapsed": 487.453367, "delta": 2.194594}}
{"target": -15.86575242563581, "params": {"C": 9.403817421421623, "epsilon": 9.756511210330185, "gamma": 0.48327292942401756, "lamda": 0.0369429450068099}, "datetime": {"datetime": "2021-06-17 10:45:45", "elapsed": 490.028139, "delta": 2.574772}}
{"target": -13.382833032476302, "params": {"C": 1.5985994351402477, "epsilon": 4.784886070440376, "gamma": 1.018315901552554, "lamda": 0.06144806001789784}, "datetime": {"datetime": "2021-06-17 10:45:47", "elapsed": 491.30895, "delta": 1.280811}}
{"target": -13.914468056678874, "params": {"C": 1.9849737397497642, "epsilon": 4.350523638523765, "gamma": 0.7682614879443789, "lamda": 0.36753272891133454}, "datetime": {"datetime": "2021-06-17 10:45:49", "elapsed": 494.050485, "delta": 2.741535}}
{"target": -14.97884292537531, "params": {"C": 4.166212066854725, "epsilon": 5.661915439370559, "gamma": 0.3780477239566757, "lamda": 0.10397021251989837}, "datetime": {"datetime": "2021-06-17 10:45:52", "elapsed": 496.326306, "delta": 2.275821}}
{"target": -25.418048956492118, "params": {"C": 6.459498461710629, "epsilon": 2.2394875542468125, "gamma": 1.4989616819583929, "lamda": 0.17590562870312454}, "datetime": {"datetime": "2021-06-17 10:45:54", "elapsed": 498.952397, "delta": 2.626091}}
{"target": -25.73501618427605, "params": {"C": 7.721882098086706, "epsilon": 8.75854725297059, "gamma": 1.4735218537462895, "lamda": 0.2618647277791444}, "datetime": {"datetime": "2021-06-17 10:45:57", "elapsed": 501.403418, "delta": 2.451021}}
{"target": -10.417807013664497, "params": {"C": 1.888662166182698, "epsilon": 8.764104812019536, "gamma": 0.1525609329436399, "lamda": 0.27314585097360233}, "datetime": {"datetime": "2021-06-17 10:45:59", "elapsed": 503.709442, "delta": 2.306024}}
{"target": -27.933168414996633, "params": {"C": 7.995160100678402, "epsilon": 2.7209526268093236, "gamma": 1.4002921670600954, "lamda": 0.22250772852815812}, "datetime": {"datetime": "2021-06-17 10:46:00", "elapsed": 505.006516, "delta": 1.297074}}
{"target": -28.31611192446011, "params": {"C": 8.006186918853446, "epsilon": 2.6814933193104475, "gamma": 1.5443871482597742, "lamda": 0.19556947552195872}, "datetime": {"datetime": "2021-06-17 10:46:03", "elapsed": 507.240679, "delta": 2.234163}}
{"target": -17.227411093063274, "params": {"C": 4.415878300076423, "epsilon": 5.78219507200371, "gamma": 0.7580138710829205, "lamda": 0.12004474017088071}, "datetime": {"datetime": "2021-06-17 10:46:05", "elapsed": 509.827958, "delta": 2.587279}}
{"target": -19.289212651218875, "params": {"C": 2.9801554393453356, "epsilon": 1.3306078885173547, "gamma": 1.779984057012306, "lamda": 0.22149340534934822}, "datetime": {"datetime": "2021-06-17 10:46:08", "elapsed": 512.648946, "delta": 2.820988}}
{"target": -39.77152778195603, "params": {"C": 8.070905174646668, "epsilon": 3.804514602065398, "gamma": 1.760413603301576, "lamda": 0.38791610039063346}, "datetime": {"datetime": "2021-06-17 10:46:10", "elapsed": 514.943215, "delta": 2.294269}}
{"target": -29.248502231732843, "params": {"C": 8.13793702038681, "epsilon": 3.830891717837874, "gamma": 1.7235285082657195, "lamda": 0.37714507732173214}, "datetime": {"datetime": "2021-06-17 10:46:13", "elapsed": 517.381751, "delta": 2.438536}}
{"target": -32.79424763356636, "params": {"C": 7.9945568211202716, "epsilon": 2.699307356006168, "gamma": 1.4612752574905128, "lamda": 0.2111586049036958}, "datetime": {"datetime": "2021-06-17 10:46:15", "elapsed": 519.968426, "delta": 2.586675}}
{"target": -23.464329956399485, "params": {"C": 5.703431001227557, "epsilon": 0.3492721327105862, "gamma": 1.678645472022679, "lamda": 0.27062983447445543}, "datetime": {"datetime": "2021-06-17 10:46:17", "elapsed": 521.224601, "delta": 1.256175}}
{"target": -14.662380889117783, "params": {"C": 1.0419094915158837, "epsilon": 4.43264687515443, "gamma": 1.750404338081934, "lamda": 0.1565204212332194}, "datetime": {"datetime": "2021-06-17 10:46:19", "elapsed": 524.003717, "delta": 2.779116}}
{"target": -34.22316340193739, "params": {"C": 9.533978931717497, "epsilon": 7.662086549670326, "gamma": 1.9994402612246245, "lamda": 0.16884919771711257}, "datetime": {"datetime": "2021-06-17 10:46:21", "elapsed": 525.381369, "delta": 1.377652}}
{"target": -28.481420271600577, "params": {"C": 9.50110359291008, "epsilon": 5.651382591976233, "gamma": 1.791338908795075, "lamda": 0.22976231862140106}, "datetime": {"datetime": "2021-06-17 10:46:23", "elapsed": 527.987592, "delta": 2.606223}}
{"target": -23.820529463793825, "params": {"C": 6.389343159166726, "epsilon": 2.151826003921583, "gamma": 1.5445251354273217, "lamda": 0.09394502377938879}, "datetime": {"datetime": "2021-06-17 10:46:26", "elapsed": 530.305678, "delta": 2.318086}}
{"target": -24.84324965399155, "params": {"C": 5.27772336688733, "epsilon": 8.080904962519167, "gamma": 1.582099265763059, "lamda": 0.321966632996749}, "datetime": {"datetime": "2021-06-17 10:46:27", "elapsed": 531.826972, "delta": 1.521294}}
{"target": -45.645965436216876, "params": {"C": 8.084023311509082, "epsilon": 2.739363768665033, "gamma": 1.5237444662366253, "lamda": 0.1581489720535435}, "datetime": {"datetime": "2021-06-17 10:46:30", "elapsed": 534.477763, "delta": 2.650791}}
{"target": -13.766254376073217, "params": {"C": 1.6252769566381862, "epsilon": 4.712675632512128, "gamma": 0.862300628005892, "lamda": 0.10040810508704306}, "datetime": {"datetime": "2021-06-17 10:46:32", "elapsed": 536.778071, "delta": 2.300308}}
{"target": -23.568487512983722, "params": {"C": 5.660838430187015, "epsilon": 0.2657678290780414, "gamma": 1.6446120195187501, "lamda": 0.19418560208958194}, "datetime": {"datetime": "2021-06-17 10:46:34", "elapsed": 538.745983, "delta": 1.967912}}
{"target": -16.01861287285197, "params": {"C": 2.540811991001247, "epsilon": 2.596770453934016, "gamma": 1.3809728349427788, "lamda": 0.2005295208812406}, "datetime": {"datetime": "2021-06-17 10:46:36", "elapsed": 540.583192, "delta": 1.837209}}
{"target": -21.131012559118375, "params": {"C": 6.0451586239399635, "epsilon": 6.900938351795019, "gamma": 1.307926939207435, "lamda": 0.20813191545990573}, "datetime": {"datetime": "2021-06-17 10:46:37", "elapsed": 541.740309, "delta": 1.157117}}
{"target": -15.562235604955196, "params": {"C": 4.1635398865212085, "epsilon": 6.082831359917042, "gamma": 0.46340088445431865, "lamda": 0.041663837285658666}, "datetime": {"datetime": "2021-06-17 10:46:39", "elapsed": 543.751954, "delta": 2.011645}}
{"target": -14.971880024776238, "params": {"C": 2.7638858428936337, "epsilon": 3.9299630563157897, "gamma": 1.1406594942459989, "lamda": 0.06069837094746844}, "datetime": {"datetime": "2021-06-17 10:46:40", "elapsed": 544.857063, "delta": 1.105109}}
{"target": -14.531572377795893, "params": {"C": 3.8658895665797934, "epsilon": 4.124330178906624, "gamma": 0.8478564564819886, "lamda": 0.17364307645213667}, "datetime": {"datetime": "2021-06-17 10:46:42", "elapsed": 546.924863, "delta": 2.0678}}
{"target": -15.126511272452506, "params": {"C": 5.7334142626055975, "epsilon": 4.6415903879220926, "gamma": 0.7236179685816807, "lamda": 0.01259285326708187}, "datetime": {"datetime": "2021-06-17 10:46:44", "elapsed": 549.085251, "delta": 2.160388}}
{"target": -535.4405397723068, "params": {"C": 7.454384748794432, "epsilon": 1.1808840841916501, "gamma": 0.03146903616317982, "lamda": 0.2952687831174266}, "datetime": {"datetime": "2021-06-17 10:46:52", "elapsed": 556.738041, "delta": 7.65279}}
{"target": -9.665071502287894, "params": {"C": 0.11700115344006146, "epsilon": 0.050871627938402816, "gamma": 0.25836467748254965, "lamda": 0.18605543934743013}, "datetime": {"datetime": "2021-06-17 10:46:55", "elapsed": 559.200819, "delta": 2.462778}}
{"target": -13.133747750123911, "params": {"C": 1.0381712842144524, "epsilon": 4.206054649722117, "gamma": 1.4602166709906277, "lamda": 0.19710472946188232}, "datetime": {"datetime": "2021-06-17 10:46:57", "elapsed": 561.415585, "delta": 2.214766}}
{"target": -15.56163911872834, "params": {"C": 5.716947995341462, "epsilon": 4.59003623736371, "gamma": 0.7371595688792427, "lamda": 0.04285503501213747}, "datetime": {"datetime": "2021-06-17 10:47:00", "elapsed": 564.334427, "delta": 2.918842}}
{"target": -16.839969211626748, "params": {"C": 5.42700008727387, "epsilon": 6.270171487460463, "gamma": 1.001023924160421, "lamda": 0.09215865129899897}, "datetime": {"datetime": "2021-06-17 10:47:01", "elapsed": 565.533181, "delta": 1.198754}}
{"target": -9.653005997863568, "params": {"C": 0.16110133118092393, "epsilon": 5.469741127350806, "gamma": 0.36070848285189383, "lamda": 0.2567077014879077}, "datetime": {"datetime": "2021-06-17 10:47:03", "elapsed": 567.737662, "delta": 2.204481}}
{"target": -36.13398918510024, "params": {"C": 7.213575803475417, "epsilon": 9.17011228288421, "gamma": 1.2870796369703288, "lamda": 0.11418744830048498}, "datetime": {"datetime": "2021-06-17 10:47:05", "elapsed": 569.130204, "delta": 1.392542}}
{"target": -13.917552116483442, "params": {"C": 2.6967003266123415, "epsilon": 8.886364795488825, "gamma": 0.9043749690864837, "lamda": 0.45340759085768334}, "datetime": {"datetime": "2021-06-17 10:47:07", "elapsed": 571.27181, "delta": 2.141606}}
{"target": -14.892934462963975, "params": {"C": 2.584113268138785, "epsilon": 8.622973294113278, "gamma": 1.0231772971211563, "lamda": 0.403325966723782}, "datetime": {"datetime": "2021-06-17 10:47:09", "elapsed": 573.422228, "delta": 2.150418}}
{"target": -15.58371826902152, "params": {"C": 4.150959605683971, "epsilon": 6.136040238530386, "gamma": 0.4528132056103074, "lamda": 0.03268413792687221}, "datetime": {"datetime": "2021-06-17 10:47:11", "elapsed": 575.526709, "delta": 2.104481}}
{"target": -9.758258457171651, "params": {"C": 0.18930288358569541, "epsilon": 0.2172243942476959, "gamma": 0.11539064742994656, "lamda": 0.14048490409670517}, "datetime": {"datetime": "2021-06-17 10:47:13", "elapsed": 577.761063, "delta": 2.234354}}
{"target": -5073.320269153556, "params": {"C": 9.252886173019567, "epsilon": 9.157376957742615, "gamma": 1.5763439221756161, "lamda": 0.34796959765748087}, "datetime": {"datetime": "2021-06-17 10:47:27", "elapsed": 591.217102, "delta": 13.456039}}
{"target": -18.915733881290077, "params": {"C": 4.982653087983481, "epsilon": 2.535438353705066, "gamma": 1.2488625187507245, "lamda": 0.4130361662919567}, "datetime": {"datetime": "2021-06-17 10:47:28", "elapsed": 592.700932, "delta": 1.48383}}
{"target": -13.909449379144556, "params": {"C": 2.3955600510758814, "epsilon": 3.0621053328431627, "gamma": 0.9643545570756267, "lamda": 0.06521971279629335}, "datetime": {"datetime": "2021-06-17 10:47:29", "elapsed": 594.024556, "delta": 1.323624}}
{"target": -29.747216328861466, "params": {"C": 8.04126193873658, "epsilon": 2.69743131750661, "gamma": 1.4131384887534062, "lamda": 0.16488338592915697}, "datetime": {"datetime": "2021-06-17 10:47:31", "elapsed": 595.335169, "delta": 1.310613}}
{"target": -16.933389045178703, "params": {"C": 2.46742326411528, "epsilon": 2.0278008874723112, "gamma": 1.5990236836121852, "lamda": 0.428475373843505}, "datetime": {"datetime": "2021-06-17 10:47:32", "elapsed": 596.755272, "delta": 1.420103}}
{"target": -13.886052596818388, "params": {"C": 1.0437469576967546, "epsilon": 4.362131432219508, "gamma": 1.638909945961541, "lamda": 0.17212207661729959}, "datetime": {"datetime": "2021-06-17 10:47:34", "elapsed": 598.516735, "delta": 1.761463}}
{"target": -16.706597944729985, "params": {"C": 3.1594182692019412, "epsilon": 8.929048282154346, "gamma": 1.1598720182864173, "lamda": 0.09278380323558004}, "datetime": {"datetime": "2021-06-17 10:47:35", "elapsed": 599.862951, "delta": 1.346216}}
{"target": -36.23634312768409, "params": {"C": 7.213497570532993, "epsilon": 9.170042551969619, "gamma": 1.2869603496213429, "lamda": 0.11420283457565}, "datetime": {"datetime": "2021-06-17 10:47:37", "elapsed": 601.923501, "delta": 2.06055}}
{"target": -20.910578692668068, "params": {"C": 5.258173187274029, "epsilon": 8.065058314916714, "gamma": 1.5395248375079, "lamda": 0.317439152897699}, "datetime": {"datetime": "2021-06-17 10:47:39", "elapsed": 603.769601, "delta": 1.8461}}
{"target": -13.782312048693052, "params": {"C": 1.6546012073053624, "epsilon": 4.742126020117575, "gamma": 0.8589368032032895, "lamda": 0.13444144644362294}, "datetime": {"datetime": "2021-06-17 10:47:41", "elapsed": 605.714792, "delta": 1.945191}}
{"target": -14.01180977426158, "params": {"C": 1.6399529927999479, "epsilon": 4.727457802391202, "gamma": 0.8605521434890412, "lamda": 0.11745923260805978}, "datetime": {"datetime": "2021-06-17 10:47:43", "elapsed": 607.961218, "delta": 2.246426}}
{"target": -29.155951436928955, "params": {"C": 4.424569618269095, "epsilon": 5.816121342475277, "gamma": 1.9797147963863149, "lamda": 0.10282730566782253}, "datetime": {"datetime": "2021-06-17 10:47:45", "elapsed": 609.783521, "delta": 1.822303}}
{"target": -13.834857633978375, "params": {"C": 0.9636238596390467, "epsilon": 0.9603584840990586, "gamma": 0.6346301932994555, "lamda": 0.4605979273386564}, "datetime": {"datetime": "2021-06-17 10:47:46", "elapsed": 611.122366, "delta": 1.338845}}
{"target": -15.024026668022849, "params": {"C": 3.066066998334585, "epsilon": 6.766837546336323, "gamma": 1.107126192745803, "lamda": 0.15851820905874234}, "datetime": {"datetime": "2021-06-17 10:47:48", "elapsed": 613.077155, "delta": 1.954789}}
{"target": -18.95979774037079, "params": {"C": 4.982671538713197, "epsilon": 2.535418511767323, "gamma": 1.2487508029822194, "lamda": 0.41292629898990635}, "datetime": {"datetime": "2021-06-17 10:47:50", "elapsed": 614.974933, "delta": 1.897778}}
{"target": -9.584464977139023, "params": {"C": 0.20493231518116545, "epsilon": 0.17600612851857514, "gamma": 0.15619480851617, "lamda": 0.15352412014751687}, "datetime": {"datetime": "2021-06-17 10:47:53", "elapsed": 617.85321, "delta": 2.878277}}
{"target": -13.042682639813355, "params": {"C": 1.2504176390364126, "epsilon": 2.7924526728615495, "gamma": 1.1756111262495015, "lamda": 0.48490897564073554}, "datetime": {"datetime": "2021-06-17 10:47:57", "elapsed": 621.370293, "delta": 3.517083}}
{"target": -15.683779435947457, "params": {"C": 9.903119306086877, "epsilon": 6.440818288189793, "gamma": 0.1847621513456141, "lamda": 0.036247458763072796}, "datetime": {"datetime": "2021-06-17 10:48:00", "elapsed": 625.068206, "delta": 3.697913}}
{"target": -29.812170198683692, "params": {"C": 8.107656232736744, "epsilon": 8.738099398355974, "gamma": 1.4418605981791128, "lamda": 0.28071838456430614}, "datetime": {"datetime": "2021-06-17 10:48:04", "elapsed": 628.487808, "delta": 3.419602}}
{"target": -10.624526459871653, "params": {"C": 5.555496797993797, "epsilon": 1.3711227140438618, "gamma": 0.1388366112594035, "lamda": 0.07081660357655385}, "datetime": {"datetime": "2021-06-17 10:48:08", "elapsed": 632.395067, "delta": 3.907259}}
{"target": -20.127295097018276, "params": {"C": 3.024456796203598, "epsilon": 1.4419626534554189, "gamma": 1.8432916485535324, "lamda": 0.21931634714811754}, "datetime": {"datetime": "2021-06-17 10:48:11", "elapsed": 635.371785, "delta": 2.976718}}
{"target": -14.922840374426617, "params": {"C": 1.0439763250709604, "epsilon": 4.459944680716466, "gamma": 1.8372985254105072, "lamda": 0.0738898902744727}, "datetime": {"datetime": "2021-06-17 10:48:14", "elapsed": 639.012501, "delta": 3.640716}}
{"target": -24.069895547904732, "params": {"C": 6.4654025580435555, "epsilon": 2.2527414852548153, "gamma": 1.5321314817323943, "lamda": 0.2195881905941265}, "datetime": {"datetime": "2021-06-17 10:48:18", "elapsed": 642.72598, "delta": 3.713479}}
{"target": -15.194804294358688, "params": {"C": 5.735787861505924, "epsilon": 4.638013447853771, "gamma": 0.7899253581456293, "lamda": 0.010552328899171622}, "datetime": {"datetime": "2021-06-17 10:48:21", "elapsed": 646.039714, "delta": 3.313734}}
