{"target": -13.0665361137146, "params": {"C": 0.04940936025639944, "epsilon": 9.405759246189833, "gamma": 8.349148923220993, "lamda": 0.07132035070416887}, "datetime": {"datetime": "2021-06-16 14:58:39", "elapsed": 2157.330208, "delta": 1.438545}}
{"target": -20.18681571817014, "params": {"C": 7.495144344497729, "epsilon": 9.03476257944208, "gamma": 7.274141785090291, "lamda": 1.1721079047863456}, "datetime": {"datetime": "2021-06-16 14:58:41", "elapsed": 2159.007616, "delta": 1.677408}}
{"target": -18.91877852550927, "params": {"C": 9.927436202109469, "epsilon": 5.618439266803172, "gamma": 8.646234513042952, "lamda": 1.7084345872453974}, "datetime": {"datetime": "2021-06-16 14:58:43", "elapsed": 2160.737262, "delta": 1.729646}}
{"target": -18.723636315812733, "params": {"C": 9.386888185774641, "epsilon": 5.796431555410419, "gamma": 9.29410280341791, "lamda": 1.3665969029463685}, "datetime": {"datetime": "2021-06-16 14:58:45", "elapsed": 2162.603626, "delta": 1.866364}}
{"target": -19.275901488505212, "params": {"C": 3.932273002718741, "epsilon": 0.8600099058361231, "gamma": 9.708633855059418, "lamda": 1.5016058203011227}, "datetime": {"datetime": "2021-06-16 14:58:46", "elapsed": 2164.543426, "delta": 1.9398}}
{"target": -18.04293364705108, "params": {"C": 6.906032464623057, "epsilon": 6.649706226098461, "gamma": 9.718859818087164, "lamda": 1.903887286781202}, "datetime": {"datetime": "2021-06-16 14:58:48", "elapsed": 2166.005681, "delta": 1.462255}}
{"target": -106.6188616017061, "params": {"C": 6.65456285242006, "epsilon": 1.3323511505857644, "gamma": 6.125645784596439, "lamda": 5.852082412572844}, "datetime": {"datetime": "2021-06-16 14:58:58", "elapsed": 2175.81177, "delta": 9.806089}}
{"target": -18.02856964889694, "params": {"C": 4.416596295867198, "epsilon": 5.811957173154086, "gamma": 9.894441846583534, "lamda": 2.040396738542609}, "datetime": {"datetime": "2021-06-16 14:59:00", "elapsed": 2178.341086, "delta": 2.529316}}
{"target": -54.70269731962981, "params": {"C": 5.195485119354983, "epsilon": 1.818248621144243, "gamma": 3.44289440406585, "lamda": 0.36752962958359303}, "datetime": {"datetime": "2021-06-16 14:59:02", "elapsed": 2179.927942, "delta": 1.586856}}
{"target": -20.468581982843048, "params": {"C": 7.7373117612589235, "epsilon": 8.856709457049202, "gamma": 7.021692237327622, "lamda": 1.210925809111391}, "datetime": {"datetime": "2021-06-16 14:59:04", "elapsed": 2182.150003, "delta": 2.222061}}
{"target": -21.644448982268727, "params": {"C": 6.298843113388409, "epsilon": 2.2009769956580874, "gamma": 7.345162957236894, "lamda": 1.0513415324716926}, "datetime": {"datetime": "2021-06-16 14:59:06", "elapsed": 2184.06157, "delta": 1.911567}}
{"target": -18.70958953725608, "params": {"C": 9.931396623834777, "epsilon": 5.512103754239859, "gamma": 8.729602882529068, "lamda": 1.9993391745227944}, "datetime": {"datetime": "2021-06-16 14:59:08", "elapsed": 2186.472899, "delta": 2.411329}}
{"target": -20.623648830655448, "params": {"C": 7.463672979949239, "epsilon": 8.97574474774452, "gamma": 7.036629612860969, "lamda": 1.1147444092859955}, "datetime": {"datetime": "2021-06-16 14:59:11", "elapsed": 2188.593799, "delta": 2.1209}}
{"target": -21.018137536246904, "params": {"C": 7.385343701968321, "epsilon": 9.03780867520608, "gamma": 6.7775700415565785, "lamda": 1.0521824050662503}, "datetime": {"datetime": "2021-06-16 14:59:13", "elapsed": 2190.934601, "delta": 2.340802}}
{"target": -20.570504133731333, "params": {"C": 9.629212215807815, "epsilon": 3.3026156727481175, "gamma": 8.269533670667705, "lamda": 0.9693847055390188}, "datetime": {"datetime": "2021-06-16 14:59:15", "elapsed": 2193.099485, "delta": 2.164884}}
{"target": -20.64323414904716, "params": {"C": 9.708596765069942, "epsilon": 3.10028248599604, "gamma": 8.320736531211306, "lamda": 0.8348925771558018}, "datetime": {"datetime": "2021-06-16 14:59:18", "elapsed": 2195.58862, "delta": 2.489135}}
{"target": -21.88865664736443, "params": {"C": 6.110769187385907, "epsilon": 2.2469482301941643, "gamma": 7.656542809656645, "lamda": 0.5605132655697653}, "datetime": {"datetime": "2021-06-16 14:59:20", "elapsed": 2198.095878, "delta": 2.507258}}
{"target": -19.174994400366145, "params": {"C": 9.218976581620892, "epsilon": 5.7812130667703165, "gamma": 8.477778846907324, "lamda": 1.6168660067970533}, "datetime": {"datetime": "2021-06-16 14:59:22", "elapsed": 2200.435603, "delta": 2.339725}}
{"target": -20.51056608001328, "params": {"C": 7.2190551378285726, "epsilon": 9.056770558120512, "gamma": 6.967319708722719, "lamda": 1.174139051465476}, "datetime": {"datetime": "2021-06-16 14:59:25", "elapsed": 2202.925507, "delta": 2.489904}}
{"target": -104.15520501136845, "params": {"C": 8.226126478056305, "epsilon": 6.910230418144152, "gamma": 1.439631508402257, "lamda": 9.587702831188883}, "datetime": {"datetime": "2021-06-16 14:59:35", "elapsed": 2213.482873, "delta": 10.557366}}
{"target": -19.70737546741771, "params": {"C": 8.253547176893965, "epsilon": 6.930995575643124, "gamma": 6.778836715405145, "lamda": 2.2405472747443307}, "datetime": {"datetime": "2021-06-16 14:59:37", "elapsed": 2215.392171, "delta": 1.909298}}
{"target": -26.70752075447838, "params": {"C": 1.8893343309550101, "epsilon": 3.9178449545322938, "gamma": 5.411632510220827, "lamda": 0.7059509880431091}, "datetime": {"datetime": "2021-06-16 14:59:40", "elapsed": 2217.665489, "delta": 2.273318}}
{"target": -21.75153111915009, "params": {"C": 6.223867261573817, "epsilon": 2.287255066640557, "gamma": 7.567121709709393, "lamda": 0.5636255454218501}, "datetime": {"datetime": "2021-06-16 14:59:42", "elapsed": 2219.613132, "delta": 1.947643}}
{"target": -109.56215754782312, "params": {"C": 0.7615290073105186, "epsilon": 8.687077946702084, "gamma": 9.904037534157466, "lamda": 1.0265338204887327}, "datetime": {"datetime": "2021-06-16 14:59:52", "elapsed": 2230.046778, "delta": 10.433646}}
{"target": -19.84514619476764, "params": {"C": 7.515389181057548, "epsilon": 9.216833113430553, "gamma": 7.136577302929627, "lamda": 1.4196204546317615}, "datetime": {"datetime": "2021-06-16 14:59:54", "elapsed": 2231.982047, "delta": 1.935269}}
{"target": -19.71425172767156, "params": {"C": 6.129279556727917, "epsilon": 3.637243197859394, "gamma": 5.5716930446145305, "lamda": 7.481527582352709}, "datetime": {"datetime": "2021-06-16 14:59:57", "elapsed": 2235.427773, "delta": 3.445726}}
{"target": -20.604980885590326, "params": {"C": 0.23524237729916284, "epsilon": 9.862359426533969, "gamma": 7.753621598646723, "lamda": 0.3729024730506243}, "datetime": {"datetime": "2021-06-16 15:00:00", "elapsed": 2237.743494, "delta": 2.315721}}
{"target": -99.35787454889152, "params": {"C": 1.3941456952311566, "epsilon": 4.416245770639853, "gamma": 6.389451995929011, "lamda": 3.990609573596254}, "datetime": {"datetime": "2021-06-16 15:00:15", "elapsed": 2253.153946, "delta": 15.410452}}
{"target": -21.82852183546838, "params": {"C": 6.512922857733624, "epsilon": 1.8685189683531647, "gamma": 7.60592587052699, "lamda": 0.7336754875586596}, "datetime": {"datetime": "2021-06-16 15:00:18", "elapsed": 2255.72953, "delta": 2.575584}}
{"target": -19.767122495566156, "params": {"C": 4.13604955460044, "epsilon": 2.629472039104976, "gamma": 9.448485057943328, "lamda": 0.06508337827947548}, "datetime": {"datetime": "2021-06-16 15:00:20", "elapsed": 2257.683367, "delta": 1.953837}}
{"target": -19.552679013593334, "params": {"C": 6.014134475004177, "epsilon": 3.622634536923217, "gamma": 5.64921520240194, "lamda": 7.575764849338574}, "datetime": {"datetime": "2021-06-16 15:00:23", "elapsed": 2260.593953, "delta": 2.910586}}
{"target": -18.517663201251512, "params": {"C": 9.347505120468357, "epsilon": 5.734402990048075, "gamma": 8.97760072915238, "lamda": 1.9038991446719673}, "datetime": {"datetime": "2021-06-16 15:00:25", "elapsed": 2263.213371, "delta": 2.619418}}
{"target": -18.453606865322186, "params": {"C": 0.20540064532967947, "epsilon": 9.766288965561433, "gamma": 7.677089097315302, "lamda": 0.22942835344762144}, "datetime": {"datetime": "2021-06-16 15:00:27", "elapsed": 2264.970282, "delta": 1.756911}}
{"target": -101.57795721208096, "params": {"C": 2.2664429099659342, "epsilon": 3.7606794380536672, "gamma": 5.344073899057485, "lamda": 0.8056061249477295}, "datetime": {"datetime": "2021-06-16 15:00:38", "elapsed": 2276.221841, "delta": 11.251559}}
{"target": -102.49663070752972, "params": {"C": 0.3534314098272346, "epsilon": 5.550525883758978, "gamma": 5.131767658727526, "lamda": 6.0334805095333}, "datetime": {"datetime": "2021-06-16 15:00:56", "elapsed": 2294.062062, "delta": 17.840221}}
{"target": -18.68510032687903, "params": {"C": 9.714434434298667, "epsilon": 5.762074952025639, "gamma": 8.891340359951064, "lamda": 1.7943904042237577}, "datetime": {"datetime": "2021-06-16 15:00:58", "elapsed": 2296.207996, "delta": 2.145934}}
{"target": -26.73071716439177, "params": {"C": 2.1544035832955615, "epsilon": 4.057480954516167, "gamma": 5.430641773887775, "lamda": 0.5624758114672875}, "datetime": {"datetime": "2021-06-16 15:01:00", "elapsed": 2298.348094, "delta": 2.140098}}
{"target": -15.026075686719253, "params": {"C": 5.457501689075827, "epsilon": 9.017085684056866, "gamma": 9.755915958999713, "lamda": 7.673285843306589}, "datetime": {"datetime": "2021-06-16 15:01:02", "elapsed": 2299.969819, "delta": 1.621725}}
{"target": -34.84723003893931, "params": {"C": 5.282094320286164, "epsilon": 1.4473801728859006, "gamma": 3.838322596888511, "lamda": 0.28269652283410435}, "datetime": {"datetime": "2021-06-16 15:01:05", "elapsed": 2303.17577, "delta": 3.205951}}
{"target": -19.706852553432476, "params": {"C": 8.268162426829303, "epsilon": 6.960833198168907, "gamma": 6.760669631626181, "lamda": 2.246684360176275}, "datetime": {"datetime": "2021-06-16 15:01:08", "elapsed": 2306.129532, "delta": 2.953762}}
{"target": -20.275410406509394, "params": {"C": 2.959068970621497, "epsilon": 1.021022122265285, "gamma": 8.64511192843739, "lamda": 1.2588714800093974}, "datetime": {"datetime": "2021-06-16 15:01:11", "elapsed": 2308.972483, "delta": 2.842951}}
{"target": -100.87786373849039, "params": {"C": 8.557598901122995, "epsilon": 1.3619945821864199, "gamma": 3.6011543552788905, "lamda": 1.5207730228247565}, "datetime": {"datetime": "2021-06-16 15:01:21", "elapsed": 2319.203227, "delta": 10.230744}}
{"target": -20.540105033382652, "params": {"C": 8.453455986825457, "epsilon": 6.393964679754003, "gamma": 6.43570223122727, "lamda": 2.1682815800941824}, "datetime": {"datetime": "2021-06-16 15:01:23", "elapsed": 2321.221185, "delta": 2.017958}}
{"target": -19.255948693464504, "params": {"C": 5.675770291027838, "epsilon": 3.9285305252865355, "gamma": 5.644903336258043, "lamda": 7.535607398370662}, "datetime": {"datetime": "2021-06-16 15:01:25", "elapsed": 2323.298348, "delta": 2.077163}}
{"target": -96.81187039355571, "params": {"C": 8.695870839668661, "epsilon": 8.380008441494716, "gamma": 6.791197250275865, "lamda": 2.821693293542805}, "datetime": {"datetime": "2021-06-16 15:01:36", "elapsed": 2334.274474, "delta": 10.976126}}
{"target": -19.91877351302239, "params": {"C": 8.256442666980828, "epsilon": 6.814047467061437, "gamma": 6.985879310537779, "lamda": 1.9248710021835174}, "datetime": {"datetime": "2021-06-16 15:01:39", "elapsed": 2336.633948, "delta": 2.359474}}
{"target": -19.23289176223175, "params": {"C": 3.7994631411863526, "epsilon": 0.6640201750602361, "gamma": 9.769071502521095, "lamda": 1.9365792654825489}, "datetime": {"datetime": "2021-06-16 15:01:41", "elapsed": 2338.759128, "delta": 2.12518}}
{"target": -98.9653095756061, "params": {"C": 2.7589400334391634, "epsilon": 1.6092316535021978, "gamma": 0.9170735253176111, "lamda": 8.732212742828096}, "datetime": {"datetime": "2021-06-16 15:01:52", "elapsed": 2349.651692, "delta": 10.892564}}
{"target": -19.141923030499264, "params": {"C": 3.747533760694375, "epsilon": 0.8841583332282615, "gamma": 9.849818586314559, "lamda": 1.6054998246783059}, "datetime": {"datetime": "2021-06-16 15:01:53", "elapsed": 2351.50245, "delta": 1.850758}}
{"target": -20.541563401852937, "params": {"C": 9.887407533256638, "epsilon": 3.4225068298750183, "gamma": 8.41794139073713, "lamda": 0.6241430882263475}, "datetime": {"datetime": "2021-06-16 15:01:56", "elapsed": 2353.781325, "delta": 2.278875}}
{"target": -20.62394079403126, "params": {"C": 2.8275775403919954, "epsilon": 0.864134197817162, "gamma": 8.478273005645386, "lamda": 1.2915378632756782}, "datetime": {"datetime": "2021-06-16 15:01:59", "elapsed": 2356.887032, "delta": 3.105707}}
{"target": -18.774465896628048, "params": {"C": 9.888959946564077, "epsilon": 5.630996556795138, "gamma": 8.750037301481797, "lamda": 1.8741570681221957}, "datetime": {"datetime": "2021-06-16 15:02:01", "elapsed": 2358.855533, "delta": 1.968501}}
{"target": -20.917538456356866, "params": {"C": 9.37758066601741, "epsilon": 3.2323261657515827, "gamma": 8.26140181429421, "lamda": 0.5430597101403233}, "datetime": {"datetime": "2021-06-16 15:02:04", "elapsed": 2361.789467, "delta": 2.933934}}
{"target": -108.62196340165397, "params": {"C": 4.269123593793499, "epsilon": 5.529745654555656, "gamma": 5.283253660412704, "lamda": 9.42605339365941}, "datetime": {"datetime": "2021-06-16 15:02:15", "elapsed": 2373.35415, "delta": 11.564683}}
{"target": -20.73646469071008, "params": {"C": 9.50847711684936, "epsilon": 3.519745612053421, "gamma": 8.106011555295279, "lamda": 0.9469503408904091}, "datetime": {"datetime": "2021-06-16 15:02:18", "elapsed": 2375.637205, "delta": 2.283055}}
{"target": -22.158632593647575, "params": {"C": 7.8529479678882685, "epsilon": 2.3900959892813147, "gamma": 7.011441313724687, "lamda": 1.7046612361069937}, "datetime": {"datetime": "2021-06-16 15:02:19", "elapsed": 2377.444084, "delta": 1.806879}}
{"target": -104.4631459188324, "params": {"C": 8.735719741188968, "epsilon": 3.897822450726447, "gamma": 3.5975007015899374, "lamda": 8.611690204054122}, "datetime": {"datetime": "2021-06-16 15:02:30", "elapsed": 2388.437206, "delta": 10.993122}}
{"target": -101.19829779401744, "params": {"C": 5.962314090965647, "epsilon": 8.55895615763758, "gamma": 3.889060097809688, "lamda": 1.1054652239360006}, "datetime": {"datetime": "2021-06-16 15:02:42", "elapsed": 2400.152467, "delta": 11.715261}}
{"target": -20.322817266979968, "params": {"C": 7.632261298834099, "epsilon": 9.12804193960191, "gamma": 6.863421712522777, "lamda": 1.309445342879057}, "datetime": {"datetime": "2021-06-16 15:02:44", "elapsed": 2402.303845, "delta": 2.151378}}
{"target": -101.37915167792583, "params": {"C": 4.829296239418776, "epsilon": 6.192942432332852, "gamma": 3.2958731116988376, "lamda": 1.3672791276482388}, "datetime": {"datetime": "2021-06-16 15:02:55", "elapsed": 2413.078985, "delta": 10.77514}}
{"target": -19.83645738703033, "params": {"C": 7.757456277832504, "epsilon": 9.075784200559655, "gamma": 7.106798451423935, "lamda": 1.460397440066305}, "datetime": {"datetime": "2021-06-16 15:02:58", "elapsed": 2416.086365, "delta": 3.00738}}
{"target": -21.149265671442596, "params": {"C": 9.65347506149947, "epsilon": 3.480191514898126, "gamma": 8.23133848300664, "lamda": 0.28963598881207187}, "datetime": {"datetime": "2021-06-16 15:03:01", "elapsed": 2419.084114, "delta": 2.997749}}
{"target": -102.09162089270876, "params": {"C": 5.709519800261959, "epsilon": 1.9795403285861906, "gamma": 2.5834591703982164, "lamda": 7.40047856050719}, "datetime": {"datetime": "2021-06-16 15:03:13", "elapsed": 2431.118018, "delta": 12.033904}}
{"target": -105.18350632642965, "params": {"C": 4.67607031667409, "epsilon": 5.7134770814642675, "gamma": 8.220837086455209, "lamda": 0.9242128663559999}, "datetime": {"datetime": "2021-06-16 15:03:24", "elapsed": 2441.728364, "delta": 10.610346}}
{"target": -19.34014363016836, "params": {"C": 3.461683046502967, "epsilon": 0.5655431809494397, "gamma": 9.61862211450982, "lamda": 1.958883156994802}, "datetime": {"datetime": "2021-06-16 15:03:26", "elapsed": 2443.617156, "delta": 1.888792}}
{"target": -21.813477746328516, "params": {"C": 5.909547231179643, "epsilon": 2.3250183798331605, "gamma": 7.666154174014075, "lamda": 0.655756356407908}, "datetime": {"datetime": "2021-06-16 15:03:27", "elapsed": 2445.422652, "delta": 1.805496}}
{"target": -21.006846868995, "params": {"C": 7.135689618232273, "epsilon": 9.03267889131316, "gamma": 6.650920362524865, "lamda": 1.1236958717637826}, "datetime": {"datetime": "2021-06-16 15:03:31", "elapsed": 2449.176174, "delta": 3.753522}}
{"target": -19.6975371282011, "params": {"C": 8.646579117540425, "epsilon": 6.724150023970935, "gamma": 6.958305335387467, "lamda": 2.1581290534054633}, "datetime": {"datetime": "2021-06-16 15:03:33", "elapsed": 2451.553569, "delta": 2.377395}}
{"target": -26.4718168379846, "params": {"C": 1.8658373887400455, "epsilon": 4.021087279453678, "gamma": 5.432245064890409, "lamda": 0.6582043003900107}, "datetime": {"datetime": "2021-06-16 15:03:35", "elapsed": 2453.430344, "delta": 1.876775}}
{"target": -101.93379492245359, "params": {"C": 8.994939536336949, "epsilon": 3.8375147598640096, "gamma": 4.276588636344306, "lamda": 3.0183931789651486}, "datetime": {"datetime": "2021-06-16 15:03:46", "elapsed": 2464.137721, "delta": 10.707377}}
{"target": -19.2640325845424, "params": {"C": 3.4214827389500737, "epsilon": 0.7226203162100455, "gamma": 9.723258361455548, "lamda": 1.7579319814095158}, "datetime": {"datetime": "2021-06-16 15:03:48", "elapsed": 2466.420379, "delta": 2.282658}}
{"target": -20.52447997956931, "params": {"C": 2.838156262043756, "epsilon": 0.9159552407648901, "gamma": 8.54694454902506, "lamda": 1.2787297058977567}, "datetime": {"datetime": "2021-06-16 15:03:51", "elapsed": 2468.800757, "delta": 2.380378}}
{"target": -21.98567186785359, "params": {"C": 2.1659550180304215, "epsilon": 5.057896314345525, "gamma": 7.83869317806508, "lamda": 0.060485827022338665}, "datetime": {"datetime": "2021-06-16 15:03:53", "elapsed": 2470.918776, "delta": 2.118019}}
{"target": -19.033263613387717, "params": {"C": 9.257588649089866, "epsilon": 5.77395639554095, "gamma": 8.613458010451161, "lamda": 1.654252556953767}, "datetime": {"datetime": "2021-06-16 15:03:55", "elapsed": 2473.365886, "delta": 2.44711}}
{"target": -20.854062524368576, "params": {"C": 9.734839399520814, "epsilon": 3.5489927602031552, "gamma": 8.079940167489458, "lamda": 0.8538829044755711}, "datetime": {"datetime": "2021-06-16 15:03:58", "elapsed": 2476.088113, "delta": 2.722227}}
{"target": -20.672809329608853, "params": {"C": 7.892079265704522, "epsilon": 8.83409454933576, "gamma": 7.061020971459621, "lamda": 1.0942192697621864}, "datetime": {"datetime": "2021-06-16 15:04:01", "elapsed": 2478.964673, "delta": 2.87656}}
{"target": -20.88521470675444, "params": {"C": 9.414478455978363, "epsilon": 3.2233329114858105, "gamma": 8.261333311753447, "lamda": 0.5857768586164784}, "datetime": {"datetime": "2021-06-16 15:04:03", "elapsed": 2480.999926, "delta": 2.035253}}
{"target": -20.902282739255217, "params": {"C": 9.56756747597762, "epsilon": 3.5760703559366123, "gamma": 8.226107086231618, "lamda": 0.5720085016654541}, "datetime": {"datetime": "2021-06-16 15:04:06", "elapsed": 2483.985826, "delta": 2.9859}}
{"target": -98.51106142637643, "params": {"C": 0.8778029751800789, "epsilon": 3.3772405512880765, "gamma": 0.7649274333400409, "lamda": 6.083511716128105}, "datetime": {"datetime": "2021-06-16 15:04:16", "elapsed": 2494.372924, "delta": 10.387098}}
{"target": -22.368783307032064, "params": {"C": 6.322976814233161, "epsilon": 2.0537311094838153, "gamma": 7.257556249387848, "lamda": 0.9564802559045286}, "datetime": {"datetime": "2021-06-16 15:04:18", "elapsed": 2496.045978, "delta": 1.673054}}
{"target": -31.277970157668893, "params": {"C": 1.8087967870353134, "epsilon": 4.17052024282098, "gamma": 5.3490236889904335, "lamda": 0.6406371171809732}, "datetime": {"datetime": "2021-06-16 15:04:20", "elapsed": 2498.144926, "delta": 2.098948}}
{"target": -101.15373115230912, "params": {"C": 3.0984080820140467, "epsilon": 8.24067466132818, "gamma": 3.3112592218522168, "lamda": 3.7481737403512607}, "datetime": {"datetime": "2021-06-16 15:04:31", "elapsed": 2508.607087, "delta": 10.462161}}
{"target": -27.91807641927354, "params": {"C": 7.718387923175003, "epsilon": 1.104502731684256, "gamma": 5.787810012075568, "lamda": 1.5214257256819825}, "datetime": {"datetime": "2021-06-16 15:04:33", "elapsed": 2511.040714, "delta": 2.433627}}
{"target": -21.681545035656328, "params": {"C": 6.527037306917578, "epsilon": 1.8631460086228995, "gamma": 7.565472232824813, "lamda": 0.7919618549423412}, "datetime": {"datetime": "2021-06-16 15:04:36", "elapsed": 2514.070447, "delta": 3.029733}}
{"target": -20.671504135271316, "params": {"C": 7.95703427617193, "epsilon": 8.860252239645481, "gamma": 7.058801786145952, "lamda": 1.093129569383237}, "datetime": {"datetime": "2021-06-16 15:04:38", "elapsed": 2516.510235, "delta": 2.439788}}
{"target": -22.158349908686848, "params": {"C": 7.849335856011641, "epsilon": 2.3900122991229127, "gamma": 7.012240996968395, "lamda": 1.7032658781620895}, "datetime": {"datetime": "2021-06-16 15:04:42", "elapsed": 2520.166586, "delta": 3.656351}}
{"target": -20.147574335434072, "params": {"C": 3.049089219648648, "epsilon": 1.1161731200956793, "gamma": 8.74320772157992, "lamda": 1.6252434160130431}, "datetime": {"datetime": "2021-06-16 15:04:45", "elapsed": 2522.819651, "delta": 2.653065}}
{"target": -18.90215180763411, "params": {"C": 9.786573717568904, "epsilon": 5.542504995358545, "gamma": 8.70188542791492, "lamda": 1.744620682969761}, "datetime": {"datetime": "2021-06-16 15:04:48", "elapsed": 2525.649708, "delta": 2.830057}}
{"target": -22.326733062217254, "params": {"C": 7.918734264135331, "epsilon": 2.1927742615706296, "gamma": 7.009684235585583, "lamda": 1.628156033772958}, "datetime": {"datetime": "2021-06-16 15:04:50", "elapsed": 2528.054393, "delta": 2.404685}}
