{"target": -10.252010469065628, "params": {"C": 0.4564919063191497, "epsilon": 5.860935405619982, "gamma": 0.3030855902778009, "lamda": 0.24480923433694282}, "datetime": {"datetime": "2021-06-21 11:23:28", "elapsed": 553.074227, "delta": 1.541272}}
{"target": -9.10056452490852, "params": {"C": 0.03, "epsilon": 5.554458399406387, "gamma": 0.52542714714987, "lamda": 0.14572804293720187}, "datetime": {"datetime": "2021-06-21 11:23:31", "elapsed": 555.712598, "delta": 2.638371}}
{"target": -9.058214978485228, "params": {"C": 0.03, "epsilon": 7.780606009825275, "gamma": 0.8, "lamda": 0.02}, "datetime": {"datetime": "2021-06-21 11:23:35", "elapsed": 559.54298, "delta": 3.830382}}
{"target": -9.578201518004082, "params": {"C": 0.2693174312422373, "epsilon": 5.915382897661126, "gamma": 0.2, "lamda": 0.7}, "datetime": {"datetime": "2021-06-21 11:23:38", "elapsed": 562.318597, "delta": 2.775617}}
{"target": -9.158826683448016, "params": {"C": 0.03, "epsilon": 6.086259290306503, "gamma": 0.45035793533650387, "lamda": 0.30255877249529345}, "datetime": {"datetime": "2021-06-21 11:23:40", "elapsed": 564.993796, "delta": 2.675199}}
{"target": -10.271978303859598, "params": {"C": 0.8731567084749949, "epsilon": 6.301945583723065, "gamma": 0.30526997352865365, "lamda": 0.4024124687911278}, "datetime": {"datetime": "2021-06-21 11:23:42", "elapsed": 566.604977, "delta": 1.611181}}
{"target": -9.100161950326285, "params": {"C": 0.03, "epsilon": 8.607100608230619, "gamma": 0.43542686209244763, "lamda": 0.02}, "datetime": {"datetime": "2021-06-21 11:23:44", "elapsed": 568.888788, "delta": 2.283811}}
{"target": -9.074954396171364, "params": {"C": 0.03, "epsilon": 8.280952181010726, "gamma": 0.4171234778773267, "lamda": 0.02}, "datetime": {"datetime": "2021-06-21 11:23:47", "elapsed": 571.834794, "delta": 2.946006}}
{"target": -9.15723859405704, "params": {"C": 0.03, "epsilon": 5.760144317228724, "gamma": 0.6300631823978375, "lamda": 0.3897335140264523}, "datetime": {"datetime": "2021-06-21 11:23:49", "elapsed": 574.022288, "delta": 2.187494}}
{"target": -9.115113012892678, "params": {"C": 0.03, "epsilon": 5.2213363805501, "gamma": 0.8, "lamda": 0.36917895545202717}, "datetime": {"datetime": "2021-06-21 11:23:52", "elapsed": 576.86103, "delta": 2.838742}}
{"target": -9.63306902572279, "params": {"C": 0.39571825722434445, "epsilon": 8.649331645080114, "gamma": 0.2, "lamda": 0.7}, "datetime": {"datetime": "2021-06-21 11:23:55", "elapsed": 579.428967, "delta": 2.567937}}
{"target": -9.078471527563593, "params": {"C": 0.03, "epsilon": 6.293291329760854, "gamma": 0.8, "lamda": 0.02}, "datetime": {"datetime": "2021-06-21 11:23:57", "elapsed": 581.988729, "delta": 2.559762}}
{"target": -10.437343977959145, "params": {"C": 0.9369145190831808, "epsilon": 6.738157380089747, "gamma": 0.23422297703393147, "lamda": 0.23450012817693378}, "datetime": {"datetime": "2021-06-21 11:23:59", "elapsed": 583.591921, "delta": 1.603192}}
{"target": -10.098422096279297, "params": {"C": 0.5565124150172946, "epsilon": 6.973288889583535, "gamma": 0.48284427337919117, "lamda": 0.5287446048777791}, "datetime": {"datetime": "2021-06-21 11:24:00", "elapsed": 585.231942, "delta": 1.640021}}
{"target": -9.148604536384, "params": {"C": 0.03, "epsilon": 7.513051474226444, "gamma": 0.4712599304736852, "lamda": 0.7}, "datetime": {"datetime": "2021-06-21 11:24:04", "elapsed": 588.47298, "delta": 3.241038}}
{"target": -9.09934389828136, "params": {"C": 0.03, "epsilon": 5.800796148281751, "gamma": 0.8, "lamda": 0.19667866190468378}, "datetime": {"datetime": "2021-06-21 11:24:06", "elapsed": 590.978982, "delta": 2.506002}}
{"target": -9.104144742218418, "params": {"C": 0.03, "epsilon": 7.9786749136036645, "gamma": 0.4996382708268921, "lamda": 0.02}, "datetime": {"datetime": "2021-06-21 11:24:08", "elapsed": 593.280685, "delta": 2.301703}}
{"target": -9.091700268519611, "params": {"C": 0.03, "epsilon": 8.340822174748947, "gamma": 0.8, "lamda": 0.3977142829175365}, "datetime": {"datetime": "2021-06-21 11:24:11", "elapsed": 595.623687, "delta": 2.343002}}
{"target": -9.115339370398113, "params": {"C": 0.03, "epsilon": 7.172124147211024, "gamma": 0.43859162979095423, "lamda": 0.26078419202039255}, "datetime": {"datetime": "2021-06-21 11:24:13", "elapsed": 598.069991, "delta": 2.446304}}
{"target": -9.11676337872443, "params": {"C": 0.03, "epsilon": 5.485025402327386, "gamma": 0.8, "lamda": 0.42762369262302297}, "datetime": {"datetime": "2021-06-21 11:24:17", "elapsed": 601.33221, "delta": 3.262219}}
{"target": -9.134469100132593, "params": {"C": 0.03, "epsilon": 5.397230136335785, "gamma": 0.4155060803739037, "lamda": 0.07731303250491756}, "datetime": {"datetime": "2021-06-21 11:24:20", "elapsed": 604.911334, "delta": 3.579124}}
{"target": -9.0981151509609, "params": {"C": 0.03, "epsilon": 7.471913554730052, "gamma": 0.8, "lamda": 0.4160099963443045}, "datetime": {"datetime": "2021-06-21 11:24:23", "elapsed": 607.418287, "delta": 2.506953}}
{"target": -9.091214173758013, "params": {"C": 0.03, "epsilon": 6.816275248706835, "gamma": 0.6500838243085398, "lamda": 0.02}, "datetime": {"datetime": "2021-06-21 11:24:25", "elapsed": 610.23108, "delta": 2.812793}}
{"target": -9.07517178871885, "params": {"C": 0.03, "epsilon": 7.673430661887348, "gamma": 0.6063783972234831, "lamda": 0.02}, "datetime": {"datetime": "2021-06-21 11:24:28", "elapsed": 612.693357, "delta": 2.462277}}
{"target": -9.133951895637187, "params": {"C": 0.03, "epsilon": 8.01241069593624, "gamma": 0.8, "lamda": 0.7}, "datetime": {"datetime": "2021-06-21 11:24:30", "elapsed": 615.006455, "delta": 2.313098}}
