{"target": -27.51139466595516, "params": {"C": 2.0190728591125415, "epsilon": 3.8644155299619865, "gamma": 5.397773331586915, "lamda": 0.4991756358557141}, "datetime": {"datetime": "2021-06-16 15:04:53", "elapsed": 2530.98459, "delta": 2.930197}}
{"target": -20.91575602061936, "params": {"C": 9.378679567562266, "epsilon": 3.505873949263233, "gamma": 8.264354494302555, "lamda": 0.508344995786637}, "datetime": {"datetime": "2021-06-16 15:04:56", "elapsed": 2533.886775, "delta": 2.902185}}
{"target": -20.431434796473972, "params": {"C": 2.5537553088398544, "epsilon": 1.2079137468944203, "gamma": 8.540045937942537, "lamda": 1.3797411571372795}, "datetime": {"datetime": "2021-06-16 15:04:58", "elapsed": 2536.127583, "delta": 2.240808}}
{"target": -19.231062468540443, "params": {"C": 3.7899819259787524, "epsilon": 0.5687905334750881, "gamma": 9.845308767327024, "lamda": 2.0124316569641025}, "datetime": {"datetime": "2021-06-16 15:05:01", "elapsed": 2538.967142, "delta": 2.839559}}
{"target": -20.357444441449758, "params": {"C": 3.109493945078959, "epsilon": 0.9840788354034499, "gamma": 8.618714530763393, "lamda": 1.5559051578450924}, "datetime": {"datetime": "2021-06-16 15:05:04", "elapsed": 2542.062153, "delta": 3.095011}}
{"target": -20.1433061518114, "params": {"C": 7.9487211002759395, "epsilon": 8.982907848653436, "gamma": 7.027333286877425, "lamda": 1.3532755976057114}, "datetime": {"datetime": "2021-06-16 15:05:06", "elapsed": 2544.352766, "delta": 2.290613}}
{"target": -20.29491818438188, "params": {"C": 2.643174706393478, "epsilon": 1.0016207352686115, "gamma": 8.663386115347153, "lamda": 1.1733304925995998}, "datetime": {"datetime": "2021-06-16 15:05:09", "elapsed": 2547.424552, "delta": 3.071786}}
{"target": -173.80858773188172, "params": {"C": 5.428008761784994, "epsilon": 5.496242570432532, "gamma": 4.714124082274289, "lamda": 7.481563491643093}, "datetime": {"datetime": "2021-06-16 15:05:20", "elapsed": 2557.617293, "delta": 10.192741}}
{"target": -21.171279394569893, "params": {"C": 9.93658410341992, "epsilon": 3.3499198334158993, "gamma": 8.111008637066881, "lamda": 0.45641556531098243}, "datetime": {"datetime": "2021-06-16 15:05:23", "elapsed": 2560.665543, "delta": 3.04825}}
{"target": -110.35985124509202, "params": {"C": 9.341350688104642, "epsilon": 0.027312327405865297, "gamma": 8.998527841311105, "lamda": 3.638230816364616}, "datetime": {"datetime": "2021-06-16 15:05:33", "elapsed": 2570.93678, "delta": 10.271237}}
{"target": -26.718906303194455, "params": {"C": 1.8124862377610846, "epsilon": 3.9657559809619207, "gamma": 5.382889000560384, "lamda": 0.8756108753669328}, "datetime": {"datetime": "2021-06-16 15:05:35", "elapsed": 2573.220279, "delta": 2.283499}}
{"target": -19.267604849578625, "params": {"C": 3.74612902677656, "epsilon": 5.068831566592548, "gamma": 5.872242293985596, "lamda": 5.426593299879515}, "datetime": {"datetime": "2021-06-16 15:05:38", "elapsed": 2575.763872, "delta": 2.543593}}
{"target": -19.59229080733961, "params": {"C": 5.9465619214112415, "epsilon": 3.6269565969742597, "gamma": 5.642027032260766, "lamda": 7.547480854106636}, "datetime": {"datetime": "2021-06-16 15:05:40", "elapsed": 2578.555221, "delta": 2.791349}}
{"target": -19.09567664203683, "params": {"C": 3.4302412327923384, "epsilon": 0.7212467069409815, "gamma": 9.94040012919702, "lamda": 1.7506435253415364}, "datetime": {"datetime": "2021-06-16 15:05:44", "elapsed": 2581.772235, "delta": 3.217014}}
{"target": -20.280933094884304, "params": {"C": 8.381839764346818, "epsilon": 6.575354111423434, "gamma": 6.520623329056167, "lamda": 2.2429166356317127}, "datetime": {"datetime": "2021-06-16 15:05:46", "elapsed": 2584.551165, "delta": 2.77893}}
{"target": -18.58606391467394, "params": {"C": 9.874441867166881, "epsilon": 5.93241364493532, "gamma": 8.881511458059025, "lamda": 1.8808801552570213}, "datetime": {"datetime": "2021-06-16 15:05:49", "elapsed": 2587.507755, "delta": 2.95659}}
{"target": -22.179181569320573, "params": {"C": 7.8571911742475455, "epsilon": 2.3656248044396695, "gamma": 7.012084369179178, "lamda": 1.6937072823017814}, "datetime": {"datetime": "2021-06-16 15:05:52", "elapsed": 2590.395906, "delta": 2.888151}}
{"target": -18.67230633996721, "params": {"C": 9.812084826921883, "epsilon": 5.768976473715622, "gamma": 8.743728514664173, "lamda": 1.963287876180673}, "datetime": {"datetime": "2021-06-16 15:05:54", "elapsed": 2592.334697, "delta": 1.938791}}
{"target": -18.461863649286418, "params": {"C": 9.708297786707867, "epsilon": 5.52953092379114, "gamma": 8.940382193981, "lamda": 1.8969993840972015}, "datetime": {"datetime": "2021-06-16 15:05:57", "elapsed": 2595.089886, "delta": 2.755189}}
{"target": -18.789603307815895, "params": {"C": 0.19675853738866644, "epsilon": 9.736995139426142, "gamma": 7.968101420855942, "lamda": 0.24765156563005628}, "datetime": {"datetime": "2021-06-16 15:06:00", "elapsed": 2597.951379, "delta": 2.861493}}
{"target": -21.973225121361427, "params": {"C": 6.1512639293832105, "epsilon": 2.281574946256447, "gamma": 7.625404156926392, "lamda": 0.4253336444332913}, "datetime": {"datetime": "2021-06-16 15:06:02", "elapsed": 2600.328817, "delta": 2.377438}}
{"target": -19.099014760712027, "params": {"C": 3.3321968302171348, "epsilon": 0.571125554663995, "gamma": 9.999907989980226, "lamda": 1.7709846265945959}, "datetime": {"datetime": "2021-06-16 15:06:06", "elapsed": 2604.037299, "delta": 3.708482}}
{"target": -18.53914886674111, "params": {"C": 9.680539360356775, "epsilon": 5.96641118700014, "gamma": 8.92228920679212, "lamda": 1.6014122850604817}, "datetime": {"datetime": "2021-06-16 15:06:08", "elapsed": 2606.433597, "delta": 2.396298}}
{"target": -19.8749482086437, "params": {"C": 8.606264119207822, "epsilon": 6.82789276053635, "gamma": 6.692684782104313, "lamda": 2.2000804741300084}, "datetime": {"datetime": "2021-06-16 15:06:11", "elapsed": 2608.668991, "delta": 2.235394}}
{"target": -19.841251445565785, "params": {"C": 7.273413095228118, "epsilon": 8.925538629784034, "gamma": 7.1965705044139705, "lamda": 1.4552067768097068}, "datetime": {"datetime": "2021-06-16 15:06:13", "elapsed": 2611.397683, "delta": 2.728692}}
{"target": -24.160409910501716, "params": {"C": 5.715231547811659, "epsilon": 1.6484554681645667, "gamma": 5.742483335779363, "lamda": 7.009952915603516}, "datetime": {"datetime": "2021-06-16 15:06:16", "elapsed": 2614.500274, "delta": 3.102591}}
{"target": -20.848768697736354, "params": {"C": 9.60882043337145, "epsilon": 3.5817921667588473, "gamma": 8.13992736103304, "lamda": 0.7552819045938383}, "datetime": {"datetime": "2021-06-16 15:06:19", "elapsed": 2616.932489, "delta": 2.432215}}
{"target": -21.168108366231223, "params": {"C": 9.56023314635298, "epsilon": 3.6282412926756624, "gamma": 8.08854532883384, "lamda": 0.46583304192624614}, "datetime": {"datetime": "2021-06-16 15:06:21", "elapsed": 2619.417467, "delta": 2.484978}}
{"target": -19.402837058138697, "params": {"C": 7.698051759651808, "epsilon": 9.327565168816326, "gamma": 7.364721194545584, "lamda": 1.4403118575282599}, "datetime": {"datetime": "2021-06-16 15:06:24", "elapsed": 2622.510054, "delta": 3.092587}}
{"target": -19.113299890296624, "params": {"C": 9.808844210994014, "epsilon": 5.499502214041592, "gamma": 8.581558189459788, "lamda": 1.6640735959166546}, "datetime": {"datetime": "2021-06-16 15:06:28", "elapsed": 2625.958444, "delta": 3.44839}}
{"target": -98.00774715188555, "params": {"C": 4.8584482770343556, "epsilon": 5.658724172763044, "gamma": 5.075423236178059, "lamda": 4.861162089097366}, "datetime": {"datetime": "2021-06-16 15:06:38", "elapsed": 2636.276879, "delta": 10.318435}}
{"target": -26.817415757737656, "params": {"C": 2.3277715069323124, "epsilon": 3.5817569722025673, "gamma": 5.402458911949957, "lamda": 0.7850474055893978}, "datetime": {"datetime": "2021-06-16 15:06:41", "elapsed": 2638.866193, "delta": 2.589314}}
{"target": -18.72992439006919, "params": {"C": 9.513611668400022, "epsilon": 5.781968443903117, "gamma": 8.90891690144192, "lamda": 1.6831809719071884}, "datetime": {"datetime": "2021-06-16 15:06:44", "elapsed": 2641.906865, "delta": 3.040672}}
{"target": -21.68494318371371, "params": {"C": 6.083090796708217, "epsilon": 1.9231720923386262, "gamma": 7.60399509800287, "lamda": 0.969130109677147}, "datetime": {"datetime": "2021-06-16 15:06:46", "elapsed": 2644.270829, "delta": 2.363964}}
{"target": -19.81962839656912, "params": {"C": 6.117417679474202, "epsilon": 3.443621618264614, "gamma": 5.627396399393124, "lamda": 7.655609348322257}, "datetime": {"datetime": "2021-06-16 15:06:51", "elapsed": 2649.148953, "delta": 4.878124}}
{"target": -20.295809812482645, "params": {"C": 8.414753715146519, "epsilon": 6.208921140571145, "gamma": 6.684958981706733, "lamda": 2.057423481586031}, "datetime": {"datetime": "2021-06-16 15:06:53", "elapsed": 2651.29802, "delta": 2.149067}}
{"target": -100.78039929464117, "params": {"C": 5.2614194667471, "epsilon": 2.431303391803871, "gamma": 0.3507554755649086, "lamda": 9.304205210266183}, "datetime": {"datetime": "2021-06-16 15:07:04", "elapsed": 2662.012606, "delta": 10.714586}}
{"target": -19.127868455579307, "params": {"C": 8.89966765864467, "epsilon": 5.728634205522137, "gamma": 8.524227761493819, "lamda": 1.6401585433817132}, "datetime": {"datetime": "2021-06-16 15:07:06", "elapsed": 2664.447323, "delta": 2.434717}}
{"target": -115.00702971942466, "params": {"C": 8.352335771388981, "epsilon": 7.222492365245462, "gamma": 8.40657625827188, "lamda": 5.358614052467522}, "datetime": {"datetime": "2021-06-16 15:07:17", "elapsed": 2674.860208, "delta": 10.412885}}
{"target": -19.23144958931058, "params": {"C": 3.8677731805654676, "epsilon": 4.780048630175192, "gamma": 6.070363573840203, "lamda": 5.553788690125396}, "datetime": {"datetime": "2021-06-16 15:07:19", "elapsed": 2677.276961, "delta": 2.416753}}
{"target": -18.173119816740517, "params": {"C": 9.242486812516168, "epsilon": 6.056219573853083, "gamma": 5.297294455164946, "lamda": 7.46650057711272}, "datetime": {"datetime": "2021-06-16 15:07:21", "elapsed": 2679.251875, "delta": 1.974914}}
{"target": -21.087457840057873, "params": {"C": 9.903443134990692, "epsilon": 3.3417367344281765, "gamma": 8.12515751807793, "lamda": 0.5342848033550487}, "datetime": {"datetime": "2021-06-16 15:07:25", "elapsed": 2682.751188, "delta": 3.499313}}
{"target": -18.874924678021245, "params": {"C": 8.83718425694993, "epsilon": 5.844623156339608, "gamma": 8.80843997603834, "lamda": 1.6601242257620543}, "datetime": {"datetime": "2021-06-16 15:07:28", "elapsed": 2686.051651, "delta": 3.300463}}
{"target": -18.787966925458, "params": {"C": 1.103223926091854, "epsilon": 6.48985032633215, "gamma": 9.603758774388757, "lamda": 0.9376972193768082}, "datetime": {"datetime": "2021-06-16 15:07:30", "elapsed": 2688.002566, "delta": 1.950915}}
{"target": -19.256266598245904, "params": {"C": 3.7155430911996934, "epsilon": 0.553647346405016, "gamma": 9.764733151438234, "lamda": 2.053714770651379}, "datetime": {"datetime": "2021-06-16 15:07:33", "elapsed": 2691.028727, "delta": 3.026161}}
{"target": -21.128761359160762, "params": {"C": 9.60382621066039, "epsilon": 3.5215150683565803, "gamma": 8.092989139480522, "lamda": 0.5134562409548233}, "datetime": {"datetime": "2021-06-16 15:07:37", "elapsed": 2695.322401, "delta": 4.293674}}
{"target": -18.904327973156697, "params": {"C": 9.73987623732366, "epsilon": 8.66136210942902, "gamma": 9.592278298649585, "lamda": 0.6563026629416665}, "datetime": {"datetime": "2021-06-16 15:07:39", "elapsed": 2697.464275, "delta": 2.141874}}
{"target": -19.090830654420913, "params": {"C": 9.802680107400134, "epsilon": 5.625670481074291, "gamma": 8.649934276038422, "lamda": 1.5038696784495127}, "datetime": {"datetime": "2021-06-16 15:07:42", "elapsed": 2700.201886, "delta": 2.737611}}
{"target": -19.310228258383173, "params": {"C": 7.59184616431958, "epsilon": 9.180844190409585, "gamma": 7.3532611107811325, "lamda": 1.514816351152998}, "datetime": {"datetime": "2021-06-16 15:07:45", "elapsed": 2702.820951, "delta": 2.619065}}
{"target": -100.70687644533803, "params": {"C": 5.734132220368947, "epsilon": 3.8163324983898996, "gamma": 5.97052993720827, "lamda": 7.230548546884658}, "datetime": {"datetime": "2021-06-16 15:07:56", "elapsed": 2714.296025, "delta": 11.475074}}
{"target": -19.742824037819442, "params": {"C": 4.005616890614545, "epsilon": 2.6857856933028867, "gamma": 9.469879169555142, "lamda": 0.05275310809688548}, "datetime": {"datetime": "2021-06-16 15:08:00", "elapsed": 2717.829686, "delta": 3.533661}}
{"target": -20.075418077432047, "params": {"C": 9.857869156758845, "epsilon": 3.5999067082923535, "gamma": 8.587661131178535, "lamda": 0.9452778594818467}, "datetime": {"datetime": "2021-06-16 15:08:03", "elapsed": 2720.700256, "delta": 2.87057}}
{"target": -19.011795695445915, "params": {"C": 9.24655351541516, "epsilon": 5.767778903498512, "gamma": 9.014781696033495, "lamda": 1.360551769254405}, "datetime": {"datetime": "2021-06-16 15:08:05", "elapsed": 2723.539229, "delta": 2.838973}}
{"target": -35.00015457284213, "params": {"C": 1.8822507118690128, "epsilon": 3.8870236123212165, "gamma": 5.28799351753269, "lamda": 0.8589724780921334}, "datetime": {"datetime": "2021-06-16 15:08:08", "elapsed": 2725.995685, "delta": 2.456456}}
{"target": -21.90051884008329, "params": {"C": 2.488108965293832, "epsilon": 5.234959323979236, "gamma": 7.5296956921159275, "lamda": 0.2465324819508649}, "datetime": {"datetime": "2021-06-16 15:08:11", "elapsed": 2728.68165, "delta": 2.685965}}
{"target": -20.256559103318526, "params": {"C": 8.480884414034712, "epsilon": 6.367500538589225, "gamma": 6.578170452176122, "lamda": 2.180313082134653}, "datetime": {"datetime": "2021-06-16 15:08:13", "elapsed": 2731.421865, "delta": 2.740215}}
{"target": -21.679921040116653, "params": {"C": 2.378186245317403, "epsilon": 5.109409270061128, "gamma": 7.964321327983225, "lamda": 0.20435382228146098}, "datetime": {"datetime": "2021-06-16 15:08:17", "elapsed": 2735.099752, "delta": 3.677887}}
{"target": -21.92298098219561, "params": {"C": 6.578269892377086, "epsilon": 1.7890169273708074, "gamma": 7.36557970311284, "lamda": 0.7840663645987392}, "datetime": {"datetime": "2021-06-16 15:08:19", "elapsed": 2737.421364, "delta": 2.321612}}
{"target": -19.49259224810491, "params": {"C": 4.134413866450847, "epsilon": 0.5978875094471363, "gamma": 9.53255620577113, "lamda": 1.3622819998906095}, "datetime": {"datetime": "2021-06-16 15:08:21", "elapsed": 2739.435975, "delta": 2.014611}}
{"target": -20.93685241125371, "params": {"C": 7.405028680969347, "epsilon": 8.945573739160794, "gamma": 6.702149337464089, "lamda": 1.1371512529854992}, "datetime": {"datetime": "2021-06-16 15:08:27", "elapsed": 2744.636804, "delta": 5.200829}}
{"target": -99.3510466515899, "params": {"C": 0.19391726652311608, "epsilon": 8.218752587232295, "gamma": 6.414460894600162, "lamda": 2.3498545975581737}, "datetime": {"datetime": "2021-06-16 15:08:43", "elapsed": 2760.771416, "delta": 16.134612}}
{"target": -21.306316503328617, "params": {"C": 7.8120229340974054, "epsilon": 8.642233583330453, "gamma": 6.709707444792377, "lamda": 1.0127732759284567}, "datetime": {"datetime": "2021-06-16 15:08:46", "elapsed": 2763.917048, "delta": 3.145632}}
{"target": -20.48834629782469, "params": {"C": 2.4860702359295304, "epsilon": 1.1343610389238143, "gamma": 8.51606896837952, "lamda": 1.35418511444981}, "datetime": {"datetime": "2021-06-16 15:08:49", "elapsed": 2766.579255, "delta": 2.662207}}
{"target": -19.49398731798437, "params": {"C": 4.141880435846077, "epsilon": 0.702043515410587, "gamma": 9.518139788035196, "lamda": 1.3303012799451563}, "datetime": {"datetime": "2021-06-16 15:08:52", "elapsed": 2769.894712, "delta": 3.315457}}
{"target": -20.83622418483238, "params": {"C": 9.66638720167007, "epsilon": 3.52998878263962, "gamma": 8.12348990563087, "lamda": 0.8023887728089825}, "datetime": {"datetime": "2021-06-16 15:08:55", "elapsed": 2772.856228, "delta": 2.961516}}
{"target": -19.137528783083354, "params": {"C": 8.888146016436533, "epsilon": 5.694333925421122, "gamma": 8.378811438411269, "lamda": 1.7702915899645302}, "datetime": {"datetime": "2021-06-16 15:09:00", "elapsed": 2778.37414, "delta": 5.517912}}
{"target": -19.293644726134364, "params": {"C": 3.776673695645968, "epsilon": 5.022205813165473, "gamma": 5.868781292682869, "lamda": 5.447000987936324}, "datetime": {"datetime": "2021-06-16 15:09:03", "elapsed": 2781.149837, "delta": 2.775697}}
{"target": -19.23947249051132, "params": {"C": 3.9436393767063955, "epsilon": 0.5716060857218561, "gamma": 9.848530000840176, "lamda": 1.4240329371378173}, "datetime": {"datetime": "2021-06-16 15:09:06", "elapsed": 2784.341425, "delta": 3.191588}}
{"target": -19.727379829122867, "params": {"C": 8.58347594575416, "epsilon": 6.974883081011925, "gamma": 6.877608126650892, "lamda": 2.1261346404424293}, "datetime": {"datetime": "2021-06-16 15:09:10", "elapsed": 2788.511467, "delta": 4.170042}}
{"target": -21.77306138174641, "params": {"C": 6.186426810083081, "epsilon": 2.0186588259620377, "gamma": 7.422540176709461, "lamda": 1.2630855551041087}, "datetime": {"datetime": "2021-06-16 15:09:13", "elapsed": 2791.474044, "delta": 2.962577}}
{"target": -19.283440572429196, "params": {"C": 5.918529720318801, "epsilon": 3.776043535557907, "gamma": 5.464083844370685, "lamda": 7.286238244459236}, "datetime": {"datetime": "2021-06-16 15:09:18", "elapsed": 2796.20477, "delta": 4.730726}}
{"target": -20.375623142101077, "params": {"C": 7.656762037999193, "epsilon": 9.078760062328563, "gamma": 7.256545089235298, "lamda": 1.099400231335603}, "datetime": {"datetime": "2021-06-16 15:09:21", "elapsed": 2799.017327, "delta": 2.812557}}
{"target": -19.041772114564523, "params": {"C": 9.326304957081156, "epsilon": 5.910261986598241, "gamma": 8.62382189709063, "lamda": 1.6011059098909106}, "datetime": {"datetime": "2021-06-16 15:09:25", "elapsed": 2802.808224, "delta": 3.790897}}
{"target": -20.522992906252735, "params": {"C": 9.835021233902234, "epsilon": 3.3098544330302957, "gamma": 8.431951350226988, "lamda": 0.6423820136837557}, "datetime": {"datetime": "2021-06-16 15:09:28", "elapsed": 2805.750343, "delta": 2.942119}}
{"target": -11.15900535374005, "params": {"C": 0.0644197675652874, "epsilon": 6.615574351759733, "gamma": 2.2656726725131686, "lamda": 2.287159745393537}, "datetime": {"datetime": "2021-06-16 15:09:30", "elapsed": 2808.207414, "delta": 2.457071}}
{"target": -22.27309008457708, "params": {"C": 8.026178707355811, "epsilon": 2.1540800050780518, "gamma": 6.992331140281599, "lamda": 1.725827735692335}, "datetime": {"datetime": "2021-06-16 15:09:34", "elapsed": 2812.248977, "delta": 4.041563}}
{"target": -109.53268414831336, "params": {"C": 0.491838891470621, "epsilon": 6.482059825445913, "gamma": 2.678667412621349, "lamda": 9.591360595476656}, "datetime": {"datetime": "2021-06-16 15:09:50", "elapsed": 2828.278908, "delta": 16.029931}}
{"target": -21.18522130694054, "params": {"C": 9.692304798331588, "epsilon": 3.500489535894355, "gamma": 8.155819354679288, "lamda": 0.36094773965653093}, "datetime": {"datetime": "2021-06-16 15:09:53", "elapsed": 2831.035094, "delta": 2.756186}}
{"target": -611.4230269141487, "params": {"C": 3.375170593585879, "epsilon": 0.6819928873661479, "gamma": 9.899046658072317, "lamda": 1.8794126846048378}, "datetime": {"datetime": "2021-06-16 15:10:04", "elapsed": 2842.373092, "delta": 11.337998}}
{"target": -19.298851856878738, "params": {"C": 3.640047019998434, "epsilon": 0.49572717664178895, "gamma": 9.781661929619398, "lamda": 1.5046798185089933}, "datetime": {"datetime": "2021-06-16 15:10:07", "elapsed": 2845.185457, "delta": 2.812365}}
{"target": -19.19298773572697, "params": {"C": 3.7627736396465106, "epsilon": 5.041223946098379, "gamma": 5.852235324573404, "lamda": 5.56440346224571}, "datetime": {"datetime": "2021-06-16 15:10:10", "elapsed": 2848.136859, "delta": 2.951402}}
{"target": -19.223659706468986, "params": {"C": 3.567630799695021, "epsilon": 0.4509348698691379, "gamma": 9.88317468216782, "lamda": 1.5094581384789376}, "datetime": {"datetime": "2021-06-16 15:10:15", "elapsed": 2852.616659, "delta": 4.4798}}
{"target": -20.667513093283567, "params": {"C": 8.438501878558208, "epsilon": 6.708108670304945, "gamma": 6.308584908097302, "lamda": 2.2471226385013052}, "datetime": {"datetime": "2021-06-16 15:10:19", "elapsed": 2856.684719, "delta": 4.06806}}
{"target": -19.12932014827992, "params": {"C": 6.0260746033461565, "epsilon": 3.7195400883086487, "gamma": 5.548759945899527, "lamda": 7.673696594573174}, "datetime": {"datetime": "2021-06-16 15:10:22", "elapsed": 2860.081431, "delta": 3.396712}}
{"target": -21.31303050367692, "params": {"C": 7.771496552658179, "epsilon": 8.658986210701633, "gamma": 6.7795316643282035, "lamda": 0.9685812182123972}, "datetime": {"datetime": "2021-06-16 15:10:26", "elapsed": 2864.135108, "delta": 4.053677}}
{"target": -19.128827617729854, "params": {"C": 9.703543971922068, "epsilon": 5.503122391354555, "gamma": 8.521156975897544, "lamda": 1.7026307739430673}, "datetime": {"datetime": "2021-06-16 15:10:29", "elapsed": 2866.783779, "delta": 2.648671}}
{"target": -18.667952241173158, "params": {"C": 9.678808047271193, "epsilon": 5.846151658792692, "gamma": 9.124267273358178, "lamda": 1.4892855539401813}, "datetime": {"datetime": "2021-06-16 15:10:32", "elapsed": 2870.280641, "delta": 3.496862}}
{"target": -19.19799208684049, "params": {"C": 5.622204859715249, "epsilon": 3.8119485620892712, "gamma": 5.674248034940837, "lamda": 7.697001421037785}, "datetime": {"datetime": "2021-06-16 15:10:35", "elapsed": 2872.746443, "delta": 2.465802}}
{"target": -21.820284371929294, "params": {"C": 6.11968144946518, "epsilon": 1.8852730044777437, "gamma": 7.484512651436222, "lamda": 0.6407003236607554}, "datetime": {"datetime": "2021-06-16 15:10:40", "elapsed": 2878.521635, "delta": 5.775192}}
