{"target": -23.82774712752623, "params": {"C": 5.665360858055224, "epsilon": 0.5092094701562092, "gamma": 5.977210469652472, "lamda": 9.795729301777639}, "datetime": {"datetime": "2021-06-16 15:39:09", "elapsed": 4587.339234, "delta": 4.162144}}
{"target": -99.50654618116147, "params": {"C": 1.1479635813662374, "epsilon": 1.4154862947665892, "gamma": 1.5800965771490398, "lamda": 5.019997122780534}, "datetime": {"datetime": "2021-06-16 15:39:22", "elapsed": 4600.205499, "delta": 12.866265}}
{"target": -28.297282448368133, "params": {"C": 1.9698700656155894, "epsilon": 4.05473567164317, "gamma": 5.261607128199956, "lamda": 0.4214501189428231}, "datetime": {"datetime": "2021-06-16 15:39:31", "elapsed": 4609.154589, "delta": 8.94909}}
{"target": -11.841088631605295, "params": {"C": 0.1669836595461214, "epsilon": 0.08114326347689185, "gamma": 0.33269106248092856, "lamda": 2.405808374885825}, "datetime": {"datetime": "2021-06-16 15:39:41", "elapsed": 4618.680225, "delta": 9.525636}}
{"target": -21.26288850251822, "params": {"C": 9.670168944580334, "epsilon": 3.4930620938619636, "gamma": 8.064619379421595, "lamda": 0.38409763211021725}, "datetime": {"datetime": "2021-06-16 15:39:48", "elapsed": 4625.961131, "delta": 7.280906}}
{"target": -9.335589017156483, "params": {"C": 0.04500785129371546, "epsilon": 2.1964864615288073, "gamma": 0.3682782540108258, "lamda": 1.9440175010548404}, "datetime": {"datetime": "2021-06-16 15:39:56", "elapsed": 4634.273256, "delta": 8.312125}}
{"target": -20.530082597845386, "params": {"C": 7.099929686774299, "epsilon": 9.022927005951129, "gamma": 6.996956221131204, "lamda": 1.1527836627687291}, "datetime": {"datetime": "2021-06-16 15:40:07", "elapsed": 4644.731725, "delta": 10.458469}}
{"target": -22.346233184618765, "params": {"C": 7.883778343044681, "epsilon": 2.2706095804444444, "gamma": 6.988942866502631, "lamda": 1.5524702955726983}, "datetime": {"datetime": "2021-06-16 15:40:13", "elapsed": 4650.62322, "delta": 5.891495}}
{"target": -14.1202664408044, "params": {"C": 0.11135424831055446, "epsilon": 9.812877225535745, "gamma": 7.70492833630384, "lamda": 0.4741282439053519}, "datetime": {"datetime": "2021-06-16 15:40:21", "elapsed": 4658.717056, "delta": 8.093836}}
{"target": -20.776620984801326, "params": {"C": 9.49517777854443, "epsilon": 2.264993336769552, "gamma": 7.953996982483191, "lamda": 1.804662363511162}, "datetime": {"datetime": "2021-06-16 15:40:25", "elapsed": 4663.522283, "delta": 4.805227}}
{"target": -38.329503624057594, "params": {"C": 7.716009306148185, "epsilon": 0.8535363247571499, "gamma": 5.702844372616333, "lamda": 1.4592969561962255}, "datetime": {"datetime": "2021-06-16 15:40:30", "elapsed": 4668.504999, "delta": 4.982716}}
{"target": -143.5191624716232, "params": {"C": 6.548956763570386, "epsilon": 0.18046967397601474, "gamma": 4.1004575194028465, "lamda": 2.3900404070294763}, "datetime": {"datetime": "2021-06-16 15:40:43", "elapsed": 4680.921925, "delta": 12.416926}}
{"target": -21.0995911447698, "params": {"C": 7.258408205776242, "epsilon": 9.201687961181213, "gamma": 7.002644483359535, "lamda": 0.9021020524818064}, "datetime": {"datetime": "2021-06-16 15:40:48", "elapsed": 4686.510068, "delta": 5.588143}}
{"target": -20.02260563932689, "params": {"C": 8.19290978275864, "epsilon": 6.760701465147895, "gamma": 6.632356604827458, "lamda": 2.1486739278854388}, "datetime": {"datetime": "2021-06-16 15:40:54", "elapsed": 4692.32341, "delta": 5.813342}}
{"target": -20.321035591650567, "params": {"C": 8.368063341938559, "epsilon": 6.5350609473177, "gamma": 6.473357423986363, "lamda": 2.3325314363146963}, "datetime": {"datetime": "2021-06-16 15:41:03", "elapsed": 4700.81044, "delta": 8.48703}}
{"target": -20.4135300222008, "params": {"C": 9.810716587214733, "epsilon": 3.09325422342455, "gamma": 8.415533700602737, "lamda": 0.8664253918459033}, "datetime": {"datetime": "2021-06-16 15:41:12", "elapsed": 4709.837478, "delta": 9.027038}}
{"target": -19.66553859893786, "params": {"C": 6.1603162402922695, "epsilon": 3.5422964812085036, "gamma": 5.5791244103871565, "lamda": 7.736882899936972}, "datetime": {"datetime": "2021-06-16 15:41:18", "elapsed": 4715.726429, "delta": 5.888951}}
{"target": -56.387695232969584, "params": {"C": 6.831615356129192, "epsilon": 4.720746299423775, "gamma": 3.8775722903888434, "lamda": 0.2895831690041625}, "datetime": {"datetime": "2021-06-16 15:41:23", "elapsed": 4721.402946, "delta": 5.676517}}
{"target": -26.593967874104006, "params": {"C": 1.978129318858266, "epsilon": 3.708698817642919, "gamma": 5.238428219156381, "lamda": 0.5202020884391177}, "datetime": {"datetime": "2021-06-16 15:41:29", "elapsed": 4727.005228, "delta": 5.602282}}
{"target": -22.333034058443925, "params": {"C": 6.353868545088741, "epsilon": 2.055274033171626, "gamma": 7.269632918429763, "lamda": 0.9185905546500739}, "datetime": {"datetime": "2021-06-16 15:41:38", "elapsed": 4735.824687, "delta": 8.819459}}
{"target": -19.09272277936896, "params": {"C": 8.848792678102221, "epsilon": 5.7603008645661955, "gamma": 8.388655557501325, "lamda": 1.7924688327832226}, "datetime": {"datetime": "2021-06-16 15:41:43", "elapsed": 4740.912749, "delta": 5.088062}}
{"target": -25.020581578712576, "params": {"C": 7.966686081166663, "epsilon": 1.3822331263948713, "gamma": 6.53651457065225, "lamda": 1.513096711973424}, "datetime": {"datetime": "2021-06-16 15:41:47", "elapsed": 4744.881366, "delta": 3.968617}}
{"target": -103.67954821952088, "params": {"C": 0.10799794945935834, "epsilon": 5.7479323689499005, "gamma": 3.2145271171423837, "lamda": 5.799549960247661}, "datetime": {"datetime": "2021-06-16 15:42:06", "elapsed": 4763.887656, "delta": 19.00629}}
{"target": -19.251341849317402, "params": {"C": 3.810108254603319, "epsilon": 0.9017925653253767, "gamma": 9.741158216208866, "lamda": 1.5232354282757175}, "datetime": {"datetime": "2021-06-16 15:42:15", "elapsed": 4772.823042, "delta": 8.935386}}
{"target": -20.453413429940596, "params": {"C": 3.101554008003179, "epsilon": 0.8162381645388507, "gamma": 8.62621727523016, "lamda": 1.260697928178089}, "datetime": {"datetime": "2021-06-16 15:42:20", "elapsed": 4778.473777, "delta": 5.650735}}
{"target": -101.71882031796864, "params": {"C": 8.309794691869545, "epsilon": 2.641824640383582, "gamma": 6.98815468394506, "lamda": 5.20999148243318}, "datetime": {"datetime": "2021-06-16 15:42:33", "elapsed": 4790.832648, "delta": 12.358871}}
{"target": -19.28959635338164, "params": {"C": 3.468939257941646, "epsilon": 0.7325772397727391, "gamma": 9.696444939598596, "lamda": 1.6945882989153458}, "datetime": {"datetime": "2021-06-16 15:42:41", "elapsed": 4798.893837, "delta": 8.061189}}
{"target": -20.369718494343505, "params": {"C": 2.9786748246421957, "epsilon": 0.9114868701797411, "gamma": 8.59198778740012, "lamda": 1.7742592531576806}, "datetime": {"datetime": "2021-06-16 15:42:46", "elapsed": 4803.817023, "delta": 4.923186}}
{"target": -18.352191884992873, "params": {"C": 3.668757772152186, "epsilon": 6.147225223543092, "gamma": 8.959130938855424, "lamda": 1.9320449291695128}, "datetime": {"datetime": "2021-06-16 15:42:50", "elapsed": 4808.458797, "delta": 4.641774}}
{"target": -19.147241467536595, "params": {"C": 3.622568301453725, "epsilon": 0.7071980344440345, "gamma": 9.90165654277034, "lamda": 1.6456979607242208}, "datetime": {"datetime": "2021-06-16 15:42:56", "elapsed": 4814.518804, "delta": 6.060007}}
{"target": -23.293575362818395, "params": {"C": 7.9465416263005775, "epsilon": 3.4167322070721555, "gamma": 5.850074031891456, "lamda": 2.9925604190355424}, "datetime": {"datetime": "2021-06-16 15:43:01", "elapsed": 4819.157259, "delta": 4.638455}}
{"target": -22.675391685561046, "params": {"C": 5.57021310339416, "epsilon": 1.6283400747687138, "gamma": 5.867306055906156, "lamda": 6.714962747027653}, "datetime": {"datetime": "2021-06-16 15:43:07", "elapsed": 4824.75343, "delta": 5.596171}}
{"target": -105.6958834917987, "params": {"C": 4.217076814984515, "epsilon": 7.15480332288293, "gamma": 4.449063309045513, "lamda": 4.386526764716016}, "datetime": {"datetime": "2021-06-16 15:43:19", "elapsed": 4837.480683, "delta": 12.727253}}
{"target": -20.834821085629525, "params": {"C": 9.721373251687599, "epsilon": 3.460533180619094, "gamma": 8.362826235168976, "lamda": 0.46060123330869535}, "datetime": {"datetime": "2021-06-16 15:43:29", "elapsed": 4846.717212, "delta": 9.236529}}
{"target": -20.547728957065615, "params": {"C": 7.604938028130588, "epsilon": 9.4223171264879, "gamma": 7.072807984160816, "lamda": 1.0813263960390758}, "datetime": {"datetime": "2021-06-16 15:43:34", "elapsed": 4851.932626, "delta": 5.215414}}
{"target": -102.56549480852004, "params": {"C": 8.08948417047955, "epsilon": 1.8306123606225273, "gamma": 3.4089694331838616, "lamda": 7.753133599304603}, "datetime": {"datetime": "2021-06-16 15:43:47", "elapsed": 4864.69103, "delta": 12.758404}}
{"target": -19.5260070920273, "params": {"C": 7.157195283826846, "epsilon": 8.7635068553542, "gamma": 7.352997704310161, "lamda": 1.4342550138018444}, "datetime": {"datetime": "2021-06-16 15:43:53", "elapsed": 4871.156966, "delta": 6.465936}}
{"target": -100.71232252173846, "params": {"C": 8.012428262446146, "epsilon": 4.6408473830900405, "gamma": 3.4768255657638614, "lamda": 1.7005512943372278}, "datetime": {"datetime": "2021-06-16 15:44:06", "elapsed": 4883.934054, "delta": 12.777088}}
{"target": -29.978954655026786, "params": {"C": 8.590251378635152, "epsilon": 9.083507953209246, "gamma": 3.910179445179882, "lamda": 2.7736247305101656}, "datetime": {"datetime": "2021-06-16 15:44:10", "elapsed": 4887.943502, "delta": 4.009448}}
{"target": -116.2348453239868, "params": {"C": 2.2399015015882897, "epsilon": 3.812965170769064, "gamma": 3.873668172136544, "lamda": 7.0018661286104305}, "datetime": {"datetime": "2021-06-16 15:44:23", "elapsed": 4900.592012, "delta": 12.64851}}
{"target": -19.129885720079752, "params": {"C": 3.469628513202631, "epsilon": 0.6100800577431988, "gamma": 9.931726612835718, "lamda": 1.6965027607870518}, "datetime": {"datetime": "2021-06-16 15:44:30", "elapsed": 4907.617095, "delta": 7.025083}}
{"target": -210.00110500703713, "params": {"C": 1.9890855902721583, "epsilon": 3.460073511876235, "gamma": 5.201899046876647, "lamda": 0.871869057774457}, "datetime": {"datetime": "2021-06-16 15:44:46", "elapsed": 4924.125637, "delta": 16.508542}}
{"target": -21.822731849095323, "params": {"C": 6.168664159875561, "epsilon": 1.8226769874507616, "gamma": 7.60688167078747, "lamda": 0.759315306104819}, "datetime": {"datetime": "2021-06-16 15:44:56", "elapsed": 4933.951714, "delta": 9.826077}}
{"target": -162.72900970022164, "params": {"C": 4.158140717067667, "epsilon": 7.326835772940365, "gamma": 8.005275597541381, "lamda": 4.040320754742917}, "datetime": {"datetime": "2021-06-16 15:45:09", "elapsed": 4946.601307, "delta": 12.649593}}
{"target": -108.81862615587696, "params": {"C": 4.045748287540572, "epsilon": 0.2198103805969754, "gamma": 8.057468789791965, "lamda": 8.522708028476934}, "datetime": {"datetime": "2021-06-16 15:45:21", "elapsed": 4959.269444, "delta": 12.668137}}
{"target": -19.999302190607164, "params": {"C": 7.584575807842772, "epsilon": 8.909829854837517, "gamma": 7.135287957945017, "lamda": 1.3815450235004785}, "datetime": {"datetime": "2021-06-16 15:45:30", "elapsed": 4968.352729, "delta": 9.083285}}
{"target": -20.999996784749854, "params": {"C": 7.882208386476904, "epsilon": 8.929465191407385, "gamma": 6.933337068705167, "lamda": 0.9854113123235636}, "datetime": {"datetime": "2021-06-16 15:45:36", "elapsed": 4974.248952, "delta": 5.896223}}
{"target": -129.636037002824, "params": {"C": 8.786252925494377, "epsilon": 6.32212837301239, "gamma": 6.6388461076051195, "lamda": 4.302205177422184}, "datetime": {"datetime": "2021-06-16 15:45:49", "elapsed": 4987.017184, "delta": 12.768232}}
{"target": -21.768984560722952, "params": {"C": 6.404309986032598, "epsilon": 1.9962822993323055, "gamma": 7.614572773406292, "lamda": 0.8003462832446772}, "datetime": {"datetime": "2021-06-16 15:45:56", "elapsed": 4994.259204, "delta": 7.24202}}
{"target": -19.877000069260014, "params": {"C": 2.85635663345475, "epsilon": 0.7395986310698743, "gamma": 8.944782329929028, "lamda": 1.2336082047350498}, "datetime": {"datetime": "2021-06-16 15:46:03", "elapsed": 5001.074909, "delta": 6.815705}}
{"target": -18.989855078234605, "params": {"C": 2.8128960893564265, "epsilon": 8.70306325756505, "gamma": 9.963093787561265, "lamda": 5.9882575276228085}, "datetime": {"datetime": "2021-06-16 15:46:10", "elapsed": 5008.072905, "delta": 6.997996}}
{"target": -20.496399783631016, "params": {"C": 9.651361850208641, "epsilon": 3.322651030438751, "gamma": 8.42879570980697, "lamda": 0.6812783110458299}, "datetime": {"datetime": "2021-06-16 15:46:23", "elapsed": 5021.499827, "delta": 13.426922}}
{"target": -19.409339943371634, "params": {"C": 3.8673575947814243, "epsilon": 0.5953653868578049, "gamma": 9.583434544265378, "lamda": 1.5772256291054343}, "datetime": {"datetime": "2021-06-16 15:46:33", "elapsed": 5031.114567, "delta": 9.61474}}
{"target": -21.904220707700738, "params": {"C": 6.57156030828752, "epsilon": 1.9592647009368076, "gamma": 7.436271496352919, "lamda": 0.9123108469397114}, "datetime": {"datetime": "2021-06-16 15:46:40", "elapsed": 5038.498759, "delta": 7.384192}}
{"target": -111.74239859788051, "params": {"C": 1.5726176162725034, "epsilon": 1.8111113641074374, "gamma": 9.259819974528536, "lamda": 6.2199975041367}, "datetime": {"datetime": "2021-06-16 15:46:58", "elapsed": 5056.5589, "delta": 18.060141}}
{"target": -19.302104166883964, "params": {"C": 9.184806089023043, "epsilon": 5.837269749465976, "gamma": 8.380157175250758, "lamda": 1.5552967112209692}, "datetime": {"datetime": "2021-06-16 15:47:07", "elapsed": 5064.632634, "delta": 8.073734}}
{"target": -21.244529210842984, "params": {"C": 7.1463676599375745, "epsilon": 9.117597111173389, "gamma": 6.78962092826298, "lamda": 0.9445686321542975}, "datetime": {"datetime": "2021-06-16 15:47:16", "elapsed": 5074.509324, "delta": 9.87669}}
{"target": -19.81005812169247, "params": {"C": 1.2175309697899852, "epsilon": 7.869659825214458, "gamma": 8.277492709331325, "lamda": 0.9550383011425168}, "datetime": {"datetime": "2021-06-16 15:47:21", "elapsed": 5078.756873, "delta": 4.247549}}
{"target": -104.58197816944303, "params": {"C": 3.3612476321627005, "epsilon": 4.280048771755159, "gamma": 3.1136783913799397, "lamda": 2.1231341860712987}, "datetime": {"datetime": "2021-06-16 15:47:33", "elapsed": 5091.461417, "delta": 12.704544}}
{"target": -20.889916849493513, "params": {"C": 9.333529099548512, "epsilon": 3.3423348904156276, "gamma": 8.34412997341829, "lamda": 0.43296771420153646}, "datetime": {"datetime": "2021-06-16 15:47:40", "elapsed": 5097.793512, "delta": 6.332095}}
{"target": -98.66840811599856, "params": {"C": 2.1738083594472983, "epsilon": 1.0626735479923974, "gamma": 5.338193260244706, "lamda": 6.5373968105428135}, "datetime": {"datetime": "2021-06-16 15:47:53", "elapsed": 5110.834651, "delta": 13.041139}}
{"target": -19.801374654216012, "params": {"C": 8.685514137258433, "epsilon": 6.877540695541198, "gamma": 6.689831994419529, "lamda": 2.2492254299772116}, "datetime": {"datetime": "2021-06-16 15:48:03", "elapsed": 5121.16396, "delta": 10.329309}}
{"target": -229.40223408751558, "params": {"C": 9.82775876355022, "epsilon": 8.788886806573299, "gamma": 6.5794719956894525, "lamda": 8.002991313660427}, "datetime": {"datetime": "2021-06-16 15:48:16", "elapsed": 5134.182023, "delta": 13.018063}}
{"target": -18.769349100024915, "params": {"C": 9.541462401757052, "epsilon": 5.950562688991703, "gamma": 8.986251034970808, "lamda": 1.5009546587763292}, "datetime": {"datetime": "2021-06-16 15:48:22", "elapsed": 5140.440147, "delta": 6.258124}}
{"target": -18.946724464500182, "params": {"C": 9.294685304701936, "epsilon": 6.138101816728901, "gamma": 8.594221616538816, "lamda": 1.6765061419490548}, "datetime": {"datetime": "2021-06-16 15:48:32", "elapsed": 5149.569158, "delta": 9.129011}}
{"target": -98.78063148691992, "params": {"C": 3.852225237857254, "epsilon": 0.4419622429809843, "gamma": 0.6294028018668999, "lamda": 4.1085950238847895}, "datetime": {"datetime": "2021-06-16 15:48:41", "elapsed": 5159.453887, "delta": 9.884729}}
{"target": -182.24174711811563, "params": {"C": 0.3815054458616467, "epsilon": 7.203469033241483, "gamma": 3.5239693423061875, "lamda": 8.753519207961554}, "datetime": {"datetime": "2021-06-16 15:49:00", "elapsed": 5177.987581, "delta": 18.533694}}
{"target": -115.54150333168103, "params": {"C": 0.05510628692884568, "epsilon": 3.6072827079356036, "gamma": 7.604231683991624, "lamda": 9.865178069122408}, "datetime": {"datetime": "2021-06-16 15:49:19", "elapsed": 5196.92633, "delta": 18.938749}}
{"target": -20.685004706427588, "params": {"C": 8.467167364442442, "epsilon": 6.983383388024447, "gamma": 6.588931317165831, "lamda": 1.8013266251909152}, "datetime": {"datetime": "2021-06-16 15:49:27", "elapsed": 5204.588479, "delta": 7.662149}}
{"target": -21.99676907655765, "params": {"C": 6.188781294706269, "epsilon": 2.152762375779276, "gamma": 7.442717107261037, "lamda": 0.7350893957002265}, "datetime": {"datetime": "2021-06-16 15:49:37", "elapsed": 5215.011709, "delta": 10.42323}}
{"target": -100.74919942683272, "params": {"C": 7.557184338057837, "epsilon": 0.7260948600121307, "gamma": 0.14869334813420076, "lamda": 1.5187172143016183}, "datetime": {"datetime": "2021-06-16 15:49:50", "elapsed": 5228.285889, "delta": 13.27418}}
{"target": -11.714932302179372, "params": {"C": 0.15911366087203102, "epsilon": 2.0706949771078427, "gamma": 0.3855162942126887, "lamda": 1.7533792897732894}, "datetime": {"datetime": "2021-06-16 15:49:55", "elapsed": 5233.397061, "delta": 5.111172}}
{"target": -19.55631220911419, "params": {"C": 7.459969438001741, "epsilon": 9.257761849710622, "gamma": 7.329614319114373, "lamda": 1.3355890729800393}, "datetime": {"datetime": "2021-06-16 15:50:02", "elapsed": 5239.976207, "delta": 6.579146}}
{"target": -128.9299760410411, "params": {"C": 4.568771620017059, "epsilon": 7.241815887797507, "gamma": 3.26441382721464, "lamda": 5.4907502693245736}, "datetime": {"datetime": "2021-06-16 15:50:14", "elapsed": 5252.556239, "delta": 12.580032}}
{"target": -19.655716662200128, "params": {"C": 7.38025345708646, "epsilon": 8.906931983687478, "gamma": 7.187900234019401, "lamda": 1.4492539679404126}, "datetime": {"datetime": "2021-06-16 15:50:22", "elapsed": 5260.554578, "delta": 7.998339}}
{"target": -112.44801857095123, "params": {"C": 6.651277132472583, "epsilon": 3.481698403977192, "gamma": 9.127735379302745, "lamda": 7.338983762276229}, "datetime": {"datetime": "2021-06-16 15:50:35", "elapsed": 5273.404429, "delta": 12.849851}}
{"target": -18.839573973132662, "params": {"C": 9.577101667872341, "epsilon": 5.745832833485249, "gamma": 8.809782850088713, "lamda": 1.7291802783213126}, "datetime": {"datetime": "2021-06-16 15:50:46", "elapsed": 5284.300165, "delta": 10.895736}}
{"target": -20.953705163181667, "params": {"C": 7.416284233997877, "epsilon": 8.930798998873831, "gamma": 6.745040645423637, "lamda": 1.1090679794475204}, "datetime": {"datetime": "2021-06-16 15:50:54", "elapsed": 5292.043995, "delta": 7.74383}}
{"target": -101.18932383067087, "params": {"C": 2.0566078855817755, "epsilon": 7.357495098903586, "gamma": 3.9551507646163078, "lamda": 5.783419188474626}, "datetime": {"datetime": "2021-06-16 15:51:07", "elapsed": 5305.011219, "delta": 12.967224}}
{"target": -105.46581605290417, "params": {"C": 8.291361339604531, "epsilon": 5.798540147793946, "gamma": 2.9954810541943666, "lamda": 2.4062452507085488}, "datetime": {"datetime": "2021-06-16 15:51:20", "elapsed": 5318.323399, "delta": 13.31218}}
{"target": -19.64455794354436, "params": {"C": 3.0438880961935313, "epsilon": 1.1570654578645527, "gamma": 8.921139164734875, "lamda": 1.5073520155733062}, "datetime": {"datetime": "2021-06-16 15:51:31", "elapsed": 5329.30428, "delta": 10.980881}}
{"target": -84.88190946561211, "params": {"C": 0.28984360245925345, "epsilon": 9.82772200750471, "gamma": 7.593201675474949, "lamda": 0.338364459958718}, "datetime": {"datetime": "2021-06-16 15:51:36", "elapsed": 5334.029792, "delta": 4.725512}}
{"target": -21.811734661897873, "params": {"C": 6.535427217451791, "epsilon": 2.059439174466901, "gamma": 7.395889173825233, "lamda": 0.73303006133559}, "datetime": {"datetime": "2021-06-16 15:51:44", "elapsed": 5341.70742, "delta": 7.677628}}
{"target": -19.992705972750276, "params": {"C": 3.1760869402477265, "epsilon": 0.817392499061217, "gamma": 8.972081284256392, "lamda": 1.4359993586028554}, "datetime": {"datetime": "2021-06-16 15:51:53", "elapsed": 5350.686773, "delta": 8.979353}}
{"target": -22.28009059006461, "params": {"C": 8.156981107105683, "epsilon": 2.2364210406913516, "gamma": 7.005635099743662, "lamda": 1.6686449425618572}, "datetime": {"datetime": "2021-06-16 15:52:02", "elapsed": 5359.799294, "delta": 9.112521}}
{"target": -20.564437745974377, "params": {"C": 8.347785364499877, "epsilon": 7.079427529550009, "gamma": 6.546761630746869, "lamda": 1.9681806373335962}, "datetime": {"datetime": "2021-06-16 15:52:09", "elapsed": 5367.362011, "delta": 7.562717}}
{"target": -19.333457089629007, "params": {"C": 3.466727436626038, "epsilon": 0.6935476995969299, "gamma": 9.686043085747958, "lamda": 1.445700965180655}, "datetime": {"datetime": "2021-06-16 15:52:24", "elapsed": 5381.875257, "delta": 14.513246}}
{"target": -20.522269260098177, "params": {"C": 9.698502176259142, "epsilon": 3.6285461814042774, "gamma": 8.176036049555945, "lamda": 1.0845846193694257}, "datetime": {"datetime": "2021-06-16 15:52:40", "elapsed": 5397.795738, "delta": 15.920481}}
{"target": -18.575312510922025, "params": {"C": 9.994272931256733, "epsilon": 5.8697149034421265, "gamma": 8.782201193158484, "lamda": 2.0279062626958146}, "datetime": {"datetime": "2021-06-16 15:52:48", "elapsed": 5406.030354, "delta": 8.234616}}
