{"target": -10.196634084954708, "params": {"C": 0.5559749834490145, "epsilon": 7.321409310288237, "gamma": 0.4988011831639461, "lamda": 0.14422421419502865}, "datetime": {"datetime": "2021-06-21 11:15:35", "elapsed": 80.085845, "delta": 0.973591}}
{"target": -9.131542864897597, "params": {"C": 0.03, "epsilon": 7.149633674946984, "gamma": 0.8, "lamda": 0.7}, "datetime": {"datetime": "2021-06-21 11:15:37", "elapsed": 81.375701, "delta": 1.289856}}
{"target": -9.08548621788242, "params": {"C": 0.03, "epsilon": 6.323751988244181, "gamma": 0.5347306028440945, "lamda": 0.02}, "datetime": {"datetime": "2021-06-21 11:15:38", "elapsed": 82.613588, "delta": 1.237887}}
{"target": -9.07771136799769, "params": {"C": 0.03, "epsilon": 7.3559269961067955, "gamma": 0.5066186790875037, "lamda": 0.3677151795718286}, "datetime": {"datetime": "2021-06-21 11:15:39", "elapsed": 83.792773, "delta": 1.179185}}
{"target": -9.136731551046633, "params": {"C": 0.03, "epsilon": 8.456440009669166, "gamma": 0.8, "lamda": 0.7}, "datetime": {"datetime": "2021-06-21 11:15:40", "elapsed": 85.001452, "delta": 1.208679}}
{"target": -9.76492212205337, "params": {"C": 0.45008587321104143, "epsilon": 4.7453858670043205, "gamma": 0.2, "lamda": 0.7}, "datetime": {"datetime": "2021-06-21 11:15:41", "elapsed": 86.263461, "delta": 1.262009}}
{"target": -9.164153509414561, "params": {"C": 0.03, "epsilon": 4.739529232086743, "gamma": 0.558519237048353, "lamda": 0.5647554379376123}, "datetime": {"datetime": "2021-06-21 11:15:43", "elapsed": 87.55184, "delta": 1.288379}}
{"target": -9.279397058759699, "params": {"C": 0.04727537753085578, "epsilon": 4.718472811296725, "gamma": 0.5486841505564026, "lamda": 0.534682991313391}, "datetime": {"datetime": "2021-06-21 11:15:44", "elapsed": 88.338371, "delta": 0.786531}}
{"target": -10.878511649557584, "params": {"C": 0.5128301797141117, "epsilon": 5.64061132029931, "gamma": 0.5735263875630325, "lamda": 0.5814921704980572}, "datetime": {"datetime": "2021-06-21 11:15:44", "elapsed": 89.134379, "delta": 0.796008}}
{"target": -9.821222019092147, "params": {"C": 0.24425960246362705, "epsilon": 6.029069067014447, "gamma": 0.4900551809657243, "lamda": 0.6965506452770582}, "datetime": {"datetime": "2021-06-21 11:15:46", "elapsed": 90.376554, "delta": 1.242175}}
{"target": -9.038686704664203, "params": {"C": 0.03, "epsilon": 9.0, "gamma": 0.5429099994518083, "lamda": 0.02}, "datetime": {"datetime": "2021-06-21 11:15:48", "elapsed": 92.32123, "delta": 1.944676}}
{"target": -9.597579591186648, "params": {"C": 0.26492489487557586, "epsilon": 5.514793609814951, "gamma": 0.2022599429130963, "lamda": 0.4275197909590755}, "datetime": {"datetime": "2021-06-21 11:15:49", "elapsed": 93.659698, "delta": 1.338468}}
{"target": -9.048085870963613, "params": {"C": 0.03, "epsilon": 8.139625869344572, "gamma": 0.5427889525516199, "lamda": 0.02}, "datetime": {"datetime": "2021-06-21 11:15:50", "elapsed": 94.705081, "delta": 1.045383}}
{"target": -9.146042257835385, "params": {"C": 0.03, "epsilon": 5.0870285711214125, "gamma": 0.5847475737053273, "lamda": 0.3066416955772583}, "datetime": {"datetime": "2021-06-21 11:15:51", "elapsed": 95.868194, "delta": 1.163113}}
{"target": -10.68845307202162, "params": {"C": 0.4368188130876576, "epsilon": 5.93698565910487, "gamma": 0.5976830924906034, "lamda": 0.4034131038920832}, "datetime": {"datetime": "2021-06-21 11:15:52", "elapsed": 96.733686, "delta": 0.865492}}
{"target": -9.106195870141306, "params": {"C": 0.03318794771602377, "epsilon": 6.979835820371562, "gamma": 0.3259584907431076, "lamda": 0.3206610014441268}, "datetime": {"datetime": "2021-06-21 11:15:53", "elapsed": 97.520546, "delta": 0.78686}}
{"target": -9.080870932685277, "params": {"C": 0.03, "epsilon": 9.0, "gamma": 0.8, "lamda": 0.3379192048623476}, "datetime": {"datetime": "2021-06-21 11:15:54", "elapsed": 98.639242, "delta": 1.118696}}
{"target": -9.83185417588852, "params": {"C": 0.20675980835633423, "epsilon": 6.590608882148325, "gamma": 0.4899022909076565, "lamda": 0.19423298461249122}, "datetime": {"datetime": "2021-06-21 11:15:55", "elapsed": 99.479039, "delta": 0.839797}}
{"target": -9.806398756822933, "params": {"C": 0.20268878809083385, "epsilon": 7.1910633997855316, "gamma": 0.4608701435799496, "lamda": 0.40952540289262923}, "datetime": {"datetime": "2021-06-21 11:15:55", "elapsed": 100.277572, "delta": 0.798533}}
{"target": -9.515841046170888, "params": {"C": 0.12259410849348101, "epsilon": 4.931754493293906, "gamma": 0.38833071154757454, "lamda": 0.6463057927661049}, "datetime": {"datetime": "2021-06-21 11:15:56", "elapsed": 101.216326, "delta": 0.938754}}
{"target": -9.11501644026098, "params": {"C": 0.039493397124042554, "epsilon": 8.012546945204889, "gamma": 0.38134226050418485, "lamda": 0.3272012443214032}, "datetime": {"datetime": "2021-06-21 11:15:58", "elapsed": 102.482458, "delta": 1.266132}}
{"target": -9.105812284760368, "params": {"C": 0.03, "epsilon": 6.117707896889831, "gamma": 0.5789268985077937, "lamda": 0.21594431251347682}, "datetime": {"datetime": "2021-06-21 11:15:59", "elapsed": 103.754947, "delta": 1.272489}}
{"target": -9.11344236742039, "params": {"C": 0.03, "epsilon": 7.673038200483496, "gamma": 0.5098926320977389, "lamda": 0.5786915042542263}, "datetime": {"datetime": "2021-06-21 11:16:00", "elapsed": 105.159243, "delta": 1.404296}}
{"target": -9.233094971529315, "params": {"C": 0.04390611675890825, "epsilon": 5.5491860832579345, "gamma": 0.41001587199596284, "lamda": 0.2977516870645264}, "datetime": {"datetime": "2021-06-21 11:16:01", "elapsed": 105.988404, "delta": 0.829161}}
{"target": -9.601316905616375, "params": {"C": 0.03, "epsilon": 7.6421626020793605, "gamma": 0.2, "lamda": 0.38185582165964466}, "datetime": {"datetime": "2021-06-21 11:16:02", "elapsed": 107.093329, "delta": 1.104925}}
{"target": -9.123572523567907, "params": {"C": 0.03, "epsilon": 5.449630522005136, "gamma": 0.5949688328806031, "lamda": 0.02}, "datetime": {"datetime": "2021-06-21 11:16:03", "elapsed": 108.19662, "delta": 1.103291}}
{"target": -9.22457838194773, "params": {"C": 0.03, "epsilon": 4.5, "gamma": 0.6403299449027504, "lamda": 0.7}, "datetime": {"datetime": "2021-06-21 11:16:05", "elapsed": 109.53551, "delta": 1.33889}}
{"target": -9.135288088866135, "params": {"C": 0.03, "epsilon": 5.9121508091566515, "gamma": 0.8, "lamda": 0.7}, "datetime": {"datetime": "2021-06-21 11:16:06", "elapsed": 110.838501, "delta": 1.302991}}
{"target": -9.11609295539292, "params": {"C": 0.03, "epsilon": 8.192060125193565, "gamma": 0.5523763009308666, "lamda": 0.7}, "datetime": {"datetime": "2021-06-21 11:16:07", "elapsed": 112.179074, "delta": 1.340573}}
{"target": -9.290482777050828, "params": {"C": 0.08002903318446271, "epsilon": 5.793442979918096, "gamma": 0.42620796233852637, "lamda": 0.3983689452374759}, "datetime": {"datetime": "2021-06-21 11:16:08", "elapsed": 113.04191, "delta": 0.862836}}
{"target": -9.124312942171453, "params": {"C": 0.03, "epsilon": 9.0, "gamma": 0.5453058484655577, "lamda": 0.7}, "datetime": {"datetime": "2021-06-21 11:16:10", "elapsed": 114.43971, "delta": 1.3978}}
{"target": -9.076109729329982, "params": {"C": 0.03, "epsilon": 6.46439479950701, "gamma": 0.8, "lamda": 0.02}, "datetime": {"datetime": "2021-06-21 11:16:11", "elapsed": 115.681404, "delta": 1.241694}}
{"target": -9.859595888033503, "params": {"C": 0.49691288483160556, "epsilon": 8.15272202212469, "gamma": 0.2, "lamda": 0.02}, "datetime": {"datetime": "2021-06-21 11:16:12", "elapsed": 117.100927, "delta": 1.419523}}
{"target": -9.204796409080188, "params": {"C": 0.03723866784606525, "epsilon": 7.140408867696705, "gamma": 0.7963635612077904, "lamda": 0.6945741244673643}, "datetime": {"datetime": "2021-06-21 11:16:13", "elapsed": 117.856408, "delta": 0.755481}}
{"target": -9.13960453047475, "params": {"C": 0.0443999777709753, "epsilon": 6.748588115014236, "gamma": 0.3561506875429999, "lamda": 0.4335349141605507}, "datetime": {"datetime": "2021-06-21 11:16:14", "elapsed": 119.073919, "delta": 1.217511}}
{"target": -9.889632940909806, "params": {"C": 0.598104718306205, "epsilon": 7.171600062931784, "gamma": 0.2, "lamda": 0.7}, "datetime": {"datetime": "2021-06-21 11:16:16", "elapsed": 120.569642, "delta": 1.495723}}
{"target": -9.148779544304656, "params": {"C": 0.03900981087369977, "epsilon": 7.616466379555432, "gamma": 0.5633157996059666, "lamda": 0.21597539713065303}, "datetime": {"datetime": "2021-06-21 11:16:17", "elapsed": 121.82452, "delta": 1.254878}}
{"target": -9.104423675136939, "params": {"C": 0.03, "epsilon": 8.74272961015941, "gamma": 0.4687462097876883, "lamda": 0.479671435112979}, "datetime": {"datetime": "2021-06-21 11:16:18", "elapsed": 123.129222, "delta": 1.304702}}
{"target": -9.887095645784125, "params": {"C": 0.40270431755493874, "epsilon": 4.664995350717113, "gamma": 0.2385485129619095, "lamda": 0.1666134942006623}, "datetime": {"datetime": "2021-06-21 11:16:19", "elapsed": 124.04807, "delta": 0.918848}}
{"target": -9.142008521424467, "params": {"C": 0.03, "epsilon": 4.768769836800277, "gamma": 0.8, "lamda": 0.7}, "datetime": {"datetime": "2021-06-21 11:16:21", "elapsed": 125.396232, "delta": 1.348162}}
{"target": -9.68301820032781, "params": {"C": 0.03, "epsilon": 5.684513344153421, "gamma": 0.2, "lamda": 0.24838585007755556}, "datetime": {"datetime": "2021-06-21 11:16:22", "elapsed": 126.615461, "delta": 1.219229}}
{"target": -9.134511812615555, "params": {"C": 0.03, "epsilon": 5.712438933953418, "gamma": 0.6345157117465947, "lamda": 0.18916442739332184}, "datetime": {"datetime": "2021-06-21 11:16:23", "elapsed": 128.006555, "delta": 1.391094}}
{"target": -9.076533436670939, "params": {"C": 0.03, "epsilon": 7.41903048422073, "gamma": 0.8, "lamda": 0.2211790778852033}, "datetime": {"datetime": "2021-06-21 11:16:25", "elapsed": 129.443094, "delta": 1.436539}}
{"target": -9.095927607801979, "params": {"C": 0.03033766102375397, "epsilon": 6.732559025451754, "gamma": 0.35259199414054776, "lamda": 0.45572718677321167}, "datetime": {"datetime": "2021-06-21 11:16:25", "elapsed": 130.290351, "delta": 0.847257}}
{"target": -9.065875965742736, "params": {"C": 0.03, "epsilon": 8.677909567231888, "gamma": 0.8, "lamda": 0.02}, "datetime": {"datetime": "2021-06-21 11:16:27", "elapsed": 131.578332, "delta": 1.287981}}
{"target": -9.01166396815398, "params": {"C": 0.03, "epsilon": 8.292678328616937, "gamma": 0.3688024503929239, "lamda": 0.4832770472106567}, "datetime": {"datetime": "2021-06-21 11:16:28", "elapsed": 132.950982, "delta": 1.37265}}
{"target": -9.693107779367612, "params": {"C": 0.03, "epsilon": 6.892142414406777, "gamma": 0.2, "lamda": 0.7}, "datetime": {"datetime": "2021-06-21 11:16:29", "elapsed": 134.247728, "delta": 1.296746}}
{"target": -9.082926929847321, "params": {"C": 0.03, "epsilon": 8.854991196491168, "gamma": 0.6684821633643271, "lamda": 0.18537028045710388}, "datetime": {"datetime": "2021-06-21 11:16:31", "elapsed": 135.624855, "delta": 1.377127}}
{"target": -13.40504441158025, "params": {"C": 0.5482094263571023, "epsilon": 6.1144716225770335, "gamma": 0.7898323596155576, "lamda": 0.0398523076824677}, "datetime": {"datetime": "2021-06-21 11:16:32", "elapsed": 136.517627, "delta": 0.892772}}
{"target": -9.345894615839653, "params": {"C": 0.09151990406342139, "epsilon": 5.816911713686068, "gamma": 0.41338995634424913, "lamda": 0.4068118780669817}, "datetime": {"datetime": "2021-06-21 11:16:33", "elapsed": 137.419707, "delta": 0.90208}}
{"target": -9.631623592891732, "params": {"C": 0.03, "epsilon": 8.512417448096242, "gamma": 0.2, "lamda": 0.7}, "datetime": {"datetime": "2021-06-21 11:16:34", "elapsed": 138.680232, "delta": 1.260525}}
{"target": -9.951117484067876, "params": {"C": 0.5613633889147485, "epsilon": 9.0, "gamma": 0.2, "lamda": 0.02}, "datetime": {"datetime": "2021-06-21 11:16:35", "elapsed": 140.053347, "delta": 1.373115}}
{"target": -9.128439015281254, "params": {"C": 0.03, "epsilon": 7.338226138026132, "gamma": 0.5579434620365861, "lamda": 0.7}, "datetime": {"datetime": "2021-06-21 11:16:37", "elapsed": 141.620825, "delta": 1.567478}}
{"target": -9.101262866818683, "params": {"C": 0.03, "epsilon": 4.846264414358198, "gamma": 0.8, "lamda": 0.02}, "datetime": {"datetime": "2021-06-21 11:16:38", "elapsed": 143.023153, "delta": 1.402328}}
{"target": -9.120188233533634, "params": {"C": 0.03, "epsilon": 4.5, "gamma": 0.8, "lamda": 0.24100318766002213}, "datetime": {"datetime": "2021-06-21 11:16:40", "elapsed": 144.361973, "delta": 1.33882}}
{"target": -9.102615249705227, "params": {"C": 0.03, "epsilon": 6.710518806608675, "gamma": 0.8, "lamda": 0.3918308095158863}, "datetime": {"datetime": "2021-06-21 11:16:41", "elapsed": 145.939488, "delta": 1.577515}}
{"target": -9.724330990236552, "params": {"C": 0.23349490789083044, "epsilon": 5.189269869670982, "gamma": 0.5906724036438931, "lamda": 0.26699425657153003}, "datetime": {"datetime": "2021-06-21 11:16:42", "elapsed": 146.797257, "delta": 0.857769}}
{"target": -9.137525949970678, "params": {"C": 0.03, "epsilon": 8.788349350487918, "gamma": 0.722226722611443, "lamda": 0.6307075902015327}, "datetime": {"datetime": "2021-06-21 11:16:43", "elapsed": 148.216749, "delta": 1.419492}}
{"target": -10.704309494124148, "params": {"C": 0.6193616565467912, "epsilon": 7.592483560367422, "gamma": 0.5068137272460698, "lamda": 0.3309788424245021}, "datetime": {"datetime": "2021-06-21 11:16:44", "elapsed": 149.197051, "delta": 0.980302}}
{"target": -10.239192904832574, "params": {"C": 0.7278045038521768, "epsilon": 7.507544859486701, "gamma": 0.23038558123103872, "lamda": 0.38539317331630846}, "datetime": {"datetime": "2021-06-21 11:16:46", "elapsed": 150.759934, "delta": 1.562883}}
{"target": -9.132782937895565, "params": {"C": 0.03, "epsilon": 4.5, "gamma": 0.5686768343935331, "lamda": 0.02}, "datetime": {"datetime": "2021-06-21 11:16:47", "elapsed": 152.162737, "delta": 1.402803}}
{"target": -9.645547606710483, "params": {"C": 0.31554002115739627, "epsilon": 5.1407182494778825, "gamma": 0.2, "lamda": 0.3768937190698441}, "datetime": {"datetime": "2021-06-21 11:16:49", "elapsed": 153.763208, "delta": 1.600471}}
{"target": -9.418740300342975, "params": {"C": 0.03, "epsilon": 6.382555446895042, "gamma": 0.26520142013853404, "lamda": 0.30453744341635053}, "datetime": {"datetime": "2021-06-21 11:16:50", "elapsed": 155.127868, "delta": 1.36466}}
{"target": -9.21892995033964, "params": {"C": 0.03975660170904422, "epsilon": 8.776404438874263, "gamma": 0.7295252284823164, "lamda": 0.6378021166706791}, "datetime": {"datetime": "2021-06-21 11:16:51", "elapsed": 156.000977, "delta": 0.873109}}
{"target": -9.661119086796486, "params": {"C": 0.32704295545759354, "epsilon": 6.2970513086721835, "gamma": 0.2, "lamda": 0.02}, "datetime": {"datetime": "2021-06-21 11:16:53", "elapsed": 157.502265, "delta": 1.501288}}
{"target": -9.202308428206909, "params": {"C": 0.03373860230624176, "epsilon": 5.946519072785537, "gamma": 0.6022694845136499, "lamda": 0.5073942766824858}, "datetime": {"datetime": "2021-06-21 11:16:54", "elapsed": 158.831443, "delta": 1.329178}}
{"target": -10.288035521029226, "params": {"C": 0.773481254068442, "epsilon": 6.828679171564457, "gamma": 0.23912090427880606, "lamda": 0.6752095633083749}, "datetime": {"datetime": "2021-06-21 11:16:55", "elapsed": 159.797887, "delta": 0.966444}}
{"target": -9.10541124235434, "params": {"C": 0.03, "epsilon": 5.383143297179501, "gamma": 0.8, "lamda": 0.2026397969642248}, "datetime": {"datetime": "2021-06-21 11:16:56", "elapsed": 160.963475, "delta": 1.165588}}
{"target": -9.999228335006087, "params": {"C": 0.6307736833214526, "epsilon": 8.762735416004768, "gamma": 0.2, "lamda": 0.39983265519618644}, "datetime": {"datetime": "2021-06-21 11:16:58", "elapsed": 162.822493, "delta": 1.859018}}
{"target": -9.126014976357327, "params": {"C": 0.03, "epsilon": 6.804530528292183, "gamma": 0.5762246329161209, "lamda": 0.5295930095124212}, "datetime": {"datetime": "2021-06-21 11:16:59", "elapsed": 164.157382, "delta": 1.334889}}
{"target": -9.078473389028758, "params": {"C": 0.03, "epsilon": 6.978909327864361, "gamma": 0.5950657102602955, "lamda": 0.02}, "datetime": {"datetime": "2021-06-21 11:17:01", "elapsed": 165.591155, "delta": 1.433773}}
{"target": -10.140919852149164, "params": {"C": 0.7118780747110977, "epsilon": 6.021462791181534, "gamma": 0.2, "lamda": 0.7}, "datetime": {"datetime": "2021-06-21 11:17:03", "elapsed": 167.346985, "delta": 1.75583}}
{"target": -9.131429621018208, "params": {"C": 0.03, "epsilon": 8.407498805814638, "gamma": 0.6340365533148338, "lamda": 0.5303954771271874}, "datetime": {"datetime": "2021-06-21 11:17:04", "elapsed": 168.951938, "delta": 1.604953}}
{"target": -9.134955781140906, "params": {"C": 0.03, "epsilon": 8.172744579436625, "gamma": 0.8, "lamda": 0.7}, "datetime": {"datetime": "2021-06-21 11:17:06", "elapsed": 170.626011, "delta": 1.674073}}
{"target": -9.032853807734128, "params": {"C": 0.03, "epsilon": 7.846636029533617, "gamma": 0.5551416631697647, "lamda": 0.02}, "datetime": {"datetime": "2021-06-21 11:17:07", "elapsed": 172.050861, "delta": 1.42485}}
{"target": -10.135604496448604, "params": {"C": 0.6585533514215669, "epsilon": 7.585459237577845, "gamma": 0.4073605366435331, "lamda": 0.6060827455851423}, "datetime": {"datetime": "2021-06-21 11:17:08", "elapsed": 173.030327, "delta": 0.979466}}
{"target": -9.07556905284623, "params": {"C": 0.03322780744390975, "epsilon": 8.448026227096898, "gamma": 0.5103638327778593, "lamda": 0.021239361627109946}, "datetime": {"datetime": "2021-06-21 11:17:09", "elapsed": 174.27821, "delta": 1.247883}}
{"target": -9.127926709527149, "params": {"C": 0.03, "epsilon": 9.0, "gamma": 0.6766171380436024, "lamda": 0.5283027179995865}, "datetime": {"datetime": "2021-06-21 11:17:11", "elapsed": 176.046213, "delta": 1.768003}}
{"target": -9.076661407898701, "params": {"C": 0.03, "epsilon": 7.452286437515899, "gamma": 0.6030260771546362, "lamda": 0.02}, "datetime": {"datetime": "2021-06-21 11:17:13", "elapsed": 177.434753, "delta": 1.38854}}
{"target": -13.070601282691289, "params": {"C": 0.8490416893329241, "epsilon": 7.405848345868774, "gamma": 0.6119835414675507, "lamda": 0.4528357135371695}, "datetime": {"datetime": "2021-06-21 11:17:14", "elapsed": 178.384271, "delta": 0.949518}}
{"target": -9.965592122204711, "params": {"C": 0.4124392689079297, "epsilon": 7.742838382919899, "gamma": 0.2510794949120901, "lamda": 0.6929225513026367}, "datetime": {"datetime": "2021-06-21 11:17:15", "elapsed": 179.959177, "delta": 1.574906}}
{"target": -9.554918811031971, "params": {"C": 0.2269906488849783, "epsilon": 4.501502912503545, "gamma": 0.2391587922590937, "lamda": 0.48552229114807405}, "datetime": {"datetime": "2021-06-21 11:17:16", "elapsed": 180.912751, "delta": 0.953574}}
{"target": -9.116704855333047, "params": {"C": 0.03, "epsilon": 7.869694713748811, "gamma": 0.5977254861663249, "lamda": 0.43145154271360797}, "datetime": {"datetime": "2021-06-21 11:17:18", "elapsed": 182.682095, "delta": 1.769344}}
{"target": -9.743915041167158, "params": {"C": 0.28783614096068255, "epsilon": 7.760032827968931, "gamma": 0.5783480191170702, "lamda": 0.48811032362383894}, "datetime": {"datetime": "2021-06-21 11:17:19", "elapsed": 183.637944, "delta": 0.955849}}
{"target": -10.386695734875794, "params": {"C": 1.0, "epsilon": 7.863589744224325, "gamma": 0.2, "lamda": 0.02}, "datetime": {"datetime": "2021-06-21 11:17:21", "elapsed": 185.531676, "delta": 1.893732}}
{"target": -9.119962141027134, "params": {"C": 0.03, "epsilon": 5.1917647621303455, "gamma": 0.5377079828843839, "lamda": 0.1078796123341299}, "datetime": {"datetime": "2021-06-21 11:17:22", "elapsed": 187.123326, "delta": 1.59165}}
{"target": -9.121303606088532, "params": {"C": 0.03, "epsilon": 7.894327634773021, "gamma": 0.5567204544308432, "lamda": 0.7}, "datetime": {"datetime": "2021-06-21 11:17:24", "elapsed": 188.462102, "delta": 1.338776}}
{"target": -10.23068348145133, "params": {"C": 0.598827805376297, "epsilon": 6.598930936267221, "gamma": 0.2797764461812219, "lamda": 0.6337180175098498}, "datetime": {"datetime": "2021-06-21 11:17:25", "elapsed": 189.458673, "delta": 0.996571}}
{"target": -9.119326154337209, "params": {"C": 0.03, "epsilon": 5.695885994721327, "gamma": 0.8, "lamda": 0.4836502940091923}, "datetime": {"datetime": "2021-06-21 11:17:26", "elapsed": 190.783824, "delta": 1.325151}}
{"target": -10.181196526059944, "params": {"C": 0.5756530879523217, "epsilon": 7.377624684534458, "gamma": 0.21766777361843723, "lamda": 0.02224699694670642}, "datetime": {"datetime": "2021-06-21 11:17:28", "elapsed": 192.341544, "delta": 1.55772}}
{"target": -9.233141269290526, "params": {"C": 0.03, "epsilon": 9.0, "gamma": 0.28893591219745696, "lamda": 0.3386222918649096}, "datetime": {"datetime": "2021-06-21 11:17:29", "elapsed": 193.835508, "delta": 1.493964}}
{"target": -9.368400224757762, "params": {"C": 0.14295023913527474, "epsilon": 8.14202577204313, "gamma": 0.24421310899307652, "lamda": 0.38248752139313796}, "datetime": {"datetime": "2021-06-21 11:17:30", "elapsed": 195.292223, "delta": 1.456715}}
{"target": -9.125497583511786, "params": {"C": 0.03, "epsilon": 4.983008020551587, "gamma": 0.8, "lamda": 0.4793412708988139}, "datetime": {"datetime": "2021-06-21 11:17:32", "elapsed": 197.02237, "delta": 1.730147}}
{"target": -9.132297231270888, "params": {"C": 0.03, "epsilon": 6.573664746589212, "gamma": 0.8, "lamda": 0.7}, "datetime": {"datetime": "2021-06-21 11:17:34", "elapsed": 198.387662, "delta": 1.365292}}
{"target": -9.085451216764021, "params": {"C": 0.03, "epsilon": 8.000108314288173, "gamma": 0.6245780692983693, "lamda": 0.17432762984115896}, "datetime": {"datetime": "2021-06-21 11:17:35", "elapsed": 199.683776, "delta": 1.296114}}
{"target": -9.831846993785128, "params": {"C": 0.30336913781686503, "epsilon": 4.927974580555366, "gamma": 0.5738208399523959, "lamda": 0.0610946261429334}, "datetime": {"datetime": "2021-06-21 11:17:36", "elapsed": 200.6332, "delta": 0.949424}}
