{"target": -9.195612407538054, "params": {"C": 0.038386, "epsilon": 5.543786, "gamma": 0.403846, "lamda": 0.282321}, "datetime": {"datetime": "2021-06-21 11:14:15", "elapsed": 0.0, "delta": 0.0}}
{"target": -9.178008530003334, "params": {"C": 0.052652, "epsilon": 5.386864, "gamma": 0.320542, "lamda": 0.311591}, "datetime": {"datetime": "2021-06-21 11:14:17", "elapsed": 1.59103, "delta": 1.59103}}
{"target": -9.74755174886513, "params": {"C": 0.43451134456149676, "epsilon": 7.741460220489712, "gamma": 0.20006862489040694, "lamda": 0.22558614938965102}, "datetime": {"datetime": "2021-06-21 11:14:22", "elapsed": 6.80081, "delta": 5.20978}}
{"target": -9.537024303671263, "params": {"C": 0.17235321409259965, "epsilon": 4.91552367645959, "gamma": 0.3117561268266026, "lamda": 0.2549812943892725}, "datetime": {"datetime": "2021-06-21 11:14:23", "elapsed": 7.387061, "delta": 0.586251}}
{"target": -9.990731868418836, "params": {"C": 0.41486445000374983, "epsilon": 6.924675303015106, "gamma": 0.4515167086419769, "lamda": 0.48594926026979646}, "datetime": {"datetime": "2021-06-21 11:14:23", "elapsed": 7.957978, "delta": 0.570917}}
{"target": -9.471764291921811, "params": {"C": 0.2283186822395719, "epsilon": 8.451528463759255, "gamma": 0.2164325559187557, "lamda": 0.47591790692131347}, "datetime": {"datetime": "2021-06-21 11:14:24", "elapsed": 8.60118, "delta": 0.643202}}
{"target": -10.212529693071591, "params": {"C": 0.43478565829611315, "epsilon": 7.014104228005882, "gamma": 0.2842321631571403, "lamda": 0.15470901257771755}, "datetime": {"datetime": "2021-06-21 11:14:24", "elapsed": 9.176293, "delta": 0.575113}}
{"target": -10.211261327646, "params": {"C": 0.8067222316152706, "epsilon": 8.857177090737288, "gamma": 0.38805450689554577, "lamda": 0.49077937865513355}, "datetime": {"datetime": "2021-06-21 11:14:25", "elapsed": 9.806416, "delta": 0.630123}}
{"target": -10.4163799492422, "params": {"C": 0.8800974777271572, "epsilon": 8.525729985767313, "gamma": 0.25102652682186677, "lamda": 0.04655725259836001}, "datetime": {"datetime": "2021-06-21 11:14:26", "elapsed": 10.423208, "delta": 0.616792}}
{"target": -9.452973291414551, "params": {"C": 0.19473550697763184, "epsilon": 8.45164126543236, "gamma": 0.25900810029983007, "lamda": 0.30635318500343545}, "datetime": {"datetime": "2021-06-21 11:14:26", "elapsed": 11.104224, "delta": 0.681016}}
{"target": -13.584099957804648, "params": {"C": 0.9591528442459869, "epsilon": 6.899243782378576, "gamma": 0.6151262683702841, "lamda": 0.23455062908412277}, "datetime": {"datetime": "2021-06-21 11:14:27", "elapsed": 11.738385, "delta": 0.634161}}
{"target": -10.16037122190804, "params": {"C": 0.6959058998511362, "epsilon": 8.255815523538178, "gamma": 0.21097296640651508, "lamda": 0.5300981341625779}, "datetime": {"datetime": "2021-06-21 11:14:28", "elapsed": 12.355569, "delta": 0.617184}}
{"target": -9.675969674717793, "params": {"C": 0.03, "epsilon": 7.302813757462008, "gamma": 0.2, "lamda": 0.7}, "datetime": {"datetime": "2021-06-21 11:14:28", "elapsed": 13.026883, "delta": 0.671314}}
{"target": -10.0431009056263, "params": {"C": 0.45928059793179843, "epsilon": 6.360618185703301, "gamma": 0.5286829674714024, "lamda": 0.5260570754711605}, "datetime": {"datetime": "2021-06-21 11:14:29", "elapsed": 13.680417, "delta": 0.653534}}
{"target": -12.034996168497601, "params": {"C": 0.35788474703710904, "epsilon": 5.306861708247921, "gamma": 0.8, "lamda": 0.7}, "datetime": {"datetime": "2021-06-21 11:14:30", "elapsed": 14.490557, "delta": 0.81014}}
{"target": -9.288150285428639, "params": {"C": 0.05057008544304997, "epsilon": 8.135465578320245, "gamma": 0.7789133246619131, "lamda": 0.49740965852564495}, "datetime": {"datetime": "2021-06-21 11:14:30", "elapsed": 15.058557, "delta": 0.568}}
{"target": -9.562673079914457, "params": {"C": 0.21465270519411783, "epsilon": 8.489290173550188, "gamma": 0.2795600171676585, "lamda": 0.26336066152221665}, "datetime": {"datetime": "2021-06-21 11:14:31", "elapsed": 15.676031, "delta": 0.617474}}
{"target": -9.64467864626955, "params": {"C": 0.03, "epsilon": 6.0597985525489, "gamma": 0.2, "lamda": 0.02}, "datetime": {"datetime": "2021-06-21 11:14:31", "elapsed": 16.290119, "delta": 0.614088}}
{"target": -9.710554385194667, "params": {"C": 0.03, "epsilon": 6.5135820787347445, "gamma": 0.2, "lamda": 0.7}, "datetime": {"datetime": "2021-06-21 11:14:32", "elapsed": 16.959406, "delta": 0.669287}}
{"target": -9.955976622051846, "params": {"C": 0.3451294885570416, "epsilon": 7.3610163728360725, "gamma": 0.4403030656165507, "lamda": 0.531057263941931}, "datetime": {"datetime": "2021-06-21 11:14:33", "elapsed": 17.64025, "delta": 0.680844}}
{"target": -10.396245336967164, "params": {"C": 1.0, "epsilon": 4.5, "gamma": 0.2, "lamda": 0.020000000000000018}, "datetime": {"datetime": "2021-06-21 11:14:34", "elapsed": 18.483359, "delta": 0.843109}}
{"target": -9.140135471748305, "params": {"C": 0.03, "epsilon": 9.0, "gamma": 0.8, "lamda": 0.7}, "datetime": {"datetime": "2021-06-21 11:14:35", "elapsed": 19.329912, "delta": 0.846553}}
{"target": -9.122702943224612, "params": {"C": 0.03917974259386042, "epsilon": 6.9759190505598205, "gamma": 0.2971929657840342, "lamda": 0.3449034554372629}, "datetime": {"datetime": "2021-06-21 11:14:35", "elapsed": 19.934075, "delta": 0.604163}}
{"target": -9.137315236937553, "params": {"C": 0.051984868005189686, "epsilon": 5.361256466556538, "gamma": 0.2854834125500214, "lamda": 0.31827185504510896}, "datetime": {"datetime": "2021-06-21 11:14:36", "elapsed": 20.540588, "delta": 0.606513}}
{"target": -9.060532826698594, "params": {"C": 0.03, "epsilon": 7.592884622646301, "gamma": 0.8, "lamda": 0.02}, "datetime": {"datetime": "2021-06-21 11:14:36", "elapsed": 21.157181, "delta": 0.616593}}
{"target": -9.569509595329134, "params": {"C": 0.03, "epsilon": 7.806302590236289, "gamma": 0.2, "lamda": 0.02}, "datetime": {"datetime": "2021-06-21 11:14:37", "elapsed": 21.843671, "delta": 0.68649}}
{"target": -9.071609586532233, "params": {"C": 0.03, "epsilon": 6.790413498284277, "gamma": 0.8, "lamda": 0.02}, "datetime": {"datetime": "2021-06-21 11:14:38", "elapsed": 22.548469, "delta": 0.704798}}
{"target": -9.131933889961902, "params": {"C": 0.03, "epsilon": 6.848719866763377, "gamma": 0.8, "lamda": 0.7}, "datetime": {"datetime": "2021-06-21 11:14:39", "elapsed": 23.386843, "delta": 0.838374}}
{"target": -9.070249290967231, "params": {"C": 0.03, "epsilon": 9.0, "gamma": 0.8, "lamda": 0.02}, "datetime": {"datetime": "2021-06-21 11:14:39", "elapsed": 23.996408, "delta": 0.609565}}
{"target": -9.683371494701074, "params": {"C": 0.03, "epsilon": 5.290212716112757, "gamma": 0.2, "lamda": 0.02}, "datetime": {"datetime": "2021-06-21 11:14:40", "elapsed": 24.653246, "delta": 0.656838}}
{"target": -9.804061473738722, "params": {"C": 0.03, "epsilon": 4.5, "gamma": 0.2, "lamda": 0.7}, "datetime": {"datetime": "2021-06-21 11:14:41", "elapsed": 25.388101, "delta": 0.734855}}
{"target": -9.613748020271306, "params": {"C": 0.03, "epsilon": 9.0, "gamma": 0.2, "lamda": 0.7}, "datetime": {"datetime": "2021-06-21 11:14:41", "elapsed": 26.015586, "delta": 0.627485}}
{"target": -9.061238592719349, "params": {"C": 0.03, "epsilon": 8.336372656101883, "gamma": 0.8, "lamda": 0.02}, "datetime": {"datetime": "2021-06-21 11:14:42", "elapsed": 26.725426, "delta": 0.70984}}
{"target": -9.106998442199163, "params": {"C": 0.03, "epsilon": 4.5, "gamma": 0.8, "lamda": 0.02}, "datetime": {"datetime": "2021-06-21 11:14:43", "elapsed": 27.380131, "delta": 0.654705}}
{"target": -9.726965606695574, "params": {"C": 0.03, "epsilon": 4.5, "gamma": 0.2, "lamda": 0.02}, "datetime": {"datetime": "2021-06-21 11:14:43", "elapsed": 28.088394, "delta": 0.708263}}
{"target": -9.746319071829747, "params": {"C": 0.03, "epsilon": 5.737551886569842, "gamma": 0.2, "lamda": 0.7}, "datetime": {"datetime": "2021-06-21 11:14:44", "elapsed": 28.833803, "delta": 0.745409}}
{"target": -9.080778932401607, "params": {"C": 0.03, "epsilon": 6.126128519533316, "gamma": 0.8, "lamda": 0.02}, "datetime": {"datetime": "2021-06-21 11:14:45", "elapsed": 29.735389, "delta": 0.901586}}
{"target": -9.175986571412182, "params": {"C": 0.037627832592816476, "epsilon": 6.547345024306113, "gamma": 0.5756343342997754, "lamda": 0.29509840530042053}, "datetime": {"datetime": "2021-06-21 11:14:46", "elapsed": 30.627282, "delta": 0.891893}}
{"target": -13.785611446186188, "params": {"C": 1.0, "epsilon": 9.0, "gamma": 0.8, "lamda": 0.02}, "datetime": {"datetime": "2021-06-21 11:14:47", "elapsed": 31.438019, "delta": 0.810737}}
{"target": -10.130387007789441, "params": {"C": 0.5038440579861314, "epsilon": 4.7888767832544366, "gamma": 0.3977820403283251, "lamda": 0.4553229603640411}, "datetime": {"datetime": "2021-06-21 11:14:47", "elapsed": 32.138419, "delta": 0.7004}}
{"target": -9.13121734811244, "params": {"C": 0.03, "epsilon": 7.4813441669808345, "gamma": 0.8, "lamda": 0.7}, "datetime": {"datetime": "2021-06-21 11:14:48", "elapsed": 32.891529, "delta": 0.75311}}
{"target": -12.258197464561201, "params": {"C": 0.6654114188056766, "epsilon": 5.479878141651842, "gamma": 0.6215930918084767, "lamda": 0.6367584229739169}, "datetime": {"datetime": "2021-06-21 11:14:49", "elapsed": 33.639222, "delta": 0.747693}}
{"target": -9.090115615247747, "params": {"C": 0.03, "epsilon": 7.175865983044693, "gamma": 0.8, "lamda": 0.3097992800388817}, "datetime": {"datetime": "2021-06-21 11:14:50", "elapsed": 34.442281, "delta": 0.803059}}
{"target": -9.518865555134335, "params": {"C": 0.03, "epsilon": 9.0, "gamma": 0.2, "lamda": 0.02}, "datetime": {"datetime": "2021-06-21 11:14:50", "elapsed": 35.128786, "delta": 0.686505}}
{"target": -10.623608143744189, "params": {"C": 0.37887453173512975, "epsilon": 6.781243062216465, "gamma": 0.6349017582267802, "lamda": 0.37423287449900394}, "datetime": {"datetime": "2021-06-21 11:14:51", "elapsed": 35.802576, "delta": 0.67379}}
{"target": -9.089187869818875, "params": {"C": 0.03, "epsilon": 8.66969709809915, "gamma": 0.8, "lamda": 0.38664660114335636}, "datetime": {"datetime": "2021-06-21 11:14:52", "elapsed": 36.576061, "delta": 0.773485}}
{"target": -13.865868441331319, "params": {"C": 0.9327811155898432, "epsilon": 8.606206849237168, "gamma": 0.6529656408838613, "lamda": 0.488757187855355}, "datetime": {"datetime": "2021-06-21 11:14:53", "elapsed": 37.351399, "delta": 0.775338}}
{"target": -9.323271544643319, "params": {"C": 0.05608553068416713, "epsilon": 8.133070032495722, "gamma": 0.7515255442588176, "lamda": 0.47239379081621863}, "datetime": {"datetime": "2021-06-21 11:14:53", "elapsed": 38.019337, "delta": 0.667938}}
{"target": -10.034627908940898, "params": {"C": 0.36964785312567416, "epsilon": 8.743133291220651, "gamma": 0.4276083582314728, "lamda": 0.216784706541284}, "datetime": {"datetime": "2021-06-21 11:14:54", "elapsed": 38.678507, "delta": 0.65917}}
{"target": -9.891316326209495, "params": {"C": 0.608463457136404, "epsilon": 9.0, "gamma": 0.2, "lamda": 0.7}, "datetime": {"datetime": "2021-06-21 11:14:55", "elapsed": 39.667284, "delta": 0.988777}}
{"target": -9.134110465419926, "params": {"C": 0.03, "epsilon": 4.5, "gamma": 0.8, "lamda": 0.5323233058088491}, "datetime": {"datetime": "2021-06-21 11:14:56", "elapsed": 40.416829, "delta": 0.749545}}
{"target": -11.664333774566689, "params": {"C": 0.43876956819378, "epsilon": 6.381248377410952, "gamma": 0.6949595392935202, "lamda": 0.2634098392078532}, "datetime": {"datetime": "2021-06-21 11:14:56", "elapsed": 41.118832, "delta": 0.702003}}
{"target": -9.133505307772724, "params": {"C": 0.03, "epsilon": 6.252890512368715, "gamma": 0.8, "lamda": 0.7}, "datetime": {"datetime": "2021-06-21 11:14:57", "elapsed": 41.883794, "delta": 0.764962}}
{"target": -10.14974893478595, "params": {"C": 0.9906072860074836, "epsilon": 7.3981789199736046, "gamma": 0.2526861115338969, "lamda": 0.0680207871539748}, "datetime": {"datetime": "2021-06-21 11:14:58", "elapsed": 42.580375, "delta": 0.696581}}
{"target": -9.650313256769776, "params": {"C": 0.03, "epsilon": 8.00262966378047, "gamma": 0.2, "lamda": 0.7}, "datetime": {"datetime": "2021-06-21 11:14:59", "elapsed": 43.333712, "delta": 0.753337}}
{"target": -13.43823042556293, "params": {"C": 0.5371261124869124, "epsilon": 4.5, "gamma": 0.8, "lamda": 0.02}, "datetime": {"datetime": "2021-06-21 11:14:59", "elapsed": 44.247587, "delta": 0.913875}}
{"target": -10.011760323299466, "params": {"C": 0.3987579611925728, "epsilon": 8.31778124550002, "gamma": 0.4465627831030139, "lamda": 0.27352982183796476}, "datetime": {"datetime": "2021-06-21 11:15:00", "elapsed": 44.906324, "delta": 0.658737}}
{"target": -9.146452157515277, "params": {"C": 0.03, "epsilon": 7.2339259103668505, "gamma": 0.46913350162417994, "lamda": 0.02}, "datetime": {"datetime": "2021-06-21 11:15:01", "elapsed": 45.68304, "delta": 0.776716}}
{"target": -9.616434400684891, "params": {"C": 0.03, "epsilon": 6.7002683711882876, "gamma": 0.2, "lamda": 0.02}, "datetime": {"datetime": "2021-06-21 11:15:02", "elapsed": 46.400441, "delta": 0.717401}}
{"target": -9.129456894853206, "params": {"C": 0.03, "epsilon": 8.54445768644993, "gamma": 0.5790594276434896, "lamda": 0.7}, "datetime": {"datetime": "2021-06-21 11:15:02", "elapsed": 47.140258, "delta": 0.739817}}
{"target": -10.64771272873354, "params": {"C": 0.3079683857391641, "epsilon": 4.967401999800117, "gamma": 0.7121398441007645, "lamda": 0.11598373191192755}, "datetime": {"datetime": "2021-06-21 11:15:03", "elapsed": 47.800105, "delta": 0.659847}}
{"target": -9.777614308283916, "params": {"C": 0.03, "epsilon": 5.058500762898112, "gamma": 0.2, "lamda": 0.7}, "datetime": {"datetime": "2021-06-21 11:15:04", "elapsed": 48.568643, "delta": 0.768538}}
{"target": -9.271191397952947, "params": {"C": 0.0686219779416632, "epsilon": 8.687878507196746, "gamma": 0.7890280287403826, "lamda": 0.38338695687125224}, "datetime": {"datetime": "2021-06-21 11:15:04", "elapsed": 49.258643, "delta": 0.69}}
{"target": -9.087619438743562, "params": {"C": 0.03, "epsilon": 5.669937072475384, "gamma": 0.8, "lamda": 0.02}, "datetime": {"datetime": "2021-06-21 11:15:05", "elapsed": 50.017643, "delta": 0.759}}
{"target": -10.291937412122623, "params": {"C": 1.0, "epsilon": 4.5, "gamma": 0.2, "lamda": 0.7}, "datetime": {"datetime": "2021-06-21 11:15:06", "elapsed": 50.946171, "delta": 0.928528}}
{"target": -9.107599395227112, "params": {"C": 0.03, "epsilon": 5.93448468324143, "gamma": 0.8, "lamda": 0.36446475514418486}, "datetime": {"datetime": "2021-06-21 11:15:07", "elapsed": 51.760988, "delta": 0.814817}}
{"target": -9.812957728840937, "params": {"C": 0.1842483936022062, "epsilon": 6.652964028100979, "gamma": 0.5040148446892123, "lamda": 0.10237410984402913}, "datetime": {"datetime": "2021-06-21 11:15:08", "elapsed": 52.52035, "delta": 0.759362}}
{"target": -9.158814176533234, "params": {"C": 0.03, "epsilon": 6.1155243423555765, "gamma": 0.4566990502849948, "lamda": 0.46189674417731896}, "datetime": {"datetime": "2021-06-21 11:15:09", "elapsed": 53.321127, "delta": 0.800777}}
{"target": -9.158085366503578, "params": {"C": 0.03, "epsilon": 4.5, "gamma": 0.5481619429447425, "lamda": 0.30479959333092327}, "datetime": {"datetime": "2021-06-21 11:15:09", "elapsed": 54.100356, "delta": 0.779229}}
{"target": -9.057733013461709, "params": {"C": 0.03, "epsilon": 7.962885428795299, "gamma": 0.8, "lamda": 0.02}, "datetime": {"datetime": "2021-06-21 11:15:10", "elapsed": 54.972991, "delta": 0.872635}}
{"target": -9.092618890200587, "params": {"C": 0.03, "epsilon": 7.6861814339696055, "gamma": 0.8, "lamda": 0.3761430924279977}, "datetime": {"datetime": "2021-06-21 11:15:11", "elapsed": 55.887342, "delta": 0.914351}}
{"target": -9.119258972465996, "params": {"C": 0.03, "epsilon": 4.790073529149768, "gamma": 0.8, "lamda": 0.28794390396402697}, "datetime": {"datetime": "2021-06-21 11:15:12", "elapsed": 56.76814, "delta": 0.880798}}
{"target": -12.985658643768385, "params": {"C": 0.8053358656314364, "epsilon": 5.724101092173413, "gamma": 0.6191835679578178, "lamda": 0.32185421923676855}, "datetime": {"datetime": "2021-06-21 11:15:13", "elapsed": 57.487393, "delta": 0.719253}}
{"target": -9.062941168027098, "params": {"C": 0.03, "epsilon": 9.0, "gamma": 0.546772254502965, "lamda": 0.35928234993488634}, "datetime": {"datetime": "2021-06-21 11:15:14", "elapsed": 58.368251, "delta": 0.880858}}
{"target": -9.549639216831654, "params": {"C": 0.03, "epsilon": 8.274654443060278, "gamma": 0.2, "lamda": 0.02}, "datetime": {"datetime": "2021-06-21 11:15:14", "elapsed": 59.196061, "delta": 0.82781}}
{"target": -9.119493052395278, "params": {"C": 0.0445108621237557, "epsilon": 6.921799352926301, "gamma": 0.4778838918260181, "lamda": 0.691136543164818}, "datetime": {"datetime": "2021-06-21 11:15:15", "elapsed": 60.108549, "delta": 0.912488}}
{"target": -9.38856427968199, "params": {"C": 0.0733469682443868, "epsilon": 7.606979139121329, "gamma": 0.7797411674267014, "lamda": 0.025399556131409304}, "datetime": {"datetime": "2021-06-21 11:15:16", "elapsed": 60.757191, "delta": 0.648642}}
{"target": -10.21728960088305, "params": {"C": 1.0, "epsilon": 7.598861190142352, "gamma": 0.2, "lamda": 0.7}, "datetime": {"datetime": "2021-06-21 11:15:17", "elapsed": 61.682504, "delta": 0.925313}}
{"target": -9.780417779311705, "params": {"C": 0.5163137736255984, "epsilon": 6.505490736980548, "gamma": 0.2, "lamda": 0.7}, "datetime": {"datetime": "2021-06-21 11:15:18", "elapsed": 62.57778, "delta": 0.895276}}
{"target": -12.810008251649194, "params": {"C": 0.5828156227418149, "epsilon": 4.656738133533117, "gamma": 0.7031091875445266, "lamda": 0.387431437760781}, "datetime": {"datetime": "2021-06-21 11:15:19", "elapsed": 63.414274, "delta": 0.836494}}
{"target": -9.096057537054808, "params": {"C": 0.03, "epsilon": 5.160517302951792, "gamma": 0.8, "lamda": 0.02}, "datetime": {"datetime": "2021-06-21 11:15:19", "elapsed": 64.243024, "delta": 0.82875}}
{"target": -13.771899177516362, "params": {"C": 0.9547507070836809, "epsilon": 7.947833730724719, "gamma": 0.799831234540088, "lamda": 0.24873237364255818}, "datetime": {"datetime": "2021-06-21 11:15:20", "elapsed": 64.96083, "delta": 0.717806}}
{"target": -9.426344477257356, "params": {"C": 0.06574446241537618, "epsilon": 6.477650798362382, "gamma": 0.5717612010925184, "lamda": 0.6606733595237841}, "datetime": {"datetime": "2021-06-21 11:15:21", "elapsed": 65.789999, "delta": 0.829169}}
{"target": -9.055274189159897, "params": {"C": 0.03, "epsilon": 8.712327880869466, "gamma": 0.6078879484380453, "lamda": 0.02}, "datetime": {"datetime": "2021-06-21 11:15:22", "elapsed": 66.679746, "delta": 0.889747}}
{"target": -12.156438625296538, "params": {"C": 0.5414806472353063, "epsilon": 8.136320865220146, "gamma": 0.673999778622028, "lamda": 0.4573893996749285}, "datetime": {"datetime": "2021-06-21 11:15:23", "elapsed": 67.466274, "delta": 0.786528}}
{"target": -9.149738420157854, "params": {"C": 0.03, "epsilon": 4.814802547274864, "gamma": 0.618762830894014, "lamda": 0.02}, "datetime": {"datetime": "2021-06-21 11:15:24", "elapsed": 68.334815, "delta": 0.868541}}
{"target": -9.066224886814608, "params": {"C": 0.03, "epsilon": 7.180515330892899, "gamma": 0.8, "lamda": 0.02}, "datetime": {"datetime": "2021-06-21 11:15:24", "elapsed": 69.207942, "delta": 0.873127}}
{"target": -9.055970193470657, "params": {"C": 0.03, "epsilon": 8.427401947066418, "gamma": 0.5462744615692245, "lamda": 0.30969398872519677}, "datetime": {"datetime": "2021-06-21 11:15:25", "elapsed": 70.011586, "delta": 0.803644}}
{"target": -9.10470657192183, "params": {"C": 0.03, "epsilon": 6.272947664017699, "gamma": 0.8, "lamda": 0.3689650875100869}, "datetime": {"datetime": "2021-06-21 11:15:26", "elapsed": 70.954869, "delta": 0.943283}}
{"target": -11.56188868089182, "params": {"C": 0.6159963829050816, "epsilon": 7.605282786586416, "gamma": 0.5913347555399302, "lamda": 0.3022639328912543}, "datetime": {"datetime": "2021-06-21 11:15:27", "elapsed": 71.772904, "delta": 0.818035}}
{"target": -9.09763888810659, "params": {"C": 0.03, "epsilon": 6.926351338886531, "gamma": 0.5855299141619672, "lamda": 0.2616003772222116}, "datetime": {"datetime": "2021-06-21 11:15:28", "elapsed": 72.656071, "delta": 0.883167}}
{"target": -9.869950410643089, "params": {"C": 0.2973943210817642, "epsilon": 6.268210196361742, "gamma": 0.5409023600741706, "lamda": 0.10135248946749206}, "datetime": {"datetime": "2021-06-21 11:15:29", "elapsed": 73.435254, "delta": 0.779183}}
{"target": -9.084550679827725, "params": {"C": 0.03, "epsilon": 5.93146731063727, "gamma": 0.5574269848139477, "lamda": 0.02}, "datetime": {"datetime": "2021-06-21 11:15:29", "elapsed": 74.268568, "delta": 0.833314}}
{"target": -9.591431382883396, "params": {"C": 0.03, "epsilon": 7.289598534023612, "gamma": 0.2, "lamda": 0.02}, "datetime": {"datetime": "2021-06-21 11:15:30", "elapsed": 75.0864, "delta": 0.817832}}
{"target": -10.267708556586392, "params": {"C": 0.7528281487818418, "epsilon": 5.031000937980041, "gamma": 0.20647307623010447, "lamda": 0.42100756016002017}, "datetime": {"datetime": "2021-06-21 11:15:31", "elapsed": 75.904394, "delta": 0.817994}}
{"target": -9.61014151338587, "params": {"C": 0.29512095975994845, "epsilon": 6.168484385001947, "gamma": 0.2, "lamda": 0.4040359969231744}, "datetime": {"datetime": "2021-06-21 11:15:32", "elapsed": 76.905583, "delta": 1.001189}}
{"target": -9.132958677713374, "params": {"C": 0.03, "epsilon": 7.85375368313467, "gamma": 0.8, "lamda": 0.7}, "datetime": {"datetime": "2021-06-21 11:15:33", "elapsed": 77.885566, "delta": 0.979983}}
{"target": -10.259129926100536, "params": {"C": 1.0, "epsilon": 9.0, "gamma": 0.2, "lamda": 0.45443440672021806}, "datetime": {"datetime": "2021-06-21 11:15:34", "elapsed": 79.112254, "delta": 1.226688}}
