{"target": -19.438880666124263, "params": {"C": 3.604051499558797, "epsilon": 0.7473984700558384, "gamma": 9.516804039316376, "lamda": 1.7311862411858026}, "datetime": {"datetime": "2021-06-16 14:47:17", "elapsed": 1474.607572, "delta": 0.801849}}
{"target": -98.72617496586297, "params": {"C": 9.420142258494337, "epsilon": 6.859377919270786, "gamma": 0.6392340775691336, "lamda": 7.55967976431662}, "datetime": {"datetime": "2021-06-16 14:47:27", "elapsed": 1484.611859, "delta": 10.004287}}
{"target": -19.07471791743825, "params": {"C": 3.79355580671256, "epsilon": 0.8364215102269456, "gamma": 9.950159006219389, "lamda": 1.6673457538626204}, "datetime": {"datetime": "2021-06-16 14:47:27", "elapsed": 1485.546832, "delta": 0.934973}}
{"target": -102.93649652015195, "params": {"C": 9.400578093357385, "epsilon": 9.19882901545738, "gamma": 3.8653772205913364, "lamda": 9.51561506964076}, "datetime": {"datetime": "2021-06-16 14:47:38", "elapsed": 1495.697751, "delta": 10.150919}}
{"target": -119.71976253369829, "params": {"C": 0.9295775821390145, "epsilon": 4.5630668439258475, "gamma": 8.986969311716958, "lamda": 2.849610828650097}, "datetime": {"datetime": "2021-06-16 14:47:53", "elapsed": 1511.010156, "delta": 15.312405}}
{"target": -19.026778452709863, "params": {"C": 3.776045806321716, "epsilon": 1.029705659324743, "gamma": 9.989295680939847, "lamda": 1.688788437957451}, "datetime": {"datetime": "2021-06-16 14:47:54", "elapsed": 1511.93058, "delta": 0.920424}}
{"target": -19.171831175431027, "params": {"C": 9.004641927518051, "epsilon": 5.7827878868137095, "gamma": 8.47627256424384, "lamda": 1.6212772511493057}, "datetime": {"datetime": "2021-06-16 14:47:55", "elapsed": 1512.942794, "delta": 1.012214}}
{"target": -119.6161335373052, "params": {"C": 5.6774324520817405, "epsilon": 2.0398018229549075, "gamma": 2.515697323372025, "lamda": 7.443084692728538}, "datetime": {"datetime": "2021-06-16 14:48:05", "elapsed": 1522.778142, "delta": 9.835348}}
{"target": -18.923862476062048, "params": {"C": 9.478273749000499, "epsilon": 5.956219808061658, "gamma": 8.722951574821398, "lamda": 1.606886724376231}, "datetime": {"datetime": "2021-06-16 14:48:06", "elapsed": 1523.663985, "delta": 0.885843}}
{"target": -19.984380783775315, "params": {"C": 8.595740066326218, "epsilon": 6.775366501941454, "gamma": 6.7370348575727155, "lamda": 2.087589284474476}, "datetime": {"datetime": "2021-06-16 14:48:07", "elapsed": 1524.722229, "delta": 1.058244}}
{"target": -20.60962341339603, "params": {"C": 9.740205983963016, "epsilon": 3.5216123240943062, "gamma": 8.329998192112589, "lamda": 0.7783258502582012}, "datetime": {"datetime": "2021-06-16 14:48:08", "elapsed": 1525.650063, "delta": 0.927834}}
{"target": -19.036041552357297, "params": {"C": 3.78378041612513, "epsilon": 0.8360250215427558, "gamma": 9.996587267032115, "lamda": 1.8205656252462863}, "datetime": {"datetime": "2021-06-16 14:48:08", "elapsed": 1526.46309, "delta": 0.813027}}
{"target": -111.47857592239806, "params": {"C": 1.7154800236579744, "epsilon": 7.555203380430423, "gamma": 7.838312850441306, "lamda": 5.241457172338733}, "datetime": {"datetime": "2021-06-16 14:48:23", "elapsed": 1541.107871, "delta": 14.644781}}
{"target": -97.98756821891303, "params": {"C": 5.477051632405884, "epsilon": 0.0073053841370205, "gamma": 0.7241500201847738, "lamda": 9.75150467666376}, "datetime": {"datetime": "2021-06-16 14:48:33", "elapsed": 1550.786092, "delta": 9.678221}}
{"target": -19.413712557897547, "params": {"C": 7.409437451729136, "epsilon": 9.115519739148306, "gamma": 7.373369392820941, "lamda": 1.432749673876494}, "datetime": {"datetime": "2021-06-16 14:48:34", "elapsed": 1551.64881, "delta": 0.862718}}
{"target": -18.950663391174146, "params": {"C": 9.675410549263592, "epsilon": 5.82228400925665, "gamma": 8.635477662925034, "lamda": 1.617504239852932}, "datetime": {"datetime": "2021-06-16 14:48:35", "elapsed": 1552.612515, "delta": 0.963705}}
{"target": -20.110360883766592, "params": {"C": 7.860840738973087, "epsilon": 9.132955580535853, "gamma": 7.053730174459441, "lamda": 1.3356051695726607}, "datetime": {"datetime": "2021-06-16 14:48:36", "elapsed": 1554.122282, "delta": 1.509767}}
{"target": -103.51637536883015, "params": {"C": 4.625953612102417, "epsilon": 7.266626188777399, "gamma": 2.9868451745308384, "lamda": 3.6198140788883504}, "datetime": {"datetime": "2021-06-16 14:48:46", "elapsed": 1564.176, "delta": 10.053718}}
{"target": -100.59026155168505, "params": {"C": 3.8698181477834237, "epsilon": 6.010228189461271, "gamma": 7.621504640897955, "lamda": 3.7417156323993326}, "datetime": {"datetime": "2021-06-16 14:48:56", "elapsed": 1574.560907, "delta": 10.384907}}
{"target": -101.78396304706551, "params": {"C": 4.124245235829761, "epsilon": 1.765646391913395, "gamma": 5.018229698562986, "lamda": 9.286715994041234}, "datetime": {"datetime": "2021-06-16 14:49:07", "elapsed": 1585.168388, "delta": 10.607481}}
{"target": -114.7266831379797, "params": {"C": 1.2954601826540821, "epsilon": 8.007058026236859, "gamma": 4.096705695687903, "lamda": 1.774480476570068}, "datetime": {"datetime": "2021-06-16 14:49:17", "elapsed": 1595.028623, "delta": 9.860235}}
{"target": -161.67697143868816, "params": {"C": 5.219396863252573, "epsilon": 1.761052718868689, "gamma": 3.336915351900024, "lamda": 0.2858264571027266}, "datetime": {"datetime": "2021-06-16 14:49:18", "elapsed": 1596.25212, "delta": 1.223497}}
{"target": -31.729098740158477, "params": {"C": 1.8847540703988273, "epsilon": 3.7229801603811374, "gamma": 5.128099045974406, "lamda": 0.6457139644897351}, "datetime": {"datetime": "2021-06-16 14:49:19", "elapsed": 1597.52886, "delta": 1.27674}}
{"target": -22.65726420628333, "params": {"C": 5.7190261701713725, "epsilon": 1.4992029546976922, "gamma": 5.946506222666054, "lamda": 6.888846383305677}, "datetime": {"datetime": "2021-06-16 14:49:20", "elapsed": 1598.417344, "delta": 0.888484}}
{"target": -130.72375590942272, "params": {"C": 3.67249426092401, "epsilon": 5.95282178470366, "gamma": 7.551465234903184, "lamda": 3.6848683939151976}, "datetime": {"datetime": "2021-06-16 14:49:30", "elapsed": 1607.99664, "delta": 9.579296}}
{"target": -21.87825550670408, "params": {"C": 2.2153132785244884, "epsilon": 5.296916299429136, "gamma": 7.745968149862971, "lamda": 0.33220068091725563}, "datetime": {"datetime": "2021-06-16 14:49:31", "elapsed": 1608.8874, "delta": 0.89076}}
{"target": -19.012994736919538, "params": {"C": 3.8726922339096936, "epsilon": 1.0687776176382429, "gamma": 9.966645843180542, "lamda": 1.7013212185574296}, "datetime": {"datetime": "2021-06-16 14:49:32", "elapsed": 1609.832879, "delta": 0.945479}}
{"target": -65.68467212655126, "params": {"C": 5.861571420601381, "epsilon": 4.6478483573653255, "gamma": 3.4126956531004957, "lamda": 0.7629159048501007}, "datetime": {"datetime": "2021-06-16 14:49:33", "elapsed": 1610.791621, "delta": 0.958742}}
{"target": -19.043299740999757, "params": {"C": 9.358957228366464, "epsilon": 5.693542403531671, "gamma": 8.778833721416172, "lamda": 1.502815304327363}, "datetime": {"datetime": "2021-06-16 14:49:34", "elapsed": 1611.874302, "delta": 1.082681}}
{"target": -20.744725066141605, "params": {"C": 9.585319467048436, "epsilon": 3.3768435003346564, "gamma": 8.242110241211854, "lamda": 0.768595215757393}, "datetime": {"datetime": "2021-06-16 14:49:35", "elapsed": 1612.851614, "delta": 0.977312}}
{"target": -107.25600123125034, "params": {"C": 6.075932607528101, "epsilon": 6.872216967848487, "gamma": 5.11361098514662, "lamda": 4.573272538765851}, "datetime": {"datetime": "2021-06-16 14:49:44", "elapsed": 1622.28677, "delta": 9.435156}}
{"target": -21.18613507891294, "params": {"C": 9.724720701638834, "epsilon": 3.485258060297504, "gamma": 8.085132024571992, "lamda": 0.48212307008249033}, "datetime": {"datetime": "2021-06-16 14:49:45", "elapsed": 1623.22616, "delta": 0.93939}}
{"target": -103.16383797110727, "params": {"C": 3.43686600971547, "epsilon": 9.465608468429055, "gamma": 3.694173521997142, "lamda": 2.834897687737704}, "datetime": {"datetime": "2021-06-16 14:49:55", "elapsed": 1632.75926, "delta": 9.5331}}
{"target": -21.984050262235456, "params": {"C": 2.4572489109925493, "epsilon": 5.2242000403757585, "gamma": 7.965137856985207, "lamda": 0.0033033316182570346}, "datetime": {"datetime": "2021-06-16 14:49:56", "elapsed": 1633.903042, "delta": 1.143782}}
{"target": -21.652579549418487, "params": {"C": 6.216867026217688, "epsilon": 1.978356557162698, "gamma": 7.547820372262718, "lamda": 0.8334710967971052}, "datetime": {"datetime": "2021-06-16 14:49:57", "elapsed": 1635.069926, "delta": 1.166884}}
{"target": -100.25580210426503, "params": {"C": 1.6909838849526095, "epsilon": 3.461763165926376, "gamma": 1.388453423336216, "lamda": 8.130021994483247}, "datetime": {"datetime": "2021-06-16 14:50:08", "elapsed": 1645.856878, "delta": 10.786952}}
{"target": -24.53331714507788, "params": {"C": 5.743445463045322, "epsilon": 1.5940833805349903, "gamma": 5.744219497304883, "lamda": 6.782120330623486}, "datetime": {"datetime": "2021-06-16 14:50:09", "elapsed": 1647.188899, "delta": 1.332021}}
{"target": -20.506152601900183, "params": {"C": 9.639159608078694, "epsilon": 3.304293890566959, "gamma": 8.285998057730724, "lamda": 1.03089800263013}, "datetime": {"datetime": "2021-06-16 14:50:10", "elapsed": 1648.369497, "delta": 1.180598}}
{"target": -9.658877009944948, "params": {"C": 0.10616463554843425, "epsilon": 0.017214210963247434, "gamma": 0.15161641251866692, "lamda": 2.478045286122457}, "datetime": {"datetime": "2021-06-16 14:50:12", "elapsed": 1649.605837, "delta": 1.23634}}
{"target": -21.890458737134093, "params": {"C": 2.3482499243360873, "epsilon": 5.188218484399439, "gamma": 7.587041235622285, "lamda": 0.23187502724515205}, "datetime": {"datetime": "2021-06-16 14:50:12", "elapsed": 1650.504621, "delta": 0.898784}}
{"target": -18.704826185202446, "params": {"C": 9.554534381814262, "epsilon": 5.947533682384303, "gamma": 8.949943171817633, "lamda": 1.4942096893503645}, "datetime": {"datetime": "2021-06-16 14:50:13", "elapsed": 1651.395015, "delta": 0.890394}}
{"target": -21.798400919668612, "params": {"C": 6.262007617568655, "epsilon": 2.1494468890132277, "gamma": 7.557923644603524, "lamda": 0.5254161714691846}, "datetime": {"datetime": "2021-06-16 14:50:14", "elapsed": 1652.491331, "delta": 1.096316}}
{"target": -116.87746020410255, "params": {"C": 8.383052019026755, "epsilon": 7.494844273337544, "gamma": 2.668102114443902, "lamda": 9.751847524498658}, "datetime": {"datetime": "2021-06-16 14:50:24", "elapsed": 1662.147903, "delta": 9.656572}}
{"target": -109.72087571850886, "params": {"C": 0.20206960251551237, "epsilon": 9.830223480991473, "gamma": 8.021791929264387, "lamda": 0.5123474259001537}, "datetime": {"datetime": "2021-06-16 14:50:39", "elapsed": 1676.633637, "delta": 14.485734}}
{"target": -19.165820115942957, "params": {"C": 8.866072532560365, "epsilon": 5.6558843988087775, "gamma": 8.504011083675268, "lamda": 1.6351684085837668}, "datetime": {"datetime": "2021-06-16 14:50:40", "elapsed": 1677.958114, "delta": 1.324477}}
{"target": -18.912284750547414, "params": {"C": 9.773110589548242, "epsilon": 5.640102662518342, "gamma": 8.661831505073533, "lamda": 1.70908117267977}, "datetime": {"datetime": "2021-06-16 14:50:41", "elapsed": 1679.409146, "delta": 1.451032}}
{"target": -20.020935932094513, "params": {"C": 7.493081662197864, "epsilon": 9.26977224105516, "gamma": 7.090211529899433, "lamda": 1.3439050705629496}, "datetime": {"datetime": "2021-06-16 14:50:43", "elapsed": 1680.651254, "delta": 1.242108}}
{"target": -164.066843291109, "params": {"C": 6.479966658639718, "epsilon": 6.856607517745487, "gamma": 3.4560743839694443, "lamda": 8.618877717024802}, "datetime": {"datetime": "2021-06-16 14:50:53", "elapsed": 1690.591415, "delta": 9.940161}}
{"target": -21.297146103718276, "params": {"C": 7.631594658237428, "epsilon": 8.866545751109332, "gamma": 6.694491514414625, "lamda": 1.0006214912749767}, "datetime": {"datetime": "2021-06-16 14:50:54", "elapsed": 1691.845391, "delta": 1.253976}}
{"target": -19.257104268044458, "params": {"C": 8.950942734412017, "epsilon": 5.664730161816812, "gamma": 8.314739352235044, "lamda": 1.7963467218614624}, "datetime": {"datetime": "2021-06-16 14:50:55", "elapsed": 1693.049711, "delta": 1.20432}}
{"target": -104.6824181352987, "params": {"C": 3.5173150780556464, "epsilon": 4.118230840884353, "gamma": 0.408246628558958, "lamda": 2.2198178518788616}, "datetime": {"datetime": "2021-06-16 14:51:05", "elapsed": 1703.224245, "delta": 10.174534}}
{"target": -19.4232127990184, "params": {"C": 3.998955885655956, "epsilon": 0.6151207018068015, "gamma": 9.575579642188165, "lamda": 1.487955150169177}, "datetime": {"datetime": "2021-06-16 14:51:06", "elapsed": 1704.285498, "delta": 1.061253}}
{"target": -20.740033281615624, "params": {"C": 7.3666771758923995, "epsilon": 9.028248139906074, "gamma": 6.868238260984213, "lamda": 1.1254104846283997}, "datetime": {"datetime": "2021-06-16 14:51:07", "elapsed": 1705.464022, "delta": 1.178524}}
{"target": -98.85636816019073, "params": {"C": 2.0309111234895822, "epsilon": 0.003439772165378083, "gamma": 0.6527400111861846, "lamda": 6.845947587134744}, "datetime": {"datetime": "2021-06-16 14:51:17", "elapsed": 1715.350752, "delta": 9.88673}}
{"target": -125.68373391811404, "params": {"C": 4.362359325129582, "epsilon": 5.714489621049657, "gamma": 4.122103806598472, "lamda": 2.2944269477882404}, "datetime": {"datetime": "2021-06-16 14:51:27", "elapsed": 1725.032168, "delta": 9.681416}}
{"target": -20.153603094254088, "params": {"C": 8.413496423350432, "epsilon": 6.910686385458406, "gamma": 6.86625964924471, "lamda": 1.816536247012081}, "datetime": {"datetime": "2021-06-16 14:51:28", "elapsed": 1726.116593, "delta": 1.084425}}
{"target": -21.8828387614694, "params": {"C": 6.1997301845289865, "epsilon": 2.073369106208663, "gamma": 7.425516008338275, "lamda": 1.0691123603028867}, "datetime": {"datetime": "2021-06-16 14:51:29", "elapsed": 1727.310038, "delta": 1.193445}}
{"target": -20.90784940526258, "params": {"C": 9.91553233413645, "epsilon": 3.5262737999868397, "gamma": 8.19237264170433, "lamda": 0.6209947670527145}, "datetime": {"datetime": "2021-06-16 14:51:30", "elapsed": 1728.380027, "delta": 1.069989}}
{"target": -273.58103034780606, "params": {"C": 5.496496052868872, "epsilon": 1.2845662404461047, "gamma": 3.543094561002122, "lamda": 0.03988558630302176}, "datetime": {"datetime": "2021-06-16 14:51:32", "elapsed": 1729.613555, "delta": 1.233528}}
{"target": -97.13636140004087, "params": {"C": 5.864245537095291, "epsilon": 4.664344326573018, "gamma": 1.3296941402793345, "lamda": 9.02527471073051}, "datetime": {"datetime": "2021-06-16 14:51:41", "elapsed": 1739.303264, "delta": 9.689709}}
{"target": -19.928243283574105, "params": {"C": 8.384560481807812, "epsilon": 7.090015080572305, "gamma": 6.769283302170934, "lamda": 2.0160688618469673}, "datetime": {"datetime": "2021-06-16 14:51:42", "elapsed": 1740.352224, "delta": 1.04896}}
{"target": -20.83470535517746, "params": {"C": 9.794754900991112, "epsilon": 3.320543890602395, "gamma": 8.255318762810978, "lamda": 0.6450606096020226}, "datetime": {"datetime": "2021-06-16 14:51:43", "elapsed": 1741.385745, "delta": 1.033521}}
{"target": -109.50911006925213, "params": {"C": 5.109128035127543, "epsilon": 6.864453358425124, "gamma": 6.580596354348994, "lamda": 8.492178604511402}, "datetime": {"datetime": "2021-06-16 14:51:53", "elapsed": 1751.120096, "delta": 9.734351}}
{"target": -97.95238400572575, "params": {"C": 6.465087222255377, "epsilon": 0.5528981163858897, "gamma": 1.2185074492853396, "lamda": 8.73351314705533}, "datetime": {"datetime": "2021-06-16 14:52:03", "elapsed": 1760.57601, "delta": 9.455914}}
{"target": -20.168726274594082, "params": {"C": 2.9705011850358187, "epsilon": 0.9749867934441439, "gamma": 8.849483312164498, "lamda": 1.55527919357289}, "datetime": {"datetime": "2021-06-16 14:52:04", "elapsed": 1761.593064, "delta": 1.017054}}
{"target": -19.296566678160122, "params": {"C": 4.216219539060177, "epsilon": 0.5033412550864527, "gamma": 9.780542066387689, "lamda": 1.527679998800109}, "datetime": {"datetime": "2021-06-16 14:52:05", "elapsed": 1762.612517, "delta": 1.019453}}
{"target": -117.71001211878624, "params": {"C": 2.2037701314343052, "epsilon": 5.717222762793015, "gamma": 8.479135765624084, "lamda": 2.6284939062325265}, "datetime": {"datetime": "2021-06-16 14:52:14", "elapsed": 1772.206709, "delta": 9.594192}}
{"target": -21.002730488221044, "params": {"C": 9.937590242273249, "epsilon": 3.19111864988893, "gamma": 8.207987372551823, "lamda": 0.5265470127200635}, "datetime": {"datetime": "2021-06-16 14:52:16", "elapsed": 1773.608066, "delta": 1.401357}}
{"target": -21.853384151106553, "params": {"C": 6.115878640691738, "epsilon": 2.2938010964979076, "gamma": 7.613632458691531, "lamda": 0.5928371013075381}, "datetime": {"datetime": "2021-06-16 14:52:17", "elapsed": 1774.635352, "delta": 1.027286}}
{"target": -13.728304568887314, "params": {"C": 0.088462781111104, "epsilon": 9.898439693801027, "gamma": 7.954331684041862, "lamda": 0.26960140246441355}, "datetime": {"datetime": "2021-06-16 14:52:18", "elapsed": 1775.700618, "delta": 1.065266}}
{"target": -28.329504840948914, "params": {"C": 7.7384447436344255, "epsilon": 0.9757393239871369, "gamma": 5.815554787248789, "lamda": 1.5305269374082102}, "datetime": {"datetime": "2021-06-16 14:52:19", "elapsed": 1776.707983, "delta": 1.007365}}
{"target": -27.161337743446097, "params": {"C": 2.3195678311979004, "epsilon": 3.9003750954201997, "gamma": 5.3870567742837885, "lamda": 0.6919121090850816}, "datetime": {"datetime": "2021-06-16 14:52:20", "elapsed": 1777.935973, "delta": 1.22799}}
{"target": -20.446633130341752, "params": {"C": 2.6332449609484807, "epsilon": 1.018224806397063, "gamma": 8.586190895736246, "lamda": 1.2879183561784966}, "datetime": {"datetime": "2021-06-16 14:52:21", "elapsed": 1779.060731, "delta": 1.124758}}
{"target": -27.488828588345964, "params": {"C": 2.2107053670916135, "epsilon": 3.6443354383654993, "gamma": 5.5542988524541785, "lamda": 0.7654335069305}, "datetime": {"datetime": "2021-06-16 14:52:22", "elapsed": 1780.008977, "delta": 0.948246}}
{"target": -1248.9328709335791, "params": {"C": 4.761258962102835, "epsilon": 7.357577406347779, "gamma": 7.778357807726035, "lamda": 5.496323976001486}, "datetime": {"datetime": "2021-06-16 14:52:31", "elapsed": 1789.464185, "delta": 9.455208}}
{"target": -102.9251818822332, "params": {"C": 4.006512687294492, "epsilon": 1.1016044224990666, "gamma": 9.891352115252987, "lamda": 5.233169208691697}, "datetime": {"datetime": "2021-06-16 14:52:41", "elapsed": 1798.875087, "delta": 9.410902}}
{"target": -11.210265695961692, "params": {"C": 0.0030005223793917873, "epsilon": 9.936800391381881, "gamma": 7.769878702992234, "lamda": 0.160552577294845}, "datetime": {"datetime": "2021-06-16 14:52:42", "elapsed": 1800.213816, "delta": 1.338729}}
{"target": -18.944412780938013, "params": {"C": 9.738878333097286, "epsilon": 5.514697388201085, "gamma": 8.64661671551422, "lamda": 1.706459499042405}, "datetime": {"datetime": "2021-06-16 14:52:43", "elapsed": 1801.316191, "delta": 1.102375}}
{"target": -20.479390565750908, "params": {"C": 8.557301081354279, "epsilon": 6.5977842061594085, "gamma": 6.500912433202557, "lamda": 2.1057324329064997}, "datetime": {"datetime": "2021-06-16 14:52:44", "elapsed": 1802.481799, "delta": 1.165608}}
{"target": -20.336396316301503, "params": {"C": 8.48708965792093, "epsilon": 7.0869887741773905, "gamma": 6.793408743448449, "lamda": 1.705218798287921}, "datetime": {"datetime": "2021-06-16 14:52:46", "elapsed": 1803.683743, "delta": 1.201944}}
{"target": -20.106339359063604, "params": {"C": 7.525299691609886, "epsilon": 8.888808918942, "gamma": 7.14532896218809, "lamda": 1.322047386300752}, "datetime": {"datetime": "2021-06-16 14:52:47", "elapsed": 1804.956031, "delta": 1.272288}}
{"target": -22.062288602483434, "params": {"C": 5.54197824872172, "epsilon": 1.653439295609498, "gamma": 5.832879560591993, "lamda": 6.70794296195923}, "datetime": {"datetime": "2021-06-16 14:52:48", "elapsed": 1806.07374, "delta": 1.117709}}
{"target": -19.646548409668153, "params": {"C": 8.281754570495048, "epsilon": 6.9724384450923145, "gamma": 6.775558785098569, "lamda": 2.2839952420380736}, "datetime": {"datetime": "2021-06-16 14:52:49", "elapsed": 1807.192724, "delta": 1.118984}}
{"target": -19.590167814420585, "params": {"C": 7.435683506224956, "epsilon": 9.294800835418098, "gamma": 7.327402720237031, "lamda": 1.3092592965707108}, "datetime": {"datetime": "2021-06-16 14:52:50", "elapsed": 1808.337417, "delta": 1.144693}}
{"target": -31.98243017248942, "params": {"C": 1.9306983484239746, "epsilon": 4.121396591598727, "gamma": 5.139786386925303, "lamda": 0.5502507316385105}, "datetime": {"datetime": "2021-06-16 14:52:52", "elapsed": 1809.646486, "delta": 1.309069}}
{"target": -112.97047449094613, "params": {"C": 5.834803528228819, "epsilon": 1.6649203560626311, "gamma": 2.094964975123484, "lamda": 8.6066823383498}, "datetime": {"datetime": "2021-06-16 14:53:01", "elapsed": 1819.168686, "delta": 9.5222}}
{"target": -19.009450992120733, "params": {"C": 2.8109981005779185, "epsilon": 8.700440746413012, "gamma": 9.964372483227205, "lamda": 5.986153912090846}, "datetime": {"datetime": "2021-06-16 14:53:02", "elapsed": 1820.199924, "delta": 1.031238}}
{"target": -18.844990416551994, "params": {"C": 9.503822974887681, "epsilon": 5.631812764189793, "gamma": 8.738915536752623, "lamda": 1.7862595749771062}, "datetime": {"datetime": "2021-06-16 14:53:03", "elapsed": 1821.330456, "delta": 1.130532}}
{"target": -15.499168467214709, "params": {"C": 0.1138465922724927, "epsilon": 9.45139235190141, "gamma": 8.392058680315083, "lamda": 0.1681348814141896}, "datetime": {"datetime": "2021-06-16 14:53:05", "elapsed": 1822.649534, "delta": 1.319078}}
