{"target": -9.2418758339184, "params": {"C": 0.05582244864940428, "epsilon": 7.083614847370914, "gamma": 0.378521697294385, "lamda": 0.15764933917950333}, "datetime": {"datetime": "2021-06-21 11:48:10", "elapsed": 235.338448, "delta": 2.034221}}
{"target": -9.064406914764511, "params": {"C": 0.027315235005265545, "epsilon": 8.484484567517582, "gamma": 0.5414060223032485, "lamda": 0.4846826965059893}, "datetime": {"datetime": "2021-06-21 11:48:11", "elapsed": 236.327415, "delta": 0.988967}}
{"target": -9.470266932552734, "params": {"C": 0.015012201794882052, "epsilon": 6.25920837473279, "gamma": 0.354823014061175, "lamda": 0.2652624287441019}, "datetime": {"datetime": "2021-06-21 11:48:12", "elapsed": 238.127546, "delta": 1.800131}}
{"target": -9.382044136443577, "params": {"C": 0.06748424238311497, "epsilon": 8.657880267229505, "gamma": 0.5406326220876535, "lamda": 0.4593291587800469}, "datetime": {"datetime": "2021-06-21 11:48:15", "elapsed": 240.431669, "delta": 2.304123}}
{"target": -9.856816437160466, "params": {"C": 0.008063033395185706, "epsilon": 7.491041579471706, "gamma": 0.3441422610164834, "lamda": 0.5649159647002671}, "datetime": {"datetime": "2021-06-21 11:48:17", "elapsed": 243.023457, "delta": 2.591788}}
{"target": -9.454697340665314, "params": {"C": 0.05905562137345712, "epsilon": 7.065360033215493, "gamma": 0.19307252054475887, "lamda": 0.632645808969568}, "datetime": {"datetime": "2021-06-21 11:48:18", "elapsed": 243.912057, "delta": 0.8886}}
{"target": -9.090883785339054, "params": {"C": 0.02470246612899221, "epsilon": 6.24196918364194, "gamma": 0.4495887695718218, "lamda": 0.21106084942338077}, "datetime": {"datetime": "2021-06-21 11:48:21", "elapsed": 246.591304, "delta": 2.679247}}
{"target": -9.428853579664796, "params": {"C": 0.1, "epsilon": 6.071252661133269, "gamma": 0.29107958460959205, "lamda": 0.05559686107619309}, "datetime": {"datetime": "2021-06-21 11:48:23", "elapsed": 248.839223, "delta": 2.247919}}
{"target": -9.289663629925759, "params": {"C": 0.05157988334659614, "epsilon": 8.275432101454832, "gamma": 0.5606393511979416, "lamda": 0.5958084996567344}, "datetime": {"datetime": "2021-06-21 11:48:24", "elapsed": 249.75144, "delta": 0.912217}}
{"target": -9.551892209427088, "params": {"C": 0.06500401354046365, "epsilon": 4.804042004432284, "gamma": 0.18528937434371723, "lamda": 0.6124848833103564}, "datetime": {"datetime": "2021-06-21 11:48:25", "elapsed": 250.659661, "delta": 0.908221}}
{"target": -9.64329466876661, "params": {"C": 0.09268583417022122, "epsilon": 6.949081205624648, "gamma": 0.5369986609838516, "lamda": 0.06932645886979445}, "datetime": {"datetime": "2021-06-21 11:48:27", "elapsed": 252.52845, "delta": 1.868789}}
{"target": -11.787327999576638, "params": {"C": 0.001, "epsilon": 6.269630405273667, "gamma": 0.5309381221151364, "lamda": 0.18717632526020808}, "datetime": {"datetime": "2021-06-21 11:48:30", "elapsed": 255.806218, "delta": 3.277768}}
{"target": -9.0700475654984, "params": {"C": 0.022816552466724288, "epsilon": 7.644448964025798, "gamma": 0.6935384389780757, "lamda": 0.19062383515901915}, "datetime": {"datetime": "2021-06-21 11:48:32", "elapsed": 257.55544, "delta": 1.749222}}
{"target": -9.612301958023926, "params": {"C": 0.005302271181647983, "epsilon": 8.639189553433187, "gamma": 0.5985253343277946, "lamda": 0.477556675201505}, "datetime": {"datetime": "2021-06-21 11:48:34", "elapsed": 259.243041, "delta": 1.687601}}
{"target": -9.465858000467769, "params": {"C": 0.07363266386718677, "epsilon": 8.634024061223117, "gamma": 0.6268403922128891, "lamda": 0.5051680986145664}, "datetime": {"datetime": "2021-06-21 11:48:36", "elapsed": 261.899277, "delta": 2.656236}}
{"target": -9.214290914773038, "params": {"C": 0.04623846575556412, "epsilon": 8.575100775557932, "gamma": 0.5450519000974271, "lamda": 0.4546811199295224}, "datetime": {"datetime": "2021-06-21 11:48:39", "elapsed": 264.582751, "delta": 2.683474}}
{"target": -9.404541295048043, "params": {"C": 0.07761037906577148, "epsilon": 5.036606994262868, "gamma": 0.507085905966475, "lamda": 0.11475355891049642}, "datetime": {"datetime": "2021-06-21 11:48:40", "elapsed": 265.772302, "delta": 1.189551}}
{"target": -9.035530857033647, "params": {"C": 0.0188113303777462, "epsilon": 8.565588419856113, "gamma": 0.5542046577948094, "lamda": 0.34931832631810167}, "datetime": {"datetime": "2021-06-21 11:48:42", "elapsed": 267.959851, "delta": 2.187549}}
{"target": -9.050224228524499, "params": {"C": 0.030126120646848074, "epsilon": 8.521655224934484, "gamma": 0.5073182966434572, "lamda": 0.40571914637926404}, "datetime": {"datetime": "2021-06-21 11:48:45", "elapsed": 271.003573, "delta": 3.043722}}
{"target": -10.253713955251126, "params": {"C": 0.03271773809003153, "epsilon": 8.157641988034264, "gamma": 0.10464241167806772, "lamda": 0.06297795044923606}, "datetime": {"datetime": "2021-06-21 11:48:47", "elapsed": 272.218057, "delta": 1.214484}}
{"target": -9.265513455447028, "params": {"C": 0.04813594508426892, "epsilon": 8.546653040021678, "gamma": 0.6444834913757362, "lamda": 0.3887928746704494}, "datetime": {"datetime": "2021-06-21 11:48:48", "elapsed": 273.383453, "delta": 1.165396}}
{"target": -9.277967392601472, "params": {"C": 0.04066388224303791, "epsilon": 5.105833490709394, "gamma": 0.7923945720134292, "lamda": 0.3706086984075803}, "datetime": {"datetime": "2021-06-21 11:48:49", "elapsed": 274.594196, "delta": 1.210743}}
{"target": -9.794751049367834, "params": {"C": 0.004382430393123082, "epsilon": 8.581155844817893, "gamma": 0.570605884257312, "lamda": 0.5417273293565954}, "datetime": {"datetime": "2021-06-21 11:48:51", "elapsed": 276.758081, "delta": 2.163885}}
{"target": -9.549894981251072, "params": {"C": 0.08908290912793046, "epsilon": 8.48190077725502, "gamma": 0.5422315376001736, "lamda": 0.40461197433193635}, "datetime": {"datetime": "2021-06-21 11:48:54", "elapsed": 279.325782, "delta": 2.567701}}
{"target": -9.033483077183405, "params": {"C": 0.0159818023945122, "epsilon": 8.599515152310545, "gamma": 0.4845914723293458, "lamda": 0.3816245483392627}, "datetime": {"datetime": "2021-06-21 11:48:56", "elapsed": 281.596977, "delta": 2.271195}}
{"target": -9.495585322850607, "params": {"C": 0.08910580189684554, "epsilon": 8.598370536961976, "gamma": 0.49229184563933126, "lamda": 0.3662213353957946}, "datetime": {"datetime": "2021-06-21 11:48:58", "elapsed": 283.818188, "delta": 2.221211}}
{"target": -9.112382151616835, "params": {"C": 0.030582644775211252, "epsilon": 7.720355870058913, "gamma": 0.6652472589561008, "lamda": 0.22681576686026023}, "datetime": {"datetime": "2021-06-21 11:49:01", "elapsed": 286.872295, "delta": 3.054107}}
{"target": -11.458047006749801, "params": {"C": 0.001, "epsilon": 8.630040472297097, "gamma": 0.5740930512364713, "lamda": 0.2915579151744393}, "datetime": {"datetime": "2021-06-21 11:49:03", "elapsed": 288.641779, "delta": 1.769484}}
{"target": -9.421207457567755, "params": {"C": 0.05929966060175977, "epsilon": 8.597501216928887, "gamma": 0.7002294231335584, "lamda": 0.3212346337877141}, "datetime": {"datetime": "2021-06-21 11:49:05", "elapsed": 290.739948, "delta": 2.098169}}
{"target": -9.64188275058087, "params": {"C": 0.08235813804577186, "epsilon": 7.023340465279475, "gamma": 0.6128035937038312, "lamda": 0.009}, "datetime": {"datetime": "2021-06-21 11:49:07", "elapsed": 293.136353, "delta": 2.396405}}
{"target": -9.198512587885386, "params": {"C": 0.03680127847476881, "epsilon": 5.147077181719167, "gamma": 0.7938564104619816, "lamda": 0.03379985377332129}, "datetime": {"datetime": "2021-06-21 11:49:08", "elapsed": 294.120135, "delta": 0.983782}}
{"target": -9.248232955563388, "params": {"C": 0.05876414257089102, "epsilon": 5.415660352437971, "gamma": 0.24664201467879066, "lamda": 0.6037207867878391}, "datetime": {"datetime": "2021-06-21 11:49:10", "elapsed": 295.171149, "delta": 1.051014}}
{"target": -9.080465366194398, "params": {"C": 0.028828169477416166, "epsilon": 9.285235262879786, "gamma": 0.7975060488863933, "lamda": 0.42264046173009473}, "datetime": {"datetime": "2021-06-21 11:49:10", "elapsed": 296.108264, "delta": 0.937115}}
{"target": -11.51995683686863, "params": {"C": 0.001, "epsilon": 8.517942407003233, "gamma": 0.5758743681821972, "lamda": 0.39712055957058306}, "datetime": {"datetime": "2021-06-21 11:49:13", "elapsed": 298.400441, "delta": 2.292177}}
{"target": -9.09073446995837, "params": {"C": 0.035153500389167765, "epsilon": 8.188761335957494, "gamma": 0.3954614589835675, "lamda": 0.5838366691753579}, "datetime": {"datetime": "2021-06-21 11:49:15", "elapsed": 300.888895, "delta": 2.488454}}
{"target": -10.346372759863813, "params": {"C": 0.0032386579946838264, "epsilon": 8.510587450160454, "gamma": 0.4523291584599034, "lamda": 0.4257806336698886}, "datetime": {"datetime": "2021-06-21 11:49:17", "elapsed": 303.049811, "delta": 2.160916}}
{"target": -9.275091680580536, "params": {"C": 0.007474094897856856, "epsilon": 8.595370601419058, "gamma": 0.6803931316878589, "lamda": 0.3861275671163493}, "datetime": {"datetime": "2021-06-21 11:49:20", "elapsed": 305.902979, "delta": 2.853168}}
{"target": -9.437459771668093, "params": {"C": 0.08266749996671877, "epsilon": 7.69861882832882, "gamma": 0.7041015968304265, "lamda": 0.2017075767578867}, "datetime": {"datetime": "2021-06-21 11:49:23", "elapsed": 308.184249, "delta": 2.28127}}
{"target": -9.467743678142178, "params": {"C": 0.09941773874289989, "epsilon": 6.192001189736059, "gamma": 0.43972991960992325, "lamda": 0.045509605192794525}, "datetime": {"datetime": "2021-06-21 11:49:25", "elapsed": 310.943261, "delta": 2.759012}}
{"target": -9.067123231975557, "params": {"C": 0.04604531717808368, "epsilon": 8.537928378681968, "gamma": 0.49177991168495483, "lamda": 0.33141841307999387}, "datetime": {"datetime": "2021-06-21 11:49:28", "elapsed": 313.682236, "delta": 2.738975}}
{"target": -9.012022295776724, "params": {"C": 0.011469762168431517, "epsilon": 8.946319460080197, "gamma": 0.6094642582960601, "lamda": 0.014376083504395617}, "datetime": {"datetime": "2021-06-21 11:49:29", "elapsed": 314.644901, "delta": 0.962665}}
{"target": -9.024822760261662, "params": {"C": 0.0206932418350907, "epsilon": 7.678121043449795, "gamma": 0.6196146781898195, "lamda": 0.1849123634039797}, "datetime": {"datetime": "2021-06-21 11:49:31", "elapsed": 317.0096, "delta": 2.364699}}
{"target": -9.08779562114387, "params": {"C": 0.025488186483047258, "epsilon": 7.648981627862075, "gamma": 0.6761878199512766, "lamda": 0.2737200846407648}, "datetime": {"datetime": "2021-06-21 11:49:34", "elapsed": 319.66125, "delta": 2.65165}}
{"target": -9.306223619606877, "params": {"C": 0.09095569347003854, "epsilon": 8.7953910026679, "gamma": 0.3180360294188599, "lamda": 0.14557903419924972}, "datetime": {"datetime": "2021-06-21 11:49:35", "elapsed": 320.721715, "delta": 1.060465}}
{"target": -11.473457622413193, "params": {"C": 0.001, "epsilon": 7.615120673714861, "gamma": 0.6283043538677279, "lamda": 0.22465580317964873}, "datetime": {"datetime": "2021-06-21 11:49:37", "elapsed": 323.070962, "delta": 2.349247}}
{"target": -9.564847119213226, "params": {"C": 0.005317535350277888, "epsilon": 7.748842437489182, "gamma": 0.666090755913354, "lamda": 0.15112704344595487}, "datetime": {"datetime": "2021-06-21 11:49:40", "elapsed": 325.268502, "delta": 2.19754}}
{"target": -9.370672161452223, "params": {"C": 0.05468310794599773, "epsilon": 7.6719282568442075, "gamma": 0.6540662316954774, "lamda": 0.13556998645519042}, "datetime": {"datetime": "2021-06-21 11:49:42", "elapsed": 327.288302, "delta": 2.0198}}
{"target": -9.212062939306016, "params": {"C": 0.07221851176968076, "epsilon": 5.994794563008824, "gamma": 0.37070094860145086, "lamda": 0.6181330173552587}, "datetime": {"datetime": "2021-06-21 11:49:43", "elapsed": 328.362639, "delta": 1.074337}}
{"target": -10.514586900298704, "params": {"C": 0.008635593321016556, "epsilon": 5.371906038767061, "gamma": 0.23021640978316044, "lamda": 0.2636487895761912}, "datetime": {"datetime": "2021-06-21 11:49:44", "elapsed": 329.406811, "delta": 1.044172}}
{"target": -9.97555702027841, "params": {"C": 0.0843881047615114, "epsilon": 4.674825155076067, "gamma": 0.11283300258782387, "lamda": 0.6764707861640065}, "datetime": {"datetime": "2021-06-21 11:49:45", "elapsed": 330.48917, "delta": 1.082359}}
{"target": -9.053245513851275, "params": {"C": 0.012905275120784087, "epsilon": 7.678036490258527, "gamma": 0.7344244376475308, "lamda": 0.24802801192599117}, "datetime": {"datetime": "2021-06-21 11:49:48", "elapsed": 333.233261, "delta": 2.744091}}
{"target": -9.210175933059864, "params": {"C": 0.04179115135963928, "epsilon": 7.660893514627805, "gamma": 0.7245112712300994, "lamda": 0.31571680011544445}, "datetime": {"datetime": "2021-06-21 11:49:49", "elapsed": 334.953758, "delta": 1.720497}}
{"target": -9.259134350581059, "params": {"C": 0.05372600774458487, "epsilon": 7.733579857942166, "gamma": 0.5911279546510702, "lamda": 0.20056507836707066}, "datetime": {"datetime": "2021-06-21 11:49:51", "elapsed": 337.092192, "delta": 2.138434}}
{"target": -9.263572283248116, "params": {"C": 0.03482063675609894, "epsilon": 8.137461692813737, "gamma": 0.2563213261574923, "lamda": 0.10025338268531227}, "datetime": {"datetime": "2021-06-21 11:49:53", "elapsed": 338.157716, "delta": 1.065524}}
{"target": -9.34280368479115, "params": {"C": 0.06856855429226553, "epsilon": 7.618112195702398, "gamma": 0.7488904335513549, "lamda": 0.2205427529304994}, "datetime": {"datetime": "2021-06-21 11:49:55", "elapsed": 341.011052, "delta": 2.853336}}
{"target": -9.152642484673732, "params": {"C": 0.029233026344788405, "epsilon": 6.988526694839772, "gamma": 0.46893120002980826, "lamda": 0.6650536448707752}, "datetime": {"datetime": "2021-06-21 11:49:56", "elapsed": 342.05197, "delta": 1.040918}}
{"target": -9.197111948306436, "params": {"C": 0.07701709048525233, "epsilon": 7.555444759483691, "gamma": 0.37352963281979934, "lamda": 0.42068219886357344}, "datetime": {"datetime": "2021-06-21 11:49:59", "elapsed": 345.031807, "delta": 2.979837}}
{"target": -9.077038642638705, "params": {"C": 0.025556782729956918, "epsilon": 7.741184134729311, "gamma": 0.6845861029250698, "lamda": 0.31859708480861876}, "datetime": {"datetime": "2021-06-21 11:50:02", "elapsed": 347.453022, "delta": 2.421215}}
{"target": -9.304762750014197, "params": {"C": 0.05695247569287765, "epsilon": 7.727202685883841, "gamma": 0.5891642218421222, "lamda": 0.2941583435530642}, "datetime": {"datetime": "2021-06-21 11:50:05", "elapsed": 350.165625, "delta": 2.712603}}
{"target": -9.91346498203473, "params": {"C": 0.004222020129087021, "epsilon": 6.5208335938728865, "gamma": 0.5575658373591345, "lamda": 0.560589304688677}, "datetime": {"datetime": "2021-06-21 11:50:06", "elapsed": 351.280436, "delta": 1.114811}}
{"target": -9.296737573770644, "params": {"C": 0.08310844122242791, "epsilon": 6.188718701855245, "gamma": 0.4255133516320764, "lamda": 0.15491768784659493}, "datetime": {"datetime": "2021-06-21 11:50:07", "elapsed": 352.433143, "delta": 1.152707}}
{"target": -9.440526767352154, "params": {"C": 0.07976744700777764, "epsilon": 7.699037988099151, "gamma": 0.6809997882052207, "lamda": 0.2844429168580414}, "datetime": {"datetime": "2021-06-21 11:50:09", "elapsed": 354.576062, "delta": 2.142919}}
{"target": -9.387550785613813, "params": {"C": 0.011072295087944925, "epsilon": 8.252270529823223, "gamma": 0.44528082215741804, "lamda": 0.5896067541449566}, "datetime": {"datetime": "2021-06-21 11:50:12", "elapsed": 357.155179, "delta": 2.579117}}
{"target": -9.067010581662073, "params": {"C": 0.029909750192183344, "epsilon": 8.89807029410927, "gamma": 0.6701891798899076, "lamda": 0.031058426576069813}, "datetime": {"datetime": "2021-06-21 11:50:15", "elapsed": 360.366603, "delta": 3.211424}}
{"target": -9.568112474863259, "params": {"C": 0.06662845094889869, "epsilon": 8.960922509925117, "gamma": 0.6587407817365688, "lamda": 0.07603063905549283}, "datetime": {"datetime": "2021-06-21 11:50:16", "elapsed": 362.111217, "delta": 1.744614}}
{"target": -9.254657771378383, "params": {"C": 0.1, "epsilon": 7.574410664496174, "gamma": 0.3310068461917264, "lamda": 0.49806081000045804}, "datetime": {"datetime": "2021-06-21 11:50:19", "elapsed": 364.501988, "delta": 2.390771}}
{"target": -11.31061934034, "params": {"C": 0.001, "epsilon": 8.865020848785488, "gamma": 0.5998755939956149, "lamda": 0.009}, "datetime": {"datetime": "2021-06-21 11:50:22", "elapsed": 367.22492, "delta": 2.722932}}
{"target": -11.299936650290038, "params": {"C": 0.001, "epsilon": 8.969587663659812, "gamma": 0.6795130627029166, "lamda": 0.009}, "datetime": {"datetime": "2021-06-21 11:50:24", "elapsed": 369.197066, "delta": 1.972146}}
{"target": -9.349466918722605, "params": {"C": 0.0882574478430977, "epsilon": 8.160899423285347, "gamma": 0.42000657716877116, "lamda": 0.5239079958034323}, "datetime": {"datetime": "2021-06-21 11:50:26", "elapsed": 371.662233, "delta": 2.465167}}
{"target": -9.54907972683814, "params": {"C": 0.07065793360193873, "epsilon": 8.987975957579865, "gamma": 0.583180113481572, "lamda": 0.020174048259487008}, "datetime": {"datetime": "2021-06-21 11:50:28", "elapsed": 374.068722, "delta": 2.406489}}
{"target": -9.33512154557199, "params": {"C": 0.07355486846116156, "epsilon": 8.184083415367308, "gamma": 0.45105536234042765, "lamda": 0.6348199922394946}, "datetime": {"datetime": "2021-06-21 11:50:31", "elapsed": 376.557069, "delta": 2.488347}}
{"target": -9.222792520961946, "params": {"C": 0.04801993296332028, "epsilon": 6.187873345118278, "gamma": 0.3772248822583063, "lamda": 0.23930627407297894}, "datetime": {"datetime": "2021-06-21 11:50:34", "elapsed": 379.39454, "delta": 2.837471}}
{"target": -9.071386909642925, "params": {"C": 0.027544006112327026, "epsilon": 8.979867897556709, "gamma": 0.47157566331357503, "lamda": 0.5074809323590226}, "datetime": {"datetime": "2021-06-21 11:50:35", "elapsed": 380.510164, "delta": 1.115624}}
{"target": -9.235309678669324, "params": {"C": 0.05396547460182495, "epsilon": 6.173819667746524, "gamma": 0.33791654450604997, "lamda": 0.01478266887557263}, "datetime": {"datetime": "2021-06-21 11:50:38", "elapsed": 383.402665, "delta": 2.892501}}
{"target": -10.792901286066678, "params": {"C": 0.002174105228230803, "epsilon": 8.179042076478405, "gamma": 0.3754592008968233, "lamda": 0.6555282171804233}, "datetime": {"datetime": "2021-06-21 11:50:40", "elapsed": 386.031618, "delta": 2.628953}}
{"target": -9.15816429774555, "params": {"C": 0.02616124160797874, "epsilon": 5.522404355789526, "gamma": 0.6212658033485505, "lamda": 0.49016031765514084}, "datetime": {"datetime": "2021-06-21 11:50:42", "elapsed": 387.448155, "delta": 1.416537}}
{"target": -10.485915307297375, "params": {"C": 0.009581260676558487, "epsilon": 8.733537316688178, "gamma": 0.16567081983943036, "lamda": 0.32464759615827254}, "datetime": {"datetime": "2021-06-21 11:50:43", "elapsed": 388.705772, "delta": 1.257617}}
{"target": -9.528320308044348, "params": {"C": 0.08153495852922116, "epsilon": 8.58920657359561, "gamma": 0.5770168223128591, "lamda": 0.36627999572805525}, "datetime": {"datetime": "2021-06-21 11:50:46", "elapsed": 391.496441, "delta": 2.790669}}
{"target": -9.351640669613381, "params": {"C": 0.0740790208850139, "epsilon": 4.966855119566711, "gamma": 0.20096518219330256, "lamda": 0.2702764935930202}, "datetime": {"datetime": "2021-06-21 11:50:47", "elapsed": 392.62611, "delta": 1.129669}}
{"target": -9.318315199540333, "params": {"C": 0.05983770816508202, "epsilon": 8.431170596670677, "gamma": 0.5439413872118558, "lamda": 0.5318693335394145}, "datetime": {"datetime": "2021-06-21 11:50:50", "elapsed": 395.598488, "delta": 2.972378}}
{"target": -9.932960899618976, "params": {"C": 0.0035637511971200225, "epsilon": 7.652235229148396, "gamma": 0.7549467836682875, "lamda": 0.15851424045607665}, "datetime": {"datetime": "2021-06-21 11:50:53", "elapsed": 399.116706, "delta": 3.518218}}
{"target": -9.308114228771668, "params": {"C": 0.06433092873365201, "epsilon": 6.049682415158848, "gamma": 0.3588622033794926, "lamda": 0.5246700016300309}, "datetime": {"datetime": "2021-06-21 11:50:55", "elapsed": 400.246344, "delta": 1.129638}}
{"target": -9.109530188551062, "params": {"C": 0.041205474742269974, "epsilon": 6.864418341240093, "gamma": 0.48675429015053795, "lamda": 0.5913093057037531}, "datetime": {"datetime": "2021-06-21 11:50:56", "elapsed": 401.400549, "delta": 1.154205}}
{"target": -9.227857764882424, "params": {"C": 0.0365642244580652, "epsilon": 5.563915969451361, "gamma": 0.5924937001032908, "lamda": 0.5651957387053015}, "datetime": {"datetime": "2021-06-21 11:50:58", "elapsed": 403.634542, "delta": 2.233993}}
{"target": -11.495484746819667, "params": {"C": 0.001, "epsilon": 7.776004633469838, "gamma": 0.7281728550701226, "lamda": 0.26349903396657537}, "datetime": {"datetime": "2021-06-21 11:51:00", "elapsed": 406.021847, "delta": 2.387305}}
{"target": -9.180474035080898, "params": {"C": 0.037384300671574465, "epsilon": 7.7010737412505685, "gamma": 0.6907492166990716, "lamda": 0.3915597736291936}, "datetime": {"datetime": "2021-06-21 11:51:03", "elapsed": 408.626929, "delta": 2.605082}}
{"target": -9.041423393899088, "params": {"C": 0.018582305110621134, "epsilon": 7.7025054619596265, "gamma": 0.6449758348496815, "lamda": 0.34346920064005276}, "datetime": {"datetime": "2021-06-21 11:51:05", "elapsed": 410.667499, "delta": 2.04057}}
{"target": -9.121611930076106, "params": {"C": 0.03208823475450008, "epsilon": 7.539901826052264, "gamma": 0.47298959883367675, "lamda": 0.4046412677112215}, "datetime": {"datetime": "2021-06-21 11:51:06", "elapsed": 411.795875, "delta": 1.128376}}
{"target": -9.388562686462993, "params": {"C": 0.048419129201401054, "epsilon": 8.703980209147106, "gamma": 0.19254847517531254, "lamda": 0.14833713710167307}, "datetime": {"datetime": "2021-06-21 11:51:07", "elapsed": 412.929968, "delta": 1.134093}}
