{"target": -20.189358991252288, "params": {"C": 2.9885955198434777, "epsilon": 0.9875230105091848, "gamma": 8.740292523515633, "lamda": 1.621258466033637}, "datetime": {"datetime": "2021-06-16 15:10:43", "elapsed": 2881.081197, "delta": 2.559562}}
{"target": -18.532572295760826, "params": {"C": 9.743804659661635, "epsilon": 5.739476935526509, "gamma": 9.023689315030042, "lamda": 1.9929926538428393}, "datetime": {"datetime": "2021-06-16 15:10:47", "elapsed": 2884.616005, "delta": 3.534808}}
{"target": -20.50985614479545, "params": {"C": 7.469741471230463, "epsilon": 8.997742200372443, "gamma": 6.945506395408497, "lamda": 1.1936445396087134}, "datetime": {"datetime": "2021-06-16 15:10:50", "elapsed": 2887.837693, "delta": 3.221688}}
{"target": -19.221698037579305, "params": {"C": 3.9043885707835537, "epsilon": 1.0590761693854684, "gamma": 9.719268216976605, "lamda": 1.54036588102273}, "datetime": {"datetime": "2021-06-16 15:10:52", "elapsed": 2890.554738, "delta": 2.717045}}
{"target": -20.489953058117933, "params": {"C": 8.43647402622403, "epsilon": 6.039404757814652, "gamma": 6.776132047012121, "lamda": 1.8942758572294216}, "datetime": {"datetime": "2021-06-16 15:10:56", "elapsed": 2893.904694, "delta": 3.349956}}
{"target": -22.230542553379717, "params": {"C": 5.615820990006365, "epsilon": 1.5973825710767273, "gamma": 6.047966587343509, "lamda": 6.7375448956388}, "datetime": {"datetime": "2021-06-16 15:10:59", "elapsed": 2896.946766, "delta": 3.042072}}
{"target": -22.22880337631649, "params": {"C": 2.579321559270541, "epsilon": 5.224045166480428, "gamma": 7.451738658613746, "lamda": 0.24876941291231122}, "datetime": {"datetime": "2021-06-16 15:11:03", "elapsed": 2900.602612, "delta": 3.655846}}
{"target": -19.79331717704627, "params": {"C": 7.300007924565926, "epsilon": 9.072087340996791, "gamma": 7.219387743608502, "lamda": 1.381654962193395}, "datetime": {"datetime": "2021-06-16 15:11:06", "elapsed": 2904.489785, "delta": 3.887173}}
{"target": -19.942581612335296, "params": {"C": 8.349513677077056, "epsilon": 7.082001401842937, "gamma": 6.73433069677568, "lamda": 2.0354400456929542}, "datetime": {"datetime": "2021-06-16 15:11:10", "elapsed": 2907.654948, "delta": 3.165163}}
{"target": -20.23050795644526, "params": {"C": 3.0824559237388947, "epsilon": 0.9335160759116408, "gamma": 8.641844077528669, "lamda": 1.5981870005730898}, "datetime": {"datetime": "2021-06-16 15:11:14", "elapsed": 2912.024063, "delta": 4.369115}}
{"target": -96.6163582715165, "params": {"C": 5.628344543371189, "epsilon": 1.5611027660694479, "gamma": 1.2572782473925912, "lamda": 2.664204870060348}, "datetime": {"datetime": "2021-06-16 15:11:24", "elapsed": 2922.49284, "delta": 10.468777}}
{"target": -20.655071925563174, "params": {"C": 7.922535524244827, "epsilon": 8.85259262102179, "gamma": 7.057371272933896, "lamda": 1.1025089213769976}, "datetime": {"datetime": "2021-06-16 15:11:28", "elapsed": 2925.827941, "delta": 3.335101}}
{"target": -18.7870138588824, "params": {"C": 1.1034063335916027, "epsilon": 6.486318421295645, "gamma": 9.60425364118707, "lamda": 0.9386964329876814}, "datetime": {"datetime": "2021-06-16 15:11:32", "elapsed": 2929.984199, "delta": 4.156258}}
{"target": -20.37979978944031, "params": {"C": 2.819947142399775, "epsilon": 0.9249850146161287, "gamma": 8.588575175960402, "lamda": 1.720967510655163}, "datetime": {"datetime": "2021-06-16 15:11:36", "elapsed": 2933.696209, "delta": 3.71201}}
{"target": -20.22388317352227, "params": {"C": 2.9129658969653773, "epsilon": 0.9723872173124509, "gamma": 8.792835531692878, "lamda": 1.342383560888469}, "datetime": {"datetime": "2021-06-16 15:11:40", "elapsed": 2937.729274, "delta": 4.033065}}
{"target": -19.028518018879343, "params": {"C": 2.8105977539135756, "epsilon": 8.700890006491637, "gamma": 9.960683156163872, "lamda": 5.986186320632525}, "datetime": {"datetime": "2021-06-16 15:11:42", "elapsed": 2940.500161, "delta": 2.770887}}
{"target": -19.284498630165313, "params": {"C": 6.2297435757392225, "epsilon": 3.637712871503369, "gamma": 5.467407528882492, "lamda": 7.546792487873679}, "datetime": {"datetime": "2021-06-16 15:11:46", "elapsed": 2944.181644, "delta": 3.681483}}
{"target": -20.675738698940684, "params": {"C": 7.94187253835954, "epsilon": 8.954959268507839, "gamma": 7.091393709059082, "lamda": 1.0623107772062848}, "datetime": {"datetime": "2021-06-16 15:11:49", "elapsed": 2946.905099, "delta": 2.723455}}
{"target": -19.040236960254376, "params": {"C": 9.717555522343687, "epsilon": 5.72381984228575, "gamma": 8.582665849559458, "lamda": 1.6874666710077266}, "datetime": {"datetime": "2021-06-16 15:11:52", "elapsed": 2949.990871, "delta": 3.085772}}
{"target": -18.989154075666313, "params": {"C": 9.243278179610858, "epsilon": 5.830851898323451, "gamma": 8.770248874613321, "lamda": 1.5549001518522643}, "datetime": {"datetime": "2021-06-16 15:11:56", "elapsed": 2953.929401, "delta": 3.93853}}
{"target": -127.77301587402815, "params": {"C": 0.09442938017972806, "epsilon": 1.7030270161790737, "gamma": 7.844539002006482, "lamda": 7.983970547426488}, "datetime": {"datetime": "2021-06-16 15:12:12", "elapsed": 2970.321966, "delta": 16.392565}}
{"target": -102.45944634836725, "params": {"C": 8.09143991569006, "epsilon": 5.22324162273181, "gamma": 3.1233742683567933, "lamda": 5.622994885380672}, "datetime": {"datetime": "2021-06-16 15:12:23", "elapsed": 2981.079603, "delta": 10.757637}}
{"target": -159.62471728839301, "params": {"C": 9.141142686522116, "epsilon": 7.182184781795733, "gamma": 6.688521651924684, "lamda": 7.013218512246409}, "datetime": {"datetime": "2021-06-16 15:12:34", "elapsed": 2992.112191, "delta": 11.032588}}
{"target": -20.666372959280327, "params": {"C": 9.023584405380575, "epsilon": 5.603222574777088, "gamma": 6.270452685214793, "lamda": 2.4853104386629017}, "datetime": {"datetime": "2021-06-16 15:12:37", "elapsed": 2994.640099, "delta": 2.527908}}
{"target": -20.096434912678745, "params": {"C": 5.948448079548756, "epsilon": 3.7282320007470284, "gamma": 5.7003514888176525, "lamda": 7.526660406615942}, "datetime": {"datetime": "2021-06-16 15:12:40", "elapsed": 2997.586976, "delta": 2.946877}}
{"target": -20.187886841067616, "params": {"C": 2.8671780702170704, "epsilon": 1.0413851031157308, "gamma": 8.732728080223573, "lamda": 1.558039128837895}, "datetime": {"datetime": "2021-06-16 15:12:43", "elapsed": 3000.886466, "delta": 3.29949}}
{"target": -21.76673642668182, "params": {"C": 5.5962999188507725, "epsilon": 1.5846782329085567, "gamma": 5.917540131433931, "lamda": 6.705425120980788}, "datetime": {"datetime": "2021-06-16 15:12:47", "elapsed": 3005.432918, "delta": 4.546452}}
{"target": -20.783691793285353, "params": {"C": 9.551265201975053, "epsilon": 3.2621571255891917, "gamma": 8.122639359651835, "lamda": 0.9257387325957168}, "datetime": {"datetime": "2021-06-16 15:12:51", "elapsed": 3008.705703, "delta": 3.272785}}
{"target": -29.873999574929993, "params": {"C": 1.9743769483419635, "epsilon": 3.4842696312332615, "gamma": 5.186617183522418, "lamda": 0.9064771936958824}, "datetime": {"datetime": "2021-06-16 15:12:55", "elapsed": 3013.030832, "delta": 4.325129}}
{"target": -20.224079457620068, "params": {"C": 5.9687374107167095, "epsilon": 3.4612518182921255, "gamma": 5.714654920531444, "lamda": 7.50928405032896}, "datetime": {"datetime": "2021-06-16 15:12:59", "elapsed": 3017.285809, "delta": 4.254977}}
{"target": -21.855088286901395, "params": {"C": 8.056359747275197, "epsilon": 2.1420736640749305, "gamma": 7.163075625552716, "lamda": 1.579689201573743}, "datetime": {"datetime": "2021-06-16 15:13:02", "elapsed": 3020.48907, "delta": 3.203261}}
{"target": -20.784762124539462, "params": {"C": 9.861721829527125, "epsilon": 3.4738488478644185, "gamma": 8.078544833678817, "lamda": 0.9534923526275092}, "datetime": {"datetime": "2021-06-16 15:13:06", "elapsed": 3023.573267, "delta": 3.084197}}
{"target": -20.781180062605628, "params": {"C": 3.73686958900176, "epsilon": 7.648198072311655, "gamma": 9.513986686776795, "lamda": 7.006739623018338}, "datetime": {"datetime": "2021-06-16 15:13:08", "elapsed": 3026.005097, "delta": 2.43183}}
{"target": -18.933889643698052, "params": {"C": 9.083399203485692, "epsilon": 5.896410973697609, "gamma": 9.026767489945012, "lamda": 1.4465461387910499}, "datetime": {"datetime": "2021-06-16 15:13:12", "elapsed": 3030.069984, "delta": 4.064887}}
{"target": -19.943408677981363, "params": {"C": 7.6938042680770815, "epsilon": 9.083112136837357, "gamma": 6.999176697363791, "lamda": 1.4390759531930626}, "datetime": {"datetime": "2021-06-16 15:13:15", "elapsed": 3033.420148, "delta": 3.350164}}
{"target": -115.98670714239819, "params": {"C": 3.0776024266474327, "epsilon": 7.386027262051514, "gamma": 6.546234896321547, "lamda": 4.60293190622272}, "datetime": {"datetime": "2021-06-16 15:13:26", "elapsed": 3044.537919, "delta": 11.117771}}
{"target": -21.817891572007962, "params": {"C": 7.5608564548929476, "epsilon": 8.92464991821783, "gamma": 6.521204137889474, "lamda": 0.9923346371025378}, "datetime": {"datetime": "2021-06-16 15:13:29", "elapsed": 3047.275591, "delta": 2.737672}}
{"target": -20.106168765173123, "params": {"C": 8.318704526796385, "epsilon": 6.659682405799851, "gamma": 6.727370565121887, "lamda": 2.0326903599379587}, "datetime": {"datetime": "2021-06-16 15:13:33", "elapsed": 3051.106487, "delta": 3.830896}}
{"target": -19.059900633280296, "params": {"C": 9.353868843184935, "epsilon": 5.597198460374416, "gamma": 8.892441622751795, "lamda": 1.3748096465477282}, "datetime": {"datetime": "2021-06-16 15:13:39", "elapsed": 3056.719635, "delta": 5.613148}}
{"target": -22.23511575646264, "params": {"C": 6.124811074991506, "epsilon": 2.0149840312205067, "gamma": 7.260498861952691, "lamda": 1.1503917906523295}, "datetime": {"datetime": "2021-06-16 15:13:44", "elapsed": 3062.312112, "delta": 5.592477}}
{"target": -20.252149514323968, "params": {"C": 8.366220873351342, "epsilon": 7.063162341550609, "gamma": 6.678580214688129, "lamda": 1.8523849731420319}, "datetime": {"datetime": "2021-06-16 15:13:47", "elapsed": 3065.423219, "delta": 3.111107}}
{"target": -18.725804763515903, "params": {"C": 9.473573945304947, "epsilon": 5.937262171511318, "gamma": 9.122864703731166, "lamda": 1.396236500897824}, "datetime": {"datetime": "2021-06-16 15:13:52", "elapsed": 3069.941639, "delta": 4.51842}}
{"target": -18.426162968652076, "params": {"C": 5.816359577188952, "epsilon": 9.47866167189999, "gamma": 9.298594081203735, "lamda": 1.0829099903235138}, "datetime": {"datetime": "2021-06-16 15:13:54", "elapsed": 3072.510473, "delta": 2.568834}}
{"target": -20.531929003423294, "params": {"C": 9.79448035269701, "epsilon": 3.7745901458828586, "gamma": 8.412751741471002, "lamda": 0.5964736087448032}, "datetime": {"datetime": "2021-06-16 15:13:59", "elapsed": 3077.523014, "delta": 5.012541}}
{"target": -108.76006954878474, "params": {"C": 6.278901124546469, "epsilon": 3.971497052011868, "gamma": 7.135063688788805, "lamda": 8.70069010924226}, "datetime": {"datetime": "2021-06-16 15:14:11", "elapsed": 3088.64827, "delta": 11.125256}}
{"target": -28.048113275389376, "params": {"C": 2.1170149685390727, "epsilon": 3.833877751637765, "gamma": 5.52232491176845, "lamda": 0.5407297056090775}, "datetime": {"datetime": "2021-06-16 15:14:13", "elapsed": 3091.293561, "delta": 2.645291}}
{"target": -26.844283005903417, "params": {"C": 1.7400370364237223, "epsilon": 4.220719421315203, "gamma": 5.399106537184624, "lamda": 0.6810018622976821}, "datetime": {"datetime": "2021-06-16 15:14:17", "elapsed": 3094.801869, "delta": 3.508308}}
{"target": -103.01062581288505, "params": {"C": 6.185625284178927, "epsilon": 1.3553709530449376, "gamma": 4.637017333882968, "lamda": 8.612456548855281}, "datetime": {"datetime": "2021-06-16 15:14:28", "elapsed": 3106.007668, "delta": 11.205799}}
{"target": -19.53432698093336, "params": {"C": 7.822152348248724, "epsilon": 9.14703111170334, "gamma": 7.249072771802973, "lamda": 1.495953178448937}, "datetime": {"datetime": "2021-06-16 15:14:32", "elapsed": 3109.615685, "delta": 3.608017}}
{"target": -20.760616658375866, "params": {"C": 9.75658269990364, "epsilon": 3.593375265848057, "gamma": 8.118483530371135, "lamda": 0.8845923432794904}, "datetime": {"datetime": "2021-06-16 15:14:36", "elapsed": 3114.508426, "delta": 4.892741}}
{"target": -19.948670046295096, "params": {"C": 3.290037625157022, "epsilon": 0.6796620686975903, "gamma": 8.969232615310727, "lamda": 1.4586515271068297}, "datetime": {"datetime": "2021-06-16 15:14:40", "elapsed": 3118.050828, "delta": 3.542402}}
{"target": -21.81517392712821, "params": {"C": 2.2154400239073317, "epsilon": 5.428659223164547, "gamma": 7.969383573026886, "lamda": 0.11127428512470117}, "datetime": {"datetime": "2021-06-16 15:14:45", "elapsed": 3122.98525, "delta": 4.934422}}
{"target": -119.13779919052132, "params": {"C": 3.702520795155866, "epsilon": 5.721330082334266, "gamma": 0.9548519831881127, "lamda": 9.227541952544996}, "datetime": {"datetime": "2021-06-16 15:14:56", "elapsed": 3134.334106, "delta": 11.348856}}
{"target": -21.73309321997891, "params": {"C": 6.124633822822787, "epsilon": 2.1782341063228072, "gamma": 7.529641985519674, "lamda": 0.6621886603160608}, "datetime": {"datetime": "2021-06-16 15:15:01", "elapsed": 3139.503579, "delta": 5.169473}}
{"target": -18.627451157468457, "params": {"C": 9.86263029953755, "epsilon": 5.605036241291507, "gamma": 8.78835898346051, "lamda": 2.0456868267975357}, "datetime": {"datetime": "2021-06-16 15:15:07", "elapsed": 3144.630932, "delta": 5.127353}}
{"target": -101.42944552643583, "params": {"C": 2.5342896480550476, "epsilon": 8.396408978741155, "gamma": 8.938655402207937, "lamda": 5.5672703346459675}, "datetime": {"datetime": "2021-06-16 15:15:18", "elapsed": 3156.038706, "delta": 11.407774}}
{"target": -21.21287526651993, "params": {"C": 2.2071124480404753, "epsilon": 5.059601541696015, "gamma": 7.881037245818491, "lamda": 0.05561225614602158}, "datetime": {"datetime": "2021-06-16 15:15:21", "elapsed": 3158.86647, "delta": 2.827764}}
{"target": -19.198323376502323, "params": {"C": 9.280054103806373, "epsilon": 5.814409842747535, "gamma": 8.497946282086446, "lamda": 1.5651160751608761}, "datetime": {"datetime": "2021-06-16 15:15:24", "elapsed": 3162.545682, "delta": 3.679212}}
{"target": -21.5523185935765, "params": {"C": 2.1929297199809907, "epsilon": 5.0730668894821305, "gamma": 7.860437986569021, "lamda": 0.07153331418701117}, "datetime": {"datetime": "2021-06-16 15:15:28", "elapsed": 3166.333312, "delta": 3.78763}}
{"target": -21.474118041340926, "params": {"C": 6.077486909173419, "epsilon": 2.1101996961762106, "gamma": 7.485623751793287, "lamda": 1.1802420013586605}, "datetime": {"datetime": "2021-06-16 15:15:32", "elapsed": 3169.712937, "delta": 3.379625}}
{"target": -20.45635386360302, "params": {"C": 7.550842055208449, "epsilon": 9.290076762650443, "gamma": 7.149475920188791, "lamda": 1.096472944803098}, "datetime": {"datetime": "2021-06-16 15:15:36", "elapsed": 3174.546639, "delta": 4.833702}}
{"target": -20.375247603333193, "params": {"C": 8.298833625017503, "epsilon": 7.161890064660389, "gamma": 6.5092070727381035, "lamda": 2.0085822979406727}, "datetime": {"datetime": "2021-06-16 15:15:41", "elapsed": 3178.866331, "delta": 4.319692}}
{"target": -104.13179369181715, "params": {"C": 3.9134200584822323, "epsilon": 5.068003709639908, "gamma": 5.714312066237607, "lamda": 5.441401116563927}, "datetime": {"datetime": "2021-06-16 15:15:53", "elapsed": 3191.316683, "delta": 12.450352}}
{"target": -21.733423224677384, "params": {"C": 5.707842789384464, "epsilon": 1.5265967164443892, "gamma": 5.915576410817464, "lamda": 7.0897537914545214}, "datetime": {"datetime": "2021-06-16 15:15:57", "elapsed": 3195.277113, "delta": 3.96043}}
{"target": -20.443579831526016, "params": {"C": 7.7155366525594875, "epsilon": 8.871758552726526, "gamma": 7.111077109235239, "lamda": 1.1716433481222055}, "datetime": {"datetime": "2021-06-16 15:16:04", "elapsed": 3201.798789, "delta": 6.521676}}
{"target": -20.269404399559207, "params": {"C": 9.638836343208817, "epsilon": 3.597234712238119, "gamma": 8.53916601973568, "lamda": 0.7578190183205762}, "datetime": {"datetime": "2021-06-16 15:16:08", "elapsed": 3206.362642, "delta": 4.563853}}
{"target": -21.723737441812986, "params": {"C": 6.230588482720381, "epsilon": 1.925858212179957, "gamma": 7.516650094685237, "lamda": 0.7655280479099966}, "datetime": {"datetime": "2021-06-16 15:16:13", "elapsed": 3210.661547, "delta": 4.298905}}
{"target": -18.52651196423324, "params": {"C": 5.8397882039270925, "epsilon": 9.482950259642308, "gamma": 9.33898449303328, "lamda": 1.0170948564248636}, "datetime": {"datetime": "2021-06-16 15:16:16", "elapsed": 3213.713715, "delta": 3.052168}}
{"target": -18.906426949073175, "params": {"C": 9.210505841113283, "epsilon": 5.51087372691742, "gamma": 9.097398955224907, "lamda": 1.3376148008188475}, "datetime": {"datetime": "2021-06-16 15:16:21", "elapsed": 3219.553878, "delta": 5.840163}}
{"target": -18.356448848610306, "params": {"C": 3.666988254747674, "epsilon": 6.14868740059548, "gamma": 8.959718331901595, "lamda": 1.9278622517629518}, "datetime": {"datetime": "2021-06-16 15:16:24", "elapsed": 3222.161566, "delta": 2.607688}}
{"target": -20.12840501904119, "params": {"C": 3.0912228573389005, "epsilon": 1.0551079770162657, "gamma": 8.831724669754475, "lamda": 1.6502710961314464}, "datetime": {"datetime": "2021-06-16 15:16:30", "elapsed": 3227.975808, "delta": 5.814242}}
{"target": -120.96081243402801, "params": {"C": 7.046393435472962, "epsilon": 6.64315178389863, "gamma": 4.217297912444597, "lamda": 8.987615387580282}, "datetime": {"datetime": "2021-06-16 15:16:41", "elapsed": 3239.292362, "delta": 11.316554}}
{"target": -101.38946084057511, "params": {"C": 9.668074501074978, "epsilon": 0.755646840195833, "gamma": 6.87169323876849, "lamda": 9.817749108044685}, "datetime": {"datetime": "2021-06-16 15:16:52", "elapsed": 3250.51887, "delta": 11.226508}}
{"target": -22.010995248793055, "params": {"C": 6.145645462722117, "epsilon": 2.163783036846612, "gamma": 7.426896919000025, "lamda": 0.8393399014009186}, "datetime": {"datetime": "2021-06-16 15:16:56", "elapsed": 3254.524945, "delta": 4.006075}}
{"target": -21.299855827302633, "params": {"C": 9.993126362543647, "epsilon": 3.1550198279311505, "gamma": 8.041615588794876, "lamda": 0.5066048225542827}, "datetime": {"datetime": "2021-06-16 15:17:03", "elapsed": 3260.664787, "delta": 6.139842}}
{"target": -107.94762127733826, "params": {"C": 9.674886122451506, "epsilon": 5.917749989138963, "gamma": 8.939179462262205, "lamda": 2.0760347146135016}, "datetime": {"datetime": "2021-06-16 15:17:17", "elapsed": 3275.433764, "delta": 14.768977}}
{"target": -108.7788820784096, "params": {"C": 7.86895941578346, "epsilon": 5.1410162500899075, "gamma": 8.292694369334402, "lamda": 4.1955284605062}, "datetime": {"datetime": "2021-06-16 15:17:29", "elapsed": 3286.715194, "delta": 11.28143}}
{"target": -20.65926417450097, "params": {"C": 7.693854708890834, "epsilon": 9.24835055213958, "gamma": 7.12026467372276, "lamda": 1.0232086631950559}, "datetime": {"datetime": "2021-06-16 15:17:33", "elapsed": 3291.145313, "delta": 4.430119}}
{"target": -100.24613031873638, "params": {"C": 3.2308162143129935, "epsilon": 2.5576722516552537, "gamma": 3.902869613646249, "lamda": 2.1217215692713114}, "datetime": {"datetime": "2021-06-16 15:17:44", "elapsed": 3302.396223, "delta": 11.25091}}
{"target": -19.745696036980547, "params": {"C": 4.287582262443164, "epsilon": 2.6365691859703344, "gamma": 9.427538293450636, "lamda": 0.04766474998628395}, "datetime": {"datetime": "2021-06-16 15:17:50", "elapsed": 3307.569601, "delta": 5.173378}}
{"target": -105.72919121863045, "params": {"C": 9.276239722269912, "epsilon": 0.4353533873070571, "gamma": 6.260664405373024, "lamda": 7.72911397796992}, "datetime": {"datetime": "2021-06-16 15:18:01", "elapsed": 3318.918686, "delta": 11.349085}}
{"target": -19.89736057352158, "params": {"C": 7.597678521767446, "epsilon": 9.20810361949673, "gamma": 6.976376738423685, "lamda": 1.4607474001916856}, "datetime": {"datetime": "2021-06-16 15:18:04", "elapsed": 3322.513574, "delta": 3.594888}}
{"target": -48.04214561645129, "params": {"C": 5.206005094119694, "epsilon": 1.3271369229922576, "gamma": 3.76113475932122, "lamda": 0.13787807588490508}, "datetime": {"datetime": "2021-06-16 15:18:10", "elapsed": 3327.724949, "delta": 5.211375}}
{"target": -20.808037274720917, "params": {"C": 2.9484637560468085, "epsilon": 5.667212835188674, "gamma": 6.294269655316702, "lamda": 2.4973331320590515}, "datetime": {"datetime": "2021-06-16 15:18:12", "elapsed": 3330.361024, "delta": 2.636075}}
{"target": -21.757516313866034, "params": {"C": 2.260606395767588, "epsilon": 5.2217678045853075, "gamma": 7.8973147249048825, "lamda": 0.18414682033112692}, "datetime": {"datetime": "2021-06-16 15:18:17", "elapsed": 3335.083162, "delta": 4.722138}}
{"target": -19.10017559579274, "params": {"C": 9.128460487586638, "epsilon": 5.902842205407543, "gamma": 8.37153629601897, "lamda": 1.8529394689379586}, "datetime": {"datetime": "2021-06-16 15:18:22", "elapsed": 3340.302071, "delta": 5.218909}}
{"target": -20.12640138552214, "params": {"C": 7.600755697747022, "epsilon": 8.850387252805234, "gamma": 7.144240842161952, "lamda": 1.3173633852463666}, "datetime": {"datetime": "2021-06-16 15:18:29", "elapsed": 3347.347607, "delta": 7.045536}}
{"target": -21.958416279563153, "params": {"C": 0.3222020622243337, "epsilon": 9.950744109538672, "gamma": 7.841604677693603, "lamda": 0.26734013362388}, "datetime": {"datetime": "2021-06-16 15:18:33", "elapsed": 3351.027665, "delta": 3.680058}}
{"target": -19.293736590821418, "params": {"C": 6.237040751738863, "epsilon": 3.7255327285228703, "gamma": 5.429032370453536, "lamda": 7.519928831128534}, "datetime": {"datetime": "2021-06-16 15:18:36", "elapsed": 3354.361425, "delta": 3.33376}}
