{"target": -9.137685256846963, "params": {"C": 0.02829076060525223, "epsilon": 6.66114579555324, "gamma": 0.49771942008653236, "lamda": 0.09166848562064266}, "datetime": {"datetime": "2021-06-21 11:45:43", "elapsed": 88.678855, "delta": 0.682543}}
{"target": -9.21408490006235, "params": {"C": 0.08714202984245087, "epsilon": 8.00824078357601, "gamma": 0.3596658220768906, "lamda": 0.5992110632021668}, "datetime": {"datetime": "2021-06-21 11:45:44", "elapsed": 89.885476, "delta": 1.206621}}
{"target": -9.443459414732711, "params": {"C": 0.07305376063363142, "epsilon": 6.726864505350198, "gamma": 0.5381007646285568, "lamda": 0.516982594831424}, "datetime": {"datetime": "2021-06-21 11:45:45", "elapsed": 90.87289, "delta": 0.987414}}
{"target": -9.205686727287517, "params": {"C": 0.07947303093923674, "epsilon": 7.558430011122511, "gamma": 0.39232577530876733, "lamda": 0.5696136497872745}, "datetime": {"datetime": "2021-06-21 11:45:46", "elapsed": 92.031066, "delta": 1.158176}}
{"target": -9.351122453534067, "params": {"C": 0.1, "epsilon": 7.474090710054699, "gamma": 0.3926926130717203, "lamda": 0.5431481289121288}, "datetime": {"datetime": "2021-06-21 11:45:48", "elapsed": 93.485389, "delta": 1.454323}}
{"target": -9.428931324321105, "params": {"C": 0.009092982948981202, "epsilon": 9.6734476159334, "gamma": 0.4236061253044112, "lamda": 0.16106018566172003}, "datetime": {"datetime": "2021-06-21 11:45:49", "elapsed": 94.939989, "delta": 1.4546}}
{"target": -9.037883838759871, "params": {"C": 0.02460122455847213, "epsilon": 9.74253773747202, "gamma": 0.7791873124241148, "lamda": 0.3814189247701279}, "datetime": {"datetime": "2021-06-21 11:45:50", "elapsed": 95.64354, "delta": 0.703551}}
{"target": -9.115303446963036, "params": {"C": 0.05468198284685818, "epsilon": 7.948389157018956, "gamma": 0.4486013803579372, "lamda": 0.13523372354230118}, "datetime": {"datetime": "2021-06-21 11:45:51", "elapsed": 96.341006, "delta": 0.697466}}
{"target": -9.163087884452208, "params": {"C": 0.030773189951875855, "epsilon": 9.720208498995508, "gamma": 0.28967606865292694, "lamda": 0.24278400224273303}, "datetime": {"datetime": "2021-06-21 11:45:52", "elapsed": 97.820211, "delta": 1.479205}}
{"target": -9.830274043262701, "params": {"C": 0.006235110155649837, "epsilon": 9.744024538083153, "gamma": 0.3788039395979561, "lamda": 0.2618347515935884}, "datetime": {"datetime": "2021-06-21 11:45:54", "elapsed": 99.899224, "delta": 2.079013}}
{"target": -9.002972144242538, "params": {"C": 0.04994141569757157, "epsilon": 9.696327827981467, "gamma": 0.2933022973741864, "lamda": 0.15251662616642975}, "datetime": {"datetime": "2021-06-21 11:45:56", "elapsed": 101.205678, "delta": 1.306454}}
{"target": -10.557973977128274, "params": {"C": 0.003940423941484111, "epsilon": 9.63263327624485, "gamma": 0.2613583362046579, "lamda": 0.22700644001690365}, "datetime": {"datetime": "2021-06-21 11:45:58", "elapsed": 104.021852, "delta": 2.816174}}
{"target": -9.171039144946713, "params": {"C": 0.09660889267618024, "epsilon": 9.75588561795369, "gamma": 0.252777687954688, "lamda": 0.17420350506201596}, "datetime": {"datetime": "2021-06-21 11:46:00", "elapsed": 105.673275, "delta": 1.651423}}
{"target": -9.223557244417742, "params": {"C": 0.08428849771540678, "epsilon": 9.764091770019796, "gamma": 0.3570832869850018, "lamda": 0.17328948746484232}, "datetime": {"datetime": "2021-06-21 11:46:02", "elapsed": 107.502504, "delta": 1.829229}}
{"target": -9.272351756576889, "params": {"C": 0.1, "epsilon": 9.670109493034738, "gamma": 0.3544107175988553, "lamda": 0.16256947082329545}, "datetime": {"datetime": "2021-06-21 11:46:04", "elapsed": 109.830117, "delta": 2.327613}}
{"target": -9.342041231010755, "params": {"C": 0.024627570222363563, "epsilon": 9.788677117746186, "gamma": 0.2596552046451862, "lamda": 0.16022291145774845}, "datetime": {"datetime": "2021-06-21 11:46:06", "elapsed": 112.118038, "delta": 2.287921}}
{"target": -9.05191964655815, "params": {"C": 0.02464068519084207, "epsilon": 6.1837763106948085, "gamma": 0.43570260801655214, "lamda": 0.09792950208865471}, "datetime": {"datetime": "2021-06-21 11:46:07", "elapsed": 112.888714, "delta": 0.770676}}
{"target": -9.093103515506701, "params": {"C": 0.040341137705433176, "epsilon": 6.1523948284818974, "gamma": 0.35073856044763185, "lamda": 0.16544048078307866}, "datetime": {"datetime": "2021-06-21 11:46:09", "elapsed": 115.107794, "delta": 2.21908}}
{"target": -9.171710463712616, "params": {"C": 0.025352843157899173, "epsilon": 5.614851973307102, "gamma": 0.6589530545369495, "lamda": 0.6009548764045329}, "datetime": {"datetime": "2021-06-21 11:46:10", "elapsed": 115.825447, "delta": 0.717653}}
{"target": -9.336276168047863, "params": {"C": 0.08866185706300136, "epsilon": 6.192342056517126, "gamma": 0.42662388468233003, "lamda": 0.16021775451054218}, "datetime": {"datetime": "2021-06-21 11:46:12", "elapsed": 118.034536, "delta": 2.209089}}
{"target": -9.275738118846103, "params": {"C": 0.05778568314337534, "epsilon": 6.122662972340648, "gamma": 0.3661367235965075, "lamda": 0.07880625383951734}, "datetime": {"datetime": "2021-06-21 11:46:15", "elapsed": 120.216601, "delta": 2.182065}}
{"target": -9.219852397565383, "params": {"C": 0.042520682985235154, "epsilon": 6.256315805572619, "gamma": 0.563963607905704, "lamda": 0.3986153746903375}, "datetime": {"datetime": "2021-06-21 11:46:15", "elapsed": 120.978559, "delta": 0.761958}}
{"target": -9.170171667448885, "params": {"C": 0.023093888904827477, "epsilon": 6.218194555478306, "gamma": 0.3587008884864531, "lamda": 0.07485147250908836}, "datetime": {"datetime": "2021-06-21 11:46:17", "elapsed": 122.829976, "delta": 1.851417}}
{"target": -9.361384596095599, "params": {"C": 0.09068439696079936, "epsilon": 6.185223734802522, "gamma": 0.28529818102914306, "lamda": 0.12102979437005155}, "datetime": {"datetime": "2021-06-21 11:46:19", "elapsed": 124.97032, "delta": 2.140344}}
{"target": -9.021560773482143, "params": {"C": 0.019040434048739268, "epsilon": 7.055188633736842, "gamma": 0.438219339392266, "lamda": 0.18605145936357567}, "datetime": {"datetime": "2021-06-21 11:46:20", "elapsed": 125.727828, "delta": 0.757508}}
{"target": -9.407099224304947, "params": {"C": 0.012987398106355304, "epsilon": 7.043046640649802, "gamma": 0.3927757276861933, "lamda": 0.09806977896875019}, "datetime": {"datetime": "2021-06-21 11:46:23", "elapsed": 128.231062, "delta": 2.503234}}
{"target": -9.843918043740855, "params": {"C": 0.010450326536963525, "epsilon": 5.027699936248107, "gamma": 0.3197191634721703, "lamda": 0.6454372100020271}, "datetime": {"datetime": "2021-06-21 11:46:23", "elapsed": 129.015827, "delta": 0.784765}}
{"target": -9.076676413288375, "params": {"C": 0.014107784180239311, "epsilon": 7.0840880574873255, "gamma": 0.5190820564111119, "lamda": 0.145133395048952}, "datetime": {"datetime": "2021-06-21 11:46:25", "elapsed": 131.06649, "delta": 2.050663}}
{"target": -9.657162547155057, "params": {"C": 0.007688299124492926, "epsilon": 7.160203869905824, "gamma": 0.4037176073973764, "lamda": 0.19009789143835107}, "datetime": {"datetime": "2021-06-21 11:46:27", "elapsed": 133.140783, "delta": 2.074293}}
{"target": -9.484489473381498, "params": {"C": 0.09455487310108573, "epsilon": 7.082686678481788, "gamma": 0.466345722837297, "lamda": 0.13267436275117936}, "datetime": {"datetime": "2021-06-21 11:46:30", "elapsed": 135.478105, "delta": 2.337322}}
{"target": -9.16603686063367, "params": {"C": 0.04619326494605896, "epsilon": 6.9964666848401, "gamma": 0.5243827162906055, "lamda": 0.19398251874939249}, "datetime": {"datetime": "2021-06-21 11:46:32", "elapsed": 137.431841, "delta": 1.953736}}
{"target": -9.143800801467382, "params": {"C": 0.015952477458665563, "epsilon": 6.9735866092797885, "gamma": 0.42500499587661167, "lamda": 0.24110903274672504}, "datetime": {"datetime": "2021-06-21 11:46:33", "elapsed": 139.100065, "delta": 1.668224}}
{"target": -9.340965996281449, "params": {"C": 0.008189018810949227, "epsilon": 5.742200337324704, "gamma": 0.756724620347751, "lamda": 0.4193421089899369}, "datetime": {"datetime": "2021-06-21 11:46:34", "elapsed": 139.802292, "delta": 0.702227}}
{"target": -9.646970394548918, "params": {"C": 0.006473334983620307, "epsilon": 6.960420396936526, "gamma": 0.45976063457174, "lamda": 0.1507970225710708}, "datetime": {"datetime": "2021-06-21 11:46:36", "elapsed": 141.660785, "delta": 1.858493}}
{"target": -12.117857901302546, "params": {"C": 0.001, "epsilon": 6.100849163119809, "gamma": 0.43396611947780706, "lamda": 0.15774870820634992}, "datetime": {"datetime": "2021-06-21 11:46:38", "elapsed": 143.579452, "delta": 1.918667}}
{"target": -9.088413856346179, "params": {"C": 0.02581681520745853, "epsilon": 8.63750502029188, "gamma": 0.6784900399125309, "lamda": 0.4384612280608717}, "datetime": {"datetime": "2021-06-21 11:46:39", "elapsed": 144.357095, "delta": 0.777643}}
{"target": -9.161491828845868, "params": {"C": 0.05028809299325613, "epsilon": 6.233451504291608, "gamma": 0.438647033523076, "lamda": 0.05712957352134736}, "datetime": {"datetime": "2021-06-21 11:46:41", "elapsed": 146.748957, "delta": 2.391862}}
{"target": -11.743825690377474, "params": {"C": 0.001, "epsilon": 7.058146925290012, "gamma": 0.5008776934274103, "lamda": 0.2524273224319653}, "datetime": {"datetime": "2021-06-21 11:46:43", "elapsed": 148.754884, "delta": 2.005927}}
{"target": -9.259249324360095, "params": {"C": 0.1, "epsilon": 9.712023546582442, "gamma": 0.319681565313471, "lamda": 0.233671562705435}, "datetime": {"datetime": "2021-06-21 11:46:45", "elapsed": 150.610174, "delta": 1.85529}}
{"target": -9.236175540932527, "params": {"C": 0.052488065794115045, "epsilon": 7.01901201477983, "gamma": 0.5581281801257185, "lamda": 0.10946577771604168}, "datetime": {"datetime": "2021-06-21 11:46:48", "elapsed": 153.514284, "delta": 2.90411}}
{"target": -9.035786069219395, "params": {"C": 0.031068484643368352, "epsilon": 6.242324915930723, "gamma": 0.3777206764207498, "lamda": 0.1623738476449053}, "datetime": {"datetime": "2021-06-21 11:46:50", "elapsed": 155.431559, "delta": 1.917275}}
{"target": -9.230974947718225, "params": {"C": 0.057322243901513546, "epsilon": 7.0286441746226025, "gamma": 0.3521062922236573, "lamda": 0.22253485121483516}, "datetime": {"datetime": "2021-06-21 11:46:52", "elapsed": 157.319001, "delta": 1.887442}}
{"target": -9.053570409543166, "params": {"C": 0.029142433357346786, "epsilon": 7.12514724572118, "gamma": 0.5657137657199055, "lamda": 0.06537504656041568}, "datetime": {"datetime": "2021-06-21 11:46:54", "elapsed": 159.155031, "delta": 1.83603}}
{"target": -9.44640215983556, "params": {"C": 0.1, "epsilon": 6.985847168262717, "gamma": 0.43152995098833924, "lamda": 0.19659752027418115}, "datetime": {"datetime": "2021-06-21 11:46:55", "elapsed": 161.060259, "delta": 1.905228}}
{"target": -9.126925225493885, "params": {"C": 0.054288758584007495, "epsilon": 6.209034997160614, "gamma": 0.31040568792678586, "lamda": 0.2221133558292264}, "datetime": {"datetime": "2021-06-21 11:46:58", "elapsed": 163.962135, "delta": 2.901876}}
{"target": -9.181640785224758, "params": {"C": 0.04043860245795414, "epsilon": 6.930101748284519, "gamma": 0.4019103438670737, "lamda": 0.5971691043557726}, "datetime": {"datetime": "2021-06-21 11:46:59", "elapsed": 164.803986, "delta": 0.841851}}
{"target": -9.242974726021274, "params": {"C": 0.08068276044409095, "epsilon": 6.2212673891965355, "gamma": 0.36320951060758055, "lamda": 0.18879171531918928}, "datetime": {"datetime": "2021-06-21 11:47:00", "elapsed": 165.635766, "delta": 0.83178}}
{"target": -9.027998696695928, "params": {"C": 0.01798243205853453, "epsilon": 8.655348412720858, "gamma": 0.6486803863347548, "lamda": 0.3711814024226307}, "datetime": {"datetime": "2021-06-21 11:47:01", "elapsed": 166.421882, "delta": 0.786116}}
{"target": -10.735982464600099, "params": {"C": 0.0020386189981564306, "epsilon": 7.1938184830402285, "gamma": 0.5219728991023977, "lamda": 0.09355040542218371}, "datetime": {"datetime": "2021-06-21 11:47:03", "elapsed": 168.626557, "delta": 2.204675}}
{"target": -13.463629140906871, "params": {"C": 0.001, "epsilon": 6.158280298886095, "gamma": 0.2625259690742954, "lamda": 0.16707567673853646}, "datetime": {"datetime": "2021-06-21 11:47:05", "elapsed": 170.99954, "delta": 2.372983}}
{"target": -9.316991505960317, "params": {"C": 0.07106503531519044, "epsilon": 7.084266300639665, "gamma": 0.49424401742646795, "lamda": 0.032818041282385794}, "datetime": {"datetime": "2021-06-21 11:47:07", "elapsed": 172.951752, "delta": 1.952212}}
{"target": -9.085460032328232, "params": {"C": 0.011308094645832937, "epsilon": 7.052156210145146, "gamma": 0.5957735749847365, "lamda": 0.023401399725308508}, "datetime": {"datetime": "2021-06-21 11:47:09", "elapsed": 174.938642, "delta": 1.98689}}
{"target": -9.013732490616263, "params": {"C": 0.046796408723901166, "epsilon": 8.496629370121271, "gamma": 0.30907425295968827, "lamda": 0.25912474409862596}, "datetime": {"datetime": "2021-06-21 11:47:10", "elapsed": 175.720945, "delta": 0.782303}}
{"target": -9.177346111776167, "params": {"C": 0.039310592768983584, "epsilon": 7.805603560239302, "gamma": 0.6335036598994559, "lamda": 0.2675482256810507}, "datetime": {"datetime": "2021-06-21 11:47:11", "elapsed": 176.523449, "delta": 0.802504}}
{"target": -9.173620431598305, "params": {"C": 0.041829446129175926, "epsilon": 5.471060226154629, "gamma": 0.4512725916253253, "lamda": 0.6507115823040722}, "datetime": {"datetime": "2021-06-21 11:47:12", "elapsed": 177.344227, "delta": 0.820778}}
{"target": -9.403808562011315, "params": {"C": 0.0538894156797455, "epsilon": 6.473243094260819, "gamma": 0.7881377528848171, "lamda": 0.02917344795380173}, "datetime": {"datetime": "2021-06-21 11:47:12", "elapsed": 178.118273, "delta": 0.774046}}
{"target": -11.542027821046135, "params": {"C": 0.001, "epsilon": 7.07637725315073, "gamma": 0.6124036349308576, "lamda": 0.10606215815532448}, "datetime": {"datetime": "2021-06-21 11:47:15", "elapsed": 180.671936, "delta": 2.553663}}
{"target": -9.208877425771501, "params": {"C": 0.04991808299270145, "epsilon": 7.0150227032716606, "gamma": 0.5376338103893283, "lamda": 0.022200953197745454}, "datetime": {"datetime": "2021-06-21 11:47:17", "elapsed": 182.639576, "delta": 1.96764}}
{"target": -9.1438051522903, "params": {"C": 0.034012732463111345, "epsilon": 6.557455094448219, "gamma": 0.3167740018934821, "lamda": 0.38874137749104415}, "datetime": {"datetime": "2021-06-21 11:47:18", "elapsed": 183.490771, "delta": 0.851195}}
{"target": -9.10185913872953, "params": {"C": 0.014998359138459538, "epsilon": 6.254702758831993, "gamma": 0.46780388404016837, "lamda": 0.12813554887760717}, "datetime": {"datetime": "2021-06-21 11:47:21", "elapsed": 186.370152, "delta": 2.879381}}
{"target": -11.279191770159217, "params": {"C": 0.0012916620671850863, "epsilon": 7.063016167409873, "gamma": 0.47648863623078774, "lamda": 0.038381365251779244}, "datetime": {"datetime": "2021-06-21 11:47:23", "elapsed": 188.375049, "delta": 2.004897}}
{"target": -9.06047711800225, "params": {"C": 0.01625458940973492, "epsilon": 8.61279444564101, "gamma": 0.6048472047056732, "lamda": 0.41835517948070744}, "datetime": {"datetime": "2021-06-21 11:47:24", "elapsed": 190.030828, "delta": 1.655779}}
{"target": -9.12575524195342, "params": {"C": 0.03193967954667958, "epsilon": 8.689565873645927, "gamma": 0.6157825066870088, "lamda": 0.43192100869670924}, "datetime": {"datetime": "2021-06-21 11:47:26", "elapsed": 192.100349, "delta": 2.069521}}
{"target": -9.217172521633719, "params": {"C": 0.055543818850947516, "epsilon": 8.080491426509631, "gamma": 0.36658695614890735, "lamda": 0.6639177039521214}, "datetime": {"datetime": "2021-06-21 11:47:27", "elapsed": 192.987551, "delta": 0.887202}}
{"target": -9.655153473998151, "params": {"C": 0.08767216188786504, "epsilon": 7.117345354707755, "gamma": 0.5679544717601439, "lamda": 0.02881513053107001}, "datetime": {"datetime": "2021-06-21 11:47:29", "elapsed": 194.807585, "delta": 1.820034}}
{"target": -9.141620965024535, "params": {"C": 0.06115134432797148, "epsilon": 8.279702129337961, "gamma": 0.4579493484537479, "lamda": 0.3250093825225455}, "datetime": {"datetime": "2021-06-21 11:47:30", "elapsed": 195.704114, "delta": 0.896529}}
{"target": -9.290317346080007, "params": {"C": 0.09290902370505012, "epsilon": 6.196485167786543, "gamma": 0.3708757587492409, "lamda": 0.1008536630508754}, "datetime": {"datetime": "2021-06-21 11:47:32", "elapsed": 198.062346, "delta": 2.358232}}
{"target": -9.482309755458406, "params": {"C": 0.09056418634251219, "epsilon": 8.633272175044125, "gamma": 0.6352543217839884, "lamda": 0.40101519050737894}, "datetime": {"datetime": "2021-06-21 11:47:34", "elapsed": 199.834496, "delta": 1.77215}}
{"target": -9.405567620782982, "params": {"C": 0.013784351433294127, "epsilon": 9.719026450641863, "gamma": 0.33702699411282266, "lamda": 0.1269684088168367}, "datetime": {"datetime": "2021-06-21 11:47:36", "elapsed": 201.808824, "delta": 1.974328}}
{"target": -9.192768696825084, "params": {"C": 0.046534086994133715, "epsilon": 6.952669018301558, "gamma": 0.6016949614936049, "lamda": 0.017714785957481178}, "datetime": {"datetime": "2021-06-21 11:47:38", "elapsed": 203.372848, "delta": 1.564024}}
{"target": -9.1647951012849, "params": {"C": 0.07206071916026706, "epsilon": 7.9361583833506275, "gamma": 0.37644155373744415, "lamda": 0.5129863582280517}, "datetime": {"datetime": "2021-06-21 11:47:39", "elapsed": 205.122917, "delta": 1.750069}}
{"target": -12.257432214091232, "params": {"C": 0.001, "epsilon": 6.295283858718573, "gamma": 0.3986788800111763, "lamda": 0.09842217685723112}, "datetime": {"datetime": "2021-06-21 11:47:41", "elapsed": 206.827832, "delta": 1.704915}}
{"target": -11.416625133946377, "params": {"C": 0.001, "epsilon": 8.710540455975144, "gamma": 0.689132595579376, "lamda": 0.4092045846899019}, "datetime": {"datetime": "2021-06-21 11:47:43", "elapsed": 208.816871, "delta": 1.989039}}
{"target": -9.303927755687113, "params": {"C": 0.1, "epsilon": 9.73298471141523, "gamma": 0.3020416404665944, "lamda": 0.11425777551491532}, "datetime": {"datetime": "2021-06-21 11:47:45", "elapsed": 210.487233, "delta": 1.670362}}
{"target": -9.341820338029736, "params": {"C": 0.05311979732189896, "epsilon": 8.360143165346177, "gamma": 0.6331056204499979, "lamda": 0.5621593190487052}, "datetime": {"datetime": "2021-06-21 11:47:46", "elapsed": 211.374135, "delta": 0.886902}}
{"target": -9.35030213591915, "params": {"C": 0.07387669768777759, "epsilon": 6.686835135147158, "gamma": 0.7261574329292068, "lamda": 0.5227936608899976}, "datetime": {"datetime": "2021-06-21 11:47:47", "elapsed": 212.323364, "delta": 0.949229}}
{"target": -9.149940584227412, "params": {"C": 0.03837775866866038, "epsilon": 8.65469051051548, "gamma": 0.5806294778534661, "lamda": 0.37032845976578166}, "datetime": {"datetime": "2021-06-21 11:47:49", "elapsed": 214.829282, "delta": 2.505918}}
{"target": -9.233362781173936, "params": {"C": 0.08399205490891397, "epsilon": 8.622150571841367, "gamma": 0.2867620156312295, "lamda": 0.6828524924677818}, "datetime": {"datetime": "2021-06-21 11:47:50", "elapsed": 215.687538, "delta": 0.858256}}
{"target": -9.081697841579176, "params": {"C": 0.04128980988666993, "epsilon": 6.213502869530573, "gamma": 0.49598867978158023, "lamda": 0.07054830962325287}, "datetime": {"datetime": "2021-06-21 11:47:52", "elapsed": 217.639742, "delta": 1.952204}}
{"target": -9.061616130818175, "params": {"C": 0.016996297820052794, "epsilon": 8.632793336138052, "gamma": 0.5996084479815931, "lamda": 0.4883363687069796}, "datetime": {"datetime": "2021-06-21 11:47:54", "elapsed": 220.057838, "delta": 2.418096}}
{"target": -9.326984901187906, "params": {"C": 0.07023606812856577, "epsilon": 6.237114602937194, "gamma": 0.507019550825908, "lamda": 0.141651053199369}, "datetime": {"datetime": "2021-06-21 11:47:57", "elapsed": 222.482604, "delta": 2.424766}}
{"target": -9.788617716992947, "params": {"C": 0.00428560766487701, "epsilon": 8.550957446510932, "gamma": 0.6444661890102614, "lamda": 0.4801241530708654}, "datetime": {"datetime": "2021-06-21 11:47:59", "elapsed": 224.231615, "delta": 1.749011}}
{"target": -9.244365136992217, "params": {"C": 0.06515132143374755, "epsilon": 8.271116845928477, "gamma": 0.341920626084122, "lamda": 0.6045634958813726}, "datetime": {"datetime": "2021-06-21 11:47:59", "elapsed": 225.14104, "delta": 0.909425}}
{"target": -9.03022356093237, "params": {"C": 0.014532619977927964, "epsilon": 8.594768505383765, "gamma": 0.6399988863058098, "lamda": 0.3346792692974371}, "datetime": {"datetime": "2021-06-21 11:48:01", "elapsed": 226.993999, "delta": 1.852959}}
{"target": -9.183614513180649, "params": {"C": 0.03336385363581468, "epsilon": 6.173115131929036, "gamma": 0.43857985016217227, "lamda": 0.018998899563668743}, "datetime": {"datetime": "2021-06-21 11:48:03", "elapsed": 228.702205, "delta": 1.708206}}
{"target": -10.163068917495988, "params": {"C": 0.0358207774805257, "epsilon": 6.764994612432519, "gamma": 0.12857054970462412, "lamda": 0.16238403740520335}, "datetime": {"datetime": "2021-06-21 11:48:04", "elapsed": 229.60261, "delta": 0.900405}}
{"target": -9.073176530902103, "params": {"C": 0.018097450208470426, "epsilon": 6.967831643527235, "gamma": 0.4339296589816828, "lamda": 0.2527924146660701}, "datetime": {"datetime": "2021-06-21 11:48:05", "elapsed": 230.464648, "delta": 0.862038}}
{"target": -9.333071767051294, "params": {"C": 0.012467085282994252, "epsilon": 8.196650483578495, "gamma": 0.4352663303152968, "lamda": 0.4868896617836594}, "datetime": {"datetime": "2021-06-21 11:48:07", "elapsed": 232.472516, "delta": 2.007868}}
{"target": -10.488132579143223, "params": {"C": 0.021105231174858612, "epsilon": 4.501836893059888, "gamma": 0.1456852576356093, "lamda": 0.4820527987989988}, "datetime": {"datetime": "2021-06-21 11:48:08", "elapsed": 233.304227, "delta": 0.831711}}
