{"target": -16.904194477563895, "params": {"C": 4.335023282205342, "epsilon": 4.294884160693403, "gamma": 1.1759139887993448, "lamda": 0.17187281554346123}, "datetime": {"datetime": "2021-06-17 11:23:00", "elapsed": 126.971653, "delta": 0.76499}}
{"target": -12.519026679470771, "params": {"C": 2.6775121617592568, "epsilon": 0.28083353213226736, "gamma": 0.33486246095763206, "lamda": 0.359924657544983}, "datetime": {"datetime": "2021-06-17 11:23:00", "elapsed": 127.788375, "delta": 0.816722}}
{"target": -45.85847315063935, "params": {"C": 8.471250689409034, "epsilon": 7.9320067042001545, "gamma": 1.7450189244480316, "lamda": 0.10492377662791684}, "datetime": {"datetime": "2021-06-17 11:23:01", "elapsed": 128.543917, "delta": 0.755542}}
{"target": -12.01706618620256, "params": {"C": 0.23954548950000298, "epsilon": 7.97970538680099, "gamma": 1.9384412274450054, "lamda": 0.3886563554178618}, "datetime": {"datetime": "2021-06-17 11:23:02", "elapsed": 129.276532, "delta": 0.732615}}
{"target": -15.0434282464573, "params": {"C": 1.1103586853540026, "epsilon": 4.872143754991572, "gamma": 1.815852298558333, "lamda": 0.1452081326093321}, "datetime": {"datetime": "2021-06-17 11:23:03", "elapsed": 130.033358, "delta": 0.756826}}
{"target": -16.105547652185397, "params": {"C": 4.411460950609824, "epsilon": 4.320024642761682, "gamma": 1.0945857901681195, "lamda": 0.16408445208511294}, "datetime": {"datetime": "2021-06-17 11:23:04", "elapsed": 130.851919, "delta": 0.818561}}
{"target": -9.317578722288324, "params": {"C": 0.1033498909589239, "epsilon": 5.50184593244987, "gamma": 0.33121896807532936, "lamda": 0.23847465512966465}, "datetime": {"datetime": "2021-06-17 11:23:04", "elapsed": 131.601897, "delta": 0.749978}}
{"target": -16.386717365322426, "params": {"C": 4.477948115102319, "epsilon": 4.273101254345052, "gamma": 1.04664123243282, "lamda": 0.07134926278589936}, "datetime": {"datetime": "2021-06-17 11:23:05", "elapsed": 132.414324, "delta": 0.812427}}
{"target": -16.02256693461527, "params": {"C": 4.423616929663303, "epsilon": 4.193489691392324, "gamma": 1.088202760185876, "lamda": 0.3771577122415806}, "datetime": {"datetime": "2021-06-17 11:23:06", "elapsed": 133.162656, "delta": 0.748332}}
{"target": -5014.841955257217, "params": {"C": 4.428270497934251, "epsilon": 4.174443962090543, "gamma": 1.0923455490909457, "lamda": 0.3742253521009284}, "datetime": {"datetime": "2021-06-17 11:23:15", "elapsed": 142.722138, "delta": 9.559482}}
{"target": -14.56219287575876, "params": {"C": 2.393340903700537, "epsilon": 4.470357854863922, "gamma": 1.1420074540686156, "lamda": 0.456473355406194}, "datetime": {"datetime": "2021-06-17 11:23:16", "elapsed": 143.706479, "delta": 0.984341}}
{"target": -12.11607663245569, "params": {"C": 0.2794698939123931, "epsilon": 8.069506498439504, "gamma": 1.9492881289634818, "lamda": 0.3514911114597697}, "datetime": {"datetime": "2021-06-17 11:23:17", "elapsed": 144.633064, "delta": 0.926585}}
{"target": -13.909449378750157, "params": {"C": 2.3955600510758814, "epsilon": 3.0621053328431627, "gamma": 0.9643545570756267, "lamda": 0.06521971279629335}, "datetime": {"datetime": "2021-06-17 11:23:18", "elapsed": 145.455195, "delta": 0.822131}}
{"target": -14.635178884299204, "params": {"C": 3.556440084275367, "epsilon": 1.061525225730952, "gamma": 0.7207501991275679, "lamda": 0.4595788478253095}, "datetime": {"datetime": "2021-06-17 11:23:19", "elapsed": 146.321447, "delta": 0.866252}}
{"target": -36.39518806758196, "params": {"C": 8.462294018961684, "epsilon": 7.942265875858745, "gamma": 1.7118962530051127, "lamda": 0.1518762044995697}, "datetime": {"datetime": "2021-06-17 11:23:20", "elapsed": 147.153906, "delta": 0.832459}}
{"target": -15.123697753673348, "params": {"C": 1.2895076460347785, "epsilon": 5.010304026738284, "gamma": 1.7275388966303453, "lamda": 0.2522255445127943}, "datetime": {"datetime": "2021-06-17 11:23:21", "elapsed": 147.956282, "delta": 0.802376}}
{"target": -5261.93897054115, "params": {"C": 6.438107947696466, "epsilon": 7.990726893547082, "gamma": 0.5851029072178848, "lamda": 0.21759578673885568}, "datetime": {"datetime": "2021-06-17 11:23:31", "elapsed": 157.9676, "delta": 10.011318}}
{"target": -9.653874118979767, "params": {"C": 0.1, "epsilon": 0.01, "gamma": 0.3, "lamda": 0.2}, "datetime": {"datetime": "2021-06-17 11:29:00", "elapsed": 0.0, "delta": 0.0}}
{"target": -192.03389283811077, "params": {"C": 4.176049826978714, "epsilon": 7.20352460992814, "gamma": 0.010227605886516325, "lamda": 0.15186395374328804}, "datetime": {"datetime": "2021-06-17 11:29:09", "elapsed": 9.538683, "delta": 9.538683}}
{"target": -11.491969272578359, "params": {"C": 1.4760913492629593, "epsilon": 0.9242936090932092, "gamma": 0.3806578206415651, "lamda": 0.1734348027944808}, "datetime": {"datetime": "2021-06-17 11:29:10", "elapsed": 10.140354, "delta": 0.601671}}
{"target": -14.50981226998079, "params": {"C": 3.9737070675643924, "epsilon": 5.388628523299567, "gamma": 0.8441970836625566, "lamda": 0.342924530697983}, "datetime": {"datetime": "2021-06-17 11:29:10", "elapsed": 10.726437, "delta": 0.586083}}
{"target": -986.2864765437129, "params": {"C": 2.052477974817859, "epsilon": 8.781296246473064, "gamma": 0.06450131046387306, "lamda": 0.3355632875790227}, "datetime": {"datetime": "2021-06-17 11:29:20", "elapsed": 20.318791, "delta": 9.592354}}
{"target": -12.68867661474062, "params": {"C": 4.178874975647599, "epsilon": 5.587339594629071, "gamma": 0.2893700078045152, "lamda": 0.09985264305335452}, "datetime": {"datetime": "2021-06-17 11:29:20", "elapsed": 20.8895, "delta": 0.570709}}
{"target": -10.252253633220883, "params": {"C": 0.6514783403973765, "epsilon": 0.3767084094830926, "gamma": 0.33233660385169483, "lamda": 0.18936746027364604}, "datetime": {"datetime": "2021-06-17 11:29:21", "elapsed": 21.850428, "delta": 0.960928}}
{"target": -14.44775711238966, "params": {"C": 4.121728474314081, "epsilon": 5.439467143313928, "gamma": 0.5468667667759567, "lamda": 0.20686350550002322}, "datetime": {"datetime": "2021-06-17 11:29:22", "elapsed": 22.854034, "delta": 1.003606}}
{"target": -10.1540740846577, "params": {"C": 0.2975130899095261, "epsilon": 0.1412393578491503, "gamma": 0.31158146216030086, "lamda": 0.19618925355020753}, "datetime": {"datetime": "2021-06-17 11:29:23", "elapsed": 23.813915, "delta": 0.959881}}
{"target": -10.50548200813462, "params": {"C": 1.1578465243432596, "epsilon": 0.7134988835637818, "gamma": 0.36205367311508746, "lamda": 0.1796181386102245}, "datetime": {"datetime": "2021-06-17 11:29:24", "elapsed": 24.84675, "delta": 1.032835}}
{"target": -9.565194434273508, "params": {"C": 0.14062790381433624, "epsilon": 0.05916900271914768, "gamma": 0.30108624646184, "lamda": 0.1992331105770304}, "datetime": {"datetime": "2021-06-17 11:29:25", "elapsed": 25.923984, "delta": 1.077234}}
{"target": -9.56641681796103, "params": {"C": 0.14408091082377625, "epsilon": 0.042554828576786205, "gamma": 0.3251547449240034, "lamda": 0.1974791512133512}, "datetime": {"datetime": "2021-06-17 11:29:26", "elapsed": 26.786536, "delta": 0.862552}}
{"target": -9.537386340047924, "params": {"C": 0.1319381131736867, "epsilon": 0.05208787860294507, "gamma": 0.31373253893376396, "lamda": 0.17190628438992261}, "datetime": {"datetime": "2021-06-17 11:29:27", "elapsed": 27.801938, "delta": 1.015402}}
{"target": -9.485863800658336, "params": {"C": 0.11140883947802856, "epsilon": 0.06780781899086488, "gamma": 0.32936358327476783, "lamda": 0.18786475640498412}, "datetime": {"datetime": "2021-06-17 11:29:28", "elapsed": 28.905188, "delta": 1.10325}}
{"target": -9.485931582647035, "params": {"C": 0.11270336209165309, "epsilon": 0.07136120843685197, "gamma": 0.3307892615986567, "lamda": 0.18699038824119796}, "datetime": {"datetime": "2021-06-17 11:29:29", "elapsed": 29.954135, "delta": 1.048947}}
{"target": -9.471455423598137, "params": {"C": 0.10991766000160134, "epsilon": 0.07400576926655342, "gamma": 0.3392578180137781, "lamda": 0.18434381798155164}, "datetime": {"datetime": "2021-06-17 11:29:31", "elapsed": 31.34624, "delta": 1.392105}}
{"target": -9.484600737236871, "params": {"C": 0.11695073621175485, "epsilon": 0.0798760527957023, "gamma": 0.34716932282610796, "lamda": 0.18368171276635642}, "datetime": {"datetime": "2021-06-17 11:29:32", "elapsed": 32.42183, "delta": 1.07559}}
{"target": -9.476314844642749, "params": {"C": 0.10073756834846037, "epsilon": 0.09816171409001911, "gamma": 0.33618057581048455, "lamda": 0.18430980397843788}, "datetime": {"datetime": "2021-06-17 11:29:33", "elapsed": 33.626948, "delta": 1.205118}}
{"target": -9.509124928838657, "params": {"C": 0.09181787070415684, "epsilon": 0.11170134091347511, "gamma": 0.33358247754336945, "lamda": 0.17050590624708417}, "datetime": {"datetime": "2021-06-17 11:29:34", "elapsed": 34.583442, "delta": 0.956494}}
{"target": -10.711548485030633, "params": {"C": 4.249372301122965, "epsilon": 5.406448422443312, "gamma": 0.13021163444551928, "lamda": 0.002199759939918969}, "datetime": {"datetime": "2021-06-17 11:29:36", "elapsed": 36.283284, "delta": 1.699842}}
{"target": -10.303157389168645, "params": {"C": 0.7632786820028798, "epsilon": 0.5313675054465024, "gamma": 0.3746790400297268, "lamda": 0.17540238089391755}, "datetime": {"datetime": "2021-06-17 11:29:37", "elapsed": 37.735436, "delta": 1.452152}}
{"target": -9.588762983442981, "params": {"C": 0.15161552463973132, "epsilon": 0.1114602646997929, "gamma": 0.3258396792867512, "lamda": 0.21642989464794066}, "datetime": {"datetime": "2021-06-17 11:29:38", "elapsed": 38.874528, "delta": 1.139092}}
{"target": -9.663629152027944, "params": {"C": 0.11778187784195662, "epsilon": 0.10795905153358158, "gamma": 0.2843674595645626, "lamda": 0.17167361966491193}, "datetime": {"datetime": "2021-06-17 11:29:40", "elapsed": 40.331064, "delta": 1.456536}}
{"target": -9.56439920606362, "params": {"C": 0.13283186920981013, "epsilon": 0.11404337075687765, "gamma": 0.37217631659524697, "lamda": 0.18737128461011324}, "datetime": {"datetime": "2021-06-17 11:29:41", "elapsed": 41.388888, "delta": 1.057824}}
{"target": -9.452145436558732, "params": {"C": 0.07787182976907848, "epsilon": 0.09040001157424145, "gamma": 0.3585001688628962, "lamda": 0.2049019122732719}, "datetime": {"datetime": "2021-06-17 11:29:42", "elapsed": 42.667515, "delta": 1.278627}}
{"target": -9.479786809528571, "params": {"C": 0.07981785816492253, "epsilon": 0.13057320410094622, "gamma": 0.35058450171443, "lamda": 0.2370190826913544}, "datetime": {"datetime": "2021-06-17 11:29:43", "elapsed": 43.610044, "delta": 0.942529}}
{"target": -9.569098507799595, "params": {"C": 0.14227681368335518, "epsilon": 0.06307260935321528, "gamma": 0.33610516102816834, "lamda": 0.1690065702197968}, "datetime": {"datetime": "2021-06-17 11:29:44", "elapsed": 44.904251, "delta": 1.294207}}
{"target": -9.484496939799483, "params": {"C": 0.07785661846161124, "epsilon": 0.0913352055283239, "gamma": 0.35250302443007764, "lamda": 0.2240254780315341}, "datetime": {"datetime": "2021-06-17 11:29:46", "elapsed": 46.394452, "delta": 1.490201}}
{"target": -10.352631217600807, "params": {"C": 0.8224676786010264, "epsilon": 0.486827955844582, "gamma": 0.3312916481835619, "lamda": 0.3687384858791318}, "datetime": {"datetime": "2021-06-17 11:29:47", "elapsed": 47.413139, "delta": 1.018687}}
{"target": -9.441720115208476, "params": {"C": 0.10304031496782047, "epsilon": 0.12344618825315737, "gamma": 0.3529745549673189, "lamda": 0.14104811242367618}, "datetime": {"datetime": "2021-06-17 11:29:48", "elapsed": 48.867774, "delta": 1.454635}}
{"target": -9.71431459796786, "params": {"C": 0.01, "epsilon": 0.15701019169085598, "gamma": 0.4771256239940519, "lamda": 0.001}, "datetime": {"datetime": "2021-06-17 11:29:49", "elapsed": 49.844142, "delta": 0.976368}}
{"target": -9.990413315241609, "params": {"C": 0.778089749319295, "epsilon": 0.5044337088958009, "gamma": 0.16575385224277844, "lamda": 0.23211722009075184}, "datetime": {"datetime": "2021-06-17 11:29:51", "elapsed": 51.163261, "delta": 1.319119}}
{"target": -9.519542816739946, "params": {"C": 0.128849701749351, "epsilon": 0.15335570461810175, "gamma": 0.33508299970804317, "lamda": 0.38190630304562817}, "datetime": {"datetime": "2021-06-17 11:29:52", "elapsed": 52.777183, "delta": 1.613922}}
{"target": -9.645271287620083, "params": {"C": 0.18405751039699939, "epsilon": 0.13300770100804143, "gamma": 0.2997645914690931, "lamda": 0.43446695735425234}, "datetime": {"datetime": "2021-06-17 11:29:54", "elapsed": 54.079267, "delta": 1.302084}}
{"target": -9.353756960904942, "params": {"C": 0.07661667370466968, "epsilon": 0.15000307208478483, "gamma": 0.39936871480197894, "lamda": 0.04271967960478975}, "datetime": {"datetime": "2021-06-17 11:29:55", "elapsed": 55.210999, "delta": 1.131732}}
{"target": -9.61653332803415, "params": {"C": 0.11820436798172447, "epsilon": 0.03998921064733378, "gamma": 0.4075183031745946, "lamda": 0.2494394508501143}, "datetime": {"datetime": "2021-06-17 11:29:56", "elapsed": 56.090959, "delta": 0.87996}}
{"target": -9.456638381287982, "params": {"C": 0.0994266951294878, "epsilon": 0.14275594324836943, "gamma": 0.3970825274652112, "lamda": 0.2940675331950028}, "datetime": {"datetime": "2021-06-17 11:29:57", "elapsed": 57.294556, "delta": 1.203597}}
{"target": -9.477302272621518, "params": {"C": 0.04807086766229668, "epsilon": 0.13243306770165228, "gamma": 0.3744244991252642, "lamda": 0.04064046695430683}, "datetime": {"datetime": "2021-06-17 11:29:58", "elapsed": 58.783498, "delta": 1.488942}}
{"target": -9.346984604351693, "params": {"C": 0.07648120710227424, "epsilon": 0.183252730209076, "gamma": 0.4081343629541137, "lamda": 0.48533247140727953}, "datetime": {"datetime": "2021-06-17 11:30:00", "elapsed": 60.039449, "delta": 1.255951}}
{"target": -9.728407993521225, "params": {"C": 0.14006139079422764, "epsilon": 0.22841292379367562, "gamma": 0.3915301124414866, "lamda": 0.08005545223823862}, "datetime": {"datetime": "2021-06-17 11:30:01", "elapsed": 61.182784, "delta": 1.143335}}
{"target": -9.339987025138399, "params": {"C": 0.06327632748166173, "epsilon": 0.1720269022378034, "gamma": 0.4433045935989741, "lamda": 0.5}, "datetime": {"datetime": "2021-06-17 11:30:02", "elapsed": 62.319318, "delta": 1.136534}}
{"target": -9.471933218643075, "params": {"C": 0.07142286596013642, "epsilon": 0.24140672861296483, "gamma": 0.47521143199048377, "lamda": 0.4999999981365788}, "datetime": {"datetime": "2021-06-17 11:30:03", "elapsed": 63.90028, "delta": 1.580962}}
{"target": -10.412878199742295, "params": {"C": 0.8820133094570377, "epsilon": 0.40382924733097403, "gamma": 0.1960135161807041, "lamda": 0.11950508425642778}, "datetime": {"datetime": "2021-06-17 11:30:04", "elapsed": 64.9205, "delta": 1.02022}}
{"target": -9.881910927740424, "params": {"C": 0.14804623062591846, "epsilon": 0.09781221765925102, "gamma": 0.4136555893602606, "lamda": 0.09979120512321098}, "datetime": {"datetime": "2021-06-17 11:30:06", "elapsed": 66.196974, "delta": 1.276474}}
{"target": -9.383809891218627, "params": {"C": 0.08821186298108599, "epsilon": 0.15628841642515884, "gamma": 0.3796050717533871, "lamda": 0.4471372857983778}, "datetime": {"datetime": "2021-06-17 11:30:07", "elapsed": 67.598921, "delta": 1.401947}}
{"target": -9.476591256968526, "params": {"C": 0.07584667206117501, "epsilon": 0.05565893289390244, "gamma": 0.45522279681596034, "lamda": 0.47127289393514976}, "datetime": {"datetime": "2021-06-17 11:30:08", "elapsed": 68.639624, "delta": 1.040703}}
{"target": -9.39115076139746, "params": {"C": 0.08950496174425437, "epsilon": 0.13711524019822072, "gamma": 0.37448905668250626, "lamda": 0.023670417672544602}, "datetime": {"datetime": "2021-06-17 11:30:10", "elapsed": 70.041745, "delta": 1.402121}}
{"target": -9.357943383075561, "params": {"C": 0.07186262075599757, "epsilon": 0.09727392980263172, "gamma": 0.3885301692785996, "lamda": 0.26821145662944407}, "datetime": {"datetime": "2021-06-17 11:30:11", "elapsed": 71.467415, "delta": 1.42567}}
{"target": -9.915217583407962, "params": {"C": 0.5472504852161619, "epsilon": 0.30470486378238726, "gamma": 0.17367167749216614, "lamda": 0.25081888284494}, "datetime": {"datetime": "2021-06-17 11:30:12", "elapsed": 72.816733, "delta": 1.349318}}
{"target": -10.326807890751247, "params": {"C": 0.6362525026750171, "epsilon": 0.45018959052074653, "gamma": 0.2337926442663864, "lamda": 0.26748144813368036}, "datetime": {"datetime": "2021-06-17 11:30:14", "elapsed": 74.24373, "delta": 1.426997}}
{"target": -9.77215386221532, "params": {"C": 0.01, "epsilon": 0.18792169593038496, "gamma": 0.45294089416907074, "lamda": 0.47733916502405427}, "datetime": {"datetime": "2021-06-17 11:30:15", "elapsed": 75.234236, "delta": 0.990506}}
{"target": -9.893272632835275, "params": {"C": 0.5420678813168331, "epsilon": 0.2203402098479336, "gamma": 0.12660564467089, "lamda": 0.07051394176748894}, "datetime": {"datetime": "2021-06-17 11:30:16", "elapsed": 76.6063, "delta": 1.372064}}
{"target": -9.640825828930225, "params": {"C": 0.12707771574085888, "epsilon": 0.09796647352086915, "gamma": 0.39568618007434264, "lamda": 0.4877950762777539}, "datetime": {"datetime": "2021-06-17 11:30:17", "elapsed": 77.925173, "delta": 1.318873}}
{"target": -9.904364692585112, "params": {"C": 0.15726487227669883, "epsilon": 0.25943987992560474, "gamma": 0.39993285139928336, "lamda": 0.5}, "datetime": {"datetime": "2021-06-17 11:30:19", "elapsed": 79.160137, "delta": 1.234964}}
{"target": -9.546233579902118, "params": {"C": 0.08546206148549435, "epsilon": 0.18048741873338547, "gamma": 0.4890170650657162, "lamda": 0.49839652734649853}, "datetime": {"datetime": "2021-06-17 11:30:20", "elapsed": 80.773543, "delta": 1.613406}}
{"target": -9.67760025220782, "params": {"C": 0.42572121703094157, "epsilon": 0.0947202745728754, "gamma": 0.08935759276558428, "lamda": 0.28960139455738204}, "datetime": {"datetime": "2021-06-17 11:30:22", "elapsed": 82.262996, "delta": 1.489453}}
{"target": -9.327156854094785, "params": {"C": 0.06715121334316969, "epsilon": 0.07209209632573425, "gamma": 0.42130068157297657, "lamda": 0.35079363790017415}, "datetime": {"datetime": "2021-06-17 11:30:23", "elapsed": 83.566767, "delta": 1.303771}}
{"target": -10.407644303138799, "params": {"C": 1.0566198284264177, "epsilon": 0.717734403642209, "gamma": 0.25114070268217653, "lamda": 0.3787570722077885}, "datetime": {"datetime": "2021-06-17 11:30:25", "elapsed": 85.431934, "delta": 1.865167}}
{"target": -9.83442295994845, "params": {"C": 0.431443418836003, "epsilon": 0.12991996274446752, "gamma": 0.14706235894096398, "lamda": 0.2090631630314238}, "datetime": {"datetime": "2021-06-17 11:30:26", "elapsed": 86.77695, "delta": 1.345016}}
{"target": -9.957301697086482, "params": {"C": 0.34100664283192156, "epsilon": 0.10887496620900954, "gamma": 0.07253811568560328, "lamda": 0.4541828111520858}, "datetime": {"datetime": "2021-06-17 11:30:28", "elapsed": 88.337431, "delta": 1.560481}}
{"target": -9.389564886746312, "params": {"C": 0.047172347112805754, "epsilon": 0.054994275171496486, "gamma": 0.42707088977404734, "lamda": 0.3841079994380666}, "datetime": {"datetime": "2021-06-17 11:30:29", "elapsed": 89.523585, "delta": 1.186154}}
{"target": -9.340201814096694, "params": {"C": 0.07027653277143399, "epsilon": 0.18432506198004353, "gamma": 0.4014832328426999, "lamda": 0.4999999972751672}, "datetime": {"datetime": "2021-06-17 11:30:31", "elapsed": 91.125535, "delta": 1.60195}}
{"target": -9.433272047062154, "params": {"C": 0.0985509777964879, "epsilon": 0.08188495189480355, "gamma": 0.3545204943086914, "lamda": 0.08713822384543417}, "datetime": {"datetime": "2021-06-17 11:30:32", "elapsed": 92.466045, "delta": 1.34051}}
{"target": -9.808813984130788, "params": {"C": 0.6432265618602987, "epsilon": 0.22693676518600633, "gamma": 0.06369820832732298, "lamda": 0.2515115806183946}, "datetime": {"datetime": "2021-06-17 11:30:34", "elapsed": 94.233114, "delta": 1.767069}}
{"target": -9.46833079666986, "params": {"C": 0.07463484479992567, "epsilon": 0.11834062325315904, "gamma": 0.3592426730386931, "lamda": 0.4633610779415633}, "datetime": {"datetime": "2021-06-17 11:30:35", "elapsed": 95.646545, "delta": 1.413431}}
{"target": -9.333370841242235, "params": {"C": 0.0672291016803198, "epsilon": 0.1101660099951395, "gamma": 0.402071960797827, "lamda": 0.36430227955080235}, "datetime": {"datetime": "2021-06-17 11:30:37", "elapsed": 97.079077, "delta": 1.432532}}
{"target": -9.33672357594515, "params": {"C": 0.06606979928320923, "epsilon": 0.12392158505687076, "gamma": 0.3987160545498426, "lamda": 0.2714597397282249}, "datetime": {"datetime": "2021-06-17 11:30:38", "elapsed": 98.607591, "delta": 1.528514}}
{"target": -9.487300644369315, "params": {"C": 0.04724365710242771, "epsilon": 0.08087431330758546, "gamma": 0.3857774690847887, "lamda": 0.26736260507050674}, "datetime": {"datetime": "2021-06-17 11:30:39", "elapsed": 99.85374, "delta": 1.246149}}
{"target": -9.704495034061747, "params": {"C": 0.352338413578863, "epsilon": 0.11706751791545857, "gamma": 0.1281130744066056, "lamda": 0.3122039090964517}, "datetime": {"datetime": "2021-06-17 11:30:41", "elapsed": 101.582476, "delta": 1.728736}}
{"target": -10.162224960389839, "params": {"C": 0.4757773564606812, "epsilon": 0.05790304725706205, "gamma": 0.05480322727782335, "lamda": 0.3385476701178381}, "datetime": {"datetime": "2021-06-17 11:30:43", "elapsed": 103.312938, "delta": 1.730462}}
{"target": -12.67803581090901, "params": {"C": 0.4600061156002552, "epsilon": 0.17066325514262343, "gamma": 0.01, "lamda": 0.25113841117159436}, "datetime": {"datetime": "2021-06-17 11:30:45", "elapsed": 105.108573, "delta": 1.795635}}
{"target": -10.013761912821781, "params": {"C": 0.6661039702635108, "epsilon": 0.2000236854409342, "gamma": 0.18680127327077153, "lamda": 0.19603441532356913}, "datetime": {"datetime": "2021-06-17 11:30:46", "elapsed": 106.047692, "delta": 0.939119}}
