{"target": -9.653874118979468, "params": {"C": 0.1, "epsilon": 0.01, "gamma": 0.3, "lamda": 0.2}, "datetime": {"datetime": "2021-06-17 11:20:53", "elapsed": 0.0, "delta": 0.0}}
{"target": -182.37405366586722, "params": {"C": 4.176049826978714, "epsilon": 7.20352460992814, "gamma": 0.010227605886516325, "lamda": 0.15186395374328804}, "datetime": {"datetime": "2021-06-17 11:21:03", "elapsed": 9.79966, "delta": 9.79966}}
{"target": -11.491969272428262, "params": {"C": 1.4760913492629593, "epsilon": 0.9242936090932092, "gamma": 0.3806578206415651, "lamda": 0.1734348027944808}, "datetime": {"datetime": "2021-06-17 11:21:03", "elapsed": 10.430662, "delta": 0.631002}}
{"target": -14.509812268808053, "params": {"C": 3.9737070675643924, "epsilon": 5.388628523299567, "gamma": 0.8441970836625566, "lamda": 0.342924530697983}, "datetime": {"datetime": "2021-06-17 11:21:04", "elapsed": 11.156514, "delta": 0.725852}}
{"target": -9.615455701476655, "params": {"C": 2.052477974817859, "epsilon": 8.781296246473064, "gamma": 0.06450131046387306, "lamda": 0.3355632875790227}, "datetime": {"datetime": "2021-06-17 11:21:05", "elapsed": 12.106759, "delta": 0.950245}}
{"target": -12.688676612799677, "params": {"C": 4.178874975647599, "epsilon": 5.587339594629071, "gamma": 0.2893700078045152, "lamda": 0.09985264305335452}, "datetime": {"datetime": "2021-06-17 11:21:05", "elapsed": 12.716022, "delta": 0.609263}}
{"target": -9.615392976535528, "params": {"C": 2.0273511502430415, "epsilon": 8.799898305078093, "gamma": 0.06510917310386632, "lamda": 0.3377323575235953}, "datetime": {"datetime": "2021-06-17 11:21:07", "elapsed": 13.800618, "delta": 1.084596}}
{"target": -16.125818716096948, "params": {"C": 4.431147601380069, "epsilon": 4.135293608632736, "gamma": 1.1001318421134847, "lamda": 0.37235658920604287}, "datetime": {"datetime": "2021-06-17 11:21:07", "elapsed": 14.441079, "delta": 0.640461}}
{"target": -9.456959906700472, "params": {"C": 2.022899689334698, "epsilon": 8.769131574509151, "gamma": 0.037894178539055176, "lamda": 0.33142742832058375}, "datetime": {"datetime": "2021-06-17 11:21:08", "elapsed": 15.397976, "delta": 0.956897}}
{"target": -11.977892453559567, "params": {"C": 0.2218506737897621, "epsilon": 8.079004515027584, "gamma": 1.9300625267953444, "lamda": 0.35133444059455415}, "datetime": {"datetime": "2021-06-17 11:21:09", "elapsed": 16.037548, "delta": 0.639572}}
{"target": -9.637206078488592, "params": {"C": 2.004266261563346, "epsilon": 8.74320242437932, "gamma": 0.0686621838008945, "lamda": 0.3294564936950377}, "datetime": {"datetime": "2021-06-17 11:21:10", "elapsed": 17.454906, "delta": 1.417358}}
{"target": -543.013253251484, "params": {"C": 2.021984667274077, "epsilon": 8.762703517448836, "gamma": 0.03103515433035817, "lamda": 0.37794061814361884}, "datetime": {"datetime": "2021-06-17 11:21:21", "elapsed": 28.439253, "delta": 10.984347}}
{"target": -16.796751478217516, "params": {"C": 4.4230537614227154, "epsilon": 4.218274244997951, "gamma": 1.1205769193570136, "lamda": 0.2617243413842181}, "datetime": {"datetime": "2021-06-17 11:21:22", "elapsed": 29.120882, "delta": 0.681629}}
{"target": -14.27222479843098, "params": {"C": 3.2555088563761294, "epsilon": 6.358178380441755, "gamma": 0.8070051676282264, "lamda": 0.37602584515738763}, "datetime": {"datetime": "2021-06-17 11:21:23", "elapsed": 29.839148, "delta": 0.718266}}
{"target": -14.727513028510147, "params": {"C": 4.028289913067364, "epsilon": 5.37970473680627, "gamma": 0.8866782399008909, "lamda": 0.3849862058875406}, "datetime": {"datetime": "2021-06-17 11:21:23", "elapsed": 30.594251, "delta": 0.755103}}
{"target": -14.37013735528513, "params": {"C": 3.3616447202547435, "epsilon": 6.371948447452261, "gamma": 0.7766483250622773, "lamda": 0.4399316761571178}, "datetime": {"datetime": "2021-06-17 11:21:24", "elapsed": 31.341059, "delta": 0.746808}}
{"target": -9.320051785670607, "params": {"C": 0.10454188506460377, "epsilon": 5.502492130343922, "gamma": 0.33235666985038004, "lamda": 0.2394218003870503}, "datetime": {"datetime": "2021-06-17 11:21:25", "elapsed": 32.075387, "delta": 0.734328}}
{"target": -16.06851568680014, "params": {"C": 4.529870176394372, "epsilon": 4.162349629606079, "gamma": 1.0830689996764398, "lamda": 0.3506364536906948}, "datetime": {"datetime": "2021-06-17 11:21:25", "elapsed": 32.722223, "delta": 0.646836}}
{"target": -14.287499153746094, "params": {"C": 2.3482301712686793, "epsilon": 4.470571554931596, "gamma": 1.104718328960379, "lamda": 0.4746421610255793}, "datetime": {"datetime": "2021-06-17 11:21:26", "elapsed": 33.355301, "delta": 0.633078}}
{"target": -9.311010260315642, "params": {"C": 1.9899589004517189, "epsilon": 8.715423817392129, "gamma": 0.050855817169792, "lamda": 0.2949374506115638}, "datetime": {"datetime": "2021-06-17 11:21:27", "elapsed": 34.208827, "delta": 0.853526}}
{"target": -12.63383491524787, "params": {"C": 2.63457488474326, "epsilon": 0.21931671926002438, "gamma": 0.3432649077933659, "lamda": 0.3211723572403178}, "datetime": {"datetime": "2021-06-17 11:21:28", "elapsed": 34.956763, "delta": 0.747936}}
{"target": -13.718061159749094, "params": {"C": 1.9688521846351243, "epsilon": 4.0042907628001885, "gamma": 1.0355035684497886, "lamda": 0.03597298360990527}, "datetime": {"datetime": "2021-06-17 11:21:28", "elapsed": 35.612104, "delta": 0.655341}}
{"target": -9.49717366640596, "params": {"C": 0.056797780657432115, "epsilon": 0.024690333484467416, "gamma": 0.32979381436661975, "lamda": 0.13980177777935543}, "datetime": {"datetime": "2021-06-17 11:21:29", "elapsed": 36.309369, "delta": 0.697265}}
{"target": -15.52956323066158, "params": {"C": 1.345792647676991, "epsilon": 5.078978237379104, "gamma": 1.7793156109925947, "lamda": 0.2840148824012133}, "datetime": {"datetime": "2021-06-17 11:21:30", "elapsed": 37.056802, "delta": 0.747433}}
{"target": -14.310162936622042, "params": {"C": 1.5248516861416355, "epsilon": 2.0434369449783087, "gamma": 1.3482265255817578, "lamda": 0.4375311185630884}, "datetime": {"datetime": "2021-06-17 11:21:30", "elapsed": 37.661736, "delta": 0.604934}}
{"target": -701.2609116856545, "params": {"C": 8.182239070626588, "epsilon": 1.6361035940574444, "gamma": 0.03991610282291764, "lamda": 0.08133336558842835}, "datetime": {"datetime": "2021-06-17 11:21:40", "elapsed": 47.415036, "delta": 9.7533}}
{"target": -16.19849625823704, "params": {"C": 4.436709672102758, "epsilon": 4.222404275742667, "gamma": 1.1042332446376124, "lamda": 0.14961108248465557}, "datetime": {"datetime": "2021-06-17 11:21:41", "elapsed": 48.069747, "delta": 0.654711}}
{"target": -14.226642013265275, "params": {"C": 1.4819791735731704, "epsilon": 2.053050825395464, "gamma": 1.366356072948465, "lamda": 0.4170888039822055}, "datetime": {"datetime": "2021-06-17 11:21:42", "elapsed": 48.813316, "delta": 0.743569}}
{"target": -4993.440849256525, "params": {"C": 7.01999380093547, "epsilon": 3.8429740724241253, "gamma": 0.5440470478964492, "lamda": 0.24510250597540467}, "datetime": {"datetime": "2021-06-17 11:21:51", "elapsed": 58.507632, "delta": 9.694316}}
{"target": -14.36099157594232, "params": {"C": 1.5033418527523978, "epsilon": 2.048260379909898, "gamma": 1.3573224078980604, "lamda": 0.4272748754493055}, "datetime": {"datetime": "2021-06-17 11:21:52", "elapsed": 59.229766, "delta": 0.722134}}
{"target": -41.45966377732566, "params": {"C": 8.511688913735947, "epsilon": 7.82977870441868, "gamma": 1.8053587828390367, "lamda": 0.047601528817056975}, "datetime": {"datetime": "2021-06-17 11:21:53", "elapsed": 59.87618, "delta": 0.646414}}
{"target": -14.820818287499291, "params": {"C": 4.032594860055309, "epsilon": 5.3849867296855765, "gamma": 0.9251070333151945, "lamda": 0.33976042660682787}, "datetime": {"datetime": "2021-06-17 11:21:53", "elapsed": 60.577092, "delta": 0.700912}}
{"target": -25.33071580819198, "params": {"C": 5.397252620423585, "epsilon": 3.921335319493964, "gamma": 1.875123308543922, "lamda": 0.21140459687916643}, "datetime": {"datetime": "2021-06-17 11:21:54", "elapsed": 61.231514, "delta": 0.654422}}
{"target": -5265.531934012094, "params": {"C": 4.890105298228302, "epsilon": 0.6428842123913582, "gamma": 0.665977100422278, "lamda": 0.3204502312083184}, "datetime": {"datetime": "2021-06-17 11:22:04", "elapsed": 71.591556, "delta": 10.360042}}
{"target": -9.587023904597551, "params": {"C": 0.01789254533288933, "epsilon": 0.05459650908221621, "gamma": 0.38356933341697386, "lamda": 0.20547188032444005}, "datetime": {"datetime": "2021-06-17 11:22:05", "elapsed": 72.303886, "delta": 0.71233}}
{"target": -21.115408096945046, "params": {"C": 6.5540825503801114, "epsilon": 2.178289230750392, "gamma": 1.4082837544981137, "lamda": 0.4535918427411538}, "datetime": {"datetime": "2021-06-17 11:22:06", "elapsed": 73.125931, "delta": 0.822045}}
{"target": -16.703832507305492, "params": {"C": 4.36158990935273, "epsilon": 4.314694055049275, "gamma": 1.145905921662843, "lamda": 0.26403902454597944}, "datetime": {"datetime": "2021-06-17 11:22:07", "elapsed": 73.893594, "delta": 0.767663}}
{"target": -9.320432165579298, "params": {"C": 0.10453323956204755, "epsilon": 5.502450372437836, "gamma": 0.33205873274437786, "lamda": 0.2397086951079918}, "datetime": {"datetime": "2021-06-17 11:22:07", "elapsed": 74.627992, "delta": 0.734398}}
{"target": -14.666332900153664, "params": {"C": 4.01203381866402, "epsilon": 5.384588492588111, "gamma": 0.8870714309259927, "lamda": 0.3544067065474102}, "datetime": {"datetime": "2021-06-17 11:22:09", "elapsed": 75.799199, "delta": 1.171207}}
{"target": -13.867535575069395, "params": {"C": 2.3528851232129973, "epsilon": 4.492056925727279, "gamma": 1.0249376919809918, "lamda": 0.46456113132634835}, "datetime": {"datetime": "2021-06-17 11:22:09", "elapsed": 76.519706, "delta": 0.720507}}
{"target": -5316.799502395927, "params": {"C": 9.307714788394364, "epsilon": 9.124991619004987, "gamma": 1.5123360422648064, "lamda": 0.34498505402915025}, "datetime": {"datetime": "2021-06-17 11:22:20", "elapsed": 87.035792, "delta": 10.516086}}
{"target": -9.319931504612319, "params": {"C": 0.10424428891681299, "epsilon": 5.502721221033865, "gamma": 0.33225954092081594, "lamda": 0.23963420515596856}, "datetime": {"datetime": "2021-06-17 11:22:21", "elapsed": 87.806975, "delta": 0.771183}}
{"target": -9.564204779892302, "params": {"C": 2.023415711722899, "epsilon": 8.75695270182667, "gamma": 0.060895500349781646, "lamda": 0.28656803403770986}, "datetime": {"datetime": "2021-06-17 11:22:21", "elapsed": 88.625036, "delta": 0.818061}}
{"target": -9.36136078709444, "params": {"C": 0.03814950802711847, "epsilon": 5.469504743113894, "gamma": 0.26039521488305073, "lamda": 0.20253002146969284}, "datetime": {"datetime": "2021-06-17 11:22:22", "elapsed": 89.289055, "delta": 0.664019}}
{"target": -20.10865766891972, "params": {"C": 6.453056979593618, "epsilon": 1.2530824686898905, "gamma": 1.3620831301752743, "lamda": 0.12916490688208554}, "datetime": {"datetime": "2021-06-17 11:22:23", "elapsed": 90.013421, "delta": 0.724366}}
{"target": -18.738251143467487, "params": {"C": 4.373567750917905, "epsilon": 4.2971632487976175, "gamma": 1.1402760202978526, "lamda": 0.25934365943641274}, "datetime": {"datetime": "2021-06-17 11:22:24", "elapsed": 90.861388, "delta": 0.847967}}
{"target": -14.288026443133814, "params": {"C": 3.280735755432442, "epsilon": 6.412913753478094, "gamma": 0.8098381540425246, "lamda": 0.33381173081089754}, "datetime": {"datetime": "2021-06-17 11:22:24", "elapsed": 91.616775, "delta": 0.755387}}
{"target": -10.029064868779622, "params": {"C": 2.0614733428208445, "epsilon": 8.734727297160608, "gamma": 0.10640625133985518, "lamda": 0.30180021034545407}, "datetime": {"datetime": "2021-06-17 11:22:25", "elapsed": 92.434741, "delta": 0.817966}}
{"target": -17.274251538640492, "params": {"C": 4.366210279020125, "epsilon": 4.307811618046401, "gamma": 1.1437826038465868, "lamda": 0.26252579555966554}, "datetime": {"datetime": "2021-06-17 11:22:26", "elapsed": 93.236909, "delta": 0.802168}}
{"target": -20.10840858297214, "params": {"C": 6.45335406807181, "epsilon": 1.2528243461106259, "gamma": 1.3619914240943265, "lamda": 0.1292297631748036}, "datetime": {"datetime": "2021-06-17 11:22:27", "elapsed": 94.12392, "delta": 0.887011}}
{"target": -15.215340761646539, "params": {"C": 3.807826837436909, "epsilon": 8.484109927501045, "gamma": 0.8277665639583291, "lamda": 0.1870461486722712}, "datetime": {"datetime": "2021-06-17 11:22:28", "elapsed": 94.889006, "delta": 0.765086}}
{"target": -14.426687697235089, "params": {"C": 1.5757294034110925, "epsilon": 2.001928779648474, "gamma": 1.3203735523892768, "lamda": 0.42972670958299236}, "datetime": {"datetime": "2021-06-17 11:22:28", "elapsed": 95.611064, "delta": 0.722058}}
{"target": -15.530532157777138, "params": {"C": 1.3461092690331777, "epsilon": 5.078980767185884, "gamma": 1.7793402057654932, "lamda": 0.2842907953806078}, "datetime": {"datetime": "2021-06-17 11:22:29", "elapsed": 96.413078, "delta": 0.802014}}
{"target": -16.900911818422166, "params": {"C": 4.428787495990881, "epsilon": 4.296603089477129, "gamma": 1.1542284080917578, "lamda": 0.19016789576065624}, "datetime": {"datetime": "2021-06-17 11:22:30", "elapsed": 97.130207, "delta": 0.717129}}
{"target": -18.439596973942713, "params": {"C": 2.872787807767267, "epsilon": 1.0395672435558598, "gamma": 1.7085971496008685, "lamda": 0.07143512091772332}, "datetime": {"datetime": "2021-06-17 11:22:31", "elapsed": 97.948149, "delta": 0.817942}}
{"target": -19.478532023575205, "params": {"C": 7.2008327279127835, "epsilon": 2.8710872312273534, "gamma": 0.4995307949365723, "lamda": 0.08868167328155822}, "datetime": {"datetime": "2021-06-17 11:22:31", "elapsed": 98.734252, "delta": 0.786103}}
{"target": -18.664346011619713, "params": {"C": 2.9470681396316, "epsilon": 1.0317934060864342, "gamma": 1.7180680728778348, "lamda": 0.07096732362969324}, "datetime": {"datetime": "2021-06-17 11:22:32", "elapsed": 99.451288, "delta": 0.717036}}
{"target": -12.207106066436346, "params": {"C": 1.5223528574109018, "epsilon": 0.9605842890939631, "gamma": 0.41630872686676273, "lamda": 0.2251947937416674}, "datetime": {"datetime": "2021-06-17 11:22:33", "elapsed": 100.137755, "delta": 0.686467}}
{"target": -16.783979330784778, "params": {"C": 4.397959492719952, "epsilon": 4.277120488292066, "gamma": 1.1269159148508585, "lamda": 0.27560581381673477}, "datetime": {"datetime": "2021-06-17 11:22:34", "elapsed": 100.985419, "delta": 0.847664}}
{"target": -15.43737173089237, "params": {"C": 4.0305745706454665, "epsilon": 5.382605631280835, "gamma": 0.9076452471895168, "lamda": 0.360192192900271}, "datetime": {"datetime": "2021-06-17 11:22:35", "elapsed": 102.045309, "delta": 1.05989}}
{"target": -12.075963067610036, "params": {"C": 0.2711523020595518, "epsilon": 8.018588099324946, "gamma": 1.9306989554245462, "lamda": 0.37442772997111134}, "datetime": {"datetime": "2021-06-17 11:22:36", "elapsed": 102.93335, "delta": 0.888041}}
{"target": -14.956445595671289, "params": {"C": 4.103629411559534, "epsilon": 5.383221564404595, "gamma": 0.9399818688641717, "lamda": 0.29997361147390905}, "datetime": {"datetime": "2021-06-17 11:22:36", "elapsed": 103.68083, "delta": 0.74748}}
{"target": -9.540724335635655, "params": {"C": 0.06401921061934493, "epsilon": 0.026103876573648238, "gamma": 0.331064969757369, "lamda": 0.1776768424625596}, "datetime": {"datetime": "2021-06-17 11:22:37", "elapsed": 104.451758, "delta": 0.770928}}
{"target": -16.27072107487244, "params": {"C": 7.207774798347319, "epsilon": 2.87207665245557, "gamma": 0.5621214565681362, "lamda": 0.05120629733951061}, "datetime": {"datetime": "2021-06-17 11:22:38", "elapsed": 105.480712, "delta": 1.028954}}
{"target": -25.903283878201872, "params": {"C": 5.407927684103736, "epsilon": 3.923182409140634, "gamma": 1.8533802329636657, "lamda": 0.19962468826739582}, "datetime": {"datetime": "2021-06-17 11:22:39", "elapsed": 106.29715, "delta": 0.816438}}
{"target": -9.412097927640401, "params": {"C": 2.025562768405546, "epsilon": 8.775710379077026, "gamma": 0.05562351279777188, "lamda": 0.3148977932984355}, "datetime": {"datetime": "2021-06-17 11:22:40", "elapsed": 107.205402, "delta": 0.908252}}
{"target": -20.110387828290293, "params": {"C": 6.453091301913134, "epsilon": 1.2527435874356592, "gamma": 1.3623785209985408, "lamda": 0.12939815703997115}, "datetime": {"datetime": "2021-06-17 11:22:41", "elapsed": 107.976528, "delta": 0.771126}}
{"target": -12.092175214133034, "params": {"C": 0.2751094084652558, "epsilon": 8.018143263443298, "gamma": 1.933214404861219, "lamda": 0.3569935148384601}, "datetime": {"datetime": "2021-06-17 11:22:42", "elapsed": 108.809799, "delta": 0.833271}}
{"target": -11.970909411028313, "params": {"C": 1.5047681502276726, "epsilon": 0.9467896551412716, "gamma": 0.4027572817372682, "lamda": 0.20552004083809045}, "datetime": {"datetime": "2021-06-17 11:22:43", "elapsed": 109.796373, "delta": 0.986574}}
{"target": -29.566192666265646, "params": {"C": 8.523789201556054, "epsilon": 7.869827711344541, "gamma": 1.7806327282078074, "lamda": 0.11583109093750472}, "datetime": {"datetime": "2021-06-17 11:22:43", "elapsed": 110.508215, "delta": 0.711842}}
{"target": -18.554030938612136, "params": {"C": 2.9096532646860047, "epsilon": 1.0357090694303321, "gamma": 1.7132975827420418, "lamda": 0.07120294728544763}, "datetime": {"datetime": "2021-06-17 11:22:44", "elapsed": 111.284375, "delta": 0.77616}}
{"target": -38.175285363400384, "params": {"C": 8.491201909086834, "epsilon": 7.8644019646488825, "gamma": 1.842606492710655, "lamda": 0.16930329141646724}, "datetime": {"datetime": "2021-06-17 11:22:45", "elapsed": 111.970617, "delta": 0.686242}}
{"target": -16.674228632824228, "params": {"C": 4.369575990564566, "epsilon": 4.314473959316654, "gamma": 1.1455248055893676, "lamda": 0.26143276442153335}, "datetime": {"datetime": "2021-06-17 11:22:46", "elapsed": 112.872951, "delta": 0.902334}}
{"target": -23.46432994592508, "params": {"C": 5.703431001227557, "epsilon": 0.3492721327105862, "gamma": 1.678645472022679, "lamda": 0.27062983447445543}, "datetime": {"datetime": "2021-06-17 11:22:46", "elapsed": 113.706124, "delta": 0.833173}}
{"target": -16.84065470068935, "params": {"C": 4.433217783706353, "epsilon": 4.235102739272588, "gamma": 1.113721560385664, "lamda": 0.16776361387456115}, "datetime": {"datetime": "2021-06-17 11:22:47", "elapsed": 114.492497, "delta": 0.786373}}
{"target": -15.628729983162193, "params": {"C": 7.20470183274469, "epsilon": 2.8716387150390554, "gamma": 0.5344151424230988, "lamda": 0.06779509980350588}, "datetime": {"datetime": "2021-06-17 11:22:48", "elapsed": 115.409954, "delta": 0.917457}}
{"target": -9.440738974644393, "params": {"C": 0.02426192304736865, "epsilon": 0.05026276801185106, "gamma": 0.375674065046162, "lamda": 0.19876315962284893}, "datetime": {"datetime": "2021-06-17 11:22:49", "elapsed": 116.134203, "delta": 0.724249}}
{"target": -21.348078734274008, "params": {"C": 4.5477754121056115, "epsilon": 4.127414158499026, "gamma": 1.168564148437056, "lamda": 0.38271262778925136}, "datetime": {"datetime": "2021-06-17 11:22:50", "elapsed": 117.019458, "delta": 0.885255}}
{"target": -31.394757178773602, "params": {"C": 8.51605032117465, "epsilon": 7.861185856493108, "gamma": 1.7956817166099797, "lamda": 0.11149993106100667}, "datetime": {"datetime": "2021-06-17 11:22:51", "elapsed": 117.790555, "delta": 0.771097}}
{"target": -16.232610513371252, "params": {"C": 4.530434453616246, "epsilon": 4.226966545544678, "gamma": 1.0950640557403775, "lamda": 0.2209621705567875}, "datetime": {"datetime": "2021-06-17 11:22:51", "elapsed": 118.623686, "delta": 0.833131}}
{"target": -15.57695479685435, "params": {"C": 1.3520678777528008, "epsilon": 5.034526474718445, "gamma": 1.7583704201193457, "lamda": 0.22698142952707087}, "datetime": {"datetime": "2021-06-17 11:22:52", "elapsed": 119.410299, "delta": 0.786613}}
{"target": -14.500767058250696, "params": {"C": 3.8102728205367056, "epsilon": 8.447820033207135, "gamma": 0.7944808085768423, "lamda": 0.23120128852792762}, "datetime": {"datetime": "2021-06-17 11:22:53", "elapsed": 120.258461, "delta": 0.848162}}
{"target": -32.68264683095426, "params": {"C": 5.703164621319884, "epsilon": 0.3494216910636785, "gamma": 1.6784186627595175, "lamda": 0.2702384352489539}, "datetime": {"datetime": "2021-06-17 11:22:54", "elapsed": 121.160108, "delta": 0.901647}}
{"target": -9.644295728910004, "params": {"C": 0.17790745656141663, "epsilon": 0.014986414315548795, "gamma": 0.28123958375474406, "lamda": 0.23180210475684854}, "datetime": {"datetime": "2021-06-17 11:22:55", "elapsed": 121.930882, "delta": 0.770774}}
{"target": -19.11939056071312, "params": {"C": 2.829103461656998, "epsilon": 1.0818117128025497, "gamma": 1.7620631746964839, "lamda": 0.11158010551491412}, "datetime": {"datetime": "2021-06-17 11:22:56", "elapsed": 122.952169, "delta": 1.021287}}
{"target": -14.971880024056084, "params": {"C": 2.7638858428936337, "epsilon": 3.9299630563157897, "gamma": 1.1406594942459989, "lamda": 0.06069837094746844}, "datetime": {"datetime": "2021-06-17 11:22:57", "elapsed": 123.80181, "delta": 0.849641}}
{"target": -14.289801014793065, "params": {"C": 3.4133268547584814, "epsilon": 6.395498521730008, "gamma": 0.8255069770742339, "lamda": 0.45268480212298895}, "datetime": {"datetime": "2021-06-17 11:22:57", "elapsed": 124.61891, "delta": 0.8171}}
{"target": -24.11675159080506, "params": {"C": 5.760072815278875, "epsilon": 0.37808059147174733, "gamma": 1.7071281169362091, "lamda": 0.22701322060602852}, "datetime": {"datetime": "2021-06-17 11:22:58", "elapsed": 125.483314, "delta": 0.864404}}
{"target": -14.901167319853407, "params": {"C": 2.7971598232727195, "epsilon": 3.8817425403128887, "gamma": 1.1256064620171324, "lamda": 0.04373359295465596}, "datetime": {"datetime": "2021-06-17 11:22:59", "elapsed": 126.206663, "delta": 0.723349}}
