{"target": -21.99436299793547, "params": {"C": 2.7114745003547673, "epsilon": 5.200459493835877, "gamma": 7.574677235311506, "lamda": 0.17032176007288632}, "datetime": {"datetime": "2021-06-16 15:52:57", "elapsed": 5415.180546, "delta": 9.150192}}
{"target": -18.697495335486746, "params": {"C": 9.519819743543836, "epsilon": 5.908077609736286, "gamma": 9.23308499976964, "lamda": 1.3425053126352433}, "datetime": {"datetime": "2021-06-16 15:53:02", "elapsed": 5420.367649, "delta": 5.187103}}
{"target": -111.36662099649169, "params": {"C": 2.5282104526293376, "epsilon": 2.7258544193958314, "gamma": 8.23765971644812, "lamda": 5.9037267590159495}, "datetime": {"datetime": "2021-06-16 15:53:16", "elapsed": 5434.146028, "delta": 13.778379}}
{"target": -19.698366633713984, "params": {"C": 7.330474565371621, "epsilon": 8.900421802072712, "gamma": 7.204320265644491, "lamda": 1.4817746361916584}, "datetime": {"datetime": "2021-06-16 15:53:23", "elapsed": 5441.353681, "delta": 7.207653}}
{"target": -19.99435914953719, "params": {"C": 7.3785132339698825, "epsilon": 8.784923508590609, "gamma": 7.181843101054379, "lamda": 1.2760813281906722}, "datetime": {"datetime": "2021-06-16 15:53:31", "elapsed": 5448.839198, "delta": 7.485517}}
{"target": -15.85226872770678, "params": {"C": 0.12420428272412312, "epsilon": 9.559431697439768, "gamma": 8.301345185691062, "lamda": 0.14228426496223362}, "datetime": {"datetime": "2021-06-16 15:53:36", "elapsed": 5453.634388, "delta": 4.79519}}
{"target": -18.53761953747127, "params": {"C": 5.879659753855181, "epsilon": 9.334399738279545, "gamma": 9.303699563024306, "lamda": 1.0425818999199155}, "datetime": {"datetime": "2021-06-16 15:53:46", "elapsed": 5463.668969, "delta": 10.034581}}
{"target": -28.840125020068598, "params": {"C": 6.091533803877048, "epsilon": 3.5077199110924697, "gamma": 5.747502658930452, "lamda": 1.4513124911759863}, "datetime": {"datetime": "2021-06-16 15:53:52", "elapsed": 5469.628982, "delta": 5.960013}}
{"target": -19.525573754358074, "params": {"C": 9.273265102326238, "epsilon": 5.844730290438043, "gamma": 8.343747418280863, "lamda": 1.4473928661430349}, "datetime": {"datetime": "2021-06-16 15:53:59", "elapsed": 5477.54973, "delta": 7.920748}}
{"target": -18.578148310550432, "params": {"C": 5.757663873310655, "epsilon": 9.484797029529117, "gamma": 9.37866476226683, "lamda": 0.9838926223834371}, "datetime": {"datetime": "2021-06-16 15:54:06", "elapsed": 5484.416929, "delta": 6.867199}}
{"target": -20.273023603578224, "params": {"C": 8.400889729291379, "epsilon": 7.068714171505714, "gamma": 6.700664317125896, "lamda": 1.81881495802381}, "datetime": {"datetime": "2021-06-16 15:54:16", "elapsed": 5494.50711, "delta": 10.090181}}
{"target": -22.126912172696635, "params": {"C": 2.249542900680247, "epsilon": 5.403531052940586, "gamma": 7.816536918065884, "lamda": 0.25822275214724105}, "datetime": {"datetime": "2021-06-16 15:54:22", "elapsed": 5500.296777, "delta": 5.789667}}
{"target": -20.75093934983742, "params": {"C": 9.57628904554733, "epsilon": 3.5310316633486556, "gamma": 8.101777460210108, "lamda": 0.9327855123250652}, "datetime": {"datetime": "2021-06-16 15:54:28", "elapsed": 5506.325744, "delta": 6.028967}}
{"target": -24.942875933141423, "params": {"C": 7.968948735513782, "epsilon": 1.3787352016730634, "gamma": 6.538164841254876, "lamda": 1.514198586613616}, "datetime": {"datetime": "2021-06-16 15:54:35", "elapsed": 5512.946987, "delta": 6.621243}}
{"target": -20.67578043411152, "params": {"C": 7.3998146729145935, "epsilon": 9.217075044394829, "gamma": 6.938172198574118, "lamda": 1.0949468709299377}, "datetime": {"datetime": "2021-06-16 15:54:44", "elapsed": 5522.326051, "delta": 9.379064}}
{"target": -21.858683015146887, "params": {"C": 2.608321054943115, "epsilon": 5.164690484996593, "gamma": 7.4811722131229255, "lamda": 0.3000736974745272}, "datetime": {"datetime": "2021-06-16 15:54:51", "elapsed": 5528.903053, "delta": 6.577002}}
{"target": -100.57155966887939, "params": {"C": 9.118104075660991, "epsilon": 1.3307112615687553, "gamma": 0.4977523221744429, "lamda": 5.152172885274346}, "datetime": {"datetime": "2021-06-16 15:55:04", "elapsed": 5541.746795, "delta": 12.843742}}
{"target": -27.052830818281294, "params": {"C": 1.8111407251601939, "epsilon": 4.344699299290615, "gamma": 5.409456756321663, "lamda": 0.5319837744828504}, "datetime": {"datetime": "2021-06-16 15:55:12", "elapsed": 5550.254088, "delta": 8.507293}}
{"target": -21.842629378361043, "params": {"C": 7.664477124541496, "epsilon": 8.645347774211526, "gamma": 6.711580567591326, "lamda": 0.8007206189607095}, "datetime": {"datetime": "2021-06-16 15:55:22", "elapsed": 5559.674884, "delta": 9.420796}}
{"target": -22.318072598370456, "params": {"C": 7.909516917912209, "epsilon": 2.200110506297221, "gamma": 6.983084971853492, "lamda": 1.6530435358210294}, "datetime": {"datetime": "2021-06-16 15:55:30", "elapsed": 5568.530566, "delta": 8.855682}}
{"target": -105.86772930725385, "params": {"C": 2.245776169072836, "epsilon": 8.106657902182889, "gamma": 4.427654636003177, "lamda": 8.045612191848873}, "datetime": {"datetime": "2021-06-16 15:55:44", "elapsed": 5582.12326, "delta": 13.592694}}
{"target": -19.185496077697938, "params": {"C": 9.448161028666808, "epsilon": 5.828231249810855, "gamma": 9.055377032046582, "lamda": 1.2160232010646945}, "datetime": {"datetime": "2021-06-16 15:55:51", "elapsed": 5588.872898, "delta": 6.749638}}
{"target": -22.541078626475752, "params": {"C": 7.937182316633554, "epsilon": 2.10267654503597, "gamma": 6.913833266431463, "lamda": 1.6000524911181917}, "datetime": {"datetime": "2021-06-16 15:55:58", "elapsed": 5595.599889, "delta": 6.726991}}
{"target": -20.531580825600244, "params": {"C": 8.489608018956067, "epsilon": 6.50979093174864, "gamma": 6.472136637594387, "lamda": 2.179794387466346}, "datetime": {"datetime": "2021-06-16 15:56:07", "elapsed": 5605.253413, "delta": 9.653524}}
{"target": -30.493066338746182, "params": {"C": 1.885084711541564, "epsilon": 4.046002251393957, "gamma": 5.325244131663581, "lamda": 0.7381769836497039}, "datetime": {"datetime": "2021-06-16 15:56:14", "elapsed": 5611.949651, "delta": 6.696238}}
{"target": -18.609794844441524, "params": {"C": 5.766973828916044, "epsilon": 9.530933843977335, "gamma": 9.385177524100945, "lamda": 0.9499304774354878}, "datetime": {"datetime": "2021-06-16 15:56:26", "elapsed": 5623.854436, "delta": 11.904785}}
{"target": -100.35278828775698, "params": {"C": 8.241451521623976, "epsilon": 3.360542748958327, "gamma": 5.855113336418988, "lamda": 3.0719789915487032}, "datetime": {"datetime": "2021-06-16 15:56:42", "elapsed": 5640.278256, "delta": 16.42382}}
{"target": -99.51890909110745, "params": {"C": 6.3481747697639035, "epsilon": 7.988649322669318, "gamma": 1.7496566311882846, "lamda": 5.914868197647722}, "datetime": {"datetime": "2021-06-16 15:56:56", "elapsed": 5654.413581, "delta": 14.135325}}
{"target": -105.7517261208456, "params": {"C": 1.9144999553117783, "epsilon": 6.811525886188568, "gamma": 8.954488017702918, "lamda": 5.9723057552012815}, "datetime": {"datetime": "2021-06-16 15:57:14", "elapsed": 5672.321431, "delta": 17.90785}}
{"target": -98.93425190575825, "params": {"C": 8.846161073903936, "epsilon": 8.765326966225484, "gamma": 0.34423728108320534, "lamda": 5.803560278599932}, "datetime": {"datetime": "2021-06-16 15:57:27", "elapsed": 5685.312415, "delta": 12.990984}}
{"target": -18.93502805085883, "params": {"C": 8.871586711275004, "epsilon": 5.7719715344814615, "gamma": 9.03049944903864, "lamda": 1.4860471649015912}, "datetime": {"datetime": "2021-06-16 15:57:33", "elapsed": 5691.528589, "delta": 6.216174}}
{"target": -19.48076908478936, "params": {"C": 7.454864632813919, "epsilon": 9.214069373175946, "gamma": 7.109257000875799, "lamda": 1.6570408064119029}, "datetime": {"datetime": "2021-06-16 15:57:45", "elapsed": 5703.435835, "delta": 11.907246}}
{"target": -19.65120584932064, "params": {"C": 6.966626876449181, "epsilon": 8.791468226523628, "gamma": 7.353013491109427, "lamda": 1.3500439360616525}, "datetime": {"datetime": "2021-06-16 15:57:55", "elapsed": 5713.127021, "delta": 9.691186}}
{"target": -18.949564291295516, "params": {"C": 9.534527805630875, "epsilon": 5.732935011970111, "gamma": 8.952127946273675, "lamda": 1.251669456285145}, "datetime": {"datetime": "2021-06-16 15:58:03", "elapsed": 5721.324452, "delta": 8.197431}}
{"target": -18.564519314487175, "params": {"C": 5.891132717043172, "epsilon": 9.238761125166388, "gamma": 9.162712487212666, "lamda": 1.0399694738148921}, "datetime": {"datetime": "2021-06-16 15:58:10", "elapsed": 5727.925595, "delta": 6.601143}}
{"target": -97.89783884818122, "params": {"C": 6.030323041332646, "epsilon": 6.772796227956139, "gamma": 4.636522801411271, "lamda": 7.121026041257923}, "datetime": {"datetime": "2021-06-16 15:58:23", "elapsed": 5740.882853, "delta": 12.957258}}
{"target": -11.819399184668999, "params": {"C": 0.18609832776370727, "epsilon": 0.23648443922627346, "gamma": 0.31014530486944275, "lamda": 2.4506255603681844}, "datetime": {"datetime": "2021-06-16 15:58:31", "elapsed": 5748.583651, "delta": 7.700798}}
{"target": -21.40272923327928, "params": {"C": 9.95732797043392, "epsilon": 3.0772804514715113, "gamma": 8.053939276974976, "lamda": 0.3901996468462117}, "datetime": {"datetime": "2021-06-16 15:58:36", "elapsed": 5754.211581, "delta": 5.62793}}
{"target": -21.805351901658497, "params": {"C": 4.41725808489327, "epsilon": 1.7174399823150155, "gamma": 5.812995949033462, "lamda": 7.767696851765195}, "datetime": {"datetime": "2021-06-16 15:58:47", "elapsed": 5764.760346, "delta": 10.548765}}
{"target": -20.22961662451355, "params": {"C": 2.8191657274084885, "epsilon": 1.0347051455663496, "gamma": 8.670558072826335, "lamda": 1.4341210507067146}, "datetime": {"datetime": "2021-06-16 15:58:59", "elapsed": 5776.741836, "delta": 11.98149}}
{"target": -21.50614256914088, "params": {"C": 9.704966338384331, "epsilon": 3.5594428601474193, "gamma": 7.938194930101858, "lamda": 0.42633291886967095}, "datetime": {"datetime": "2021-06-16 15:59:07", "elapsed": 5785.479058, "delta": 8.737222}}
{"target": -18.569960965654865, "params": {"C": 8.841211260924444, "epsilon": 5.545757939385489, "gamma": 9.169872821783732, "lamda": 1.6615432817650857}, "datetime": {"datetime": "2021-06-16 15:59:14", "elapsed": 5792.16444, "delta": 6.685382}}
{"target": -19.051717543203146, "params": {"C": 3.5310772211925867, "epsilon": 0.9049643054040573, "gamma": 9.988752205798013, "lamda": 1.7016474895893685}, "datetime": {"datetime": "2021-06-16 15:59:20", "elapsed": 5797.9239, "delta": 5.75946}}
{"target": -100.30306749266529, "params": {"C": 5.936487408341319, "epsilon": 3.823820128464189, "gamma": 5.334756429835317, "lamda": 7.2474772615986955}, "datetime": {"datetime": "2021-06-16 15:59:36", "elapsed": 5813.765049, "delta": 15.841149}}
{"target": -21.023265224512656, "params": {"C": 8.3868028610169, "epsilon": 6.001699304465261, "gamma": 6.7113237925922675, "lamda": 1.6033512753855497}, "datetime": {"datetime": "2021-06-16 15:59:46", "elapsed": 5823.79767, "delta": 10.032621}}
{"target": -19.603111909370263, "params": {"C": 4.148894785691103, "epsilon": 0.6231332804421926, "gamma": 9.438194334960707, "lamda": 1.4472529212294123}, "datetime": {"datetime": "2021-06-16 16:00:01", "elapsed": 5839.513142, "delta": 15.715472}}
{"target": -104.75600493077286, "params": {"C": 6.353116049850942, "epsilon": 3.6618626145791744, "gamma": 5.272875700099166, "lamda": 7.37785049947991}, "datetime": {"datetime": "2021-06-16 16:00:17", "elapsed": 5855.363691, "delta": 15.850549}}
{"target": -20.994506873020804, "params": {"C": 2.718030869060642, "epsilon": 3.2850079721472167, "gamma": 6.5002428718243035, "lamda": 3.4891690463081177}, "datetime": {"datetime": "2021-06-16 16:00:22", "elapsed": 5860.232199, "delta": 4.868508}}
{"target": -103.6196085556517, "params": {"C": 8.808620448600115, "epsilon": 9.427856591104614, "gamma": 7.694038403142716, "lamda": 6.227993622916067}, "datetime": {"datetime": "2021-06-16 16:00:35", "elapsed": 5873.393537, "delta": 13.161338}}
{"target": -127.41168721149951, "params": {"C": 4.45442996634877, "epsilon": 3.737889608688142, "gamma": 7.4978689938352225, "lamda": 1.9677815950616928}, "datetime": {"datetime": "2021-06-16 16:00:49", "elapsed": 5886.72148, "delta": 13.327943}}
{"target": -20.410902055311162, "params": {"C": 7.5100535548312575, "epsilon": 9.29818038483739, "gamma": 7.276684425060171, "lamda": 1.026338556185827}, "datetime": {"datetime": "2021-06-16 16:00:56", "elapsed": 5894.241703, "delta": 7.520223}}
{"target": -18.76484139831653, "params": {"C": 9.851755874878581, "epsilon": 5.477062433981463, "gamma": 8.911614024573662, "lamda": 1.7218998022174976}, "datetime": {"datetime": "2021-06-16 16:01:04", "elapsed": 5902.14511, "delta": 7.903407}}
{"target": -19.942044762939226, "params": {"C": 8.417370751567336, "epsilon": 7.168095939010807, "gamma": 6.673887277216945, "lamda": 2.0602762840615263}, "datetime": {"datetime": "2021-06-16 16:01:12", "elapsed": 5910.441228, "delta": 8.296118}}
{"target": -20.461635066975468, "params": {"C": 2.5558587368340384, "epsilon": 1.1023587594166406, "gamma": 8.549904484558436, "lamda": 1.3249298969400154}, "datetime": {"datetime": "2021-06-16 16:01:20", "elapsed": 5918.555204, "delta": 8.113976}}
{"target": -27.222919423514696, "params": {"C": 2.3522135692604973, "epsilon": 3.4121988124536644, "gamma": 5.488385453334933, "lamda": 0.8967836865353223}, "datetime": {"datetime": "2021-06-16 16:01:29", "elapsed": 5927.533485, "delta": 8.978281}}
{"target": -20.25177682988917, "params": {"C": 2.5349227450989678, "epsilon": 0.9943343814321108, "gamma": 8.675127658080955, "lamda": 1.3764691196878995}, "datetime": {"datetime": "2021-06-16 16:01:42", "elapsed": 5940.284273, "delta": 12.750788}}
{"target": -18.627663561366383, "params": {"C": 9.883849893494656, "epsilon": 5.556298867711124, "gamma": 9.098742629377597, "lamda": 1.6953393301970052}, "datetime": {"datetime": "2021-06-16 16:01:53", "elapsed": 5951.519867, "delta": 11.235594}}
{"target": -21.57143053321518, "params": {"C": 6.60394118980231, "epsilon": 2.1195189490167614, "gamma": 7.7670161975938905, "lamda": 0.8251100473633173}, "datetime": {"datetime": "2021-06-16 16:02:02", "elapsed": 5960.402933, "delta": 8.883066}}
{"target": -26.09313322244085, "params": {"C": 5.68675868857262, "epsilon": 1.552603140747158, "gamma": 5.70820582128828, "lamda": 6.7361352036437845}, "datetime": {"datetime": "2021-06-16 16:02:15", "elapsed": 5973.437271, "delta": 13.034338}}
{"target": -22.219358210021955, "params": {"C": 7.9907177502760804, "epsilon": 2.1718352731289343, "gamma": 7.135910070723271, "lamda": 1.4747737304246396}, "datetime": {"datetime": "2021-06-16 16:02:25", "elapsed": 5982.599626, "delta": 9.162355}}
{"target": -123.67845312256193, "params": {"C": 1.830960685372148, "epsilon": 1.6357008995034017, "gamma": 3.6345010056898426, "lamda": 0.7956563546580149}, "datetime": {"datetime": "2021-06-16 16:02:39", "elapsed": 5996.869614, "delta": 14.269988}}
{"target": -20.488667904102165, "params": {"C": 9.807512934951522, "epsilon": 3.709029458656516, "gamma": 8.32020861615355, "lamda": 0.9067966039887342}, "datetime": {"datetime": "2021-06-16 16:02:50", "elapsed": 6008.148181, "delta": 11.278567}}
{"target": -34.14500934448018, "params": {"C": 2.1522965607640843, "epsilon": 4.000670122715126, "gamma": 5.277678434457653, "lamda": 0.7519845326618144}, "datetime": {"datetime": "2021-06-16 16:02:59", "elapsed": 6017.036658, "delta": 8.888477}}
{"target": -19.440455082989498, "params": {"C": 5.936597799339495, "epsilon": 3.4453634480596564, "gamma": 5.495912211619939, "lamda": 7.626443801209872}, "datetime": {"datetime": "2021-06-16 16:03:09", "elapsed": 6026.780356, "delta": 9.743698}}
{"target": -21.049663047337898, "params": {"C": 7.575218043945407, "epsilon": 8.733078740445539, "gamma": 6.865004166595736, "lamda": 1.0237394225816787}, "datetime": {"datetime": "2021-06-16 16:03:17", "elapsed": 6034.736066, "delta": 7.95571}}
{"target": -173.81804728664343, "params": {"C": 1.5073765075595402, "epsilon": 1.573404157265635, "gamma": 8.32676865182381, "lamda": 2.6586074258866654}, "datetime": {"datetime": "2021-06-16 16:03:31", "elapsed": 6048.73299, "delta": 13.996924}}
{"target": -19.49873439730056, "params": {"C": 5.917467448484627, "epsilon": 3.8393306267283838, "gamma": 5.577152483912825, "lamda": 7.4872189091594965}, "datetime": {"datetime": "2021-06-16 16:03:39", "elapsed": 6056.626113, "delta": 7.893123}}
{"target": -20.27148960397252, "params": {"C": 7.553017588235627, "epsilon": 9.106220681687164, "gamma": 7.126382320004475, "lamda": 1.2195263905954674}, "datetime": {"datetime": "2021-06-16 16:03:50", "elapsed": 6068.163439, "delta": 11.537326}}
{"target": -22.663164386867983, "params": {"C": 8.129739674441936, "epsilon": 2.1125313091107873, "gamma": 6.870357697032976, "lamda": 1.543306434971237}, "datetime": {"datetime": "2021-06-16 16:03:59", "elapsed": 6076.699166, "delta": 8.535727}}
{"target": -106.41154285872128, "params": {"C": 5.351984519983269, "epsilon": 2.174227790320052, "gamma": 5.272400405920967, "lamda": 8.738607613277724}, "datetime": {"datetime": "2021-06-16 16:04:12", "elapsed": 6090.148407, "delta": 13.449241}}
{"target": -19.583425526253304, "params": {"C": 6.109506169649368, "epsilon": 3.618931433663951, "gamma": 5.5718163962268505, "lamda": 7.782599209739554}, "datetime": {"datetime": "2021-06-16 16:04:22", "elapsed": 6100.499375, "delta": 10.350968}}
{"target": -21.660774546421166, "params": {"C": 6.436721366129742, "epsilon": 2.0541685347788565, "gamma": 7.477406277133314, "lamda": 0.8851884005763931}, "datetime": {"datetime": "2021-06-16 16:04:31", "elapsed": 6108.646412, "delta": 8.147037}}
{"target": -99.3995971072312, "params": {"C": 1.013982341458962, "epsilon": 0.39481860554523324, "gamma": 5.638157956049745, "lamda": 9.069682204602024}, "datetime": {"datetime": "2021-06-16 16:04:49", "elapsed": 6126.57135, "delta": 17.924938}}
{"target": -18.89759790580367, "params": {"C": 9.730770508354558, "epsilon": 8.639652584071662, "gamma": 9.509384673018692, "lamda": 0.726550763292735}, "datetime": {"datetime": "2021-06-16 16:05:02", "elapsed": 6140.242525, "delta": 13.671175}}
{"target": -99.70072648362769, "params": {"C": 5.491108863730907, "epsilon": 3.716769555725068, "gamma": 3.176212641437126, "lamda": 1.0369785937970915}, "datetime": {"datetime": "2021-06-16 16:05:17", "elapsed": 6154.622065, "delta": 14.37954}}
{"target": -99.46173127526478, "params": {"C": 8.149229427999794, "epsilon": 7.6917414925870435, "gamma": 2.5324483522935193, "lamda": 3.323039704424888}, "datetime": {"datetime": "2021-06-16 16:05:30", "elapsed": 6168.37362, "delta": 13.751555}}
{"target": -19.079569066658113, "params": {"C": 9.617023689158518, "epsilon": 5.839909188873871, "gamma": 8.70913881309398, "lamda": 1.4606345761483253}, "datetime": {"datetime": "2021-06-16 16:05:38", "elapsed": 6176.477094, "delta": 8.103474}}
{"target": -18.456287299748624, "params": {"C": 6.788798687615904, "epsilon": 1.5738037520394652, "gamma": 9.868813338481882, "lamda": 3.245054537251798}, "datetime": {"datetime": "2021-06-16 16:05:44", "elapsed": 6181.706242, "delta": 5.229148}}
{"target": -34.97309475394513, "params": {"C": 7.096058338004698, "epsilon": 8.128320179307636, "gamma": 5.126925253816621, "lamda": 0.06105841514916356}, "datetime": {"datetime": "2021-06-16 16:05:49", "elapsed": 6186.819834, "delta": 5.113592}}
{"target": -20.087236421803716, "params": {"C": 8.433821624743372, "epsilon": 7.1534620124763375, "gamma": 6.6002571131862044, "lamda": 2.1570058319814773}, "datetime": {"datetime": "2021-06-16 16:05:58", "elapsed": 6196.485433, "delta": 9.665599}}
{"target": -25.760940929065413, "params": {"C": 4.440430696568881, "epsilon": 8.382790279266954, "gamma": 9.763483266190125, "lamda": 4.943357244802872}, "datetime": {"datetime": "2021-06-16 16:06:04", "elapsed": 6201.620352, "delta": 5.134919}}
{"target": -20.2807310035087, "params": {"C": 8.50935286150338, "epsilon": 7.075594564760685, "gamma": 6.694990777934175, "lamda": 1.816048502316111}, "datetime": {"datetime": "2021-06-16 16:06:10", "elapsed": 6207.909974, "delta": 6.289622}}
{"target": -28.08905937275104, "params": {"C": 2.054279504181566, "epsilon": 3.847664838682676, "gamma": 5.503472246788507, "lamda": 0.521430004065579}, "datetime": {"datetime": "2021-06-16 16:06:23", "elapsed": 6221.084421, "delta": 13.174447}}
{"target": -21.800694935378008, "params": {"C": 7.668693639168306, "epsilon": 8.649357970918915, "gamma": 6.720380444309725, "lamda": 0.8109738236046057}, "datetime": {"datetime": "2021-06-16 16:06:32", "elapsed": 6230.180612, "delta": 9.096191}}
{"target": -19.383909530781278, "params": {"C": 5.925865016739508, "epsilon": 3.637469859590174, "gamma": 5.528376345973665, "lamda": 7.2881912988739215}, "datetime": {"datetime": "2021-06-16 16:06:41", "elapsed": 6238.610367, "delta": 8.429755}}
{"target": -22.27411756582722, "params": {"C": 7.984000039058472, "epsilon": 2.2056083875211083, "gamma": 7.096399632465381, "lamda": 1.477100245279628}, "datetime": {"datetime": "2021-06-16 16:06:48", "elapsed": 6246.072245, "delta": 7.461878}}
{"target": -20.208207959460985, "params": {"C": 9.577170735745192, "epsilon": 3.7835632511612447, "gamma": 8.44795428089196, "lamda": 0.9397716646010095}, "datetime": {"datetime": "2021-06-16 16:06:56", "elapsed": 6254.233095, "delta": 8.16085}}
{"target": -20.083093996294387, "params": {"C": 9.853365500554476, "epsilon": 3.6019792148553553, "gamma": 8.582624197548306, "lamda": 0.9420261405591123}, "datetime": {"datetime": "2021-06-16 16:07:05", "elapsed": 6262.757025, "delta": 8.52393}}
{"target": -20.2082809720923, "params": {"C": 7.978315268255164, "epsilon": 9.039441167763533, "gamma": 6.977040533699675, "lamda": 1.3189935013611525}, "datetime": {"datetime": "2021-06-16 16:07:15", "elapsed": 6273.28618, "delta": 10.529155}}
