{"target": -107.94099203744187, "params": {"C": 0.44561433025976277, "epsilon": 1.0750305416480184, "gamma": 2.2571708151446863, "lamda": 7.129918504928728}, "datetime": {"datetime": "2021-06-16 14:27:43", "elapsed": 300.875611, "delta": 14.456471}}
{"target": -101.41347900165727, "params": {"C": 5.597213848843219, "epsilon": 0.1256585459931426, "gamma": 0.7198355994668988, "lamda": 9.67276657236972}, "datetime": {"datetime": "2021-06-16 14:27:52", "elapsed": 309.933254, "delta": 9.057643}}
{"target": -100.76051110171345, "params": {"C": 5.681047809153229, "epsilon": 2.0330120172864388, "gamma": 2.523332213128777, "lamda": 7.438284158165522}, "datetime": {"datetime": "2021-06-16 14:28:01", "elapsed": 318.731925, "delta": 8.798671}}
{"target": -103.54716078657621, "params": {"C": 1.954375268145077, "epsilon": 5.8136311368398506, "gamma": 9.700202888884215, "lamda": 8.468303332020204}, "datetime": {"datetime": "2021-06-16 14:28:14", "elapsed": 332.250683, "delta": 13.518758}}
{"target": -115.57707354681965, "params": {"C": 2.398553606699947, "epsilon": 4.937747765715873, "gamma": 6.199595188241959, "lamda": 8.289826097411833}, "datetime": {"datetime": "2021-06-16 14:28:23", "elapsed": 341.420494, "delta": 9.169811}}
{"target": -98.65917964239694, "params": {"C": 1.5679982673213781, "epsilon": 0.18586016415387743, "gamma": 0.7003144349778514, "lamda": 4.863502474859224}, "datetime": {"datetime": "2021-06-16 14:28:32", "elapsed": 350.499664, "delta": 9.07917}}
{"target": -99.55686699964437, "params": {"C": 6.063333983587138, "epsilon": 5.6885574857211045, "gamma": 3.1736923569806756, "lamda": 9.886162682509047}, "datetime": {"datetime": "2021-06-16 14:28:41", "elapsed": 359.452959, "delta": 8.953295}}
{"target": -19.188008627396158, "params": {"C": 5.797494217936045, "epsilon": 3.801473712118242, "gamma": 5.509527096357056, "lamda": 7.453369775621931}, "datetime": {"datetime": "2021-06-16 14:28:42", "elapsed": 359.853669, "delta": 0.40071}}
{"target": -98.72941532427394, "params": {"C": 6.6923620112425, "epsilon": 2.6492690846723277, "gamma": 0.6634417108009728, "lamda": 3.700904970721272}, "datetime": {"datetime": "2021-06-16 14:28:47", "elapsed": 365.53005, "delta": 5.676381}}
{"target": -21.743868521578275, "params": {"C": 6.297212098464943, "epsilon": 2.1018190817474047, "gamma": 7.527580261832765, "lamda": 0.665458159893014}, "datetime": {"datetime": "2021-06-16 14:28:48", "elapsed": 365.950829, "delta": 0.420779}}
{"target": -98.85976845747828, "params": {"C": 2.603224954275552, "epsilon": 8.04756516197708, "gamma": 1.934423482805015, "lamda": 6.3946448627113135}, "datetime": {"datetime": "2021-06-16 14:28:57", "elapsed": 374.681006, "delta": 8.730177}}
{"target": -99.09965995841148, "params": {"C": 5.246750624206425, "epsilon": 9.248087223196467, "gamma": 2.633041375194061, "lamda": 0.6597043107311694}, "datetime": {"datetime": "2021-06-16 14:29:05", "elapsed": 383.132491, "delta": 8.451485}}
{"target": -112.9002997393697, "params": {"C": 7.350686126290365, "epsilon": 7.721803077629513, "gamma": 9.07816774344999, "lamda": 9.319727494761453}, "datetime": {"datetime": "2021-06-16 14:29:14", "elapsed": 392.007004, "delta": 8.874513}}
{"target": -108.96748311916042, "params": {"C": 0.1396143345986726, "epsilon": 2.343697425005593, "gamma": 6.167821892180876, "lamda": 9.490168305244095}, "datetime": {"datetime": "2021-06-16 14:29:29", "elapsed": 406.855392, "delta": 14.848388}}
{"target": -112.42863346741983, "params": {"C": 9.501766174858872, "epsilon": 5.566576216632744, "gamma": 9.156071937027768, "lamda": 6.41569793284248}, "datetime": {"datetime": "2021-06-16 14:29:38", "elapsed": 415.6899, "delta": 8.834508}}
{"target": -19.148144203326314, "params": {"C": 3.9001381406410487, "epsilon": 4.859958071902388, "gamma": 6.0431443981514406, "lamda": 5.495524260293474}, "datetime": {"datetime": "2021-06-16 14:29:38", "elapsed": 416.075381, "delta": 0.385481}}
{"target": -108.5684673539359, "params": {"C": 9.261821648921865, "epsilon": 9.187342482992497, "gamma": 3.9488166416742567, "lamda": 9.632628958154275}, "datetime": {"datetime": "2021-06-16 14:29:47", "elapsed": 424.844894, "delta": 8.769513}}
{"target": -104.91659794989533, "params": {"C": 1.7396392712379756, "epsilon": 1.2633825614444294, "gamma": 1.3508780725515086, "lamda": 5.056671090552399}, "datetime": {"datetime": "2021-06-16 14:29:56", "elapsed": 433.936954, "delta": 9.09206}}
{"target": -30.99782332992818, "params": {"C": 0.21534590026145237, "epsilon": 9.479707315155688, "gamma": 8.271172000160208, "lamda": 0.15028830552314956}, "datetime": {"datetime": "2021-06-16 14:29:56", "elapsed": 434.364058, "delta": 0.427104}}
{"target": -97.83058196267613, "params": {"C": 1.762044936124995, "epsilon": 3.3207025373109333, "gamma": 1.3100553484246877, "lamda": 8.094925972196608}, "datetime": {"datetime": "2021-06-16 14:30:05", "elapsed": 443.224364, "delta": 8.860306}}
{"target": -106.067633936632, "params": {"C": 3.4474320531676663, "epsilon": 9.401080812585437, "gamma": 5.820183598052806, "lamda": 8.788331960919999}, "datetime": {"datetime": "2021-06-16 14:30:14", "elapsed": 452.14724, "delta": 8.922876}}
{"target": -155.72548010361209, "params": {"C": 8.44735998047768, "epsilon": 9.053932647854621, "gamma": 4.598856670141488, "lamda": 5.4635135255221305}, "datetime": {"datetime": "2021-06-16 14:30:24", "elapsed": 461.97953, "delta": 9.83229}}
{"target": -104.79048221910281, "params": {"C": 7.986056051161278, "epsilon": 2.8572599454563026, "gamma": 4.902586200847015, "lamda": 5.991143165428019}, "datetime": {"datetime": "2021-06-16 14:30:34", "elapsed": 471.84653, "delta": 9.867}}
{"target": -131.09974394109884, "params": {"C": 0.15543120218080214, "epsilon": 5.934854733825552, "gamma": 4.336820122259684, "lamda": 8.073624552795525}, "datetime": {"datetime": "2021-06-16 14:30:50", "elapsed": 488.168331, "delta": 16.321801}}
{"target": -105.47988080730839, "params": {"C": 3.1525165064734204, "epsilon": 8.92889779638066, "gamma": 5.778614367123827, "lamda": 1.840183615254488}, "datetime": {"datetime": "2021-06-16 14:31:00", "elapsed": 497.944548, "delta": 9.776217}}
{"target": -99.1492457954002, "params": {"C": 7.8793135453316605, "epsilon": 6.120350567331634, "gamma": 0.5391873298103221, "lamda": 4.2019947806433215}, "datetime": {"datetime": "2021-06-16 14:31:09", "elapsed": 507.493499, "delta": 9.548951}}
{"target": -361.5126833020867, "params": {"C": 6.79072045877064, "epsilon": 9.18602591959746, "gamma": 0.004120208711085196, "lamda": 9.767593814395694}, "datetime": {"datetime": "2021-06-16 14:31:19", "elapsed": 517.531888, "delta": 10.038389}}
{"target": -127.58811448077823, "params": {"C": 3.7658654894262704, "epsilon": 9.73783800522939, "gamma": 6.047200538130433, "lamda": 8.288475195226132}, "datetime": {"datetime": "2021-06-16 14:31:29", "elapsed": 527.317178, "delta": 9.78529}}
{"target": -101.70161031353393, "params": {"C": 5.747157575930552, "epsilon": 6.280799175453673, "gamma": 2.85583425932877, "lamda": 5.868374723226764}, "datetime": {"datetime": "2021-06-16 14:31:39", "elapsed": 537.00499, "delta": 9.687812}}
{"target": -102.88198379855899, "params": {"C": 7.500242634850229, "epsilon": 8.58315253290678, "gamma": 7.5508463764579545, "lamda": 6.980602678748185}, "datetime": {"datetime": "2021-06-16 14:31:49", "elapsed": 546.845253, "delta": 9.840263}}
{"target": -98.75163435367467, "params": {"C": 8.644807852602993, "epsilon": 3.226877700267781, "gamma": 6.7079208289967935, "lamda": 4.508794276739851}, "datetime": {"datetime": "2021-06-16 14:31:58", "elapsed": 556.505917, "delta": 9.660664}}
{"target": -146.9124680780461, "params": {"C": 3.8210893100399694, "epsilon": 4.1081724180868635, "gamma": 4.014855686737059, "lamda": 3.1739077211881734}, "datetime": {"datetime": "2021-06-16 14:32:08", "elapsed": 566.153081, "delta": 9.647164}}
{"target": -108.40078736840553, "params": {"C": 6.219231487266223, "epsilon": 4.302529683485561, "gamma": 9.73802339906473, "lamda": 6.778041134253968}, "datetime": {"datetime": "2021-06-16 14:32:18", "elapsed": 575.80448, "delta": 9.651399}}
{"target": -101.92067953735513, "params": {"C": 1.985779027282266, "epsilon": 4.267067423379393, "gamma": 3.433528063120253, "lamda": 7.9764082757052694}, "datetime": {"datetime": "2021-06-16 14:32:28", "elapsed": 585.81583, "delta": 10.01135}}
{"target": -96.12473946644835, "params": {"C": 8.79999488580546, "epsilon": 9.038429174068137, "gamma": 6.627231851771385, "lamda": 2.702155599471375}, "datetime": {"datetime": "2021-06-16 14:32:37", "elapsed": 595.516537, "delta": 9.700707}}
{"target": -100.15361799947222, "params": {"C": 2.523741778375747, "epsilon": 8.548993937179754, "gamma": 5.277193691622836, "lamda": 8.02163062393758}, "datetime": {"datetime": "2021-06-16 14:32:47", "elapsed": 605.508365, "delta": 9.991828}}
{"target": -110.94346748322934, "params": {"C": 5.724927923064344, "epsilon": 7.331451938622583, "gamma": 5.190164373477812, "lamda": 7.70886201662783}, "datetime": {"datetime": "2021-06-16 14:32:57", "elapsed": 615.179989, "delta": 9.671624}}
{"target": -64.31927856731465, "params": {"C": 5.688623021248085, "epsilon": 4.6571522149319495, "gamma": 3.4269548106420227, "lamda": 0.6821866632321996}, "datetime": {"datetime": "2021-06-16 14:32:58", "elapsed": 615.665269, "delta": 0.48528}}
{"target": -19.270895867129063, "params": {"C": 3.779304000863066, "epsilon": 0.7963528143747538, "gamma": 9.828172855593078, "lamda": 1.8162103520225046}, "datetime": {"datetime": "2021-06-16 14:32:58", "elapsed": 616.081984, "delta": 0.416715}}
{"target": -103.67946970256014, "params": {"C": 8.118605791335625, "epsilon": 8.749628953394486, "gamma": 6.8841636825341945, "lamda": 5.694987178012482}, "datetime": {"datetime": "2021-06-16 14:33:08", "elapsed": 625.820293, "delta": 9.738309}}
{"target": -111.17482791265083, "params": {"C": 1.6097982710124061, "epsilon": 4.668853539630787, "gamma": 3.4517859943470346, "lamda": 2.250477074145065}, "datetime": {"datetime": "2021-06-16 14:33:18", "elapsed": 635.665402, "delta": 9.845109}}
{"target": -107.27965633279106, "params": {"C": 5.925159436471091, "epsilon": 3.1227671500353997, "gamma": 9.16306390412816, "lamda": 9.096364285963075}, "datetime": {"datetime": "2021-06-16 14:33:27", "elapsed": 645.49157, "delta": 9.826168}}
{"target": -119.88360751143014, "params": {"C": 2.571257225992584, "epsilon": 1.1090019183102175, "gamma": 1.9297080239179265, "lamda": 4.995891748371792}, "datetime": {"datetime": "2021-06-16 14:33:37", "elapsed": 655.067011, "delta": 9.575441}}
{"target": -104.43847844387093, "params": {"C": 7.285883821179165, "epsilon": 2.082023564644074, "gamma": 2.4804107804164697, "lamda": 8.516733582176176}, "datetime": {"datetime": "2021-06-16 14:33:47", "elapsed": 664.717921, "delta": 9.65091}}
{"target": -100.28040997376748, "params": {"C": 4.158545597803447, "epsilon": 6.166889003045647, "gamma": 2.336738025778577, "lamda": 1.0197623975320318}, "datetime": {"datetime": "2021-06-16 14:33:56", "elapsed": 674.52374, "delta": 9.805819}}
{"target": -100.00254959503765, "params": {"C": 5.158618583983601, "epsilon": 4.771462156399118, "gamma": 1.5268011737672231, "lamda": 6.218100136780981}, "datetime": {"datetime": "2021-06-16 14:34:06", "elapsed": 684.359672, "delta": 9.835932}}
{"target": -107.54337979007329, "params": {"C": 5.4401467871274996, "epsilon": 6.541408055972746, "gamma": 1.4455409466925857, "lamda": 7.515303018570725}, "datetime": {"datetime": "2021-06-16 14:34:16", "elapsed": 694.302704, "delta": 9.943032}}
{"target": -21.471550890326505, "params": {"C": 2.220569193085247, "epsilon": 5.193566308477894, "gamma": 7.852981752613367, "lamda": 0.2234020468752626}, "datetime": {"datetime": "2021-06-16 14:34:17", "elapsed": 694.719575, "delta": 0.416871}}
{"target": -134.12462854268549, "params": {"C": 3.2436921610158924, "epsilon": 8.729236471763471, "gamma": 8.447111605059936, "lamda": 5.384452081886177}, "datetime": {"datetime": "2021-06-16 14:34:27", "elapsed": 704.59451, "delta": 9.874935}}
{"target": -115.59429058011479, "params": {"C": 8.666096080837713, "epsilon": 9.49806493293713, "gamma": 8.26408733559365, "lamda": 8.541169026821004}, "datetime": {"datetime": "2021-06-16 14:34:36", "elapsed": 714.267969, "delta": 9.673459}}
{"target": -102.4495975680572, "params": {"C": 0.9875241438633016, "epsilon": 6.513078192976677, "gamma": 7.035199529827715, "lamda": 6.102447102385032}, "datetime": {"datetime": "2021-06-16 14:34:52", "elapsed": 729.869733, "delta": 15.601764}}
{"target": -162.14450613789444, "params": {"C": 7.996172655834107, "epsilon": 0.3458087415943553, "gamma": 7.702410321676344, "lamda": 7.317312834535196}, "datetime": {"datetime": "2021-06-16 14:35:02", "elapsed": 739.581015, "delta": 9.711282}}
{"target": -101.05929178792617, "params": {"C": 2.5970579631442012, "epsilon": 2.5707672812915847, "gamma": 6.323069943969535, "lamda": 3.453040086164657}, "datetime": {"datetime": "2021-06-16 14:35:11", "elapsed": 749.396525, "delta": 9.81551}}
{"target": -114.31910670623529, "params": {"C": 7.965907121205074, "epsilon": 4.461517705411373, "gamma": 7.827515872900241, "lamda": 9.904718789060045}, "datetime": {"datetime": "2021-06-16 14:35:21", "elapsed": 759.084037, "delta": 9.687512}}
{"target": -109.10397636163047, "params": {"C": 3.0025533705050473, "epsilon": 1.430143981998168, "gamma": 9.013094232649104, "lamda": 5.415639632935844}, "datetime": {"datetime": "2021-06-16 14:35:31", "elapsed": 769.16375, "delta": 10.079713}}
{"target": -105.13780468421874, "params": {"C": 9.747406234513736, "epsilon": 6.366080339578972, "gamma": 9.939130854802329, "lamda": 5.460753434349102}, "datetime": {"datetime": "2021-06-16 14:35:41", "elapsed": 778.765176, "delta": 9.601426}}
{"target": -50.99604919066881, "params": {"C": 5.264306696461822, "epsilon": 1.3543654879313918, "gamma": 3.557116139321713, "lamda": 0.26228305110700323}, "datetime": {"datetime": "2021-06-16 14:35:41", "elapsed": 779.235392, "delta": 0.470216}}
{"target": -98.82409060941134, "params": {"C": 1.604035755678539, "epsilon": 7.4563973633556895, "gamma": 0.30409385931889543, "lamda": 3.6654943181277195}, "datetime": {"datetime": "2021-06-16 14:35:51", "elapsed": 789.115157, "delta": 9.879765}}
{"target": -20.008565639799905, "params": {"C": 8.623476293755157, "epsilon": 6.926807907301792, "gamma": 6.909452326447479, "lamda": 1.8864491458730133}, "datetime": {"datetime": "2021-06-16 14:35:52", "elapsed": 789.578855, "delta": 0.463698}}
{"target": -18.02808630085087, "params": {"C": 4.419098617056159, "epsilon": 5.815815915702178, "gamma": 9.897518101466286, "lamda": 2.0391418617086954}, "datetime": {"datetime": "2021-06-16 14:35:52", "elapsed": 790.01112, "delta": 0.432265}}
{"target": -107.50125753673842, "params": {"C": 2.4774042443333726, "epsilon": 2.6218046204207424, "gamma": 7.501749115738598, "lamda": 4.569807576824184}, "datetime": {"datetime": "2021-06-16 14:36:02", "elapsed": 800.176757, "delta": 10.165637}}
{"target": -98.63370166175555, "params": {"C": 0.5693886911671088, "epsilon": 5.0852115544783345, "gamma": 2.1196804504202955, "lamda": 7.986062587177626}, "datetime": {"datetime": "2021-06-16 14:36:18", "elapsed": 815.767847, "delta": 15.59109}}
{"target": -96.76887914812382, "params": {"C": 2.973384081934572, "epsilon": 0.27615735894384086, "gamma": 5.934365151401264, "lamda": 8.438419905268995}, "datetime": {"datetime": "2021-06-16 14:36:28", "elapsed": 825.782387, "delta": 10.01454}}
{"target": -103.77228192138577, "params": {"C": 3.810223139009736, "epsilon": 7.498608121430362, "gamma": 5.111463668823452, "lamda": 5.40956395444139}, "datetime": {"datetime": "2021-06-16 14:36:38", "elapsed": 835.603055, "delta": 9.820668}}
{"target": -98.72581141507904, "params": {"C": 0.0772977878556122, "epsilon": 1.618693156033541, "gamma": 7.093719404796567, "lamda": 7.64739211623011}, "datetime": {"datetime": "2021-06-16 14:36:54", "elapsed": 851.878726, "delta": 16.275671}}
{"target": -138.84903941251343, "params": {"C": 4.425628918822878, "epsilon": 4.134765732269876, "gamma": 5.478094677362129, "lamda": 7.442041395594204}, "datetime": {"datetime": "2021-06-16 14:37:04", "elapsed": 861.963866, "delta": 10.08514}}
{"target": -111.13182415123599, "params": {"C": 6.233894524217247, "epsilon": 2.2323230435600876, "gamma": 9.590950560767121, "lamda": 8.046869681198507}, "datetime": {"datetime": "2021-06-16 14:37:14", "elapsed": 872.023061, "delta": 10.059195}}
{"target": -130.92128653553704, "params": {"C": 0.2121606158989231, "epsilon": 8.078831608143249, "gamma": 9.648558925477772, "lamda": 7.020760065133231}, "datetime": {"datetime": "2021-06-16 14:37:30", "elapsed": 888.324581, "delta": 16.30152}}
{"target": -102.6993876536305, "params": {"C": 3.6442554737551287, "epsilon": 0.22407887152448158, "gamma": 1.5242282205328734, "lamda": 9.71521808666264}, "datetime": {"datetime": "2021-06-16 14:37:40", "elapsed": 898.294063, "delta": 9.969482}}
{"target": -21.112558356167398, "params": {"C": 9.953002549664504, "epsilon": 3.251792541576525, "gamma": 8.168678143295882, "lamda": 0.4464351088144561}, "datetime": {"datetime": "2021-06-16 14:37:41", "elapsed": 898.99619, "delta": 0.702127}}
{"target": -107.4899965978675, "params": {"C": 9.812314816656254, "epsilon": 2.7042462430778746, "gamma": 8.087869302195873, "lamda": 4.465648665355073}, "datetime": {"datetime": "2021-06-16 14:37:51", "elapsed": 908.919045, "delta": 9.922855}}
{"target": -103.8848486674099, "params": {"C": 3.2488251264139802, "epsilon": 6.3578505837163215, "gamma": 4.005111043098242, "lamda": 7.515572843666053}, "datetime": {"datetime": "2021-06-16 14:38:01", "elapsed": 919.012215, "delta": 10.09317}}
{"target": -95.65861197923098, "params": {"C": 3.0591816155823763, "epsilon": 6.766565374799866, "gamma": 5.513862144576977, "lamda": 3.1586450927760463}, "datetime": {"datetime": "2021-06-16 14:38:11", "elapsed": 928.887038, "delta": 9.874823}}
{"target": -99.11507746147848, "params": {"C": 3.9719055897531117, "epsilon": 1.9418595464022872, "gamma": 0.5286544840567299, "lamda": 3.4495858166262825}, "datetime": {"datetime": "2021-06-16 14:38:20", "elapsed": 938.439258, "delta": 9.55222}}
{"target": -98.47268192295809, "params": {"C": 0.0947355752209741, "epsilon": 5.502087314154032, "gamma": 1.6199665642396057, "lamda": 4.778044211804538}, "datetime": {"datetime": "2021-06-16 14:38:37", "elapsed": 954.692229, "delta": 16.252971}}
{"target": -111.23561185203297, "params": {"C": 3.3235934173637114, "epsilon": 4.847976585885629, "gamma": 4.168321404252422, "lamda": 8.208320708553769}, "datetime": {"datetime": "2021-06-16 14:38:47", "elapsed": 964.800048, "delta": 10.107819}}
{"target": -102.36422999647483, "params": {"C": 2.3406473363032703, "epsilon": 4.470073856601706, "gamma": 5.501142119482861, "lamda": 9.491831955991364}, "datetime": {"datetime": "2021-06-16 14:38:57", "elapsed": 975.160591, "delta": 10.360543}}
{"target": -105.58235392942721, "params": {"C": 1.1787988447244033, "epsilon": 5.505355904657206, "gamma": 4.9147022580784885, "lamda": 1.4596910122320264}, "datetime": {"datetime": "2021-06-16 14:39:07", "elapsed": 985.241986, "delta": 10.081395}}
{"target": -98.69770946668082, "params": {"C": 2.6272758148092223, "epsilon": 0.21843636972980474, "gamma": 1.6747812821321002, "lamda": 6.4163155414177435}, "datetime": {"datetime": "2021-06-16 14:39:17", "elapsed": 995.399937, "delta": 10.157951}}
{"target": -31.072638554148725, "params": {"C": 1.9608933895027807, "epsilon": 4.00375109500206, "gamma": 5.153332730724141, "lamda": 0.7009543863741317}, "datetime": {"datetime": "2021-06-16 14:39:18", "elapsed": 996.170452, "delta": 0.770515}}
{"target": -103.65069999869638, "params": {"C": 1.807967117925186, "epsilon": 2.717785767816348, "gamma": 8.035425822457736, "lamda": 6.4804206320794435}, "datetime": {"datetime": "2021-06-16 14:39:34", "elapsed": 1011.765983, "delta": 15.595531}}
{"target": -207.63633843787312, "params": {"C": 1.337216406156671, "epsilon": 5.078535301126842, "gamma": 8.891044310736104, "lamda": 5.671684213474736}, "datetime": {"datetime": "2021-06-16 14:39:49", "elapsed": 1026.923808, "delta": 15.157825}}
{"target": -99.69629037705555, "params": {"C": 1.5164528905152894, "epsilon": 2.0427207826871276, "gamma": 6.724789162394482, "lamda": 8.748131127292641}, "datetime": {"datetime": "2021-06-16 14:40:04", "elapsed": 1042.438355, "delta": 15.514547}}
{"target": -99.96020201024763, "params": {"C": 8.180437685921804, "epsilon": 1.6353507680983137, "gamma": 0.15043067166778598, "lamda": 1.6099709870695886}, "datetime": {"datetime": "2021-06-16 14:40:14", "elapsed": 1052.460723, "delta": 10.022368}}
{"target": -105.00520140503065, "params": {"C": 9.860098293408537, "epsilon": 7.083305566218822, "gamma": 5.825172457136773, "lamda": 7.461269615306163}, "datetime": {"datetime": "2021-06-16 14:40:25", "elapsed": 1062.929395, "delta": 10.468672}}
{"target": -52.003250814132294, "params": {"C": 8.99000043341202, "epsilon": 4.522249266130103, "gamma": 3.9922087254925707, "lamda": 3.115350939619971}, "datetime": {"datetime": "2021-06-16 14:40:26", "elapsed": 1063.693012, "delta": 0.763617}}
{"target": -100.99983334194194, "params": {"C": 7.0170406416391, "epsilon": 3.8424198846718682, "gamma": 2.683726670482263, "lamda": 4.891884868744387}, "datetime": {"datetime": "2021-06-16 14:40:36", "elapsed": 1074.114335, "delta": 10.421323}}
{"target": -103.65302192029904, "params": {"C": 9.942383418596519, "epsilon": 2.558490854007937, "gamma": 6.186326454579598, "lamda": 3.6984401244126577}, "datetime": {"datetime": "2021-06-16 14:40:46", "elapsed": 1084.34326, "delta": 10.228925}}
{"target": -19.024854851907634, "params": {"C": 9.443875134902997, "epsilon": 5.870452913332265, "gamma": 9.03555086267774, "lamda": 1.3732071901540779}, "datetime": {"datetime": "2021-06-16 14:40:48", "elapsed": 1085.716268, "delta": 1.373008}}
