{"target": -21.443231317770753, "params": {"C": 2.1744012547965776, "epsilon": 5.4797235859710725, "gamma": 8.049238775267575, "lamda": 0.24653873825303088}, "datetime": {"datetime": "2021-06-16 16:24:07", "elapsed": 7284.853813, "delta": 21.905804}}
{"target": -20.2237141988125, "params": {"C": 2.878042020384356, "epsilon": 1.0299994373049506, "gamma": 8.668127385064851, "lamda": 1.4698322595623738}, "datetime": {"datetime": "2021-06-16 16:24:17", "elapsed": 7295.360362, "delta": 10.506549}}
{"target": -26.863199706490576, "params": {"C": 1.8904375095086516, "epsilon": 3.370722464353605, "gamma": 5.252778642193816, "lamda": 0.8304983982824098}, "datetime": {"datetime": "2021-06-16 16:24:30", "elapsed": 7307.693484, "delta": 12.333122}}
{"target": -20.71099343763121, "params": {"C": 7.757815557006553, "epsilon": 8.918588824372943, "gamma": 6.976878947010952, "lamda": 1.0915100016698558}, "datetime": {"datetime": "2021-06-16 16:24:40", "elapsed": 7317.784789, "delta": 10.091305}}
{"target": -20.435241550705925, "params": {"C": 3.1619187975322323, "epsilon": 0.8270621276067737, "gamma": 8.595264288617434, "lamda": 1.5570318670237535}, "datetime": {"datetime": "2021-06-16 16:24:52", "elapsed": 7329.844449, "delta": 12.05966}}
{"target": -20.80272436727728, "params": {"C": 7.840920373637376, "epsilon": 9.03527411435658, "gamma": 6.98589835588601, "lamda": 1.0316700135260213}, "datetime": {"datetime": "2021-06-16 16:25:10", "elapsed": 7348.538196, "delta": 18.693747}}
{"target": -21.790475458155456, "params": {"C": 6.337703706316785, "epsilon": 1.9945194493671796, "gamma": 7.696066623729051, "lamda": 0.7790918321863428}, "datetime": {"datetime": "2021-06-16 16:25:23", "elapsed": 7361.479305, "delta": 12.941109}}
{"target": -18.59394753773768, "params": {"C": 5.758516917664765, "epsilon": 9.508706284160967, "gamma": 9.38658352000826, "lamda": 0.9646344807380396}, "datetime": {"datetime": "2021-06-16 16:25:32", "elapsed": 7370.489013, "delta": 9.009708}}
{"target": -147.64640536345098, "params": {"C": 8.169598545181266, "epsilon": 8.626842181670705, "gamma": 8.352371974850591, "lamda": 3.2075791176608743}, "datetime": {"datetime": "2021-06-16 16:25:47", "elapsed": 7385.055115, "delta": 14.566102}}
{"target": -20.907310269003215, "params": {"C": 8.84318486774499, "epsilon": 5.587931595444017, "gamma": 6.140425303366636, "lamda": 2.5080682779802386}, "datetime": {"datetime": "2021-06-16 16:26:03", "elapsed": 7401.088549, "delta": 16.033434}}
{"target": -18.965482271601573, "params": {"C": 9.600923443987163, "epsilon": 5.835142422443815, "gamma": 8.771304476638234, "lamda": 1.581321768060428}, "datetime": {"datetime": "2021-06-16 16:26:22", "elapsed": 7420.474101, "delta": 19.385552}}
{"target": -19.130511847796463, "params": {"C": 9.111990930514091, "epsilon": 5.848694608130592, "gamma": 8.312207246283075, "lamda": 1.8825303339582944}, "datetime": {"datetime": "2021-06-16 16:26:35", "elapsed": 7433.008172, "delta": 12.534071}}
{"target": -19.76111307398652, "params": {"C": 3.135395660936624, "epsilon": 1.1628090258657104, "gamma": 9.083992471408793, "lamda": 1.57496621985179}, "datetime": {"datetime": "2021-06-16 16:26:45", "elapsed": 7442.772575, "delta": 9.764403}}
{"target": -21.412789724836063, "params": {"C": 2.340457129610227, "epsilon": 4.975275545257419, "gamma": 8.17812325057746, "lamda": 0.09158124700627038}, "datetime": {"datetime": "2021-06-16 16:26:54", "elapsed": 7452.027409, "delta": 9.254834}}
{"target": -98.44289801544886, "params": {"C": 8.231126727409835, "epsilon": 1.0705619841234828, "gamma": 1.0573993567538456, "lamda": 2.191754745284085}, "datetime": {"datetime": "2021-06-16 16:27:08", "elapsed": 7466.321682, "delta": 14.294273}}
{"target": -102.91701082627537, "params": {"C": 2.962127650168289, "epsilon": 6.100323738732864, "gamma": 0.4833309000344041, "lamda": 9.49752135851984}, "datetime": {"datetime": "2021-06-16 16:27:24", "elapsed": 7481.684348, "delta": 15.362666}}
{"target": -31.626773010617825, "params": {"C": 1.8252944644226934, "epsilon": 3.8241690388963963, "gamma": 5.176594982047829, "lamda": 0.6321974669395596}, "datetime": {"datetime": "2021-06-16 16:27:32", "elapsed": 7490.351594, "delta": 8.667246}}
{"target": -27.489247085446728, "params": {"C": 1.9760469954876847, "epsilon": 3.709794021072663, "gamma": 5.535522634493858, "lamda": 0.7470533776111221}, "datetime": {"datetime": "2021-06-16 16:27:43", "elapsed": 7501.257995, "delta": 10.906401}}
{"target": -21.741610802088765, "params": {"C": 2.5351438310884453, "epsilon": 5.184215081273738, "gamma": 7.967163608358871, "lamda": 0.16047240912088342}, "datetime": {"datetime": "2021-06-16 16:27:53", "elapsed": 7510.878042, "delta": 9.620047}}
{"target": -23.979915349368692, "params": {"C": 5.717459995279556, "epsilon": 1.6375881559619212, "gamma": 5.75344262457397, "lamda": 7.0035848785544355}, "datetime": {"datetime": "2021-06-16 16:28:17", "elapsed": 7534.575573, "delta": 23.697531}}
{"target": -111.9136778243847, "params": {"C": 8.161204846728934, "epsilon": 7.255810874193211, "gamma": 6.681612710412858, "lamda": 2.230074436098843}, "datetime": {"datetime": "2021-06-16 16:28:41", "elapsed": 7559.14288, "delta": 24.567307}}
{"target": -108.67324735962131, "params": {"C": 4.3098696976079305, "epsilon": 9.958512958059503, "gamma": 3.2451271993195, "lamda": 7.622549148137702}, "datetime": {"datetime": "2021-06-16 16:28:56", "elapsed": 7573.874964, "delta": 14.732084}}
{"target": -22.42531979541529, "params": {"C": 7.843608776378208, "epsilon": 2.128537421570584, "gamma": 7.089086330824479, "lamda": 1.337950012846246}, "datetime": {"datetime": "2021-06-16 16:29:03", "elapsed": 7581.512584, "delta": 7.63762}}
{"target": -99.50983377505098, "params": {"C": 4.656625273100484, "epsilon": 1.9753417878523385, "gamma": 3.3801710712502695, "lamda": 5.6037796666088076}, "datetime": {"datetime": "2021-06-16 16:29:18", "elapsed": 7596.180167, "delta": 14.667583}}
{"target": -15.335346928978574, "params": {"C": 6.636493515364931, "epsilon": 8.391718143467104, "gamma": 9.115276980868037, "lamda": 8.365571440937709}, "datetime": {"datetime": "2021-06-16 16:29:41", "elapsed": 7618.691972, "delta": 22.511805}}
{"target": -104.45623227552193, "params": {"C": 6.317248847346934, "epsilon": 5.91673079083126, "gamma": 8.413451219386632, "lamda": 5.693597264624493}, "datetime": {"datetime": "2021-06-16 16:29:56", "elapsed": 7634.1566, "delta": 15.464628}}
{"target": -133.36337441073726, "params": {"C": 9.575484598083174, "epsilon": 0.7198956802191202, "gamma": 8.722314563247075, "lamda": 4.174174632200313}, "datetime": {"datetime": "2021-06-16 16:30:11", "elapsed": 7648.850326, "delta": 14.693726}}
{"target": -22.179340631479604, "params": {"C": 7.978826531897869, "epsilon": 2.1146364934170663, "gamma": 7.15142779272918, "lamda": 1.5294476130465064}, "datetime": {"datetime": "2021-06-16 16:30:24", "elapsed": 7662.084019, "delta": 13.233693}}
{"target": -20.63303874155031, "params": {"C": 8.559875896061277, "epsilon": 6.327898177903789, "gamma": 6.544709137031349, "lamda": 2.1699612374632005}, "datetime": {"datetime": "2021-06-16 16:30:49", "elapsed": 7687.139022, "delta": 25.055003}}
{"target": -19.752888925038548, "params": {"C": 4.284050663934988, "epsilon": 2.689021834406384, "gamma": 9.436234057557575, "lamda": 0.13393597899349147}, "datetime": {"datetime": "2021-06-16 16:31:02", "elapsed": 7700.528316, "delta": 13.389294}}
{"target": -18.774620165812895, "params": {"C": 9.634077036967206, "epsilon": 5.896902290756529, "gamma": 9.03257882273295, "lamda": 1.6566605683578233}, "datetime": {"datetime": "2021-06-16 16:31:17", "elapsed": 7714.848389, "delta": 14.320073}}
{"target": -19.658173732873202, "params": {"C": 7.645324781630441, "epsilon": 9.138580880674334, "gamma": 7.10046653736622, "lamda": 1.5593533882087571}, "datetime": {"datetime": "2021-06-16 16:31:28", "elapsed": 7725.671502, "delta": 10.823113}}
{"target": -19.325668322298778, "params": {"C": 3.8088489643929346, "epsilon": 0.5965106690430858, "gamma": 9.720784730656336, "lamda": 1.43644916591196}, "datetime": {"datetime": "2021-06-16 16:31:42", "elapsed": 7740.145674, "delta": 14.474172}}
{"target": -18.72595780105506, "params": {"C": 9.22471140276496, "epsilon": 5.75875718237426, "gamma": 9.050153231318447, "lamda": 1.7544975967294452}, "datetime": {"datetime": "2021-06-16 16:31:59", "elapsed": 7757.003136, "delta": 16.857462}}
{"target": -19.37669154317968, "params": {"C": 3.4825295801863576, "epsilon": 0.4409115615957339, "gamma": 9.643695127361768, "lamda": 1.521175967102764}, "datetime": {"datetime": "2021-06-16 16:32:20", "elapsed": 7777.840789, "delta": 20.837653}}
{"target": -19.87969147804845, "params": {"C": 1.139702096736592, "epsilon": 7.840050566265305, "gamma": 8.243295301812383, "lamda": 0.9321004533594385}, "datetime": {"datetime": "2021-06-16 16:32:32", "elapsed": 7790.137569, "delta": 12.29678}}
{"target": -18.539900188106994, "params": {"C": 9.827104893009325, "epsilon": 5.883148116504783, "gamma": 8.68515731325141, "lamda": 2.111549329801668}, "datetime": {"datetime": "2021-06-16 16:32:47", "elapsed": 7805.42453, "delta": 15.286961}}
{"target": -21.845461474014584, "params": {"C": 6.256186617454638, "epsilon": 1.8428836515232327, "gamma": 7.6864240405297934, "lamda": 0.7307419817185137}, "datetime": {"datetime": "2021-06-16 16:33:05", "elapsed": 7823.300329, "delta": 17.875799}}
{"target": -20.42080381007328, "params": {"C": 9.632884330064163, "epsilon": 3.7093697995870807, "gamma": 8.344967551344205, "lamda": 0.9560729977399423}, "datetime": {"datetime": "2021-06-16 16:33:25", "elapsed": 7843.334983, "delta": 20.034654}}
{"target": -19.152065954843998, "params": {"C": 6.8549240362662065, "epsilon": 5.146696951253897, "gamma": 5.404856950993552, "lamda": 9.512383764849595}, "datetime": {"datetime": "2021-06-16 16:33:37", "elapsed": 7855.506995, "delta": 12.172012}}
{"target": -20.48925218453083, "params": {"C": 3.033658188805186, "epsilon": 0.9857605556619028, "gamma": 8.553864862426085, "lamda": 1.3174714206793796}, "datetime": {"datetime": "2021-06-16 16:33:51", "elapsed": 7869.271396, "delta": 13.764401}}
{"target": -20.717466128806983, "params": {"C": 9.806690743589193, "epsilon": 3.3898234537442806, "gamma": 8.201500876040333, "lamda": 0.8611498688474475}, "datetime": {"datetime": "2021-06-16 16:34:01", "elapsed": 7878.585812, "delta": 9.314416}}
{"target": -121.6313709462439, "params": {"C": 4.423341423788323, "epsilon": 5.873927689124595, "gamma": 5.509753857347906, "lamda": 8.424209803421135}, "datetime": {"datetime": "2021-06-16 16:34:23", "elapsed": 7901.298036, "delta": 22.712224}}
{"target": -20.565850860287302, "params": {"C": 9.557929749279715, "epsilon": 3.375416876855303, "gamma": 8.419367789451695, "lamda": 0.5970175773893606}, "datetime": {"datetime": "2021-06-16 16:34:48", "elapsed": 7926.330219, "delta": 25.032183}}
{"target": -20.54452910340982, "params": {"C": 2.6629347965766725, "epsilon": 0.9088679786290923, "gamma": 8.571126079523543, "lamda": 1.03719274029757}, "datetime": {"datetime": "2021-06-16 16:35:01", "elapsed": 7938.772677, "delta": 12.442458}}
{"target": -21.11537780292122, "params": {"C": 8.677095307996025, "epsilon": 6.5359027725849845, "gamma": 6.532565974393766, "lamda": 1.979917570366986}, "datetime": {"datetime": "2021-06-16 16:35:17", "elapsed": 7955.159278, "delta": 16.386601}}
{"target": -20.06354106181432, "params": {"C": 8.636443211329754, "epsilon": 6.841565773282714, "gamma": 6.7451477495651275, "lamda": 1.9988241328658414}, "datetime": {"datetime": "2021-06-16 16:35:35", "elapsed": 7972.904922, "delta": 17.745644}}
{"target": -125.77860957656726, "params": {"C": 4.49571209646675, "epsilon": 6.237302388965555, "gamma": 7.036709445552384, "lamda": 2.9702354561251765}, "datetime": {"datetime": "2021-06-16 16:35:58", "elapsed": 7995.942399, "delta": 23.037477}}
{"target": -100.80183692377831, "params": {"C": 8.905190615997887, "epsilon": 1.6917028900172, "gamma": 1.4473657859857647, "lamda": 8.48608193744008}, "datetime": {"datetime": "2021-06-16 16:36:23", "elapsed": 8020.858735, "delta": 24.916336}}
{"target": -20.668668757157043, "params": {"C": 9.011710308605377, "epsilon": 5.671392485526917, "gamma": 6.24965865039963, "lamda": 2.4064594832886934}, "datetime": {"datetime": "2021-06-16 16:36:38", "elapsed": 8035.881047, "delta": 15.022312}}
{"target": -102.72871870785431, "params": {"C": 7.560674203537408, "epsilon": 4.821890650002246, "gamma": 1.9165450195683915, "lamda": 6.722422880767478}, "datetime": {"datetime": "2021-06-16 16:37:01", "elapsed": 8059.295848, "delta": 23.414801}}
{"target": -486.97176359052514, "params": {"C": 0.14021669659314345, "epsilon": 7.183226379905482, "gamma": 8.212838053341049, "lamda": 8.534089517091843}, "datetime": {"datetime": "2021-06-16 16:37:34", "elapsed": 8092.096335, "delta": 32.800487}}
{"target": -104.03048777867457, "params": {"C": 2.135088876454, "epsilon": 7.02361301353714, "gamma": 4.142434017895862, "lamda": 7.401519799160275}, "datetime": {"datetime": "2021-06-16 16:38:01", "elapsed": 8118.983435, "delta": 26.8871}}
{"target": -103.50441377419904, "params": {"C": 2.297755077675858, "epsilon": 3.823411765855751, "gamma": 4.36608411687127, "lamda": 8.12706143968401}, "datetime": {"datetime": "2021-06-16 16:38:26", "elapsed": 8143.877496, "delta": 24.894061}}
{"target": -31.64600611310222, "params": {"C": 2.3762120198004073, "epsilon": 3.9496400294489344, "gamma": 5.345944192461283, "lamda": 0.5892363219750951}, "datetime": {"datetime": "2021-06-16 16:38:36", "elapsed": 8154.002858, "delta": 10.125362}}
{"target": -19.123603390220506, "params": {"C": 3.698009909557046, "epsilon": 0.7075175140212622, "gamma": 9.902315223925363, "lamda": 1.8734717082664174}, "datetime": {"datetime": "2021-06-16 16:38:50", "elapsed": 8168.102506, "delta": 14.099648}}
{"target": -102.30280453836305, "params": {"C": 0.13560653489282687, "epsilon": 1.231377677727718, "gamma": 4.402835442235951, "lamda": 4.753264075274626}, "datetime": {"datetime": "2021-06-16 16:39:26", "elapsed": 8203.601771, "delta": 35.499265}}
{"target": -19.364998593929965, "params": {"C": 3.7676380090986603, "epsilon": 0.5281573363092337, "gamma": 9.67554029685297, "lamda": 1.5611958530327275}, "datetime": {"datetime": "2021-06-16 16:39:41", "elapsed": 8218.824636, "delta": 15.222865}}
{"target": -20.056820489481456, "params": {"C": 8.13806857359812, "epsilon": 9.02141767123319, "gamma": 6.936348277822854, "lamda": 1.4205224619702506}, "datetime": {"datetime": "2021-06-16 16:39:53", "elapsed": 8231.549477, "delta": 12.724841}}
{"target": -25.22938538706041, "params": {"C": 5.652256323641055, "epsilon": 0.5083547328501076, "gamma": 5.967606469075829, "lamda": 9.813316968172769}, "datetime": {"datetime": "2021-06-16 16:40:05", "elapsed": 8243.138491, "delta": 11.589014}}
{"target": -135.31523735910002, "params": {"C": 2.518447224757192, "epsilon": 6.916716752401499, "gamma": 8.111352296782538, "lamda": 9.754547792400775}, "datetime": {"datetime": "2021-06-16 16:40:37", "elapsed": 8275.478051, "delta": 32.33956}}
{"target": -21.52590374568291, "params": {"C": 2.2857020277341666, "epsilon": 5.574269809845213, "gamma": 8.004540753853451, "lamda": 0.2781250595515702}, "datetime": {"datetime": "2021-06-16 16:40:59", "elapsed": 8296.74542, "delta": 21.267369}}
{"target": -104.51067616066887, "params": {"C": 5.218148973991587, "epsilon": 4.780327659746045, "gamma": 5.009304865812319, "lamda": 8.409479030491454}, "datetime": {"datetime": "2021-06-16 16:41:21", "elapsed": 8319.45576, "delta": 22.71034}}
{"target": -21.382503430242576, "params": {"C": 6.474153803466304, "epsilon": 2.2677781101865073, "gamma": 7.565775700869286, "lamda": 1.1585135081666724}, "datetime": {"datetime": "2021-06-16 16:41:41", "elapsed": 8338.78425, "delta": 19.32849}}
{"target": -20.080002358163647, "params": {"C": 5.76454043836708, "epsilon": 3.603864512264409, "gamma": 5.776838624152479, "lamda": 7.179087191174649}, "datetime": {"datetime": "2021-06-16 16:41:54", "elapsed": 8351.593412, "delta": 12.809162}}
{"target": -19.845238319343377, "params": {"C": 7.716524433238949, "epsilon": 9.27470874501676, "gamma": 7.071590368409308, "lamda": 1.4443117230919558}, "datetime": {"datetime": "2021-06-16 16:42:07", "elapsed": 8365.403363, "delta": 13.809951}}
{"target": -20.11093475872373, "params": {"C": 7.217478286553657, "epsilon": 8.795800652031845, "gamma": 7.069970284020125, "lamda": 1.3739672441394966}, "datetime": {"datetime": "2021-06-16 16:42:30", "elapsed": 8388.028867, "delta": 22.625504}}
{"target": -21.275266424792854, "params": {"C": 7.3171906684099595, "epsilon": 9.221105073926278, "gamma": 6.90069197506543, "lamda": 0.8615954305127209}, "datetime": {"datetime": "2021-06-16 16:42:51", "elapsed": 8408.661798, "delta": 20.632931}}
{"target": -18.839299024698494, "params": {"C": 9.717738188762176, "epsilon": 5.960652795026285, "gamma": 8.754503145238699, "lamda": 1.7009721983759534}, "datetime": {"datetime": "2021-06-16 16:43:03", "elapsed": 8420.596198, "delta": 11.9344}}
{"target": -19.205355759950763, "params": {"C": 9.009776694467297, "epsilon": 5.625495811966983, "gamma": 8.345853691347191, "lamda": 1.8388017760641708}, "datetime": {"datetime": "2021-06-16 16:43:19", "elapsed": 8436.790228, "delta": 16.19403}}
{"target": -21.39429943216275, "params": {"C": 6.278676272862333, "epsilon": 2.1373818604122587, "gamma": 7.473194797246655, "lamda": 1.3216491798743397}, "datetime": {"datetime": "2021-06-16 16:43:28", "elapsed": 8446.245507, "delta": 9.455279}}
{"target": -106.01874393844659, "params": {"C": 1.6185102652048078, "epsilon": 7.661053877495483, "gamma": 9.891496874597047, "lamda": 7.2582999785815145}, "datetime": {"datetime": "2021-06-16 16:44:03", "elapsed": 8481.146637, "delta": 34.90113}}
{"target": -20.131099659884605, "params": {"C": 1.153170465150914, "epsilon": 7.806277753439058, "gamma": 8.193088271362784, "lamda": 0.802229439145292}, "datetime": {"datetime": "2021-06-16 16:44:34", "elapsed": 8511.975436, "delta": 30.828799}}
{"target": -20.388334977748528, "params": {"C": 2.8521269298413356, "epsilon": 1.1497198465088778, "gamma": 8.568909143348579, "lamda": 1.4721599114860595}, "datetime": {"datetime": "2021-06-16 16:45:10", "elapsed": 8548.550266, "delta": 36.57483}}
{"target": -20.990796464106413, "params": {"C": 2.718927396460555, "epsilon": 3.2840091509509204, "gamma": 6.5007938115210795, "lamda": 3.493631465408847}, "datetime": {"datetime": "2021-06-16 16:45:26", "elapsed": 8563.726423, "delta": 15.176157}}
{"target": -20.79355138687392, "params": {"C": 2.9495842863294577, "epsilon": 5.666346281441364, "gamma": 6.289478982486447, "lamda": 2.4961442617684324}, "datetime": {"datetime": "2021-06-16 16:45:39", "elapsed": 8577.225278, "delta": 13.498855}}
{"target": -19.33045777732387, "params": {"C": 7.190326324285684, "epsilon": 8.805957671482854, "gamma": 7.367757874370885, "lamda": 1.537739499281001}, "datetime": {"datetime": "2021-06-16 16:45:53", "elapsed": 8590.88026, "delta": 13.654982}}
{"target": -120.37180406494832, "params": {"C": 1.1113311272984971, "epsilon": 9.499183814200482, "gamma": 5.742817121386376, "lamda": 7.132387120356573}, "datetime": {"datetime": "2021-06-16 16:46:27", "elapsed": 8625.36961, "delta": 34.48935}}
{"target": -22.349082057457927, "params": {"C": 6.331807298216113, "epsilon": 2.0192368449879736, "gamma": 7.229022356142527, "lamda": 0.8353243334118531}, "datetime": {"datetime": "2021-06-16 16:46:39", "elapsed": 8637.544292, "delta": 12.174682}}
{"target": -22.225303963682002, "params": {"C": 2.121126008494246, "epsilon": 5.252608149825688, "gamma": 7.802232932207954, "lamda": 0.39237370908724595}, "datetime": {"datetime": "2021-06-16 16:46:56", "elapsed": 8654.114393, "delta": 16.570101}}
{"target": -21.715276859704396, "params": {"C": 6.383203865988182, "epsilon": 1.810066758035615, "gamma": 7.550014835726319, "lamda": 0.770054954113924}, "datetime": {"datetime": "2021-06-16 16:47:09", "elapsed": 8666.780282, "delta": 12.665889}}
{"target": -97.92251040590487, "params": {"C": 3.7257863439053853, "epsilon": 8.905895104663045, "gamma": 5.21832284279203, "lamda": 4.0151971596776646}, "datetime": {"datetime": "2021-06-16 16:47:33", "elapsed": 8690.736409, "delta": 23.956127}}
{"target": -19.393444031151137, "params": {"C": 3.715026675490993, "epsilon": 9.972174484367981, "gamma": 7.074688059199676, "lamda": 1.6154267198907966}, "datetime": {"datetime": "2021-06-16 16:47:41", "elapsed": 8699.221905, "delta": 8.485496}}
{"target": -20.781938205367812, "params": {"C": 9.54876516505462, "epsilon": 3.233322156383612, "gamma": 8.1682318304831, "lamda": 0.86471508897768}, "datetime": {"datetime": "2021-06-16 16:47:55", "elapsed": 8712.935277, "delta": 13.713372}}
{"target": -21.814181131661147, "params": {"C": 6.324926435238613, "epsilon": 1.9499001958620457, "gamma": 7.765892351069997, "lamda": 0.7406822357966533}, "datetime": {"datetime": "2021-06-16 16:48:10", "elapsed": 8727.936594, "delta": 15.001317}}
{"target": -31.713540539754163, "params": {"C": 2.0439536963666063, "epsilon": 4.10207018476568, "gamma": 5.322018542653246, "lamda": 0.46946186025139086}, "datetime": {"datetime": "2021-06-16 16:48:26", "elapsed": 8743.874476, "delta": 15.937882}}
{"target": -104.29972814532023, "params": {"C": 2.7571617378723685, "epsilon": 6.122296690933386, "gamma": 2.3179253397172004, "lamda": 9.772102913003499}, "datetime": {"datetime": "2021-06-16 16:48:49", "elapsed": 8767.012944, "delta": 23.138468}}
{"target": -20.666898916468178, "params": {"C": 9.769773580662164, "epsilon": 3.7085958139403554, "gamma": 8.160021402513166, "lamda": 0.9136544253158009}, "datetime": {"datetime": "2021-06-16 16:49:00", "elapsed": 8777.587804, "delta": 10.57486}}
