{"target": -9.757568254973764, "params": {"C": 0.27367235802903767, "epsilon": 0.19877562341821417, "gamma": 0.2203663414591502, "lamda": 0.001}, "datetime": {"datetime": "2021-06-17 11:32:41", "elapsed": 221.027519, "delta": 1.572028}}
{"target": -9.881829907923244, "params": {"C": 0.14152098045754805, "epsilon": 0.3026472038385462, "gamma": 0.4869400671230031, "lamda": 0.2675266997267012}, "datetime": {"datetime": "2021-06-17 11:32:42", "elapsed": 222.462024, "delta": 1.434505}}
{"target": -9.706204378838367, "params": {"C": 0.14908756647372629, "epsilon": 0.1454286699261231, "gamma": 0.3725824257899633, "lamda": 0.1382591124913954}, "datetime": {"datetime": "2021-06-17 11:32:43", "elapsed": 223.803163, "delta": 1.341139}}
{"target": -9.558368010175023, "params": {"C": 0.13769833813580654, "epsilon": 0.04513605439428762, "gamma": 0.3029630271404697, "lamda": 0.33634363240221254}, "datetime": {"datetime": "2021-06-17 11:32:45", "elapsed": 225.353232, "delta": 1.550069}}
{"target": -9.40096837262515, "params": {"C": 0.059930299804166566, "epsilon": 0.20335307951258433, "gamma": 0.5392784795406635, "lamda": 0.05784111886519486}, "datetime": {"datetime": "2021-06-17 11:32:46", "elapsed": 226.709065, "delta": 1.355833}}
{"target": -9.76390612654172, "params": {"C": 0.2724545473142346, "epsilon": 0.024894263744214315, "gamma": 0.2724414326779267, "lamda": 0.41708593551546336}, "datetime": {"datetime": "2021-06-17 11:32:48", "elapsed": 228.113184, "delta": 1.404119}}
{"target": -9.444089047288205, "params": {"C": 0.04428582805272163, "epsilon": 0.2699337948280779, "gamma": 0.37530981994775886, "lamda": 0.27170293763304343}, "datetime": {"datetime": "2021-06-17 11:32:49", "elapsed": 229.115731, "delta": 1.002547}}
{"target": -4983.898670337465, "params": {"C": 6.483451526496343, "epsilon": 6.856890425897972, "gamma": 0.6977457798677181, "lamda": 0.4310813088926265}, "datetime": {"datetime": "2021-06-17 11:32:58", "elapsed": 238.953456, "delta": 9.837725}}
{"target": -9.693175517207187, "params": {"C": 0.34363475221163353, "epsilon": 0.04711907934668777, "gamma": 0.12817602766524563, "lamda": 0.3920057851283846}, "datetime": {"datetime": "2021-06-17 11:33:00", "elapsed": 240.187861, "delta": 1.234405}}
{"target": -9.543586702118484, "params": {"C": 0.1369633612233299, "epsilon": 0.15405122381266317, "gamma": 0.3199231129655937, "lamda": 0.40209339068508726}, "datetime": {"datetime": "2021-06-17 11:33:01", "elapsed": 241.174264, "delta": 0.986403}}
{"target": -10.527816715599194, "params": {"C": 1.165007503480849, "epsilon": 0.7773563710870319, "gamma": 0.33953300583606916, "lamda": 0.2120315665017376}, "datetime": {"datetime": "2021-06-17 11:33:02", "elapsed": 242.377317, "delta": 1.203053}}
{"target": -10.400365669981518, "params": {"C": 0.8402361179551666, "epsilon": 0.5214157968943144, "gamma": 0.2149438632759154, "lamda": 0.33182413747140366}, "datetime": {"datetime": "2021-06-17 11:33:03", "elapsed": 243.495291, "delta": 1.117974}}
{"target": -10.423113879674741, "params": {"C": 1.1036346537880477, "epsilon": 0.7007674711256234, "gamma": 0.29053223717050725, "lamda": 0.2817146402370085}, "datetime": {"datetime": "2021-06-17 11:33:04", "elapsed": 244.728923, "delta": 1.233632}}
{"target": -10.566176319718341, "params": {"C": 2.0388006003720958, "epsilon": 0.004339471582877374, "gamma": 0.13987666099266066, "lamda": 0.34261121071013084}, "datetime": {"datetime": "2021-06-17 11:33:05", "elapsed": 245.794164, "delta": 1.065241}}
{"target": -9.804337637777648, "params": {"C": 0.19330845754454942, "epsilon": 0.2783077535236349, "gamma": 0.3330299326371813, "lamda": 0.4251335515057825}, "datetime": {"datetime": "2021-06-17 11:33:07", "elapsed": 246.996888, "delta": 1.202724}}
{"target": -10.24798354694451, "params": {"C": 0.5495147195318719, "epsilon": 0.43709829920456084, "gamma": 0.32091458720388033, "lamda": 0.21695579754315156}, "datetime": {"datetime": "2021-06-17 11:33:08", "elapsed": 248.222453, "delta": 1.225565}}
{"target": -9.93977327839984, "params": {"C": 0.8462659800453253, "epsilon": 0.46993230145085335, "gamma": 0.10462191388205205, "lamda": 0.33444376629294054}, "datetime": {"datetime": "2021-06-17 11:33:09", "elapsed": 249.587927, "delta": 1.365474}}
{"target": -10.063794969940076, "params": {"C": 0.8778967725452481, "epsilon": 0.507118903971163, "gamma": 0.16566839985151224, "lamda": 0.21369471480064972}, "datetime": {"datetime": "2021-06-17 11:33:10", "elapsed": 250.642882, "delta": 1.054955}}
{"target": -9.930373283337087, "params": {"C": 0.6130572604719065, "epsilon": 0.30555390855660863, "gamma": 0.15062933254441993, "lamda": 0.31080527005004227}, "datetime": {"datetime": "2021-06-17 11:33:11", "elapsed": 251.930122, "delta": 1.28724}}
{"target": -3447.5664640528407, "params": {"C": 5.868339974957945, "epsilon": 4.664824540385765, "gamma": 0.27459187983438593, "lamda": 0.4513607216726692}, "datetime": {"datetime": "2021-06-17 11:33:22", "elapsed": 262.206874, "delta": 10.276752}}
{"target": -9.778799437706201, "params": {"C": 0.24686723297497604, "epsilon": 0.13374818697955743, "gamma": 0.1885881091147165, "lamda": 0.08562817317339594}, "datetime": {"datetime": "2021-06-17 11:33:23", "elapsed": 263.555185, "delta": 1.348311}}
{"target": -9.420436339283981, "params": {"C": 0.07066899291525766, "epsilon": 0.19756814585230523, "gamma": 0.44837968522555594, "lamda": 0.2839752362415746}, "datetime": {"datetime": "2021-06-17 11:33:24", "elapsed": 264.558473, "delta": 1.003288}}
{"target": -18.310906612757762, "params": {"C": 5.113970046792883, "epsilon": 6.864735560444887, "gamma": 1.319531869834148, "lamda": 0.4247589599547185}, "datetime": {"datetime": "2021-06-17 11:33:25", "elapsed": 265.567391, "delta": 1.008918}}
{"target": -3305.282938911672, "params": {"C": 6.46858682090133, "epsilon": 0.5537483640578916, "gamma": 0.2524655070628532, "lamda": 0.4368016740548016}, "datetime": {"datetime": "2021-06-17 11:33:37", "elapsed": 277.03422, "delta": 11.466829}}
{"target": -9.842993683795804, "params": {"C": 0.3969647177316247, "epsilon": 0.20634179625224483, "gamma": 0.20236062292027943, "lamda": 0.05591776361619823}, "datetime": {"datetime": "2021-06-17 11:33:38", "elapsed": 278.420714, "delta": 1.386494}}
{"target": -9.645036858722086, "params": {"C": 0.4182071266556503, "epsilon": 0.05948469579029018, "gamma": 0.09467946340059372, "lamda": 0.39384136260853864}, "datetime": {"datetime": "2021-06-17 11:33:39", "elapsed": 279.679854, "delta": 1.25914}}
{"target": -17.407554875216746, "params": {"C": 2.211488476187632, "epsilon": 5.717608216598903, "gamma": 1.6973449908091007, "lamda": 0.1321581675026781}, "datetime": {"datetime": "2021-06-17 11:33:40", "elapsed": 280.653214, "delta": 0.97336}}
{"target": -10.483184283867423, "params": {"C": 0.8940726966388162, "epsilon": 0.5485660657009708, "gamma": 0.22968365559898235, "lamda": 0.31409627827126235}, "datetime": {"datetime": "2021-06-17 11:33:41", "elapsed": 281.913783, "delta": 1.260569}}
{"target": -10.067551000930166, "params": {"C": 0.38417961380756666, "epsilon": 0.39672735484401833, "gamma": 0.2544578362245481, "lamda": 0.2700334630273208}, "datetime": {"datetime": "2021-06-17 11:33:43", "elapsed": 283.185779, "delta": 1.271996}}
{"target": -10.269236674377407, "params": {"C": 0.5192482017391711, "epsilon": 0.12791544224706616, "gamma": 0.048731674381388985, "lamda": 0.2978742576288879}, "datetime": {"datetime": "2021-06-17 11:33:44", "elapsed": 284.805038, "delta": 1.619259}}
{"target": -20.54179988804029, "params": {"C": 7.740683705727848, "epsilon": 0.976551515569894, "gamma": 1.1672870755332645, "lamda": 0.07736906786734836}, "datetime": {"datetime": "2021-06-17 11:33:45", "elapsed": 285.863529, "delta": 1.058491}}
{"target": -9.945151714650045, "params": {"C": 0.5959376219382264, "epsilon": 0.2950610193601073, "gamma": 0.18240036811626348, "lamda": 0.08263912057846602}, "datetime": {"datetime": "2021-06-17 11:33:47", "elapsed": 287.767839, "delta": 1.90431}}
{"target": -9.857043670887531, "params": {"C": 0.6829331573684165, "epsilon": 0.2489365662292542, "gamma": 0.12065108423592351, "lamda": 0.25277567607552626}, "datetime": {"datetime": "2021-06-17 11:33:49", "elapsed": 289.233936, "delta": 1.466097}}
{"target": -9.765560145826441, "params": {"C": 0.28684513987151805, "epsilon": 0.2849024702690366, "gamma": 0.230653872549051, "lamda": 0.354217291801989}, "datetime": {"datetime": "2021-06-17 11:33:50", "elapsed": 290.522059, "delta": 1.288123}}
{"target": -23.488228000968434, "params": {"C": 4.766445367594408, "epsilon": 7.357815226759412, "gamma": 1.5578887826253074, "lamda": 0.2752643190456646}, "datetime": {"datetime": "2021-06-17 11:33:51", "elapsed": 291.739038, "delta": 1.216979}}
{"target": -26.28175966679643, "params": {"C": 4.012446299070189, "epsilon": 1.1024052861096776, "gamma": 1.9783788547238916, "lamda": 0.2621327648413641}, "datetime": {"datetime": "2021-06-17 11:33:52", "elapsed": 292.77671, "delta": 1.037672}}
{"target": -10.284725632129527, "params": {"C": 0.7633055606558002, "epsilon": 0.4724098796723894, "gamma": 0.19309478653566076, "lamda": 0.37533431826028624}, "datetime": {"datetime": "2021-06-17 11:33:54", "elapsed": 294.481383, "delta": 1.704673}}
{"target": -9.754256660089583, "params": {"C": 0.28176668399988347, "epsilon": 0.13097970856391716, "gamma": 0.22570715497610863, "lamda": 0.03377499440971174}, "datetime": {"datetime": "2021-06-17 11:33:56", "elapsed": 296.147585, "delta": 1.666202}}
{"target": -9.890363369288293, "params": {"C": 0.48875300903263214, "epsilon": 0.23829262877480878, "gamma": 0.1753905597475814, "lamda": 0.05878829740287714}, "datetime": {"datetime": "2021-06-17 11:33:57", "elapsed": 297.5884, "delta": 1.440815}}
{"target": -9.996201386994088, "params": {"C": 0.8008724884954191, "epsilon": 0.3527610253458682, "gamma": 0.15445434116169726, "lamda": 0.1378278462818744}, "datetime": {"datetime": "2021-06-17 11:33:58", "elapsed": 298.921856, "delta": 1.333456}}
{"target": -10.299937274523394, "params": {"C": 0.43888999272007834, "epsilon": 0.4030219315347684, "gamma": 0.28477566626516576, "lamda": 0.1789461211909482}, "datetime": {"datetime": "2021-06-17 11:34:00", "elapsed": 300.725725, "delta": 1.803869}}
{"target": -9.830674067649952, "params": {"C": 0.507163622216172, "epsilon": 0.19221138910579416, "gamma": 0.11654411271571936, "lamda": 0.2727418219654299}, "datetime": {"datetime": "2021-06-17 11:34:02", "elapsed": 302.379196, "delta": 1.653471}}
{"target": -9.610754679644305, "params": {"C": 0.16123463709508237, "epsilon": 0.12087142768808969, "gamma": 0.28556330907006655, "lamda": 0.05798839957083412}, "datetime": {"datetime": "2021-06-17 11:34:03", "elapsed": 303.949961, "delta": 1.570765}}
{"target": -9.846431169296462, "params": {"C": 0.4034009529789368, "epsilon": 0.28473251277350037, "gamma": 0.19275935292923094, "lamda": 0.2891775047671692}, "datetime": {"datetime": "2021-06-17 11:34:05", "elapsed": 305.167921, "delta": 1.21796}}
{"target": -9.88243686494101, "params": {"C": 0.22505840537513896, "epsilon": 0.12405978906933321, "gamma": 0.3151428330521313, "lamda": 0.3002008473426155}, "datetime": {"datetime": "2021-06-17 11:34:06", "elapsed": 306.641373, "delta": 1.473452}}
{"target": -4584.533791540331, "params": {"C": 5.83892711397173, "epsilon": 1.6656705207322322, "gamma": 0.42688229887256196, "lamda": 0.4304727534111892}, "datetime": {"datetime": "2021-06-17 11:34:16", "elapsed": 316.73159, "delta": 10.090217}}
{"target": -9.653874118977782, "params": {"C": 0.1, "epsilon": 0.01, "gamma": 0.3, "lamda": 0.2}, "datetime": {"datetime": "2021-06-17 10:37:35", "elapsed": 0.0, "delta": 0.0}}
{"target": -159.02610024303277, "params": {"C": 4.176049826978714, "epsilon": 7.20352460992814, "gamma": 0.010227605886516325, "lamda": 0.15186395374328804}, "datetime": {"datetime": "2021-06-17 10:37:45", "elapsed": 9.833536, "delta": 9.833536}}
{"target": -11.491969272581848, "params": {"C": 1.4760913492629593, "epsilon": 0.9242936090932092, "gamma": 0.3806578206415651, "lamda": 0.1734348027944808}, "datetime": {"datetime": "2021-06-17 10:37:46", "elapsed": 10.452134, "delta": 0.618598}}
{"target": -14.509812268781833, "params": {"C": 3.9737070675643924, "epsilon": 5.388628523299567, "gamma": 0.8441970836625566, "lamda": 0.342924530697983}, "datetime": {"datetime": "2021-06-17 10:37:46", "elapsed": 11.021183, "delta": 0.569049}}
{"target": -9.615455701485608, "params": {"C": 2.052477974817859, "epsilon": 8.781296246473064, "gamma": 0.06450131046387306, "lamda": 0.3355632875790227}, "datetime": {"datetime": "2021-06-17 10:37:47", "elapsed": 11.741882, "delta": 0.720699}}
{"target": -12.688676614659903, "params": {"C": 4.178874975647599, "epsilon": 5.587339594629071, "gamma": 0.2893700078045152, "lamda": 0.09985264305335452}, "datetime": {"datetime": "2021-06-17 10:37:48", "elapsed": 12.43321, "delta": 0.691328}}
{"target": -4897.808474538777, "params": {"C": 8.009438241068612, "epsilon": 9.682647495618255, "gamma": 0.6337141145368933, "lamda": 0.3464689852189877}, "datetime": {"datetime": "2021-06-17 10:37:54", "elapsed": 18.68651, "delta": 6.2533}}
{"target": -11.375507431370048, "params": {"C": 8.765127631437423, "epsilon": 8.946172028374969, "gamma": 0.17923798062585805, "lamda": 0.0204883368332083}, "datetime": {"datetime": "2021-06-17 10:37:55", "elapsed": 19.350529, "delta": 0.664019}}
{"target": -10.457233611405814, "params": {"C": 1.7066058914500433, "epsilon": 8.781546891790702, "gamma": 0.2057101993277697, "lamda": 0.21113270487752103}, "datetime": {"datetime": "2021-06-17 10:37:55", "elapsed": 19.980765, "delta": 0.630236}}
{"target": -27.48691656201615, "params": {"C": 9.579316406203514, "epsilon": 5.332119684445198, "gamma": 1.386835456761442, "lamda": 0.1584422998720254}, "datetime": {"datetime": "2021-06-17 10:37:56", "elapsed": 20.584922, "delta": 0.604157}}
{"target": -812.9196145042133, "params": {"C": 6.86814426753902, "epsilon": 8.346422093301832, "gamma": 0.046393671914941696, "lamda": 0.37532201315753877}, "datetime": {"datetime": "2021-06-17 10:38:05", "elapsed": 29.51361, "delta": 8.928688}}
{"target": -5453.79548788922, "params": {"C": 9.888722278175882, "epsilon": 7.4819083781440145, "gamma": 0.5680835442081663, "lamda": 0.3948503848972928}, "datetime": {"datetime": "2021-06-17 10:38:15", "elapsed": 39.255441, "delta": 9.741831}}
{"target": -14.773991183921892, "params": {"C": 1.0412278057106439, "epsilon": 4.479487368232876, "gamma": 1.81810505115526, "lamda": 0.14751346003846608}, "datetime": {"datetime": "2021-06-17 10:38:15", "elapsed": 39.860821, "delta": 0.60538}}
{"target": -915.727815029183, "params": {"C": 2.8848756324776237, "epsilon": 1.3011556926106584, "gamma": 0.04854024616189118, "lamda": 0.3397389309370056}, "datetime": {"datetime": "2021-06-17 10:38:24", "elapsed": 49.103987, "delta": 9.243166}}
{"target": -14.923656110541373, "params": {"C": 2.1241648788405896, "epsilon": 2.65620104706289, "gamma": 0.9882305869678732, "lamda": 0.027627910013423112}, "datetime": {"datetime": "2021-06-17 10:38:25", "elapsed": 49.630401, "delta": 0.526414}}
{"target": -5312.495415487102, "params": {"C": 5.74543487886521, "epsilon": 1.4681390204831957, "gamma": 1.1827180184375357, "lamda": 0.35017942165044463}, "datetime": {"datetime": "2021-06-17 10:38:34", "elapsed": 58.909821, "delta": 9.27942}}
{"target": -13.006399561074295, "params": {"C": 1.03232094398998, "epsilon": 4.141145822207864, "gamma": 1.3918563138782127, "lamda": 0.2076754554939244}, "datetime": {"datetime": "2021-06-17 10:38:35", "elapsed": 59.426902, "delta": 0.517081}}
{"target": -12.435443822840286, "params": {"C": 0.5090350548714108, "epsilon": 5.359428162749201, "gamma": 1.3309513439873797, "lamda": 0.25792966691709596}, "datetime": {"datetime": "2021-06-17 10:38:35", "elapsed": 59.959597, "delta": 0.532695}}
{"target": -28.17087324563478, "params": {"C": 9.446501612348225, "epsilon": 5.865963849979428, "gamma": 1.8077698114228882, "lamda": 0.06959987736897252}, "datetime": {"datetime": "2021-06-17 10:38:36", "elapsed": 60.53162, "delta": 0.572023}}
{"target": -13.489405700845602, "params": {"C": 1.401370709035078, "epsilon": 8.074105495806528, "gamma": 0.8013769056012118, "lamda": 0.08351174436134946}, "datetime": {"datetime": "2021-06-17 10:38:36", "elapsed": 61.090929, "delta": 0.559309}}
{"target": -5477.313417171255, "params": {"C": 9.275810718156379, "epsilon": 3.47831083159532, "gamma": 1.5041160852409494, "lamda": 0.3632729946898753}, "datetime": {"datetime": "2021-06-17 10:38:46", "elapsed": 70.940035, "delta": 9.849106}}
{"target": -31.47698730397657, "params": {"C": 8.834227851146041, "epsilon": 6.237098398349034, "gamma": 1.504375443714401, "lamda": 0.17510027264694342}, "datetime": {"datetime": "2021-06-17 10:38:47", "elapsed": 71.503084, "delta": 0.563049}}
{"target": -15.274673693208888, "params": {"C": 2.7065796387326104, "epsilon": 8.958966295742472, "gamma": 0.8619014678438769, "lamda": 0.4824551835270444}, "datetime": {"datetime": "2021-06-17 10:38:47", "elapsed": 72.119554, "delta": 0.61647}}
{"target": -3336.712347144087, "params": {"C": 6.637780563206296, "epsilon": 6.217335506371009, "gamma": 0.23834448617721662, "lamda": 0.47479514009482854}, "datetime": {"datetime": "2021-06-17 10:38:57", "elapsed": 81.824554, "delta": 9.705}}
{"target": -14.731499375947998, "params": {"C": 4.5046222134646055, "epsilon": 5.784317754256931, "gamma": 0.8221922374949495, "lamda": 0.11927646314127083}, "datetime": {"datetime": "2021-06-17 10:38:58", "elapsed": 82.41024, "delta": 0.585686}}
{"target": -279.78615530189734, "params": {"C": 9.034761410416916, "epsilon": 5.737221187236187, "gamma": 0.01571195079200635, "lamda": 0.3089553118967412}, "datetime": {"datetime": "2021-06-17 10:39:07", "elapsed": 91.748169, "delta": 9.337929}}
{"target": -19.919933364117238, "params": {"C": 3.2731825687032403, "epsilon": 5.271053964473836, "gamma": 1.7730247776284414, "lamda": 0.1792776102412474}, "datetime": {"datetime": "2021-06-17 10:39:08", "elapsed": 92.401218, "delta": 0.653049}}
{"target": -789.188702843151, "params": {"C": 9.086266157688794, "epsilon": 6.233977797802236, "gamma": 0.041484273264647, "lamda": 0.4647891796381369}, "datetime": {"datetime": "2021-06-17 10:39:17", "elapsed": 101.579793, "delta": 9.178575}}
{"target": -15.952604596613753, "params": {"C": 6.91206020599407, "epsilon": 9.973231181664353, "gamma": 0.3529576116072038, "lamda": 0.06943073906481}, "datetime": {"datetime": "2021-06-17 10:39:18", "elapsed": 102.227411, "delta": 0.647618}}
{"target": -2203.4988334479335, "params": {"C": 9.326628675741263, "epsilon": 6.9684847967375125, "gamma": 0.14134034371690435, "lamda": 0.3779760632486307}, "datetime": {"datetime": "2021-06-17 10:39:28", "elapsed": 112.219771, "delta": 9.99236}}
{"target": -31.556761363798604, "params": {"C": 7.5412231227278514, "epsilon": 9.230322330929287, "gamma": 1.4259342696706587, "lamda": 0.06301121002411018}, "datetime": {"datetime": "2021-06-17 10:39:28", "elapsed": 112.816218, "delta": 0.596447}}
{"target": -10.354058869293722, "params": {"C": 0.20860253705955795, "epsilon": 0.26308365779031506, "gamma": 0.06632991116138126, "lamda": 0.1238593227339199}, "datetime": {"datetime": "2021-06-17 10:39:29", "elapsed": 113.35342, "delta": 0.537202}}
{"target": -5841.042133725758, "params": {"C": 8.601679207342052, "epsilon": 5.3887718123521875, "gamma": 1.1101157375846742, "lamda": 0.42117341528744323}, "datetime": {"datetime": "2021-06-17 10:39:40", "elapsed": 125.060721, "delta": 11.707301}}
{"target": -13.04269335375508, "params": {"C": 1.2504914180479123, "epsilon": 2.792557606432384, "gamma": 1.1756609502019928, "lamda": 0.4848282784115176}, "datetime": {"datetime": "2021-06-17 10:39:41", "elapsed": 125.785108, "delta": 0.724387}}
{"target": -22.850734566482945, "params": {"C": 5.614691890364543, "epsilon": 0.1874542464400573, "gamma": 1.6032590186344264, "lamda": 0.1172541626466692}, "datetime": {"datetime": "2021-06-17 10:39:42", "elapsed": 126.517986, "delta": 0.732878}}
{"target": -34.03926866288708, "params": {"C": 8.072980904231603, "epsilon": 3.8792185799976533, "gamma": 1.728448290573263, "lamda": 0.37381369972585515}, "datetime": {"datetime": "2021-06-17 10:39:43", "elapsed": 127.218655, "delta": 0.700669}}
{"target": -10.808474255456407, "params": {"C": 5.566839937564285, "epsilon": 1.3654158013811895, "gamma": 0.1292362021293012, "lamda": 0.061550384414627936}, "datetime": {"datetime": "2021-06-17 10:39:44", "elapsed": 128.320983, "delta": 1.102328}}
{"target": -10.074244299049118, "params": {"C": 0.45507326666216963, "epsilon": 1.075833796931823, "gamma": 0.45916158382963085, "lamda": 0.35678150121095564}, "datetime": {"datetime": "2021-06-17 10:39:44", "elapsed": 128.97763, "delta": 0.656647}}
{"target": -2445.0223013936165, "params": {"C": 5.6015726507208825, "epsilon": 0.12654724561099942, "gamma": 0.15322881658207868, "lamda": 0.48367088867013575}, "datetime": {"datetime": "2021-06-17 10:39:59", "elapsed": 144.004618, "delta": 15.026988}}
{"target": -4742.912710600449, "params": {"C": 5.685323614580222, "epsilon": 2.033729053375244, "gamma": 0.5121282316949436, "lamda": 0.37216910118347135}, "datetime": {"datetime": "2021-06-17 10:40:14", "elapsed": 158.310566, "delta": 14.305948}}
{"target": -18.227966067929312, "params": {"C": 1.9623405162820948, "epsilon": 5.814007913805305, "gamma": 1.9403397782857414, "lamda": 0.42356757194352757}, "datetime": {"datetime": "2021-06-17 10:40:14", "elapsed": 159.048639, "delta": 0.738073}}
{"target": -15.804592820143407, "params": {"C": 2.4060791138843856, "epsilon": 4.938203372973032, "gamma": 1.2437118795789457, "lamda": 0.4146614688755392}, "datetime": {"datetime": "2021-06-17 10:40:16", "elapsed": 160.136015, "delta": 1.087376}}
