{"target": -21.689746620292944, "params": {"C": 6.158463852329356, "epsilon": 2.250090862450215, "gamma": 7.472994259998756, "lamda": 0.7788865535630141}, "datetime": {"datetime": "2021-06-16 14:53:06", "elapsed": 1824.02189, "delta": 1.372356}}
{"target": -18.729719352405965, "params": {"C": 9.739474006991324, "epsilon": 5.62796604992233, "gamma": 8.794664093609383, "lamda": 1.9033482068538154}, "datetime": {"datetime": "2021-06-16 14:53:07", "elapsed": 1825.424993, "delta": 1.403103}}
{"target": -18.754028183490508, "params": {"C": 9.688378400846048, "epsilon": 5.634398976292688, "gamma": 8.868266597512143, "lamda": 1.8614780279051468}, "datetime": {"datetime": "2021-06-16 14:53:09", "elapsed": 1826.928363, "delta": 1.50337}}
{"target": -19.787277655285905, "params": {"C": 3.0001579221164802, "epsilon": 0.715269820988687, "gamma": 8.920346355753894, "lamda": 1.2785574530978199}, "datetime": {"datetime": "2021-06-16 14:53:11", "elapsed": 1828.661341, "delta": 1.732978}}
{"target": -20.058815986851478, "params": {"C": 5.955503401284887, "epsilon": 3.6072079513856043, "gamma": 5.711952938560802, "lamda": 7.548111661168484}, "datetime": {"datetime": "2021-06-16 14:53:12", "elapsed": 1829.663265, "delta": 1.001924}}
{"target": -19.286679674487438, "params": {"C": 3.46984887669197, "epsilon": 0.7509749671759149, "gamma": 9.671585878281075, "lamda": 1.852460522050933}, "datetime": {"datetime": "2021-06-16 14:53:13", "elapsed": 1830.920158, "delta": 1.256893}}
{"target": -20.657237138475615, "params": {"C": 9.790546038560647, "epsilon": 3.1740528377737682, "gamma": 8.346941949686533, "lamda": 0.7562969334413363}, "datetime": {"datetime": "2021-06-16 14:53:14", "elapsed": 1832.482912, "delta": 1.562754}}
{"target": -21.55662475014078, "params": {"C": 6.301219561865737, "epsilon": 2.00899538074672, "gamma": 7.525784053449988, "lamda": 1.0286541710657542}, "datetime": {"datetime": "2021-06-16 14:53:16", "elapsed": 1833.874999, "delta": 1.392087}}
{"target": -103.05307439062491, "params": {"C": 9.124786073861038, "epsilon": 4.55339058892938, "gamma": 4.165787337795462, "lamda": 3.2813352450699753}, "datetime": {"datetime": "2021-06-16 14:53:25", "elapsed": 1843.197003, "delta": 9.322004}}
{"target": -20.13734982001982, "params": {"C": 7.98316317034883, "epsilon": 8.964152154427506, "gamma": 7.017511951828403, "lamda": 1.3641317338237067}, "datetime": {"datetime": "2021-06-16 14:53:27", "elapsed": 1844.670486, "delta": 1.473483}}
{"target": -21.126602736044937, "params": {"C": 8.49133179787297, "epsilon": 6.534642270869967, "gamma": 6.40252349557018, "lamda": 2.1438125638238725}, "datetime": {"datetime": "2021-06-16 14:53:28", "elapsed": 1845.874774, "delta": 1.204288}}
{"target": -21.014871214239626, "params": {"C": 9.597473274654769, "epsilon": 3.3288386979415456, "gamma": 8.231947913307916, "lamda": 0.45780432430485785}, "datetime": {"datetime": "2021-06-16 14:53:29", "elapsed": 1847.241713, "delta": 1.366939}}
{"target": -121.2627360218386, "params": {"C": 7.193817129753845, "epsilon": 2.7178811182967166, "gamma": 3.8672177370280694, "lamda": 8.81525088314161}, "datetime": {"datetime": "2021-06-16 14:53:39", "elapsed": 1856.885377, "delta": 9.643664}}
{"target": -109.85162667207058, "params": {"C": 0.7713643399074086, "epsilon": 1.5853678540121325, "gamma": 1.8603158231294654, "lamda": 3.6852844151707016}, "datetime": {"datetime": "2021-06-16 14:53:49", "elapsed": 1866.609717, "delta": 9.72434}}
{"target": -18.781857204610027, "params": {"C": 9.54389818236869, "epsilon": 5.708011740831801, "gamma": 8.733610713556615, "lamda": 1.8438504938896005}, "datetime": {"datetime": "2021-06-16 14:53:50", "elapsed": 1868.044386, "delta": 1.434669}}
{"target": -14.726402334778745, "params": {"C": 0.1224062083638612, "epsilon": 9.880027873264678, "gamma": 7.762244022556396, "lamda": 0.29888738908160073}, "datetime": {"datetime": "2021-06-16 14:53:51", "elapsed": 1869.196962, "delta": 1.152576}}
{"target": -21.62593672295107, "params": {"C": 6.3246479610503314, "epsilon": 2.1927288955767144, "gamma": 7.471824293118252, "lamda": 0.9020905560446127}, "datetime": {"datetime": "2021-06-16 14:53:52", "elapsed": 1870.404881, "delta": 1.207919}}
{"target": -106.05893358180994, "params": {"C": 4.133358401573698, "epsilon": 7.3528555021161095, "gamma": 0.1335871403355303, "lamda": 3.0404303640618724}, "datetime": {"datetime": "2021-06-16 14:54:02", "elapsed": 1880.092817, "delta": 9.687936}}
{"target": -101.86755754076327, "params": {"C": 3.41629177270014, "epsilon": 6.6136005785396526, "gamma": 2.233239470631868, "lamda": 1.320685675130035}, "datetime": {"datetime": "2021-06-16 14:54:09", "elapsed": 1886.651193, "delta": 6.558376}}
{"target": -25.976195974085105, "params": {"C": 2.4048142107811574, "epsilon": 3.551731756536746, "gamma": 5.441346747946842, "lamda": 0.9093124236589947}, "datetime": {"datetime": "2021-06-16 14:54:10", "elapsed": 1887.845433, "delta": 1.19424}}
{"target": -107.91615951181817, "params": {"C": 2.8518923246994907, "epsilon": 4.524648744677859, "gamma": 5.270493010254398, "lamda": 9.49426909311616}, "datetime": {"datetime": "2021-06-16 14:54:20", "elapsed": 1897.706366, "delta": 9.860933}}
{"target": -19.969932358000786, "params": {"C": 7.831267801651389, "epsilon": 9.108937772811224, "gamma": 7.120354594910275, "lamda": 1.3768612079341698}, "datetime": {"datetime": "2021-06-16 14:54:21", "elapsed": 1899.125719, "delta": 1.419353}}
{"target": -21.246912406928697, "params": {"C": 9.565221652511113, "epsilon": 3.568259025527653, "gamma": 7.977951744888757, "lamda": 0.6661987362564306}, "datetime": {"datetime": "2021-06-16 14:54:22", "elapsed": 1900.403831, "delta": 1.278112}}
{"target": -22.01284075934678, "params": {"C": 6.134475157646198, "epsilon": 2.1911107215376124, "gamma": 7.425084269643037, "lamda": 0.8186846192260443}, "datetime": {"datetime": "2021-06-16 14:54:24", "elapsed": 1901.984939, "delta": 1.581108}}
{"target": -122.89562968396311, "params": {"C": 0.32555332412987176, "epsilon": 3.6743061555217245, "gamma": 6.5366894528680115, "lamda": 7.982499258981623}, "datetime": {"datetime": "2021-06-16 14:54:39", "elapsed": 1917.136929, "delta": 15.15199}}
{"target": -18.293624283019664, "params": {"C": 9.706924983651914, "epsilon": 5.691765126271632, "gamma": 8.928739477153659, "lamda": 2.045968116866009}, "datetime": {"datetime": "2021-06-16 14:54:40", "elapsed": 1918.517903, "delta": 1.380974}}
{"target": -106.7235208564654, "params": {"C": 8.28242372488218, "epsilon": 6.8385697038177335, "gamma": 6.918225013611473, "lamda": 2.2119589297745184}, "datetime": {"datetime": "2021-06-16 14:54:50", "elapsed": 1928.539064, "delta": 10.021161}}
{"target": -19.19205995780687, "params": {"C": 5.594581064767038, "epsilon": 3.742396253746914, "gamma": 5.785027487916697, "lamda": 7.2501507311431075}, "datetime": {"datetime": "2021-06-16 14:54:52", "elapsed": 1929.94214, "delta": 1.403076}}
{"target": -30.286450210365622, "params": {"C": 1.9671618197656664, "epsilon": 3.787282294165268, "gamma": 5.348680124747137, "lamda": 0.9216782388874064}, "datetime": {"datetime": "2021-06-16 14:54:54", "elapsed": 1931.748077, "delta": 1.805937}}
{"target": -45.066498694415095, "params": {"C": 5.286276141978792, "epsilon": 1.4465274171619265, "gamma": 3.8571044457798638, "lamda": 0.2859609109313124}, "datetime": {"datetime": "2021-06-16 14:54:55", "elapsed": 1933.089576, "delta": 1.341499}}
{"target": -20.273882277040528, "params": {"C": 3.034464171496782, "epsilon": 1.0414026959406912, "gamma": 8.672659695426065, "lamda": 1.220753045046743}, "datetime": {"datetime": "2021-06-16 14:54:57", "elapsed": 1935.072526, "delta": 1.98295}}
{"target": -19.38170735925261, "params": {"C": 3.988228052251293, "epsilon": 0.7335503525030063, "gamma": 9.585374086320764, "lamda": 1.529482318776559}, "datetime": {"datetime": "2021-06-16 14:54:59", "elapsed": 1936.710663, "delta": 1.638137}}
{"target": -19.762414990901355, "params": {"C": 8.522907412389364, "epsilon": 6.7713418953755085, "gamma": 7.055931705371662, "lamda": 2.0172054734452214}, "datetime": {"datetime": "2021-06-16 14:55:00", "elapsed": 1938.409806, "delta": 1.699143}}
{"target": -18.692437851513148, "params": {"C": 9.519499700830025, "epsilon": 5.755548442066498, "gamma": 9.124313031252262, "lamda": 1.479554926145789}, "datetime": {"datetime": "2021-06-16 14:55:02", "elapsed": 1940.423664, "delta": 2.013858}}
{"target": -20.930077941600185, "params": {"C": 9.493806678658087, "epsilon": 3.4073754069954276, "gamma": 8.273347726543383, "lamda": 0.4881868940909643}, "datetime": {"datetime": "2021-06-16 14:55:04", "elapsed": 1941.952422, "delta": 1.528758}}
{"target": -21.64282168892455, "params": {"C": 6.681801222700154, "epsilon": 1.9290069895908712, "gamma": 7.586723671280054, "lamda": 0.8102284883769251}, "datetime": {"datetime": "2021-06-16 14:55:06", "elapsed": 1943.659674, "delta": 1.707252}}
{"target": -20.29902042666198, "params": {"C": 9.714435964843165, "epsilon": 3.7259684038277836, "gamma": 8.42159574054103, "lamda": 0.8753273038190118}, "datetime": {"datetime": "2021-06-16 14:55:07", "elapsed": 1945.556993, "delta": 1.897319}}
{"target": -20.49218150049483, "params": {"C": 2.693228446699851, "epsilon": 0.9291210065924489, "gamma": 8.59983648672745, "lamda": 1.094525497889423}, "datetime": {"datetime": "2021-06-16 14:55:09", "elapsed": 1946.814358, "delta": 1.257365}}
{"target": -20.187753868221726, "params": {"C": 3.1632186938679143, "epsilon": 0.7578672689926209, "gamma": 9.051987375176685, "lamda": 1.261358820861421}, "datetime": {"datetime": "2021-06-16 14:55:10", "elapsed": 1948.369192, "delta": 1.554834}}
{"target": -19.4450339383081, "params": {"C": 6.026045741723616, "epsilon": 3.6619707253400957, "gamma": 5.650157297997096, "lamda": 7.680421590684669}, "datetime": {"datetime": "2021-06-16 14:55:12", "elapsed": 1950.120562, "delta": 1.75137}}
{"target": -106.38466654426857, "params": {"C": 2.541614140965925, "epsilon": 1.8589984213563056, "gamma": 7.4466798670073855, "lamda": 6.96327664329905}, "datetime": {"datetime": "2021-06-16 14:55:22", "elapsed": 1960.239548, "delta": 10.118986}}
{"target": -111.36076092979319, "params": {"C": 0.866885339793103, "epsilon": 7.697363602390927, "gamma": 0.938245187589028, "lamda": 4.568036898441548}, "datetime": {"datetime": "2021-06-16 14:55:32", "elapsed": 1970.247953, "delta": 10.008405}}
{"target": -20.337747130142418, "params": {"C": 8.549514228358717, "epsilon": 6.481587581115893, "gamma": 6.580412273379248, "lamda": 2.0669721362084688}, "datetime": {"datetime": "2021-06-16 14:55:34", "elapsed": 1971.951793, "delta": 1.70384}}
{"target": -19.28442968417987, "params": {"C": 3.4808953047772664, "epsilon": 0.7290116469923266, "gamma": 9.713076799272917, "lamda": 1.6314772396420456}, "datetime": {"datetime": "2021-06-16 14:55:35", "elapsed": 1973.213086, "delta": 1.261293}}
{"target": -19.824480535396994, "params": {"C": 6.117887078329497, "epsilon": 3.472682277315753, "gamma": 5.737880751157837, "lamda": 7.493811375360809}, "datetime": {"datetime": "2021-06-16 14:55:37", "elapsed": 1975.149033, "delta": 1.935947}}
{"target": -20.529897825825405, "params": {"C": 7.518750627249235, "epsilon": 8.944999181879023, "gamma": 6.929116010599853, "lamda": 1.1996862203586514}, "datetime": {"datetime": "2021-06-16 14:55:39", "elapsed": 1977.307407, "delta": 2.158374}}
{"target": -19.579716553991233, "params": {"C": 5.597860854432757, "epsilon": 3.7419283416899964, "gamma": 5.7800469317809275, "lamda": 7.259194083565489}, "datetime": {"datetime": "2021-06-16 14:55:41", "elapsed": 1978.672393, "delta": 1.364986}}
{"target": -103.12337821858712, "params": {"C": 2.053118470155826, "epsilon": 4.5839750094844405, "gamma": 9.884603020766075, "lamda": 9.374847904805474}, "datetime": {"datetime": "2021-06-16 14:55:55", "elapsed": 1993.239617, "delta": 14.567224}}
{"target": -19.061313638898856, "params": {"C": 8.897789018495084, "epsilon": 5.78075426750612, "gamma": 8.58338889703959, "lamda": 1.6478202267866946}, "datetime": {"datetime": "2021-06-16 14:55:57", "elapsed": 1995.145119, "delta": 1.905502}}
{"target": -19.114872597715127, "params": {"C": 8.970572387053856, "epsilon": 5.744920751104835, "gamma": 8.52682997960457, "lamda": 1.6481152506260623}, "datetime": {"datetime": "2021-06-16 14:55:59", "elapsed": 1996.896164, "delta": 1.751045}}
{"target": -22.804245798296648, "params": {"C": 5.796981937632436, "epsilon": 1.5181628914930303, "gamma": 5.860394470412918, "lamda": 6.910270344661173}, "datetime": {"datetime": "2021-06-16 14:56:00", "elapsed": 1998.486223, "delta": 1.590059}}
{"target": -21.5008391939109, "params": {"C": 9.609205560648858, "epsilon": 3.526227735923381, "gamma": 7.976610802190747, "lamda": 0.4093836427616515}, "datetime": {"datetime": "2021-06-16 14:56:02", "elapsed": 1999.775549, "delta": 1.289326}}
{"target": -135.4600787092669, "params": {"C": 3.1402943305204585, "epsilon": 5.5271389582436425, "gamma": 5.328469556252691, "lamda": 5.725676140355201}, "datetime": {"datetime": "2021-06-16 14:56:12", "elapsed": 2009.665709, "delta": 9.89016}}
{"target": -98.1840935601866, "params": {"C": 4.789863132334246, "epsilon": 7.643623944263664, "gamma": 1.3222078527222965, "lamda": 2.0165362334341834}, "datetime": {"datetime": "2021-06-16 14:56:19", "elapsed": 2016.729204, "delta": 7.063495}}
{"target": -21.88526419855244, "params": {"C": 6.1691163803050495, "epsilon": 2.2306350435510955, "gamma": 7.674498342703123, "lamda": 0.5707009877272754}, "datetime": {"datetime": "2021-06-16 14:56:21", "elapsed": 2019.045729, "delta": 2.316525}}
{"target": -19.1976556806396, "params": {"C": 5.651896395458031, "epsilon": 3.768506278587277, "gamma": 5.838586806816268, "lamda": 7.184813043231295}, "datetime": {"datetime": "2021-06-16 14:56:23", "elapsed": 2020.565139, "delta": 1.51941}}
{"target": -49.54156912934282, "params": {"C": 6.783682963405548, "epsilon": 4.685160504679168, "gamma": 3.846486661572752, "lamda": 0.25691583649854594}, "datetime": {"datetime": "2021-06-16 14:56:24", "elapsed": 2021.980869, "delta": 1.41573}}
{"target": -18.74439352505198, "params": {"C": 9.689625497092889, "epsilon": 5.643134878586781, "gamma": 8.814832383452385, "lamda": 1.8780386643399865}, "datetime": {"datetime": "2021-06-16 14:56:26", "elapsed": 2023.771237, "delta": 1.790368}}
{"target": -18.58938275612541, "params": {"C": 9.544431658603443, "epsilon": 5.952168844749761, "gamma": 9.243063679224358, "lamda": 1.4913580566740168}, "datetime": {"datetime": "2021-06-16 14:56:28", "elapsed": 2025.776413, "delta": 2.005176}}
{"target": -102.03542545747635, "params": {"C": 9.586574860071991, "epsilon": 7.435864872569332, "gamma": 2.7235034676633014, "lamda": 7.319341149663414}, "datetime": {"datetime": "2021-06-16 14:56:38", "elapsed": 2035.728755, "delta": 9.952342}}
{"target": -19.959667268387463, "params": {"C": 8.31619927512378, "epsilon": 7.086595162146675, "gamma": 6.698813538330302, "lamda": 2.049309825385706}, "datetime": {"datetime": "2021-06-16 14:56:40", "elapsed": 2037.831869, "delta": 2.103114}}
{"target": -20.453398483457182, "params": {"C": 3.002742606711786, "epsilon": 0.828719781897124, "gamma": 8.616790763235718, "lamda": 1.3080437635885718}, "datetime": {"datetime": "2021-06-16 14:56:41", "elapsed": 2039.454766, "delta": 1.622897}}
{"target": -20.156512560345533, "params": {"C": 8.223448595953803, "epsilon": 6.751641783052807, "gamma": 6.6749807806913095, "lamda": 2.0100334037756546}, "datetime": {"datetime": "2021-06-16 14:56:43", "elapsed": 2041.441448, "delta": 1.986682}}
{"target": -104.95242115145678, "params": {"C": 3.185255273713359, "epsilon": 1.0813429601167226, "gamma": 8.322170285954634, "lamda": 1.4190193487721174}, "datetime": {"datetime": "2021-06-16 14:56:55", "elapsed": 2052.654344, "delta": 11.212896}}
{"target": -21.018542857952784, "params": {"C": 2.2253080603905486, "epsilon": 5.271069028407559, "gamma": 7.882250972353263, "lamda": 0.18653660474406378}, "datetime": {"datetime": "2021-06-16 14:56:57", "elapsed": 2054.851086, "delta": 2.196742}}
{"target": -53.56342482696468, "params": {"C": 5.22612718215329, "epsilon": 1.4531486804593545, "gamma": 3.6406099255078965, "lamda": 0.20337465384906905}, "datetime": {"datetime": "2021-06-16 14:56:59", "elapsed": 2057.311027, "delta": 2.459941}}
{"target": -103.9636743488612, "params": {"C": 1.6053164792896624, "epsilon": 6.178836770141385, "gamma": 4.781276905198292, "lamda": 5.740102932763349}, "datetime": {"datetime": "2021-06-16 14:57:11", "elapsed": 2068.840712, "delta": 11.529685}}
{"target": -106.54884679832868, "params": {"C": 1.6323465450351529, "epsilon": 7.792631208090141, "gamma": 2.4433358092615585, "lamda": 4.656876189960281}, "datetime": {"datetime": "2021-06-16 14:57:21", "elapsed": 2079.543105, "delta": 10.702393}}
{"target": -18.704743100175605, "params": {"C": 9.370232904767525, "epsilon": 5.787609360421495, "gamma": 9.31469197793105, "lamda": 1.3548112173363285}, "datetime": {"datetime": "2021-06-16 14:57:24", "elapsed": 2081.864519, "delta": 2.321414}}
{"target": -20.49846679961552, "params": {"C": 7.424012896993273, "epsilon": 8.97990133994293, "gamma": 7.0476954589753875, "lamda": 1.16717918203681}, "datetime": {"datetime": "2021-06-16 14:57:26", "elapsed": 2083.737084, "delta": 1.872565}}
{"target": -19.90122499877551, "params": {"C": 7.637241613611626, "epsilon": 8.815619750105009, "gamma": 7.156198459080743, "lamda": 1.3347208665281551}, "datetime": {"datetime": "2021-06-16 14:57:27", "elapsed": 2085.102726, "delta": 1.365642}}
{"target": -21.704462124731165, "params": {"C": 6.529073924383032, "epsilon": 2.1716840601402274, "gamma": 7.657163907109099, "lamda": 0.8593135707863254}, "datetime": {"datetime": "2021-06-16 14:57:29", "elapsed": 2086.606716, "delta": 1.50399}}
{"target": -102.70303551260669, "params": {"C": 7.239476666858906, "epsilon": 8.42606659728315, "gamma": 4.101439384407874, "lamda": 3.540910987404968}, "datetime": {"datetime": "2021-06-16 14:57:38", "elapsed": 2096.491387, "delta": 9.884671}}
{"target": -19.36136102557088, "params": {"C": 3.6452811029465058, "epsilon": 0.6596690801628933, "gamma": 9.792826040949343, "lamda": 1.8510260023661917}, "datetime": {"datetime": "2021-06-16 14:57:40", "elapsed": 2097.993296, "delta": 1.501909}}
{"target": -20.385252019754812, "params": {"C": 2.947566962760437, "epsilon": 1.1031229798362974, "gamma": 8.62395429141156, "lamda": 1.2585484935255702}, "datetime": {"datetime": "2021-06-16 14:57:42", "elapsed": 2099.966366, "delta": 1.97307}}
{"target": -101.65378175110573, "params": {"C": 3.8492148679315275, "epsilon": 4.738910386064199, "gamma": 6.228419967817367, "lamda": 5.4197439318455025}, "datetime": {"datetime": "2021-06-16 14:57:53", "elapsed": 2111.19886, "delta": 11.232494}}
{"target": -18.82428129749511, "params": {"C": 9.5504559872733, "epsilon": 5.66794659620175, "gamma": 8.73894331632601, "lamda": 1.801699063646486}, "datetime": {"datetime": "2021-06-16 14:57:55", "elapsed": 2112.872085, "delta": 1.673225}}
{"target": -27.260815950679383, "params": {"C": 1.78570800997752, "epsilon": 3.9637461961229645, "gamma": 5.389295243797781, "lamda": 0.630463363815672}, "datetime": {"datetime": "2021-06-16 14:57:56", "elapsed": 2114.326574, "delta": 1.454489}}
{"target": -19.749880390664366, "params": {"C": 4.310511642944593, "epsilon": 2.6367965862061067, "gamma": 9.424323090513367, "lamda": 0.04539956866315259}, "datetime": {"datetime": "2021-06-16 14:57:58", "elapsed": 2115.78739, "delta": 1.460816}}
{"target": -34.67907259613749, "params": {"C": 1.885226465583659, "epsilon": 3.7511033495072272, "gamma": 5.307676874661599, "lamda": 0.5243217655933939}, "datetime": {"datetime": "2021-06-16 14:57:59", "elapsed": 2117.35115, "delta": 1.56376}}
{"target": -19.564812181290264, "params": {"C": 5.957293217009104, "epsilon": 3.8199701847596574, "gamma": 5.587974529329278, "lamda": 7.332590183744485}, "datetime": {"datetime": "2021-06-16 14:58:01", "elapsed": 2118.846428, "delta": 1.495278}}
{"target": -18.921298501817784, "params": {"C": 9.770327265288751, "epsilon": 5.444729519138739, "gamma": 8.753954587952204, "lamda": 1.7423341750026284}, "datetime": {"datetime": "2021-06-16 14:58:02", "elapsed": 2120.410393, "delta": 1.563965}}
{"target": -20.646247604898544, "params": {"C": 9.599752156167549, "epsilon": 3.2822581447297052, "gamma": 8.237576561085177, "lamda": 0.9223834903215111}, "datetime": {"datetime": "2021-06-16 14:58:04", "elapsed": 2122.112713, "delta": 1.70232}}
{"target": -19.206961739100002, "params": {"C": 3.834962402033193, "epsilon": 4.928355452197381, "gamma": 5.839368452076015, "lamda": 5.490741362754965}, "datetime": {"datetime": "2021-06-16 14:58:06", "elapsed": 2124.527786, "delta": 2.415073}}
{"target": -21.914425066814033, "params": {"C": 6.060522773594978, "epsilon": 2.2399921913846, "gamma": 7.713866536980531, "lamda": 0.5261190404958003}, "datetime": {"datetime": "2021-06-16 14:58:09", "elapsed": 2126.662639, "delta": 2.134853}}
{"target": -110.38648030643077, "params": {"C": 1.413676603876593, "epsilon": 1.6069214521176283, "gamma": 5.2408125752103745, "lamda": 5.661091551039705}, "datetime": {"datetime": "2021-06-16 14:58:23", "elapsed": 2140.955996, "delta": 14.293357}}
{"target": -18.99656470167777, "params": {"C": 3.839333688071026, "epsilon": 1.177491100426267, "gamma": 9.928233637498517, "lamda": 1.7776570349946206}, "datetime": {"datetime": "2021-06-16 14:58:25", "elapsed": 2143.155414, "delta": 2.199418}}
{"target": -101.80474889529609, "params": {"C": 8.977835690100598, "epsilon": 5.328559753367571, "gamma": 0.6837225196776329, "lamda": 2.1443035523778065}, "datetime": {"datetime": "2021-06-16 14:58:35", "elapsed": 2153.415263, "delta": 10.259849}}
{"target": -30.217506578080638, "params": {"C": 1.873605530542506, "epsilon": 3.6207735890274586, "gamma": 5.1530474651257006, "lamda": 0.9752129503143068}, "datetime": {"datetime": "2021-06-16 14:58:38", "elapsed": 2155.891663, "delta": 2.4764}}
