{"target": -10.508396992312068, "params": {"C": 1.5763460325143819, "epsilon": 0.18674344557191777, "gamma": 0.14934406600125244, "lamda": 0.24368621035757887}, "datetime": {"datetime": "2021-06-17 10:40:16", "elapsed": 161.058871, "delta": 0.922856}}
{"target": -4680.9253214376195, "params": {"C": 6.06723132191677, "epsilon": 5.688945519427728, "gamma": 0.6415511945510999, "lamda": 0.494319461051812}, "datetime": {"datetime": "2021-06-17 10:40:30", "elapsed": 175.076246, "delta": 14.017375}}
{"target": -17.26888700583815, "params": {"C": 5.801654740265511, "epsilon": 3.8020315850628807, "gamma": 1.1063869560446147, "lamda": 0.3729218810223445}, "datetime": {"datetime": "2021-06-17 10:40:31", "elapsed": 175.906054, "delta": 0.829808}}
{"target": -2125.0955219981192, "params": {"C": 6.695636605597314, "epsilon": 2.6499306570704313, "gamma": 0.14200632051259873, "lamda": 0.18567201475913905}, "datetime": {"datetime": "2021-06-17 10:40:47", "elapsed": 191.652324, "delta": 15.74627}}
{"target": -22.487803112017023, "params": {"C": 6.300877895145429, "epsilon": 2.102529925138481, "gamma": 1.5079835519402396, "lamda": 0.034201704195703356}, "datetime": {"datetime": "2021-06-17 10:40:48", "elapsed": 192.529509, "delta": 0.877185}}
{"target": -13.407121515766793, "params": {"C": 2.610547834799624, "epsilon": 8.04774088286971, "gamma": 0.3949342224204222, "lamda": 0.3200909795590901}, "datetime": {"datetime": "2021-06-17 10:40:49", "elapsed": 193.370505, "delta": 0.840996}}
{"target": -14.857797974724907, "params": {"C": 5.251456388146099, "epsilon": 9.248154896023108, "gamma": 0.5339605732693509, "lamda": 0.033914584251327866}, "datetime": {"datetime": "2021-06-17 10:40:50", "elapsed": 194.179618, "delta": 0.809113}}
{"target": -27.328027563914258, "params": {"C": 7.3533089732538075, "epsilon": 7.722008117402925, "gamma": 1.8165535464820128, "lamda": 0.4660540625292218}, "datetime": {"datetime": "2021-06-17 10:40:50", "elapsed": 194.992622, "delta": 0.813004}}
{"target": -11.947619900386568, "params": {"C": 0.1493762140262142, "epsilon": 2.344386499128084, "gamma": 1.2373889304332986, "lamda": 0.4745591440231206}, "datetime": {"datetime": "2021-06-17 10:40:51", "elapsed": 195.872052, "delta": 0.87943}}
{"target": -28.32419039255114, "params": {"C": 9.502259431278326, "epsilon": 5.566975228763369, "gamma": 1.8320566360348862, "lamda": 0.3211415382642224}, "datetime": {"datetime": "2021-06-17 10:40:52", "elapsed": 196.834525, "delta": 0.962473}}
{"target": -16.736091572603602, "params": {"C": 3.90617706427105, "epsilon": 4.860420680302001, "gamma": 1.2125778610107467, "lamda": 0.2752244128327727}, "datetime": {"datetime": "2021-06-17 10:40:53", "elapsed": 197.618763, "delta": 0.784238}}
{"target": -5710.800414402844, "params": {"C": 9.262552452797472, "epsilon": 9.187415622900428, "gamma": 0.7958024697178743, "lamda": 0.4816680016919152}, "datetime": {"datetime": "2021-06-17 10:41:08", "elapsed": 212.462125, "delta": 14.843362}}
{"target": -10.632759947197407, "params": {"C": 1.747817110137839, "epsilon": 1.2641688648769336, "gamma": 0.27880752451299534, "lamda": 0.2533254206727715}, "datetime": {"datetime": "2021-06-17 10:41:09", "elapsed": 213.249751, "delta": 0.787626}}
{"target": -11.641875011701712, "params": {"C": 0.2250328046892378, "epsilon": 9.479754141965593, "gamma": 1.6559597876297576, "lamda": 0.008494471390319067}, "datetime": {"datetime": "2021-06-17 10:41:09", "elapsed": 213.989278, "delta": 0.739527}}
{"target": -10.580276147747437, "params": {"C": 1.770200593194802, "epsilon": 3.3213036800940032, "gamma": 0.27068372117372463, "lamda": 0.40493585537116444}, "datetime": {"datetime": "2021-06-17 10:41:10", "elapsed": 215.070759, "delta": 1.081481}}
{"target": -16.353142733836435, "params": {"C": 3.4539191603061017, "epsilon": 9.401134715851338, "gamma": 1.1682082180946893, "lamda": 0.4395371602215102}, "datetime": {"datetime": "2021-06-17 10:41:11", "elapsed": 215.81755, "delta": 0.746791}}
{"target": -5209.096470924818, "params": {"C": 8.448897109468296, "epsilon": 9.054017794767784, "gamma": 0.9251617289754459, "lamda": 0.27362706119416624}, "datetime": {"datetime": "2021-06-17 10:41:25", "elapsed": 230.122539, "delta": 14.304989}}
{"target": -6017.614715867465, "params": {"C": 7.988049875608874, "epsilon": 2.8579027984897416, "gamma": 0.9856045100136561, "lamda": 0.2999560435152933}, "datetime": {"datetime": "2021-06-17 10:41:39", "elapsed": 243.965387, "delta": 13.842848}}
{"target": -10.131364718672007, "params": {"C": 0.16517742275284888, "epsilon": 5.935220600558176, "gamma": 0.873015934489022, "lamda": 0.40387290391353586}, "datetime": {"datetime": "2021-06-17 10:41:40", "elapsed": 244.71915, "delta": 0.753763}}
{"target": -16.66483499142295, "params": {"C": 3.1592955829227756, "epsilon": 8.928994196542988, "gamma": 1.1599358584162256, "lamda": 0.09282109061210507}, "datetime": {"datetime": "2021-06-17 10:41:41", "elapsed": 245.484539, "delta": 0.765389}}
{"target": -1850.4650564800706, "params": {"C": 7.881413045916788, "epsilon": 6.120699739272295, "gamma": 0.11727945142676838, "lamda": 0.210676646320565}, "datetime": {"datetime": "2021-06-17 10:41:55", "elapsed": 259.200346, "delta": 13.715807}}
{"target": -196.55205760938026, "params": {"C": 6.7938976772886415, "epsilon": 9.186099177997281, "gamma": 0.010800029533801292, "lamda": 0.48840281536649877}, "datetime": {"datetime": "2021-06-17 10:42:07", "elapsed": 271.15481, "delta": 11.954464}}
{"target": -16.518171271463054, "params": {"C": 3.772037344310287, "epsilon": 9.737861600044868, "gamma": 1.2133850409383655, "lamda": 0.4145940581823658}, "datetime": {"datetime": "2021-06-17 10:42:07", "elapsed": 271.809745, "delta": 0.654935}}
{"target": -4739.697678102386, "params": {"C": 5.751367932033942, "epsilon": 6.281133906875198, "gamma": 0.5782968005744309, "lamda": 0.2938298369873854}, "datetime": {"datetime": "2021-06-17 10:42:21", "elapsed": 285.30558, "delta": 13.495835}}
{"target": -31.044717097479968, "params": {"C": 7.5027174193895725, "epsilon": 8.583280050453995, "gamma": 1.5126135550506836, "lamda": 0.3493305669752042}, "datetime": {"datetime": "2021-06-17 10:42:21", "elapsed": 285.959265, "delta": 0.653685}}
{"target": -26.386409459372633, "params": {"C": 8.646149506245452, "epsilon": 3.2274872873706277, "gamma": 1.3448696936672986, "lamda": 0.22598609427026123}, "datetime": {"datetime": "2021-06-17 10:42:22", "elapsed": 286.714361, "delta": 0.755096}}
{"target": -14.567471944295383, "params": {"C": 3.827206492794857, "epsilon": 4.108702687871935, "gamma": 0.8089443711043858, "lamda": 0.15937458903318016}, "datetime": {"datetime": "2021-06-17 10:42:23", "elapsed": 287.441028, "delta": 0.726667}}
{"target": -27.70512244076103, "params": {"C": 6.222974485523811, "epsilon": 4.303042460941823, "gamma": 1.947866135075232, "lamda": 0.33922264482572123}, "datetime": {"datetime": "2021-06-17 10:42:23", "elapsed": 288.10683, "delta": 0.665802}}
{"target": -13.877830059293803, "params": {"C": 1.9937131853868377, "epsilon": 4.26758339247098, "gamma": 0.6932590171511018, "lamda": 0.39902176317532473}, "datetime": {"datetime": "2021-06-17 10:42:24", "elapsed": 288.829805, "delta": 0.722975}}
{"target": -22.281631441412934, "params": {"C": 8.801182902748684, "epsilon": 9.038515716307893, "gamma": 1.3288124266267718, "lamda": 0.13583392275284914}, "datetime": {"datetime": "2021-06-17 10:42:25", "elapsed": 289.599611, "delta": 0.769806}}
{"target": -14.241122866930969, "params": {"C": 2.5311433480308514, "epsilon": 8.549124529031326, "gamma": 1.060152146154406, "lamda": 0.40127838091829443}, "datetime": {"datetime": "2021-06-17 10:42:26", "elapsed": 290.354102, "delta": 0.754491}}
{"target": -17.321474798535945, "params": {"C": 5.729160286744147, "epsilon": 7.331692110349825, "gamma": 1.042833138653471, "lamda": 0.3856710713404421}, "datetime": {"datetime": "2021-06-17 10:42:27", "elapsed": 291.12726, "delta": 0.773158}}
{"target": -15.11893323675768, "params": {"C": 5.692891327140108, "epsilon": 4.6576330760412175, "gamma": 0.6919509268270307, "lamda": 0.035036464859935355}, "datetime": {"datetime": "2021-06-17 10:42:27", "elapsed": 291.914322, "delta": 0.787062}}
{"target": -23.058505386503835, "params": {"C": 3.7854625514877176, "epsilon": 0.7971811509048254, "gamma": 1.9658060563235855, "lamda": 0.09162481281405112}, "datetime": {"datetime": "2021-06-17 10:42:28", "elapsed": 292.511505, "delta": 0.597183}}
{"target": -27.93440033313901, "params": {"C": 8.120468390228192, "epsilon": 8.749741487914026, "gamma": 1.3799423722480273, "lamda": 0.28517771195994246}, "datetime": {"datetime": "2021-06-17 10:42:29", "elapsed": 293.158589, "delta": 0.647084}}
{"target": -14.135306724103373, "params": {"C": 1.6181046537879316, "epsilon": 4.6693333476103005, "gamma": 0.6968923817988778, "lamda": 0.11329493894922821}, "datetime": {"datetime": "2021-06-17 10:42:29", "elapsed": 293.815393, "delta": 0.656804}}
{"target": -26.462149490942426, "params": {"C": 5.92919356897031, "epsilon": 3.1233861071814677, "gamma": 1.833448051402018, "lamda": 0.454908126950827}, "datetime": {"datetime": "2021-06-17 10:42:30", "elapsed": 294.45959, "delta": 0.644197}}
{"target": -13.43151022564576, "params": {"C": 2.5786117548841396, "epsilon": 1.109802116139548, "gamma": 0.39399583671803456, "lamda": 0.2502925011687641}, "datetime": {"datetime": "2021-06-17 10:42:31", "elapsed": 295.213965, "delta": 0.754375}}
{"target": -4966.947070395837, "params": {"C": 7.288570823066216, "epsilon": 2.082736189649506, "gamma": 0.5035867811706891, "lamda": 0.42598426559324715}, "datetime": {"datetime": "2021-06-17 10:42:42", "elapsed": 306.861981, "delta": 11.648016}}
{"target": -15.493603636707935, "params": {"C": 4.164328695492598, "epsilon": 6.167233986485208, "gamma": 0.4749956170861076, "lamda": 0.05188166245347292}, "datetime": {"datetime": "2021-06-17 10:42:43", "elapsed": 307.555066, "delta": 0.693085}}
{"target": -4090.684952099568, "params": {"C": 5.163411599515613, "epsilon": 4.771932729510774, "gamma": 0.3138165717453949, "lamda": 0.31128130963846734}, "datetime": {"datetime": "2021-06-17 10:42:55", "elapsed": 320.022329, "delta": 12.467263}}
{"target": -4051.4323306848487, "params": {"C": 5.444661086951242, "epsilon": 6.541719332360473, "gamma": 0.29764562484807305, "lamda": 0.3760123807504867}, "datetime": {"datetime": "2021-06-17 10:43:09", "elapsed": 333.228091, "delta": 13.205762}}
{"target": -16.720669158731624, "params": {"C": 2.2282709066012276, "epsilon": 5.193998891835965, "gamma": 1.5727390961610217, "lamda": 0.012142883567911284}, "datetime": {"datetime": "2021-06-17 10:43:09", "elapsed": 333.886205, "delta": 0.658114}}
{"target": -18.8820604130315, "params": {"C": 3.250380972664603, "epsilon": 8.72935084162471, "gamma": 1.6909721191281184, "lamda": 0.2696818557046773}, "datetime": {"datetime": "2021-06-17 10:43:10", "elapsed": 334.631616, "delta": 0.745411}}
{"target": -29.548953543048924, "params": {"C": 8.667416658923464, "epsilon": 9.498110107544912, "gamma": 1.6545499252823892, "lamda": 0.42720360647443284}, "datetime": {"datetime": "2021-06-17 10:43:11", "elapsed": 335.347987, "delta": 0.716371}}
{"target": -12.878908644477441, "params": {"C": 0.9964465841852801, "epsilon": 6.51339201907757, "gamma": 1.4099988064237794, "lamda": 0.3055101655106682}, "datetime": {"datetime": "2021-06-17 10:43:11", "elapsed": 336.055593, "delta": 0.707606}}
{"target": -31.37125656564298, "params": {"C": 7.99815646474292, "epsilon": 0.3466776274964709, "gamma": 1.5427750817644101, "lamda": 0.366132571769024}, "datetime": {"datetime": "2021-06-17 10:43:12", "elapsed": 336.809632, "delta": 0.754039}}
{"target": -15.961112838322755, "params": {"C": 2.6043869490505474, "epsilon": 2.571435918922645, "gamma": 1.2682836016859542, "lamda": 0.17330343333394968}, "datetime": {"datetime": "2021-06-17 10:43:13", "elapsed": 337.593525, "delta": 0.783893}}
{"target": -5284.53432656334, "params": {"C": 7.967920893292802, "epsilon": 4.46201617380257, "gamma": 1.567671335420502, "lamda": 0.4952454200282965}, "datetime": {"datetime": "2021-06-17 10:43:26", "elapsed": 350.898204, "delta": 13.304679}}
{"target": -19.676833277297725, "params": {"C": 3.0094809119436614, "epsilon": 1.4309152767527356, "gamma": 1.8036037883350549, "lamda": 0.27123813006479924}, "datetime": {"datetime": "2021-06-17 10:43:27", "elapsed": 351.650709, "delta": 0.752505}}
{"target": -40.80049206931377, "params": {"C": 9.747656304842272, "epsilon": 6.366407395618971, "gamma": 1.9878869189748531, "lamda": 0.2734893312673329}, "datetime": {"datetime": "2021-06-17 10:43:28", "elapsed": 352.380043, "delta": 0.729334}}
{"target": -15.01366075772887, "params": {"C": 5.2689950797161575, "epsilon": 1.3551436028186268, "gamma": 0.7178532902579234, "lamda": 0.014083065080890269}, "datetime": {"datetime": "2021-06-17 10:43:29", "elapsed": 353.183551, "delta": 0.803508}}
{"target": -9.629421835699441, "params": {"C": 1.6123478434012946, "epsilon": 7.456626289882254, "gamma": 0.07049538295828978, "lamda": 0.18390500552462843}, "datetime": {"datetime": "2021-06-17 10:43:29", "elapsed": 354.10012, "delta": 0.916569}}
{"target": -26.851634764587097, "params": {"C": 8.624839065852061, "epsilon": 6.927084497356036, "gamma": 1.3849748627116754, "lamda": 0.09512976367670013}, "datetime": {"datetime": "2021-06-17 10:43:30", "elapsed": 354.858303, "delta": 0.758183}}
{"target": -29.15727203875894, "params": {"C": 4.424623764676749, "epsilon": 5.816192496035568, "gamma": 1.9796058982507734, "lamda": 0.1027492063913278}, "datetime": {"datetime": "2021-06-17 10:43:31", "elapsed": 355.637489, "delta": 0.779186}}
{"target": -16.484634546755064, "params": {"C": 2.4848516886059246, "epsilon": 2.6224686646453463, "gamma": 1.5028431024630056, "lamda": 0.2290306883904107}, "datetime": {"datetime": "2021-06-17 10:43:32", "elapsed": 356.384348, "delta": 0.746859}}
{"target": -10.122458853421843, "params": {"C": 0.578725089726839, "epsilon": 5.085653889861787, "gamma": 0.43180072764091515, "lamda": 0.3995035181353449}, "datetime": {"datetime": "2021-06-17 10:43:33", "elapsed": 357.149685, "delta": 0.765337}}
{"target": -15.814107546870183, "params": {"C": 2.9803405012576496, "epsilon": 0.2770325135330818, "gamma": 1.190930574434596, "lamda": 0.4220763740366632}, "datetime": {"datetime": "2021-06-17 10:43:33", "elapsed": 357.927845, "delta": 0.77816}}
{"target": -15.126005268841721, "params": {"C": 3.8163510793815196, "epsilon": 7.498833248950708, "gamma": 1.027171541811285, "lamda": 0.27093495067613216}, "datetime": {"datetime": "2021-06-17 10:43:34", "elapsed": 358.735671, "delta": 0.807826}}
{"target": -30.27235618911331, "params": {"C": 8.667530386492267, "epsilon": 8.904582176729248, "gamma": 1.6411190305760885, "lamda": 0.23409288175422285}, "datetime": {"datetime": "2021-06-17 10:43:36", "elapsed": 360.602668, "delta": 1.866997}}
{"target": -16.12581871666495, "params": {"C": 4.431147601380069, "epsilon": 4.135293608632736, "gamma": 1.1001318421134847, "lamda": 0.37235658920604287}, "datetime": {"datetime": "2021-06-17 10:43:37", "elapsed": 361.678499, "delta": 1.075831}}
{"target": -30.112991653422476, "params": {"C": 7.961483100555426, "epsilon": 8.687072324149256, "gamma": 1.4651512571562502, "lamda": 0.23782992910063502}, "datetime": {"datetime": "2021-06-17 10:43:39", "elapsed": 363.942572, "delta": 2.264073}}
{"target": -11.977892453547158, "params": {"C": 0.2218506737897621, "epsilon": 8.079004515027584, "gamma": 1.9300625267953444, "lamda": 0.35133444059455415}, "datetime": {"datetime": "2021-06-17 10:43:40", "elapsed": 365.001111, "delta": 1.058539}}
{"target": -28.698589549198, "params": {"C": 8.79510298462516, "epsilon": 9.09362065976808, "gamma": 1.4792587507136763, "lamda": 0.19343879718501275}, "datetime": {"datetime": "2021-06-17 10:43:42", "elapsed": 367.025833, "delta": 2.024722}}
{"target": -14.702794534191499, "params": {"C": 4.236433371686958, "epsilon": 5.779998411881199, "gamma": 0.5793363090974422, "lamda": 0.11512080562793134}, "datetime": {"datetime": "2021-06-17 10:43:45", "elapsed": 369.536061, "delta": 2.510228}}
{"target": -13.88292335416233, "params": {"C": 1.0437611857158802, "epsilon": 4.361601563869474, "gamma": 1.638069604933813, "lamda": 0.172239605559896}, "datetime": {"datetime": "2021-06-17 10:43:47", "elapsed": 372.106997, "delta": 2.570936}}
{"target": -14.272224798366635, "params": {"C": 3.2555088563761294, "epsilon": 6.358178380441755, "gamma": 0.8070051676282264, "lamda": 0.37602584515738763}, "datetime": {"datetime": "2021-06-17 10:43:49", "elapsed": 373.259203, "delta": 1.152206}}
{"target": -15.025031793355414, "params": {"C": 3.066053094497738, "epsilon": 6.766856386826254, "gamma": 1.107249639267211, "lamda": 0.1586129762592873}, "datetime": {"datetime": "2021-06-17 10:43:50", "elapsed": 374.777927, "delta": 1.518724}}
{"target": -15.61673107458949, "params": {"C": 4.1298238878297955, "epsilon": 6.145766477012693, "gamma": 0.42232730261420925, "lamda": 0.007111727450603654}, "datetime": {"datetime": "2021-06-17 10:43:51", "elapsed": 375.9827, "delta": 1.204773}}
{"target": -9.320051785664745, "params": {"C": 0.10454188506460377, "epsilon": 5.502492130343922, "gamma": 0.33235666985038004, "lamda": 0.2394218003870503}, "datetime": {"datetime": "2021-06-17 10:43:53", "elapsed": 377.395805, "delta": 1.413105}}
{"target": -42.31195199033051, "params": {"C": 8.818119895505422, "epsilon": 8.968670994575069, "gamma": 1.4306243907180622, "lamda": 0.04036822994670294}, "datetime": {"datetime": "2021-06-17 10:43:55", "elapsed": 379.426085, "delta": 2.03028}}
{"target": -14.287499152858963, "params": {"C": 2.3482301712686793, "epsilon": 4.470571554931596, "gamma": 1.104718328960379, "lamda": 0.4746421610255793}, "datetime": {"datetime": "2021-06-17 10:43:56", "elapsed": 380.537937, "delta": 1.111852}}
{"target": -9.612899699903501, "params": {"C": 0.15922529369528418, "epsilon": 0.1436078776166722, "gamma": 0.19543053960570847, "lamda": 0.16773666443265497}, "datetime": {"datetime": "2021-06-17 10:43:58", "elapsed": 382.518286, "delta": 1.980349}}
{"target": -31.33629225659236, "params": {"C": 8.163901856068222, "epsilon": 3.750555494038663, "gamma": 1.7503440668863257, "lamda": 0.39974857202659136}, "datetime": {"datetime": "2021-06-17 10:44:00", "elapsed": 384.51684, "delta": 1.998554}}
{"target": -15.783620961893085, "params": {"C": 2.4647494841528546, "epsilon": 2.6080127297789217, "gamma": 1.3304736525046064, "lamda": 0.17755621947669137}, "datetime": {"datetime": "2021-06-17 10:44:02", "elapsed": 386.495641, "delta": 1.978801}}
{"target": -15.859733955420662, "params": {"C": 1.8160773115803766, "epsilon": 2.7184411736513026, "gamma": 1.6090458291273806, "lamda": 0.3243712332530968}, "datetime": {"datetime": "2021-06-17 10:44:03", "elapsed": 387.532112, "delta": 1.036471}}
{"target": -29.20246054656137, "params": {"C": 8.181364327181985, "epsilon": 8.719812635452138, "gamma": 1.5097977634907438, "lamda": 0.3425183804596376}, "datetime": {"datetime": "2021-06-17 10:44:05", "elapsed": 389.632262, "delta": 2.10015}}
{"target": -10.660464110883966, "params": {"C": 1.654263519509233, "epsilon": 1.095594804700649, "gamma": 0.3210939455170845, "lamda": 0.22236857478788644}, "datetime": {"datetime": "2021-06-17 10:44:07", "elapsed": 391.433966, "delta": 1.801704}}
{"target": -688.5420580204391, "params": {"C": 8.182239070626588, "epsilon": 1.6361035940574444, "gamma": 0.03991610282291764, "lamda": 0.08133336558842835}, "datetime": {"datetime": "2021-06-17 10:44:19", "elapsed": 403.687118, "delta": 12.253152}}
{"target": -15.710977335138395, "params": {"C": 5.338824347588049, "epsilon": 1.3154840502312348, "gamma": 0.4402510031012044, "lamda": 0.020097940932829586}, "datetime": {"datetime": "2021-06-17 10:44:21", "elapsed": 405.449171, "delta": 1.762053}}
{"target": -5379.542168574908, "params": {"C": 8.991000342982037, "epsilon": 4.522742268626177, "gamma": 0.804437580748829, "lamda": 0.15645257641280066}, "datetime": {"datetime": "2021-06-17 10:44:33", "elapsed": 417.815973, "delta": 12.366802}}
{"target": -13.972373560674715, "params": {"C": 2.68654835232923, "epsilon": 8.75784548065286, "gamma": 0.9651306285682354, "lamda": 0.40181966382693957}, "datetime": {"datetime": "2021-06-17 10:44:35", "elapsed": 419.625339, "delta": 1.809366}}
{"target": -10.02783666616642, "params": {"C": 0.229045322173223, "epsilon": 5.42042342623749, "gamma": 0.37755939181126347, "lamda": 0.26649500274678617}, "datetime": {"datetime": "2021-06-17 10:44:37", "elapsed": 421.705185, "delta": 2.079846}}
{"target": -31.23117337087335, "params": {"C": 8.804239712821234, "epsilon": 9.020945202841514, "gamma": 1.4000323247411863, "lamda": 0.1252597866458857}, "datetime": {"datetime": "2021-06-17 10:44:39", "elapsed": 424.074336, "delta": 2.369151}}
{"target": -15.045918864167673, "params": {"C": 5.770042537920088, "epsilon": 4.601312042887668, "gamma": 0.7638380806149406, "lamda": 0.001}, "datetime": {"datetime": "2021-06-17 10:44:42", "elapsed": 426.189549, "delta": 2.115213}}
{"target": -25.330715808299786, "params": {"C": 5.397252620423585, "epsilon": 3.921335319493964, "gamma": 1.875123308543922, "lamda": 0.21140459687916643}, "datetime": {"datetime": "2021-06-17 10:44:43", "elapsed": 427.301609, "delta": 1.11206}}
{"target": -4359.666423587807, "params": {"C": 4.890105298228302, "epsilon": 0.6428842123913582, "gamma": 0.665977100422278, "lamda": 0.3204502312083184}, "datetime": {"datetime": "2021-06-17 10:44:57", "elapsed": 441.669921, "delta": 14.368312}}
{"target": -42.43637585669032, "params": {"C": 9.577908384338176, "epsilon": 5.567340634565469, "gamma": 1.6754385488670451, "lamda": 0.2049870735629455}, "datetime": {"datetime": "2021-06-17 10:44:59", "elapsed": 443.912034, "delta": 2.242113}}
