{"target": -8.995376131506145, "params": {"C": 0.03, "epsilon": 8.012248, "gamma": 0.376253, "lamda": 0.02}, "datetime": {"datetime": "2021-06-21 11:44:14", "elapsed": 0.0, "delta": 0.0}}
{"target": -10.251115882554261, "params": {"C": 0.04228517846555483, "epsilon": 8.46178471393187, "gamma": 0.10008006237214143, "lamda": 0.21791180768860127}, "datetime": {"datetime": "2021-06-21 11:44:27", "elapsed": 12.564904, "delta": 12.564904}}
{"target": -10.02519739954564, "params": {"C": 0.015528833190894192, "epsilon": 5.007862271228388, "gamma": 0.23038214796436965, "lamda": 0.24778246238674598}, "datetime": {"datetime": "2021-06-21 11:44:27", "elapsed": 13.042499, "delta": 0.477595}}
{"target": -9.150303444750595, "params": {"C": 0.04027997994883633, "epsilon": 7.463492037018463, "gamma": 0.3934361600823064, "lamda": 0.4824866747741608}, "datetime": {"datetime": "2021-06-21 11:44:28", "elapsed": 13.497442, "delta": 0.454943}}
{"target": -10.296303620098863, "params": {"C": 0.021240772723420228, "epsilon": 9.3296459001502, "gamma": 0.11917131523854832, "lamda": 0.4722930495332759}, "datetime": {"datetime": "2021-06-21 11:44:28", "elapsed": 13.99857, "delta": 0.501128}}
{"target": -9.46619242924673, "params": {"C": 0.042313175434345575, "epsilon": 7.5727940564516345, "gamma": 0.19827085701666364, "lamda": 0.14588812895765124}, "datetime": {"datetime": "2021-06-21 11:44:29", "elapsed": 14.514892, "delta": 0.516322}}
{"target": -9.256569587335017, "params": {"C": 0.08027371229887814, "epsilon": 9.825438666456687, "gamma": 0.31939692471147, "lamda": 0.487394927427496}, "datetime": {"datetime": "2021-06-21 11:44:29", "elapsed": 15.051991, "delta": 0.537099}}
{"target": -9.249774441140163, "params": {"C": 0.08776252607730779, "epsilon": 9.42033664927116, "gamma": 0.15953094795884454, "lamda": 0.03598685521392171}, "datetime": {"datetime": "2021-06-21 11:44:30", "elapsed": 15.569111, "delta": 0.51712}}
{"target": -10.20870898166773, "params": {"C": 0.017813211536892325, "epsilon": 9.329783768861773, "gamma": 0.16884278368313507, "lamda": 0.29998536887849103}, "datetime": {"datetime": "2021-06-21 11:44:30", "elapsed": 16.101824, "delta": 0.532713}}
{"target": -9.611410019582905, "params": {"C": 0.0958310634848997, "epsilon": 7.432409067351594, "gamma": 0.5843139797653314, "lamda": 0.2270213010251895}, "datetime": {"datetime": "2021-06-21 11:44:31", "elapsed": 16.623295, "delta": 0.521471}}
{"target": -9.830941364548199, "params": {"C": 0.06896359184047679, "epsilon": 9.09044119543555, "gamma": 0.11280179414093428, "lamda": 0.5273497216269725}, "datetime": {"datetime": "2021-06-21 11:44:32", "elapsed": 17.157475, "delta": 0.53418}}
{"target": -9.516382626568515, "params": {"C": 0.1, "epsilon": 10.0, "gamma": 0.7219043810900774, "lamda": 0.009}, "datetime": {"datetime": "2021-06-21 11:44:32", "elapsed": 17.806231, "delta": 0.648756}}
{"target": -9.111611203723651, "params": {"C": 0.044813174428090775, "epsilon": 6.7740888936373675, "gamma": 0.4834634620499696, "lamda": 0.5232432928684881}, "datetime": {"datetime": "2021-06-21 11:44:33", "elapsed": 18.361127, "delta": 0.554896}}
{"target": -11.68155086999198, "params": {"C": 0.001, "epsilon": 6.066881356185249, "gamma": 0.8, "lamda": 0.7}, "datetime": {"datetime": "2021-06-21 11:44:33", "elapsed": 18.978451, "delta": 0.617324}}
{"target": -10.049768657217543, "params": {"C": 0.003099421091610255, "epsilon": 8.943346817946967, "gamma": 0.7753988787722318, "lamda": 0.4941324618253245}, "datetime": {"datetime": "2021-06-21 11:44:34", "elapsed": 19.511212, "delta": 0.532761}}
{"target": -9.338896968707406, "params": {"C": 0.015023525356953647, "epsilon": 7.991034815898403, "gamma": 0.36688258288703424, "lamda": 0.0333362460813547}, "datetime": {"datetime": "2021-06-21 11:44:34", "elapsed": 20.027278, "delta": 0.516066}}
{"target": -9.278665722277943, "params": {"C": 0.07734599654341914, "epsilon": 8.15962388499181, "gamma": 0.42869359341357827, "lamda": 0.04504870727694352}, "datetime": {"datetime": "2021-06-21 11:44:35", "elapsed": 20.982216, "delta": 0.954938}}
{"target": -9.548816824446362, "params": {"C": 0.07390686569354857, "epsilon": 7.963013632489278, "gamma": 0.5722589979525975, "lamda": 0.024853513774012452}, "datetime": {"datetime": "2021-06-21 11:44:36", "elapsed": 21.940449, "delta": 0.958233}}
{"target": -9.009760499222837, "params": {"C": 0.03316270037850219, "epsilon": 7.996797789021867, "gamma": 0.38035357655264246, "lamda": 0.5283243667409917}, "datetime": {"datetime": "2021-06-21 11:44:37", "elapsed": 22.593212, "delta": 0.652763}}
{"target": -9.159394732199846, "params": {"C": 0.045693567271127625, "epsilon": 7.7448963105685, "gamma": 0.3767143320906298, "lamda": 0.531870215475348}, "datetime": {"datetime": "2021-06-21 11:44:38", "elapsed": 23.602588, "delta": 1.009376}}
{"target": -10.971912495099751, "params": {"C": 0.001627936732924789, "epsilon": 7.906746522228552, "gamma": 0.5511630872609592, "lamda": 0.7}, "datetime": {"datetime": "2021-06-21 11:44:39", "elapsed": 24.539815, "delta": 0.937227}}
{"target": -9.196630836734286, "params": {"C": 0.05064063112160106, "epsilon": 8.003150467133976, "gamma": 0.3735754293574477, "lamda": 0.5198927472197227}, "datetime": {"datetime": "2021-06-21 11:44:39", "elapsed": 25.123842, "delta": 0.584027}}
{"target": -13.614709325676744, "params": {"C": 0.001, "epsilon": 7.890230304033682, "gamma": 0.2369651591061625, "lamda": 0.5757483854529984}, "datetime": {"datetime": "2021-06-21 11:44:40", "elapsed": 26.067727, "delta": 0.943885}}
{"target": -9.157010161538599, "params": {"C": 0.024171650345905835, "epsilon": 6.958510206233001, "gamma": 0.4850767991317916, "lamda": 0.6648852370113734}, "datetime": {"datetime": "2021-06-21 11:44:41", "elapsed": 26.638347, "delta": 0.57062}}
{"target": -9.302528306083936, "params": {"C": 0.1, "epsilon": 8.07984162459658, "gamma": 0.34050376138464017, "lamda": 0.009}, "datetime": {"datetime": "2021-06-21 11:44:42", "elapsed": 27.589815, "delta": 0.951468}}
{"target": -9.732403272186545, "params": {"C": 0.0270093006596179, "epsilon": 4.620086204213434, "gamma": 0.2172288620378674, "lamda": 0.45236492756124164}, "datetime": {"datetime": "2021-06-21 11:44:43", "elapsed": 28.170762, "delta": 0.580947}}
{"target": -9.514224768626834, "params": {"C": 0.1, "epsilon": 8.033304789470561, "gamma": 0.44879643018129395, "lamda": 0.05830582739993791}, "datetime": {"datetime": "2021-06-21 11:44:43", "elapsed": 29.125968, "delta": 0.955206}}
{"target": -9.198283163301813, "params": {"C": 0.048949005876225395, "epsilon": 7.613486362694784, "gamma": 0.3986909834259377, "lamda": 0.5041198833201564}, "datetime": {"datetime": "2021-06-21 11:44:44", "elapsed": 30.077794, "delta": 0.951826}}
{"target": -9.073777317325327, "params": {"C": 0.01423758479679901, "epsilon": 7.293167347293236, "gamma": 0.7223723254747821, "lamda": 0.40091038825498676}, "datetime": {"datetime": "2021-06-21 11:44:45", "elapsed": 30.645732, "delta": 0.567938}}
{"target": -9.205833636178562, "params": {"C": 0.015212292682986715, "epsilon": 8.11469458713688, "gamma": 0.4210083039324296, "lamda": 0.5199446311910337}, "datetime": {"datetime": "2021-06-21 11:44:46", "elapsed": 31.591212, "delta": 0.94548}}
{"target": -9.895654301751929, "params": {"C": 0.08198615295215539, "epsilon": 5.399396916423237, "gamma": 0.11052325224926751, "lamda": 0.12024319763848494}, "datetime": {"datetime": "2021-06-21 11:44:47", "elapsed": 32.246375, "delta": 0.655163}}
{"target": -11.799753061837706, "params": {"C": 0.001, "epsilon": 7.9904928206619825, "gamma": 0.47524772921790515, "lamda": 0.46418437957458325}, "datetime": {"datetime": "2021-06-21 11:44:48", "elapsed": 33.178634, "delta": 0.932259}}
{"target": -9.129073599066778, "params": {"C": 0.034749233405373864, "epsilon": 6.864007336040709, "gamma": 0.48425113662846825, "lamda": 0.5923007912741015}, "datetime": {"datetime": "2021-06-21 11:44:48", "elapsed": 34.135429, "delta": 0.956795}}
{"target": -9.202346040675236, "params": {"C": 0.020818646805023988, "epsilon": 8.060178295242448, "gamma": 0.37695207574001033, "lamda": 0.5983631538667871}, "datetime": {"datetime": "2021-06-21 11:44:50", "elapsed": 35.185607, "delta": 1.050178}}
{"target": -9.16481291397211, "params": {"C": 0.036502950353855236, "epsilon": 6.8693175127644475, "gamma": 0.4166491446082934, "lamda": 0.49379087716130554}, "datetime": {"datetime": "2021-06-21 11:44:50", "elapsed": 36.001998, "delta": 0.816391}}
{"target": -9.45074925882322, "params": {"C": 0.08525097121720308, "epsilon": 8.806258913321606, "gamma": 0.7315332401946361, "lamda": 0.07353237758033339}, "datetime": {"datetime": "2021-06-21 11:44:51", "elapsed": 36.682008, "delta": 0.68001}}
{"target": -11.835302211789331, "params": {"C": 0.001, "epsilon": 8.08695300203543, "gamma": 0.4389530409727079, "lamda": 0.009}, "datetime": {"datetime": "2021-06-21 11:44:52", "elapsed": 37.742188, "delta": 1.06018}}
{"target": -9.131585520286436, "params": {"C": 0.011444561739800373, "epsilon": 7.271770321294902, "gamma": 0.7212896994561661, "lamda": 0.398036136299219}, "datetime": {"datetime": "2021-06-21 11:44:53", "elapsed": 38.305976, "delta": 0.563788}}
{"target": -9.193893158327818, "params": {"C": 0.0493614038563165, "epsilon": 4.853071623977645, "gamma": 0.33074571371637923, "lamda": 0.4513649494287535}, "datetime": {"datetime": "2021-06-21 11:44:53", "elapsed": 38.891716, "delta": 0.58574}}
{"target": -9.201951232607351, "params": {"C": 0.044324389124388415, "epsilon": 6.80950232856538, "gamma": 0.40887742995723086, "lamda": 0.569500598221923}, "datetime": {"datetime": "2021-06-21 11:44:54", "elapsed": 39.913927, "delta": 1.022211}}
{"target": -9.428037043891555, "params": {"C": 0.06585126851728039, "epsilon": 5.697628839796695, "gamma": 0.5918586071098894, "lamda": 0.6357353974632008}, "datetime": {"datetime": "2021-06-21 11:44:55", "elapsed": 40.525735, "delta": 0.611808}}
{"target": -9.302561413962618, "params": {"C": 0.1, "epsilon": 7.9812173774240165, "gamma": 0.3596668361900544, "lamda": 0.009}, "datetime": {"datetime": "2021-06-21 11:44:56", "elapsed": 41.609532, "delta": 1.083797}}
{"target": -9.083408883603973, "params": {"C": 0.03036766128346593, "epsilon": 6.931396416144383, "gamma": 0.40608762197395154, "lamda": 0.5898466138587142}, "datetime": {"datetime": "2021-06-21 11:44:57", "elapsed": 42.703357, "delta": 1.093825}}
{"target": -9.176060301578353, "params": {"C": 0.03660678210492562, "epsilon": 7.288185964931236, "gamma": 0.6073853845979102, "lamda": 0.3689631121747231}, "datetime": {"datetime": "2021-06-21 11:44:58", "elapsed": 43.336343, "delta": 0.632986}}
{"target": -9.488417825237613, "params": {"C": 0.1, "epsilon": 6.892165365562855, "gamma": 0.4275630480323042, "lamda": 0.6575660145735824}, "datetime": {"datetime": "2021-06-21 11:44:59", "elapsed": 44.464337, "delta": 1.127994}}
{"target": -9.465723789693136, "params": {"C": 0.09313951592102523, "epsilon": 9.518697260178762, "gamma": 0.6284599143645048, "lamda": 0.48534002471772103}, "datetime": {"datetime": "2021-06-21 11:44:59", "elapsed": 45.1348, "delta": 0.670463}}
{"target": -9.206513416029821, "params": {"C": 0.05065319588790922, "epsilon": 6.964683263244209, "gamma": 0.49567102860154616, "lamda": 0.5418651338155425}, "datetime": {"datetime": "2021-06-21 11:45:01", "elapsed": 46.549252, "delta": 1.414452}}
{"target": -8.983392670954695, "params": {"C": 0.03566509016437293, "epsilon": 9.686051800380795, "gamma": 0.3655430846033849, "lamda": 0.20896798855886364}, "datetime": {"datetime": "2021-06-21 11:45:02", "elapsed": 47.155672, "delta": 0.60642}}
{"target": -11.576897759391427, "params": {"C": 0.001, "epsilon": 7.304731013116379, "gamma": 0.6420847481068609, "lamda": 0.47726655553827324}, "datetime": {"datetime": "2021-06-21 11:45:03", "elapsed": 48.354408, "delta": 1.198736}}
{"target": -9.385085308336974, "params": {"C": 0.06485011421218902, "epsilon": 5.18871422920236, "gamma": 0.5756071312174332, "lamda": 0.1864788590291004}, "datetime": {"datetime": "2021-06-21 11:45:03", "elapsed": 48.932369, "delta": 0.577961}}
{"target": -9.213788760680888, "params": {"C": 0.04271978067132394, "epsilon": 6.799303572391162, "gamma": 0.6774527958424401, "lamda": 0.25634735131268616}, "datetime": {"datetime": "2021-06-21 11:45:04", "elapsed": 49.558492, "delta": 0.626123}}
{"target": -9.342963578807082, "params": {"C": 0.06448509275165419, "epsilon": 6.94741969934592, "gamma": 0.49311246944333753, "lamda": 0.5526196766597697}, "datetime": {"datetime": "2021-06-21 11:45:05", "elapsed": 50.211076, "delta": 0.652584}}
{"target": -9.255144486268781, "params": {"C": 0.09904136218014524, "epsilon": 8.042218679967739, "gamma": 0.16146713012287972, "lamda": 0.05779759400499499}, "datetime": {"datetime": "2021-06-21 11:45:05", "elapsed": 50.857245, "delta": 0.646169}}
{"target": -9.435639604725973, "params": {"C": 0.059662773950382275, "epsilon": 7.268968550058498, "gamma": 0.676823082653847, "lamda": 0.3025153007600692}, "datetime": {"datetime": "2021-06-21 11:45:06", "elapsed": 51.909835, "delta": 1.05259}}
{"target": -9.306359336959604, "params": {"C": 0.05402799141636962, "epsilon": 7.332497925440852, "gamma": 0.7878287618483544, "lamda": 0.3564551496881561}, "datetime": {"datetime": "2021-06-21 11:45:08", "elapsed": 53.236877, "delta": 1.327042}}
{"target": -9.101294907891381, "params": {"C": 0.03863612181243784, "epsilon": 9.166177077833357, "gamma": 0.38765658028684946, "lamda": 0.2666310395441671}, "datetime": {"datetime": "2021-06-21 11:45:08", "elapsed": 53.850157, "delta": 0.61328}}
{"target": -12.278052551494733, "params": {"C": 0.001, "epsilon": 6.994955620975215, "gamma": 0.4031773128088646, "lamda": 0.4957579767370823}, "datetime": {"datetime": "2021-06-21 11:45:09", "elapsed": 54.986953, "delta": 1.136796}}
{"target": -12.220989729866275, "params": {"C": 0.001, "epsilon": 6.880083999309339, "gamma": 0.41772767150277723, "lamda": 0.6478918244509227}, "datetime": {"datetime": "2021-06-21 11:45:11", "elapsed": 56.281261, "delta": 1.294308}}
{"target": -9.271721980376828, "params": {"C": 0.07180301091929926, "epsilon": 8.028689868098073, "gamma": 0.3515261270668625, "lamda": 0.05687674274846088}, "datetime": {"datetime": "2021-06-21 11:45:11", "elapsed": 57.098822, "delta": 0.817561}}
{"target": -9.135724787422179, "params": {"C": 0.02936996926616211, "epsilon": 5.07126911086681, "gamma": 0.6974964847842251, "lamda": 0.1065364099281499}, "datetime": {"datetime": "2021-06-21 11:45:12", "elapsed": 57.76315, "delta": 0.664328}}
{"target": -9.163420422094887, "params": {"C": 0.07226050451084741, "epsilon": 6.078705847759821, "gamma": 0.27219676203799026, "lamda": 0.13041891029570488}, "datetime": {"datetime": "2021-06-21 11:45:13", "elapsed": 58.471249, "delta": 0.708099}}
{"target": -9.138571576077977, "params": {"C": 0.030106080663015858, "epsilon": 5.066993072654804, "gamma": 0.7008279653339118, "lamda": 0.10588861849322248}, "datetime": {"datetime": "2021-06-21 11:45:13", "elapsed": 59.078482, "delta": 0.607233}}
{"target": -9.462141323607755, "params": {"C": 0.09439478052184941, "epsilon": 6.835270825206184, "gamma": 0.44603505801382903, "lamda": 0.5172946342469152}, "datetime": {"datetime": "2021-06-21 11:45:14", "elapsed": 59.897902, "delta": 0.81942}}
{"target": -9.119050954021834, "params": {"C": 0.02883895230546056, "epsilon": 6.8686366120962425, "gamma": 0.49706784921540204, "lamda": 0.53156547109842}, "datetime": {"datetime": "2021-06-21 11:45:15", "elapsed": 60.951329, "delta": 1.053427}}
{"target": -9.409385171066758, "params": {"C": 0.07624132162581282, "epsilon": 7.002037835989295, "gamma": 0.4676951459426656, "lamda": 0.6423234244062815}, "datetime": {"datetime": "2021-06-21 11:45:17", "elapsed": 62.148929, "delta": 1.1976}}
{"target": -9.026398820593212, "params": {"C": 0.016742877285173628, "epsilon": 7.131400478790086, "gamma": 0.45468398547074773, "lamda": 0.09270663220915311}, "datetime": {"datetime": "2021-06-21 11:45:17", "elapsed": 62.750725, "delta": 0.601796}}
{"target": -9.437276400030798, "params": {"C": 0.0736161399367429, "epsilon": 6.8154726194009285, "gamma": 0.523844907293801, "lamda": 0.5754084691583976}, "datetime": {"datetime": "2021-06-21 11:45:18", "elapsed": 63.773667, "delta": 1.022942}}
{"target": -12.169877604514072, "params": {"C": 0.001, "epsilon": 6.791200380329394, "gamma": 0.4204716360067216, "lamda": 0.49438706433385915}, "datetime": {"datetime": "2021-06-21 11:45:20", "elapsed": 65.178864, "delta": 1.405197}}
{"target": -9.26996037892657, "params": {"C": 0.09217838012303903, "epsilon": 6.923538243253969, "gamma": 0.3840184014125627, "lamda": 0.5681465620402292}, "datetime": {"datetime": "2021-06-21 11:45:21", "elapsed": 66.1563, "delta": 0.977436}}
{"target": -9.37351359900882, "params": {"C": 0.07557615436312153, "epsilon": 7.289447110096043, "gamma": 0.7220068376842412, "lamda": 0.3722372907972117}, "datetime": {"datetime": "2021-06-21 11:45:22", "elapsed": 67.451781, "delta": 1.295481}}
{"target": -9.1925157764905, "params": {"C": 0.012396908135380734, "epsilon": 6.9412108339334315, "gamma": 0.5275881488920156, "lamda": 0.5974669085119453}, "datetime": {"datetime": "2021-06-21 11:45:23", "elapsed": 68.724203, "delta": 1.272422}}
{"target": -9.545008289189095, "params": {"C": 0.08013221721393012, "epsilon": 5.996123557100838, "gamma": 0.5890474959507874, "lamda": 0.3157371551361869}, "datetime": {"datetime": "2021-06-21 11:45:24", "elapsed": 69.366562, "delta": 0.642359}}
{"target": -9.054885033425784, "params": {"C": 0.036376610305021755, "epsilon": 7.536966530324856, "gamma": 0.3753842585500375, "lamda": 0.499582911141943}, "datetime": {"datetime": "2021-06-21 11:45:25", "elapsed": 70.51921, "delta": 1.152648}}
{"target": -12.456290396770923, "params": {"C": 0.001, "epsilon": 8.058079297891444, "gamma": 0.3536846930927608, "lamda": 0.5274784784010258}, "datetime": {"datetime": "2021-06-21 11:45:26", "elapsed": 71.814862, "delta": 1.295652}}
{"target": -9.09918453047639, "params": {"C": 0.05524501521002339, "epsilon": 7.521285307917677, "gamma": 0.4248720447294372, "lamda": 0.48155104893761413}, "datetime": {"datetime": "2021-06-21 11:45:27", "elapsed": 72.68788, "delta": 0.873018}}
{"target": -9.322054275491777, "params": {"C": 0.0696343302652844, "epsilon": 6.7878728720725645, "gamma": 0.461216207559715, "lamda": 0.5770687027821366}, "datetime": {"datetime": "2021-06-21 11:45:28", "elapsed": 73.718404, "delta": 1.030524}}
{"target": -9.142652711734254, "params": {"C": 0.029095925225636306, "epsilon": 6.965846000179669, "gamma": 0.4649397306770928, "lamda": 0.5995975704331499}, "datetime": {"datetime": "2021-06-21 11:45:29", "elapsed": 74.748521, "delta": 1.030117}}
{"target": -9.061105934336851, "params": {"C": 0.026939501868225506, "epsilon": 7.998747306154673, "gamma": 0.3848816437219318, "lamda": 0.6096853159625705}, "datetime": {"datetime": "2021-06-21 11:45:30", "elapsed": 75.772531, "delta": 1.02401}}
{"target": -9.423164263168637, "params": {"C": 0.05742138830045327, "epsilon": 4.69156882987381, "gamma": 0.6869607188019475, "lamda": 0.38237518160691125}, "datetime": {"datetime": "2021-06-21 11:45:31", "elapsed": 76.453477, "delta": 0.680946}}
{"target": -9.170672612963408, "params": {"C": 0.04437772752015857, "epsilon": 7.960075078398676, "gamma": 0.411547847746069, "lamda": 0.5843132615420137}, "datetime": {"datetime": "2021-06-21 11:45:32", "elapsed": 77.648758, "delta": 1.195281}}
{"target": -9.165135052629477, "params": {"C": 0.040323666566156526, "epsilon": 7.972037122346672, "gamma": 0.41071525796396735, "lamda": 0.5929594414103464}, "datetime": {"datetime": "2021-06-21 11:45:33", "elapsed": 78.350921, "delta": 0.702163}}
{"target": -9.072601357581132, "params": {"C": 0.024892704460103235, "epsilon": 8.11349684768707, "gamma": 0.424894565442285, "lamda": 0.6232360981961553}, "datetime": {"datetime": "2021-06-21 11:45:34", "elapsed": 79.332639, "delta": 0.981718}}
{"target": -9.098130329978686, "params": {"C": 0.04606892396089538, "epsilon": 8.075934894662472, "gamma": 0.4413130894633567, "lamda": 0.5754842093965942}, "datetime": {"datetime": "2021-06-21 11:45:35", "elapsed": 80.24268, "delta": 0.910041}}
{"target": -9.310355023706268, "params": {"C": 0.05320266399618075, "epsilon": 8.944392168602402, "gamma": 0.6529997417256992, "lamda": 0.45346481643437586}, "datetime": {"datetime": "2021-06-21 11:45:35", "elapsed": 80.996677, "delta": 0.753997}}
{"target": -9.12894176129834, "params": {"C": 0.038660608311657074, "epsilon": 8.03143163630726, "gamma": 0.45229204355326746, "lamda": 0.6285793922377065}, "datetime": {"datetime": "2021-06-21 11:45:36", "elapsed": 82.082529, "delta": 1.085852}}
{"target": -9.111809900431489, "params": {"C": 0.03338870491148561, "epsilon": 8.156902769970678, "gamma": 0.4639011580501193, "lamda": 0.557545989306164}, "datetime": {"datetime": "2021-06-21 11:45:38", "elapsed": 83.21114, "delta": 1.128611}}
{"target": -9.21748856393069, "params": {"C": 0.05550960567612685, "epsilon": 8.089397286127166, "gamma": 0.3680942015822509, "lamda": 0.6679090472427605}, "datetime": {"datetime": "2021-06-21 11:45:39", "elapsed": 84.516544, "delta": 1.305404}}
{"target": -9.289816054872144, "params": {"C": 0.09110381923552735, "epsilon": 8.109791865443594, "gamma": 0.39777206706946966, "lamda": 0.6036793937489723}, "datetime": {"datetime": "2021-06-21 11:45:40", "elapsed": 85.903355, "delta": 1.386811}}
{"target": -9.300223828871593, "params": {"C": 0.060807878255260905, "epsilon": 8.295345628050065, "gamma": 0.5565572147965853, "lamda": 0.29582996709978926}, "datetime": {"datetime": "2021-06-21 11:45:41", "elapsed": 86.58998, "delta": 0.686625}}
{"target": -9.22750442773431, "params": {"C": 0.01412341106679331, "epsilon": 7.5127985789556595, "gamma": 0.43954535546763973, "lamda": 0.5463564426212661}, "datetime": {"datetime": "2021-06-21 11:45:42", "elapsed": 87.996312, "delta": 1.406332}}
