{"target": -9.156533278832862, "params": {"C": 0.03, "epsilon": 6.1662300756475235, "gamma": 0.5722487679442325, "lamda": 0.7}, "datetime": {"datetime": "2021-06-21 11:20:13", "elapsed": 357.694305, "delta": 1.841384}}
{"target": -9.603951862826314, "params": {"C": 0.03, "epsilon": 6.9944856755170095, "gamma": 0.2, "lamda": 0.02}, "datetime": {"datetime": "2021-06-21 11:20:14", "elapsed": 359.290304, "delta": 1.595999}}
{"target": -9.107191532428427, "params": {"C": 0.03, "epsilon": 8.363403121321644, "gamma": 0.4282307787475569, "lamda": 0.7}, "datetime": {"datetime": "2021-06-21 11:20:16", "elapsed": 361.054167, "delta": 1.763863}}
{"target": -9.177979838051698, "params": {"C": 0.03, "epsilon": 5.807039046867033, "gamma": 0.492389642256174, "lamda": 0.7}, "datetime": {"datetime": "2021-06-21 11:20:19", "elapsed": 363.663262, "delta": 2.609095}}
{"target": -9.13638561040554, "params": {"C": 0.03, "epsilon": 5.698565758928056, "gamma": 0.8, "lamda": 0.7}, "datetime": {"datetime": "2021-06-21 11:20:21", "elapsed": 365.737978, "delta": 2.074716}}
{"target": -9.09783137020373, "params": {"C": 0.03, "epsilon": 6.5927065586106295, "gamma": 0.6550665153179576, "lamda": 0.02}, "datetime": {"datetime": "2021-06-21 11:20:23", "elapsed": 367.313184, "delta": 1.575206}}
{"target": -9.165590975767506, "params": {"C": 0.03416575676786815, "epsilon": 6.1150109276300455, "gamma": 0.5869870167132019, "lamda": 0.2113865418932581}, "datetime": {"datetime": "2021-06-21 11:20:24", "elapsed": 368.598931, "delta": 1.285747}}
{"target": -9.975655155438483, "params": {"C": 0.6072536682705819, "epsilon": 8.337910672203817, "gamma": 0.2, "lamda": 0.23434851864682538}, "datetime": {"datetime": "2021-06-21 11:20:26", "elapsed": 370.520092, "delta": 1.921161}}
{"target": -9.2443455133036, "params": {"C": 0.03, "epsilon": 7.6407439308178935, "gamma": 0.3139951553539802, "lamda": 0.7}, "datetime": {"datetime": "2021-06-21 11:20:28", "elapsed": 372.479, "delta": 1.958908}}
{"target": -9.104925143649776, "params": {"C": 0.03, "epsilon": 7.895295470868467, "gamma": 0.8, "lamda": 0.48848386161405083}, "datetime": {"datetime": "2021-06-21 11:20:29", "elapsed": 374.146671, "delta": 1.667671}}
{"target": -8.995375906772946, "params": {"C": 0.03, "epsilon": 8.01224811204322, "gamma": 0.37625272984674035, "lamda": 0.02}, "datetime": {"datetime": "2021-06-21 11:20:31", "elapsed": 376.221271, "delta": 2.0746}}
{"target": -10.438936548239965, "params": {"C": 0.9008490704304623, "epsilon": 6.89783086732408, "gamma": 0.24101776135827158, "lamda": 0.16580729963468716}, "datetime": {"datetime": "2021-06-21 11:20:33", "elapsed": 377.514844, "delta": 1.293573}}
{"target": -9.526521385635462, "params": {"C": 0.22587679798466553, "epsilon": 6.61277779070064, "gamma": 0.2266263813447182, "lamda": 0.3417482805666324}, "datetime": {"datetime": "2021-06-21 11:20:35", "elapsed": 379.894671, "delta": 2.379827}}
{"target": -9.198675991428502, "params": {"C": 0.03, "epsilon": 4.696530076685031, "gamma": 0.4490622667929302, "lamda": 0.16313931913692098}, "datetime": {"datetime": "2021-06-21 11:20:37", "elapsed": 381.673541, "delta": 1.77887}}
{"target": -13.986589828184645, "params": {"C": 0.826148569468776, "epsilon": 5.076146940981557, "gamma": 0.7162961740670672, "lamda": 0.1272421311425273}, "datetime": {"datetime": "2021-06-21 11:20:38", "elapsed": 383.068871, "delta": 1.39533}}
{"target": -9.051054750799644, "params": {"C": 0.03, "epsilon": 7.83354023082668, "gamma": 0.357604927291915, "lamda": 0.5073174283677331}, "datetime": {"datetime": "2021-06-21 11:20:40", "elapsed": 384.959188, "delta": 1.890317}}
{"target": -10.009188619500046, "params": {"C": 0.4622213099686052, "epsilon": 6.172268017834207, "gamma": 0.50622686962165, "lamda": 0.47687105036630556}, "datetime": {"datetime": "2021-06-21 11:20:41", "elapsed": 386.288183, "delta": 1.328995}}
{"target": -10.394277442671985, "params": {"C": 1.0, "epsilon": 4.886753772537556, "gamma": 0.2, "lamda": 0.02}, "datetime": {"datetime": "2021-06-21 11:20:44", "elapsed": 388.447256, "delta": 2.159073}}
{"target": -13.799164504399794, "params": {"C": 0.6998821478899154, "epsilon": 7.4923527252715605, "gamma": 0.783131420399434, "lamda": 0.1494588300894226}, "datetime": {"datetime": "2021-06-21 11:20:45", "elapsed": 389.783097, "delta": 1.335841}}
{"target": -11.591727216217526, "params": {"C": 0.6754893515782616, "epsilon": 5.099519012953723, "gamma": 0.5675364224400108, "lamda": 0.4179387834427878}, "datetime": {"datetime": "2021-06-21 11:20:46", "elapsed": 391.104072, "delta": 1.320975}}
{"target": -10.007669905130346, "params": {"C": 0.2460456429209499, "epsilon": 5.292606493399733, "gamma": 0.37805296319375864, "lamda": 0.6012881677179491}, "datetime": {"datetime": "2021-06-21 11:20:49", "elapsed": 394.028377, "delta": 2.924305}}
{"target": -9.176423078592737, "params": {"C": 0.03, "epsilon": 5.569776745482755, "gamma": 0.44870344259088657, "lamda": 0.7}, "datetime": {"datetime": "2021-06-21 11:20:51", "elapsed": 396.00277, "delta": 1.974393}}
{"target": -9.145273978829584, "params": {"C": 0.03, "epsilon": 5.35788236191872, "gamma": 0.5950024965757322, "lamda": 0.24040917607474438}, "datetime": {"datetime": "2021-06-21 11:20:53", "elapsed": 398.225224, "delta": 2.222454}}
{"target": -10.387385973592453, "params": {"C": 1.0, "epsilon": 6.584712246893166, "gamma": 0.2, "lamda": 0.02}, "datetime": {"datetime": "2021-06-21 11:20:56", "elapsed": 400.378483, "delta": 2.153259}}
{"target": -9.047731387175553, "params": {"C": 0.03, "epsilon": 9.0, "gamma": 0.42060347188338, "lamda": 0.5315293182509704}, "datetime": {"datetime": "2021-06-21 11:20:58", "elapsed": 402.35371, "delta": 1.975227}}
{"target": -9.169695845258556, "params": {"C": 0.03, "epsilon": 4.727681787082139, "gamma": 0.4226555209718537, "lamda": 0.7}, "datetime": {"datetime": "2021-06-21 11:21:00", "elapsed": 404.74482, "delta": 2.39111}}
{"target": -9.11228866417882, "params": {"C": 0.03, "epsilon": 7.431867931760377, "gamma": 0.43791302781485014, "lamda": 0.1764785738398326}, "datetime": {"datetime": "2021-06-21 11:21:02", "elapsed": 406.867302, "delta": 2.122482}}
{"target": -9.153887706581475, "params": {"C": 0.03, "epsilon": 7.1292684576311744, "gamma": 0.5330118843031312, "lamda": 0.7}, "datetime": {"datetime": "2021-06-21 11:21:04", "elapsed": 408.672172, "delta": 1.80487}}
{"target": -9.097487609886294, "params": {"C": 0.03, "epsilon": 8.858467764291868, "gamma": 0.8, "lamda": 0.44641103436439034}, "datetime": {"datetime": "2021-06-21 11:21:07", "elapsed": 411.321414, "delta": 2.649242}}
{"target": -9.131333584576044, "params": {"C": 0.03, "epsilon": 7.314644101793432, "gamma": 0.8, "lamda": 0.7}, "datetime": {"datetime": "2021-06-21 11:21:09", "elapsed": 413.582704, "delta": 2.26129}}
{"target": -9.75681006487194, "params": {"C": 0.03, "epsilon": 4.831800439810852, "gamma": 0.2, "lamda": 0.46791744686950437}, "datetime": {"datetime": "2021-06-21 11:21:10", "elapsed": 415.240773, "delta": 1.658069}}
{"target": -9.157435765467158, "params": {"C": 0.03, "epsilon": 6.215244295024936, "gamma": 0.6646085823388536, "lamda": 0.5162777575185412}, "datetime": {"datetime": "2021-06-21 11:21:12", "elapsed": 417.248374, "delta": 2.007601}}
{"target": -9.113837077066336, "params": {"C": 0.03, "epsilon": 5.745775916898426, "gamma": 0.6311342490116595, "lamda": 0.02}, "datetime": {"datetime": "2021-06-21 11:21:14", "elapsed": 418.97187, "delta": 1.723496}}
{"target": -12.06628092752078, "params": {"C": 0.7131104143378951, "epsilon": 7.91276280253131, "gamma": 0.5905191317481505, "lamda": 0.35142579547114516}, "datetime": {"datetime": "2021-06-21 11:21:16", "elapsed": 420.38067, "delta": 1.4088}}
{"target": -9.103644191659102, "params": {"C": 0.03, "epsilon": 6.957984878957139, "gamma": 0.8, "lamda": 0.4264169811884034}, "datetime": {"datetime": "2021-06-21 11:21:18", "elapsed": 422.40254, "delta": 2.02187}}
{"target": -9.04781473386392, "params": {"C": 0.03, "epsilon": 8.271412390858695, "gamma": 0.5149233418160326, "lamda": 0.43590115228506615}, "datetime": {"datetime": "2021-06-21 11:21:20", "elapsed": 424.46109, "delta": 2.05855}}
{"target": -9.064837165182757, "params": {"C": 0.03, "epsilon": 8.719250143675884, "gamma": 0.8, "lamda": 0.2008043655124546}, "datetime": {"datetime": "2021-06-21 11:21:21", "elapsed": 426.233999, "delta": 1.772909}}
{"target": -9.115120787605054, "params": {"C": 0.03, "epsilon": 6.756710378015632, "gamma": 0.7029337723504069, "lamda": 0.189887583692305}, "datetime": {"datetime": "2021-06-21 11:21:24", "elapsed": 428.706956, "delta": 2.472957}}
{"target": -9.065767782962066, "params": {"C": 0.03, "epsilon": 9.0, "gamma": 0.8, "lamda": 0.1676135334299694}, "datetime": {"datetime": "2021-06-21 11:21:26", "elapsed": 430.533818, "delta": 1.826862}}
{"target": -9.160097945042253, "params": {"C": 0.03, "epsilon": 4.87922998724854, "gamma": 0.6225364211351335, "lamda": 0.20759764315249826}, "datetime": {"datetime": "2021-06-21 11:21:28", "elapsed": 432.547042, "delta": 2.013224}}
{"target": -9.696235172534696, "params": {"C": 0.16522378467526894, "epsilon": 6.4872854696426305, "gamma": 0.5833649534052747, "lamda": 0.291357364578191}, "datetime": {"datetime": "2021-06-21 11:21:29", "elapsed": 433.819654, "delta": 1.272612}}
{"target": -9.075286564319702, "params": {"C": 0.03, "epsilon": 7.453378961287036, "gamma": 0.4149047207040222, "lamda": 0.5480276743122919}, "datetime": {"datetime": "2021-06-21 11:21:31", "elapsed": 435.856488, "delta": 2.036834}}
{"target": -9.712034358591504, "params": {"C": 0.03, "epsilon": 5.190132210134083, "gamma": 0.2, "lamda": 0.24775106592287602}, "datetime": {"datetime": "2021-06-21 11:21:33", "elapsed": 437.814907, "delta": 1.958419}}
{"target": -9.932420821659012, "params": {"C": 0.1581537737584566, "epsilon": 8.640265373970717, "gamma": 0.44805377550350955, "lamda": 0.02386335339754888}, "datetime": {"datetime": "2021-06-21 11:21:36", "elapsed": 440.555947, "delta": 2.74104}}
{"target": -9.237930368175531, "params": {"C": 0.03, "epsilon": 8.050657581808906, "gamma": 0.2864897657714362, "lamda": 0.1685063248179338}, "datetime": {"datetime": "2021-06-21 11:21:38", "elapsed": 443.093435, "delta": 2.537488}}
{"target": -9.529724605106244, "params": {"C": 0.03, "epsilon": 8.744049067315862, "gamma": 0.2, "lamda": 0.02}, "datetime": {"datetime": "2021-06-21 11:21:40", "elapsed": 445.30389, "delta": 2.210455}}
{"target": -9.215857747624021, "params": {"C": 0.03, "epsilon": 4.707159224789992, "gamma": 0.6359510703067491, "lamda": 0.7}, "datetime": {"datetime": "2021-06-21 11:21:43", "elapsed": 447.629126, "delta": 2.325236}}
{"target": -9.22066045094371, "params": {"C": 0.037613175122929325, "epsilon": 4.980084167691011, "gamma": 0.4355518954053239, "lamda": 0.4681779781267968}, "datetime": {"datetime": "2021-06-21 11:21:45", "elapsed": 449.317395, "delta": 1.688269}}
{"target": -9.02052192308906, "params": {"C": 0.03, "epsilon": 8.554320235038247, "gamma": 0.40412375487935404, "lamda": 0.1617847537743571}, "datetime": {"datetime": "2021-06-21 11:21:47", "elapsed": 451.793694, "delta": 2.476299}}
{"target": -10.863563057176176, "params": {"C": 0.40460074162596704, "epsilon": 4.627204716779865, "gamma": 0.643864982763328, "lamda": 0.3028789640552912}, "datetime": {"datetime": "2021-06-21 11:21:48", "elapsed": 453.218957, "delta": 1.425263}}
{"target": -9.05929513860802, "params": {"C": 0.03, "epsilon": 8.143711440248673, "gamma": 0.8, "lamda": 0.02}, "datetime": {"datetime": "2021-06-21 11:21:50", "elapsed": 455.093149, "delta": 1.874192}}
{"target": -9.105001157204235, "params": {"C": 0.03, "epsilon": 7.653128396552532, "gamma": 0.43918368268765307, "lamda": 0.38556488917997855}, "datetime": {"datetime": "2021-06-21 11:21:52", "elapsed": 457.252836, "delta": 2.159687}}
{"target": -9.669146935748579, "params": {"C": 0.03, "epsilon": 5.567616522979401, "gamma": 0.2, "lamda": 0.02}, "datetime": {"datetime": "2021-06-21 11:21:55", "elapsed": 460.224444, "delta": 2.971608}}
{"target": -9.109609921055025, "params": {"C": 0.03, "epsilon": 5.606381008619423, "gamma": 0.8, "lamda": 0.2717003769593442}, "datetime": {"datetime": "2021-06-21 11:21:57", "elapsed": 462.002125, "delta": 1.777681}}
{"target": -10.361296752501765, "params": {"C": 0.8600856942658731, "epsilon": 5.1128586905707945, "gamma": 0.4160654219709532, "lamda": 0.12340679962007962}, "datetime": {"datetime": "2021-06-21 11:21:59", "elapsed": 463.434835, "delta": 1.43271}}
{"target": -9.06892865050738, "params": {"C": 0.03, "epsilon": 6.984637484563425, "gamma": 0.8, "lamda": 0.02}, "datetime": {"datetime": "2021-06-21 11:22:01", "elapsed": 465.456053, "delta": 2.021218}}
{"target": -9.010940303602826, "params": {"C": 0.03, "epsilon": 8.497122533561294, "gamma": 0.3274719160892714, "lamda": 0.02}, "datetime": {"datetime": "2021-06-21 11:22:03", "elapsed": 467.37278, "delta": 1.916727}}
{"target": -13.120085322737655, "params": {"C": 0.8734982064299244, "epsilon": 8.270996508637708, "gamma": 0.6074699097156492, "lamda": 0.21187026266353734}, "datetime": {"datetime": "2021-06-21 11:22:04", "elapsed": 468.807562, "delta": 1.434782}}
{"target": -9.961167480990879, "params": {"C": 0.22228890760625308, "epsilon": 4.520715850513917, "gamma": 0.42513703724365204, "lamda": 0.13709492246551686}, "datetime": {"datetime": "2021-06-21 11:22:06", "elapsed": 470.844773, "delta": 2.037211}}
{"target": -11.063108077939205, "params": {"C": 0.8997174785958983, "epsilon": 8.741144903876332, "gamma": 0.45138600253418276, "lamda": 0.0260726485818399}, "datetime": {"datetime": "2021-06-21 11:22:07", "elapsed": 472.29982, "delta": 1.455047}}
{"target": -9.385515130985013, "params": {"C": 0.10718506304694078, "epsilon": 6.4334021493405595, "gamma": 0.2650145007087612, "lamda": 0.18922520240352725}, "datetime": {"datetime": "2021-06-21 11:22:09", "elapsed": 474.305103, "delta": 2.005283}}
{"target": -9.541807837820414, "params": {"C": 0.1909863734559188, "epsilon": 6.623358151471997, "gamma": 0.3117000957666377, "lamda": 0.5691397168451151}, "datetime": {"datetime": "2021-06-21 11:22:12", "elapsed": 476.586544, "delta": 2.281441}}
{"target": -10.080498783018195, "params": {"C": 0.6175795129213998, "epsilon": 6.215381600119762, "gamma": 0.20358810109244474, "lamda": 0.07547030698511722}, "datetime": {"datetime": "2021-06-21 11:22:15", "elapsed": 479.359614, "delta": 2.77307}}
{"target": -9.898564206637895, "params": {"C": 0.2772290604661299, "epsilon": 4.5, "gamma": 0.44482717802432864, "lamda": 0.7}, "datetime": {"datetime": "2021-06-21 11:22:17", "elapsed": 481.465806, "delta": 2.106192}}
{"target": -9.131557887708706, "params": {"C": 0.03, "epsilon": 6.594202273548477, "gamma": 0.48652802435642784, "lamda": 0.4659805732548019}, "datetime": {"datetime": "2021-06-21 11:22:19", "elapsed": 483.90236, "delta": 2.436554}}
{"target": -9.159991817722775, "params": {"C": 0.03, "epsilon": 8.341852185545442, "gamma": 0.6571074803557776, "lamda": 0.7}, "datetime": {"datetime": "2021-06-21 11:22:21", "elapsed": 486.17821, "delta": 2.27585}}
{"target": -9.972142755741418, "params": {"C": 0.44409942959226534, "epsilon": 6.988365428204327, "gamma": 0.5169923895486578, "lamda": 0.6609712404812447}, "datetime": {"datetime": "2021-06-21 11:22:23", "elapsed": 487.674751, "delta": 1.496541}}
{"target": -9.08340269959282, "params": {"C": 0.03, "epsilon": 7.184536738130477, "gamma": 0.6487662541193647, "lamda": 0.02}, "datetime": {"datetime": "2021-06-21 11:22:25", "elapsed": 489.505865, "delta": 1.831114}}
{"target": -12.951302908975507, "params": {"C": 0.7917338702238642, "epsilon": 5.575508950266094, "gamma": 0.620684685670338, "lamda": 0.13591132316850724}, "datetime": {"datetime": "2021-06-21 11:22:26", "elapsed": 491.0381, "delta": 1.532235}}
{"target": -10.349184923600017, "params": {"C": 0.8773635885312152, "epsilon": 6.253992642753328, "gamma": 0.41584620055740185, "lamda": 0.6055939898155784}, "datetime": {"datetime": "2021-06-21 11:22:28", "elapsed": 492.578707, "delta": 1.540607}}
{"target": -10.2151893367977, "params": {"C": 0.60834055022917, "epsilon": 8.351523786174774, "gamma": 0.433339939267974, "lamda": 0.09516558688351687}, "datetime": {"datetime": "2021-06-21 11:22:29", "elapsed": 494.187955, "delta": 1.609248}}
{"target": -10.388033730455131, "params": {"C": 1.0, "epsilon": 9.0, "gamma": 0.2, "lamda": 0.02}, "datetime": {"datetime": "2021-06-21 11:22:32", "elapsed": 496.498983, "delta": 2.311028}}
{"target": -10.169238696176766, "params": {"C": 0.49843671959081715, "epsilon": 7.286806962619409, "gamma": 0.39774836418557213, "lamda": 0.11296911037118394}, "datetime": {"datetime": "2021-06-21 11:22:33", "elapsed": 497.884824, "delta": 1.385841}}
{"target": -9.11745273837743, "params": {"C": 0.03, "epsilon": 7.673629332481692, "gamma": 0.8, "lamda": 0.5855736885333709}, "datetime": {"datetime": "2021-06-21 11:22:35", "elapsed": 500.198253, "delta": 2.313429}}
{"target": -9.182903415004471, "params": {"C": 0.03, "epsilon": 4.939375932422823, "gamma": 0.4339945257385864, "lamda": 0.02}, "datetime": {"datetime": "2021-06-21 11:22:39", "elapsed": 503.776843, "delta": 3.57859}}
{"target": -9.15358304310109, "params": {"C": 0.03, "epsilon": 6.8026198767570465, "gamma": 0.46187210229754905, "lamda": 0.02}, "datetime": {"datetime": "2021-06-21 11:22:42", "elapsed": 506.627537, "delta": 2.850694}}
{"target": -11.996221930183095, "params": {"C": 0.48357365645395123, "epsilon": 7.071045397112892, "gamma": 0.6932491576788894, "lamda": 0.08284030331524114}, "datetime": {"datetime": "2021-06-21 11:22:43", "elapsed": 508.188393, "delta": 1.560856}}
{"target": -11.241303079953624, "params": {"C": 0.28687186880261717, "epsilon": 6.210122145503425, "gamma": 0.7998869140109779, "lamda": 0.6959276106631541}, "datetime": {"datetime": "2021-06-21 11:22:45", "elapsed": 510.117843, "delta": 1.92945}}
{"target": -9.142603821839433, "params": {"C": 0.03, "epsilon": 7.1310440236581, "gamma": 0.605993255614949, "lamda": 0.452925782876251}, "datetime": {"datetime": "2021-06-21 11:22:48", "elapsed": 512.468608, "delta": 2.350765}}
{"target": -9.139588714211094, "params": {"C": 0.03, "epsilon": 5.066653895843169, "gamma": 0.8, "lamda": 0.7}, "datetime": {"datetime": "2021-06-21 11:22:50", "elapsed": 515.144762, "delta": 2.676154}}
{"target": -9.121840042280525, "params": {"C": 0.03, "epsilon": 6.048931110500722, "gamma": 0.3608976913474077, "lamda": 0.7}, "datetime": {"datetime": "2021-06-21 11:22:53", "elapsed": 517.498344, "delta": 2.353582}}
{"target": -9.19704184712523, "params": {"C": 0.0320540708440947, "epsilon": 6.7670678544016, "gamma": 0.6463716216109814, "lamda": 0.6901848625585766}, "datetime": {"datetime": "2021-06-21 11:22:55", "elapsed": 520.163919, "delta": 2.665575}}
{"target": -11.160875456134159, "params": {"C": 0.9025081601062851, "epsilon": 6.226853910477909, "gamma": 0.45659188409949947, "lamda": 0.22524598862951636}, "datetime": {"datetime": "2021-06-21 11:22:57", "elapsed": 521.767274, "delta": 1.603355}}
{"target": -9.061967317259565, "params": {"C": 0.03, "epsilon": 8.868184530247865, "gamma": 0.7191207598505379, "lamda": 0.02}, "datetime": {"datetime": "2021-06-21 11:22:59", "elapsed": 523.788329, "delta": 2.021055}}
{"target": -9.711675292682088, "params": {"C": 0.31626199325909465, "epsilon": 7.960388484309847, "gamma": 0.2473765852898776, "lamda": 0.14979407774381906}, "datetime": {"datetime": "2021-06-21 11:23:00", "elapsed": 525.27713, "delta": 1.488801}}
{"target": -9.085633038742348, "params": {"C": 0.03, "epsilon": 8.871943858506167, "gamma": 0.4407508883639209, "lamda": 0.3508194904989774}, "datetime": {"datetime": "2021-06-21 11:23:03", "elapsed": 527.699968, "delta": 2.422838}}
{"target": -9.15309929529343, "params": {"C": 0.03, "epsilon": 6.288631853441909, "gamma": 0.31662856498209746, "lamda": 0.02}, "datetime": {"datetime": "2021-06-21 11:23:05", "elapsed": 530.203338, "delta": 2.50337}}
{"target": -9.074039888643005, "params": {"C": 0.03, "epsilon": 7.690037712837459, "gamma": 0.8, "lamda": 0.16045873789546122}, "datetime": {"datetime": "2021-06-21 11:23:08", "elapsed": 532.556788, "delta": 2.35345}}
{"target": -9.128158847299884, "params": {"C": 0.03, "epsilon": 4.6701138496537205, "gamma": 0.8, "lamda": 0.46580833639105435}, "datetime": {"datetime": "2021-06-21 11:23:11", "elapsed": 535.553065, "delta": 2.996277}}
{"target": -9.123955762290931, "params": {"C": 0.03, "epsilon": 6.278172602222443, "gamma": 0.3983176980302796, "lamda": 0.7}, "datetime": {"datetime": "2021-06-21 11:23:13", "elapsed": 537.819127, "delta": 2.266062}}
{"target": -9.069776106709151, "params": {"C": 0.03, "epsilon": 6.8512864681733, "gamma": 0.3915989461126273, "lamda": 0.5488189600742356}, "datetime": {"datetime": "2021-06-21 11:23:16", "elapsed": 540.640083, "delta": 2.820956}}
{"target": -9.368682305568521, "params": {"C": 0.11513803997286738, "epsilon": 6.019728445364088, "gamma": 0.2458901049014515, "lamda": 0.43367613345804573}, "datetime": {"datetime": "2021-06-21 11:23:17", "elapsed": 542.214157, "delta": 1.574074}}
{"target": -9.1257806926457, "params": {"C": 0.03, "epsilon": 7.2633711116356565, "gamma": 0.44776029799735134, "lamda": 0.5490634975722823}, "datetime": {"datetime": "2021-06-21 11:23:20", "elapsed": 544.35352, "delta": 2.139363}}
{"target": -9.08742464789203, "params": {"C": 0.03, "epsilon": 8.869476244091084, "gamma": 0.5613782050874362, "lamda": 0.5496590283837155}, "datetime": {"datetime": "2021-06-21 11:23:22", "elapsed": 546.839272, "delta": 2.485752}}
{"target": -9.983003321552461, "params": {"C": 0.3305388893442559, "epsilon": 8.208295680554487, "gamma": 0.39867154002653327, "lamda": 0.27487156305951627}, "datetime": {"datetime": "2021-06-21 11:23:24", "elapsed": 548.48736, "delta": 1.648088}}
{"target": -9.178325106219672, "params": {"C": 0.03, "epsilon": 4.696867573468888, "gamma": 0.42622377782142734, "lamda": 0.02}, "datetime": {"datetime": "2021-06-21 11:23:27", "elapsed": 551.532955, "delta": 3.045595}}
