{"target": -21.746676976684327, "params": {"C": 6.294670391905382, "epsilon": 2.0993009947311343, "gamma": 7.528201321833156, "lamda": 0.6605394738938429}, "datetime": {"datetime": "2021-06-16 14:40:49", "elapsed": 1087.188925, "delta": 1.472657}}
{"target": -21.809222747630468, "params": {"C": 2.145699705283911, "epsilon": 5.3496893236384295, "gamma": 7.911736769141007, "lamda": 0.1402404513774595}, "datetime": {"datetime": "2021-06-16 14:40:51", "elapsed": 1088.723963, "delta": 1.535038}}
{"target": -114.00575226277954, "params": {"C": 4.885041438613933, "epsilon": 0.642041987748009, "gamma": 3.2964343751320295, "lamda": 6.4018442225652565}, "datetime": {"datetime": "2021-06-16 14:41:01", "elapsed": 1098.690946, "delta": 9.966983}}
{"target": -19.151896209632703, "params": {"C": 3.8988332153252228, "epsilon": 4.863232195293597, "gamma": 6.0443460930122646, "lamda": 5.489178382813705}, "datetime": {"datetime": "2021-06-16 14:41:02", "elapsed": 1100.254319, "delta": 1.563373}}
{"target": -150.32148566059155, "params": {"C": 6.55066767723184, "epsilon": 2.1775852063787227, "gamma": 7.026581264625974, "lamda": 9.069986108671872}, "datetime": {"datetime": "2021-06-16 14:41:12", "elapsed": 1110.295604, "delta": 10.041285}}
{"target": -18.02620892355566, "params": {"C": 4.420054581350374, "epsilon": 5.811044712218256, "gamma": 9.897177806171019, "lamda": 2.0445794448989156}, "datetime": {"datetime": "2021-06-16 14:41:14", "elapsed": 1112.154553, "delta": 1.858949}}
{"target": -19.157017605625803, "params": {"C": 3.9030138096425224, "epsilon": 4.855835074375598, "gamma": 6.044830054490221, "lamda": 5.48932490681802}, "datetime": {"datetime": "2021-06-16 14:41:16", "elapsed": 1113.804983, "delta": 1.65043}}
{"target": -19.166235270012912, "params": {"C": 3.9003869575510164, "epsilon": 4.86030682357713, "gamma": 6.05135034570739, "lamda": 5.493412253368855}, "datetime": {"datetime": "2021-06-16 14:41:17", "elapsed": 1115.352764, "delta": 1.547781}}
{"target": -21.113196417720733, "params": {"C": 9.952238521738552, "epsilon": 3.259503170639646, "gamma": 8.167954918312867, "lamda": 0.4460482472999202}, "datetime": {"datetime": "2021-06-16 14:41:19", "elapsed": 1117.2724, "delta": 1.919636}}
{"target": -100.17974239737862, "params": {"C": 9.307028739986468, "epsilon": 9.124912860374835, "gamma": 7.549451853790873, "lamda": 6.893519121815831}, "datetime": {"datetime": "2021-06-16 14:41:29", "elapsed": 1127.298834, "delta": 10.026434}}
{"target": -19.03783004842446, "params": {"C": 9.447542345258498, "epsilon": 5.865321078864297, "gamma": 9.038485541961364, "lamda": 1.3683301527777738}, "datetime": {"datetime": "2021-06-16 14:41:31", "elapsed": 1128.94899, "delta": 1.650156}}
{"target": -102.30388853677069, "params": {"C": 3.5015892437849785, "epsilon": 9.42919079975053, "gamma": 3.7935347024648416, "lamda": 2.893963804326745}, "datetime": {"datetime": "2021-06-16 14:41:41", "elapsed": 1138.968523, "delta": 10.019533}}
{"target": -20.197004615947435, "params": {"C": 7.54382377852778, "epsilon": 9.228266003908873, "gamma": 7.1135115917496705, "lamda": 1.2482808385463053}, "datetime": {"datetime": "2021-06-16 14:41:43", "elapsed": 1140.745552, "delta": 1.777029}}
{"target": -21.746025445024372, "params": {"C": 6.302486027202815, "epsilon": 2.102905294329748, "gamma": 7.529496274789559, "lamda": 0.6591136875261047}, "datetime": {"datetime": "2021-06-16 14:41:45", "elapsed": 1142.625192, "delta": 1.87964}}
{"target": -165.65917430923238, "params": {"C": 4.214177118537093, "epsilon": 4.180610144282616, "gamma": 8.249343161635453, "lamda": 3.5796206633744294}, "datetime": {"datetime": "2021-06-16 14:41:55", "elapsed": 1152.786765, "delta": 10.161573}}
{"target": -19.15015587861643, "params": {"C": 3.9073550665689085, "epsilon": 4.863813812079833, "gamma": 6.044508730950273, "lamda": 5.49252314890406}, "datetime": {"datetime": "2021-06-16 14:41:57", "elapsed": 1154.775813, "delta": 1.989048}}
{"target": -98.44304572342924, "params": {"C": 9.903168865305398, "epsilon": 6.440433195965342, "gamma": 0.8781930778796925, "lamda": 0.7062809845015187}, "datetime": {"datetime": "2021-06-16 14:42:07", "elapsed": 1164.66333, "delta": 9.887517}}
{"target": -18.029615930489292, "params": {"C": 4.414282738132951, "epsilon": 5.809174628365322, "gamma": 9.894340701023202, "lamda": 2.0391620453864423}, "datetime": {"datetime": "2021-06-16 14:42:08", "elapsed": 1166.515255, "delta": 1.851925}}
{"target": -22.243985089578004, "params": {"C": 5.740876577876283, "epsilon": 1.4754688088862202, "gamma": 5.890989251977532, "lamda": 6.99804666547651}, "datetime": {"datetime": "2021-06-16 14:42:10", "elapsed": 1168.553295, "delta": 2.03804}}
{"target": -104.83502589806872, "params": {"C": 3.801690449618153, "epsilon": 8.483973483750145, "gamma": 4.10943862458638, "lamda": 3.728442449113918}, "datetime": {"datetime": "2021-06-16 14:42:21", "elapsed": 1178.566495, "delta": 10.0132}}
{"target": -31.08139706950101, "params": {"C": 1.9622358967086928, "epsilon": 3.9920907743881187, "gamma": 5.151265805492404, "lamda": 0.6995095047617494}, "datetime": {"datetime": "2021-06-16 14:42:23", "elapsed": 1180.593498, "delta": 2.027003}}
{"target": -37.997256623595305, "params": {"C": 0.21905765078519393, "epsilon": 9.471287552982272, "gamma": 8.269309855822945, "lamda": 0.15191368648306877}, "datetime": {"datetime": "2021-06-16 14:42:25", "elapsed": 1183.021497, "delta": 2.427999}}
{"target": -18.978905723808992, "params": {"C": 9.383750089186611, "epsilon": 5.797192874858063, "gamma": 8.88767236607402, "lamda": 1.4287808425766118}, "datetime": {"datetime": "2021-06-16 14:42:26", "elapsed": 1183.738521, "delta": 0.717024}}
{"target": -20.47648293512854, "params": {"C": 2.8657248046938837, "epsilon": 1.03876072395582, "gamma": 8.535678711705389, "lamda": 1.4116113540383595}, "datetime": {"datetime": "2021-06-16 14:42:26", "elapsed": 1184.531524, "delta": 0.793003}}
{"target": -116.10031030736407, "params": {"C": 3.691572334070172, "epsilon": 5.032875135589583, "gamma": 6.320970339164035, "lamda": 5.308269160477775}, "datetime": {"datetime": "2021-06-16 14:42:37", "elapsed": 1194.690522, "delta": 10.158998}}
{"target": -20.421180856171695, "params": {"C": 2.940078747697902, "epsilon": 1.0309861867710506, "gamma": 8.583270815060835, "lamda": 1.4022367526344077}, "datetime": {"datetime": "2021-06-16 14:42:37", "elapsed": 1195.422519, "delta": 0.731997}}
{"target": -20.310905852456937, "params": {"C": 7.58012304755693, "epsilon": 9.035923959115905, "gamma": 7.179005033851195, "lamda": 1.0798694901427293}, "datetime": {"datetime": "2021-06-16 14:42:38", "elapsed": 1196.196562, "delta": 0.774043}}
{"target": -20.252731366842028, "params": {"C": 2.8698670579716463, "epsilon": 0.9131446770672025, "gamma": 8.745732162935042, "lamda": 1.4056340616851848}, "datetime": {"datetime": "2021-06-16 14:42:39", "elapsed": 1197.06852, "delta": 0.871958}}
{"target": -31.34131049830544, "params": {"C": 2.1842841531816215, "epsilon": 3.978485628493443, "gamma": 5.325692230230532, "lamda": 0.571119365503659}, "datetime": {"datetime": "2021-06-16 14:42:40", "elapsed": 1197.838519, "delta": 0.769999}}
{"target": -30.393200118124913, "params": {"C": 2.1161413881200795, "epsilon": 2.6529276736621363, "gamma": 4.912630059881822, "lamda": 0.5311144236524462}, "datetime": {"datetime": "2021-06-16 14:42:41", "elapsed": 1198.724521, "delta": 0.886002}}
{"target": -20.302886829568344, "params": {"C": 7.558691762371425, "epsilon": 9.160813236006401, "gamma": 7.135359937149264, "lamda": 1.1925330769323288}, "datetime": {"datetime": "2021-06-16 14:42:42", "elapsed": 1199.617562, "delta": 0.893041}}
{"target": -21.74449577096592, "params": {"C": 6.3003213366193735, "epsilon": 2.0980149309395997, "gamma": 7.529879951944708, "lamda": 0.6624133421795724}, "datetime": {"datetime": "2021-06-16 14:42:42", "elapsed": 1200.558553, "delta": 0.940991}}
{"target": -107.6903824790971, "params": {"C": 4.099431979112089, "epsilon": 4.733563812916369, "gamma": 6.114692365501041, "lamda": 5.623752978761158}, "datetime": {"datetime": "2021-06-16 14:42:53", "elapsed": 1210.808827, "delta": 10.250274}}
{"target": -18.029310969791982, "params": {"C": 4.420238924597633, "epsilon": 5.810880657123551, "gamma": 9.894018207116066, "lamda": 2.0393638101894864}, "datetime": {"datetime": "2021-06-16 14:42:54", "elapsed": 1211.709061, "delta": 0.900234}}
{"target": -21.70405461678827, "params": {"C": 6.5065061350029065, "epsilon": 1.8098164342953247, "gamma": 7.523848650726066, "lamda": 0.8338797535967459}, "datetime": {"datetime": "2021-06-16 14:42:55", "elapsed": 1212.625432, "delta": 0.916371}}
{"target": -138.40462083690207, "params": {"C": 7.993173322399795, "epsilon": 2.7202974470277583, "gamma": 6.986422935368969, "lamda": 4.439088245508474}, "datetime": {"datetime": "2021-06-16 14:43:05", "elapsed": 1222.652691, "delta": 10.027259}}
{"target": -125.62143919356427, "params": {"C": 0.44193103897112557, "epsilon": 0.1972007852101291, "gamma": 0.1565716006857137, "lamda": 2.3548005799236664}, "datetime": {"datetime": "2021-06-16 14:43:15", "elapsed": 1232.702166, "delta": 10.049475}}
{"target": -31.21298911488561, "params": {"C": 1.9860019923982593, "epsilon": 3.9980527636215295, "gamma": 5.1719348586077984, "lamda": 0.6861961455336637}, "datetime": {"datetime": "2021-06-16 14:43:16", "elapsed": 1233.60993, "delta": 0.907764}}
{"target": -13.620461522629162, "params": {"C": 0.07956073449954702, "epsilon": 9.76547408096402, "gamma": 8.009658893225906, "lamda": 0.2547557674210935}, "datetime": {"datetime": "2021-06-16 14:43:16", "elapsed": 1234.358938, "delta": 0.749008}}
{"target": -20.37400645153497, "params": {"C": 2.8812114993232463, "epsilon": 0.9857424866246802, "gamma": 8.630749035801383, "lamda": 1.4074190576917862}, "datetime": {"datetime": "2021-06-16 14:43:17", "elapsed": 1235.307365, "delta": 0.948427}}
{"target": -20.830946728077773, "params": {"C": 9.718545934287347, "epsilon": 3.4869230182884166, "gamma": 8.234778289971711, "lamda": 0.6553269846472436}, "datetime": {"datetime": "2021-06-16 14:43:18", "elapsed": 1236.194212, "delta": 0.886847}}
{"target": -57.78582103017927, "params": {"C": 5.284301642358985, "epsilon": 1.3679499002030866, "gamma": 3.5974301170427108, "lamda": 0.054408788740958544}, "datetime": {"datetime": "2021-06-16 14:43:19", "elapsed": 1237.064929, "delta": 0.870717}}
{"target": -5636.051747787651, "params": {"C": 5.699173140057602, "epsilon": 0.34840348033729285, "gamma": 8.385169274210849, "lamda": 5.403449462447108}, "datetime": {"datetime": "2021-06-16 14:43:29", "elapsed": 1247.228142, "delta": 10.163213}}
{"target": -19.210685728119014, "params": {"C": 3.933618550499884, "epsilon": 4.844927090983237, "gamma": 6.055911669485162, "lamda": 5.449104739879415}, "datetime": {"datetime": "2021-06-16 14:43:30", "elapsed": 1248.45122, "delta": 1.223078}}
{"target": -31.102658663868098, "params": {"C": 1.9737396604185327, "epsilon": 3.9987078033487236, "gamma": 5.156228726627577, "lamda": 0.6975967653869056}, "datetime": {"datetime": "2021-06-16 14:43:32", "elapsed": 1249.670037, "delta": 1.218817}}
{"target": -20.08954467561284, "params": {"C": 7.520887843536558, "epsilon": 8.87503648587175, "gamma": 7.1516029594394155, "lamda": 1.3293790792606113}, "datetime": {"datetime": "2021-06-16 14:43:33", "elapsed": 1250.915083, "delta": 1.245046}}
{"target": -19.13997759217169, "params": {"C": 3.7969511176901345, "epsilon": 0.6337812912921361, "gamma": 9.85280893270792, "lamda": 1.7937911730380944}, "datetime": {"datetime": "2021-06-16 14:43:34", "elapsed": 1251.976679, "delta": 1.061596}}
{"target": -109.25328781729246, "params": {"C": 5.273043633286948, "epsilon": 8.080732226692211, "gamma": 7.900017310404027, "lamda": 6.432232732072526}, "datetime": {"datetime": "2021-06-16 14:43:44", "elapsed": 1262.088934, "delta": 10.112255}}
{"target": -18.026999166485933, "params": {"C": 4.415878382343085, "epsilon": 5.814327980578322, "gamma": 9.893520932515859, "lamda": 2.043177304493896}, "datetime": {"datetime": "2021-06-16 14:43:45", "elapsed": 1263.395797, "delta": 1.306863}}
{"target": -18.02774265582905, "params": {"C": 4.41669066762171, "epsilon": 5.811857113448524, "gamma": 9.89736321413004, "lamda": 2.041126164643443}, "datetime": {"datetime": "2021-06-16 14:43:46", "elapsed": 1264.504428, "delta": 1.108631}}
{"target": -29.957208565239046, "params": {"C": 1.975085924823788, "epsilon": 3.7954012598761393, "gamma": 5.191021224556541, "lamda": 0.8208253411074989}, "datetime": {"datetime": "2021-06-16 14:43:47", "elapsed": 1265.529098, "delta": 1.02467}}
{"target": -20.44568150424656, "params": {"C": 2.8560584179965143, "epsilon": 0.9628802649882481, "gamma": 8.621015319780454, "lamda": 1.1544413974065517}, "datetime": {"datetime": "2021-06-16 14:43:49", "elapsed": 1266.732345, "delta": 1.203247}}
{"target": -119.79972917920935, "params": {"C": 6.04123941176549, "epsilon": 6.900659408352335, "gamma": 6.522280703206246, "lamda": 4.150998680175373}, "datetime": {"datetime": "2021-06-16 14:43:59", "elapsed": 1276.755374, "delta": 10.023029}}
{"target": -25.021168617959038, "params": {"C": 1.984484205883473, "epsilon": 3.895166447446071, "gamma": 5.211361330037796, "lamda": 0.7763486468705864}, "datetime": {"datetime": "2021-06-16 14:44:00", "elapsed": 1278.397511, "delta": 1.642137}}
{"target": -118.2440587766467, "params": {"C": 2.756714918954159, "epsilon": 3.9294166983550625, "gamma": 5.681749184176163, "lamda": 1.1964481756264322}, "datetime": {"datetime": "2021-06-16 14:44:10", "elapsed": 1288.523886, "delta": 10.126375}}
{"target": -88.26189266000472, "params": {"C": 2.1143483192361185, "epsilon": 2.6325663525007608, "gamma": 4.887572219649414, "lamda": 0.5103984395097003}, "datetime": {"datetime": "2021-06-16 14:44:12", "elapsed": 1289.642093, "delta": 1.118207}}
{"target": -19.031489433612876, "params": {"C": 9.199013470649234, "epsilon": 5.7700152846431, "gamma": 8.656259397638685, "lamda": 1.5365368489298508}, "datetime": {"datetime": "2021-06-16 14:44:12", "elapsed": 1290.375441, "delta": 0.733348}}
{"target": -106.6667477433923, "params": {"C": 2.5761083396972038, "epsilon": 0.3478697333101589, "gamma": 1.6276686520336925, "lamda": 6.496340150377078}, "datetime": {"datetime": "2021-06-16 14:44:22", "elapsed": 1300.421711, "delta": 10.04627}}
{"target": -97.46836708481482, "params": {"C": 6.631419020918237, "epsilon": 6.220820437870793, "gamma": 1.1497444394215672, "lamda": 9.497361392291225}, "datetime": {"datetime": "2021-06-16 14:44:33", "elapsed": 1310.588395, "delta": 10.166684}}
{"target": -19.151654834823866, "params": {"C": 3.8030794094028852, "epsilon": 0.6980798626046004, "gamma": 9.89525486222201, "lamda": 1.6621364988640597}, "datetime": {"datetime": "2021-06-16 14:44:33", "elapsed": 1311.396546, "delta": 0.808151}}
{"target": -425.2066326723069, "params": {"C": 2.3840382369925806, "epsilon": 9.53189147653572, "gamma": 9.70267886501415, "lamda": 5.389610862241392}, "datetime": {"datetime": "2021-06-16 14:44:44", "elapsed": 1322.05111, "delta": 10.654564}}
{"target": -107.39212600613331, "params": {"C": 5.422468285558557, "epsilon": 6.26983576932252, "gamma": 4.980069919201907, "lamda": 1.8269084110718634}, "datetime": {"datetime": "2021-06-16 14:44:54", "elapsed": 1332.123777, "delta": 10.072667}}
{"target": -127.32090748181473, "params": {"C": 1.0305355889349477, "epsilon": 4.468695267466479, "gamma": 9.086261486659255, "lamda": 2.9374237921127357}, "datetime": {"datetime": "2021-06-16 14:45:10", "elapsed": 1348.487848, "delta": 16.364071}}
{"target": -19.77478727970059, "params": {"C": 7.626025909821446, "epsilon": 9.465780482753061, "gamma": 7.294160098617977, "lamda": 1.292469224930342}, "datetime": {"datetime": "2021-06-16 14:45:11", "elapsed": 1349.310501, "delta": 0.822653}}
{"target": -102.59585197860656, "params": {"C": 3.3990028684497853, "epsilon": 9.444769598606552, "gamma": 3.842423961673599, "lamda": 2.9661379614579486}, "datetime": {"datetime": "2021-06-16 14:45:21", "elapsed": 1359.371606, "delta": 10.061105}}
{"target": -105.17250886603271, "params": {"C": 9.485220924203196, "epsilon": 5.335017681835769, "gamma": 6.995252262047982, "lamda": 3.2301037469105407}, "datetime": {"datetime": "2021-06-16 14:45:31", "elapsed": 1369.399392, "delta": 10.027786}}
{"target": -20.356202013411465, "params": {"C": 7.634160687954651, "epsilon": 8.985763751482452, "gamma": 6.9259149409368534, "lamda": 1.2799135002442734}, "datetime": {"datetime": "2021-06-16 14:45:32", "elapsed": 1370.25237, "delta": 0.852978}}
{"target": -62.74735874172826, "params": {"C": 5.276892523120835, "epsilon": 1.6123493012993089, "gamma": 3.631519117130678, "lamda": 0.3289324553893185}, "datetime": {"datetime": "2021-06-16 14:45:33", "elapsed": 1371.249765, "delta": 0.997395}}
{"target": -19.528160841366844, "params": {"C": 7.624619210385636, "epsilon": 9.270091109076288, "gamma": 7.16292898852262, "lamda": 1.4920631244630203}, "datetime": {"datetime": "2021-06-16 14:45:34", "elapsed": 1372.12523, "delta": 0.875465}}
{"target": -19.31416165970212, "params": {"C": 3.7375169666919956, "epsilon": 0.6569427724540613, "gamma": 9.7124782880178, "lamda": 1.4997710599555216}, "datetime": {"datetime": "2021-06-16 14:45:35", "elapsed": 1373.065227, "delta": 0.939997}}
{"target": -109.44679914382473, "params": {"C": 2.388024119594966, "epsilon": 3.061480859875822, "gamma": 4.79580358557817, "lamda": 1.287055322628565}, "datetime": {"datetime": "2021-06-16 14:45:45", "elapsed": 1383.029852, "delta": 9.964625}}
{"target": -99.34839493289228, "params": {"C": 7.827278347031329, "epsilon": 6.126694770281146, "gamma": 0.4630633330359642, "lamda": 4.217513955079982}, "datetime": {"datetime": "2021-06-16 14:45:55", "elapsed": 1392.656142, "delta": 9.62629}}
{"target": -103.87643839317973, "params": {"C": 2.45995854843107, "epsilon": 2.027083317795216, "gamma": 7.985063785805774, "lamda": 8.566655091979289}, "datetime": {"datetime": "2021-06-16 14:46:10", "elapsed": 1408.005397, "delta": 15.349255}}
{"target": -57.07871529119548, "params": {"C": 5.156999662910877, "epsilon": 1.748110692292433, "gamma": 3.440490786830273, "lamda": 0.38239189431555765}, "datetime": {"datetime": "2021-06-16 14:46:11", "elapsed": 1408.964189, "delta": 0.958792}}
{"target": -21.763716971939193, "params": {"C": 2.3096998933995545, "epsilon": 5.2622744076110886, "gamma": 7.952512551539003, "lamda": 0.15247854341776504}, "datetime": {"datetime": "2021-06-16 14:46:12", "elapsed": 1409.96819, "delta": 1.004001}}
{"target": -121.62810562891164, "params": {"C": 4.1940664422631615, "epsilon": 3.1933695316628428, "gamma": 6.628085260994641, "lamda": 5.638471614133004}, "datetime": {"datetime": "2021-06-16 14:46:22", "elapsed": 1420.345976, "delta": 10.377786}}
{"target": -19.407420009478038, "params": {"C": 5.655155346476569, "epsilon": 3.7211738569789334, "gamma": 5.6663933722304645, "lamda": 7.527585652136843}, "datetime": {"datetime": "2021-06-16 14:46:23", "elapsed": 1421.093906, "delta": 0.74793}}
{"target": -21.19760254299413, "params": {"C": 9.610732888406563, "epsilon": 3.4128632364891254, "gamma": 8.051836027062626, "lamda": 0.5946325836364262}, "datetime": {"datetime": "2021-06-16 14:46:24", "elapsed": 1422.106017, "delta": 1.012111}}
{"target": -113.47200452031075, "params": {"C": 1.8223478428685635, "epsilon": 4.645851057910007, "gamma": 4.831756531412457, "lamda": 2.56232415121537}, "datetime": {"datetime": "2021-06-16 14:46:34", "elapsed": 1431.659295, "delta": 9.553278}}
{"target": -19.27436371473183, "params": {"C": 3.9862609411753724, "epsilon": 0.6865933160787718, "gamma": 9.766005665718934, "lamda": 1.5070266398659489}, "datetime": {"datetime": "2021-06-16 14:46:34", "elapsed": 1432.54128, "delta": 0.881985}}
{"target": -102.1773760850151, "params": {"C": 0.9546688922927431, "epsilon": 0.9595448349977173, "gamma": 3.1389138040076507, "lamda": 9.210387201590843}, "datetime": {"datetime": "2021-06-16 14:46:50", "elapsed": 1448.18631, "delta": 15.64503}}
{"target": -20.34097360833119, "params": {"C": 2.945785937137015, "epsilon": 1.050552176359342, "gamma": 8.629789571713987, "lamda": 1.4784653434024813}, "datetime": {"datetime": "2021-06-16 14:46:51", "elapsed": 1449.030321, "delta": 0.844011}}
{"target": -19.089266306720766, "params": {"C": 3.795912065629567, "epsilon": 0.6658398724954566, "gamma": 9.856516871406592, "lamda": 1.7722924420097148}, "datetime": {"datetime": "2021-06-16 14:46:52", "elapsed": 1450.036511, "delta": 1.00619}}
{"target": -98.00698673332215, "params": {"C": 3.9066314083192104, "epsilon": 5.458949502207698, "gamma": 4.124084910671018, "lamda": 6.924619237345026}, "datetime": {"datetime": "2021-06-16 14:47:02", "elapsed": 1460.379103, "delta": 10.342592}}
{"target": -114.70661664589166, "params": {"C": 3.2441815019983076, "epsilon": 9.498700458163663, "gamma": 3.834882811159602, "lamda": 3.031595434240241}, "datetime": {"datetime": "2021-06-16 14:47:12", "elapsed": 1470.234984, "delta": 9.855881}}
{"target": -81.45667703000962, "params": {"C": 5.275712506955121, "epsilon": 1.4108168103503795, "gamma": 3.458520786395681, "lamda": 0.3091968213176594}, "datetime": {"datetime": "2021-06-16 14:47:13", "elapsed": 1471.184156, "delta": 0.949172}}
{"target": -18.027760298842374, "params": {"C": 4.418679432753281, "epsilon": 5.813072316876299, "gamma": 9.89463881764337, "lamda": 2.0416351861144806}, "datetime": {"datetime": "2021-06-16 14:47:14", "elapsed": 1472.055749, "delta": 0.871593}}
{"target": -21.743926524443786, "params": {"C": 6.25283425812756, "epsilon": 1.885190182584774, "gamma": 7.5067060485500505, "lamda": 0.7545101946284857}, "datetime": {"datetime": "2021-06-16 14:47:15", "elapsed": 1472.934525, "delta": 0.878776}}
{"target": -19.377924634962415, "params": {"C": 5.845886124401352, "epsilon": 3.5497700508237053, "gamma": 5.486406259159659, "lamda": 7.571895736736223}, "datetime": {"datetime": "2021-06-16 14:47:16", "elapsed": 1473.805723, "delta": 0.871198}}
