{"target": -9.864924768027935, "params": {"C": 0.5015539073882409, "epsilon": 5.124005247627267, "gamma": 0.2, "lamda": 0.02}, "datetime": {"datetime": "2021-06-21 11:17:38", "elapsed": 202.507046, "delta": 1.873846}}
{"target": -9.083506409172957, "params": {"C": 0.03, "epsilon": 6.961873287235214, "gamma": 0.8, "lamda": 0.16912724716530206}, "datetime": {"datetime": "2021-06-21 11:17:39", "elapsed": 203.959176, "delta": 1.45213}}
{"target": -11.847745671206324, "params": {"C": 0.7806269464020034, "epsilon": 4.939042086215074, "gamma": 0.548930776542693, "lamda": 0.12407007244448273}, "datetime": {"datetime": "2021-06-21 11:17:40", "elapsed": 205.007271, "delta": 1.048095}}
{"target": -9.20781983929762, "params": {"C": 0.03, "epsilon": 4.980088485690663, "gamma": 0.6263918732908137, "lamda": 0.7}, "datetime": {"datetime": "2021-06-21 11:17:42", "elapsed": 206.622745, "delta": 1.615474}}
{"target": -9.15159128083772, "params": {"C": 0.0336066669415165, "epsilon": 7.167565918878098, "gamma": 0.6552730240308555, "lamda": 0.21616911588657775}, "datetime": {"datetime": "2021-06-21 11:17:43", "elapsed": 208.111404, "delta": 1.488659}}
{"target": -9.160231023627116, "params": {"C": 0.04054814336308614, "epsilon": 8.302229676020243, "gamma": 0.41183307572218697, "lamda": 0.2631357864593422}, "datetime": {"datetime": "2021-06-21 11:17:45", "elapsed": 209.728921, "delta": 1.617517}}
{"target": -9.091688053412055, "params": {"C": 0.03, "epsilon": 6.557410736093882, "gamma": 0.8, "lamda": 0.20692625702593467}, "datetime": {"datetime": "2021-06-21 11:17:46", "elapsed": 211.047535, "delta": 1.318614}}
{"target": -12.502331484542811, "params": {"C": 0.418625916926735, "epsilon": 4.99568194694405, "gamma": 0.7934810617257966, "lamda": 0.37585226471368255}, "datetime": {"datetime": "2021-06-21 11:17:47", "elapsed": 212.03493, "delta": 0.987395}}
{"target": -9.117518481639681, "params": {"C": 0.030032904710182093, "epsilon": 7.320131857957657, "gamma": 0.7746715603404191, "lamda": 0.51809181224449}, "datetime": {"datetime": "2021-06-21 11:17:49", "elapsed": 213.851425, "delta": 1.816495}}
{"target": -9.170031509982726, "params": {"C": 0.03, "epsilon": 5.670780323472637, "gamma": 0.44053437260025946, "lamda": 0.02}, "datetime": {"datetime": "2021-06-21 11:17:50", "elapsed": 215.217313, "delta": 1.365888}}
{"target": -9.069173247643887, "params": {"C": 0.03, "epsilon": 8.454764851054406, "gamma": 0.8, "lamda": 0.21789044812834052}, "datetime": {"datetime": "2021-06-21 11:17:52", "elapsed": 216.933035, "delta": 1.715722}}
{"target": -9.091751592419897, "params": {"C": 0.03, "epsilon": 5.4204731472395755, "gamma": 0.8, "lamda": 0.02}, "datetime": {"datetime": "2021-06-21 11:17:54", "elapsed": 218.520616, "delta": 1.587581}}
{"target": -9.090140172326446, "params": {"C": 0.03, "epsilon": 7.036961241627783, "gamma": 0.41977763842406274, "lamda": 0.5197605788204314}, "datetime": {"datetime": "2021-06-21 11:17:55", "elapsed": 219.997554, "delta": 1.476938}}
{"target": -9.095731642712703, "params": {"C": 0.03233195781332466, "epsilon": 8.52787954793708, "gamma": 0.6904228967400925, "lamda": 0.027712480474589202}, "datetime": {"datetime": "2021-06-21 11:17:57", "elapsed": 221.482269, "delta": 1.484715}}
{"target": -9.110389819515301, "params": {"C": 0.03, "epsilon": 6.30794737739536, "gamma": 0.561661188507745, "lamda": 0.40068503186166343}, "datetime": {"datetime": "2021-06-21 11:17:58", "elapsed": 222.969653, "delta": 1.487384}}
{"target": -9.01964697874136, "params": {"C": 0.03, "epsilon": 8.77411606347654, "gamma": 0.4053999484211976, "lamda": 0.16593310191617378}, "datetime": {"datetime": "2021-06-21 11:18:00", "elapsed": 224.355214, "delta": 1.385561}}
{"target": -9.027076935552438, "params": {"C": 0.03, "epsilon": 8.674123190704474, "gamma": 0.31992102567505837, "lamda": 0.02}, "datetime": {"datetime": "2021-06-21 11:18:02", "elapsed": 226.427478, "delta": 2.072264}}
{"target": -9.55536007581669, "params": {"C": 0.03, "epsilon": 8.630520609921907, "gamma": 0.2, "lamda": 0.30870671853968645}, "datetime": {"datetime": "2021-06-21 11:18:03", "elapsed": 227.948608, "delta": 1.52113}}
{"target": -11.424525674448786, "params": {"C": 0.3026598423544816, "epsilon": 8.415192487810733, "gamma": 0.7978623276169086, "lamda": 0.4270557365795433}, "datetime": {"datetime": "2021-06-21 11:18:04", "elapsed": 228.9471, "delta": 0.998492}}
{"target": -9.074912961743518, "params": {"C": 0.03, "epsilon": 8.835812915685821, "gamma": 0.4222145811732152, "lamda": 0.02}, "datetime": {"datetime": "2021-06-21 11:18:06", "elapsed": 230.449354, "delta": 1.502254}}
{"target": -9.121360950610766, "params": {"C": 0.03, "epsilon": 8.093840876719195, "gamma": 0.45816140533492616, "lamda": 0.51669826627622}, "datetime": {"datetime": "2021-06-21 11:18:07", "elapsed": 231.956666, "delta": 1.507312}}
{"target": -9.106134850204588, "params": {"C": 0.03, "epsilon": 6.166022000743484, "gamma": 0.62462604034812, "lamda": 0.02}, "datetime": {"datetime": "2021-06-21 11:18:09", "elapsed": 233.659864, "delta": 1.703198}}
{"target": -9.058903643548415, "params": {"C": 0.03, "epsilon": 8.65212520372387, "gamma": 0.5792654881527398, "lamda": 0.28251191818815724}, "datetime": {"datetime": "2021-06-21 11:18:11", "elapsed": 235.329475, "delta": 1.669611}}
{"target": -9.100994556851205, "params": {"C": 0.03, "epsilon": 7.596916514453326, "gamma": 0.422807824285279, "lamda": 0.02}, "datetime": {"datetime": "2021-06-21 11:18:12", "elapsed": 236.846095, "delta": 1.51662}}
{"target": -9.168990373921327, "params": {"C": 0.03, "epsilon": 4.848091076225805, "gamma": 0.7003316272643508, "lamda": 0.5211683650829853}, "datetime": {"datetime": "2021-06-21 11:18:14", "elapsed": 238.56416, "delta": 1.718065}}
{"target": -9.121610543410743, "params": {"C": 0.03, "epsilon": 6.08956257400799, "gamma": 0.8, "lamda": 0.5482517617661651}, "datetime": {"datetime": "2021-06-21 11:18:15", "elapsed": 240.099096, "delta": 1.534936}}
{"target": -9.65638051488948, "params": {"C": 0.13258251821594513, "epsilon": 8.137897740065617, "gamma": 0.6366836499680515, "lamda": 0.02529050185671349}, "datetime": {"datetime": "2021-06-21 11:18:16", "elapsed": 241.116916, "delta": 1.01782}}
{"target": -9.143554438779116, "params": {"C": 0.03, "epsilon": 4.631619389479747, "gamma": 0.7071975586918897, "lamda": 0.11033889398230992}, "datetime": {"datetime": "2021-06-21 11:18:18", "elapsed": 242.695429, "delta": 1.578513}}
{"target": -9.083874449304043, "params": {"C": 0.03, "epsilon": 5.901870014740485, "gamma": 0.8, "lamda": 0.02}, "datetime": {"datetime": "2021-06-21 11:18:20", "elapsed": 244.568045, "delta": 1.872616}}
{"target": -9.102782500013962, "params": {"C": 0.03, "epsilon": 9.0, "gamma": 0.4602293638788371, "lamda": 0.1803423626365383}, "datetime": {"datetime": "2021-06-21 11:18:21", "elapsed": 246.149821, "delta": 1.581776}}
{"target": -9.371859586183515, "params": {"C": 0.03371710571657719, "epsilon": 6.367147998339111, "gamma": 0.2637126031324417, "lamda": 0.2984466503551128}, "datetime": {"datetime": "2021-06-21 11:18:22", "elapsed": 247.158587, "delta": 1.008766}}
{"target": -9.03333496662456, "params": {"C": 0.03, "epsilon": 6.1947332908202775, "gamma": 0.3870643638710166, "lamda": 0.19123140782957695}, "datetime": {"datetime": "2021-06-21 11:18:24", "elapsed": 248.661609, "delta": 1.503022}}
{"target": -9.091191753389616, "params": {"C": 0.03, "epsilon": 7.831167269163419, "gamma": 0.4274135495955747, "lamda": 0.184754042663492}, "datetime": {"datetime": "2021-06-21 11:18:26", "elapsed": 250.310994, "delta": 1.649385}}
{"target": -10.214802509331106, "params": {"C": 0.7277975395615186, "epsilon": 5.7230137333708555, "gamma": 0.43202938451552936, "lamda": 0.6194362544161736}, "datetime": {"datetime": "2021-06-21 11:18:27", "elapsed": 251.483385, "delta": 1.172391}}
{"target": -9.198363308935015, "params": {"C": 0.031820550231642014, "epsilon": 5.608064258400916, "gamma": 0.6539284370497882, "lamda": 0.640141245953745}, "datetime": {"datetime": "2021-06-21 11:18:28", "elapsed": 253.072208, "delta": 1.588823}}
{"target": -10.263811678036333, "params": {"C": 1.0, "epsilon": 5.592818937982818, "gamma": 0.2, "lamda": 0.7}, "datetime": {"datetime": "2021-06-21 11:18:30", "elapsed": 254.796512, "delta": 1.724304}}
{"target": -9.135349172699554, "params": {"C": 0.03, "epsilon": 7.5353460365200835, "gamma": 0.6487441006169777, "lamda": 0.4647653129614716}, "datetime": {"datetime": "2021-06-21 11:18:31", "elapsed": 256.307219, "delta": 1.510707}}
{"target": -9.23179454566235, "params": {"C": 0.040508459611932814, "epsilon": 6.366321060939231, "gamma": 0.2726421815035497, "lamda": 0.29210118555419856}, "datetime": {"datetime": "2021-06-21 11:18:33", "elapsed": 257.394379, "delta": 1.08716}}
{"target": -9.833226717601077, "params": {"C": 0.18070722210124684, "epsilon": 6.313957637603369, "gamma": 0.3645226278202465, "lamda": 0.2668372148526026}, "datetime": {"datetime": "2021-06-21 11:18:34", "elapsed": 258.774825, "delta": 1.380446}}
{"target": -10.204254490821233, "params": {"C": 0.36137391569107047, "epsilon": 7.4761050213930575, "gamma": 0.3339897081349934, "lamda": 0.10980072391608155}, "datetime": {"datetime": "2021-06-21 11:18:35", "elapsed": 259.91622, "delta": 1.141395}}
{"target": -9.129032142662432, "params": {"C": 0.03, "epsilon": 6.4132365074599464, "gamma": 0.3262579876922679, "lamda": 0.1084672085011758}, "datetime": {"datetime": "2021-06-21 11:18:37", "elapsed": 261.817995, "delta": 1.901775}}
{"target": -9.8199383062491, "params": {"C": 0.30662662176206823, "epsilon": 6.536067295777995, "gamma": 0.5162267428826928, "lamda": 0.6656099544314431}, "datetime": {"datetime": "2021-06-21 11:18:38", "elapsed": 262.930982, "delta": 1.112987}}
{"target": -9.75793851161818, "params": {"C": 0.41024679886370036, "epsilon": 5.830456097433805, "gamma": 0.2, "lamda": 0.02}, "datetime": {"datetime": "2021-06-21 11:18:40", "elapsed": 264.459438, "delta": 1.528456}}
{"target": -9.846730363866824, "params": {"C": 0.523285198997673, "epsilon": 5.648553860959119, "gamma": 0.2078902829605921, "lamda": 0.6996486567211521}, "datetime": {"datetime": "2021-06-21 11:18:42", "elapsed": 266.681898, "delta": 2.22246}}
{"target": -10.245347766421485, "params": {"C": 0.6619244887536686, "epsilon": 5.230030549134315, "gamma": 0.23579822910180526, "lamda": 0.35795702352471986}, "datetime": {"datetime": "2021-06-21 11:18:43", "elapsed": 267.832254, "delta": 1.150356}}
{"target": -9.124614741704594, "params": {"C": 0.03, "epsilon": 5.326180214106696, "gamma": 0.8, "lamda": 0.5149626675430494}, "datetime": {"datetime": "2021-06-21 11:18:44", "elapsed": 269.201355, "delta": 1.369101}}
{"target": -9.976745920617153, "params": {"C": 0.2574276849638942, "epsilon": 5.336275971790668, "gamma": 0.42000309297172594, "lamda": 0.02}, "datetime": {"datetime": "2021-06-21 11:18:46", "elapsed": 270.706125, "delta": 1.50477}}
{"target": -9.160510090757874, "params": {"C": 0.03, "epsilon": 5.349403833499447, "gamma": 0.42618795479587485, "lamda": 0.7}, "datetime": {"datetime": "2021-06-21 11:18:48", "elapsed": 272.363221, "delta": 1.657096}}
{"target": -9.165560333020734, "params": {"C": 0.03024580943678164, "epsilon": 5.229004709407599, "gamma": 0.49089156919325266, "lamda": 0.48003973934322186}, "datetime": {"datetime": "2021-06-21 11:18:49", "elapsed": 274.093391, "delta": 1.73017}}
{"target": -9.743419164562322, "params": {"C": 0.03, "epsilon": 5.392716701915841, "gamma": 0.2, "lamda": 0.5774141129601946}, "datetime": {"datetime": "2021-06-21 11:18:51", "elapsed": 275.632278, "delta": 1.538887}}
{"target": -9.796534941647733, "params": {"C": 0.48711687179020147, "epsilon": 5.877728384102412, "gamma": 0.2, "lamda": 0.40978966132313405}, "datetime": {"datetime": "2021-06-21 11:18:52", "elapsed": 277.152542, "delta": 1.520264}}
{"target": -9.700173857135418, "params": {"C": 0.23636250250139187, "epsilon": 9.0, "gamma": 0.6315931562191719, "lamda": 0.02}, "datetime": {"datetime": "2021-06-21 11:18:55", "elapsed": 279.400013, "delta": 2.247471}}
{"target": -9.100974292584436, "params": {"C": 0.03, "epsilon": 6.377946158310879, "gamma": 0.4149458289259517, "lamda": 0.2427350070745868}, "datetime": {"datetime": "2021-06-21 11:18:56", "elapsed": 281.021964, "delta": 1.621951}}
{"target": -9.618631228737264, "params": {"C": 0.32937926180084853, "epsilon": 6.199741720988662, "gamma": 0.2, "lamda": 0.7}, "datetime": {"datetime": "2021-06-21 11:18:58", "elapsed": 282.825246, "delta": 1.803282}}
{"target": -9.937354027699866, "params": {"C": 0.306694433781046, "epsilon": 9.0, "gamma": 0.38344679650119357, "lamda": 0.48947012225117115}, "datetime": {"datetime": "2021-06-21 11:19:00", "elapsed": 284.333683, "delta": 1.508437}}
{"target": -9.163033428188513, "params": {"C": 0.03, "epsilon": 5.909627752955692, "gamma": 0.4466561022294431, "lamda": 0.21043096888723448}, "datetime": {"datetime": "2021-06-21 11:19:01", "elapsed": 285.935274, "delta": 1.601591}}
{"target": -9.614988572278676, "params": {"C": 0.03, "epsilon": 7.231536578162346, "gamma": 0.2, "lamda": 0.35138551995024675}, "datetime": {"datetime": "2021-06-21 11:19:03", "elapsed": 287.624368, "delta": 1.689094}}
{"target": -9.1375323858246, "params": {"C": 0.03, "epsilon": 5.473132670480944, "gamma": 0.8, "lamda": 0.7}, "datetime": {"datetime": "2021-06-21 11:19:05", "elapsed": 289.658686, "delta": 2.034318}}
{"target": -9.067253962939427, "params": {"C": 0.03, "epsilon": 8.16567975363804, "gamma": 0.8, "lamda": 0.20112026362270738}, "datetime": {"datetime": "2021-06-21 11:19:06", "elapsed": 291.214203, "delta": 1.555517}}
{"target": -10.392265341438431, "params": {"C": 1.0, "epsilon": 5.282200800027673, "gamma": 0.2, "lamda": 0.02}, "datetime": {"datetime": "2021-06-21 11:19:08", "elapsed": 292.89916, "delta": 1.684957}}
{"target": -9.129386377056113, "params": {"C": 0.031461151992530086, "epsilon": 7.242076476934788, "gamma": 0.48348865998597546, "lamda": 0.034077997835136375}, "datetime": {"datetime": "2021-06-21 11:19:09", "elapsed": 293.968991, "delta": 1.069831}}
{"target": -9.829425366697137, "params": {"C": 0.2765293369670644, "epsilon": 5.336512654736885, "gamma": 0.6467992600130433, "lamda": 0.4935007467518029}, "datetime": {"datetime": "2021-06-21 11:19:10", "elapsed": 295.144419, "delta": 1.175428}}
{"target": -9.34220725288867, "params": {"C": 0.1140790187501185, "epsilon": 7.963803259108508, "gamma": 0.25628927414808317, "lamda": 0.3306228153221785}, "datetime": {"datetime": "2021-06-21 11:19:12", "elapsed": 296.321365, "delta": 1.176946}}
{"target": -9.859349404699403, "params": {"C": 0.15805884399924566, "epsilon": 6.110730861284865, "gamma": 0.4082411993151213, "lamda": 0.02}, "datetime": {"datetime": "2021-06-21 11:19:13", "elapsed": 298.243261, "delta": 1.921896}}
{"target": -10.388436418588224, "params": {"C": 1.0, "epsilon": 6.1656002520698605, "gamma": 0.2, "lamda": 0.02}, "datetime": {"datetime": "2021-06-21 11:19:16", "elapsed": 300.486904, "delta": 2.243643}}
{"target": -9.113876426339639, "params": {"C": 0.03, "epsilon": 6.470861575340473, "gamma": 0.8, "lamda": 0.4924514785167615}, "datetime": {"datetime": "2021-06-21 11:19:17", "elapsed": 302.046863, "delta": 1.559959}}
{"target": -9.133289711902057, "params": {"C": 0.03, "epsilon": 6.701712374580719, "gamma": 0.4287221028098712, "lamda": 0.7}, "datetime": {"datetime": "2021-06-21 11:19:19", "elapsed": 303.772217, "delta": 1.725354}}
{"target": -9.849155465203385, "params": {"C": 0.2831882945426246, "epsilon": 8.232728534202588, "gamma": 0.2941872078076815, "lamda": 0.7}, "datetime": {"datetime": "2021-06-21 11:19:21", "elapsed": 305.909285, "delta": 2.137068}}
{"target": -10.191033499269128, "params": {"C": 0.943861521996466, "epsilon": 8.745971895221144, "gamma": 0.2, "lamda": 0.7}, "datetime": {"datetime": "2021-06-21 11:19:23", "elapsed": 307.659257, "delta": 1.749972}}
{"target": -10.245191359751123, "params": {"C": 1.0, "epsilon": 6.377347054846326, "gamma": 0.2, "lamda": 0.7}, "datetime": {"datetime": "2021-06-21 11:19:25", "elapsed": 309.36153, "delta": 1.702273}}
{"target": -9.765907495574705, "params": {"C": 0.03, "epsilon": 4.5, "gamma": 0.2, "lamda": 0.3399207666224477}, "datetime": {"datetime": "2021-06-21 11:19:26", "elapsed": 311.003834, "delta": 1.642304}}
{"target": -9.196960341559315, "params": {"C": 0.03173454982255174, "epsilon": 5.404954498917971, "gamma": 0.6434632839611809, "lamda": 0.5136078585710054}, "datetime": {"datetime": "2021-06-21 11:19:28", "elapsed": 312.862607, "delta": 1.858773}}
{"target": -9.703681618842987, "params": {"C": 0.03, "epsilon": 4.894129898763307, "gamma": 0.2, "lamda": 0.02}, "datetime": {"datetime": "2021-06-21 11:19:29", "elapsed": 314.29822, "delta": 1.435613}}
{"target": -9.105126820732414, "params": {"C": 0.03, "epsilon": 6.313495878223294, "gamma": 0.7378339665126105, "lamda": 0.13041216689324836}, "datetime": {"datetime": "2021-06-21 11:19:31", "elapsed": 316.18789, "delta": 1.88967}}
{"target": -9.624165819715609, "params": {"C": 0.353066202678966, "epsilon": 6.852926873014738, "gamma": 0.2, "lamda": 0.7}, "datetime": {"datetime": "2021-06-21 11:19:33", "elapsed": 317.855545, "delta": 1.667655}}
{"target": -9.844502343214637, "params": {"C": 0.5446764640671523, "epsilon": 4.5, "gamma": 0.2, "lamda": 0.7}, "datetime": {"datetime": "2021-06-21 11:19:35", "elapsed": 320.11516, "delta": 2.259615}}
{"target": -9.0758607645173, "params": {"C": 0.03, "epsilon": 7.871758196537084, "gamma": 0.8, "lamda": 0.23326558038095713}, "datetime": {"datetime": "2021-06-21 11:19:37", "elapsed": 321.74696, "delta": 1.6318}}
{"target": -10.241006095919616, "params": {"C": 0.6880141275916142, "epsilon": 6.608298310088727, "gamma": 0.43078550754944067, "lamda": 0.03746365151841631}, "datetime": {"datetime": "2021-06-21 11:19:38", "elapsed": 323.10343, "delta": 1.35647}}
{"target": -9.962108383245164, "params": {"C": 0.5733955275117955, "epsilon": 6.576497609154449, "gamma": 0.2, "lamda": 0.02}, "datetime": {"datetime": "2021-06-21 11:19:40", "elapsed": 324.839357, "delta": 1.735927}}
{"target": -10.290167334492196, "params": {"C": 0.9598973604005872, "epsilon": 7.846127653932738, "gamma": 0.36340584211821925, "lamda": 0.5177133753108651}, "datetime": {"datetime": "2021-06-21 11:19:43", "elapsed": 327.830824, "delta": 1.252912}}
{"target": -9.209899861153534, "params": {"C": 0.03, "epsilon": 5.262272416510937, "gamma": 0.6389816347547385, "lamda": 0.7}, "datetime": {"datetime": "2021-06-21 11:19:45", "elapsed": 329.767724, "delta": 1.9369}}
{"target": -10.207651737049108, "params": {"C": 1.0, "epsilon": 8.024020749705098, "gamma": 0.2, "lamda": 0.7}, "datetime": {"datetime": "2021-06-21 11:19:47", "elapsed": 331.503965, "delta": 1.736241}}
{"target": -9.924215071753684, "params": {"C": 0.5400196393046949, "epsilon": 7.935992163675243, "gamma": 0.21042004621715105, "lamda": 0.3799072454373174}, "datetime": {"datetime": "2021-06-21 11:19:49", "elapsed": 333.560207, "delta": 2.056242}}
{"target": -9.112139397789097, "params": {"C": 0.03, "epsilon": 5.092158018282791, "gamma": 0.8, "lamda": 0.24104356541614952}, "datetime": {"datetime": "2021-06-21 11:19:50", "elapsed": 335.142971, "delta": 1.582764}}
{"target": -9.14317758748341, "params": {"C": 0.03, "epsilon": 5.028761854318753, "gamma": 0.6179466191924489, "lamda": 0.02}, "datetime": {"datetime": "2021-06-21 11:19:52", "elapsed": 337.186749, "delta": 2.043778}}
{"target": -9.80988914265378, "params": {"C": 0.4489513679297994, "epsilon": 8.557465468429276, "gamma": 0.2, "lamda": 0.02}, "datetime": {"datetime": "2021-06-21 11:19:55", "elapsed": 339.674914, "delta": 2.488165}}
{"target": -9.144227231537538, "params": {"C": 0.03, "epsilon": 4.5, "gamma": 0.8, "lamda": 0.7}, "datetime": {"datetime": "2021-06-21 11:19:56", "elapsed": 341.156872, "delta": 1.481958}}
{"target": -9.74557483668719, "params": {"C": 0.18832949816339145, "epsilon": 8.006674110381667, "gamma": 0.3465956145118386, "lamda": 0.33666394755677465}, "datetime": {"datetime": "2021-06-21 11:19:58", "elapsed": 342.37285, "delta": 1.215978}}
{"target": -9.076662867722469, "params": {"C": 0.03, "epsilon": 8.294975370076378, "gamma": 0.6406310816570062, "lamda": 0.14697447379557765}, "datetime": {"datetime": "2021-06-21 11:19:59", "elapsed": 344.155697, "delta": 1.782847}}
{"target": -9.130881171353009, "params": {"C": 0.03758120743803251, "epsilon": 5.164243419244744, "gamma": 0.3259950588611048, "lamda": 0.3630729934274135}, "datetime": {"datetime": "2021-06-21 11:20:01", "elapsed": 345.945799, "delta": 1.790102}}
{"target": -9.582252706160364, "params": {"C": 0.03, "epsilon": 8.272562089823422, "gamma": 0.2, "lamda": 0.4220222739173705}, "datetime": {"datetime": "2021-06-21 11:20:03", "elapsed": 347.51927, "delta": 1.573471}}
{"target": -9.063407538593255, "params": {"C": 0.03, "epsilon": 7.384622045481539, "gamma": 0.8, "lamda": 0.02}, "datetime": {"datetime": "2021-06-21 11:20:05", "elapsed": 349.455824, "delta": 1.936554}}
{"target": -10.287491486218743, "params": {"C": 0.7322265589509034, "epsilon": 8.291722886006276, "gamma": 0.44608282389271137, "lamda": 0.26077755491908694}, "datetime": {"datetime": "2021-06-21 11:20:06", "elapsed": 350.778853, "delta": 1.323029}}
{"target": -10.049597490849736, "params": {"C": 0.5253521268013399, "epsilon": 6.266287884817844, "gamma": 0.46747766035315624, "lamda": 0.5561839690550309}, "datetime": {"datetime": "2021-06-21 11:20:07", "elapsed": 352.121534, "delta": 1.342681}}
{"target": -9.121738193273469, "params": {"C": 0.034285430067005636, "epsilon": 8.527890536649478, "gamma": 0.4266026102875457, "lamda": 0.5340810945525593}, "datetime": {"datetime": "2021-06-21 11:20:09", "elapsed": 353.995928, "delta": 1.874394}}
{"target": -9.63213994688508, "params": {"C": 0.18945845480027595, "epsilon": 7.655187828348193, "gamma": 0.5851554134128526, "lamda": 0.7}, "datetime": {"datetime": "2021-06-21 11:20:11", "elapsed": 355.852921, "delta": 1.856993}}
