{"target": -112.6265734880975, "params": {"C": 2.2422968223830106, "epsilon": 7.4027885379927705, "gamma": 4.7931715124242675, "lamda": 8.20200470400311}, "datetime": {"datetime": "2021-06-16 16:49:25", "elapsed": 8803.076368, "delta": 25.488564}}
{"target": -21.59294692408204, "params": {"C": 6.1432915535719195, "epsilon": 2.287721348315817, "gamma": 7.414522961272175, "lamda": 1.0496427660004108}, "datetime": {"datetime": "2021-06-16 16:49:44", "elapsed": 8822.19698, "delta": 19.120612}}
{"target": -25.644854848062398, "params": {"C": 6.838443737367175, "epsilon": 0.7041319771164551, "gamma": 5.906297667466983, "lamda": 1.8783364565505085}, "datetime": {"datetime": "2021-06-16 16:49:53", "elapsed": 8830.92508, "delta": 8.7281}}
{"target": -18.80595182057712, "params": {"C": 9.295340023493555, "epsilon": 5.900410813097261, "gamma": 8.993993108308459, "lamda": 1.507212783420949}, "datetime": {"datetime": "2021-06-16 16:50:03", "elapsed": 8841.411637, "delta": 10.486557}}
{"target": -22.09678287242496, "params": {"C": 5.7490843078628036, "epsilon": 1.4941361420228612, "gamma": 5.900225568772835, "lamda": 6.922242216514795}, "datetime": {"datetime": "2021-06-16 16:50:18", "elapsed": 8855.704563, "delta": 14.292926}}
{"target": -100.22578120910389, "params": {"C": 0.9990106801885995, "epsilon": 5.173205455839801, "gamma": 6.150225333842139, "lamda": 8.687982326796657}, "datetime": {"datetime": "2021-06-16 16:50:49", "elapsed": 8887.509876, "delta": 31.805313}}
{"target": -19.384216148296822, "params": {"C": 7.165320496618775, "epsilon": 8.902826682172567, "gamma": 7.419357031758149, "lamda": 1.5372300705583206}, "datetime": {"datetime": "2021-06-16 16:51:15", "elapsed": 8913.21924, "delta": 25.709364}}
{"target": -130.06664290471505, "params": {"C": 7.384051829783205, "epsilon": 2.9338419623123375, "gamma": 4.637485970177087, "lamda": 8.78179095999182}, "datetime": {"datetime": "2021-06-16 16:51:39", "elapsed": 8937.209862, "delta": 23.990622}}
{"target": -9.653874118978642, "params": {"C": 0.1, "epsilon": 0.01, "gamma": 0.3, "lamda": 0.2}, "datetime": {"datetime": "2021-06-17 11:49:55", "elapsed": 0.0, "delta": 0.0}}
{"target": -172.5305378723849, "params": {"C": 4.176049826978714, "epsilon": 7.20352460992814, "gamma": 0.010227605886516325, "lamda": 0.15186395374328804}, "datetime": {"datetime": "2021-06-17 11:50:05", "elapsed": 9.914378, "delta": 9.914378}}
{"target": -9.642550958935642, "params": {"C": 0.1021728661712044, "epsilon": 0.1631916900949189, "gamma": 0.27871365468220066, "lamda": 0.22463989791092998}, "datetime": {"datetime": "2021-06-17 11:50:06", "elapsed": 10.460942, "delta": 0.546564}}
{"target": -9.444966725957695, "params": {"C": 0.050470129983114204, "epsilon": 0.08542091558795607, "gamma": 0.280460424849877, "lamda": 0.227470202632118}, "datetime": {"datetime": "2021-06-17 11:50:07", "elapsed": 11.662435, "delta": 1.201493}}
{"target": -9.323720082518443, "params": {"C": 0.04248885203978669, "epsilon": 0.0917542550422313, "gamma": 0.3385398888479179, "lamda": 0.23827519755025983}, "datetime": {"datetime": "2021-06-17 11:50:08", "elapsed": 12.481874, "delta": 0.819439}}
{"target": -9.514136417500486, "params": {"C": 0.0573535468503428, "epsilon": 0.08190250656590989, "gamma": 0.3464372167922466, "lamda": 0.3055066425339889}, "datetime": {"datetime": "2021-06-17 11:50:09", "elapsed": 13.389469, "delta": 0.907595}}
{"target": -9.453714756582903, "params": {"C": 0.02575367787678423, "epsilon": 0.10080841825725304, "gamma": 0.36116606090825326, "lamda": 0.2032929480794011}, "datetime": {"datetime": "2021-06-17 11:50:10", "elapsed": 14.267162, "delta": 0.877693}}
{"target": -9.458893784784532, "params": {"C": 0.09352817357595929, "epsilon": 0.09211448746017704, "gamma": 0.34427143933267507, "lamda": 0.23056107744349935}, "datetime": {"datetime": "2021-06-17 11:50:10", "elapsed": 15.079845, "delta": 0.812683}}
{"target": -9.446659650927042, "params": {"C": 0.0329288232042399, "epsilon": 0.11941923018401264, "gamma": 0.33011796381429315, "lamda": 0.25289932844934476}, "datetime": {"datetime": "2021-06-17 11:50:11", "elapsed": 15.899143, "delta": 0.819298}}
{"target": -9.57408411114417, "params": {"C": 0.02231202157611417, "epsilon": 0.02496121874069605, "gamma": 0.35318190171720865, "lamda": 0.24348001201158526}, "datetime": {"datetime": "2021-06-17 11:50:13", "elapsed": 17.097105, "delta": 1.197962}}
{"target": -9.475187705779055, "params": {"C": 0.0569939726217228, "epsilon": 0.08074661463200664, "gamma": 0.32212086391510353, "lamda": 0.20664084408215525}, "datetime": {"datetime": "2021-06-17 11:50:13", "elapsed": 17.889949, "delta": 0.792844}}
{"target": -9.707538182527381, "params": {"C": 0.010561298323194517, "epsilon": 0.3439102192513118, "gamma": 0.45980284857539383, "lamda": 0.2935756835628599}, "datetime": {"datetime": "2021-06-17 11:50:14", "elapsed": 18.643066, "delta": 0.753117}}
{"target": -9.320051785670726, "params": {"C": 0.10454188506460377, "epsilon": 5.502492130343922, "gamma": 0.33235666985038004, "lamda": 0.2394218003870503}, "datetime": {"datetime": "2021-06-17 11:50:15", "elapsed": 19.250653, "delta": 0.607587}}
{"target": -9.42201276297448, "params": {"C": 0.09064808127159385, "epsilon": 5.458840787815108, "gamma": 0.3052111531411201, "lamda": 0.2378893261817126}, "datetime": {"datetime": "2021-06-17 11:50:16", "elapsed": 20.177498, "delta": 0.926845}}
{"target": -14.287499153308639, "params": {"C": 2.3482301712686793, "epsilon": 4.470571554931596, "gamma": 1.104718328960379, "lamda": 0.4746421610255793}, "datetime": {"datetime": "2021-06-17 11:50:17", "elapsed": 21.423531, "delta": 1.246033}}
{"target": -9.558346083266184, "params": {"C": 0.1558149320678929, "epsilon": 5.473666846531839, "gamma": 0.32303781352665806, "lamda": 0.23563742628564008}, "datetime": {"datetime": "2021-06-17 11:50:18", "elapsed": 22.411476, "delta": 0.987945}}
{"target": -9.363975794986974, "params": {"C": 0.03046400285418667, "epsilon": 0.22125686831635488, "gamma": 0.47280676083900663, "lamda": 0.25264635504268024}, "datetime": {"datetime": "2021-06-17 11:50:19", "elapsed": 23.416516, "delta": 1.00504}}
{"target": -10.858808682044408, "params": {"C": 0.011914370852259111, "epsilon": 0.35198434490283886, "gamma": 0.20067791320746378, "lamda": 0.1650603108015878}, "datetime": {"datetime": "2021-06-17 11:50:20", "elapsed": 24.113882, "delta": 0.697366}}
{"target": -9.43098116658254, "params": {"C": 0.03930099301338309, "epsilon": 0.2968034147389844, "gamma": 0.4132706968425332, "lamda": 0.20046081562937126}, "datetime": {"datetime": "2021-06-17 11:50:20", "elapsed": 24.968946, "delta": 0.855064}}
{"target": -9.346135622852028, "params": {"C": 0.01943107794222315, "epsilon": 0.316130886855345, "gamma": 0.44310637650221735, "lamda": 0.37013725435679934}, "datetime": {"datetime": "2021-06-17 11:50:21", "elapsed": 25.616195, "delta": 0.647249}}
{"target": -9.448960773750468, "params": {"C": 0.0982287728320085, "epsilon": 0.28950324662309956, "gamma": 0.3965846370385786, "lamda": 0.3151679009438464}, "datetime": {"datetime": "2021-06-17 11:50:22", "elapsed": 26.506565, "delta": 0.89037}}
{"target": -10.044537620974795, "params": {"C": 8.182239070626588, "epsilon": 1.6361035940574444, "gamma": 0.03991610282291764, "lamda": 0.08133336558842835}, "datetime": {"datetime": "2021-06-17 11:50:23", "elapsed": 27.498313, "delta": 0.991748}}
{"target": -9.407162482281889, "params": {"C": 0.09913839883932561, "epsilon": 5.505339493193015, "gamma": 0.30771001044652946, "lamda": 0.17049876958108268}, "datetime": {"datetime": "2021-06-17 11:50:24", "elapsed": 28.538456, "delta": 1.040143}}
{"target": -9.935670492818872, "params": {"C": 0.01, "epsilon": 0.2677609957682182, "gamma": 0.3990609555067694, "lamda": 0.3029745579187377}, "datetime": {"datetime": "2021-06-17 11:50:25", "elapsed": 29.346557, "delta": 0.808101}}
{"target": -9.400229199358074, "params": {"C": 0.10891267607506021, "epsilon": 5.531505913803857, "gamma": 0.2574080637687652, "lamda": 0.23669095480583544}, "datetime": {"datetime": "2021-06-17 11:50:26", "elapsed": 30.311995, "delta": 0.965438}}
{"target": -9.651320561463642, "params": {"C": 0.0925141133817639, "epsilon": 0.29327257498758014, "gamma": 0.5214043917237062, "lamda": 0.39362768122401853}, "datetime": {"datetime": "2021-06-17 11:50:27", "elapsed": 31.19231, "delta": 0.880315}}
{"target": -9.430533354832951, "params": {"C": 0.11224748953788939, "epsilon": 5.50310019349599, "gamma": 0.29284996663257135, "lamda": 0.21772046489728594}, "datetime": {"datetime": "2021-06-17 11:50:27", "elapsed": 31.96394, "delta": 0.77163}}
{"target": -9.49843721930418, "params": {"C": 0.09585996166104344, "epsilon": 0.015685986557979714, "gamma": 0.24709170952547296, "lamda": 0.28345868902717625}, "datetime": {"datetime": "2021-06-17 11:50:28", "elapsed": 32.762066, "delta": 0.798126}}
{"target": -25.33071580326689, "params": {"C": 5.397252620423585, "epsilon": 3.921335319493964, "gamma": 1.875123308543922, "lamda": 0.21140459687916643}, "datetime": {"datetime": "2021-06-17 11:50:29", "elapsed": 33.501077, "delta": 0.739011}}
{"target": -15.044239044405286, "params": {"C": 4.890105298228302, "epsilon": 0.6428842123913582, "gamma": 0.665977100422278, "lamda": 0.3204502312083184}, "datetime": {"datetime": "2021-06-17 11:50:30", "elapsed": 34.255916, "delta": 0.754839}}
{"target": -9.791093888463163, "params": {"C": 0.12314901521715173, "epsilon": 0.26508200851772884, "gamma": 0.46153589269680945, "lamda": 0.19053233522085294}, "datetime": {"datetime": "2021-06-17 11:50:31", "elapsed": 35.185375, "delta": 0.929459}}
{"target": -21.115408075548007, "params": {"C": 6.5540825503801114, "epsilon": 2.178289230750392, "gamma": 1.4082837544981137, "lamda": 0.4535918427411538}, "datetime": {"datetime": "2021-06-17 11:50:31", "elapsed": 35.960507, "delta": 0.775132}}
{"target": -9.422981091346125, "params": {"C": 0.07913536562442348, "epsilon": 0.3769224679208788, "gamma": 0.42847647624478014, "lamda": 0.4199824394048313}, "datetime": {"datetime": "2021-06-17 11:50:32", "elapsed": 36.977948, "delta": 1.017441}}
{"target": -10.010815676369926, "params": {"C": 0.01, "epsilon": 5.574467661300381, "gamma": 0.28906461550791374, "lamda": 0.21879413235430742}, "datetime": {"datetime": "2021-06-17 11:50:33", "elapsed": 37.929804, "delta": 0.951856}}
{"target": -18.412371649067353, "params": {"C": 3.6030480124061306, "epsilon": 5.069922084244986, "gamma": 1.4524241647854876, "lamda": 0.2609444181985338}, "datetime": {"datetime": "2021-06-17 11:50:34", "elapsed": 38.870933, "delta": 0.941129}}
{"target": -9.292032771584847, "params": {"C": 0.05222701680422582, "epsilon": 0.12785703668625134, "gamma": 0.45824020029815826, "lamda": 0.25739645538161}, "datetime": {"datetime": "2021-06-17 11:50:36", "elapsed": 40.156819, "delta": 1.285886}}
{"target": -28.63648525445024, "params": {"C": 9.307714788394364, "epsilon": 9.124991619004987, "gamma": 1.5123360422648064, "lamda": 0.34498505402915025}, "datetime": {"datetime": "2021-06-17 11:50:36", "elapsed": 40.856365, "delta": 0.699546}}
{"target": -9.272213437645368, "params": {"C": 0.07983900438881195, "epsilon": 5.451565396412408, "gamma": 0.41456109478170483, "lamda": 0.18122053328911952}, "datetime": {"datetime": "2021-06-17 11:50:37", "elapsed": 41.75333, "delta": 0.896965}}
{"target": -14.575455863960862, "params": {"C": 3.508022734768541, "epsilon": 9.429242173092286, "gamma": 0.7649010548010514, "lamda": 0.14540524788838344}, "datetime": {"datetime": "2021-06-17 11:50:38", "elapsed": 42.596454, "delta": 0.843124}}
{"target": -9.485336933252213, "params": {"C": 0.07838373272602206, "epsilon": 0.3398387073733087, "gamma": 0.45720140363947753, "lamda": 0.3588795463609422}, "datetime": {"datetime": "2021-06-17 11:50:39", "elapsed": 43.950914, "delta": 1.35446}}
{"target": -9.391424642907568, "params": {"C": 0.04086010111614267, "epsilon": 0.292342515919166, "gamma": 0.44086952835437504, "lamda": 0.48492153383355396}, "datetime": {"datetime": "2021-06-17 11:50:41", "elapsed": 45.434521, "delta": 1.483607}}
{"target": -20.30531031964244, "params": {"C": 4.219905140469961, "epsilon": 4.181133894607134, "gamma": 1.6516158053235082, "lamda": 0.179619867301057}, "datetime": {"datetime": "2021-06-17 11:50:42", "elapsed": 46.352664, "delta": 0.918143}}
{"target": -9.461991610206546, "params": {"C": 0.10237244421311079, "epsilon": 0.2871107203788284, "gamma": 0.39277290845683965, "lamda": 0.43360816217748166}, "datetime": {"datetime": "2021-06-17 11:50:43", "elapsed": 47.192912, "delta": 0.840248}}
{"target": -15.25157080129553, "params": {"C": 9.903264729087383, "epsilon": 6.440753560181348, "gamma": 0.184742269920758, "lamda": 0.03623878351446093}, "datetime": {"datetime": "2021-06-17 11:50:43", "elapsed": 47.948152, "delta": 0.75524}}
{"target": -9.500133751018836, "params": {"C": 0.12414636700800417, "epsilon": 0.3443188531381745, "gamma": 0.3352008719994717, "lamda": 0.2171093492984712}, "datetime": {"datetime": "2021-06-17 11:50:44", "elapsed": 49.053053, "delta": 1.104901}}
{"target": -9.652406697631577, "params": {"C": 0.01, "epsilon": 0.3453814521715056, "gamma": 0.4973151527084004, "lamda": 0.44369353551389784}, "datetime": {"datetime": "2021-06-17 11:50:46", "elapsed": 50.155304, "delta": 1.102251}}
{"target": -15.215340752299616, "params": {"C": 3.807826837436909, "epsilon": 8.484109927501045, "gamma": 0.8277665639583291, "lamda": 0.1870461486722712}, "datetime": {"datetime": "2021-06-17 11:50:46", "elapsed": 50.989597, "delta": 0.834293}}
{"target": -9.34562531307355, "params": {"C": 0.025685640633587126, "epsilon": 0.18584688107139266, "gamma": 0.5114830519378213, "lamda": 0.3867420127169564}, "datetime": {"datetime": "2021-06-17 11:50:47", "elapsed": 51.890255, "delta": 0.900658}}
{"target": -9.418303355924966, "params": {"C": 0.11376418629342384, "epsilon": 5.542466138430132, "gamma": 0.2590054847391242, "lamda": 0.35011537986346236}, "datetime": {"datetime": "2021-06-17 11:50:49", "elapsed": 53.225373, "delta": 1.335118}}
{"target": -9.518699115234561, "params": {"C": 0.11010120969275566, "epsilon": 5.529131995427577, "gamma": 0.4250481594936339, "lamda": 0.12763637939774017}, "datetime": {"datetime": "2021-06-17 11:50:50", "elapsed": 54.10805, "delta": 0.882677}}
{"target": -18.439596971457718, "params": {"C": 2.872787807767267, "epsilon": 1.0395672435558598, "gamma": 1.7085971496008685, "lamda": 0.07143512091772332}, "datetime": {"datetime": "2021-06-17 11:50:50", "elapsed": 54.781607, "delta": 0.673557}}
{"target": -9.438838546154715, "params": {"C": 0.15816091994181533, "epsilon": 5.62438286736433, "gamma": 0.27511111700059326, "lamda": 0.291411407310784}, "datetime": {"datetime": "2021-06-17 11:50:51", "elapsed": 55.814988, "delta": 1.033381}}
{"target": -15.823491500407519, "params": {"C": 9.392500356786448, "epsilon": 9.718944103527143, "gamma": 0.5038768564399633, "lamda": 0.0700904172682121}, "datetime": {"datetime": "2021-06-17 11:50:52", "elapsed": 56.601172, "delta": 0.786184}}
{"target": -9.463848824636894, "params": {"C": 0.09708204995712026, "epsilon": 5.5053948281368825, "gamma": 0.44806139096879405, "lamda": 0.28689446452208917}, "datetime": {"datetime": "2021-06-17 11:50:53", "elapsed": 57.708685, "delta": 1.107513}}
{"target": -9.479547557151477, "params": {"C": 0.01, "epsilon": 0.1556828153095708, "gamma": 0.5670042793730962, "lamda": 0.2690069024403003}, "datetime": {"datetime": "2021-06-17 11:50:54", "elapsed": 58.66783, "delta": 0.959145}}
{"target": -9.849445313187116, "params": {"C": 0.1501543415925116, "epsilon": 5.47543192914518, "gamma": 0.44679019934663744, "lamda": 0.20622189360584348}, "datetime": {"datetime": "2021-06-17 11:50:55", "elapsed": 59.63945, "delta": 0.97162}}
{"target": -13.382833032318572, "params": {"C": 1.5985994351402477, "epsilon": 4.784886070440376, "gamma": 1.018315901552554, "lamda": 0.06144806001789784}, "datetime": {"datetime": "2021-06-17 11:50:56", "elapsed": 60.494558, "delta": 0.855108}}
{"target": -9.368857805511336, "params": {"C": 0.1085566516324577, "epsilon": 5.583659609089938, "gamma": 0.3667625693978761, "lamda": 0.3417663813138269}, "datetime": {"datetime": "2021-06-17 11:50:57", "elapsed": 61.934238, "delta": 1.43968}}
{"target": -9.613949818553735, "params": {"C": 0.08596535393132762, "epsilon": 0.39496867892361187, "gamma": 0.3119419927346223, "lamda": 0.3811651128371394}, "datetime": {"datetime": "2021-06-17 11:50:59", "elapsed": 63.26766, "delta": 1.333422}}
{"target": -9.651918653532697, "params": {"C": 0.19085014265799094, "epsilon": 0.3196347361747098, "gamma": 0.29477523319698395, "lamda": 0.3194336111371822}, "datetime": {"datetime": "2021-06-17 11:51:00", "elapsed": 64.291649, "delta": 1.023989}}
{"target": -9.387020045774458, "params": {"C": 0.015679579714965326, "epsilon": 5.4378050158965765, "gamma": 0.3814301391228479, "lamda": 0.07973027909539307}, "datetime": {"datetime": "2021-06-17 11:51:01", "elapsed": 65.265157, "delta": 0.973508}}
{"target": -9.50715509889254, "params": {"C": 0.01, "epsilon": 5.491398464176131, "gamma": 0.42984018932522366, "lamda": 0.1704217875093414}, "datetime": {"datetime": "2021-06-17 11:51:01", "elapsed": 65.974267, "delta": 0.70911}}
{"target": -27.933168418910814, "params": {"C": 7.995160100678402, "epsilon": 2.7209526268093236, "gamma": 1.4002921670600954, "lamda": 0.22250772852815812}, "datetime": {"datetime": "2021-06-17 11:51:02", "elapsed": 66.691302, "delta": 0.717035}}
{"target": -9.325116303115978, "params": {"C": 0.039641333400700404, "epsilon": 0.2619120852232393, "gamma": 0.46594315526458463, "lamda": 0.41635598757587183}, "datetime": {"datetime": "2021-06-17 11:51:03", "elapsed": 67.47163, "delta": 0.780328}}
{"target": -9.263440602042188, "params": {"C": 0.04992643369032577, "epsilon": 5.443114685424024, "gamma": 0.3841462790906704, "lamda": 0.3580299215954261}, "datetime": {"datetime": "2021-06-17 11:51:04", "elapsed": 68.650883, "delta": 1.179253}}
{"target": -9.624273327362442, "params": {"C": 0.01, "epsilon": 5.344396199317289, "gamma": 0.40277645812581897, "lamda": 0.2311750170079629}, "datetime": {"datetime": "2021-06-17 11:51:05", "elapsed": 69.699962, "delta": 1.049079}}
{"target": -26.680845430294543, "params": {"C": 7.9988449234089725, "epsilon": 3.8368495902410404, "gamma": 1.569369486982937, "lamda": 0.3573514306807981}, "datetime": {"datetime": "2021-06-17 11:51:06", "elapsed": 70.441083, "delta": 0.741121}}
{"target": -9.31671634130506, "params": {"C": 0.02864092888638596, "epsilon": 0.21059465229307373, "gamma": 0.3889759906188842, "lamda": 0.08310642670030179}, "datetime": {"datetime": "2021-06-17 11:51:07", "elapsed": 71.228971, "delta": 0.787888}}
{"target": -9.567474593004809, "params": {"C": 0.14499201361544892, "epsilon": 5.477669397360193, "gamma": 0.37058119978635085, "lamda": 0.39544531356390694}, "datetime": {"datetime": "2021-06-17 11:51:08", "elapsed": 72.440672, "delta": 1.211701}}
{"target": -23.464329936926582, "params": {"C": 5.703431001227557, "epsilon": 0.3492721327105862, "gamma": 1.678645472022679, "lamda": 0.27062983447445543}, "datetime": {"datetime": "2021-06-17 11:51:09", "elapsed": 73.158493, "delta": 0.717821}}
{"target": -9.309689558128085, "params": {"C": 0.06762655757961208, "epsilon": 5.501271453137671, "gamma": 0.36242729090009923, "lamda": 0.3289131636335608}, "datetime": {"datetime": "2021-06-17 11:51:10", "elapsed": 74.378066, "delta": 1.219573}}
{"target": -34.22316341469365, "params": {"C": 9.533978931717497, "epsilon": 7.662086549670326, "gamma": 1.9994402612246245, "lamda": 0.16884919771711257}, "datetime": {"datetime": "2021-06-17 11:51:11", "elapsed": 75.149, "delta": 0.770934}}
{"target": -9.769509974658543, "params": {"C": 0.01, "epsilon": 0.3055624731109787, "gamma": 0.450986893690121, "lamda": 0.059101028044027254}, "datetime": {"datetime": "2021-06-17 11:51:11", "elapsed": 76.008443, "delta": 0.859443}}
{"target": -9.354395963489644, "params": {"C": 0.105575603955533, "epsilon": 5.437674027560248, "gamma": 0.36121412610874176, "lamda": 0.053317665894440494}, "datetime": {"datetime": "2021-06-17 11:51:12", "elapsed": 77.029302, "delta": 1.020859}}
{"target": -24.843249672202575, "params": {"C": 5.27772336688733, "epsilon": 8.080904962519167, "gamma": 1.582099265763059, "lamda": 0.321966632996749}, "datetime": {"datetime": "2021-06-17 11:51:13", "elapsed": 77.756458, "delta": 0.727156}}
{"target": -9.278791489549802, "params": {"C": 0.0773862009586177, "epsilon": 5.33826065692249, "gamma": 0.43590492745826925, "lamda": 0.08196880947005536}, "datetime": {"datetime": "2021-06-17 11:51:14", "elapsed": 79.017815, "delta": 1.261357}}
{"target": -9.650492743983193, "params": {"C": 0.23293990338747134, "epsilon": 5.572211689852588, "gamma": 0.2930795079411939, "lamda": 0.30666355421037694}, "datetime": {"datetime": "2021-06-17 11:51:16", "elapsed": 80.101791, "delta": 1.083976}}
{"target": -9.358098316565886, "params": {"C": 0.0719511506778799, "epsilon": 5.331405489092189, "gamma": 0.34089292358830364, "lamda": 0.09057386172410509}, "datetime": {"datetime": "2021-06-17 11:51:16", "elapsed": 81.03714, "delta": 0.935349}}
{"target": -9.562763359907217, "params": {"C": 0.13606208598454972, "epsilon": 0.3648403500793827, "gamma": 0.36503258324324317, "lamda": 0.34297407176152056}, "datetime": {"datetime": "2021-06-17 11:51:18", "elapsed": 82.218772, "delta": 1.181632}}
{"target": -21.13101227123508, "params": {"C": 6.0451586239399635, "epsilon": 6.900938351795019, "gamma": 1.307926939207435, "lamda": 0.20813191545990573}, "datetime": {"datetime": "2021-06-17 11:51:19", "elapsed": 83.162514, "delta": 0.943742}}
{"target": -9.237676359447054, "params": {"C": 0.07375063738313185, "epsilon": 5.39152265692996, "gamma": 0.3873631780734871, "lamda": 0.11667436777619963}, "datetime": {"datetime": "2021-06-17 11:51:20", "elapsed": 84.733716, "delta": 1.571202}}
