{"target": -22.244613308544107, "params": {"C": 5.74996101750276, "epsilon": 1.3438401972538878, "gamma": 5.907609835525928, "lamda": 6.961141555147679}, "datetime": {"datetime": "2021-06-16 15:18:40", "elapsed": 3357.836498, "delta": 3.475073}}
{"target": -20.72658840084822, "params": {"C": 8.311437381729426, "epsilon": 6.0069194208731895, "gamma": 6.754623340048281, "lamda": 1.7592215681579166}, "datetime": {"datetime": "2021-06-16 15:18:43", "elapsed": 3361.352634, "delta": 3.516136}}
{"target": -21.72965089816046, "params": {"C": 6.328551435399289, "epsilon": 1.9271024564501962, "gamma": 7.486940416617285, "lamda": 0.7935311946075341}, "datetime": {"datetime": "2021-06-16 15:18:50", "elapsed": 3368.498287, "delta": 7.145653}}
{"target": -20.24354942489301, "params": {"C": 2.935927511465739, "epsilon": 0.9571332129884379, "gamma": 8.764121741334806, "lamda": 1.368637704875185}, "datetime": {"datetime": "2021-06-16 15:18:55", "elapsed": 3373.350121, "delta": 4.851834}}
{"target": -21.697536811335244, "params": {"C": 6.052350372089302, "epsilon": 1.889692410878872, "gamma": 7.604885065004668, "lamda": 0.9611337318154759}, "datetime": {"datetime": "2021-06-16 15:18:59", "elapsed": 3377.45047, "delta": 4.100349}}
{"target": -20.40720263336588, "params": {"C": 2.9418899840875232, "epsilon": 0.9497644358094058, "gamma": 8.554940843719743, "lamda": 1.7479796194213886}, "datetime": {"datetime": "2021-06-16 15:19:06", "elapsed": 3384.079063, "delta": 6.628593}}
{"target": -99.92125505530966, "params": {"C": 7.6739096181595325, "epsilon": 3.048317028072, "gamma": 1.9897474692320727, "lamda": 4.424174821521405}, "datetime": {"datetime": "2021-06-16 15:19:17", "elapsed": 3395.513297, "delta": 11.434234}}
{"target": -19.579739870826522, "params": {"C": 6.2031106042043405, "epsilon": 3.7181168422728708, "gamma": 5.588505880981266, "lamda": 7.4975032059986955}, "datetime": {"datetime": "2021-06-16 15:19:21", "elapsed": 3399.530521, "delta": 4.017224}}
{"target": -18.88804629366783, "params": {"C": 9.526064930039329, "epsilon": 5.816298266270364, "gamma": 9.007319618930342, "lamda": 1.4721083923809015}, "datetime": {"datetime": "2021-06-16 15:19:30", "elapsed": 3407.597904, "delta": 8.067383}}
{"target": -100.71393310500932, "params": {"C": 1.962361032964275, "epsilon": 1.9618513878101969, "gamma": 3.30436870536763, "lamda": 5.487431441285129}, "datetime": {"datetime": "2021-06-16 15:19:41", "elapsed": 3418.909624, "delta": 11.31172}}
{"target": -18.718478977373117, "params": {"C": 6.892492208682599, "epsilon": 5.046791891012296, "gamma": 5.1702282477085815, "lamda": 9.44655367778464}, "datetime": {"datetime": "2021-06-16 15:19:44", "elapsed": 3421.719082, "delta": 2.809458}}
{"target": -20.313012320815673, "params": {"C": 8.4781063351552, "epsilon": 7.0753212910470005, "gamma": 6.792102438112539, "lamda": 1.7231811369698622}, "datetime": {"datetime": "2021-06-16 15:19:48", "elapsed": 3426.449977, "delta": 4.730895}}
{"target": -20.954533258773957, "params": {"C": 9.419880378345987, "epsilon": 3.257108887281012, "gamma": 8.260743199877584, "lamda": 0.4942701699850263}, "datetime": {"datetime": "2021-06-16 15:19:54", "elapsed": 3432.206236, "delta": 5.756259}}
{"target": -96.31456748594744, "params": {"C": 2.280296977008985, "epsilon": 5.23540724862632, "gamma": 7.056441214288836, "lamda": 5.659425705577249}, "datetime": {"datetime": "2021-06-16 15:20:06", "elapsed": 3443.60302, "delta": 11.396784}}
{"target": -20.060624913266402, "params": {"C": 8.601327718318755, "epsilon": 6.798804249583016, "gamma": 6.626388391589529, "lamda": 2.111391633145092}, "datetime": {"datetime": "2021-06-16 15:20:11", "elapsed": 3448.906353, "delta": 5.303333}}
{"target": -18.743337418236962, "params": {"C": 9.05641085911248, "epsilon": 5.813952122753103, "gamma": 9.076547019603217, "lamda": 1.4920481823706144}, "datetime": {"datetime": "2021-06-16 15:20:17", "elapsed": 3455.223812, "delta": 6.317459}}
{"target": -131.99390461065562, "params": {"C": 8.261489723038691, "epsilon": 7.786149219999132, "gamma": 2.2624820834570905, "lamda": 4.184391278164603}, "datetime": {"datetime": "2021-06-16 15:20:29", "elapsed": 3466.730188, "delta": 11.506376}}
{"target": -107.37444294835412, "params": {"C": 3.0297724314657355, "epsilon": 1.179602008784669, "gamma": 6.14349399822258, "lamda": 8.462923114848202}, "datetime": {"datetime": "2021-06-16 15:20:40", "elapsed": 3478.157998, "delta": 11.42781}}
{"target": -255.23988867262335, "params": {"C": 3.234247517003733, "epsilon": 0.6394884782718356, "gamma": 9.813984652366962, "lamda": 5.7477667611959475}, "datetime": {"datetime": "2021-06-16 15:20:52", "elapsed": 3489.670923, "delta": 11.512925}}
{"target": -20.314786424398417, "params": {"C": 8.515025172774521, "epsilon": 6.458568777845028, "gamma": 6.547343030046986, "lamda": 2.3254855474233613}, "datetime": {"datetime": "2021-06-16 15:20:55", "elapsed": 3493.063314, "delta": 3.392391}}
{"target": -60.43221503389273, "params": {"C": 8.981113933297538, "epsilon": 4.520200594662815, "gamma": 3.9807632718514676, "lamda": 3.1044086741708}, "datetime": {"datetime": "2021-06-16 15:21:00", "elapsed": 3498.201836, "delta": 5.138522}}
{"target": -19.110827831052816, "params": {"C": 3.814681634398513, "epsilon": 0.7720301726143862, "gamma": 9.853821189579945, "lamda": 1.6526304352207883}, "datetime": {"datetime": "2021-06-16 15:21:05", "elapsed": 3503.41112, "delta": 5.209284}}
{"target": -137.2250001366495, "params": {"C": 2.094276113912345, "epsilon": 3.7038315369707324, "gamma": 4.842125117450456, "lamda": 0.780839887729049}, "datetime": {"datetime": "2021-06-16 15:21:17", "elapsed": 3514.618443, "delta": 11.207323}}
{"target": -30.184221658327953, "params": {"C": 0.2827628623186832, "epsilon": 9.784702412181232, "gamma": 7.516367157275751, "lamda": 0.19844685087008473}, "datetime": {"datetime": "2021-06-16 15:21:22", "elapsed": 3519.895175, "delta": 5.276732}}
{"target": -19.283638180615593, "params": {"C": 3.8979597300315323, "epsilon": 0.5050012667469571, "gamma": 9.846113114855541, "lamda": 1.4141639931731367}, "datetime": {"datetime": "2021-06-16 15:21:26", "elapsed": 3523.610777, "delta": 3.715602}}
{"target": -18.909698640958034, "params": {"C": 9.22047341935343, "epsilon": 5.626210235814001, "gamma": 9.08576393277202, "lamda": 1.2953504090028543}, "datetime": {"datetime": "2021-06-16 15:21:29", "elapsed": 3527.478876, "delta": 3.868099}}
{"target": -136.03607366251225, "params": {"C": 5.526846072410505, "epsilon": 8.555536786196816, "gamma": 2.9075004488705094, "lamda": 7.3639291057729}, "datetime": {"datetime": "2021-06-16 15:21:41", "elapsed": 3538.935902, "delta": 11.457026}}
{"target": -105.65014437294704, "params": {"C": 9.584652840984468, "epsilon": 4.390222596886588, "gamma": 2.350184995711878, "lamda": 8.656435424491109}, "datetime": {"datetime": "2021-06-16 15:21:52", "elapsed": 3550.031953, "delta": 11.096051}}
{"target": -18.80121368279817, "params": {"C": 9.782769614428359, "epsilon": 5.7852188836229566, "gamma": 8.62438718075436, "lamda": 1.9156693506792575}, "datetime": {"datetime": "2021-06-16 15:21:57", "elapsed": 3555.270054, "delta": 5.238101}}
{"target": -17.66494064534536, "params": {"C": 0.1716889123523784, "epsilon": 9.799678130544015, "gamma": 7.9613964945435285, "lamda": 0.0949197942942728}, "datetime": {"datetime": "2021-06-16 15:22:02", "elapsed": 3560.458913, "delta": 5.188859}}
{"target": -105.47282191448546, "params": {"C": 0.1757463404645837, "epsilon": 5.440937074088596, "gamma": 1.3646415933119924, "lamda": 5.6306176996762565}, "datetime": {"datetime": "2021-06-16 15:22:19", "elapsed": 3577.236285, "delta": 16.777372}}
{"target": -19.75458263165308, "params": {"C": 8.810467795043525, "epsilon": 6.7707001140424845, "gamma": 6.918890243193948, "lamda": 2.127751127086672}, "datetime": {"datetime": "2021-06-16 15:22:23", "elapsed": 3580.913201, "delta": 3.676916}}
{"target": -20.20722811677763, "params": {"C": 2.8397936027488577, "epsilon": 1.052749381570447, "gamma": 8.668382497795532, "lamda": 1.5156595369272952}, "datetime": {"datetime": "2021-06-16 15:22:29", "elapsed": 3586.895869, "delta": 5.982668}}
{"target": -18.35733281478443, "params": {"C": 3.66801812898961, "epsilon": 6.14478274744671, "gamma": 8.959777244198222, "lamda": 1.9279954492026699}, "datetime": {"datetime": "2021-06-16 15:22:35", "elapsed": 3593.06372, "delta": 6.167851}}
{"target": -19.843241808652735, "params": {"C": 8.57625266035129, "epsilon": 6.771604899935726, "gamma": 6.983222969906304, "lamda": 1.9999047224029154}, "datetime": {"datetime": "2021-06-16 15:22:39", "elapsed": 3596.754426, "delta": 3.690706}}
{"target": -21.612618336793798, "params": {"C": 2.303087324992235, "epsilon": 5.114149298145561, "gamma": 7.917921155891134, "lamda": 0.1826860389989659}, "datetime": {"datetime": "2021-06-16 15:22:43", "elapsed": 3600.817083, "delta": 4.062657}}
{"target": -19.444612862922686, "params": {"C": 3.316553862790218, "epsilon": 0.6642718844176234, "gamma": 9.533996221445769, "lamda": 1.6751964562245065}, "datetime": {"datetime": "2021-06-16 15:22:47", "elapsed": 3605.264763, "delta": 4.44768}}
{"target": -277.38576374651853, "params": {"C": 9.327192333236791, "epsilon": 0.08625967515211269, "gamma": 3.9112908204161565, "lamda": 3.70966148405546}, "datetime": {"datetime": "2021-06-16 15:22:50", "elapsed": 3608.261786, "delta": 2.997023}}
{"target": -20.956040495827153, "params": {"C": 9.571726122930832, "epsilon": 3.455539012724762, "gamma": 8.014200595877815, "lamda": 0.8657050885045012}, "datetime": {"datetime": "2021-06-16 15:22:54", "elapsed": 3612.426232, "delta": 4.164446}}
{"target": -18.792867679037826, "params": {"C": 9.806601934595601, "epsilon": 5.481052844647481, "gamma": 8.656449749592964, "lamda": 1.9054470418770229}, "datetime": {"datetime": "2021-06-16 15:22:59", "elapsed": 3616.949566, "delta": 4.523334}}
{"target": -18.91690469814084, "params": {"C": 9.635588808226672, "epsilon": 5.759443444460986, "gamma": 9.073308384221125, "lamda": 1.28600458408324}, "datetime": {"datetime": "2021-06-16 15:23:03", "elapsed": 3620.651714, "delta": 3.702148}}
{"target": -21.196663847230404, "params": {"C": 8.958662089467676, "epsilon": 5.645774054842566, "gamma": 6.190836648204634, "lamda": 2.431672781843002}, "datetime": {"datetime": "2021-06-16 15:23:06", "elapsed": 3624.378705, "delta": 3.726991}}
{"target": -102.5036766850392, "params": {"C": 1.569629064086867, "epsilon": 7.576124209100407, "gamma": 1.861866742963938, "lamda": 3.0217062971812334}, "datetime": {"datetime": "2021-06-16 15:23:18", "elapsed": 3635.776841, "delta": 11.398136}}
{"target": -21.106778136979433, "params": {"C": 7.257909216651202, "epsilon": 9.158127811808026, "gamma": 6.768433342522757, "lamda": 1.0075315700191716}, "datetime": {"datetime": "2021-06-16 15:23:21", "elapsed": 3639.517222, "delta": 3.740381}}
{"target": -19.415969711673213, "params": {"C": 3.7296325195005604, "epsilon": 0.6233898284386438, "gamma": 9.561935303774453, "lamda": 1.7237015725376836}, "datetime": {"datetime": "2021-06-16 15:23:27", "elapsed": 3645.208764, "delta": 5.691542}}
{"target": -101.56469335895142, "params": {"C": 4.864204167763332, "epsilon": 3.0049648297570126, "gamma": 3.3967561673530966, "lamda": 4.167365628925304}, "datetime": {"datetime": "2021-06-16 15:23:39", "elapsed": 3656.631103, "delta": 11.422339}}
{"target": -19.11661814873952, "params": {"C": 9.105716989126352, "epsilon": 5.9064617817290825, "gamma": 8.296008068895953, "lamda": 1.8933426336933228}, "datetime": {"datetime": "2021-06-16 15:23:45", "elapsed": 3662.801143, "delta": 6.17004}}
{"target": -19.66210422624322, "params": {"C": 8.24526640898193, "epsilon": 6.86702110814475, "gamma": 6.7247964337528625, "lamda": 2.3459761483922428}, "datetime": {"datetime": "2021-06-16 15:23:48", "elapsed": 3666.071716, "delta": 3.270573}}
{"target": -25.15736307208603, "params": {"C": 0.30031840165966184, "epsilon": 9.98594325634572, "gamma": 7.811006601781236, "lamda": 0.037709276045969256}, "datetime": {"datetime": "2021-06-16 15:23:53", "elapsed": 3671.441931, "delta": 5.370215}}
{"target": -20.075015626691954, "params": {"C": 5.9198656208566485, "epsilon": 3.6457580780052585, "gamma": 5.711373003007621, "lamda": 7.455516062689007}, "datetime": {"datetime": "2021-06-16 15:23:58", "elapsed": 3676.45257, "delta": 5.010639}}
{"target": -21.155961664292715, "params": {"C": 9.907076451422636, "epsilon": 3.2639890123248554, "gamma": 8.02945552287184, "lamda": 0.6621822708226548}, "datetime": {"datetime": "2021-06-16 15:24:02", "elapsed": 3680.459977, "delta": 4.007407}}
{"target": -117.61616180587914, "params": {"C": 2.5819198002289836, "epsilon": 6.1644086835069825, "gamma": 5.642829244748813, "lamda": 7.552058822366393}, "datetime": {"datetime": "2021-06-16 15:24:14", "elapsed": 3691.922615, "delta": 11.462638}}
{"target": -99.26775330895158, "params": {"C": 8.085048951068632, "epsilon": 3.9772154793383816, "gamma": 4.888146712961896, "lamda": 8.078944237208015}, "datetime": {"datetime": "2021-06-16 15:24:26", "elapsed": 3703.744445, "delta": 11.82183}}
{"target": -18.587504532780034, "params": {"C": 5.735043343199576, "epsilon": 9.494708999388322, "gamma": 9.401863483584922, "lamda": 0.9642769672493361}, "datetime": {"datetime": "2021-06-16 15:24:30", "elapsed": 3707.876354, "delta": 4.131909}}
{"target": -105.76518183483603, "params": {"C": 9.627690860428336, "epsilon": 5.631626441411963, "gamma": 8.833661953075946, "lamda": 1.8595877247738792}, "datetime": {"datetime": "2021-06-16 15:24:43", "elapsed": 3720.681339, "delta": 12.804985}}
{"target": -29.397991626223856, "params": {"C": 6.161769074845612, "epsilon": 3.457124750492181, "gamma": 5.692732847448965, "lamda": 1.6023621700523538}, "datetime": {"datetime": "2021-06-16 15:24:46", "elapsed": 3723.836411, "delta": 3.155072}}
{"target": -19.332927311723953, "params": {"C": 3.8854802369300088, "epsilon": 0.6138188608510152, "gamma": 9.693156506439497, "lamda": 1.556341268074938}, "datetime": {"datetime": "2021-06-16 15:24:50", "elapsed": 3728.366947, "delta": 4.530536}}
{"target": -20.49541817916996, "params": {"C": 9.808417691299715, "epsilon": 3.1607066015953103, "gamma": 8.379098530489964, "lamda": 0.798351066956198}, "datetime": {"datetime": "2021-06-16 15:24:54", "elapsed": 3732.009021, "delta": 3.642074}}
{"target": -116.80646370274572, "params": {"C": 1.0101331880272872, "epsilon": 9.153906749565591, "gamma": 3.978397793329937, "lamda": 4.867990476094299}, "datetime": {"datetime": "2021-06-16 15:25:10", "elapsed": 3747.779594, "delta": 15.770573}}
{"target": -20.177576140966046, "params": {"C": 8.56543974386524, "epsilon": 6.722172068748679, "gamma": 6.698851672768212, "lamda": 1.9828015978169629}, "datetime": {"datetime": "2021-06-16 15:25:14", "elapsed": 3751.652533, "delta": 3.872939}}
{"target": -112.1482742470895, "params": {"C": 2.362572160534911, "epsilon": 9.363969245587326, "gamma": 8.865809449257918, "lamda": 6.058549372298682}, "datetime": {"datetime": "2021-06-16 15:25:29", "elapsed": 3767.527383, "delta": 15.87485}}
{"target": -107.01938674337353, "params": {"C": 6.4734712865067054, "epsilon": 2.0083517222207203, "gamma": 7.966914538126194, "lamda": 7.5456034178924325}, "datetime": {"datetime": "2021-06-16 15:25:41", "elapsed": 3779.234673, "delta": 11.70729}}
{"target": -102.07206419732593, "params": {"C": 1.2269293143901006, "epsilon": 2.560061780281787, "gamma": 1.9353313160622907, "lamda": 6.27085713724199}, "datetime": {"datetime": "2021-06-16 15:25:53", "elapsed": 3790.977058, "delta": 11.742385}}
{"target": -19.111617698717705, "params": {"C": 9.114426019516094, "epsilon": 5.901387820424419, "gamma": 8.33289341587879, "lamda": 1.8714061461347327}, "datetime": {"datetime": "2021-06-16 15:26:00", "elapsed": 3798.319212, "delta": 7.342154}}
{"target": -32.788025956497194, "params": {"C": 2.1330303582490244, "epsilon": 3.7264369283144507, "gamma": 5.733621031488713, "lamda": 0.6466657366250198}, "datetime": {"datetime": "2021-06-16 15:26:06", "elapsed": 3804.205218, "delta": 5.886006}}
{"target": -21.88357592311662, "params": {"C": 6.173674679571594, "epsilon": 2.2204405273831607, "gamma": 7.600151626561286, "lamda": 0.5569690863803242}, "datetime": {"datetime": "2021-06-16 15:26:12", "elapsed": 3810.308023, "delta": 6.102805}}
{"target": -21.96873192181977, "params": {"C": 2.6300975454570703, "epsilon": 5.253569849456821, "gamma": 7.391360986178854, "lamda": 0.25196494366815625}, "datetime": {"datetime": "2021-06-16 15:26:16", "elapsed": 3813.843235, "delta": 3.535212}}
{"target": -26.370982721514757, "params": {"C": 1.9254545756749786, "epsilon": 3.4279786788068365, "gamma": 5.243372340035178, "lamda": 0.7939227364671633}, "datetime": {"datetime": "2021-06-16 15:26:20", "elapsed": 3817.913339, "delta": 4.070104}}
{"target": -20.80770884506244, "params": {"C": 2.9514378325169877, "epsilon": 5.668638588306489, "gamma": 6.293443118725938, "lamda": 2.4947705616826155}, "datetime": {"datetime": "2021-06-16 15:26:25", "elapsed": 3822.65052, "delta": 4.737181}}
{"target": -99.87602290198784, "params": {"C": 4.641144765218572, "epsilon": 9.206606276004639, "gamma": 1.5288658822356826, "lamda": 4.967416945334963}, "datetime": {"datetime": "2021-06-16 15:26:37", "elapsed": 3834.598628, "delta": 11.948108}}
{"target": -19.267809341501955, "params": {"C": 9.17990633204692, "epsilon": 5.510287445482665, "gamma": 8.850439780192211, "lamda": 1.2796357770678828}, "datetime": {"datetime": "2021-06-16 15:26:43", "elapsed": 3840.672354, "delta": 6.073726}}
{"target": -28.00834554625015, "params": {"C": 2.1496439002426766, "epsilon": 3.796158957831511, "gamma": 5.498426906193741, "lamda": 0.5518032209667991}, "datetime": {"datetime": "2021-06-16 15:26:47", "elapsed": 3844.617696, "delta": 3.945342}}
{"target": -20.485303067731955, "params": {"C": 2.950767474022489, "epsilon": 0.8550750697177008, "gamma": 8.531976878781641, "lamda": 1.6660712415403582}, "datetime": {"datetime": "2021-06-16 15:26:51", "elapsed": 3849.151748, "delta": 4.534052}}
{"target": -19.391875581658894, "params": {"C": 4.029063024101509, "epsilon": 0.6344680794012214, "gamma": 9.599682716740887, "lamda": 1.4690922425564574}, "datetime": {"datetime": "2021-06-16 15:26:55", "elapsed": 3853.454158, "delta": 4.30241}}
{"target": -30.299865921869575, "params": {"C": 1.863131519483725, "epsilon": 3.4810789538486175, "gamma": 5.129181354776603, "lamda": 1.0328484884691693}, "datetime": {"datetime": "2021-06-16 15:27:01", "elapsed": 3858.631322, "delta": 5.177164}}
{"target": -20.198687169529368, "params": {"C": 8.158368327650662, "epsilon": 6.919012533646332, "gamma": 6.553500021355838, "lamda": 2.2013699819293877}, "datetime": {"datetime": "2021-06-16 15:27:05", "elapsed": 3863.255858, "delta": 4.624536}}
{"target": -112.1089045934405, "params": {"C": 1.8849083384521534, "epsilon": 3.535868749913303, "gamma": 5.158776832516343, "lamda": 0.9781521476207304}, "datetime": {"datetime": "2021-06-16 15:27:17", "elapsed": 3875.255182, "delta": 11.999324}}
{"target": -18.770798610781313, "params": {"C": 9.516764682324636, "epsilon": 5.792235254289311, "gamma": 8.898488029274016, "lamda": 1.6710272203958887}, "datetime": {"datetime": "2021-06-16 15:27:22", "elapsed": 3879.619176, "delta": 4.363994}}
{"target": -21.71658721171955, "params": {"C": 6.28022477770022, "epsilon": 1.9307239211161964, "gamma": 7.508406043135179, "lamda": 0.7883198304836772}, "datetime": {"datetime": "2021-06-16 15:27:26", "elapsed": 3883.578149, "delta": 3.958973}}
{"target": -19.25674970634465, "params": {"C": 3.8014927028346004, "epsilon": 1.0415980314251796, "gamma": 9.648799010209025, "lamda": 1.446351362046303}, "datetime": {"datetime": "2021-06-16 15:27:31", "elapsed": 3889.510455, "delta": 5.932306}}
{"target": -20.14930751708948, "params": {"C": 3.0689250459560147, "epsilon": 0.9938069780843871, "gamma": 8.851440286851437, "lamda": 1.620453794433315}, "datetime": {"datetime": "2021-06-16 15:27:40", "elapsed": 3897.633612, "delta": 8.123157}}
{"target": -19.672342194862495, "params": {"C": 7.548019815264243, "epsilon": 9.464526237663499, "gamma": 7.367811451339239, "lamda": 1.2201515171489594}, "datetime": {"datetime": "2021-06-16 15:27:44", "elapsed": 3901.686954, "delta": 4.053342}}
{"target": -20.842693173337622, "params": {"C": 9.862352334251435, "epsilon": 3.3446007963223665, "gamma": 8.36200587846654, "lamda": 0.46348496286774155}, "datetime": {"datetime": "2021-06-16 15:27:49", "elapsed": 3907.54489, "delta": 5.857936}}
{"target": -29.541525865842537, "params": {"C": 6.153223482350127, "epsilon": 3.5267467532721004, "gamma": 5.723423183924699, "lamda": 1.4982819597286132}, "datetime": {"datetime": "2021-06-16 15:27:54", "elapsed": 3912.140463, "delta": 4.595573}}
{"target": -18.06122774938862, "params": {"C": 6.968148166094546, "epsilon": 6.707099626088912, "gamma": 9.63550597719176, "lamda": 1.859474120803355}, "datetime": {"datetime": "2021-06-16 15:28:02", "elapsed": 3919.941417, "delta": 7.800954}}
{"target": -100.76387706037968, "params": {"C": 8.201203309935606, "epsilon": 1.061369700594807, "gamma": 5.915050417826435, "lamda": 3.0648144215277764}, "datetime": {"datetime": "2021-06-16 15:28:14", "elapsed": 3931.928256, "delta": 11.986839}}
{"target": -26.543707869781812, "params": {"C": 6.637930545009843, "epsilon": 5.05098401563185, "gamma": 4.1775604392694925, "lamda": 3.5154462451393798}, "datetime": {"datetime": "2021-06-16 15:28:17", "elapsed": 3935.242868, "delta": 3.314612}}
{"target": -21.801310783046667, "params": {"C": 4.418825898972458, "epsilon": 1.7146273322130734, "gamma": 5.815492151729762, "lamda": 7.770248803231046}, "datetime": {"datetime": "2021-06-16 15:28:20", "elapsed": 3938.539274, "delta": 3.296406}}
{"target": -20.242423629631976, "params": {"C": 7.79062464550212, "epsilon": 9.02873500611201, "gamma": 7.16003243158459, "lamda": 1.1235702433690447}, "datetime": {"datetime": "2021-06-16 15:28:25", "elapsed": 3943.159366, "delta": 4.620092}}
