{"target": -21.92163864256646, "params": {"C": 6.575974023773225, "epsilon": 1.8026736933580978, "gamma": 7.38004746949443, "lamda": 0.5665932943536534}, "datetime": {"datetime": "2021-06-16 15:28:29", "elapsed": 3947.20591, "delta": 4.046544}}
{"target": -26.435766382011234, "params": {"C": 1.796981953076045, "epsilon": 4.25956079783332, "gamma": 5.417411239037803, "lamda": 0.7194224198849871}, "datetime": {"datetime": "2021-06-16 15:28:37", "elapsed": 3955.053946, "delta": 7.848036}}
{"target": -20.36785412970044, "params": {"C": 9.733692524019387, "epsilon": 3.2661932359526507, "gamma": 8.527928311379927, "lamda": 0.6993733890357826}, "datetime": {"datetime": "2021-06-16 15:28:44", "elapsed": 3962.228554, "delta": 7.174608}}
{"target": -19.183807370416584, "params": {"C": 8.99728625787519, "epsilon": 5.732824592928965, "gamma": 8.45157645847952, "lamda": 1.6433167778761015}, "datetime": {"datetime": "2021-06-16 15:28:49", "elapsed": 3967.208348, "delta": 4.979794}}
{"target": -20.868563899699886, "params": {"C": 8.464732673391538, "epsilon": 6.396599220643496, "gamma": 6.386387258715703, "lamda": 2.2969799255398597}, "datetime": {"datetime": "2021-06-16 15:28:56", "elapsed": 3973.946035, "delta": 6.737687}}
{"target": -18.641690670220637, "params": {"C": 9.768404573414347, "epsilon": 5.926540624377571, "gamma": 8.626850566742734, "lamda": 2.0673019866052442}, "datetime": {"datetime": "2021-06-16 15:28:59", "elapsed": 3977.497936, "delta": 3.551901}}
{"target": -23.255943079246975, "params": {"C": 5.749917574086078, "epsilon": 1.2191500290523702, "gamma": 5.880028771393392, "lamda": 6.929749567204514}, "datetime": {"datetime": "2021-06-16 15:29:06", "elapsed": 3983.716099, "delta": 6.218163}}
{"target": -18.907146925508947, "params": {"C": 9.604187691774191, "epsilon": 5.726550286911963, "gamma": 8.548023346689712, "lamda": 1.8735708901609014}, "datetime": {"datetime": "2021-06-16 15:29:10", "elapsed": 3988.410882, "delta": 4.694783}}
{"target": -131.18762873820967, "params": {"C": 4.250029504711116, "epsilon": 4.0837598183985016, "gamma": 9.937381501233808, "lamda": 3.182648932358096}, "datetime": {"datetime": "2021-06-16 15:29:23", "elapsed": 4000.629903, "delta": 12.219021}}
{"target": -100.28632319042971, "params": {"C": 9.762655918834154, "epsilon": 7.211409191134226, "gamma": 1.1111278458961242, "lamda": 8.956763510665343}, "datetime": {"datetime": "2021-06-16 15:29:35", "elapsed": 4012.647808, "delta": 12.017905}}
{"target": -22.130584792389854, "params": {"C": 2.1322103888420605, "epsilon": 5.120765463109497, "gamma": 7.613651141072153, "lamda": 0.173520856899506}, "datetime": {"datetime": "2021-06-16 15:29:40", "elapsed": 4017.672797, "delta": 5.024989}}
{"target": -21.450902456290294, "params": {"C": 6.487368138996933, "epsilon": 2.2737516780909806, "gamma": 7.528661500258275, "lamda": 1.0941323543174288}, "datetime": {"datetime": "2021-06-16 15:29:44", "elapsed": 4022.106708, "delta": 4.433911}}
{"target": -99.62687103640701, "params": {"C": 7.5379271762082265, "epsilon": 1.273413224255466, "gamma": 1.5863099339476172, "lamda": 4.902740071210707}, "datetime": {"datetime": "2021-06-16 15:29:56", "elapsed": 4034.453256, "delta": 12.346548}}
{"target": -98.45563643619624, "params": {"C": 8.03332930483972, "epsilon": 3.3191051160820697, "gamma": 1.6518403974703102, "lamda": 1.2494347515433115}, "datetime": {"datetime": "2021-06-16 15:30:05", "elapsed": 4043.23414, "delta": 8.780884}}
{"target": -105.64849450125251, "params": {"C": 2.209649321524617, "epsilon": 6.474075405765492, "gamma": 0.3550253812220505, "lamda": 7.775827276059312}, "datetime": {"datetime": "2021-06-16 15:30:17", "elapsed": 4054.957223, "delta": 11.723083}}
{"target": -20.407348618380816, "params": {"C": 7.318900883322729, "epsilon": 8.94549754848265, "gamma": 6.898537910161464, "lamda": 1.2749861326984162}, "datetime": {"datetime": "2021-06-16 15:30:21", "elapsed": 4059.275531, "delta": 4.318308}}
{"target": -21.650263968495324, "params": {"C": 2.3381793116496636, "epsilon": 5.490494110706809, "gamma": 7.998503827842451, "lamda": 0.2022345475640179}, "datetime": {"datetime": "2021-06-16 15:30:30", "elapsed": 4067.623139, "delta": 8.347608}}
{"target": -21.18176589235755, "params": {"C": 8.482326889353018, "epsilon": 6.261397712393332, "gamma": 6.393862314573655, "lamda": 2.1744734964600694}, "datetime": {"datetime": "2021-06-16 15:30:38", "elapsed": 4076.048215, "delta": 8.425076}}
{"target": -105.06684295304491, "params": {"C": 7.955028057001348, "epsilon": 0.48081131861831, "gamma": 9.786202410833836, "lamda": 5.705420707613499}, "datetime": {"datetime": "2021-06-16 15:30:50", "elapsed": 4087.956457, "delta": 11.908242}}
{"target": -19.723660635116122, "params": {"C": 7.569022811353364, "epsilon": 9.27323168943028, "gamma": 7.088950653825287, "lamda": 1.5044457320802493}, "datetime": {"datetime": "2021-06-16 15:30:56", "elapsed": 4094.062067, "delta": 6.10561}}
{"target": -21.40728409719081, "params": {"C": 2.340329545393654, "epsilon": 4.971818926345702, "gamma": 8.183411447685945, "lamda": 0.09013929628117862}, "datetime": {"datetime": "2021-06-16 15:31:03", "elapsed": 4101.330987, "delta": 7.26892}}
{"target": -18.418666211124883, "params": {"C": 6.867054364699629, "epsilon": 5.104206785850588, "gamma": 5.305310413752223, "lamda": 9.499328721710624}, "datetime": {"datetime": "2021-06-16 15:31:08", "elapsed": 4106.385632, "delta": 5.054645}}
{"target": -101.25965802360494, "params": {"C": 6.793868604693474, "epsilon": 5.151159266044728, "gamma": 5.0277946611614865, "lamda": 9.354620807981226}, "datetime": {"datetime": "2021-06-16 15:31:24", "elapsed": 4121.68514, "delta": 15.299508}}
{"target": -20.54086046382185, "params": {"C": 9.758229458625923, "epsilon": 3.412404358757647, "gamma": 8.453632720559048, "lamda": 0.5680246301160182}, "datetime": {"datetime": "2021-06-16 15:31:31", "elapsed": 4129.093748, "delta": 7.408608}}
{"target": -21.76894153036364, "params": {"C": 2.625573810033956, "epsilon": 5.303282205112654, "gamma": 7.384323583645366, "lamda": 0.37234714932452456}, "datetime": {"datetime": "2021-06-16 15:31:36", "elapsed": 4133.801402, "delta": 4.707654}}
{"target": -18.59939608702614, "params": {"C": 9.157328828401496, "epsilon": 5.735612278480572, "gamma": 9.07040318321717, "lamda": 1.6925287214890379}, "datetime": {"datetime": "2021-06-16 15:31:43", "elapsed": 4140.762748, "delta": 6.961346}}
{"target": -19.326613622657987, "params": {"C": 3.4223831685741493, "epsilon": 0.7404727928941085, "gamma": 9.626840667900638, "lamda": 1.5704234278066311}, "datetime": {"datetime": "2021-06-16 15:31:47", "elapsed": 4145.269756, "delta": 4.507008}}
{"target": -115.76989431790949, "params": {"C": 5.366763426185123, "epsilon": 3.4016029490329345, "gamma": 5.009964509393716, "lamda": 3.2477424656885483}, "datetime": {"datetime": "2021-06-16 15:31:59", "elapsed": 4157.253737, "delta": 11.983981}}
{"target": -19.581141943575243, "params": {"C": 5.767824691999614, "epsilon": 3.716255874235289, "gamma": 5.751067892720538, "lamda": 7.239842511164081}, "datetime": {"datetime": "2021-06-16 15:32:07", "elapsed": 4165.481977, "delta": 8.22824}}
{"target": -20.850158158007797, "params": {"C": 9.398244356670086, "epsilon": 3.3012565699363035, "gamma": 8.315256321037847, "lamda": 0.5335295824179783}, "datetime": {"datetime": "2021-06-16 15:32:12", "elapsed": 4170.453423, "delta": 4.971446}}
{"target": -28.161960621614597, "params": {"C": 2.041817618869998, "epsilon": 3.854234003328797, "gamma": 5.03689688870143, "lamda": 0.799107473893126}, "datetime": {"datetime": "2021-06-16 15:32:18", "elapsed": 4176.229064, "delta": 5.775641}}
{"target": -20.22637470218412, "params": {"C": 8.431896073294467, "epsilon": 7.210938575577076, "gamma": 6.7518157298220345, "lamda": 1.7786806370010726}, "datetime": {"datetime": "2021-06-16 15:32:24", "elapsed": 4181.573141, "delta": 5.344077}}
{"target": -20.974938204186905, "params": {"C": 8.837375543668934, "epsilon": 5.542746376787, "gamma": 6.120362610336566, "lamda": 2.4816798543744385}, "datetime": {"datetime": "2021-06-16 15:32:28", "elapsed": 4185.963771, "delta": 4.39063}}
{"target": -23.319404489467573, "params": {"C": 5.769087319620395, "epsilon": 1.2053133647447496, "gamma": 5.864238755866464, "lamda": 7.1054920541494475}, "datetime": {"datetime": "2021-06-16 15:32:36", "elapsed": 4194.357182, "delta": 8.393411}}
{"target": -12.062598439026356, "params": {"C": 0.1738434491517528, "epsilon": 0.22943156773492995, "gamma": 0.34799201131362006, "lamda": 2.440470795165562}, "datetime": {"datetime": "2021-06-16 15:32:41", "elapsed": 4199.109623, "delta": 4.752441}}
{"target": -20.580736646783144, "params": {"C": 7.071939891284549, "epsilon": 9.018078242625014, "gamma": 7.0053574044424805, "lamda": 1.1469199884878327}, "datetime": {"datetime": "2021-06-16 15:32:46", "elapsed": 4203.932892, "delta": 4.823269}}
{"target": -13.99669196041554, "params": {"C": 0.09675341944678778, "epsilon": 9.875443281382044, "gamma": 7.870996350633089, "lamda": 0.17275894108182652}, "datetime": {"datetime": "2021-06-16 15:32:52", "elapsed": 4209.863826, "delta": 5.930934}}
{"target": -10.556468052754886, "params": {"C": 0.04452761448405631, "epsilon": 0.04052086571650241, "gamma": 0.07439865533691929, "lamda": 2.4132343836289105}, "datetime": {"datetime": "2021-06-16 15:32:56", "elapsed": 4214.523565, "delta": 4.659739}}
{"target": -19.150052561654114, "params": {"C": 9.11020122939394, "epsilon": 5.773783064572365, "gamma": 8.301398213055693, "lamda": 1.8920043879754198}, "datetime": {"datetime": "2021-06-16 15:33:02", "elapsed": 4220.045507, "delta": 5.521942}}
{"target": -20.83328375357374, "params": {"C": 0.35159759293043147, "epsilon": 9.908842646094913, "gamma": 7.875885616514393, "lamda": 0.3409374685160447}, "datetime": {"datetime": "2021-06-16 15:33:09", "elapsed": 4226.672763, "delta": 6.627256}}
{"target": -20.299423081821885, "params": {"C": 7.602922348043066, "epsilon": 9.06649990497455, "gamma": 7.207738899461114, "lamda": 1.1197497749274614}, "datetime": {"datetime": "2021-06-16 15:33:15", "elapsed": 4233.143646, "delta": 6.470883}}
{"target": -32.10141132618139, "params": {"C": 1.744690220603176, "epsilon": 3.616928039621024, "gamma": 5.136901133717733, "lamda": 1.1037391746659362}, "datetime": {"datetime": "2021-06-16 15:33:20", "elapsed": 4238.423506, "delta": 5.27986}}
{"target": -21.41334161388732, "params": {"C": 7.675786171507691, "epsilon": 8.71378692305529, "gamma": 6.924853485726043, "lamda": 0.8363697358399478}, "datetime": {"datetime": "2021-06-16 15:33:24", "elapsed": 4242.092089, "delta": 3.668583}}
{"target": -18.50210309208904, "params": {"C": 5.7331119004924815, "epsilon": 9.361208517486164, "gamma": 9.229547381063254, "lamda": 1.0432294715437407}, "datetime": {"datetime": "2021-06-16 15:33:30", "elapsed": 4247.972419, "delta": 5.88033}}
{"target": -21.83066208564919, "params": {"C": 6.568555745649591, "epsilon": 1.797370720756662, "gamma": 7.392298361846378, "lamda": 0.7762281555598111}, "datetime": {"datetime": "2021-06-16 15:33:36", "elapsed": 4254.298395, "delta": 6.325976}}
{"target": -20.68581137071284, "params": {"C": 7.515472810257293, "epsilon": 9.31752316511497, "gamma": 7.031488110583918, "lamda": 1.052336203384567}, "datetime": {"datetime": "2021-06-16 15:33:44", "elapsed": 4262.390976, "delta": 8.092581}}
{"target": -18.629126030710992, "params": {"C": 5.9954356984984525, "epsilon": 9.350025213806981, "gamma": 9.259507289498636, "lamda": 0.9479047150133926}, "datetime": {"datetime": "2021-06-16 15:33:49", "elapsed": 4267.460227, "delta": 5.069251}}
{"target": -20.564638981386487, "params": {"C": 9.912373873531095, "epsilon": 3.4701343398284212, "gamma": 8.45049570370605, "lamda": 0.5353919861043741}, "datetime": {"datetime": "2021-06-16 15:33:56", "elapsed": 4273.893554, "delta": 6.433327}}
{"target": -11.879979238868179, "params": {"C": 0.1873293776108216, "epsilon": 2.144698199932841, "gamma": 0.34435452843524056, "lamda": 1.847237756588693}, "datetime": {"datetime": "2021-06-16 15:33:59", "elapsed": 4277.458527, "delta": 3.564973}}
{"target": -19.41642523688637, "params": {"C": 5.911774681138219, "epsilon": 3.534037876800818, "gamma": 5.686050766691144, "lamda": 7.7923346013097055}, "datetime": {"datetime": "2021-06-16 15:34:06", "elapsed": 4284.380369, "delta": 6.921842}}
{"target": -22.072720429535263, "params": {"C": 6.348661487850002, "epsilon": 1.9403108974556753, "gamma": 7.421394657496047, "lamda": 0.785622533694761}, "datetime": {"datetime": "2021-06-16 15:34:14", "elapsed": 4292.428115, "delta": 8.047746}}
{"target": -18.81445048304147, "params": {"C": 9.66455407553089, "epsilon": 5.84780237011936, "gamma": 8.598949254382205, "lamda": 1.903185366410739}, "datetime": {"datetime": "2021-06-16 15:34:22", "elapsed": 4299.796501, "delta": 7.368386}}
{"target": -19.585330252488227, "params": {"C": 7.337370068423382, "epsilon": 8.860786463397666, "gamma": 7.219788209521015, "lamda": 1.5432316860303505}, "datetime": {"datetime": "2021-06-16 15:34:28", "elapsed": 4306.00961, "delta": 6.213109}}
{"target": -20.5680848024983, "params": {"C": 3.696447505373114, "epsilon": 7.7376950510556135, "gamma": 9.584988286866654, "lamda": 6.883356700079739}, "datetime": {"datetime": "2021-06-16 15:34:36", "elapsed": 4314.026887, "delta": 8.017277}}
{"target": -20.463884737361468, "params": {"C": 3.1708858616211812, "epsilon": 0.9487583334654979, "gamma": 8.528955936983625, "lamda": 1.6336884933223836}, "datetime": {"datetime": "2021-06-16 15:34:47", "elapsed": 4324.976256, "delta": 10.949369}}
{"target": -19.24233393810523, "params": {"C": 4.0754999313642, "epsilon": 0.7532075736981462, "gamma": 9.783901994505044, "lamda": 1.529305502933174}, "datetime": {"datetime": "2021-06-16 15:34:53", "elapsed": 4330.769605, "delta": 5.793349}}
{"target": -21.8062899207685, "params": {"C": 4.421935876742567, "epsilon": 1.7160462129879483, "gamma": 5.81355593939387, "lamda": 7.7678889399207}, "datetime": {"datetime": "2021-06-16 15:34:59", "elapsed": 4336.590297, "delta": 5.820692}}
{"target": -30.133501135353786, "params": {"C": 1.9323282905555532, "epsilon": 3.9272385095631703, "gamma": 5.368183956402705, "lamda": 0.9986987179053519}, "datetime": {"datetime": "2021-06-16 15:35:04", "elapsed": 4341.924106, "delta": 5.333809}}
{"target": -19.12624715145615, "params": {"C": 9.258307437662214, "epsilon": 5.968715559225585, "gamma": 8.769297110948806, "lamda": 1.371824643360635}, "datetime": {"datetime": "2021-06-16 15:35:08", "elapsed": 4345.96697, "delta": 4.042864}}
{"target": -20.93381182271296, "params": {"C": 9.626920326106408, "epsilon": 3.445185048058454, "gamma": 8.038653238825809, "lamda": 0.891579725620496}, "datetime": {"datetime": "2021-06-16 15:35:16", "elapsed": 4354.457834, "delta": 8.490864}}
{"target": -101.36546364767362, "params": {"C": 4.272820596785434, "epsilon": 6.701774233888892, "gamma": 5.5027619306881475, "lamda": 7.359760566291787}, "datetime": {"datetime": "2021-06-16 15:35:29", "elapsed": 4366.673961, "delta": 12.216127}}
{"target": -21.901974535334322, "params": {"C": 7.9909946615124445, "epsilon": 2.122023234890824, "gamma": 7.18239034357065, "lamda": 1.487094656440764}, "datetime": {"datetime": "2021-06-16 15:35:35", "elapsed": 4373.151125, "delta": 6.477164}}
{"target": -19.705399118753647, "params": {"C": 6.022310499499807, "epsilon": 3.490153071560659, "gamma": 5.683665112293625, "lamda": 7.386983513845571}, "datetime": {"datetime": "2021-06-16 15:35:43", "elapsed": 4380.677871, "delta": 7.526746}}
{"target": -19.37195300544626, "params": {"C": 9.182260085691304, "epsilon": 5.614355176763314, "gamma": 8.327500510373165, "lamda": 1.6757824724641943}, "datetime": {"datetime": "2021-06-16 15:35:47", "elapsed": 4385.399935, "delta": 4.722064}}
{"target": -21.88861611617565, "params": {"C": 6.209898341659056, "epsilon": 1.8957166724289871, "gamma": 7.332898920826402, "lamda": 0.7510196091189817}, "datetime": {"datetime": "2021-06-16 15:35:55", "elapsed": 4393.230748, "delta": 7.830813}}
{"target": -104.07827688717073, "params": {"C": 9.095928478289697, "epsilon": 6.053913138668536, "gamma": 8.459986630985103, "lamda": 1.9497004782569398}, "datetime": {"datetime": "2021-06-16 15:36:11", "elapsed": 4409.19909, "delta": 15.968342}}
{"target": -106.59866312562636, "params": {"C": 9.05821129350143, "epsilon": 2.1680075067638622, "gamma": 3.1457982926084966, "lamda": 9.926454027974144}, "datetime": {"datetime": "2021-06-16 15:36:24", "elapsed": 4422.227036, "delta": 13.027946}}
{"target": -18.903583997122638, "params": {"C": 9.740399405568853, "epsilon": 8.664743515356115, "gamma": 9.59448834258386, "lamda": 0.6548962658874667}, "datetime": {"datetime": "2021-06-16 15:36:32", "elapsed": 4430.548262, "delta": 8.321226}}
{"target": -98.32869134750986, "params": {"C": 1.831497799567274, "epsilon": 4.002846872845494, "gamma": 6.290579490796797, "lamda": 5.207964701342753}, "datetime": {"datetime": "2021-06-16 15:36:46", "elapsed": 4443.810124, "delta": 13.261862}}
{"target": -20.137988506678578, "params": {"C": 8.431045454070482, "epsilon": 6.262972624737947, "gamma": 6.712334215337243, "lamda": 2.144114466403737}, "datetime": {"datetime": "2021-06-16 15:36:51", "elapsed": 4449.291744, "delta": 5.48162}}
{"target": -20.804134732839607, "params": {"C": 9.499976606539363, "epsilon": 2.298701166645243, "gamma": 7.978943589736953, "lamda": 1.7129788105410446}, "datetime": {"datetime": "2021-06-16 15:36:55", "elapsed": 4453.011015, "delta": 3.719271}}
{"target": -30.656126202270745, "params": {"C": 2.2819767735921137, "epsilon": 3.5860811418248804, "gamma": 5.353673600647973, "lamda": 0.9017191863507952}, "datetime": {"datetime": "2021-06-16 15:37:01", "elapsed": 4459.543003, "delta": 6.531988}}
{"target": -18.942956800519298, "params": {"C": 9.461832995759197, "epsilon": 5.96752369803544, "gamma": 8.82351197994778, "lamda": 1.5485296265324553}, "datetime": {"datetime": "2021-06-16 15:37:09", "elapsed": 4466.836033, "delta": 7.29303}}
{"target": -103.86010270205588, "params": {"C": 0.2516553176850279, "epsilon": 9.684822391521347, "gamma": 7.988879895036615, "lamda": 0.1767091469197093}, "datetime": {"datetime": "2021-06-16 15:37:14", "elapsed": 4471.899732, "delta": 5.063699}}
{"target": -20.25211345767466, "params": {"C": 3.0486742443147032, "epsilon": 0.7744745776697353, "gamma": 8.866753769776158, "lamda": 1.3829530877959395}, "datetime": {"datetime": "2021-06-16 15:37:19", "elapsed": 4477.294085, "delta": 5.394353}}
{"target": -101.80726681217223, "params": {"C": 7.814799550768169, "epsilon": 6.615564964668919, "gamma": 2.903784050416209, "lamda": 3.8886426841364186}, "datetime": {"datetime": "2021-06-16 15:37:32", "elapsed": 4490.194893, "delta": 12.900808}}
{"target": -20.755292981276313, "params": {"C": 9.68432175739865, "epsilon": 3.528233903646437, "gamma": 8.079544345750998, "lamda": 0.9748616159675748}, "datetime": {"datetime": "2021-06-16 15:37:37", "elapsed": 4495.053983, "delta": 4.85909}}
{"target": -20.14455644455659, "params": {"C": 2.911074353903514, "epsilon": 0.7756231688640227, "gamma": 8.880438155430166, "lamda": 1.3014194650411073}, "datetime": {"datetime": "2021-06-16 15:37:43", "elapsed": 4500.925847, "delta": 5.871864}}
{"target": -21.788614910685926, "params": {"C": 6.686958603670289, "epsilon": 2.072599686912905, "gamma": 7.712947259419747, "lamda": 0.7577472284663936}, "datetime": {"datetime": "2021-06-16 15:37:48", "elapsed": 4506.535603, "delta": 5.609756}}
{"target": -21.314102039508185, "params": {"C": 9.800641193545907, "epsilon": 3.3851435763609525, "gamma": 7.887083641904635, "lamda": 0.730965570113564}, "datetime": {"datetime": "2021-06-16 15:37:57", "elapsed": 4514.628299, "delta": 8.092696}}
{"target": -109.31041158590367, "params": {"C": 6.11862488695102, "epsilon": 7.523309389703154, "gamma": 7.1101776591259975, "lamda": 5.3756047530297}, "datetime": {"datetime": "2021-06-16 15:38:09", "elapsed": 4526.749633, "delta": 12.121334}}
{"target": -27.082607742982617, "params": {"C": 2.3123121502479567, "epsilon": 3.343022864134206, "gamma": 5.514600329134701, "lamda": 0.9761814902014596}, "datetime": {"datetime": "2021-06-16 15:38:14", "elapsed": 4531.899993, "delta": 5.15036}}
{"target": -20.307804477580614, "params": {"C": 7.303601279304085, "epsilon": 8.976561421259886, "gamma": 6.974421376520659, "lamda": 1.2790880133264302}, "datetime": {"datetime": "2021-06-16 15:38:19", "elapsed": 4537.49727, "delta": 5.597277}}
{"target": -22.90589184085206, "params": {"C": 8.09743514768573, "epsilon": 3.50174968047762, "gamma": 5.828656134679542, "lamda": 2.9068953537415436}, "datetime": {"datetime": "2021-06-16 15:38:23", "elapsed": 4541.295642, "delta": 3.798372}}
{"target": -110.46962693311602, "params": {"C": 0.7825120427657548, "epsilon": 4.951688961007222, "gamma": 4.1946404838643865, "lamda": 3.8834763325061092}, "datetime": {"datetime": "2021-06-16 15:38:41", "elapsed": 4558.618212, "delta": 17.32257}}
{"target": -20.088568410930144, "params": {"C": 8.424289238902679, "epsilon": 6.9858195559982965, "gamma": 6.978782861815001, "lamda": 1.765331139193776}, "datetime": {"datetime": "2021-06-16 15:38:51", "elapsed": 4569.173919, "delta": 10.555707}}
{"target": -22.902679188565568, "params": {"C": 8.093353132915833, "epsilon": 3.500421829539869, "gamma": 5.830651742007144, "lamda": 2.907566350678667}, "datetime": {"datetime": "2021-06-16 15:38:56", "elapsed": 4573.803623, "delta": 4.629704}}
{"target": -20.131756751424916, "params": {"C": 8.15505968022939, "epsilon": 6.88623496991091, "gamma": 6.673036856891767, "lamda": 1.992191936334194}, "datetime": {"datetime": "2021-06-16 15:39:00", "elapsed": 4578.042192, "delta": 4.238569}}
{"target": -35.79264465053265, "params": {"C": 1.8511402884897865, "epsilon": 3.3216760067540974, "gamma": 5.285144874066117, "lamda": 0.8031515327859025}, "datetime": {"datetime": "2021-06-16 15:39:05", "elapsed": 4583.17709, "delta": 5.134898}}
