{"target": -27.97582676956366, "params": {"C": 7.95655158297178, "epsilon": 8.70814962197475, "gamma": 1.4296592541137663, "lamda": 0.32734077166944164}, "datetime": {"datetime": "2021-06-17 10:57:06", "elapsed": 1171.088692, "delta": 8.071258}}
{"target": -29.743881654071956, "params": {"C": 9.505780666847764, "epsilon": 5.9226955778523465, "gamma": 1.7764808164370303, "lamda": 0.03699233303917145}, "datetime": {"datetime": "2021-06-17 10:57:14", "elapsed": 1178.306802, "delta": 7.21811}}
{"target": -21.113260405702423, "params": {"C": 6.575780786487826, "epsilon": 2.1465987861052436, "gamma": 1.3964239052142793, "lamda": 0.4946398256774622}, "datetime": {"datetime": "2021-06-17 10:57:20", "elapsed": 1184.970583, "delta": 6.663781}}
{"target": -15.762764327911965, "params": {"C": 9.389365465364437, "epsilon": 9.81461716121486, "gamma": 0.46852738320945414, "lamda": 0.020214625332507903}, "datetime": {"datetime": "2021-06-17 10:57:28", "elapsed": 1192.234406, "delta": 7.263823}}
{"target": -30.574226457979282, "params": {"C": 7.963597006140739, "epsilon": 8.653907806639674, "gamma": 1.4993614864085363, "lamda": 0.22117215522792194}, "datetime": {"datetime": "2021-06-17 10:57:34", "elapsed": 1198.664405, "delta": 6.429999}}
{"target": -29.018522489140285, "params": {"C": 7.337970043573082, "epsilon": 7.73896795012975, "gamma": 1.8264490795233015, "lamda": 0.4536178432997901}, "datetime": {"datetime": "2021-06-17 10:57:41", "elapsed": 1205.839757, "delta": 7.175352}}
{"target": -19.77808871879163, "params": {"C": 3.006540884345355, "epsilon": 1.4886301882645911, "gamma": 1.8138762717704504, "lamda": 0.25381535203759925}, "datetime": {"datetime": "2021-06-17 10:57:49", "elapsed": 1213.394223, "delta": 7.554466}}
{"target": -33.722047422820886, "params": {"C": 8.865829719190067, "epsilon": 9.119823699909038, "gamma": 1.4113344741136655, "lamda": 0.0722963213573113}, "datetime": {"datetime": "2021-06-17 10:57:56", "elapsed": 1220.438026, "delta": 7.043803}}
{"target": -23.54907125840912, "params": {"C": 5.651851023600042, "epsilon": 0.2496649906773195, "gamma": 1.6158321209379851, "lamda": 0.11804623624712697}, "datetime": {"datetime": "2021-06-17 10:58:04", "elapsed": 1228.894445, "delta": 8.456419}}
{"target": -14.850085491877344, "params": {"C": 3.6390504564639126, "epsilon": 9.43016625682561, "gamma": 1.0195829977871789, "lamda": 0.38309741501030165}, "datetime": {"datetime": "2021-06-17 10:58:11", "elapsed": 1236.033315, "delta": 7.13887}}
{"target": -5327.191729713251, "params": {"C": 7.1965952785768765, "epsilon": 2.718536515550042, "gamma": 0.7795641253098389, "lamda": 0.4408804278730451}, "datetime": {"datetime": "2021-06-17 10:58:29", "elapsed": 1253.396373, "delta": 17.363058}}
{"target": -29.4483131710891, "params": {"C": 8.697046182491459, "epsilon": 9.509949228496618, "gamma": 1.668481269142103, "lamda": 0.4259908957994407}, "datetime": {"datetime": "2021-06-17 10:58:37", "elapsed": 1261.776993, "delta": 8.38062}}
{"target": -19.240227555761972, "params": {"C": 2.9485254445937596, "epsilon": 1.3048007536295616, "gamma": 1.7813536537281347, "lamda": 0.26816377788151147}, "datetime": {"datetime": "2021-06-17 10:58:45", "elapsed": 1269.951117, "delta": 8.174124}}
{"target": -29.466112917377973, "params": {"C": 3.741694442236695, "epsilon": 0.8649501738525699, "gamma": 1.930873187893139, "lamda": 0.07518211274642957}, "datetime": {"datetime": "2021-06-17 10:58:54", "elapsed": 1278.78996, "delta": 8.838843}}
{"target": -9.752179352655837, "params": {"C": 0.18943187927222457, "epsilon": 5.42471375580364, "gamma": 0.3428057522018402, "lamda": 0.2635999419819624}, "datetime": {"datetime": "2021-06-17 10:59:01", "elapsed": 1285.891009, "delta": 7.101049}}
{"target": -14.91941098204336, "params": {"C": 2.2833983399121713, "epsilon": 4.5195349202175, "gamma": 1.1385502266700018, "lamda": 0.3887227569293661}, "datetime": {"datetime": "2021-06-17 10:59:09", "elapsed": 1293.731203, "delta": 7.840194}}
{"target": -17.611057245126226, "params": {"C": 2.494537417369342, "epsilon": 2.048531323600069, "gamma": 1.5871858088575521, "lamda": 0.41849061513250707}, "datetime": {"datetime": "2021-06-17 10:59:17", "elapsed": 1301.584578, "delta": 7.853375}}
{"target": -18.15516423104677, "params": {"C": 3.609055585541351, "epsilon": 5.088984065125444, "gamma": 1.4751329771382842, "lamda": 0.21508502839752597}, "datetime": {"datetime": "2021-06-17 10:59:25", "elapsed": 1309.181533, "delta": 7.596955}}
{"target": -14.027410497215381, "params": {"C": 2.255444313885582, "epsilon": 4.524516224335431, "gamma": 1.0919789497777885, "lamda": 0.4718487113707736}, "datetime": {"datetime": "2021-06-17 10:59:33", "elapsed": 1317.202522, "delta": 8.020989}}
{"target": -9.53176506642133, "params": {"C": 0.12797164782080614, "epsilon": 0.020424733403822976, "gamma": 0.3136578925576398, "lamda": 0.2414890418803624}, "datetime": {"datetime": "2021-06-17 10:59:40", "elapsed": 1324.44131, "delta": 7.238788}}
{"target": -14.818219206784494, "params": {"C": 4.15788268718907, "epsilon": 6.170956793498063, "gamma": 0.5237010224240675, "lamda": 0.01088191823335425}, "datetime": {"datetime": "2021-06-17 10:59:49", "elapsed": 1333.168627, "delta": 8.727317}}
{"target": -22.75278291965121, "params": {"C": 6.447665084423107, "epsilon": 2.255792021528068, "gamma": 1.5204782242542558, "lamda": 0.2206661740626688}, "datetime": {"datetime": "2021-06-17 10:59:57", "elapsed": 1341.312875, "delta": 8.144248}}
{"target": -14.653740960604075, "params": {"C": 3.5259470728792555, "epsilon": 9.425213660198583, "gamma": 1.0047086538248384, "lamda": 0.3324994646668114}, "datetime": {"datetime": "2021-06-17 11:00:05", "elapsed": 1349.754657, "delta": 8.441782}}
{"target": -30.776458966304997, "params": {"C": 8.167013441287274, "epsilon": 3.8306433467816414, "gamma": 1.6956001390831927, "lamda": 0.44539443219322494}, "datetime": {"datetime": "2021-06-17 11:00:14", "elapsed": 1358.3089, "delta": 8.554243}}
{"target": -13.952296295089548, "params": {"C": 2.4548405731096077, "epsilon": 3.0432671268768074, "gamma": 0.9767536611458024, "lamda": 0.037533389211724166}, "datetime": {"datetime": "2021-06-17 11:00:22", "elapsed": 1366.957596, "delta": 8.648696}}
{"target": -18.112937040125274, "params": {"C": 3.643478173692511, "epsilon": 5.076333990299799, "gamma": 1.4515842010242221, "lamda": 0.25722366196146323}, "datetime": {"datetime": "2021-06-17 11:00:31", "elapsed": 1375.222259, "delta": 8.264663}}
{"target": -17.161744674351972, "params": {"C": 2.5376123366371597, "epsilon": 2.0668066827685005, "gamma": 1.609790852575179, "lamda": 0.38730038040118075}, "datetime": {"datetime": "2021-06-17 11:00:38", "elapsed": 1383.021929, "delta": 7.79967}}
{"target": -16.484436812129548, "params": {"C": 2.4848982100386343, "epsilon": 2.6224468510074166, "gamma": 1.5027377629350516, "lamda": 0.22900587920370005}, "datetime": {"datetime": "2021-06-17 11:00:47", "elapsed": 1391.504955, "delta": 8.483026}}
{"target": -10.078849675414277, "params": {"C": 0.27890459572636594, "epsilon": 5.407620226726615, "gamma": 0.3746404892553962, "lamda": 0.24011532763398039}, "datetime": {"datetime": "2021-06-17 11:00:55", "elapsed": 1399.527851, "delta": 8.022896}}
{"target": -14.809483669635723, "params": {"C": 1.0292764186563022, "epsilon": 4.462541537895408, "gamma": 1.8289832220257543, "lamda": 0.12320967442409793}, "datetime": {"datetime": "2021-06-17 11:01:02", "elapsed": 1406.605119, "delta": 7.077268}}
{"target": -12.467460152242312, "params": {"C": 0.5278832566241156, "epsilon": 5.3766412719749725, "gamma": 1.297628055797032, "lamda": 0.2920494588329018}, "datetime": {"datetime": "2021-06-17 11:01:11", "elapsed": 1415.528059, "delta": 8.92294}}
{"target": -29.70309655650778, "params": {"C": 8.653169839048722, "epsilon": 9.19420572361208, "gamma": 1.6807128519617034, "lamda": 0.3325617712208318}, "datetime": {"datetime": "2021-06-17 11:01:20", "elapsed": 1424.547619, "delta": 9.01956}}
{"target": -14.18556142274126, "params": {"C": 1.616683175435534, "epsilon": 4.663674791121649, "gamma": 0.6911082272288591, "lamda": 0.12455311078771357}, "datetime": {"datetime": "2021-06-17 11:01:29", "elapsed": 1433.142701, "delta": 8.595082}}
{"target": -10.053081002071083, "params": {"C": 0.21811198339654544, "epsilon": 0.2424105144108703, "gamma": 0.08400439481497476, "lamda": 0.11028782004363995}, "datetime": {"datetime": "2021-06-17 11:01:36", "elapsed": 1440.455321, "delta": 7.31262}}
{"target": -15.270679959726557, "params": {"C": 4.106534054128285, "epsilon": 6.099199296742707, "gamma": 0.3920909231686155, "lamda": 0.06290378337984147}, "datetime": {"datetime": "2021-06-17 11:01:44", "elapsed": 1448.335052, "delta": 7.879731}}
{"target": -14.214026268513969, "params": {"C": 2.3832618181612197, "epsilon": 4.49879494079345, "gamma": 1.0872050456630178, "lamda": 0.4926159408740592}, "datetime": {"datetime": "2021-06-17 11:01:52", "elapsed": 1456.347232, "delta": 8.01218}}
{"target": -13.380383700450851, "params": {"C": 1.5757789588266153, "epsilon": 4.7296139568356805, "gamma": 1.014322208589609, "lamda": 0.05526756679851175}, "datetime": {"datetime": "2021-06-17 11:01:59", "elapsed": 1463.926374, "delta": 7.579142}}
{"target": -9.696961999867383, "params": {"C": 0.23109583340854364, "epsilon": 0.14558316395082055, "gamma": 0.17486840832066583, "lamda": 0.1765841128774608}, "datetime": {"datetime": "2021-06-17 11:02:08", "elapsed": 1472.151893, "delta": 8.225519}}
{"target": -16.912683805631787, "params": {"C": 2.4882914104019873, "epsilon": 2.0435071528057462, "gamma": 1.5906154246683422, "lamda": 0.42053061563407046}, "datetime": {"datetime": "2021-06-17 11:02:16", "elapsed": 1480.367499, "delta": 8.215606}}
{"target": -10.295220139280186, "params": {"C": 0.8759272137254472, "epsilon": 7.697570841739106, "gamma": 0.19669275925780916, "lamda": 0.22894233065553982}, "datetime": {"datetime": "2021-06-17 11:02:23", "elapsed": 1488.11633, "delta": 7.748831}}
{"target": -17.406862702496255, "params": {"C": 3.9689660521844665, "epsilon": 4.831509996255521, "gamma": 1.223207963662207, "lamda": 0.22532715751593896}, "datetime": {"datetime": "2021-06-17 11:02:31", "elapsed": 1495.872357, "delta": 7.756027}}
{"target": -23.03163697742952, "params": {"C": 5.64272378491876, "epsilon": 0.27298488755311306, "gamma": 1.6595049306444658, "lamda": 0.1599796002263625}, "datetime": {"datetime": "2021-06-17 11:02:41", "elapsed": 1505.404588, "delta": 9.532231}}
{"target": -22.8035622065157, "params": {"C": 6.447416873191612, "epsilon": 2.3001303499597987, "gamma": 1.5214032278147773, "lamda": 0.17965733539340237}, "datetime": {"datetime": "2021-06-17 11:02:49", "elapsed": 1513.204034, "delta": 7.799446}}
{"target": -9.355261647276956, "params": {"C": 0.08048331171626644, "epsilon": 5.510417795060911, "gamma": 0.3340705583772047, "lamda": 0.23805001979631013}, "datetime": {"datetime": "2021-06-17 11:02:57", "elapsed": 1521.953345, "delta": 8.749311}}
{"target": -13.08309254773975, "params": {"C": 1.293513815279521, "epsilon": 2.713144863004645, "gamma": 1.1602832828125214, "lamda": 0.47097453567362946}, "datetime": {"datetime": "2021-06-17 11:03:12", "elapsed": 1537.090392, "delta": 15.137047}}
{"target": -13.958558024620087, "params": {"C": 2.4727587298815528, "epsilon": 3.053490332270066, "gamma": 0.9520174813481918, "lamda": 0.038907846741447066}, "datetime": {"datetime": "2021-06-17 11:03:26", "elapsed": 1550.495936, "delta": 13.405544}}
{"target": -28.323388045089047, "params": {"C": 9.50225827677229, "epsilon": 5.567063790817969, "gamma": 1.8320137295297587, "lamda": 0.321045554090776}, "datetime": {"datetime": "2021-06-17 11:03:35", "elapsed": 1559.27295, "delta": 8.777014}}
{"target": -13.991361983202399, "params": {"C": 2.2451470597382603, "epsilon": 4.498679642328712, "gamma": 1.0843827756565132, "lamda": 0.496818712843516}, "datetime": {"datetime": "2021-06-17 11:03:44", "elapsed": 1568.541521, "delta": 9.268571}}
{"target": -183.8955617781052, "params": {"C": 4.176073436242382, "epsilon": 7.20347586823273, "gamma": 0.010393983485576706, "lamda": 0.15176493776189504}, "datetime": {"datetime": "2021-06-17 11:04:05", "elapsed": 1590.039425, "delta": 21.497904}}
{"target": -22.21052225706265, "params": {"C": 4.219033594102294, "epsilon": 4.212028034911829, "gamma": 1.587460665627844, "lamda": 0.21910069496001996}, "datetime": {"datetime": "2021-06-17 11:04:13", "elapsed": 1597.917917, "delta": 7.878492}}
{"target": -15.578404491983106, "params": {"C": 4.16527399498637, "epsilon": 6.081643141164935, "gamma": 0.4468136946526627, "lamda": 0.06886938258102356}, "datetime": {"datetime": "2021-06-17 11:04:24", "elapsed": 1608.850152, "delta": 10.932235}}
{"target": -14.592246367599165, "params": {"C": 2.582378500393271, "epsilon": 8.6025445742458, "gamma": 1.0253617212566601, "lamda": 0.443808215138487}, "datetime": {"datetime": "2021-06-17 11:04:35", "elapsed": 1619.685946, "delta": 10.835794}}
{"target": -10.196790602280238, "params": {"C": 0.25276581787370117, "epsilon": 0.3134210867227036, "gamma": 0.06974534973153983, "lamda": 0.0165842480888716}, "datetime": {"datetime": "2021-06-17 11:04:43", "elapsed": 1627.259346, "delta": 7.5734}}
{"target": -10.640632727370978, "params": {"C": 5.549882267842663, "epsilon": 1.4110430591591616, "gamma": 0.14363152714184374, "lamda": 0.11453038303651356}, "datetime": {"datetime": "2021-06-17 11:04:51", "elapsed": 1635.96334, "delta": 8.703994}}
{"target": -17.697990437231667, "params": {"C": 6.786867149113634, "epsilon": 4.685638845017151, "gamma": 0.775438600038978, "lamda": 0.013815238393661378}, "datetime": {"datetime": "2021-06-17 11:04:59", "elapsed": 1643.710133, "delta": 7.746793}}
{"target": -9.283799469015875, "params": {"C": 0.06708494502911247, "epsilon": 5.533208828073318, "gamma": 0.3119534283713319, "lamda": 0.2728555084944667}, "datetime": {"datetime": "2021-06-17 11:05:09", "elapsed": 1653.680281, "delta": 9.970148}}
{"target": -14.077763749473638, "params": {"C": 2.2399342733656207, "epsilon": 4.541343984764472, "gamma": 1.1029266381648688, "lamda": 0.4614843965130477}, "datetime": {"datetime": "2021-06-17 11:05:19", "elapsed": 1663.823777, "delta": 10.143496}}
{"target": -14.553773471907903, "params": {"C": 2.3533905055921003, "epsilon": 4.508695226051656, "gamma": 1.1502048318856455, "lamda": 0.4762306430887968}, "datetime": {"datetime": "2021-06-17 11:05:28", "elapsed": 1672.455623, "delta": 8.631846}}
{"target": -10.410991103367856, "params": {"C": 1.7001745215093989, "epsilon": 8.829770134660293, "gamma": 0.23368490165972164, "lamda": 0.24118599518204317}, "datetime": {"datetime": "2021-06-17 11:05:38", "elapsed": 1682.805264, "delta": 10.349641}}
{"target": -28.32416446260815, "params": {"C": 9.427323621051968, "epsilon": 5.892231862840911, "gamma": 1.796306442905892, "lamda": 0.0526859132464673}, "datetime": {"datetime": "2021-06-17 11:05:47", "elapsed": 1692.065776, "delta": 9.260512}}
{"target": -13.936016893151864, "params": {"C": 2.6811000308116553, "epsilon": 8.78526185646219, "gamma": 0.949397523460553, "lamda": 0.4250852136934749}, "datetime": {"datetime": "2021-06-17 11:05:59", "elapsed": 1703.634881, "delta": 11.569105}}
{"target": -23.165239325489864, "params": {"C": 5.609091483107908, "epsilon": 0.24442774653707, "gamma": 1.6832889151516308, "lamda": 0.14712608171500513}, "datetime": {"datetime": "2021-06-17 11:06:07", "elapsed": 1712.110894, "delta": 8.476013}}
{"target": -14.507542695373388, "params": {"C": 2.2568875115366125, "epsilon": 4.5423310378765915, "gamma": 1.0312444907109604, "lamda": 0.4471562381156139}, "datetime": {"datetime": "2021-06-17 11:06:19", "elapsed": 1723.27429, "delta": 11.163396}}
{"target": -16.62481190823979, "params": {"C": 3.877275528026636, "epsilon": 4.889255908371083, "gamma": 1.1735666754453988, "lamda": 0.2713586649469681}, "datetime": {"datetime": "2021-06-17 11:06:30", "elapsed": 1734.640741, "delta": 11.366451}}
{"target": -14.10614346020225, "params": {"C": 2.667479386844494, "epsilon": 8.97111169083166, "gamma": 0.8521687150491205, "lamda": 0.4889939305843911}, "datetime": {"datetime": "2021-06-17 11:06:40", "elapsed": 1744.726366, "delta": 10.085625}}
{"target": -39.763011606536345, "params": {"C": 8.01578834970907, "epsilon": 2.707601834943909, "gamma": 1.4327050559122214, "lamda": 0.2627972231332534}, "datetime": {"datetime": "2021-06-17 11:06:49", "elapsed": 1753.787526, "delta": 9.06116}}
{"target": -26.762099287362844, "params": {"C": 6.514612803432242, "epsilon": 2.2933102661789997, "gamma": 1.5257974826837302, "lamda": 0.09361470594428715}, "datetime": {"datetime": "2021-06-17 11:06:57", "elapsed": 1761.798526, "delta": 8.011}}
{"target": -46.92380215600697, "params": {"C": 7.963406507206743, "epsilon": 8.652500382717754, "gamma": 1.5258740259685328, "lamda": 0.17898354255691523}, "datetime": {"datetime": "2021-06-17 11:07:06", "elapsed": 1770.474978, "delta": 8.676452}}
{"target": -31.780501218269674, "params": {"C": 8.077248998938693, "epsilon": 3.793133304824706, "gamma": 1.7317259771546174, "lamda": 0.3572781114908288}, "datetime": {"datetime": "2021-06-17 11:07:15", "elapsed": 1779.271206, "delta": 8.796228}}
{"target": -10.166351456512093, "params": {"C": 0.633652336035186, "epsilon": 5.070401002953328, "gamma": 0.444048974254283, "lamda": 0.4180517204860022}, "datetime": {"datetime": "2021-06-17 11:07:24", "elapsed": 1789.077361, "delta": 9.806155}}
{"target": -12.869917002077674, "params": {"C": 9.882162066231556, "epsilon": 6.49317625439345, "gamma": 0.20991503632543002, "lamda": 0.06227736124809016}, "datetime": {"datetime": "2021-06-17 11:07:35", "elapsed": 1799.298592, "delta": 10.221231}}
{"target": -13.161741154229148, "params": {"C": 1.3143676541065987, "epsilon": 2.7873627151898885, "gamma": 1.192007525114724, "lamda": 0.48664945523505304}, "datetime": {"datetime": "2021-06-17 11:07:43", "elapsed": 1807.229672, "delta": 7.93108}}
{"target": -10.439211307535192, "params": {"C": 1.873601957149558, "epsilon": 8.773143970237065, "gamma": 0.16005236216166602, "lamda": 0.23055987423884064}, "datetime": {"datetime": "2021-06-17 11:07:51", "elapsed": 1815.374172, "delta": 8.1445}}
{"target": -14.29830427801409, "params": {"C": 2.393830581285501, "epsilon": 3.011485440709441, "gamma": 0.9676320263847469, "lamda": 0.07498054663612876}, "datetime": {"datetime": "2021-06-17 11:07:58", "elapsed": 1822.656971, "delta": 7.282799}}
{"target": -14.564227977804741, "params": {"C": 3.8270032104133094, "epsilon": 4.093462502645567, "gamma": 0.7912710188085583, "lamda": 0.1560515595772376}, "datetime": {"datetime": "2021-06-17 11:08:06", "elapsed": 1830.977584, "delta": 8.320613}}
{"target": -13.369301073560807, "params": {"C": 1.5960452909444558, "epsilon": 4.772534732716607, "gamma": 1.0399563585398932, "lamda": 0.04565918429930216}, "datetime": {"datetime": "2021-06-17 11:08:16", "elapsed": 1840.802826, "delta": 9.825242}}
{"target": -14.513332621137517, "params": {"C": 3.81729238121469, "epsilon": 8.493166781328453, "gamma": 0.812437436593347, "lamda": 0.23277711417966454}, "datetime": {"datetime": "2021-06-17 11:08:26", "elapsed": 1850.657574, "delta": 9.854748}}
{"target": -18.703043693946654, "params": {"C": 3.9586449802377897, "epsilon": 4.861094832770721, "gamma": 1.223333642939538, "lamda": 0.21047775089632498}, "datetime": {"datetime": "2021-06-17 11:08:38", "elapsed": 1862.213171, "delta": 11.555597}}
{"target": -15.709391082910592, "params": {"C": 2.3378597762890183, "epsilon": 4.908339622257237, "gamma": 1.2539368296187718, "lamda": 0.3874078082915621}, "datetime": {"datetime": "2021-06-17 11:08:47", "elapsed": 1872.092623, "delta": 9.879452}}
{"target": -9.578105255419686, "params": {"C": 0.14269162830230644, "epsilon": 0.09626087488755228, "gamma": 0.2938141966349328, "lamda": 0.20357518058268606}, "datetime": {"datetime": "2021-06-17 11:08:58", "elapsed": 1882.182422, "delta": 10.089799}}
{"target": -14.528755645900521, "params": {"C": 3.8202536933594944, "epsilon": 4.108116143026071, "gamma": 0.8612856418048346, "lamda": 0.14351364267235658}, "datetime": {"datetime": "2021-06-17 11:09:10", "elapsed": 1894.279059, "delta": 12.096637}}
{"target": -16.612151338341715, "params": {"C": 3.841065850289662, "epsilon": 4.928811904771209, "gamma": 1.1720260422235493, "lamda": 0.27498574385891134}, "datetime": {"datetime": "2021-06-17 11:09:20", "elapsed": 1904.501459, "delta": 10.2224}}
{"target": -17.03933985085092, "params": {"C": 4.337351710397474, "epsilon": 4.170587472097225, "gamma": 1.223539361749122, "lamda": 0.2875923457082152}, "datetime": {"datetime": "2021-06-17 11:09:28", "elapsed": 1913.017659, "delta": 8.5162}}
{"target": -15.259156679584136, "params": {"C": 3.888157668614367, "epsilon": 4.150611744217412, "gamma": 0.9285572167553963, "lamda": 0.15407819980527376}, "datetime": {"datetime": "2021-06-17 11:09:39", "elapsed": 1923.406063, "delta": 10.388404}}
{"target": -31.456129360020853, "params": {"C": 8.053027755263878, "epsilon": 3.913410641511005, "gamma": 1.6864287312163466, "lamda": 0.2709956345957007}, "datetime": {"datetime": "2021-06-17 11:09:47", "elapsed": 1931.293971, "delta": 7.887908}}
{"target": -27.36803449751725, "params": {"C": 8.82289719487457, "epsilon": 9.12483618412728, "gamma": 1.5142220708380232, "lamda": 0.20472357198385796}, "datetime": {"datetime": "2021-06-17 11:09:56", "elapsed": 1940.195457, "delta": 8.901486}}
{"target": -24.866430124304443, "params": {"C": 5.277624891266694, "epsilon": 8.080818367957407, "gamma": 1.5818743801067157, "lamda": 0.32194025455271014}, "datetime": {"datetime": "2021-06-17 11:10:06", "elapsed": 1950.37256, "delta": 10.177103}}
{"target": -18.34239475668668, "params": {"C": 2.87866068564142, "epsilon": 0.9986927105325102, "gamma": 1.6950042696946146, "lamda": 0.055264450158951914}, "datetime": {"datetime": "2021-06-17 11:10:17", "elapsed": 1961.770676, "delta": 11.398116}}
