{"target": -12.150967630078016, "params": {"C": 0.1776472708025735, "epsilon": 2.3254113333868736, "gamma": 1.1899194142062979, "lamda": 0.47955633336489106}, "datetime": {"datetime": "2021-06-17 11:10:26", "elapsed": 1970.183221, "delta": 8.412545}}
{"target": -15.200533440484335, "params": {"C": 2.7804272521096633, "epsilon": 3.9168966576563453, "gamma": 1.1781188475619842, "lamda": 0.08598015548150444}, "datetime": {"datetime": "2021-06-17 11:10:35", "elapsed": 1979.648581, "delta": 9.46536}}
{"target": -17.485874595194197, "params": {"C": 9.396840577310366, "epsilon": 9.731546193445764, "gamma": 0.5355757889908533, "lamda": 0.007275427981043308}, "datetime": {"datetime": "2021-06-17 11:10:44", "elapsed": 1988.564538, "delta": 8.915957}}
{"target": -26.50358090115221, "params": {"C": 8.78779152269946, "epsilon": 9.015794621845997, "gamma": 1.33557787017235, "lamda": 0.14785702849685445}, "datetime": {"datetime": "2021-06-17 11:10:55", "elapsed": 2000.119979, "delta": 11.555441}}
{"target": -14.977109861292256, "params": {"C": 4.2239008353988545, "epsilon": 5.801931375238523, "gamma": 0.6153840793957499, "lamda": 0.14022490401773308}, "datetime": {"datetime": "2021-06-17 11:11:04", "elapsed": 2008.969883, "delta": 8.849904}}
{"target": -9.616698071295295, "params": {"C": 0.10019640393745606, "epsilon": 0.08140208984580971, "gamma": 0.30535553738906995, "lamda": 0.22115287423258984}, "datetime": {"datetime": "2021-06-17 11:11:14", "elapsed": 2018.299511, "delta": 9.329628}}
{"target": -15.732702216118108, "params": {"C": 2.421065143323586, "epsilon": 2.6379297110649382, "gamma": 1.3266258221818978, "lamda": 0.22558730051429693}, "datetime": {"datetime": "2021-06-17 11:11:23", "elapsed": 2027.163376, "delta": 8.863865}}
{"target": -13.869390111687299, "params": {"C": 0.9350502335784281, "epsilon": 0.9836622702617874, "gamma": 0.6475606857493484, "lamda": 0.4348446053834799}, "datetime": {"datetime": "2021-06-17 11:11:34", "elapsed": 2038.15307, "delta": 10.989694}}
{"target": -30.74235919286078, "params": {"C": 7.683356935841348, "epsilon": 8.821126963812901, "gamma": 1.5239738397587792, "lamda": 0.21545547317155178}, "datetime": {"datetime": "2021-06-17 11:11:42", "elapsed": 2047.022905, "delta": 8.869835}}
{"target": -14.120206145074302, "params": {"C": 0.9979687406595705, "epsilon": 4.447449787062226, "gamma": 1.7360547017662213, "lamda": 0.1857447482428133}, "datetime": {"datetime": "2021-06-17 11:11:53", "elapsed": 2057.216666, "delta": 10.193761}}
{"target": -15.097509962961484, "params": {"C": 1.047847865030137, "epsilon": 4.515877093051971, "gamma": 1.8741350419434066, "lamda": 0.1147938849483578}, "datetime": {"datetime": "2021-06-17 11:12:05", "elapsed": 2069.412993, "delta": 12.196327}}
{"target": -14.914709046994314, "params": {"C": 2.2500631634427566, "epsilon": 4.4969429651920665, "gamma": 1.149886878194406, "lamda": 0.39546242693904615}, "datetime": {"datetime": "2021-06-17 11:12:16", "elapsed": 2080.686026, "delta": 11.273033}}
{"target": -14.372771471602693, "params": {"C": 1.9912590801174335, "epsilon": 4.236185264987515, "gamma": 0.646086588296541, "lamda": 0.3976470420099035}, "datetime": {"datetime": "2021-06-17 11:12:25", "elapsed": 2089.8553, "delta": 9.169274}}
{"target": -41.12535479921908, "params": {"C": 7.974785565870209, "epsilon": 2.640761309082871, "gamma": 1.5172960641970203, "lamda": 0.231433367602585}, "datetime": {"datetime": "2021-06-17 11:12:35", "elapsed": 2099.973254, "delta": 10.117954}}
{"target": -19.716095144989605, "params": {"C": 3.262085096745718, "epsilon": 5.208836774562697, "gamma": 1.7655891820836935, "lamda": 0.1690514051610456}, "datetime": {"datetime": "2021-06-17 11:12:47", "elapsed": 2111.239201, "delta": 11.265947}}
{"target": -10.634987453881907, "params": {"C": 5.578050713222523, "epsilon": 1.301625905361158, "gamma": 0.1379172737812198, "lamda": 0.09363146517640981}, "datetime": {"datetime": "2021-06-17 11:12:58", "elapsed": 2122.599027, "delta": 11.359826}}
{"target": -15.474100794522744, "params": {"C": 2.7897341425167594, "epsilon": 3.917138786750323, "gamma": 1.195198593809283, "lamda": 0.05161510618264254}, "datetime": {"datetime": "2021-06-17 11:13:07", "elapsed": 2131.659462, "delta": 9.060435}}
{"target": -26.33249949351501, "params": {"C": 6.22979361591665, "epsilon": 4.309779099924949, "gamma": 1.9686336952336143, "lamda": 0.3337240245587348}, "datetime": {"datetime": "2021-06-17 11:13:17", "elapsed": 2141.326726, "delta": 9.667264}}
{"target": -31.10905905075669, "params": {"C": 9.573970955127466, "epsilon": 5.3418222363181656, "gamma": 1.3625999938780906, "lamda": 0.18638377216005472}, "datetime": {"datetime": "2021-06-17 11:13:27", "elapsed": 2151.259079, "delta": 9.932353}}
{"target": -16.328649084638844, "params": {"C": 2.4451718621623995, "epsilon": 2.679986257872673, "gamma": 1.4618825983381365, "lamda": 0.22807294187386548}, "datetime": {"datetime": "2021-06-17 11:13:36", "elapsed": 2160.635755, "delta": 9.376676}}
{"target": -16.94568581825981, "params": {"C": 5.414747349448499, "epsilon": 6.272497113928208, "gamma": 1.0154089403643698, "lamda": 0.07899288724925572}, "datetime": {"datetime": "2021-06-17 11:13:48", "elapsed": 2172.711269, "delta": 12.075514}}
{"target": -14.891119260064977, "params": {"C": 3.5805341117310143, "epsilon": 9.429383268554988, "gamma": 1.0323548926768056, "lamda": 0.34187226030906886}, "datetime": {"datetime": "2021-06-17 11:13:57", "elapsed": 2182.113013, "delta": 9.401744}}
{"target": -10.65264388040681, "params": {"C": 1.7182012856146098, "epsilon": 1.2760111663152092, "gamma": 0.28973662043010956, "lamda": 0.24722278788972193}, "datetime": {"datetime": "2021-06-17 11:14:12", "elapsed": 2197.064083, "delta": 14.95107}}
{"target": -32.10825035748894, "params": {"C": 7.517848970366195, "epsilon": 9.216903599155202, "gamma": 1.430173185014846, "lamda": 0.07183477903391523}, "datetime": {"datetime": "2021-06-17 11:14:26", "elapsed": 2210.665348, "delta": 13.601265}}
{"target": -16.729780075333704, "params": {"C": 2.9483176656381436, "epsilon": 0.24326308284367393, "gamma": 1.2046936487626263, "lamda": 0.4488662664841832}, "datetime": {"datetime": "2021-06-17 11:14:37", "elapsed": 2221.598777, "delta": 10.933429}}
{"target": -29.242505935954675, "params": {"C": 9.214100240141443, "epsilon": 9.103714562281064, "gamma": 1.5969615481639021, "lamda": 0.21633151662005565}, "datetime": {"datetime": "2021-06-17 11:14:48", "elapsed": 2232.380648, "delta": 10.781871}}
{"target": -10.080908351786503, "params": {"C": 0.2821130524783398, "epsilon": 5.386035672949068, "gamma": 0.3361437508606003, "lamda": 0.24794727931866625}, "datetime": {"datetime": "2021-06-17 11:14:55", "elapsed": 2239.520173, "delta": 7.139525}}
{"target": -27.299608503488066, "params": {"C": 7.965099141651285, "epsilon": 8.64580772309514, "gamma": 1.5338537673435806, "lamda": 0.20094267438377297}, "datetime": {"datetime": "2021-06-17 11:15:04", "elapsed": 2248.921485, "delta": 9.401312}}
{"target": -9.382203350129945, "params": {"C": 2.0176638586080022, "epsilon": 8.74477062058717, "gamma": 0.04385445622781765, "lamda": 0.3478167634598018}, "datetime": {"datetime": "2021-06-17 11:15:15", "elapsed": 2259.45543, "delta": 10.533945}}
{"target": -14.571421996994799, "params": {"C": 3.9141947993937296, "epsilon": 4.144692353239791, "gamma": 0.8667777870241652, "lamda": 0.16514107934461975}, "datetime": {"datetime": "2021-06-17 11:15:26", "elapsed": 2270.571996, "delta": 11.116566}}
{"target": -13.835779759787462, "params": {"C": 2.1244873304254277, "epsilon": 2.641680675655037, "gamma": 0.9720272334773624, "lamda": 0.05251926089691644}, "datetime": {"datetime": "2021-06-17 11:15:35", "elapsed": 2279.7178, "delta": 9.145804}}
{"target": -32.956917504250264, "params": {"C": 7.703327813545869, "epsilon": 8.763092167282656, "gamma": 1.5173821443364028, "lamda": 0.2923569033084888}, "datetime": {"datetime": "2021-06-17 11:15:44", "elapsed": 2288.734171, "delta": 9.016371}}
{"target": -16.266180177690416, "params": {"C": 2.904553688976336, "epsilon": 0.25898033225918976, "gamma": 1.226215398774057, "lamda": 0.4654680220328479}, "datetime": {"datetime": "2021-06-17 11:15:54", "elapsed": 2298.463712, "delta": 9.729541}}
{"target": -18.79336797950292, "params": {"C": 3.618658205515227, "epsilon": 5.088575795668864, "gamma": 1.4478734942615812, "lamda": 0.27898247382670593}, "datetime": {"datetime": "2021-06-17 11:16:04", "elapsed": 2308.864391, "delta": 10.400679}}
{"target": -22.96010728927777, "params": {"C": 5.678711562751655, "epsilon": 0.2839952446612743, "gamma": 1.6612358426811098, "lamda": 0.20865349518121074}, "datetime": {"datetime": "2021-06-17 11:16:17", "elapsed": 2321.998844, "delta": 13.134453}}
{"target": -10.457957052771004, "params": {"C": 1.7107307529051279, "epsilon": 8.793800702517272, "gamma": 0.20855352155146362, "lamda": 0.18409821332626689}, "datetime": {"datetime": "2021-06-17 11:16:27", "elapsed": 2331.856051, "delta": 9.857207}}
{"target": -26.17995231119857, "params": {"C": 5.461998807374825, "epsilon": 9.017174147229932, "gamma": 1.951426790108844, "lamda": 0.38389580253902417}, "datetime": {"datetime": "2021-06-17 11:16:37", "elapsed": 2341.352348, "delta": 9.496297}}
{"target": -25.05096375175933, "params": {"C": 6.525952377131363, "epsilon": 2.2820218530553062, "gamma": 1.5033666960072405, "lamda": 0.04143964592228532}, "datetime": {"datetime": "2021-06-17 11:16:46", "elapsed": 2350.571043, "delta": 9.218695}}
{"target": -19.05005060352965, "params": {"C": 2.49992374863486, "epsilon": 2.0542652605046365, "gamma": 1.6602738317979966, "lamda": 0.3859317245423039}, "datetime": {"datetime": "2021-06-17 11:16:57", "elapsed": 2361.659021, "delta": 11.087978}}
{"target": -29.01916890218903, "params": {"C": 9.213357342278133, "epsilon": 9.286057319769142, "gamma": 1.6273479591571853, "lamda": 0.38854730837060464}, "datetime": {"datetime": "2021-06-17 11:17:08", "elapsed": 2372.31596, "delta": 10.656939}}
{"target": -17.074236516170348, "params": {"C": 8.559026892490797, "epsilon": 1.3627720104483056, "gamma": 0.7266169828703279, "lamda": 0.07688234266238196}, "datetime": {"datetime": "2021-06-17 11:17:18", "elapsed": 2382.431401, "delta": 10.115441}}
{"target": -13.928639120006602, "params": {"C": 2.7109309906058425, "epsilon": 8.9015556409274, "gamma": 0.9075604845472863, "lamda": 0.455981799776224}, "datetime": {"datetime": "2021-06-17 11:17:27", "elapsed": 2391.518661, "delta": 9.08726}}
{"target": -23.725237798767097, "params": {"C": 6.5301566192856955, "epsilon": 2.309179829946147, "gamma": 1.491258230230081, "lamda": 0.08445221443934431}, "datetime": {"datetime": "2021-06-17 11:17:36", "elapsed": 2400.191314, "delta": 8.672653}}
{"target": -29.679920845229624, "params": {"C": 9.628941092768226, "epsilon": 5.352183804965353, "gamma": 1.3338903903074097, "lamda": 0.19546327612708136}, "datetime": {"datetime": "2021-06-17 11:17:43", "elapsed": 2407.891112, "delta": 7.699798}}
{"target": -14.517678100598175, "params": {"C": 3.978386599291245, "epsilon": 5.377862900652049, "gamma": 0.8565760801290238, "lamda": 0.3738663116924834}, "datetime": {"datetime": "2021-06-17 11:17:54", "elapsed": 2419.110807, "delta": 11.219695}}
{"target": -23.312258983484043, "params": {"C": 5.635102335532563, "epsilon": 0.2234831486481167, "gamma": 1.6154536192900757, "lamda": 0.13136474905794626}, "datetime": {"datetime": "2021-06-17 11:18:04", "elapsed": 2428.542325, "delta": 9.431518}}
{"target": -10.533273163377864, "params": {"C": 2.7661087544932683, "epsilon": 1.6099868302051497, "gamma": 0.19247955633376795, "lamda": 0.43673678323495435}, "datetime": {"datetime": "2021-06-17 11:18:15", "elapsed": 2439.365807, "delta": 10.823482}}
{"target": -22.98943625980041, "params": {"C": 5.590525037055042, "epsilon": 0.2155771967900201, "gamma": 1.6778331783014926, "lamda": 0.12717936514282432}, "datetime": {"datetime": "2021-06-17 11:18:25", "elapsed": 2449.803474, "delta": 10.437667}}
{"target": -14.935138285401353, "params": {"C": 1.030828090037319, "epsilon": 4.475454971842043, "gamma": 1.8512478544497677, "lamda": 0.09309996223594583}, "datetime": {"datetime": "2021-06-17 11:18:38", "elapsed": 2462.235329, "delta": 12.431855}}
{"target": -13.36451118881517, "params": {"C": 1.5857591449659283, "epsilon": 4.819718575801956, "gamma": 1.0306589959833854, "lamda": 0.0595732805443975}, "datetime": {"datetime": "2021-06-17 11:18:47", "elapsed": 2471.274545, "delta": 9.039216}}
{"target": -38.84732811620321, "params": {"C": 9.569175498165315, "epsilon": 5.368091545482157, "gamma": 1.4146031677877757, "lamda": 0.12822819039562872}, "datetime": {"datetime": "2021-06-17 11:18:57", "elapsed": 2481.417576, "delta": 10.143031}}
{"target": -10.635544961313272, "params": {"C": 1.7207306988135427, "epsilon": 1.2749997390826175, "gamma": 0.28880318728943133, "lamda": 0.24774399400809366}, "datetime": {"datetime": "2021-06-17 11:19:06", "elapsed": 2490.86235, "delta": 9.444774}}
{"target": -32.68031821475731, "params": {"C": 4.170278344825269, "epsilon": 7.203272901972237, "gamma": 0.001243736735967132, "lamda": 3.023395493061135}, "datetime": {"datetime": "2021-06-16 14:22:42", "elapsed": 0.0, "delta": 0.0}}
{"target": -97.19612033542775, "params": {"C": 1.4676442325820487, "epsilon": 0.9234767138285012, "gamma": 1.8626834877555714, "lamda": 3.4556727143577732}, "datetime": {"datetime": "2021-06-16 14:22:53", "elapsed": 10.719398, "delta": 10.719398}}
{"target": -104.7150805327762, "params": {"C": 3.9677350655592765, "epsilon": 5.388213458360169, "gamma": 4.192003224581508, "lamda": 6.852226482017556}, "datetime": {"datetime": "2021-06-16 14:23:03", "elapsed": 20.802786, "delta": 10.083388}}
{"target": -100.94717120204693, "params": {"C": 2.0446020520902013, "epsilon": 8.781186552165815, "gamma": 0.27397319321994185, "lamda": 6.704708055033004}, "datetime": {"datetime": "2021-06-16 14:23:12", "elapsed": 30.487317, "delta": 9.684531}}
{"target": -98.97084477410249, "params": {"C": 4.173106293191033, "epsilon": 5.586942415474672, "gamma": 1.4039553472584783, "lamda": 1.9810950806998795}, "datetime": {"datetime": "2021-06-16 14:23:18", "elapsed": 36.275504, "delta": 5.788187}}
{"target": -101.59879944156285, "params": {"C": 8.0074656122985, "epsilon": 9.682618931036403, "gamma": 3.134310439174613, "lamda": 6.923256924431573}, "datetime": {"datetime": "2021-06-16 14:23:28", "elapsed": 45.844823, "delta": 9.569319}}
{"target": -99.36132385896657, "params": {"C": 8.763903884045153, "epsilon": 8.946077174372123, "gamma": 0.8505336092766421, "lamda": 0.3906439268505003}, "datetime": {"datetime": "2021-06-16 14:23:37", "elapsed": 54.956609, "delta": 9.111786}}
{"target": -98.75678149911731, "params": {"C": 1.6983872126037325, "epsilon": 8.781437220043788, "gamma": 0.9835585036471176, "lamda": 4.211134139288021}, "datetime": {"datetime": "2021-06-16 14:23:46", "elapsed": 64.08991, "delta": 9.133301}}
{"target": -121.4002834696396, "params": {"C": 9.578899512552004, "epsilon": 5.3316995332016734, "gamma": 6.918801951793339, "lamda": 3.1552247584975293}, "datetime": {"datetime": "2021-06-16 14:23:55", "elapsed": 72.934742, "delta": 8.844832}}
{"target": -128.4456313095045, "params": {"C": 6.865040626723069, "epsilon": 8.346273256406539, "gamma": 0.18298094461418363, "lamda": 7.50146813501818}, "datetime": {"datetime": "2021-06-16 14:24:04", "elapsed": 81.785442, "delta": 8.8507}}
{"target": -100.51820690538966, "params": {"C": 9.888612002956057, "epsilon": 7.481681727232956, "gamma": 2.8045118762448458, "lamda": 7.89281435658204}, "datetime": {"datetime": "2021-06-16 14:24:13", "elapsed": 90.699322, "delta": 8.91388}}
{"target": -109.6440007708707, "params": {"C": 1.0323497431757624, "epsilon": 4.4789904724064336, "gamma": 9.085964171380645, "lamda": 2.9362121223219577}, "datetime": {"datetime": "2021-06-16 14:24:26", "elapsed": 103.689912, "delta": 12.99059}}
{"target": -107.79517224272254, "params": {"C": 2.877824608329629, "epsilon": 1.300372718325565, "gamma": 0.19376764200718372, "lamda": 6.788387445845616}, "datetime": {"datetime": "2021-06-16 14:24:35", "elapsed": 112.623581, "delta": 8.933669}}
{"target": -30.87793089538355, "params": {"C": 2.1163599971889906, "epsilon": 2.655540039056325, "gamma": 4.915782435487455, "lamda": 0.5337201149162921}, "datetime": {"datetime": "2021-06-16 14:24:35", "elapsed": 113.071663, "delta": 0.448082}}
{"target": -22.23185009031527, "params": {"C": 5.7412186431595815, "epsilon": 1.467371076200611, "gamma": 5.893096438479152, "lamda": 6.99761362437331}, "datetime": {"datetime": "2021-06-16 14:24:35", "elapsed": 113.456592, "delta": 0.384929}}
{"target": -102.8610527372189, "params": {"C": 1.0234340548353755, "epsilon": 4.140618472596901, "gamma": 6.9440321372616785, "lamda": 4.141851277342074}, "datetime": {"datetime": "2021-06-16 14:24:49", "elapsed": 127.149409, "delta": 13.692817}}
{"target": -104.65878442240391, "params": {"C": 0.499629594114977, "epsilon": 5.359010469514524, "gamma": 6.637980072733366, "lamda": 5.14893963167188}, "datetime": {"datetime": "2021-06-16 14:25:03", "elapsed": 141.499514, "delta": 14.350105}}
{"target": -19.020317173100366, "params": {"C": 9.445953100432535, "epsilon": 5.865591749515879, "gamma": 9.034028812687307, "lamda": 1.3748332939919607}, "datetime": {"datetime": "2021-06-16 14:25:04", "elapsed": 141.898835, "delta": 0.399321}}
{"target": -103.33591149768884, "params": {"C": 1.3928495448728604, "epsilon": 8.073932147966367, "gamma": 3.9768286021716377, "lamda": 1.653625435749616}, "datetime": {"datetime": "2021-06-16 14:25:13", "elapsed": 151.3286, "delta": 9.429765}}
{"target": -118.32705379506618, "params": {"C": 9.2750930531023, "epsilon": 3.4777238208690915, "gamma": 7.508145950151242, "lamda": 7.26000725370598}, "datetime": {"datetime": "2021-06-16 14:25:22", "elapsed": 160.415807, "delta": 9.087207}}
{"target": -2080.3246288420414, "params": {"C": 8.833072581448977, "epsilon": 6.236759703335383, "gamma": 7.509449246029969, "lamda": 3.489048529944228}, "datetime": {"datetime": "2021-06-16 14:25:31", "elapsed": 169.379797, "delta": 8.96399}}
{"target": -125.94474146173873, "params": {"C": 2.6993519248610847, "epsilon": 8.95887259333885, "gamma": 4.280969089593961, "lamda": 9.64840398747914}, "datetime": {"datetime": "2021-06-16 14:25:40", "elapsed": 178.413152, "delta": 9.033355}}
{"target": -97.52480084365627, "params": {"C": 6.634448634034698, "epsilon": 6.216995032519197, "gamma": 1.1475482549364566, "lamda": 9.494897638144842}, "datetime": {"datetime": "2021-06-16 14:25:49", "elapsed": 187.279237, "delta": 8.866085}}
{"target": -99.49870978423027, "params": {"C": 4.499176343586057, "epsilon": 5.783938304909879, "gamma": 4.081427213932535, "lamda": 2.370346099732253}, "datetime": {"datetime": "2021-06-16 14:25:58", "elapsed": 196.105344, "delta": 8.826107}}
{"target": -270.28668734957864, "params": {"C": 9.033804867670481, "epsilon": 5.736837498774191, "gamma": 0.028802983278886585, "lamda": 6.171487421715876}, "datetime": {"datetime": "2021-06-16 14:26:06", "elapsed": 204.544721, "delta": 8.439377}}
{"target": -116.54157574126975, "params": {"C": 3.266516353230785, "epsilon": 5.270628316765867, "gamma": 8.859432398897814, "lamda": 3.572761873048998}, "datetime": {"datetime": "2021-06-16 14:26:15", "elapsed": 213.435989, "delta": 8.891268}}
{"target": -136.58232454158735, "params": {"C": 9.0853606556829, "epsilon": 6.233638821906448, "gamma": 0.15831084634127818, "lamda": 9.29437939371424}, "datetime": {"datetime": "2021-06-16 14:26:21", "elapsed": 219.296213, "delta": 5.860224}}
{"target": -98.9662171143124, "params": {"C": 6.909000085477488, "epsilon": 9.97322877222976, "gamma": 1.723487849402451, "lamda": 1.3714437827138146}, "datetime": {"datetime": "2021-06-16 14:26:30", "elapsed": 227.706884, "delta": 8.410671}}
{"target": -98.28296022646376, "params": {"C": 9.325961370825333, "epsilon": 6.968211933082853, "gamma": 0.6600951272033527, "lamda": 7.554654979719404}, "datetime": {"datetime": "2021-06-16 14:26:39", "elapsed": 236.726242, "delta": 9.019358}}
{"target": -20.205668687491602, "params": {"C": 7.538786496993618, "epsilon": 9.230253053011278, "gamma": 7.115276433808854, "lamda": 1.2427971926254497}, "datetime": {"datetime": "2021-06-16 14:26:39", "elapsed": 237.15869, "delta": 0.432448}}
{"target": -11.682496041962724, "params": {"C": 0.1988993503845719, "epsilon": 0.262207247678505, "gamma": 0.283162049559144, "lamda": 2.462186054923699}, "datetime": {"datetime": "2021-06-16 14:26:40", "elapsed": 237.719416, "delta": 0.560726}}
{"target": -100.31999233795136, "params": {"C": 8.600293484034012, "epsilon": 5.388356760310094, "gamma": 5.5282645046597905, "lamda": 8.420324720506821}, "datetime": {"datetime": "2021-06-16 14:26:48", "elapsed": 246.505352, "delta": 8.785936}}
{"target": -117.41945136331509, "params": {"C": 1.2418207338675995, "epsilon": 2.791908871743494, "gamma": 5.857634138655733, "lamda": 9.695960523621913}, "datetime": {"datetime": "2021-06-16 14:27:02", "elapsed": 259.976946, "delta": 13.471594}}
{"target": -148.61699106440622, "params": {"C": 5.610346089535174, "epsilon": 0.1865710290004929, "gamma": 8.006346663538896, "lamda": 2.3298194409828206}, "datetime": {"datetime": "2021-06-16 14:27:11", "elapsed": 268.857455, "delta": 8.880509}}
{"target": -106.03741136891361, "params": {"C": 8.071071245668229, "epsilon": 3.8786676545773116, "gamma": 8.63543219140883, "lamda": 7.471241715207572}, "datetime": {"datetime": "2021-06-16 14:27:20", "elapsed": 277.690571, "delta": 8.833116}}
{"target": -98.99886714294203, "params": {"C": 5.56244671588079, "epsilon": 1.364638611084284, "gamma": 0.5992709033531654, "lamda": 1.2135224230617994}, "datetime": {"datetime": "2021-06-16 14:27:28", "elapsed": 286.41914, "delta": 8.728569}}
