{"target": -9.111240574360014, "params": {"C": 0.04326375621611781, "epsilon": 7.541335523360845, "gamma": 0.469824454473434, "lamda": 0.6603398929007942}, "datetime": {"datetime": "2021-06-21 11:54:20", "elapsed": 605.147421, "delta": 1.470601}}
{"target": -9.429208431985986, "params": {"C": 0.08372264035210812, "epsilon": 7.699631086399934, "gamma": 0.6847830255984142, "lamda": 0.2883024053487789}, "datetime": {"datetime": "2021-06-21 11:54:21", "elapsed": 606.662765, "delta": 1.515344}}
{"target": -9.566162250971297, "params": {"C": 0.07874397232181708, "epsilon": 5.814510939214115, "gamma": 0.5907987999487276, "lamda": 0.12678635927858603}, "datetime": {"datetime": "2021-06-21 11:54:23", "elapsed": 608.164358, "delta": 1.501593}}
{"target": -9.231024424118193, "params": {"C": 0.08748350027277352, "epsilon": 6.643768785587401, "gamma": 0.35182056731696876, "lamda": 0.6040668337684775}, "datetime": {"datetime": "2021-06-21 11:54:24", "elapsed": 609.623915, "delta": 1.459557}}
{"target": -9.222810898210664, "params": {"C": 0.060026509765657564, "epsilon": 9.207417960880278, "gamma": 0.37222992914596964, "lamda": 0.08538150078898551}, "datetime": {"datetime": "2021-06-21 11:54:25", "elapsed": 611.136136, "delta": 1.512221}}
{"target": -9.1299106640601, "params": {"C": 0.03293022516108712, "epsilon": 7.455951787208844, "gamma": 0.5000076808128882, "lamda": 0.6035742167423153}, "datetime": {"datetime": "2021-06-21 11:54:28", "elapsed": 613.757095, "delta": 2.620959}}
{"target": -9.102408866461733, "params": {"C": 0.048809520865454536, "epsilon": 7.906097398757057, "gamma": 0.3307064248831675, "lamda": 0.1034730224507178}, "datetime": {"datetime": "2021-06-21 11:54:30", "elapsed": 615.191676, "delta": 1.434581}}
{"target": -9.24702015801305, "params": {"C": 0.09009251580466436, "epsilon": 8.161644934725341, "gamma": 0.2671947412055698, "lamda": 0.644666900063136}, "datetime": {"datetime": "2021-06-21 11:54:31", "elapsed": 616.771876, "delta": 1.5802}}
{"target": -9.231084604087863, "params": {"C": 0.058405678046660206, "epsilon": 7.926069494957352, "gamma": 0.3589139640198241, "lamda": 0.19918163700756358}, "datetime": {"datetime": "2021-06-21 11:54:35", "elapsed": 620.286304, "delta": 3.514428}}
{"target": -10.456430569458357, "params": {"C": 0.0052882929192677565, "epsilon": 6.459698395637272, "gamma": 0.31997116769366174, "lamda": 0.4105503447784084}, "datetime": {"datetime": "2021-06-21 11:54:38", "elapsed": 623.805489, "delta": 3.519185}}
{"target": -9.289387160437219, "params": {"C": 0.0472925690607641, "epsilon": 7.642388818693534, "gamma": 0.6754573506253709, "lamda": 0.07285683763357591}, "datetime": {"datetime": "2021-06-21 11:54:40", "elapsed": 625.278521, "delta": 1.473032}}
{"target": -9.206996698831702, "params": {"C": 0.04354567334402602, "epsilon": 6.5930246956700564, "gamma": 0.421769728275313, "lamda": 0.44136259677798856}, "datetime": {"datetime": "2021-06-21 11:54:42", "elapsed": 627.676107, "delta": 2.397586}}
{"target": -8.9791317509086, "params": {"C": 0.024658285931084135, "epsilon": 7.864169904166037, "gamma": 0.4097101132750971, "lamda": 0.15318390086596634}, "datetime": {"datetime": "2021-06-21 11:54:45", "elapsed": 630.44753, "delta": 2.771423}}
{"target": -9.006150752312596, "params": {"C": 0.04088816769675841, "epsilon": 7.814200807199256, "gamma": 0.3310935599790188, "lamda": 0.11572024812403002}, "datetime": {"datetime": "2021-06-21 11:54:49", "elapsed": 634.319689, "delta": 3.872159}}
{"target": -9.382544220838756, "params": {"C": 0.1, "epsilon": 7.859907809886331, "gamma": 0.3978789806704024, "lamda": 0.10956102963655331}, "datetime": {"datetime": "2021-06-21 11:54:52", "elapsed": 637.314576, "delta": 2.994887}}
{"target": -9.167638592157733, "params": {"C": 0.03578336749135197, "epsilon": 7.840969828733121, "gamma": 0.2822525522394753, "lamda": 0.1863990837317218}, "datetime": {"datetime": "2021-06-21 11:54:55", "elapsed": 640.379775, "delta": 3.065199}}
{"target": -9.308437608971824, "params": {"C": 0.09004980190775487, "epsilon": 6.610599223917444, "gamma": 0.3993571981160827, "lamda": 0.21756614432793503}, "datetime": {"datetime": "2021-06-21 11:54:56", "elapsed": 641.97938, "delta": 1.599605}}
{"target": -9.637108970963114, "params": {"C": 0.010239209535459676, "epsilon": 8.616255800222003, "gamma": 0.352786212369818, "lamda": 0.5882793891360488}, "datetime": {"datetime": "2021-06-21 11:54:58", "elapsed": 643.587948, "delta": 1.608568}}
{"target": -9.927016287781598, "params": {"C": 0.030216430239845743, "epsilon": 8.729363703045369, "gamma": 0.1552726828381905, "lamda": 0.1408936878249691}, "datetime": {"datetime": "2021-06-21 11:54:59", "elapsed": 645.081389, "delta": 1.493441}}
{"target": -9.278032654862738, "params": {"C": 0.09473547096354822, "epsilon": 6.536718781494857, "gamma": 0.37422731046922686, "lamda": 0.48545919915351304}, "datetime": {"datetime": "2021-06-21 11:55:02", "elapsed": 648.145024, "delta": 3.063635}}
{"target": -9.216481617218994, "params": {"C": 0.06529842411039587, "epsilon": 7.807383987358417, "gamma": 0.3719053762461135, "lamda": 0.2053444148878835}, "datetime": {"datetime": "2021-06-21 11:55:05", "elapsed": 651.07553, "delta": 2.930506}}
{"target": -9.105358762792545, "params": {"C": 0.05388854056609062, "epsilon": 7.891770804050663, "gamma": 0.46355767734720943, "lamda": 0.2280365462758198}, "datetime": {"datetime": "2021-06-21 11:55:09", "elapsed": 654.569841, "delta": 3.494311}}
{"target": -9.293770199392076, "params": {"C": 0.1, "epsilon": 7.847386254330788, "gamma": 0.2590402692234761, "lamda": 0.10322361347625429}, "datetime": {"datetime": "2021-06-21 11:55:12", "elapsed": 658.079558, "delta": 3.509717}}
{"target": -9.061449589469612, "params": {"C": 0.03286056402672973, "epsilon": 7.956561628014514, "gamma": 0.3979299603465506, "lamda": 0.3149513139171849}, "datetime": {"datetime": "2021-06-21 11:55:16", "elapsed": 661.438291, "delta": 3.358733}}
{"target": -10.482279507212363, "params": {"C": 0.002599478603914078, "epsilon": 7.886841775497515, "gamma": 0.5120991321709278, "lamda": 0.1644203227497597}, "datetime": {"datetime": "2021-06-21 11:55:19", "elapsed": 665.119074, "delta": 3.680783}}
{"target": -10.774229476179087, "params": {"C": 0.00968934634774626, "epsilon": 6.357445877667219, "gamma": 0.15353845571836006, "lamda": 0.4293679532639847}, "datetime": {"datetime": "2021-06-21 11:55:21", "elapsed": 666.706562, "delta": 1.587488}}
{"target": -9.112566070929248, "params": {"C": 0.04368269506945476, "epsilon": 9.590323138693597, "gamma": 0.5388941102841305, "lamda": 0.0793200386745515}, "datetime": {"datetime": "2021-06-21 11:55:23", "elapsed": 668.339347, "delta": 1.632785}}
{"target": -9.054647983377887, "params": {"C": 0.047521395091485674, "epsilon": 9.582132002859606, "gamma": 0.4832166251474811, "lamda": 0.15477549061332946}, "datetime": {"datetime": "2021-06-21 11:55:27", "elapsed": 672.166391, "delta": 3.827044}}
{"target": -9.026175930579662, "params": {"C": 0.031673556747506534, "epsilon": 9.032361387344373, "gamma": 0.3317834633642889, "lamda": 0.2679944854031261}, "datetime": {"datetime": "2021-06-21 11:55:28", "elapsed": 673.869754, "delta": 1.703363}}
{"target": -10.476940217681758, "params": {"C": 0.0021120866181120667, "epsilon": 8.59006174231783, "gamma": 0.6776919380497769, "lamda": 0.38727907769440634}, "datetime": {"datetime": "2021-06-21 11:55:30", "elapsed": 675.406545, "delta": 1.536791}}
{"target": -9.659182661993498, "params": {"C": 0.0045871441174230344, "epsilon": 8.64152723644904, "gamma": 0.6761790004230437, "lamda": 0.3496493002401016}, "datetime": {"datetime": "2021-06-21 11:55:33", "elapsed": 678.552516, "delta": 3.145971}}
{"target": -9.177810145068767, "params": {"C": 0.0382452715050156, "epsilon": 8.593490418658916, "gamma": 0.6819260285846389, "lamda": 0.3844320174285966}, "datetime": {"datetime": "2021-06-21 11:55:35", "elapsed": 680.849308, "delta": 2.296792}}
{"target": -9.258830688818252, "params": {"C": 0.06417476021505586, "epsilon": 7.85689805373703, "gamma": 0.3587682771582913, "lamda": 0.1643291680862942}, "datetime": {"datetime": "2021-06-21 11:55:39", "elapsed": 684.406504, "delta": 3.557196}}
{"target": -9.054499428375106, "params": {"C": 0.024093743538384522, "epsilon": 8.630206434548061, "gamma": 0.7144624262436479, "lamda": 0.37323445834890134}, "datetime": {"datetime": "2021-06-21 11:55:41", "elapsed": 687.062687, "delta": 2.656183}}
{"target": -9.090513909519274, "params": {"C": 0.05329735280222088, "epsilon": 9.72073201400835, "gamma": 0.32283876030576775, "lamda": 0.19167827550809416}, "datetime": {"datetime": "2021-06-21 11:55:44", "elapsed": 689.870697, "delta": 2.80801}}
{"target": -9.062070768085654, "params": {"C": 0.020429286724582985, "epsilon": 8.632000944403526, "gamma": 0.7258823303130111, "lamda": 0.3676764319826855}, "datetime": {"datetime": "2021-06-21 11:55:46", "elapsed": 691.67882, "delta": 1.808123}}
{"target": -9.168524355137574, "params": {"C": 0.039212648026101936, "epsilon": 6.190602093221448, "gamma": 0.38806034285138913, "lamda": 0.14508104580430445}, "datetime": {"datetime": "2021-06-21 11:55:49", "elapsed": 694.70673, "delta": 3.02791}}
{"target": -9.2693112266065, "params": {"C": 0.08804341897362726, "epsilon": 8.526042461204757, "gamma": 0.28559145896223503, "lamda": 0.2766947200861866}, "datetime": {"datetime": "2021-06-21 11:55:52", "elapsed": 697.479685, "delta": 2.772955}}
{"target": -9.247545764299456, "params": {"C": 0.01919473010521638, "epsilon": 8.53737114540996, "gamma": 0.3341963771061288, "lamda": 0.274169842982125}, "datetime": {"datetime": "2021-06-21 11:55:55", "elapsed": 700.417201, "delta": 2.937516}}
{"target": -9.314107913103388, "params": {"C": 0.1, "epsilon": 6.6247850699040605, "gamma": 0.25681757573193825, "lamda": 0.44942178324498244}, "datetime": {"datetime": "2021-06-21 11:55:59", "elapsed": 704.681797, "delta": 4.264596}}
{"target": -9.288377305421799, "params": {"C": 0.0633354213368814, "epsilon": 6.557689214138505, "gamma": 0.3659934949396844, "lamda": 0.422110093072675}, "datetime": {"datetime": "2021-06-21 11:56:02", "elapsed": 707.930611, "delta": 3.248814}}
{"target": -10.053765333987485, "params": {"C": 0.009550167964561956, "epsilon": 8.539601216862957, "gamma": 0.2628271092338853, "lamda": 0.2889933346195188}, "datetime": {"datetime": "2021-06-21 11:56:05", "elapsed": 711.028088, "delta": 3.097477}}
{"target": -9.080294547556047, "params": {"C": 0.04878572118121164, "epsilon": 7.472183756040981, "gamma": 0.4543194590763216, "lamda": 0.503041430577841}, "datetime": {"datetime": "2021-06-21 11:56:09", "elapsed": 714.78085, "delta": 3.752762}}
{"target": -9.090872730617122, "params": {"C": 0.05473683411001255, "epsilon": 7.522908642824321, "gamma": 0.4299849856090564, "lamda": 0.5259742970155078}, "datetime": {"datetime": "2021-06-21 11:56:11", "elapsed": 716.415812, "delta": 1.634962}}
{"target": -9.00792901583158, "params": {"C": 0.027767913589504086, "epsilon": 7.921108866130709, "gamma": 0.411282927023632, "lamda": 0.2579918442261425}, "datetime": {"datetime": "2021-06-21 11:56:14", "elapsed": 720.035936, "delta": 3.620124}}
{"target": -9.432404521298288, "params": {"C": 0.09347930660530201, "epsilon": 4.514966929742523, "gamma": 0.729896247854256, "lamda": 0.2603973533843288}, "datetime": {"datetime": "2021-06-21 11:56:16", "elapsed": 721.747656, "delta": 1.71172}}
{"target": -9.212003961428884, "params": {"C": 0.04535242344610176, "epsilon": 8.84905379041713, "gamma": 0.647275669795766, "lamda": 0.2576222922664049}, "datetime": {"datetime": "2021-06-21 11:56:18", "elapsed": 723.342897, "delta": 1.595241}}
{"target": -9.128108510650335, "params": {"C": 0.03819503316493955, "epsilon": 7.917039471522248, "gamma": 0.3901779601164853, "lamda": 0.1349519985764308}, "datetime": {"datetime": "2021-06-21 11:56:21", "elapsed": 726.226716, "delta": 2.883819}}
{"target": -9.168782596442954, "params": {"C": 0.04483017167747278, "epsilon": 7.889541854864003, "gamma": 0.4221870086997569, "lamda": 0.19663613701632085}, "datetime": {"datetime": "2021-06-21 11:56:24", "elapsed": 729.582587, "delta": 3.355871}}
{"target": -9.155764911793149, "params": {"C": 0.04663285648915362, "epsilon": 7.90036311796611, "gamma": 0.3727124285826907, "lamda": 0.2827118401002698}, "datetime": {"datetime": "2021-06-21 11:56:28", "elapsed": 733.209165, "delta": 3.626578}}
{"target": -10.025524896757139, "params": {"C": 0.004288085031641849, "epsilon": 7.43217372189832, "gamma": 0.4884728336293438, "lamda": 0.5090062190623729}, "datetime": {"datetime": "2021-06-21 11:56:31", "elapsed": 736.948627, "delta": 3.739462}}
{"target": -9.12316794827045, "params": {"C": 0.0578621140381236, "epsilon": 7.957187042454396, "gamma": 0.44433618563522514, "lamda": 0.28231310862900083}, "datetime": {"datetime": "2021-06-21 11:56:35", "elapsed": 740.665627, "delta": 3.717}}
{"target": -10.432766222441362, "params": {"C": 0.004007612520025649, "epsilon": 7.86235143345835, "gamma": 0.35185274771100933, "lamda": 0.1286044562770122}, "datetime": {"datetime": "2021-06-21 11:56:38", "elapsed": 743.169119, "delta": 2.503492}}
{"target": -9.261832044122277, "params": {"C": 0.06983460398718594, "epsilon": 4.670688196300196, "gamma": 0.2869979297915083, "lamda": 0.4110509571590838}, "datetime": {"datetime": "2021-06-21 11:56:39", "elapsed": 744.854674, "delta": 1.685555}}
{"target": -9.367154022619825, "params": {"C": 0.06341844837359338, "epsilon": 5.188841216006306, "gamma": 0.5698286681082545, "lamda": 0.17844653790428977}, "datetime": {"datetime": "2021-06-21 11:56:41", "elapsed": 746.551131, "delta": 1.696457}}
