{"target": -18.227817643469184, "params": {"C": 1.962377701753293, "epsilon": 5.814062684173516, "gamma": 1.9403128560421838, "lamda": 0.42372104337930716}, "datetime": {"datetime": "2021-06-17 10:48:26", "elapsed": 650.470691, "delta": 4.430977}}
{"target": -15.803690514597617, "params": {"C": 2.4621967616837783, "epsilon": 2.603016267719421, "gamma": 1.2909412338414308, "lamda": 0.1935995757019625}, "datetime": {"datetime": "2021-06-17 10:48:30", "elapsed": 654.366888, "delta": 3.896197}}
{"target": -19.101106344325697, "params": {"C": 1.9623893936789396, "epsilon": 5.814084148377774, "gamma": 1.940171545789393, "lamda": 0.42359451956546995}, "datetime": {"datetime": "2021-06-17 10:48:34", "elapsed": 658.541052, "delta": 4.174164}}
{"target": -14.712283396350411, "params": {"C": 3.5154354529216256, "epsilon": 9.383416101145936, "gamma": 1.0134297940925368, "lamda": 0.27146025995043266}, "datetime": {"datetime": "2021-06-17 10:48:38", "elapsed": 662.138565, "delta": 3.597513}}
{"target": -11.37576303340972, "params": {"C": 8.765282622914386, "epsilon": 8.946128562412037, "gamma": 0.1792497042945801, "lamda": 0.020541481463719893}, "datetime": {"datetime": "2021-06-17 10:48:42", "elapsed": 666.474541, "delta": 4.335976}}
{"target": -13.93143844944957, "params": {"C": 2.705931333486623, "epsilon": 8.954198670710262, "gamma": 0.864689732647452, "lamda": 0.4805476622403484}, "datetime": {"datetime": "2021-06-17 10:48:45", "elapsed": 669.694271, "delta": 3.21973}}
{"target": -30.234109340905825, "params": {"C": 7.959275926622292, "epsilon": 8.66196415192439, "gamma": 1.5071387123355406, "lamda": 0.22628013188027157}, "datetime": {"datetime": "2021-06-17 10:48:48", "elapsed": 672.27882, "delta": 2.584549}}
{"target": -29.33997097655595, "params": {"C": 9.220871018195835, "epsilon": 9.100276637165013, "gamma": 1.6108533771467544, "lamda": 0.268813347190564}, "datetime": {"datetime": "2021-06-17 10:48:51", "elapsed": 675.774966, "delta": 3.496146}}
{"target": -13.432603248301852, "params": {"C": 2.5785087997109954, "epsilon": 1.1096862964978087, "gamma": 0.3940495279447784, "lamda": 0.2503307097154623}, "datetime": {"datetime": "2021-06-17 10:48:55", "elapsed": 679.375004, "delta": 3.600038}}
{"target": -13.864140084393965, "params": {"C": 1.9935777762836782, "epsilon": 4.268868417123032, "gamma": 0.6944210583937394, "lamda": 0.39853388464574807}, "datetime": {"datetime": "2021-06-17 10:48:59", "elapsed": 683.325711, "delta": 3.950707}}
{"target": -16.799587513352858, "params": {"C": 4.314851779396513, "epsilon": 4.159380115724602, "gamma": 1.206599314974287, "lamda": 0.31095278740556237}, "datetime": {"datetime": "2021-06-17 10:49:02", "elapsed": 686.144741, "delta": 2.81903}}
{"target": -44.52924870857487, "params": {"C": 8.660596705398147, "epsilon": 9.18502071747837, "gamma": 1.7222343844377033, "lamda": 0.3474826958080817}, "datetime": {"datetime": "2021-06-17 10:49:05", "elapsed": 689.263333, "delta": 3.118592}}
{"target": -32.36178004292903, "params": {"C": 7.9679718972741655, "epsilon": 8.643104806067505, "gamma": 1.494928753096789, "lamda": 0.21471489644716646}, "datetime": {"datetime": "2021-06-17 10:49:08", "elapsed": 692.90071, "delta": 3.637377}}
{"target": -14.529234525258413, "params": {"C": 1.0481187419134212, "epsilon": 4.4465714195835275, "gamma": 1.7744268823122553, "lamda": 0.11453350417642248}, "datetime": {"datetime": "2021-06-17 10:49:12", "elapsed": 696.47974, "delta": 3.57903}}
{"target": -26.385918219290723, "params": {"C": 8.646175546994955, "epsilon": 3.227344660188655, "gamma": 1.344971225603438, "lamda": 0.22597586434498385}, "datetime": {"datetime": "2021-06-17 10:49:16", "elapsed": 700.491112, "delta": 4.011372}}
{"target": -14.85637521928291, "params": {"C": 2.553737853172432, "epsilon": 8.643876503777527, "gamma": 1.0256063841479002, "lamda": 0.4683774052363796}, "datetime": {"datetime": "2021-06-17 10:49:19", "elapsed": 703.972592, "delta": 3.48148}}
{"target": -11.372524993321958, "params": {"C": 8.765219856763876, "epsilon": 8.946226123615698, "gamma": 0.17909279442465575, "lamda": 0.020556944528383324}, "datetime": {"datetime": "2021-06-17 10:49:24", "elapsed": 708.583602, "delta": 4.61101}}
{"target": -13.408906315728295, "params": {"C": 2.610392962685606, "epsilon": 8.047744849902312, "gamma": 0.39501353888014423, "lamda": 0.3200776406948489}, "datetime": {"datetime": "2021-06-17 10:49:28", "elapsed": 712.217774, "delta": 3.634172}}
{"target": -15.125395573861175, "params": {"C": 3.8164267981130306, "epsilon": 7.498764963988203, "gamma": 1.0270416281090209, "lamda": 0.27087502350226345}, "datetime": {"datetime": "2021-06-17 10:49:31", "elapsed": 715.675888, "delta": 3.458114}}
{"target": -25.106326844368148, "params": {"C": 6.426521538275613, "epsilon": 2.166498239245422, "gamma": 1.5537008922759523, "lamda": 0.09955967670418163}, "datetime": {"datetime": "2021-06-17 10:49:34", "elapsed": 718.56123, "delta": 2.885342}}
{"target": -13.489383786149736, "params": {"C": 1.401385051541183, "epsilon": 8.074085545089911, "gamma": 0.8013992788269092, "lamda": 0.08333807036871572}, "datetime": {"datetime": "2021-06-17 10:49:38", "elapsed": 722.637679, "delta": 4.076449}}
{"target": -29.548467789179554, "params": {"C": 8.66758284545262, "epsilon": 9.498113784922321, "gamma": 1.6545566599516068, "lamda": 0.42728241603173167}, "datetime": {"datetime": "2021-06-17 10:49:42", "elapsed": 726.392685, "delta": 3.755006}}
{"target": -5084.894567900262, "params": {"C": 8.130362632882607, "epsilon": 8.723440731543773, "gamma": 1.5108680204616292, "lamda": 0.3664844970888473}, "datetime": {"datetime": "2021-06-17 10:49:57", "elapsed": 741.954785, "delta": 15.5621}}
{"target": -23.889098467184002, "params": {"C": 8.800638043671876, "epsilon": 9.096833471541029, "gamma": 1.3608328499024305, "lamda": 0.06788057890942764}, "datetime": {"datetime": "2021-06-17 10:50:01", "elapsed": 746.064517, "delta": 4.109732}}
{"target": -5703.372918415362, "params": {"C": 9.326762227233234, "epsilon": 9.165796816809625, "gamma": 1.4956056938686453, "lamda": 0.33294060283201554}, "datetime": {"datetime": "2021-06-17 10:50:16", "elapsed": 760.997548, "delta": 14.933031}}
{"target": -22.740597116717762, "params": {"C": 8.770033503160247, "epsilon": 9.038616394360378, "gamma": 1.2917063154233965, "lamda": 0.1067914211994613}, "datetime": {"datetime": "2021-06-17 10:50:21", "elapsed": 765.695899, "delta": 4.698351}}
{"target": -11.575522650054863, "params": {"C": 0.12857793859263947, "epsilon": 2.345083992999444, "gamma": 1.2498621711762568, "lamda": 0.4454109614595656}, "datetime": {"datetime": "2021-06-17 10:50:26", "elapsed": 770.322292, "delta": 4.626393}}
{"target": -30.2593318669903, "params": {"C": 6.234843053953164, "epsilon": 4.266101264614898, "gamma": 1.959938285251954, "lamda": 0.3434117052384913}, "datetime": {"datetime": "2021-06-17 10:50:31", "elapsed": 775.759204, "delta": 5.436912}}
{"target": -14.92605609228923, "params": {"C": 4.446040661933139, "epsilon": 5.807319694923969, "gamma": 0.7774187324547526, "lamda": 0.09274756189390782}, "datetime": {"datetime": "2021-06-17 10:50:36", "elapsed": 780.426282, "delta": 4.667078}}
{"target": -34.577912311813655, "params": {"C": 8.209451819166107, "epsilon": 8.751974822564188, "gamma": 1.499068290163926, "lamda": 0.321754772624734}, "datetime": {"datetime": "2021-06-17 10:50:41", "elapsed": 785.859456, "delta": 5.433174}}
{"target": -10.026864059588164, "params": {"C": 0.17431009514141052, "epsilon": 5.94426055273553, "gamma": 0.835583093815493, "lamda": 0.440340497973308}, "datetime": {"datetime": "2021-06-17 10:50:46", "elapsed": 790.175772, "delta": 4.316316}}
{"target": -29.08884578731252, "params": {"C": 6.453881235816647, "epsilon": 2.211491379429136, "gamma": 1.530456489852936, "lamda": 0.21720637304758486}, "datetime": {"datetime": "2021-06-17 10:50:50", "elapsed": 794.930094, "delta": 4.754322}}
{"target": -31.07798409457791, "params": {"C": 8.061534605987397, "epsilon": 3.9206641362365966, "gamma": 1.6692950178226842, "lamda": 0.34834418815741053}, "datetime": {"datetime": "2021-06-17 10:50:55", "elapsed": 799.199462, "delta": 4.269368}}
{"target": -5175.655750801581, "params": {"C": 8.06467479678316, "epsilon": 3.92565979407525, "gamma": 1.6740793910241316, "lamda": 0.41364653917887}, "datetime": {"datetime": "2021-06-17 10:51:12", "elapsed": 816.913089, "delta": 17.713627}}
{"target": -28.671849111449454, "params": {"C": 9.594279948558803, "epsilon": 5.3289770171385324, "gamma": 1.357024274524387, "lamda": 0.18533993291993017}, "datetime": {"datetime": "2021-06-17 10:51:17", "elapsed": 821.432347, "delta": 4.519258}}
{"target": -15.50792368648992, "params": {"C": 4.078710165660021, "epsilon": 6.137082687514925, "gamma": 0.41275589832244436, "lamda": 0.033343808609219074}, "datetime": {"datetime": "2021-06-17 10:51:21", "elapsed": 825.763238, "delta": 4.330891}}
{"target": -22.8599757639827, "params": {"C": 6.46069977055702, "epsilon": 2.273958030492745, "gamma": 1.5097461334658877, "lamda": 0.1190824080316047}, "datetime": {"datetime": "2021-06-17 10:51:27", "elapsed": 831.474076, "delta": 5.710838}}
{"target": -10.668972806560143, "params": {"C": 5.529858638700473, "epsilon": 1.3947536883416392, "gamma": 0.14711222564762377, "lamda": 0.06523332060020523}, "datetime": {"datetime": "2021-06-17 10:51:32", "elapsed": 836.953324, "delta": 5.479248}}
{"target": -15.056739409805331, "params": {"C": 5.6994765261871, "epsilon": 4.583418925907787, "gamma": 0.7452249784852721, "lamda": 0.07225462503897719}, "datetime": {"datetime": "2021-06-17 10:51:38", "elapsed": 842.235091, "delta": 5.281767}}
{"target": -15.527431044070486, "params": {"C": 4.157404454394971, "epsilon": 5.656560464993523, "gamma": 0.4118153516426513, "lamda": 0.12285728125720494}, "datetime": {"datetime": "2021-06-17 10:51:44", "elapsed": 848.22145, "delta": 5.986359}}
{"target": -22.284379482062555, "params": {"C": 6.477019791668779, "epsilon": 2.2577126261435447, "gamma": 1.442991156354553, "lamda": 0.20170250005947093}, "datetime": {"datetime": "2021-06-17 10:51:48", "elapsed": 853.041196, "delta": 4.819746}}
{"target": -14.824370569640097, "params": {"C": 3.550874581461028, "epsilon": 9.427555324128594, "gamma": 1.0264775081731285, "lamda": 0.33370300069179754}, "datetime": {"datetime": "2021-06-17 10:51:53", "elapsed": 857.3101, "delta": 4.268904}}
{"target": -14.171602391519015, "params": {"C": 2.294237792317926, "epsilon": 4.546083155404911, "gamma": 1.1008589883576572, "lamda": 0.38915855348651857}, "datetime": {"datetime": "2021-06-17 10:51:58", "elapsed": 862.631921, "delta": 5.321821}}
{"target": -33.61378766250183, "params": {"C": 7.495563536171027, "epsilon": 9.269837962210676, "gamma": 1.4209463039130263, "lamda": 0.06805654358652705}, "datetime": {"datetime": "2021-06-17 10:52:03", "elapsed": 868.06453, "delta": 5.432609}}
{"target": -22.75646957007654, "params": {"C": 8.781955902015437, "epsilon": 9.0708277337083, "gamma": 1.2935074220353373, "lamda": 0.10830483168967348}, "datetime": {"datetime": "2021-06-17 10:52:09", "elapsed": 873.940552, "delta": 5.876022}}
{"target": -23.053884225669734, "params": {"C": 5.273739764898349, "epsilon": 8.041695515340495, "gamma": 1.5073590415828158, "lamda": 0.28141733641348254}, "datetime": {"datetime": "2021-06-17 10:52:14", "elapsed": 878.888799, "delta": 4.948247}}
{"target": -14.237673273517926, "params": {"C": 1.61525828509721, "epsilon": 4.65800265611359, "gamma": 0.6853099223689184, "lamda": 0.13583806464905604}, "datetime": {"datetime": "2021-06-17 10:52:19", "elapsed": 883.602211, "delta": 4.713412}}
{"target": -14.814239925558361, "params": {"C": 3.6224338668915794, "epsilon": 9.448214038639211, "gamma": 1.0161375988388714, "lamda": 0.36883378968345765}, "datetime": {"datetime": "2021-06-17 10:52:25", "elapsed": 889.20519, "delta": 5.602979}}
{"target": -13.512087189809217, "params": {"C": 1.3843586908001957, "epsilon": 8.077308796329076, "gamma": 0.7861179372115341, "lamda": 0.11345914878992622}, "datetime": {"datetime": "2021-06-17 10:52:30", "elapsed": 895.010392, "delta": 5.805202}}
{"target": -10.66742440824303, "params": {"C": 5.5396080499543014, "epsilon": 1.384245319272216, "gamma": 0.14586928120562087, "lamda": 0.07111910674545648}, "datetime": {"datetime": "2021-06-17 10:52:36", "elapsed": 900.589073, "delta": 5.578681}}
{"target": -36.82187905620892, "params": {"C": 7.706468530163828, "epsilon": 8.784402774643057, "gamma": 1.5097825771634559, "lamda": 0.2354935179702879}, "datetime": {"datetime": "2021-06-17 10:52:41", "elapsed": 906.043391, "delta": 5.454318}}
{"target": -16.743578561132175, "params": {"C": 3.969293979168847, "epsilon": 4.822314604905396, "gamma": 1.1955313397547673, "lamda": 0.24885775606686908}, "datetime": {"datetime": "2021-06-17 10:52:47", "elapsed": 911.683575, "delta": 5.640184}}
{"target": -12.092053344985828, "params": {"C": 0.26697476709091517, "epsilon": 8.102231535770036, "gamma": 1.9020140521584696, "lamda": 0.30556072041792837}, "datetime": {"datetime": "2021-06-17 10:52:53", "elapsed": 917.833406, "delta": 6.149831}}
{"target": -32.851188863276434, "params": {"C": 7.703227321648046, "epsilon": 8.763056003008858, "gamma": 1.5176212181162085, "lamda": 0.29266402376573175}, "datetime": {"datetime": "2021-06-17 10:52:58", "elapsed": 922.861207, "delta": 5.027801}}
{"target": -27.76224193829833, "params": {"C": 8.792778542274394, "epsilon": 8.986289600322522, "gamma": 1.4470278969105057, "lamda": 0.006963901501965467}, "datetime": {"datetime": "2021-06-17 10:53:04", "elapsed": 928.380705, "delta": 5.519498}}
{"target": -14.554783469180846, "params": {"C": 3.827790653809817, "epsilon": 4.096805847498897, "gamma": 0.8021791486798813, "lamda": 0.20023854798232615}, "datetime": {"datetime": "2021-06-17 10:53:09", "elapsed": 933.605536, "delta": 5.224831}}
{"target": -21.075053719005528, "params": {"C": 6.5364132932132755, "epsilon": 2.1945210879444264, "gamma": 1.4051499440552886, "lamda": 0.46016600490287296}, "datetime": {"datetime": "2021-06-17 10:53:15", "elapsed": 939.905821, "delta": 6.300285}}
{"target": -31.208751988402465, "params": {"C": 8.0387279619598, "epsilon": 3.8986554584378, "gamma": 1.7002622075791496, "lamda": 0.32268507378314}, "datetime": {"datetime": "2021-06-17 10:53:21", "elapsed": 945.913105, "delta": 6.007284}}
{"target": -13.355815010048527, "params": {"C": 1.5791173667749068, "epsilon": 4.784756313814476, "gamma": 1.0381789881766275, "lamda": 0.05771711805110503}, "datetime": {"datetime": "2021-06-17 10:53:27", "elapsed": 951.287693, "delta": 5.374588}}
{"target": -12.435461404054452, "params": {"C": 0.5090611803552744, "epsilon": 5.359352035660756, "gamma": 1.330924777392992, "lamda": 0.25798078794847057}, "datetime": {"datetime": "2021-06-17 10:53:33", "elapsed": 957.198559, "delta": 5.910866}}
{"target": -14.586346857361185, "params": {"C": 2.5613322410201738, "epsilon": 1.1331859560333541, "gamma": 0.4442952154636888, "lamda": 0.267612327565548}, "datetime": {"datetime": "2021-06-17 10:53:38", "elapsed": 962.991983, "delta": 5.793424}}
{"target": -15.374458626477164, "params": {"C": 2.7607113764440947, "epsilon": 3.8912930356995883, "gamma": 1.1771651364194082, "lamda": 0.020966617323897884}, "datetime": {"datetime": "2021-06-17 10:53:45", "elapsed": 969.135634, "delta": 6.143651}}
{"target": -16.603522200206488, "params": {"C": 3.8412964626390473, "epsilon": 4.836797363639672, "gamma": 1.1787388409776989, "lamda": 0.2941106271698389}, "datetime": {"datetime": "2021-06-17 10:53:49", "elapsed": 973.620304, "delta": 4.48467}}
{"target": -10.130395151240796, "params": {"C": 0.24669717542391642, "epsilon": 0.2705482604491705, "gamma": 0.07456271441013954, "lamda": 0.04932318893905895}, "datetime": {"datetime": "2021-06-17 10:53:55", "elapsed": 979.486871, "delta": 5.866567}}
{"target": -5420.250849355243, "params": {"C": 7.954568697607369, "epsilon": 8.784654578171835, "gamma": 1.3901456267132541, "lamda": 0.4276242574839482}, "datetime": {"datetime": "2021-06-17 10:54:09", "elapsed": 993.550959, "delta": 14.064088}}
{"target": -13.576697508612714, "params": {"C": 1.4040456523178293, "epsilon": 8.05370836346583, "gamma": 0.7778147193205064, "lamda": 0.04180672940433878}, "datetime": {"datetime": "2021-06-17 10:54:13", "elapsed": 998.006651, "delta": 4.455692}}
{"target": -17.268675198603965, "params": {"C": 5.801698043212543, "epsilon": 3.801979283379418, "gamma": 1.1063394175222598, "lamda": 0.37296297593933925}, "datetime": {"datetime": "2021-06-17 10:54:20", "elapsed": 1004.653615, "delta": 6.646964}}
{"target": -13.933985278137834, "params": {"C": 2.6790450419424667, "epsilon": 8.875587666929682, "gamma": 0.9519075363580024, "lamda": 0.442431291843213}, "datetime": {"datetime": "2021-06-17 10:54:26", "elapsed": 1010.150443, "delta": 5.496828}}
{"target": -26.466988076762654, "params": {"C": 5.929272110075437, "epsilon": 3.123409600759872, "gamma": 1.8334034882177823, "lamda": 0.45492759652121734}, "datetime": {"datetime": "2021-06-17 10:54:33", "elapsed": 1017.793332, "delta": 7.642889}}
{"target": -15.104345780049893, "params": {"C": 2.6130745833966222, "epsilon": 8.570692509458803, "gamma": 1.052466787030338, "lamda": 0.41495265762339434}, "datetime": {"datetime": "2021-06-17 10:54:40", "elapsed": 1024.636789, "delta": 6.843457}}
{"target": -30.75600259301039, "params": {"C": 7.955441999758678, "epsilon": 2.6859904072055176, "gamma": 1.4959103724915754, "lamda": 0.24364904293504616}, "datetime": {"datetime": "2021-06-17 10:54:47", "elapsed": 1031.660819, "delta": 7.02403}}
{"target": -14.160690945039715, "params": {"C": 2.2676489117292373, "epsilon": 4.591058788326129, "gamma": 1.1014321491935126, "lamda": 0.4408023251879316}, "datetime": {"datetime": "2021-06-17 10:54:55", "elapsed": 1039.540875, "delta": 7.880056}}
{"target": -22.806753695992533, "params": {"C": 3.73750376229233, "epsilon": 0.8288606587825756, "gamma": 1.9554895916327837, "lamda": 0.10235791381244806}, "datetime": {"datetime": "2021-06-17 10:55:02", "elapsed": 1046.681989, "delta": 7.141114}}
{"target": -16.08882347908409, "params": {"C": 4.497351703327366, "epsilon": 4.1297687717328335, "gamma": 1.082941470929904, "lamda": 0.3694486583360035}, "datetime": {"datetime": "2021-06-17 10:55:11", "elapsed": 1055.239074, "delta": 8.557085}}
{"target": -20.992770675543245, "params": {"C": 5.308292767771375, "epsilon": 8.03301825305857, "gamma": 1.5377803228143816, "lamda": 0.29271206008676265}, "datetime": {"datetime": "2021-06-17 10:55:19", "elapsed": 1063.479043, "delta": 8.239969}}
{"target": -28.289424608868575, "params": {"C": 6.4641956637272155, "epsilon": 2.224992332447837, "gamma": 1.6439974520862441, "lamda": 0.1313386838318436}, "datetime": {"datetime": "2021-06-17 10:55:30", "elapsed": 1074.342106, "delta": 10.863063}}
{"target": -13.062519699958125, "params": {"C": 1.2788345910295396, "epsilon": 2.757481706603022, "gamma": 1.1756194986100195, "lamda": 0.4618088484161792}, "datetime": {"datetime": "2021-06-17 10:55:38", "elapsed": 1082.134106, "delta": 7.792}}
{"target": -14.816495273709737, "params": {"C": 4.501148512773201, "epsilon": 5.806117374585192, "gamma": 0.8503530068670506, "lamda": 0.17158258955860925}, "datetime": {"datetime": "2021-06-17 10:55:45", "elapsed": 1089.526667, "delta": 7.392561}}
{"target": -31.298935320746864, "params": {"C": 9.4535491246417, "epsilon": 5.858882311141019, "gamma": 1.7643080259813628, "lamda": 0.029576701404506904}, "datetime": {"datetime": "2021-06-17 10:55:52", "elapsed": 1096.194611, "delta": 6.667944}}
{"target": -24.97779079779531, "params": {"C": 8.866099672295114, "epsilon": 9.098974378927844, "gamma": 1.339237744165106, "lamda": 0.06719481810611343}, "datetime": {"datetime": "2021-06-17 10:55:58", "elapsed": 1103.110843, "delta": 6.916232}}
{"target": -17.643965901691676, "params": {"C": 4.138118408838257, "epsilon": 6.124160766495444, "gamma": 0.4745670110705468, "lamda": 0.05061519637701341}, "datetime": {"datetime": "2021-06-17 10:56:06", "elapsed": 1110.929598, "delta": 7.818755}}
{"target": -14.20824396963554, "params": {"C": 2.153336251113188, "epsilon": 2.6543204822007205, "gamma": 0.9705754886867901, "lamda": 0.007129175502607739}, "datetime": {"datetime": "2021-06-17 10:56:14", "elapsed": 1118.236648, "delta": 7.30705}}
{"target": -14.810675585705773, "params": {"C": 1.0240724158121939, "epsilon": 4.452141993425002, "gamma": 1.8357372969352042, "lamda": 0.1244381804843793}, "datetime": {"datetime": "2021-06-17 10:56:23", "elapsed": 1127.192755, "delta": 8.956107}}
{"target": -14.779041161207818, "params": {"C": 1.0266045655468636, "epsilon": 4.4717345444795935, "gamma": 1.8278776173741447, "lamda": 0.1157269614457792}, "datetime": {"datetime": "2021-06-17 10:56:30", "elapsed": 1134.421918, "delta": 7.229163}}
{"target": -10.463851442653311, "params": {"C": 1.769149901028937, "epsilon": 3.273872757002238, "gamma": 0.23623236208461235, "lamda": 0.3807851515055169}, "datetime": {"datetime": "2021-06-17 10:56:37", "elapsed": 1141.533484, "delta": 7.111566}}
{"target": -12.878882180737609, "params": {"C": 0.9964274565725875, "epsilon": 6.513404374625438, "gamma": 1.410045429750488, "lamda": 0.3054214938735476}, "datetime": {"datetime": "2021-06-17 10:56:44", "elapsed": 1148.299377, "delta": 6.765893}}
{"target": -9.43407948504347, "params": {"C": 0.12898413638829664, "epsilon": 5.949201962760502, "gamma": 0.8467755167756352, "lamda": 0.4831925227451335}, "datetime": {"datetime": "2021-06-17 10:56:52", "elapsed": 1156.527979, "delta": 8.228602}}
{"target": -9.613275753566395, "params": {"C": 0.16365842489478205, "epsilon": 0.05973727216114169, "gamma": 0.29135997671565367, "lamda": 0.16236991844023357}, "datetime": {"datetime": "2021-06-17 10:56:58", "elapsed": 1163.017434, "delta": 6.489455}}
