{"target": -9.131528329754142, "params": {"C": 0.05280310913724291, "epsilon": 7.475979348947607, "gamma": 0.4183196770491653, "lamda": 0.3955824006531496}, "datetime": {"datetime": "2021-06-21 11:51:10", "elapsed": 415.829141, "delta": 2.899173}}
{"target": -9.239430595964215, "params": {"C": 0.030925502387764165, "epsilon": 7.04160773268677, "gamma": 0.3056652643056061, "lamda": 0.5310100966916864}, "datetime": {"datetime": "2021-06-21 11:51:11", "elapsed": 416.896515, "delta": 1.067374}}
{"target": -9.246747134376143, "params": {"C": 0.06815814291914413, "epsilon": 7.076809045664, "gamma": 0.36924975880768074, "lamda": 0.026746151763567157}, "datetime": {"datetime": "2021-06-21 11:51:12", "elapsed": 417.999529, "delta": 1.103014}}
{"target": -9.056852302937761, "params": {"C": 0.01842506356016485, "epsilon": 7.479112809513348, "gamma": 0.4829809648118649, "lamda": 0.45484388007409143}, "datetime": {"datetime": "2021-06-21 11:51:15", "elapsed": 420.244069, "delta": 2.24454}}
{"target": -9.29766034282067, "params": {"C": 0.051304475116595194, "epsilon": 7.776317164443311, "gamma": 0.6369533750454274, "lamda": 0.36356227038747574}, "datetime": {"datetime": "2021-06-21 11:51:17", "elapsed": 422.720022, "delta": 2.475953}}
{"target": -9.314779826013758, "params": {"C": 0.09590705018521457, "epsilon": 8.589711577028904, "gamma": 0.29064014913792247, "lamda": 0.5147646210879527}, "datetime": {"datetime": "2021-06-21 11:51:18", "elapsed": 423.926314, "delta": 1.206292}}
{"target": -9.584811628541836, "params": {"C": 0.1, "epsilon": 7.486324702746951, "gamma": 0.48183381906678696, "lamda": 0.43318814539017225}, "datetime": {"datetime": "2021-06-21 11:51:21", "elapsed": 426.284393, "delta": 2.358079}}
{"target": -9.402052372427391, "params": {"C": 0.074925548381489, "epsilon": 5.124390600165297, "gamma": 0.7528344728454779, "lamda": 0.10636221914780482}, "datetime": {"datetime": "2021-06-21 11:51:23", "elapsed": 428.48709, "delta": 2.202697}}
{"target": -9.250697940363182, "params": {"C": 0.08044873340979222, "epsilon": 7.141538373933901, "gamma": 0.40573118325280855, "lamda": 0.07781812574282894}, "datetime": {"datetime": "2021-06-21 11:51:26", "elapsed": 431.155099, "delta": 2.668009}}
{"target": -11.869063544978713, "params": {"C": 0.001, "epsilon": 7.570916361165438, "gamma": 0.47064127622098034, "lamda": 0.47979616239947936}, "datetime": {"datetime": "2021-06-21 11:51:29", "elapsed": 434.301548, "delta": 3.146449}}
{"target": -9.167009297546869, "params": {"C": 0.04096337544782433, "epsilon": 7.536118459398052, "gamma": 0.4290769368735141, "lamda": 0.32499633876274486}, "datetime": {"datetime": "2021-06-21 11:51:31", "elapsed": 436.53885, "delta": 2.237302}}
{"target": -9.564823532238155, "params": {"C": 0.09930180203510974, "epsilon": 8.510578912867743, "gamma": 0.5052253328215563, "lamda": 0.48189009026323015}, "datetime": {"datetime": "2021-06-21 11:51:34", "elapsed": 439.560711, "delta": 3.021861}}
{"target": -9.117792772017594, "params": {"C": 0.01689180206298829, "epsilon": 7.8983392069698315, "gamma": 0.43468573022118273, "lamda": 0.4056381690356377}, "datetime": {"datetime": "2021-06-21 11:51:35", "elapsed": 440.662107, "delta": 1.101396}}
{"target": -9.542889710473094, "params": {"C": 0.017159402389871913, "epsilon": 8.785935023799816, "gamma": 0.2710282169304784, "lamda": 0.3307864525907813}, "datetime": {"datetime": "2021-06-21 11:51:36", "elapsed": 441.842417, "delta": 1.18031}}
{"target": -10.351318635662441, "params": {"C": 0.004500996053363536, "epsilon": 7.507066588643638, "gamma": 0.3634914593911161, "lamda": 0.41586102978993406}, "datetime": {"datetime": "2021-06-21 11:51:39", "elapsed": 444.249854, "delta": 2.407437}}
{"target": -10.042173149594689, "params": {"C": 0.004361485361692228, "epsilon": 7.435578157016328, "gamma": 0.4679379399103214, "lamda": 0.38100444501021047}, "datetime": {"datetime": "2021-06-21 11:51:40", "elapsed": 445.86274, "delta": 1.612886}}
{"target": -10.406419997720802, "params": {"C": 0.0030730913986369815, "epsilon": 9.290196271054032, "gamma": 0.42347799082246673, "lamda": 0.09613881822858272}, "datetime": {"datetime": "2021-06-21 11:51:41", "elapsed": 446.97887, "delta": 1.11613}}
{"target": -9.465535836716219, "params": {"C": 0.09888470169746406, "epsilon": 7.550325459635321, "gamma": 0.44109727200516835, "lamda": 0.37405817594077145}, "datetime": {"datetime": "2021-06-21 11:51:44", "elapsed": 449.443583, "delta": 2.464713}}
{"target": -9.175567493138733, "params": {"C": 0.07267054570736024, "epsilon": 9.13432797178545, "gamma": 0.3870966278748299, "lamda": 0.2536724859545428}, "datetime": {"datetime": "2021-06-21 11:51:45", "elapsed": 450.615492, "delta": 1.171909}}
{"target": -9.122139823742092, "params": {"C": 0.05483370926028785, "epsilon": 7.416314724810899, "gamma": 0.45096936941696764, "lamda": 0.5196860683463446}, "datetime": {"datetime": "2021-06-21 11:51:48", "elapsed": 453.967717, "delta": 3.352225}}
{"target": -9.240410068815075, "params": {"C": 0.07300394047191329, "epsilon": 7.6452035190699235, "gamma": 0.35057755385432743, "lamda": 0.5420266401002074}, "datetime": {"datetime": "2021-06-21 11:51:51", "elapsed": 456.302479, "delta": 2.334762}}
{"target": -9.171987170008613, "params": {"C": 0.04144595978834301, "epsilon": 7.833026194081039, "gamma": 0.40493424192068805, "lamda": 0.4460692182463506}, "datetime": {"datetime": "2021-06-21 11:51:53", "elapsed": 458.776185, "delta": 2.473706}}
{"target": -9.108565602692686, "params": {"C": 0.04315781774006475, "epsilon": 7.896466600453094, "gamma": 0.35805981998701575, "lamda": 0.41514962619192736}, "datetime": {"datetime": "2021-06-21 11:51:55", "elapsed": 460.646759, "delta": 1.870574}}
{"target": -9.156913709611874, "params": {"C": 0.02645625060763044, "epsilon": 5.601850163948505, "gamma": 0.6596458316901793, "lamda": 0.5103605407637675}, "datetime": {"datetime": "2021-06-21 11:51:58", "elapsed": 463.226207, "delta": 2.579448}}
{"target": -9.370338991473105, "params": {"C": 0.04367350200017147, "epsilon": 5.950197624389602, "gamma": 0.7597022133580693, "lamda": 0.012130231496938811}, "datetime": {"datetime": "2021-06-21 11:51:59", "elapsed": 464.359655, "delta": 1.133448}}
{"target": -9.104975407435154, "params": {"C": 0.05688111590245305, "epsilon": 6.664701990551855, "gamma": 0.2668550837596988, "lamda": 0.46643131192644305}, "datetime": {"datetime": "2021-06-21 11:52:00", "elapsed": 465.570817, "delta": 1.211162}}
{"target": -9.23281518865649, "params": {"C": 0.08763099203050773, "epsilon": 7.661808572835249, "gamma": 0.36107421493086067, "lamda": 0.4513987791315913}, "datetime": {"datetime": "2021-06-21 11:52:02", "elapsed": 467.561254, "delta": 1.990437}}
{"target": -9.148516000564607, "params": {"C": 0.06457606046628206, "epsilon": 7.863524750542642, "gamma": 0.39902627066846974, "lamda": 0.3450215947392302}, "datetime": {"datetime": "2021-06-21 11:52:04", "elapsed": 469.72961, "delta": 2.168356}}
{"target": -9.245271855408328, "params": {"C": 0.010760752820359874, "epsilon": 5.531882282452776, "gamma": 0.6785933271235509, "lamda": 0.5615013023816385}, "datetime": {"datetime": "2021-06-21 11:52:07", "elapsed": 472.400143, "delta": 2.670533}}
{"target": -9.15935168215175, "params": {"C": 0.05997616032066392, "epsilon": 6.602791397944301, "gamma": 0.24984843279412322, "lamda": 0.4030357578436305}, "datetime": {"datetime": "2021-06-21 11:52:09", "elapsed": 474.890343, "delta": 2.4902}}
{"target": -9.47755017427016, "params": {"C": 0.09905134332318999, "epsilon": 5.559616344068902, "gamma": 0.65899560780472, "lamda": 0.5418887224572616}, "datetime": {"datetime": "2021-06-21 11:52:12", "elapsed": 478.051925, "delta": 3.161582}}
{"target": -9.180607626670561, "params": {"C": 0.01499454832386151, "epsilon": 5.383760636271058, "gamma": 0.46685354880021424, "lamda": 0.40017842796112324}, "datetime": {"datetime": "2021-06-21 11:52:14", "elapsed": 479.236204, "delta": 1.184279}}
{"target": -9.200238798720392, "params": {"C": 0.05429845500672039, "epsilon": 8.518181544487364, "gamma": 0.3894162281135671, "lamda": 0.2706463157582477}, "datetime": {"datetime": "2021-06-21 11:52:16", "elapsed": 481.941452, "delta": 2.705248}}
{"target": -9.381697961484662, "params": {"C": 0.08988047213671728, "epsilon": 7.430682171173876, "gamma": 0.14785405491798348, "lamda": 0.15716594712877768}, "datetime": {"datetime": "2021-06-21 11:52:18", "elapsed": 483.149778, "delta": 1.208326}}
{"target": -9.380872263567614, "params": {"C": 0.022308984486560206, "epsilon": 6.595160991808643, "gamma": 0.30597914397896764, "lamda": 0.4684092716698356}, "datetime": {"datetime": "2021-06-21 11:52:21", "elapsed": 486.398491, "delta": 3.248713}}
{"target": -9.442404510463987, "params": {"C": 0.1, "epsilon": 8.251144159149144, "gamma": 0.41353748722942785, "lamda": 0.561151340460058}, "datetime": {"datetime": "2021-06-21 11:52:23", "elapsed": 488.757287, "delta": 2.358796}}
{"target": -9.173680615683828, "params": {"C": 0.029520699043411588, "epsilon": 5.52123237490186, "gamma": 0.6156455912104505, "lamda": 0.4959957853597974}, "datetime": {"datetime": "2021-06-21 11:52:24", "elapsed": 489.990141, "delta": 1.232854}}
{"target": -9.054836371886529, "params": {"C": 0.055313615835557044, "epsilon": 8.565477109349512, "gamma": 0.30610247316930106, "lamda": 0.30042782305008503}, "datetime": {"datetime": "2021-06-21 11:52:27", "elapsed": 492.510968, "delta": 2.520827}}
{"target": -9.275849221308167, "params": {"C": 0.0828229907316937, "epsilon": 8.49400508893346, "gamma": 0.3103748276362934, "lamda": 0.3489706075098667}, "datetime": {"datetime": "2021-06-21 11:52:30", "elapsed": 495.454971, "delta": 2.944003}}
{"target": -9.094305694260566, "params": {"C": 0.06800927239133282, "epsilon": 8.559354889301257, "gamma": 0.2592465686568661, "lamda": 0.23301111924852289}, "datetime": {"datetime": "2021-06-21 11:52:32", "elapsed": 497.944949, "delta": 2.489978}}
{"target": -9.366408589732234, "params": {"C": 0.06936941509391921, "epsilon": 8.15731999755413, "gamma": 0.7803199904660062, "lamda": 0.14055301704675152}, "datetime": {"datetime": "2021-06-21 11:52:33", "elapsed": 499.109654, "delta": 1.164705}}
{"target": -9.351635595290832, "params": {"C": 0.06687984103736898, "epsilon": 5.232745460276773, "gamma": 0.5287924928466793, "lamda": 0.4133760284690681}, "datetime": {"datetime": "2021-06-21 11:52:35", "elapsed": 500.356399, "delta": 1.246745}}
{"target": -9.274876711229009, "params": {"C": 0.05541202784169604, "epsilon": 8.522332375093377, "gamma": 0.21338304033683977, "lamda": 0.31600187382661854}, "datetime": {"datetime": "2021-06-21 11:52:38", "elapsed": 503.47795, "delta": 3.121551}}
{"target": -9.294730512470467, "params": {"C": 0.06607488563372126, "epsilon": 9.403925441217005, "gamma": 0.5046138253650759, "lamda": 0.2036563272200162}, "datetime": {"datetime": "2021-06-21 11:52:39", "elapsed": 504.769478, "delta": 1.291528}}
{"target": -9.252671973294614, "params": {"C": 0.09220454557396185, "epsilon": 8.537631843545267, "gamma": 0.33470016456305907, "lamda": 0.2149715606368372}, "datetime": {"datetime": "2021-06-21 11:52:42", "elapsed": 507.260047, "delta": 2.490569}}
{"target": -9.275636422912035, "params": {"C": 0.1, "epsilon": 6.635920033525922, "gamma": 0.3266567302155066, "lamda": 0.40392130263778975}, "datetime": {"datetime": "2021-06-21 11:52:44", "elapsed": 509.658446, "delta": 2.398399}}
{"target": -9.389902136001723, "params": {"C": 0.07603224415560707, "epsilon": 8.900840387312616, "gamma": 0.7674605134275473, "lamda": 0.10904056710764963}, "datetime": {"datetime": "2021-06-21 11:52:45", "elapsed": 510.871992, "delta": 1.213546}}
{"target": -10.555842538585363, "params": {"C": 0.003073230667930458, "epsilon": 7.784763054308263, "gamma": 0.4242681905241179, "lamda": 0.37297573621011243}, "datetime": {"datetime": "2021-06-21 11:52:48", "elapsed": 513.409575, "delta": 2.537583}}
{"target": -11.744027274722365, "params": {"C": 0.001, "epsilon": 5.094776296546203, "gamma": 0.7160281036162728, "lamda": 0.020428547831720538}, "datetime": {"datetime": "2021-06-21 11:52:50", "elapsed": 515.897809, "delta": 2.488234}}
{"target": -9.509167451741149, "params": {"C": 0.08520982134423634, "epsilon": 5.017080149712837, "gamma": 0.6625243221293795, "lamda": 0.14633847765453972}, "datetime": {"datetime": "2021-06-21 11:52:53", "elapsed": 518.768992, "delta": 2.871183}}
{"target": -9.105694260587203, "params": {"C": 0.01585597604339545, "epsilon": 5.077699343024349, "gamma": 0.7180041481167752, "lamda": 0.18554690477568292}, "datetime": {"datetime": "2021-06-21 11:52:56", "elapsed": 521.367298, "delta": 2.598306}}
{"target": -9.31398612644697, "params": {"C": 0.017751973525135717, "epsilon": 8.592823255039008, "gamma": 0.3283741402520438, "lamda": 0.22836779591753112}, "datetime": {"datetime": "2021-06-21 11:52:58", "elapsed": 523.816638, "delta": 2.44934}}
{"target": -9.104135177574669, "params": {"C": 0.032467081892627266, "epsilon": 6.892208332570522, "gamma": 0.40952917211499096, "lamda": 0.25092980676460813}, "datetime": {"datetime": "2021-06-21 11:53:01", "elapsed": 526.165453, "delta": 2.348815}}
{"target": -9.15420887060791, "params": {"C": 0.03283820669612274, "epsilon": 5.073594959614821, "gamma": 0.6949659559054409, "lamda": 0.10968905309880404}, "datetime": {"datetime": "2021-06-21 11:53:02", "elapsed": 527.437285, "delta": 1.271832}}
{"target": -9.237513954415084, "params": {"C": 0.08243847651752259, "epsilon": 8.300609736076645, "gamma": 0.2007682132702907, "lamda": 0.6715099807349592}, "datetime": {"datetime": "2021-06-21 11:53:03", "elapsed": 528.800525, "delta": 1.36324}}
{"target": -9.413568260420712, "params": {"C": 0.07071951651489858, "epsilon": 8.671154536427157, "gamma": 0.5556056537061757, "lamda": 0.3457870951037666}, "datetime": {"datetime": "2021-06-21 11:53:04", "elapsed": 530.103558, "delta": 1.303033}}
{"target": -9.200913781325497, "params": {"C": 0.06543468329830314, "epsilon": 5.421063625199385, "gamma": 0.24617154258027993, "lamda": 0.6098960473884808}, "datetime": {"datetime": "2021-06-21 11:53:06", "elapsed": 531.453813, "delta": 1.350255}}
{"target": -9.390669320337555, "params": {"C": 0.0831132775380281, "epsilon": 6.916682988701774, "gamma": 0.4680912363509111, "lamda": 0.2890021749787058}, "datetime": {"datetime": "2021-06-21 11:53:09", "elapsed": 534.438048, "delta": 2.984235}}
{"target": -9.08960783341149, "params": {"C": 0.00853822255459968, "epsilon": 9.277885649542641, "gamma": 0.7932825602166248, "lamda": 0.0799272862686341}, "datetime": {"datetime": "2021-06-21 11:53:10", "elapsed": 535.726932, "delta": 1.288884}}
{"target": -11.142080640647881, "params": {"C": 0.0014669647029262039, "epsilon": 7.015669738359737, "gamma": 0.5546650822102841, "lamda": 0.6648218449572318}, "datetime": {"datetime": "2021-06-21 11:53:13", "elapsed": 538.477392, "delta": 2.75046}}
{"target": -9.241578270644652, "params": {"C": 0.04464467078762937, "epsilon": 6.8021803519353, "gamma": 0.6768148067770852, "lamda": 0.25957217556030276}, "datetime": {"datetime": "2021-06-21 11:53:14", "elapsed": 539.809434, "delta": 1.332042}}
{"target": -9.166767648930856, "params": {"C": 0.04637008078255294, "epsilon": 6.950594391077912, "gamma": 0.36077877281268655, "lamda": 0.2977306233774076}, "datetime": {"datetime": "2021-06-21 11:53:17", "elapsed": 542.218892, "delta": 2.409458}}
{"target": -9.07453933968274, "params": {"C": 0.014801190394692396, "epsilon": 6.928904462896548, "gamma": 0.5472591123061539, "lamda": 0.28474696900519114}, "datetime": {"datetime": "2021-06-21 11:53:18", "elapsed": 543.491597, "delta": 1.272705}}
{"target": -9.572839812762684, "params": {"C": 0.005780981583087014, "epsilon": 6.895381193412703, "gamma": 0.5978289444405362, "lamda": 0.2106167568358743}, "datetime": {"datetime": "2021-06-21 11:53:21", "elapsed": 546.508516, "delta": 3.016919}}
{"target": -9.275247743419564, "params": {"C": 0.053960103395579, "epsilon": 8.998641518193807, "gamma": 0.5456954686058567, "lamda": 0.4512610193460335}, "datetime": {"datetime": "2021-06-21 11:53:23", "elapsed": 548.598334, "delta": 2.089818}}
{"target": -9.35874830471504, "params": {"C": 0.08041654774218725, "epsilon": 5.224064810032265, "gamma": 0.8, "lamda": 0.05515285105151328}, "datetime": {"datetime": "2021-06-21 11:53:26", "elapsed": 551.505356, "delta": 2.907022}}
{"target": -9.371232936242775, "params": {"C": 0.1, "epsilon": 5.995345774643317, "gamma": 0.2683247369008216, "lamda": 0.14582814096721092}, "datetime": {"datetime": "2021-06-21 11:53:29", "elapsed": 554.323969, "delta": 2.818613}}
{"target": -13.190926618444212, "params": {"C": 0.001, "epsilon": 6.656206736754851, "gamma": 0.2917755757693177, "lamda": 0.37265695660517145}, "datetime": {"datetime": "2021-06-21 11:53:31", "elapsed": 556.648722, "delta": 2.324753}}
{"target": -9.36506737635548, "params": {"C": 0.09938496303199429, "epsilon": 6.552606124561644, "gamma": 0.27633066205029816, "lamda": 0.43641017751995453}, "datetime": {"datetime": "2021-06-21 11:53:34", "elapsed": 559.797331, "delta": 3.148609}}
{"target": -10.040742661156706, "params": {"C": 0.004498015937448997, "epsilon": 7.552764763715075, "gamma": 0.45922032831421, "lamda": 0.4259107623163742}, "datetime": {"datetime": "2021-06-21 11:53:35", "elapsed": 561.122496, "delta": 1.325165}}
{"target": -9.347089520838592, "params": {"C": 0.06804306493043356, "epsilon": 8.523131042699296, "gamma": 0.4901454600706908, "lamda": 0.472942153656619}, "datetime": {"datetime": "2021-06-21 11:53:37", "elapsed": 562.511163, "delta": 1.388667}}
{"target": -9.263191328000154, "params": {"C": 0.09608044924983196, "epsilon": 6.598669501555463, "gamma": 0.1854405785055943, "lamda": 0.45390651457420406}, "datetime": {"datetime": "2021-06-21 11:53:40", "elapsed": 565.796424, "delta": 3.285261}}
{"target": -9.243495980933591, "params": {"C": 0.0550288170100208, "epsilon": 9.459391720148478, "gamma": 0.7829139462694427, "lamda": 0.5392224439969252}, "datetime": {"datetime": "2021-06-21 11:53:41", "elapsed": 567.119082, "delta": 1.322658}}
{"target": -9.319703301078649, "params": {"C": 0.09053434379900463, "epsilon": 6.673175542299235, "gamma": 0.2756155493141293, "lamda": 0.5551312109937337}, "datetime": {"datetime": "2021-06-21 11:53:44", "elapsed": 570.092989, "delta": 2.973907}}
{"target": -9.422511167444151, "params": {"C": 0.03954006296332233, "epsilon": 6.510521764957857, "gamma": 0.23268836263759318, "lamda": 0.3840228087120936}, "datetime": {"datetime": "2021-06-21 11:53:47", "elapsed": 572.845356, "delta": 2.752367}}
{"target": -9.459775626206751, "params": {"C": 0.09650661346949196, "epsilon": 7.8905472557484195, "gamma": 0.44506031954605296, "lamda": 0.4079209449813043}, "datetime": {"datetime": "2021-06-21 11:53:49", "elapsed": 575.133571, "delta": 2.288215}}
{"target": -9.2832071976712, "params": {"C": 0.08572008632198087, "epsilon": 5.249049510697638, "gamma": 0.3520763256327787, "lamda": 0.11407955667275738}, "datetime": {"datetime": "2021-06-21 11:53:51", "elapsed": 576.473476, "delta": 1.339905}}
{"target": -9.541659611303537, "params": {"C": 0.09037345646762876, "epsilon": 9.001362284616505, "gamma": 0.5211549655459643, "lamda": 0.5523604650818923}, "datetime": {"datetime": "2021-06-21 11:53:54", "elapsed": 579.520921, "delta": 3.047445}}
{"target": -9.198324431856719, "params": {"C": 0.07238873685519699, "epsilon": 6.53011218963189, "gamma": 0.39157405972567605, "lamda": 0.36195664024966284}, "datetime": {"datetime": "2021-06-21 11:53:56", "elapsed": 581.843988, "delta": 2.323067}}
{"target": -9.605203303965483, "params": {"C": 0.08708899220264177, "epsilon": 9.108995732779423, "gamma": 0.575381561334924, "lamda": 0.20397404632427105}, "datetime": {"datetime": "2021-06-21 11:53:58", "elapsed": 583.273691, "delta": 1.429703}}
{"target": -9.56479392480828, "params": {"C": 0.03363770353768953, "epsilon": 6.615588604129939, "gamma": 0.21776952385704265, "lamda": 0.5226743963177133}, "datetime": {"datetime": "2021-06-21 11:54:01", "elapsed": 586.571012, "delta": 3.297321}}
{"target": -9.23793584539564, "params": {"C": 0.007900076786779136, "epsilon": 8.592502837924506, "gamma": 0.6420325191346575, "lamda": 0.3441697940885995}, "datetime": {"datetime": "2021-06-21 11:54:02", "elapsed": 588.003805, "delta": 1.432793}}
{"target": -10.104265056481601, "params": {"C": 0.028312789458942306, "epsilon": 5.385031259738806, "gamma": 0.16418878866011938, "lamda": 0.6123950244796662}, "datetime": {"datetime": "2021-06-21 11:54:04", "elapsed": 589.470201, "delta": 1.466396}}
{"target": -10.017107073170283, "params": {"C": 0.004938484229487725, "epsilon": 9.697002572425237, "gamma": 0.39072017205248943, "lamda": 0.14483247482093847}, "datetime": {"datetime": "2021-06-21 11:54:05", "elapsed": 590.881227, "delta": 1.411026}}
{"target": -9.055117880715915, "params": {"C": 0.030353364635989387, "epsilon": 6.511222070116398, "gamma": 0.38269672653458064, "lamda": 0.44367094311394895}, "datetime": {"datetime": "2021-06-21 11:54:09", "elapsed": 594.666542, "delta": 3.785315}}
{"target": -9.267105975104894, "params": {"C": 0.054795716251277944, "epsilon": 9.338173413442007, "gamma": 0.7908896127612707, "lamda": 0.5003834158453242}, "datetime": {"datetime": "2021-06-21 11:54:12", "elapsed": 597.720504, "delta": 3.053962}}
{"target": -9.316574001160092, "params": {"C": 0.06435163056275432, "epsilon": 5.450825858078515, "gamma": 0.3455733650667846, "lamda": 0.6303035246023806}, "datetime": {"datetime": "2021-06-21 11:54:15", "elapsed": 600.588941, "delta": 2.868437}}
{"target": -9.181483048851963, "params": {"C": 0.07003897127292524, "epsilon": 9.633611350121273, "gamma": 0.4287858989773451, "lamda": 0.2326470154733968}, "datetime": {"datetime": "2021-06-21 11:54:18", "elapsed": 603.67682, "delta": 3.087879}}
