{"target": -32.68031821475731, "params": {"C": 4.170278344825269, "epsilon": 7.203272901972237, "gamma": 0.001243736735967132, "lamda": 3.023395493061135}, "datetime": {"datetime": "2021-06-16 14:22:42", "elapsed": 0.0, "delta": 0.0}}
{"target": -97.19612033542775, "params": {"C": 1.4676442325820487, "epsilon": 0.9234767138285012, "gamma": 1.8626834877555714, "lamda": 3.4556727143577732}, "datetime": {"datetime": "2021-06-16 14:22:53", "elapsed": 10.719398, "delta": 10.719398}}
{"target": -104.7150805327762, "params": {"C": 3.9677350655592765, "epsilon": 5.388213458360169, "gamma": 4.192003224581508, "lamda": 6.852226482017556}, "datetime": {"datetime": "2021-06-16 14:23:03", "elapsed": 20.802786, "delta": 10.083388}}
{"target": -100.94717120204693, "params": {"C": 2.0446020520902013, "epsilon": 8.781186552165815, "gamma": 0.27397319321994185, "lamda": 6.704708055033004}, "datetime": {"datetime": "2021-06-16 14:23:12", "elapsed": 30.487317, "delta": 9.684531}}
{"target": -98.97084477410249, "params": {"C": 4.173106293191033, "epsilon": 5.586942415474672, "gamma": 1.4039553472584783, "lamda": 1.9810950806998795}, "datetime": {"datetime": "2021-06-16 14:23:18", "elapsed": 36.275504, "delta": 5.788187}}
{"target": -101.59879944156285, "params": {"C": 8.0074656122985, "epsilon": 9.682618931036403, "gamma": 3.134310439174613, "lamda": 6.923256924431573}, "datetime": {"datetime": "2021-06-16 14:23:28", "elapsed": 45.844823, "delta": 9.569319}}
{"target": -99.36132385896657, "params": {"C": 8.763903884045153, "epsilon": 8.946077174372123, "gamma": 0.8505336092766421, "lamda": 0.3906439268505003}, "datetime": {"datetime": "2021-06-16 14:23:37", "elapsed": 54.956609, "delta": 9.111786}}
{"target": -98.75678149911731, "params": {"C": 1.6983872126037325, "epsilon": 8.781437220043788, "gamma": 0.9835585036471176, "lamda": 4.211134139288021}, "datetime": {"datetime": "2021-06-16 14:23:46", "elapsed": 64.08991, "delta": 9.133301}}
{"target": -121.4002834696396, "params": {"C": 9.578899512552004, "epsilon": 5.3316995332016734, "gamma": 6.918801951793339, "lamda": 3.1552247584975293}, "datetime": {"datetime": "2021-06-16 14:23:55", "elapsed": 72.934742, "delta": 8.844832}}
{"target": -128.4456313095045, "params": {"C": 6.865040626723069, "epsilon": 8.346273256406539, "gamma": 0.18298094461418363, "lamda": 7.50146813501818}, "datetime": {"datetime": "2021-06-16 14:24:04", "elapsed": 81.785442, "delta": 8.8507}}
{"target": -100.51820690538966, "params": {"C": 9.888612002956057, "epsilon": 7.481681727232956, "gamma": 2.8045118762448458, "lamda": 7.89281435658204}, "datetime": {"datetime": "2021-06-16 14:24:13", "elapsed": 90.699322, "delta": 8.91388}}
{"target": -109.6440007708707, "params": {"C": 1.0323497431757624, "epsilon": 4.4789904724064336, "gamma": 9.085964171380645, "lamda": 2.9362121223219577}, "datetime": {"datetime": "2021-06-16 14:24:26", "elapsed": 103.689912, "delta": 12.99059}}
{"target": -107.79517224272254, "params": {"C": 2.877824608329629, "epsilon": 1.300372718325565, "gamma": 0.19376764200718372, "lamda": 6.788387445845616}, "datetime": {"datetime": "2021-06-16 14:24:35", "elapsed": 112.623581, "delta": 8.933669}}
{"target": -30.87793089538355, "params": {"C": 2.1163599971889906, "epsilon": 2.655540039056325, "gamma": 4.915782435487455, "lamda": 0.5337201149162921}, "datetime": {"datetime": "2021-06-16 14:24:35", "elapsed": 113.071663, "delta": 0.448082}}
{"target": -22.23185009031527, "params": {"C": 5.7412186431595815, "epsilon": 1.467371076200611, "gamma": 5.893096438479152, "lamda": 6.99761362437331}, "datetime": {"datetime": "2021-06-16 14:24:35", "elapsed": 113.456592, "delta": 0.384929}}
{"target": -102.8610527372189, "params": {"C": 1.0234340548353755, "epsilon": 4.140618472596901, "gamma": 6.9440321372616785, "lamda": 4.141851277342074}, "datetime": {"datetime": "2021-06-16 14:24:49", "elapsed": 127.149409, "delta": 13.692817}}
{"target": -104.65878442240391, "params": {"C": 0.499629594114977, "epsilon": 5.359010469514524, "gamma": 6.637980072733366, "lamda": 5.14893963167188}, "datetime": {"datetime": "2021-06-16 14:25:03", "elapsed": 141.499514, "delta": 14.350105}}
{"target": -19.020317173100366, "params": {"C": 9.445953100432535, "epsilon": 5.865591749515879, "gamma": 9.034028812687307, "lamda": 1.3748332939919607}, "datetime": {"datetime": "2021-06-16 14:25:04", "elapsed": 141.898835, "delta": 0.399321}}
{"target": -103.33591149768884, "params": {"C": 1.3928495448728604, "epsilon": 8.073932147966367, "gamma": 3.9768286021716377, "lamda": 1.653625435749616}, "datetime": {"datetime": "2021-06-16 14:25:13", "elapsed": 151.3286, "delta": 9.429765}}
{"target": -118.32705379506618, "params": {"C": 9.2750930531023, "epsilon": 3.4777238208690915, "gamma": 7.508145950151242, "lamda": 7.26000725370598}, "datetime": {"datetime": "2021-06-16 14:25:22", "elapsed": 160.415807, "delta": 9.087207}}
{"target": -2080.3246288420414, "params": {"C": 8.833072581448977, "epsilon": 6.236759703335383, "gamma": 7.509449246029969, "lamda": 3.489048529944228}, "datetime": {"datetime": "2021-06-16 14:25:31", "elapsed": 169.379797, "delta": 8.96399}}
{"target": -125.94474146173873, "params": {"C": 2.6993519248610847, "epsilon": 8.95887259333885, "gamma": 4.280969089593961, "lamda": 9.64840398747914}, "datetime": {"datetime": "2021-06-16 14:25:40", "elapsed": 178.413152, "delta": 9.033355}}
{"target": -97.52480084365627, "params": {"C": 6.634448634034698, "epsilon": 6.216995032519197, "gamma": 1.1475482549364566, "lamda": 9.494897638144842}, "datetime": {"datetime": "2021-06-16 14:25:49", "elapsed": 187.279237, "delta": 8.866085}}
{"target": -99.49870978423027, "params": {"C": 4.499176343586057, "epsilon": 5.783938304909879, "gamma": 4.081427213932535, "lamda": 2.370346099732253}, "datetime": {"datetime": "2021-06-16 14:25:58", "elapsed": 196.105344, "delta": 8.826107}}
{"target": -270.28668734957864, "params": {"C": 9.033804867670481, "epsilon": 5.736837498774191, "gamma": 0.028802983278886585, "lamda": 6.171487421715876}, "datetime": {"datetime": "2021-06-16 14:26:06", "elapsed": 204.544721, "delta": 8.439377}}
{"target": -116.54157574126975, "params": {"C": 3.266516353230785, "epsilon": 5.270628316765867, "gamma": 8.859432398897814, "lamda": 3.572761873048998}, "datetime": {"datetime": "2021-06-16 14:26:15", "elapsed": 213.435989, "delta": 8.891268}}
{"target": -136.58232454158735, "params": {"C": 9.0853606556829, "epsilon": 6.233638821906448, "gamma": 0.15831084634127818, "lamda": 9.29437939371424}, "datetime": {"datetime": "2021-06-16 14:26:21", "elapsed": 219.296213, "delta": 5.860224}}
{"target": -98.9662171143124, "params": {"C": 6.909000085477488, "epsilon": 9.97322877222976, "gamma": 1.723487849402451, "lamda": 1.3714437827138146}, "datetime": {"datetime": "2021-06-16 14:26:30", "elapsed": 227.706884, "delta": 8.410671}}
{"target": -98.28296022646376, "params": {"C": 9.325961370825333, "epsilon": 6.968211933082853, "gamma": 0.6600951272033527, "lamda": 7.554654979719404}, "datetime": {"datetime": "2021-06-16 14:26:39", "elapsed": 236.726242, "delta": 9.019358}}
{"target": -20.205668687491602, "params": {"C": 7.538786496993618, "epsilon": 9.230253053011278, "gamma": 7.115276433808854, "lamda": 1.2427971926254497}, "datetime": {"datetime": "2021-06-16 14:26:39", "elapsed": 237.15869, "delta": 0.432448}}
{"target": -11.682496041962724, "params": {"C": 0.1988993503845719, "epsilon": 0.262207247678505, "gamma": 0.283162049559144, "lamda": 2.462186054923699}, "datetime": {"datetime": "2021-06-16 14:26:40", "elapsed": 237.719416, "delta": 0.560726}}
{"target": -100.31999233795136, "params": {"C": 8.600293484034012, "epsilon": 5.388356760310094, "gamma": 5.5282645046597905, "lamda": 8.420324720506821}, "datetime": {"datetime": "2021-06-16 14:26:48", "elapsed": 246.505352, "delta": 8.785936}}
{"target": -117.41945136331509, "params": {"C": 1.2418207338675995, "epsilon": 2.791908871743494, "gamma": 5.857634138655733, "lamda": 9.695960523621913}, "datetime": {"datetime": "2021-06-16 14:27:02", "elapsed": 259.976946, "delta": 13.471594}}
{"target": -148.61699106440622, "params": {"C": 5.610346089535174, "epsilon": 0.1865710290004929, "gamma": 8.006346663538896, "lamda": 2.3298194409828206}, "datetime": {"datetime": "2021-06-16 14:27:11", "elapsed": 268.857455, "delta": 8.880509}}
{"target": -106.03741136891361, "params": {"C": 8.071071245668229, "epsilon": 3.8786676545773116, "gamma": 8.63543219140883, "lamda": 7.471241715207572}, "datetime": {"datetime": "2021-06-16 14:27:20", "elapsed": 277.690571, "delta": 8.833116}}
{"target": -98.99886714294203, "params": {"C": 5.56244671588079, "epsilon": 1.364638611084284, "gamma": 0.5992709033531654, "lamda": 1.2135224230617994}, "datetime": {"datetime": "2021-06-16 14:27:28", "elapsed": 286.41914, "delta": 8.728569}}
{"target": -107.94099203744187, "params": {"C": 0.44561433025976277, "epsilon": 1.0750305416480184, "gamma": 2.2571708151446863, "lamda": 7.129918504928728}, "datetime": {"datetime": "2021-06-16 14:27:43", "elapsed": 300.875611, "delta": 14.456471}}
{"target": -101.41347900165727, "params": {"C": 5.597213848843219, "epsilon": 0.1256585459931426, "gamma": 0.7198355994668988, "lamda": 9.67276657236972}, "datetime": {"datetime": "2021-06-16 14:27:52", "elapsed": 309.933254, "delta": 9.057643}}
{"target": -100.76051110171345, "params": {"C": 5.681047809153229, "epsilon": 2.0330120172864388, "gamma": 2.523332213128777, "lamda": 7.438284158165522}, "datetime": {"datetime": "2021-06-16 14:28:01", "elapsed": 318.731925, "delta": 8.798671}}
{"target": -103.54716078657621, "params": {"C": 1.954375268145077, "epsilon": 5.8136311368398506, "gamma": 9.700202888884215, "lamda": 8.468303332020204}, "datetime": {"datetime": "2021-06-16 14:28:14", "elapsed": 332.250683, "delta": 13.518758}}
{"target": -115.57707354681965, "params": {"C": 2.398553606699947, "epsilon": 4.937747765715873, "gamma": 6.199595188241959, "lamda": 8.289826097411833}, "datetime": {"datetime": "2021-06-16 14:28:23", "elapsed": 341.420494, "delta": 9.169811}}
{"target": -98.65917964239694, "params": {"C": 1.5679982673213781, "epsilon": 0.18586016415387743, "gamma": 0.7003144349778514, "lamda": 4.863502474859224}, "datetime": {"datetime": "2021-06-16 14:28:32", "elapsed": 350.499664, "delta": 9.07917}}
{"target": -99.55686699964437, "params": {"C": 6.063333983587138, "epsilon": 5.6885574857211045, "gamma": 3.1736923569806756, "lamda": 9.886162682509047}, "datetime": {"datetime": "2021-06-16 14:28:41", "elapsed": 359.452959, "delta": 8.953295}}
{"target": -19.188008627396158, "params": {"C": 5.797494217936045, "epsilon": 3.801473712118242, "gamma": 5.509527096357056, "lamda": 7.453369775621931}, "datetime": {"datetime": "2021-06-16 14:28:42", "elapsed": 359.853669, "delta": 0.40071}}
{"target": -98.72941532427394, "params": {"C": 6.6923620112425, "epsilon": 2.6492690846723277, "gamma": 0.6634417108009728, "lamda": 3.700904970721272}, "datetime": {"datetime": "2021-06-16 14:28:47", "elapsed": 365.53005, "delta": 5.676381}}
{"target": -21.743868521578275, "params": {"C": 6.297212098464943, "epsilon": 2.1018190817474047, "gamma": 7.527580261832765, "lamda": 0.665458159893014}, "datetime": {"datetime": "2021-06-16 14:28:48", "elapsed": 365.950829, "delta": 0.420779}}
{"target": -98.85976845747828, "params": {"C": 2.603224954275552, "epsilon": 8.04756516197708, "gamma": 1.934423482805015, "lamda": 6.3946448627113135}, "datetime": {"datetime": "2021-06-16 14:28:57", "elapsed": 374.681006, "delta": 8.730177}}
{"target": -99.09965995841148, "params": {"C": 5.246750624206425, "epsilon": 9.248087223196467, "gamma": 2.633041375194061, "lamda": 0.6597043107311694}, "datetime": {"datetime": "2021-06-16 14:29:05", "elapsed": 383.132491, "delta": 8.451485}}
{"target": -112.9002997393697, "params": {"C": 7.350686126290365, "epsilon": 7.721803077629513, "gamma": 9.07816774344999, "lamda": 9.319727494761453}, "datetime": {"datetime": "2021-06-16 14:29:14", "elapsed": 392.007004, "delta": 8.874513}}
{"target": -108.96748311916042, "params": {"C": 0.1396143345986726, "epsilon": 2.343697425005593, "gamma": 6.167821892180876, "lamda": 9.490168305244095}, "datetime": {"datetime": "2021-06-16 14:29:29", "elapsed": 406.855392, "delta": 14.848388}}
{"target": -112.42863346741983, "params": {"C": 9.501766174858872, "epsilon": 5.566576216632744, "gamma": 9.156071937027768, "lamda": 6.41569793284248}, "datetime": {"datetime": "2021-06-16 14:29:38", "elapsed": 415.6899, "delta": 8.834508}}
{"target": -19.148144203326314, "params": {"C": 3.9001381406410487, "epsilon": 4.859958071902388, "gamma": 6.0431443981514406, "lamda": 5.495524260293474}, "datetime": {"datetime": "2021-06-16 14:29:38", "elapsed": 416.075381, "delta": 0.385481}}
{"target": -108.5684673539359, "params": {"C": 9.261821648921865, "epsilon": 9.187342482992497, "gamma": 3.9488166416742567, "lamda": 9.632628958154275}, "datetime": {"datetime": "2021-06-16 14:29:47", "elapsed": 424.844894, "delta": 8.769513}}
{"target": -104.91659794989533, "params": {"C": 1.7396392712379756, "epsilon": 1.2633825614444294, "gamma": 1.3508780725515086, "lamda": 5.056671090552399}, "datetime": {"datetime": "2021-06-16 14:29:56", "elapsed": 433.936954, "delta": 9.09206}}
{"target": -30.99782332992818, "params": {"C": 0.21534590026145237, "epsilon": 9.479707315155688, "gamma": 8.271172000160208, "lamda": 0.15028830552314956}, "datetime": {"datetime": "2021-06-16 14:29:56", "elapsed": 434.364058, "delta": 0.427104}}
{"target": -97.83058196267613, "params": {"C": 1.762044936124995, "epsilon": 3.3207025373109333, "gamma": 1.3100553484246877, "lamda": 8.094925972196608}, "datetime": {"datetime": "2021-06-16 14:30:05", "elapsed": 443.224364, "delta": 8.860306}}
{"target": -106.067633936632, "params": {"C": 3.4474320531676663, "epsilon": 9.401080812585437, "gamma": 5.820183598052806, "lamda": 8.788331960919999}, "datetime": {"datetime": "2021-06-16 14:30:14", "elapsed": 452.14724, "delta": 8.922876}}
{"target": -155.72548010361209, "params": {"C": 8.44735998047768, "epsilon": 9.053932647854621, "gamma": 4.598856670141488, "lamda": 5.4635135255221305}, "datetime": {"datetime": "2021-06-16 14:30:24", "elapsed": 461.97953, "delta": 9.83229}}
{"target": -104.79048221910281, "params": {"C": 7.986056051161278, "epsilon": 2.8572599454563026, "gamma": 4.902586200847015, "lamda": 5.991143165428019}, "datetime": {"datetime": "2021-06-16 14:30:34", "elapsed": 471.84653, "delta": 9.867}}
{"target": -131.09974394109884, "params": {"C": 0.15543120218080214, "epsilon": 5.934854733825552, "gamma": 4.336820122259684, "lamda": 8.073624552795525}, "datetime": {"datetime": "2021-06-16 14:30:50", "elapsed": 488.168331, "delta": 16.321801}}
{"target": -105.47988080730839, "params": {"C": 3.1525165064734204, "epsilon": 8.92889779638066, "gamma": 5.778614367123827, "lamda": 1.840183615254488}, "datetime": {"datetime": "2021-06-16 14:31:00", "elapsed": 497.944548, "delta": 9.776217}}
{"target": -99.1492457954002, "params": {"C": 7.8793135453316605, "epsilon": 6.120350567331634, "gamma": 0.5391873298103221, "lamda": 4.2019947806433215}, "datetime": {"datetime": "2021-06-16 14:31:09", "elapsed": 507.493499, "delta": 9.548951}}
{"target": -361.5126833020867, "params": {"C": 6.79072045877064, "epsilon": 9.18602591959746, "gamma": 0.004120208711085196, "lamda": 9.767593814395694}, "datetime": {"datetime": "2021-06-16 14:31:19", "elapsed": 517.531888, "delta": 10.038389}}
{"target": -127.58811448077823, "params": {"C": 3.7658654894262704, "epsilon": 9.73783800522939, "gamma": 6.047200538130433, "lamda": 8.288475195226132}, "datetime": {"datetime": "2021-06-16 14:31:29", "elapsed": 527.317178, "delta": 9.78529}}
{"target": -101.70161031353393, "params": {"C": 5.747157575930552, "epsilon": 6.280799175453673, "gamma": 2.85583425932877, "lamda": 5.868374723226764}, "datetime": {"datetime": "2021-06-16 14:31:39", "elapsed": 537.00499, "delta": 9.687812}}
{"target": -102.88198379855899, "params": {"C": 7.500242634850229, "epsilon": 8.58315253290678, "gamma": 7.5508463764579545, "lamda": 6.980602678748185}, "datetime": {"datetime": "2021-06-16 14:31:49", "elapsed": 546.845253, "delta": 9.840263}}
{"target": -98.75163435367467, "params": {"C": 8.644807852602993, "epsilon": 3.226877700267781, "gamma": 6.7079208289967935, "lamda": 4.508794276739851}, "datetime": {"datetime": "2021-06-16 14:31:58", "elapsed": 556.505917, "delta": 9.660664}}
{"target": -146.9124680780461, "params": {"C": 3.8210893100399694, "epsilon": 4.1081724180868635, "gamma": 4.014855686737059, "lamda": 3.1739077211881734}, "datetime": {"datetime": "2021-06-16 14:32:08", "elapsed": 566.153081, "delta": 9.647164}}
{"target": -108.40078736840553, "params": {"C": 6.219231487266223, "epsilon": 4.302529683485561, "gamma": 9.73802339906473, "lamda": 6.778041134253968}, "datetime": {"datetime": "2021-06-16 14:32:18", "elapsed": 575.80448, "delta": 9.651399}}
{"target": -101.92067953735513, "params": {"C": 1.985779027282266, "epsilon": 4.267067423379393, "gamma": 3.433528063120253, "lamda": 7.9764082757052694}, "datetime": {"datetime": "2021-06-16 14:32:28", "elapsed": 585.81583, "delta": 10.01135}}
{"target": -96.12473946644835, "params": {"C": 8.79999488580546, "epsilon": 9.038429174068137, "gamma": 6.627231851771385, "lamda": 2.702155599471375}, "datetime": {"datetime": "2021-06-16 14:32:37", "elapsed": 595.516537, "delta": 9.700707}}
{"target": -100.15361799947222, "params": {"C": 2.523741778375747, "epsilon": 8.548993937179754, "gamma": 5.277193691622836, "lamda": 8.02163062393758}, "datetime": {"datetime": "2021-06-16 14:32:47", "elapsed": 605.508365, "delta": 9.991828}}
{"target": -110.94346748322934, "params": {"C": 5.724927923064344, "epsilon": 7.331451938622583, "gamma": 5.190164373477812, "lamda": 7.70886201662783}, "datetime": {"datetime": "2021-06-16 14:32:57", "elapsed": 615.179989, "delta": 9.671624}}
{"target": -64.31927856731465, "params": {"C": 5.688623021248085, "epsilon": 4.6571522149319495, "gamma": 3.4269548106420227, "lamda": 0.6821866632321996}, "datetime": {"datetime": "2021-06-16 14:32:58", "elapsed": 615.665269, "delta": 0.48528}}
{"target": -19.270895867129063, "params": {"C": 3.779304000863066, "epsilon": 0.7963528143747538, "gamma": 9.828172855593078, "lamda": 1.8162103520225046}, "datetime": {"datetime": "2021-06-16 14:32:58", "elapsed": 616.081984, "delta": 0.416715}}
{"target": -103.67946970256014, "params": {"C": 8.118605791335625, "epsilon": 8.749628953394486, "gamma": 6.8841636825341945, "lamda": 5.694987178012482}, "datetime": {"datetime": "2021-06-16 14:33:08", "elapsed": 625.820293, "delta": 9.738309}}
{"target": -111.17482791265083, "params": {"C": 1.6097982710124061, "epsilon": 4.668853539630787, "gamma": 3.4517859943470346, "lamda": 2.250477074145065}, "datetime": {"datetime": "2021-06-16 14:33:18", "elapsed": 635.665402, "delta": 9.845109}}
{"target": -107.27965633279106, "params": {"C": 5.925159436471091, "epsilon": 3.1227671500353997, "gamma": 9.16306390412816, "lamda": 9.096364285963075}, "datetime": {"datetime": "2021-06-16 14:33:27", "elapsed": 645.49157, "delta": 9.826168}}
{"target": -119.88360751143014, "params": {"C": 2.571257225992584, "epsilon": 1.1090019183102175, "gamma": 1.9297080239179265, "lamda": 4.995891748371792}, "datetime": {"datetime": "2021-06-16 14:33:37", "elapsed": 655.067011, "delta": 9.575441}}
{"target": -104.43847844387093, "params": {"C": 7.285883821179165, "epsilon": 2.082023564644074, "gamma": 2.4804107804164697, "lamda": 8.516733582176176}, "datetime": {"datetime": "2021-06-16 14:33:47", "elapsed": 664.717921, "delta": 9.65091}}
{"target": -100.28040997376748, "params": {"C": 4.158545597803447, "epsilon": 6.166889003045647, "gamma": 2.336738025778577, "lamda": 1.0197623975320318}, "datetime": {"datetime": "2021-06-16 14:33:56", "elapsed": 674.52374, "delta": 9.805819}}
{"target": -100.00254959503765, "params": {"C": 5.158618583983601, "epsilon": 4.771462156399118, "gamma": 1.5268011737672231, "lamda": 6.218100136780981}, "datetime": {"datetime": "2021-06-16 14:34:06", "elapsed": 684.359672, "delta": 9.835932}}
{"target": -107.54337979007329, "params": {"C": 5.4401467871274996, "epsilon": 6.541408055972746, "gamma": 1.4455409466925857, "lamda": 7.515303018570725}, "datetime": {"datetime": "2021-06-16 14:34:16", "elapsed": 694.302704, "delta": 9.943032}}
{"target": -21.471550890326505, "params": {"C": 2.220569193085247, "epsilon": 5.193566308477894, "gamma": 7.852981752613367, "lamda": 0.2234020468752626}, "datetime": {"datetime": "2021-06-16 14:34:17", "elapsed": 694.719575, "delta": 0.416871}}
{"target": -134.12462854268549, "params": {"C": 3.2436921610158924, "epsilon": 8.729236471763471, "gamma": 8.447111605059936, "lamda": 5.384452081886177}, "datetime": {"datetime": "2021-06-16 14:34:27", "elapsed": 704.59451, "delta": 9.874935}}
{"target": -115.59429058011479, "params": {"C": 8.666096080837713, "epsilon": 9.49806493293713, "gamma": 8.26408733559365, "lamda": 8.541169026821004}, "datetime": {"datetime": "2021-06-16 14:34:36", "elapsed": 714.267969, "delta": 9.673459}}
{"target": -102.4495975680572, "params": {"C": 0.9875241438633016, "epsilon": 6.513078192976677, "gamma": 7.035199529827715, "lamda": 6.102447102385032}, "datetime": {"datetime": "2021-06-16 14:34:52", "elapsed": 729.869733, "delta": 15.601764}}
{"target": -162.14450613789444, "params": {"C": 7.996172655834107, "epsilon": 0.3458087415943553, "gamma": 7.702410321676344, "lamda": 7.317312834535196}, "datetime": {"datetime": "2021-06-16 14:35:02", "elapsed": 739.581015, "delta": 9.711282}}
{"target": -101.05929178792617, "params": {"C": 2.5970579631442012, "epsilon": 2.5707672812915847, "gamma": 6.323069943969535, "lamda": 3.453040086164657}, "datetime": {"datetime": "2021-06-16 14:35:11", "elapsed": 749.396525, "delta": 9.81551}}
