{"target": -114.31910670623529, "params": {"C": 7.965907121205074, "epsilon": 4.461517705411373, "gamma": 7.827515872900241, "lamda": 9.904718789060045}, "datetime": {"datetime": "2021-06-16 14:35:21", "elapsed": 759.084037, "delta": 9.687512}}
{"target": -109.10397636163047, "params": {"C": 3.0025533705050473, "epsilon": 1.430143981998168, "gamma": 9.013094232649104, "lamda": 5.415639632935844}, "datetime": {"datetime": "2021-06-16 14:35:31", "elapsed": 769.16375, "delta": 10.079713}}
{"target": -105.13780468421874, "params": {"C": 9.747406234513736, "epsilon": 6.366080339578972, "gamma": 9.939130854802329, "lamda": 5.460753434349102}, "datetime": {"datetime": "2021-06-16 14:35:41", "elapsed": 778.765176, "delta": 9.601426}}
{"target": -50.99604919066881, "params": {"C": 5.264306696461822, "epsilon": 1.3543654879313918, "gamma": 3.557116139321713, "lamda": 0.26228305110700323}, "datetime": {"datetime": "2021-06-16 14:35:41", "elapsed": 779.235392, "delta": 0.470216}}
{"target": -98.82409060941134, "params": {"C": 1.604035755678539, "epsilon": 7.4563973633556895, "gamma": 0.30409385931889543, "lamda": 3.6654943181277195}, "datetime": {"datetime": "2021-06-16 14:35:51", "elapsed": 789.115157, "delta": 9.879765}}
{"target": -20.008565639799905, "params": {"C": 8.623476293755157, "epsilon": 6.926807907301792, "gamma": 6.909452326447479, "lamda": 1.8864491458730133}, "datetime": {"datetime": "2021-06-16 14:35:52", "elapsed": 789.578855, "delta": 0.463698}}
{"target": -18.02808630085087, "params": {"C": 4.419098617056159, "epsilon": 5.815815915702178, "gamma": 9.897518101466286, "lamda": 2.0391418617086954}, "datetime": {"datetime": "2021-06-16 14:35:52", "elapsed": 790.01112, "delta": 0.432265}}
{"target": -107.50125753673842, "params": {"C": 2.4774042443333726, "epsilon": 2.6218046204207424, "gamma": 7.501749115738598, "lamda": 4.569807576824184}, "datetime": {"datetime": "2021-06-16 14:36:02", "elapsed": 800.176757, "delta": 10.165637}}
{"target": -98.63370166175555, "params": {"C": 0.5693886911671088, "epsilon": 5.0852115544783345, "gamma": 2.1196804504202955, "lamda": 7.986062587177626}, "datetime": {"datetime": "2021-06-16 14:36:18", "elapsed": 815.767847, "delta": 15.59109}}
{"target": -96.76887914812382, "params": {"C": 2.973384081934572, "epsilon": 0.27615735894384086, "gamma": 5.934365151401264, "lamda": 8.438419905268995}, "datetime": {"datetime": "2021-06-16 14:36:28", "elapsed": 825.782387, "delta": 10.01454}}
{"target": -103.77228192138577, "params": {"C": 3.810223139009736, "epsilon": 7.498608121430362, "gamma": 5.111463668823452, "lamda": 5.40956395444139}, "datetime": {"datetime": "2021-06-16 14:36:38", "elapsed": 835.603055, "delta": 9.820668}}
{"target": -98.72581141507904, "params": {"C": 0.0772977878556122, "epsilon": 1.618693156033541, "gamma": 7.093719404796567, "lamda": 7.64739211623011}, "datetime": {"datetime": "2021-06-16 14:36:54", "elapsed": 851.878726, "delta": 16.275671}}
{"target": -138.84903941251343, "params": {"C": 4.425628918822878, "epsilon": 4.134765732269876, "gamma": 5.478094677362129, "lamda": 7.442041395594204}, "datetime": {"datetime": "2021-06-16 14:37:04", "elapsed": 861.963866, "delta": 10.08514}}
{"target": -111.13182415123599, "params": {"C": 6.233894524217247, "epsilon": 2.2323230435600876, "gamma": 9.590950560767121, "lamda": 8.046869681198507}, "datetime": {"datetime": "2021-06-16 14:37:14", "elapsed": 872.023061, "delta": 10.059195}}
{"target": -130.92128653553704, "params": {"C": 0.2121606158989231, "epsilon": 8.078831608143249, "gamma": 9.648558925477772, "lamda": 7.020760065133231}, "datetime": {"datetime": "2021-06-16 14:37:30", "elapsed": 888.324581, "delta": 16.30152}}
{"target": -102.6993876536305, "params": {"C": 3.6442554737551287, "epsilon": 0.22407887152448158, "gamma": 1.5242282205328734, "lamda": 9.71521808666264}, "datetime": {"datetime": "2021-06-16 14:37:40", "elapsed": 898.294063, "delta": 9.969482}}
{"target": -21.112558356167398, "params": {"C": 9.953002549664504, "epsilon": 3.251792541576525, "gamma": 8.168678143295882, "lamda": 0.4464351088144561}, "datetime": {"datetime": "2021-06-16 14:37:41", "elapsed": 898.99619, "delta": 0.702127}}
{"target": -107.4899965978675, "params": {"C": 9.812314816656254, "epsilon": 2.7042462430778746, "gamma": 8.087869302195873, "lamda": 4.465648665355073}, "datetime": {"datetime": "2021-06-16 14:37:51", "elapsed": 908.919045, "delta": 9.922855}}
{"target": -103.8848486674099, "params": {"C": 3.2488251264139802, "epsilon": 6.3578505837163215, "gamma": 4.005111043098242, "lamda": 7.515572843666053}, "datetime": {"datetime": "2021-06-16 14:38:01", "elapsed": 919.012215, "delta": 10.09317}}
{"target": -95.65861197923098, "params": {"C": 3.0591816155823763, "epsilon": 6.766565374799866, "gamma": 5.513862144576977, "lamda": 3.1586450927760463}, "datetime": {"datetime": "2021-06-16 14:38:11", "elapsed": 928.887038, "delta": 9.874823}}
{"target": -99.11507746147848, "params": {"C": 3.9719055897531117, "epsilon": 1.9418595464022872, "gamma": 0.5286544840567299, "lamda": 3.4495858166262825}, "datetime": {"datetime": "2021-06-16 14:38:20", "elapsed": 938.439258, "delta": 9.55222}}
{"target": -98.47268192295809, "params": {"C": 0.0947355752209741, "epsilon": 5.502087314154032, "gamma": 1.6199665642396057, "lamda": 4.778044211804538}, "datetime": {"datetime": "2021-06-16 14:38:37", "elapsed": 954.692229, "delta": 16.252971}}
{"target": -111.23561185203297, "params": {"C": 3.3235934173637114, "epsilon": 4.847976585885629, "gamma": 4.168321404252422, "lamda": 8.208320708553769}, "datetime": {"datetime": "2021-06-16 14:38:47", "elapsed": 964.800048, "delta": 10.107819}}
{"target": -102.36422999647483, "params": {"C": 2.3406473363032703, "epsilon": 4.470073856601706, "gamma": 5.501142119482861, "lamda": 9.491831955991364}, "datetime": {"datetime": "2021-06-16 14:38:57", "elapsed": 975.160591, "delta": 10.360543}}
{"target": -105.58235392942721, "params": {"C": 1.1787988447244033, "epsilon": 5.505355904657206, "gamma": 4.9147022580784885, "lamda": 1.4596910122320264}, "datetime": {"datetime": "2021-06-16 14:39:07", "elapsed": 985.241986, "delta": 10.081395}}
{"target": -98.69770946668082, "params": {"C": 2.6272758148092223, "epsilon": 0.21843636972980474, "gamma": 1.6747812821321002, "lamda": 6.4163155414177435}, "datetime": {"datetime": "2021-06-16 14:39:17", "elapsed": 995.399937, "delta": 10.157951}}
{"target": -31.072638554148725, "params": {"C": 1.9608933895027807, "epsilon": 4.00375109500206, "gamma": 5.153332730724141, "lamda": 0.7009543863741317}, "datetime": {"datetime": "2021-06-16 14:39:18", "elapsed": 996.170452, "delta": 0.770515}}
{"target": -103.65069999869638, "params": {"C": 1.807967117925186, "epsilon": 2.717785767816348, "gamma": 8.035425822457736, "lamda": 6.4804206320794435}, "datetime": {"datetime": "2021-06-16 14:39:34", "elapsed": 1011.765983, "delta": 15.595531}}
{"target": -207.63633843787312, "params": {"C": 1.337216406156671, "epsilon": 5.078535301126842, "gamma": 8.891044310736104, "lamda": 5.671684213474736}, "datetime": {"datetime": "2021-06-16 14:39:49", "elapsed": 1026.923808, "delta": 15.157825}}
{"target": -99.69629037705555, "params": {"C": 1.5164528905152894, "epsilon": 2.0427207826871276, "gamma": 6.724789162394482, "lamda": 8.748131127292641}, "datetime": {"datetime": "2021-06-16 14:40:04", "elapsed": 1042.438355, "delta": 15.514547}}
{"target": -99.96020201024763, "params": {"C": 8.180437685921804, "epsilon": 1.6353507680983137, "gamma": 0.15043067166778598, "lamda": 1.6099709870695886}, "datetime": {"datetime": "2021-06-16 14:40:14", "elapsed": 1052.460723, "delta": 10.022368}}
{"target": -105.00520140503065, "params": {"C": 9.860098293408537, "epsilon": 7.083305566218822, "gamma": 5.825172457136773, "lamda": 7.461269615306163}, "datetime": {"datetime": "2021-06-16 14:40:25", "elapsed": 1062.929395, "delta": 10.468672}}
{"target": -52.003250814132294, "params": {"C": 8.99000043341202, "epsilon": 4.522249266130103, "gamma": 3.9922087254925707, "lamda": 3.115350939619971}, "datetime": {"datetime": "2021-06-16 14:40:26", "elapsed": 1063.693012, "delta": 0.763617}}
{"target": -100.99983334194194, "params": {"C": 7.0170406416391, "epsilon": 3.8424198846718682, "gamma": 2.683726670482263, "lamda": 4.891884868744387}, "datetime": {"datetime": "2021-06-16 14:40:36", "elapsed": 1074.114335, "delta": 10.421323}}
{"target": -103.65302192029904, "params": {"C": 9.942383418596519, "epsilon": 2.558490854007937, "gamma": 6.186326454579598, "lamda": 3.6984401244126577}, "datetime": {"datetime": "2021-06-16 14:40:46", "elapsed": 1084.34326, "delta": 10.228925}}
{"target": -19.024854851907634, "params": {"C": 9.443875134902997, "epsilon": 5.870452913332265, "gamma": 9.03555086267774, "lamda": 1.3732071901540779}, "datetime": {"datetime": "2021-06-16 14:40:48", "elapsed": 1085.716268, "delta": 1.373008}}
{"target": -21.746676976684327, "params": {"C": 6.294670391905382, "epsilon": 2.0993009947311343, "gamma": 7.528201321833156, "lamda": 0.6605394738938429}, "datetime": {"datetime": "2021-06-16 14:40:49", "elapsed": 1087.188925, "delta": 1.472657}}
{"target": -21.809222747630468, "params": {"C": 2.145699705283911, "epsilon": 5.3496893236384295, "gamma": 7.911736769141007, "lamda": 0.1402404513774595}, "datetime": {"datetime": "2021-06-16 14:40:51", "elapsed": 1088.723963, "delta": 1.535038}}
{"target": -114.00575226277954, "params": {"C": 4.885041438613933, "epsilon": 0.642041987748009, "gamma": 3.2964343751320295, "lamda": 6.4018442225652565}, "datetime": {"datetime": "2021-06-16 14:41:01", "elapsed": 1098.690946, "delta": 9.966983}}
{"target": -19.151896209632703, "params": {"C": 3.8988332153252228, "epsilon": 4.863232195293597, "gamma": 6.0443460930122646, "lamda": 5.489178382813705}, "datetime": {"datetime": "2021-06-16 14:41:02", "elapsed": 1100.254319, "delta": 1.563373}}
{"target": -150.32148566059155, "params": {"C": 6.55066767723184, "epsilon": 2.1775852063787227, "gamma": 7.026581264625974, "lamda": 9.069986108671872}, "datetime": {"datetime": "2021-06-16 14:41:12", "elapsed": 1110.295604, "delta": 10.041285}}
{"target": -18.02620892355566, "params": {"C": 4.420054581350374, "epsilon": 5.811044712218256, "gamma": 9.897177806171019, "lamda": 2.0445794448989156}, "datetime": {"datetime": "2021-06-16 14:41:14", "elapsed": 1112.154553, "delta": 1.858949}}
{"target": -19.157017605625803, "params": {"C": 3.9030138096425224, "epsilon": 4.855835074375598, "gamma": 6.044830054490221, "lamda": 5.48932490681802}, "datetime": {"datetime": "2021-06-16 14:41:16", "elapsed": 1113.804983, "delta": 1.65043}}
{"target": -19.166235270012912, "params": {"C": 3.9003869575510164, "epsilon": 4.86030682357713, "gamma": 6.05135034570739, "lamda": 5.493412253368855}, "datetime": {"datetime": "2021-06-16 14:41:17", "elapsed": 1115.352764, "delta": 1.547781}}
{"target": -21.113196417720733, "params": {"C": 9.952238521738552, "epsilon": 3.259503170639646, "gamma": 8.167954918312867, "lamda": 0.4460482472999202}, "datetime": {"datetime": "2021-06-16 14:41:19", "elapsed": 1117.2724, "delta": 1.919636}}
{"target": -100.17974239737862, "params": {"C": 9.307028739986468, "epsilon": 9.124912860374835, "gamma": 7.549451853790873, "lamda": 6.893519121815831}, "datetime": {"datetime": "2021-06-16 14:41:29", "elapsed": 1127.298834, "delta": 10.026434}}
{"target": -19.03783004842446, "params": {"C": 9.447542345258498, "epsilon": 5.865321078864297, "gamma": 9.038485541961364, "lamda": 1.3683301527777738}, "datetime": {"datetime": "2021-06-16 14:41:31", "elapsed": 1128.94899, "delta": 1.650156}}
{"target": -102.30388853677069, "params": {"C": 3.5015892437849785, "epsilon": 9.42919079975053, "gamma": 3.7935347024648416, "lamda": 2.893963804326745}, "datetime": {"datetime": "2021-06-16 14:41:41", "elapsed": 1138.968523, "delta": 10.019533}}
{"target": -20.197004615947435, "params": {"C": 7.54382377852778, "epsilon": 9.228266003908873, "gamma": 7.1135115917496705, "lamda": 1.2482808385463053}, "datetime": {"datetime": "2021-06-16 14:41:43", "elapsed": 1140.745552, "delta": 1.777029}}
{"target": -21.746025445024372, "params": {"C": 6.302486027202815, "epsilon": 2.102905294329748, "gamma": 7.529496274789559, "lamda": 0.6591136875261047}, "datetime": {"datetime": "2021-06-16 14:41:45", "elapsed": 1142.625192, "delta": 1.87964}}
{"target": -165.65917430923238, "params": {"C": 4.214177118537093, "epsilon": 4.180610144282616, "gamma": 8.249343161635453, "lamda": 3.5796206633744294}, "datetime": {"datetime": "2021-06-16 14:41:55", "elapsed": 1152.786765, "delta": 10.161573}}
{"target": -19.15015587861643, "params": {"C": 3.9073550665689085, "epsilon": 4.863813812079833, "gamma": 6.044508730950273, "lamda": 5.49252314890406}, "datetime": {"datetime": "2021-06-16 14:41:57", "elapsed": 1154.775813, "delta": 1.989048}}
{"target": -98.44304572342924, "params": {"C": 9.903168865305398, "epsilon": 6.440433195965342, "gamma": 0.8781930778796925, "lamda": 0.7062809845015187}, "datetime": {"datetime": "2021-06-16 14:42:07", "elapsed": 1164.66333, "delta": 9.887517}}
{"target": -18.029615930489292, "params": {"C": 4.414282738132951, "epsilon": 5.809174628365322, "gamma": 9.894340701023202, "lamda": 2.0391620453864423}, "datetime": {"datetime": "2021-06-16 14:42:08", "elapsed": 1166.515255, "delta": 1.851925}}
{"target": -22.243985089578004, "params": {"C": 5.740876577876283, "epsilon": 1.4754688088862202, "gamma": 5.890989251977532, "lamda": 6.99804666547651}, "datetime": {"datetime": "2021-06-16 14:42:10", "elapsed": 1168.553295, "delta": 2.03804}}
{"target": -104.83502589806872, "params": {"C": 3.801690449618153, "epsilon": 8.483973483750145, "gamma": 4.10943862458638, "lamda": 3.728442449113918}, "datetime": {"datetime": "2021-06-16 14:42:21", "elapsed": 1178.566495, "delta": 10.0132}}
{"target": -31.08139706950101, "params": {"C": 1.9622358967086928, "epsilon": 3.9920907743881187, "gamma": 5.151265805492404, "lamda": 0.6995095047617494}, "datetime": {"datetime": "2021-06-16 14:42:23", "elapsed": 1180.593498, "delta": 2.027003}}
{"target": -37.997256623595305, "params": {"C": 0.21905765078519393, "epsilon": 9.471287552982272, "gamma": 8.269309855822945, "lamda": 0.15191368648306877}, "datetime": {"datetime": "2021-06-16 14:42:25", "elapsed": 1183.021497, "delta": 2.427999}}
{"target": -18.978905723808992, "params": {"C": 9.383750089186611, "epsilon": 5.797192874858063, "gamma": 8.88767236607402, "lamda": 1.4287808425766118}, "datetime": {"datetime": "2021-06-16 14:42:26", "elapsed": 1183.738521, "delta": 0.717024}}
{"target": -20.47648293512854, "params": {"C": 2.8657248046938837, "epsilon": 1.03876072395582, "gamma": 8.535678711705389, "lamda": 1.4116113540383595}, "datetime": {"datetime": "2021-06-16 14:42:26", "elapsed": 1184.531524, "delta": 0.793003}}
{"target": -116.10031030736407, "params": {"C": 3.691572334070172, "epsilon": 5.032875135589583, "gamma": 6.320970339164035, "lamda": 5.308269160477775}, "datetime": {"datetime": "2021-06-16 14:42:37", "elapsed": 1194.690522, "delta": 10.158998}}
{"target": -20.421180856171695, "params": {"C": 2.940078747697902, "epsilon": 1.0309861867710506, "gamma": 8.583270815060835, "lamda": 1.4022367526344077}, "datetime": {"datetime": "2021-06-16 14:42:37", "elapsed": 1195.422519, "delta": 0.731997}}
{"target": -20.310905852456937, "params": {"C": 7.58012304755693, "epsilon": 9.035923959115905, "gamma": 7.179005033851195, "lamda": 1.0798694901427293}, "datetime": {"datetime": "2021-06-16 14:42:38", "elapsed": 1196.196562, "delta": 0.774043}}
{"target": -20.252731366842028, "params": {"C": 2.8698670579716463, "epsilon": 0.9131446770672025, "gamma": 8.745732162935042, "lamda": 1.4056340616851848}, "datetime": {"datetime": "2021-06-16 14:42:39", "elapsed": 1197.06852, "delta": 0.871958}}
{"target": -31.34131049830544, "params": {"C": 2.1842841531816215, "epsilon": 3.978485628493443, "gamma": 5.325692230230532, "lamda": 0.571119365503659}, "datetime": {"datetime": "2021-06-16 14:42:40", "elapsed": 1197.838519, "delta": 0.769999}}
{"target": -30.393200118124913, "params": {"C": 2.1161413881200795, "epsilon": 2.6529276736621363, "gamma": 4.912630059881822, "lamda": 0.5311144236524462}, "datetime": {"datetime": "2021-06-16 14:42:41", "elapsed": 1198.724521, "delta": 0.886002}}
{"target": -20.302886829568344, "params": {"C": 7.558691762371425, "epsilon": 9.160813236006401, "gamma": 7.135359937149264, "lamda": 1.1925330769323288}, "datetime": {"datetime": "2021-06-16 14:42:42", "elapsed": 1199.617562, "delta": 0.893041}}
{"target": -21.74449577096592, "params": {"C": 6.3003213366193735, "epsilon": 2.0980149309395997, "gamma": 7.529879951944708, "lamda": 0.6624133421795724}, "datetime": {"datetime": "2021-06-16 14:42:42", "elapsed": 1200.558553, "delta": 0.940991}}
{"target": -107.6903824790971, "params": {"C": 4.099431979112089, "epsilon": 4.733563812916369, "gamma": 6.114692365501041, "lamda": 5.623752978761158}, "datetime": {"datetime": "2021-06-16 14:42:53", "elapsed": 1210.808827, "delta": 10.250274}}
{"target": -18.029310969791982, "params": {"C": 4.420238924597633, "epsilon": 5.810880657123551, "gamma": 9.894018207116066, "lamda": 2.0393638101894864}, "datetime": {"datetime": "2021-06-16 14:42:54", "elapsed": 1211.709061, "delta": 0.900234}}
{"target": -21.70405461678827, "params": {"C": 6.5065061350029065, "epsilon": 1.8098164342953247, "gamma": 7.523848650726066, "lamda": 0.8338797535967459}, "datetime": {"datetime": "2021-06-16 14:42:55", "elapsed": 1212.625432, "delta": 0.916371}}
{"target": -138.40462083690207, "params": {"C": 7.993173322399795, "epsilon": 2.7202974470277583, "gamma": 6.986422935368969, "lamda": 4.439088245508474}, "datetime": {"datetime": "2021-06-16 14:43:05", "elapsed": 1222.652691, "delta": 10.027259}}
{"target": -125.62143919356427, "params": {"C": 0.44193103897112557, "epsilon": 0.1972007852101291, "gamma": 0.1565716006857137, "lamda": 2.3548005799236664}, "datetime": {"datetime": "2021-06-16 14:43:15", "elapsed": 1232.702166, "delta": 10.049475}}
{"target": -31.21298911488561, "params": {"C": 1.9860019923982593, "epsilon": 3.9980527636215295, "gamma": 5.1719348586077984, "lamda": 0.6861961455336637}, "datetime": {"datetime": "2021-06-16 14:43:16", "elapsed": 1233.60993, "delta": 0.907764}}
{"target": -13.620461522629162, "params": {"C": 0.07956073449954702, "epsilon": 9.76547408096402, "gamma": 8.009658893225906, "lamda": 0.2547557674210935}, "datetime": {"datetime": "2021-06-16 14:43:16", "elapsed": 1234.358938, "delta": 0.749008}}
{"target": -20.37400645153497, "params": {"C": 2.8812114993232463, "epsilon": 0.9857424866246802, "gamma": 8.630749035801383, "lamda": 1.4074190576917862}, "datetime": {"datetime": "2021-06-16 14:43:17", "elapsed": 1235.307365, "delta": 0.948427}}
{"target": -20.830946728077773, "params": {"C": 9.718545934287347, "epsilon": 3.4869230182884166, "gamma": 8.234778289971711, "lamda": 0.6553269846472436}, "datetime": {"datetime": "2021-06-16 14:43:18", "elapsed": 1236.194212, "delta": 0.886847}}
{"target": -57.78582103017927, "params": {"C": 5.284301642358985, "epsilon": 1.3679499002030866, "gamma": 3.5974301170427108, "lamda": 0.054408788740958544}, "datetime": {"datetime": "2021-06-16 14:43:19", "elapsed": 1237.064929, "delta": 0.870717}}
{"target": -5636.051747787651, "params": {"C": 5.699173140057602, "epsilon": 0.34840348033729285, "gamma": 8.385169274210849, "lamda": 5.403449462447108}, "datetime": {"datetime": "2021-06-16 14:43:29", "elapsed": 1247.228142, "delta": 10.163213}}
{"target": -19.210685728119014, "params": {"C": 3.933618550499884, "epsilon": 4.844927090983237, "gamma": 6.055911669485162, "lamda": 5.449104739879415}, "datetime": {"datetime": "2021-06-16 14:43:30", "elapsed": 1248.45122, "delta": 1.223078}}
{"target": -31.102658663868098, "params": {"C": 1.9737396604185327, "epsilon": 3.9987078033487236, "gamma": 5.156228726627577, "lamda": 0.6975967653869056}, "datetime": {"datetime": "2021-06-16 14:43:32", "elapsed": 1249.670037, "delta": 1.218817}}
{"target": -20.08954467561284, "params": {"C": 7.520887843536558, "epsilon": 8.87503648587175, "gamma": 7.1516029594394155, "lamda": 1.3293790792606113}, "datetime": {"datetime": "2021-06-16 14:43:33", "elapsed": 1250.915083, "delta": 1.245046}}
{"target": -19.13997759217169, "params": {"C": 3.7969511176901345, "epsilon": 0.6337812912921361, "gamma": 9.85280893270792, "lamda": 1.7937911730380944}, "datetime": {"datetime": "2021-06-16 14:43:34", "elapsed": 1251.976679, "delta": 1.061596}}
{"target": -109.25328781729246, "params": {"C": 5.273043633286948, "epsilon": 8.080732226692211, "gamma": 7.900017310404027, "lamda": 6.432232732072526}, "datetime": {"datetime": "2021-06-16 14:43:44", "elapsed": 1262.088934, "delta": 10.112255}}
{"target": -18.026999166485933, "params": {"C": 4.415878382343085, "epsilon": 5.814327980578322, "gamma": 9.893520932515859, "lamda": 2.043177304493896}, "datetime": {"datetime": "2021-06-16 14:43:45", "elapsed": 1263.395797, "delta": 1.306863}}
{"target": -18.02774265582905, "params": {"C": 4.41669066762171, "epsilon": 5.811857113448524, "gamma": 9.89736321413004, "lamda": 2.041126164643443}, "datetime": {"datetime": "2021-06-16 14:43:46", "elapsed": 1264.504428, "delta": 1.108631}}
{"target": -29.957208565239046, "params": {"C": 1.975085924823788, "epsilon": 3.7954012598761393, "gamma": 5.191021224556541, "lamda": 0.8208253411074989}, "datetime": {"datetime": "2021-06-16 14:43:47", "elapsed": 1265.529098, "delta": 1.02467}}
{"target": -20.44568150424656, "params": {"C": 2.8560584179965143, "epsilon": 0.9628802649882481, "gamma": 8.621015319780454, "lamda": 1.1544413974065517}, "datetime": {"datetime": "2021-06-16 14:43:49", "elapsed": 1266.732345, "delta": 1.203247}}
{"target": -119.79972917920935, "params": {"C": 6.04123941176549, "epsilon": 6.900659408352335, "gamma": 6.522280703206246, "lamda": 4.150998680175373}, "datetime": {"datetime": "2021-06-16 14:43:59", "elapsed": 1276.755374, "delta": 10.023029}}
