{"target": -486.97176359052514, "params": {"C": 0.14021669659314345, "epsilon": 7.183226379905482, "gamma": 8.212838053341049, "lamda": 8.534089517091843}, "datetime": {"datetime": "2021-06-16 16:37:34", "elapsed": 8092.096335, "delta": 32.800487}}
{"target": -104.03048777867457, "params": {"C": 2.135088876454, "epsilon": 7.02361301353714, "gamma": 4.142434017895862, "lamda": 7.401519799160275}, "datetime": {"datetime": "2021-06-16 16:38:01", "elapsed": 8118.983435, "delta": 26.8871}}
{"target": -103.50441377419904, "params": {"C": 2.297755077675858, "epsilon": 3.823411765855751, "gamma": 4.36608411687127, "lamda": 8.12706143968401}, "datetime": {"datetime": "2021-06-16 16:38:26", "elapsed": 8143.877496, "delta": 24.894061}}
{"target": -31.64600611310222, "params": {"C": 2.3762120198004073, "epsilon": 3.9496400294489344, "gamma": 5.345944192461283, "lamda": 0.5892363219750951}, "datetime": {"datetime": "2021-06-16 16:38:36", "elapsed": 8154.002858, "delta": 10.125362}}
{"target": -19.123603390220506, "params": {"C": 3.698009909557046, "epsilon": 0.7075175140212622, "gamma": 9.902315223925363, "lamda": 1.8734717082664174}, "datetime": {"datetime": "2021-06-16 16:38:50", "elapsed": 8168.102506, "delta": 14.099648}}
{"target": -102.30280453836305, "params": {"C": 0.13560653489282687, "epsilon": 1.231377677727718, "gamma": 4.402835442235951, "lamda": 4.753264075274626}, "datetime": {"datetime": "2021-06-16 16:39:26", "elapsed": 8203.601771, "delta": 35.499265}}
{"target": -19.364998593929965, "params": {"C": 3.7676380090986603, "epsilon": 0.5281573363092337, "gamma": 9.67554029685297, "lamda": 1.5611958530327275}, "datetime": {"datetime": "2021-06-16 16:39:41", "elapsed": 8218.824636, "delta": 15.222865}}
{"target": -20.056820489481456, "params": {"C": 8.13806857359812, "epsilon": 9.02141767123319, "gamma": 6.936348277822854, "lamda": 1.4205224619702506}, "datetime": {"datetime": "2021-06-16 16:39:53", "elapsed": 8231.549477, "delta": 12.724841}}
{"target": -25.22938538706041, "params": {"C": 5.652256323641055, "epsilon": 0.5083547328501076, "gamma": 5.967606469075829, "lamda": 9.813316968172769}, "datetime": {"datetime": "2021-06-16 16:40:05", "elapsed": 8243.138491, "delta": 11.589014}}
{"target": -135.31523735910002, "params": {"C": 2.518447224757192, "epsilon": 6.916716752401499, "gamma": 8.111352296782538, "lamda": 9.754547792400775}, "datetime": {"datetime": "2021-06-16 16:40:37", "elapsed": 8275.478051, "delta": 32.33956}}
{"target": -21.52590374568291, "params": {"C": 2.2857020277341666, "epsilon": 5.574269809845213, "gamma": 8.004540753853451, "lamda": 0.2781250595515702}, "datetime": {"datetime": "2021-06-16 16:40:59", "elapsed": 8296.74542, "delta": 21.267369}}
{"target": -104.51067616066887, "params": {"C": 5.218148973991587, "epsilon": 4.780327659746045, "gamma": 5.009304865812319, "lamda": 8.409479030491454}, "datetime": {"datetime": "2021-06-16 16:41:21", "elapsed": 8319.45576, "delta": 22.71034}}
{"target": -21.382503430242576, "params": {"C": 6.474153803466304, "epsilon": 2.2677781101865073, "gamma": 7.565775700869286, "lamda": 1.1585135081666724}, "datetime": {"datetime": "2021-06-16 16:41:41", "elapsed": 8338.78425, "delta": 19.32849}}
{"target": -20.080002358163647, "params": {"C": 5.76454043836708, "epsilon": 3.603864512264409, "gamma": 5.776838624152479, "lamda": 7.179087191174649}, "datetime": {"datetime": "2021-06-16 16:41:54", "elapsed": 8351.593412, "delta": 12.809162}}
{"target": -19.845238319343377, "params": {"C": 7.716524433238949, "epsilon": 9.27470874501676, "gamma": 7.071590368409308, "lamda": 1.4443117230919558}, "datetime": {"datetime": "2021-06-16 16:42:07", "elapsed": 8365.403363, "delta": 13.809951}}
{"target": -20.11093475872373, "params": {"C": 7.217478286553657, "epsilon": 8.795800652031845, "gamma": 7.069970284020125, "lamda": 1.3739672441394966}, "datetime": {"datetime": "2021-06-16 16:42:30", "elapsed": 8388.028867, "delta": 22.625504}}
{"target": -21.275266424792854, "params": {"C": 7.3171906684099595, "epsilon": 9.221105073926278, "gamma": 6.90069197506543, "lamda": 0.8615954305127209}, "datetime": {"datetime": "2021-06-16 16:42:51", "elapsed": 8408.661798, "delta": 20.632931}}
{"target": -18.839299024698494, "params": {"C": 9.717738188762176, "epsilon": 5.960652795026285, "gamma": 8.754503145238699, "lamda": 1.7009721983759534}, "datetime": {"datetime": "2021-06-16 16:43:03", "elapsed": 8420.596198, "delta": 11.9344}}
{"target": -19.205355759950763, "params": {"C": 9.009776694467297, "epsilon": 5.625495811966983, "gamma": 8.345853691347191, "lamda": 1.8388017760641708}, "datetime": {"datetime": "2021-06-16 16:43:19", "elapsed": 8436.790228, "delta": 16.19403}}
{"target": -21.39429943216275, "params": {"C": 6.278676272862333, "epsilon": 2.1373818604122587, "gamma": 7.473194797246655, "lamda": 1.3216491798743397}, "datetime": {"datetime": "2021-06-16 16:43:28", "elapsed": 8446.245507, "delta": 9.455279}}
{"target": -106.01874393844659, "params": {"C": 1.6185102652048078, "epsilon": 7.661053877495483, "gamma": 9.891496874597047, "lamda": 7.2582999785815145}, "datetime": {"datetime": "2021-06-16 16:44:03", "elapsed": 8481.146637, "delta": 34.90113}}
{"target": -20.131099659884605, "params": {"C": 1.153170465150914, "epsilon": 7.806277753439058, "gamma": 8.193088271362784, "lamda": 0.802229439145292}, "datetime": {"datetime": "2021-06-16 16:44:34", "elapsed": 8511.975436, "delta": 30.828799}}
{"target": -20.388334977748528, "params": {"C": 2.8521269298413356, "epsilon": 1.1497198465088778, "gamma": 8.568909143348579, "lamda": 1.4721599114860595}, "datetime": {"datetime": "2021-06-16 16:45:10", "elapsed": 8548.550266, "delta": 36.57483}}
{"target": -20.990796464106413, "params": {"C": 2.718927396460555, "epsilon": 3.2840091509509204, "gamma": 6.5007938115210795, "lamda": 3.493631465408847}, "datetime": {"datetime": "2021-06-16 16:45:26", "elapsed": 8563.726423, "delta": 15.176157}}
{"target": -20.79355138687392, "params": {"C": 2.9495842863294577, "epsilon": 5.666346281441364, "gamma": 6.289478982486447, "lamda": 2.4961442617684324}, "datetime": {"datetime": "2021-06-16 16:45:39", "elapsed": 8577.225278, "delta": 13.498855}}
{"target": -19.33045777732387, "params": {"C": 7.190326324285684, "epsilon": 8.805957671482854, "gamma": 7.367757874370885, "lamda": 1.537739499281001}, "datetime": {"datetime": "2021-06-16 16:45:53", "elapsed": 8590.88026, "delta": 13.654982}}
{"target": -120.37180406494832, "params": {"C": 1.1113311272984971, "epsilon": 9.499183814200482, "gamma": 5.742817121386376, "lamda": 7.132387120356573}, "datetime": {"datetime": "2021-06-16 16:46:27", "elapsed": 8625.36961, "delta": 34.48935}}
{"target": -22.349082057457927, "params": {"C": 6.331807298216113, "epsilon": 2.0192368449879736, "gamma": 7.229022356142527, "lamda": 0.8353243334118531}, "datetime": {"datetime": "2021-06-16 16:46:39", "elapsed": 8637.544292, "delta": 12.174682}}
{"target": -22.225303963682002, "params": {"C": 2.121126008494246, "epsilon": 5.252608149825688, "gamma": 7.802232932207954, "lamda": 0.39237370908724595}, "datetime": {"datetime": "2021-06-16 16:46:56", "elapsed": 8654.114393, "delta": 16.570101}}
{"target": -21.715276859704396, "params": {"C": 6.383203865988182, "epsilon": 1.810066758035615, "gamma": 7.550014835726319, "lamda": 0.770054954113924}, "datetime": {"datetime": "2021-06-16 16:47:09", "elapsed": 8666.780282, "delta": 12.665889}}
{"target": -97.92251040590487, "params": {"C": 3.7257863439053853, "epsilon": 8.905895104663045, "gamma": 5.21832284279203, "lamda": 4.0151971596776646}, "datetime": {"datetime": "2021-06-16 16:47:33", "elapsed": 8690.736409, "delta": 23.956127}}
{"target": -19.393444031151137, "params": {"C": 3.715026675490993, "epsilon": 9.972174484367981, "gamma": 7.074688059199676, "lamda": 1.6154267198907966}, "datetime": {"datetime": "2021-06-16 16:47:41", "elapsed": 8699.221905, "delta": 8.485496}}
{"target": -20.781938205367812, "params": {"C": 9.54876516505462, "epsilon": 3.233322156383612, "gamma": 8.1682318304831, "lamda": 0.86471508897768}, "datetime": {"datetime": "2021-06-16 16:47:55", "elapsed": 8712.935277, "delta": 13.713372}}
{"target": -21.814181131661147, "params": {"C": 6.324926435238613, "epsilon": 1.9499001958620457, "gamma": 7.765892351069997, "lamda": 0.7406822357966533}, "datetime": {"datetime": "2021-06-16 16:48:10", "elapsed": 8727.936594, "delta": 15.001317}}
{"target": -31.713540539754163, "params": {"C": 2.0439536963666063, "epsilon": 4.10207018476568, "gamma": 5.322018542653246, "lamda": 0.46946186025139086}, "datetime": {"datetime": "2021-06-16 16:48:26", "elapsed": 8743.874476, "delta": 15.937882}}
{"target": -104.29972814532023, "params": {"C": 2.7571617378723685, "epsilon": 6.122296690933386, "gamma": 2.3179253397172004, "lamda": 9.772102913003499}, "datetime": {"datetime": "2021-06-16 16:48:49", "elapsed": 8767.012944, "delta": 23.138468}}
{"target": -20.666898916468178, "params": {"C": 9.769773580662164, "epsilon": 3.7085958139403554, "gamma": 8.160021402513166, "lamda": 0.9136544253158009}, "datetime": {"datetime": "2021-06-16 16:49:00", "elapsed": 8777.587804, "delta": 10.57486}}
{"target": -112.6265734880975, "params": {"C": 2.2422968223830106, "epsilon": 7.4027885379927705, "gamma": 4.7931715124242675, "lamda": 8.20200470400311}, "datetime": {"datetime": "2021-06-16 16:49:25", "elapsed": 8803.076368, "delta": 25.488564}}
{"target": -21.59294692408204, "params": {"C": 6.1432915535719195, "epsilon": 2.287721348315817, "gamma": 7.414522961272175, "lamda": 1.0496427660004108}, "datetime": {"datetime": "2021-06-16 16:49:44", "elapsed": 8822.19698, "delta": 19.120612}}
{"target": -25.644854848062398, "params": {"C": 6.838443737367175, "epsilon": 0.7041319771164551, "gamma": 5.906297667466983, "lamda": 1.8783364565505085}, "datetime": {"datetime": "2021-06-16 16:49:53", "elapsed": 8830.92508, "delta": 8.7281}}
{"target": -18.80595182057712, "params": {"C": 9.295340023493555, "epsilon": 5.900410813097261, "gamma": 8.993993108308459, "lamda": 1.507212783420949}, "datetime": {"datetime": "2021-06-16 16:50:03", "elapsed": 8841.411637, "delta": 10.486557}}
{"target": -22.09678287242496, "params": {"C": 5.7490843078628036, "epsilon": 1.4941361420228612, "gamma": 5.900225568772835, "lamda": 6.922242216514795}, "datetime": {"datetime": "2021-06-16 16:50:18", "elapsed": 8855.704563, "delta": 14.292926}}
{"target": -100.22578120910389, "params": {"C": 0.9990106801885995, "epsilon": 5.173205455839801, "gamma": 6.150225333842139, "lamda": 8.687982326796657}, "datetime": {"datetime": "2021-06-16 16:50:49", "elapsed": 8887.509876, "delta": 31.805313}}
{"target": -19.384216148296822, "params": {"C": 7.165320496618775, "epsilon": 8.902826682172567, "gamma": 7.419357031758149, "lamda": 1.5372300705583206}, "datetime": {"datetime": "2021-06-16 16:51:15", "elapsed": 8913.21924, "delta": 25.709364}}
{"target": -130.06664290471505, "params": {"C": 7.384051829783205, "epsilon": 2.9338419623123375, "gamma": 4.637485970177087, "lamda": 8.78179095999182}, "datetime": {"datetime": "2021-06-16 16:51:39", "elapsed": 8937.209862, "delta": 23.990622}}
