{"target": -21.904220707700738, "params": {"C": 6.57156030828752, "epsilon": 1.9592647009368076, "gamma": 7.436271496352919, "lamda": 0.9123108469397114}, "datetime": {"datetime": "2021-06-16 15:46:40", "elapsed": 5038.498759, "delta": 7.384192}}
{"target": -111.74239859788051, "params": {"C": 1.5726176162725034, "epsilon": 1.8111113641074374, "gamma": 9.259819974528536, "lamda": 6.2199975041367}, "datetime": {"datetime": "2021-06-16 15:46:58", "elapsed": 5056.5589, "delta": 18.060141}}
{"target": -19.302104166883964, "params": {"C": 9.184806089023043, "epsilon": 5.837269749465976, "gamma": 8.380157175250758, "lamda": 1.5552967112209692}, "datetime": {"datetime": "2021-06-16 15:47:07", "elapsed": 5064.632634, "delta": 8.073734}}
{"target": -21.244529210842984, "params": {"C": 7.1463676599375745, "epsilon": 9.117597111173389, "gamma": 6.78962092826298, "lamda": 0.9445686321542975}, "datetime": {"datetime": "2021-06-16 15:47:16", "elapsed": 5074.509324, "delta": 9.87669}}
{"target": -19.81005812169247, "params": {"C": 1.2175309697899852, "epsilon": 7.869659825214458, "gamma": 8.277492709331325, "lamda": 0.9550383011425168}, "datetime": {"datetime": "2021-06-16 15:47:21", "elapsed": 5078.756873, "delta": 4.247549}}
{"target": -104.58197816944303, "params": {"C": 3.3612476321627005, "epsilon": 4.280048771755159, "gamma": 3.1136783913799397, "lamda": 2.1231341860712987}, "datetime": {"datetime": "2021-06-16 15:47:33", "elapsed": 5091.461417, "delta": 12.704544}}
{"target": -20.889916849493513, "params": {"C": 9.333529099548512, "epsilon": 3.3423348904156276, "gamma": 8.34412997341829, "lamda": 0.43296771420153646}, "datetime": {"datetime": "2021-06-16 15:47:40", "elapsed": 5097.793512, "delta": 6.332095}}
{"target": -98.66840811599856, "params": {"C": 2.1738083594472983, "epsilon": 1.0626735479923974, "gamma": 5.338193260244706, "lamda": 6.5373968105428135}, "datetime": {"datetime": "2021-06-16 15:47:53", "elapsed": 5110.834651, "delta": 13.041139}}
{"target": -19.801374654216012, "params": {"C": 8.685514137258433, "epsilon": 6.877540695541198, "gamma": 6.689831994419529, "lamda": 2.2492254299772116}, "datetime": {"datetime": "2021-06-16 15:48:03", "elapsed": 5121.16396, "delta": 10.329309}}
{"target": -229.40223408751558, "params": {"C": 9.82775876355022, "epsilon": 8.788886806573299, "gamma": 6.5794719956894525, "lamda": 8.002991313660427}, "datetime": {"datetime": "2021-06-16 15:48:16", "elapsed": 5134.182023, "delta": 13.018063}}
{"target": -18.769349100024915, "params": {"C": 9.541462401757052, "epsilon": 5.950562688991703, "gamma": 8.986251034970808, "lamda": 1.5009546587763292}, "datetime": {"datetime": "2021-06-16 15:48:22", "elapsed": 5140.440147, "delta": 6.258124}}
{"target": -18.946724464500182, "params": {"C": 9.294685304701936, "epsilon": 6.138101816728901, "gamma": 8.594221616538816, "lamda": 1.6765061419490548}, "datetime": {"datetime": "2021-06-16 15:48:32", "elapsed": 5149.569158, "delta": 9.129011}}
{"target": -98.78063148691992, "params": {"C": 3.852225237857254, "epsilon": 0.4419622429809843, "gamma": 0.6294028018668999, "lamda": 4.1085950238847895}, "datetime": {"datetime": "2021-06-16 15:48:41", "elapsed": 5159.453887, "delta": 9.884729}}
{"target": -182.24174711811563, "params": {"C": 0.3815054458616467, "epsilon": 7.203469033241483, "gamma": 3.5239693423061875, "lamda": 8.753519207961554}, "datetime": {"datetime": "2021-06-16 15:49:00", "elapsed": 5177.987581, "delta": 18.533694}}
{"target": -115.54150333168103, "params": {"C": 0.05510628692884568, "epsilon": 3.6072827079356036, "gamma": 7.604231683991624, "lamda": 9.865178069122408}, "datetime": {"datetime": "2021-06-16 15:49:19", "elapsed": 5196.92633, "delta": 18.938749}}
{"target": -20.685004706427588, "params": {"C": 8.467167364442442, "epsilon": 6.983383388024447, "gamma": 6.588931317165831, "lamda": 1.8013266251909152}, "datetime": {"datetime": "2021-06-16 15:49:27", "elapsed": 5204.588479, "delta": 7.662149}}
{"target": -21.99676907655765, "params": {"C": 6.188781294706269, "epsilon": 2.152762375779276, "gamma": 7.442717107261037, "lamda": 0.7350893957002265}, "datetime": {"datetime": "2021-06-16 15:49:37", "elapsed": 5215.011709, "delta": 10.42323}}
{"target": -100.74919942683272, "params": {"C": 7.557184338057837, "epsilon": 0.7260948600121307, "gamma": 0.14869334813420076, "lamda": 1.5187172143016183}, "datetime": {"datetime": "2021-06-16 15:49:50", "elapsed": 5228.285889, "delta": 13.27418}}
{"target": -11.714932302179372, "params": {"C": 0.15911366087203102, "epsilon": 2.0706949771078427, "gamma": 0.3855162942126887, "lamda": 1.7533792897732894}, "datetime": {"datetime": "2021-06-16 15:49:55", "elapsed": 5233.397061, "delta": 5.111172}}
{"target": -19.55631220911419, "params": {"C": 7.459969438001741, "epsilon": 9.257761849710622, "gamma": 7.329614319114373, "lamda": 1.3355890729800393}, "datetime": {"datetime": "2021-06-16 15:50:02", "elapsed": 5239.976207, "delta": 6.579146}}
{"target": -128.9299760410411, "params": {"C": 4.568771620017059, "epsilon": 7.241815887797507, "gamma": 3.26441382721464, "lamda": 5.4907502693245736}, "datetime": {"datetime": "2021-06-16 15:50:14", "elapsed": 5252.556239, "delta": 12.580032}}
{"target": -19.655716662200128, "params": {"C": 7.38025345708646, "epsilon": 8.906931983687478, "gamma": 7.187900234019401, "lamda": 1.4492539679404126}, "datetime": {"datetime": "2021-06-16 15:50:22", "elapsed": 5260.554578, "delta": 7.998339}}
{"target": -112.44801857095123, "params": {"C": 6.651277132472583, "epsilon": 3.481698403977192, "gamma": 9.127735379302745, "lamda": 7.338983762276229}, "datetime": {"datetime": "2021-06-16 15:50:35", "elapsed": 5273.404429, "delta": 12.849851}}
{"target": -18.839573973132662, "params": {"C": 9.577101667872341, "epsilon": 5.745832833485249, "gamma": 8.809782850088713, "lamda": 1.7291802783213126}, "datetime": {"datetime": "2021-06-16 15:50:46", "elapsed": 5284.300165, "delta": 10.895736}}
{"target": -20.953705163181667, "params": {"C": 7.416284233997877, "epsilon": 8.930798998873831, "gamma": 6.745040645423637, "lamda": 1.1090679794475204}, "datetime": {"datetime": "2021-06-16 15:50:54", "elapsed": 5292.043995, "delta": 7.74383}}
{"target": -101.18932383067087, "params": {"C": 2.0566078855817755, "epsilon": 7.357495098903586, "gamma": 3.9551507646163078, "lamda": 5.783419188474626}, "datetime": {"datetime": "2021-06-16 15:51:07", "elapsed": 5305.011219, "delta": 12.967224}}
{"target": -105.46581605290417, "params": {"C": 8.291361339604531, "epsilon": 5.798540147793946, "gamma": 2.9954810541943666, "lamda": 2.4062452507085488}, "datetime": {"datetime": "2021-06-16 15:51:20", "elapsed": 5318.323399, "delta": 13.31218}}
{"target": -19.64455794354436, "params": {"C": 3.0438880961935313, "epsilon": 1.1570654578645527, "gamma": 8.921139164734875, "lamda": 1.5073520155733062}, "datetime": {"datetime": "2021-06-16 15:51:31", "elapsed": 5329.30428, "delta": 10.980881}}
{"target": -84.88190946561211, "params": {"C": 0.28984360245925345, "epsilon": 9.82772200750471, "gamma": 7.593201675474949, "lamda": 0.338364459958718}, "datetime": {"datetime": "2021-06-16 15:51:36", "elapsed": 5334.029792, "delta": 4.725512}}
{"target": -21.811734661897873, "params": {"C": 6.535427217451791, "epsilon": 2.059439174466901, "gamma": 7.395889173825233, "lamda": 0.73303006133559}, "datetime": {"datetime": "2021-06-16 15:51:44", "elapsed": 5341.70742, "delta": 7.677628}}
{"target": -19.992705972750276, "params": {"C": 3.1760869402477265, "epsilon": 0.817392499061217, "gamma": 8.972081284256392, "lamda": 1.4359993586028554}, "datetime": {"datetime": "2021-06-16 15:51:53", "elapsed": 5350.686773, "delta": 8.979353}}
{"target": -22.28009059006461, "params": {"C": 8.156981107105683, "epsilon": 2.2364210406913516, "gamma": 7.005635099743662, "lamda": 1.6686449425618572}, "datetime": {"datetime": "2021-06-16 15:52:02", "elapsed": 5359.799294, "delta": 9.112521}}
{"target": -20.564437745974377, "params": {"C": 8.347785364499877, "epsilon": 7.079427529550009, "gamma": 6.546761630746869, "lamda": 1.9681806373335962}, "datetime": {"datetime": "2021-06-16 15:52:09", "elapsed": 5367.362011, "delta": 7.562717}}
{"target": -19.333457089629007, "params": {"C": 3.466727436626038, "epsilon": 0.6935476995969299, "gamma": 9.686043085747958, "lamda": 1.445700965180655}, "datetime": {"datetime": "2021-06-16 15:52:24", "elapsed": 5381.875257, "delta": 14.513246}}
{"target": -20.522269260098177, "params": {"C": 9.698502176259142, "epsilon": 3.6285461814042774, "gamma": 8.176036049555945, "lamda": 1.0845846193694257}, "datetime": {"datetime": "2021-06-16 15:52:40", "elapsed": 5397.795738, "delta": 15.920481}}
{"target": -18.575312510922025, "params": {"C": 9.994272931256733, "epsilon": 5.8697149034421265, "gamma": 8.782201193158484, "lamda": 2.0279062626958146}, "datetime": {"datetime": "2021-06-16 15:52:48", "elapsed": 5406.030354, "delta": 8.234616}}
{"target": -21.99436299793547, "params": {"C": 2.7114745003547673, "epsilon": 5.200459493835877, "gamma": 7.574677235311506, "lamda": 0.17032176007288632}, "datetime": {"datetime": "2021-06-16 15:52:57", "elapsed": 5415.180546, "delta": 9.150192}}
{"target": -18.697495335486746, "params": {"C": 9.519819743543836, "epsilon": 5.908077609736286, "gamma": 9.23308499976964, "lamda": 1.3425053126352433}, "datetime": {"datetime": "2021-06-16 15:53:02", "elapsed": 5420.367649, "delta": 5.187103}}
{"target": -111.36662099649169, "params": {"C": 2.5282104526293376, "epsilon": 2.7258544193958314, "gamma": 8.23765971644812, "lamda": 5.9037267590159495}, "datetime": {"datetime": "2021-06-16 15:53:16", "elapsed": 5434.146028, "delta": 13.778379}}
{"target": -19.698366633713984, "params": {"C": 7.330474565371621, "epsilon": 8.900421802072712, "gamma": 7.204320265644491, "lamda": 1.4817746361916584}, "datetime": {"datetime": "2021-06-16 15:53:23", "elapsed": 5441.353681, "delta": 7.207653}}
{"target": -19.99435914953719, "params": {"C": 7.3785132339698825, "epsilon": 8.784923508590609, "gamma": 7.181843101054379, "lamda": 1.2760813281906722}, "datetime": {"datetime": "2021-06-16 15:53:31", "elapsed": 5448.839198, "delta": 7.485517}}
{"target": -15.85226872770678, "params": {"C": 0.12420428272412312, "epsilon": 9.559431697439768, "gamma": 8.301345185691062, "lamda": 0.14228426496223362}, "datetime": {"datetime": "2021-06-16 15:53:36", "elapsed": 5453.634388, "delta": 4.79519}}
{"target": -18.53761953747127, "params": {"C": 5.879659753855181, "epsilon": 9.334399738279545, "gamma": 9.303699563024306, "lamda": 1.0425818999199155}, "datetime": {"datetime": "2021-06-16 15:53:46", "elapsed": 5463.668969, "delta": 10.034581}}
{"target": -28.840125020068598, "params": {"C": 6.091533803877048, "epsilon": 3.5077199110924697, "gamma": 5.747502658930452, "lamda": 1.4513124911759863}, "datetime": {"datetime": "2021-06-16 15:53:52", "elapsed": 5469.628982, "delta": 5.960013}}
{"target": -19.525573754358074, "params": {"C": 9.273265102326238, "epsilon": 5.844730290438043, "gamma": 8.343747418280863, "lamda": 1.4473928661430349}, "datetime": {"datetime": "2021-06-16 15:53:59", "elapsed": 5477.54973, "delta": 7.920748}}
{"target": -18.578148310550432, "params": {"C": 5.757663873310655, "epsilon": 9.484797029529117, "gamma": 9.37866476226683, "lamda": 0.9838926223834371}, "datetime": {"datetime": "2021-06-16 15:54:06", "elapsed": 5484.416929, "delta": 6.867199}}
{"target": -20.273023603578224, "params": {"C": 8.400889729291379, "epsilon": 7.068714171505714, "gamma": 6.700664317125896, "lamda": 1.81881495802381}, "datetime": {"datetime": "2021-06-16 15:54:16", "elapsed": 5494.50711, "delta": 10.090181}}
{"target": -22.126912172696635, "params": {"C": 2.249542900680247, "epsilon": 5.403531052940586, "gamma": 7.816536918065884, "lamda": 0.25822275214724105}, "datetime": {"datetime": "2021-06-16 15:54:22", "elapsed": 5500.296777, "delta": 5.789667}}
{"target": -20.75093934983742, "params": {"C": 9.57628904554733, "epsilon": 3.5310316633486556, "gamma": 8.101777460210108, "lamda": 0.9327855123250652}, "datetime": {"datetime": "2021-06-16 15:54:28", "elapsed": 5506.325744, "delta": 6.028967}}
{"target": -24.942875933141423, "params": {"C": 7.968948735513782, "epsilon": 1.3787352016730634, "gamma": 6.538164841254876, "lamda": 1.514198586613616}, "datetime": {"datetime": "2021-06-16 15:54:35", "elapsed": 5512.946987, "delta": 6.621243}}
{"target": -20.67578043411152, "params": {"C": 7.3998146729145935, "epsilon": 9.217075044394829, "gamma": 6.938172198574118, "lamda": 1.0949468709299377}, "datetime": {"datetime": "2021-06-16 15:54:44", "elapsed": 5522.326051, "delta": 9.379064}}
{"target": -21.858683015146887, "params": {"C": 2.608321054943115, "epsilon": 5.164690484996593, "gamma": 7.4811722131229255, "lamda": 0.3000736974745272}, "datetime": {"datetime": "2021-06-16 15:54:51", "elapsed": 5528.903053, "delta": 6.577002}}
{"target": -100.57155966887939, "params": {"C": 9.118104075660991, "epsilon": 1.3307112615687553, "gamma": 0.4977523221744429, "lamda": 5.152172885274346}, "datetime": {"datetime": "2021-06-16 15:55:04", "elapsed": 5541.746795, "delta": 12.843742}}
{"target": -27.052830818281294, "params": {"C": 1.8111407251601939, "epsilon": 4.344699299290615, "gamma": 5.409456756321663, "lamda": 0.5319837744828504}, "datetime": {"datetime": "2021-06-16 15:55:12", "elapsed": 5550.254088, "delta": 8.507293}}
{"target": -21.842629378361043, "params": {"C": 7.664477124541496, "epsilon": 8.645347774211526, "gamma": 6.711580567591326, "lamda": 0.8007206189607095}, "datetime": {"datetime": "2021-06-16 15:55:22", "elapsed": 5559.674884, "delta": 9.420796}}
{"target": -22.318072598370456, "params": {"C": 7.909516917912209, "epsilon": 2.200110506297221, "gamma": 6.983084971853492, "lamda": 1.6530435358210294}, "datetime": {"datetime": "2021-06-16 15:55:30", "elapsed": 5568.530566, "delta": 8.855682}}
{"target": -105.86772930725385, "params": {"C": 2.245776169072836, "epsilon": 8.106657902182889, "gamma": 4.427654636003177, "lamda": 8.045612191848873}, "datetime": {"datetime": "2021-06-16 15:55:44", "elapsed": 5582.12326, "delta": 13.592694}}
{"target": -19.185496077697938, "params": {"C": 9.448161028666808, "epsilon": 5.828231249810855, "gamma": 9.055377032046582, "lamda": 1.2160232010646945}, "datetime": {"datetime": "2021-06-16 15:55:51", "elapsed": 5588.872898, "delta": 6.749638}}
{"target": -22.541078626475752, "params": {"C": 7.937182316633554, "epsilon": 2.10267654503597, "gamma": 6.913833266431463, "lamda": 1.6000524911181917}, "datetime": {"datetime": "2021-06-16 15:55:58", "elapsed": 5595.599889, "delta": 6.726991}}
{"target": -20.531580825600244, "params": {"C": 8.489608018956067, "epsilon": 6.50979093174864, "gamma": 6.472136637594387, "lamda": 2.179794387466346}, "datetime": {"datetime": "2021-06-16 15:56:07", "elapsed": 5605.253413, "delta": 9.653524}}
{"target": -30.493066338746182, "params": {"C": 1.885084711541564, "epsilon": 4.046002251393957, "gamma": 5.325244131663581, "lamda": 0.7381769836497039}, "datetime": {"datetime": "2021-06-16 15:56:14", "elapsed": 5611.949651, "delta": 6.696238}}
{"target": -18.609794844441524, "params": {"C": 5.766973828916044, "epsilon": 9.530933843977335, "gamma": 9.385177524100945, "lamda": 0.9499304774354878}, "datetime": {"datetime": "2021-06-16 15:56:26", "elapsed": 5623.854436, "delta": 11.904785}}
{"target": -100.35278828775698, "params": {"C": 8.241451521623976, "epsilon": 3.360542748958327, "gamma": 5.855113336418988, "lamda": 3.0719789915487032}, "datetime": {"datetime": "2021-06-16 15:56:42", "elapsed": 5640.278256, "delta": 16.42382}}
{"target": -99.51890909110745, "params": {"C": 6.3481747697639035, "epsilon": 7.988649322669318, "gamma": 1.7496566311882846, "lamda": 5.914868197647722}, "datetime": {"datetime": "2021-06-16 15:56:56", "elapsed": 5654.413581, "delta": 14.135325}}
{"target": -105.7517261208456, "params": {"C": 1.9144999553117783, "epsilon": 6.811525886188568, "gamma": 8.954488017702918, "lamda": 5.9723057552012815}, "datetime": {"datetime": "2021-06-16 15:57:14", "elapsed": 5672.321431, "delta": 17.90785}}
{"target": -98.93425190575825, "params": {"C": 8.846161073903936, "epsilon": 8.765326966225484, "gamma": 0.34423728108320534, "lamda": 5.803560278599932}, "datetime": {"datetime": "2021-06-16 15:57:27", "elapsed": 5685.312415, "delta": 12.990984}}
{"target": -18.93502805085883, "params": {"C": 8.871586711275004, "epsilon": 5.7719715344814615, "gamma": 9.03049944903864, "lamda": 1.4860471649015912}, "datetime": {"datetime": "2021-06-16 15:57:33", "elapsed": 5691.528589, "delta": 6.216174}}
{"target": -19.48076908478936, "params": {"C": 7.454864632813919, "epsilon": 9.214069373175946, "gamma": 7.109257000875799, "lamda": 1.6570408064119029}, "datetime": {"datetime": "2021-06-16 15:57:45", "elapsed": 5703.435835, "delta": 11.907246}}
{"target": -19.65120584932064, "params": {"C": 6.966626876449181, "epsilon": 8.791468226523628, "gamma": 7.353013491109427, "lamda": 1.3500439360616525}, "datetime": {"datetime": "2021-06-16 15:57:55", "elapsed": 5713.127021, "delta": 9.691186}}
{"target": -18.949564291295516, "params": {"C": 9.534527805630875, "epsilon": 5.732935011970111, "gamma": 8.952127946273675, "lamda": 1.251669456285145}, "datetime": {"datetime": "2021-06-16 15:58:03", "elapsed": 5721.324452, "delta": 8.197431}}
{"target": -18.564519314487175, "params": {"C": 5.891132717043172, "epsilon": 9.238761125166388, "gamma": 9.162712487212666, "lamda": 1.0399694738148921}, "datetime": {"datetime": "2021-06-16 15:58:10", "elapsed": 5727.925595, "delta": 6.601143}}
{"target": -97.89783884818122, "params": {"C": 6.030323041332646, "epsilon": 6.772796227956139, "gamma": 4.636522801411271, "lamda": 7.121026041257923}, "datetime": {"datetime": "2021-06-16 15:58:23", "elapsed": 5740.882853, "delta": 12.957258}}
{"target": -11.819399184668999, "params": {"C": 0.18609832776370727, "epsilon": 0.23648443922627346, "gamma": 0.31014530486944275, "lamda": 2.4506255603681844}, "datetime": {"datetime": "2021-06-16 15:58:31", "elapsed": 5748.583651, "delta": 7.700798}}
{"target": -21.40272923327928, "params": {"C": 9.95732797043392, "epsilon": 3.0772804514715113, "gamma": 8.053939276974976, "lamda": 0.3901996468462117}, "datetime": {"datetime": "2021-06-16 15:58:36", "elapsed": 5754.211581, "delta": 5.62793}}
{"target": -21.805351901658497, "params": {"C": 4.41725808489327, "epsilon": 1.7174399823150155, "gamma": 5.812995949033462, "lamda": 7.767696851765195}, "datetime": {"datetime": "2021-06-16 15:58:47", "elapsed": 5764.760346, "delta": 10.548765}}
{"target": -20.22961662451355, "params": {"C": 2.8191657274084885, "epsilon": 1.0347051455663496, "gamma": 8.670558072826335, "lamda": 1.4341210507067146}, "datetime": {"datetime": "2021-06-16 15:58:59", "elapsed": 5776.741836, "delta": 11.98149}}
{"target": -21.50614256914088, "params": {"C": 9.704966338384331, "epsilon": 3.5594428601474193, "gamma": 7.938194930101858, "lamda": 0.42633291886967095}, "datetime": {"datetime": "2021-06-16 15:59:07", "elapsed": 5785.479058, "delta": 8.737222}}
{"target": -18.569960965654865, "params": {"C": 8.841211260924444, "epsilon": 5.545757939385489, "gamma": 9.169872821783732, "lamda": 1.6615432817650857}, "datetime": {"datetime": "2021-06-16 15:59:14", "elapsed": 5792.16444, "delta": 6.685382}}
{"target": -19.051717543203146, "params": {"C": 3.5310772211925867, "epsilon": 0.9049643054040573, "gamma": 9.988752205798013, "lamda": 1.7016474895893685}, "datetime": {"datetime": "2021-06-16 15:59:20", "elapsed": 5797.9239, "delta": 5.75946}}
{"target": -100.30306749266529, "params": {"C": 5.936487408341319, "epsilon": 3.823820128464189, "gamma": 5.334756429835317, "lamda": 7.2474772615986955}, "datetime": {"datetime": "2021-06-16 15:59:36", "elapsed": 5813.765049, "delta": 15.841149}}
{"target": -21.023265224512656, "params": {"C": 8.3868028610169, "epsilon": 6.001699304465261, "gamma": 6.7113237925922675, "lamda": 1.6033512753855497}, "datetime": {"datetime": "2021-06-16 15:59:46", "elapsed": 5823.79767, "delta": 10.032621}}
{"target": -19.603111909370263, "params": {"C": 4.148894785691103, "epsilon": 0.6231332804421926, "gamma": 9.438194334960707, "lamda": 1.4472529212294123}, "datetime": {"datetime": "2021-06-16 16:00:01", "elapsed": 5839.513142, "delta": 15.715472}}
{"target": -104.75600493077286, "params": {"C": 6.353116049850942, "epsilon": 3.6618626145791744, "gamma": 5.272875700099166, "lamda": 7.37785049947991}, "datetime": {"datetime": "2021-06-16 16:00:17", "elapsed": 5855.363691, "delta": 15.850549}}
{"target": -20.994506873020804, "params": {"C": 2.718030869060642, "epsilon": 3.2850079721472167, "gamma": 6.5002428718243035, "lamda": 3.4891690463081177}, "datetime": {"datetime": "2021-06-16 16:00:22", "elapsed": 5860.232199, "delta": 4.868508}}
{"target": -103.6196085556517, "params": {"C": 8.808620448600115, "epsilon": 9.427856591104614, "gamma": 7.694038403142716, "lamda": 6.227993622916067}, "datetime": {"datetime": "2021-06-16 16:00:35", "elapsed": 5873.393537, "delta": 13.161338}}
{"target": -127.41168721149951, "params": {"C": 4.45442996634877, "epsilon": 3.737889608688142, "gamma": 7.4978689938352225, "lamda": 1.9677815950616928}, "datetime": {"datetime": "2021-06-16 16:00:49", "elapsed": 5886.72148, "delta": 13.327943}}
{"target": -20.410902055311162, "params": {"C": 7.5100535548312575, "epsilon": 9.29818038483739, "gamma": 7.276684425060171, "lamda": 1.026338556185827}, "datetime": {"datetime": "2021-06-16 16:00:56", "elapsed": 5894.241703, "delta": 7.520223}}
{"target": -18.76484139831653, "params": {"C": 9.851755874878581, "epsilon": 5.477062433981463, "gamma": 8.911614024573662, "lamda": 1.7218998022174976}, "datetime": {"datetime": "2021-06-16 16:01:04", "elapsed": 5902.14511, "delta": 7.903407}}
