{"target": -14.935138285401353, "params": {"C": 1.030828090037319, "epsilon": 4.475454971842043, "gamma": 1.8512478544497677, "lamda": 0.09309996223594583}, "datetime": {"datetime": "2021-06-17 11:18:38", "elapsed": 2462.235329, "delta": 12.431855}}
{"target": -13.36451118881517, "params": {"C": 1.5857591449659283, "epsilon": 4.819718575801956, "gamma": 1.0306589959833854, "lamda": 0.0595732805443975}, "datetime": {"datetime": "2021-06-17 11:18:47", "elapsed": 2471.274545, "delta": 9.039216}}
{"target": -38.84732811620321, "params": {"C": 9.569175498165315, "epsilon": 5.368091545482157, "gamma": 1.4146031677877757, "lamda": 0.12822819039562872}, "datetime": {"datetime": "2021-06-17 11:18:57", "elapsed": 2481.417576, "delta": 10.143031}}
{"target": -10.635544961313272, "params": {"C": 1.7207306988135427, "epsilon": 1.2749997390826175, "gamma": 0.28880318728943133, "lamda": 0.24774399400809366}, "datetime": {"datetime": "2021-06-17 11:19:06", "elapsed": 2490.86235, "delta": 9.444774}}
