{"target": -9.547023724754277, "params": {"C": 0.6747901650954609, "epsilon": 5.889692094807089, "lamda": 0.09310731664816661}, "datetime": {"datetime": "2021-06-16 14:17:24", "elapsed": 1216.932802, "delta": 2.731146}}
{"target": -9.64485172479277, "params": {"C": 0.8478891434940042, "epsilon": 1.6847772482449437, "lamda": 0.032210289189636906}, "datetime": {"datetime": "2021-06-16 14:17:26", "elapsed": 1219.370886, "delta": 2.438084}}
{"target": -11.068185726143026, "params": {"C": 1.9429743345695698, "epsilon": 3.4650978403784154, "lamda": 0.03660120541846384}, "datetime": {"datetime": "2021-06-16 14:17:28", "elapsed": 1221.235638, "delta": 1.864752}}
{"target": -9.639810265909274, "params": {"C": 0.4920164584720228, "epsilon": 0.9311027059260442, "lamda": 0.022379744524116642}, "datetime": {"datetime": "2021-06-16 14:17:30", "elapsed": 1223.26952, "delta": 2.033882}}
{"target": -9.82191998703642, "params": {"C": 0.2609595804251771, "epsilon": 7.4453314107438775, "lamda": 0.02588366393335315}, "datetime": {"datetime": "2021-06-16 14:17:32", "elapsed": 1225.332406, "delta": 2.062886}}
{"target": -9.555818798526886, "params": {"C": 0.6806268355352825, "epsilon": 4.243951618796771, "lamda": 0.014651647719797245}, "datetime": {"datetime": "2021-06-16 14:17:35", "elapsed": 1227.874098, "delta": 2.541692}}
{"target": -9.71746080411631, "params": {"C": 0.35217895565048796, "epsilon": 9.508737452307678, "lamda": 0.07022339048422668}, "datetime": {"datetime": "2021-06-16 14:17:38", "elapsed": 1230.810644, "delta": 2.936546}}
{"target": -9.68998215008655, "params": {"C": 0.34272095620414644, "epsilon": 5.027183435945062, "lamda": 0.01657965668079781}, "datetime": {"datetime": "2021-06-16 14:17:40", "elapsed": 1233.257744, "delta": 2.4471}}
{"target": -9.653984779388685, "params": {"C": 0.8572474720728495, "epsilon": 1.6971801444763583, "lamda": 0.037486309617315604}, "datetime": {"datetime": "2021-06-16 14:17:42", "elapsed": 1235.364575, "delta": 2.106831}}
{"target": -9.577592993198653, "params": {"C": 0.6043863895348686, "epsilon": 6.263932357549892, "lamda": 0.04460378982350286}, "datetime": {"datetime": "2021-06-16 14:17:45", "elapsed": 1238.549204, "delta": 3.184629}}
{"target": -9.57956598749432, "params": {"C": 0.5696150435298303, "epsilon": 3.687266207008295, "lamda": 0.011199986984581732}, "datetime": {"datetime": "2021-06-16 14:17:48", "elapsed": 1241.695206, "delta": 3.146002}}
{"target": -11.538308821573526, "params": {"C": 2.575914184778729, "epsilon": 2.352087995358222, "lamda": 0.08155675801233903}, "datetime": {"datetime": "2021-06-16 14:17:50", "elapsed": 1243.590445, "delta": 1.895239}}
{"target": -9.580345804830174, "params": {"C": 0.6305773600673239, "epsilon": 4.2287700869904254, "lamda": 0.024537914825163317}, "datetime": {"datetime": "2021-06-16 14:17:53", "elapsed": 1246.115079, "delta": 2.524634}}
{"target": -9.688380014283362, "params": {"C": 0.8214108302852846, "epsilon": 9.660419207705875, "lamda": 0.06097106758968515}, "datetime": {"datetime": "2021-06-16 14:17:56", "elapsed": 1249.359694, "delta": 3.244615}}
{"target": -9.577759806769084, "params": {"C": 0.6387538237845933, "epsilon": 4.234204313852884, "lamda": 0.005804068899610846}, "datetime": {"datetime": "2021-06-16 14:17:59", "elapsed": 1251.82917, "delta": 2.469476}}
{"target": -9.546203505207576, "params": {"C": 0.7214822892486358, "epsilon": 1.8228753334520227, "lamda": 0.089643396477784}, "datetime": {"datetime": "2021-06-16 14:18:01", "elapsed": 1254.398491, "delta": 2.569321}}
{"target": -9.95756626515178, "params": {"C": 0.17490962179135805, "epsilon": 3.5032336837333586, "lamda": 0.0979998887160445}, "datetime": {"datetime": "2021-06-16 14:18:04", "elapsed": 1256.903387, "delta": 2.504896}}
{"target": -9.67249131833805, "params": {"C": 0.3798958355036318, "epsilon": 6.587483030737568, "lamda": 0.09222262015522027}, "datetime": {"datetime": "2021-06-16 14:18:07", "elapsed": 1259.985298, "delta": 3.081911}}
{"target": -9.593744063795207, "params": {"C": 0.6019320109252537, "epsilon": 2.7283056372769665, "lamda": 0.02708842851681246}, "datetime": {"datetime": "2021-06-16 14:18:09", "elapsed": 1262.639243, "delta": 2.653945}}
{"target": -10.323500682222923, "params": {"C": 1.358877007765367, "epsilon": 0.6595083423533645, "lamda": 0.04378945890991142}, "datetime": {"datetime": "2021-06-16 14:18:11", "elapsed": 1264.657541, "delta": 2.018298}}
{"target": -9.660334575429582, "params": {"C": 0.7972577134289673, "epsilon": 8.868036152860192, "lamda": 0.010925618494866058}, "datetime": {"datetime": "2021-06-16 14:18:14", "elapsed": 1267.505526, "delta": 2.847985}}
{"target": -9.59242707769618, "params": {"C": 0.5875079248115472, "epsilon": 2.7310357675668366, "lamda": 0.02581390710545131}, "datetime": {"datetime": "2021-06-16 14:18:17", "elapsed": 1270.345558, "delta": 2.840032}}
{"target": -9.663961043911018, "params": {"C": 0.7939343267387619, "epsilon": 9.748711637378642, "lamda": 0.040518228813134896}, "datetime": {"datetime": "2021-06-16 14:18:19", "elapsed": 1272.596033, "delta": 2.250475}}
{"target": -11.589976694420603, "params": {"C": 2.673631557168405, "epsilon": 2.1664958546738324, "lamda": 0.061515255639158536}, "datetime": {"datetime": "2021-06-16 14:18:21", "elapsed": 1274.502294, "delta": 1.906261}}
{"target": -9.997102802977812, "params": {"C": 1.1303437763406663, "epsilon": 4.135793939286925, "lamda": 0.09082818861813266}, "datetime": {"datetime": "2021-06-16 14:18:24", "elapsed": 1277.269255, "delta": 2.766961}}
{"target": -9.958875800828853, "params": {"C": 1.1047250153036412, "epsilon": 4.1648968260767845, "lamda": 0.09688662267213725}, "datetime": {"datetime": "2021-06-16 14:18:27", "elapsed": 1280.13728, "delta": 2.868025}}
{"target": -9.592423161008803, "params": {"C": 0.6040999431440344, "epsilon": 3.0271308474479572, "lamda": 0.0101744149434678}, "datetime": {"datetime": "2021-06-16 14:18:29", "elapsed": 1281.998964, "delta": 1.861684}}
{"target": -9.57973376863984, "params": {"C": 0.6187854936007186, "epsilon": 4.602484443779704, "lamda": 0.09094429486899944}, "datetime": {"datetime": "2021-06-16 14:18:31", "elapsed": 1284.592131, "delta": 2.593167}}
{"target": -9.633323887600309, "params": {"C": 0.5014385016242398, "epsilon": 0.944459204511598, "lamda": 0.01588739450893468}, "datetime": {"datetime": "2021-06-16 14:18:34", "elapsed": 1287.458053, "delta": 2.865922}}
{"target": -9.600777953219923, "params": {"C": 0.4988013128465651, "epsilon": 5.342432988034341, "lamda": 0.03371198097433164}, "datetime": {"datetime": "2021-06-16 14:18:37", "elapsed": 1290.324542, "delta": 2.866489}}
{"target": -10.889483417181852, "params": {"C": 1.6801899467976897, "epsilon": 9.067760279891253, "lamda": 0.051869327198870545}, "datetime": {"datetime": "2021-06-16 14:18:39", "elapsed": 1292.397893, "delta": 2.073351}}
{"target": -99.10125374879925, "params": {"C": 7.530584544173405, "epsilon": 5.832350401967692, "lamda": 0.08300036629610656}, "datetime": {"datetime": "2021-06-16 14:18:55", "elapsed": 1308.589533, "delta": 16.19164}}
{"target": -9.54507034147389, "params": {"C": 0.7099458396548834, "epsilon": 2.4067280170739744, "lamda": 0.08433393426170342}, "datetime": {"datetime": "2021-06-16 14:18:58", "elapsed": 1311.163616, "delta": 2.574083}}
{"target": -9.541160052893229, "params": {"C": 0.7222481387445951, "epsilon": 2.4226075479391187, "lamda": 0.07702887674841484}, "datetime": {"datetime": "2021-06-16 14:19:01", "elapsed": 1313.781795, "delta": 2.618179}}
{"target": -9.56849736802169, "params": {"C": 0.6533760071909405, "epsilon": 4.243874573190922, "lamda": 0.027493968299875913}, "datetime": {"datetime": "2021-06-16 14:19:03", "elapsed": 1316.083163, "delta": 2.301368}}
{"target": -9.703164123274105, "params": {"C": 0.8345705622330135, "epsilon": 9.66946206348629, "lamda": 0.06597652730471368}, "datetime": {"datetime": "2021-06-16 14:19:06", "elapsed": 1319.201631, "delta": 3.118468}}
{"target": -9.56801842128199, "params": {"C": 0.7526539759071238, "epsilon": 4.665030772065232, "lamda": 0.01706475539867475}, "datetime": {"datetime": "2021-06-16 14:19:09", "elapsed": 1322.165174, "delta": 2.963543}}
{"target": -11.258708865917376, "params": {"C": 1.9761215183184468, "epsilon": 9.995775471503707, "lamda": 0.09819573877002173}, "datetime": {"datetime": "2021-06-16 14:19:11", "elapsed": 1324.339024, "delta": 2.17385}}
{"target": -11.29413975470898, "params": {"C": 2.1381930395189466, "epsilon": 6.225988837426856, "lamda": 0.08039418351551302}, "datetime": {"datetime": "2021-06-16 14:19:13", "elapsed": 1326.439239, "delta": 2.100215}}
{"target": -9.563989704417274, "params": {"C": 0.7444913306924216, "epsilon": 4.679607306770998, "lamda": 0.002758613252065458}, "datetime": {"datetime": "2021-06-16 14:19:16", "elapsed": 1329.374871, "delta": 2.935632}}
{"target": -9.697495614841754, "params": {"C": 0.809575271772532, "epsilon": 9.747603526271234, "lamda": 0.029881001141220935}, "datetime": {"datetime": "2021-06-16 14:19:19", "elapsed": 1331.939251, "delta": 2.56438}}
{"target": -9.830989547524997, "params": {"C": 0.26656299791280175, "epsilon": 0.7032448391285047, "lamda": 0.05314398185776052}, "datetime": {"datetime": "2021-06-16 14:19:21", "elapsed": 1334.416876, "delta": 2.477625}}
{"target": -9.612568573818889, "params": {"C": 0.5415220236944421, "epsilon": 1.0903663638254182, "lamda": 0.02391433778258005}, "datetime": {"datetime": "2021-06-16 14:19:23", "elapsed": 1336.42136, "delta": 2.004484}}
{"target": -10.294952016701512, "params": {"C": 1.339773112611733, "epsilon": 0.6557995847423187, "lamda": 0.07381612745273267}, "datetime": {"datetime": "2021-06-16 14:19:26", "elapsed": 1339.363822, "delta": 2.942462}}
{"target": -10.263289493221532, "params": {"C": 1.2590267882230681, "epsilon": 7.763301673246705, "lamda": 0.07683733921345338}, "datetime": {"datetime": "2021-06-16 14:19:28", "elapsed": 1341.493771, "delta": 2.129949}}
{"target": -9.578496661410147, "params": {"C": 0.747502789556804, "epsilon": 7.532278785435839, "lamda": 0.07267361284523438}, "datetime": {"datetime": "2021-06-16 14:19:31", "elapsed": 1344.237067, "delta": 2.743296}}
{"target": -9.698214448887928, "params": {"C": 0.8175924076122674, "epsilon": 9.71259080501097, "lamda": 0.02557451110871757}, "datetime": {"datetime": "2021-06-16 14:19:34", "elapsed": 1347.675042, "delta": 3.437975}}
{"target": -9.629320374252464, "params": {"C": 0.4915905149549982, "epsilon": 1.7193351327955029, "lamda": 0.0843089976331238}, "datetime": {"datetime": "2021-06-16 14:19:37", "elapsed": 1350.22673, "delta": 2.551688}}
{"target": -11.437525483464956, "params": {"C": 2.3911717052765646, "epsilon": 3.1783666348267974, "lamda": 0.06850167352420836}, "datetime": {"datetime": "2021-06-16 14:19:39", "elapsed": 1352.651316, "delta": 2.424586}}
{"target": -12.14751772014868, "params": {"C": 5.4997073210366825, "epsilon": 4.601429873377775, "lamda": 0.0926826076799127}, "datetime": {"datetime": "2021-06-16 14:19:42", "elapsed": 1354.971277, "delta": 2.319961}}
{"target": -9.691825598975779, "params": {"C": 0.8112236383783441, "epsilon": 9.723804573044847, "lamda": 0.04867483302416357}, "datetime": {"datetime": "2021-06-16 14:19:44", "elapsed": 1357.725694, "delta": 2.754417}}
{"target": -9.54882917473341, "params": {"C": 0.7490287482873526, "epsilon": 4.362034965303243, "lamda": 0.08659771366554407}, "datetime": {"datetime": "2021-06-16 14:19:47", "elapsed": 1360.333331, "delta": 2.607637}}
{"target": -9.575344266694707, "params": {"C": 0.7582629728874267, "epsilon": 6.589094417089534, "lamda": 0.08648790753374445}, "datetime": {"datetime": "2021-06-16 14:19:50", "elapsed": 1363.534138, "delta": 3.200807}}
{"target": -9.687899286672987, "params": {"C": 0.8039613626870831, "epsilon": 9.710896101569297, "lamda": 0.03439337097649483}, "datetime": {"datetime": "2021-06-16 14:19:53", "elapsed": 1366.711527, "delta": 3.177389}}
{"target": -10.492796753011428, "params": {"C": 1.4198698449208156, "epsilon": 8.12642926013782, "lamda": 0.08044183726090288}, "datetime": {"datetime": "2021-06-16 14:19:56", "elapsed": 1368.965905, "delta": 2.254378}}
{"target": -9.563903929194883, "params": {"C": 0.6625181452947484, "epsilon": 4.285654471117349, "lamda": 0.029768919179921888}, "datetime": {"datetime": "2021-06-16 14:19:59", "elapsed": 1371.76188, "delta": 2.795975}}
{"target": -11.449328430282627, "params": {"C": 2.1186040569327647, "epsilon": 9.040983114246853, "lamda": 0.014821480707550735}, "datetime": {"datetime": "2021-06-16 14:20:01", "elapsed": 1374.046078, "delta": 2.284198}}
{"target": -9.568382057787966, "params": {"C": 0.6513412006382743, "epsilon": 4.22059893531886, "lamda": 0.0527739550619569}, "datetime": {"datetime": "2021-06-16 14:20:04", "elapsed": 1377.448973, "delta": 3.402895}}
{"target": -9.550484346796068, "params": {"C": 0.66202309271553, "epsilon": 7.435095656922319, "lamda": 0.08893068196623816}, "datetime": {"datetime": "2021-06-16 14:20:08", "elapsed": 1381.142378, "delta": 3.693405}}
{"target": -10.532869272357019, "params": {"C": 1.4463031870549206, "epsilon": 8.10432751517303, "lamda": 0.0490678338349001}, "datetime": {"datetime": "2021-06-16 14:20:11", "elapsed": 1383.745542, "delta": 2.603164}}
{"target": -12.894788697324493, "params": {"C": 9.807057977973221, "epsilon": 4.74572179756479, "lamda": 0.012331143661249861}, "datetime": {"datetime": "2021-06-16 14:20:13", "elapsed": 1386.044015, "delta": 2.298473}}
{"target": -9.602451821487485, "params": {"C": 0.7817285759014602, "epsilon": 8.031457755908313, "lamda": 0.09440098462494366}, "datetime": {"datetime": "2021-06-16 14:20:16", "elapsed": 1389.187881, "delta": 3.143866}}
{"target": -9.566454510150798, "params": {"C": 0.7354629501478721, "epsilon": 7.538214974246046, "lamda": 0.08181806477758453}, "datetime": {"datetime": "2021-06-16 14:20:20", "elapsed": 1392.758263, "delta": 3.570382}}
{"target": -9.571006463170688, "params": {"C": 0.7458572386375435, "epsilon": 7.532555524976142, "lamda": 0.09139574114933127}, "datetime": {"datetime": "2021-06-16 14:20:23", "elapsed": 1396.078725, "delta": 3.320462}}
{"target": -9.564757344832616, "params": {"C": 0.6618861545623579, "epsilon": 4.229886352255138, "lamda": 0.023733486836909647}, "datetime": {"datetime": "2021-06-16 14:20:25", "elapsed": 1398.618917, "delta": 2.540192}}
{"target": -9.832198269985017, "params": {"C": 0.25183974288097577, "epsilon": 7.431045999150087, "lamda": 0.0101549255165452}, "datetime": {"datetime": "2021-06-16 14:20:28", "elapsed": 1401.129969, "delta": 2.511052}}
{"target": -12.83442586672942, "params": {"C": 8.677762052653057, "epsilon": 7.429993233789783, "lamda": 0.05746434515620059}, "datetime": {"datetime": "2021-06-16 14:20:31", "elapsed": 1404.212688, "delta": 3.082719}}
{"target": -9.583298450507812, "params": {"C": 0.5966510014629723, "epsilon": 9.991610808325499, "lamda": 0.006740554887003371}, "datetime": {"datetime": "2021-06-16 14:20:34", "elapsed": 1406.911878, "delta": 2.69919}}
{"target": -9.622561532445882, "params": {"C": 0.6089173254008835, "epsilon": 0.35688651038671354, "lamda": 0.1}, "datetime": {"datetime": "2021-06-16 14:20:37", "elapsed": 1410.647783, "delta": 3.735905}}
{"target": -9.585256266448393, "params": {"C": 0.5960276883790664, "epsilon": 3.4833825910038962, "lamda": 0.09361555364234474}, "datetime": {"datetime": "2021-06-16 14:20:41", "elapsed": 1413.886837, "delta": 3.239054}}
{"target": -9.555963952463376, "params": {"C": 0.6803533586497912, "epsilon": 4.261951206075274, "lamda": 0.013307718180385954}, "datetime": {"datetime": "2021-06-16 14:20:43", "elapsed": 1416.538002, "delta": 2.651165}}
{"target": -10.496827802106536, "params": {"C": 1.4141849725171223, "epsilon": 8.100222006184918, "lamda": 0.06109501646413266}, "datetime": {"datetime": "2021-06-16 14:20:47", "elapsed": 1419.913522, "delta": 3.37552}}
{"target": -13.287773533952175, "params": {"C": 9.894852271017879, "epsilon": 9.341795061264628, "lamda": 0.005615707027731212}, "datetime": {"datetime": "2021-06-16 14:20:49", "elapsed": 1422.220606, "delta": 2.307084}}
{"target": -9.990428128130576, "params": {"C": 1.1246947857260097, "epsilon": 4.160250928807542, "lamda": 0.08150661464456538}, "datetime": {"datetime": "2021-06-16 14:20:53", "elapsed": 1425.883654, "delta": 3.663048}}
{"target": -9.624342642279506, "params": {"C": 0.4660929878421972, "epsilon": 7.042672527470249, "lamda": 0.08815228408985369}, "datetime": {"datetime": "2021-06-16 14:20:56", "elapsed": 1429.510857, "delta": 3.627203}}
{"target": -9.552654661449331, "params": {"C": 0.7034671939531714, "epsilon": 1.8522371878046748, "lamda": 0.07543497143487655}, "datetime": {"datetime": "2021-06-16 14:20:59", "elapsed": 1432.293705, "delta": 2.782848}}
{"target": -9.535192096729798, "params": {"C": 0.6822239711306147, "epsilon": 7.422814075086505, "lamda": 0.09772497048202382}, "datetime": {"datetime": "2021-06-16 14:21:02", "elapsed": 1435.276188, "delta": 2.982483}}
{"target": -9.703271884146549, "params": {"C": 0.36311045089947463, "epsilon": 9.512026986087575, "lamda": 0.08750036804219968}, "datetime": {"datetime": "2021-06-16 14:21:05", "elapsed": 1438.041568, "delta": 2.76538}}
{"target": -9.668143652549094, "params": {"C": 0.39315265723685966, "epsilon": 5.455695811002473, "lamda": 0.09236187942922892}, "datetime": {"datetime": "2021-06-16 14:21:08", "elapsed": 1441.104318, "delta": 3.06275}}
{"target": -9.631053669501297, "params": {"C": 0.47195332309745386, "epsilon": 3.02106157785415, "lamda": 0.0011997071887886023}, "datetime": {"datetime": "2021-06-16 14:21:11", "elapsed": 1443.954379, "delta": 2.850061}}
{"target": -9.545670620565973, "params": {"C": 0.7335354510443741, "epsilon": 3.9471728160810025, "lamda": 0.010546548915985195}, "datetime": {"datetime": "2021-06-16 14:21:15", "elapsed": 1447.895241, "delta": 3.940862}}
{"target": -11.982445206693928, "params": {"C": 4.190991705129788, "epsilon": 3.1690029404387148, "lamda": 0.015048613422863363}, "datetime": {"datetime": "2021-06-16 14:21:17", "elapsed": 1450.248497, "delta": 2.353256}}
{"target": -9.567826457721223, "params": {"C": 0.6350425983806357, "epsilon": 7.709940613036426, "lamda": 0.0026404581945866524}, "datetime": {"datetime": "2021-06-16 14:21:20", "elapsed": 1453.616143, "delta": 3.367646}}
{"target": -9.56690812764355, "params": {"C": 0.6834621664896308, "epsilon": 1.8347477657529405, "lamda": 0.07943869540531547}, "datetime": {"datetime": "2021-06-16 14:21:24", "elapsed": 1456.934132, "delta": 3.317989}}
{"target": -9.557789650876892, "params": {"C": 0.6523507790523692, "epsilon": 9.74318921039769, "lamda": 0.08571527877151885}, "datetime": {"datetime": "2021-06-16 14:21:27", "elapsed": 1460.319728, "delta": 3.385596}}
{"target": -12.232775905824072, "params": {"C": 5.735777473207895, "epsilon": 4.578054177352443, "lamda": 0.07183431364624969}, "datetime": {"datetime": "2021-06-16 14:21:30", "elapsed": 1463.326456, "delta": 3.006728}}
{"target": -9.770134963108628, "params": {"C": 0.8743464252804228, "epsilon": 9.812128968218895, "lamda": 0.021623886944347546}, "datetime": {"datetime": "2021-06-16 14:21:33", "elapsed": 1466.050415, "delta": 2.723959}}
{"target": -9.572895906317154, "params": {"C": 0.6015602636143319, "epsilon": 8.48520980647777, "lamda": 0.06245753866508237}, "datetime": {"datetime": "2021-06-16 14:21:36", "elapsed": 1469.566046, "delta": 3.515631}}
{"target": -9.546572993816675, "params": {"C": 0.7325197283262455, "epsilon": 3.9505457643244455, "lamda": 0.0001}, "datetime": {"datetime": "2021-06-16 14:21:39", "elapsed": 1472.618708, "delta": 3.052662}}
{"target": -12.754026449210883, "params": {"C": 9.757634097649236, "epsilon": 2.7860519857752064, "lamda": 0.009586504092694705}, "datetime": {"datetime": "2021-06-16 14:21:42", "elapsed": 1474.900139, "delta": 2.281431}}
{"target": -12.070189205757352, "params": {"C": 5.365514691848485, "epsilon": 3.360451779229976, "lamda": 0.0005879453062432019}, "datetime": {"datetime": "2021-06-16 14:21:44", "elapsed": 1476.956234, "delta": 2.056095}}
{"target": -12.212501720261663, "params": {"C": 3.892746050192195, "epsilon": 7.462610959110601, "lamda": 0.07047507138852521}, "datetime": {"datetime": "2021-06-16 14:21:46", "elapsed": 1479.518586, "delta": 2.562352}}
{"target": -9.834454212113526, "params": {"C": 1.005087434464586, "epsilon": 3.6168189728982107, "lamda": 0.08296037104138956}, "datetime": {"datetime": "2021-06-16 14:21:49", "elapsed": 1482.343389, "delta": 2.824803}}
{"target": -9.582483707359376, "params": {"C": 0.582960772875024, "epsilon": 3.484192431216712, "lamda": 0.09923040217518511}, "datetime": {"datetime": "2021-06-16 14:21:52", "elapsed": 1485.299249, "delta": 2.95586}}
{"target": -9.538111125291373, "params": {"C": 0.720729419120415, "epsilon": 2.8512668504123404, "lamda": 0.08531239612787013}, "datetime": {"datetime": "2021-06-16 14:21:55", "elapsed": 1488.34728, "delta": 3.048031}}
{"target": -9.577000810816733, "params": {"C": 0.5930483321196834, "epsilon": 9.401686798916865, "lamda": 0.009298450727728877}, "datetime": {"datetime": "2021-06-16 14:21:57", "elapsed": 1490.62572, "delta": 2.27844}}
{"target": -9.541372763176161, "params": {"C": 0.7207800031970059, "epsilon": 2.4248496223045226, "lamda": 0.0914717628737145}, "datetime": {"datetime": "2021-06-16 14:22:00", "elapsed": 1493.501443, "delta": 2.875723}}
{"target": -9.83007978934025, "params": {"C": 0.2556660429997579, "epsilon": 7.4521823972283405, "lamda": 0.006424989814622496}, "datetime": {"datetime": "2021-06-16 14:22:03", "elapsed": 1496.121861, "delta": 2.620418}}
{"target": -9.541130573160224, "params": {"C": 0.7225600128378534, "epsilon": 2.407233613680958, "lamda": 0.0780575735576222}, "datetime": {"datetime": "2021-06-16 14:22:06", "elapsed": 1498.937473, "delta": 2.815612}}
