{"target": -10.063794969940076, "params": {"C": 0.8778967725452481, "epsilon": 0.507118903971163, "gamma": 0.16566839985151224, "lamda": 0.21369471480064972}, "datetime": {"datetime": "2021-06-17 11:33:10", "elapsed": 250.642882, "delta": 1.054955}}
{"target": -9.930373283337087, "params": {"C": 0.6130572604719065, "epsilon": 0.30555390855660863, "gamma": 0.15062933254441993, "lamda": 0.31080527005004227}, "datetime": {"datetime": "2021-06-17 11:33:11", "elapsed": 251.930122, "delta": 1.28724}}
{"target": -3447.5664640528407, "params": {"C": 5.868339974957945, "epsilon": 4.664824540385765, "gamma": 0.27459187983438593, "lamda": 0.4513607216726692}, "datetime": {"datetime": "2021-06-17 11:33:22", "elapsed": 262.206874, "delta": 10.276752}}
{"target": -9.778799437706201, "params": {"C": 0.24686723297497604, "epsilon": 0.13374818697955743, "gamma": 0.1885881091147165, "lamda": 0.08562817317339594}, "datetime": {"datetime": "2021-06-17 11:33:23", "elapsed": 263.555185, "delta": 1.348311}}
{"target": -9.420436339283981, "params": {"C": 0.07066899291525766, "epsilon": 0.19756814585230523, "gamma": 0.44837968522555594, "lamda": 0.2839752362415746}, "datetime": {"datetime": "2021-06-17 11:33:24", "elapsed": 264.558473, "delta": 1.003288}}
{"target": -18.310906612757762, "params": {"C": 5.113970046792883, "epsilon": 6.864735560444887, "gamma": 1.319531869834148, "lamda": 0.4247589599547185}, "datetime": {"datetime": "2021-06-17 11:33:25", "elapsed": 265.567391, "delta": 1.008918}}
{"target": -3305.282938911672, "params": {"C": 6.46858682090133, "epsilon": 0.5537483640578916, "gamma": 0.2524655070628532, "lamda": 0.4368016740548016}, "datetime": {"datetime": "2021-06-17 11:33:37", "elapsed": 277.03422, "delta": 11.466829}}
{"target": -9.842993683795804, "params": {"C": 0.3969647177316247, "epsilon": 0.20634179625224483, "gamma": 0.20236062292027943, "lamda": 0.05591776361619823}, "datetime": {"datetime": "2021-06-17 11:33:38", "elapsed": 278.420714, "delta": 1.386494}}
{"target": -9.645036858722086, "params": {"C": 0.4182071266556503, "epsilon": 0.05948469579029018, "gamma": 0.09467946340059372, "lamda": 0.39384136260853864}, "datetime": {"datetime": "2021-06-17 11:33:39", "elapsed": 279.679854, "delta": 1.25914}}
{"target": -17.407554875216746, "params": {"C": 2.211488476187632, "epsilon": 5.717608216598903, "gamma": 1.6973449908091007, "lamda": 0.1321581675026781}, "datetime": {"datetime": "2021-06-17 11:33:40", "elapsed": 280.653214, "delta": 0.97336}}
{"target": -10.483184283867423, "params": {"C": 0.8940726966388162, "epsilon": 0.5485660657009708, "gamma": 0.22968365559898235, "lamda": 0.31409627827126235}, "datetime": {"datetime": "2021-06-17 11:33:41", "elapsed": 281.913783, "delta": 1.260569}}
{"target": -10.067551000930166, "params": {"C": 0.38417961380756666, "epsilon": 0.39672735484401833, "gamma": 0.2544578362245481, "lamda": 0.2700334630273208}, "datetime": {"datetime": "2021-06-17 11:33:43", "elapsed": 283.185779, "delta": 1.271996}}
{"target": -10.269236674377407, "params": {"C": 0.5192482017391711, "epsilon": 0.12791544224706616, "gamma": 0.048731674381388985, "lamda": 0.2978742576288879}, "datetime": {"datetime": "2021-06-17 11:33:44", "elapsed": 284.805038, "delta": 1.619259}}
{"target": -20.54179988804029, "params": {"C": 7.740683705727848, "epsilon": 0.976551515569894, "gamma": 1.1672870755332645, "lamda": 0.07736906786734836}, "datetime": {"datetime": "2021-06-17 11:33:45", "elapsed": 285.863529, "delta": 1.058491}}
{"target": -9.945151714650045, "params": {"C": 0.5959376219382264, "epsilon": 0.2950610193601073, "gamma": 0.18240036811626348, "lamda": 0.08263912057846602}, "datetime": {"datetime": "2021-06-17 11:33:47", "elapsed": 287.767839, "delta": 1.90431}}
{"target": -9.857043670887531, "params": {"C": 0.6829331573684165, "epsilon": 0.2489365662292542, "gamma": 0.12065108423592351, "lamda": 0.25277567607552626}, "datetime": {"datetime": "2021-06-17 11:33:49", "elapsed": 289.233936, "delta": 1.466097}}
{"target": -9.765560145826441, "params": {"C": 0.28684513987151805, "epsilon": 0.2849024702690366, "gamma": 0.230653872549051, "lamda": 0.354217291801989}, "datetime": {"datetime": "2021-06-17 11:33:50", "elapsed": 290.522059, "delta": 1.288123}}
{"target": -23.488228000968434, "params": {"C": 4.766445367594408, "epsilon": 7.357815226759412, "gamma": 1.5578887826253074, "lamda": 0.2752643190456646}, "datetime": {"datetime": "2021-06-17 11:33:51", "elapsed": 291.739038, "delta": 1.216979}}
{"target": -26.28175966679643, "params": {"C": 4.012446299070189, "epsilon": 1.1024052861096776, "gamma": 1.9783788547238916, "lamda": 0.2621327648413641}, "datetime": {"datetime": "2021-06-17 11:33:52", "elapsed": 292.77671, "delta": 1.037672}}
{"target": -10.284725632129527, "params": {"C": 0.7633055606558002, "epsilon": 0.4724098796723894, "gamma": 0.19309478653566076, "lamda": 0.37533431826028624}, "datetime": {"datetime": "2021-06-17 11:33:54", "elapsed": 294.481383, "delta": 1.704673}}
{"target": -9.754256660089583, "params": {"C": 0.28176668399988347, "epsilon": 0.13097970856391716, "gamma": 0.22570715497610863, "lamda": 0.03377499440971174}, "datetime": {"datetime": "2021-06-17 11:33:56", "elapsed": 296.147585, "delta": 1.666202}}
{"target": -9.890363369288293, "params": {"C": 0.48875300903263214, "epsilon": 0.23829262877480878, "gamma": 0.1753905597475814, "lamda": 0.05878829740287714}, "datetime": {"datetime": "2021-06-17 11:33:57", "elapsed": 297.5884, "delta": 1.440815}}
{"target": -9.996201386994088, "params": {"C": 0.8008724884954191, "epsilon": 0.3527610253458682, "gamma": 0.15445434116169726, "lamda": 0.1378278462818744}, "datetime": {"datetime": "2021-06-17 11:33:58", "elapsed": 298.921856, "delta": 1.333456}}
{"target": -10.299937274523394, "params": {"C": 0.43888999272007834, "epsilon": 0.4030219315347684, "gamma": 0.28477566626516576, "lamda": 0.1789461211909482}, "datetime": {"datetime": "2021-06-17 11:34:00", "elapsed": 300.725725, "delta": 1.803869}}
{"target": -9.830674067649952, "params": {"C": 0.507163622216172, "epsilon": 0.19221138910579416, "gamma": 0.11654411271571936, "lamda": 0.2727418219654299}, "datetime": {"datetime": "2021-06-17 11:34:02", "elapsed": 302.379196, "delta": 1.653471}}
{"target": -9.610754679644305, "params": {"C": 0.16123463709508237, "epsilon": 0.12087142768808969, "gamma": 0.28556330907006655, "lamda": 0.05798839957083412}, "datetime": {"datetime": "2021-06-17 11:34:03", "elapsed": 303.949961, "delta": 1.570765}}
{"target": -9.846431169296462, "params": {"C": 0.4034009529789368, "epsilon": 0.28473251277350037, "gamma": 0.19275935292923094, "lamda": 0.2891775047671692}, "datetime": {"datetime": "2021-06-17 11:34:05", "elapsed": 305.167921, "delta": 1.21796}}
{"target": -9.88243686494101, "params": {"C": 0.22505840537513896, "epsilon": 0.12405978906933321, "gamma": 0.3151428330521313, "lamda": 0.3002008473426155}, "datetime": {"datetime": "2021-06-17 11:34:06", "elapsed": 306.641373, "delta": 1.473452}}
{"target": -4584.533791540331, "params": {"C": 5.83892711397173, "epsilon": 1.6656705207322322, "gamma": 0.42688229887256196, "lamda": 0.4304727534111892}, "datetime": {"datetime": "2021-06-17 11:34:16", "elapsed": 316.73159, "delta": 10.090217}}
