{"target": -9.653874118977782, "params": {"C": 0.1, "epsilon": 0.01, "gamma": 0.3, "lamda": 0.2}, "datetime": {"datetime": "2021-06-17 10:37:35", "elapsed": 0.0, "delta": 0.0}}
{"target": -159.02610024303277, "params": {"C": 4.176049826978714, "epsilon": 7.20352460992814, "gamma": 0.010227605886516325, "lamda": 0.15186395374328804}, "datetime": {"datetime": "2021-06-17 10:37:45", "elapsed": 9.833536, "delta": 9.833536}}
{"target": -11.491969272581848, "params": {"C": 1.4760913492629593, "epsilon": 0.9242936090932092, "gamma": 0.3806578206415651, "lamda": 0.1734348027944808}, "datetime": {"datetime": "2021-06-17 10:37:46", "elapsed": 10.452134, "delta": 0.618598}}
{"target": -14.509812268781833, "params": {"C": 3.9737070675643924, "epsilon": 5.388628523299567, "gamma": 0.8441970836625566, "lamda": 0.342924530697983}, "datetime": {"datetime": "2021-06-17 10:37:46", "elapsed": 11.021183, "delta": 0.569049}}
{"target": -9.615455701485608, "params": {"C": 2.052477974817859, "epsilon": 8.781296246473064, "gamma": 0.06450131046387306, "lamda": 0.3355632875790227}, "datetime": {"datetime": "2021-06-17 10:37:47", "elapsed": 11.741882, "delta": 0.720699}}
{"target": -12.688676614659903, "params": {"C": 4.178874975647599, "epsilon": 5.587339594629071, "gamma": 0.2893700078045152, "lamda": 0.09985264305335452}, "datetime": {"datetime": "2021-06-17 10:37:48", "elapsed": 12.43321, "delta": 0.691328}}
{"target": -4897.808474538777, "params": {"C": 8.009438241068612, "epsilon": 9.682647495618255, "gamma": 0.6337141145368933, "lamda": 0.3464689852189877}, "datetime": {"datetime": "2021-06-17 10:37:54", "elapsed": 18.68651, "delta": 6.2533}}
{"target": -11.375507431370048, "params": {"C": 8.765127631437423, "epsilon": 8.946172028374969, "gamma": 0.17923798062585805, "lamda": 0.0204883368332083}, "datetime": {"datetime": "2021-06-17 10:37:55", "elapsed": 19.350529, "delta": 0.664019}}
{"target": -10.457233611405814, "params": {"C": 1.7066058914500433, "epsilon": 8.781546891790702, "gamma": 0.2057101993277697, "lamda": 0.21113270487752103}, "datetime": {"datetime": "2021-06-17 10:37:55", "elapsed": 19.980765, "delta": 0.630236}}
{"target": -27.48691656201615, "params": {"C": 9.579316406203514, "epsilon": 5.332119684445198, "gamma": 1.386835456761442, "lamda": 0.1584422998720254}, "datetime": {"datetime": "2021-06-17 10:37:56", "elapsed": 20.584922, "delta": 0.604157}}
{"target": -812.9196145042133, "params": {"C": 6.86814426753902, "epsilon": 8.346422093301832, "gamma": 0.046393671914941696, "lamda": 0.37532201315753877}, "datetime": {"datetime": "2021-06-17 10:38:05", "elapsed": 29.51361, "delta": 8.928688}}
{"target": -5453.79548788922, "params": {"C": 9.888722278175882, "epsilon": 7.4819083781440145, "gamma": 0.5680835442081663, "lamda": 0.3948503848972928}, "datetime": {"datetime": "2021-06-17 10:38:15", "elapsed": 39.255441, "delta": 9.741831}}
{"target": -14.773991183921892, "params": {"C": 1.0412278057106439, "epsilon": 4.479487368232876, "gamma": 1.81810505115526, "lamda": 0.14751346003846608}, "datetime": {"datetime": "2021-06-17 10:38:15", "elapsed": 39.860821, "delta": 0.60538}}
{"target": -915.727815029183, "params": {"C": 2.8848756324776237, "epsilon": 1.3011556926106584, "gamma": 0.04854024616189118, "lamda": 0.3397389309370056}, "datetime": {"datetime": "2021-06-17 10:38:24", "elapsed": 49.103987, "delta": 9.243166}}
{"target": -14.923656110541373, "params": {"C": 2.1241648788405896, "epsilon": 2.65620104706289, "gamma": 0.9882305869678732, "lamda": 0.027627910013423112}, "datetime": {"datetime": "2021-06-17 10:38:25", "elapsed": 49.630401, "delta": 0.526414}}
{"target": -5312.495415487102, "params": {"C": 5.74543487886521, "epsilon": 1.4681390204831957, "gamma": 1.1827180184375357, "lamda": 0.35017942165044463}, "datetime": {"datetime": "2021-06-17 10:38:34", "elapsed": 58.909821, "delta": 9.27942}}
{"target": -13.006399561074295, "params": {"C": 1.03232094398998, "epsilon": 4.141145822207864, "gamma": 1.3918563138782127, "lamda": 0.2076754554939244}, "datetime": {"datetime": "2021-06-17 10:38:35", "elapsed": 59.426902, "delta": 0.517081}}
{"target": -12.435443822840286, "params": {"C": 0.5090350548714108, "epsilon": 5.359428162749201, "gamma": 1.3309513439873797, "lamda": 0.25792966691709596}, "datetime": {"datetime": "2021-06-17 10:38:35", "elapsed": 59.959597, "delta": 0.532695}}
{"target": -28.17087324563478, "params": {"C": 9.446501612348225, "epsilon": 5.865963849979428, "gamma": 1.8077698114228882, "lamda": 0.06959987736897252}, "datetime": {"datetime": "2021-06-17 10:38:36", "elapsed": 60.53162, "delta": 0.572023}}
{"target": -13.489405700845602, "params": {"C": 1.401370709035078, "epsilon": 8.074105495806528, "gamma": 0.8013769056012118, "lamda": 0.08351174436134946}, "datetime": {"datetime": "2021-06-17 10:38:36", "elapsed": 61.090929, "delta": 0.559309}}
{"target": -5477.313417171255, "params": {"C": 9.275810718156379, "epsilon": 3.47831083159532, "gamma": 1.5041160852409494, "lamda": 0.3632729946898753}, "datetime": {"datetime": "2021-06-17 10:38:46", "elapsed": 70.940035, "delta": 9.849106}}
{"target": -31.47698730397657, "params": {"C": 8.834227851146041, "epsilon": 6.237098398349034, "gamma": 1.504375443714401, "lamda": 0.17510027264694342}, "datetime": {"datetime": "2021-06-17 10:38:47", "elapsed": 71.503084, "delta": 0.563049}}
{"target": -15.274673693208888, "params": {"C": 2.7065796387326104, "epsilon": 8.958966295742472, "gamma": 0.8619014678438769, "lamda": 0.4824551835270444}, "datetime": {"datetime": "2021-06-17 10:38:47", "elapsed": 72.119554, "delta": 0.61647}}
{"target": -3336.712347144087, "params": {"C": 6.637780563206296, "epsilon": 6.217335506371009, "gamma": 0.23834448617721662, "lamda": 0.47479514009482854}, "datetime": {"datetime": "2021-06-17 10:38:57", "elapsed": 81.824554, "delta": 9.705}}
{"target": -14.731499375947998, "params": {"C": 4.5046222134646055, "epsilon": 5.784317754256931, "gamma": 0.8221922374949495, "lamda": 0.11927646314127083}, "datetime": {"datetime": "2021-06-17 10:38:58", "elapsed": 82.41024, "delta": 0.585686}}
{"target": -279.78615530189734, "params": {"C": 9.034761410416916, "epsilon": 5.737221187236187, "gamma": 0.01571195079200635, "lamda": 0.3089553118967412}, "datetime": {"datetime": "2021-06-17 10:39:07", "elapsed": 91.748169, "delta": 9.337929}}
{"target": -19.919933364117238, "params": {"C": 3.2731825687032403, "epsilon": 5.271053964473836, "gamma": 1.7730247776284414, "lamda": 0.1792776102412474}, "datetime": {"datetime": "2021-06-17 10:39:08", "elapsed": 92.401218, "delta": 0.653049}}
{"target": -789.188702843151, "params": {"C": 9.086266157688794, "epsilon": 6.233977797802236, "gamma": 0.041484273264647, "lamda": 0.4647891796381369}, "datetime": {"datetime": "2021-06-17 10:39:17", "elapsed": 101.579793, "delta": 9.178575}}
{"target": -15.952604596613753, "params": {"C": 6.91206020599407, "epsilon": 9.973231181664353, "gamma": 0.3529576116072038, "lamda": 0.06943073906481}, "datetime": {"datetime": "2021-06-17 10:39:18", "elapsed": 102.227411, "delta": 0.647618}}
{"target": -2203.4988334479335, "params": {"C": 9.326628675741263, "epsilon": 6.9684847967375125, "gamma": 0.14134034371690435, "lamda": 0.3779760632486307}, "datetime": {"datetime": "2021-06-17 10:39:28", "elapsed": 112.219771, "delta": 9.99236}}
{"target": -31.556761363798604, "params": {"C": 7.5412231227278514, "epsilon": 9.230322330929287, "gamma": 1.4259342696706587, "lamda": 0.06301121002411018}, "datetime": {"datetime": "2021-06-17 10:39:28", "elapsed": 112.816218, "delta": 0.596447}}
{"target": -10.354058869293722, "params": {"C": 0.20860253705955795, "epsilon": 0.26308365779031506, "gamma": 0.06632991116138126, "lamda": 0.1238593227339199}, "datetime": {"datetime": "2021-06-17 10:39:29", "elapsed": 113.35342, "delta": 0.537202}}
{"target": -5841.042133725758, "params": {"C": 8.601679207342052, "epsilon": 5.3887718123521875, "gamma": 1.1101157375846742, "lamda": 0.42117341528744323}, "datetime": {"datetime": "2021-06-17 10:39:40", "elapsed": 125.060721, "delta": 11.707301}}
{"target": -13.04269335375508, "params": {"C": 1.2504914180479123, "epsilon": 2.792557606432384, "gamma": 1.1756609502019928, "lamda": 0.4848282784115176}, "datetime": {"datetime": "2021-06-17 10:39:41", "elapsed": 125.785108, "delta": 0.724387}}
{"target": -22.850734566482945, "params": {"C": 5.614691890364543, "epsilon": 0.1874542464400573, "gamma": 1.6032590186344264, "lamda": 0.1172541626466692}, "datetime": {"datetime": "2021-06-17 10:39:42", "elapsed": 126.517986, "delta": 0.732878}}
{"target": -34.03926866288708, "params": {"C": 8.072980904231603, "epsilon": 3.8792185799976533, "gamma": 1.728448290573263, "lamda": 0.37381369972585515}, "datetime": {"datetime": "2021-06-17 10:39:43", "elapsed": 127.218655, "delta": 0.700669}}
{"target": -10.808474255456407, "params": {"C": 5.566839937564285, "epsilon": 1.3654158013811895, "gamma": 0.1292362021293012, "lamda": 0.061550384414627936}, "datetime": {"datetime": "2021-06-17 10:39:44", "elapsed": 128.320983, "delta": 1.102328}}
{"target": -10.074244299049118, "params": {"C": 0.45507326666216963, "epsilon": 1.075833796931823, "gamma": 0.45916158382963085, "lamda": 0.35678150121095564}, "datetime": {"datetime": "2021-06-17 10:39:44", "elapsed": 128.97763, "delta": 0.656647}}
{"target": -2445.0223013936165, "params": {"C": 5.6015726507208825, "epsilon": 0.12654724561099942, "gamma": 0.15322881658207868, "lamda": 0.48367088867013575}, "datetime": {"datetime": "2021-06-17 10:39:59", "elapsed": 144.004618, "delta": 15.026988}}
{"target": -4742.912710600449, "params": {"C": 5.685323614580222, "epsilon": 2.033729053375244, "gamma": 0.5121282316949436, "lamda": 0.37216910118347135}, "datetime": {"datetime": "2021-06-17 10:40:14", "elapsed": 158.310566, "delta": 14.305948}}
{"target": -18.227966067929312, "params": {"C": 1.9623405162820948, "epsilon": 5.814007913805305, "gamma": 1.9403397782857414, "lamda": 0.42356757194352757}, "datetime": {"datetime": "2021-06-17 10:40:14", "elapsed": 159.048639, "delta": 0.738073}}
{"target": -15.804592820143407, "params": {"C": 2.4060791138843856, "epsilon": 4.938203372973032, "gamma": 1.2437118795789457, "lamda": 0.4146614688755392}, "datetime": {"datetime": "2021-06-17 10:40:16", "elapsed": 160.136015, "delta": 1.087376}}
{"target": -10.508396992312068, "params": {"C": 1.5763460325143819, "epsilon": 0.18674344557191777, "gamma": 0.14934406600125244, "lamda": 0.24368621035757887}, "datetime": {"datetime": "2021-06-17 10:40:16", "elapsed": 161.058871, "delta": 0.922856}}
{"target": -4680.9253214376195, "params": {"C": 6.06723132191677, "epsilon": 5.688945519427728, "gamma": 0.6415511945510999, "lamda": 0.494319461051812}, "datetime": {"datetime": "2021-06-17 10:40:30", "elapsed": 175.076246, "delta": 14.017375}}
{"target": -17.26888700583815, "params": {"C": 5.801654740265511, "epsilon": 3.8020315850628807, "gamma": 1.1063869560446147, "lamda": 0.3729218810223445}, "datetime": {"datetime": "2021-06-17 10:40:31", "elapsed": 175.906054, "delta": 0.829808}}
{"target": -2125.0955219981192, "params": {"C": 6.695636605597314, "epsilon": 2.6499306570704313, "gamma": 0.14200632051259873, "lamda": 0.18567201475913905}, "datetime": {"datetime": "2021-06-17 10:40:47", "elapsed": 191.652324, "delta": 15.74627}}
{"target": -22.487803112017023, "params": {"C": 6.300877895145429, "epsilon": 2.102529925138481, "gamma": 1.5079835519402396, "lamda": 0.034201704195703356}, "datetime": {"datetime": "2021-06-17 10:40:48", "elapsed": 192.529509, "delta": 0.877185}}
{"target": -13.407121515766793, "params": {"C": 2.610547834799624, "epsilon": 8.04774088286971, "gamma": 0.3949342224204222, "lamda": 0.3200909795590901}, "datetime": {"datetime": "2021-06-17 10:40:49", "elapsed": 193.370505, "delta": 0.840996}}
{"target": -14.857797974724907, "params": {"C": 5.251456388146099, "epsilon": 9.248154896023108, "gamma": 0.5339605732693509, "lamda": 0.033914584251327866}, "datetime": {"datetime": "2021-06-17 10:40:50", "elapsed": 194.179618, "delta": 0.809113}}
{"target": -27.328027563914258, "params": {"C": 7.3533089732538075, "epsilon": 7.722008117402925, "gamma": 1.8165535464820128, "lamda": 0.4660540625292218}, "datetime": {"datetime": "2021-06-17 10:40:50", "elapsed": 194.992622, "delta": 0.813004}}
{"target": -11.947619900386568, "params": {"C": 0.1493762140262142, "epsilon": 2.344386499128084, "gamma": 1.2373889304332986, "lamda": 0.4745591440231206}, "datetime": {"datetime": "2021-06-17 10:40:51", "elapsed": 195.872052, "delta": 0.87943}}
{"target": -28.32419039255114, "params": {"C": 9.502259431278326, "epsilon": 5.566975228763369, "gamma": 1.8320566360348862, "lamda": 0.3211415382642224}, "datetime": {"datetime": "2021-06-17 10:40:52", "elapsed": 196.834525, "delta": 0.962473}}
{"target": -16.736091572603602, "params": {"C": 3.90617706427105, "epsilon": 4.860420680302001, "gamma": 1.2125778610107467, "lamda": 0.2752244128327727}, "datetime": {"datetime": "2021-06-17 10:40:53", "elapsed": 197.618763, "delta": 0.784238}}
{"target": -5710.800414402844, "params": {"C": 9.262552452797472, "epsilon": 9.187415622900428, "gamma": 0.7958024697178743, "lamda": 0.4816680016919152}, "datetime": {"datetime": "2021-06-17 10:41:08", "elapsed": 212.462125, "delta": 14.843362}}
{"target": -10.632759947197407, "params": {"C": 1.747817110137839, "epsilon": 1.2641688648769336, "gamma": 0.27880752451299534, "lamda": 0.2533254206727715}, "datetime": {"datetime": "2021-06-17 10:41:09", "elapsed": 213.249751, "delta": 0.787626}}
{"target": -11.641875011701712, "params": {"C": 0.2250328046892378, "epsilon": 9.479754141965593, "gamma": 1.6559597876297576, "lamda": 0.008494471390319067}, "datetime": {"datetime": "2021-06-17 10:41:09", "elapsed": 213.989278, "delta": 0.739527}}
{"target": -10.580276147747437, "params": {"C": 1.770200593194802, "epsilon": 3.3213036800940032, "gamma": 0.27068372117372463, "lamda": 0.40493585537116444}, "datetime": {"datetime": "2021-06-17 10:41:10", "elapsed": 215.070759, "delta": 1.081481}}
{"target": -16.353142733836435, "params": {"C": 3.4539191603061017, "epsilon": 9.401134715851338, "gamma": 1.1682082180946893, "lamda": 0.4395371602215102}, "datetime": {"datetime": "2021-06-17 10:41:11", "elapsed": 215.81755, "delta": 0.746791}}
{"target": -5209.096470924818, "params": {"C": 8.448897109468296, "epsilon": 9.054017794767784, "gamma": 0.9251617289754459, "lamda": 0.27362706119416624}, "datetime": {"datetime": "2021-06-17 10:41:25", "elapsed": 230.122539, "delta": 14.304989}}
{"target": -6017.614715867465, "params": {"C": 7.988049875608874, "epsilon": 2.8579027984897416, "gamma": 0.9856045100136561, "lamda": 0.2999560435152933}, "datetime": {"datetime": "2021-06-17 10:41:39", "elapsed": 243.965387, "delta": 13.842848}}
{"target": -10.131364718672007, "params": {"C": 0.16517742275284888, "epsilon": 5.935220600558176, "gamma": 0.873015934489022, "lamda": 0.40387290391353586}, "datetime": {"datetime": "2021-06-17 10:41:40", "elapsed": 244.71915, "delta": 0.753763}}
{"target": -16.66483499142295, "params": {"C": 3.1592955829227756, "epsilon": 8.928994196542988, "gamma": 1.1599358584162256, "lamda": 0.09282109061210507}, "datetime": {"datetime": "2021-06-17 10:41:41", "elapsed": 245.484539, "delta": 0.765389}}
{"target": -1850.4650564800706, "params": {"C": 7.881413045916788, "epsilon": 6.120699739272295, "gamma": 0.11727945142676838, "lamda": 0.210676646320565}, "datetime": {"datetime": "2021-06-17 10:41:55", "elapsed": 259.200346, "delta": 13.715807}}
{"target": -196.55205760938026, "params": {"C": 6.7938976772886415, "epsilon": 9.186099177997281, "gamma": 0.010800029533801292, "lamda": 0.48840281536649877}, "datetime": {"datetime": "2021-06-17 10:42:07", "elapsed": 271.15481, "delta": 11.954464}}
{"target": -16.518171271463054, "params": {"C": 3.772037344310287, "epsilon": 9.737861600044868, "gamma": 1.2133850409383655, "lamda": 0.4145940581823658}, "datetime": {"datetime": "2021-06-17 10:42:07", "elapsed": 271.809745, "delta": 0.654935}}
{"target": -4739.697678102386, "params": {"C": 5.751367932033942, "epsilon": 6.281133906875198, "gamma": 0.5782968005744309, "lamda": 0.2938298369873854}, "datetime": {"datetime": "2021-06-17 10:42:21", "elapsed": 285.30558, "delta": 13.495835}}
{"target": -31.044717097479968, "params": {"C": 7.5027174193895725, "epsilon": 8.583280050453995, "gamma": 1.5126135550506836, "lamda": 0.3493305669752042}, "datetime": {"datetime": "2021-06-17 10:42:21", "elapsed": 285.959265, "delta": 0.653685}}
{"target": -26.386409459372633, "params": {"C": 8.646149506245452, "epsilon": 3.2274872873706277, "gamma": 1.3448696936672986, "lamda": 0.22598609427026123}, "datetime": {"datetime": "2021-06-17 10:42:22", "elapsed": 286.714361, "delta": 0.755096}}
{"target": -14.567471944295383, "params": {"C": 3.827206492794857, "epsilon": 4.108702687871935, "gamma": 0.8089443711043858, "lamda": 0.15937458903318016}, "datetime": {"datetime": "2021-06-17 10:42:23", "elapsed": 287.441028, "delta": 0.726667}}
{"target": -27.70512244076103, "params": {"C": 6.222974485523811, "epsilon": 4.303042460941823, "gamma": 1.947866135075232, "lamda": 0.33922264482572123}, "datetime": {"datetime": "2021-06-17 10:42:23", "elapsed": 288.10683, "delta": 0.665802}}
{"target": -13.877830059293803, "params": {"C": 1.9937131853868377, "epsilon": 4.26758339247098, "gamma": 0.6932590171511018, "lamda": 0.39902176317532473}, "datetime": {"datetime": "2021-06-17 10:42:24", "elapsed": 288.829805, "delta": 0.722975}}
{"target": -22.281631441412934, "params": {"C": 8.801182902748684, "epsilon": 9.038515716307893, "gamma": 1.3288124266267718, "lamda": 0.13583392275284914}, "datetime": {"datetime": "2021-06-17 10:42:25", "elapsed": 289.599611, "delta": 0.769806}}
{"target": -14.241122866930969, "params": {"C": 2.5311433480308514, "epsilon": 8.549124529031326, "gamma": 1.060152146154406, "lamda": 0.40127838091829443}, "datetime": {"datetime": "2021-06-17 10:42:26", "elapsed": 290.354102, "delta": 0.754491}}
{"target": -17.321474798535945, "params": {"C": 5.729160286744147, "epsilon": 7.331692110349825, "gamma": 1.042833138653471, "lamda": 0.3856710713404421}, "datetime": {"datetime": "2021-06-17 10:42:27", "elapsed": 291.12726, "delta": 0.773158}}
{"target": -15.11893323675768, "params": {"C": 5.692891327140108, "epsilon": 4.6576330760412175, "gamma": 0.6919509268270307, "lamda": 0.035036464859935355}, "datetime": {"datetime": "2021-06-17 10:42:27", "elapsed": 291.914322, "delta": 0.787062}}
{"target": -23.058505386503835, "params": {"C": 3.7854625514877176, "epsilon": 0.7971811509048254, "gamma": 1.9658060563235855, "lamda": 0.09162481281405112}, "datetime": {"datetime": "2021-06-17 10:42:28", "elapsed": 292.511505, "delta": 0.597183}}
{"target": -27.93440033313901, "params": {"C": 8.120468390228192, "epsilon": 8.749741487914026, "gamma": 1.3799423722480273, "lamda": 0.28517771195994246}, "datetime": {"datetime": "2021-06-17 10:42:29", "elapsed": 293.158589, "delta": 0.647084}}
{"target": -14.135306724103373, "params": {"C": 1.6181046537879316, "epsilon": 4.6693333476103005, "gamma": 0.6968923817988778, "lamda": 0.11329493894922821}, "datetime": {"datetime": "2021-06-17 10:42:29", "elapsed": 293.815393, "delta": 0.656804}}
{"target": -26.462149490942426, "params": {"C": 5.92919356897031, "epsilon": 3.1233861071814677, "gamma": 1.833448051402018, "lamda": 0.454908126950827}, "datetime": {"datetime": "2021-06-17 10:42:30", "elapsed": 294.45959, "delta": 0.644197}}
{"target": -13.43151022564576, "params": {"C": 2.5786117548841396, "epsilon": 1.109802116139548, "gamma": 0.39399583671803456, "lamda": 0.2502925011687641}, "datetime": {"datetime": "2021-06-17 10:42:31", "elapsed": 295.213965, "delta": 0.754375}}
{"target": -4966.947070395837, "params": {"C": 7.288570823066216, "epsilon": 2.082736189649506, "gamma": 0.5035867811706891, "lamda": 0.42598426559324715}, "datetime": {"datetime": "2021-06-17 10:42:42", "elapsed": 306.861981, "delta": 11.648016}}
{"target": -15.493603636707935, "params": {"C": 4.164328695492598, "epsilon": 6.167233986485208, "gamma": 0.4749956170861076, "lamda": 0.05188166245347292}, "datetime": {"datetime": "2021-06-17 10:42:43", "elapsed": 307.555066, "delta": 0.693085}}
{"target": -4090.684952099568, "params": {"C": 5.163411599515613, "epsilon": 4.771932729510774, "gamma": 0.3138165717453949, "lamda": 0.31128130963846734}, "datetime": {"datetime": "2021-06-17 10:42:55", "elapsed": 320.022329, "delta": 12.467263}}
{"target": -4051.4323306848487, "params": {"C": 5.444661086951242, "epsilon": 6.541719332360473, "gamma": 0.29764562484807305, "lamda": 0.3760123807504867}, "datetime": {"datetime": "2021-06-17 10:43:09", "elapsed": 333.228091, "delta": 13.205762}}
{"target": -16.720669158731624, "params": {"C": 2.2282709066012276, "epsilon": 5.193998891835965, "gamma": 1.5727390961610217, "lamda": 0.012142883567911284}, "datetime": {"datetime": "2021-06-17 10:43:09", "elapsed": 333.886205, "delta": 0.658114}}
{"target": -18.8820604130315, "params": {"C": 3.250380972664603, "epsilon": 8.72935084162471, "gamma": 1.6909721191281184, "lamda": 0.2696818557046773}, "datetime": {"datetime": "2021-06-17 10:43:10", "elapsed": 334.631616, "delta": 0.745411}}
{"target": -29.548953543048924, "params": {"C": 8.667416658923464, "epsilon": 9.498110107544912, "gamma": 1.6545499252823892, "lamda": 0.42720360647443284}, "datetime": {"datetime": "2021-06-17 10:43:11", "elapsed": 335.347987, "delta": 0.716371}}
{"target": -12.878908644477441, "params": {"C": 0.9964465841852801, "epsilon": 6.51339201907757, "gamma": 1.4099988064237794, "lamda": 0.3055101655106682}, "datetime": {"datetime": "2021-06-17 10:43:11", "elapsed": 336.055593, "delta": 0.707606}}
{"target": -31.37125656564298, "params": {"C": 7.99815646474292, "epsilon": 0.3466776274964709, "gamma": 1.5427750817644101, "lamda": 0.366132571769024}, "datetime": {"datetime": "2021-06-17 10:43:12", "elapsed": 336.809632, "delta": 0.754039}}
