{"target": -183.8955617781052, "params": {"C": 4.176073436242382, "epsilon": 7.20347586823273, "gamma": 0.010393983485576706, "lamda": 0.15176493776189504}, "datetime": {"datetime": "2021-06-17 11:04:05", "elapsed": 1590.039425, "delta": 21.497904}}
{"target": -22.21052225706265, "params": {"C": 4.219033594102294, "epsilon": 4.212028034911829, "gamma": 1.587460665627844, "lamda": 0.21910069496001996}, "datetime": {"datetime": "2021-06-17 11:04:13", "elapsed": 1597.917917, "delta": 7.878492}}
{"target": -15.578404491983106, "params": {"C": 4.16527399498637, "epsilon": 6.081643141164935, "gamma": 0.4468136946526627, "lamda": 0.06886938258102356}, "datetime": {"datetime": "2021-06-17 11:04:24", "elapsed": 1608.850152, "delta": 10.932235}}
{"target": -14.592246367599165, "params": {"C": 2.582378500393271, "epsilon": 8.6025445742458, "gamma": 1.0253617212566601, "lamda": 0.443808215138487}, "datetime": {"datetime": "2021-06-17 11:04:35", "elapsed": 1619.685946, "delta": 10.835794}}
{"target": -10.196790602280238, "params": {"C": 0.25276581787370117, "epsilon": 0.3134210867227036, "gamma": 0.06974534973153983, "lamda": 0.0165842480888716}, "datetime": {"datetime": "2021-06-17 11:04:43", "elapsed": 1627.259346, "delta": 7.5734}}
{"target": -10.640632727370978, "params": {"C": 5.549882267842663, "epsilon": 1.4110430591591616, "gamma": 0.14363152714184374, "lamda": 0.11453038303651356}, "datetime": {"datetime": "2021-06-17 11:04:51", "elapsed": 1635.96334, "delta": 8.703994}}
{"target": -17.697990437231667, "params": {"C": 6.786867149113634, "epsilon": 4.685638845017151, "gamma": 0.775438600038978, "lamda": 0.013815238393661378}, "datetime": {"datetime": "2021-06-17 11:04:59", "elapsed": 1643.710133, "delta": 7.746793}}
{"target": -9.283799469015875, "params": {"C": 0.06708494502911247, "epsilon": 5.533208828073318, "gamma": 0.3119534283713319, "lamda": 0.2728555084944667}, "datetime": {"datetime": "2021-06-17 11:05:09", "elapsed": 1653.680281, "delta": 9.970148}}
{"target": -14.077763749473638, "params": {"C": 2.2399342733656207, "epsilon": 4.541343984764472, "gamma": 1.1029266381648688, "lamda": 0.4614843965130477}, "datetime": {"datetime": "2021-06-17 11:05:19", "elapsed": 1663.823777, "delta": 10.143496}}
{"target": -14.553773471907903, "params": {"C": 2.3533905055921003, "epsilon": 4.508695226051656, "gamma": 1.1502048318856455, "lamda": 0.4762306430887968}, "datetime": {"datetime": "2021-06-17 11:05:28", "elapsed": 1672.455623, "delta": 8.631846}}
{"target": -10.410991103367856, "params": {"C": 1.7001745215093989, "epsilon": 8.829770134660293, "gamma": 0.23368490165972164, "lamda": 0.24118599518204317}, "datetime": {"datetime": "2021-06-17 11:05:38", "elapsed": 1682.805264, "delta": 10.349641}}
{"target": -28.32416446260815, "params": {"C": 9.427323621051968, "epsilon": 5.892231862840911, "gamma": 1.796306442905892, "lamda": 0.0526859132464673}, "datetime": {"datetime": "2021-06-17 11:05:47", "elapsed": 1692.065776, "delta": 9.260512}}
{"target": -13.936016893151864, "params": {"C": 2.6811000308116553, "epsilon": 8.78526185646219, "gamma": 0.949397523460553, "lamda": 0.4250852136934749}, "datetime": {"datetime": "2021-06-17 11:05:59", "elapsed": 1703.634881, "delta": 11.569105}}
{"target": -23.165239325489864, "params": {"C": 5.609091483107908, "epsilon": 0.24442774653707, "gamma": 1.6832889151516308, "lamda": 0.14712608171500513}, "datetime": {"datetime": "2021-06-17 11:06:07", "elapsed": 1712.110894, "delta": 8.476013}}
{"target": -14.507542695373388, "params": {"C": 2.2568875115366125, "epsilon": 4.5423310378765915, "gamma": 1.0312444907109604, "lamda": 0.4471562381156139}, "datetime": {"datetime": "2021-06-17 11:06:19", "elapsed": 1723.27429, "delta": 11.163396}}
{"target": -16.62481190823979, "params": {"C": 3.877275528026636, "epsilon": 4.889255908371083, "gamma": 1.1735666754453988, "lamda": 0.2713586649469681}, "datetime": {"datetime": "2021-06-17 11:06:30", "elapsed": 1734.640741, "delta": 11.366451}}
{"target": -14.10614346020225, "params": {"C": 2.667479386844494, "epsilon": 8.97111169083166, "gamma": 0.8521687150491205, "lamda": 0.4889939305843911}, "datetime": {"datetime": "2021-06-17 11:06:40", "elapsed": 1744.726366, "delta": 10.085625}}
{"target": -39.763011606536345, "params": {"C": 8.01578834970907, "epsilon": 2.707601834943909, "gamma": 1.4327050559122214, "lamda": 0.2627972231332534}, "datetime": {"datetime": "2021-06-17 11:06:49", "elapsed": 1753.787526, "delta": 9.06116}}
{"target": -26.762099287362844, "params": {"C": 6.514612803432242, "epsilon": 2.2933102661789997, "gamma": 1.5257974826837302, "lamda": 0.09361470594428715}, "datetime": {"datetime": "2021-06-17 11:06:57", "elapsed": 1761.798526, "delta": 8.011}}
{"target": -46.92380215600697, "params": {"C": 7.963406507206743, "epsilon": 8.652500382717754, "gamma": 1.5258740259685328, "lamda": 0.17898354255691523}, "datetime": {"datetime": "2021-06-17 11:07:06", "elapsed": 1770.474978, "delta": 8.676452}}
{"target": -31.780501218269674, "params": {"C": 8.077248998938693, "epsilon": 3.793133304824706, "gamma": 1.7317259771546174, "lamda": 0.3572781114908288}, "datetime": {"datetime": "2021-06-17 11:07:15", "elapsed": 1779.271206, "delta": 8.796228}}
{"target": -10.166351456512093, "params": {"C": 0.633652336035186, "epsilon": 5.070401002953328, "gamma": 0.444048974254283, "lamda": 0.4180517204860022}, "datetime": {"datetime": "2021-06-17 11:07:24", "elapsed": 1789.077361, "delta": 9.806155}}
{"target": -12.869917002077674, "params": {"C": 9.882162066231556, "epsilon": 6.49317625439345, "gamma": 0.20991503632543002, "lamda": 0.06227736124809016}, "datetime": {"datetime": "2021-06-17 11:07:35", "elapsed": 1799.298592, "delta": 10.221231}}
{"target": -13.161741154229148, "params": {"C": 1.3143676541065987, "epsilon": 2.7873627151898885, "gamma": 1.192007525114724, "lamda": 0.48664945523505304}, "datetime": {"datetime": "2021-06-17 11:07:43", "elapsed": 1807.229672, "delta": 7.93108}}
{"target": -10.439211307535192, "params": {"C": 1.873601957149558, "epsilon": 8.773143970237065, "gamma": 0.16005236216166602, "lamda": 0.23055987423884064}, "datetime": {"datetime": "2021-06-17 11:07:51", "elapsed": 1815.374172, "delta": 8.1445}}
{"target": -14.29830427801409, "params": {"C": 2.393830581285501, "epsilon": 3.011485440709441, "gamma": 0.9676320263847469, "lamda": 0.07498054663612876}, "datetime": {"datetime": "2021-06-17 11:07:58", "elapsed": 1822.656971, "delta": 7.282799}}
{"target": -14.564227977804741, "params": {"C": 3.8270032104133094, "epsilon": 4.093462502645567, "gamma": 0.7912710188085583, "lamda": 0.1560515595772376}, "datetime": {"datetime": "2021-06-17 11:08:06", "elapsed": 1830.977584, "delta": 8.320613}}
{"target": -13.369301073560807, "params": {"C": 1.5960452909444558, "epsilon": 4.772534732716607, "gamma": 1.0399563585398932, "lamda": 0.04565918429930216}, "datetime": {"datetime": "2021-06-17 11:08:16", "elapsed": 1840.802826, "delta": 9.825242}}
{"target": -14.513332621137517, "params": {"C": 3.81729238121469, "epsilon": 8.493166781328453, "gamma": 0.812437436593347, "lamda": 0.23277711417966454}, "datetime": {"datetime": "2021-06-17 11:08:26", "elapsed": 1850.657574, "delta": 9.854748}}
{"target": -18.703043693946654, "params": {"C": 3.9586449802377897, "epsilon": 4.861094832770721, "gamma": 1.223333642939538, "lamda": 0.21047775089632498}, "datetime": {"datetime": "2021-06-17 11:08:38", "elapsed": 1862.213171, "delta": 11.555597}}
{"target": -15.709391082910592, "params": {"C": 2.3378597762890183, "epsilon": 4.908339622257237, "gamma": 1.2539368296187718, "lamda": 0.3874078082915621}, "datetime": {"datetime": "2021-06-17 11:08:47", "elapsed": 1872.092623, "delta": 9.879452}}
{"target": -9.578105255419686, "params": {"C": 0.14269162830230644, "epsilon": 0.09626087488755228, "gamma": 0.2938141966349328, "lamda": 0.20357518058268606}, "datetime": {"datetime": "2021-06-17 11:08:58", "elapsed": 1882.182422, "delta": 10.089799}}
{"target": -14.528755645900521, "params": {"C": 3.8202536933594944, "epsilon": 4.108116143026071, "gamma": 0.8612856418048346, "lamda": 0.14351364267235658}, "datetime": {"datetime": "2021-06-17 11:09:10", "elapsed": 1894.279059, "delta": 12.096637}}
{"target": -16.612151338341715, "params": {"C": 3.841065850289662, "epsilon": 4.928811904771209, "gamma": 1.1720260422235493, "lamda": 0.27498574385891134}, "datetime": {"datetime": "2021-06-17 11:09:20", "elapsed": 1904.501459, "delta": 10.2224}}
{"target": -17.03933985085092, "params": {"C": 4.337351710397474, "epsilon": 4.170587472097225, "gamma": 1.223539361749122, "lamda": 0.2875923457082152}, "datetime": {"datetime": "2021-06-17 11:09:28", "elapsed": 1913.017659, "delta": 8.5162}}
{"target": -15.259156679584136, "params": {"C": 3.888157668614367, "epsilon": 4.150611744217412, "gamma": 0.9285572167553963, "lamda": 0.15407819980527376}, "datetime": {"datetime": "2021-06-17 11:09:39", "elapsed": 1923.406063, "delta": 10.388404}}
{"target": -31.456129360020853, "params": {"C": 8.053027755263878, "epsilon": 3.913410641511005, "gamma": 1.6864287312163466, "lamda": 0.2709956345957007}, "datetime": {"datetime": "2021-06-17 11:09:47", "elapsed": 1931.293971, "delta": 7.887908}}
{"target": -27.36803449751725, "params": {"C": 8.82289719487457, "epsilon": 9.12483618412728, "gamma": 1.5142220708380232, "lamda": 0.20472357198385796}, "datetime": {"datetime": "2021-06-17 11:09:56", "elapsed": 1940.195457, "delta": 8.901486}}
{"target": -24.866430124304443, "params": {"C": 5.277624891266694, "epsilon": 8.080818367957407, "gamma": 1.5818743801067157, "lamda": 0.32194025455271014}, "datetime": {"datetime": "2021-06-17 11:10:06", "elapsed": 1950.37256, "delta": 10.177103}}
{"target": -18.34239475668668, "params": {"C": 2.87866068564142, "epsilon": 0.9986927105325102, "gamma": 1.6950042696946146, "lamda": 0.055264450158951914}, "datetime": {"datetime": "2021-06-17 11:10:17", "elapsed": 1961.770676, "delta": 11.398116}}
{"target": -12.150967630078016, "params": {"C": 0.1776472708025735, "epsilon": 2.3254113333868736, "gamma": 1.1899194142062979, "lamda": 0.47955633336489106}, "datetime": {"datetime": "2021-06-17 11:10:26", "elapsed": 1970.183221, "delta": 8.412545}}
{"target": -15.200533440484335, "params": {"C": 2.7804272521096633, "epsilon": 3.9168966576563453, "gamma": 1.1781188475619842, "lamda": 0.08598015548150444}, "datetime": {"datetime": "2021-06-17 11:10:35", "elapsed": 1979.648581, "delta": 9.46536}}
{"target": -17.485874595194197, "params": {"C": 9.396840577310366, "epsilon": 9.731546193445764, "gamma": 0.5355757889908533, "lamda": 0.007275427981043308}, "datetime": {"datetime": "2021-06-17 11:10:44", "elapsed": 1988.564538, "delta": 8.915957}}
{"target": -26.50358090115221, "params": {"C": 8.78779152269946, "epsilon": 9.015794621845997, "gamma": 1.33557787017235, "lamda": 0.14785702849685445}, "datetime": {"datetime": "2021-06-17 11:10:55", "elapsed": 2000.119979, "delta": 11.555441}}
{"target": -14.977109861292256, "params": {"C": 4.2239008353988545, "epsilon": 5.801931375238523, "gamma": 0.6153840793957499, "lamda": 0.14022490401773308}, "datetime": {"datetime": "2021-06-17 11:11:04", "elapsed": 2008.969883, "delta": 8.849904}}
{"target": -9.616698071295295, "params": {"C": 0.10019640393745606, "epsilon": 0.08140208984580971, "gamma": 0.30535553738906995, "lamda": 0.22115287423258984}, "datetime": {"datetime": "2021-06-17 11:11:14", "elapsed": 2018.299511, "delta": 9.329628}}
{"target": -15.732702216118108, "params": {"C": 2.421065143323586, "epsilon": 2.6379297110649382, "gamma": 1.3266258221818978, "lamda": 0.22558730051429693}, "datetime": {"datetime": "2021-06-17 11:11:23", "elapsed": 2027.163376, "delta": 8.863865}}
{"target": -13.869390111687299, "params": {"C": 0.9350502335784281, "epsilon": 0.9836622702617874, "gamma": 0.6475606857493484, "lamda": 0.4348446053834799}, "datetime": {"datetime": "2021-06-17 11:11:34", "elapsed": 2038.15307, "delta": 10.989694}}
{"target": -30.74235919286078, "params": {"C": 7.683356935841348, "epsilon": 8.821126963812901, "gamma": 1.5239738397587792, "lamda": 0.21545547317155178}, "datetime": {"datetime": "2021-06-17 11:11:42", "elapsed": 2047.022905, "delta": 8.869835}}
{"target": -14.120206145074302, "params": {"C": 0.9979687406595705, "epsilon": 4.447449787062226, "gamma": 1.7360547017662213, "lamda": 0.1857447482428133}, "datetime": {"datetime": "2021-06-17 11:11:53", "elapsed": 2057.216666, "delta": 10.193761}}
{"target": -15.097509962961484, "params": {"C": 1.047847865030137, "epsilon": 4.515877093051971, "gamma": 1.8741350419434066, "lamda": 0.1147938849483578}, "datetime": {"datetime": "2021-06-17 11:12:05", "elapsed": 2069.412993, "delta": 12.196327}}
{"target": -14.914709046994314, "params": {"C": 2.2500631634427566, "epsilon": 4.4969429651920665, "gamma": 1.149886878194406, "lamda": 0.39546242693904615}, "datetime": {"datetime": "2021-06-17 11:12:16", "elapsed": 2080.686026, "delta": 11.273033}}
{"target": -14.372771471602693, "params": {"C": 1.9912590801174335, "epsilon": 4.236185264987515, "gamma": 0.646086588296541, "lamda": 0.3976470420099035}, "datetime": {"datetime": "2021-06-17 11:12:25", "elapsed": 2089.8553, "delta": 9.169274}}
{"target": -41.12535479921908, "params": {"C": 7.974785565870209, "epsilon": 2.640761309082871, "gamma": 1.5172960641970203, "lamda": 0.231433367602585}, "datetime": {"datetime": "2021-06-17 11:12:35", "elapsed": 2099.973254, "delta": 10.117954}}
{"target": -19.716095144989605, "params": {"C": 3.262085096745718, "epsilon": 5.208836774562697, "gamma": 1.7655891820836935, "lamda": 0.1690514051610456}, "datetime": {"datetime": "2021-06-17 11:12:47", "elapsed": 2111.239201, "delta": 11.265947}}
{"target": -10.634987453881907, "params": {"C": 5.578050713222523, "epsilon": 1.301625905361158, "gamma": 0.1379172737812198, "lamda": 0.09363146517640981}, "datetime": {"datetime": "2021-06-17 11:12:58", "elapsed": 2122.599027, "delta": 11.359826}}
{"target": -15.474100794522744, "params": {"C": 2.7897341425167594, "epsilon": 3.917138786750323, "gamma": 1.195198593809283, "lamda": 0.05161510618264254}, "datetime": {"datetime": "2021-06-17 11:13:07", "elapsed": 2131.659462, "delta": 9.060435}}
{"target": -26.33249949351501, "params": {"C": 6.22979361591665, "epsilon": 4.309779099924949, "gamma": 1.9686336952336143, "lamda": 0.3337240245587348}, "datetime": {"datetime": "2021-06-17 11:13:17", "elapsed": 2141.326726, "delta": 9.667264}}
{"target": -31.10905905075669, "params": {"C": 9.573970955127466, "epsilon": 5.3418222363181656, "gamma": 1.3625999938780906, "lamda": 0.18638377216005472}, "datetime": {"datetime": "2021-06-17 11:13:27", "elapsed": 2151.259079, "delta": 9.932353}}
{"target": -16.328649084638844, "params": {"C": 2.4451718621623995, "epsilon": 2.679986257872673, "gamma": 1.4618825983381365, "lamda": 0.22807294187386548}, "datetime": {"datetime": "2021-06-17 11:13:36", "elapsed": 2160.635755, "delta": 9.376676}}
{"target": -16.94568581825981, "params": {"C": 5.414747349448499, "epsilon": 6.272497113928208, "gamma": 1.0154089403643698, "lamda": 0.07899288724925572}, "datetime": {"datetime": "2021-06-17 11:13:48", "elapsed": 2172.711269, "delta": 12.075514}}
{"target": -14.891119260064977, "params": {"C": 3.5805341117310143, "epsilon": 9.429383268554988, "gamma": 1.0323548926768056, "lamda": 0.34187226030906886}, "datetime": {"datetime": "2021-06-17 11:13:57", "elapsed": 2182.113013, "delta": 9.401744}}
{"target": -10.65264388040681, "params": {"C": 1.7182012856146098, "epsilon": 1.2760111663152092, "gamma": 0.28973662043010956, "lamda": 0.24722278788972193}, "datetime": {"datetime": "2021-06-17 11:14:12", "elapsed": 2197.064083, "delta": 14.95107}}
{"target": -32.10825035748894, "params": {"C": 7.517848970366195, "epsilon": 9.216903599155202, "gamma": 1.430173185014846, "lamda": 0.07183477903391523}, "datetime": {"datetime": "2021-06-17 11:14:26", "elapsed": 2210.665348, "delta": 13.601265}}
{"target": -16.729780075333704, "params": {"C": 2.9483176656381436, "epsilon": 0.24326308284367393, "gamma": 1.2046936487626263, "lamda": 0.4488662664841832}, "datetime": {"datetime": "2021-06-17 11:14:37", "elapsed": 2221.598777, "delta": 10.933429}}
{"target": -29.242505935954675, "params": {"C": 9.214100240141443, "epsilon": 9.103714562281064, "gamma": 1.5969615481639021, "lamda": 0.21633151662005565}, "datetime": {"datetime": "2021-06-17 11:14:48", "elapsed": 2232.380648, "delta": 10.781871}}
{"target": -10.080908351786503, "params": {"C": 0.2821130524783398, "epsilon": 5.386035672949068, "gamma": 0.3361437508606003, "lamda": 0.24794727931866625}, "datetime": {"datetime": "2021-06-17 11:14:55", "elapsed": 2239.520173, "delta": 7.139525}}
{"target": -27.299608503488066, "params": {"C": 7.965099141651285, "epsilon": 8.64580772309514, "gamma": 1.5338537673435806, "lamda": 0.20094267438377297}, "datetime": {"datetime": "2021-06-17 11:15:04", "elapsed": 2248.921485, "delta": 9.401312}}
{"target": -9.382203350129945, "params": {"C": 2.0176638586080022, "epsilon": 8.74477062058717, "gamma": 0.04385445622781765, "lamda": 0.3478167634598018}, "datetime": {"datetime": "2021-06-17 11:15:15", "elapsed": 2259.45543, "delta": 10.533945}}
{"target": -14.571421996994799, "params": {"C": 3.9141947993937296, "epsilon": 4.144692353239791, "gamma": 0.8667777870241652, "lamda": 0.16514107934461975}, "datetime": {"datetime": "2021-06-17 11:15:26", "elapsed": 2270.571996, "delta": 11.116566}}
{"target": -13.835779759787462, "params": {"C": 2.1244873304254277, "epsilon": 2.641680675655037, "gamma": 0.9720272334773624, "lamda": 0.05251926089691644}, "datetime": {"datetime": "2021-06-17 11:15:35", "elapsed": 2279.7178, "delta": 9.145804}}
{"target": -32.956917504250264, "params": {"C": 7.703327813545869, "epsilon": 8.763092167282656, "gamma": 1.5173821443364028, "lamda": 0.2923569033084888}, "datetime": {"datetime": "2021-06-17 11:15:44", "elapsed": 2288.734171, "delta": 9.016371}}
{"target": -16.266180177690416, "params": {"C": 2.904553688976336, "epsilon": 0.25898033225918976, "gamma": 1.226215398774057, "lamda": 0.4654680220328479}, "datetime": {"datetime": "2021-06-17 11:15:54", "elapsed": 2298.463712, "delta": 9.729541}}
{"target": -18.79336797950292, "params": {"C": 3.618658205515227, "epsilon": 5.088575795668864, "gamma": 1.4478734942615812, "lamda": 0.27898247382670593}, "datetime": {"datetime": "2021-06-17 11:16:04", "elapsed": 2308.864391, "delta": 10.400679}}
{"target": -22.96010728927777, "params": {"C": 5.678711562751655, "epsilon": 0.2839952446612743, "gamma": 1.6612358426811098, "lamda": 0.20865349518121074}, "datetime": {"datetime": "2021-06-17 11:16:17", "elapsed": 2321.998844, "delta": 13.134453}}
{"target": -10.457957052771004, "params": {"C": 1.7107307529051279, "epsilon": 8.793800702517272, "gamma": 0.20855352155146362, "lamda": 0.18409821332626689}, "datetime": {"datetime": "2021-06-17 11:16:27", "elapsed": 2331.856051, "delta": 9.857207}}
{"target": -26.17995231119857, "params": {"C": 5.461998807374825, "epsilon": 9.017174147229932, "gamma": 1.951426790108844, "lamda": 0.38389580253902417}, "datetime": {"datetime": "2021-06-17 11:16:37", "elapsed": 2341.352348, "delta": 9.496297}}
{"target": -25.05096375175933, "params": {"C": 6.525952377131363, "epsilon": 2.2820218530553062, "gamma": 1.5033666960072405, "lamda": 0.04143964592228532}, "datetime": {"datetime": "2021-06-17 11:16:46", "elapsed": 2350.571043, "delta": 9.218695}}
{"target": -19.05005060352965, "params": {"C": 2.49992374863486, "epsilon": 2.0542652605046365, "gamma": 1.6602738317979966, "lamda": 0.3859317245423039}, "datetime": {"datetime": "2021-06-17 11:16:57", "elapsed": 2361.659021, "delta": 11.087978}}
{"target": -29.01916890218903, "params": {"C": 9.213357342278133, "epsilon": 9.286057319769142, "gamma": 1.6273479591571853, "lamda": 0.38854730837060464}, "datetime": {"datetime": "2021-06-17 11:17:08", "elapsed": 2372.31596, "delta": 10.656939}}
{"target": -17.074236516170348, "params": {"C": 8.559026892490797, "epsilon": 1.3627720104483056, "gamma": 0.7266169828703279, "lamda": 0.07688234266238196}, "datetime": {"datetime": "2021-06-17 11:17:18", "elapsed": 2382.431401, "delta": 10.115441}}
{"target": -13.928639120006602, "params": {"C": 2.7109309906058425, "epsilon": 8.9015556409274, "gamma": 0.9075604845472863, "lamda": 0.455981799776224}, "datetime": {"datetime": "2021-06-17 11:17:27", "elapsed": 2391.518661, "delta": 9.08726}}
{"target": -23.725237798767097, "params": {"C": 6.5301566192856955, "epsilon": 2.309179829946147, "gamma": 1.491258230230081, "lamda": 0.08445221443934431}, "datetime": {"datetime": "2021-06-17 11:17:36", "elapsed": 2400.191314, "delta": 8.672653}}
{"target": -29.679920845229624, "params": {"C": 9.628941092768226, "epsilon": 5.352183804965353, "gamma": 1.3338903903074097, "lamda": 0.19546327612708136}, "datetime": {"datetime": "2021-06-17 11:17:43", "elapsed": 2407.891112, "delta": 7.699798}}
{"target": -14.517678100598175, "params": {"C": 3.978386599291245, "epsilon": 5.377862900652049, "gamma": 0.8565760801290238, "lamda": 0.3738663116924834}, "datetime": {"datetime": "2021-06-17 11:17:54", "elapsed": 2419.110807, "delta": 11.219695}}
{"target": -23.312258983484043, "params": {"C": 5.635102335532563, "epsilon": 0.2234831486481167, "gamma": 1.6154536192900757, "lamda": 0.13136474905794626}, "datetime": {"datetime": "2021-06-17 11:18:04", "elapsed": 2428.542325, "delta": 9.431518}}
{"target": -10.533273163377864, "params": {"C": 2.7661087544932683, "epsilon": 1.6099868302051497, "gamma": 0.19247955633376795, "lamda": 0.43673678323495435}, "datetime": {"datetime": "2021-06-17 11:18:15", "elapsed": 2439.365807, "delta": 10.823482}}
{"target": -22.98943625980041, "params": {"C": 5.590525037055042, "epsilon": 0.2155771967900201, "gamma": 1.6778331783014926, "lamda": 0.12717936514282432}, "datetime": {"datetime": "2021-06-17 11:18:25", "elapsed": 2449.803474, "delta": 10.437667}}
