{"target": -19.942044762939226, "params": {"C": 8.417370751567336, "epsilon": 7.168095939010807, "gamma": 6.673887277216945, "lamda": 2.0602762840615263}, "datetime": {"datetime": "2021-06-16 16:01:12", "elapsed": 5910.441228, "delta": 8.296118}}
{"target": -20.461635066975468, "params": {"C": 2.5558587368340384, "epsilon": 1.1023587594166406, "gamma": 8.549904484558436, "lamda": 1.3249298969400154}, "datetime": {"datetime": "2021-06-16 16:01:20", "elapsed": 5918.555204, "delta": 8.113976}}
{"target": -27.222919423514696, "params": {"C": 2.3522135692604973, "epsilon": 3.4121988124536644, "gamma": 5.488385453334933, "lamda": 0.8967836865353223}, "datetime": {"datetime": "2021-06-16 16:01:29", "elapsed": 5927.533485, "delta": 8.978281}}
{"target": -20.25177682988917, "params": {"C": 2.5349227450989678, "epsilon": 0.9943343814321108, "gamma": 8.675127658080955, "lamda": 1.3764691196878995}, "datetime": {"datetime": "2021-06-16 16:01:42", "elapsed": 5940.284273, "delta": 12.750788}}
{"target": -18.627663561366383, "params": {"C": 9.883849893494656, "epsilon": 5.556298867711124, "gamma": 9.098742629377597, "lamda": 1.6953393301970052}, "datetime": {"datetime": "2021-06-16 16:01:53", "elapsed": 5951.519867, "delta": 11.235594}}
{"target": -21.57143053321518, "params": {"C": 6.60394118980231, "epsilon": 2.1195189490167614, "gamma": 7.7670161975938905, "lamda": 0.8251100473633173}, "datetime": {"datetime": "2021-06-16 16:02:02", "elapsed": 5960.402933, "delta": 8.883066}}
{"target": -26.09313322244085, "params": {"C": 5.68675868857262, "epsilon": 1.552603140747158, "gamma": 5.70820582128828, "lamda": 6.7361352036437845}, "datetime": {"datetime": "2021-06-16 16:02:15", "elapsed": 5973.437271, "delta": 13.034338}}
{"target": -22.219358210021955, "params": {"C": 7.9907177502760804, "epsilon": 2.1718352731289343, "gamma": 7.135910070723271, "lamda": 1.4747737304246396}, "datetime": {"datetime": "2021-06-16 16:02:25", "elapsed": 5982.599626, "delta": 9.162355}}
{"target": -123.67845312256193, "params": {"C": 1.830960685372148, "epsilon": 1.6357008995034017, "gamma": 3.6345010056898426, "lamda": 0.7956563546580149}, "datetime": {"datetime": "2021-06-16 16:02:39", "elapsed": 5996.869614, "delta": 14.269988}}
{"target": -20.488667904102165, "params": {"C": 9.807512934951522, "epsilon": 3.709029458656516, "gamma": 8.32020861615355, "lamda": 0.9067966039887342}, "datetime": {"datetime": "2021-06-16 16:02:50", "elapsed": 6008.148181, "delta": 11.278567}}
{"target": -34.14500934448018, "params": {"C": 2.1522965607640843, "epsilon": 4.000670122715126, "gamma": 5.277678434457653, "lamda": 0.7519845326618144}, "datetime": {"datetime": "2021-06-16 16:02:59", "elapsed": 6017.036658, "delta": 8.888477}}
{"target": -19.440455082989498, "params": {"C": 5.936597799339495, "epsilon": 3.4453634480596564, "gamma": 5.495912211619939, "lamda": 7.626443801209872}, "datetime": {"datetime": "2021-06-16 16:03:09", "elapsed": 6026.780356, "delta": 9.743698}}
{"target": -21.049663047337898, "params": {"C": 7.575218043945407, "epsilon": 8.733078740445539, "gamma": 6.865004166595736, "lamda": 1.0237394225816787}, "datetime": {"datetime": "2021-06-16 16:03:17", "elapsed": 6034.736066, "delta": 7.95571}}
{"target": -173.81804728664343, "params": {"C": 1.5073765075595402, "epsilon": 1.573404157265635, "gamma": 8.32676865182381, "lamda": 2.6586074258866654}, "datetime": {"datetime": "2021-06-16 16:03:31", "elapsed": 6048.73299, "delta": 13.996924}}
{"target": -19.49873439730056, "params": {"C": 5.917467448484627, "epsilon": 3.8393306267283838, "gamma": 5.577152483912825, "lamda": 7.4872189091594965}, "datetime": {"datetime": "2021-06-16 16:03:39", "elapsed": 6056.626113, "delta": 7.893123}}
{"target": -20.27148960397252, "params": {"C": 7.553017588235627, "epsilon": 9.106220681687164, "gamma": 7.126382320004475, "lamda": 1.2195263905954674}, "datetime": {"datetime": "2021-06-16 16:03:50", "elapsed": 6068.163439, "delta": 11.537326}}
{"target": -22.663164386867983, "params": {"C": 8.129739674441936, "epsilon": 2.1125313091107873, "gamma": 6.870357697032976, "lamda": 1.543306434971237}, "datetime": {"datetime": "2021-06-16 16:03:59", "elapsed": 6076.699166, "delta": 8.535727}}
{"target": -106.41154285872128, "params": {"C": 5.351984519983269, "epsilon": 2.174227790320052, "gamma": 5.272400405920967, "lamda": 8.738607613277724}, "datetime": {"datetime": "2021-06-16 16:04:12", "elapsed": 6090.148407, "delta": 13.449241}}
{"target": -19.583425526253304, "params": {"C": 6.109506169649368, "epsilon": 3.618931433663951, "gamma": 5.5718163962268505, "lamda": 7.782599209739554}, "datetime": {"datetime": "2021-06-16 16:04:22", "elapsed": 6100.499375, "delta": 10.350968}}
{"target": -21.660774546421166, "params": {"C": 6.436721366129742, "epsilon": 2.0541685347788565, "gamma": 7.477406277133314, "lamda": 0.8851884005763931}, "datetime": {"datetime": "2021-06-16 16:04:31", "elapsed": 6108.646412, "delta": 8.147037}}
{"target": -99.3995971072312, "params": {"C": 1.013982341458962, "epsilon": 0.39481860554523324, "gamma": 5.638157956049745, "lamda": 9.069682204602024}, "datetime": {"datetime": "2021-06-16 16:04:49", "elapsed": 6126.57135, "delta": 17.924938}}
{"target": -18.89759790580367, "params": {"C": 9.730770508354558, "epsilon": 8.639652584071662, "gamma": 9.509384673018692, "lamda": 0.726550763292735}, "datetime": {"datetime": "2021-06-16 16:05:02", "elapsed": 6140.242525, "delta": 13.671175}}
{"target": -99.70072648362769, "params": {"C": 5.491108863730907, "epsilon": 3.716769555725068, "gamma": 3.176212641437126, "lamda": 1.0369785937970915}, "datetime": {"datetime": "2021-06-16 16:05:17", "elapsed": 6154.622065, "delta": 14.37954}}
{"target": -99.46173127526478, "params": {"C": 8.149229427999794, "epsilon": 7.6917414925870435, "gamma": 2.5324483522935193, "lamda": 3.323039704424888}, "datetime": {"datetime": "2021-06-16 16:05:30", "elapsed": 6168.37362, "delta": 13.751555}}
{"target": -19.079569066658113, "params": {"C": 9.617023689158518, "epsilon": 5.839909188873871, "gamma": 8.70913881309398, "lamda": 1.4606345761483253}, "datetime": {"datetime": "2021-06-16 16:05:38", "elapsed": 6176.477094, "delta": 8.103474}}
{"target": -18.456287299748624, "params": {"C": 6.788798687615904, "epsilon": 1.5738037520394652, "gamma": 9.868813338481882, "lamda": 3.245054537251798}, "datetime": {"datetime": "2021-06-16 16:05:44", "elapsed": 6181.706242, "delta": 5.229148}}
{"target": -34.97309475394513, "params": {"C": 7.096058338004698, "epsilon": 8.128320179307636, "gamma": 5.126925253816621, "lamda": 0.06105841514916356}, "datetime": {"datetime": "2021-06-16 16:05:49", "elapsed": 6186.819834, "delta": 5.113592}}
{"target": -20.087236421803716, "params": {"C": 8.433821624743372, "epsilon": 7.1534620124763375, "gamma": 6.6002571131862044, "lamda": 2.1570058319814773}, "datetime": {"datetime": "2021-06-16 16:05:58", "elapsed": 6196.485433, "delta": 9.665599}}
{"target": -25.760940929065413, "params": {"C": 4.440430696568881, "epsilon": 8.382790279266954, "gamma": 9.763483266190125, "lamda": 4.943357244802872}, "datetime": {"datetime": "2021-06-16 16:06:04", "elapsed": 6201.620352, "delta": 5.134919}}
{"target": -20.2807310035087, "params": {"C": 8.50935286150338, "epsilon": 7.075594564760685, "gamma": 6.694990777934175, "lamda": 1.816048502316111}, "datetime": {"datetime": "2021-06-16 16:06:10", "elapsed": 6207.909974, "delta": 6.289622}}
{"target": -28.08905937275104, "params": {"C": 2.054279504181566, "epsilon": 3.847664838682676, "gamma": 5.503472246788507, "lamda": 0.521430004065579}, "datetime": {"datetime": "2021-06-16 16:06:23", "elapsed": 6221.084421, "delta": 13.174447}}
{"target": -21.800694935378008, "params": {"C": 7.668693639168306, "epsilon": 8.649357970918915, "gamma": 6.720380444309725, "lamda": 0.8109738236046057}, "datetime": {"datetime": "2021-06-16 16:06:32", "elapsed": 6230.180612, "delta": 9.096191}}
{"target": -19.383909530781278, "params": {"C": 5.925865016739508, "epsilon": 3.637469859590174, "gamma": 5.528376345973665, "lamda": 7.2881912988739215}, "datetime": {"datetime": "2021-06-16 16:06:41", "elapsed": 6238.610367, "delta": 8.429755}}
{"target": -22.27411756582722, "params": {"C": 7.984000039058472, "epsilon": 2.2056083875211083, "gamma": 7.096399632465381, "lamda": 1.477100245279628}, "datetime": {"datetime": "2021-06-16 16:06:48", "elapsed": 6246.072245, "delta": 7.461878}}
{"target": -20.208207959460985, "params": {"C": 9.577170735745192, "epsilon": 3.7835632511612447, "gamma": 8.44795428089196, "lamda": 0.9397716646010095}, "datetime": {"datetime": "2021-06-16 16:06:56", "elapsed": 6254.233095, "delta": 8.16085}}
{"target": -20.083093996294387, "params": {"C": 9.853365500554476, "epsilon": 3.6019792148553553, "gamma": 8.582624197548306, "lamda": 0.9420261405591123}, "datetime": {"datetime": "2021-06-16 16:07:05", "elapsed": 6262.757025, "delta": 8.52393}}
{"target": -20.2082809720923, "params": {"C": 7.978315268255164, "epsilon": 9.039441167763533, "gamma": 6.977040533699675, "lamda": 1.3189935013611525}, "datetime": {"datetime": "2021-06-16 16:07:15", "elapsed": 6273.28618, "delta": 10.529155}}
{"target": -20.331942979921287, "params": {"C": 2.809484708150652, "epsilon": 0.9240605234283512, "gamma": 8.636203485834256, "lamda": 1.0956374076883637}, "datetime": {"datetime": "2021-06-16 16:07:28", "elapsed": 6286.308539, "delta": 13.022359}}
{"target": -20.0703278383169, "params": {"C": 7.66617379584913, "epsilon": 9.342079352569487, "gamma": 7.170999912658991, "lamda": 1.1705260981014944}, "datetime": {"datetime": "2021-06-16 16:07:37", "elapsed": 6294.832833, "delta": 8.524294}}
{"target": -104.45339156092903, "params": {"C": 0.5056894944913765, "epsilon": 4.908019995792394, "gamma": 9.6469699106832, "lamda": 7.091084606514655}, "datetime": {"datetime": "2021-06-16 16:07:56", "elapsed": 6314.249501, "delta": 19.416668}}
{"target": -19.18215412446257, "params": {"C": 8.866672258944694, "epsilon": 5.615839533895529, "gamma": 8.562381841590781, "lamda": 1.5731714674827266}, "datetime": {"datetime": "2021-06-16 16:08:05", "elapsed": 6322.798271, "delta": 8.54877}}
{"target": -20.67523833804692, "params": {"C": 9.712409391363543, "epsilon": 3.4496831276273383, "gamma": 8.203187359342808, "lamda": 0.8983388504869048}, "datetime": {"datetime": "2021-06-16 16:08:13", "elapsed": 6331.53458, "delta": 8.736309}}
{"target": -20.12475984025253, "params": {"C": 3.0350563491091793, "epsilon": 1.085656268218901, "gamma": 8.8478669901794, "lamda": 1.6096500052511296}, "datetime": {"datetime": "2021-06-16 16:08:21", "elapsed": 6339.39318, "delta": 7.8586}}
{"target": -21.80529219912154, "params": {"C": 6.193776911128484, "epsilon": 1.910030943375623, "gamma": 7.344749954814839, "lamda": 0.9086476275525203}, "datetime": {"datetime": "2021-06-16 16:08:30", "elapsed": 6348.10669, "delta": 8.71351}}
{"target": -22.53083627524603, "params": {"C": 6.678259477807223, "epsilon": 1.8433281327919055, "gamma": 7.18808674393457, "lamda": 0.6513500316868097}, "datetime": {"datetime": "2021-06-16 16:08:39", "elapsed": 6356.644165, "delta": 8.537475}}
{"target": -19.151511789382507, "params": {"C": 3.9755185669628386, "epsilon": 0.7754786006506408, "gamma": 9.882194693739699, "lamda": 1.58928717846633}, "datetime": {"datetime": "2021-06-16 16:08:47", "elapsed": 6365.226923, "delta": 8.582758}}
{"target": -21.753399731194634, "params": {"C": 6.114691719708226, "epsilon": 2.015821780088182, "gamma": 7.440464804128852, "lamda": 1.1820404064346675}, "datetime": {"datetime": "2021-06-16 16:08:58", "elapsed": 6376.198361, "delta": 10.971438}}
{"target": -19.84181266029727, "params": {"C": 8.657433835826266, "epsilon": 6.857482213983733, "gamma": 6.691175392305709, "lamda": 2.220046112150663}, "datetime": {"datetime": "2021-06-16 16:09:07", "elapsed": 6385.3158, "delta": 9.117439}}
{"target": -20.88274760474815, "params": {"C": 9.918312059303256, "epsilon": 3.2219169527948233, "gamma": 8.283123870524374, "lamda": 0.553780944287311}, "datetime": {"datetime": "2021-06-16 16:09:16", "elapsed": 6393.586511, "delta": 8.270711}}
{"target": -99.22884268663037, "params": {"C": 2.5390146334045656, "epsilon": 6.153098461397744, "gamma": 1.9545972066355635, "lamda": 2.2502099218691742}, "datetime": {"datetime": "2021-06-16 16:09:29", "elapsed": 6407.391527, "delta": 13.805016}}
{"target": -101.9330559837081, "params": {"C": 6.492083147373445, "epsilon": 5.852482190827808, "gamma": 2.7328459179458218, "lamda": 6.613285272515247}, "datetime": {"datetime": "2021-06-16 16:09:43", "elapsed": 6420.989794, "delta": 13.598267}}
{"target": -103.29070252206655, "params": {"C": 4.533794167618156, "epsilon": 4.711527024735557, "gamma": 9.087447341129266, "lamda": 9.984877228675101}, "datetime": {"datetime": "2021-06-16 16:09:57", "elapsed": 6434.959573, "delta": 13.969779}}
{"target": -35.54144472348527, "params": {"C": 2.3002331698912086, "epsilon": 3.9149932168190946, "gamma": 5.284078885866984, "lamda": 0.7002122287587633}, "datetime": {"datetime": "2021-06-16 16:10:06", "elapsed": 6443.836271, "delta": 8.876698}}
{"target": -20.593309166474832, "params": {"C": 9.871662839172538, "epsilon": 3.4949927758279395, "gamma": 8.374292311920945, "lamda": 0.7375703915778752}, "datetime": {"datetime": "2021-06-16 16:10:14", "elapsed": 6451.614418, "delta": 7.778147}}
{"target": -15.263215614378534, "params": {"C": 6.7067993530901875, "epsilon": 8.308253557606067, "gamma": 9.21177563513034, "lamda": 8.439198602636417}, "datetime": {"datetime": "2021-06-16 16:10:19", "elapsed": 6457.553464, "delta": 5.939046}}
{"target": -18.99841901966294, "params": {"C": 9.240466444340779, "epsilon": 5.751002680546468, "gamma": 8.698863943961355, "lamda": 1.5748527330395161}, "datetime": {"datetime": "2021-06-16 16:10:29", "elapsed": 6466.87919, "delta": 9.325726}}
{"target": -22.565655429174996, "params": {"C": 6.540359700616707, "epsilon": 1.7775432992581337, "gamma": 7.182218988651536, "lamda": 0.6303211563496023}, "datetime": {"datetime": "2021-06-16 16:10:36", "elapsed": 6474.184968, "delta": 7.305778}}
{"target": -19.530826134839938, "params": {"C": 3.578907784309748, "epsilon": 0.7200205461453473, "gamma": 9.389724161224748, "lamda": 1.8048602228791832}, "datetime": {"datetime": "2021-06-16 16:10:45", "elapsed": 6482.793583, "delta": 8.608615}}
{"target": -27.885859419927804, "params": {"C": 8.0634179454581, "epsilon": 3.5085370241523397, "gamma": 5.77151636303517, "lamda": 3.056601461980675}, "datetime": {"datetime": "2021-06-16 16:10:57", "elapsed": 6495.398185, "delta": 12.604602}}
{"target": -15.465877959397634, "params": {"C": 0.1454592821180266, "epsilon": 9.625308178852189, "gamma": 7.678835133094228, "lamda": 0.32853973131589304}, "datetime": {"datetime": "2021-06-16 16:11:06", "elapsed": 6504.250867, "delta": 8.852682}}
{"target": -20.94823560375383, "params": {"C": 8.497127080303779, "epsilon": 6.196532189403814, "gamma": 6.321011502470262, "lamda": 2.2581667575111437}, "datetime": {"datetime": "2021-06-16 16:11:20", "elapsed": 6517.844247, "delta": 13.59338}}
{"target": -122.47003030007654, "params": {"C": 7.810144047664122, "epsilon": 4.695832642465421, "gamma": 7.851234737664573, "lamda": 3.421102896946236}, "datetime": {"datetime": "2021-06-16 16:11:34", "elapsed": 6532.010653, "delta": 14.166406}}
{"target": -102.86178262671967, "params": {"C": 3.2127938501861117, "epsilon": 0.46938823845745165, "gamma": 8.243913782929607, "lamda": 9.290258233274933}, "datetime": {"datetime": "2021-06-16 16:11:48", "elapsed": 6545.879237, "delta": 13.868584}}
{"target": -18.820829521201233, "params": {"C": 3.8974124922396203, "epsilon": 1.2058133717068222, "gamma": 9.86913648518449, "lamda": 1.7856317026105044}, "datetime": {"datetime": "2021-06-16 16:12:04", "elapsed": 6562.354751, "delta": 16.475514}}
{"target": -114.60411234243963, "params": {"C": 7.19799086992996, "epsilon": 9.277217243108655, "gamma": 5.6952930654326055, "lamda": 5.781939804267215}, "datetime": {"datetime": "2021-06-16 16:12:19", "elapsed": 6576.702204, "delta": 14.347453}}
{"target": -21.88751435708237, "params": {"C": 6.188852704122434, "epsilon": 1.9734764852057072, "gamma": 7.36817156686683, "lamda": 0.5532444207007716}, "datetime": {"datetime": "2021-06-16 16:12:31", "elapsed": 6589.112059, "delta": 12.409855}}
{"target": -21.750032456191054, "params": {"C": 6.7045546815128745, "epsilon": 2.076621348368651, "gamma": 7.327955926757905, "lamda": 0.9077435139648313}, "datetime": {"datetime": "2021-06-16 16:12:37", "elapsed": 6595.318249, "delta": 6.20619}}
{"target": -26.778128928562843, "params": {"C": 1.7818062256114238, "epsilon": 4.23372587454879, "gamma": 5.401608726723659, "lamda": 0.6880371496962482}, "datetime": {"datetime": "2021-06-16 16:12:52", "elapsed": 6610.032338, "delta": 14.714089}}
{"target": -103.01840770154953, "params": {"C": 8.33176968905975, "epsilon": 1.6409798199448116, "gamma": 4.812025674180359, "lamda": 1.390052906853529}, "datetime": {"datetime": "2021-06-16 16:13:06", "elapsed": 6624.029783, "delta": 13.997445}}
{"target": -109.9435463973786, "params": {"C": 0.20560561123385843, "epsilon": 9.48123820081742, "gamma": 0.929473795271407, "lamda": 5.065267818139068}, "datetime": {"datetime": "2021-06-16 16:13:25", "elapsed": 6643.100115, "delta": 19.070332}}
{"target": -19.2614981492081, "params": {"C": 3.45872369539171, "epsilon": 0.6863519397694909, "gamma": 9.756296263477456, "lamda": 1.7150637845738652}, "datetime": {"datetime": "2021-06-16 16:13:33", "elapsed": 6651.24812, "delta": 8.148005}}
{"target": -108.36847928854145, "params": {"C": 4.449621839111516, "epsilon": 3.813757298959051, "gamma": 8.364150771598231, "lamda": 7.708187251105029}, "datetime": {"datetime": "2021-06-16 16:13:48", "elapsed": 6665.586387, "delta": 14.338267}}
{"target": -19.615686103613143, "params": {"C": 7.2871146278994585, "epsilon": 8.80685830130805, "gamma": 7.293193211774451, "lamda": 1.478302530501217}, "datetime": {"datetime": "2021-06-16 16:14:02", "elapsed": 6679.648555, "delta": 14.062168}}
{"target": -19.406091098125763, "params": {"C": 3.4573451872282077, "epsilon": 0.5270779288370598, "gamma": 9.599176786215248, "lamda": 1.5720537123003342}, "datetime": {"datetime": "2021-06-16 16:14:11", "elapsed": 6689.049364, "delta": 9.400809}}
{"target": -104.07393516906842, "params": {"C": 1.8124502738149197, "epsilon": 9.652003716242914, "gamma": 2.7425571151060804, "lamda": 7.937520569212797}, "datetime": {"datetime": "2021-06-16 16:14:25", "elapsed": 6702.874374, "delta": 13.82501}}
{"target": -19.29643187007248, "params": {"C": 4.0131430752883235, "epsilon": 0.7941392823493252, "gamma": 9.664470854730773, "lamda": 1.3711020114021766}, "datetime": {"datetime": "2021-06-16 16:14:36", "elapsed": 6714.158927, "delta": 11.284553}}
{"target": -18.624577768752662, "params": {"C": 9.934056680561229, "epsilon": 5.973609765925455, "gamma": 8.906713804044587, "lamda": 1.7671361990493675}, "datetime": {"datetime": "2021-06-16 16:14:45", "elapsed": 6723.137556, "delta": 8.978629}}
{"target": -20.848092049655826, "params": {"C": 8.320187591771012, "epsilon": 6.574713098392459, "gamma": 6.404548098530003, "lamda": 2.303462721161506}, "datetime": {"datetime": "2021-06-16 16:14:54", "elapsed": 6732.456313, "delta": 9.318757}}
{"target": -23.63355350360272, "params": {"C": 5.574591500602681, "epsilon": 0.5032891138485068, "gamma": 5.910687786304651, "lamda": 9.917551413494252}, "datetime": {"datetime": "2021-06-16 16:15:03", "elapsed": 6741.240264, "delta": 8.783951}}
{"target": -35.176324765803514, "params": {"C": 7.0391444652633535, "epsilon": 8.024630509811105, "gamma": 5.126443110632733, "lamda": 0.0465458394343294}, "datetime": {"datetime": "2021-06-16 16:15:17", "elapsed": 6754.974452, "delta": 13.734188}}
{"target": -21.813162593252176, "params": {"C": 6.2415512246933025, "epsilon": 1.7934340349644178, "gamma": 7.40714593967598, "lamda": 0.8547690231179015}, "datetime": {"datetime": "2021-06-16 16:15:32", "elapsed": 6769.580543, "delta": 14.606091}}
{"target": -21.626704177211998, "params": {"C": 2.3948131020620784, "epsilon": 5.487688661596984, "gamma": 7.897167836370888, "lamda": 0.2647533723045975}, "datetime": {"datetime": "2021-06-16 16:15:44", "elapsed": 6781.813544, "delta": 12.233001}}
{"target": -97.55469268066616, "params": {"C": 0.8476091909712163, "epsilon": 1.2073127197670213, "gamma": 1.8905322753116676, "lamda": 2.5533014267181304}, "datetime": {"datetime": "2021-06-16 16:15:58", "elapsed": 6795.962055, "delta": 14.148511}}
{"target": -101.1138174828103, "params": {"C": 1.8914651249319003, "epsilon": 2.2969391899422327, "gamma": 2.7262958038647196, "lamda": 5.693746214923057}, "datetime": {"datetime": "2021-06-16 16:16:12", "elapsed": 6810.288219, "delta": 14.326164}}
{"target": -19.553888712605364, "params": {"C": 4.115290357108768, "epsilon": 0.6217917492946244, "gamma": 9.490383300785195, "lamda": 1.2444635993570565}, "datetime": {"datetime": "2021-06-16 16:16:19", "elapsed": 6817.079962, "delta": 6.791743}}
{"target": -21.85470900964909, "params": {"C": 6.330537910057132, "epsilon": 1.994029571808368, "gamma": 7.73431921151071, "lamda": 0.6681213585325964}, "datetime": {"datetime": "2021-06-16 16:16:27", "elapsed": 6824.610906, "delta": 7.530944}}
{"target": -99.81281661780122, "params": {"C": 5.409574735486287, "epsilon": 8.778799691017314, "gamma": 3.5351479218848763, "lamda": 6.755173771566318}, "datetime": {"datetime": "2021-06-16 16:16:41", "elapsed": 6838.943242, "delta": 14.332336}}
{"target": -19.240460309397168, "params": {"C": 6.012401425589713, "epsilon": 3.6728417226926444, "gamma": 5.489833708410551, "lamda": 7.6349832024214646}, "datetime": {"datetime": "2021-06-16 16:16:52", "elapsed": 6850.016578, "delta": 11.073336}}
{"target": -20.40455446062976, "params": {"C": 3.2167533805816784, "epsilon": 0.8401354638212747, "gamma": 8.627054811336997, "lamda": 1.4879007635280443}, "datetime": {"datetime": "2021-06-16 16:17:00", "elapsed": 6858.040558, "delta": 8.02398}}
