{"target": -13.512087189809217, "params": {"C": 1.3843586908001957, "epsilon": 8.077308796329076, "gamma": 0.7861179372115341, "lamda": 0.11345914878992622}, "datetime": {"datetime": "2021-06-17 10:52:30", "elapsed": 895.010392, "delta": 5.805202}}
{"target": -10.66742440824303, "params": {"C": 5.5396080499543014, "epsilon": 1.384245319272216, "gamma": 0.14586928120562087, "lamda": 0.07111910674545648}, "datetime": {"datetime": "2021-06-17 10:52:36", "elapsed": 900.589073, "delta": 5.578681}}
{"target": -36.82187905620892, "params": {"C": 7.706468530163828, "epsilon": 8.784402774643057, "gamma": 1.5097825771634559, "lamda": 0.2354935179702879}, "datetime": {"datetime": "2021-06-17 10:52:41", "elapsed": 906.043391, "delta": 5.454318}}
{"target": -16.743578561132175, "params": {"C": 3.969293979168847, "epsilon": 4.822314604905396, "gamma": 1.1955313397547673, "lamda": 0.24885775606686908}, "datetime": {"datetime": "2021-06-17 10:52:47", "elapsed": 911.683575, "delta": 5.640184}}
{"target": -12.092053344985828, "params": {"C": 0.26697476709091517, "epsilon": 8.102231535770036, "gamma": 1.9020140521584696, "lamda": 0.30556072041792837}, "datetime": {"datetime": "2021-06-17 10:52:53", "elapsed": 917.833406, "delta": 6.149831}}
{"target": -32.851188863276434, "params": {"C": 7.703227321648046, "epsilon": 8.763056003008858, "gamma": 1.5176212181162085, "lamda": 0.29266402376573175}, "datetime": {"datetime": "2021-06-17 10:52:58", "elapsed": 922.861207, "delta": 5.027801}}
{"target": -27.76224193829833, "params": {"C": 8.792778542274394, "epsilon": 8.986289600322522, "gamma": 1.4470278969105057, "lamda": 0.006963901501965467}, "datetime": {"datetime": "2021-06-17 10:53:04", "elapsed": 928.380705, "delta": 5.519498}}
{"target": -14.554783469180846, "params": {"C": 3.827790653809817, "epsilon": 4.096805847498897, "gamma": 0.8021791486798813, "lamda": 0.20023854798232615}, "datetime": {"datetime": "2021-06-17 10:53:09", "elapsed": 933.605536, "delta": 5.224831}}
{"target": -21.075053719005528, "params": {"C": 6.5364132932132755, "epsilon": 2.1945210879444264, "gamma": 1.4051499440552886, "lamda": 0.46016600490287296}, "datetime": {"datetime": "2021-06-17 10:53:15", "elapsed": 939.905821, "delta": 6.300285}}
{"target": -31.208751988402465, "params": {"C": 8.0387279619598, "epsilon": 3.8986554584378, "gamma": 1.7002622075791496, "lamda": 0.32268507378314}, "datetime": {"datetime": "2021-06-17 10:53:21", "elapsed": 945.913105, "delta": 6.007284}}
{"target": -13.355815010048527, "params": {"C": 1.5791173667749068, "epsilon": 4.784756313814476, "gamma": 1.0381789881766275, "lamda": 0.05771711805110503}, "datetime": {"datetime": "2021-06-17 10:53:27", "elapsed": 951.287693, "delta": 5.374588}}
{"target": -12.435461404054452, "params": {"C": 0.5090611803552744, "epsilon": 5.359352035660756, "gamma": 1.330924777392992, "lamda": 0.25798078794847057}, "datetime": {"datetime": "2021-06-17 10:53:33", "elapsed": 957.198559, "delta": 5.910866}}
{"target": -14.586346857361185, "params": {"C": 2.5613322410201738, "epsilon": 1.1331859560333541, "gamma": 0.4442952154636888, "lamda": 0.267612327565548}, "datetime": {"datetime": "2021-06-17 10:53:38", "elapsed": 962.991983, "delta": 5.793424}}
{"target": -15.374458626477164, "params": {"C": 2.7607113764440947, "epsilon": 3.8912930356995883, "gamma": 1.1771651364194082, "lamda": 0.020966617323897884}, "datetime": {"datetime": "2021-06-17 10:53:45", "elapsed": 969.135634, "delta": 6.143651}}
{"target": -16.603522200206488, "params": {"C": 3.8412964626390473, "epsilon": 4.836797363639672, "gamma": 1.1787388409776989, "lamda": 0.2941106271698389}, "datetime": {"datetime": "2021-06-17 10:53:49", "elapsed": 973.620304, "delta": 4.48467}}
{"target": -10.130395151240796, "params": {"C": 0.24669717542391642, "epsilon": 0.2705482604491705, "gamma": 0.07456271441013954, "lamda": 0.04932318893905895}, "datetime": {"datetime": "2021-06-17 10:53:55", "elapsed": 979.486871, "delta": 5.866567}}
{"target": -5420.250849355243, "params": {"C": 7.954568697607369, "epsilon": 8.784654578171835, "gamma": 1.3901456267132541, "lamda": 0.4276242574839482}, "datetime": {"datetime": "2021-06-17 10:54:09", "elapsed": 993.550959, "delta": 14.064088}}
{"target": -13.576697508612714, "params": {"C": 1.4040456523178293, "epsilon": 8.05370836346583, "gamma": 0.7778147193205064, "lamda": 0.04180672940433878}, "datetime": {"datetime": "2021-06-17 10:54:13", "elapsed": 998.006651, "delta": 4.455692}}
{"target": -17.268675198603965, "params": {"C": 5.801698043212543, "epsilon": 3.801979283379418, "gamma": 1.1063394175222598, "lamda": 0.37296297593933925}, "datetime": {"datetime": "2021-06-17 10:54:20", "elapsed": 1004.653615, "delta": 6.646964}}
{"target": -13.933985278137834, "params": {"C": 2.6790450419424667, "epsilon": 8.875587666929682, "gamma": 0.9519075363580024, "lamda": 0.442431291843213}, "datetime": {"datetime": "2021-06-17 10:54:26", "elapsed": 1010.150443, "delta": 5.496828}}
{"target": -26.466988076762654, "params": {"C": 5.929272110075437, "epsilon": 3.123409600759872, "gamma": 1.8334034882177823, "lamda": 0.45492759652121734}, "datetime": {"datetime": "2021-06-17 10:54:33", "elapsed": 1017.793332, "delta": 7.642889}}
{"target": -15.104345780049893, "params": {"C": 2.6130745833966222, "epsilon": 8.570692509458803, "gamma": 1.052466787030338, "lamda": 0.41495265762339434}, "datetime": {"datetime": "2021-06-17 10:54:40", "elapsed": 1024.636789, "delta": 6.843457}}
{"target": -30.75600259301039, "params": {"C": 7.955441999758678, "epsilon": 2.6859904072055176, "gamma": 1.4959103724915754, "lamda": 0.24364904293504616}, "datetime": {"datetime": "2021-06-17 10:54:47", "elapsed": 1031.660819, "delta": 7.02403}}
{"target": -14.160690945039715, "params": {"C": 2.2676489117292373, "epsilon": 4.591058788326129, "gamma": 1.1014321491935126, "lamda": 0.4408023251879316}, "datetime": {"datetime": "2021-06-17 10:54:55", "elapsed": 1039.540875, "delta": 7.880056}}
{"target": -22.806753695992533, "params": {"C": 3.73750376229233, "epsilon": 0.8288606587825756, "gamma": 1.9554895916327837, "lamda": 0.10235791381244806}, "datetime": {"datetime": "2021-06-17 10:55:02", "elapsed": 1046.681989, "delta": 7.141114}}
{"target": -16.08882347908409, "params": {"C": 4.497351703327366, "epsilon": 4.1297687717328335, "gamma": 1.082941470929904, "lamda": 0.3694486583360035}, "datetime": {"datetime": "2021-06-17 10:55:11", "elapsed": 1055.239074, "delta": 8.557085}}
{"target": -20.992770675543245, "params": {"C": 5.308292767771375, "epsilon": 8.03301825305857, "gamma": 1.5377803228143816, "lamda": 0.29271206008676265}, "datetime": {"datetime": "2021-06-17 10:55:19", "elapsed": 1063.479043, "delta": 8.239969}}
{"target": -28.289424608868575, "params": {"C": 6.4641956637272155, "epsilon": 2.224992332447837, "gamma": 1.6439974520862441, "lamda": 0.1313386838318436}, "datetime": {"datetime": "2021-06-17 10:55:30", "elapsed": 1074.342106, "delta": 10.863063}}
{"target": -13.062519699958125, "params": {"C": 1.2788345910295396, "epsilon": 2.757481706603022, "gamma": 1.1756194986100195, "lamda": 0.4618088484161792}, "datetime": {"datetime": "2021-06-17 10:55:38", "elapsed": 1082.134106, "delta": 7.792}}
{"target": -14.816495273709737, "params": {"C": 4.501148512773201, "epsilon": 5.806117374585192, "gamma": 0.8503530068670506, "lamda": 0.17158258955860925}, "datetime": {"datetime": "2021-06-17 10:55:45", "elapsed": 1089.526667, "delta": 7.392561}}
{"target": -31.298935320746864, "params": {"C": 9.4535491246417, "epsilon": 5.858882311141019, "gamma": 1.7643080259813628, "lamda": 0.029576701404506904}, "datetime": {"datetime": "2021-06-17 10:55:52", "elapsed": 1096.194611, "delta": 6.667944}}
{"target": -24.97779079779531, "params": {"C": 8.866099672295114, "epsilon": 9.098974378927844, "gamma": 1.339237744165106, "lamda": 0.06719481810611343}, "datetime": {"datetime": "2021-06-17 10:55:58", "elapsed": 1103.110843, "delta": 6.916232}}
{"target": -17.643965901691676, "params": {"C": 4.138118408838257, "epsilon": 6.124160766495444, "gamma": 0.4745670110705468, "lamda": 0.05061519637701341}, "datetime": {"datetime": "2021-06-17 10:56:06", "elapsed": 1110.929598, "delta": 7.818755}}
{"target": -14.20824396963554, "params": {"C": 2.153336251113188, "epsilon": 2.6543204822007205, "gamma": 0.9705754886867901, "lamda": 0.007129175502607739}, "datetime": {"datetime": "2021-06-17 10:56:14", "elapsed": 1118.236648, "delta": 7.30705}}
{"target": -14.810675585705773, "params": {"C": 1.0240724158121939, "epsilon": 4.452141993425002, "gamma": 1.8357372969352042, "lamda": 0.1244381804843793}, "datetime": {"datetime": "2021-06-17 10:56:23", "elapsed": 1127.192755, "delta": 8.956107}}
{"target": -14.779041161207818, "params": {"C": 1.0266045655468636, "epsilon": 4.4717345444795935, "gamma": 1.8278776173741447, "lamda": 0.1157269614457792}, "datetime": {"datetime": "2021-06-17 10:56:30", "elapsed": 1134.421918, "delta": 7.229163}}
{"target": -10.463851442653311, "params": {"C": 1.769149901028937, "epsilon": 3.273872757002238, "gamma": 0.23623236208461235, "lamda": 0.3807851515055169}, "datetime": {"datetime": "2021-06-17 10:56:37", "elapsed": 1141.533484, "delta": 7.111566}}
{"target": -12.878882180737609, "params": {"C": 0.9964274565725875, "epsilon": 6.513404374625438, "gamma": 1.410045429750488, "lamda": 0.3054214938735476}, "datetime": {"datetime": "2021-06-17 10:56:44", "elapsed": 1148.299377, "delta": 6.765893}}
{"target": -9.43407948504347, "params": {"C": 0.12898413638829664, "epsilon": 5.949201962760502, "gamma": 0.8467755167756352, "lamda": 0.4831925227451335}, "datetime": {"datetime": "2021-06-17 10:56:52", "elapsed": 1156.527979, "delta": 8.228602}}
{"target": -9.613275753566395, "params": {"C": 0.16365842489478205, "epsilon": 0.05973727216114169, "gamma": 0.29135997671565367, "lamda": 0.16236991844023357}, "datetime": {"datetime": "2021-06-17 10:56:58", "elapsed": 1163.017434, "delta": 6.489455}}
{"target": -27.97582676956366, "params": {"C": 7.95655158297178, "epsilon": 8.70814962197475, "gamma": 1.4296592541137663, "lamda": 0.32734077166944164}, "datetime": {"datetime": "2021-06-17 10:57:06", "elapsed": 1171.088692, "delta": 8.071258}}
{"target": -29.743881654071956, "params": {"C": 9.505780666847764, "epsilon": 5.9226955778523465, "gamma": 1.7764808164370303, "lamda": 0.03699233303917145}, "datetime": {"datetime": "2021-06-17 10:57:14", "elapsed": 1178.306802, "delta": 7.21811}}
{"target": -21.113260405702423, "params": {"C": 6.575780786487826, "epsilon": 2.1465987861052436, "gamma": 1.3964239052142793, "lamda": 0.4946398256774622}, "datetime": {"datetime": "2021-06-17 10:57:20", "elapsed": 1184.970583, "delta": 6.663781}}
{"target": -15.762764327911965, "params": {"C": 9.389365465364437, "epsilon": 9.81461716121486, "gamma": 0.46852738320945414, "lamda": 0.020214625332507903}, "datetime": {"datetime": "2021-06-17 10:57:28", "elapsed": 1192.234406, "delta": 7.263823}}
{"target": -30.574226457979282, "params": {"C": 7.963597006140739, "epsilon": 8.653907806639674, "gamma": 1.4993614864085363, "lamda": 0.22117215522792194}, "datetime": {"datetime": "2021-06-17 10:57:34", "elapsed": 1198.664405, "delta": 6.429999}}
{"target": -29.018522489140285, "params": {"C": 7.337970043573082, "epsilon": 7.73896795012975, "gamma": 1.8264490795233015, "lamda": 0.4536178432997901}, "datetime": {"datetime": "2021-06-17 10:57:41", "elapsed": 1205.839757, "delta": 7.175352}}
{"target": -19.77808871879163, "params": {"C": 3.006540884345355, "epsilon": 1.4886301882645911, "gamma": 1.8138762717704504, "lamda": 0.25381535203759925}, "datetime": {"datetime": "2021-06-17 10:57:49", "elapsed": 1213.394223, "delta": 7.554466}}
{"target": -33.722047422820886, "params": {"C": 8.865829719190067, "epsilon": 9.119823699909038, "gamma": 1.4113344741136655, "lamda": 0.0722963213573113}, "datetime": {"datetime": "2021-06-17 10:57:56", "elapsed": 1220.438026, "delta": 7.043803}}
{"target": -23.54907125840912, "params": {"C": 5.651851023600042, "epsilon": 0.2496649906773195, "gamma": 1.6158321209379851, "lamda": 0.11804623624712697}, "datetime": {"datetime": "2021-06-17 10:58:04", "elapsed": 1228.894445, "delta": 8.456419}}
{"target": -14.850085491877344, "params": {"C": 3.6390504564639126, "epsilon": 9.43016625682561, "gamma": 1.0195829977871789, "lamda": 0.38309741501030165}, "datetime": {"datetime": "2021-06-17 10:58:11", "elapsed": 1236.033315, "delta": 7.13887}}
{"target": -5327.191729713251, "params": {"C": 7.1965952785768765, "epsilon": 2.718536515550042, "gamma": 0.7795641253098389, "lamda": 0.4408804278730451}, "datetime": {"datetime": "2021-06-17 10:58:29", "elapsed": 1253.396373, "delta": 17.363058}}
{"target": -29.4483131710891, "params": {"C": 8.697046182491459, "epsilon": 9.509949228496618, "gamma": 1.668481269142103, "lamda": 0.4259908957994407}, "datetime": {"datetime": "2021-06-17 10:58:37", "elapsed": 1261.776993, "delta": 8.38062}}
{"target": -19.240227555761972, "params": {"C": 2.9485254445937596, "epsilon": 1.3048007536295616, "gamma": 1.7813536537281347, "lamda": 0.26816377788151147}, "datetime": {"datetime": "2021-06-17 10:58:45", "elapsed": 1269.951117, "delta": 8.174124}}
{"target": -29.466112917377973, "params": {"C": 3.741694442236695, "epsilon": 0.8649501738525699, "gamma": 1.930873187893139, "lamda": 0.07518211274642957}, "datetime": {"datetime": "2021-06-17 10:58:54", "elapsed": 1278.78996, "delta": 8.838843}}
{"target": -9.752179352655837, "params": {"C": 0.18943187927222457, "epsilon": 5.42471375580364, "gamma": 0.3428057522018402, "lamda": 0.2635999419819624}, "datetime": {"datetime": "2021-06-17 10:59:01", "elapsed": 1285.891009, "delta": 7.101049}}
{"target": -14.91941098204336, "params": {"C": 2.2833983399121713, "epsilon": 4.5195349202175, "gamma": 1.1385502266700018, "lamda": 0.3887227569293661}, "datetime": {"datetime": "2021-06-17 10:59:09", "elapsed": 1293.731203, "delta": 7.840194}}
{"target": -17.611057245126226, "params": {"C": 2.494537417369342, "epsilon": 2.048531323600069, "gamma": 1.5871858088575521, "lamda": 0.41849061513250707}, "datetime": {"datetime": "2021-06-17 10:59:17", "elapsed": 1301.584578, "delta": 7.853375}}
{"target": -18.15516423104677, "params": {"C": 3.609055585541351, "epsilon": 5.088984065125444, "gamma": 1.4751329771382842, "lamda": 0.21508502839752597}, "datetime": {"datetime": "2021-06-17 10:59:25", "elapsed": 1309.181533, "delta": 7.596955}}
{"target": -14.027410497215381, "params": {"C": 2.255444313885582, "epsilon": 4.524516224335431, "gamma": 1.0919789497777885, "lamda": 0.4718487113707736}, "datetime": {"datetime": "2021-06-17 10:59:33", "elapsed": 1317.202522, "delta": 8.020989}}
{"target": -9.53176506642133, "params": {"C": 0.12797164782080614, "epsilon": 0.020424733403822976, "gamma": 0.3136578925576398, "lamda": 0.2414890418803624}, "datetime": {"datetime": "2021-06-17 10:59:40", "elapsed": 1324.44131, "delta": 7.238788}}
{"target": -14.818219206784494, "params": {"C": 4.15788268718907, "epsilon": 6.170956793498063, "gamma": 0.5237010224240675, "lamda": 0.01088191823335425}, "datetime": {"datetime": "2021-06-17 10:59:49", "elapsed": 1333.168627, "delta": 8.727317}}
{"target": -22.75278291965121, "params": {"C": 6.447665084423107, "epsilon": 2.255792021528068, "gamma": 1.5204782242542558, "lamda": 0.2206661740626688}, "datetime": {"datetime": "2021-06-17 10:59:57", "elapsed": 1341.312875, "delta": 8.144248}}
{"target": -14.653740960604075, "params": {"C": 3.5259470728792555, "epsilon": 9.425213660198583, "gamma": 1.0047086538248384, "lamda": 0.3324994646668114}, "datetime": {"datetime": "2021-06-17 11:00:05", "elapsed": 1349.754657, "delta": 8.441782}}
{"target": -30.776458966304997, "params": {"C": 8.167013441287274, "epsilon": 3.8306433467816414, "gamma": 1.6956001390831927, "lamda": 0.44539443219322494}, "datetime": {"datetime": "2021-06-17 11:00:14", "elapsed": 1358.3089, "delta": 8.554243}}
{"target": -13.952296295089548, "params": {"C": 2.4548405731096077, "epsilon": 3.0432671268768074, "gamma": 0.9767536611458024, "lamda": 0.037533389211724166}, "datetime": {"datetime": "2021-06-17 11:00:22", "elapsed": 1366.957596, "delta": 8.648696}}
{"target": -18.112937040125274, "params": {"C": 3.643478173692511, "epsilon": 5.076333990299799, "gamma": 1.4515842010242221, "lamda": 0.25722366196146323}, "datetime": {"datetime": "2021-06-17 11:00:31", "elapsed": 1375.222259, "delta": 8.264663}}
{"target": -17.161744674351972, "params": {"C": 2.5376123366371597, "epsilon": 2.0668066827685005, "gamma": 1.609790852575179, "lamda": 0.38730038040118075}, "datetime": {"datetime": "2021-06-17 11:00:38", "elapsed": 1383.021929, "delta": 7.79967}}
{"target": -16.484436812129548, "params": {"C": 2.4848982100386343, "epsilon": 2.6224468510074166, "gamma": 1.5027377629350516, "lamda": 0.22900587920370005}, "datetime": {"datetime": "2021-06-17 11:00:47", "elapsed": 1391.504955, "delta": 8.483026}}
{"target": -10.078849675414277, "params": {"C": 0.27890459572636594, "epsilon": 5.407620226726615, "gamma": 0.3746404892553962, "lamda": 0.24011532763398039}, "datetime": {"datetime": "2021-06-17 11:00:55", "elapsed": 1399.527851, "delta": 8.022896}}
{"target": -14.809483669635723, "params": {"C": 1.0292764186563022, "epsilon": 4.462541537895408, "gamma": 1.8289832220257543, "lamda": 0.12320967442409793}, "datetime": {"datetime": "2021-06-17 11:01:02", "elapsed": 1406.605119, "delta": 7.077268}}
{"target": -12.467460152242312, "params": {"C": 0.5278832566241156, "epsilon": 5.3766412719749725, "gamma": 1.297628055797032, "lamda": 0.2920494588329018}, "datetime": {"datetime": "2021-06-17 11:01:11", "elapsed": 1415.528059, "delta": 8.92294}}
{"target": -29.70309655650778, "params": {"C": 8.653169839048722, "epsilon": 9.19420572361208, "gamma": 1.6807128519617034, "lamda": 0.3325617712208318}, "datetime": {"datetime": "2021-06-17 11:01:20", "elapsed": 1424.547619, "delta": 9.01956}}
{"target": -14.18556142274126, "params": {"C": 1.616683175435534, "epsilon": 4.663674791121649, "gamma": 0.6911082272288591, "lamda": 0.12455311078771357}, "datetime": {"datetime": "2021-06-17 11:01:29", "elapsed": 1433.142701, "delta": 8.595082}}
{"target": -10.053081002071083, "params": {"C": 0.21811198339654544, "epsilon": 0.2424105144108703, "gamma": 0.08400439481497476, "lamda": 0.11028782004363995}, "datetime": {"datetime": "2021-06-17 11:01:36", "elapsed": 1440.455321, "delta": 7.31262}}
{"target": -15.270679959726557, "params": {"C": 4.106534054128285, "epsilon": 6.099199296742707, "gamma": 0.3920909231686155, "lamda": 0.06290378337984147}, "datetime": {"datetime": "2021-06-17 11:01:44", "elapsed": 1448.335052, "delta": 7.879731}}
{"target": -14.214026268513969, "params": {"C": 2.3832618181612197, "epsilon": 4.49879494079345, "gamma": 1.0872050456630178, "lamda": 0.4926159408740592}, "datetime": {"datetime": "2021-06-17 11:01:52", "elapsed": 1456.347232, "delta": 8.01218}}
{"target": -13.380383700450851, "params": {"C": 1.5757789588266153, "epsilon": 4.7296139568356805, "gamma": 1.014322208589609, "lamda": 0.05526756679851175}, "datetime": {"datetime": "2021-06-17 11:01:59", "elapsed": 1463.926374, "delta": 7.579142}}
{"target": -9.696961999867383, "params": {"C": 0.23109583340854364, "epsilon": 0.14558316395082055, "gamma": 0.17486840832066583, "lamda": 0.1765841128774608}, "datetime": {"datetime": "2021-06-17 11:02:08", "elapsed": 1472.151893, "delta": 8.225519}}
{"target": -16.912683805631787, "params": {"C": 2.4882914104019873, "epsilon": 2.0435071528057462, "gamma": 1.5906154246683422, "lamda": 0.42053061563407046}, "datetime": {"datetime": "2021-06-17 11:02:16", "elapsed": 1480.367499, "delta": 8.215606}}
{"target": -10.295220139280186, "params": {"C": 0.8759272137254472, "epsilon": 7.697570841739106, "gamma": 0.19669275925780916, "lamda": 0.22894233065553982}, "datetime": {"datetime": "2021-06-17 11:02:23", "elapsed": 1488.11633, "delta": 7.748831}}
{"target": -17.406862702496255, "params": {"C": 3.9689660521844665, "epsilon": 4.831509996255521, "gamma": 1.223207963662207, "lamda": 0.22532715751593896}, "datetime": {"datetime": "2021-06-17 11:02:31", "elapsed": 1495.872357, "delta": 7.756027}}
{"target": -23.03163697742952, "params": {"C": 5.64272378491876, "epsilon": 0.27298488755311306, "gamma": 1.6595049306444658, "lamda": 0.1599796002263625}, "datetime": {"datetime": "2021-06-17 11:02:41", "elapsed": 1505.404588, "delta": 9.532231}}
{"target": -22.8035622065157, "params": {"C": 6.447416873191612, "epsilon": 2.3001303499597987, "gamma": 1.5214032278147773, "lamda": 0.17965733539340237}, "datetime": {"datetime": "2021-06-17 11:02:49", "elapsed": 1513.204034, "delta": 7.799446}}
{"target": -9.355261647276956, "params": {"C": 0.08048331171626644, "epsilon": 5.510417795060911, "gamma": 0.3340705583772047, "lamda": 0.23805001979631013}, "datetime": {"datetime": "2021-06-17 11:02:57", "elapsed": 1521.953345, "delta": 8.749311}}
{"target": -13.08309254773975, "params": {"C": 1.293513815279521, "epsilon": 2.713144863004645, "gamma": 1.1602832828125214, "lamda": 0.47097453567362946}, "datetime": {"datetime": "2021-06-17 11:03:12", "elapsed": 1537.090392, "delta": 15.137047}}
{"target": -13.958558024620087, "params": {"C": 2.4727587298815528, "epsilon": 3.053490332270066, "gamma": 0.9520174813481918, "lamda": 0.038907846741447066}, "datetime": {"datetime": "2021-06-17 11:03:26", "elapsed": 1550.495936, "delta": 13.405544}}
{"target": -28.323388045089047, "params": {"C": 9.50225827677229, "epsilon": 5.567063790817969, "gamma": 1.8320137295297587, "lamda": 0.321045554090776}, "datetime": {"datetime": "2021-06-17 11:03:35", "elapsed": 1559.27295, "delta": 8.777014}}
{"target": -13.991361983202399, "params": {"C": 2.2451470597382603, "epsilon": 4.498679642328712, "gamma": 1.0843827756565132, "lamda": 0.496818712843516}, "datetime": {"datetime": "2021-06-17 11:03:44", "elapsed": 1568.541521, "delta": 9.268571}}
