{"target": -35.00015457284213, "params": {"C": 1.8822507118690128, "epsilon": 3.8870236123212165, "gamma": 5.28799351753269, "lamda": 0.8589724780921334}, "datetime": {"datetime": "2021-06-16 15:08:08", "elapsed": 2725.995685, "delta": 2.456456}}
{"target": -21.90051884008329, "params": {"C": 2.488108965293832, "epsilon": 5.234959323979236, "gamma": 7.5296956921159275, "lamda": 0.2465324819508649}, "datetime": {"datetime": "2021-06-16 15:08:11", "elapsed": 2728.68165, "delta": 2.685965}}
{"target": -20.256559103318526, "params": {"C": 8.480884414034712, "epsilon": 6.367500538589225, "gamma": 6.578170452176122, "lamda": 2.180313082134653}, "datetime": {"datetime": "2021-06-16 15:08:13", "elapsed": 2731.421865, "delta": 2.740215}}
{"target": -21.679921040116653, "params": {"C": 2.378186245317403, "epsilon": 5.109409270061128, "gamma": 7.964321327983225, "lamda": 0.20435382228146098}, "datetime": {"datetime": "2021-06-16 15:08:17", "elapsed": 2735.099752, "delta": 3.677887}}
{"target": -21.92298098219561, "params": {"C": 6.578269892377086, "epsilon": 1.7890169273708074, "gamma": 7.36557970311284, "lamda": 0.7840663645987392}, "datetime": {"datetime": "2021-06-16 15:08:19", "elapsed": 2737.421364, "delta": 2.321612}}
{"target": -19.49259224810491, "params": {"C": 4.134413866450847, "epsilon": 0.5978875094471363, "gamma": 9.53255620577113, "lamda": 1.3622819998906095}, "datetime": {"datetime": "2021-06-16 15:08:21", "elapsed": 2739.435975, "delta": 2.014611}}
{"target": -20.93685241125371, "params": {"C": 7.405028680969347, "epsilon": 8.945573739160794, "gamma": 6.702149337464089, "lamda": 1.1371512529854992}, "datetime": {"datetime": "2021-06-16 15:08:27", "elapsed": 2744.636804, "delta": 5.200829}}
{"target": -99.3510466515899, "params": {"C": 0.19391726652311608, "epsilon": 8.218752587232295, "gamma": 6.414460894600162, "lamda": 2.3498545975581737}, "datetime": {"datetime": "2021-06-16 15:08:43", "elapsed": 2760.771416, "delta": 16.134612}}
{"target": -21.306316503328617, "params": {"C": 7.8120229340974054, "epsilon": 8.642233583330453, "gamma": 6.709707444792377, "lamda": 1.0127732759284567}, "datetime": {"datetime": "2021-06-16 15:08:46", "elapsed": 2763.917048, "delta": 3.145632}}
{"target": -20.48834629782469, "params": {"C": 2.4860702359295304, "epsilon": 1.1343610389238143, "gamma": 8.51606896837952, "lamda": 1.35418511444981}, "datetime": {"datetime": "2021-06-16 15:08:49", "elapsed": 2766.579255, "delta": 2.662207}}
{"target": -19.49398731798437, "params": {"C": 4.141880435846077, "epsilon": 0.702043515410587, "gamma": 9.518139788035196, "lamda": 1.3303012799451563}, "datetime": {"datetime": "2021-06-16 15:08:52", "elapsed": 2769.894712, "delta": 3.315457}}
{"target": -20.83622418483238, "params": {"C": 9.66638720167007, "epsilon": 3.52998878263962, "gamma": 8.12348990563087, "lamda": 0.8023887728089825}, "datetime": {"datetime": "2021-06-16 15:08:55", "elapsed": 2772.856228, "delta": 2.961516}}
{"target": -19.137528783083354, "params": {"C": 8.888146016436533, "epsilon": 5.694333925421122, "gamma": 8.378811438411269, "lamda": 1.7702915899645302}, "datetime": {"datetime": "2021-06-16 15:09:00", "elapsed": 2778.37414, "delta": 5.517912}}
{"target": -19.293644726134364, "params": {"C": 3.776673695645968, "epsilon": 5.022205813165473, "gamma": 5.868781292682869, "lamda": 5.447000987936324}, "datetime": {"datetime": "2021-06-16 15:09:03", "elapsed": 2781.149837, "delta": 2.775697}}
{"target": -19.23947249051132, "params": {"C": 3.9436393767063955, "epsilon": 0.5716060857218561, "gamma": 9.848530000840176, "lamda": 1.4240329371378173}, "datetime": {"datetime": "2021-06-16 15:09:06", "elapsed": 2784.341425, "delta": 3.191588}}
{"target": -19.727379829122867, "params": {"C": 8.58347594575416, "epsilon": 6.974883081011925, "gamma": 6.877608126650892, "lamda": 2.1261346404424293}, "datetime": {"datetime": "2021-06-16 15:09:10", "elapsed": 2788.511467, "delta": 4.170042}}
{"target": -21.77306138174641, "params": {"C": 6.186426810083081, "epsilon": 2.0186588259620377, "gamma": 7.422540176709461, "lamda": 1.2630855551041087}, "datetime": {"datetime": "2021-06-16 15:09:13", "elapsed": 2791.474044, "delta": 2.962577}}
{"target": -19.283440572429196, "params": {"C": 5.918529720318801, "epsilon": 3.776043535557907, "gamma": 5.464083844370685, "lamda": 7.286238244459236}, "datetime": {"datetime": "2021-06-16 15:09:18", "elapsed": 2796.20477, "delta": 4.730726}}
{"target": -20.375623142101077, "params": {"C": 7.656762037999193, "epsilon": 9.078760062328563, "gamma": 7.256545089235298, "lamda": 1.099400231335603}, "datetime": {"datetime": "2021-06-16 15:09:21", "elapsed": 2799.017327, "delta": 2.812557}}
{"target": -19.041772114564523, "params": {"C": 9.326304957081156, "epsilon": 5.910261986598241, "gamma": 8.62382189709063, "lamda": 1.6011059098909106}, "datetime": {"datetime": "2021-06-16 15:09:25", "elapsed": 2802.808224, "delta": 3.790897}}
{"target": -20.522992906252735, "params": {"C": 9.835021233902234, "epsilon": 3.3098544330302957, "gamma": 8.431951350226988, "lamda": 0.6423820136837557}, "datetime": {"datetime": "2021-06-16 15:09:28", "elapsed": 2805.750343, "delta": 2.942119}}
{"target": -11.15900535374005, "params": {"C": 0.0644197675652874, "epsilon": 6.615574351759733, "gamma": 2.2656726725131686, "lamda": 2.287159745393537}, "datetime": {"datetime": "2021-06-16 15:09:30", "elapsed": 2808.207414, "delta": 2.457071}}
{"target": -22.27309008457708, "params": {"C": 8.026178707355811, "epsilon": 2.1540800050780518, "gamma": 6.992331140281599, "lamda": 1.725827735692335}, "datetime": {"datetime": "2021-06-16 15:09:34", "elapsed": 2812.248977, "delta": 4.041563}}
{"target": -109.53268414831336, "params": {"C": 0.491838891470621, "epsilon": 6.482059825445913, "gamma": 2.678667412621349, "lamda": 9.591360595476656}, "datetime": {"datetime": "2021-06-16 15:09:50", "elapsed": 2828.278908, "delta": 16.029931}}
{"target": -21.18522130694054, "params": {"C": 9.692304798331588, "epsilon": 3.500489535894355, "gamma": 8.155819354679288, "lamda": 0.36094773965653093}, "datetime": {"datetime": "2021-06-16 15:09:53", "elapsed": 2831.035094, "delta": 2.756186}}
{"target": -611.4230269141487, "params": {"C": 3.375170593585879, "epsilon": 0.6819928873661479, "gamma": 9.899046658072317, "lamda": 1.8794126846048378}, "datetime": {"datetime": "2021-06-16 15:10:04", "elapsed": 2842.373092, "delta": 11.337998}}
{"target": -19.298851856878738, "params": {"C": 3.640047019998434, "epsilon": 0.49572717664178895, "gamma": 9.781661929619398, "lamda": 1.5046798185089933}, "datetime": {"datetime": "2021-06-16 15:10:07", "elapsed": 2845.185457, "delta": 2.812365}}
{"target": -19.19298773572697, "params": {"C": 3.7627736396465106, "epsilon": 5.041223946098379, "gamma": 5.852235324573404, "lamda": 5.56440346224571}, "datetime": {"datetime": "2021-06-16 15:10:10", "elapsed": 2848.136859, "delta": 2.951402}}
{"target": -19.223659706468986, "params": {"C": 3.567630799695021, "epsilon": 0.4509348698691379, "gamma": 9.88317468216782, "lamda": 1.5094581384789376}, "datetime": {"datetime": "2021-06-16 15:10:15", "elapsed": 2852.616659, "delta": 4.4798}}
{"target": -20.667513093283567, "params": {"C": 8.438501878558208, "epsilon": 6.708108670304945, "gamma": 6.308584908097302, "lamda": 2.2471226385013052}, "datetime": {"datetime": "2021-06-16 15:10:19", "elapsed": 2856.684719, "delta": 4.06806}}
{"target": -19.12932014827992, "params": {"C": 6.0260746033461565, "epsilon": 3.7195400883086487, "gamma": 5.548759945899527, "lamda": 7.673696594573174}, "datetime": {"datetime": "2021-06-16 15:10:22", "elapsed": 2860.081431, "delta": 3.396712}}
{"target": -21.31303050367692, "params": {"C": 7.771496552658179, "epsilon": 8.658986210701633, "gamma": 6.7795316643282035, "lamda": 0.9685812182123972}, "datetime": {"datetime": "2021-06-16 15:10:26", "elapsed": 2864.135108, "delta": 4.053677}}
{"target": -19.128827617729854, "params": {"C": 9.703543971922068, "epsilon": 5.503122391354555, "gamma": 8.521156975897544, "lamda": 1.7026307739430673}, "datetime": {"datetime": "2021-06-16 15:10:29", "elapsed": 2866.783779, "delta": 2.648671}}
{"target": -18.667952241173158, "params": {"C": 9.678808047271193, "epsilon": 5.846151658792692, "gamma": 9.124267273358178, "lamda": 1.4892855539401813}, "datetime": {"datetime": "2021-06-16 15:10:32", "elapsed": 2870.280641, "delta": 3.496862}}
{"target": -19.19799208684049, "params": {"C": 5.622204859715249, "epsilon": 3.8119485620892712, "gamma": 5.674248034940837, "lamda": 7.697001421037785}, "datetime": {"datetime": "2021-06-16 15:10:35", "elapsed": 2872.746443, "delta": 2.465802}}
{"target": -21.820284371929294, "params": {"C": 6.11968144946518, "epsilon": 1.8852730044777437, "gamma": 7.484512651436222, "lamda": 0.6407003236607554}, "datetime": {"datetime": "2021-06-16 15:10:40", "elapsed": 2878.521635, "delta": 5.775192}}
{"target": -20.189358991252288, "params": {"C": 2.9885955198434777, "epsilon": 0.9875230105091848, "gamma": 8.740292523515633, "lamda": 1.621258466033637}, "datetime": {"datetime": "2021-06-16 15:10:43", "elapsed": 2881.081197, "delta": 2.559562}}
{"target": -18.532572295760826, "params": {"C": 9.743804659661635, "epsilon": 5.739476935526509, "gamma": 9.023689315030042, "lamda": 1.9929926538428393}, "datetime": {"datetime": "2021-06-16 15:10:47", "elapsed": 2884.616005, "delta": 3.534808}}
{"target": -20.50985614479545, "params": {"C": 7.469741471230463, "epsilon": 8.997742200372443, "gamma": 6.945506395408497, "lamda": 1.1936445396087134}, "datetime": {"datetime": "2021-06-16 15:10:50", "elapsed": 2887.837693, "delta": 3.221688}}
{"target": -19.221698037579305, "params": {"C": 3.9043885707835537, "epsilon": 1.0590761693854684, "gamma": 9.719268216976605, "lamda": 1.54036588102273}, "datetime": {"datetime": "2021-06-16 15:10:52", "elapsed": 2890.554738, "delta": 2.717045}}
{"target": -20.489953058117933, "params": {"C": 8.43647402622403, "epsilon": 6.039404757814652, "gamma": 6.776132047012121, "lamda": 1.8942758572294216}, "datetime": {"datetime": "2021-06-16 15:10:56", "elapsed": 2893.904694, "delta": 3.349956}}
{"target": -22.230542553379717, "params": {"C": 5.615820990006365, "epsilon": 1.5973825710767273, "gamma": 6.047966587343509, "lamda": 6.7375448956388}, "datetime": {"datetime": "2021-06-16 15:10:59", "elapsed": 2896.946766, "delta": 3.042072}}
{"target": -22.22880337631649, "params": {"C": 2.579321559270541, "epsilon": 5.224045166480428, "gamma": 7.451738658613746, "lamda": 0.24876941291231122}, "datetime": {"datetime": "2021-06-16 15:11:03", "elapsed": 2900.602612, "delta": 3.655846}}
{"target": -19.79331717704627, "params": {"C": 7.300007924565926, "epsilon": 9.072087340996791, "gamma": 7.219387743608502, "lamda": 1.381654962193395}, "datetime": {"datetime": "2021-06-16 15:11:06", "elapsed": 2904.489785, "delta": 3.887173}}
{"target": -19.942581612335296, "params": {"C": 8.349513677077056, "epsilon": 7.082001401842937, "gamma": 6.73433069677568, "lamda": 2.0354400456929542}, "datetime": {"datetime": "2021-06-16 15:11:10", "elapsed": 2907.654948, "delta": 3.165163}}
{"target": -20.23050795644526, "params": {"C": 3.0824559237388947, "epsilon": 0.9335160759116408, "gamma": 8.641844077528669, "lamda": 1.5981870005730898}, "datetime": {"datetime": "2021-06-16 15:11:14", "elapsed": 2912.024063, "delta": 4.369115}}
{"target": -96.6163582715165, "params": {"C": 5.628344543371189, "epsilon": 1.5611027660694479, "gamma": 1.2572782473925912, "lamda": 2.664204870060348}, "datetime": {"datetime": "2021-06-16 15:11:24", "elapsed": 2922.49284, "delta": 10.468777}}
{"target": -20.655071925563174, "params": {"C": 7.922535524244827, "epsilon": 8.85259262102179, "gamma": 7.057371272933896, "lamda": 1.1025089213769976}, "datetime": {"datetime": "2021-06-16 15:11:28", "elapsed": 2925.827941, "delta": 3.335101}}
{"target": -18.7870138588824, "params": {"C": 1.1034063335916027, "epsilon": 6.486318421295645, "gamma": 9.60425364118707, "lamda": 0.9386964329876814}, "datetime": {"datetime": "2021-06-16 15:11:32", "elapsed": 2929.984199, "delta": 4.156258}}
{"target": -20.37979978944031, "params": {"C": 2.819947142399775, "epsilon": 0.9249850146161287, "gamma": 8.588575175960402, "lamda": 1.720967510655163}, "datetime": {"datetime": "2021-06-16 15:11:36", "elapsed": 2933.696209, "delta": 3.71201}}
{"target": -20.22388317352227, "params": {"C": 2.9129658969653773, "epsilon": 0.9723872173124509, "gamma": 8.792835531692878, "lamda": 1.342383560888469}, "datetime": {"datetime": "2021-06-16 15:11:40", "elapsed": 2937.729274, "delta": 4.033065}}
{"target": -19.028518018879343, "params": {"C": 2.8105977539135756, "epsilon": 8.700890006491637, "gamma": 9.960683156163872, "lamda": 5.986186320632525}, "datetime": {"datetime": "2021-06-16 15:11:42", "elapsed": 2940.500161, "delta": 2.770887}}
{"target": -19.284498630165313, "params": {"C": 6.2297435757392225, "epsilon": 3.637712871503369, "gamma": 5.467407528882492, "lamda": 7.546792487873679}, "datetime": {"datetime": "2021-06-16 15:11:46", "elapsed": 2944.181644, "delta": 3.681483}}
{"target": -20.675738698940684, "params": {"C": 7.94187253835954, "epsilon": 8.954959268507839, "gamma": 7.091393709059082, "lamda": 1.0623107772062848}, "datetime": {"datetime": "2021-06-16 15:11:49", "elapsed": 2946.905099, "delta": 2.723455}}
{"target": -19.040236960254376, "params": {"C": 9.717555522343687, "epsilon": 5.72381984228575, "gamma": 8.582665849559458, "lamda": 1.6874666710077266}, "datetime": {"datetime": "2021-06-16 15:11:52", "elapsed": 2949.990871, "delta": 3.085772}}
{"target": -18.989154075666313, "params": {"C": 9.243278179610858, "epsilon": 5.830851898323451, "gamma": 8.770248874613321, "lamda": 1.5549001518522643}, "datetime": {"datetime": "2021-06-16 15:11:56", "elapsed": 2953.929401, "delta": 3.93853}}
{"target": -127.77301587402815, "params": {"C": 0.09442938017972806, "epsilon": 1.7030270161790737, "gamma": 7.844539002006482, "lamda": 7.983970547426488}, "datetime": {"datetime": "2021-06-16 15:12:12", "elapsed": 2970.321966, "delta": 16.392565}}
{"target": -102.45944634836725, "params": {"C": 8.09143991569006, "epsilon": 5.22324162273181, "gamma": 3.1233742683567933, "lamda": 5.622994885380672}, "datetime": {"datetime": "2021-06-16 15:12:23", "elapsed": 2981.079603, "delta": 10.757637}}
{"target": -159.62471728839301, "params": {"C": 9.141142686522116, "epsilon": 7.182184781795733, "gamma": 6.688521651924684, "lamda": 7.013218512246409}, "datetime": {"datetime": "2021-06-16 15:12:34", "elapsed": 2992.112191, "delta": 11.032588}}
{"target": -20.666372959280327, "params": {"C": 9.023584405380575, "epsilon": 5.603222574777088, "gamma": 6.270452685214793, "lamda": 2.4853104386629017}, "datetime": {"datetime": "2021-06-16 15:12:37", "elapsed": 2994.640099, "delta": 2.527908}}
{"target": -20.096434912678745, "params": {"C": 5.948448079548756, "epsilon": 3.7282320007470284, "gamma": 5.7003514888176525, "lamda": 7.526660406615942}, "datetime": {"datetime": "2021-06-16 15:12:40", "elapsed": 2997.586976, "delta": 2.946877}}
{"target": -20.187886841067616, "params": {"C": 2.8671780702170704, "epsilon": 1.0413851031157308, "gamma": 8.732728080223573, "lamda": 1.558039128837895}, "datetime": {"datetime": "2021-06-16 15:12:43", "elapsed": 3000.886466, "delta": 3.29949}}
{"target": -21.76673642668182, "params": {"C": 5.5962999188507725, "epsilon": 1.5846782329085567, "gamma": 5.917540131433931, "lamda": 6.705425120980788}, "datetime": {"datetime": "2021-06-16 15:12:47", "elapsed": 3005.432918, "delta": 4.546452}}
{"target": -20.783691793285353, "params": {"C": 9.551265201975053, "epsilon": 3.2621571255891917, "gamma": 8.122639359651835, "lamda": 0.9257387325957168}, "datetime": {"datetime": "2021-06-16 15:12:51", "elapsed": 3008.705703, "delta": 3.272785}}
{"target": -29.873999574929993, "params": {"C": 1.9743769483419635, "epsilon": 3.4842696312332615, "gamma": 5.186617183522418, "lamda": 0.9064771936958824}, "datetime": {"datetime": "2021-06-16 15:12:55", "elapsed": 3013.030832, "delta": 4.325129}}
{"target": -20.224079457620068, "params": {"C": 5.9687374107167095, "epsilon": 3.4612518182921255, "gamma": 5.714654920531444, "lamda": 7.50928405032896}, "datetime": {"datetime": "2021-06-16 15:12:59", "elapsed": 3017.285809, "delta": 4.254977}}
{"target": -21.855088286901395, "params": {"C": 8.056359747275197, "epsilon": 2.1420736640749305, "gamma": 7.163075625552716, "lamda": 1.579689201573743}, "datetime": {"datetime": "2021-06-16 15:13:02", "elapsed": 3020.48907, "delta": 3.203261}}
{"target": -20.784762124539462, "params": {"C": 9.861721829527125, "epsilon": 3.4738488478644185, "gamma": 8.078544833678817, "lamda": 0.9534923526275092}, "datetime": {"datetime": "2021-06-16 15:13:06", "elapsed": 3023.573267, "delta": 3.084197}}
{"target": -20.781180062605628, "params": {"C": 3.73686958900176, "epsilon": 7.648198072311655, "gamma": 9.513986686776795, "lamda": 7.006739623018338}, "datetime": {"datetime": "2021-06-16 15:13:08", "elapsed": 3026.005097, "delta": 2.43183}}
{"target": -18.933889643698052, "params": {"C": 9.083399203485692, "epsilon": 5.896410973697609, "gamma": 9.026767489945012, "lamda": 1.4465461387910499}, "datetime": {"datetime": "2021-06-16 15:13:12", "elapsed": 3030.069984, "delta": 4.064887}}
{"target": -19.943408677981363, "params": {"C": 7.6938042680770815, "epsilon": 9.083112136837357, "gamma": 6.999176697363791, "lamda": 1.4390759531930626}, "datetime": {"datetime": "2021-06-16 15:13:15", "elapsed": 3033.420148, "delta": 3.350164}}
{"target": -115.98670714239819, "params": {"C": 3.0776024266474327, "epsilon": 7.386027262051514, "gamma": 6.546234896321547, "lamda": 4.60293190622272}, "datetime": {"datetime": "2021-06-16 15:13:26", "elapsed": 3044.537919, "delta": 11.117771}}
{"target": -21.817891572007962, "params": {"C": 7.5608564548929476, "epsilon": 8.92464991821783, "gamma": 6.521204137889474, "lamda": 0.9923346371025378}, "datetime": {"datetime": "2021-06-16 15:13:29", "elapsed": 3047.275591, "delta": 2.737672}}
{"target": -20.106168765173123, "params": {"C": 8.318704526796385, "epsilon": 6.659682405799851, "gamma": 6.727370565121887, "lamda": 2.0326903599379587}, "datetime": {"datetime": "2021-06-16 15:13:33", "elapsed": 3051.106487, "delta": 3.830896}}
{"target": -19.059900633280296, "params": {"C": 9.353868843184935, "epsilon": 5.597198460374416, "gamma": 8.892441622751795, "lamda": 1.3748096465477282}, "datetime": {"datetime": "2021-06-16 15:13:39", "elapsed": 3056.719635, "delta": 5.613148}}
{"target": -22.23511575646264, "params": {"C": 6.124811074991506, "epsilon": 2.0149840312205067, "gamma": 7.260498861952691, "lamda": 1.1503917906523295}, "datetime": {"datetime": "2021-06-16 15:13:44", "elapsed": 3062.312112, "delta": 5.592477}}
{"target": -20.252149514323968, "params": {"C": 8.366220873351342, "epsilon": 7.063162341550609, "gamma": 6.678580214688129, "lamda": 1.8523849731420319}, "datetime": {"datetime": "2021-06-16 15:13:47", "elapsed": 3065.423219, "delta": 3.111107}}
{"target": -18.725804763515903, "params": {"C": 9.473573945304947, "epsilon": 5.937262171511318, "gamma": 9.122864703731166, "lamda": 1.396236500897824}, "datetime": {"datetime": "2021-06-16 15:13:52", "elapsed": 3069.941639, "delta": 4.51842}}
{"target": -18.426162968652076, "params": {"C": 5.816359577188952, "epsilon": 9.47866167189999, "gamma": 9.298594081203735, "lamda": 1.0829099903235138}, "datetime": {"datetime": "2021-06-16 15:13:54", "elapsed": 3072.510473, "delta": 2.568834}}
{"target": -20.531929003423294, "params": {"C": 9.79448035269701, "epsilon": 3.7745901458828586, "gamma": 8.412751741471002, "lamda": 0.5964736087448032}, "datetime": {"datetime": "2021-06-16 15:13:59", "elapsed": 3077.523014, "delta": 5.012541}}
{"target": -108.76006954878474, "params": {"C": 6.278901124546469, "epsilon": 3.971497052011868, "gamma": 7.135063688788805, "lamda": 8.70069010924226}, "datetime": {"datetime": "2021-06-16 15:14:11", "elapsed": 3088.64827, "delta": 11.125256}}
{"target": -28.048113275389376, "params": {"C": 2.1170149685390727, "epsilon": 3.833877751637765, "gamma": 5.52232491176845, "lamda": 0.5407297056090775}, "datetime": {"datetime": "2021-06-16 15:14:13", "elapsed": 3091.293561, "delta": 2.645291}}
{"target": -26.844283005903417, "params": {"C": 1.7400370364237223, "epsilon": 4.220719421315203, "gamma": 5.399106537184624, "lamda": 0.6810018622976821}, "datetime": {"datetime": "2021-06-16 15:14:17", "elapsed": 3094.801869, "delta": 3.508308}}
{"target": -103.01062581288505, "params": {"C": 6.185625284178927, "epsilon": 1.3553709530449376, "gamma": 4.637017333882968, "lamda": 8.612456548855281}, "datetime": {"datetime": "2021-06-16 15:14:28", "elapsed": 3106.007668, "delta": 11.205799}}
{"target": -19.53432698093336, "params": {"C": 7.822152348248724, "epsilon": 9.14703111170334, "gamma": 7.249072771802973, "lamda": 1.495953178448937}, "datetime": {"datetime": "2021-06-16 15:14:32", "elapsed": 3109.615685, "delta": 3.608017}}
{"target": -20.760616658375866, "params": {"C": 9.75658269990364, "epsilon": 3.593375265848057, "gamma": 8.118483530371135, "lamda": 0.8845923432794904}, "datetime": {"datetime": "2021-06-16 15:14:36", "elapsed": 3114.508426, "delta": 4.892741}}
{"target": -19.948670046295096, "params": {"C": 3.290037625157022, "epsilon": 0.6796620686975903, "gamma": 8.969232615310727, "lamda": 1.4586515271068297}, "datetime": {"datetime": "2021-06-16 15:14:40", "elapsed": 3118.050828, "delta": 3.542402}}
{"target": -21.81517392712821, "params": {"C": 2.2154400239073317, "epsilon": 5.428659223164547, "gamma": 7.969383573026886, "lamda": 0.11127428512470117}, "datetime": {"datetime": "2021-06-16 15:14:45", "elapsed": 3122.98525, "delta": 4.934422}}
{"target": -119.13779919052132, "params": {"C": 3.702520795155866, "epsilon": 5.721330082334266, "gamma": 0.9548519831881127, "lamda": 9.227541952544996}, "datetime": {"datetime": "2021-06-16 15:14:56", "elapsed": 3134.334106, "delta": 11.348856}}
