{"target": -100.2237306423603, "params": {"C": 9.013070797429442, "epsilon": 8.150842454620232, "lamda": 0.06694373516853033}, "datetime": {"datetime": "2021-06-16 14:13:31", "elapsed": 984.229098, "delta": 16.508745}}
{"target": -11.139256939359317, "params": {"C": 2.109651634711387, "epsilon": 2.5226205849739176, "lamda": 0.08617412063741937}, "datetime": {"datetime": "2021-06-16 14:13:32", "elapsed": 985.686505, "delta": 1.457407}}
{"target": -9.573069169895117, "params": {"C": 0.638744554160556, "epsilon": 5.585641759829252, "lamda": 0.00025743327491810147}, "datetime": {"datetime": "2021-06-16 14:13:34", "elapsed": 987.685574, "delta": 1.999069}}
{"target": -9.637373144181668, "params": {"C": 0.46321981104340276, "epsilon": 3.035156444767932, "lamda": 0.00043622936092762145}, "datetime": {"datetime": "2021-06-16 14:13:37", "elapsed": 989.787201, "delta": 2.101627}}
{"target": -12.622409361504976, "params": {"C": 6.915851555841066, "epsilon": 5.8151685043512265, "lamda": 0.040730685773360586}, "datetime": {"datetime": "2021-06-16 14:13:38", "elapsed": 991.326211, "delta": 1.53901}}
{"target": -9.66883626816368, "params": {"C": 0.42477473272980015, "epsilon": 7.950692160542904, "lamda": 0.09454312257440235}, "datetime": {"datetime": "2021-06-16 14:13:40", "elapsed": 992.922765, "delta": 1.596554}}
{"target": -9.593327033420442, "params": {"C": 0.5978574291280766, "epsilon": 2.745343811936547, "lamda": 0.029265371769058465}, "datetime": {"datetime": "2021-06-16 14:13:41", "elapsed": 994.622052, "delta": 1.699287}}
{"target": -10.030203628325891, "params": {"C": 1.152540609953993, "epsilon": 4.117356795545835, "lamda": 0.09770090037838394}, "datetime": {"datetime": "2021-06-16 14:13:43", "elapsed": 996.319646, "delta": 1.697594}}
{"target": -12.26823089502783, "params": {"C": 6.48883436890621, "epsilon": 2.0537481744467683, "lamda": 0.06588688374063813}, "datetime": {"datetime": "2021-06-16 14:13:45", "elapsed": 997.863517, "delta": 1.543871}}
{"target": -9.575057536705273, "params": {"C": 0.6285087259997278, "epsilon": 4.92638837099083, "lamda": 0.08238217536764444}, "datetime": {"datetime": "2021-06-16 14:13:47", "elapsed": 1000.099153, "delta": 2.235636}}
{"target": -10.918531259233118, "params": {"C": 1.8437036006707777, "epsilon": 1.9645706022122549, "lamda": 0.013916710037208556}, "datetime": {"datetime": "2021-06-16 14:13:48", "elapsed": 1001.541619, "delta": 1.442466}}
{"target": -12.487401950238565, "params": {"C": 9.051621249420396, "epsilon": 0.5465108842479268, "lamda": 0.013474675902476987}, "datetime": {"datetime": "2021-06-16 14:13:50", "elapsed": 1003.14362, "delta": 1.602001}}
{"target": -9.949512859614616, "params": {"C": 1.0926522478471956, "epsilon": 4.197259485868938, "lamda": 0.08935246292895001}, "datetime": {"datetime": "2021-06-16 14:13:52", "elapsed": 1005.134908, "delta": 1.991288}}
{"target": -9.68050402860937, "params": {"C": 0.8469757434600834, "epsilon": 8.480510858700363, "lamda": 0.09757968614939201}, "datetime": {"datetime": "2021-06-16 14:13:53", "elapsed": 1006.671723, "delta": 1.536815}}
{"target": -9.59369695083351, "params": {"C": 0.6003764978929161, "epsilon": 2.7540531017891583, "lamda": 0.018803453371209408}, "datetime": {"datetime": "2021-06-16 14:13:55", "elapsed": 1008.730261, "delta": 2.058538}}
{"target": -9.501386525911396, "params": {"C": 0.7624738500751512, "epsilon": 6.587876492231892, "lamda": 0.0999998716276792}, "datetime": {"datetime": "2021-06-16 14:13:57", "elapsed": 1010.416311, "delta": 1.68605}}
{"target": -12.138760481123152, "params": {"C": 5.713105627379635, "epsilon": 3.0143331010793304, "lamda": 0.04424499515030503}, "datetime": {"datetime": "2021-06-16 14:13:59", "elapsed": 1012.050227, "delta": 1.633916}}
{"target": -9.570773330666919, "params": {"C": 0.6288798575950062, "epsilon": 7.697293189676891, "lamda": 0.005741847070956202}, "datetime": {"datetime": "2021-06-16 14:14:01", "elapsed": 1014.175994, "delta": 2.125767}}
{"target": -9.861199523595108, "params": {"C": 0.24342909241099325, "epsilon": 0.636366020808043, "lamda": 0.09419452846200667}, "datetime": {"datetime": "2021-06-16 14:14:03", "elapsed": 1015.912214, "delta": 1.73622}}
{"target": -9.544003025900665, "params": {"C": 0.66567801293465, "epsilon": 7.44349208942761, "lamda": 0.09635336826960676}, "datetime": {"datetime": "2021-06-16 14:14:05", "elapsed": 1017.785359, "delta": 1.873145}}
{"target": -9.562346656114176, "params": {"C": 0.7851342821009061, "epsilon": 2.031861846123463, "lamda": 0.0800457645530291}, "datetime": {"datetime": "2021-06-16 14:14:07", "elapsed": 1019.936114, "delta": 2.150755}}
{"target": -9.726374006832492, "params": {"C": 0.3397241469651443, "epsilon": 9.499491681986857, "lamda": 0.0870966025806822}, "datetime": {"datetime": "2021-06-16 14:14:09", "elapsed": 1022.105917, "delta": 2.169803}}
{"target": -9.726557565494947, "params": {"C": 0.34326520044789355, "epsilon": 9.519651996069621, "lamda": 0.0832461928821744}, "datetime": {"datetime": "2021-06-16 14:14:11", "elapsed": 1024.269664, "delta": 2.163747}}
{"target": -9.598516395876281, "params": {"C": 0.5007184600202436, "epsilon": 5.332093663321101, "lamda": 0.04395778765513386}, "datetime": {"datetime": "2021-06-16 14:14:13", "elapsed": 1025.765343, "delta": 1.495679}}
{"target": -9.539019352332833, "params": {"C": 0.7174501619700401, "epsilon": 2.839634649642816, "lamda": 0.09619679266632229}, "datetime": {"datetime": "2021-06-16 14:14:15", "elapsed": 1028.191424, "delta": 2.426081}}
{"target": -9.728645596072038, "params": {"C": 0.33376526799349937, "epsilon": 9.508264160117117, "lamda": 0.07696753119649119}, "datetime": {"datetime": "2021-06-16 14:14:17", "elapsed": 1029.88627, "delta": 1.694846}}
{"target": -98.39172499923455, "params": {"C": 7.809989949606837, "epsilon": 5.549432646742318, "lamda": 0.08483634893621472}, "datetime": {"datetime": "2021-06-16 14:14:30", "elapsed": 1043.553098, "delta": 13.666828}}
{"target": -9.622963818572975, "params": {"C": 0.5999401279541521, "epsilon": 0.35718107133024124, "lamda": 0.08720951083043631}, "datetime": {"datetime": "2021-06-16 14:14:33", "elapsed": 1045.8632, "delta": 2.310102}}
{"target": -9.587552174616972, "params": {"C": 0.8021777555556157, "epsilon": 0.6591938001423848, "lamda": 0.019697108381333064}, "datetime": {"datetime": "2021-06-16 14:14:34", "elapsed": 1047.581395, "delta": 1.718195}}
{"target": -9.62250651466497, "params": {"C": 0.6066773873770144, "epsilon": 0.37113175141257887, "lamda": 0.092924052594349}, "datetime": {"datetime": "2021-06-16 14:14:36", "elapsed": 1049.507268, "delta": 1.925873}}
{"target": -12.28138860096521, "params": {"C": 4.127618541165273, "epsilon": 7.34347297894539, "lamda": 0.010535931818743668}, "datetime": {"datetime": "2021-06-16 14:14:38", "elapsed": 1051.37275, "delta": 1.865482}}
{"target": -9.577021463767425, "params": {"C": 0.6111186475534147, "epsilon": 8.175344241937621, "lamda": 0.003871107179070625}, "datetime": {"datetime": "2021-06-16 14:14:40", "elapsed": 1053.228307, "delta": 1.855557}}
{"target": -9.593805747594743, "params": {"C": 0.5063860201179115, "epsilon": 5.341184109957587, "lamda": 0.046124124727584155}, "datetime": {"datetime": "2021-06-16 14:14:42", "elapsed": 1055.643314, "delta": 2.415007}}
{"target": -12.630101213798362, "params": {"C": 6.731184686340117, "epsilon": 6.702596962126095, "lamda": 0.048952155525608894}, "datetime": {"datetime": "2021-06-16 14:14:44", "elapsed": 1057.431027, "delta": 1.787713}}
{"target": -12.301546903735234, "params": {"C": 4.153970457244417, "epsilon": 8.475741963347435, "lamda": 0.05347835662454483}, "datetime": {"datetime": "2021-06-16 14:14:46", "elapsed": 1059.078007, "delta": 1.64698}}
{"target": -9.583604033281018, "params": {"C": 0.5805429214284871, "epsilon": 3.689764561389808, "lamda": 0.0023943727694725244}, "datetime": {"datetime": "2021-06-16 14:14:48", "elapsed": 1060.850157, "delta": 1.77215}}
{"target": -12.46171913544819, "params": {"C": 5.503400760847868, "epsilon": 7.98803646989085, "lamda": 0.031756575719892245}, "datetime": {"datetime": "2021-06-16 14:14:49", "elapsed": 1062.582862, "delta": 1.732705}}
{"target": -9.595870969046668, "params": {"C": 0.6284836101935434, "epsilon": 1.9182479223515236, "lamda": 0.02298480286614375}, "datetime": {"datetime": "2021-06-16 14:14:53", "elapsed": 1065.833942, "delta": 3.25108}}
{"target": -9.572462921759785, "params": {"C": 0.6444264571671341, "epsilon": 4.203225053584351, "lamda": 0.06738055104435987}, "datetime": {"datetime": "2021-06-16 14:14:55", "elapsed": 1067.769319, "delta": 1.935377}}
{"target": -9.581451347252084, "params": {"C": 0.6164480741419405, "epsilon": 4.605938565096902, "lamda": 0.0772379200786619}, "datetime": {"datetime": "2021-06-16 14:14:57", "elapsed": 1070.553294, "delta": 2.783975}}
{"target": -9.68320011373886, "params": {"C": 0.8103001045181434, "epsilon": 8.864145420734431, "lamda": 0.010469734678932233}, "datetime": {"datetime": "2021-06-16 14:15:01", "elapsed": 1073.775533, "delta": 3.222239}}
{"target": -10.01041229145214, "params": {"C": 0.18106522210423587, "epsilon": 0.02088114411442618, "lamda": 0.032514543256379945}, "datetime": {"datetime": "2021-06-16 14:15:03", "elapsed": 1076.062541, "delta": 2.287008}}
{"target": -9.57311825431183, "params": {"C": 0.6192485360066955, "epsilon": 7.879368713417824, "lamda": 0.03389106315670603}, "datetime": {"datetime": "2021-06-16 14:15:04", "elapsed": 1077.645494, "delta": 1.582953}}
{"target": -9.567142190238833, "params": {"C": 0.6517315248811899, "epsilon": 4.216856211335813, "lamda": 0.07312125475902825}, "datetime": {"datetime": "2021-06-16 14:15:06", "elapsed": 1079.589185, "delta": 1.943691}}
{"target": -12.502437465525373, "params": {"C": 5.801373885681621, "epsilon": 8.32093939101332, "lamda": 0.08493227460187572}, "datetime": {"datetime": "2021-06-16 14:15:08", "elapsed": 1081.389663, "delta": 1.800478}}
{"target": -9.639795292748932, "params": {"C": 0.843345393000102, "epsilon": 1.7058380420915267, "lamda": 0.037518038265869885}, "datetime": {"datetime": "2021-06-16 14:15:10", "elapsed": 1083.570989, "delta": 2.181326}}
{"target": -12.621056568646056, "params": {"C": 9.39789036908839, "epsilon": 1.7737442657078295, "lamda": 0.023812617107875276}, "datetime": {"datetime": "2021-06-16 14:15:12", "elapsed": 1085.669903, "delta": 2.098914}}
{"target": -12.248267160217631, "params": {"C": 4.637506674758485, "epsilon": 8.212120656156152, "lamda": 0.02994176496677478}, "datetime": {"datetime": "2021-06-16 14:15:14", "elapsed": 1087.438231, "delta": 1.768328}}
{"target": -9.537429393225013, "params": {"C": 0.7354582462370332, "epsilon": 2.4157661165910147, "lamda": 0.08248100539087651}, "datetime": {"datetime": "2021-06-16 14:15:16", "elapsed": 1089.70528, "delta": 2.267049}}
{"target": -9.573820792382193, "params": {"C": 0.6189901552423533, "epsilon": 7.883737798261629, "lamda": 0.02588088557898089}, "datetime": {"datetime": "2021-06-16 14:15:18", "elapsed": 1091.451192, "delta": 1.745912}}
{"target": -9.573698296733305, "params": {"C": 0.6302668187084198, "epsilon": 4.926740711303207, "lamda": 0.09267965120713371}, "datetime": {"datetime": "2021-06-16 14:15:21", "elapsed": 1094.07462, "delta": 2.623428}}
{"target": -10.037616386949958, "params": {"C": 1.1558579313275845, "epsilon": 4.098044915360424, "lamda": 0.08913972902264763}, "datetime": {"datetime": "2021-06-16 14:15:23", "elapsed": 1096.057933, "delta": 1.983313}}
{"target": -9.740350410173114, "params": {"C": 0.8877492766583537, "epsilon": 7.512299303299026, "lamda": 0.007434824978369582}, "datetime": {"datetime": "2021-06-16 14:15:25", "elapsed": 1098.038469, "delta": 1.980536}}
{"target": -9.57490800707079, "params": {"C": 0.7923071454951318, "epsilon": 0.6617595078858967, "lamda": 0.013804110593736768}, "datetime": {"datetime": "2021-06-16 14:15:27", "elapsed": 1100.611923, "delta": 2.573454}}
{"target": -9.923804059053037, "params": {"C": 1.0749238018681113, "epsilon": 4.195039421215086, "lamda": 0.09993036490996021}, "datetime": {"datetime": "2021-06-16 14:15:30", "elapsed": 1103.182055, "delta": 2.570132}}
{"target": -9.569264231571454, "params": {"C": 0.6313069085741485, "epsilon": 7.707217759030482, "lamda": 0.009335730544317376}, "datetime": {"datetime": "2021-06-16 14:15:32", "elapsed": 1105.347446, "delta": 2.165391}}
{"target": -11.559095840887089, "params": {"C": 2.7197176138001655, "epsilon": 0.6783002722310111, "lamda": 0.040505464212603426}, "datetime": {"datetime": "2021-06-16 14:15:34", "elapsed": 1107.364022, "delta": 2.016576}}
{"target": -9.583321083202085, "params": {"C": 0.5799185978615861, "epsilon": 3.6782624957718286, "lamda": 0.00721541399626522}, "datetime": {"datetime": "2021-06-16 14:15:37", "elapsed": 1109.785635, "delta": 2.421613}}
{"target": -9.574828095177775, "params": {"C": 0.7924213137449108, "epsilon": 0.6519800341302375, "lamda": 0.020837837488987106}, "datetime": {"datetime": "2021-06-16 14:15:39", "elapsed": 1112.11696, "delta": 2.331325}}
{"target": -12.447845034005457, "params": {"C": 7.017899953054087, "epsilon": 3.076795146399648, "lamda": 0.01315569886261731}, "datetime": {"datetime": "2021-06-16 14:15:41", "elapsed": 1114.109264, "delta": 1.992304}}
{"target": -11.926288928025931, "params": {"C": 5.042003993041605, "epsilon": 2.1853566617929934, "lamda": 0.0254384408439799}, "datetime": {"datetime": "2021-06-16 14:15:43", "elapsed": 1115.893814, "delta": 1.78455}}
{"target": -9.575902001408451, "params": {"C": 0.6180094778146907, "epsilon": 6.2625341374248435, "lamda": 0.04088312564425694}, "datetime": {"datetime": "2021-06-16 14:15:45", "elapsed": 1118.44666, "delta": 2.552846}}
{"target": -11.75259739191732, "params": {"C": 2.640685932628106, "epsilon": 6.922466679694318, "lamda": 0.07358315566452049}, "datetime": {"datetime": "2021-06-16 14:15:47", "elapsed": 1120.1026, "delta": 1.65594}}
{"target": -11.432731265808213, "params": {"C": 2.419673481437397, "epsilon": 2.3509860588894638, "lamda": 0.06435914274167873}, "datetime": {"datetime": "2021-06-16 14:15:49", "elapsed": 1121.842601, "delta": 1.740001}}
{"target": -9.595595518989118, "params": {"C": 0.6689816111857265, "epsilon": 0.015290726783363313, "lamda": 0.001544038192920462}, "datetime": {"datetime": "2021-06-16 14:15:51", "elapsed": 1123.792409, "delta": 1.949808}}
{"target": -12.583658007103777, "params": {"C": 5.967656021447512, "epsilon": 8.270893806757872, "lamda": 0.03340159311774513}, "datetime": {"datetime": "2021-06-16 14:15:53", "elapsed": 1125.782665, "delta": 1.990256}}
{"target": -9.581220010294036, "params": {"C": 0.616898632514454, "epsilon": 4.594886289578706, "lamda": 0.07894911291856152}, "datetime": {"datetime": "2021-06-16 14:15:55", "elapsed": 1128.012561, "delta": 2.229896}}
{"target": -9.539879316922436, "params": {"C": 0.7135254873228183, "epsilon": 2.849433739952742, "lamda": 0.09978404348173167}, "datetime": {"datetime": "2021-06-16 14:15:57", "elapsed": 1130.594244, "delta": 2.581683}}
{"target": -9.55123940982838, "params": {"C": 0.6656131315535028, "epsilon": 5.8947300916180065, "lamda": 0.09999913953908998}, "datetime": {"datetime": "2021-06-16 14:15:59", "elapsed": 1132.612379, "delta": 2.018135}}
{"target": -12.111027916087375, "params": {"C": 5.437567315158091, "epsilon": 4.1989262594782595, "lamda": 0.07486079434499633}, "datetime": {"datetime": "2021-06-16 14:16:01", "elapsed": 1134.459364, "delta": 1.846985}}
{"target": -12.447752945958413, "params": {"C": 8.500564056369084, "epsilon": 1.4848511017399606, "lamda": 0.04756115058800793}, "datetime": {"datetime": "2021-06-16 14:16:03", "elapsed": 1136.33654, "delta": 1.877176}}
{"target": -9.569250004649387, "params": {"C": 0.6492806635198072, "epsilon": 4.21226141576308, "lamda": 0.059283007066780045}, "datetime": {"datetime": "2021-06-16 14:16:05", "elapsed": 1138.34731, "delta": 2.01077}}
{"target": -9.59349008520397, "params": {"C": 0.58995951054661, "epsilon": 2.735115358382993, "lamda": 0.006776876147146307}, "datetime": {"datetime": "2021-06-16 14:16:08", "elapsed": 1141.057131, "delta": 2.709821}}
{"target": -9.603526504243149, "params": {"C": 0.4946083090675299, "epsilon": 5.341658344287833, "lamda": 0.04781985206138962}, "datetime": {"datetime": "2021-06-16 14:16:11", "elapsed": 1143.841869, "delta": 2.784738}}
{"target": -9.567564905894379, "params": {"C": 0.753577695496565, "epsilon": 6.59412741224853, "lamda": 0.09999869712962345}, "datetime": {"datetime": "2021-06-16 14:16:13", "elapsed": 1145.995076, "delta": 2.153207}}
{"target": -11.891240850955676, "params": {"C": 3.404161706437934, "epsilon": 2.7285110403745874, "lamda": 0.048549591131643775}, "datetime": {"datetime": "2021-06-16 14:16:15", "elapsed": 1147.765385, "delta": 1.770309}}
{"target": -9.965310645219901, "params": {"C": 1.1052821938023305, "epsilon": 4.159423852426497, "lamda": 0.07315038130112793}, "datetime": {"datetime": "2021-06-16 14:16:16", "elapsed": 1149.625931, "delta": 1.860546}}
{"target": -12.935262425860328, "params": {"C": 9.260350252359258, "epsilon": 7.420753840830216, "lamda": 0.053761619068777036}, "datetime": {"datetime": "2021-06-16 14:16:18", "elapsed": 1151.648875, "delta": 2.022944}}
{"target": -9.581377523891433, "params": {"C": 0.8014663240580662, "epsilon": 2.0313005133318915, "lamda": 0.0702238331022119}, "datetime": {"datetime": "2021-06-16 14:16:21", "elapsed": 1154.385094, "delta": 2.736219}}
{"target": -9.829021066173103, "params": {"C": 0.26761525188823465, "epsilon": 0.6845932371177198, "lamda": 0.06998267850851404}, "datetime": {"datetime": "2021-06-16 14:16:23", "elapsed": 1156.608781, "delta": 2.223687}}
{"target": -9.577471773173183, "params": {"C": 0.6005799797745188, "epsilon": 9.420060228960452, "lamda": 0.002813795390389238}, "datetime": {"datetime": "2021-06-16 14:16:26", "elapsed": 1159.02329, "delta": 2.414509}}
{"target": -9.837860662228822, "params": {"C": 0.23746001311539644, "epsilon": 7.462116824505601, "lamda": 0.008777460159534185}, "datetime": {"datetime": "2021-06-16 14:16:28", "elapsed": 1160.733759, "delta": 1.710469}}
{"target": -9.578669069720034, "params": {"C": 0.592853726769836, "epsilon": 6.934226488739797, "lamda": 0.00505706105470378}, "datetime": {"datetime": "2021-06-16 14:16:30", "elapsed": 1163.358303, "delta": 2.624544}}
{"target": -9.578441238594497, "params": {"C": 0.6183874860003099, "epsilon": 4.927490905593793, "lamda": 0.0893976077284457}, "datetime": {"datetime": "2021-06-16 14:16:32", "elapsed": 1165.598463, "delta": 2.24016}}
{"target": -11.943309623650153, "params": {"C": 3.4558703673191844, "epsilon": 3.164379741973769, "lamda": 0.03637748586510479}, "datetime": {"datetime": "2021-06-16 14:16:34", "elapsed": 1167.437911, "delta": 1.839448}}
{"target": -9.568431092789567, "params": {"C": 0.6523266118735991, "epsilon": 4.263806486797977, "lamda": 0.03802921158603191}, "datetime": {"datetime": "2021-06-16 14:16:37", "elapsed": 1169.901458, "delta": 2.463547}}
{"target": -9.557215478782629, "params": {"C": 0.6759077943487751, "epsilon": 4.248948120170536, "lamda": 0.035731631501567954}, "datetime": {"datetime": "2021-06-16 14:16:39", "elapsed": 1171.957831, "delta": 2.056373}}
{"target": -9.577735029239614, "params": {"C": 0.6389408570269721, "epsilon": 4.268203368776839, "lamda": 0.0025531910425987164}, "datetime": {"datetime": "2021-06-16 14:16:41", "elapsed": 1174.011074, "delta": 2.053243}}
{"target": -9.563392223830906, "params": {"C": 0.7858085920295482, "epsilon": 2.003921085388162, "lamda": 0.07419031898290188}, "datetime": {"datetime": "2021-06-16 14:16:43", "elapsed": 1176.123379, "delta": 2.112305}}
{"target": -11.963783080250362, "params": {"C": 3.350123755970941, "epsilon": 4.186334610311924, "lamda": 0.00720718372305331}, "datetime": {"datetime": "2021-06-16 14:16:45", "elapsed": 1177.832052, "delta": 1.708673}}
{"target": -10.337809593228478, "params": {"C": 1.369029671885811, "epsilon": 0.3694990767892998, "lamda": 0.03321119473331709}, "datetime": {"datetime": "2021-06-16 14:16:47", "elapsed": 1179.852466, "delta": 2.020414}}
{"target": -9.555215353407604, "params": {"C": 0.6809146665124226, "epsilon": 4.232969344187986, "lamda": 0.024390750197584143}, "datetime": {"datetime": "2021-06-16 14:16:49", "elapsed": 1182.407153, "delta": 2.554687}}
{"target": -9.692573118729367, "params": {"C": 0.8200179965898025, "epsilon": 9.66780729825024, "lamda": 0.045647955309644786}, "datetime": {"datetime": "2021-06-16 14:16:52", "elapsed": 1185.376369, "delta": 2.969216}}
{"target": -95.05747236041978, "params": {"C": 6.9151767476931045, "epsilon": 9.695492666757675, "lamda": 0.09162809031602076}, "datetime": {"datetime": "2021-06-16 14:17:09", "elapsed": 1202.395035, "delta": 17.018666}}
{"target": -9.63707021166288, "params": {"C": 0.48076575645387976, "epsilon": 1.7102361026892612, "lamda": 0.08522706897362184}, "datetime": {"datetime": "2021-06-16 14:17:11", "elapsed": 1204.122535, "delta": 1.7275}}
{"target": -9.57746786353837, "params": {"C": 0.6356483751367648, "epsilon": 4.248048153878137, "lamda": 0.0368743414415636}, "datetime": {"datetime": "2021-06-16 14:17:13", "elapsed": 1206.518903, "delta": 2.396368}}
{"target": -9.593615998466277, "params": {"C": 0.632767305136037, "epsilon": 1.9298147823576386, "lamda": 0.020708437366165008}, "datetime": {"datetime": "2021-06-16 14:17:16", "elapsed": 1209.174851, "delta": 2.655948}}
{"target": -9.57149248546671, "params": {"C": 0.6815441592266007, "epsilon": 1.3779717400620164, "lamda": 0.08675785024760477}, "datetime": {"datetime": "2021-06-16 14:17:19", "elapsed": 1211.994768, "delta": 2.819917}}
{"target": -9.832567304902676, "params": {"C": 0.2404226677674458, "epsilon": 7.45059592334837, "lamda": 0.0249935531936119}, "datetime": {"datetime": "2021-06-16 14:17:21", "elapsed": 1214.201656, "delta": 2.206888}}
