{"target": -21.73309321997891, "params": {"C": 6.124633822822787, "epsilon": 2.1782341063228072, "gamma": 7.529641985519674, "lamda": 0.6621886603160608}, "datetime": {"datetime": "2021-06-16 15:15:01", "elapsed": 3139.503579, "delta": 5.169473}}
{"target": -18.627451157468457, "params": {"C": 9.86263029953755, "epsilon": 5.605036241291507, "gamma": 8.78835898346051, "lamda": 2.0456868267975357}, "datetime": {"datetime": "2021-06-16 15:15:07", "elapsed": 3144.630932, "delta": 5.127353}}
{"target": -101.42944552643583, "params": {"C": 2.5342896480550476, "epsilon": 8.396408978741155, "gamma": 8.938655402207937, "lamda": 5.5672703346459675}, "datetime": {"datetime": "2021-06-16 15:15:18", "elapsed": 3156.038706, "delta": 11.407774}}
{"target": -21.21287526651993, "params": {"C": 2.2071124480404753, "epsilon": 5.059601541696015, "gamma": 7.881037245818491, "lamda": 0.05561225614602158}, "datetime": {"datetime": "2021-06-16 15:15:21", "elapsed": 3158.86647, "delta": 2.827764}}
{"target": -19.198323376502323, "params": {"C": 9.280054103806373, "epsilon": 5.814409842747535, "gamma": 8.497946282086446, "lamda": 1.5651160751608761}, "datetime": {"datetime": "2021-06-16 15:15:24", "elapsed": 3162.545682, "delta": 3.679212}}
{"target": -21.5523185935765, "params": {"C": 2.1929297199809907, "epsilon": 5.0730668894821305, "gamma": 7.860437986569021, "lamda": 0.07153331418701117}, "datetime": {"datetime": "2021-06-16 15:15:28", "elapsed": 3166.333312, "delta": 3.78763}}
{"target": -21.474118041340926, "params": {"C": 6.077486909173419, "epsilon": 2.1101996961762106, "gamma": 7.485623751793287, "lamda": 1.1802420013586605}, "datetime": {"datetime": "2021-06-16 15:15:32", "elapsed": 3169.712937, "delta": 3.379625}}
{"target": -20.45635386360302, "params": {"C": 7.550842055208449, "epsilon": 9.290076762650443, "gamma": 7.149475920188791, "lamda": 1.096472944803098}, "datetime": {"datetime": "2021-06-16 15:15:36", "elapsed": 3174.546639, "delta": 4.833702}}
{"target": -20.375247603333193, "params": {"C": 8.298833625017503, "epsilon": 7.161890064660389, "gamma": 6.5092070727381035, "lamda": 2.0085822979406727}, "datetime": {"datetime": "2021-06-16 15:15:41", "elapsed": 3178.866331, "delta": 4.319692}}
{"target": -104.13179369181715, "params": {"C": 3.9134200584822323, "epsilon": 5.068003709639908, "gamma": 5.714312066237607, "lamda": 5.441401116563927}, "datetime": {"datetime": "2021-06-16 15:15:53", "elapsed": 3191.316683, "delta": 12.450352}}
{"target": -21.733423224677384, "params": {"C": 5.707842789384464, "epsilon": 1.5265967164443892, "gamma": 5.915576410817464, "lamda": 7.0897537914545214}, "datetime": {"datetime": "2021-06-16 15:15:57", "elapsed": 3195.277113, "delta": 3.96043}}
{"target": -20.443579831526016, "params": {"C": 7.7155366525594875, "epsilon": 8.871758552726526, "gamma": 7.111077109235239, "lamda": 1.1716433481222055}, "datetime": {"datetime": "2021-06-16 15:16:04", "elapsed": 3201.798789, "delta": 6.521676}}
{"target": -20.269404399559207, "params": {"C": 9.638836343208817, "epsilon": 3.597234712238119, "gamma": 8.53916601973568, "lamda": 0.7578190183205762}, "datetime": {"datetime": "2021-06-16 15:16:08", "elapsed": 3206.362642, "delta": 4.563853}}
{"target": -21.723737441812986, "params": {"C": 6.230588482720381, "epsilon": 1.925858212179957, "gamma": 7.516650094685237, "lamda": 0.7655280479099966}, "datetime": {"datetime": "2021-06-16 15:16:13", "elapsed": 3210.661547, "delta": 4.298905}}
{"target": -18.52651196423324, "params": {"C": 5.8397882039270925, "epsilon": 9.482950259642308, "gamma": 9.33898449303328, "lamda": 1.0170948564248636}, "datetime": {"datetime": "2021-06-16 15:16:16", "elapsed": 3213.713715, "delta": 3.052168}}
{"target": -18.906426949073175, "params": {"C": 9.210505841113283, "epsilon": 5.51087372691742, "gamma": 9.097398955224907, "lamda": 1.3376148008188475}, "datetime": {"datetime": "2021-06-16 15:16:21", "elapsed": 3219.553878, "delta": 5.840163}}
{"target": -18.356448848610306, "params": {"C": 3.666988254747674, "epsilon": 6.14868740059548, "gamma": 8.959718331901595, "lamda": 1.9278622517629518}, "datetime": {"datetime": "2021-06-16 15:16:24", "elapsed": 3222.161566, "delta": 2.607688}}
{"target": -20.12840501904119, "params": {"C": 3.0912228573389005, "epsilon": 1.0551079770162657, "gamma": 8.831724669754475, "lamda": 1.6502710961314464}, "datetime": {"datetime": "2021-06-16 15:16:30", "elapsed": 3227.975808, "delta": 5.814242}}
{"target": -120.96081243402801, "params": {"C": 7.046393435472962, "epsilon": 6.64315178389863, "gamma": 4.217297912444597, "lamda": 8.987615387580282}, "datetime": {"datetime": "2021-06-16 15:16:41", "elapsed": 3239.292362, "delta": 11.316554}}
{"target": -101.38946084057511, "params": {"C": 9.668074501074978, "epsilon": 0.755646840195833, "gamma": 6.87169323876849, "lamda": 9.817749108044685}, "datetime": {"datetime": "2021-06-16 15:16:52", "elapsed": 3250.51887, "delta": 11.226508}}
{"target": -22.010995248793055, "params": {"C": 6.145645462722117, "epsilon": 2.163783036846612, "gamma": 7.426896919000025, "lamda": 0.8393399014009186}, "datetime": {"datetime": "2021-06-16 15:16:56", "elapsed": 3254.524945, "delta": 4.006075}}
{"target": -21.299855827302633, "params": {"C": 9.993126362543647, "epsilon": 3.1550198279311505, "gamma": 8.041615588794876, "lamda": 0.5066048225542827}, "datetime": {"datetime": "2021-06-16 15:17:03", "elapsed": 3260.664787, "delta": 6.139842}}
{"target": -107.94762127733826, "params": {"C": 9.674886122451506, "epsilon": 5.917749989138963, "gamma": 8.939179462262205, "lamda": 2.0760347146135016}, "datetime": {"datetime": "2021-06-16 15:17:17", "elapsed": 3275.433764, "delta": 14.768977}}
{"target": -108.7788820784096, "params": {"C": 7.86895941578346, "epsilon": 5.1410162500899075, "gamma": 8.292694369334402, "lamda": 4.1955284605062}, "datetime": {"datetime": "2021-06-16 15:17:29", "elapsed": 3286.715194, "delta": 11.28143}}
{"target": -20.65926417450097, "params": {"C": 7.693854708890834, "epsilon": 9.24835055213958, "gamma": 7.12026467372276, "lamda": 1.0232086631950559}, "datetime": {"datetime": "2021-06-16 15:17:33", "elapsed": 3291.145313, "delta": 4.430119}}
{"target": -100.24613031873638, "params": {"C": 3.2308162143129935, "epsilon": 2.5576722516552537, "gamma": 3.902869613646249, "lamda": 2.1217215692713114}, "datetime": {"datetime": "2021-06-16 15:17:44", "elapsed": 3302.396223, "delta": 11.25091}}
{"target": -19.745696036980547, "params": {"C": 4.287582262443164, "epsilon": 2.6365691859703344, "gamma": 9.427538293450636, "lamda": 0.04766474998628395}, "datetime": {"datetime": "2021-06-16 15:17:50", "elapsed": 3307.569601, "delta": 5.173378}}
{"target": -105.72919121863045, "params": {"C": 9.276239722269912, "epsilon": 0.4353533873070571, "gamma": 6.260664405373024, "lamda": 7.72911397796992}, "datetime": {"datetime": "2021-06-16 15:18:01", "elapsed": 3318.918686, "delta": 11.349085}}
{"target": -19.89736057352158, "params": {"C": 7.597678521767446, "epsilon": 9.20810361949673, "gamma": 6.976376738423685, "lamda": 1.4607474001916856}, "datetime": {"datetime": "2021-06-16 15:18:04", "elapsed": 3322.513574, "delta": 3.594888}}
{"target": -48.04214561645129, "params": {"C": 5.206005094119694, "epsilon": 1.3271369229922576, "gamma": 3.76113475932122, "lamda": 0.13787807588490508}, "datetime": {"datetime": "2021-06-16 15:18:10", "elapsed": 3327.724949, "delta": 5.211375}}
{"target": -20.808037274720917, "params": {"C": 2.9484637560468085, "epsilon": 5.667212835188674, "gamma": 6.294269655316702, "lamda": 2.4973331320590515}, "datetime": {"datetime": "2021-06-16 15:18:12", "elapsed": 3330.361024, "delta": 2.636075}}
{"target": -21.757516313866034, "params": {"C": 2.260606395767588, "epsilon": 5.2217678045853075, "gamma": 7.8973147249048825, "lamda": 0.18414682033112692}, "datetime": {"datetime": "2021-06-16 15:18:17", "elapsed": 3335.083162, "delta": 4.722138}}
{"target": -19.10017559579274, "params": {"C": 9.128460487586638, "epsilon": 5.902842205407543, "gamma": 8.37153629601897, "lamda": 1.8529394689379586}, "datetime": {"datetime": "2021-06-16 15:18:22", "elapsed": 3340.302071, "delta": 5.218909}}
{"target": -20.12640138552214, "params": {"C": 7.600755697747022, "epsilon": 8.850387252805234, "gamma": 7.144240842161952, "lamda": 1.3173633852463666}, "datetime": {"datetime": "2021-06-16 15:18:29", "elapsed": 3347.347607, "delta": 7.045536}}
{"target": -21.958416279563153, "params": {"C": 0.3222020622243337, "epsilon": 9.950744109538672, "gamma": 7.841604677693603, "lamda": 0.26734013362388}, "datetime": {"datetime": "2021-06-16 15:18:33", "elapsed": 3351.027665, "delta": 3.680058}}
{"target": -19.293736590821418, "params": {"C": 6.237040751738863, "epsilon": 3.7255327285228703, "gamma": 5.429032370453536, "lamda": 7.519928831128534}, "datetime": {"datetime": "2021-06-16 15:18:36", "elapsed": 3354.361425, "delta": 3.33376}}
{"target": -22.244613308544107, "params": {"C": 5.74996101750276, "epsilon": 1.3438401972538878, "gamma": 5.907609835525928, "lamda": 6.961141555147679}, "datetime": {"datetime": "2021-06-16 15:18:40", "elapsed": 3357.836498, "delta": 3.475073}}
{"target": -20.72658840084822, "params": {"C": 8.311437381729426, "epsilon": 6.0069194208731895, "gamma": 6.754623340048281, "lamda": 1.7592215681579166}, "datetime": {"datetime": "2021-06-16 15:18:43", "elapsed": 3361.352634, "delta": 3.516136}}
{"target": -21.72965089816046, "params": {"C": 6.328551435399289, "epsilon": 1.9271024564501962, "gamma": 7.486940416617285, "lamda": 0.7935311946075341}, "datetime": {"datetime": "2021-06-16 15:18:50", "elapsed": 3368.498287, "delta": 7.145653}}
{"target": -20.24354942489301, "params": {"C": 2.935927511465739, "epsilon": 0.9571332129884379, "gamma": 8.764121741334806, "lamda": 1.368637704875185}, "datetime": {"datetime": "2021-06-16 15:18:55", "elapsed": 3373.350121, "delta": 4.851834}}
{"target": -21.697536811335244, "params": {"C": 6.052350372089302, "epsilon": 1.889692410878872, "gamma": 7.604885065004668, "lamda": 0.9611337318154759}, "datetime": {"datetime": "2021-06-16 15:18:59", "elapsed": 3377.45047, "delta": 4.100349}}
{"target": -20.40720263336588, "params": {"C": 2.9418899840875232, "epsilon": 0.9497644358094058, "gamma": 8.554940843719743, "lamda": 1.7479796194213886}, "datetime": {"datetime": "2021-06-16 15:19:06", "elapsed": 3384.079063, "delta": 6.628593}}
{"target": -99.92125505530966, "params": {"C": 7.6739096181595325, "epsilon": 3.048317028072, "gamma": 1.9897474692320727, "lamda": 4.424174821521405}, "datetime": {"datetime": "2021-06-16 15:19:17", "elapsed": 3395.513297, "delta": 11.434234}}
{"target": -19.579739870826522, "params": {"C": 6.2031106042043405, "epsilon": 3.7181168422728708, "gamma": 5.588505880981266, "lamda": 7.4975032059986955}, "datetime": {"datetime": "2021-06-16 15:19:21", "elapsed": 3399.530521, "delta": 4.017224}}
{"target": -18.88804629366783, "params": {"C": 9.526064930039329, "epsilon": 5.816298266270364, "gamma": 9.007319618930342, "lamda": 1.4721083923809015}, "datetime": {"datetime": "2021-06-16 15:19:30", "elapsed": 3407.597904, "delta": 8.067383}}
{"target": -100.71393310500932, "params": {"C": 1.962361032964275, "epsilon": 1.9618513878101969, "gamma": 3.30436870536763, "lamda": 5.487431441285129}, "datetime": {"datetime": "2021-06-16 15:19:41", "elapsed": 3418.909624, "delta": 11.31172}}
{"target": -18.718478977373117, "params": {"C": 6.892492208682599, "epsilon": 5.046791891012296, "gamma": 5.1702282477085815, "lamda": 9.44655367778464}, "datetime": {"datetime": "2021-06-16 15:19:44", "elapsed": 3421.719082, "delta": 2.809458}}
{"target": -20.313012320815673, "params": {"C": 8.4781063351552, "epsilon": 7.0753212910470005, "gamma": 6.792102438112539, "lamda": 1.7231811369698622}, "datetime": {"datetime": "2021-06-16 15:19:48", "elapsed": 3426.449977, "delta": 4.730895}}
{"target": -20.954533258773957, "params": {"C": 9.419880378345987, "epsilon": 3.257108887281012, "gamma": 8.260743199877584, "lamda": 0.4942701699850263}, "datetime": {"datetime": "2021-06-16 15:19:54", "elapsed": 3432.206236, "delta": 5.756259}}
{"target": -96.31456748594744, "params": {"C": 2.280296977008985, "epsilon": 5.23540724862632, "gamma": 7.056441214288836, "lamda": 5.659425705577249}, "datetime": {"datetime": "2021-06-16 15:20:06", "elapsed": 3443.60302, "delta": 11.396784}}
{"target": -20.060624913266402, "params": {"C": 8.601327718318755, "epsilon": 6.798804249583016, "gamma": 6.626388391589529, "lamda": 2.111391633145092}, "datetime": {"datetime": "2021-06-16 15:20:11", "elapsed": 3448.906353, "delta": 5.303333}}
{"target": -18.743337418236962, "params": {"C": 9.05641085911248, "epsilon": 5.813952122753103, "gamma": 9.076547019603217, "lamda": 1.4920481823706144}, "datetime": {"datetime": "2021-06-16 15:20:17", "elapsed": 3455.223812, "delta": 6.317459}}
{"target": -131.99390461065562, "params": {"C": 8.261489723038691, "epsilon": 7.786149219999132, "gamma": 2.2624820834570905, "lamda": 4.184391278164603}, "datetime": {"datetime": "2021-06-16 15:20:29", "elapsed": 3466.730188, "delta": 11.506376}}
{"target": -107.37444294835412, "params": {"C": 3.0297724314657355, "epsilon": 1.179602008784669, "gamma": 6.14349399822258, "lamda": 8.462923114848202}, "datetime": {"datetime": "2021-06-16 15:20:40", "elapsed": 3478.157998, "delta": 11.42781}}
{"target": -255.23988867262335, "params": {"C": 3.234247517003733, "epsilon": 0.6394884782718356, "gamma": 9.813984652366962, "lamda": 5.7477667611959475}, "datetime": {"datetime": "2021-06-16 15:20:52", "elapsed": 3489.670923, "delta": 11.512925}}
{"target": -20.314786424398417, "params": {"C": 8.515025172774521, "epsilon": 6.458568777845028, "gamma": 6.547343030046986, "lamda": 2.3254855474233613}, "datetime": {"datetime": "2021-06-16 15:20:55", "elapsed": 3493.063314, "delta": 3.392391}}
{"target": -60.43221503389273, "params": {"C": 8.981113933297538, "epsilon": 4.520200594662815, "gamma": 3.9807632718514676, "lamda": 3.1044086741708}, "datetime": {"datetime": "2021-06-16 15:21:00", "elapsed": 3498.201836, "delta": 5.138522}}
{"target": -19.110827831052816, "params": {"C": 3.814681634398513, "epsilon": 0.7720301726143862, "gamma": 9.853821189579945, "lamda": 1.6526304352207883}, "datetime": {"datetime": "2021-06-16 15:21:05", "elapsed": 3503.41112, "delta": 5.209284}}
{"target": -137.2250001366495, "params": {"C": 2.094276113912345, "epsilon": 3.7038315369707324, "gamma": 4.842125117450456, "lamda": 0.780839887729049}, "datetime": {"datetime": "2021-06-16 15:21:17", "elapsed": 3514.618443, "delta": 11.207323}}
{"target": -30.184221658327953, "params": {"C": 0.2827628623186832, "epsilon": 9.784702412181232, "gamma": 7.516367157275751, "lamda": 0.19844685087008473}, "datetime": {"datetime": "2021-06-16 15:21:22", "elapsed": 3519.895175, "delta": 5.276732}}
{"target": -19.283638180615593, "params": {"C": 3.8979597300315323, "epsilon": 0.5050012667469571, "gamma": 9.846113114855541, "lamda": 1.4141639931731367}, "datetime": {"datetime": "2021-06-16 15:21:26", "elapsed": 3523.610777, "delta": 3.715602}}
{"target": -18.909698640958034, "params": {"C": 9.22047341935343, "epsilon": 5.626210235814001, "gamma": 9.08576393277202, "lamda": 1.2953504090028543}, "datetime": {"datetime": "2021-06-16 15:21:29", "elapsed": 3527.478876, "delta": 3.868099}}
{"target": -136.03607366251225, "params": {"C": 5.526846072410505, "epsilon": 8.555536786196816, "gamma": 2.9075004488705094, "lamda": 7.3639291057729}, "datetime": {"datetime": "2021-06-16 15:21:41", "elapsed": 3538.935902, "delta": 11.457026}}
{"target": -105.65014437294704, "params": {"C": 9.584652840984468, "epsilon": 4.390222596886588, "gamma": 2.350184995711878, "lamda": 8.656435424491109}, "datetime": {"datetime": "2021-06-16 15:21:52", "elapsed": 3550.031953, "delta": 11.096051}}
{"target": -18.80121368279817, "params": {"C": 9.782769614428359, "epsilon": 5.7852188836229566, "gamma": 8.62438718075436, "lamda": 1.9156693506792575}, "datetime": {"datetime": "2021-06-16 15:21:57", "elapsed": 3555.270054, "delta": 5.238101}}
{"target": -17.66494064534536, "params": {"C": 0.1716889123523784, "epsilon": 9.799678130544015, "gamma": 7.9613964945435285, "lamda": 0.0949197942942728}, "datetime": {"datetime": "2021-06-16 15:22:02", "elapsed": 3560.458913, "delta": 5.188859}}
{"target": -105.47282191448546, "params": {"C": 0.1757463404645837, "epsilon": 5.440937074088596, "gamma": 1.3646415933119924, "lamda": 5.6306176996762565}, "datetime": {"datetime": "2021-06-16 15:22:19", "elapsed": 3577.236285, "delta": 16.777372}}
{"target": -19.75458263165308, "params": {"C": 8.810467795043525, "epsilon": 6.7707001140424845, "gamma": 6.918890243193948, "lamda": 2.127751127086672}, "datetime": {"datetime": "2021-06-16 15:22:23", "elapsed": 3580.913201, "delta": 3.676916}}
{"target": -20.20722811677763, "params": {"C": 2.8397936027488577, "epsilon": 1.052749381570447, "gamma": 8.668382497795532, "lamda": 1.5156595369272952}, "datetime": {"datetime": "2021-06-16 15:22:29", "elapsed": 3586.895869, "delta": 5.982668}}
{"target": -18.35733281478443, "params": {"C": 3.66801812898961, "epsilon": 6.14478274744671, "gamma": 8.959777244198222, "lamda": 1.9279954492026699}, "datetime": {"datetime": "2021-06-16 15:22:35", "elapsed": 3593.06372, "delta": 6.167851}}
{"target": -19.843241808652735, "params": {"C": 8.57625266035129, "epsilon": 6.771604899935726, "gamma": 6.983222969906304, "lamda": 1.9999047224029154}, "datetime": {"datetime": "2021-06-16 15:22:39", "elapsed": 3596.754426, "delta": 3.690706}}
{"target": -21.612618336793798, "params": {"C": 2.303087324992235, "epsilon": 5.114149298145561, "gamma": 7.917921155891134, "lamda": 0.1826860389989659}, "datetime": {"datetime": "2021-06-16 15:22:43", "elapsed": 3600.817083, "delta": 4.062657}}
{"target": -19.444612862922686, "params": {"C": 3.316553862790218, "epsilon": 0.6642718844176234, "gamma": 9.533996221445769, "lamda": 1.6751964562245065}, "datetime": {"datetime": "2021-06-16 15:22:47", "elapsed": 3605.264763, "delta": 4.44768}}
{"target": -277.38576374651853, "params": {"C": 9.327192333236791, "epsilon": 0.08625967515211269, "gamma": 3.9112908204161565, "lamda": 3.70966148405546}, "datetime": {"datetime": "2021-06-16 15:22:50", "elapsed": 3608.261786, "delta": 2.997023}}
{"target": -20.956040495827153, "params": {"C": 9.571726122930832, "epsilon": 3.455539012724762, "gamma": 8.014200595877815, "lamda": 0.8657050885045012}, "datetime": {"datetime": "2021-06-16 15:22:54", "elapsed": 3612.426232, "delta": 4.164446}}
{"target": -18.792867679037826, "params": {"C": 9.806601934595601, "epsilon": 5.481052844647481, "gamma": 8.656449749592964, "lamda": 1.9054470418770229}, "datetime": {"datetime": "2021-06-16 15:22:59", "elapsed": 3616.949566, "delta": 4.523334}}
{"target": -18.91690469814084, "params": {"C": 9.635588808226672, "epsilon": 5.759443444460986, "gamma": 9.073308384221125, "lamda": 1.28600458408324}, "datetime": {"datetime": "2021-06-16 15:23:03", "elapsed": 3620.651714, "delta": 3.702148}}
{"target": -21.196663847230404, "params": {"C": 8.958662089467676, "epsilon": 5.645774054842566, "gamma": 6.190836648204634, "lamda": 2.431672781843002}, "datetime": {"datetime": "2021-06-16 15:23:06", "elapsed": 3624.378705, "delta": 3.726991}}
{"target": -102.5036766850392, "params": {"C": 1.569629064086867, "epsilon": 7.576124209100407, "gamma": 1.861866742963938, "lamda": 3.0217062971812334}, "datetime": {"datetime": "2021-06-16 15:23:18", "elapsed": 3635.776841, "delta": 11.398136}}
{"target": -21.106778136979433, "params": {"C": 7.257909216651202, "epsilon": 9.158127811808026, "gamma": 6.768433342522757, "lamda": 1.0075315700191716}, "datetime": {"datetime": "2021-06-16 15:23:21", "elapsed": 3639.517222, "delta": 3.740381}}
{"target": -19.415969711673213, "params": {"C": 3.7296325195005604, "epsilon": 0.6233898284386438, "gamma": 9.561935303774453, "lamda": 1.7237015725376836}, "datetime": {"datetime": "2021-06-16 15:23:27", "elapsed": 3645.208764, "delta": 5.691542}}
{"target": -101.56469335895142, "params": {"C": 4.864204167763332, "epsilon": 3.0049648297570126, "gamma": 3.3967561673530966, "lamda": 4.167365628925304}, "datetime": {"datetime": "2021-06-16 15:23:39", "elapsed": 3656.631103, "delta": 11.422339}}
{"target": -19.11661814873952, "params": {"C": 9.105716989126352, "epsilon": 5.9064617817290825, "gamma": 8.296008068895953, "lamda": 1.8933426336933228}, "datetime": {"datetime": "2021-06-16 15:23:45", "elapsed": 3662.801143, "delta": 6.17004}}
{"target": -19.66210422624322, "params": {"C": 8.24526640898193, "epsilon": 6.86702110814475, "gamma": 6.7247964337528625, "lamda": 2.3459761483922428}, "datetime": {"datetime": "2021-06-16 15:23:48", "elapsed": 3666.071716, "delta": 3.270573}}
{"target": -25.15736307208603, "params": {"C": 0.30031840165966184, "epsilon": 9.98594325634572, "gamma": 7.811006601781236, "lamda": 0.037709276045969256}, "datetime": {"datetime": "2021-06-16 15:23:53", "elapsed": 3671.441931, "delta": 5.370215}}
{"target": -20.075015626691954, "params": {"C": 5.9198656208566485, "epsilon": 3.6457580780052585, "gamma": 5.711373003007621, "lamda": 7.455516062689007}, "datetime": {"datetime": "2021-06-16 15:23:58", "elapsed": 3676.45257, "delta": 5.010639}}
{"target": -21.155961664292715, "params": {"C": 9.907076451422636, "epsilon": 3.2639890123248554, "gamma": 8.02945552287184, "lamda": 0.6621822708226548}, "datetime": {"datetime": "2021-06-16 15:24:02", "elapsed": 3680.459977, "delta": 4.007407}}
{"target": -117.61616180587914, "params": {"C": 2.5819198002289836, "epsilon": 6.1644086835069825, "gamma": 5.642829244748813, "lamda": 7.552058822366393}, "datetime": {"datetime": "2021-06-16 15:24:14", "elapsed": 3691.922615, "delta": 11.462638}}
{"target": -99.26775330895158, "params": {"C": 8.085048951068632, "epsilon": 3.9772154793383816, "gamma": 4.888146712961896, "lamda": 8.078944237208015}, "datetime": {"datetime": "2021-06-16 15:24:26", "elapsed": 3703.744445, "delta": 11.82183}}
