{"target": -98.1840935601866, "params": {"C": 4.789863132334246, "epsilon": 7.643623944263664, "gamma": 1.3222078527222965, "lamda": 2.0165362334341834}, "datetime": {"datetime": "2021-06-16 14:56:19", "elapsed": 2016.729204, "delta": 7.063495}}
{"target": -21.88526419855244, "params": {"C": 6.1691163803050495, "epsilon": 2.2306350435510955, "gamma": 7.674498342703123, "lamda": 0.5707009877272754}, "datetime": {"datetime": "2021-06-16 14:56:21", "elapsed": 2019.045729, "delta": 2.316525}}
{"target": -19.1976556806396, "params": {"C": 5.651896395458031, "epsilon": 3.768506278587277, "gamma": 5.838586806816268, "lamda": 7.184813043231295}, "datetime": {"datetime": "2021-06-16 14:56:23", "elapsed": 2020.565139, "delta": 1.51941}}
{"target": -49.54156912934282, "params": {"C": 6.783682963405548, "epsilon": 4.685160504679168, "gamma": 3.846486661572752, "lamda": 0.25691583649854594}, "datetime": {"datetime": "2021-06-16 14:56:24", "elapsed": 2021.980869, "delta": 1.41573}}
{"target": -18.74439352505198, "params": {"C": 9.689625497092889, "epsilon": 5.643134878586781, "gamma": 8.814832383452385, "lamda": 1.8780386643399865}, "datetime": {"datetime": "2021-06-16 14:56:26", "elapsed": 2023.771237, "delta": 1.790368}}
{"target": -18.58938275612541, "params": {"C": 9.544431658603443, "epsilon": 5.952168844749761, "gamma": 9.243063679224358, "lamda": 1.4913580566740168}, "datetime": {"datetime": "2021-06-16 14:56:28", "elapsed": 2025.776413, "delta": 2.005176}}
{"target": -102.03542545747635, "params": {"C": 9.586574860071991, "epsilon": 7.435864872569332, "gamma": 2.7235034676633014, "lamda": 7.319341149663414}, "datetime": {"datetime": "2021-06-16 14:56:38", "elapsed": 2035.728755, "delta": 9.952342}}
{"target": -19.959667268387463, "params": {"C": 8.31619927512378, "epsilon": 7.086595162146675, "gamma": 6.698813538330302, "lamda": 2.049309825385706}, "datetime": {"datetime": "2021-06-16 14:56:40", "elapsed": 2037.831869, "delta": 2.103114}}
{"target": -20.453398483457182, "params": {"C": 3.002742606711786, "epsilon": 0.828719781897124, "gamma": 8.616790763235718, "lamda": 1.3080437635885718}, "datetime": {"datetime": "2021-06-16 14:56:41", "elapsed": 2039.454766, "delta": 1.622897}}
{"target": -20.156512560345533, "params": {"C": 8.223448595953803, "epsilon": 6.751641783052807, "gamma": 6.6749807806913095, "lamda": 2.0100334037756546}, "datetime": {"datetime": "2021-06-16 14:56:43", "elapsed": 2041.441448, "delta": 1.986682}}
{"target": -104.95242115145678, "params": {"C": 3.185255273713359, "epsilon": 1.0813429601167226, "gamma": 8.322170285954634, "lamda": 1.4190193487721174}, "datetime": {"datetime": "2021-06-16 14:56:55", "elapsed": 2052.654344, "delta": 11.212896}}
{"target": -21.018542857952784, "params": {"C": 2.2253080603905486, "epsilon": 5.271069028407559, "gamma": 7.882250972353263, "lamda": 0.18653660474406378}, "datetime": {"datetime": "2021-06-16 14:56:57", "elapsed": 2054.851086, "delta": 2.196742}}
{"target": -53.56342482696468, "params": {"C": 5.22612718215329, "epsilon": 1.4531486804593545, "gamma": 3.6406099255078965, "lamda": 0.20337465384906905}, "datetime": {"datetime": "2021-06-16 14:56:59", "elapsed": 2057.311027, "delta": 2.459941}}
{"target": -103.9636743488612, "params": {"C": 1.6053164792896624, "epsilon": 6.178836770141385, "gamma": 4.781276905198292, "lamda": 5.740102932763349}, "datetime": {"datetime": "2021-06-16 14:57:11", "elapsed": 2068.840712, "delta": 11.529685}}
{"target": -106.54884679832868, "params": {"C": 1.6323465450351529, "epsilon": 7.792631208090141, "gamma": 2.4433358092615585, "lamda": 4.656876189960281}, "datetime": {"datetime": "2021-06-16 14:57:21", "elapsed": 2079.543105, "delta": 10.702393}}
{"target": -18.704743100175605, "params": {"C": 9.370232904767525, "epsilon": 5.787609360421495, "gamma": 9.31469197793105, "lamda": 1.3548112173363285}, "datetime": {"datetime": "2021-06-16 14:57:24", "elapsed": 2081.864519, "delta": 2.321414}}
{"target": -20.49846679961552, "params": {"C": 7.424012896993273, "epsilon": 8.97990133994293, "gamma": 7.0476954589753875, "lamda": 1.16717918203681}, "datetime": {"datetime": "2021-06-16 14:57:26", "elapsed": 2083.737084, "delta": 1.872565}}
{"target": -19.90122499877551, "params": {"C": 7.637241613611626, "epsilon": 8.815619750105009, "gamma": 7.156198459080743, "lamda": 1.3347208665281551}, "datetime": {"datetime": "2021-06-16 14:57:27", "elapsed": 2085.102726, "delta": 1.365642}}
{"target": -21.704462124731165, "params": {"C": 6.529073924383032, "epsilon": 2.1716840601402274, "gamma": 7.657163907109099, "lamda": 0.8593135707863254}, "datetime": {"datetime": "2021-06-16 14:57:29", "elapsed": 2086.606716, "delta": 1.50399}}
{"target": -102.70303551260669, "params": {"C": 7.239476666858906, "epsilon": 8.42606659728315, "gamma": 4.101439384407874, "lamda": 3.540910987404968}, "datetime": {"datetime": "2021-06-16 14:57:38", "elapsed": 2096.491387, "delta": 9.884671}}
{"target": -19.36136102557088, "params": {"C": 3.6452811029465058, "epsilon": 0.6596690801628933, "gamma": 9.792826040949343, "lamda": 1.8510260023661917}, "datetime": {"datetime": "2021-06-16 14:57:40", "elapsed": 2097.993296, "delta": 1.501909}}
{"target": -20.385252019754812, "params": {"C": 2.947566962760437, "epsilon": 1.1031229798362974, "gamma": 8.62395429141156, "lamda": 1.2585484935255702}, "datetime": {"datetime": "2021-06-16 14:57:42", "elapsed": 2099.966366, "delta": 1.97307}}
{"target": -101.65378175110573, "params": {"C": 3.8492148679315275, "epsilon": 4.738910386064199, "gamma": 6.228419967817367, "lamda": 5.4197439318455025}, "datetime": {"datetime": "2021-06-16 14:57:53", "elapsed": 2111.19886, "delta": 11.232494}}
{"target": -18.82428129749511, "params": {"C": 9.5504559872733, "epsilon": 5.66794659620175, "gamma": 8.73894331632601, "lamda": 1.801699063646486}, "datetime": {"datetime": "2021-06-16 14:57:55", "elapsed": 2112.872085, "delta": 1.673225}}
{"target": -27.260815950679383, "params": {"C": 1.78570800997752, "epsilon": 3.9637461961229645, "gamma": 5.389295243797781, "lamda": 0.630463363815672}, "datetime": {"datetime": "2021-06-16 14:57:56", "elapsed": 2114.326574, "delta": 1.454489}}
{"target": -19.749880390664366, "params": {"C": 4.310511642944593, "epsilon": 2.6367965862061067, "gamma": 9.424323090513367, "lamda": 0.04539956866315259}, "datetime": {"datetime": "2021-06-16 14:57:58", "elapsed": 2115.78739, "delta": 1.460816}}
{"target": -34.67907259613749, "params": {"C": 1.885226465583659, "epsilon": 3.7511033495072272, "gamma": 5.307676874661599, "lamda": 0.5243217655933939}, "datetime": {"datetime": "2021-06-16 14:57:59", "elapsed": 2117.35115, "delta": 1.56376}}
{"target": -19.564812181290264, "params": {"C": 5.957293217009104, "epsilon": 3.8199701847596574, "gamma": 5.587974529329278, "lamda": 7.332590183744485}, "datetime": {"datetime": "2021-06-16 14:58:01", "elapsed": 2118.846428, "delta": 1.495278}}
{"target": -18.921298501817784, "params": {"C": 9.770327265288751, "epsilon": 5.444729519138739, "gamma": 8.753954587952204, "lamda": 1.7423341750026284}, "datetime": {"datetime": "2021-06-16 14:58:02", "elapsed": 2120.410393, "delta": 1.563965}}
{"target": -20.646247604898544, "params": {"C": 9.599752156167549, "epsilon": 3.2822581447297052, "gamma": 8.237576561085177, "lamda": 0.9223834903215111}, "datetime": {"datetime": "2021-06-16 14:58:04", "elapsed": 2122.112713, "delta": 1.70232}}
{"target": -19.206961739100002, "params": {"C": 3.834962402033193, "epsilon": 4.928355452197381, "gamma": 5.839368452076015, "lamda": 5.490741362754965}, "datetime": {"datetime": "2021-06-16 14:58:06", "elapsed": 2124.527786, "delta": 2.415073}}
{"target": -21.914425066814033, "params": {"C": 6.060522773594978, "epsilon": 2.2399921913846, "gamma": 7.713866536980531, "lamda": 0.5261190404958003}, "datetime": {"datetime": "2021-06-16 14:58:09", "elapsed": 2126.662639, "delta": 2.134853}}
{"target": -110.38648030643077, "params": {"C": 1.413676603876593, "epsilon": 1.6069214521176283, "gamma": 5.2408125752103745, "lamda": 5.661091551039705}, "datetime": {"datetime": "2021-06-16 14:58:23", "elapsed": 2140.955996, "delta": 14.293357}}
{"target": -18.99656470167777, "params": {"C": 3.839333688071026, "epsilon": 1.177491100426267, "gamma": 9.928233637498517, "lamda": 1.7776570349946206}, "datetime": {"datetime": "2021-06-16 14:58:25", "elapsed": 2143.155414, "delta": 2.199418}}
{"target": -101.80474889529609, "params": {"C": 8.977835690100598, "epsilon": 5.328559753367571, "gamma": 0.6837225196776329, "lamda": 2.1443035523778065}, "datetime": {"datetime": "2021-06-16 14:58:35", "elapsed": 2153.415263, "delta": 10.259849}}
{"target": -30.217506578080638, "params": {"C": 1.873605530542506, "epsilon": 3.6207735890274586, "gamma": 5.1530474651257006, "lamda": 0.9752129503143068}, "datetime": {"datetime": "2021-06-16 14:58:38", "elapsed": 2155.891663, "delta": 2.4764}}
{"target": -13.0665361137146, "params": {"C": 0.04940936025639944, "epsilon": 9.405759246189833, "gamma": 8.349148923220993, "lamda": 0.07132035070416887}, "datetime": {"datetime": "2021-06-16 14:58:39", "elapsed": 2157.330208, "delta": 1.438545}}
{"target": -20.18681571817014, "params": {"C": 7.495144344497729, "epsilon": 9.03476257944208, "gamma": 7.274141785090291, "lamda": 1.1721079047863456}, "datetime": {"datetime": "2021-06-16 14:58:41", "elapsed": 2159.007616, "delta": 1.677408}}
{"target": -18.91877852550927, "params": {"C": 9.927436202109469, "epsilon": 5.618439266803172, "gamma": 8.646234513042952, "lamda": 1.7084345872453974}, "datetime": {"datetime": "2021-06-16 14:58:43", "elapsed": 2160.737262, "delta": 1.729646}}
{"target": -18.723636315812733, "params": {"C": 9.386888185774641, "epsilon": 5.796431555410419, "gamma": 9.29410280341791, "lamda": 1.3665969029463685}, "datetime": {"datetime": "2021-06-16 14:58:45", "elapsed": 2162.603626, "delta": 1.866364}}
{"target": -19.275901488505212, "params": {"C": 3.932273002718741, "epsilon": 0.8600099058361231, "gamma": 9.708633855059418, "lamda": 1.5016058203011227}, "datetime": {"datetime": "2021-06-16 14:58:46", "elapsed": 2164.543426, "delta": 1.9398}}
{"target": -18.04293364705108, "params": {"C": 6.906032464623057, "epsilon": 6.649706226098461, "gamma": 9.718859818087164, "lamda": 1.903887286781202}, "datetime": {"datetime": "2021-06-16 14:58:48", "elapsed": 2166.005681, "delta": 1.462255}}
{"target": -106.6188616017061, "params": {"C": 6.65456285242006, "epsilon": 1.3323511505857644, "gamma": 6.125645784596439, "lamda": 5.852082412572844}, "datetime": {"datetime": "2021-06-16 14:58:58", "elapsed": 2175.81177, "delta": 9.806089}}
{"target": -18.02856964889694, "params": {"C": 4.416596295867198, "epsilon": 5.811957173154086, "gamma": 9.894441846583534, "lamda": 2.040396738542609}, "datetime": {"datetime": "2021-06-16 14:59:00", "elapsed": 2178.341086, "delta": 2.529316}}
{"target": -54.70269731962981, "params": {"C": 5.195485119354983, "epsilon": 1.818248621144243, "gamma": 3.44289440406585, "lamda": 0.36752962958359303}, "datetime": {"datetime": "2021-06-16 14:59:02", "elapsed": 2179.927942, "delta": 1.586856}}
{"target": -20.468581982843048, "params": {"C": 7.7373117612589235, "epsilon": 8.856709457049202, "gamma": 7.021692237327622, "lamda": 1.210925809111391}, "datetime": {"datetime": "2021-06-16 14:59:04", "elapsed": 2182.150003, "delta": 2.222061}}
{"target": -21.644448982268727, "params": {"C": 6.298843113388409, "epsilon": 2.2009769956580874, "gamma": 7.345162957236894, "lamda": 1.0513415324716926}, "datetime": {"datetime": "2021-06-16 14:59:06", "elapsed": 2184.06157, "delta": 1.911567}}
{"target": -18.70958953725608, "params": {"C": 9.931396623834777, "epsilon": 5.512103754239859, "gamma": 8.729602882529068, "lamda": 1.9993391745227944}, "datetime": {"datetime": "2021-06-16 14:59:08", "elapsed": 2186.472899, "delta": 2.411329}}
{"target": -20.623648830655448, "params": {"C": 7.463672979949239, "epsilon": 8.97574474774452, "gamma": 7.036629612860969, "lamda": 1.1147444092859955}, "datetime": {"datetime": "2021-06-16 14:59:11", "elapsed": 2188.593799, "delta": 2.1209}}
{"target": -21.018137536246904, "params": {"C": 7.385343701968321, "epsilon": 9.03780867520608, "gamma": 6.7775700415565785, "lamda": 1.0521824050662503}, "datetime": {"datetime": "2021-06-16 14:59:13", "elapsed": 2190.934601, "delta": 2.340802}}
{"target": -20.570504133731333, "params": {"C": 9.629212215807815, "epsilon": 3.3026156727481175, "gamma": 8.269533670667705, "lamda": 0.9693847055390188}, "datetime": {"datetime": "2021-06-16 14:59:15", "elapsed": 2193.099485, "delta": 2.164884}}
{"target": -20.64323414904716, "params": {"C": 9.708596765069942, "epsilon": 3.10028248599604, "gamma": 8.320736531211306, "lamda": 0.8348925771558018}, "datetime": {"datetime": "2021-06-16 14:59:18", "elapsed": 2195.58862, "delta": 2.489135}}
{"target": -21.88865664736443, "params": {"C": 6.110769187385907, "epsilon": 2.2469482301941643, "gamma": 7.656542809656645, "lamda": 0.5605132655697653}, "datetime": {"datetime": "2021-06-16 14:59:20", "elapsed": 2198.095878, "delta": 2.507258}}
{"target": -19.174994400366145, "params": {"C": 9.218976581620892, "epsilon": 5.7812130667703165, "gamma": 8.477778846907324, "lamda": 1.6168660067970533}, "datetime": {"datetime": "2021-06-16 14:59:22", "elapsed": 2200.435603, "delta": 2.339725}}
{"target": -20.51056608001328, "params": {"C": 7.2190551378285726, "epsilon": 9.056770558120512, "gamma": 6.967319708722719, "lamda": 1.174139051465476}, "datetime": {"datetime": "2021-06-16 14:59:25", "elapsed": 2202.925507, "delta": 2.489904}}
{"target": -104.15520501136845, "params": {"C": 8.226126478056305, "epsilon": 6.910230418144152, "gamma": 1.439631508402257, "lamda": 9.587702831188883}, "datetime": {"datetime": "2021-06-16 14:59:35", "elapsed": 2213.482873, "delta": 10.557366}}
{"target": -19.70737546741771, "params": {"C": 8.253547176893965, "epsilon": 6.930995575643124, "gamma": 6.778836715405145, "lamda": 2.2405472747443307}, "datetime": {"datetime": "2021-06-16 14:59:37", "elapsed": 2215.392171, "delta": 1.909298}}
{"target": -26.70752075447838, "params": {"C": 1.8893343309550101, "epsilon": 3.9178449545322938, "gamma": 5.411632510220827, "lamda": 0.7059509880431091}, "datetime": {"datetime": "2021-06-16 14:59:40", "elapsed": 2217.665489, "delta": 2.273318}}
{"target": -21.75153111915009, "params": {"C": 6.223867261573817, "epsilon": 2.287255066640557, "gamma": 7.567121709709393, "lamda": 0.5636255454218501}, "datetime": {"datetime": "2021-06-16 14:59:42", "elapsed": 2219.613132, "delta": 1.947643}}
{"target": -109.56215754782312, "params": {"C": 0.7615290073105186, "epsilon": 8.687077946702084, "gamma": 9.904037534157466, "lamda": 1.0265338204887327}, "datetime": {"datetime": "2021-06-16 14:59:52", "elapsed": 2230.046778, "delta": 10.433646}}
{"target": -19.84514619476764, "params": {"C": 7.515389181057548, "epsilon": 9.216833113430553, "gamma": 7.136577302929627, "lamda": 1.4196204546317615}, "datetime": {"datetime": "2021-06-16 14:59:54", "elapsed": 2231.982047, "delta": 1.935269}}
{"target": -19.71425172767156, "params": {"C": 6.129279556727917, "epsilon": 3.637243197859394, "gamma": 5.5716930446145305, "lamda": 7.481527582352709}, "datetime": {"datetime": "2021-06-16 14:59:57", "elapsed": 2235.427773, "delta": 3.445726}}
{"target": -20.604980885590326, "params": {"C": 0.23524237729916284, "epsilon": 9.862359426533969, "gamma": 7.753621598646723, "lamda": 0.3729024730506243}, "datetime": {"datetime": "2021-06-16 15:00:00", "elapsed": 2237.743494, "delta": 2.315721}}
{"target": -99.35787454889152, "params": {"C": 1.3941456952311566, "epsilon": 4.416245770639853, "gamma": 6.389451995929011, "lamda": 3.990609573596254}, "datetime": {"datetime": "2021-06-16 15:00:15", "elapsed": 2253.153946, "delta": 15.410452}}
{"target": -21.82852183546838, "params": {"C": 6.512922857733624, "epsilon": 1.8685189683531647, "gamma": 7.60592587052699, "lamda": 0.7336754875586596}, "datetime": {"datetime": "2021-06-16 15:00:18", "elapsed": 2255.72953, "delta": 2.575584}}
{"target": -19.767122495566156, "params": {"C": 4.13604955460044, "epsilon": 2.629472039104976, "gamma": 9.448485057943328, "lamda": 0.06508337827947548}, "datetime": {"datetime": "2021-06-16 15:00:20", "elapsed": 2257.683367, "delta": 1.953837}}
{"target": -19.552679013593334, "params": {"C": 6.014134475004177, "epsilon": 3.622634536923217, "gamma": 5.64921520240194, "lamda": 7.575764849338574}, "datetime": {"datetime": "2021-06-16 15:00:23", "elapsed": 2260.593953, "delta": 2.910586}}
{"target": -18.517663201251512, "params": {"C": 9.347505120468357, "epsilon": 5.734402990048075, "gamma": 8.97760072915238, "lamda": 1.9038991446719673}, "datetime": {"datetime": "2021-06-16 15:00:25", "elapsed": 2263.213371, "delta": 2.619418}}
{"target": -18.453606865322186, "params": {"C": 0.20540064532967947, "epsilon": 9.766288965561433, "gamma": 7.677089097315302, "lamda": 0.22942835344762144}, "datetime": {"datetime": "2021-06-16 15:00:27", "elapsed": 2264.970282, "delta": 1.756911}}
{"target": -101.57795721208096, "params": {"C": 2.2664429099659342, "epsilon": 3.7606794380536672, "gamma": 5.344073899057485, "lamda": 0.8056061249477295}, "datetime": {"datetime": "2021-06-16 15:00:38", "elapsed": 2276.221841, "delta": 11.251559}}
{"target": -102.49663070752972, "params": {"C": 0.3534314098272346, "epsilon": 5.550525883758978, "gamma": 5.131767658727526, "lamda": 6.0334805095333}, "datetime": {"datetime": "2021-06-16 15:00:56", "elapsed": 2294.062062, "delta": 17.840221}}
{"target": -18.68510032687903, "params": {"C": 9.714434434298667, "epsilon": 5.762074952025639, "gamma": 8.891340359951064, "lamda": 1.7943904042237577}, "datetime": {"datetime": "2021-06-16 15:00:58", "elapsed": 2296.207996, "delta": 2.145934}}
{"target": -26.73071716439177, "params": {"C": 2.1544035832955615, "epsilon": 4.057480954516167, "gamma": 5.430641773887775, "lamda": 0.5624758114672875}, "datetime": {"datetime": "2021-06-16 15:01:00", "elapsed": 2298.348094, "delta": 2.140098}}
{"target": -15.026075686719253, "params": {"C": 5.457501689075827, "epsilon": 9.017085684056866, "gamma": 9.755915958999713, "lamda": 7.673285843306589}, "datetime": {"datetime": "2021-06-16 15:01:02", "elapsed": 2299.969819, "delta": 1.621725}}
{"target": -34.84723003893931, "params": {"C": 5.282094320286164, "epsilon": 1.4473801728859006, "gamma": 3.838322596888511, "lamda": 0.28269652283410435}, "datetime": {"datetime": "2021-06-16 15:01:05", "elapsed": 2303.17577, "delta": 3.205951}}
{"target": -19.706852553432476, "params": {"C": 8.268162426829303, "epsilon": 6.960833198168907, "gamma": 6.760669631626181, "lamda": 2.246684360176275}, "datetime": {"datetime": "2021-06-16 15:01:08", "elapsed": 2306.129532, "delta": 2.953762}}
{"target": -20.275410406509394, "params": {"C": 2.959068970621497, "epsilon": 1.021022122265285, "gamma": 8.64511192843739, "lamda": 1.2588714800093974}, "datetime": {"datetime": "2021-06-16 15:01:11", "elapsed": 2308.972483, "delta": 2.842951}}
{"target": -100.87786373849039, "params": {"C": 8.557598901122995, "epsilon": 1.3619945821864199, "gamma": 3.6011543552788905, "lamda": 1.5207730228247565}, "datetime": {"datetime": "2021-06-16 15:01:21", "elapsed": 2319.203227, "delta": 10.230744}}
{"target": -20.540105033382652, "params": {"C": 8.453455986825457, "epsilon": 6.393964679754003, "gamma": 6.43570223122727, "lamda": 2.1682815800941824}, "datetime": {"datetime": "2021-06-16 15:01:23", "elapsed": 2321.221185, "delta": 2.017958}}
{"target": -19.255948693464504, "params": {"C": 5.675770291027838, "epsilon": 3.9285305252865355, "gamma": 5.644903336258043, "lamda": 7.535607398370662}, "datetime": {"datetime": "2021-06-16 15:01:25", "elapsed": 2323.298348, "delta": 2.077163}}
{"target": -96.81187039355571, "params": {"C": 8.695870839668661, "epsilon": 8.380008441494716, "gamma": 6.791197250275865, "lamda": 2.821693293542805}, "datetime": {"datetime": "2021-06-16 15:01:36", "elapsed": 2334.274474, "delta": 10.976126}}
{"target": -19.91877351302239, "params": {"C": 8.256442666980828, "epsilon": 6.814047467061437, "gamma": 6.985879310537779, "lamda": 1.9248710021835174}, "datetime": {"datetime": "2021-06-16 15:01:39", "elapsed": 2336.633948, "delta": 2.359474}}
{"target": -19.23289176223175, "params": {"C": 3.7994631411863526, "epsilon": 0.6640201750602361, "gamma": 9.769071502521095, "lamda": 1.9365792654825489}, "datetime": {"datetime": "2021-06-16 15:01:41", "elapsed": 2338.759128, "delta": 2.12518}}
{"target": -98.9653095756061, "params": {"C": 2.7589400334391634, "epsilon": 1.6092316535021978, "gamma": 0.9170735253176111, "lamda": 8.732212742828096}, "datetime": {"datetime": "2021-06-16 15:01:52", "elapsed": 2349.651692, "delta": 10.892564}}
{"target": -19.141923030499264, "params": {"C": 3.747533760694375, "epsilon": 0.8841583332282615, "gamma": 9.849818586314559, "lamda": 1.6054998246783059}, "datetime": {"datetime": "2021-06-16 15:01:53", "elapsed": 2351.50245, "delta": 1.850758}}
{"target": -20.541563401852937, "params": {"C": 9.887407533256638, "epsilon": 3.4225068298750183, "gamma": 8.41794139073713, "lamda": 0.6241430882263475}, "datetime": {"datetime": "2021-06-16 15:01:56", "elapsed": 2353.781325, "delta": 2.278875}}
{"target": -20.62394079403126, "params": {"C": 2.8275775403919954, "epsilon": 0.864134197817162, "gamma": 8.478273005645386, "lamda": 1.2915378632756782}, "datetime": {"datetime": "2021-06-16 15:01:59", "elapsed": 2356.887032, "delta": 3.105707}}
{"target": -18.774465896628048, "params": {"C": 9.888959946564077, "epsilon": 5.630996556795138, "gamma": 8.750037301481797, "lamda": 1.8741570681221957}, "datetime": {"datetime": "2021-06-16 15:02:01", "elapsed": 2358.855533, "delta": 1.968501}}
{"target": -20.917538456356866, "params": {"C": 9.37758066601741, "epsilon": 3.2323261657515827, "gamma": 8.26140181429421, "lamda": 0.5430597101403233}, "datetime": {"datetime": "2021-06-16 15:02:04", "elapsed": 2361.789467, "delta": 2.933934}}
