{"target": -98.85636816019073, "params": {"C": 2.0309111234895822, "epsilon": 0.003439772165378083, "gamma": 0.6527400111861846, "lamda": 6.845947587134744}, "datetime": {"datetime": "2021-06-16 14:51:17", "elapsed": 1715.350752, "delta": 9.88673}}
{"target": -125.68373391811404, "params": {"C": 4.362359325129582, "epsilon": 5.714489621049657, "gamma": 4.122103806598472, "lamda": 2.2944269477882404}, "datetime": {"datetime": "2021-06-16 14:51:27", "elapsed": 1725.032168, "delta": 9.681416}}
{"target": -20.153603094254088, "params": {"C": 8.413496423350432, "epsilon": 6.910686385458406, "gamma": 6.86625964924471, "lamda": 1.816536247012081}, "datetime": {"datetime": "2021-06-16 14:51:28", "elapsed": 1726.116593, "delta": 1.084425}}
{"target": -21.8828387614694, "params": {"C": 6.1997301845289865, "epsilon": 2.073369106208663, "gamma": 7.425516008338275, "lamda": 1.0691123603028867}, "datetime": {"datetime": "2021-06-16 14:51:29", "elapsed": 1727.310038, "delta": 1.193445}}
{"target": -20.90784940526258, "params": {"C": 9.91553233413645, "epsilon": 3.5262737999868397, "gamma": 8.19237264170433, "lamda": 0.6209947670527145}, "datetime": {"datetime": "2021-06-16 14:51:30", "elapsed": 1728.380027, "delta": 1.069989}}
{"target": -273.58103034780606, "params": {"C": 5.496496052868872, "epsilon": 1.2845662404461047, "gamma": 3.543094561002122, "lamda": 0.03988558630302176}, "datetime": {"datetime": "2021-06-16 14:51:32", "elapsed": 1729.613555, "delta": 1.233528}}
{"target": -97.13636140004087, "params": {"C": 5.864245537095291, "epsilon": 4.664344326573018, "gamma": 1.3296941402793345, "lamda": 9.02527471073051}, "datetime": {"datetime": "2021-06-16 14:51:41", "elapsed": 1739.303264, "delta": 9.689709}}
{"target": -19.928243283574105, "params": {"C": 8.384560481807812, "epsilon": 7.090015080572305, "gamma": 6.769283302170934, "lamda": 2.0160688618469673}, "datetime": {"datetime": "2021-06-16 14:51:42", "elapsed": 1740.352224, "delta": 1.04896}}
{"target": -20.83470535517746, "params": {"C": 9.794754900991112, "epsilon": 3.320543890602395, "gamma": 8.255318762810978, "lamda": 0.6450606096020226}, "datetime": {"datetime": "2021-06-16 14:51:43", "elapsed": 1741.385745, "delta": 1.033521}}
{"target": -109.50911006925213, "params": {"C": 5.109128035127543, "epsilon": 6.864453358425124, "gamma": 6.580596354348994, "lamda": 8.492178604511402}, "datetime": {"datetime": "2021-06-16 14:51:53", "elapsed": 1751.120096, "delta": 9.734351}}
{"target": -97.95238400572575, "params": {"C": 6.465087222255377, "epsilon": 0.5528981163858897, "gamma": 1.2185074492853396, "lamda": 8.73351314705533}, "datetime": {"datetime": "2021-06-16 14:52:03", "elapsed": 1760.57601, "delta": 9.455914}}
{"target": -20.168726274594082, "params": {"C": 2.9705011850358187, "epsilon": 0.9749867934441439, "gamma": 8.849483312164498, "lamda": 1.55527919357289}, "datetime": {"datetime": "2021-06-16 14:52:04", "elapsed": 1761.593064, "delta": 1.017054}}
{"target": -19.296566678160122, "params": {"C": 4.216219539060177, "epsilon": 0.5033412550864527, "gamma": 9.780542066387689, "lamda": 1.527679998800109}, "datetime": {"datetime": "2021-06-16 14:52:05", "elapsed": 1762.612517, "delta": 1.019453}}
{"target": -117.71001211878624, "params": {"C": 2.2037701314343052, "epsilon": 5.717222762793015, "gamma": 8.479135765624084, "lamda": 2.6284939062325265}, "datetime": {"datetime": "2021-06-16 14:52:14", "elapsed": 1772.206709, "delta": 9.594192}}
{"target": -21.002730488221044, "params": {"C": 9.937590242273249, "epsilon": 3.19111864988893, "gamma": 8.207987372551823, "lamda": 0.5265470127200635}, "datetime": {"datetime": "2021-06-16 14:52:16", "elapsed": 1773.608066, "delta": 1.401357}}
{"target": -21.853384151106553, "params": {"C": 6.115878640691738, "epsilon": 2.2938010964979076, "gamma": 7.613632458691531, "lamda": 0.5928371013075381}, "datetime": {"datetime": "2021-06-16 14:52:17", "elapsed": 1774.635352, "delta": 1.027286}}
{"target": -13.728304568887314, "params": {"C": 0.088462781111104, "epsilon": 9.898439693801027, "gamma": 7.954331684041862, "lamda": 0.26960140246441355}, "datetime": {"datetime": "2021-06-16 14:52:18", "elapsed": 1775.700618, "delta": 1.065266}}
{"target": -28.329504840948914, "params": {"C": 7.7384447436344255, "epsilon": 0.9757393239871369, "gamma": 5.815554787248789, "lamda": 1.5305269374082102}, "datetime": {"datetime": "2021-06-16 14:52:19", "elapsed": 1776.707983, "delta": 1.007365}}
{"target": -27.161337743446097, "params": {"C": 2.3195678311979004, "epsilon": 3.9003750954201997, "gamma": 5.3870567742837885, "lamda": 0.6919121090850816}, "datetime": {"datetime": "2021-06-16 14:52:20", "elapsed": 1777.935973, "delta": 1.22799}}
{"target": -20.446633130341752, "params": {"C": 2.6332449609484807, "epsilon": 1.018224806397063, "gamma": 8.586190895736246, "lamda": 1.2879183561784966}, "datetime": {"datetime": "2021-06-16 14:52:21", "elapsed": 1779.060731, "delta": 1.124758}}
{"target": -27.488828588345964, "params": {"C": 2.2107053670916135, "epsilon": 3.6443354383654993, "gamma": 5.5542988524541785, "lamda": 0.7654335069305}, "datetime": {"datetime": "2021-06-16 14:52:22", "elapsed": 1780.008977, "delta": 0.948246}}
{"target": -1248.9328709335791, "params": {"C": 4.761258962102835, "epsilon": 7.357577406347779, "gamma": 7.778357807726035, "lamda": 5.496323976001486}, "datetime": {"datetime": "2021-06-16 14:52:31", "elapsed": 1789.464185, "delta": 9.455208}}
{"target": -102.9251818822332, "params": {"C": 4.006512687294492, "epsilon": 1.1016044224990666, "gamma": 9.891352115252987, "lamda": 5.233169208691697}, "datetime": {"datetime": "2021-06-16 14:52:41", "elapsed": 1798.875087, "delta": 9.410902}}
{"target": -11.210265695961692, "params": {"C": 0.0030005223793917873, "epsilon": 9.936800391381881, "gamma": 7.769878702992234, "lamda": 0.160552577294845}, "datetime": {"datetime": "2021-06-16 14:52:42", "elapsed": 1800.213816, "delta": 1.338729}}
{"target": -18.944412780938013, "params": {"C": 9.738878333097286, "epsilon": 5.514697388201085, "gamma": 8.64661671551422, "lamda": 1.706459499042405}, "datetime": {"datetime": "2021-06-16 14:52:43", "elapsed": 1801.316191, "delta": 1.102375}}
{"target": -20.479390565750908, "params": {"C": 8.557301081354279, "epsilon": 6.5977842061594085, "gamma": 6.500912433202557, "lamda": 2.1057324329064997}, "datetime": {"datetime": "2021-06-16 14:52:44", "elapsed": 1802.481799, "delta": 1.165608}}
{"target": -20.336396316301503, "params": {"C": 8.48708965792093, "epsilon": 7.0869887741773905, "gamma": 6.793408743448449, "lamda": 1.705218798287921}, "datetime": {"datetime": "2021-06-16 14:52:46", "elapsed": 1803.683743, "delta": 1.201944}}
{"target": -20.106339359063604, "params": {"C": 7.525299691609886, "epsilon": 8.888808918942, "gamma": 7.14532896218809, "lamda": 1.322047386300752}, "datetime": {"datetime": "2021-06-16 14:52:47", "elapsed": 1804.956031, "delta": 1.272288}}
{"target": -22.062288602483434, "params": {"C": 5.54197824872172, "epsilon": 1.653439295609498, "gamma": 5.832879560591993, "lamda": 6.70794296195923}, "datetime": {"datetime": "2021-06-16 14:52:48", "elapsed": 1806.07374, "delta": 1.117709}}
{"target": -19.646548409668153, "params": {"C": 8.281754570495048, "epsilon": 6.9724384450923145, "gamma": 6.775558785098569, "lamda": 2.2839952420380736}, "datetime": {"datetime": "2021-06-16 14:52:49", "elapsed": 1807.192724, "delta": 1.118984}}
{"target": -19.590167814420585, "params": {"C": 7.435683506224956, "epsilon": 9.294800835418098, "gamma": 7.327402720237031, "lamda": 1.3092592965707108}, "datetime": {"datetime": "2021-06-16 14:52:50", "elapsed": 1808.337417, "delta": 1.144693}}
{"target": -31.98243017248942, "params": {"C": 1.9306983484239746, "epsilon": 4.121396591598727, "gamma": 5.139786386925303, "lamda": 0.5502507316385105}, "datetime": {"datetime": "2021-06-16 14:52:52", "elapsed": 1809.646486, "delta": 1.309069}}
{"target": -112.97047449094613, "params": {"C": 5.834803528228819, "epsilon": 1.6649203560626311, "gamma": 2.094964975123484, "lamda": 8.6066823383498}, "datetime": {"datetime": "2021-06-16 14:53:01", "elapsed": 1819.168686, "delta": 9.5222}}
{"target": -19.009450992120733, "params": {"C": 2.8109981005779185, "epsilon": 8.700440746413012, "gamma": 9.964372483227205, "lamda": 5.986153912090846}, "datetime": {"datetime": "2021-06-16 14:53:02", "elapsed": 1820.199924, "delta": 1.031238}}
{"target": -18.844990416551994, "params": {"C": 9.503822974887681, "epsilon": 5.631812764189793, "gamma": 8.738915536752623, "lamda": 1.7862595749771062}, "datetime": {"datetime": "2021-06-16 14:53:03", "elapsed": 1821.330456, "delta": 1.130532}}
{"target": -15.499168467214709, "params": {"C": 0.1138465922724927, "epsilon": 9.45139235190141, "gamma": 8.392058680315083, "lamda": 0.1681348814141896}, "datetime": {"datetime": "2021-06-16 14:53:05", "elapsed": 1822.649534, "delta": 1.319078}}
{"target": -21.689746620292944, "params": {"C": 6.158463852329356, "epsilon": 2.250090862450215, "gamma": 7.472994259998756, "lamda": 0.7788865535630141}, "datetime": {"datetime": "2021-06-16 14:53:06", "elapsed": 1824.02189, "delta": 1.372356}}
{"target": -18.729719352405965, "params": {"C": 9.739474006991324, "epsilon": 5.62796604992233, "gamma": 8.794664093609383, "lamda": 1.9033482068538154}, "datetime": {"datetime": "2021-06-16 14:53:07", "elapsed": 1825.424993, "delta": 1.403103}}
{"target": -18.754028183490508, "params": {"C": 9.688378400846048, "epsilon": 5.634398976292688, "gamma": 8.868266597512143, "lamda": 1.8614780279051468}, "datetime": {"datetime": "2021-06-16 14:53:09", "elapsed": 1826.928363, "delta": 1.50337}}
{"target": -19.787277655285905, "params": {"C": 3.0001579221164802, "epsilon": 0.715269820988687, "gamma": 8.920346355753894, "lamda": 1.2785574530978199}, "datetime": {"datetime": "2021-06-16 14:53:11", "elapsed": 1828.661341, "delta": 1.732978}}
{"target": -20.058815986851478, "params": {"C": 5.955503401284887, "epsilon": 3.6072079513856043, "gamma": 5.711952938560802, "lamda": 7.548111661168484}, "datetime": {"datetime": "2021-06-16 14:53:12", "elapsed": 1829.663265, "delta": 1.001924}}
{"target": -19.286679674487438, "params": {"C": 3.46984887669197, "epsilon": 0.7509749671759149, "gamma": 9.671585878281075, "lamda": 1.852460522050933}, "datetime": {"datetime": "2021-06-16 14:53:13", "elapsed": 1830.920158, "delta": 1.256893}}
{"target": -20.657237138475615, "params": {"C": 9.790546038560647, "epsilon": 3.1740528377737682, "gamma": 8.346941949686533, "lamda": 0.7562969334413363}, "datetime": {"datetime": "2021-06-16 14:53:14", "elapsed": 1832.482912, "delta": 1.562754}}
{"target": -21.55662475014078, "params": {"C": 6.301219561865737, "epsilon": 2.00899538074672, "gamma": 7.525784053449988, "lamda": 1.0286541710657542}, "datetime": {"datetime": "2021-06-16 14:53:16", "elapsed": 1833.874999, "delta": 1.392087}}
{"target": -103.05307439062491, "params": {"C": 9.124786073861038, "epsilon": 4.55339058892938, "gamma": 4.165787337795462, "lamda": 3.2813352450699753}, "datetime": {"datetime": "2021-06-16 14:53:25", "elapsed": 1843.197003, "delta": 9.322004}}
{"target": -20.13734982001982, "params": {"C": 7.98316317034883, "epsilon": 8.964152154427506, "gamma": 7.017511951828403, "lamda": 1.3641317338237067}, "datetime": {"datetime": "2021-06-16 14:53:27", "elapsed": 1844.670486, "delta": 1.473483}}
{"target": -21.126602736044937, "params": {"C": 8.49133179787297, "epsilon": 6.534642270869967, "gamma": 6.40252349557018, "lamda": 2.1438125638238725}, "datetime": {"datetime": "2021-06-16 14:53:28", "elapsed": 1845.874774, "delta": 1.204288}}
{"target": -21.014871214239626, "params": {"C": 9.597473274654769, "epsilon": 3.3288386979415456, "gamma": 8.231947913307916, "lamda": 0.45780432430485785}, "datetime": {"datetime": "2021-06-16 14:53:29", "elapsed": 1847.241713, "delta": 1.366939}}
{"target": -121.2627360218386, "params": {"C": 7.193817129753845, "epsilon": 2.7178811182967166, "gamma": 3.8672177370280694, "lamda": 8.81525088314161}, "datetime": {"datetime": "2021-06-16 14:53:39", "elapsed": 1856.885377, "delta": 9.643664}}
{"target": -109.85162667207058, "params": {"C": 0.7713643399074086, "epsilon": 1.5853678540121325, "gamma": 1.8603158231294654, "lamda": 3.6852844151707016}, "datetime": {"datetime": "2021-06-16 14:53:49", "elapsed": 1866.609717, "delta": 9.72434}}
{"target": -18.781857204610027, "params": {"C": 9.54389818236869, "epsilon": 5.708011740831801, "gamma": 8.733610713556615, "lamda": 1.8438504938896005}, "datetime": {"datetime": "2021-06-16 14:53:50", "elapsed": 1868.044386, "delta": 1.434669}}
{"target": -14.726402334778745, "params": {"C": 0.1224062083638612, "epsilon": 9.880027873264678, "gamma": 7.762244022556396, "lamda": 0.29888738908160073}, "datetime": {"datetime": "2021-06-16 14:53:51", "elapsed": 1869.196962, "delta": 1.152576}}
{"target": -21.62593672295107, "params": {"C": 6.3246479610503314, "epsilon": 2.1927288955767144, "gamma": 7.471824293118252, "lamda": 0.9020905560446127}, "datetime": {"datetime": "2021-06-16 14:53:52", "elapsed": 1870.404881, "delta": 1.207919}}
{"target": -106.05893358180994, "params": {"C": 4.133358401573698, "epsilon": 7.3528555021161095, "gamma": 0.1335871403355303, "lamda": 3.0404303640618724}, "datetime": {"datetime": "2021-06-16 14:54:02", "elapsed": 1880.092817, "delta": 9.687936}}
{"target": -101.86755754076327, "params": {"C": 3.41629177270014, "epsilon": 6.6136005785396526, "gamma": 2.233239470631868, "lamda": 1.320685675130035}, "datetime": {"datetime": "2021-06-16 14:54:09", "elapsed": 1886.651193, "delta": 6.558376}}
{"target": -25.976195974085105, "params": {"C": 2.4048142107811574, "epsilon": 3.551731756536746, "gamma": 5.441346747946842, "lamda": 0.9093124236589947}, "datetime": {"datetime": "2021-06-16 14:54:10", "elapsed": 1887.845433, "delta": 1.19424}}
{"target": -107.91615951181817, "params": {"C": 2.8518923246994907, "epsilon": 4.524648744677859, "gamma": 5.270493010254398, "lamda": 9.49426909311616}, "datetime": {"datetime": "2021-06-16 14:54:20", "elapsed": 1897.706366, "delta": 9.860933}}
{"target": -19.969932358000786, "params": {"C": 7.831267801651389, "epsilon": 9.108937772811224, "gamma": 7.120354594910275, "lamda": 1.3768612079341698}, "datetime": {"datetime": "2021-06-16 14:54:21", "elapsed": 1899.125719, "delta": 1.419353}}
{"target": -21.246912406928697, "params": {"C": 9.565221652511113, "epsilon": 3.568259025527653, "gamma": 7.977951744888757, "lamda": 0.6661987362564306}, "datetime": {"datetime": "2021-06-16 14:54:22", "elapsed": 1900.403831, "delta": 1.278112}}
{"target": -22.01284075934678, "params": {"C": 6.134475157646198, "epsilon": 2.1911107215376124, "gamma": 7.425084269643037, "lamda": 0.8186846192260443}, "datetime": {"datetime": "2021-06-16 14:54:24", "elapsed": 1901.984939, "delta": 1.581108}}
{"target": -122.89562968396311, "params": {"C": 0.32555332412987176, "epsilon": 3.6743061555217245, "gamma": 6.5366894528680115, "lamda": 7.982499258981623}, "datetime": {"datetime": "2021-06-16 14:54:39", "elapsed": 1917.136929, "delta": 15.15199}}
{"target": -18.293624283019664, "params": {"C": 9.706924983651914, "epsilon": 5.691765126271632, "gamma": 8.928739477153659, "lamda": 2.045968116866009}, "datetime": {"datetime": "2021-06-16 14:54:40", "elapsed": 1918.517903, "delta": 1.380974}}
{"target": -106.7235208564654, "params": {"C": 8.28242372488218, "epsilon": 6.8385697038177335, "gamma": 6.918225013611473, "lamda": 2.2119589297745184}, "datetime": {"datetime": "2021-06-16 14:54:50", "elapsed": 1928.539064, "delta": 10.021161}}
{"target": -19.19205995780687, "params": {"C": 5.594581064767038, "epsilon": 3.742396253746914, "gamma": 5.785027487916697, "lamda": 7.2501507311431075}, "datetime": {"datetime": "2021-06-16 14:54:52", "elapsed": 1929.94214, "delta": 1.403076}}
{"target": -30.286450210365622, "params": {"C": 1.9671618197656664, "epsilon": 3.787282294165268, "gamma": 5.348680124747137, "lamda": 0.9216782388874064}, "datetime": {"datetime": "2021-06-16 14:54:54", "elapsed": 1931.748077, "delta": 1.805937}}
{"target": -45.066498694415095, "params": {"C": 5.286276141978792, "epsilon": 1.4465274171619265, "gamma": 3.8571044457798638, "lamda": 0.2859609109313124}, "datetime": {"datetime": "2021-06-16 14:54:55", "elapsed": 1933.089576, "delta": 1.341499}}
{"target": -20.273882277040528, "params": {"C": 3.034464171496782, "epsilon": 1.0414026959406912, "gamma": 8.672659695426065, "lamda": 1.220753045046743}, "datetime": {"datetime": "2021-06-16 14:54:57", "elapsed": 1935.072526, "delta": 1.98295}}
{"target": -19.38170735925261, "params": {"C": 3.988228052251293, "epsilon": 0.7335503525030063, "gamma": 9.585374086320764, "lamda": 1.529482318776559}, "datetime": {"datetime": "2021-06-16 14:54:59", "elapsed": 1936.710663, "delta": 1.638137}}
{"target": -19.762414990901355, "params": {"C": 8.522907412389364, "epsilon": 6.7713418953755085, "gamma": 7.055931705371662, "lamda": 2.0172054734452214}, "datetime": {"datetime": "2021-06-16 14:55:00", "elapsed": 1938.409806, "delta": 1.699143}}
{"target": -18.692437851513148, "params": {"C": 9.519499700830025, "epsilon": 5.755548442066498, "gamma": 9.124313031252262, "lamda": 1.479554926145789}, "datetime": {"datetime": "2021-06-16 14:55:02", "elapsed": 1940.423664, "delta": 2.013858}}
{"target": -20.930077941600185, "params": {"C": 9.493806678658087, "epsilon": 3.4073754069954276, "gamma": 8.273347726543383, "lamda": 0.4881868940909643}, "datetime": {"datetime": "2021-06-16 14:55:04", "elapsed": 1941.952422, "delta": 1.528758}}
{"target": -21.64282168892455, "params": {"C": 6.681801222700154, "epsilon": 1.9290069895908712, "gamma": 7.586723671280054, "lamda": 0.8102284883769251}, "datetime": {"datetime": "2021-06-16 14:55:06", "elapsed": 1943.659674, "delta": 1.707252}}
{"target": -20.29902042666198, "params": {"C": 9.714435964843165, "epsilon": 3.7259684038277836, "gamma": 8.42159574054103, "lamda": 0.8753273038190118}, "datetime": {"datetime": "2021-06-16 14:55:07", "elapsed": 1945.556993, "delta": 1.897319}}
{"target": -20.49218150049483, "params": {"C": 2.693228446699851, "epsilon": 0.9291210065924489, "gamma": 8.59983648672745, "lamda": 1.094525497889423}, "datetime": {"datetime": "2021-06-16 14:55:09", "elapsed": 1946.814358, "delta": 1.257365}}
{"target": -20.187753868221726, "params": {"C": 3.1632186938679143, "epsilon": 0.7578672689926209, "gamma": 9.051987375176685, "lamda": 1.261358820861421}, "datetime": {"datetime": "2021-06-16 14:55:10", "elapsed": 1948.369192, "delta": 1.554834}}
{"target": -19.4450339383081, "params": {"C": 6.026045741723616, "epsilon": 3.6619707253400957, "gamma": 5.650157297997096, "lamda": 7.680421590684669}, "datetime": {"datetime": "2021-06-16 14:55:12", "elapsed": 1950.120562, "delta": 1.75137}}
{"target": -106.38466654426857, "params": {"C": 2.541614140965925, "epsilon": 1.8589984213563056, "gamma": 7.4466798670073855, "lamda": 6.96327664329905}, "datetime": {"datetime": "2021-06-16 14:55:22", "elapsed": 1960.239548, "delta": 10.118986}}
{"target": -111.36076092979319, "params": {"C": 0.866885339793103, "epsilon": 7.697363602390927, "gamma": 0.938245187589028, "lamda": 4.568036898441548}, "datetime": {"datetime": "2021-06-16 14:55:32", "elapsed": 1970.247953, "delta": 10.008405}}
{"target": -20.337747130142418, "params": {"C": 8.549514228358717, "epsilon": 6.481587581115893, "gamma": 6.580412273379248, "lamda": 2.0669721362084688}, "datetime": {"datetime": "2021-06-16 14:55:34", "elapsed": 1971.951793, "delta": 1.70384}}
{"target": -19.28442968417987, "params": {"C": 3.4808953047772664, "epsilon": 0.7290116469923266, "gamma": 9.713076799272917, "lamda": 1.6314772396420456}, "datetime": {"datetime": "2021-06-16 14:55:35", "elapsed": 1973.213086, "delta": 1.261293}}
{"target": -19.824480535396994, "params": {"C": 6.117887078329497, "epsilon": 3.472682277315753, "gamma": 5.737880751157837, "lamda": 7.493811375360809}, "datetime": {"datetime": "2021-06-16 14:55:37", "elapsed": 1975.149033, "delta": 1.935947}}
{"target": -20.529897825825405, "params": {"C": 7.518750627249235, "epsilon": 8.944999181879023, "gamma": 6.929116010599853, "lamda": 1.1996862203586514}, "datetime": {"datetime": "2021-06-16 14:55:39", "elapsed": 1977.307407, "delta": 2.158374}}
{"target": -19.579716553991233, "params": {"C": 5.597860854432757, "epsilon": 3.7419283416899964, "gamma": 5.7800469317809275, "lamda": 7.259194083565489}, "datetime": {"datetime": "2021-06-16 14:55:41", "elapsed": 1978.672393, "delta": 1.364986}}
{"target": -103.12337821858712, "params": {"C": 2.053118470155826, "epsilon": 4.5839750094844405, "gamma": 9.884603020766075, "lamda": 9.374847904805474}, "datetime": {"datetime": "2021-06-16 14:55:55", "elapsed": 1993.239617, "delta": 14.567224}}
{"target": -19.061313638898856, "params": {"C": 8.897789018495084, "epsilon": 5.78075426750612, "gamma": 8.58338889703959, "lamda": 1.6478202267866946}, "datetime": {"datetime": "2021-06-16 14:55:57", "elapsed": 1995.145119, "delta": 1.905502}}
{"target": -19.114872597715127, "params": {"C": 8.970572387053856, "epsilon": 5.744920751104835, "gamma": 8.52682997960457, "lamda": 1.6481152506260623}, "datetime": {"datetime": "2021-06-16 14:55:59", "elapsed": 1996.896164, "delta": 1.751045}}
{"target": -22.804245798296648, "params": {"C": 5.796981937632436, "epsilon": 1.5181628914930303, "gamma": 5.860394470412918, "lamda": 6.910270344661173}, "datetime": {"datetime": "2021-06-16 14:56:00", "elapsed": 1998.486223, "delta": 1.590059}}
{"target": -21.5008391939109, "params": {"C": 9.609205560648858, "epsilon": 3.526227735923381, "gamma": 7.976610802190747, "lamda": 0.4093836427616515}, "datetime": {"datetime": "2021-06-16 14:56:02", "elapsed": 1999.775549, "delta": 1.289326}}
{"target": -135.4600787092669, "params": {"C": 3.1402943305204585, "epsilon": 5.5271389582436425, "gamma": 5.328469556252691, "lamda": 5.725676140355201}, "datetime": {"datetime": "2021-06-16 14:56:12", "elapsed": 2009.665709, "delta": 9.89016}}
