{"target": -18.587504532780034, "params": {"C": 5.735043343199576, "epsilon": 9.494708999388322, "gamma": 9.401863483584922, "lamda": 0.9642769672493361}, "datetime": {"datetime": "2021-06-16 15:24:30", "elapsed": 3707.876354, "delta": 4.131909}}
{"target": -105.76518183483603, "params": {"C": 9.627690860428336, "epsilon": 5.631626441411963, "gamma": 8.833661953075946, "lamda": 1.8595877247738792}, "datetime": {"datetime": "2021-06-16 15:24:43", "elapsed": 3720.681339, "delta": 12.804985}}
{"target": -29.397991626223856, "params": {"C": 6.161769074845612, "epsilon": 3.457124750492181, "gamma": 5.692732847448965, "lamda": 1.6023621700523538}, "datetime": {"datetime": "2021-06-16 15:24:46", "elapsed": 3723.836411, "delta": 3.155072}}
{"target": -19.332927311723953, "params": {"C": 3.8854802369300088, "epsilon": 0.6138188608510152, "gamma": 9.693156506439497, "lamda": 1.556341268074938}, "datetime": {"datetime": "2021-06-16 15:24:50", "elapsed": 3728.366947, "delta": 4.530536}}
{"target": -20.49541817916996, "params": {"C": 9.808417691299715, "epsilon": 3.1607066015953103, "gamma": 8.379098530489964, "lamda": 0.798351066956198}, "datetime": {"datetime": "2021-06-16 15:24:54", "elapsed": 3732.009021, "delta": 3.642074}}
{"target": -116.80646370274572, "params": {"C": 1.0101331880272872, "epsilon": 9.153906749565591, "gamma": 3.978397793329937, "lamda": 4.867990476094299}, "datetime": {"datetime": "2021-06-16 15:25:10", "elapsed": 3747.779594, "delta": 15.770573}}
{"target": -20.177576140966046, "params": {"C": 8.56543974386524, "epsilon": 6.722172068748679, "gamma": 6.698851672768212, "lamda": 1.9828015978169629}, "datetime": {"datetime": "2021-06-16 15:25:14", "elapsed": 3751.652533, "delta": 3.872939}}
{"target": -112.1482742470895, "params": {"C": 2.362572160534911, "epsilon": 9.363969245587326, "gamma": 8.865809449257918, "lamda": 6.058549372298682}, "datetime": {"datetime": "2021-06-16 15:25:29", "elapsed": 3767.527383, "delta": 15.87485}}
{"target": -107.01938674337353, "params": {"C": 6.4734712865067054, "epsilon": 2.0083517222207203, "gamma": 7.966914538126194, "lamda": 7.5456034178924325}, "datetime": {"datetime": "2021-06-16 15:25:41", "elapsed": 3779.234673, "delta": 11.70729}}
{"target": -102.07206419732593, "params": {"C": 1.2269293143901006, "epsilon": 2.560061780281787, "gamma": 1.9353313160622907, "lamda": 6.27085713724199}, "datetime": {"datetime": "2021-06-16 15:25:53", "elapsed": 3790.977058, "delta": 11.742385}}
{"target": -19.111617698717705, "params": {"C": 9.114426019516094, "epsilon": 5.901387820424419, "gamma": 8.33289341587879, "lamda": 1.8714061461347327}, "datetime": {"datetime": "2021-06-16 15:26:00", "elapsed": 3798.319212, "delta": 7.342154}}
{"target": -32.788025956497194, "params": {"C": 2.1330303582490244, "epsilon": 3.7264369283144507, "gamma": 5.733621031488713, "lamda": 0.6466657366250198}, "datetime": {"datetime": "2021-06-16 15:26:06", "elapsed": 3804.205218, "delta": 5.886006}}
{"target": -21.88357592311662, "params": {"C": 6.173674679571594, "epsilon": 2.2204405273831607, "gamma": 7.600151626561286, "lamda": 0.5569690863803242}, "datetime": {"datetime": "2021-06-16 15:26:12", "elapsed": 3810.308023, "delta": 6.102805}}
{"target": -21.96873192181977, "params": {"C": 2.6300975454570703, "epsilon": 5.253569849456821, "gamma": 7.391360986178854, "lamda": 0.25196494366815625}, "datetime": {"datetime": "2021-06-16 15:26:16", "elapsed": 3813.843235, "delta": 3.535212}}
{"target": -26.370982721514757, "params": {"C": 1.9254545756749786, "epsilon": 3.4279786788068365, "gamma": 5.243372340035178, "lamda": 0.7939227364671633}, "datetime": {"datetime": "2021-06-16 15:26:20", "elapsed": 3817.913339, "delta": 4.070104}}
{"target": -20.80770884506244, "params": {"C": 2.9514378325169877, "epsilon": 5.668638588306489, "gamma": 6.293443118725938, "lamda": 2.4947705616826155}, "datetime": {"datetime": "2021-06-16 15:26:25", "elapsed": 3822.65052, "delta": 4.737181}}
{"target": -99.87602290198784, "params": {"C": 4.641144765218572, "epsilon": 9.206606276004639, "gamma": 1.5288658822356826, "lamda": 4.967416945334963}, "datetime": {"datetime": "2021-06-16 15:26:37", "elapsed": 3834.598628, "delta": 11.948108}}
{"target": -19.267809341501955, "params": {"C": 9.17990633204692, "epsilon": 5.510287445482665, "gamma": 8.850439780192211, "lamda": 1.2796357770678828}, "datetime": {"datetime": "2021-06-16 15:26:43", "elapsed": 3840.672354, "delta": 6.073726}}
{"target": -28.00834554625015, "params": {"C": 2.1496439002426766, "epsilon": 3.796158957831511, "gamma": 5.498426906193741, "lamda": 0.5518032209667991}, "datetime": {"datetime": "2021-06-16 15:26:47", "elapsed": 3844.617696, "delta": 3.945342}}
{"target": -20.485303067731955, "params": {"C": 2.950767474022489, "epsilon": 0.8550750697177008, "gamma": 8.531976878781641, "lamda": 1.6660712415403582}, "datetime": {"datetime": "2021-06-16 15:26:51", "elapsed": 3849.151748, "delta": 4.534052}}
{"target": -19.391875581658894, "params": {"C": 4.029063024101509, "epsilon": 0.6344680794012214, "gamma": 9.599682716740887, "lamda": 1.4690922425564574}, "datetime": {"datetime": "2021-06-16 15:26:55", "elapsed": 3853.454158, "delta": 4.30241}}
{"target": -30.299865921869575, "params": {"C": 1.863131519483725, "epsilon": 3.4810789538486175, "gamma": 5.129181354776603, "lamda": 1.0328484884691693}, "datetime": {"datetime": "2021-06-16 15:27:01", "elapsed": 3858.631322, "delta": 5.177164}}
{"target": -20.198687169529368, "params": {"C": 8.158368327650662, "epsilon": 6.919012533646332, "gamma": 6.553500021355838, "lamda": 2.2013699819293877}, "datetime": {"datetime": "2021-06-16 15:27:05", "elapsed": 3863.255858, "delta": 4.624536}}
{"target": -112.1089045934405, "params": {"C": 1.8849083384521534, "epsilon": 3.535868749913303, "gamma": 5.158776832516343, "lamda": 0.9781521476207304}, "datetime": {"datetime": "2021-06-16 15:27:17", "elapsed": 3875.255182, "delta": 11.999324}}
{"target": -18.770798610781313, "params": {"C": 9.516764682324636, "epsilon": 5.792235254289311, "gamma": 8.898488029274016, "lamda": 1.6710272203958887}, "datetime": {"datetime": "2021-06-16 15:27:22", "elapsed": 3879.619176, "delta": 4.363994}}
{"target": -21.71658721171955, "params": {"C": 6.28022477770022, "epsilon": 1.9307239211161964, "gamma": 7.508406043135179, "lamda": 0.7883198304836772}, "datetime": {"datetime": "2021-06-16 15:27:26", "elapsed": 3883.578149, "delta": 3.958973}}
{"target": -19.25674970634465, "params": {"C": 3.8014927028346004, "epsilon": 1.0415980314251796, "gamma": 9.648799010209025, "lamda": 1.446351362046303}, "datetime": {"datetime": "2021-06-16 15:27:31", "elapsed": 3889.510455, "delta": 5.932306}}
{"target": -20.14930751708948, "params": {"C": 3.0689250459560147, "epsilon": 0.9938069780843871, "gamma": 8.851440286851437, "lamda": 1.620453794433315}, "datetime": {"datetime": "2021-06-16 15:27:40", "elapsed": 3897.633612, "delta": 8.123157}}
{"target": -19.672342194862495, "params": {"C": 7.548019815264243, "epsilon": 9.464526237663499, "gamma": 7.367811451339239, "lamda": 1.2201515171489594}, "datetime": {"datetime": "2021-06-16 15:27:44", "elapsed": 3901.686954, "delta": 4.053342}}
{"target": -20.842693173337622, "params": {"C": 9.862352334251435, "epsilon": 3.3446007963223665, "gamma": 8.36200587846654, "lamda": 0.46348496286774155}, "datetime": {"datetime": "2021-06-16 15:27:49", "elapsed": 3907.54489, "delta": 5.857936}}
{"target": -29.541525865842537, "params": {"C": 6.153223482350127, "epsilon": 3.5267467532721004, "gamma": 5.723423183924699, "lamda": 1.4982819597286132}, "datetime": {"datetime": "2021-06-16 15:27:54", "elapsed": 3912.140463, "delta": 4.595573}}
{"target": -18.06122774938862, "params": {"C": 6.968148166094546, "epsilon": 6.707099626088912, "gamma": 9.63550597719176, "lamda": 1.859474120803355}, "datetime": {"datetime": "2021-06-16 15:28:02", "elapsed": 3919.941417, "delta": 7.800954}}
{"target": -100.76387706037968, "params": {"C": 8.201203309935606, "epsilon": 1.061369700594807, "gamma": 5.915050417826435, "lamda": 3.0648144215277764}, "datetime": {"datetime": "2021-06-16 15:28:14", "elapsed": 3931.928256, "delta": 11.986839}}
{"target": -26.543707869781812, "params": {"C": 6.637930545009843, "epsilon": 5.05098401563185, "gamma": 4.1775604392694925, "lamda": 3.5154462451393798}, "datetime": {"datetime": "2021-06-16 15:28:17", "elapsed": 3935.242868, "delta": 3.314612}}
{"target": -21.801310783046667, "params": {"C": 4.418825898972458, "epsilon": 1.7146273322130734, "gamma": 5.815492151729762, "lamda": 7.770248803231046}, "datetime": {"datetime": "2021-06-16 15:28:20", "elapsed": 3938.539274, "delta": 3.296406}}
{"target": -20.242423629631976, "params": {"C": 7.79062464550212, "epsilon": 9.02873500611201, "gamma": 7.16003243158459, "lamda": 1.1235702433690447}, "datetime": {"datetime": "2021-06-16 15:28:25", "elapsed": 3943.159366, "delta": 4.620092}}
{"target": -21.92163864256646, "params": {"C": 6.575974023773225, "epsilon": 1.8026736933580978, "gamma": 7.38004746949443, "lamda": 0.5665932943536534}, "datetime": {"datetime": "2021-06-16 15:28:29", "elapsed": 3947.20591, "delta": 4.046544}}
{"target": -26.435766382011234, "params": {"C": 1.796981953076045, "epsilon": 4.25956079783332, "gamma": 5.417411239037803, "lamda": 0.7194224198849871}, "datetime": {"datetime": "2021-06-16 15:28:37", "elapsed": 3955.053946, "delta": 7.848036}}
{"target": -20.36785412970044, "params": {"C": 9.733692524019387, "epsilon": 3.2661932359526507, "gamma": 8.527928311379927, "lamda": 0.6993733890357826}, "datetime": {"datetime": "2021-06-16 15:28:44", "elapsed": 3962.228554, "delta": 7.174608}}
{"target": -19.183807370416584, "params": {"C": 8.99728625787519, "epsilon": 5.732824592928965, "gamma": 8.45157645847952, "lamda": 1.6433167778761015}, "datetime": {"datetime": "2021-06-16 15:28:49", "elapsed": 3967.208348, "delta": 4.979794}}
{"target": -20.868563899699886, "params": {"C": 8.464732673391538, "epsilon": 6.396599220643496, "gamma": 6.386387258715703, "lamda": 2.2969799255398597}, "datetime": {"datetime": "2021-06-16 15:28:56", "elapsed": 3973.946035, "delta": 6.737687}}
{"target": -18.641690670220637, "params": {"C": 9.768404573414347, "epsilon": 5.926540624377571, "gamma": 8.626850566742734, "lamda": 2.0673019866052442}, "datetime": {"datetime": "2021-06-16 15:28:59", "elapsed": 3977.497936, "delta": 3.551901}}
{"target": -23.255943079246975, "params": {"C": 5.749917574086078, "epsilon": 1.2191500290523702, "gamma": 5.880028771393392, "lamda": 6.929749567204514}, "datetime": {"datetime": "2021-06-16 15:29:06", "elapsed": 3983.716099, "delta": 6.218163}}
{"target": -18.907146925508947, "params": {"C": 9.604187691774191, "epsilon": 5.726550286911963, "gamma": 8.548023346689712, "lamda": 1.8735708901609014}, "datetime": {"datetime": "2021-06-16 15:29:10", "elapsed": 3988.410882, "delta": 4.694783}}
{"target": -131.18762873820967, "params": {"C": 4.250029504711116, "epsilon": 4.0837598183985016, "gamma": 9.937381501233808, "lamda": 3.182648932358096}, "datetime": {"datetime": "2021-06-16 15:29:23", "elapsed": 4000.629903, "delta": 12.219021}}
{"target": -100.28632319042971, "params": {"C": 9.762655918834154, "epsilon": 7.211409191134226, "gamma": 1.1111278458961242, "lamda": 8.956763510665343}, "datetime": {"datetime": "2021-06-16 15:29:35", "elapsed": 4012.647808, "delta": 12.017905}}
{"target": -22.130584792389854, "params": {"C": 2.1322103888420605, "epsilon": 5.120765463109497, "gamma": 7.613651141072153, "lamda": 0.173520856899506}, "datetime": {"datetime": "2021-06-16 15:29:40", "elapsed": 4017.672797, "delta": 5.024989}}
{"target": -21.450902456290294, "params": {"C": 6.487368138996933, "epsilon": 2.2737516780909806, "gamma": 7.528661500258275, "lamda": 1.0941323543174288}, "datetime": {"datetime": "2021-06-16 15:29:44", "elapsed": 4022.106708, "delta": 4.433911}}
{"target": -99.62687103640701, "params": {"C": 7.5379271762082265, "epsilon": 1.273413224255466, "gamma": 1.5863099339476172, "lamda": 4.902740071210707}, "datetime": {"datetime": "2021-06-16 15:29:56", "elapsed": 4034.453256, "delta": 12.346548}}
{"target": -98.45563643619624, "params": {"C": 8.03332930483972, "epsilon": 3.3191051160820697, "gamma": 1.6518403974703102, "lamda": 1.2494347515433115}, "datetime": {"datetime": "2021-06-16 15:30:05", "elapsed": 4043.23414, "delta": 8.780884}}
{"target": -105.64849450125251, "params": {"C": 2.209649321524617, "epsilon": 6.474075405765492, "gamma": 0.3550253812220505, "lamda": 7.775827276059312}, "datetime": {"datetime": "2021-06-16 15:30:17", "elapsed": 4054.957223, "delta": 11.723083}}
{"target": -20.407348618380816, "params": {"C": 7.318900883322729, "epsilon": 8.94549754848265, "gamma": 6.898537910161464, "lamda": 1.2749861326984162}, "datetime": {"datetime": "2021-06-16 15:30:21", "elapsed": 4059.275531, "delta": 4.318308}}
{"target": -21.650263968495324, "params": {"C": 2.3381793116496636, "epsilon": 5.490494110706809, "gamma": 7.998503827842451, "lamda": 0.2022345475640179}, "datetime": {"datetime": "2021-06-16 15:30:30", "elapsed": 4067.623139, "delta": 8.347608}}
{"target": -21.18176589235755, "params": {"C": 8.482326889353018, "epsilon": 6.261397712393332, "gamma": 6.393862314573655, "lamda": 2.1744734964600694}, "datetime": {"datetime": "2021-06-16 15:30:38", "elapsed": 4076.048215, "delta": 8.425076}}
{"target": -105.06684295304491, "params": {"C": 7.955028057001348, "epsilon": 0.48081131861831, "gamma": 9.786202410833836, "lamda": 5.705420707613499}, "datetime": {"datetime": "2021-06-16 15:30:50", "elapsed": 4087.956457, "delta": 11.908242}}
{"target": -19.723660635116122, "params": {"C": 7.569022811353364, "epsilon": 9.27323168943028, "gamma": 7.088950653825287, "lamda": 1.5044457320802493}, "datetime": {"datetime": "2021-06-16 15:30:56", "elapsed": 4094.062067, "delta": 6.10561}}
{"target": -21.40728409719081, "params": {"C": 2.340329545393654, "epsilon": 4.971818926345702, "gamma": 8.183411447685945, "lamda": 0.09013929628117862}, "datetime": {"datetime": "2021-06-16 15:31:03", "elapsed": 4101.330987, "delta": 7.26892}}
{"target": -18.418666211124883, "params": {"C": 6.867054364699629, "epsilon": 5.104206785850588, "gamma": 5.305310413752223, "lamda": 9.499328721710624}, "datetime": {"datetime": "2021-06-16 15:31:08", "elapsed": 4106.385632, "delta": 5.054645}}
{"target": -101.25965802360494, "params": {"C": 6.793868604693474, "epsilon": 5.151159266044728, "gamma": 5.0277946611614865, "lamda": 9.354620807981226}, "datetime": {"datetime": "2021-06-16 15:31:24", "elapsed": 4121.68514, "delta": 15.299508}}
{"target": -20.54086046382185, "params": {"C": 9.758229458625923, "epsilon": 3.412404358757647, "gamma": 8.453632720559048, "lamda": 0.5680246301160182}, "datetime": {"datetime": "2021-06-16 15:31:31", "elapsed": 4129.093748, "delta": 7.408608}}
{"target": -21.76894153036364, "params": {"C": 2.625573810033956, "epsilon": 5.303282205112654, "gamma": 7.384323583645366, "lamda": 0.37234714932452456}, "datetime": {"datetime": "2021-06-16 15:31:36", "elapsed": 4133.801402, "delta": 4.707654}}
{"target": -18.59939608702614, "params": {"C": 9.157328828401496, "epsilon": 5.735612278480572, "gamma": 9.07040318321717, "lamda": 1.6925287214890379}, "datetime": {"datetime": "2021-06-16 15:31:43", "elapsed": 4140.762748, "delta": 6.961346}}
{"target": -19.326613622657987, "params": {"C": 3.4223831685741493, "epsilon": 0.7404727928941085, "gamma": 9.626840667900638, "lamda": 1.5704234278066311}, "datetime": {"datetime": "2021-06-16 15:31:47", "elapsed": 4145.269756, "delta": 4.507008}}
{"target": -115.76989431790949, "params": {"C": 5.366763426185123, "epsilon": 3.4016029490329345, "gamma": 5.009964509393716, "lamda": 3.2477424656885483}, "datetime": {"datetime": "2021-06-16 15:31:59", "elapsed": 4157.253737, "delta": 11.983981}}
{"target": -19.581141943575243, "params": {"C": 5.767824691999614, "epsilon": 3.716255874235289, "gamma": 5.751067892720538, "lamda": 7.239842511164081}, "datetime": {"datetime": "2021-06-16 15:32:07", "elapsed": 4165.481977, "delta": 8.22824}}
{"target": -20.850158158007797, "params": {"C": 9.398244356670086, "epsilon": 3.3012565699363035, "gamma": 8.315256321037847, "lamda": 0.5335295824179783}, "datetime": {"datetime": "2021-06-16 15:32:12", "elapsed": 4170.453423, "delta": 4.971446}}
{"target": -28.161960621614597, "params": {"C": 2.041817618869998, "epsilon": 3.854234003328797, "gamma": 5.03689688870143, "lamda": 0.799107473893126}, "datetime": {"datetime": "2021-06-16 15:32:18", "elapsed": 4176.229064, "delta": 5.775641}}
{"target": -20.22637470218412, "params": {"C": 8.431896073294467, "epsilon": 7.210938575577076, "gamma": 6.7518157298220345, "lamda": 1.7786806370010726}, "datetime": {"datetime": "2021-06-16 15:32:24", "elapsed": 4181.573141, "delta": 5.344077}}
{"target": -20.974938204186905, "params": {"C": 8.837375543668934, "epsilon": 5.542746376787, "gamma": 6.120362610336566, "lamda": 2.4816798543744385}, "datetime": {"datetime": "2021-06-16 15:32:28", "elapsed": 4185.963771, "delta": 4.39063}}
{"target": -23.319404489467573, "params": {"C": 5.769087319620395, "epsilon": 1.2053133647447496, "gamma": 5.864238755866464, "lamda": 7.1054920541494475}, "datetime": {"datetime": "2021-06-16 15:32:36", "elapsed": 4194.357182, "delta": 8.393411}}
{"target": -12.062598439026356, "params": {"C": 0.1738434491517528, "epsilon": 0.22943156773492995, "gamma": 0.34799201131362006, "lamda": 2.440470795165562}, "datetime": {"datetime": "2021-06-16 15:32:41", "elapsed": 4199.109623, "delta": 4.752441}}
{"target": -20.580736646783144, "params": {"C": 7.071939891284549, "epsilon": 9.018078242625014, "gamma": 7.0053574044424805, "lamda": 1.1469199884878327}, "datetime": {"datetime": "2021-06-16 15:32:46", "elapsed": 4203.932892, "delta": 4.823269}}
{"target": -13.99669196041554, "params": {"C": 0.09675341944678778, "epsilon": 9.875443281382044, "gamma": 7.870996350633089, "lamda": 0.17275894108182652}, "datetime": {"datetime": "2021-06-16 15:32:52", "elapsed": 4209.863826, "delta": 5.930934}}
{"target": -10.556468052754886, "params": {"C": 0.04452761448405631, "epsilon": 0.04052086571650241, "gamma": 0.07439865533691929, "lamda": 2.4132343836289105}, "datetime": {"datetime": "2021-06-16 15:32:56", "elapsed": 4214.523565, "delta": 4.659739}}
{"target": -19.150052561654114, "params": {"C": 9.11020122939394, "epsilon": 5.773783064572365, "gamma": 8.301398213055693, "lamda": 1.8920043879754198}, "datetime": {"datetime": "2021-06-16 15:33:02", "elapsed": 4220.045507, "delta": 5.521942}}
{"target": -20.83328375357374, "params": {"C": 0.35159759293043147, "epsilon": 9.908842646094913, "gamma": 7.875885616514393, "lamda": 0.3409374685160447}, "datetime": {"datetime": "2021-06-16 15:33:09", "elapsed": 4226.672763, "delta": 6.627256}}
{"target": -20.299423081821885, "params": {"C": 7.602922348043066, "epsilon": 9.06649990497455, "gamma": 7.207738899461114, "lamda": 1.1197497749274614}, "datetime": {"datetime": "2021-06-16 15:33:15", "elapsed": 4233.143646, "delta": 6.470883}}
{"target": -32.10141132618139, "params": {"C": 1.744690220603176, "epsilon": 3.616928039621024, "gamma": 5.136901133717733, "lamda": 1.1037391746659362}, "datetime": {"datetime": "2021-06-16 15:33:20", "elapsed": 4238.423506, "delta": 5.27986}}
{"target": -21.41334161388732, "params": {"C": 7.675786171507691, "epsilon": 8.71378692305529, "gamma": 6.924853485726043, "lamda": 0.8363697358399478}, "datetime": {"datetime": "2021-06-16 15:33:24", "elapsed": 4242.092089, "delta": 3.668583}}
{"target": -18.50210309208904, "params": {"C": 5.7331119004924815, "epsilon": 9.361208517486164, "gamma": 9.229547381063254, "lamda": 1.0432294715437407}, "datetime": {"datetime": "2021-06-16 15:33:30", "elapsed": 4247.972419, "delta": 5.88033}}
{"target": -21.83066208564919, "params": {"C": 6.568555745649591, "epsilon": 1.797370720756662, "gamma": 7.392298361846378, "lamda": 0.7762281555598111}, "datetime": {"datetime": "2021-06-16 15:33:36", "elapsed": 4254.298395, "delta": 6.325976}}
{"target": -20.68581137071284, "params": {"C": 7.515472810257293, "epsilon": 9.31752316511497, "gamma": 7.031488110583918, "lamda": 1.052336203384567}, "datetime": {"datetime": "2021-06-16 15:33:44", "elapsed": 4262.390976, "delta": 8.092581}}
{"target": -18.629126030710992, "params": {"C": 5.9954356984984525, "epsilon": 9.350025213806981, "gamma": 9.259507289498636, "lamda": 0.9479047150133926}, "datetime": {"datetime": "2021-06-16 15:33:49", "elapsed": 4267.460227, "delta": 5.069251}}
{"target": -20.564638981386487, "params": {"C": 9.912373873531095, "epsilon": 3.4701343398284212, "gamma": 8.45049570370605, "lamda": 0.5353919861043741}, "datetime": {"datetime": "2021-06-16 15:33:56", "elapsed": 4273.893554, "delta": 6.433327}}
{"target": -11.879979238868179, "params": {"C": 0.1873293776108216, "epsilon": 2.144698199932841, "gamma": 0.34435452843524056, "lamda": 1.847237756588693}, "datetime": {"datetime": "2021-06-16 15:33:59", "elapsed": 4277.458527, "delta": 3.564973}}
{"target": -19.41642523688637, "params": {"C": 5.911774681138219, "epsilon": 3.534037876800818, "gamma": 5.686050766691144, "lamda": 7.7923346013097055}, "datetime": {"datetime": "2021-06-16 15:34:06", "elapsed": 4284.380369, "delta": 6.921842}}
{"target": -22.072720429535263, "params": {"C": 6.348661487850002, "epsilon": 1.9403108974556753, "gamma": 7.421394657496047, "lamda": 0.785622533694761}, "datetime": {"datetime": "2021-06-16 15:34:14", "elapsed": 4292.428115, "delta": 8.047746}}
{"target": -18.81445048304147, "params": {"C": 9.66455407553089, "epsilon": 5.84780237011936, "gamma": 8.598949254382205, "lamda": 1.903185366410739}, "datetime": {"datetime": "2021-06-16 15:34:22", "elapsed": 4299.796501, "delta": 7.368386}}
{"target": -19.585330252488227, "params": {"C": 7.337370068423382, "epsilon": 8.860786463397666, "gamma": 7.219788209521015, "lamda": 1.5432316860303505}, "datetime": {"datetime": "2021-06-16 15:34:28", "elapsed": 4306.00961, "delta": 6.213109}}
