{"target": -25.021168617959038, "params": {"C": 1.984484205883473, "epsilon": 3.895166447446071, "gamma": 5.211361330037796, "lamda": 0.7763486468705864}, "datetime": {"datetime": "2021-06-16 14:44:00", "elapsed": 1278.397511, "delta": 1.642137}}
{"target": -118.2440587766467, "params": {"C": 2.756714918954159, "epsilon": 3.9294166983550625, "gamma": 5.681749184176163, "lamda": 1.1964481756264322}, "datetime": {"datetime": "2021-06-16 14:44:10", "elapsed": 1288.523886, "delta": 10.126375}}
{"target": -88.26189266000472, "params": {"C": 2.1143483192361185, "epsilon": 2.6325663525007608, "gamma": 4.887572219649414, "lamda": 0.5103984395097003}, "datetime": {"datetime": "2021-06-16 14:44:12", "elapsed": 1289.642093, "delta": 1.118207}}
{"target": -19.031489433612876, "params": {"C": 9.199013470649234, "epsilon": 5.7700152846431, "gamma": 8.656259397638685, "lamda": 1.5365368489298508}, "datetime": {"datetime": "2021-06-16 14:44:12", "elapsed": 1290.375441, "delta": 0.733348}}
{"target": -106.6667477433923, "params": {"C": 2.5761083396972038, "epsilon": 0.3478697333101589, "gamma": 1.6276686520336925, "lamda": 6.496340150377078}, "datetime": {"datetime": "2021-06-16 14:44:22", "elapsed": 1300.421711, "delta": 10.04627}}
{"target": -97.46836708481482, "params": {"C": 6.631419020918237, "epsilon": 6.220820437870793, "gamma": 1.1497444394215672, "lamda": 9.497361392291225}, "datetime": {"datetime": "2021-06-16 14:44:33", "elapsed": 1310.588395, "delta": 10.166684}}
{"target": -19.151654834823866, "params": {"C": 3.8030794094028852, "epsilon": 0.6980798626046004, "gamma": 9.89525486222201, "lamda": 1.6621364988640597}, "datetime": {"datetime": "2021-06-16 14:44:33", "elapsed": 1311.396546, "delta": 0.808151}}
{"target": -425.2066326723069, "params": {"C": 2.3840382369925806, "epsilon": 9.53189147653572, "gamma": 9.70267886501415, "lamda": 5.389610862241392}, "datetime": {"datetime": "2021-06-16 14:44:44", "elapsed": 1322.05111, "delta": 10.654564}}
{"target": -107.39212600613331, "params": {"C": 5.422468285558557, "epsilon": 6.26983576932252, "gamma": 4.980069919201907, "lamda": 1.8269084110718634}, "datetime": {"datetime": "2021-06-16 14:44:54", "elapsed": 1332.123777, "delta": 10.072667}}
{"target": -127.32090748181473, "params": {"C": 1.0305355889349477, "epsilon": 4.468695267466479, "gamma": 9.086261486659255, "lamda": 2.9374237921127357}, "datetime": {"datetime": "2021-06-16 14:45:10", "elapsed": 1348.487848, "delta": 16.364071}}
{"target": -19.77478727970059, "params": {"C": 7.626025909821446, "epsilon": 9.465780482753061, "gamma": 7.294160098617977, "lamda": 1.292469224930342}, "datetime": {"datetime": "2021-06-16 14:45:11", "elapsed": 1349.310501, "delta": 0.822653}}
{"target": -102.59585197860656, "params": {"C": 3.3990028684497853, "epsilon": 9.444769598606552, "gamma": 3.842423961673599, "lamda": 2.9661379614579486}, "datetime": {"datetime": "2021-06-16 14:45:21", "elapsed": 1359.371606, "delta": 10.061105}}
{"target": -105.17250886603271, "params": {"C": 9.485220924203196, "epsilon": 5.335017681835769, "gamma": 6.995252262047982, "lamda": 3.2301037469105407}, "datetime": {"datetime": "2021-06-16 14:45:31", "elapsed": 1369.399392, "delta": 10.027786}}
{"target": -20.356202013411465, "params": {"C": 7.634160687954651, "epsilon": 8.985763751482452, "gamma": 6.9259149409368534, "lamda": 1.2799135002442734}, "datetime": {"datetime": "2021-06-16 14:45:32", "elapsed": 1370.25237, "delta": 0.852978}}
{"target": -62.74735874172826, "params": {"C": 5.276892523120835, "epsilon": 1.6123493012993089, "gamma": 3.631519117130678, "lamda": 0.3289324553893185}, "datetime": {"datetime": "2021-06-16 14:45:33", "elapsed": 1371.249765, "delta": 0.997395}}
{"target": -19.528160841366844, "params": {"C": 7.624619210385636, "epsilon": 9.270091109076288, "gamma": 7.16292898852262, "lamda": 1.4920631244630203}, "datetime": {"datetime": "2021-06-16 14:45:34", "elapsed": 1372.12523, "delta": 0.875465}}
{"target": -19.31416165970212, "params": {"C": 3.7375169666919956, "epsilon": 0.6569427724540613, "gamma": 9.7124782880178, "lamda": 1.4997710599555216}, "datetime": {"datetime": "2021-06-16 14:45:35", "elapsed": 1373.065227, "delta": 0.939997}}
{"target": -109.44679914382473, "params": {"C": 2.388024119594966, "epsilon": 3.061480859875822, "gamma": 4.79580358557817, "lamda": 1.287055322628565}, "datetime": {"datetime": "2021-06-16 14:45:45", "elapsed": 1383.029852, "delta": 9.964625}}
{"target": -99.34839493289228, "params": {"C": 7.827278347031329, "epsilon": 6.126694770281146, "gamma": 0.4630633330359642, "lamda": 4.217513955079982}, "datetime": {"datetime": "2021-06-16 14:45:55", "elapsed": 1392.656142, "delta": 9.62629}}
{"target": -103.87643839317973, "params": {"C": 2.45995854843107, "epsilon": 2.027083317795216, "gamma": 7.985063785805774, "lamda": 8.566655091979289}, "datetime": {"datetime": "2021-06-16 14:46:10", "elapsed": 1408.005397, "delta": 15.349255}}
{"target": -57.07871529119548, "params": {"C": 5.156999662910877, "epsilon": 1.748110692292433, "gamma": 3.440490786830273, "lamda": 0.38239189431555765}, "datetime": {"datetime": "2021-06-16 14:46:11", "elapsed": 1408.964189, "delta": 0.958792}}
{"target": -21.763716971939193, "params": {"C": 2.3096998933995545, "epsilon": 5.2622744076110886, "gamma": 7.952512551539003, "lamda": 0.15247854341776504}, "datetime": {"datetime": "2021-06-16 14:46:12", "elapsed": 1409.96819, "delta": 1.004001}}
{"target": -121.62810562891164, "params": {"C": 4.1940664422631615, "epsilon": 3.1933695316628428, "gamma": 6.628085260994641, "lamda": 5.638471614133004}, "datetime": {"datetime": "2021-06-16 14:46:22", "elapsed": 1420.345976, "delta": 10.377786}}
{"target": -19.407420009478038, "params": {"C": 5.655155346476569, "epsilon": 3.7211738569789334, "gamma": 5.6663933722304645, "lamda": 7.527585652136843}, "datetime": {"datetime": "2021-06-16 14:46:23", "elapsed": 1421.093906, "delta": 0.74793}}
{"target": -21.19760254299413, "params": {"C": 9.610732888406563, "epsilon": 3.4128632364891254, "gamma": 8.051836027062626, "lamda": 0.5946325836364262}, "datetime": {"datetime": "2021-06-16 14:46:24", "elapsed": 1422.106017, "delta": 1.012111}}
{"target": -113.47200452031075, "params": {"C": 1.8223478428685635, "epsilon": 4.645851057910007, "gamma": 4.831756531412457, "lamda": 2.56232415121537}, "datetime": {"datetime": "2021-06-16 14:46:34", "elapsed": 1431.659295, "delta": 9.553278}}
{"target": -19.27436371473183, "params": {"C": 3.9862609411753724, "epsilon": 0.6865933160787718, "gamma": 9.766005665718934, "lamda": 1.5070266398659489}, "datetime": {"datetime": "2021-06-16 14:46:34", "elapsed": 1432.54128, "delta": 0.881985}}
{"target": -102.1773760850151, "params": {"C": 0.9546688922927431, "epsilon": 0.9595448349977173, "gamma": 3.1389138040076507, "lamda": 9.210387201590843}, "datetime": {"datetime": "2021-06-16 14:46:50", "elapsed": 1448.18631, "delta": 15.64503}}
{"target": -20.34097360833119, "params": {"C": 2.945785937137015, "epsilon": 1.050552176359342, "gamma": 8.629789571713987, "lamda": 1.4784653434024813}, "datetime": {"datetime": "2021-06-16 14:46:51", "elapsed": 1449.030321, "delta": 0.844011}}
{"target": -19.089266306720766, "params": {"C": 3.795912065629567, "epsilon": 0.6658398724954566, "gamma": 9.856516871406592, "lamda": 1.7722924420097148}, "datetime": {"datetime": "2021-06-16 14:46:52", "elapsed": 1450.036511, "delta": 1.00619}}
{"target": -98.00698673332215, "params": {"C": 3.9066314083192104, "epsilon": 5.458949502207698, "gamma": 4.124084910671018, "lamda": 6.924619237345026}, "datetime": {"datetime": "2021-06-16 14:47:02", "elapsed": 1460.379103, "delta": 10.342592}}
{"target": -114.70661664589166, "params": {"C": 3.2441815019983076, "epsilon": 9.498700458163663, "gamma": 3.834882811159602, "lamda": 3.031595434240241}, "datetime": {"datetime": "2021-06-16 14:47:12", "elapsed": 1470.234984, "delta": 9.855881}}
{"target": -81.45667703000962, "params": {"C": 5.275712506955121, "epsilon": 1.4108168103503795, "gamma": 3.458520786395681, "lamda": 0.3091968213176594}, "datetime": {"datetime": "2021-06-16 14:47:13", "elapsed": 1471.184156, "delta": 0.949172}}
{"target": -18.027760298842374, "params": {"C": 4.418679432753281, "epsilon": 5.813072316876299, "gamma": 9.89463881764337, "lamda": 2.0416351861144806}, "datetime": {"datetime": "2021-06-16 14:47:14", "elapsed": 1472.055749, "delta": 0.871593}}
{"target": -21.743926524443786, "params": {"C": 6.25283425812756, "epsilon": 1.885190182584774, "gamma": 7.5067060485500505, "lamda": 0.7545101946284857}, "datetime": {"datetime": "2021-06-16 14:47:15", "elapsed": 1472.934525, "delta": 0.878776}}
{"target": -19.377924634962415, "params": {"C": 5.845886124401352, "epsilon": 3.5497700508237053, "gamma": 5.486406259159659, "lamda": 7.571895736736223}, "datetime": {"datetime": "2021-06-16 14:47:16", "elapsed": 1473.805723, "delta": 0.871198}}
{"target": -19.438880666124263, "params": {"C": 3.604051499558797, "epsilon": 0.7473984700558384, "gamma": 9.516804039316376, "lamda": 1.7311862411858026}, "datetime": {"datetime": "2021-06-16 14:47:17", "elapsed": 1474.607572, "delta": 0.801849}}
{"target": -98.72617496586297, "params": {"C": 9.420142258494337, "epsilon": 6.859377919270786, "gamma": 0.6392340775691336, "lamda": 7.55967976431662}, "datetime": {"datetime": "2021-06-16 14:47:27", "elapsed": 1484.611859, "delta": 10.004287}}
{"target": -19.07471791743825, "params": {"C": 3.79355580671256, "epsilon": 0.8364215102269456, "gamma": 9.950159006219389, "lamda": 1.6673457538626204}, "datetime": {"datetime": "2021-06-16 14:47:27", "elapsed": 1485.546832, "delta": 0.934973}}
{"target": -102.93649652015195, "params": {"C": 9.400578093357385, "epsilon": 9.19882901545738, "gamma": 3.8653772205913364, "lamda": 9.51561506964076}, "datetime": {"datetime": "2021-06-16 14:47:38", "elapsed": 1495.697751, "delta": 10.150919}}
{"target": -119.71976253369829, "params": {"C": 0.9295775821390145, "epsilon": 4.5630668439258475, "gamma": 8.986969311716958, "lamda": 2.849610828650097}, "datetime": {"datetime": "2021-06-16 14:47:53", "elapsed": 1511.010156, "delta": 15.312405}}
{"target": -19.026778452709863, "params": {"C": 3.776045806321716, "epsilon": 1.029705659324743, "gamma": 9.989295680939847, "lamda": 1.688788437957451}, "datetime": {"datetime": "2021-06-16 14:47:54", "elapsed": 1511.93058, "delta": 0.920424}}
{"target": -19.171831175431027, "params": {"C": 9.004641927518051, "epsilon": 5.7827878868137095, "gamma": 8.47627256424384, "lamda": 1.6212772511493057}, "datetime": {"datetime": "2021-06-16 14:47:55", "elapsed": 1512.942794, "delta": 1.012214}}
{"target": -119.6161335373052, "params": {"C": 5.6774324520817405, "epsilon": 2.0398018229549075, "gamma": 2.515697323372025, "lamda": 7.443084692728538}, "datetime": {"datetime": "2021-06-16 14:48:05", "elapsed": 1522.778142, "delta": 9.835348}}
{"target": -18.923862476062048, "params": {"C": 9.478273749000499, "epsilon": 5.956219808061658, "gamma": 8.722951574821398, "lamda": 1.606886724376231}, "datetime": {"datetime": "2021-06-16 14:48:06", "elapsed": 1523.663985, "delta": 0.885843}}
{"target": -19.984380783775315, "params": {"C": 8.595740066326218, "epsilon": 6.775366501941454, "gamma": 6.7370348575727155, "lamda": 2.087589284474476}, "datetime": {"datetime": "2021-06-16 14:48:07", "elapsed": 1524.722229, "delta": 1.058244}}
{"target": -20.60962341339603, "params": {"C": 9.740205983963016, "epsilon": 3.5216123240943062, "gamma": 8.329998192112589, "lamda": 0.7783258502582012}, "datetime": {"datetime": "2021-06-16 14:48:08", "elapsed": 1525.650063, "delta": 0.927834}}
{"target": -19.036041552357297, "params": {"C": 3.78378041612513, "epsilon": 0.8360250215427558, "gamma": 9.996587267032115, "lamda": 1.8205656252462863}, "datetime": {"datetime": "2021-06-16 14:48:08", "elapsed": 1526.46309, "delta": 0.813027}}
{"target": -111.47857592239806, "params": {"C": 1.7154800236579744, "epsilon": 7.555203380430423, "gamma": 7.838312850441306, "lamda": 5.241457172338733}, "datetime": {"datetime": "2021-06-16 14:48:23", "elapsed": 1541.107871, "delta": 14.644781}}
{"target": -97.98756821891303, "params": {"C": 5.477051632405884, "epsilon": 0.0073053841370205, "gamma": 0.7241500201847738, "lamda": 9.75150467666376}, "datetime": {"datetime": "2021-06-16 14:48:33", "elapsed": 1550.786092, "delta": 9.678221}}
{"target": -19.413712557897547, "params": {"C": 7.409437451729136, "epsilon": 9.115519739148306, "gamma": 7.373369392820941, "lamda": 1.432749673876494}, "datetime": {"datetime": "2021-06-16 14:48:34", "elapsed": 1551.64881, "delta": 0.862718}}
{"target": -18.950663391174146, "params": {"C": 9.675410549263592, "epsilon": 5.82228400925665, "gamma": 8.635477662925034, "lamda": 1.617504239852932}, "datetime": {"datetime": "2021-06-16 14:48:35", "elapsed": 1552.612515, "delta": 0.963705}}
{"target": -20.110360883766592, "params": {"C": 7.860840738973087, "epsilon": 9.132955580535853, "gamma": 7.053730174459441, "lamda": 1.3356051695726607}, "datetime": {"datetime": "2021-06-16 14:48:36", "elapsed": 1554.122282, "delta": 1.509767}}
{"target": -103.51637536883015, "params": {"C": 4.625953612102417, "epsilon": 7.266626188777399, "gamma": 2.9868451745308384, "lamda": 3.6198140788883504}, "datetime": {"datetime": "2021-06-16 14:48:46", "elapsed": 1564.176, "delta": 10.053718}}
{"target": -100.59026155168505, "params": {"C": 3.8698181477834237, "epsilon": 6.010228189461271, "gamma": 7.621504640897955, "lamda": 3.7417156323993326}, "datetime": {"datetime": "2021-06-16 14:48:56", "elapsed": 1574.560907, "delta": 10.384907}}
{"target": -101.78396304706551, "params": {"C": 4.124245235829761, "epsilon": 1.765646391913395, "gamma": 5.018229698562986, "lamda": 9.286715994041234}, "datetime": {"datetime": "2021-06-16 14:49:07", "elapsed": 1585.168388, "delta": 10.607481}}
{"target": -114.7266831379797, "params": {"C": 1.2954601826540821, "epsilon": 8.007058026236859, "gamma": 4.096705695687903, "lamda": 1.774480476570068}, "datetime": {"datetime": "2021-06-16 14:49:17", "elapsed": 1595.028623, "delta": 9.860235}}
{"target": -161.67697143868816, "params": {"C": 5.219396863252573, "epsilon": 1.761052718868689, "gamma": 3.336915351900024, "lamda": 0.2858264571027266}, "datetime": {"datetime": "2021-06-16 14:49:18", "elapsed": 1596.25212, "delta": 1.223497}}
{"target": -31.729098740158477, "params": {"C": 1.8847540703988273, "epsilon": 3.7229801603811374, "gamma": 5.128099045974406, "lamda": 0.6457139644897351}, "datetime": {"datetime": "2021-06-16 14:49:19", "elapsed": 1597.52886, "delta": 1.27674}}
{"target": -22.65726420628333, "params": {"C": 5.7190261701713725, "epsilon": 1.4992029546976922, "gamma": 5.946506222666054, "lamda": 6.888846383305677}, "datetime": {"datetime": "2021-06-16 14:49:20", "elapsed": 1598.417344, "delta": 0.888484}}
{"target": -130.72375590942272, "params": {"C": 3.67249426092401, "epsilon": 5.95282178470366, "gamma": 7.551465234903184, "lamda": 3.6848683939151976}, "datetime": {"datetime": "2021-06-16 14:49:30", "elapsed": 1607.99664, "delta": 9.579296}}
{"target": -21.87825550670408, "params": {"C": 2.2153132785244884, "epsilon": 5.296916299429136, "gamma": 7.745968149862971, "lamda": 0.33220068091725563}, "datetime": {"datetime": "2021-06-16 14:49:31", "elapsed": 1608.8874, "delta": 0.89076}}
{"target": -19.012994736919538, "params": {"C": 3.8726922339096936, "epsilon": 1.0687776176382429, "gamma": 9.966645843180542, "lamda": 1.7013212185574296}, "datetime": {"datetime": "2021-06-16 14:49:32", "elapsed": 1609.832879, "delta": 0.945479}}
{"target": -65.68467212655126, "params": {"C": 5.861571420601381, "epsilon": 4.6478483573653255, "gamma": 3.4126956531004957, "lamda": 0.7629159048501007}, "datetime": {"datetime": "2021-06-16 14:49:33", "elapsed": 1610.791621, "delta": 0.958742}}
{"target": -19.043299740999757, "params": {"C": 9.358957228366464, "epsilon": 5.693542403531671, "gamma": 8.778833721416172, "lamda": 1.502815304327363}, "datetime": {"datetime": "2021-06-16 14:49:34", "elapsed": 1611.874302, "delta": 1.082681}}
{"target": -20.744725066141605, "params": {"C": 9.585319467048436, "epsilon": 3.3768435003346564, "gamma": 8.242110241211854, "lamda": 0.768595215757393}, "datetime": {"datetime": "2021-06-16 14:49:35", "elapsed": 1612.851614, "delta": 0.977312}}
{"target": -107.25600123125034, "params": {"C": 6.075932607528101, "epsilon": 6.872216967848487, "gamma": 5.11361098514662, "lamda": 4.573272538765851}, "datetime": {"datetime": "2021-06-16 14:49:44", "elapsed": 1622.28677, "delta": 9.435156}}
{"target": -21.18613507891294, "params": {"C": 9.724720701638834, "epsilon": 3.485258060297504, "gamma": 8.085132024571992, "lamda": 0.48212307008249033}, "datetime": {"datetime": "2021-06-16 14:49:45", "elapsed": 1623.22616, "delta": 0.93939}}
{"target": -103.16383797110727, "params": {"C": 3.43686600971547, "epsilon": 9.465608468429055, "gamma": 3.694173521997142, "lamda": 2.834897687737704}, "datetime": {"datetime": "2021-06-16 14:49:55", "elapsed": 1632.75926, "delta": 9.5331}}
{"target": -21.984050262235456, "params": {"C": 2.4572489109925493, "epsilon": 5.2242000403757585, "gamma": 7.965137856985207, "lamda": 0.0033033316182570346}, "datetime": {"datetime": "2021-06-16 14:49:56", "elapsed": 1633.903042, "delta": 1.143782}}
{"target": -21.652579549418487, "params": {"C": 6.216867026217688, "epsilon": 1.978356557162698, "gamma": 7.547820372262718, "lamda": 0.8334710967971052}, "datetime": {"datetime": "2021-06-16 14:49:57", "elapsed": 1635.069926, "delta": 1.166884}}
{"target": -100.25580210426503, "params": {"C": 1.6909838849526095, "epsilon": 3.461763165926376, "gamma": 1.388453423336216, "lamda": 8.130021994483247}, "datetime": {"datetime": "2021-06-16 14:50:08", "elapsed": 1645.856878, "delta": 10.786952}}
{"target": -24.53331714507788, "params": {"C": 5.743445463045322, "epsilon": 1.5940833805349903, "gamma": 5.744219497304883, "lamda": 6.782120330623486}, "datetime": {"datetime": "2021-06-16 14:50:09", "elapsed": 1647.188899, "delta": 1.332021}}
{"target": -20.506152601900183, "params": {"C": 9.639159608078694, "epsilon": 3.304293890566959, "gamma": 8.285998057730724, "lamda": 1.03089800263013}, "datetime": {"datetime": "2021-06-16 14:50:10", "elapsed": 1648.369497, "delta": 1.180598}}
{"target": -9.658877009944948, "params": {"C": 0.10616463554843425, "epsilon": 0.017214210963247434, "gamma": 0.15161641251866692, "lamda": 2.478045286122457}, "datetime": {"datetime": "2021-06-16 14:50:12", "elapsed": 1649.605837, "delta": 1.23634}}
{"target": -21.890458737134093, "params": {"C": 2.3482499243360873, "epsilon": 5.188218484399439, "gamma": 7.587041235622285, "lamda": 0.23187502724515205}, "datetime": {"datetime": "2021-06-16 14:50:12", "elapsed": 1650.504621, "delta": 0.898784}}
{"target": -18.704826185202446, "params": {"C": 9.554534381814262, "epsilon": 5.947533682384303, "gamma": 8.949943171817633, "lamda": 1.4942096893503645}, "datetime": {"datetime": "2021-06-16 14:50:13", "elapsed": 1651.395015, "delta": 0.890394}}
{"target": -21.798400919668612, "params": {"C": 6.262007617568655, "epsilon": 2.1494468890132277, "gamma": 7.557923644603524, "lamda": 0.5254161714691846}, "datetime": {"datetime": "2021-06-16 14:50:14", "elapsed": 1652.491331, "delta": 1.096316}}
{"target": -116.87746020410255, "params": {"C": 8.383052019026755, "epsilon": 7.494844273337544, "gamma": 2.668102114443902, "lamda": 9.751847524498658}, "datetime": {"datetime": "2021-06-16 14:50:24", "elapsed": 1662.147903, "delta": 9.656572}}
{"target": -109.72087571850886, "params": {"C": 0.20206960251551237, "epsilon": 9.830223480991473, "gamma": 8.021791929264387, "lamda": 0.5123474259001537}, "datetime": {"datetime": "2021-06-16 14:50:39", "elapsed": 1676.633637, "delta": 14.485734}}
{"target": -19.165820115942957, "params": {"C": 8.866072532560365, "epsilon": 5.6558843988087775, "gamma": 8.504011083675268, "lamda": 1.6351684085837668}, "datetime": {"datetime": "2021-06-16 14:50:40", "elapsed": 1677.958114, "delta": 1.324477}}
{"target": -18.912284750547414, "params": {"C": 9.773110589548242, "epsilon": 5.640102662518342, "gamma": 8.661831505073533, "lamda": 1.70908117267977}, "datetime": {"datetime": "2021-06-16 14:50:41", "elapsed": 1679.409146, "delta": 1.451032}}
{"target": -20.020935932094513, "params": {"C": 7.493081662197864, "epsilon": 9.26977224105516, "gamma": 7.090211529899433, "lamda": 1.3439050705629496}, "datetime": {"datetime": "2021-06-16 14:50:43", "elapsed": 1680.651254, "delta": 1.242108}}
{"target": -164.066843291109, "params": {"C": 6.479966658639718, "epsilon": 6.856607517745487, "gamma": 3.4560743839694443, "lamda": 8.618877717024802}, "datetime": {"datetime": "2021-06-16 14:50:53", "elapsed": 1690.591415, "delta": 9.940161}}
{"target": -21.297146103718276, "params": {"C": 7.631594658237428, "epsilon": 8.866545751109332, "gamma": 6.694491514414625, "lamda": 1.0006214912749767}, "datetime": {"datetime": "2021-06-16 14:50:54", "elapsed": 1691.845391, "delta": 1.253976}}
{"target": -19.257104268044458, "params": {"C": 8.950942734412017, "epsilon": 5.664730161816812, "gamma": 8.314739352235044, "lamda": 1.7963467218614624}, "datetime": {"datetime": "2021-06-16 14:50:55", "elapsed": 1693.049711, "delta": 1.20432}}
{"target": -104.6824181352987, "params": {"C": 3.5173150780556464, "epsilon": 4.118230840884353, "gamma": 0.408246628558958, "lamda": 2.2198178518788616}, "datetime": {"datetime": "2021-06-16 14:51:05", "elapsed": 1703.224245, "delta": 10.174534}}
{"target": -19.4232127990184, "params": {"C": 3.998955885655956, "epsilon": 0.6151207018068015, "gamma": 9.575579642188165, "lamda": 1.487955150169177}, "datetime": {"datetime": "2021-06-16 14:51:06", "elapsed": 1704.285498, "delta": 1.061253}}
{"target": -20.740033281615624, "params": {"C": 7.3666771758923995, "epsilon": 9.028248139906074, "gamma": 6.868238260984213, "lamda": 1.1254104846283997}, "datetime": {"datetime": "2021-06-16 14:51:07", "elapsed": 1705.464022, "delta": 1.178524}}
