{"target": -20.5680848024983, "params": {"C": 3.696447505373114, "epsilon": 7.7376950510556135, "gamma": 9.584988286866654, "lamda": 6.883356700079739}, "datetime": {"datetime": "2021-06-16 15:34:36", "elapsed": 4314.026887, "delta": 8.017277}}
{"target": -20.463884737361468, "params": {"C": 3.1708858616211812, "epsilon": 0.9487583334654979, "gamma": 8.528955936983625, "lamda": 1.6336884933223836}, "datetime": {"datetime": "2021-06-16 15:34:47", "elapsed": 4324.976256, "delta": 10.949369}}
{"target": -19.24233393810523, "params": {"C": 4.0754999313642, "epsilon": 0.7532075736981462, "gamma": 9.783901994505044, "lamda": 1.529305502933174}, "datetime": {"datetime": "2021-06-16 15:34:53", "elapsed": 4330.769605, "delta": 5.793349}}
{"target": -21.8062899207685, "params": {"C": 4.421935876742567, "epsilon": 1.7160462129879483, "gamma": 5.81355593939387, "lamda": 7.7678889399207}, "datetime": {"datetime": "2021-06-16 15:34:59", "elapsed": 4336.590297, "delta": 5.820692}}
{"target": -30.133501135353786, "params": {"C": 1.9323282905555532, "epsilon": 3.9272385095631703, "gamma": 5.368183956402705, "lamda": 0.9986987179053519}, "datetime": {"datetime": "2021-06-16 15:35:04", "elapsed": 4341.924106, "delta": 5.333809}}
{"target": -19.12624715145615, "params": {"C": 9.258307437662214, "epsilon": 5.968715559225585, "gamma": 8.769297110948806, "lamda": 1.371824643360635}, "datetime": {"datetime": "2021-06-16 15:35:08", "elapsed": 4345.96697, "delta": 4.042864}}
{"target": -20.93381182271296, "params": {"C": 9.626920326106408, "epsilon": 3.445185048058454, "gamma": 8.038653238825809, "lamda": 0.891579725620496}, "datetime": {"datetime": "2021-06-16 15:35:16", "elapsed": 4354.457834, "delta": 8.490864}}
{"target": -101.36546364767362, "params": {"C": 4.272820596785434, "epsilon": 6.701774233888892, "gamma": 5.5027619306881475, "lamda": 7.359760566291787}, "datetime": {"datetime": "2021-06-16 15:35:29", "elapsed": 4366.673961, "delta": 12.216127}}
{"target": -21.901974535334322, "params": {"C": 7.9909946615124445, "epsilon": 2.122023234890824, "gamma": 7.18239034357065, "lamda": 1.487094656440764}, "datetime": {"datetime": "2021-06-16 15:35:35", "elapsed": 4373.151125, "delta": 6.477164}}
{"target": -19.705399118753647, "params": {"C": 6.022310499499807, "epsilon": 3.490153071560659, "gamma": 5.683665112293625, "lamda": 7.386983513845571}, "datetime": {"datetime": "2021-06-16 15:35:43", "elapsed": 4380.677871, "delta": 7.526746}}
{"target": -19.37195300544626, "params": {"C": 9.182260085691304, "epsilon": 5.614355176763314, "gamma": 8.327500510373165, "lamda": 1.6757824724641943}, "datetime": {"datetime": "2021-06-16 15:35:47", "elapsed": 4385.399935, "delta": 4.722064}}
{"target": -21.88861611617565, "params": {"C": 6.209898341659056, "epsilon": 1.8957166724289871, "gamma": 7.332898920826402, "lamda": 0.7510196091189817}, "datetime": {"datetime": "2021-06-16 15:35:55", "elapsed": 4393.230748, "delta": 7.830813}}
{"target": -104.07827688717073, "params": {"C": 9.095928478289697, "epsilon": 6.053913138668536, "gamma": 8.459986630985103, "lamda": 1.9497004782569398}, "datetime": {"datetime": "2021-06-16 15:36:11", "elapsed": 4409.19909, "delta": 15.968342}}
{"target": -106.59866312562636, "params": {"C": 9.05821129350143, "epsilon": 2.1680075067638622, "gamma": 3.1457982926084966, "lamda": 9.926454027974144}, "datetime": {"datetime": "2021-06-16 15:36:24", "elapsed": 4422.227036, "delta": 13.027946}}
{"target": -18.903583997122638, "params": {"C": 9.740399405568853, "epsilon": 8.664743515356115, "gamma": 9.59448834258386, "lamda": 0.6548962658874667}, "datetime": {"datetime": "2021-06-16 15:36:32", "elapsed": 4430.548262, "delta": 8.321226}}
{"target": -98.32869134750986, "params": {"C": 1.831497799567274, "epsilon": 4.002846872845494, "gamma": 6.290579490796797, "lamda": 5.207964701342753}, "datetime": {"datetime": "2021-06-16 15:36:46", "elapsed": 4443.810124, "delta": 13.261862}}
{"target": -20.137988506678578, "params": {"C": 8.431045454070482, "epsilon": 6.262972624737947, "gamma": 6.712334215337243, "lamda": 2.144114466403737}, "datetime": {"datetime": "2021-06-16 15:36:51", "elapsed": 4449.291744, "delta": 5.48162}}
{"target": -20.804134732839607, "params": {"C": 9.499976606539363, "epsilon": 2.298701166645243, "gamma": 7.978943589736953, "lamda": 1.7129788105410446}, "datetime": {"datetime": "2021-06-16 15:36:55", "elapsed": 4453.011015, "delta": 3.719271}}
{"target": -30.656126202270745, "params": {"C": 2.2819767735921137, "epsilon": 3.5860811418248804, "gamma": 5.353673600647973, "lamda": 0.9017191863507952}, "datetime": {"datetime": "2021-06-16 15:37:01", "elapsed": 4459.543003, "delta": 6.531988}}
{"target": -18.942956800519298, "params": {"C": 9.461832995759197, "epsilon": 5.96752369803544, "gamma": 8.82351197994778, "lamda": 1.5485296265324553}, "datetime": {"datetime": "2021-06-16 15:37:09", "elapsed": 4466.836033, "delta": 7.29303}}
{"target": -103.86010270205588, "params": {"C": 0.2516553176850279, "epsilon": 9.684822391521347, "gamma": 7.988879895036615, "lamda": 0.1767091469197093}, "datetime": {"datetime": "2021-06-16 15:37:14", "elapsed": 4471.899732, "delta": 5.063699}}
{"target": -20.25211345767466, "params": {"C": 3.0486742443147032, "epsilon": 0.7744745776697353, "gamma": 8.866753769776158, "lamda": 1.3829530877959395}, "datetime": {"datetime": "2021-06-16 15:37:19", "elapsed": 4477.294085, "delta": 5.394353}}
{"target": -101.80726681217223, "params": {"C": 7.814799550768169, "epsilon": 6.615564964668919, "gamma": 2.903784050416209, "lamda": 3.8886426841364186}, "datetime": {"datetime": "2021-06-16 15:37:32", "elapsed": 4490.194893, "delta": 12.900808}}
{"target": -20.755292981276313, "params": {"C": 9.68432175739865, "epsilon": 3.528233903646437, "gamma": 8.079544345750998, "lamda": 0.9748616159675748}, "datetime": {"datetime": "2021-06-16 15:37:37", "elapsed": 4495.053983, "delta": 4.85909}}
{"target": -20.14455644455659, "params": {"C": 2.911074353903514, "epsilon": 0.7756231688640227, "gamma": 8.880438155430166, "lamda": 1.3014194650411073}, "datetime": {"datetime": "2021-06-16 15:37:43", "elapsed": 4500.925847, "delta": 5.871864}}
{"target": -21.788614910685926, "params": {"C": 6.686958603670289, "epsilon": 2.072599686912905, "gamma": 7.712947259419747, "lamda": 0.7577472284663936}, "datetime": {"datetime": "2021-06-16 15:37:48", "elapsed": 4506.535603, "delta": 5.609756}}
{"target": -21.314102039508185, "params": {"C": 9.800641193545907, "epsilon": 3.3851435763609525, "gamma": 7.887083641904635, "lamda": 0.730965570113564}, "datetime": {"datetime": "2021-06-16 15:37:57", "elapsed": 4514.628299, "delta": 8.092696}}
{"target": -109.31041158590367, "params": {"C": 6.11862488695102, "epsilon": 7.523309389703154, "gamma": 7.1101776591259975, "lamda": 5.3756047530297}, "datetime": {"datetime": "2021-06-16 15:38:09", "elapsed": 4526.749633, "delta": 12.121334}}
{"target": -27.082607742982617, "params": {"C": 2.3123121502479567, "epsilon": 3.343022864134206, "gamma": 5.514600329134701, "lamda": 0.9761814902014596}, "datetime": {"datetime": "2021-06-16 15:38:14", "elapsed": 4531.899993, "delta": 5.15036}}
{"target": -20.307804477580614, "params": {"C": 7.303601279304085, "epsilon": 8.976561421259886, "gamma": 6.974421376520659, "lamda": 1.2790880133264302}, "datetime": {"datetime": "2021-06-16 15:38:19", "elapsed": 4537.49727, "delta": 5.597277}}
{"target": -22.90589184085206, "params": {"C": 8.09743514768573, "epsilon": 3.50174968047762, "gamma": 5.828656134679542, "lamda": 2.9068953537415436}, "datetime": {"datetime": "2021-06-16 15:38:23", "elapsed": 4541.295642, "delta": 3.798372}}
{"target": -110.46962693311602, "params": {"C": 0.7825120427657548, "epsilon": 4.951688961007222, "gamma": 4.1946404838643865, "lamda": 3.8834763325061092}, "datetime": {"datetime": "2021-06-16 15:38:41", "elapsed": 4558.618212, "delta": 17.32257}}
{"target": -20.088568410930144, "params": {"C": 8.424289238902679, "epsilon": 6.9858195559982965, "gamma": 6.978782861815001, "lamda": 1.765331139193776}, "datetime": {"datetime": "2021-06-16 15:38:51", "elapsed": 4569.173919, "delta": 10.555707}}
{"target": -22.902679188565568, "params": {"C": 8.093353132915833, "epsilon": 3.500421829539869, "gamma": 5.830651742007144, "lamda": 2.907566350678667}, "datetime": {"datetime": "2021-06-16 15:38:56", "elapsed": 4573.803623, "delta": 4.629704}}
{"target": -20.131756751424916, "params": {"C": 8.15505968022939, "epsilon": 6.88623496991091, "gamma": 6.673036856891767, "lamda": 1.992191936334194}, "datetime": {"datetime": "2021-06-16 15:39:00", "elapsed": 4578.042192, "delta": 4.238569}}
{"target": -35.79264465053265, "params": {"C": 1.8511402884897865, "epsilon": 3.3216760067540974, "gamma": 5.285144874066117, "lamda": 0.8031515327859025}, "datetime": {"datetime": "2021-06-16 15:39:05", "elapsed": 4583.17709, "delta": 5.134898}}
{"target": -23.82774712752623, "params": {"C": 5.665360858055224, "epsilon": 0.5092094701562092, "gamma": 5.977210469652472, "lamda": 9.795729301777639}, "datetime": {"datetime": "2021-06-16 15:39:09", "elapsed": 4587.339234, "delta": 4.162144}}
{"target": -99.50654618116147, "params": {"C": 1.1479635813662374, "epsilon": 1.4154862947665892, "gamma": 1.5800965771490398, "lamda": 5.019997122780534}, "datetime": {"datetime": "2021-06-16 15:39:22", "elapsed": 4600.205499, "delta": 12.866265}}
{"target": -28.297282448368133, "params": {"C": 1.9698700656155894, "epsilon": 4.05473567164317, "gamma": 5.261607128199956, "lamda": 0.4214501189428231}, "datetime": {"datetime": "2021-06-16 15:39:31", "elapsed": 4609.154589, "delta": 8.94909}}
{"target": -11.841088631605295, "params": {"C": 0.1669836595461214, "epsilon": 0.08114326347689185, "gamma": 0.33269106248092856, "lamda": 2.405808374885825}, "datetime": {"datetime": "2021-06-16 15:39:41", "elapsed": 4618.680225, "delta": 9.525636}}
{"target": -21.26288850251822, "params": {"C": 9.670168944580334, "epsilon": 3.4930620938619636, "gamma": 8.064619379421595, "lamda": 0.38409763211021725}, "datetime": {"datetime": "2021-06-16 15:39:48", "elapsed": 4625.961131, "delta": 7.280906}}
{"target": -9.335589017156483, "params": {"C": 0.04500785129371546, "epsilon": 2.1964864615288073, "gamma": 0.3682782540108258, "lamda": 1.9440175010548404}, "datetime": {"datetime": "2021-06-16 15:39:56", "elapsed": 4634.273256, "delta": 8.312125}}
{"target": -20.530082597845386, "params": {"C": 7.099929686774299, "epsilon": 9.022927005951129, "gamma": 6.996956221131204, "lamda": 1.1527836627687291}, "datetime": {"datetime": "2021-06-16 15:40:07", "elapsed": 4644.731725, "delta": 10.458469}}
{"target": -22.346233184618765, "params": {"C": 7.883778343044681, "epsilon": 2.2706095804444444, "gamma": 6.988942866502631, "lamda": 1.5524702955726983}, "datetime": {"datetime": "2021-06-16 15:40:13", "elapsed": 4650.62322, "delta": 5.891495}}
{"target": -14.1202664408044, "params": {"C": 0.11135424831055446, "epsilon": 9.812877225535745, "gamma": 7.70492833630384, "lamda": 0.4741282439053519}, "datetime": {"datetime": "2021-06-16 15:40:21", "elapsed": 4658.717056, "delta": 8.093836}}
{"target": -20.776620984801326, "params": {"C": 9.49517777854443, "epsilon": 2.264993336769552, "gamma": 7.953996982483191, "lamda": 1.804662363511162}, "datetime": {"datetime": "2021-06-16 15:40:25", "elapsed": 4663.522283, "delta": 4.805227}}
{"target": -38.329503624057594, "params": {"C": 7.716009306148185, "epsilon": 0.8535363247571499, "gamma": 5.702844372616333, "lamda": 1.4592969561962255}, "datetime": {"datetime": "2021-06-16 15:40:30", "elapsed": 4668.504999, "delta": 4.982716}}
{"target": -143.5191624716232, "params": {"C": 6.548956763570386, "epsilon": 0.18046967397601474, "gamma": 4.1004575194028465, "lamda": 2.3900404070294763}, "datetime": {"datetime": "2021-06-16 15:40:43", "elapsed": 4680.921925, "delta": 12.416926}}
{"target": -21.0995911447698, "params": {"C": 7.258408205776242, "epsilon": 9.201687961181213, "gamma": 7.002644483359535, "lamda": 0.9021020524818064}, "datetime": {"datetime": "2021-06-16 15:40:48", "elapsed": 4686.510068, "delta": 5.588143}}
{"target": -20.02260563932689, "params": {"C": 8.19290978275864, "epsilon": 6.760701465147895, "gamma": 6.632356604827458, "lamda": 2.1486739278854388}, "datetime": {"datetime": "2021-06-16 15:40:54", "elapsed": 4692.32341, "delta": 5.813342}}
{"target": -20.321035591650567, "params": {"C": 8.368063341938559, "epsilon": 6.5350609473177, "gamma": 6.473357423986363, "lamda": 2.3325314363146963}, "datetime": {"datetime": "2021-06-16 15:41:03", "elapsed": 4700.81044, "delta": 8.48703}}
{"target": -20.4135300222008, "params": {"C": 9.810716587214733, "epsilon": 3.09325422342455, "gamma": 8.415533700602737, "lamda": 0.8664253918459033}, "datetime": {"datetime": "2021-06-16 15:41:12", "elapsed": 4709.837478, "delta": 9.027038}}
{"target": -19.66553859893786, "params": {"C": 6.1603162402922695, "epsilon": 3.5422964812085036, "gamma": 5.5791244103871565, "lamda": 7.736882899936972}, "datetime": {"datetime": "2021-06-16 15:41:18", "elapsed": 4715.726429, "delta": 5.888951}}
{"target": -56.387695232969584, "params": {"C": 6.831615356129192, "epsilon": 4.720746299423775, "gamma": 3.8775722903888434, "lamda": 0.2895831690041625}, "datetime": {"datetime": "2021-06-16 15:41:23", "elapsed": 4721.402946, "delta": 5.676517}}
{"target": -26.593967874104006, "params": {"C": 1.978129318858266, "epsilon": 3.708698817642919, "gamma": 5.238428219156381, "lamda": 0.5202020884391177}, "datetime": {"datetime": "2021-06-16 15:41:29", "elapsed": 4727.005228, "delta": 5.602282}}
{"target": -22.333034058443925, "params": {"C": 6.353868545088741, "epsilon": 2.055274033171626, "gamma": 7.269632918429763, "lamda": 0.9185905546500739}, "datetime": {"datetime": "2021-06-16 15:41:38", "elapsed": 4735.824687, "delta": 8.819459}}
{"target": -19.09272277936896, "params": {"C": 8.848792678102221, "epsilon": 5.7603008645661955, "gamma": 8.388655557501325, "lamda": 1.7924688327832226}, "datetime": {"datetime": "2021-06-16 15:41:43", "elapsed": 4740.912749, "delta": 5.088062}}
{"target": -25.020581578712576, "params": {"C": 7.966686081166663, "epsilon": 1.3822331263948713, "gamma": 6.53651457065225, "lamda": 1.513096711973424}, "datetime": {"datetime": "2021-06-16 15:41:47", "elapsed": 4744.881366, "delta": 3.968617}}
{"target": -103.67954821952088, "params": {"C": 0.10799794945935834, "epsilon": 5.7479323689499005, "gamma": 3.2145271171423837, "lamda": 5.799549960247661}, "datetime": {"datetime": "2021-06-16 15:42:06", "elapsed": 4763.887656, "delta": 19.00629}}
{"target": -19.251341849317402, "params": {"C": 3.810108254603319, "epsilon": 0.9017925653253767, "gamma": 9.741158216208866, "lamda": 1.5232354282757175}, "datetime": {"datetime": "2021-06-16 15:42:15", "elapsed": 4772.823042, "delta": 8.935386}}
{"target": -20.453413429940596, "params": {"C": 3.101554008003179, "epsilon": 0.8162381645388507, "gamma": 8.62621727523016, "lamda": 1.260697928178089}, "datetime": {"datetime": "2021-06-16 15:42:20", "elapsed": 4778.473777, "delta": 5.650735}}
{"target": -101.71882031796864, "params": {"C": 8.309794691869545, "epsilon": 2.641824640383582, "gamma": 6.98815468394506, "lamda": 5.20999148243318}, "datetime": {"datetime": "2021-06-16 15:42:33", "elapsed": 4790.832648, "delta": 12.358871}}
{"target": -19.28959635338164, "params": {"C": 3.468939257941646, "epsilon": 0.7325772397727391, "gamma": 9.696444939598596, "lamda": 1.6945882989153458}, "datetime": {"datetime": "2021-06-16 15:42:41", "elapsed": 4798.893837, "delta": 8.061189}}
{"target": -20.369718494343505, "params": {"C": 2.9786748246421957, "epsilon": 0.9114868701797411, "gamma": 8.59198778740012, "lamda": 1.7742592531576806}, "datetime": {"datetime": "2021-06-16 15:42:46", "elapsed": 4803.817023, "delta": 4.923186}}
{"target": -18.352191884992873, "params": {"C": 3.668757772152186, "epsilon": 6.147225223543092, "gamma": 8.959130938855424, "lamda": 1.9320449291695128}, "datetime": {"datetime": "2021-06-16 15:42:50", "elapsed": 4808.458797, "delta": 4.641774}}
{"target": -19.147241467536595, "params": {"C": 3.622568301453725, "epsilon": 0.7071980344440345, "gamma": 9.90165654277034, "lamda": 1.6456979607242208}, "datetime": {"datetime": "2021-06-16 15:42:56", "elapsed": 4814.518804, "delta": 6.060007}}
{"target": -23.293575362818395, "params": {"C": 7.9465416263005775, "epsilon": 3.4167322070721555, "gamma": 5.850074031891456, "lamda": 2.9925604190355424}, "datetime": {"datetime": "2021-06-16 15:43:01", "elapsed": 4819.157259, "delta": 4.638455}}
{"target": -22.675391685561046, "params": {"C": 5.57021310339416, "epsilon": 1.6283400747687138, "gamma": 5.867306055906156, "lamda": 6.714962747027653}, "datetime": {"datetime": "2021-06-16 15:43:07", "elapsed": 4824.75343, "delta": 5.596171}}
{"target": -105.6958834917987, "params": {"C": 4.217076814984515, "epsilon": 7.15480332288293, "gamma": 4.449063309045513, "lamda": 4.386526764716016}, "datetime": {"datetime": "2021-06-16 15:43:19", "elapsed": 4837.480683, "delta": 12.727253}}
{"target": -20.834821085629525, "params": {"C": 9.721373251687599, "epsilon": 3.460533180619094, "gamma": 8.362826235168976, "lamda": 0.46060123330869535}, "datetime": {"datetime": "2021-06-16 15:43:29", "elapsed": 4846.717212, "delta": 9.236529}}
{"target": -20.547728957065615, "params": {"C": 7.604938028130588, "epsilon": 9.4223171264879, "gamma": 7.072807984160816, "lamda": 1.0813263960390758}, "datetime": {"datetime": "2021-06-16 15:43:34", "elapsed": 4851.932626, "delta": 5.215414}}
{"target": -102.56549480852004, "params": {"C": 8.08948417047955, "epsilon": 1.8306123606225273, "gamma": 3.4089694331838616, "lamda": 7.753133599304603}, "datetime": {"datetime": "2021-06-16 15:43:47", "elapsed": 4864.69103, "delta": 12.758404}}
{"target": -19.5260070920273, "params": {"C": 7.157195283826846, "epsilon": 8.7635068553542, "gamma": 7.352997704310161, "lamda": 1.4342550138018444}, "datetime": {"datetime": "2021-06-16 15:43:53", "elapsed": 4871.156966, "delta": 6.465936}}
{"target": -100.71232252173846, "params": {"C": 8.012428262446146, "epsilon": 4.6408473830900405, "gamma": 3.4768255657638614, "lamda": 1.7005512943372278}, "datetime": {"datetime": "2021-06-16 15:44:06", "elapsed": 4883.934054, "delta": 12.777088}}
{"target": -29.978954655026786, "params": {"C": 8.590251378635152, "epsilon": 9.083507953209246, "gamma": 3.910179445179882, "lamda": 2.7736247305101656}, "datetime": {"datetime": "2021-06-16 15:44:10", "elapsed": 4887.943502, "delta": 4.009448}}
{"target": -116.2348453239868, "params": {"C": 2.2399015015882897, "epsilon": 3.812965170769064, "gamma": 3.873668172136544, "lamda": 7.0018661286104305}, "datetime": {"datetime": "2021-06-16 15:44:23", "elapsed": 4900.592012, "delta": 12.64851}}
{"target": -19.129885720079752, "params": {"C": 3.469628513202631, "epsilon": 0.6100800577431988, "gamma": 9.931726612835718, "lamda": 1.6965027607870518}, "datetime": {"datetime": "2021-06-16 15:44:30", "elapsed": 4907.617095, "delta": 7.025083}}
{"target": -210.00110500703713, "params": {"C": 1.9890855902721583, "epsilon": 3.460073511876235, "gamma": 5.201899046876647, "lamda": 0.871869057774457}, "datetime": {"datetime": "2021-06-16 15:44:46", "elapsed": 4924.125637, "delta": 16.508542}}
{"target": -21.822731849095323, "params": {"C": 6.168664159875561, "epsilon": 1.8226769874507616, "gamma": 7.60688167078747, "lamda": 0.759315306104819}, "datetime": {"datetime": "2021-06-16 15:44:56", "elapsed": 4933.951714, "delta": 9.826077}}
{"target": -162.72900970022164, "params": {"C": 4.158140717067667, "epsilon": 7.326835772940365, "gamma": 8.005275597541381, "lamda": 4.040320754742917}, "datetime": {"datetime": "2021-06-16 15:45:09", "elapsed": 4946.601307, "delta": 12.649593}}
{"target": -108.81862615587696, "params": {"C": 4.045748287540572, "epsilon": 0.2198103805969754, "gamma": 8.057468789791965, "lamda": 8.522708028476934}, "datetime": {"datetime": "2021-06-16 15:45:21", "elapsed": 4959.269444, "delta": 12.668137}}
{"target": -19.999302190607164, "params": {"C": 7.584575807842772, "epsilon": 8.909829854837517, "gamma": 7.135287957945017, "lamda": 1.3815450235004785}, "datetime": {"datetime": "2021-06-16 15:45:30", "elapsed": 4968.352729, "delta": 9.083285}}
{"target": -20.999996784749854, "params": {"C": 7.882208386476904, "epsilon": 8.929465191407385, "gamma": 6.933337068705167, "lamda": 0.9854113123235636}, "datetime": {"datetime": "2021-06-16 15:45:36", "elapsed": 4974.248952, "delta": 5.896223}}
{"target": -129.636037002824, "params": {"C": 8.786252925494377, "epsilon": 6.32212837301239, "gamma": 6.6388461076051195, "lamda": 4.302205177422184}, "datetime": {"datetime": "2021-06-16 15:45:49", "elapsed": 4987.017184, "delta": 12.768232}}
{"target": -21.768984560722952, "params": {"C": 6.404309986032598, "epsilon": 1.9962822993323055, "gamma": 7.614572773406292, "lamda": 0.8003462832446772}, "datetime": {"datetime": "2021-06-16 15:45:56", "elapsed": 4994.259204, "delta": 7.24202}}
{"target": -19.877000069260014, "params": {"C": 2.85635663345475, "epsilon": 0.7395986310698743, "gamma": 8.944782329929028, "lamda": 1.2336082047350498}, "datetime": {"datetime": "2021-06-16 15:46:03", "elapsed": 5001.074909, "delta": 6.815705}}
{"target": -18.989855078234605, "params": {"C": 2.8128960893564265, "epsilon": 8.70306325756505, "gamma": 9.963093787561265, "lamda": 5.9882575276228085}, "datetime": {"datetime": "2021-06-16 15:46:10", "elapsed": 5008.072905, "delta": 6.997996}}
{"target": -20.496399783631016, "params": {"C": 9.651361850208641, "epsilon": 3.322651030438751, "gamma": 8.42879570980697, "lamda": 0.6812783110458299}, "datetime": {"datetime": "2021-06-16 15:46:23", "elapsed": 5021.499827, "delta": 13.426922}}
{"target": -19.409339943371634, "params": {"C": 3.8673575947814243, "epsilon": 0.5953653868578049, "gamma": 9.583434544265378, "lamda": 1.5772256291054343}, "datetime": {"datetime": "2021-06-16 15:46:33", "elapsed": 5031.114567, "delta": 9.61474}}
