{"target": -21.131012559118375, "params": {"C": 6.0451586239399635, "epsilon": 6.900938351795019, "gamma": 1.307926939207435, "lamda": 0.20813191545990573}, "datetime": {"datetime": "2021-06-17 10:46:37", "elapsed": 541.740309, "delta": 1.157117}}
{"target": -15.562235604955196, "params": {"C": 4.1635398865212085, "epsilon": 6.082831359917042, "gamma": 0.46340088445431865, "lamda": 0.041663837285658666}, "datetime": {"datetime": "2021-06-17 10:46:39", "elapsed": 543.751954, "delta": 2.011645}}
{"target": -14.971880024776238, "params": {"C": 2.7638858428936337, "epsilon": 3.9299630563157897, "gamma": 1.1406594942459989, "lamda": 0.06069837094746844}, "datetime": {"datetime": "2021-06-17 10:46:40", "elapsed": 544.857063, "delta": 1.105109}}
{"target": -14.531572377795893, "params": {"C": 3.8658895665797934, "epsilon": 4.124330178906624, "gamma": 0.8478564564819886, "lamda": 0.17364307645213667}, "datetime": {"datetime": "2021-06-17 10:46:42", "elapsed": 546.924863, "delta": 2.0678}}
{"target": -15.126511272452506, "params": {"C": 5.7334142626055975, "epsilon": 4.6415903879220926, "gamma": 0.7236179685816807, "lamda": 0.01259285326708187}, "datetime": {"datetime": "2021-06-17 10:46:44", "elapsed": 549.085251, "delta": 2.160388}}
{"target": -535.4405397723068, "params": {"C": 7.454384748794432, "epsilon": 1.1808840841916501, "gamma": 0.03146903616317982, "lamda": 0.2952687831174266}, "datetime": {"datetime": "2021-06-17 10:46:52", "elapsed": 556.738041, "delta": 7.65279}}
{"target": -9.665071502287894, "params": {"C": 0.11700115344006146, "epsilon": 0.050871627938402816, "gamma": 0.25836467748254965, "lamda": 0.18605543934743013}, "datetime": {"datetime": "2021-06-17 10:46:55", "elapsed": 559.200819, "delta": 2.462778}}
{"target": -13.133747750123911, "params": {"C": 1.0381712842144524, "epsilon": 4.206054649722117, "gamma": 1.4602166709906277, "lamda": 0.19710472946188232}, "datetime": {"datetime": "2021-06-17 10:46:57", "elapsed": 561.415585, "delta": 2.214766}}
{"target": -15.56163911872834, "params": {"C": 5.716947995341462, "epsilon": 4.59003623736371, "gamma": 0.7371595688792427, "lamda": 0.04285503501213747}, "datetime": {"datetime": "2021-06-17 10:47:00", "elapsed": 564.334427, "delta": 2.918842}}
{"target": -16.839969211626748, "params": {"C": 5.42700008727387, "epsilon": 6.270171487460463, "gamma": 1.001023924160421, "lamda": 0.09215865129899897}, "datetime": {"datetime": "2021-06-17 10:47:01", "elapsed": 565.533181, "delta": 1.198754}}
{"target": -9.653005997863568, "params": {"C": 0.16110133118092393, "epsilon": 5.469741127350806, "gamma": 0.36070848285189383, "lamda": 0.2567077014879077}, "datetime": {"datetime": "2021-06-17 10:47:03", "elapsed": 567.737662, "delta": 2.204481}}
{"target": -36.13398918510024, "params": {"C": 7.213575803475417, "epsilon": 9.17011228288421, "gamma": 1.2870796369703288, "lamda": 0.11418744830048498}, "datetime": {"datetime": "2021-06-17 10:47:05", "elapsed": 569.130204, "delta": 1.392542}}
{"target": -13.917552116483442, "params": {"C": 2.6967003266123415, "epsilon": 8.886364795488825, "gamma": 0.9043749690864837, "lamda": 0.45340759085768334}, "datetime": {"datetime": "2021-06-17 10:47:07", "elapsed": 571.27181, "delta": 2.141606}}
{"target": -14.892934462963975, "params": {"C": 2.584113268138785, "epsilon": 8.622973294113278, "gamma": 1.0231772971211563, "lamda": 0.403325966723782}, "datetime": {"datetime": "2021-06-17 10:47:09", "elapsed": 573.422228, "delta": 2.150418}}
{"target": -15.58371826902152, "params": {"C": 4.150959605683971, "epsilon": 6.136040238530386, "gamma": 0.4528132056103074, "lamda": 0.03268413792687221}, "datetime": {"datetime": "2021-06-17 10:47:11", "elapsed": 575.526709, "delta": 2.104481}}
{"target": -9.758258457171651, "params": {"C": 0.18930288358569541, "epsilon": 0.2172243942476959, "gamma": 0.11539064742994656, "lamda": 0.14048490409670517}, "datetime": {"datetime": "2021-06-17 10:47:13", "elapsed": 577.761063, "delta": 2.234354}}
{"target": -5073.320269153556, "params": {"C": 9.252886173019567, "epsilon": 9.157376957742615, "gamma": 1.5763439221756161, "lamda": 0.34796959765748087}, "datetime": {"datetime": "2021-06-17 10:47:27", "elapsed": 591.217102, "delta": 13.456039}}
{"target": -18.915733881290077, "params": {"C": 4.982653087983481, "epsilon": 2.535438353705066, "gamma": 1.2488625187507245, "lamda": 0.4130361662919567}, "datetime": {"datetime": "2021-06-17 10:47:28", "elapsed": 592.700932, "delta": 1.48383}}
{"target": -13.909449379144556, "params": {"C": 2.3955600510758814, "epsilon": 3.0621053328431627, "gamma": 0.9643545570756267, "lamda": 0.06521971279629335}, "datetime": {"datetime": "2021-06-17 10:47:29", "elapsed": 594.024556, "delta": 1.323624}}
{"target": -29.747216328861466, "params": {"C": 8.04126193873658, "epsilon": 2.69743131750661, "gamma": 1.4131384887534062, "lamda": 0.16488338592915697}, "datetime": {"datetime": "2021-06-17 10:47:31", "elapsed": 595.335169, "delta": 1.310613}}
{"target": -16.933389045178703, "params": {"C": 2.46742326411528, "epsilon": 2.0278008874723112, "gamma": 1.5990236836121852, "lamda": 0.428475373843505}, "datetime": {"datetime": "2021-06-17 10:47:32", "elapsed": 596.755272, "delta": 1.420103}}
{"target": -13.886052596818388, "params": {"C": 1.0437469576967546, "epsilon": 4.362131432219508, "gamma": 1.638909945961541, "lamda": 0.17212207661729959}, "datetime": {"datetime": "2021-06-17 10:47:34", "elapsed": 598.516735, "delta": 1.761463}}
{"target": -16.706597944729985, "params": {"C": 3.1594182692019412, "epsilon": 8.929048282154346, "gamma": 1.1598720182864173, "lamda": 0.09278380323558004}, "datetime": {"datetime": "2021-06-17 10:47:35", "elapsed": 599.862951, "delta": 1.346216}}
{"target": -36.23634312768409, "params": {"C": 7.213497570532993, "epsilon": 9.170042551969619, "gamma": 1.2869603496213429, "lamda": 0.11420283457565}, "datetime": {"datetime": "2021-06-17 10:47:37", "elapsed": 601.923501, "delta": 2.06055}}
{"target": -20.910578692668068, "params": {"C": 5.258173187274029, "epsilon": 8.065058314916714, "gamma": 1.5395248375079, "lamda": 0.317439152897699}, "datetime": {"datetime": "2021-06-17 10:47:39", "elapsed": 603.769601, "delta": 1.8461}}
{"target": -13.782312048693052, "params": {"C": 1.6546012073053624, "epsilon": 4.742126020117575, "gamma": 0.8589368032032895, "lamda": 0.13444144644362294}, "datetime": {"datetime": "2021-06-17 10:47:41", "elapsed": 605.714792, "delta": 1.945191}}
{"target": -14.01180977426158, "params": {"C": 1.6399529927999479, "epsilon": 4.727457802391202, "gamma": 0.8605521434890412, "lamda": 0.11745923260805978}, "datetime": {"datetime": "2021-06-17 10:47:43", "elapsed": 607.961218, "delta": 2.246426}}
{"target": -29.155951436928955, "params": {"C": 4.424569618269095, "epsilon": 5.816121342475277, "gamma": 1.9797147963863149, "lamda": 0.10282730566782253}, "datetime": {"datetime": "2021-06-17 10:47:45", "elapsed": 609.783521, "delta": 1.822303}}
{"target": -13.834857633978375, "params": {"C": 0.9636238596390467, "epsilon": 0.9603584840990586, "gamma": 0.6346301932994555, "lamda": 0.4605979273386564}, "datetime": {"datetime": "2021-06-17 10:47:46", "elapsed": 611.122366, "delta": 1.338845}}
{"target": -15.024026668022849, "params": {"C": 3.066066998334585, "epsilon": 6.766837546336323, "gamma": 1.107126192745803, "lamda": 0.15851820905874234}, "datetime": {"datetime": "2021-06-17 10:47:48", "elapsed": 613.077155, "delta": 1.954789}}
{"target": -18.95979774037079, "params": {"C": 4.982671538713197, "epsilon": 2.535418511767323, "gamma": 1.2487508029822194, "lamda": 0.41292629898990635}, "datetime": {"datetime": "2021-06-17 10:47:50", "elapsed": 614.974933, "delta": 1.897778}}
{"target": -9.584464977139023, "params": {"C": 0.20493231518116545, "epsilon": 0.17600612851857514, "gamma": 0.15619480851617, "lamda": 0.15352412014751687}, "datetime": {"datetime": "2021-06-17 10:47:53", "elapsed": 617.85321, "delta": 2.878277}}
{"target": -13.042682639813355, "params": {"C": 1.2504176390364126, "epsilon": 2.7924526728615495, "gamma": 1.1756111262495015, "lamda": 0.48490897564073554}, "datetime": {"datetime": "2021-06-17 10:47:57", "elapsed": 621.370293, "delta": 3.517083}}
{"target": -15.683779435947457, "params": {"C": 9.903119306086877, "epsilon": 6.440818288189793, "gamma": 0.1847621513456141, "lamda": 0.036247458763072796}, "datetime": {"datetime": "2021-06-17 10:48:00", "elapsed": 625.068206, "delta": 3.697913}}
{"target": -29.812170198683692, "params": {"C": 8.107656232736744, "epsilon": 8.738099398355974, "gamma": 1.4418605981791128, "lamda": 0.28071838456430614}, "datetime": {"datetime": "2021-06-17 10:48:04", "elapsed": 628.487808, "delta": 3.419602}}
{"target": -10.624526459871653, "params": {"C": 5.555496797993797, "epsilon": 1.3711227140438618, "gamma": 0.1388366112594035, "lamda": 0.07081660357655385}, "datetime": {"datetime": "2021-06-17 10:48:08", "elapsed": 632.395067, "delta": 3.907259}}
{"target": -20.127295097018276, "params": {"C": 3.024456796203598, "epsilon": 1.4419626534554189, "gamma": 1.8432916485535324, "lamda": 0.21931634714811754}, "datetime": {"datetime": "2021-06-17 10:48:11", "elapsed": 635.371785, "delta": 2.976718}}
{"target": -14.922840374426617, "params": {"C": 1.0439763250709604, "epsilon": 4.459944680716466, "gamma": 1.8372985254105072, "lamda": 0.0738898902744727}, "datetime": {"datetime": "2021-06-17 10:48:14", "elapsed": 639.012501, "delta": 3.640716}}
{"target": -24.069895547904732, "params": {"C": 6.4654025580435555, "epsilon": 2.2527414852548153, "gamma": 1.5321314817323943, "lamda": 0.2195881905941265}, "datetime": {"datetime": "2021-06-17 10:48:18", "elapsed": 642.72598, "delta": 3.713479}}
{"target": -15.194804294358688, "params": {"C": 5.735787861505924, "epsilon": 4.638013447853771, "gamma": 0.7899253581456293, "lamda": 0.010552328899171622}, "datetime": {"datetime": "2021-06-17 10:48:21", "elapsed": 646.039714, "delta": 3.313734}}
{"target": -18.227817643469184, "params": {"C": 1.962377701753293, "epsilon": 5.814062684173516, "gamma": 1.9403128560421838, "lamda": 0.42372104337930716}, "datetime": {"datetime": "2021-06-17 10:48:26", "elapsed": 650.470691, "delta": 4.430977}}
{"target": -15.803690514597617, "params": {"C": 2.4621967616837783, "epsilon": 2.603016267719421, "gamma": 1.2909412338414308, "lamda": 0.1935995757019625}, "datetime": {"datetime": "2021-06-17 10:48:30", "elapsed": 654.366888, "delta": 3.896197}}
{"target": -19.101106344325697, "params": {"C": 1.9623893936789396, "epsilon": 5.814084148377774, "gamma": 1.940171545789393, "lamda": 0.42359451956546995}, "datetime": {"datetime": "2021-06-17 10:48:34", "elapsed": 658.541052, "delta": 4.174164}}
{"target": -14.712283396350411, "params": {"C": 3.5154354529216256, "epsilon": 9.383416101145936, "gamma": 1.0134297940925368, "lamda": 0.27146025995043266}, "datetime": {"datetime": "2021-06-17 10:48:38", "elapsed": 662.138565, "delta": 3.597513}}
{"target": -11.37576303340972, "params": {"C": 8.765282622914386, "epsilon": 8.946128562412037, "gamma": 0.1792497042945801, "lamda": 0.020541481463719893}, "datetime": {"datetime": "2021-06-17 10:48:42", "elapsed": 666.474541, "delta": 4.335976}}
{"target": -13.93143844944957, "params": {"C": 2.705931333486623, "epsilon": 8.954198670710262, "gamma": 0.864689732647452, "lamda": 0.4805476622403484}, "datetime": {"datetime": "2021-06-17 10:48:45", "elapsed": 669.694271, "delta": 3.21973}}
{"target": -30.234109340905825, "params": {"C": 7.959275926622292, "epsilon": 8.66196415192439, "gamma": 1.5071387123355406, "lamda": 0.22628013188027157}, "datetime": {"datetime": "2021-06-17 10:48:48", "elapsed": 672.27882, "delta": 2.584549}}
{"target": -29.33997097655595, "params": {"C": 9.220871018195835, "epsilon": 9.100276637165013, "gamma": 1.6108533771467544, "lamda": 0.268813347190564}, "datetime": {"datetime": "2021-06-17 10:48:51", "elapsed": 675.774966, "delta": 3.496146}}
{"target": -13.432603248301852, "params": {"C": 2.5785087997109954, "epsilon": 1.1096862964978087, "gamma": 0.3940495279447784, "lamda": 0.2503307097154623}, "datetime": {"datetime": "2021-06-17 10:48:55", "elapsed": 679.375004, "delta": 3.600038}}
{"target": -13.864140084393965, "params": {"C": 1.9935777762836782, "epsilon": 4.268868417123032, "gamma": 0.6944210583937394, "lamda": 0.39853388464574807}, "datetime": {"datetime": "2021-06-17 10:48:59", "elapsed": 683.325711, "delta": 3.950707}}
{"target": -16.799587513352858, "params": {"C": 4.314851779396513, "epsilon": 4.159380115724602, "gamma": 1.206599314974287, "lamda": 0.31095278740556237}, "datetime": {"datetime": "2021-06-17 10:49:02", "elapsed": 686.144741, "delta": 2.81903}}
{"target": -44.52924870857487, "params": {"C": 8.660596705398147, "epsilon": 9.18502071747837, "gamma": 1.7222343844377033, "lamda": 0.3474826958080817}, "datetime": {"datetime": "2021-06-17 10:49:05", "elapsed": 689.263333, "delta": 3.118592}}
{"target": -32.36178004292903, "params": {"C": 7.9679718972741655, "epsilon": 8.643104806067505, "gamma": 1.494928753096789, "lamda": 0.21471489644716646}, "datetime": {"datetime": "2021-06-17 10:49:08", "elapsed": 692.90071, "delta": 3.637377}}
{"target": -14.529234525258413, "params": {"C": 1.0481187419134212, "epsilon": 4.4465714195835275, "gamma": 1.7744268823122553, "lamda": 0.11453350417642248}, "datetime": {"datetime": "2021-06-17 10:49:12", "elapsed": 696.47974, "delta": 3.57903}}
{"target": -26.385918219290723, "params": {"C": 8.646175546994955, "epsilon": 3.227344660188655, "gamma": 1.344971225603438, "lamda": 0.22597586434498385}, "datetime": {"datetime": "2021-06-17 10:49:16", "elapsed": 700.491112, "delta": 4.011372}}
{"target": -14.85637521928291, "params": {"C": 2.553737853172432, "epsilon": 8.643876503777527, "gamma": 1.0256063841479002, "lamda": 0.4683774052363796}, "datetime": {"datetime": "2021-06-17 10:49:19", "elapsed": 703.972592, "delta": 3.48148}}
{"target": -11.372524993321958, "params": {"C": 8.765219856763876, "epsilon": 8.946226123615698, "gamma": 0.17909279442465575, "lamda": 0.020556944528383324}, "datetime": {"datetime": "2021-06-17 10:49:24", "elapsed": 708.583602, "delta": 4.61101}}
{"target": -13.408906315728295, "params": {"C": 2.610392962685606, "epsilon": 8.047744849902312, "gamma": 0.39501353888014423, "lamda": 0.3200776406948489}, "datetime": {"datetime": "2021-06-17 10:49:28", "elapsed": 712.217774, "delta": 3.634172}}
{"target": -15.125395573861175, "params": {"C": 3.8164267981130306, "epsilon": 7.498764963988203, "gamma": 1.0270416281090209, "lamda": 0.27087502350226345}, "datetime": {"datetime": "2021-06-17 10:49:31", "elapsed": 715.675888, "delta": 3.458114}}
{"target": -25.106326844368148, "params": {"C": 6.426521538275613, "epsilon": 2.166498239245422, "gamma": 1.5537008922759523, "lamda": 0.09955967670418163}, "datetime": {"datetime": "2021-06-17 10:49:34", "elapsed": 718.56123, "delta": 2.885342}}
{"target": -13.489383786149736, "params": {"C": 1.401385051541183, "epsilon": 8.074085545089911, "gamma": 0.8013992788269092, "lamda": 0.08333807036871572}, "datetime": {"datetime": "2021-06-17 10:49:38", "elapsed": 722.637679, "delta": 4.076449}}
{"target": -29.548467789179554, "params": {"C": 8.66758284545262, "epsilon": 9.498113784922321, "gamma": 1.6545566599516068, "lamda": 0.42728241603173167}, "datetime": {"datetime": "2021-06-17 10:49:42", "elapsed": 726.392685, "delta": 3.755006}}
{"target": -5084.894567900262, "params": {"C": 8.130362632882607, "epsilon": 8.723440731543773, "gamma": 1.5108680204616292, "lamda": 0.3664844970888473}, "datetime": {"datetime": "2021-06-17 10:49:57", "elapsed": 741.954785, "delta": 15.5621}}
{"target": -23.889098467184002, "params": {"C": 8.800638043671876, "epsilon": 9.096833471541029, "gamma": 1.3608328499024305, "lamda": 0.06788057890942764}, "datetime": {"datetime": "2021-06-17 10:50:01", "elapsed": 746.064517, "delta": 4.109732}}
{"target": -5703.372918415362, "params": {"C": 9.326762227233234, "epsilon": 9.165796816809625, "gamma": 1.4956056938686453, "lamda": 0.33294060283201554}, "datetime": {"datetime": "2021-06-17 10:50:16", "elapsed": 760.997548, "delta": 14.933031}}
{"target": -22.740597116717762, "params": {"C": 8.770033503160247, "epsilon": 9.038616394360378, "gamma": 1.2917063154233965, "lamda": 0.1067914211994613}, "datetime": {"datetime": "2021-06-17 10:50:21", "elapsed": 765.695899, "delta": 4.698351}}
{"target": -11.575522650054863, "params": {"C": 0.12857793859263947, "epsilon": 2.345083992999444, "gamma": 1.2498621711762568, "lamda": 0.4454109614595656}, "datetime": {"datetime": "2021-06-17 10:50:26", "elapsed": 770.322292, "delta": 4.626393}}
{"target": -30.2593318669903, "params": {"C": 6.234843053953164, "epsilon": 4.266101264614898, "gamma": 1.959938285251954, "lamda": 0.3434117052384913}, "datetime": {"datetime": "2021-06-17 10:50:31", "elapsed": 775.759204, "delta": 5.436912}}
{"target": -14.92605609228923, "params": {"C": 4.446040661933139, "epsilon": 5.807319694923969, "gamma": 0.7774187324547526, "lamda": 0.09274756189390782}, "datetime": {"datetime": "2021-06-17 10:50:36", "elapsed": 780.426282, "delta": 4.667078}}
{"target": -34.577912311813655, "params": {"C": 8.209451819166107, "epsilon": 8.751974822564188, "gamma": 1.499068290163926, "lamda": 0.321754772624734}, "datetime": {"datetime": "2021-06-17 10:50:41", "elapsed": 785.859456, "delta": 5.433174}}
{"target": -10.026864059588164, "params": {"C": 0.17431009514141052, "epsilon": 5.94426055273553, "gamma": 0.835583093815493, "lamda": 0.440340497973308}, "datetime": {"datetime": "2021-06-17 10:50:46", "elapsed": 790.175772, "delta": 4.316316}}
{"target": -29.08884578731252, "params": {"C": 6.453881235816647, "epsilon": 2.211491379429136, "gamma": 1.530456489852936, "lamda": 0.21720637304758486}, "datetime": {"datetime": "2021-06-17 10:50:50", "elapsed": 794.930094, "delta": 4.754322}}
{"target": -31.07798409457791, "params": {"C": 8.061534605987397, "epsilon": 3.9206641362365966, "gamma": 1.6692950178226842, "lamda": 0.34834418815741053}, "datetime": {"datetime": "2021-06-17 10:50:55", "elapsed": 799.199462, "delta": 4.269368}}
{"target": -5175.655750801581, "params": {"C": 8.06467479678316, "epsilon": 3.92565979407525, "gamma": 1.6740793910241316, "lamda": 0.41364653917887}, "datetime": {"datetime": "2021-06-17 10:51:12", "elapsed": 816.913089, "delta": 17.713627}}
{"target": -28.671849111449454, "params": {"C": 9.594279948558803, "epsilon": 5.3289770171385324, "gamma": 1.357024274524387, "lamda": 0.18533993291993017}, "datetime": {"datetime": "2021-06-17 10:51:17", "elapsed": 821.432347, "delta": 4.519258}}
{"target": -15.50792368648992, "params": {"C": 4.078710165660021, "epsilon": 6.137082687514925, "gamma": 0.41275589832244436, "lamda": 0.033343808609219074}, "datetime": {"datetime": "2021-06-17 10:51:21", "elapsed": 825.763238, "delta": 4.330891}}
{"target": -22.8599757639827, "params": {"C": 6.46069977055702, "epsilon": 2.273958030492745, "gamma": 1.5097461334658877, "lamda": 0.1190824080316047}, "datetime": {"datetime": "2021-06-17 10:51:27", "elapsed": 831.474076, "delta": 5.710838}}
{"target": -10.668972806560143, "params": {"C": 5.529858638700473, "epsilon": 1.3947536883416392, "gamma": 0.14711222564762377, "lamda": 0.06523332060020523}, "datetime": {"datetime": "2021-06-17 10:51:32", "elapsed": 836.953324, "delta": 5.479248}}
{"target": -15.056739409805331, "params": {"C": 5.6994765261871, "epsilon": 4.583418925907787, "gamma": 0.7452249784852721, "lamda": 0.07225462503897719}, "datetime": {"datetime": "2021-06-17 10:51:38", "elapsed": 842.235091, "delta": 5.281767}}
{"target": -15.527431044070486, "params": {"C": 4.157404454394971, "epsilon": 5.656560464993523, "gamma": 0.4118153516426513, "lamda": 0.12285728125720494}, "datetime": {"datetime": "2021-06-17 10:51:44", "elapsed": 848.22145, "delta": 5.986359}}
{"target": -22.284379482062555, "params": {"C": 6.477019791668779, "epsilon": 2.2577126261435447, "gamma": 1.442991156354553, "lamda": 0.20170250005947093}, "datetime": {"datetime": "2021-06-17 10:51:48", "elapsed": 853.041196, "delta": 4.819746}}
{"target": -14.824370569640097, "params": {"C": 3.550874581461028, "epsilon": 9.427555324128594, "gamma": 1.0264775081731285, "lamda": 0.33370300069179754}, "datetime": {"datetime": "2021-06-17 10:51:53", "elapsed": 857.3101, "delta": 4.268904}}
{"target": -14.171602391519015, "params": {"C": 2.294237792317926, "epsilon": 4.546083155404911, "gamma": 1.1008589883576572, "lamda": 0.38915855348651857}, "datetime": {"datetime": "2021-06-17 10:51:58", "elapsed": 862.631921, "delta": 5.321821}}
{"target": -33.61378766250183, "params": {"C": 7.495563536171027, "epsilon": 9.269837962210676, "gamma": 1.4209463039130263, "lamda": 0.06805654358652705}, "datetime": {"datetime": "2021-06-17 10:52:03", "elapsed": 868.06453, "delta": 5.432609}}
{"target": -22.75646957007654, "params": {"C": 8.781955902015437, "epsilon": 9.0708277337083, "gamma": 1.2935074220353373, "lamda": 0.10830483168967348}, "datetime": {"datetime": "2021-06-17 10:52:09", "elapsed": 873.940552, "delta": 5.876022}}
{"target": -23.053884225669734, "params": {"C": 5.273739764898349, "epsilon": 8.041695515340495, "gamma": 1.5073590415828158, "lamda": 0.28141733641348254}, "datetime": {"datetime": "2021-06-17 10:52:14", "elapsed": 878.888799, "delta": 4.948247}}
{"target": -14.237673273517926, "params": {"C": 1.61525828509721, "epsilon": 4.65800265611359, "gamma": 0.6853099223689184, "lamda": 0.13583806464905604}, "datetime": {"datetime": "2021-06-17 10:52:19", "elapsed": 883.602211, "delta": 4.713412}}
{"target": -14.814239925558361, "params": {"C": 3.6224338668915794, "epsilon": 9.448214038639211, "gamma": 1.0161375988388714, "lamda": 0.36883378968345765}, "datetime": {"datetime": "2021-06-17 10:52:25", "elapsed": 889.20519, "delta": 5.602979}}
