{"target": -19.533187322604366, "params": {"C": 3.9905116290211757, "epsilon": 0.8270866577446989, "gamma": 9.408637445110934, "lamda": 1.4514740263943082}, "datetime": {"datetime": "2021-06-16 16:17:11", "elapsed": 6869.389615, "delta": 11.349057}}
{"target": -20.843648602146125, "params": {"C": 8.825484658039644, "epsilon": 5.622867214660041, "gamma": 6.148102033022399, "lamda": 2.5460756101928177}, "datetime": {"datetime": "2021-06-16 16:17:21", "elapsed": 6879.104423, "delta": 9.714808}}
{"target": -31.182507315572717, "params": {"C": 1.9596033325770983, "epsilon": 3.752971087885469, "gamma": 5.170847261135017, "lamda": 0.7331409748116106}, "datetime": {"datetime": "2021-06-16 16:17:30", "elapsed": 6887.862636, "delta": 8.758213}}
{"target": -20.709936406043028, "params": {"C": 9.987242317277811, "epsilon": 3.266540343814934, "gamma": 7.881716137798835, "lamda": 0.6049786418501104}, "datetime": {"datetime": "2021-06-16 16:17:36", "elapsed": 6894.469626, "delta": 6.60699}}
{"target": -22.509770805604667, "params": {"C": 6.305465266124658, "epsilon": 1.78297395289721, "gamma": 7.22225495758533, "lamda": 0.7088906210752385}, "datetime": {"datetime": "2021-06-16 16:17:48", "elapsed": 6905.924202, "delta": 11.454576}}
{"target": -28.03186772703278, "params": {"C": 1.89960529746221, "epsilon": 3.354959771448835, "gamma": 5.2673390862392795, "lamda": 0.7710589466952209}, "datetime": {"datetime": "2021-06-16 16:17:58", "elapsed": 6916.351039, "delta": 10.426837}}
{"target": -25.29803002871885, "params": {"C": 1.9312485388711877, "epsilon": 3.8352753852144215, "gamma": 5.207417104103109, "lamda": 0.5640155861875488}, "datetime": {"datetime": "2021-06-16 16:18:08", "elapsed": 6926.500717, "delta": 10.149678}}
{"target": -20.521248529194867, "params": {"C": 8.990302517253696, "epsilon": 5.617419410092477, "gamma": 6.234911809080259, "lamda": 2.4677434790007826}, "datetime": {"datetime": "2021-06-16 16:18:17", "elapsed": 6935.501817, "delta": 9.0011}}
{"target": -41.097912609869994, "params": {"C": 5.169913115492015, "epsilon": 8.453535857012103, "gamma": 3.642860042756571, "lamda": 0.5284877728663517}, "datetime": {"datetime": "2021-06-16 16:18:23", "elapsed": 6941.534758, "delta": 6.032941}}
{"target": -21.410268804761767, "params": {"C": 2.3826857296808073, "epsilon": 5.3986901722530165, "gamma": 8.098903599042211, "lamda": 0.17254299405133505}, "datetime": {"datetime": "2021-06-16 16:18:32", "elapsed": 6950.109689, "delta": 8.574931}}
{"target": -19.963020127490598, "params": {"C": 8.59369052211382, "epsilon": 6.6278255898977, "gamma": 6.666792634583419, "lamda": 2.211156039562398}, "datetime": {"datetime": "2021-06-16 16:18:49", "elapsed": 6966.817644, "delta": 16.707955}}
{"target": -19.31289020823056, "params": {"C": 3.8019302157436705, "epsilon": 0.5852668452820309, "gamma": 9.631980768353307, "lamda": 2.0284115714266275}, "datetime": {"datetime": "2021-06-16 16:18:58", "elapsed": 6976.337529, "delta": 9.519885}}
{"target": -19.397082207892286, "params": {"C": 3.6296825117136002, "epsilon": 0.6126917022391094, "gamma": 9.794464767720758, "lamda": 1.4430622770610513}, "datetime": {"datetime": "2021-06-16 16:19:07", "elapsed": 6985.382764, "delta": 9.045235}}
{"target": -21.81915557538891, "params": {"C": 7.66832415510609, "epsilon": 8.64712547632478, "gamma": 6.712165730902912, "lamda": 0.8090233238798464}, "datetime": {"datetime": "2021-06-16 16:19:20", "elapsed": 6997.994739, "delta": 12.611975}}
{"target": -21.121177366547393, "params": {"C": 8.491690473688003, "epsilon": 6.2235185966407744, "gamma": 6.344449307822311, "lamda": 2.2372524879665003}, "datetime": {"datetime": "2021-06-16 16:19:29", "elapsed": 7007.527184, "delta": 9.532445}}
{"target": -21.602577171083297, "params": {"C": 6.534522605686569, "epsilon": 1.9218322121441083, "gamma": 7.776156902591913, "lamda": 0.822611193551137}, "datetime": {"datetime": "2021-06-16 16:19:36", "elapsed": 7013.714717, "delta": 6.187533}}
{"target": -20.539214329222304, "params": {"C": 9.887800186457126, "epsilon": 3.345942232105939, "gamma": 8.486644645514088, "lamda": 0.5234949358663747}, "datetime": {"datetime": "2021-06-16 16:19:50", "elapsed": 7028.505395, "delta": 14.790678}}
{"target": -221.66912171332166, "params": {"C": 4.30923264482773, "epsilon": 5.040283752026035, "gamma": 5.107314578907398, "lamda": 3.9557437869369636}, "datetime": {"datetime": "2021-06-16 16:20:05", "elapsed": 7043.040799, "delta": 14.535404}}
{"target": -20.245357400730015, "params": {"C": 8.450794476230154, "epsilon": 7.1198747888867535, "gamma": 6.888821122662268, "lamda": 1.6921252741923989}, "datetime": {"datetime": "2021-06-16 16:20:18", "elapsed": 7055.682646, "delta": 12.641847}}
{"target": -27.423097843499853, "params": {"C": 1.9123023302119082, "epsilon": 3.929427373791242, "gamma": 5.264198246111065, "lamda": 0.7885781935016756}, "datetime": {"datetime": "2021-06-16 16:20:28", "elapsed": 7066.126879, "delta": 10.444233}}
{"target": -21.664418762485223, "params": {"C": 6.349590200249709, "epsilon": 1.890829762264166, "gamma": 7.561279398015442, "lamda": 0.8215488092796612}, "datetime": {"datetime": "2021-06-16 16:20:38", "elapsed": 7076.338903, "delta": 10.212024}}
{"target": -18.828632893315163, "params": {"C": 9.794744408114031, "epsilon": 5.966118410946086, "gamma": 8.753059297889283, "lamda": 1.7124199161635345}, "datetime": {"datetime": "2021-06-16 16:20:46", "elapsed": 7084.235833, "delta": 7.89693}}
{"target": -98.36347943016915, "params": {"C": 2.963425714695121, "epsilon": 5.0640864563998855, "gamma": 1.0075854036323402, "lamda": 2.3543486147097368}, "datetime": {"datetime": "2021-06-16 16:21:00", "elapsed": 7098.206593, "delta": 13.97076}}
{"target": -101.19561236904259, "params": {"C": 7.406676049120664, "epsilon": 4.895027721866737, "gamma": 7.512042529379184, "lamda": 4.002846608306117}, "datetime": {"datetime": "2021-06-16 16:21:14", "elapsed": 7112.485001, "delta": 14.278408}}
{"target": -22.441991992913557, "params": {"C": 8.318618480999438, "epsilon": 2.1940186761523077, "gamma": 6.941342743924403, "lamda": 1.596431091717086}, "datetime": {"datetime": "2021-06-16 16:21:23", "elapsed": 7120.739723, "delta": 8.254722}}
{"target": -100.99178945918841, "params": {"C": 0.9195012706536358, "epsilon": 2.7869633404581333, "gamma": 6.922641665080064, "lamda": 1.336475859800079}, "datetime": {"datetime": "2021-06-16 16:21:37", "elapsed": 7135.494382, "delta": 14.754659}}
{"target": -19.05414424655707, "params": {"C": 9.188786428683047, "epsilon": 5.8485892590388575, "gamma": 8.593409726245694, "lamda": 1.629648555020029}, "datetime": {"datetime": "2021-06-16 16:21:48", "elapsed": 7145.717523, "delta": 10.223141}}
{"target": -21.364587092911393, "params": {"C": 8.284206891468163, "epsilon": 6.764893153487585, "gamma": 6.208641008531142, "lamda": 2.082579574344666}, "datetime": {"datetime": "2021-06-16 16:21:59", "elapsed": 7156.880483, "delta": 11.16296}}
{"target": -21.710963731055934, "params": {"C": 6.30966818460931, "epsilon": 2.0230261504679734, "gamma": 7.779015360391089, "lamda": 0.5976796854191752}, "datetime": {"datetime": "2021-06-16 16:22:09", "elapsed": 7167.520002, "delta": 10.639519}}
{"target": -20.348031760857808, "params": {"C": 8.047356229922654, "epsilon": 9.042373564977353, "gamma": 7.113255307911787, "lamda": 1.1966683998398628}, "datetime": {"datetime": "2021-06-16 16:22:16", "elapsed": 7173.635584, "delta": 6.115582}}
{"target": -20.183699437303392, "params": {"C": 6.94200001934223, "epsilon": 8.658731441105438, "gamma": 7.25943140198715, "lamda": 1.2451838572741312}, "datetime": {"datetime": "2021-06-16 16:22:30", "elapsed": 7188.355181, "delta": 14.719597}}
{"target": -19.81915654766114, "params": {"C": 8.129648140804543, "epsilon": 7.124891103352794, "gamma": 6.738701099085165, "lamda": 2.1199175677332818}, "datetime": {"datetime": "2021-06-16 16:22:43", "elapsed": 7201.260406, "delta": 12.905225}}
{"target": -18.830915383013306, "params": {"C": 9.240060885323972, "epsilon": 6.1798884381684465, "gamma": 8.74333889971094, "lamda": 1.6572286988280027}, "datetime": {"datetime": "2021-06-16 16:22:53", "elapsed": 7211.433804, "delta": 10.173398}}
{"target": -107.40299278599798, "params": {"C": 4.373512439568863, "epsilon": 8.616845879520046, "gamma": 3.0890184196350075, "lamda": 8.90072687459719}, "datetime": {"datetime": "2021-06-16 16:23:08", "elapsed": 7225.805186, "delta": 14.371382}}
{"target": -106.173642967335, "params": {"C": 1.517829320186818, "epsilon": 6.865895984359867, "gamma": 1.6619275676806162, "lamda": 1.5777233871190361}, "datetime": {"datetime": "2021-06-16 16:23:23", "elapsed": 7240.714884, "delta": 14.909698}}
{"target": -22.67171011951049, "params": {"C": 6.746870445076956, "epsilon": 1.7534675303482028, "gamma": 7.2024630587121, "lamda": 0.5781506146776172}, "datetime": {"datetime": "2021-06-16 16:23:32", "elapsed": 7249.892064, "delta": 9.17718}}
{"target": -18.758333185178586, "params": {"C": 9.84203399464411, "epsilon": 6.14765006098483, "gamma": 8.649832391765688, "lamda": 1.758349383665639}, "datetime": {"datetime": "2021-06-16 16:23:45", "elapsed": 7262.948009, "delta": 13.055945}}
{"target": -21.443231317770753, "params": {"C": 2.1744012547965776, "epsilon": 5.4797235859710725, "gamma": 8.049238775267575, "lamda": 0.24653873825303088}, "datetime": {"datetime": "2021-06-16 16:24:07", "elapsed": 7284.853813, "delta": 21.905804}}
{"target": -20.2237141988125, "params": {"C": 2.878042020384356, "epsilon": 1.0299994373049506, "gamma": 8.668127385064851, "lamda": 1.4698322595623738}, "datetime": {"datetime": "2021-06-16 16:24:17", "elapsed": 7295.360362, "delta": 10.506549}}
{"target": -26.863199706490576, "params": {"C": 1.8904375095086516, "epsilon": 3.370722464353605, "gamma": 5.252778642193816, "lamda": 0.8304983982824098}, "datetime": {"datetime": "2021-06-16 16:24:30", "elapsed": 7307.693484, "delta": 12.333122}}
{"target": -20.71099343763121, "params": {"C": 7.757815557006553, "epsilon": 8.918588824372943, "gamma": 6.976878947010952, "lamda": 1.0915100016698558}, "datetime": {"datetime": "2021-06-16 16:24:40", "elapsed": 7317.784789, "delta": 10.091305}}
{"target": -20.435241550705925, "params": {"C": 3.1619187975322323, "epsilon": 0.8270621276067737, "gamma": 8.595264288617434, "lamda": 1.5570318670237535}, "datetime": {"datetime": "2021-06-16 16:24:52", "elapsed": 7329.844449, "delta": 12.05966}}
{"target": -20.80272436727728, "params": {"C": 7.840920373637376, "epsilon": 9.03527411435658, "gamma": 6.98589835588601, "lamda": 1.0316700135260213}, "datetime": {"datetime": "2021-06-16 16:25:10", "elapsed": 7348.538196, "delta": 18.693747}}
{"target": -21.790475458155456, "params": {"C": 6.337703706316785, "epsilon": 1.9945194493671796, "gamma": 7.696066623729051, "lamda": 0.7790918321863428}, "datetime": {"datetime": "2021-06-16 16:25:23", "elapsed": 7361.479305, "delta": 12.941109}}
{"target": -18.59394753773768, "params": {"C": 5.758516917664765, "epsilon": 9.508706284160967, "gamma": 9.38658352000826, "lamda": 0.9646344807380396}, "datetime": {"datetime": "2021-06-16 16:25:32", "elapsed": 7370.489013, "delta": 9.009708}}
{"target": -147.64640536345098, "params": {"C": 8.169598545181266, "epsilon": 8.626842181670705, "gamma": 8.352371974850591, "lamda": 3.2075791176608743}, "datetime": {"datetime": "2021-06-16 16:25:47", "elapsed": 7385.055115, "delta": 14.566102}}
{"target": -20.907310269003215, "params": {"C": 8.84318486774499, "epsilon": 5.587931595444017, "gamma": 6.140425303366636, "lamda": 2.5080682779802386}, "datetime": {"datetime": "2021-06-16 16:26:03", "elapsed": 7401.088549, "delta": 16.033434}}
{"target": -18.965482271601573, "params": {"C": 9.600923443987163, "epsilon": 5.835142422443815, "gamma": 8.771304476638234, "lamda": 1.581321768060428}, "datetime": {"datetime": "2021-06-16 16:26:22", "elapsed": 7420.474101, "delta": 19.385552}}
{"target": -19.130511847796463, "params": {"C": 9.111990930514091, "epsilon": 5.848694608130592, "gamma": 8.312207246283075, "lamda": 1.8825303339582944}, "datetime": {"datetime": "2021-06-16 16:26:35", "elapsed": 7433.008172, "delta": 12.534071}}
{"target": -19.76111307398652, "params": {"C": 3.135395660936624, "epsilon": 1.1628090258657104, "gamma": 9.083992471408793, "lamda": 1.57496621985179}, "datetime": {"datetime": "2021-06-16 16:26:45", "elapsed": 7442.772575, "delta": 9.764403}}
{"target": -21.412789724836063, "params": {"C": 2.340457129610227, "epsilon": 4.975275545257419, "gamma": 8.17812325057746, "lamda": 0.09158124700627038}, "datetime": {"datetime": "2021-06-16 16:26:54", "elapsed": 7452.027409, "delta": 9.254834}}
{"target": -98.44289801544886, "params": {"C": 8.231126727409835, "epsilon": 1.0705619841234828, "gamma": 1.0573993567538456, "lamda": 2.191754745284085}, "datetime": {"datetime": "2021-06-16 16:27:08", "elapsed": 7466.321682, "delta": 14.294273}}
{"target": -102.91701082627537, "params": {"C": 2.962127650168289, "epsilon": 6.100323738732864, "gamma": 0.4833309000344041, "lamda": 9.49752135851984}, "datetime": {"datetime": "2021-06-16 16:27:24", "elapsed": 7481.684348, "delta": 15.362666}}
{"target": -31.626773010617825, "params": {"C": 1.8252944644226934, "epsilon": 3.8241690388963963, "gamma": 5.176594982047829, "lamda": 0.6321974669395596}, "datetime": {"datetime": "2021-06-16 16:27:32", "elapsed": 7490.351594, "delta": 8.667246}}
{"target": -27.489247085446728, "params": {"C": 1.9760469954876847, "epsilon": 3.709794021072663, "gamma": 5.535522634493858, "lamda": 0.7470533776111221}, "datetime": {"datetime": "2021-06-16 16:27:43", "elapsed": 7501.257995, "delta": 10.906401}}
{"target": -21.741610802088765, "params": {"C": 2.5351438310884453, "epsilon": 5.184215081273738, "gamma": 7.967163608358871, "lamda": 0.16047240912088342}, "datetime": {"datetime": "2021-06-16 16:27:53", "elapsed": 7510.878042, "delta": 9.620047}}
{"target": -23.979915349368692, "params": {"C": 5.717459995279556, "epsilon": 1.6375881559619212, "gamma": 5.75344262457397, "lamda": 7.0035848785544355}, "datetime": {"datetime": "2021-06-16 16:28:17", "elapsed": 7534.575573, "delta": 23.697531}}
{"target": -111.9136778243847, "params": {"C": 8.161204846728934, "epsilon": 7.255810874193211, "gamma": 6.681612710412858, "lamda": 2.230074436098843}, "datetime": {"datetime": "2021-06-16 16:28:41", "elapsed": 7559.14288, "delta": 24.567307}}
{"target": -108.67324735962131, "params": {"C": 4.3098696976079305, "epsilon": 9.958512958059503, "gamma": 3.2451271993195, "lamda": 7.622549148137702}, "datetime": {"datetime": "2021-06-16 16:28:56", "elapsed": 7573.874964, "delta": 14.732084}}
{"target": -22.42531979541529, "params": {"C": 7.843608776378208, "epsilon": 2.128537421570584, "gamma": 7.089086330824479, "lamda": 1.337950012846246}, "datetime": {"datetime": "2021-06-16 16:29:03", "elapsed": 7581.512584, "delta": 7.63762}}
{"target": -99.50983377505098, "params": {"C": 4.656625273100484, "epsilon": 1.9753417878523385, "gamma": 3.3801710712502695, "lamda": 5.6037796666088076}, "datetime": {"datetime": "2021-06-16 16:29:18", "elapsed": 7596.180167, "delta": 14.667583}}
{"target": -15.335346928978574, "params": {"C": 6.636493515364931, "epsilon": 8.391718143467104, "gamma": 9.115276980868037, "lamda": 8.365571440937709}, "datetime": {"datetime": "2021-06-16 16:29:41", "elapsed": 7618.691972, "delta": 22.511805}}
{"target": -104.45623227552193, "params": {"C": 6.317248847346934, "epsilon": 5.91673079083126, "gamma": 8.413451219386632, "lamda": 5.693597264624493}, "datetime": {"datetime": "2021-06-16 16:29:56", "elapsed": 7634.1566, "delta": 15.464628}}
{"target": -133.36337441073726, "params": {"C": 9.575484598083174, "epsilon": 0.7198956802191202, "gamma": 8.722314563247075, "lamda": 4.174174632200313}, "datetime": {"datetime": "2021-06-16 16:30:11", "elapsed": 7648.850326, "delta": 14.693726}}
{"target": -22.179340631479604, "params": {"C": 7.978826531897869, "epsilon": 2.1146364934170663, "gamma": 7.15142779272918, "lamda": 1.5294476130465064}, "datetime": {"datetime": "2021-06-16 16:30:24", "elapsed": 7662.084019, "delta": 13.233693}}
{"target": -20.63303874155031, "params": {"C": 8.559875896061277, "epsilon": 6.327898177903789, "gamma": 6.544709137031349, "lamda": 2.1699612374632005}, "datetime": {"datetime": "2021-06-16 16:30:49", "elapsed": 7687.139022, "delta": 25.055003}}
{"target": -19.752888925038548, "params": {"C": 4.284050663934988, "epsilon": 2.689021834406384, "gamma": 9.436234057557575, "lamda": 0.13393597899349147}, "datetime": {"datetime": "2021-06-16 16:31:02", "elapsed": 7700.528316, "delta": 13.389294}}
{"target": -18.774620165812895, "params": {"C": 9.634077036967206, "epsilon": 5.896902290756529, "gamma": 9.03257882273295, "lamda": 1.6566605683578233}, "datetime": {"datetime": "2021-06-16 16:31:17", "elapsed": 7714.848389, "delta": 14.320073}}
{"target": -19.658173732873202, "params": {"C": 7.645324781630441, "epsilon": 9.138580880674334, "gamma": 7.10046653736622, "lamda": 1.5593533882087571}, "datetime": {"datetime": "2021-06-16 16:31:28", "elapsed": 7725.671502, "delta": 10.823113}}
{"target": -19.325668322298778, "params": {"C": 3.8088489643929346, "epsilon": 0.5965106690430858, "gamma": 9.720784730656336, "lamda": 1.43644916591196}, "datetime": {"datetime": "2021-06-16 16:31:42", "elapsed": 7740.145674, "delta": 14.474172}}
{"target": -18.72595780105506, "params": {"C": 9.22471140276496, "epsilon": 5.75875718237426, "gamma": 9.050153231318447, "lamda": 1.7544975967294452}, "datetime": {"datetime": "2021-06-16 16:31:59", "elapsed": 7757.003136, "delta": 16.857462}}
{"target": -19.37669154317968, "params": {"C": 3.4825295801863576, "epsilon": 0.4409115615957339, "gamma": 9.643695127361768, "lamda": 1.521175967102764}, "datetime": {"datetime": "2021-06-16 16:32:20", "elapsed": 7777.840789, "delta": 20.837653}}
{"target": -19.87969147804845, "params": {"C": 1.139702096736592, "epsilon": 7.840050566265305, "gamma": 8.243295301812383, "lamda": 0.9321004533594385}, "datetime": {"datetime": "2021-06-16 16:32:32", "elapsed": 7790.137569, "delta": 12.29678}}
{"target": -18.539900188106994, "params": {"C": 9.827104893009325, "epsilon": 5.883148116504783, "gamma": 8.68515731325141, "lamda": 2.111549329801668}, "datetime": {"datetime": "2021-06-16 16:32:47", "elapsed": 7805.42453, "delta": 15.286961}}
{"target": -21.845461474014584, "params": {"C": 6.256186617454638, "epsilon": 1.8428836515232327, "gamma": 7.6864240405297934, "lamda": 0.7307419817185137}, "datetime": {"datetime": "2021-06-16 16:33:05", "elapsed": 7823.300329, "delta": 17.875799}}
{"target": -20.42080381007328, "params": {"C": 9.632884330064163, "epsilon": 3.7093697995870807, "gamma": 8.344967551344205, "lamda": 0.9560729977399423}, "datetime": {"datetime": "2021-06-16 16:33:25", "elapsed": 7843.334983, "delta": 20.034654}}
{"target": -19.152065954843998, "params": {"C": 6.8549240362662065, "epsilon": 5.146696951253897, "gamma": 5.404856950993552, "lamda": 9.512383764849595}, "datetime": {"datetime": "2021-06-16 16:33:37", "elapsed": 7855.506995, "delta": 12.172012}}
{"target": -20.48925218453083, "params": {"C": 3.033658188805186, "epsilon": 0.9857605556619028, "gamma": 8.553864862426085, "lamda": 1.3174714206793796}, "datetime": {"datetime": "2021-06-16 16:33:51", "elapsed": 7869.271396, "delta": 13.764401}}
{"target": -20.717466128806983, "params": {"C": 9.806690743589193, "epsilon": 3.3898234537442806, "gamma": 8.201500876040333, "lamda": 0.8611498688474475}, "datetime": {"datetime": "2021-06-16 16:34:01", "elapsed": 7878.585812, "delta": 9.314416}}
{"target": -121.6313709462439, "params": {"C": 4.423341423788323, "epsilon": 5.873927689124595, "gamma": 5.509753857347906, "lamda": 8.424209803421135}, "datetime": {"datetime": "2021-06-16 16:34:23", "elapsed": 7901.298036, "delta": 22.712224}}
{"target": -20.565850860287302, "params": {"C": 9.557929749279715, "epsilon": 3.375416876855303, "gamma": 8.419367789451695, "lamda": 0.5970175773893606}, "datetime": {"datetime": "2021-06-16 16:34:48", "elapsed": 7926.330219, "delta": 25.032183}}
{"target": -20.54452910340982, "params": {"C": 2.6629347965766725, "epsilon": 0.9088679786290923, "gamma": 8.571126079523543, "lamda": 1.03719274029757}, "datetime": {"datetime": "2021-06-16 16:35:01", "elapsed": 7938.772677, "delta": 12.442458}}
{"target": -21.11537780292122, "params": {"C": 8.677095307996025, "epsilon": 6.5359027725849845, "gamma": 6.532565974393766, "lamda": 1.979917570366986}, "datetime": {"datetime": "2021-06-16 16:35:17", "elapsed": 7955.159278, "delta": 16.386601}}
{"target": -20.06354106181432, "params": {"C": 8.636443211329754, "epsilon": 6.841565773282714, "gamma": 6.7451477495651275, "lamda": 1.9988241328658414}, "datetime": {"datetime": "2021-06-16 16:35:35", "elapsed": 7972.904922, "delta": 17.745644}}
{"target": -125.77860957656726, "params": {"C": 4.49571209646675, "epsilon": 6.237302388965555, "gamma": 7.036709445552384, "lamda": 2.9702354561251765}, "datetime": {"datetime": "2021-06-16 16:35:58", "elapsed": 7995.942399, "delta": 23.037477}}
{"target": -100.80183692377831, "params": {"C": 8.905190615997887, "epsilon": 1.6917028900172, "gamma": 1.4473657859857647, "lamda": 8.48608193744008}, "datetime": {"datetime": "2021-06-16 16:36:23", "elapsed": 8020.858735, "delta": 24.916336}}
{"target": -20.668668757157043, "params": {"C": 9.011710308605377, "epsilon": 5.671392485526917, "gamma": 6.24965865039963, "lamda": 2.4064594832886934}, "datetime": {"datetime": "2021-06-16 16:36:38", "elapsed": 8035.881047, "delta": 15.022312}}
{"target": -102.72871870785431, "params": {"C": 7.560674203537408, "epsilon": 4.821890650002246, "gamma": 1.9165450195683915, "lamda": 6.722422880767478}, "datetime": {"datetime": "2021-06-16 16:37:01", "elapsed": 8059.295848, "delta": 23.414801}}
