{"target": -9.923388848670573, "params": {"C": 1.073633654947196, "epsilon": 4.216865173800471, "lamda": 0.09579316406203515}, "datetime": {"datetime": "2021-06-16 14:09:16", "elapsed": 728.935525, "delta": 568.597071}}
{"target": -12.326681445166114, "params": {"C": 5.378336321232869, "epsilon": 6.921852368365228, "lamda": 0.03162001153750569}, "datetime": {"datetime": "2021-06-16 14:09:17", "elapsed": 729.854692, "delta": 0.919167}}
{"target": -12.899053274314959, "params": {"C": 6.896359184047678, "epsilon": 8.347910462254756, "lamda": 0.0019269989066847614}, "datetime": {"datetime": "2021-06-16 14:09:18", "elapsed": 730.774174, "delta": 0.919482}}
{"target": -102.75006231325501, "params": {"C": 7.526428717955178, "epsilon": 9.888722278175882, "lamda": 0.07484174887254597}, "datetime": {"datetime": "2021-06-16 14:09:31", "elapsed": 743.944707, "delta": 13.170533}}
{"target": -12.069675154174895, "params": {"C": 2.8763955214376113, "epsilon": 7.89490049123037, "lamda": 0.010412278057106438}, "datetime": {"datetime": "2021-06-16 14:09:32", "elapsed": 744.844775, "delta": 0.900068}}
{"target": -12.334379990958464, "params": {"C": 4.534145909141461, "epsilon": 9.086869075900024, "lamda": 0.029432053422530583}, "datetime": {"datetime": "2021-06-16 14:09:33", "elapsed": 745.878519, "delta": 1.033744}}
{"target": -11.686307827554792, "params": {"C": 2.948975852004853, "epsilon": 1.308985435461594, "lamda": 0.0020347590912426776}, "datetime": {"datetime": "2021-06-16 14:09:34", "elapsed": 746.75817, "delta": 0.879651}}
{"target": -11.008768545175105, "params": {"C": 6.82047177610492, "epsilon": 2.1241648788405896, "lamda": 0.0266281112712854}, "datetime": {"datetime": "2021-06-16 14:09:35", "elapsed": 747.788156, "delta": 1.029986}}
{"target": -11.796524559136081, "params": {"C": 4.966574276875349, "epsilon": 0.5430918257196331, "lamda": 0.05745434878865211}, "datetime": {"datetime": "2021-06-16 14:09:36", "elapsed": 748.820385, "delta": 1.032229}}
{"target": -10.611835115375337, "params": {"C": 1.5526128915675206, "epsilon": 5.897162313663809, "lamda": 0.07000586016609103}, "datetime": {"datetime": "2021-06-16 14:09:37", "elapsed": 749.75395, "delta": 0.933565}}
{"target": -9.976093528730008, "params": {"C": 1.113110845395476, "epsilon": 4.146419318317488, "lamda": 0.06947057575700175}, "datetime": {"datetime": "2021-06-16 14:09:37", "elapsed": 750.604009, "delta": 0.850059}}
{"target": -11.822487615483771, "params": {"C": 4.200374768316336, "epsilon": 0.5090350548714108, "lamda": 0.05363605095095961}, "datetime": {"datetime": "2021-06-16 14:09:38", "elapsed": 751.577161, "delta": 0.973152}}
{"target": -95.53798826545506, "params": {"C": 6.671566987675909, "epsilon": 5.153742229462503, "lamda": 0.09446501612348225}, "datetime": {"datetime": "2021-06-16 14:09:51", "elapsed": 764.630808, "delta": 13.053647}}
{"target": -12.665003497141111, "params": {"C": 5.906894900969729, "epsilon": 9.034985133725955, "lamda": 0.013833722944209129}, "datetime": {"datetime": "2021-06-16 14:09:52", "elapsed": 765.520947, "delta": 0.890139}}
{"target": -10.57814150269407, "params": {"C": 1.4788358377825097, "epsilon": 8.075838974208143, "lamda": 0.03982791601485481}, "datetime": {"datetime": "2021-06-16 14:09:53", "elapsed": 766.369814, "delta": 0.848867}}
{"target": -10.987082097170916, "params": {"C": 1.7370065514576347, "epsilon": 9.275810718156379, "lamda": 0.03484180938857611}, "datetime": {"datetime": "2021-06-16 14:09:54", "elapsed": 767.284756, "delta": 0.914942}}
{"target": -96.5537357477445, "params": {"C": 7.5330398210479395, "epsilon": 7.26271987365101, "lamda": 0.08834227851146041}, "datetime": {"datetime": "2021-06-16 14:10:06", "elapsed": 779.246381, "delta": 11.961625}}
{"target": -12.606202832444731, "params": {"C": 6.2743548498505275, "epsilon": 7.511914915933098, "lamda": 0.034954944363586475}, "datetime": {"datetime": "2021-06-16 14:10:07", "elapsed": 780.183409, "delta": 0.937028}}
{"target": -12.03503034915662, "params": {"C": 2.772286128473758, "epsilon": 8.959903319778707, "lamda": 0.04286630986814237}, "datetime": {"datetime": "2021-06-16 14:10:08", "elapsed": 781.107686, "delta": 0.924277}}
{"target": -97.35974312860104, "params": {"C": 9.651916466769016, "epsilon": 6.637780563206296, "lamda": 0.06220740244889127}, "datetime": {"datetime": "2021-06-16 14:10:21", "elapsed": 794.391187, "delta": 13.283501}}
{"target": -10.278424269989442, "params": {"C": 1.2359851322384146, "epsilon": 9.495397694483641, "lamda": 0.04504622213464606}, "datetime": {"datetime": "2021-06-16 14:10:22", "elapsed": 795.25808, "delta": 0.866893}}
{"target": -12.265280604074544, "params": {"C": 5.826057182432605, "epsilon": 4.087286659585199, "lamda": 0.023778995326278467}, "datetime": {"datetime": "2021-06-16 14:10:23", "elapsed": 796.259411, "delta": 1.001331}}
{"target": -12.839704837563042, "params": {"C": 9.043457253566313, "epsilon": 5.741058071856136, "lamda": 0.00038674567041278114}, "datetime": {"datetime": "2021-06-16 14:10:24", "elapsed": 797.213524, "delta": 0.954113}}
{"target": -12.272440966360637, "params": {"C": 6.209734644845167, "epsilon": 3.2731825687032403, "lamda": 0.05275310441553517}, "datetime": {"datetime": "2021-06-16 14:10:25", "elapsed": 798.175356, "delta": 0.961832}}
{"target": -96.46926235556387, "params": {"C": 8.870826783176668, "epsilon": 3.5791249024249727, "lamda": 0.09086266157688795}, "datetime": {"datetime": "2021-06-16 14:10:38", "elapsed": 810.967285, "delta": 12.791929}}
{"target": -114.34324606303628, "params": {"C": 6.2712651463388465, "epsilon": 0.16805421603709728, "lamda": 0.09295077965100176}, "datetime": {"datetime": "2021-06-16 14:10:53", "elapsed": 826.039637, "delta": 15.072352}}
{"target": -13.037766592833473, "params": {"C": 6.939879483417547, "epsilon": 9.97325527601029, "lamda": 0.01731681678369832}, "datetime": {"datetime": "2021-06-16 14:10:54", "elapsed": 827.003317, "delta": 0.96368}}
{"target": -10.56366691476306, "params": {"C": 1.4576439213258898, "epsilon": 9.326628675741263, "lamda": 0.06971213433284103}, "datetime": {"datetime": "2021-06-16 14:10:55", "elapsed": 827.896508, "delta": 0.893191}}
{"target": -9.583080313596575, "params": {"C": 0.7534017099484186, "epsilon": 7.557075895498639, "lamda": 0.07541223122727851}, "datetime": {"datetime": "2021-06-16 14:10:55", "elapsed": 828.699186, "delta": 0.802678}}
{"target": -12.966791801057134, "params": {"C": 9.237942901910184, "epsilon": 7.118132338698433, "lamda": 0.012514669101019253}, "datetime": {"datetime": "2021-06-16 14:10:57", "elapsed": 829.735169, "delta": 1.035983}}
{"target": -9.768024056250733, "params": {"C": 0.29681332501397634, "epsilon": 0.2718477589084156, "lamda": 0.0029278181532773812}, "datetime": {"datetime": "2021-06-16 14:10:57", "elapsed": 830.414397, "delta": 0.679228}}
{"target": -11.796923217559584, "params": {"C": 2.5374895692701545, "epsilon": 8.601679207342052, "lamda": 0.053929223327731125}, "datetime": {"datetime": "2021-06-16 14:10:58", "elapsed": 831.437895, "delta": 1.023498}}
{"target": -12.548091358049287, "params": {"C": 5.572937588989082, "epsilon": 8.421888614672461, "lamda": 0.012504914180479124}, "datetime": {"datetime": "2021-06-16 14:10:59", "elapsed": 832.555294, "delta": 1.117399}}
{"target": -11.843520555276557, "params": {"C": 2.8639184222102814, "epsilon": 5.861735121868295, "lamda": 0.0969626152571355}, "datetime": {"datetime": "2021-06-16 14:11:00", "elapsed": 833.422944, "delta": 0.86765}}
{"target": -11.939678994802605, "params": {"C": 5.654199170631529, "epsilon": 0.1962864208357008, "lamda": 0.08008320400079358}, "datetime": {"datetime": "2021-06-16 14:11:01", "elapsed": 834.381182, "delta": 0.958238}}
{"target": -11.670802150645386, "params": {"C": 2.4064453110261024, "epsilon": 8.072980904231603, "lamda": 0.03884727834201076}, "datetime": {"datetime": "2021-06-16 14:11:02", "elapsed": 835.2433, "delta": 0.862118}}
{"target": -12.83827831388524, "params": {"C": 8.649064360138343, "epsilon": 7.473745210944474, "lamda": 0.05566839937564285}, "datetime": {"datetime": "2021-06-16 14:11:03", "elapsed": 836.298484, "delta": 1.055184}}
{"target": -10.43754815832062, "params": {"C": 1.4509067340407817, "epsilon": 0.6085777182269945, "lamda": 0.01222221122849966}, "datetime": {"datetime": "2021-06-16 14:11:04", "elapsed": 837.182681, "delta": 0.884197}}
{"target": -9.612852522613526, "params": {"C": 0.541063597593141, "epsilon": 1.0838663497698682, "lamda": 0.022648362926924685}, "datetime": {"datetime": "2021-06-16 14:11:05", "elapsed": 837.880041, "delta": 0.69736}}
{"target": -12.65419346091606, "params": {"C": 7.158590905788499, "epsilon": 5.6015726507208825, "lamda": 0.001354342417895674}, "datetime": {"datetime": "2021-06-16 14:11:06", "elapsed": 838.827965, "delta": 0.947924}}
{"target": -9.679235529644371, "params": {"C": 0.8125453689259191, "epsilon": 9.673090536702718, "lamda": 0.056853236145802226}, "datetime": {"datetime": "2021-06-16 14:11:06", "elapsed": 839.608516, "delta": 0.780551}}
{"target": -11.144889901117116, "params": {"C": 2.112603023143806, "epsilon": 2.5307341882575307, "lamda": 0.0744082028221018}, "datetime": {"datetime": "2021-06-16 14:11:07", "elapsed": 840.453322, "delta": 0.844806}}
{"target": -11.149712761667233, "params": {"C": 2.0347518629822563, "epsilon": 5.817775683459845, "lamda": 0.09700499690992241}, "datetime": {"datetime": "2021-06-16 14:11:08", "elapsed": 841.32613, "delta": 0.872808}}
{"target": -12.497779332970934, "params": {"C": 8.483605134751349, "epsilon": 2.4060791138843856, "lamda": 0.049427594455446124}, "datetime": {"datetime": "2021-06-16 14:11:09", "elapsed": 842.322609, "delta": 0.996479}}
{"target": -12.687627839422705, "params": {"C": 6.237561611975659, "epsilon": 8.291519186506285, "lamda": 0.015763460325143818}, "datetime": {"datetime": "2021-06-16 14:11:10", "elapsed": 843.286711, "delta": 0.964102}}
{"target": -9.78606529616956, "params": {"C": 0.2839044015563542, "epsilon": 0.7095212157550311, "lamda": 0.048685876582609484}, "datetime": {"datetime": "2021-06-16 14:11:11", "elapsed": 843.949813, "delta": 0.663102}}
{"target": -12.43313741391017, "params": {"C": 6.10266167036797, "epsilon": 5.692825856493949, "lamda": 0.03180450469128386}, "datetime": {"datetime": "2021-06-16 14:11:12", "elapsed": 844.852377, "delta": 0.902564}}
{"target": -12.957388181279066, "params": {"C": 9.887299928683245, "epsilon": 5.801654740265511, "lamda": 0.03807610314509269}, "datetime": {"datetime": "2021-06-16 14:11:13", "elapsed": 845.852809, "delta": 1.000432}}
{"target": -12.385350604760124, "params": {"C": 5.554387369267179, "epsilon": 7.455890964755956, "lamda": 0.06695636605597315}, "datetime": {"datetime": "2021-06-16 14:11:14", "elapsed": 846.790084, "delta": 0.937275}}
{"target": -11.560662481575683, "params": {"C": 2.722703620861813, "epsilon": 0.6726849959401313, "lamda": 0.03707141137161922}, "datetime": {"datetime": "2021-06-16 14:11:15", "elapsed": 847.761854, "delta": 0.97177}}
{"target": -12.22547365878142, "params": {"C": 6.334203319513488, "epsilon": 2.109638359049247, "lamda": 0.07530027981850751}, "datetime": {"datetime": "2021-06-16 14:11:15", "elapsed": 848.708026, "delta": 0.946172}}
{"target": -9.544115949895673, "params": {"C": 0.7587111654057379, "epsilon": 2.610547834799624, "lamda": 0.08049498091796022}, "datetime": {"datetime": "2021-06-16 14:11:16", "elapsed": 849.623266, "delta": 0.91524}}
{"target": -11.193647217834615, "params": {"C": 2.0149993979709446, "epsilon": 6.398214199990602, "lamda": 0.052514563881461}, "datetime": {"datetime": "2021-06-16 14:11:17", "elapsed": 850.428141, "delta": 0.804875}}
{"target": -12.659024054748947, "params": {"C": 9.255598906953573, "epsilon": 2.6403347371662385, "lamda": 0.006689512959333976}, "datetime": {"datetime": "2021-06-16 14:11:18", "elapsed": 851.470141, "delta": 1.042}}
{"target": -104.02278371868931, "params": {"C": 7.377153036557828, "epsilon": 7.724058515137036, "lamda": 0.09079080366510206}, "datetime": {"datetime": "2021-06-16 14:11:31", "elapsed": 864.357193, "delta": 12.887052}}
{"target": -12.512819732617398, "params": {"C": 9.326523485048689, "epsilon": 0.1493762140262142, "lamda": 0.02351277240352991}, "datetime": {"datetime": "2021-06-16 14:11:32", "elapsed": 865.43677, "delta": 1.079577}}
{"target": -12.643491223939277, "params": {"C": 6.20610573431641, "epsilon": 9.490673043669288, "lamda": 0.09502259431278326}, "datetime": {"datetime": "2021-06-16 14:11:33", "elapsed": 866.428051, "delta": 0.991281}}
{"target": -12.538865769288737, "params": {"C": 5.610866563132048, "epsilon": 9.156907434165083, "lamda": 0.06419246427373912}, "datetime": {"datetime": "2021-06-16 14:11:34", "elapsed": 867.411673, "delta": 0.983622}}
{"target": -12.061759474889202, "params": {"C": 3.961076369998338, "epsilon": 4.865046764298128, "lamda": 0.06047061724370533}, "datetime": {"datetime": "2021-06-16 14:11:35", "elapsed": 868.299693, "delta": 0.88802}}
{"target": -12.475913605278853, "params": {"C": 5.540524422934769, "epsilon": 9.262552452797472, "lamda": 0.09188147021979726}, "datetime": {"datetime": "2021-06-16 14:11:36", "elapsed": 869.246767, "delta": 0.947074}}
{"target": -12.456407147231172, "params": {"C": 4.009268567943193, "epsilon": 9.632992659122712, "lamda": 0.01747817110137839}, "datetime": {"datetime": "2021-06-16 14:11:37", "elapsed": 870.175617, "delta": 0.92885}}
{"target": -10.313116052360668, "params": {"C": 1.3506622424524097, "epsilon": 1.3594407888868458, "lamda": 0.050615650351121984}, "datetime": {"datetime": "2021-06-16 14:11:38", "elapsed": 871.09747, "delta": 0.921853}}
{"target": -9.744477448938232, "params": {"C": 0.31309557221455997, "epsilon": 9.480222410064632, "lamda": 0.08272883556995618}, "datetime": {"datetime": "2021-06-16 14:11:39", "elapsed": 871.892111, "delta": 0.794641}}
{"target": -9.839225198956912, "params": {"C": 0.24868790934701157, "epsilon": 1.770200593194802, "lamda": 0.03327315107924702}, "datetime": {"datetime": "2021-06-16 14:11:39", "elapsed": 872.712898, "delta": 0.820787}}
{"target": -10.499019388746262, "params": {"C": 1.3968687636280774, "epsilon": 8.096812014344556, "lamda": 0.03453919160306102}, "datetime": {"datetime": "2021-06-16 14:11:40", "elapsed": 873.528909, "delta": 0.816011}}
{"target": -97.69941926353394, "params": {"C": 9.407064075100335, "epsilon": 5.824321657671329, "lamda": 0.08789531524274323}, "datetime": {"datetime": "2021-06-16 14:11:52", "elapsed": 885.632922, "delta": 12.104013}}
{"target": -12.939723904404108, "params": {"C": 8.462871009382997, "epsilon": 9.054869263899405, "lamda": 0.04604203855509902}, "datetime": {"datetime": "2021-06-16 14:11:53", "elapsed": 886.597378, "delta": 0.964456}}
{"target": -12.467829537516291, "params": {"C": 5.508833478601695, "epsilon": 7.988049875608874, "lamda": 0.028643313288241344}, "datetime": {"datetime": "2021-06-16 14:11:54", "elapsed": 887.526732, "delta": 0.929354}}
{"target": -12.164904038528071, "params": {"C": 4.953509873937284, "epsilon": 5.995111973382325, "lamda": 0.0016517742275284888}, "datetime": {"datetime": "2021-06-16 14:11:55", "elapsed": 888.421575, "delta": 0.894843}}
{"target": -12.2624934592678, "params": {"C": 5.975465941146708, "epsilon": 4.342426726404688, "lamda": 0.08075531683559567}, "datetime": {"datetime": "2021-06-16 14:11:56", "elapsed": 889.350171, "delta": 0.928596}}
{"target": -12.180002538852168, "params": {"C": 3.2209235506441924, "epsilon": 8.929958198166261, "lamda": 0.0578279358069251}, "datetime": {"datetime": "2021-06-16 14:11:57", "elapsed": 890.2137, "delta": 0.863529}}
{"target": -11.181005172022005, "params": {"C": 1.9217009961119043, "epsilon": 7.881413045916788, "lamda": 0.061241914586788904}, "datetime": {"datetime": "2021-06-16 14:11:58", "elapsed": 891.099187, "delta": 0.885487}}
{"target": -9.57691038597645, "params": {"C": 0.6337017935301542, "epsilon": 4.207734863211311, "lamda": 0.06793897677288642}, "datetime": {"datetime": "2021-06-16 14:11:59", "elapsed": 892.028846, "delta": 0.929659}}
{"target": -562.4081544177618, "params": {"C": 9.194157601977507, "epsilon": 0.014016228664660757, "lamda": 0.09767823898820287}, "datetime": {"datetime": "2021-06-16 14:12:11", "elapsed": 904.351855, "delta": 12.323009}}
{"target": -12.381938120826987, "params": {"C": 3.8281451159831676, "epsilon": 9.738097548199642, "lamda": 0.0605111384873079}, "datetime": {"datetime": "2021-06-16 14:12:12", "elapsed": 905.284787, "delta": 0.932932}}
{"target": -12.664755251866005, "params": {"C": 8.30557349900886, "epsilon": 5.751367932033942, "lamda": 0.06284481221090431}, "datetime": {"datetime": "2021-06-16 14:12:13", "elapsed": 906.224064, "delta": 0.939277}}
{"target": -11.881787343120621, "params": {"C": 2.92720518878737, "epsilon": 5.8724650731542685, "lamda": 0.07502717419389573}, "datetime": {"datetime": "2021-06-16 14:12:14", "elapsed": 907.070305, "delta": 0.846241}}
{"target": -101.47189883355885, "params": {"C": 8.597306980647518, "epsilon": 7.553271062792125, "lamda": 0.06983591911988557}, "datetime": {"datetime": "2021-06-16 14:12:26", "elapsed": 919.665979, "delta": 12.595674}}
{"target": -12.549623984894275, "params": {"C": 8.658346357540537, "epsilon": 3.233583158399097, "lamda": 0.06711180019967997}, "datetime": {"datetime": "2021-06-16 14:12:28", "elapsed": 920.77973, "delta": 1.113751}}
{"target": -11.966726886670145, "params": {"C": 4.563651970492156, "epsilon": 3.827206492794857, "lamda": 0.04114005385722635}, "datetime": {"datetime": "2021-06-16 14:12:28", "elapsed": 921.65062, "delta": 0.87089}}
{"target": -11.963542212292198, "params": {"C": 4.074647876348452, "epsilon": 3.180665620123186, "lamda": 0.06222974485523812}, "datetime": {"datetime": "2021-06-16 14:12:29", "elapsed": 922.563336, "delta": 0.912716}}
{"target": -12.355955873102396, "params": {"C": 4.359447981130517, "epsilon": 9.73828275849325, "lamda": 0.06781230905428769}, "datetime": {"datetime": "2021-06-16 14:12:30", "elapsed": 923.518389, "delta": 0.955053}}
{"target": -11.172002304731578, "params": {"C": 2.065841895428398, "epsilon": 4.272743083386848, "lamda": 0.03440028935346486}, "datetime": {"datetime": "2021-06-16 14:12:31", "elapsed": 924.426822, "delta": 0.908433}}
{"target": -95.8674859042037, "params": {"C": 7.996624159189809, "epsilon": 8.801182902748684, "lamda": 0.09039381138705456}, "datetime": {"datetime": "2021-06-16 14:12:44", "elapsed": 937.651984, "delta": 13.225162}}
{"target": -12.352579691312444, "params": {"C": 6.660926142515096, "epsilon": 2.70938053767728, "lamda": 0.025311433480308513}, "datetime": {"datetime": "2021-06-16 14:12:45", "elapsed": 938.607049, "delta": 0.955065}}
{"target": -99.18026146988996, "params": {"C": 8.563489632704284, "epsilon": 5.281869316624379, "lamda": 0.08023589229205935}, "datetime": {"datetime": "2021-06-16 14:13:01", "elapsed": 954.283253, "delta": 15.676204}}
{"target": -12.464303531398071, "params": {"C": 5.767636320196902, "epsilon": 7.334093827622236, "lamda": 0.05194926158365918}, "datetime": {"datetime": "2021-06-16 14:13:02", "elapsed": 955.321423, "delta": 1.03817}}
{"target": -12.706489352920759, "params": {"C": 7.731750713968691, "epsilon": 5.692891327140108, "lamda": 0.04662441687133889}, "datetime": {"datetime": "2021-06-16 14:13:03", "elapsed": 956.338347, "delta": 1.016924}}
{"target": -11.817682225128792, "params": {"C": 3.4926201887374897, "epsilon": 0.6914113906828742, "lamda": 0.03785462551487718}, "datetime": {"datetime": "2021-06-16 14:13:04", "elapsed": 957.394145, "delta": 1.055798}}
{"target": -9.799533073889934, "params": {"C": 0.8882981692126984, "epsilon": 9.828342966167146, "lamda": 0.0182431238479433}, "datetime": {"datetime": "2021-06-16 14:13:05", "elapsed": 958.212825, "delta": 0.81868}}
{"target": -12.886081415730505, "params": {"C": 8.137401107433343, "epsilon": 8.750866833109422, "lamda": 0.06887248391335574}, "datetime": {"datetime": "2021-06-16 14:13:06", "elapsed": 959.198271, "delta": 0.985446}}
{"target": -12.049710814721681, "params": {"C": 5.73799468617922, "epsilon": 1.6181046537879316, "lamda": 0.046741314274054306}, "datetime": {"datetime": "2021-06-16 14:13:07", "elapsed": 960.243735, "delta": 1.045464}}
{"target": -11.895469595293196, "params": {"C": 3.5172033064366284, "epsilon": 2.258149178562705, "lamda": 0.0592919356897031}, "datetime": {"datetime": "2021-06-16 14:13:08", "elapsed": 961.088308, "delta": 0.844573}}
{"target": -12.130219544346806, "params": {"C": 3.191471393248978, "epsilon": 9.163892479148824, "lamda": 0.09097258894266055}, "datetime": {"datetime": "2021-06-16 14:13:09", "elapsed": 961.972234, "delta": 0.883926}}
{"target": -11.540253790843764, "params": {"C": 2.6454711084437426, "epsilon": 1.1178040944328518, "lamda": 0.019376976928709374}, "datetime": {"datetime": "2021-06-16 14:13:10", "elapsed": 962.794906, "delta": 0.822672}}
{"target": -12.30791187886084, "params": {"C": 5.0458832897209716, "epsilon": 7.288570823066216, "lamda": 0.020898624397038268}, "datetime": {"datetime": "2021-06-16 14:13:10", "elapsed": 963.713405, "delta": 0.918499}}
{"target": -11.71150768522035, "params": {"C": 2.5555322279345845, "epsilon": 8.518202030614306, "lamda": 0.04164328695492599}, "datetime": {"datetime": "2021-06-16 14:13:11", "elapsed": 964.639909, "delta": 0.926504}}
{"target": -12.229201081704339, "params": {"C": 6.205182164836838, "epsilon": 2.344324731000108, "lamda": 0.010286529216637162}, "datetime": {"datetime": "2021-06-16 14:13:12", "elapsed": 965.580591, "delta": 0.940682}}
{"target": -12.15241869509504, "params": {"C": 5.206984467988445, "epsilon": 4.776638460627326, "lamda": 0.015351897244907008}, "datetime": {"datetime": "2021-06-16 14:13:13", "elapsed": 966.618199, "delta": 1.037608}}
{"target": -12.418214681471582, "params": {"C": 6.255881694230113, "epsilon": 5.444661086951242, "lamda": 0.06544832096237736}, "datetime": {"datetime": "2021-06-16 14:13:14", "elapsed": 967.720353, "delta": 1.102154}}
