{"target": -15.961112838322755, "params": {"C": 2.6043869490505474, "epsilon": 2.571435918922645, "gamma": 1.2682836016859542, "lamda": 0.17330343333394968}, "datetime": {"datetime": "2021-06-17 10:43:13", "elapsed": 337.593525, "delta": 0.783893}}
{"target": -5284.53432656334, "params": {"C": 7.967920893292802, "epsilon": 4.46201617380257, "gamma": 1.567671335420502, "lamda": 0.4952454200282965}, "datetime": {"datetime": "2021-06-17 10:43:26", "elapsed": 350.898204, "delta": 13.304679}}
{"target": -19.676833277297725, "params": {"C": 3.0094809119436614, "epsilon": 1.4309152767527356, "gamma": 1.8036037883350549, "lamda": 0.27123813006479924}, "datetime": {"datetime": "2021-06-17 10:43:27", "elapsed": 351.650709, "delta": 0.752505}}
{"target": -40.80049206931377, "params": {"C": 9.747656304842272, "epsilon": 6.366407395618971, "gamma": 1.9878869189748531, "lamda": 0.2734893312673329}, "datetime": {"datetime": "2021-06-17 10:43:28", "elapsed": 352.380043, "delta": 0.729334}}
{"target": -15.01366075772887, "params": {"C": 5.2689950797161575, "epsilon": 1.3551436028186268, "gamma": 0.7178532902579234, "lamda": 0.014083065080890269}, "datetime": {"datetime": "2021-06-17 10:43:29", "elapsed": 353.183551, "delta": 0.803508}}
{"target": -9.629421835699441, "params": {"C": 1.6123478434012946, "epsilon": 7.456626289882254, "gamma": 0.07049538295828978, "lamda": 0.18390500552462843}, "datetime": {"datetime": "2021-06-17 10:43:29", "elapsed": 354.10012, "delta": 0.916569}}
{"target": -26.851634764587097, "params": {"C": 8.624839065852061, "epsilon": 6.927084497356036, "gamma": 1.3849748627116754, "lamda": 0.09512976367670013}, "datetime": {"datetime": "2021-06-17 10:43:30", "elapsed": 354.858303, "delta": 0.758183}}
{"target": -29.15727203875894, "params": {"C": 4.424623764676749, "epsilon": 5.816192496035568, "gamma": 1.9796058982507734, "lamda": 0.1027492063913278}, "datetime": {"datetime": "2021-06-17 10:43:31", "elapsed": 355.637489, "delta": 0.779186}}
{"target": -16.484634546755064, "params": {"C": 2.4848516886059246, "epsilon": 2.6224686646453463, "gamma": 1.5028431024630056, "lamda": 0.2290306883904107}, "datetime": {"datetime": "2021-06-17 10:43:32", "elapsed": 356.384348, "delta": 0.746859}}
{"target": -10.122458853421843, "params": {"C": 0.578725089726839, "epsilon": 5.085653889861787, "gamma": 0.43180072764091515, "lamda": 0.3995035181353449}, "datetime": {"datetime": "2021-06-17 10:43:33", "elapsed": 357.149685, "delta": 0.765337}}
{"target": -15.814107546870183, "params": {"C": 2.9803405012576496, "epsilon": 0.2770325135330818, "gamma": 1.190930574434596, "lamda": 0.4220763740366632}, "datetime": {"datetime": "2021-06-17 10:43:33", "elapsed": 357.927845, "delta": 0.77816}}
{"target": -15.126005268841721, "params": {"C": 3.8163510793815196, "epsilon": 7.498833248950708, "gamma": 1.027171541811285, "lamda": 0.27093495067613216}, "datetime": {"datetime": "2021-06-17 10:43:34", "elapsed": 358.735671, "delta": 0.807826}}
{"target": -30.27235618911331, "params": {"C": 8.667530386492267, "epsilon": 8.904582176729248, "gamma": 1.6411190305760885, "lamda": 0.23409288175422285}, "datetime": {"datetime": "2021-06-17 10:43:36", "elapsed": 360.602668, "delta": 1.866997}}
{"target": -16.12581871666495, "params": {"C": 4.431147601380069, "epsilon": 4.135293608632736, "gamma": 1.1001318421134847, "lamda": 0.37235658920604287}, "datetime": {"datetime": "2021-06-17 10:43:37", "elapsed": 361.678499, "delta": 1.075831}}
{"target": -30.112991653422476, "params": {"C": 7.961483100555426, "epsilon": 8.687072324149256, "gamma": 1.4651512571562502, "lamda": 0.23782992910063502}, "datetime": {"datetime": "2021-06-17 10:43:39", "elapsed": 363.942572, "delta": 2.264073}}
{"target": -11.977892453547158, "params": {"C": 0.2218506737897621, "epsilon": 8.079004515027584, "gamma": 1.9300625267953444, "lamda": 0.35133444059455415}, "datetime": {"datetime": "2021-06-17 10:43:40", "elapsed": 365.001111, "delta": 1.058539}}
{"target": -28.698589549198, "params": {"C": 8.79510298462516, "epsilon": 9.09362065976808, "gamma": 1.4792587507136763, "lamda": 0.19343879718501275}, "datetime": {"datetime": "2021-06-17 10:43:42", "elapsed": 367.025833, "delta": 2.024722}}
{"target": -14.702794534191499, "params": {"C": 4.236433371686958, "epsilon": 5.779998411881199, "gamma": 0.5793363090974422, "lamda": 0.11512080562793134}, "datetime": {"datetime": "2021-06-17 10:43:45", "elapsed": 369.536061, "delta": 2.510228}}
{"target": -13.88292335416233, "params": {"C": 1.0437611857158802, "epsilon": 4.361601563869474, "gamma": 1.638069604933813, "lamda": 0.172239605559896}, "datetime": {"datetime": "2021-06-17 10:43:47", "elapsed": 372.106997, "delta": 2.570936}}
{"target": -14.272224798366635, "params": {"C": 3.2555088563761294, "epsilon": 6.358178380441755, "gamma": 0.8070051676282264, "lamda": 0.37602584515738763}, "datetime": {"datetime": "2021-06-17 10:43:49", "elapsed": 373.259203, "delta": 1.152206}}
{"target": -15.025031793355414, "params": {"C": 3.066053094497738, "epsilon": 6.766856386826254, "gamma": 1.107249639267211, "lamda": 0.1586129762592873}, "datetime": {"datetime": "2021-06-17 10:43:50", "elapsed": 374.777927, "delta": 1.518724}}
{"target": -15.61673107458949, "params": {"C": 4.1298238878297955, "epsilon": 6.145766477012693, "gamma": 0.42232730261420925, "lamda": 0.007111727450603654}, "datetime": {"datetime": "2021-06-17 10:43:51", "elapsed": 375.9827, "delta": 1.204773}}
{"target": -9.320051785664745, "params": {"C": 0.10454188506460377, "epsilon": 5.502492130343922, "gamma": 0.33235666985038004, "lamda": 0.2394218003870503}, "datetime": {"datetime": "2021-06-17 10:43:53", "elapsed": 377.395805, "delta": 1.413105}}
{"target": -42.31195199033051, "params": {"C": 8.818119895505422, "epsilon": 8.968670994575069, "gamma": 1.4306243907180622, "lamda": 0.04036822994670294}, "datetime": {"datetime": "2021-06-17 10:43:55", "elapsed": 379.426085, "delta": 2.03028}}
{"target": -14.287499152858963, "params": {"C": 2.3482301712686793, "epsilon": 4.470571554931596, "gamma": 1.104718328960379, "lamda": 0.4746421610255793}, "datetime": {"datetime": "2021-06-17 10:43:56", "elapsed": 380.537937, "delta": 1.111852}}
{"target": -9.612899699903501, "params": {"C": 0.15922529369528418, "epsilon": 0.1436078776166722, "gamma": 0.19543053960570847, "lamda": 0.16773666443265497}, "datetime": {"datetime": "2021-06-17 10:43:58", "elapsed": 382.518286, "delta": 1.980349}}
{"target": -31.33629225659236, "params": {"C": 8.163901856068222, "epsilon": 3.750555494038663, "gamma": 1.7503440668863257, "lamda": 0.39974857202659136}, "datetime": {"datetime": "2021-06-17 10:44:00", "elapsed": 384.51684, "delta": 1.998554}}
{"target": -15.783620961893085, "params": {"C": 2.4647494841528546, "epsilon": 2.6080127297789217, "gamma": 1.3304736525046064, "lamda": 0.17755621947669137}, "datetime": {"datetime": "2021-06-17 10:44:02", "elapsed": 386.495641, "delta": 1.978801}}
{"target": -15.859733955420662, "params": {"C": 1.8160773115803766, "epsilon": 2.7184411736513026, "gamma": 1.6090458291273806, "lamda": 0.3243712332530968}, "datetime": {"datetime": "2021-06-17 10:44:03", "elapsed": 387.532112, "delta": 1.036471}}
{"target": -29.20246054656137, "params": {"C": 8.181364327181985, "epsilon": 8.719812635452138, "gamma": 1.5097977634907438, "lamda": 0.3425183804596376}, "datetime": {"datetime": "2021-06-17 10:44:05", "elapsed": 389.632262, "delta": 2.10015}}
{"target": -10.660464110883966, "params": {"C": 1.654263519509233, "epsilon": 1.095594804700649, "gamma": 0.3210939455170845, "lamda": 0.22236857478788644}, "datetime": {"datetime": "2021-06-17 10:44:07", "elapsed": 391.433966, "delta": 1.801704}}
{"target": -688.5420580204391, "params": {"C": 8.182239070626588, "epsilon": 1.6361035940574444, "gamma": 0.03991610282291764, "lamda": 0.08133336558842835}, "datetime": {"datetime": "2021-06-17 10:44:19", "elapsed": 403.687118, "delta": 12.253152}}
{"target": -15.710977335138395, "params": {"C": 5.338824347588049, "epsilon": 1.3154840502312348, "gamma": 0.4402510031012044, "lamda": 0.020097940932829586}, "datetime": {"datetime": "2021-06-17 10:44:21", "elapsed": 405.449171, "delta": 1.762053}}
{"target": -5379.542168574908, "params": {"C": 8.991000342982037, "epsilon": 4.522742268626177, "gamma": 0.804437580748829, "lamda": 0.15645257641280066}, "datetime": {"datetime": "2021-06-17 10:44:33", "elapsed": 417.815973, "delta": 12.366802}}
{"target": -13.972373560674715, "params": {"C": 2.68654835232923, "epsilon": 8.75784548065286, "gamma": 0.9651306285682354, "lamda": 0.40181966382693957}, "datetime": {"datetime": "2021-06-17 10:44:35", "elapsed": 419.625339, "delta": 1.809366}}
{"target": -10.02783666616642, "params": {"C": 0.229045322173223, "epsilon": 5.42042342623749, "gamma": 0.37755939181126347, "lamda": 0.26649500274678617}, "datetime": {"datetime": "2021-06-17 10:44:37", "elapsed": 421.705185, "delta": 2.079846}}
{"target": -31.23117337087335, "params": {"C": 8.804239712821234, "epsilon": 9.020945202841514, "gamma": 1.4000323247411863, "lamda": 0.1252597866458857}, "datetime": {"datetime": "2021-06-17 10:44:39", "elapsed": 424.074336, "delta": 2.369151}}
{"target": -15.045918864167673, "params": {"C": 5.770042537920088, "epsilon": 4.601312042887668, "gamma": 0.7638380806149406, "lamda": 0.001}, "datetime": {"datetime": "2021-06-17 10:44:42", "elapsed": 426.189549, "delta": 2.115213}}
{"target": -25.330715808299786, "params": {"C": 5.397252620423585, "epsilon": 3.921335319493964, "gamma": 1.875123308543922, "lamda": 0.21140459687916643}, "datetime": {"datetime": "2021-06-17 10:44:43", "elapsed": 427.301609, "delta": 1.11206}}
{"target": -4359.666423587807, "params": {"C": 4.890105298228302, "epsilon": 0.6428842123913582, "gamma": 0.665977100422278, "lamda": 0.3204502312083184}, "datetime": {"datetime": "2021-06-17 10:44:57", "elapsed": 441.669921, "delta": 14.368312}}
{"target": -42.43637585669032, "params": {"C": 9.577908384338176, "epsilon": 5.567340634565469, "gamma": 1.6754385488670451, "lamda": 0.2049870735629455}, "datetime": {"datetime": "2021-06-17 10:44:59", "elapsed": 443.912034, "delta": 2.242113}}
{"target": -21.115408075540277, "params": {"C": 6.5540825503801114, "epsilon": 2.178289230750392, "gamma": 1.4082837544981137, "lamda": 0.4535918427411538}, "datetime": {"datetime": "2021-06-17 10:45:01", "elapsed": 445.133532, "delta": 1.221498}}
{"target": -44.513169307357956, "params": {"C": 8.660563668003242, "epsilon": 9.185136296259527, "gamma": 1.722345323210287, "lamda": 0.34756431555010003}, "datetime": {"datetime": "2021-06-17 10:45:03", "elapsed": 447.300726, "delta": 2.167194}}
{"target": -14.021997287496063, "params": {"C": 2.280724685439597, "epsilon": 4.570410726749013, "gamma": 1.083759978756222, "lamda": 0.4223576502410056}, "datetime": {"datetime": "2021-06-17 10:45:05", "elapsed": 449.554519, "delta": 2.253793}}
{"target": -18.41237165447031, "params": {"C": 3.6030480124061306, "epsilon": 5.069922084244986, "gamma": 1.4524241647854876, "lamda": 0.2609444181985338}, "datetime": {"datetime": "2021-06-17 10:45:06", "elapsed": 450.842013, "delta": 1.287494}}
{"target": -23.862883786216738, "params": {"C": 6.474697488073087, "epsilon": 2.229441620610796, "gamma": 1.6020692517527388, "lamda": 0.11336442182184486}, "datetime": {"datetime": "2021-06-17 10:45:08", "elapsed": 452.839219, "delta": 1.997206}}
{"target": -28.63648549217035, "params": {"C": 9.307714788394364, "epsilon": 9.124991619004987, "gamma": 1.5123360422648064, "lamda": 0.34498505402915025}, "datetime": {"datetime": "2021-06-17 10:45:09", "elapsed": 454.022556, "delta": 1.183337}}
{"target": -10.670872608299533, "params": {"C": 5.544176712232423, "epsilon": 1.3768180435007333, "gamma": 0.1484175097865497, "lamda": 0.080064008531817}, "datetime": {"datetime": "2021-06-17 10:45:11", "elapsed": 455.368735, "delta": 1.346179}}
{"target": -14.575455862019334, "params": {"C": 3.508022734768541, "epsilon": 9.429242173092286, "gamma": 0.7649010548010514, "lamda": 0.14540524788838344}, "datetime": {"datetime": "2021-06-17 10:45:12", "elapsed": 456.613257, "delta": 1.244522}}
{"target": -28.998271372757735, "params": {"C": 9.189717888281415, "epsilon": 9.25421240606821, "gamma": 1.6063092399680108, "lamda": 0.3879066751891681}, "datetime": {"datetime": "2021-06-17 10:45:14", "elapsed": 458.645908, "delta": 2.032651}}
{"target": -29.234620808805794, "params": {"C": 9.225064989611333, "epsilon": 9.10816874084981, "gamma": 1.6063609826885619, "lamda": 0.2796287246838036}, "datetime": {"datetime": "2021-06-17 10:45:16", "elapsed": 460.916962, "delta": 2.271054}}
{"target": -20.305310320746166, "params": {"C": 4.219905140469961, "epsilon": 4.181133894607134, "gamma": 1.6516158053235082, "lamda": 0.179619867301057}, "datetime": {"datetime": "2021-06-17 10:45:17", "elapsed": 462.102328, "delta": 1.185366}}
{"target": -14.668543605628773, "params": {"C": 3.904548017598228, "epsilon": 4.144097455781883, "gamma": 0.8942275539825225, "lamda": 0.18829300793050577}, "datetime": {"datetime": "2021-06-17 10:45:20", "elapsed": 464.446069, "delta": 2.343741}}
{"target": -15.251571962328612, "params": {"C": 9.903264729087383, "epsilon": 6.440753560181348, "gamma": 0.184742269920758, "lamda": 0.03623878351446093}, "datetime": {"datetime": "2021-06-17 10:45:21", "elapsed": 465.659558, "delta": 1.213489}}
{"target": -16.86174604336047, "params": {"C": 4.314625739333238, "epsilon": 4.1594269317985955, "gamma": 1.2068061998707258, "lamda": 0.3108335016481333}, "datetime": {"datetime": "2021-06-17 10:45:23", "elapsed": 467.827307, "delta": 2.167749}}
{"target": -24.146439514199667, "params": {"C": 8.87292351669669, "epsilon": 9.079077365173083, "gamma": 1.3482703407378045, "lamda": 0.05875502457659638}, "datetime": {"datetime": "2021-06-17 10:45:25", "elapsed": 470.072282, "delta": 2.244975}}
{"target": -15.215340750347444, "params": {"C": 3.807826837436909, "epsilon": 8.484109927501045, "gamma": 0.8277665639583291, "lamda": 0.1870461486722712}, "datetime": {"datetime": "2021-06-17 10:45:27", "elapsed": 471.296979, "delta": 1.224697}}
{"target": -26.71864317108615, "params": {"C": 8.094566729378492, "epsilon": 8.723796887307929, "gamma": 1.4511634428661842, "lamda": 0.26603411257784493}, "datetime": {"datetime": "2021-06-17 10:45:29", "elapsed": 473.607971, "delta": 2.310992}}
{"target": -16.54713309927478, "params": {"C": 3.5230733983994327, "epsilon": 9.427238183570854, "gamma": 0.9954361725824857, "lamda": 0.2793062476262456}, "datetime": {"datetime": "2021-06-17 10:45:31", "elapsed": 475.852526, "delta": 2.244555}}
{"target": -33.653352885828866, "params": {"C": 8.140867803608687, "epsilon": 3.7766334378125097, "gamma": 1.735254020343127, "lamda": 0.32473511977455904}, "datetime": {"datetime": "2021-06-17 10:45:34", "elapsed": 478.124682, "delta": 2.272156}}
{"target": -18.439596966958565, "params": {"C": 2.872787807767267, "epsilon": 1.0395672435558598, "gamma": 1.7085971496008685, "lamda": 0.07143512091772332}, "datetime": {"datetime": "2021-06-17 10:45:35", "elapsed": 479.325855, "delta": 1.201173}}
{"target": -25.75883644485221, "params": {"C": 7.956760189079912, "epsilon": 8.780469520438459, "gamma": 1.4393994301667206, "lamda": 0.39885217779033805}, "datetime": {"datetime": "2021-06-17 10:45:37", "elapsed": 481.795988, "delta": 2.470133}}
{"target": -15.823491500331821, "params": {"C": 9.392500356786448, "epsilon": 9.718944103527143, "gamma": 0.5038768564399633, "lamda": 0.0700904172682121}, "datetime": {"datetime": "2021-06-17 10:45:38", "elapsed": 483.092898, "delta": 1.29691}}
{"target": -15.618413253857947, "params": {"C": 9.419781169357146, "epsilon": 9.800832631495812, "gamma": 0.45550706378057143, "lamda": 0.001}, "datetime": {"datetime": "2021-06-17 10:45:41", "elapsed": 485.258773, "delta": 2.165875}}
{"target": -27.15434087621865, "params": {"C": 8.028817039539552, "epsilon": 8.695395486777887, "gamma": 1.3963869363335701, "lamda": 0.33837841690087234}, "datetime": {"datetime": "2021-06-17 10:45:43", "elapsed": 487.453367, "delta": 2.194594}}
{"target": -15.86575242563581, "params": {"C": 9.403817421421623, "epsilon": 9.756511210330185, "gamma": 0.48327292942401756, "lamda": 0.0369429450068099}, "datetime": {"datetime": "2021-06-17 10:45:45", "elapsed": 490.028139, "delta": 2.574772}}
{"target": -13.382833032476302, "params": {"C": 1.5985994351402477, "epsilon": 4.784886070440376, "gamma": 1.018315901552554, "lamda": 0.06144806001789784}, "datetime": {"datetime": "2021-06-17 10:45:47", "elapsed": 491.30895, "delta": 1.280811}}
{"target": -13.914468056678874, "params": {"C": 1.9849737397497642, "epsilon": 4.350523638523765, "gamma": 0.7682614879443789, "lamda": 0.36753272891133454}, "datetime": {"datetime": "2021-06-17 10:45:49", "elapsed": 494.050485, "delta": 2.741535}}
{"target": -14.97884292537531, "params": {"C": 4.166212066854725, "epsilon": 5.661915439370559, "gamma": 0.3780477239566757, "lamda": 0.10397021251989837}, "datetime": {"datetime": "2021-06-17 10:45:52", "elapsed": 496.326306, "delta": 2.275821}}
{"target": -25.418048956492118, "params": {"C": 6.459498461710629, "epsilon": 2.2394875542468125, "gamma": 1.4989616819583929, "lamda": 0.17590562870312454}, "datetime": {"datetime": "2021-06-17 10:45:54", "elapsed": 498.952397, "delta": 2.626091}}
{"target": -25.73501618427605, "params": {"C": 7.721882098086706, "epsilon": 8.75854725297059, "gamma": 1.4735218537462895, "lamda": 0.2618647277791444}, "datetime": {"datetime": "2021-06-17 10:45:57", "elapsed": 501.403418, "delta": 2.451021}}
{"target": -10.417807013664497, "params": {"C": 1.888662166182698, "epsilon": 8.764104812019536, "gamma": 0.1525609329436399, "lamda": 0.27314585097360233}, "datetime": {"datetime": "2021-06-17 10:45:59", "elapsed": 503.709442, "delta": 2.306024}}
{"target": -27.933168414996633, "params": {"C": 7.995160100678402, "epsilon": 2.7209526268093236, "gamma": 1.4002921670600954, "lamda": 0.22250772852815812}, "datetime": {"datetime": "2021-06-17 10:46:00", "elapsed": 505.006516, "delta": 1.297074}}
{"target": -28.31611192446011, "params": {"C": 8.006186918853446, "epsilon": 2.6814933193104475, "gamma": 1.5443871482597742, "lamda": 0.19556947552195872}, "datetime": {"datetime": "2021-06-17 10:46:03", "elapsed": 507.240679, "delta": 2.234163}}
{"target": -17.227411093063274, "params": {"C": 4.415878300076423, "epsilon": 5.78219507200371, "gamma": 0.7580138710829205, "lamda": 0.12004474017088071}, "datetime": {"datetime": "2021-06-17 10:46:05", "elapsed": 509.827958, "delta": 2.587279}}
{"target": -19.289212651218875, "params": {"C": 2.9801554393453356, "epsilon": 1.3306078885173547, "gamma": 1.779984057012306, "lamda": 0.22149340534934822}, "datetime": {"datetime": "2021-06-17 10:46:08", "elapsed": 512.648946, "delta": 2.820988}}
{"target": -39.77152778195603, "params": {"C": 8.070905174646668, "epsilon": 3.804514602065398, "gamma": 1.760413603301576, "lamda": 0.38791610039063346}, "datetime": {"datetime": "2021-06-17 10:46:10", "elapsed": 514.943215, "delta": 2.294269}}
{"target": -29.248502231732843, "params": {"C": 8.13793702038681, "epsilon": 3.830891717837874, "gamma": 1.7235285082657195, "lamda": 0.37714507732173214}, "datetime": {"datetime": "2021-06-17 10:46:13", "elapsed": 517.381751, "delta": 2.438536}}
{"target": -32.79424763356636, "params": {"C": 7.9945568211202716, "epsilon": 2.699307356006168, "gamma": 1.4612752574905128, "lamda": 0.2111586049036958}, "datetime": {"datetime": "2021-06-17 10:46:15", "elapsed": 519.968426, "delta": 2.586675}}
{"target": -23.464329956399485, "params": {"C": 5.703431001227557, "epsilon": 0.3492721327105862, "gamma": 1.678645472022679, "lamda": 0.27062983447445543}, "datetime": {"datetime": "2021-06-17 10:46:17", "elapsed": 521.224601, "delta": 1.256175}}
{"target": -14.662380889117783, "params": {"C": 1.0419094915158837, "epsilon": 4.43264687515443, "gamma": 1.750404338081934, "lamda": 0.1565204212332194}, "datetime": {"datetime": "2021-06-17 10:46:19", "elapsed": 524.003717, "delta": 2.779116}}
{"target": -34.22316340193739, "params": {"C": 9.533978931717497, "epsilon": 7.662086549670326, "gamma": 1.9994402612246245, "lamda": 0.16884919771711257}, "datetime": {"datetime": "2021-06-17 10:46:21", "elapsed": 525.381369, "delta": 1.377652}}
{"target": -28.481420271600577, "params": {"C": 9.50110359291008, "epsilon": 5.651382591976233, "gamma": 1.791338908795075, "lamda": 0.22976231862140106}, "datetime": {"datetime": "2021-06-17 10:46:23", "elapsed": 527.987592, "delta": 2.606223}}
{"target": -23.820529463793825, "params": {"C": 6.389343159166726, "epsilon": 2.151826003921583, "gamma": 1.5445251354273217, "lamda": 0.09394502377938879}, "datetime": {"datetime": "2021-06-17 10:46:26", "elapsed": 530.305678, "delta": 2.318086}}
{"target": -24.84324965399155, "params": {"C": 5.27772336688733, "epsilon": 8.080904962519167, "gamma": 1.582099265763059, "lamda": 0.321966632996749}, "datetime": {"datetime": "2021-06-17 10:46:27", "elapsed": 531.826972, "delta": 1.521294}}
{"target": -45.645965436216876, "params": {"C": 8.084023311509082, "epsilon": 2.739363768665033, "gamma": 1.5237444662366253, "lamda": 0.1581489720535435}, "datetime": {"datetime": "2021-06-17 10:46:30", "elapsed": 534.477763, "delta": 2.650791}}
{"target": -13.766254376073217, "params": {"C": 1.6252769566381862, "epsilon": 4.712675632512128, "gamma": 0.862300628005892, "lamda": 0.10040810508704306}, "datetime": {"datetime": "2021-06-17 10:46:32", "elapsed": 536.778071, "delta": 2.300308}}
{"target": -23.568487512983722, "params": {"C": 5.660838430187015, "epsilon": 0.2657678290780414, "gamma": 1.6446120195187501, "lamda": 0.19418560208958194}, "datetime": {"datetime": "2021-06-17 10:46:34", "elapsed": 538.745983, "delta": 1.967912}}
{"target": -16.01861287285197, "params": {"C": 2.540811991001247, "epsilon": 2.596770453934016, "gamma": 1.3809728349427788, "lamda": 0.2005295208812406}, "datetime": {"datetime": "2021-06-17 10:46:36", "elapsed": 540.583192, "delta": 1.837209}}
