{"target": -108.62196340165397, "params": {"C": 4.269123593793499, "epsilon": 5.529745654555656, "gamma": 5.283253660412704, "lamda": 9.42605339365941}, "datetime": {"datetime": "2021-06-16 15:02:15", "elapsed": 2373.35415, "delta": 11.564683}}
{"target": -20.73646469071008, "params": {"C": 9.50847711684936, "epsilon": 3.519745612053421, "gamma": 8.106011555295279, "lamda": 0.9469503408904091}, "datetime": {"datetime": "2021-06-16 15:02:18", "elapsed": 2375.637205, "delta": 2.283055}}
{"target": -22.158632593647575, "params": {"C": 7.8529479678882685, "epsilon": 2.3900959892813147, "gamma": 7.011441313724687, "lamda": 1.7046612361069937}, "datetime": {"datetime": "2021-06-16 15:02:19", "elapsed": 2377.444084, "delta": 1.806879}}
{"target": -104.4631459188324, "params": {"C": 8.735719741188968, "epsilon": 3.897822450726447, "gamma": 3.5975007015899374, "lamda": 8.611690204054122}, "datetime": {"datetime": "2021-06-16 15:02:30", "elapsed": 2388.437206, "delta": 10.993122}}
{"target": -101.19829779401744, "params": {"C": 5.962314090965647, "epsilon": 8.55895615763758, "gamma": 3.889060097809688, "lamda": 1.1054652239360006}, "datetime": {"datetime": "2021-06-16 15:02:42", "elapsed": 2400.152467, "delta": 11.715261}}
{"target": -20.322817266979968, "params": {"C": 7.632261298834099, "epsilon": 9.12804193960191, "gamma": 6.863421712522777, "lamda": 1.309445342879057}, "datetime": {"datetime": "2021-06-16 15:02:44", "elapsed": 2402.303845, "delta": 2.151378}}
{"target": -101.37915167792583, "params": {"C": 4.829296239418776, "epsilon": 6.192942432332852, "gamma": 3.2958731116988376, "lamda": 1.3672791276482388}, "datetime": {"datetime": "2021-06-16 15:02:55", "elapsed": 2413.078985, "delta": 10.77514}}
{"target": -19.83645738703033, "params": {"C": 7.757456277832504, "epsilon": 9.075784200559655, "gamma": 7.106798451423935, "lamda": 1.460397440066305}, "datetime": {"datetime": "2021-06-16 15:02:58", "elapsed": 2416.086365, "delta": 3.00738}}
{"target": -21.149265671442596, "params": {"C": 9.65347506149947, "epsilon": 3.480191514898126, "gamma": 8.23133848300664, "lamda": 0.28963598881207187}, "datetime": {"datetime": "2021-06-16 15:03:01", "elapsed": 2419.084114, "delta": 2.997749}}
{"target": -102.09162089270876, "params": {"C": 5.709519800261959, "epsilon": 1.9795403285861906, "gamma": 2.5834591703982164, "lamda": 7.40047856050719}, "datetime": {"datetime": "2021-06-16 15:03:13", "elapsed": 2431.118018, "delta": 12.033904}}
{"target": -105.18350632642965, "params": {"C": 4.67607031667409, "epsilon": 5.7134770814642675, "gamma": 8.220837086455209, "lamda": 0.9242128663559999}, "datetime": {"datetime": "2021-06-16 15:03:24", "elapsed": 2441.728364, "delta": 10.610346}}
{"target": -19.34014363016836, "params": {"C": 3.461683046502967, "epsilon": 0.5655431809494397, "gamma": 9.61862211450982, "lamda": 1.958883156994802}, "datetime": {"datetime": "2021-06-16 15:03:26", "elapsed": 2443.617156, "delta": 1.888792}}
{"target": -21.813477746328516, "params": {"C": 5.909547231179643, "epsilon": 2.3250183798331605, "gamma": 7.666154174014075, "lamda": 0.655756356407908}, "datetime": {"datetime": "2021-06-16 15:03:27", "elapsed": 2445.422652, "delta": 1.805496}}
{"target": -21.006846868995, "params": {"C": 7.135689618232273, "epsilon": 9.03267889131316, "gamma": 6.650920362524865, "lamda": 1.1236958717637826}, "datetime": {"datetime": "2021-06-16 15:03:31", "elapsed": 2449.176174, "delta": 3.753522}}
{"target": -19.6975371282011, "params": {"C": 8.646579117540425, "epsilon": 6.724150023970935, "gamma": 6.958305335387467, "lamda": 2.1581290534054633}, "datetime": {"datetime": "2021-06-16 15:03:33", "elapsed": 2451.553569, "delta": 2.377395}}
{"target": -26.4718168379846, "params": {"C": 1.8658373887400455, "epsilon": 4.021087279453678, "gamma": 5.432245064890409, "lamda": 0.6582043003900107}, "datetime": {"datetime": "2021-06-16 15:03:35", "elapsed": 2453.430344, "delta": 1.876775}}
{"target": -101.93379492245359, "params": {"C": 8.994939536336949, "epsilon": 3.8375147598640096, "gamma": 4.276588636344306, "lamda": 3.0183931789651486}, "datetime": {"datetime": "2021-06-16 15:03:46", "elapsed": 2464.137721, "delta": 10.707377}}
{"target": -19.2640325845424, "params": {"C": 3.4214827389500737, "epsilon": 0.7226203162100455, "gamma": 9.723258361455548, "lamda": 1.7579319814095158}, "datetime": {"datetime": "2021-06-16 15:03:48", "elapsed": 2466.420379, "delta": 2.282658}}
{"target": -20.52447997956931, "params": {"C": 2.838156262043756, "epsilon": 0.9159552407648901, "gamma": 8.54694454902506, "lamda": 1.2787297058977567}, "datetime": {"datetime": "2021-06-16 15:03:51", "elapsed": 2468.800757, "delta": 2.380378}}
{"target": -21.98567186785359, "params": {"C": 2.1659550180304215, "epsilon": 5.057896314345525, "gamma": 7.83869317806508, "lamda": 0.060485827022338665}, "datetime": {"datetime": "2021-06-16 15:03:53", "elapsed": 2470.918776, "delta": 2.118019}}
{"target": -19.033263613387717, "params": {"C": 9.257588649089866, "epsilon": 5.77395639554095, "gamma": 8.613458010451161, "lamda": 1.654252556953767}, "datetime": {"datetime": "2021-06-16 15:03:55", "elapsed": 2473.365886, "delta": 2.44711}}
{"target": -20.854062524368576, "params": {"C": 9.734839399520814, "epsilon": 3.5489927602031552, "gamma": 8.079940167489458, "lamda": 0.8538829044755711}, "datetime": {"datetime": "2021-06-16 15:03:58", "elapsed": 2476.088113, "delta": 2.722227}}
{"target": -20.672809329608853, "params": {"C": 7.892079265704522, "epsilon": 8.83409454933576, "gamma": 7.061020971459621, "lamda": 1.0942192697621864}, "datetime": {"datetime": "2021-06-16 15:04:01", "elapsed": 2478.964673, "delta": 2.87656}}
{"target": -20.88521470675444, "params": {"C": 9.414478455978363, "epsilon": 3.2233329114858105, "gamma": 8.261333311753447, "lamda": 0.5857768586164784}, "datetime": {"datetime": "2021-06-16 15:04:03", "elapsed": 2480.999926, "delta": 2.035253}}
{"target": -20.902282739255217, "params": {"C": 9.56756747597762, "epsilon": 3.5760703559366123, "gamma": 8.226107086231618, "lamda": 0.5720085016654541}, "datetime": {"datetime": "2021-06-16 15:04:06", "elapsed": 2483.985826, "delta": 2.9859}}
{"target": -98.51106142637643, "params": {"C": 0.8778029751800789, "epsilon": 3.3772405512880765, "gamma": 0.7649274333400409, "lamda": 6.083511716128105}, "datetime": {"datetime": "2021-06-16 15:04:16", "elapsed": 2494.372924, "delta": 10.387098}}
{"target": -22.368783307032064, "params": {"C": 6.322976814233161, "epsilon": 2.0537311094838153, "gamma": 7.257556249387848, "lamda": 0.9564802559045286}, "datetime": {"datetime": "2021-06-16 15:04:18", "elapsed": 2496.045978, "delta": 1.673054}}
{"target": -31.277970157668893, "params": {"C": 1.8087967870353134, "epsilon": 4.17052024282098, "gamma": 5.3490236889904335, "lamda": 0.6406371171809732}, "datetime": {"datetime": "2021-06-16 15:04:20", "elapsed": 2498.144926, "delta": 2.098948}}
{"target": -101.15373115230912, "params": {"C": 3.0984080820140467, "epsilon": 8.24067466132818, "gamma": 3.3112592218522168, "lamda": 3.7481737403512607}, "datetime": {"datetime": "2021-06-16 15:04:31", "elapsed": 2508.607087, "delta": 10.462161}}
{"target": -27.91807641927354, "params": {"C": 7.718387923175003, "epsilon": 1.104502731684256, "gamma": 5.787810012075568, "lamda": 1.5214257256819825}, "datetime": {"datetime": "2021-06-16 15:04:33", "elapsed": 2511.040714, "delta": 2.433627}}
{"target": -21.681545035656328, "params": {"C": 6.527037306917578, "epsilon": 1.8631460086228995, "gamma": 7.565472232824813, "lamda": 0.7919618549423412}, "datetime": {"datetime": "2021-06-16 15:04:36", "elapsed": 2514.070447, "delta": 3.029733}}
{"target": -20.671504135271316, "params": {"C": 7.95703427617193, "epsilon": 8.860252239645481, "gamma": 7.058801786145952, "lamda": 1.093129569383237}, "datetime": {"datetime": "2021-06-16 15:04:38", "elapsed": 2516.510235, "delta": 2.439788}}
{"target": -22.158349908686848, "params": {"C": 7.849335856011641, "epsilon": 2.3900122991229127, "gamma": 7.012240996968395, "lamda": 1.7032658781620895}, "datetime": {"datetime": "2021-06-16 15:04:42", "elapsed": 2520.166586, "delta": 3.656351}}
{"target": -20.147574335434072, "params": {"C": 3.049089219648648, "epsilon": 1.1161731200956793, "gamma": 8.74320772157992, "lamda": 1.6252434160130431}, "datetime": {"datetime": "2021-06-16 15:04:45", "elapsed": 2522.819651, "delta": 2.653065}}
{"target": -18.90215180763411, "params": {"C": 9.786573717568904, "epsilon": 5.542504995358545, "gamma": 8.70188542791492, "lamda": 1.744620682969761}, "datetime": {"datetime": "2021-06-16 15:04:48", "elapsed": 2525.649708, "delta": 2.830057}}
{"target": -22.326733062217254, "params": {"C": 7.918734264135331, "epsilon": 2.1927742615706296, "gamma": 7.009684235585583, "lamda": 1.628156033772958}, "datetime": {"datetime": "2021-06-16 15:04:50", "elapsed": 2528.054393, "delta": 2.404685}}
{"target": -27.51139466595516, "params": {"C": 2.0190728591125415, "epsilon": 3.8644155299619865, "gamma": 5.397773331586915, "lamda": 0.4991756358557141}, "datetime": {"datetime": "2021-06-16 15:04:53", "elapsed": 2530.98459, "delta": 2.930197}}
{"target": -20.91575602061936, "params": {"C": 9.378679567562266, "epsilon": 3.505873949263233, "gamma": 8.264354494302555, "lamda": 0.508344995786637}, "datetime": {"datetime": "2021-06-16 15:04:56", "elapsed": 2533.886775, "delta": 2.902185}}
{"target": -20.431434796473972, "params": {"C": 2.5537553088398544, "epsilon": 1.2079137468944203, "gamma": 8.540045937942537, "lamda": 1.3797411571372795}, "datetime": {"datetime": "2021-06-16 15:04:58", "elapsed": 2536.127583, "delta": 2.240808}}
{"target": -19.231062468540443, "params": {"C": 3.7899819259787524, "epsilon": 0.5687905334750881, "gamma": 9.845308767327024, "lamda": 2.0124316569641025}, "datetime": {"datetime": "2021-06-16 15:05:01", "elapsed": 2538.967142, "delta": 2.839559}}
{"target": -20.357444441449758, "params": {"C": 3.109493945078959, "epsilon": 0.9840788354034499, "gamma": 8.618714530763393, "lamda": 1.5559051578450924}, "datetime": {"datetime": "2021-06-16 15:05:04", "elapsed": 2542.062153, "delta": 3.095011}}
{"target": -20.1433061518114, "params": {"C": 7.9487211002759395, "epsilon": 8.982907848653436, "gamma": 7.027333286877425, "lamda": 1.3532755976057114}, "datetime": {"datetime": "2021-06-16 15:05:06", "elapsed": 2544.352766, "delta": 2.290613}}
{"target": -20.29491818438188, "params": {"C": 2.643174706393478, "epsilon": 1.0016207352686115, "gamma": 8.663386115347153, "lamda": 1.1733304925995998}, "datetime": {"datetime": "2021-06-16 15:05:09", "elapsed": 2547.424552, "delta": 3.071786}}
{"target": -173.80858773188172, "params": {"C": 5.428008761784994, "epsilon": 5.496242570432532, "gamma": 4.714124082274289, "lamda": 7.481563491643093}, "datetime": {"datetime": "2021-06-16 15:05:20", "elapsed": 2557.617293, "delta": 10.192741}}
{"target": -21.171279394569893, "params": {"C": 9.93658410341992, "epsilon": 3.3499198334158993, "gamma": 8.111008637066881, "lamda": 0.45641556531098243}, "datetime": {"datetime": "2021-06-16 15:05:23", "elapsed": 2560.665543, "delta": 3.04825}}
{"target": -110.35985124509202, "params": {"C": 9.341350688104642, "epsilon": 0.027312327405865297, "gamma": 8.998527841311105, "lamda": 3.638230816364616}, "datetime": {"datetime": "2021-06-16 15:05:33", "elapsed": 2570.93678, "delta": 10.271237}}
{"target": -26.718906303194455, "params": {"C": 1.8124862377610846, "epsilon": 3.9657559809619207, "gamma": 5.382889000560384, "lamda": 0.8756108753669328}, "datetime": {"datetime": "2021-06-16 15:05:35", "elapsed": 2573.220279, "delta": 2.283499}}
{"target": -19.267604849578625, "params": {"C": 3.74612902677656, "epsilon": 5.068831566592548, "gamma": 5.872242293985596, "lamda": 5.426593299879515}, "datetime": {"datetime": "2021-06-16 15:05:38", "elapsed": 2575.763872, "delta": 2.543593}}
{"target": -19.59229080733961, "params": {"C": 5.9465619214112415, "epsilon": 3.6269565969742597, "gamma": 5.642027032260766, "lamda": 7.547480854106636}, "datetime": {"datetime": "2021-06-16 15:05:40", "elapsed": 2578.555221, "delta": 2.791349}}
{"target": -19.09567664203683, "params": {"C": 3.4302412327923384, "epsilon": 0.7212467069409815, "gamma": 9.94040012919702, "lamda": 1.7506435253415364}, "datetime": {"datetime": "2021-06-16 15:05:44", "elapsed": 2581.772235, "delta": 3.217014}}
{"target": -20.280933094884304, "params": {"C": 8.381839764346818, "epsilon": 6.575354111423434, "gamma": 6.520623329056167, "lamda": 2.2429166356317127}, "datetime": {"datetime": "2021-06-16 15:05:46", "elapsed": 2584.551165, "delta": 2.77893}}
{"target": -18.58606391467394, "params": {"C": 9.874441867166881, "epsilon": 5.93241364493532, "gamma": 8.881511458059025, "lamda": 1.8808801552570213}, "datetime": {"datetime": "2021-06-16 15:05:49", "elapsed": 2587.507755, "delta": 2.95659}}
{"target": -22.179181569320573, "params": {"C": 7.8571911742475455, "epsilon": 2.3656248044396695, "gamma": 7.012084369179178, "lamda": 1.6937072823017814}, "datetime": {"datetime": "2021-06-16 15:05:52", "elapsed": 2590.395906, "delta": 2.888151}}
{"target": -18.67230633996721, "params": {"C": 9.812084826921883, "epsilon": 5.768976473715622, "gamma": 8.743728514664173, "lamda": 1.963287876180673}, "datetime": {"datetime": "2021-06-16 15:05:54", "elapsed": 2592.334697, "delta": 1.938791}}
{"target": -18.461863649286418, "params": {"C": 9.708297786707867, "epsilon": 5.52953092379114, "gamma": 8.940382193981, "lamda": 1.8969993840972015}, "datetime": {"datetime": "2021-06-16 15:05:57", "elapsed": 2595.089886, "delta": 2.755189}}
{"target": -18.789603307815895, "params": {"C": 0.19675853738866644, "epsilon": 9.736995139426142, "gamma": 7.968101420855942, "lamda": 0.24765156563005628}, "datetime": {"datetime": "2021-06-16 15:06:00", "elapsed": 2597.951379, "delta": 2.861493}}
{"target": -21.973225121361427, "params": {"C": 6.1512639293832105, "epsilon": 2.281574946256447, "gamma": 7.625404156926392, "lamda": 0.4253336444332913}, "datetime": {"datetime": "2021-06-16 15:06:02", "elapsed": 2600.328817, "delta": 2.377438}}
{"target": -19.099014760712027, "params": {"C": 3.3321968302171348, "epsilon": 0.571125554663995, "gamma": 9.999907989980226, "lamda": 1.7709846265945959}, "datetime": {"datetime": "2021-06-16 15:06:06", "elapsed": 2604.037299, "delta": 3.708482}}
{"target": -18.53914886674111, "params": {"C": 9.680539360356775, "epsilon": 5.96641118700014, "gamma": 8.92228920679212, "lamda": 1.6014122850604817}, "datetime": {"datetime": "2021-06-16 15:06:08", "elapsed": 2606.433597, "delta": 2.396298}}
{"target": -19.8749482086437, "params": {"C": 8.606264119207822, "epsilon": 6.82789276053635, "gamma": 6.692684782104313, "lamda": 2.2000804741300084}, "datetime": {"datetime": "2021-06-16 15:06:11", "elapsed": 2608.668991, "delta": 2.235394}}
{"target": -19.841251445565785, "params": {"C": 7.273413095228118, "epsilon": 8.925538629784034, "gamma": 7.1965705044139705, "lamda": 1.4552067768097068}, "datetime": {"datetime": "2021-06-16 15:06:13", "elapsed": 2611.397683, "delta": 2.728692}}
{"target": -24.160409910501716, "params": {"C": 5.715231547811659, "epsilon": 1.6484554681645667, "gamma": 5.742483335779363, "lamda": 7.009952915603516}, "datetime": {"datetime": "2021-06-16 15:06:16", "elapsed": 2614.500274, "delta": 3.102591}}
{"target": -20.848768697736354, "params": {"C": 9.60882043337145, "epsilon": 3.5817921667588473, "gamma": 8.13992736103304, "lamda": 0.7552819045938383}, "datetime": {"datetime": "2021-06-16 15:06:19", "elapsed": 2616.932489, "delta": 2.432215}}
{"target": -21.168108366231223, "params": {"C": 9.56023314635298, "epsilon": 3.6282412926756624, "gamma": 8.08854532883384, "lamda": 0.46583304192624614}, "datetime": {"datetime": "2021-06-16 15:06:21", "elapsed": 2619.417467, "delta": 2.484978}}
{"target": -19.402837058138697, "params": {"C": 7.698051759651808, "epsilon": 9.327565168816326, "gamma": 7.364721194545584, "lamda": 1.4403118575282599}, "datetime": {"datetime": "2021-06-16 15:06:24", "elapsed": 2622.510054, "delta": 3.092587}}
{"target": -19.113299890296624, "params": {"C": 9.808844210994014, "epsilon": 5.499502214041592, "gamma": 8.581558189459788, "lamda": 1.6640735959166546}, "datetime": {"datetime": "2021-06-16 15:06:28", "elapsed": 2625.958444, "delta": 3.44839}}
{"target": -98.00774715188555, "params": {"C": 4.8584482770343556, "epsilon": 5.658724172763044, "gamma": 5.075423236178059, "lamda": 4.861162089097366}, "datetime": {"datetime": "2021-06-16 15:06:38", "elapsed": 2636.276879, "delta": 10.318435}}
{"target": -26.817415757737656, "params": {"C": 2.3277715069323124, "epsilon": 3.5817569722025673, "gamma": 5.402458911949957, "lamda": 0.7850474055893978}, "datetime": {"datetime": "2021-06-16 15:06:41", "elapsed": 2638.866193, "delta": 2.589314}}
{"target": -18.72992439006919, "params": {"C": 9.513611668400022, "epsilon": 5.781968443903117, "gamma": 8.90891690144192, "lamda": 1.6831809719071884}, "datetime": {"datetime": "2021-06-16 15:06:44", "elapsed": 2641.906865, "delta": 3.040672}}
{"target": -21.68494318371371, "params": {"C": 6.083090796708217, "epsilon": 1.9231720923386262, "gamma": 7.60399509800287, "lamda": 0.969130109677147}, "datetime": {"datetime": "2021-06-16 15:06:46", "elapsed": 2644.270829, "delta": 2.363964}}
{"target": -19.81962839656912, "params": {"C": 6.117417679474202, "epsilon": 3.443621618264614, "gamma": 5.627396399393124, "lamda": 7.655609348322257}, "datetime": {"datetime": "2021-06-16 15:06:51", "elapsed": 2649.148953, "delta": 4.878124}}
{"target": -20.295809812482645, "params": {"C": 8.414753715146519, "epsilon": 6.208921140571145, "gamma": 6.684958981706733, "lamda": 2.057423481586031}, "datetime": {"datetime": "2021-06-16 15:06:53", "elapsed": 2651.29802, "delta": 2.149067}}
{"target": -100.78039929464117, "params": {"C": 5.2614194667471, "epsilon": 2.431303391803871, "gamma": 0.3507554755649086, "lamda": 9.304205210266183}, "datetime": {"datetime": "2021-06-16 15:07:04", "elapsed": 2662.012606, "delta": 10.714586}}
{"target": -19.127868455579307, "params": {"C": 8.89966765864467, "epsilon": 5.728634205522137, "gamma": 8.524227761493819, "lamda": 1.6401585433817132}, "datetime": {"datetime": "2021-06-16 15:07:06", "elapsed": 2664.447323, "delta": 2.434717}}
{"target": -115.00702971942466, "params": {"C": 8.352335771388981, "epsilon": 7.222492365245462, "gamma": 8.40657625827188, "lamda": 5.358614052467522}, "datetime": {"datetime": "2021-06-16 15:07:17", "elapsed": 2674.860208, "delta": 10.412885}}
{"target": -19.23144958931058, "params": {"C": 3.8677731805654676, "epsilon": 4.780048630175192, "gamma": 6.070363573840203, "lamda": 5.553788690125396}, "datetime": {"datetime": "2021-06-16 15:07:19", "elapsed": 2677.276961, "delta": 2.416753}}
{"target": -18.173119816740517, "params": {"C": 9.242486812516168, "epsilon": 6.056219573853083, "gamma": 5.297294455164946, "lamda": 7.46650057711272}, "datetime": {"datetime": "2021-06-16 15:07:21", "elapsed": 2679.251875, "delta": 1.974914}}
{"target": -21.087457840057873, "params": {"C": 9.903443134990692, "epsilon": 3.3417367344281765, "gamma": 8.12515751807793, "lamda": 0.5342848033550487}, "datetime": {"datetime": "2021-06-16 15:07:25", "elapsed": 2682.751188, "delta": 3.499313}}
{"target": -18.874924678021245, "params": {"C": 8.83718425694993, "epsilon": 5.844623156339608, "gamma": 8.80843997603834, "lamda": 1.6601242257620543}, "datetime": {"datetime": "2021-06-16 15:07:28", "elapsed": 2686.051651, "delta": 3.300463}}
{"target": -18.787966925458, "params": {"C": 1.103223926091854, "epsilon": 6.48985032633215, "gamma": 9.603758774388757, "lamda": 0.9376972193768082}, "datetime": {"datetime": "2021-06-16 15:07:30", "elapsed": 2688.002566, "delta": 1.950915}}
{"target": -19.256266598245904, "params": {"C": 3.7155430911996934, "epsilon": 0.553647346405016, "gamma": 9.764733151438234, "lamda": 2.053714770651379}, "datetime": {"datetime": "2021-06-16 15:07:33", "elapsed": 2691.028727, "delta": 3.026161}}
{"target": -21.128761359160762, "params": {"C": 9.60382621066039, "epsilon": 3.5215150683565803, "gamma": 8.092989139480522, "lamda": 0.5134562409548233}, "datetime": {"datetime": "2021-06-16 15:07:37", "elapsed": 2695.322401, "delta": 4.293674}}
{"target": -18.904327973156697, "params": {"C": 9.73987623732366, "epsilon": 8.66136210942902, "gamma": 9.592278298649585, "lamda": 0.6563026629416665}, "datetime": {"datetime": "2021-06-16 15:07:39", "elapsed": 2697.464275, "delta": 2.141874}}
{"target": -19.090830654420913, "params": {"C": 9.802680107400134, "epsilon": 5.625670481074291, "gamma": 8.649934276038422, "lamda": 1.5038696784495127}, "datetime": {"datetime": "2021-06-16 15:07:42", "elapsed": 2700.201886, "delta": 2.737611}}
{"target": -19.310228258383173, "params": {"C": 7.59184616431958, "epsilon": 9.180844190409585, "gamma": 7.3532611107811325, "lamda": 1.514816351152998}, "datetime": {"datetime": "2021-06-16 15:07:45", "elapsed": 2702.820951, "delta": 2.619065}}
{"target": -100.70687644533803, "params": {"C": 5.734132220368947, "epsilon": 3.8163324983898996, "gamma": 5.97052993720827, "lamda": 7.230548546884658}, "datetime": {"datetime": "2021-06-16 15:07:56", "elapsed": 2714.296025, "delta": 11.475074}}
{"target": -19.742824037819442, "params": {"C": 4.005616890614545, "epsilon": 2.6857856933028867, "gamma": 9.469879169555142, "lamda": 0.05275310809688548}, "datetime": {"datetime": "2021-06-16 15:08:00", "elapsed": 2717.829686, "delta": 3.533661}}
{"target": -20.075418077432047, "params": {"C": 9.857869156758845, "epsilon": 3.5999067082923535, "gamma": 8.587661131178535, "lamda": 0.9452778594818467}, "datetime": {"datetime": "2021-06-16 15:08:03", "elapsed": 2720.700256, "delta": 2.87057}}
{"target": -19.011795695445915, "params": {"C": 9.24655351541516, "epsilon": 5.767778903498512, "gamma": 9.014781696033495, "lamda": 1.360551769254405}, "datetime": {"datetime": "2021-06-16 15:08:05", "elapsed": 2723.539229, "delta": 2.838973}}
