{"target": -16.904194477563895, "params": {"C": 4.335023282205342, "epsilon": 4.294884160693403, "gamma": 1.1759139887993448, "lamda": 0.17187281554346123}, "datetime": {"datetime": "2021-06-17 11:23:00", "elapsed": 126.971653, "delta": 0.76499}}
{"target": -12.519026679470771, "params": {"C": 2.6775121617592568, "epsilon": 0.28083353213226736, "gamma": 0.33486246095763206, "lamda": 0.359924657544983}, "datetime": {"datetime": "2021-06-17 11:23:00", "elapsed": 127.788375, "delta": 0.816722}}
{"target": -45.85847315063935, "params": {"C": 8.471250689409034, "epsilon": 7.9320067042001545, "gamma": 1.7450189244480316, "lamda": 0.10492377662791684}, "datetime": {"datetime": "2021-06-17 11:23:01", "elapsed": 128.543917, "delta": 0.755542}}
{"target": -12.01706618620256, "params": {"C": 0.23954548950000298, "epsilon": 7.97970538680099, "gamma": 1.9384412274450054, "lamda": 0.3886563554178618}, "datetime": {"datetime": "2021-06-17 11:23:02", "elapsed": 129.276532, "delta": 0.732615}}
{"target": -15.0434282464573, "params": {"C": 1.1103586853540026, "epsilon": 4.872143754991572, "gamma": 1.815852298558333, "lamda": 0.1452081326093321}, "datetime": {"datetime": "2021-06-17 11:23:03", "elapsed": 130.033358, "delta": 0.756826}}
{"target": -16.105547652185397, "params": {"C": 4.411460950609824, "epsilon": 4.320024642761682, "gamma": 1.0945857901681195, "lamda": 0.16408445208511294}, "datetime": {"datetime": "2021-06-17 11:23:04", "elapsed": 130.851919, "delta": 0.818561}}
{"target": -9.317578722288324, "params": {"C": 0.1033498909589239, "epsilon": 5.50184593244987, "gamma": 0.33121896807532936, "lamda": 0.23847465512966465}, "datetime": {"datetime": "2021-06-17 11:23:04", "elapsed": 131.601897, "delta": 0.749978}}
{"target": -16.386717365322426, "params": {"C": 4.477948115102319, "epsilon": 4.273101254345052, "gamma": 1.04664123243282, "lamda": 0.07134926278589936}, "datetime": {"datetime": "2021-06-17 11:23:05", "elapsed": 132.414324, "delta": 0.812427}}
{"target": -16.02256693461527, "params": {"C": 4.423616929663303, "epsilon": 4.193489691392324, "gamma": 1.088202760185876, "lamda": 0.3771577122415806}, "datetime": {"datetime": "2021-06-17 11:23:06", "elapsed": 133.162656, "delta": 0.748332}}
{"target": -5014.841955257217, "params": {"C": 4.428270497934251, "epsilon": 4.174443962090543, "gamma": 1.0923455490909457, "lamda": 0.3742253521009284}, "datetime": {"datetime": "2021-06-17 11:23:15", "elapsed": 142.722138, "delta": 9.559482}}
{"target": -14.56219287575876, "params": {"C": 2.393340903700537, "epsilon": 4.470357854863922, "gamma": 1.1420074540686156, "lamda": 0.456473355406194}, "datetime": {"datetime": "2021-06-17 11:23:16", "elapsed": 143.706479, "delta": 0.984341}}
{"target": -12.11607663245569, "params": {"C": 0.2794698939123931, "epsilon": 8.069506498439504, "gamma": 1.9492881289634818, "lamda": 0.3514911114597697}, "datetime": {"datetime": "2021-06-17 11:23:17", "elapsed": 144.633064, "delta": 0.926585}}
{"target": -13.909449378750157, "params": {"C": 2.3955600510758814, "epsilon": 3.0621053328431627, "gamma": 0.9643545570756267, "lamda": 0.06521971279629335}, "datetime": {"datetime": "2021-06-17 11:23:18", "elapsed": 145.455195, "delta": 0.822131}}
{"target": -14.635178884299204, "params": {"C": 3.556440084275367, "epsilon": 1.061525225730952, "gamma": 0.7207501991275679, "lamda": 0.4595788478253095}, "datetime": {"datetime": "2021-06-17 11:23:19", "elapsed": 146.321447, "delta": 0.866252}}
{"target": -36.39518806758196, "params": {"C": 8.462294018961684, "epsilon": 7.942265875858745, "gamma": 1.7118962530051127, "lamda": 0.1518762044995697}, "datetime": {"datetime": "2021-06-17 11:23:20", "elapsed": 147.153906, "delta": 0.832459}}
{"target": -15.123697753673348, "params": {"C": 1.2895076460347785, "epsilon": 5.010304026738284, "gamma": 1.7275388966303453, "lamda": 0.2522255445127943}, "datetime": {"datetime": "2021-06-17 11:23:21", "elapsed": 147.956282, "delta": 0.802376}}
{"target": -5261.93897054115, "params": {"C": 6.438107947696466, "epsilon": 7.990726893547082, "gamma": 0.5851029072178848, "lamda": 0.21759578673885568}, "datetime": {"datetime": "2021-06-17 11:23:31", "elapsed": 157.9676, "delta": 10.011318}}
