{"target": -9.836346755747652, "params": {"C": 0.30701601930603367, "epsilon": 0.11879897237412385, "gamma": 0.1973797826202683, "lamda": 0.39616208462670804}, "datetime": {"datetime": "2021-06-17 11:31:04", "elapsed": 124.500168, "delta": 0.988066}}
{"target": -10.15819811186579, "params": {"C": 0.4697701233954245, "epsilon": 0.43467193205669136, "gamma": 0.37477800438117964, "lamda": 0.18165421429609646}, "datetime": {"datetime": "2021-06-17 11:31:05", "elapsed": 125.349139, "delta": 0.848971}}
{"target": -10.490220385597617, "params": {"C": 1.0958180916519922, "epsilon": 0.7174048541603447, "gamma": 0.2302637128380668, "lamda": 0.2386295910715488}, "datetime": {"datetime": "2021-06-17 11:31:06", "elapsed": 126.135567, "delta": 0.786428}}
{"target": -10.641092383131086, "params": {"C": 0.8267178938875062, "epsilon": 0.6181519033046637, "gamma": 0.2674874057660907, "lamda": 0.34036957812055224}, "datetime": {"datetime": "2021-06-17 11:31:07", "elapsed": 127.102781, "delta": 0.967214}}
{"target": -10.438377783414145, "params": {"C": 1.1413995443115952, "epsilon": 0.6455792751815225, "gamma": 0.2904223596733903, "lamda": 0.3115855526136002}, "datetime": {"datetime": "2021-06-17 11:31:08", "elapsed": 128.025703, "delta": 0.922922}}
{"target": -9.623157688954022, "params": {"C": 0.8181773447328263, "epsilon": 0.36134855876664895, "gamma": 0.0712147967362334, "lamda": 0.24389563004473597}, "datetime": {"datetime": "2021-06-17 11:31:08", "elapsed": 128.964186, "delta": 0.938483}}
{"target": -10.24058582317262, "params": {"C": 0.48575386470787524, "epsilon": 0.2936387738931078, "gamma": 0.2452263186551149, "lamda": 0.1417227330965662}, "datetime": {"datetime": "2021-06-17 11:31:10", "elapsed": 130.002623, "delta": 1.038437}}
{"target": -9.914466830342244, "params": {"C": 0.6342215327533811, "epsilon": 0.21193034036289585, "gamma": 0.11855541472108382, "lamda": 0.14895687666794952}, "datetime": {"datetime": "2021-06-17 11:31:11", "elapsed": 131.367924, "delta": 1.365301}}
{"target": -9.648516098933477, "params": {"C": 0.7775939246440436, "epsilon": 0.3882305498945354, "gamma": 0.07164857319635187, "lamda": 0.14675175237907503}, "datetime": {"datetime": "2021-06-17 11:31:12", "elapsed": 132.65521, "delta": 1.287286}}
{"target": -9.706906653873357, "params": {"C": 0.2320814940002171, "epsilon": 0.20508751332615696, "gamma": 0.2666700390098092, "lamda": 0.09584500559651966}, "datetime": {"datetime": "2021-06-17 11:31:14", "elapsed": 134.296467, "delta": 1.641257}}
{"target": -10.026564404441798, "params": {"C": 0.27254085526503663, "epsilon": 0.332203618375563, "gamma": 0.3010364876507853, "lamda": 0.2317345500431924}, "datetime": {"datetime": "2021-06-17 11:31:15", "elapsed": 135.210339, "delta": 0.913872}}
{"target": -9.911908269411104, "params": {"C": 0.43597336451894636, "epsilon": 0.3545673183303562, "gamma": 0.16135041220530466, "lamda": 0.33742524944147645}, "datetime": {"datetime": "2021-06-17 11:31:16", "elapsed": 136.219877, "delta": 1.009538}}
{"target": -9.722217477383186, "params": {"C": 0.8412403850559161, "epsilon": 0.453211863799344, "gamma": 0.08438322910613259, "lamda": 0.21978851299024454}, "datetime": {"datetime": "2021-06-17 11:31:17", "elapsed": 137.323876, "delta": 1.103999}}
{"target": -9.896070531359562, "params": {"C": 0.4468366409686956, "epsilon": 0.3357091731907482, "gamma": 0.21846618306045093, "lamda": 0.24899792826805636}, "datetime": {"datetime": "2021-06-17 11:31:18", "elapsed": 138.620435, "delta": 1.296559}}
{"target": -9.517398699973741, "params": {"C": 0.09212165923272857, "epsilon": 0.11214789107537279, "gamma": 0.4473169005674489, "lamda": 0.18112285058141334}, "datetime": {"datetime": "2021-06-17 11:31:19", "elapsed": 139.75307, "delta": 1.132635}}
{"target": -9.613872247684363, "params": {"C": 0.4131620895583345, "epsilon": 0.10812108635768043, "gamma": 0.09963575161425504, "lamda": 0.33107318284814075}, "datetime": {"datetime": "2021-06-17 11:31:20", "elapsed": 140.870416, "delta": 1.117346}}
{"target": -9.414188441353174, "params": {"C": 0.09603964695048171, "epsilon": 0.03713697518898977, "gamma": 0.37519319506824544, "lamda": 0.37826078245747496}, "datetime": {"datetime": "2021-06-17 11:31:21", "elapsed": 141.975081, "delta": 1.104665}}
{"target": -17.454095456931658, "params": {"C": 4.199814373964638, "epsilon": 3.1939821345310215, "gamma": 1.3289822567605012, "lamda": 0.2823575571208081}, "datetime": {"datetime": "2021-06-17 11:31:22", "elapsed": 142.818071, "delta": 0.84299}}
{"target": -9.724373119735404, "params": {"C": 0.7375456758026246, "epsilon": 0.23592411988678627, "gamma": 0.08968577165179249, "lamda": 0.28127179073491576}, "datetime": {"datetime": "2021-06-17 11:31:24", "elapsed": 144.609713, "delta": 1.791642}}
{"target": -9.993767244514263, "params": {"C": 0.8974441402860772, "epsilon": 0.43413051522751595, "gamma": 0.13294768027245918, "lamda": 0.3325263721735266}, "datetime": {"datetime": "2021-06-17 11:31:25", "elapsed": 145.650936, "delta": 1.041223}}
{"target": -13.533294906814803, "params": {"C": 1.8304437994636897, "epsilon": 4.646332936133578, "gamma": 0.9715092648437273, "lamda": 0.128856263708284}, "datetime": {"datetime": "2021-06-17 11:31:26", "elapsed": 146.456705, "delta": 0.805769}}
{"target": -9.628826526072745, "params": {"C": 0.17787037366703765, "epsilon": 0.2925384466752583, "gamma": 0.2955680246433108, "lamda": 0.3091286650562075}, "datetime": {"datetime": "2021-06-17 11:31:28", "elapsed": 148.309757, "delta": 1.853052}}
{"target": -13.834857624431917, "params": {"C": 0.9636238596390467, "epsilon": 0.9603584840990586, "gamma": 0.6346301932994555, "lamda": 0.4605979273386564}, "datetime": {"datetime": "2021-06-17 11:31:29", "elapsed": 149.169556, "delta": 0.859799}}
{"target": -9.742678040646755, "params": {"C": 0.23860200838050388, "epsilon": 0.06380988578673072, "gamma": 0.1800000340703503, "lamda": 0.0646938722746062}, "datetime": {"datetime": "2021-06-17 11:31:30", "elapsed": 150.872939, "delta": 1.703383}}
{"target": -10.396622565620993, "params": {"C": 0.6032411843359091, "epsilon": 0.3986039903436784, "gamma": 0.27856965290568697, "lamda": 0.08962879597158137}, "datetime": {"datetime": "2021-06-17 11:31:32", "elapsed": 152.592592, "delta": 1.719653}}
{"target": -9.765719785268788, "params": {"C": 0.20528689306892436, "epsilon": 0.2528382324431572, "gamma": 0.21641711200836916, "lamda": 0.4199914558573107}, "datetime": {"datetime": "2021-06-17 11:31:35", "elapsed": 155.446247, "delta": 2.853655}}
{"target": -9.556060427938236, "params": {"C": 0.11315532899137705, "epsilon": 0.0012815931251171234, "gamma": 0.40222486404161917, "lamda": 0.3176721925396435}, "datetime": {"datetime": "2021-06-17 11:31:36", "elapsed": 156.965157, "delta": 1.51891}}
{"target": -9.841622506641965, "params": {"C": 0.7375858920881011, "epsilon": 0.3168720893955091, "gamma": 0.058410513034679444, "lamda": 0.2242421182655106}, "datetime": {"datetime": "2021-06-17 11:31:38", "elapsed": 158.336772, "delta": 1.371615}}
{"target": -9.916811892304281, "params": {"C": 0.8295624443819802, "epsilon": 0.31053477407592844, "gamma": 0.0996599021818757, "lamda": 0.16797359112784563}, "datetime": {"datetime": "2021-06-17 11:31:40", "elapsed": 160.188302, "delta": 1.85153}}
{"target": -9.899689154318924, "params": {"C": 0.6892973271930044, "epsilon": 0.31809914593055083, "gamma": 0.10795523869660228, "lamda": 0.0377404669562789}, "datetime": {"datetime": "2021-06-17 11:31:41", "elapsed": 161.630869, "delta": 1.442567}}
{"target": -10.369525858133512, "params": {"C": 0.5122198917001348, "epsilon": 0.4124923838184235, "gamma": 0.2770542789565612, "lamda": 0.352780225996299}, "datetime": {"datetime": "2021-06-17 11:31:43", "elapsed": 163.832637, "delta": 2.201768}}
{"target": -9.355183287263651, "params": {"C": 0.07755626392674907, "epsilon": 0.07661194694904007, "gamma": 0.3992839516055841, "lamda": 0.3797200624817409}, "datetime": {"datetime": "2021-06-17 11:31:45", "elapsed": 165.605058, "delta": 1.772421}}
{"target": -9.746675462578516, "params": {"C": 0.20069143335304246, "epsilon": 0.10591330486624032, "gamma": 0.23439905916833328, "lamda": 0.428669687593562}, "datetime": {"datetime": "2021-06-17 11:31:46", "elapsed": 166.769385, "delta": 1.164327}}
{"target": -9.956996883701994, "params": {"C": 0.669243869169253, "epsilon": 0.2638095459800832, "gamma": 0.1683569876140043, "lamda": 0.3536252485904187}, "datetime": {"datetime": "2021-06-17 11:31:48", "elapsed": 168.843216, "delta": 2.073831}}
{"target": -9.761252593560615, "params": {"C": 0.2517938471620324, "epsilon": 0.31706642054697665, "gamma": 0.22030276357006118, "lamda": 0.1808287266481589}, "datetime": {"datetime": "2021-06-17 11:31:50", "elapsed": 170.114698, "delta": 1.271482}}
{"target": -9.838239358965808, "params": {"C": 0.3802520908086757, "epsilon": 0.1422953617249638, "gamma": 0.20058697913059953, "lamda": 0.001}, "datetime": {"datetime": "2021-06-17 11:31:51", "elapsed": 171.718524, "delta": 1.603826}}
{"target": -9.939081393700175, "params": {"C": 0.5366792565325198, "epsilon": 0.13093662514664278, "gamma": 0.14664002053568312, "lamda": 0.23410341204505117}, "datetime": {"datetime": "2021-06-17 11:31:53", "elapsed": 173.41247, "delta": 1.693946}}
{"target": -9.826990016148944, "params": {"C": 0.43247133987412334, "epsilon": 0.058358252937478185, "gamma": 0.13114604942459948, "lamda": 0.2955196084152024}, "datetime": {"datetime": "2021-06-17 11:31:54", "elapsed": 174.801327, "delta": 1.388857}}
{"target": -10.099575470174399, "params": {"C": 0.2688290859002646, "epsilon": 0.27353643265312405, "gamma": 0.3189769570026415, "lamda": 0.3842870931176375}, "datetime": {"datetime": "2021-06-17 11:31:55", "elapsed": 175.957913, "delta": 1.156586}}
{"target": -9.66625118018062, "params": {"C": 0.13426313896757897, "epsilon": 0.2879999198159104, "gamma": 0.2714462119644413, "lamda": 0.42260487466914226}, "datetime": {"datetime": "2021-06-17 11:31:56", "elapsed": 176.975541, "delta": 1.017628}}
{"target": -9.40224389539253, "params": {"C": 0.07151113851498368, "epsilon": 0.167928652817983, "gamma": 0.438994594970688, "lamda": 0.3349993145862411}, "datetime": {"datetime": "2021-06-17 11:31:58", "elapsed": 178.162993, "delta": 1.187452}}
{"target": -9.857762658257197, "params": {"C": 0.7729228463216528, "epsilon": 0.4838294353628365, "gamma": 0.09714467062647204, "lamda": 0.3649465240807675}, "datetime": {"datetime": "2021-06-17 11:31:59", "elapsed": 179.750638, "delta": 1.587645}}
{"target": -9.874467968660507, "params": {"C": 0.7921879517342298, "epsilon": 0.4125992429789721, "gamma": 0.11166691667092378, "lamda": 0.29183589674679467}, "datetime": {"datetime": "2021-06-17 11:32:01", "elapsed": 181.285275, "delta": 1.534637}}
{"target": -9.71357714156009, "params": {"C": 0.23420471262682538, "epsilon": 0.29931849018168355, "gamma": 0.2591925359093561, "lamda": 0.2514550198680571}, "datetime": {"datetime": "2021-06-17 11:32:03", "elapsed": 183.105185, "delta": 1.81991}}
{"target": -9.290401238294793, "params": {"C": 0.05852255079876231, "epsilon": 0.21183852872725117, "gamma": 0.43517264224563285, "lamda": 0.2014819296295643}, "datetime": {"datetime": "2021-06-17 11:32:04", "elapsed": 184.361085, "delta": 1.2559}}
{"target": -10.79491633197443, "params": {"C": 0.8563113785282173, "epsilon": 0.4066541727053158, "gamma": 0.020118361460990563, "lamda": 0.3059124954249632}, "datetime": {"datetime": "2021-06-17 11:32:05", "elapsed": 185.695443, "delta": 1.334358}}
{"target": -9.334153582600061, "params": {"C": 0.06157672626249958, "epsilon": 0.28286105666747224, "gamma": 0.403967237517503, "lamda": 0.30133333028418713}, "datetime": {"datetime": "2021-06-17 11:32:07", "elapsed": 187.23043, "delta": 1.534987}}
{"target": -9.416042671586071, "params": {"C": 0.06215397248605516, "epsilon": 0.18135044576577253, "gamma": 0.38740202890944103, "lamda": 0.3211507763854768}, "datetime": {"datetime": "2021-06-17 11:32:08", "elapsed": 188.686943, "delta": 1.456513}}
{"target": -9.798034509185518, "params": {"C": 0.4076502578139046, "epsilon": 0.0374224691105702, "gamma": 0.1268540983103076, "lamda": 0.44133202672366556}, "datetime": {"datetime": "2021-06-17 11:32:09", "elapsed": 189.590965, "delta": 0.904022}}
{"target": -9.840913530042151, "params": {"C": 0.30619547361751587, "epsilon": 0.13373761303756063, "gamma": 0.1842897259999219, "lamda": 0.12241681703019712}, "datetime": {"datetime": "2021-06-17 11:32:10", "elapsed": 190.919701, "delta": 1.328736}}
{"target": -10.130979304333234, "params": {"C": 0.817518533519914, "epsilon": 0.5019979127731786, "gamma": 0.1771987746872319, "lamda": 0.42988217045296695}, "datetime": {"datetime": "2021-06-17 11:32:12", "elapsed": 192.404237, "delta": 1.484536}}
{"target": -26.5751270513023, "params": {"C": 5.347022854956136, "epsilon": 3.5883559453661684, "gamma": 1.9662773260582656, "lamda": 0.015568090490516735}, "datetime": {"datetime": "2021-06-17 11:32:13", "elapsed": 193.402177, "delta": 0.99794}}
{"target": -9.888272886897004, "params": {"C": 0.48814312120075537, "epsilon": 0.22522690536553522, "gamma": 0.17754896361647737, "lamda": 0.38429158350739656}, "datetime": {"datetime": "2021-06-17 11:32:14", "elapsed": 194.716051, "delta": 1.313874}}
{"target": -10.213511411578818, "params": {"C": 0.6192141234928153, "epsilon": 0.49252187619928367, "gamma": 0.42118362329626097, "lamda": 0.2199447546891199}, "datetime": {"datetime": "2021-06-17 11:32:16", "elapsed": 196.632049, "delta": 1.915998}}
{"target": -9.355617876747736, "params": {"C": 0.07899835416967535, "epsilon": 0.30321532204549095, "gamma": 0.4075675650877013, "lamda": 0.3926539821171012}, "datetime": {"datetime": "2021-06-17 11:32:17", "elapsed": 197.973582, "delta": 1.341533}}
{"target": -10.019806723145408, "params": {"C": 0.9219141841474471, "epsilon": 0.5626072473034207, "gamma": 0.14187492358073875, "lamda": 0.28526879112228254}, "datetime": {"datetime": "2021-06-17 11:32:19", "elapsed": 199.461058, "delta": 1.487476}}
{"target": -9.762196883589244, "params": {"C": 0.2720280684128036, "epsilon": 0.3708980189170413, "gamma": 0.2166160527001761, "lamda": 0.3338317149876519}, "datetime": {"datetime": "2021-06-17 11:32:20", "elapsed": 200.578989, "delta": 1.117931}}
{"target": -9.65191280084219, "params": {"C": 0.18120020684945637, "epsilon": 0.11459465929074268, "gamma": 0.2655468222727803, "lamda": 0.001}, "datetime": {"datetime": "2021-06-17 11:32:21", "elapsed": 201.697491, "delta": 1.118502}}
{"target": -9.310578315869916, "params": {"C": 0.047895953694927274, "epsilon": 0.27903262131351814, "gamma": 0.48598109411813883, "lamda": 0.26536505106481695}, "datetime": {"datetime": "2021-06-17 11:32:23", "elapsed": 203.169994, "delta": 1.472503}}
{"target": -9.834936824413996, "params": {"C": 0.2986054155130663, "epsilon": 0.002412693051605, "gamma": 0.08808902167848402, "lamda": 0.3749092489199679}, "datetime": {"datetime": "2021-06-17 11:32:24", "elapsed": 204.620512, "delta": 1.450518}}
{"target": -9.48885643688443, "params": {"C": 0.057805867578139554, "epsilon": 0.007592907024429788, "gamma": 0.32264180509013324, "lamda": 0.3865130760894538}, "datetime": {"datetime": "2021-06-17 11:32:25", "elapsed": 205.609283, "delta": 0.988771}}
{"target": -19.08484527608827, "params": {"C": 6.079817473095304, "epsilon": 6.872498471136414, "gamma": 1.0275988620327976, "lamda": 0.22920359172033317}, "datetime": {"datetime": "2021-06-17 11:32:26", "elapsed": 206.575898, "delta": 0.966615}}
{"target": -9.84209346355766, "params": {"C": 0.3867048017656921, "epsilon": 0.45537703517555556, "gamma": 0.22335451868081366, "lamda": 0.2343220742531244}, "datetime": {"datetime": "2021-06-17 11:32:27", "elapsed": 207.979541, "delta": 1.403643}}
{"target": -9.49721515920169, "params": {"C": 0.08453559071104214, "epsilon": 0.3574404398040573, "gamma": 0.4531249970595997, "lamda": 0.30143311471857126}, "datetime": {"datetime": "2021-06-17 11:32:29", "elapsed": 209.445917, "delta": 1.466376}}
{"target": -9.460771464929499, "params": {"C": 0.09525914915504598, "epsilon": 0.018447106941861663, "gamma": 0.4047538501468011, "lamda": 0.34644266744199215}, "datetime": {"datetime": "2021-06-17 11:32:30", "elapsed": 210.601856, "delta": 1.155939}}
{"target": -9.828358719680818, "params": {"C": 0.34846820568184633, "epsilon": 0.11246304473709887, "gamma": 0.22585864388199364, "lamda": 0.4698097164807143}, "datetime": {"datetime": "2021-06-17 11:32:32", "elapsed": 212.068196, "delta": 1.46634}}
{"target": -9.88343991200714, "params": {"C": 0.4740167588573841, "epsilon": 0.2509950002017511, "gamma": 0.17923325280697047, "lamda": 0.001}, "datetime": {"datetime": "2021-06-17 11:32:33", "elapsed": 213.596928, "delta": 1.528732}}
{"target": -9.533315881306095, "params": {"C": 0.0772910106989943, "epsilon": 0.14412660140045128, "gamma": 0.527479186429616, "lamda": 0.2805532574799968}, "datetime": {"datetime": "2021-06-17 11:32:35", "elapsed": 215.076002, "delta": 1.479074}}
{"target": -9.475671875877811, "params": {"C": 0.07095561954933803, "epsilon": 0.09414307940625788, "gamma": 0.47482932286523327, "lamda": 0.37270407743736866}, "datetime": {"datetime": "2021-06-17 11:32:36", "elapsed": 216.601419, "delta": 1.525417}}
{"target": -9.860688366877342, "params": {"C": 0.7192137024764526, "epsilon": 0.3251045134165712, "gamma": 0.11933362801871429, "lamda": 0.13508203262452598}, "datetime": {"datetime": "2021-06-17 11:32:37", "elapsed": 217.905147, "delta": 1.303728}}
{"target": -9.284852214726074, "params": {"C": 0.03914982346407756, "epsilon": 0.2489445018549062, "gamma": 0.5104305812189833, "lamda": 0.14647063607614916}, "datetime": {"datetime": "2021-06-17 11:32:39", "elapsed": 219.455491, "delta": 1.550344}}
{"target": -9.757568254973764, "params": {"C": 0.27367235802903767, "epsilon": 0.19877562341821417, "gamma": 0.2203663414591502, "lamda": 0.001}, "datetime": {"datetime": "2021-06-17 11:32:41", "elapsed": 221.027519, "delta": 1.572028}}
{"target": -9.881829907923244, "params": {"C": 0.14152098045754805, "epsilon": 0.3026472038385462, "gamma": 0.4869400671230031, "lamda": 0.2675266997267012}, "datetime": {"datetime": "2021-06-17 11:32:42", "elapsed": 222.462024, "delta": 1.434505}}
{"target": -9.706204378838367, "params": {"C": 0.14908756647372629, "epsilon": 0.1454286699261231, "gamma": 0.3725824257899633, "lamda": 0.1382591124913954}, "datetime": {"datetime": "2021-06-17 11:32:43", "elapsed": 223.803163, "delta": 1.341139}}
{"target": -9.558368010175023, "params": {"C": 0.13769833813580654, "epsilon": 0.04513605439428762, "gamma": 0.3029630271404697, "lamda": 0.33634363240221254}, "datetime": {"datetime": "2021-06-17 11:32:45", "elapsed": 225.353232, "delta": 1.550069}}
{"target": -9.40096837262515, "params": {"C": 0.059930299804166566, "epsilon": 0.20335307951258433, "gamma": 0.5392784795406635, "lamda": 0.05784111886519486}, "datetime": {"datetime": "2021-06-17 11:32:46", "elapsed": 226.709065, "delta": 1.355833}}
{"target": -9.76390612654172, "params": {"C": 0.2724545473142346, "epsilon": 0.024894263744214315, "gamma": 0.2724414326779267, "lamda": 0.41708593551546336}, "datetime": {"datetime": "2021-06-17 11:32:48", "elapsed": 228.113184, "delta": 1.404119}}
{"target": -9.444089047288205, "params": {"C": 0.04428582805272163, "epsilon": 0.2699337948280779, "gamma": 0.37530981994775886, "lamda": 0.27170293763304343}, "datetime": {"datetime": "2021-06-17 11:32:49", "elapsed": 229.115731, "delta": 1.002547}}
{"target": -4983.898670337465, "params": {"C": 6.483451526496343, "epsilon": 6.856890425897972, "gamma": 0.6977457798677181, "lamda": 0.4310813088926265}, "datetime": {"datetime": "2021-06-17 11:32:58", "elapsed": 238.953456, "delta": 9.837725}}
{"target": -9.693175517207187, "params": {"C": 0.34363475221163353, "epsilon": 0.04711907934668777, "gamma": 0.12817602766524563, "lamda": 0.3920057851283846}, "datetime": {"datetime": "2021-06-17 11:33:00", "elapsed": 240.187861, "delta": 1.234405}}
{"target": -9.543586702118484, "params": {"C": 0.1369633612233299, "epsilon": 0.15405122381266317, "gamma": 0.3199231129655937, "lamda": 0.40209339068508726}, "datetime": {"datetime": "2021-06-17 11:33:01", "elapsed": 241.174264, "delta": 0.986403}}
{"target": -10.527816715599194, "params": {"C": 1.165007503480849, "epsilon": 0.7773563710870319, "gamma": 0.33953300583606916, "lamda": 0.2120315665017376}, "datetime": {"datetime": "2021-06-17 11:33:02", "elapsed": 242.377317, "delta": 1.203053}}
{"target": -10.400365669981518, "params": {"C": 0.8402361179551666, "epsilon": 0.5214157968943144, "gamma": 0.2149438632759154, "lamda": 0.33182413747140366}, "datetime": {"datetime": "2021-06-17 11:33:03", "elapsed": 243.495291, "delta": 1.117974}}
{"target": -10.423113879674741, "params": {"C": 1.1036346537880477, "epsilon": 0.7007674711256234, "gamma": 0.29053223717050725, "lamda": 0.2817146402370085}, "datetime": {"datetime": "2021-06-17 11:33:04", "elapsed": 244.728923, "delta": 1.233632}}
{"target": -10.566176319718341, "params": {"C": 2.0388006003720958, "epsilon": 0.004339471582877374, "gamma": 0.13987666099266066, "lamda": 0.34261121071013084}, "datetime": {"datetime": "2021-06-17 11:33:05", "elapsed": 245.794164, "delta": 1.065241}}
{"target": -9.804337637777648, "params": {"C": 0.19330845754454942, "epsilon": 0.2783077535236349, "gamma": 0.3330299326371813, "lamda": 0.4251335515057825}, "datetime": {"datetime": "2021-06-17 11:33:07", "elapsed": 246.996888, "delta": 1.202724}}
{"target": -10.24798354694451, "params": {"C": 0.5495147195318719, "epsilon": 0.43709829920456084, "gamma": 0.32091458720388033, "lamda": 0.21695579754315156}, "datetime": {"datetime": "2021-06-17 11:33:08", "elapsed": 248.222453, "delta": 1.225565}}
{"target": -9.93977327839984, "params": {"C": 0.8462659800453253, "epsilon": 0.46993230145085335, "gamma": 0.10462191388205205, "lamda": 0.33444376629294054}, "datetime": {"datetime": "2021-06-17 11:33:09", "elapsed": 249.587927, "delta": 1.365474}}
