{"target": -11.19552251351431, "params": {"C": 0.1, "epsilon": 0.01, "gamma": 0.3, "lamda": 0.2}, "datetime": {"datetime": "2021-06-19 18:39:04", "elapsed": 0.0, "delta": 0.0}}
{"target": -9.973842806344113, "params": {"C": 4.176049826978714, "epsilon": 7.20352460992814, "gamma": 0.010227605886516325, "lamda": 0.15186395374328804}, "datetime": {"datetime": "2021-06-19 18:39:05", "elapsed": 0.733368, "delta": 0.733368}}
{"target": -2591.3055412490653, "params": {"C": 4.177043865662823, "epsilon": 7.077135719747519, "gamma": 0.15281139497497384, "lamda": 0.31799238931986273}, "datetime": {"datetime": "2021-06-19 18:39:18", "elapsed": 13.636431, "delta": 12.903063}}
{"target": -29.48533323550443, "params": {"C": 4.431147601380069, "epsilon": 4.135293608632736, "gamma": 1.1001318421134847, "lamda": 0.37235658920604287}, "datetime": {"datetime": "2021-06-19 18:39:18", "elapsed": 14.322186, "delta": 0.685755}}
{"target": -23.640996673258257, "params": {"C": 6.237623005923089, "epsilon": 2.233022141477146, "gamma": 1.9185983475761328, "lamda": 0.4025378224700302}, "datetime": {"datetime": "2021-06-19 18:39:19", "elapsed": 14.95288, "delta": 0.630694}}
{"target": -22.703248619363702, "params": {"C": 0.2218506737897621, "epsilon": 8.079004515027584, "gamma": 1.9300625267953444, "lamda": 0.35133444059455415}, "datetime": {"datetime": "2021-06-19 18:39:19", "elapsed": 15.549956, "delta": 0.597076}}
{"target": -19.321408362315655, "params": {"C": 3.650547723758611, "epsilon": 0.2249587132244614, "gamma": 0.31330454893153115, "lamda": 0.4857892404168699}, "datetime": {"datetime": "2021-06-19 18:39:20", "elapsed": 16.489598, "delta": 0.939642}}
{"target": -25.371892185863516, "params": {"C": 9.953049077605614, "epsilon": 3.2523998863212302, "gamma": 1.635563306148942, "lamda": 0.023272344653287893}, "datetime": {"datetime": "2021-06-19 18:39:21", "elapsed": 17.176262, "delta": 0.686664}}
{"target": -25.44913687959985, "params": {"C": 9.812500626845866, "epsilon": 2.7049028674822413, "gamma": 1.6194821859588384, "lamda": 0.22383310673228546}, "datetime": {"datetime": "2021-06-19 18:39:22", "elapsed": 17.898806, "delta": 0.722544}}
{"target": -31.392031050592905, "params": {"C": 3.2555088563761294, "epsilon": 6.358178380441755, "gamma": 0.8070051676282264, "lamda": 0.37602584515738763}, "datetime": {"datetime": "2021-06-19 18:39:23", "elapsed": 18.640324, "delta": 0.741518}}
{"target": -30.04275146432483, "params": {"C": 3.066053094497738, "epsilon": 6.766856386826254, "gamma": 1.107249639267211, "lamda": 0.1586129762592873}, "datetime": {"datetime": "2021-06-19 18:39:23", "elapsed": 19.297782, "delta": 0.657458}}
{"target": -14.279597191826998, "params": {"C": 3.977873462897987, "epsilon": 1.94258478629551, "gamma": 0.11518339416123086, "lamda": 0.1731310635602871}, "datetime": {"datetime": "2021-06-19 18:39:24", "elapsed": 20.230662, "delta": 0.93288}}
{"target": -11.385776142041074, "params": {"C": 0.10454188506460377, "epsilon": 5.502492130343922, "gamma": 0.33235666985038004, "lamda": 0.2394218003870503}, "datetime": {"datetime": "2021-06-19 18:39:25", "elapsed": 21.164343, "delta": 0.933681}}
{"target": -31.584380707253416, "params": {"C": 3.330203125977607, "epsilon": 4.848440272629768, "gamma": 0.839484354289775, "lamda": 0.4105943092999261}, "datetime": {"datetime": "2021-06-19 18:39:26", "elapsed": 21.946156, "delta": 0.781813}}
{"target": -29.39591027365488, "params": {"C": 2.3482301712686793, "epsilon": 4.470571554931596, "gamma": 1.104718328960379, "lamda": 0.4746421610255793}, "datetime": {"datetime": "2021-06-19 18:39:27", "elapsed": 22.67678, "delta": 0.730624}}
{"target": -28.633000300965833, "params": {"C": 1.187531921198891, "epsilon": 5.505760426671007, "gamma": 0.9880156295139144, "lamda": 0.07383431985357665}, "datetime": {"datetime": "2021-06-19 18:39:27", "elapsed": 23.278661, "delta": 0.601881}}
{"target": -19.64201286819238, "params": {"C": 2.63457488474326, "epsilon": 0.21931671926002438, "gamma": 0.3432649077933659, "lamda": 0.3211723572403178}, "datetime": {"datetime": "2021-06-19 18:39:28", "elapsed": 23.965143, "delta": 0.686482}}
{"target": -30.150560013433765, "params": {"C": 1.9688521846351243, "epsilon": 4.0042907628001885, "gamma": 1.0355035684497886, "lamda": 0.03597298360990527}, "datetime": {"datetime": "2021-06-19 18:39:28", "elapsed": 24.529102, "delta": 0.563959}}
{"target": -25.504039176305497, "params": {"C": 1.8160773115803766, "epsilon": 2.7184411736513026, "gamma": 1.6090458291273806, "lamda": 0.3243712332530968}, "datetime": {"datetime": "2021-06-19 18:39:29", "elapsed": 25.083651, "delta": 0.554549}}
{"target": -24.37588975727548, "params": {"C": 1.345792647676991, "epsilon": 5.078978237379104, "gamma": 1.7793156109925947, "lamda": 0.2840148824012133}, "datetime": {"datetime": "2021-06-19 18:39:30", "elapsed": 25.600789, "delta": 0.517138}}
{"target": -27.585180153111338, "params": {"C": 1.5248516861416355, "epsilon": 2.0434369449783087, "gamma": 1.3482265255817578, "lamda": 0.4375311185630884}, "datetime": {"datetime": "2021-06-19 18:39:30", "elapsed": 26.102143, "delta": 0.501354}}
{"target": -10.800855648952435, "params": {"C": 8.182239070626588, "epsilon": 1.6361035940574444, "gamma": 0.03991610282291764, "lamda": 0.08133336558842835}, "datetime": {"datetime": "2021-06-19 18:39:31", "elapsed": 26.920152, "delta": 0.818009}}
{"target": -28.80347490749128, "params": {"C": 9.860236797483102, "epsilon": 7.083568071342914, "gamma": 1.1692010109803277, "lamda": 0.3733160869646472}, "datetime": {"datetime": "2021-06-19 18:39:31", "elapsed": 27.475099, "delta": 0.554947}}
{"target": -32.60898936346075, "params": {"C": 8.991000342982037, "epsilon": 4.522742268626177, "gamma": 0.804437580748829, "lamda": 0.15645257641280066}, "datetime": {"datetime": "2021-06-19 18:39:32", "elapsed": 28.091933, "delta": 0.616834}}
{"target": -31.978432273967016, "params": {"C": 7.01999380093547, "epsilon": 3.8429740724241253, "gamma": 0.5440470478964492, "lamda": 0.24510250597540467}, "datetime": {"datetime": "2021-06-19 18:39:33", "elapsed": 28.762795, "delta": 0.670862}}
{"target": -28.44571508033516, "params": {"C": 9.942440459582519, "epsilon": 2.559160596528501, "gamma": 1.2410713751750917, "lamda": 0.1855490176983686}, "datetime": {"datetime": "2021-06-19 18:39:33", "elapsed": 29.311353, "delta": 0.548558}}
{"target": -24.28156413798034, "params": {"C": 8.511688913735947, "epsilon": 7.82977870441868, "gamma": 1.8053587828390367, "lamda": 0.047601528817056975}, "datetime": {"datetime": "2021-06-19 18:39:34", "elapsed": 29.912821, "delta": 0.601468}}
{"target": -20.814192709400707, "params": {"C": 3.9522891303637717, "epsilon": 6.486716147459747, "gamma": 0.32211956078750686, "lamda": 0.2092536928070506}, "datetime": {"datetime": "2021-06-19 18:39:35", "elapsed": 30.667954, "delta": 0.755133}}
{"target": -23.800978390374947, "params": {"C": 5.397252620423585, "epsilon": 3.921335319493964, "gamma": 1.875123308543922, "lamda": 0.21140459687916643}, "datetime": {"datetime": "2021-06-19 18:39:35", "elapsed": 31.269337, "delta": 0.601383}}
{"target": -32.61010002282115, "params": {"C": 4.890105298228302, "epsilon": 0.6428842123913582, "gamma": 0.665977100422278, "lamda": 0.3204502312083184}, "datetime": {"datetime": "2021-06-19 18:39:36", "elapsed": 31.893336, "delta": 0.623999}}
{"target": -32.464139326453775, "params": {"C": 4.061306024048746, "epsilon": 0.14067842376382322, "gamma": 0.8222197472548038, "lamda": 0.39414736044016696}, "datetime": {"datetime": "2021-06-19 18:39:37", "elapsed": 32.791135, "delta": 0.897799}}
{"target": -26.99415543034911, "params": {"C": 6.5540825503801114, "epsilon": 2.178289230750392, "gamma": 1.4082837544981137, "lamda": 0.4535918427411538}, "datetime": {"datetime": "2021-06-19 18:39:37", "elapsed": 33.477244, "delta": 0.686109}}
{"target": -24.325337238206473, "params": {"C": 3.020737625190638, "epsilon": 6.323194970123841, "gamma": 1.786838068612838, "lamda": 0.25255570981625686}, "datetime": {"datetime": "2021-06-19 18:39:38", "elapsed": 34.025636, "delta": 0.548392}}
{"target": -28.33236818381673, "params": {"C": 7.404381613541378, "epsilon": 9.838895551877627, "gamma": 0.32919934894379616, "lamda": 0.37082005965728054}, "datetime": {"datetime": "2021-06-19 18:39:39", "elapsed": 34.727696, "delta": 0.70206}}
{"target": -26.625009857649314, "params": {"C": 3.6030480124061306, "epsilon": 5.069922084244986, "gamma": 1.4524241647854876, "lamda": 0.2609444181985338}, "datetime": {"datetime": "2021-06-19 18:39:39", "elapsed": 35.266661, "delta": 0.538965}}
{"target": -27.690424052352906, "params": {"C": 4.861660843483697, "epsilon": 6.884018770282687, "gamma": 1.2987784928743236, "lamda": 0.40071602988336996}, "datetime": {"datetime": "2021-06-19 18:39:40", "elapsed": 35.883638, "delta": 0.616977}}
{"target": -26.061000773924082, "params": {"C": 9.307714788394364, "epsilon": 9.124991619004987, "gamma": 1.5123360422648064, "lamda": 0.34498505402915025}, "datetime": {"datetime": "2021-06-19 18:39:40", "elapsed": 36.432014, "delta": 0.548376}}
{"target": -25.882741866696236, "params": {"C": 3.9395796262665814, "epsilon": 9.44470719907598, "gamma": 1.532229398371832, "lamda": 0.3933308064665293}, "datetime": {"datetime": "2021-06-19 18:39:41", "elapsed": 37.002546, "delta": 0.570532}}
{"target": -31.625068881586003, "params": {"C": 3.508022734768541, "epsilon": 9.429242173092286, "gamma": 0.7649010548010514, "lamda": 0.14540524788838344}, "datetime": {"datetime": "2021-06-19 18:39:42", "elapsed": 37.635621, "delta": 0.633075}}
{"target": -23.797696164966858, "params": {"C": 4.324178337795093, "epsilon": 6.788706451157674, "gamma": 1.8640143270354803, "lamda": 0.33812603339098657}, "datetime": {"datetime": "2021-06-19 18:39:42", "elapsed": 38.221361, "delta": 0.58574}}
{"target": -27.63884530733516, "params": {"C": 6.453056979593618, "epsilon": 1.2530824686898905, "gamma": 1.3620831301752743, "lamda": 0.12916490688208554}, "datetime": {"datetime": "2021-06-19 18:39:43", "elapsed": 38.838834, "delta": 0.617473}}
{"target": -25.224655305508136, "params": {"C": 4.219905140469961, "epsilon": 4.181133894607134, "gamma": 1.6516158053235082, "lamda": 0.179619867301057}, "datetime": {"datetime": "2021-06-19 18:39:43", "elapsed": 39.393776, "delta": 0.554942}}
{"target": -28.65076414130579, "params": {"C": 9.615054656337389, "epsilon": 6.820049179239736, "gamma": 1.19363261771546, "lamda": 0.3473165363273702}, "datetime": {"datetime": "2021-06-19 18:39:44", "elapsed": 39.979527, "delta": 0.585751}}
{"target": -24.90170569042479, "params": {"C": 9.903264729087383, "epsilon": 6.440753560181348, "gamma": 0.184742269920758, "lamda": 0.03623878351446093}, "datetime": {"datetime": "2021-06-19 18:39:45", "elapsed": 40.75936, "delta": 0.779833}}
{"target": -32.64546058534211, "params": {"C": 4.291855627670896, "epsilon": 1.7551329989626683, "gamma": 0.8396927903004991, "lamda": 0.4258193240486534}, "datetime": {"datetime": "2021-06-19 18:39:45", "elapsed": 41.445843, "delta": 0.686483}}
{"target": -29.660923864159948, "params": {"C": 6.894089706840182, "epsilon": 1.179351236630434, "gamma": 1.091599147331063, "lamda": 0.3500291296096765}, "datetime": {"datetime": "2021-06-19 18:39:46", "elapsed": 42.085062, "delta": 0.639219}}
{"target": -32.742404898402924, "params": {"C": 3.807826837436909, "epsilon": 8.484109927501045, "gamma": 0.8277665639583291, "lamda": 0.1870461486722712}, "datetime": {"datetime": "2021-06-19 18:39:47", "elapsed": 42.792899, "delta": 0.707837}}
{"target": -30.239270579086448, "params": {"C": 7.796769281426932, "epsilon": 9.030545756813842, "gamma": 1.0296980896019372, "lamda": 0.14832127765138267}, "datetime": {"datetime": "2021-06-19 18:39:47", "elapsed": 43.425582, "delta": 0.632683}}
{"target": -34.4514667210579, "params": {"C": 6.638594324924832, "epsilon": 4.578871867797018, "gamma": 0.7830373713891857, "lamda": 0.04146010275769201}, "datetime": {"datetime": "2021-06-19 18:39:48", "elapsed": 44.042896, "delta": 0.617314}}
{"target": -29.728137398043046, "params": {"C": 9.221929691919733, "epsilon": 3.0561043078730226, "gamma": 1.08569575894041, "lamda": 0.058871394129570105}, "datetime": {"datetime": "2021-06-19 18:39:49", "elapsed": 44.613459, "delta": 0.570563}}
{"target": -24.95544831007154, "params": {"C": 2.872787807767267, "epsilon": 1.0395672435558598, "gamma": 1.7085971496008685, "lamda": 0.07143512091772332}, "datetime": {"datetime": "2021-06-19 18:39:49", "elapsed": 45.23056, "delta": 0.617101}}
{"target": -33.58659593705667, "params": {"C": 7.2008327279127835, "epsilon": 2.8710872312273534, "gamma": 0.4995307949365723, "lamda": 0.08868167328155822}, "datetime": {"datetime": "2021-06-19 18:39:50", "elapsed": 45.917013, "delta": 0.686453}}
{"target": -34.57594695526795, "params": {"C": 9.392500356786448, "epsilon": 9.718944103527143, "gamma": 0.5038768564399633, "lamda": 0.0700904172682121}, "datetime": {"datetime": "2021-06-19 18:39:51", "elapsed": 46.650371, "delta": 0.733358}}
{"target": -26.935385561690335, "params": {"C": 5.610616192512882, "epsilon": 8.158819898632535, "gamma": 1.417371304439347, "lamda": 0.08073554709232246}, "datetime": {"datetime": "2021-06-19 18:39:51", "elapsed": 47.321246, "delta": 0.670875}}
{"target": -28.101314571063813, "params": {"C": 4.771684848105215, "epsilon": 8.154694211002989, "gamma": 1.263464101551768, "lamda": 0.45579994523943035}, "datetime": {"datetime": "2021-06-19 18:39:52", "elapsed": 47.955103, "delta": 0.633857}}
{"target": -27.54433296490432, "params": {"C": 7.204319290011261, "epsilon": 5.727736762740229, "gamma": 1.3211403185626502, "lamda": 0.4956847977438915}, "datetime": {"datetime": "2021-06-19 18:39:53", "elapsed": 48.662656, "delta": 0.707553}}
{"target": -29.335755902538658, "params": {"C": 1.5985994351402477, "epsilon": 4.784886070440376, "gamma": 1.018315901552554, "lamda": 0.06144806001789784}, "datetime": {"datetime": "2021-06-19 18:39:53", "elapsed": 49.264457, "delta": 0.601801}}
{"target": -23.36617990890371, "params": {"C": 9.767255488663428, "epsilon": 5.389302894514088, "gamma": 1.969005599554077, "lamda": 0.39615312312564094}, "datetime": {"datetime": "2021-06-19 18:39:54", "elapsed": 49.904008, "delta": 0.639551}}
{"target": -25.55692672923453, "params": {"C": 5.593063358403147, "epsilon": 1.9988269164638213, "gamma": 1.6084942986773807, "lamda": 0.04158620720310602}, "datetime": {"datetime": "2021-06-19 18:39:55", "elapsed": 50.596015, "delta": 0.692007}}
{"target": -33.304570303207385, "params": {"C": 7.977273069495113, "epsilon": 1.8326399647140243, "gamma": 0.4416343944168436, "lamda": 0.47319107121988824}, "datetime": {"datetime": "2021-06-19 18:39:55", "elapsed": 51.398483, "delta": 0.802468}}
{"target": -29.511591290691815, "params": {"C": 1.8256979125885817, "epsilon": 8.941037741913112, "gamma": 1.0140403084664433, "lamda": 0.49313948907794947}, "datetime": {"datetime": "2021-06-19 18:39:56", "elapsed": 52.084941, "delta": 0.686458}}
{"target": -33.64658842344973, "params": {"C": 6.794812546625819, "epsilon": 8.289581988326299, "gamma": 0.6621961570803282, "lamda": 0.1904568593751506}, "datetime": {"datetime": "2021-06-19 18:39:57", "elapsed": 52.818548, "delta": 0.733607}}
{"target": -27.082684192976714, "params": {"C": 7.995160100678402, "epsilon": 2.7209526268093236, "gamma": 1.4002921670600954, "lamda": 0.22250772852815812}, "datetime": {"datetime": "2021-06-19 18:39:57", "elapsed": 53.466721, "delta": 0.648173}}
{"target": -27.21671395505992, "params": {"C": 4.039855263033425, "epsilon": 9.871416042374694, "gamma": 1.3657716135058868, "lamda": 0.4543146952543913}, "datetime": {"datetime": "2021-06-19 18:39:58", "elapsed": 54.106347, "delta": 0.639626}}
{"target": -24.80597987289259, "params": {"C": 6.437477977604825, "epsilon": 6.109654378458777, "gamma": 1.7299672836499136, "lamda": 0.10435298367996292}, "datetime": {"datetime": "2021-06-19 18:39:59", "elapsed": 54.781048, "delta": 0.674701}}
{"target": -24.942737786250433, "params": {"C": 5.403879175615844, "epsilon": 3.2132955576325064, "gamma": 1.6760208133116403, "lamda": 0.4948062823764743}, "datetime": {"datetime": "2021-06-19 18:39:59", "elapsed": 55.429355, "delta": 0.648307}}
{"target": -25.773362026551304, "params": {"C": 7.9988449234089725, "epsilon": 3.8368495902410404, "gamma": 1.569369486982937, "lamda": 0.3573514306807981}, "datetime": {"datetime": "2021-06-19 18:40:00", "elapsed": 56.100173, "delta": 0.670818}}
{"target": -30.82881240475266, "params": {"C": 9.990279450231323, "epsilon": 5.848422243807461, "gamma": 0.9555969098583695, "lamda": 0.442869095466854}, "datetime": {"datetime": "2021-06-19 18:40:01", "elapsed": 56.770994, "delta": 0.670821}}
{"target": -1865.0684166354165, "params": {"C": 9.93021229506799, "epsilon": 2.66537054285527, "gamma": 0.09771541999437595, "lamda": 0.27379922681367}, "datetime": {"datetime": "2021-06-19 18:40:11", "elapsed": 67.348024, "delta": 10.57703}}
{"target": -25.009787800399568, "params": {"C": 5.703431001227557, "epsilon": 0.3492721327105862, "gamma": 1.678645472022679, "lamda": 0.27062983447445543}, "datetime": {"datetime": "2021-06-19 18:40:12", "elapsed": 68.088245, "delta": 0.740221}}
{"target": -28.084257425763738, "params": {"C": 1.2891515506015385, "epsilon": 1.5179693315560683, "gamma": 1.2902915142474154, "lamda": 0.09609390326913993}, "datetime": {"datetime": "2021-06-19 18:40:13", "elapsed": 68.736972, "delta": 0.648727}}
{"target": -23.261057107088394, "params": {"C": 9.533978931717497, "epsilon": 7.662086549670326, "gamma": 1.9994402612246245, "lamda": 0.16884919771711257}, "datetime": {"datetime": "2021-06-19 18:40:13", "elapsed": 69.400095, "delta": 0.663123}}
{"target": -20.41984220326033, "params": {"C": 0.4696111060399446, "epsilon": 2.4293988218079203, "gamma": 0.6967179754766992, "lamda": 0.04407803403319092}, "datetime": {"datetime": "2021-06-19 18:40:14", "elapsed": 70.098768, "delta": 0.698673}}
{"target": -25.360303440668027, "params": {"C": 2.023701676197196, "epsilon": 2.2062476408374643, "gamma": 1.6306948548852922, "lamda": 0.3717019339136425}, "datetime": {"datetime": "2021-06-19 18:40:15", "elapsed": 70.738341, "delta": 0.639573}}
{"target": -25.580306498378242, "params": {"C": 5.27772336688733, "epsilon": 8.080904962519167, "gamma": 1.582099265763059, "lamda": 0.321966632996749}, "datetime": {"datetime": "2021-06-19 18:40:15", "elapsed": 71.418277, "delta": 0.679936}}
{"target": -29.808111519122438, "params": {"C": 9.136029992785394, "epsilon": 7.184893589707337, "gamma": 1.068954160111272, "lamda": 0.23142084113206943}, "datetime": {"datetime": "2021-06-19 18:40:16", "elapsed": 72.057535, "delta": 0.639258}}
{"target": -23.771229391214412, "params": {"C": 0.7008054551322884, "epsilon": 9.754720534965951, "gamma": 1.8753095962969808, "lamda": 0.13962965654523257}, "datetime": {"datetime": "2021-06-19 18:40:17", "elapsed": 72.702636, "delta": 0.645101}}
{"target": -27.548426920013313, "params": {"C": 8.60759521480102, "epsilon": 3.120608979599545, "gamma": 1.3590608372391602, "lamda": 0.4468605139107312}, "datetime": {"datetime": "2021-06-19 18:40:17", "elapsed": 73.355775, "delta": 0.653139}}
{"target": -30.06530122452235, "params": {"C": 2.0312645500284003, "epsilon": 8.016390372588278, "gamma": 0.8772041359990657, "lamda": 0.15851755861676234}, "datetime": {"datetime": "2021-06-19 18:40:18", "elapsed": 74.019824, "delta": 0.664049}}
{"target": -27.747521668908533, "params": {"C": 6.0451586239399635, "epsilon": 6.900938351795019, "gamma": 1.307926939207435, "lamda": 0.20813191545990573}, "datetime": {"datetime": "2021-06-19 18:40:19", "elapsed": 74.659367, "delta": 0.639543}}
{"target": -29.076961344324033, "params": {"C": 1.8871509500625288, "epsilon": 0.9778507827021489, "gamma": 1.1592365620544323, "lamda": 0.45082059848869543}, "datetime": {"datetime": "2021-06-19 18:40:19", "elapsed": 75.280989, "delta": 0.621622}}
{"target": -29.247544389131917, "params": {"C": 2.7638858428936337, "epsilon": 3.9299630563157897, "gamma": 1.1406594942459989, "lamda": 0.06069837094746844}, "datetime": {"datetime": "2021-06-19 18:40:20", "elapsed": 75.960494, "delta": 0.679505}}
{"target": -24.30397510325361, "params": {"C": 3.361094276203239, "epsilon": 3.7931609751116877, "gamma": 0.4156005342191612, "lamda": 0.3047991188334509}, "datetime": {"datetime": "2021-06-19 18:40:21", "elapsed": 76.758565, "delta": 0.798071}}
{"target": -33.80006873016143, "params": {"C": 7.629783711671947, "epsilon": 6.583570458311183, "gamma": 0.6049723219621196, "lamda": 0.34346200187181036}, "datetime": {"datetime": "2021-06-19 18:40:21", "elapsed": 77.498007, "delta": 0.739442}}
{"target": -679.3268833823067, "params": {"C": 7.454384748794432, "epsilon": 1.1808840841916501, "gamma": 0.03146903616317982, "lamda": 0.2952687831174266}, "datetime": {"datetime": "2021-06-19 18:40:28", "elapsed": 84.359892, "delta": 6.861885}}
{"target": -32.35500899009073, "params": {"C": 9.552405335336184, "epsilon": 6.334094133390526, "gamma": 0.9218757279900358, "lamda": 0.407864883485223}, "datetime": {"datetime": "2021-06-19 18:40:29", "elapsed": 85.092917, "delta": 0.733025}}
{"target": -31.771947856206246, "params": {"C": 3.782061065772301, "epsilon": 8.988027948146648, "gamma": 0.7916826002577606, "lamda": 0.3750164108490008}, "datetime": {"datetime": "2021-06-19 18:40:30", "elapsed": 85.848402, "delta": 0.755485}}
{"target": -23.483373510845034, "params": {"C": 2.3915781145367325, "epsilon": 9.531933606724133, "gamma": 1.9408325024628403, "lamda": 0.2699392814186597}, "datetime": {"datetime": "2021-06-19 18:40:30", "elapsed": 86.528349, "delta": 0.679947}}
{"target": -30.59832418228643, "params": {"C": 5.42700008727387, "epsilon": 6.270171487460463, "gamma": 1.001023924160421, "lamda": 0.09215865129899897}, "datetime": {"datetime": "2021-06-19 18:40:31", "elapsed": 87.283854, "delta": 0.755505}}
