{"target": -24.20208259095787, "params": {"C": 1.1103586853540026, "epsilon": 4.872143754991572, "gamma": 1.815852298558333, "lamda": 0.1452081326093321}, "datetime": {"datetime": "2021-06-19 18:40:32", "elapsed": 87.927032, "delta": 0.643178}}
{"target": -28.054156689800212, "params": {"C": 7.213575803475417, "epsilon": 9.17011228288421, "gamma": 1.2870796369703288, "lamda": 0.11418744830048498}, "datetime": {"datetime": "2021-06-19 18:40:33", "elapsed": 88.618806, "delta": 0.691774}}
{"target": -30.7156426593954, "params": {"C": 7.053056847517614, "epsilon": 4.8917719664674335, "gamma": 0.9905464189046981, "lamda": 0.09973132282777838}, "datetime": {"datetime": "2021-06-19 18:40:33", "elapsed": 89.358676, "delta": 0.73987}}
{"target": -24.900601314818818, "params": {"C": 4.229845392646301, "epsilon": 7.201441392746678, "gamma": 1.68119794646465, "lamda": 0.20860523878885795}, "datetime": {"datetime": "2021-06-19 18:40:34", "elapsed": 90.107275, "delta": 0.748599}}
{"target": -34.73081168134773, "params": {"C": 9.256612316246914, "epsilon": 7.205249256339476, "gamma": 0.3385071994190662, "lamda": 0.33168294725607905}, "datetime": {"datetime": "2021-06-19 18:40:35", "elapsed": 90.963105, "delta": 0.85583}}
{"target": -25.915447040742023, "params": {"C": 4.943572220592963, "epsilon": 5.098359253944171, "gamma": 0.38960319359084405, "lamda": 0.3342869825713006}, "datetime": {"datetime": "2021-06-19 18:40:36", "elapsed": 91.827973, "delta": 0.864868}}
{"target": -9.854434678545626, "params": {"C": 1.9552504849310626, "epsilon": 8.749621573337533, "gamma": 0.020482667183680785, "lamda": 0.06089272232853278}, "datetime": {"datetime": "2021-06-19 18:40:37", "elapsed": 92.825446, "delta": 0.997473}}
{"target": -28.342704369107942, "params": {"C": 4.982653087983481, "epsilon": 2.535438353705066, "gamma": 1.2488625187507245, "lamda": 0.4130361662919567}, "datetime": {"datetime": "2021-06-19 18:40:38", "elapsed": 93.570884, "delta": 0.745438}}
{"target": -30.8519433946646, "params": {"C": 2.3955600510758814, "epsilon": 3.0621053328431627, "gamma": 0.9643545570756267, "lamda": 0.06521971279629335}, "datetime": {"datetime": "2021-06-19 18:40:38", "elapsed": 94.350985, "delta": 0.780101}}
{"target": -31.707762915488757, "params": {"C": 3.556440084275367, "epsilon": 1.061525225730952, "gamma": 0.7207501991275679, "lamda": 0.4595788478253095}, "datetime": {"datetime": "2021-06-19 18:40:39", "elapsed": 95.162296, "delta": 0.811311}}
{"target": -25.57466719410652, "params": {"C": 2.46742326411528, "epsilon": 2.0278008874723112, "gamma": 1.5990236836121852, "lamda": 0.428475373843505}, "datetime": {"datetime": "2021-06-19 18:40:40", "elapsed": 95.908201, "delta": 0.745905}}
{"target": -29.531086496716323, "params": {"C": 1.5852820370537835, "epsilon": 4.60104152468733, "gamma": 0.8930435350318927, "lamda": 0.028854906161637116}, "datetime": {"datetime": "2021-06-19 18:40:41", "elapsed": 96.694991, "delta": 0.78679}}
{"target": -33.31715057206967, "params": {"C": 6.438107947696466, "epsilon": 7.990726893547082, "gamma": 0.5851029072178848, "lamda": 0.21759578673885568}, "datetime": {"datetime": "2021-06-19 18:40:42", "elapsed": 97.578037, "delta": 0.883046}}
{"target": -27.57545677090357, "params": {"C": 4.199814373964638, "epsilon": 3.1939821345310215, "gamma": 1.3289822567605012, "lamda": 0.2823575571208081}, "datetime": {"datetime": "2021-06-19 18:40:42", "elapsed": 98.293608, "delta": 0.715571}}
{"target": -32.32938128557423, "params": {"C": 4.175023186291526, "epsilon": 8.788459763643734, "gamma": 0.5680236572328691, "lamda": 0.3246179119881375}, "datetime": {"datetime": "2021-06-19 18:40:43", "elapsed": 99.14059, "delta": 0.846982}}
{"target": -29.746813796118605, "params": {"C": 6.475037588631083, "epsilon": 8.708575221419787, "gamma": 1.1078121304177146, "lamda": 0.3953916616557166}, "datetime": {"datetime": "2021-06-19 18:40:44", "elapsed": 99.883303, "delta": 0.742713}}
{"target": -29.779258653495088, "params": {"C": 1.8304437994636897, "epsilon": 4.646332936133578, "gamma": 0.9715092648437273, "lamda": 0.128856263708284}, "datetime": {"datetime": "2021-06-19 18:40:45", "elapsed": 100.674878, "delta": 0.791575}}
{"target": -29.72454203981547, "params": {"C": 1.7885164876571447, "epsilon": 5.980542874323452, "gamma": 0.8752193095401661, "lamda": 0.2868429059462088}, "datetime": {"datetime": "2021-06-19 18:40:45", "elapsed": 101.461709, "delta": 0.786831}}
{"target": -23.77629339072546, "params": {"C": 0.9636238596390467, "epsilon": 0.9603584840990586, "gamma": 0.6346301932994555, "lamda": 0.4605979273386564}, "datetime": {"datetime": "2021-06-19 18:40:46", "elapsed": 102.275605, "delta": 0.813896}}
{"target": -29.672851540486622, "params": {"C": 8.842113303130345, "epsilon": 9.230117310673334, "gamma": 1.0631551269974444, "lamda": 0.4537501248104862}, "datetime": {"datetime": "2021-06-19 18:40:47", "elapsed": 103.099547, "delta": 0.823942}}
{"target": -31.446182263000466, "params": {"C": 5.733553219189568, "epsilon": 8.858788280185475, "gamma": 0.9088282536235056, "lamda": 0.23223879157587476}, "datetime": {"datetime": "2021-06-19 18:40:48", "elapsed": 103.902022, "delta": 0.802475}}
{"target": -25.872721866943245, "params": {"C": 1.3125382214523795, "epsilon": 6.952721298751587, "gamma": 0.6312478284510541, "lamda": 0.009633981595242445}, "datetime": {"datetime": "2021-06-19 18:40:49", "elapsed": 104.682335, "delta": 0.780313}}
{"target": -29.010602503501527, "params": {"C": 7.718117982761586, "epsilon": 5.143325589064607, "gamma": 1.1612914270939392, "lamda": 0.18354181883835743}, "datetime": {"datetime": "2021-06-19 18:40:49", "elapsed": 105.468714, "delta": 0.786379}}
{"target": -23.887864672827774, "params": {"C": 1.611131555347058, "epsilon": 0.8178162470843072, "gamma": 1.8661211846540946, "lamda": 0.18065628510846796}, "datetime": {"datetime": "2021-06-19 18:40:50", "elapsed": 106.258247, "delta": 0.789533}}
{"target": -23.835019571825043, "params": {"C": 0.7354373527412401, "epsilon": 2.259320213256311, "gamma": 1.8769742778457492, "lamda": 0.297325198821966}, "datetime": {"datetime": "2021-06-19 18:40:51", "elapsed": 106.947472, "delta": 0.689225}}
{"target": -27.971565719817637, "params": {"C": 5.831744573859246, "epsilon": 8.108685065372317, "gamma": 1.280779006123081, "lamda": 0.41835235630108925}, "datetime": {"datetime": "2021-06-19 18:40:52", "elapsed": 107.71856, "delta": 0.771088}}
{"target": -27.21465239195, "params": {"C": 5.716312569691483, "epsilon": 7.914502225529846, "gamma": 1.3672963898189494, "lamda": 0.3126152845556521}, "datetime": {"datetime": "2021-06-19 18:40:52", "elapsed": 108.451573, "delta": 0.733013}}
{"target": -25.110139425763407, "params": {"C": 2.5142422618435423, "epsilon": 7.522984126890635, "gamma": 1.654564542037052, "lamda": 0.31113191433049925}, "datetime": {"datetime": "2021-06-19 18:40:53", "elapsed": 109.184851, "delta": 0.733278}}
{"target": -22.664075931299806, "params": {"C": 0.5252474654770953, "epsilon": 2.8750303013780085, "gamma": 0.760256408422779, "lamda": 0.2786560348139713}, "datetime": {"datetime": "2021-06-19 18:40:54", "elapsed": 110.04685, "delta": 0.861999}}
{"target": -27.475674501419782, "params": {"C": 3.361314022677394, "epsilon": 7.115137080489435, "gamma": 0.4800967327209216, "lamda": 0.43121385882119745}, "datetime": {"datetime": "2021-06-19 18:40:55", "elapsed": 110.894571, "delta": 0.847721}}
{"target": -27.096308363102196, "params": {"C": 5.731307048089089, "epsilon": 6.098508583048872, "gamma": 1.384543248046328, "lamda": 0.36013788586010453}, "datetime": {"datetime": "2021-06-19 18:40:56", "elapsed": 111.674791, "delta": 0.78022}}
{"target": -23.546398015494667, "params": {"C": 9.713110066121411, "epsilon": 4.681060740359194, "gamma": 1.9388859339801787, "lamda": 0.3849781405225134}, "datetime": {"datetime": "2021-06-19 18:40:56", "elapsed": 112.414713, "delta": 0.739922}}
{"target": -24.867170970918508, "params": {"C": 7.297825144159435, "epsilon": 6.277471680383164, "gamma": 1.6792201487947713, "lamda": 0.3793594142348767}, "datetime": {"datetime": "2021-06-19 18:40:57", "elapsed": 113.168795, "delta": 0.754082}}
{"target": -26.372699826314804, "params": {"C": 7.307272672249146, "epsilon": 2.4794904916322977, "gamma": 1.4885335751117574, "lamda": 0.022677273448422092}, "datetime": {"datetime": "2021-06-19 18:40:58", "elapsed": 113.933418, "delta": 0.764623}}
{"target": -2131.6343627601314, "params": {"C": 9.057904963348033, "epsilon": 2.8816104314883475, "gamma": 0.1197958876984701, "lamda": 0.4673413093806047}, "datetime": {"datetime": "2021-06-19 18:41:08", "elapsed": 124.258549, "delta": 10.325131}}
{"target": -31.498061484770005, "params": {"C": 7.814819777662965, "epsilon": 3.3015496009770113, "gamma": 0.41503644001513507, "lamda": 0.4722012959275975}, "datetime": {"datetime": "2021-06-19 18:41:09", "elapsed": 125.1095, "delta": 0.850951}}
{"target": -26.865501630746884, "params": {"C": 7.489286732012364, "epsilon": 6.27792268007071, "gamma": 1.4072962350309717, "lamda": 0.46267253693327276}, "datetime": {"datetime": "2021-06-19 18:41:10", "elapsed": 125.867757, "delta": 0.758257}}
{"target": -15.144919878311027, "params": {"C": 3.8484702395606583, "epsilon": 0.3676196692934265, "gamma": 0.13785256799033313, "lamda": 0.10858843177372132}, "datetime": {"datetime": "2021-06-19 18:41:11", "elapsed": 126.839316, "delta": 0.971559}}
{"target": -33.33341414475569, "params": {"C": 8.050714917540086, "epsilon": 3.1302641135593006, "gamma": 0.7582670372986933, "lamda": 0.1308351171407749}, "datetime": {"datetime": "2021-06-19 18:41:12", "elapsed": 127.703681, "delta": 0.864365}}
{"target": -25.72915209428965, "params": {"C": 1.7236817804521207, "epsilon": 7.5554234143265235, "gamma": 1.5698199554373742, "lamda": 0.26254633836308644}, "datetime": {"datetime": "2021-06-19 18:41:12", "elapsed": 128.465878, "delta": 0.762197}}
{"target": -29.356560663267352, "params": {"C": 4.364381423197324, "epsilon": 4.15154876701698, "gamma": 1.1135447222625607, "lamda": 0.09679578076939285}, "datetime": {"datetime": "2021-06-19 18:41:13", "elapsed": 129.261728, "delta": 0.79585}}
{"target": -2663.6596521451256, "params": {"C": 6.500014827949204, "epsilon": 0.9544729601849515, "gamma": 0.14838227800555243, "lamda": 0.4755488029807153}, "datetime": {"datetime": "2021-06-19 18:41:20", "elapsed": 136.352011, "delta": 7.090283}}
{"target": -3029.309107650791, "params": {"C": 5.254050234247725, "epsilon": 0.8598465959481255, "gamma": 0.15700667526548592, "lamda": 0.2662590696656685}, "datetime": {"datetime": "2021-06-19 18:41:31", "elapsed": 147.243643, "delta": 10.891632}}
{"target": -27.618767897799863, "params": {"C": 4.350217036183786, "epsilon": 4.9568029781950385, "gamma": 1.3388048819947878, "lamda": 0.015630065364961414}, "datetime": {"datetime": "2021-06-19 18:41:32", "elapsed": 148.007504, "delta": 0.763861}}
{"target": -34.527271081433874, "params": {"C": 4.631273971230026, "epsilon": 7.266872194880471, "gamma": 0.604368233413971, "lamda": 0.1816255387919166}, "datetime": {"datetime": "2021-06-19 18:41:33", "elapsed": 148.855836, "delta": 0.848332}}
{"target": -26.089532893065204, "params": {"C": 3.8758870885065253, "epsilon": 6.0105872725150515, "gamma": 1.5266746902855959, "lamda": 0.1877084871415981}, "datetime": {"datetime": "2021-06-19 18:41:34", "elapsed": 149.645256, "delta": 0.78942}}
{"target": -30.508552174343233, "params": {"C": 4.130062291216843, "epsilon": 1.7663874911491149, "gamma": 1.008617796191996, "lamda": 0.4644067721703793}, "datetime": {"datetime": "2021-06-19 18:41:34", "elapsed": 150.45867, "delta": 0.813414}}
{"target": -23.463084130707536, "params": {"C": 5.347022854956136, "epsilon": 3.5883559453661684, "gamma": 1.9662773260582656, "lamda": 0.015568090490516735}, "datetime": {"datetime": "2021-06-19 18:41:35", "elapsed": 151.201166, "delta": 0.742496}}
{"target": -28.48090669429074, "params": {"C": 5.587961469622799, "epsilon": 1.8111994537744198, "gamma": 1.2405781822045132, "lamda": 0.041680141296806174}, "datetime": {"datetime": "2021-06-19 18:41:36", "elapsed": 151.958937, "delta": 0.757771}}
{"target": -31.25293028762885, "params": {"C": 3.8231237316698414, "epsilon": 1.9844823990232745, "gamma": 0.5960827952657086, "lamda": 0.3884710798409392}, "datetime": {"datetime": "2021-06-19 18:41:37", "elapsed": 152.848991, "delta": 0.890054}}
{"target": -31.016150727302154, "params": {"C": 3.3412848212775987, "epsilon": 3.741453361706863, "gamma": 0.6262575196686133, "lamda": 0.2752271307786267}, "datetime": {"datetime": "2021-06-19 18:41:38", "elapsed": 153.799775, "delta": 0.950784}}
{"target": -18.42105598732013, "params": {"C": 0.04535459686701931, "epsilon": 8.610045040149128, "gamma": 1.7108150027589377, "lamda": 0.12526408510896708}, "datetime": {"datetime": "2021-06-19 18:41:39", "elapsed": 154.646879, "delta": 0.847104}}
{"target": -11.185332734017344, "params": {"C": 0.9879317237940153, "epsilon": 6.362024763753679, "gamma": 0.13068122189274417, "lamda": 0.4851569938995571}, "datetime": {"datetime": "2021-06-19 18:41:40", "elapsed": 155.665179, "delta": 1.0183}}
{"target": -11.692928934325513, "params": {"C": 0.113392756211329, "epsilon": 3.142684856802678, "gamma": 0.3414071348714379, "lamda": 0.015958483820815102}, "datetime": {"datetime": "2021-06-19 18:41:40", "elapsed": 156.546055, "delta": 0.880876}}
{"target": -35.09293777994553, "params": {"C": 9.80339917851489, "epsilon": 2.0167875624480627, "gamma": 0.4779638419211486, "lamda": 0.32930531281953235}, "datetime": {"datetime": "2021-06-19 18:41:41", "elapsed": 157.430318, "delta": 0.884263}}
{"target": -27.85189991005363, "params": {"C": 2.1057877627107175, "epsilon": 1.5325576504089211, "gamma": 1.305730138752245, "lamda": 0.18225019710175516}, "datetime": {"datetime": "2021-06-19 18:41:42", "elapsed": 158.229974, "delta": 0.799656}}
{"target": -33.31616254422391, "params": {"C": 6.438194848980538, "epsilon": 7.99090654704977, "gamma": 0.5854578706928822, "lamda": 0.21778260522443557}, "datetime": {"datetime": "2021-06-19 18:41:43", "elapsed": 159.271112, "delta": 1.041138}}
{"target": -24.129410251183764, "params": {"C": 1.1112446965208822, "epsilon": 4.823544899176414, "gamma": 1.8395750129140354, "lamda": 0.08248844765280773}, "datetime": {"datetime": "2021-06-19 18:41:44", "elapsed": 160.157914, "delta": 0.886802}}
{"target": -28.484384158197408, "params": {"C": 5.589025408690948, "epsilon": 1.811808112578216, "gamma": 1.2402032713627469, "lamda": 0.04166698135158608}, "datetime": {"datetime": "2021-06-19 18:41:45", "elapsed": 161.060641, "delta": 0.902727}}
{"target": -27.54889687925408, "params": {"C": 8.60818309622304, "epsilon": 3.1204982550200793, "gamma": 1.3597782411310975, "lamda": 0.4459925483598564}, "datetime": {"datetime": "2021-06-19 18:41:46", "elapsed": 162.034194, "delta": 0.973553}}
{"target": -27.215577941888057, "params": {"C": 4.0394497421370055, "epsilon": 9.871148117048255, "gamma": 1.365906874210453, "lamda": 0.4554881536449923}, "datetime": {"datetime": "2021-06-19 18:41:47", "elapsed": 163.368951, "delta": 1.334757}}
{"target": -27.587190428984076, "params": {"C": 1.5236213278953579, "epsilon": 2.043571531172063, "gamma": 1.3478902280228258, "lamda": 0.43739240179725514}, "datetime": {"datetime": "2021-06-19 18:41:49", "elapsed": 164.716669, "delta": 1.347718}}
{"target": -23.294430805996853, "params": {"C": 4.950853007619388, "epsilon": 5.085375833975472, "gamma": 0.34739271245093645, "lamda": 0.36944124305771847}, "datetime": {"datetime": "2021-06-19 18:41:50", "elapsed": 165.730377, "delta": 1.013708}}
{"target": -30.86842054877093, "params": {"C": 2.3948144160708695, "epsilon": 3.063225061479822, "gamma": 0.9648883577675496, "lamda": 0.06529800244169022}, "datetime": {"datetime": "2021-06-19 18:41:51", "elapsed": 167.054175, "delta": 1.323798}}
{"target": -18.35288370574956, "params": {"C": 0.044496999313654174, "epsilon": 8.60997441449249, "gamma": 1.7104686252281953, "lamda": 0.12611767248662992}, "datetime": {"datetime": "2021-06-19 18:41:52", "elapsed": 168.509072, "delta": 1.454897}}
{"target": -27.08472905935922, "params": {"C": 7.994355979980297, "epsilon": 2.722062292938232, "gamma": 1.4000347366006378, "lamda": 0.22262882932402098}, "datetime": {"datetime": "2021-06-19 18:41:53", "elapsed": 169.543273, "delta": 1.034201}}
{"target": -25.989695197651642, "params": {"C": 5.269361366118895, "epsilon": 7.018740274599351, "gamma": 1.525543120993565, "lamda": 0.4004594793130303}, "datetime": {"datetime": "2021-06-19 18:41:54", "elapsed": 170.430011, "delta": 0.886738}}
{"target": -32.608778342367444, "params": {"C": 4.888934278137605, "epsilon": 0.6435107021147435, "gamma": 0.6653087017120898, "lamda": 0.3207527674937636}, "datetime": {"datetime": "2021-06-19 18:41:55", "elapsed": 171.502071, "delta": 1.07206}}
{"target": -25.986685302895303, "params": {"C": 5.2682655238695615, "epsilon": 7.01933161275224, "gamma": 1.5259302135067079, "lamda": 0.40097765937639823}, "datetime": {"datetime": "2021-06-19 18:41:57", "elapsed": 172.735062, "delta": 1.232991}}
{"target": -33.160162679269, "params": {"C": 8.384652813535864, "epsilon": 7.495069739607607, "gamma": 0.540937730151638, "lamda": 0.48761706764315943}, "datetime": {"datetime": "2021-06-19 18:41:58", "elapsed": 173.705998, "delta": 0.970936}}
{"target": -25.103386080478103, "params": {"C": 2.5149484014552606, "epsilon": 7.522365833227833, "gamma": 1.655604901480866, "lamda": 0.31109297145221443}, "datetime": {"datetime": "2021-06-19 18:41:59", "elapsed": 175.276208, "delta": 1.57021}}
{"target": -24.511344779016643, "params": {"C": 4.947604120103779, "epsilon": 5.0911693825613185, "gamma": 0.3662281788968206, "lamda": 0.3537544460997107}, "datetime": {"datetime": "2021-06-19 18:42:01", "elapsed": 176.865121, "delta": 1.588913}}
{"target": -33.590300326768975, "params": {"C": 7.200850887213409, "epsilon": 2.8711651155088203, "gamma": 0.49802118757234937, "lamda": 0.08832713164809408}, "datetime": {"datetime": "2021-06-19 18:42:02", "elapsed": 178.014831, "delta": 1.14971}}
{"target": -28.088995586947256, "params": {"C": 1.2904459582536687, "epsilon": 1.517954223793215, "gamma": 1.2904272260054932, "lamda": 0.0967341465892316}, "datetime": {"datetime": "2021-06-19 18:42:03", "elapsed": 179.147734, "delta": 1.132903}}
{"target": -33.58551110505862, "params": {"C": 6.483451526496343, "epsilon": 6.856890425897972, "gamma": 0.6977457798677181, "lamda": 0.4310813088926265}, "datetime": {"datetime": "2021-06-19 18:42:04", "elapsed": 180.051103, "delta": 0.903369}}
{"target": -11.19167661371435, "params": {"C": 0.09930754463407485, "epsilon": 0.010808597030064569, "gamma": 0.3002522527004763, "lamda": 0.19950463319746423}, "datetime": {"datetime": "2021-06-19 18:42:06", "elapsed": 181.756739, "delta": 1.705636}}
{"target": -29.801452253183214, "params": {"C": 9.13728202935409, "epsilon": 7.185265971403433, "gamma": 1.069563952622674, "lamda": 0.2309775483927729}, "datetime": {"datetime": "2021-06-19 18:42:07", "elapsed": 183.258046, "delta": 1.501307}}
{"target": -12.016306641602597, "params": {"C": 3.523733000307593, "epsilon": 4.118760205402319, "gamma": 0.09122199130314566, "lamda": 0.11176502845903977}, "datetime": {"datetime": "2021-06-19 18:42:08", "elapsed": 184.32344, "delta": 1.065394}}
{"target": -26.00388901823529, "params": {"C": 4.910570764124137, "epsilon": 5.087724017361544, "gamma": 0.3929587187180267, "lamda": 0.3070146581892033}, "datetime": {"datetime": "2021-06-19 18:42:09", "elapsed": 185.273795, "delta": 0.950355}}
{"target": -11.37965415984673, "params": {"C": 0.10399523880890876, "epsilon": 5.503625776774069, "gamma": 0.3322984502144679, "lamda": 0.23957280243711981}, "datetime": {"datetime": "2021-06-19 18:42:11", "elapsed": 186.579232, "delta": 1.305437}}
{"target": -25.10282284317459, "params": {"C": 2.5145565855535135, "epsilon": 7.522583701481623, "gamma": 1.6557328730527436, "lamda": 0.31048899131070173}, "datetime": {"datetime": "2021-06-19 18:42:12", "elapsed": 187.666712, "delta": 1.08748}}
{"target": -20.840397854698278, "params": {"C": 3.951414496612952, "epsilon": 6.485621237815391, "gamma": 0.3219998597914966, "lamda": 0.20950570823975215}, "datetime": {"datetime": "2021-06-19 18:42:13", "elapsed": 188.885135, "delta": 1.218423}}
{"target": -19.636733079847797, "params": {"C": 2.6359323457669226, "epsilon": 0.21906369993038918, "gamma": 0.3430714492295944, "lamda": 0.32141419082056394}, "datetime": {"datetime": "2021-06-19 18:42:14", "elapsed": 190.359994, "delta": 1.474859}}
{"target": -27.548818843235196, "params": {"C": 8.608096009925351, "epsilon": 3.1214990746972946, "gamma": 1.3603604720292757, "lamda": 0.4472386163545024}, "datetime": {"datetime": "2021-06-19 18:42:16", "elapsed": 191.663454, "delta": 1.30346}}
{"target": -30.713074000719004, "params": {"C": 7.054226415428751, "epsilon": 4.892811834965645, "gamma": 0.9907755760372023, "lamda": 0.10021662893650594}, "datetime": {"datetime": "2021-06-19 18:42:17", "elapsed": 192.882656, "delta": 1.219202}}
{"target": -14.410258777968432, "params": {"C": 3.836188391819857, "epsilon": 0.3626339179756708, "gamma": 0.12435798196564306, "lamda": 0.07809237661344476}, "datetime": {"datetime": "2021-06-19 18:42:18", "elapsed": 194.039355, "delta": 1.156699}}
{"target": -28.468388221276093, "params": {"C": 5.588860909840802, "epsilon": 1.811646538630457, "gamma": 1.2419228233015425, "lamda": 0.042186731583184964}, "datetime": {"datetime": "2021-06-19 18:42:19", "elapsed": 194.988979, "delta": 0.949624}}
{"target": -19.63063410209994, "params": {"C": 2.6353822425757056, "epsilon": 0.2203618069511068, "gamma": 0.3428956034148854, "lamda": 0.3221563877565187}, "datetime": {"datetime": "2021-06-19 18:42:20", "elapsed": 196.497277, "delta": 1.508298}}
