{"target": -29.726648780973264, "params": {"C": 1.7899663798000323, "epsilon": 5.9812904067593795, "gamma": 0.8750025826535592, "lamda": 0.2872961586665341}, "datetime": {"datetime": "2021-06-19 18:42:21", "elapsed": 197.525144, "delta": 1.027867}}
{"target": -11.373578770955003, "params": {"C": 0.10315768631947676, "epsilon": 5.502637838479233, "gamma": 0.3328952891367708, "lamda": 0.23983347269506042}, "datetime": {"datetime": "2021-06-19 18:42:23", "elapsed": 198.659555, "delta": 1.134411}}
{"target": -3757.710976381253, "params": {"C": 6.46858682090133, "epsilon": 0.5537483640578916, "gamma": 0.2524655070628532, "lamda": 0.4368016740548016}, "datetime": {"datetime": "2021-06-19 18:42:34", "elapsed": 209.716378, "delta": 11.056823}}
{"target": -11.221061891392244, "params": {"C": 0.10195993507912937, "epsilon": 0.013938136272181694, "gamma": 0.30107462882694636, "lamda": 0.20050662674311706}, "datetime": {"datetime": "2021-06-19 18:42:36", "elapsed": 211.574427, "delta": 1.858049}}
{"target": -11.271668528363566, "params": {"C": 0.9898338330196169, "epsilon": 6.364165414659047, "gamma": 0.1339261844923294, "lamda": 0.4825097787323039}, "datetime": {"datetime": "2021-06-19 18:42:37", "elapsed": 213.541468, "delta": 1.967041}}
{"target": -29.579110005535398, "params": {"C": 1.669905216084175, "epsilon": 4.6743270998584405, "gamma": 0.962634325592584, "lamda": 0.07257243893798764}, "datetime": {"datetime": "2021-06-19 18:42:39", "elapsed": 215.211216, "delta": 1.669748}}
{"target": -17.803783707068835, "params": {"C": 0.03718440819615968, "epsilon": 8.597720012769027, "gamma": 1.7106777428702717, "lamda": 0.14202795977535718}, "datetime": {"datetime": "2021-06-19 18:42:41", "elapsed": 217.046552, "delta": 1.835336}}
{"target": -22.27289720990624, "params": {"C": 0.5163018961039889, "epsilon": 2.8497367804519325, "gamma": 0.7507531358778768, "lamda": 0.26008824472692815}, "datetime": {"datetime": "2021-06-19 18:42:43", "elapsed": 219.025203, "delta": 1.978651}}
{"target": -11.186154775256735, "params": {"C": 0.9867629379876174, "epsilon": 6.357055039768539, "gamma": 0.13077474922009116, "lamda": 0.4854711145698363}, "datetime": {"datetime": "2021-06-19 18:42:45", "elapsed": 221.018524, "delta": 1.993321}}
{"target": -29.03854024841553, "params": {"C": 7.740683705727848, "epsilon": 0.976551515569894, "gamma": 1.1672870755332645, "lamda": 0.07736906786734836}, "datetime": {"datetime": "2021-06-19 18:42:46", "elapsed": 221.902544, "delta": 0.88402}}
{"target": -11.313644314943517, "params": {"C": 0.09982120854744608, "epsilon": 5.50251232976419, "gamma": 0.32973861301696666, "lamda": 0.2389281708864032}, "datetime": {"datetime": "2021-06-19 18:42:48", "elapsed": 224.045321, "delta": 2.142777}}
{"target": -11.156082734182156, "params": {"C": 0.09832020598629154, "epsilon": 0.012397189173456186, "gamma": 0.2963609558992313, "lamda": 0.2005692440874979}, "datetime": {"datetime": "2021-06-19 18:42:50", "elapsed": 226.104197, "delta": 2.058876}}
{"target": -10.96578011620821, "params": {"C": 0.06089773232318285, "epsilon": 5.4831727578836995, "gamma": 0.33892273457832833, "lamda": 0.2819840040657077}, "datetime": {"datetime": "2021-06-19 18:42:52", "elapsed": 228.262907, "delta": 2.15871}}
{"target": -9.846002627713785, "params": {"C": 4.2095775343921, "epsilon": 7.168723246957335, "gamma": 0.015014889429042676, "lamda": 0.11217803778755961}, "datetime": {"datetime": "2021-06-19 18:42:54", "elapsed": 230.544535, "delta": 2.281628}}
{"target": -23.405571543414304, "params": {"C": 4.012446299070189, "epsilon": 1.1024052861096776, "gamma": 1.9783788547238916, "lamda": 0.2621327648413641}, "datetime": {"datetime": "2021-06-19 18:42:55", "elapsed": 231.503509, "delta": 0.958974}}
{"target": -9.856172575956725, "params": {"C": 4.149618698725061, "epsilon": 7.499138296156673, "gamma": 0.015622758714985233, "lamda": 0.1171802330971654}, "datetime": {"datetime": "2021-06-19 18:42:58", "elapsed": 233.963173, "delta": 2.459664}}
{"target": -11.14934611389629, "params": {"C": 0.09629800920409987, "epsilon": 0.01255867736784859, "gamma": 0.297710311976216, "lamda": 0.2043462435459765}, "datetime": {"datetime": "2021-06-19 18:43:00", "elapsed": 235.746796, "delta": 1.783623}}
{"target": -9.948511348958892, "params": {"C": 1.9550654746055935, "epsilon": 8.748610808472472, "gamma": 0.02493739180862889, "lamda": 0.062257434817316014}, "datetime": {"datetime": "2021-06-19 18:43:02", "elapsed": 237.995774, "delta": 2.248978}}
{"target": -11.036841844962266, "params": {"C": 8.187521719206249, "epsilon": 1.645027292781441, "gamma": 0.04708123262242206, "lamda": 0.08552680392775656}, "datetime": {"datetime": "2021-06-19 18:43:04", "elapsed": 240.489539, "delta": 2.493765}}
{"target": -11.164958537058862, "params": {"C": 0.0967704136871644, "epsilon": 5.495699587160184, "gamma": 0.3158728739083878, "lamda": 0.2806145522348264}, "datetime": {"datetime": "2021-06-19 18:43:07", "elapsed": 243.335712, "delta": 2.846173}}
{"target": -11.798140791668086, "params": {"C": 0.1769584040538605, "epsilon": 5.503927959618905, "gamma": 0.29439112168214665, "lamda": 0.27678892344701284}, "datetime": {"datetime": "2021-06-19 18:43:10", "elapsed": 245.814075, "delta": 2.478363}}
{"target": -28.21383175413646, "params": {"C": 3.3576508235819524, "epsilon": 3.7833503847514787, "gamma": 0.4907545620709863, "lamda": 0.28638850032492585}, "datetime": {"datetime": "2021-06-19 18:43:12", "elapsed": 247.994109, "delta": 2.180034}}
{"target": -22.68639670766173, "params": {"C": 0.21733183037576984, "epsilon": 8.091656266190865, "gamma": 1.9247024511918913, "lamda": 0.34624580392348087}, "datetime": {"datetime": "2021-06-19 18:43:14", "elapsed": 249.913815, "delta": 1.919706}}
{"target": -10.845519771370386, "params": {"C": 0.10961895481907556, "epsilon": 5.448400381003136, "gamma": 0.2519218359502996, "lamda": 0.2706873709869492}, "datetime": {"datetime": "2021-06-19 18:43:16", "elapsed": 251.876533, "delta": 1.962718}}
{"target": -29.280213226225975, "params": {"C": 5.83892711397173, "epsilon": 1.6656705207322322, "gamma": 0.42688229887256196, "lamda": 0.4304727534111892}, "datetime": {"datetime": "2021-06-19 18:43:17", "elapsed": 252.984234, "delta": 1.107701}}
{"target": -10.751444066753741, "params": {"C": 0.5862676677907369, "epsilon": 5.055235616541823, "gamma": 0.1505212080046732, "lamda": 0.3024965635953173}, "datetime": {"datetime": "2021-06-19 19:06:46", "elapsed": 0.0, "delta": 0.0}}
