{"target": -911.7000416280149, "params": {"C": 9.801994766386981, "epsilon": 4.2100678884586555, "gamma": 0.05099998866080221, "lamda": 0.07489362411053387}, "datetime": {"datetime": "2021-06-17 11:56:14", "elapsed": 378.534434, "delta": 10.168599}}
{"target": -18.31090661130796, "params": {"C": 5.113970046792883, "epsilon": 6.864735560444887, "gamma": 1.319531869834148, "lamda": 0.4247589599547185}, "datetime": {"datetime": "2021-06-17 11:56:15", "elapsed": 379.592918, "delta": 1.058484}}
{"target": -3458.680299684527, "params": {"C": 6.46858682090133, "epsilon": 0.5537483640578916, "gamma": 0.2524655070628532, "lamda": 0.4368016740548016}, "datetime": {"datetime": "2021-06-17 11:56:26", "elapsed": 390.944258, "delta": 11.35134}}
{"target": -21.163688927256747, "params": {"C": 3.1993928224570145, "epsilon": 0.8776873460325824, "gamma": 1.9033618285993477, "lamda": 0.4607769103743563}, "datetime": {"datetime": "2021-06-17 11:56:27", "elapsed": 391.962935, "delta": 1.018677}}
{"target": -10.386495848315596, "params": {"C": 0.7696431799837168, "epsilon": 5.9665270650562485, "gamma": 0.25989895269516083, "lamda": 0.13632951426467965}, "datetime": {"datetime": "2021-06-17 11:56:28", "elapsed": 393.005764, "delta": 1.042829}}
{"target": -17.407554876034993, "params": {"C": 2.211488476187632, "epsilon": 5.717608216598903, "gamma": 1.6973449908091007, "lamda": 0.1321581675026781}, "datetime": {"datetime": "2021-06-17 11:56:29", "elapsed": 393.978912, "delta": 0.973148}}
{"target": -16.130429994899654, "params": {"C": 2.8254202956602903, "epsilon": 0.9519595179940232, "gamma": 1.2498391191754459, "lamda": 0.03115620359606436}, "datetime": {"datetime": "2021-06-17 11:56:31", "elapsed": 395.115913, "delta": 1.137001}}
{"target": -10.830428980127351, "params": {"C": 2.6040117832920653, "epsilon": 2.306274133102006, "gamma": 0.26463518917152506, "lamda": 0.025287691763798248}, "datetime": {"datetime": "2021-06-17 11:56:32", "elapsed": 396.522168, "delta": 1.406255}}
{"target": -19.821337948437105, "params": {"C": 5.754936315133109, "epsilon": 3.892024768661152, "gamma": 1.2320627129507888, "lamda": 0.24817535292469348}, "datetime": {"datetime": "2021-06-17 11:56:33", "elapsed": 397.690567, "delta": 1.168399}}
{"target": -20.541799681437947, "params": {"C": 7.740683705727848, "epsilon": 0.976551515569894, "gamma": 1.1672870755332645, "lamda": 0.07736906786734836}, "datetime": {"datetime": "2021-06-17 11:56:34", "elapsed": 398.794646, "delta": 1.104079}}
{"target": -28.419431957040864, "params": {"C": 8.425333358930834, "epsilon": 8.117100003404715, "gamma": 1.9643021163810126, "lamda": 0.19521566289537254}, "datetime": {"datetime": "2021-06-17 11:56:35", "elapsed": 399.879464, "delta": 1.084818}}
{"target": -29.404432413155206, "params": {"C": 9.154794548082371, "epsilon": 2.2891831496994546, "gamma": 1.9210299068125098, "lamda": 0.18996396563757106}, "datetime": {"datetime": "2021-06-17 11:56:37", "elapsed": 401.180589, "delta": 1.301125}}
{"target": -9.673588108565932, "params": {"C": 3.2106081163577262, "epsilon": 6.650593134246292, "gamma": 0.023197713199078217, "lamda": 0.03997973556319652}, "datetime": {"datetime": "2021-06-17 11:56:38", "elapsed": 402.468239, "delta": 1.28765}}
{"target": -23.48822787601577, "params": {"C": 4.766445367594408, "epsilon": 7.357815226759412, "gamma": 1.5578887826253074, "lamda": 0.2752643190456646}, "datetime": {"datetime": "2021-06-17 11:56:39", "elapsed": 403.57112, "delta": 1.102881}}
{"target": -26.281759578549728, "params": {"C": 4.012446299070189, "epsilon": 1.1024052861096776, "gamma": 1.9783788547238916, "lamda": 0.2621327648413641}, "datetime": {"datetime": "2021-06-17 11:56:40", "elapsed": 404.604631, "delta": 1.033511}}
{"target": -32.94885976892745, "params": {"C": 7.506808756322257, "epsilon": 0.9975549109927693, "gamma": 1.7303389208990212, "lamda": 0.2667665009976799}, "datetime": {"datetime": "2021-06-17 11:56:41", "elapsed": 405.884541, "delta": 1.27991}}
{"target": -13.686279771880864, "params": {"C": 1.878136033972191, "epsilon": 4.81273673433819, "gamma": 1.0585762798429619, "lamda": 0.3611766036649075}, "datetime": {"datetime": "2021-06-17 11:56:42", "elapsed": 407.03286, "delta": 1.148319}}
{"target": -29.83434311712981, "params": {"C": 4.295057215126946, "epsilon": 1.108003142798588, "gamma": 1.962935675983426, "lamda": 0.479720316218177}, "datetime": {"datetime": "2021-06-17 11:56:44", "elapsed": 408.151131, "delta": 1.118271}}
{"target": -12.946127399826018, "params": {"C": 0.49987962104921124, "epsilon": 6.970255840959666, "gamma": 1.005639497340477, "lamda": 0.037452211482240386}, "datetime": {"datetime": "2021-06-17 11:56:45", "elapsed": 409.115711, "delta": 0.96458}}
{"target": -10.007789047173581, "params": {"C": 3.997468217337042, "epsilon": 9.887707778524781, "gamma": 0.07035862035086449, "lamda": 0.1380096793117688}, "datetime": {"datetime": "2021-06-17 11:56:46", "elapsed": 410.349119, "delta": 1.233408}}
{"target": -28.875688676872308, "params": {"C": 7.910909193589933, "epsilon": 0.10173592663877555, "gamma": 1.4345062701873699, "lamda": 0.34012593158190535}, "datetime": {"datetime": "2021-06-17 11:56:47", "elapsed": 411.645273, "delta": 1.296154}}
{"target": -14.463865002790907, "params": {"C": 3.3910118320664036, "epsilon": 5.201988141437221, "gamma": 0.5696571349113818, "lamda": 0.3677939281070781}, "datetime": {"datetime": "2021-06-17 11:56:48", "elapsed": 412.919893, "delta": 1.27462}}
{"target": -17.952043604606878, "params": {"C": 2.376535533714485, "epsilon": 3.0386333291088183, "gamma": 1.654436218353552, "lamda": 0.3547451560143803}, "datetime": {"datetime": "2021-06-17 11:56:49", "elapsed": 413.991046, "delta": 1.071153}}
{"target": -22.815162085848506, "params": {"C": 3.6226744642721243, "epsilon": 1.177386316365445, "gamma": 1.982534652599062, "lamda": 0.018909011625017836}, "datetime": {"datetime": "2021-06-17 11:56:51", "elapsed": 415.150915, "delta": 1.159869}}
{"target": -4054.983826877209, "params": {"C": 5.83892711397173, "epsilon": 1.6656705207322322, "gamma": 0.42688229887256196, "lamda": 0.4304727534111892}, "datetime": {"datetime": "2021-06-17 11:57:01", "elapsed": 425.115069, "delta": 9.964154}}
