{"target": -9.335987690300442, "params": {"C": 0.10027105500889616, "epsilon": 5.367273357473797, "gamma": 0.37385980218226744, "lamda": 0.3066607132791181}, "datetime": {"datetime": "2021-06-17 11:51:38", "elapsed": 102.774016, "delta": 1.273868}}
{"target": -36.133989427485005, "params": {"C": 7.213575803475417, "epsilon": 9.17011228288421, "gamma": 1.2870796369703288, "lamda": 0.11418744830048498}, "datetime": {"datetime": "2021-06-17 11:51:39", "elapsed": 103.574841, "delta": 0.800825}}
{"target": -9.489565192107817, "params": {"C": 0.15462230008703395, "epsilon": 5.558483354131005, "gamma": 0.3222972435537039, "lamda": 0.3069181818056027}, "datetime": {"datetime": "2021-06-17 11:51:40", "elapsed": 104.645483, "delta": 1.070642}}
{"target": -9.17800100350861, "params": {"C": 0.05265158996850249, "epsilon": 5.3868643475896105, "gamma": 0.3205417624804388, "lamda": 0.31159069222309044}, "datetime": {"datetime": "2021-06-17 11:51:41", "elapsed": 105.795111, "delta": 1.149628}}
{"target": -9.19560896761294, "params": {"C": 0.0383856131497271, "epsilon": 5.54378617193475, "gamma": 0.4038455971549061, "lamda": 0.28232132680452704}, "datetime": {"datetime": "2021-06-17 11:51:42", "elapsed": 106.850601, "delta": 1.05549}}
{"target": -9.41373587541964, "params": {"C": 0.061765444458716345, "epsilon": 0.1888970127825819, "gamma": 0.5282557969616788, "lamda": 0.31508103810837107}, "datetime": {"datetime": "2021-06-17 11:51:44", "elapsed": 108.105365, "delta": 1.254764}}
{"target": -9.46012682760651, "params": {"C": 0.02083815376042704, "epsilon": 0.04890642306696867, "gamma": 0.3960697211647171, "lamda": 0.2759440362166391}, "datetime": {"datetime": "2021-06-17 11:51:44", "elapsed": 109.060141, "delta": 0.954776}}
{"target": -18.915733888184754, "params": {"C": 4.982653087983481, "epsilon": 2.535438353705066, "gamma": 1.2488625187507245, "lamda": 0.4130361662919567}, "datetime": {"datetime": "2021-06-17 11:51:45", "elapsed": 109.893614, "delta": 0.833473}}
{"target": -13.909449379615712, "params": {"C": 2.3955600510758814, "epsilon": 3.0621053328431627, "gamma": 0.9643545570756267, "lamda": 0.06521971279629335}, "datetime": {"datetime": "2021-06-17 11:51:46", "elapsed": 110.733002, "delta": 0.839388}}
{"target": -9.385804012661996, "params": {"C": 0.03779284504644725, "epsilon": 0.341435370652444, "gamma": 0.386774751226307, "lamda": 0.43677230671754086}, "datetime": {"datetime": "2021-06-17 11:51:48", "elapsed": 112.897142, "delta": 2.16414}}
{"target": -9.345448331293808, "params": {"C": 0.022883306425216188, "epsilon": 0.21751060736995037, "gamma": 0.4605277800548579, "lamda": 0.13540354908036742}, "datetime": {"datetime": "2021-06-17 11:51:50", "elapsed": 114.640521, "delta": 1.743379}}
{"target": -9.368655381335657, "params": {"C": 0.12655071575440446, "epsilon": 5.47619454879409, "gamma": 0.3020418342301728, "lamda": 0.3429722180928017}, "datetime": {"datetime": "2021-06-17 11:51:51", "elapsed": 116.029134, "delta": 1.388613}}
{"target": -9.245911548323411, "params": {"C": 0.07972000490524879, "epsilon": 5.578572772387339, "gamma": 0.38696723094867674, "lamda": 0.2240175745614677}, "datetime": {"datetime": "2021-06-17 11:51:54", "elapsed": 118.397468, "delta": 2.368334}}
{"target": -17.45409545636597, "params": {"C": 4.199814373964638, "epsilon": 3.1939821345310215, "gamma": 1.3289822567605012, "lamda": 0.2823575571208081}, "datetime": {"datetime": "2021-06-17 11:51:55", "elapsed": 119.285423, "delta": 0.887955}}
{"target": -9.229156599092715, "params": {"C": 0.042832574931007686, "epsilon": 5.511195192865613, "gamma": 0.42776232763130684, "lamda": 0.22163211723620482}, "datetime": {"datetime": "2021-06-17 11:51:56", "elapsed": 120.954319, "delta": 1.668896}}
{"target": -9.488734903448275, "params": {"C": 0.17600751610083126, "epsilon": 5.312481377515728, "gamma": 0.21021524987738033, "lamda": 0.15583775452407053}, "datetime": {"datetime": "2021-06-17 11:51:58", "elapsed": 123.004734, "delta": 2.050415}}
{"target": -13.533294906877149, "params": {"C": 1.8304437994636897, "epsilon": 4.646332936133578, "gamma": 0.9715092648437273, "lamda": 0.128856263708284}, "datetime": {"datetime": "2021-06-17 11:51:59", "elapsed": 123.822735, "delta": 0.818001}}
{"target": -13.785620643987464, "params": {"C": 1.7885164876571447, "epsilon": 5.980542874323452, "gamma": 0.8752193095401661, "lamda": 0.2868429059462088}, "datetime": {"datetime": "2021-06-17 11:52:00", "elapsed": 124.822203, "delta": 0.999468}}
{"target": -13.834857628783606, "params": {"C": 0.9636238596390467, "epsilon": 0.9603584840990586, "gamma": 0.6346301932994555, "lamda": 0.4605979273386564}, "datetime": {"datetime": "2021-06-17 11:52:01", "elapsed": 125.655295, "delta": 0.833092}}
{"target": -9.21097024382883, "params": {"C": 0.03779831259981834, "epsilon": 5.352166498077173, "gamma": 0.4128296016130599, "lamda": 0.13243593203737614}, "datetime": {"datetime": "2021-06-17 11:52:03", "elapsed": 127.481454, "delta": 1.826159}}
{"target": -9.66816383000258, "params": {"C": 0.01, "epsilon": 0.14223405667399858, "gamma": 0.4962163604571472, "lamda": 0.30313464073784974}, "datetime": {"datetime": "2021-06-17 11:52:05", "elapsed": 130.071362, "delta": 2.589908}}
{"target": -9.446133667946725, "params": {"C": 0.14138621672926463, "epsilon": 5.350352875398171, "gamma": 0.23267981327986828, "lamda": 0.26411667185616106}, "datetime": {"datetime": "2021-06-17 11:52:07", "elapsed": 131.757122, "delta": 1.68576}}
{"target": -20.324354390510777, "params": {"C": 7.718117982761586, "epsilon": 5.143325589064607, "gamma": 1.1612914270939392, "lamda": 0.18354181883835743}, "datetime": {"datetime": "2021-06-17 11:52:08", "elapsed": 132.621277, "delta": 0.864155}}
{"target": -9.339128671534914, "params": {"C": 0.09150923434067261, "epsilon": 5.318653088392416, "gamma": 0.4058671745735171, "lamda": 0.13610996558305263}, "datetime": {"datetime": "2021-06-17 11:52:10", "elapsed": 134.490155, "delta": 1.868878}}
{"target": -9.361074626328703, "params": {"C": 0.07537578177858835, "epsilon": 0.3444964041457475, "gamma": 0.4213593574914614, "lamda": 0.2799096764516801}, "datetime": {"datetime": "2021-06-17 11:52:12", "elapsed": 136.842842, "delta": 2.352687}}
{"target": -9.341386366394335, "params": {"C": 0.04729939114188801, "epsilon": 0.1437181808081574, "gamma": 0.4974775821878378, "lamda": 0.1923198377455576}, "datetime": {"datetime": "2021-06-17 11:52:14", "elapsed": 139.031332, "delta": 2.18849}}
{"target": -9.717490586975767, "params": {"C": 0.09778656125338797, "epsilon": 0.22040008431661176, "gamma": 0.5533296748783739, "lamda": 0.3538550860002746}, "datetime": {"datetime": "2021-06-17 11:52:17", "elapsed": 141.120741, "delta": 2.089409}}
{"target": -9.284167585503646, "params": {"C": 0.04243591907926303, "epsilon": 0.22196768752479792, "gamma": 0.48179789105896265, "lamda": 0.4210732799214754}, "datetime": {"datetime": "2021-06-17 11:52:18", "elapsed": 142.407653, "delta": 1.286912}}
{"target": -13.00575499960328, "params": {"C": 0.5252474654770953, "epsilon": 2.8750303013780085, "gamma": 0.760256408422779, "lamda": 0.2786560348139713}, "datetime": {"datetime": "2021-06-17 11:52:19", "elapsed": 143.441482, "delta": 1.033829}}
{"target": -9.291751227855386, "params": {"C": 0.03236338227253239, "epsilon": 0.22231160615910012, "gamma": 0.5479304122384964, "lamda": 0.22341897303615632}, "datetime": {"datetime": "2021-06-17 11:52:21", "elapsed": 145.214643, "delta": 1.773161}}
{"target": -9.274981228626965, "params": {"C": 0.08035751983993349, "epsilon": 5.453502074570307, "gamma": 0.4044757047038699, "lamda": 0.007545570763706639}, "datetime": {"datetime": "2021-06-17 11:52:23", "elapsed": 147.108244, "delta": 1.893601}}
{"target": -9.418514908518103, "params": {"C": 0.09455474864057477, "epsilon": 5.47880770617334, "gamma": 0.43866847901936534, "lamda": 0.11233599516573668}, "datetime": {"datetime": "2021-06-17 11:52:24", "elapsed": 148.582363, "delta": 1.474119}}
{"target": -26.516087226353307, "params": {"C": 7.297825144159435, "epsilon": 6.277471680383164, "gamma": 1.6792201487947713, "lamda": 0.3793594142348767}, "datetime": {"datetime": "2021-06-17 11:52:25", "elapsed": 149.600965, "delta": 1.018602}}
{"target": -9.461859500772492, "params": {"C": 0.13522106084471855, "epsilon": 5.37257241514821, "gamma": 0.2405556508096632, "lamda": 0.15586470091087015}, "datetime": {"datetime": "2021-06-17 11:52:27", "elapsed": 151.211312, "delta": 1.610347}}
{"target": -170.00808048942068, "params": {"C": 8.229003232086695, "epsilon": 1.6432829742900126, "gamma": 0.010000422646241656, "lamda": 0.10153156719487934}, "datetime": {"datetime": "2021-06-17 11:52:38", "elapsed": 162.281519, "delta": 11.070207}}
{"target": -9.844528040256948, "params": {"C": 0.011534956419683459, "epsilon": 0.25842766901586356, "gamma": 0.3900715241150214, "lamda": 0.2525961677425406}, "datetime": {"datetime": "2021-06-17 11:52:39", "elapsed": 163.151449, "delta": 0.86993}}
{"target": -9.40224389538901, "params": {"C": 0.07151113851498368, "epsilon": 0.167928652817983, "gamma": 0.438994594970688, "lamda": 0.3349993145862411}, "datetime": {"datetime": "2021-06-17 11:52:39", "elapsed": 164.054086, "delta": 0.902637}}
{"target": -10.736816962209698, "params": {"C": 3.8484702395606583, "epsilon": 0.3676196692934265, "gamma": 0.13785256799033313, "lamda": 0.10858843177372132}, "datetime": {"datetime": "2021-06-17 11:52:41", "elapsed": 165.101774, "delta": 1.047688}}
{"target": -16.18122974222384, "params": {"C": 8.050714917540086, "epsilon": 3.1302641135593006, "gamma": 0.7582670372986933, "lamda": 0.1308351171407749}, "datetime": {"datetime": "2021-06-17 11:52:41", "elapsed": 166.062721, "delta": 0.960947}}
{"target": -15.798534887552048, "params": {"C": 1.7236817804521207, "epsilon": 7.5554234143265235, "gamma": 1.5698199554373742, "lamda": 0.26254633836308644}, "datetime": {"datetime": "2021-06-17 11:52:42", "elapsed": 166.948856, "delta": 0.886135}}
{"target": -9.51360019481552, "params": {"C": 0.0894263814815314, "epsilon": 0.37408330362040626, "gamma": 0.4597223487991274, "lamda": 0.45551892500333624}, "datetime": {"datetime": "2021-06-17 11:52:43", "elapsed": 167.750792, "delta": 0.801936}}
{"target": -9.26321420640135, "params": {"C": 0.05458386596409433, "epsilon": 5.537879951607036, "gamma": 0.3955065284542054, "lamda": 0.2648734300148834}, "datetime": {"datetime": "2021-06-17 11:52:44", "elapsed": 168.961756, "delta": 1.210964}}
{"target": -9.283336885849575, "params": {"C": 0.026879882304991644, "epsilon": 5.373451483772056, "gamma": 0.3246075250251948, "lamda": 0.31541509917678}, "datetime": {"datetime": "2021-06-17 11:52:45", "elapsed": 169.810533, "delta": 0.848777}}
{"target": -9.570648873435857, "params": {"C": 0.08314906031937484, "epsilon": 0.4357517859195972, "gamma": 0.29290689619322696, "lamda": 0.4097481760260195}, "datetime": {"datetime": "2021-06-17 11:52:46", "elapsed": 170.781107, "delta": 0.970574}}
{"target": -15.10991891036785, "params": {"C": 4.631273971230026, "epsilon": 7.266872194880471, "gamma": 0.604368233413971, "lamda": 0.1816255387919166}, "datetime": {"datetime": "2021-06-17 11:52:47", "elapsed": 171.783398, "delta": 1.002291}}
{"target": -19.928805510070358, "params": {"C": 3.8758870885065253, "epsilon": 6.0105872725150515, "gamma": 1.5266746902855959, "lamda": 0.1877084871415981}, "datetime": {"datetime": "2021-06-17 11:52:48", "elapsed": 172.64765, "delta": 0.864252}}
{"target": -15.342601221871845, "params": {"C": 4.130062291216843, "epsilon": 1.7663874911491149, "gamma": 1.008617796191996, "lamda": 0.4644067721703793}, "datetime": {"datetime": "2021-06-17 11:52:49", "elapsed": 173.586473, "delta": 0.938823}}
{"target": -26.575127029657686, "params": {"C": 5.347022854956136, "epsilon": 3.5883559453661684, "gamma": 1.9662773260582656, "lamda": 0.015568090490516735}, "datetime": {"datetime": "2021-06-17 11:52:50", "elapsed": 174.536086, "delta": 0.949613}}
{"target": -20.843789619087133, "params": {"C": 5.587961469622799, "epsilon": 1.8111994537744198, "gamma": 1.2405781822045132, "lamda": 0.041680141296806174}, "datetime": {"datetime": "2021-06-17 11:52:51", "elapsed": 175.417882, "delta": 0.881796}}
{"target": -9.665063967348003, "params": {"C": 0.016676122332668696, "epsilon": 0.3953404650738784, "gamma": 0.3686355464008643, "lamda": 0.41335973444097945}, "datetime": {"datetime": "2021-06-17 11:52:52", "elapsed": 176.420343, "delta": 1.002461}}
{"target": -14.445981415577416, "params": {"C": 3.3412848212775987, "epsilon": 3.741453361706863, "gamma": 0.6262575196686133, "lamda": 0.2752271307786267}, "datetime": {"datetime": "2021-06-17 11:52:53", "elapsed": 177.406225, "delta": 0.985882}}
{"target": -10.47767006605245, "params": {"C": 0.04535459686701931, "epsilon": 8.610045040149128, "gamma": 1.7108150027589377, "lamda": 0.12526408510896708}, "datetime": {"datetime": "2021-06-17 11:52:54", "elapsed": 178.308453, "delta": 0.902228}}
{"target": -9.847398577323023, "params": {"C": 0.9879317237940153, "epsilon": 6.362024763753679, "gamma": 0.13068122189274417, "lamda": 0.4851569938995571}, "datetime": {"datetime": "2021-06-17 11:52:55", "elapsed": 179.326613, "delta": 1.01816}}
{"target": -9.396473387070163, "params": {"C": 0.113392756211329, "epsilon": 3.142684856802678, "gamma": 0.3414071348714379, "lamda": 0.015958483820815102}, "datetime": {"datetime": "2021-06-17 11:52:56", "elapsed": 180.244465, "delta": 0.917852}}
{"target": -9.428954627283417, "params": {"C": 0.05180867928136481, "epsilon": 0.29976906572139295, "gamma": 0.4042882523255458, "lamda": 0.27120841736999174}, "datetime": {"datetime": "2021-06-17 11:52:57", "elapsed": 181.266774, "delta": 1.022309}}
{"target": -15.509683098339439, "params": {"C": 2.1057877627107175, "epsilon": 1.5325576504089211, "gamma": 1.305730138752245, "lamda": 0.18225019710175516}, "datetime": {"datetime": "2021-06-17 11:52:58", "elapsed": 182.130577, "delta": 0.863803}}
{"target": -1123.163288056915, "params": {"C": 8.171707594130531, "epsilon": 1.6395146564784813, "gamma": 0.06506562661852028, "lamda": 0.08470675860635872}, "datetime": {"datetime": "2021-06-17 11:53:07", "elapsed": 191.115756, "delta": 8.985179}}
{"target": -19.084849103346986, "params": {"C": 6.079817473095304, "epsilon": 6.872498471136414, "gamma": 1.0275988620327976, "lamda": 0.22920359172033317}, "datetime": {"datetime": "2021-06-17 11:53:07", "elapsed": 192.033633, "delta": 0.917877}}
{"target": -2283.7052651644044, "params": {"C": 6.6875063411049425, "epsilon": 4.015718061599127, "gamma": 0.15400156948543314, "lamda": 0.4640357498263102}, "datetime": {"datetime": "2021-06-17 11:53:17", "elapsed": 201.705469, "delta": 9.671836}}
{"target": -4752.434736803916, "params": {"C": 8.235268643581982, "epsilon": 4.028878886437889, "gamma": 0.42524710668337135, "lamda": 0.42375706069899566}, "datetime": {"datetime": "2021-06-17 11:53:26", "elapsed": 210.689475, "delta": 8.984006}}
{"target": -5161.0762077647105, "params": {"C": 9.954429557883484, "epsilon": 1.2163111060780758, "gamma": 0.7946405696975745, "lamda": 0.2555221137174845}, "datetime": {"datetime": "2021-06-17 11:53:36", "elapsed": 220.194982, "delta": 9.505507}}
{"target": -5351.774162260918, "params": {"C": 4.583009641918539, "epsilon": 7.856403173766969, "gamma": 0.6480314040365039, "lamda": 0.470818666813714}, "datetime": {"datetime": "2021-06-17 11:53:42", "elapsed": 226.626026, "delta": 6.431044}}
{"target": -5465.045392848256, "params": {"C": 7.508337268063407, "epsilon": 4.1363539587477565, "gamma": 1.0620845622994388, "lamda": 0.3653448651375866}, "datetime": {"datetime": "2021-06-17 11:53:52", "elapsed": 236.116196, "delta": 9.49017}}
{"target": -14.810111999060895, "params": {"C": 2.79430510864386, "epsilon": 3.3542803841188986, "gamma": 0.8485687390142898, "lamda": 0.029706293014271308}, "datetime": {"datetime": "2021-06-17 11:53:52", "elapsed": 237.051561, "delta": 0.935365}}
{"target": -14.90220779006353, "params": {"C": 2.243808805382729, "epsilon": 6.253887862953239, "gamma": 0.5569933825967204, "lamda": 0.3405967622912427}, "datetime": {"datetime": "2021-06-17 11:53:53", "elapsed": 237.993662, "delta": 0.942101}}
{"target": -2014.676398786427, "params": {"C": 7.6670904413852945, "epsilon": 5.175325119216224, "gamma": 0.13975099919137343, "lamda": 0.48180819425129273}, "datetime": {"datetime": "2021-06-17 11:54:03", "elapsed": 247.795004, "delta": 9.801342}}
{"target": -20.80786837635765, "params": {"C": 5.269361366118895, "epsilon": 7.018740274599351, "gamma": 1.525543120993565, "lamda": 0.4004594793130303}, "datetime": {"datetime": "2021-06-17 11:54:04", "elapsed": 248.718989, "delta": 0.923985}}
{"target": -32.82165058992126, "params": {"C": 7.363921312130285, "epsilon": 3.976666275697532, "gamma": 1.7900761307558877, "lamda": 0.37203189114921675}, "datetime": {"datetime": "2021-06-17 11:54:05", "elapsed": 249.621459, "delta": 0.90247}}
{"target": -5145.5517133013445, "params": {"C": 4.226197911883337, "epsilon": 2.3114163117419686, "gamma": 1.472989425012875, "lamda": 0.4670386657233146}, "datetime": {"datetime": "2021-06-17 11:54:15", "elapsed": 259.91881, "delta": 10.297351}}
{"target": -4917.583552499689, "params": {"C": 8.384652813535864, "epsilon": 7.495069739607607, "gamma": 0.540937730151638, "lamda": 0.48761706764315943}, "datetime": {"datetime": "2021-06-17 11:54:25", "elapsed": 269.310193, "delta": 9.391383}}
{"target": -21.91506197478312, "params": {"C": 7.871527727388005, "epsilon": 6.9108857412922555, "gamma": 1.1168548428333127, "lamda": 0.09669207942089351}, "datetime": {"datetime": "2021-06-17 11:54:26", "elapsed": 270.275489, "delta": 0.965296}}
{"target": -5250.781055649612, "params": {"C": 4.890467876932694, "epsilon": 0.6428880166134829, "gamma": 0.6660044803939675, "lamda": 0.32049094498086456}, "datetime": {"datetime": "2021-06-17 11:54:38", "elapsed": 282.835525, "delta": 12.560036}}
{"target": -19.294746469086594, "params": {"C": 4.451063136597045, "epsilon": 1.4872687188989882, "gamma": 1.4562105846894575, "lamda": 0.23239936012109605}, "datetime": {"datetime": "2021-06-17 11:54:39", "elapsed": 284.000555, "delta": 1.16503}}
{"target": -5628.103541060492, "params": {"C": 9.61159671180175, "epsilon": 7.868226956892846, "gamma": 1.0022667675078751, "lamda": 0.4993218459501514}, "datetime": {"datetime": "2021-06-17 11:54:51", "elapsed": 295.489654, "delta": 11.489099}}
{"target": -5278.182735761375, "params": {"C": 6.483451526496343, "epsilon": 6.856890425897972, "gamma": 0.6977457798677181, "lamda": 0.4310813088926265}, "datetime": {"datetime": "2021-06-17 11:55:01", "elapsed": 305.929683, "delta": 10.440029}}
{"target": -14.430134934089835, "params": {"C": 2.0097485616314277, "epsilon": 3.879081631106161, "gamma": 1.0092136775253582, "lamda": 0.3670665855601423}, "datetime": {"datetime": "2021-06-17 11:55:02", "elapsed": 306.943527, "delta": 1.013844}}
{"target": -5294.610019735503, "params": {"C": 9.929256973919196, "epsilon": 0.1925288043539698, "gamma": 1.0051330854101745, "lamda": 0.38939813601333423}, "datetime": {"datetime": "2021-06-17 11:55:13", "elapsed": 317.152991, "delta": 10.209464}}
{"target": -10.286306630691993, "params": {"C": 3.523733000307593, "epsilon": 4.118760205402319, "gamma": 0.09122199130314566, "lamda": 0.11176502845903977}, "datetime": {"datetime": "2021-06-17 11:55:14", "elapsed": 318.202397, "delta": 1.049406}}
{"target": -26.983256839463216, "params": {"C": 8.445285027253517, "epsilon": 6.457795024520417, "gamma": 1.37641207920071, "lamda": 0.3186250309633053}, "datetime": {"datetime": "2021-06-17 11:55:15", "elapsed": 319.211613, "delta": 1.009216}}
{"target": -10.342957947792772, "params": {"C": 2.673336755779587, "epsilon": 1.0701268658464709, "gamma": 0.11269921714238383, "lamda": 0.10092122539706457}, "datetime": {"datetime": "2021-06-17 11:55:16", "elapsed": 320.250409, "delta": 1.038796}}
{"target": -10.566176319708198, "params": {"C": 2.0388006003720958, "epsilon": 0.004339471582877374, "gamma": 0.13987666099266066, "lamda": 0.34261121071013084}, "datetime": {"datetime": "2021-06-17 11:55:17", "elapsed": 321.313897, "delta": 1.063488}}
{"target": -16.693027250318146, "params": {"C": 8.244587142226596, "epsilon": 3.547748052763417, "gamma": 0.78141786985368, "lamda": 0.10962467739039443}, "datetime": {"datetime": "2021-06-17 11:55:18", "elapsed": 322.460714, "delta": 1.146817}}
{"target": -15.881367081394341, "params": {"C": 2.665446441440432, "epsilon": 7.2447929437469645, "gamma": 1.2648542634049493, "lamda": 0.3445103698357289}, "datetime": {"datetime": "2021-06-17 11:55:19", "elapsed": 323.43457, "delta": 0.973856}}
{"target": -5640.767231825541, "params": {"C": 7.721194422213449, "epsilon": 5.289980581485615, "gamma": 0.8477796020133317, "lamda": 0.29668386221804827}, "datetime": {"datetime": "2021-06-17 11:55:29", "elapsed": 333.928117, "delta": 10.493547}}
{"target": -10.499456246036244, "params": {"C": 5.637429658473804, "epsilon": 8.668424150167972, "gamma": 0.07944058792028798, "lamda": 0.040420043347342706}, "datetime": {"datetime": "2021-06-17 11:55:30", "elapsed": 335.040599, "delta": 1.112482}}
{"target": -3305.927474400625, "params": {"C": 8.73104847468502, "epsilon": 0.9100675106039766, "gamma": 0.255890080132572, "lamda": 0.3504986954436396}, "datetime": {"datetime": "2021-06-17 11:55:42", "elapsed": 346.509091, "delta": 11.468492}}
{"target": -3537.349707009596, "params": {"C": 5.868339974957945, "epsilon": 4.664824540385765, "gamma": 0.27459187983438593, "lamda": 0.4513607216726692}, "datetime": {"datetime": "2021-06-17 11:55:53", "elapsed": 357.45468, "delta": 10.945589}}
{"target": -4648.236453151912, "params": {"C": 3.871441608591344, "epsilon": 6.613514598136287, "gamma": 0.42374037738585923, "lamda": 0.3825240614812279}, "datetime": {"datetime": "2021-06-17 11:56:04", "elapsed": 368.365835, "delta": 10.911155}}
