{"target": -9.52547876693113, "params": {"C": 26.097902192805535, "gamma": 1.5245516388516689}, "datetime": {"datetime": "2021-06-20 13:37:17", "elapsed": 0.0, "delta": 0.0}}
{"target": -9.93812751933314, "params": {"C": 9.00468936751114, "gamma": 0.8139653734741277}, "datetime": {"datetime": "2021-06-20 13:37:18", "elapsed": 0.335998, "delta": 0.335998}}
{"target": -9.834912372595769, "params": {"C": 15.016991523501634, "gamma": 0.4569756111069563}, "datetime": {"datetime": "2021-06-20 13:37:18", "elapsed": 0.707003, "delta": 0.371005}}
{"target": -9.798279241247855, "params": {"C": 16.636668666484507, "gamma": 0.887453235973181}, "datetime": {"datetime": "2021-06-20 13:37:18", "elapsed": 1.086113, "delta": 0.37911}}
{"target": -9.466321009671411, "params": {"C": 25.26746644345747, "gamma": 1.2159884478057068}, "datetime": {"datetime": "2021-06-20 13:37:19", "elapsed": 1.456113, "delta": 0.37}}
{"target": -9.50599809467967, "params": {"C": 26.186975090535086, "gamma": 1.4648731506744912}, "datetime": {"datetime": "2021-06-20 13:37:19", "elapsed": 1.813111, "delta": 0.356998}}
{"target": -9.82794664950974, "params": {"C": 17.382542238992215, "gamma": 1.7927996418646073}, "datetime": {"datetime": "2021-06-20 13:37:19", "elapsed": 2.105112, "delta": 0.292001}}
{"target": -10.12629735055765, "params": {"C": 10.122891321114972, "gamma": 1.4397947673032838}, "datetime": {"datetime": "2021-06-20 13:37:20", "elapsed": 2.445111, "delta": 0.339999}}
{"target": -9.44584605507253, "params": {"C": 26.109496897052207, "gamma": 1.2497727083577779}, "datetime": {"datetime": "2021-06-20 13:37:20", "elapsed": 2.756112, "delta": 0.311001}}
{"target": -9.805936821058078, "params": {"C": 14.755864482404585, "gamma": 0.6367725314442939}, "datetime": {"datetime": "2021-06-20 13:37:20", "elapsed": 3.23111, "delta": 0.474998}}
{"target": -9.460352700999449, "params": {"C": 41.830527315697005, "gamma": 1.9460446787229757}, "datetime": {"datetime": "2021-06-20 13:37:21", "elapsed": 3.826112, "delta": 0.595002}}
{"target": -9.609123399342339, "params": {"C": 21.850391304528955, "gamma": 1.476948446637834}, "datetime": {"datetime": "2021-06-20 13:37:21", "elapsed": 4.172115, "delta": 0.346003}}
{"target": -9.389331891902799, "params": {"C": 44.93195524413757, "gamma": 1.8208313279565405}, "datetime": {"datetime": "2021-06-20 13:37:22", "elapsed": 4.55511, "delta": 0.382995}}
{"target": -10.054024837120638, "params": {"C": 12.486812666160894, "gamma": 0.3663931314959}, "datetime": {"datetime": "2021-06-20 13:37:22", "elapsed": 4.909115, "delta": 0.354005}}
{"target": -9.880129178628696, "params": {"C": 15.963047202147326, "gamma": 1.7928422558300023}, "datetime": {"datetime": "2021-06-20 13:37:23", "elapsed": 5.278112, "delta": 0.368997}}
{"target": -9.86644180724343, "params": {"C": 13.032220187155055, "gamma": 1.0158829625085886}, "datetime": {"datetime": "2021-06-20 13:37:23", "elapsed": 5.642111, "delta": 0.363999}}
{"target": -9.210315101419024, "params": {"C": 48.27347073617058, "gamma": 1.206380984454129}, "datetime": {"datetime": "2021-06-20 13:37:23", "elapsed": 5.998791, "delta": 0.35668}}
{"target": -9.498685843942662, "params": {"C": 37.366961671969406, "gamma": 0.836376572710307}, "datetime": {"datetime": "2021-06-20 13:37:24", "elapsed": 6.329791, "delta": 0.331}}
{"target": -9.427661477553254, "params": {"C": 37.14653803494493, "gamma": 1.718863642225534}, "datetime": {"datetime": "2021-06-20 13:37:24", "elapsed": 6.66879, "delta": 0.338999}}
{"target": -10.185815971381174, "params": {"C": 9.749819371111863, "gamma": 1.5752453354064446}, "datetime": {"datetime": "2021-06-20 13:37:24", "elapsed": 7.006787, "delta": 0.337997}}
{"target": -9.253980291196354, "params": {"C": 49.54330464516628, "gamma": 1.5718816124457269}, "datetime": {"datetime": "2021-06-20 13:37:25", "elapsed": 7.357786, "delta": 0.350999}}
{"target": -9.692656309495149, "params": {"C": 20.498203674640614, "gamma": 1.6417748583675305}, "datetime": {"datetime": "2021-06-20 13:37:25", "elapsed": 7.715788, "delta": 0.358002}}
{"target": -9.85428580776194, "params": {"C": 13.232266269683322, "gamma": 1.0614189944990386}, "datetime": {"datetime": "2021-06-20 13:37:25", "elapsed": 8.059796, "delta": 0.344008}}
{"target": -9.427132548487805, "params": {"C": 46.25241562681692, "gamma": 0.7991440522352551}, "datetime": {"datetime": "2021-06-20 13:37:26", "elapsed": 8.397788, "delta": 0.337992}}
{"target": -9.75056333679135, "params": {"C": 20.7987888820403, "gamma": 0.5210485726010721}, "datetime": {"datetime": "2021-06-20 13:37:26", "elapsed": 8.74179, "delta": 0.344002}}
{"target": -10.15245560706052, "params": {"C": 9.79404527268218, "gamma": 1.4540204059978146}, "datetime": {"datetime": "2021-06-20 13:37:26", "elapsed": 9.105788, "delta": 0.363998}}
{"target": -9.790793225958918, "params": {"C": 17.676752756002422, "gamma": 0.7514293209327845}, "datetime": {"datetime": "2021-06-20 13:37:27", "elapsed": 9.403787, "delta": 0.297999}}
{"target": -9.719887562612712, "params": {"C": 29.15449953049387, "gamma": 0.39071632669903666}, "datetime": {"datetime": "2021-06-20 13:37:27", "elapsed": 9.73079, "delta": 0.327003}}
{"target": -9.689447702725154, "params": {"C": 32.53882182517253, "gamma": 0.5494385773398772}, "datetime": {"datetime": "2021-06-20 13:37:27", "elapsed": 10.027789, "delta": 0.296999}}
{"target": -9.39069060283896, "params": {"C": 33.16152701303466, "gamma": 1.489589212035583}, "datetime": {"datetime": "2021-06-20 13:37:28", "elapsed": 10.38379, "delta": 0.356001}}
{"target": -9.696853850077682, "params": {"C": 50.0, "gamma": 0.3}, "datetime": {"datetime": "2021-06-20 13:37:29", "elapsed": 11.361799, "delta": 0.978009}}
{"target": -9.440003434785273, "params": {"C": 47.40144862905016, "gamma": 2.0}, "datetime": {"datetime": "2021-06-20 13:37:29", "elapsed": 12.033788, "delta": 0.671989}}
{"target": -9.710213576208329, "params": {"C": 43.10770522477136, "gamma": 0.31268510544346145}, "datetime": {"datetime": "2021-06-20 13:37:30", "elapsed": 12.776787, "delta": 0.742999}}
{"target": -9.536954351765113, "params": {"C": 35.114042068016346, "gamma": 1.9829429684453517}, "datetime": {"datetime": "2021-06-20 13:37:31", "elapsed": 13.517786, "delta": 0.740999}}
{"target": -9.59666648953231, "params": {"C": 31.15238914510647, "gamma": 2.0}, "datetime": {"datetime": "2021-06-20 13:37:32", "elapsed": 14.26079, "delta": 0.743004}}
{"target": -9.499320196343367, "params": {"C": 39.33806665996516, "gamma": 2.0}, "datetime": {"datetime": "2021-06-20 13:37:32", "elapsed": 15.051787, "delta": 0.790997}}
{"target": -9.914083572199674, "params": {"C": 24.117313320796526, "gamma": 0.3}, "datetime": {"datetime": "2021-06-20 13:37:33", "elapsed": 15.846788, "delta": 0.795001}}
{"target": -9.721897537617744, "params": {"C": 40.195635377099315, "gamma": 0.31333603057834813}, "datetime": {"datetime": "2021-06-20 13:37:34", "elapsed": 16.499495, "delta": 0.652707}}
{"target": -9.685133312432235, "params": {"C": 47.81659390608703, "gamma": 0.3207644863843985}, "datetime": {"datetime": "2021-06-20 13:37:35", "elapsed": 17.358494, "delta": 0.858999}}
{"target": -9.786423056564074, "params": {"C": 35.009287434764694, "gamma": 0.3}, "datetime": {"datetime": "2021-06-20 13:37:35", "elapsed": 18.00249, "delta": 0.643996}}
{"target": -9.43130344245706, "params": {"C": 48.7616157741075, "gamma": 2.0}, "datetime": {"datetime": "2021-06-20 13:37:36", "elapsed": 18.749493, "delta": 0.747003}}
{"target": -9.866859074149776, "params": {"C": 27.291200695705044, "gamma": 0.3013580747548704}, "datetime": {"datetime": "2021-06-20 13:37:37", "elapsed": 19.575494, "delta": 0.826001}}
{"target": -9.63106017179339, "params": {"C": 28.931044741155667, "gamma": 2.0}, "datetime": {"datetime": "2021-06-20 13:37:38", "elapsed": 20.341498, "delta": 0.766004}}
{"target": -9.467801727797804, "params": {"C": 43.38797989787471, "gamma": 2.0}, "datetime": {"datetime": "2021-06-20 13:37:38", "elapsed": 21.059421, "delta": 0.717923}}
{"target": -9.237525516319343, "params": {"C": 49.01984893136856, "gamma": 1.1006685763043782}, "datetime": {"datetime": "2021-06-20 13:37:39", "elapsed": 21.883422, "delta": 0.824001}}
{"target": -9.572112709897507, "params": {"C": 32.8545409907472, "gamma": 2.0}, "datetime": {"datetime": "2021-06-20 13:37:40", "elapsed": 22.714423, "delta": 0.831001}}
{"target": -9.73637197873787, "params": {"C": 23.43783933009633, "gamma": 1.9936092189032872}, "datetime": {"datetime": "2021-06-20 13:37:41", "elapsed": 23.392422, "delta": 0.677999}}
{"target": -9.709601741215948, "params": {"C": 44.82186726551649, "gamma": 0.3058280507974327}, "datetime": {"datetime": "2021-06-20 13:37:41", "elapsed": 24.208423, "delta": 0.816001}}
{"target": -9.404771328516617, "params": {"C": 49.98262075113633, "gamma": 1.9439442670186284}, "datetime": {"datetime": "2021-06-20 13:37:42", "elapsed": 24.975421, "delta": 0.766998}}
{"target": -9.384900051675835, "params": {"C": 46.07658830264196, "gamma": 1.8280558575716692}, "datetime": {"datetime": "2021-06-20 13:37:43", "elapsed": 25.699422, "delta": 0.724001}}
{"target": -9.49834205336812, "params": {"C": 38.06587905555361, "gamma": 1.967547928358352}, "datetime": {"datetime": "2021-06-20 13:37:44", "elapsed": 26.58002, "delta": 0.880598}}
{"target": -9.192439575371282, "params": {"C": 47.39360225427416, "gamma": 1.2776882993760441}, "datetime": {"datetime": "2021-06-20 13:37:45", "elapsed": 27.404014, "delta": 0.823994}}
{"target": -9.180733179865827, "params": {"C": 47.75314358569612, "gamma": 1.3036126734728382}, "datetime": {"datetime": "2021-06-20 13:37:45", "elapsed": 28.15902, "delta": 0.755006}}
{"target": -9.206300305960943, "params": {"C": 47.94641566551003, "gamma": 1.4201086863191217}, "datetime": {"datetime": "2021-06-20 13:37:46", "elapsed": 28.847018, "delta": 0.687998}}
{"target": -9.343898423716595, "params": {"C": 34.03065758650139, "gamma": 1.378195274598493}, "datetime": {"datetime": "2021-06-20 13:37:47", "elapsed": 29.662019, "delta": 0.815001}}
{"target": -9.22857951650029, "params": {"C": 47.704916983802924, "gamma": 1.1615164524257158}, "datetime": {"datetime": "2021-06-20 13:37:48", "elapsed": 30.620021, "delta": 0.958002}}
{"target": -9.7608347238349, "params": {"C": 30.607364188859417, "gamma": 0.33228902115163}, "datetime": {"datetime": "2021-06-20 13:37:49", "elapsed": 31.398846, "delta": 0.778825}}
{"target": -9.7229163934078, "params": {"C": 38.67647398311097, "gamma": 0.32000889843185326}, "datetime": {"datetime": "2021-06-20 13:37:49", "elapsed": 32.084841, "delta": 0.685995}}
{"target": -9.48879703049133, "params": {"C": 40.636648728365024, "gamma": 2.0}, "datetime": {"datetime": "2021-06-20 13:37:50", "elapsed": 32.742842, "delta": 0.658001}}
{"target": -9.86850908152908, "params": {"C": 25.57993989202686, "gamma": 0.311067610816602}, "datetime": {"datetime": "2021-06-20 13:37:51", "elapsed": 33.545845, "delta": 0.803003}}
{"target": -10.083993639628225, "params": {"C": 12.461323974284635, "gamma": 1.9968063938497553}, "datetime": {"datetime": "2021-06-20 13:37:51", "elapsed": 34.235847, "delta": 0.690002}}
{"target": -9.45987204493264, "params": {"C": 41.641328583217806, "gamma": 0.8192195741243147}, "datetime": {"datetime": "2021-06-20 13:37:52", "elapsed": 35.123845, "delta": 0.887998}}
{"target": -9.847472228091684, "params": {"C": 19.013990644723037, "gamma": 1.9984279677411474}, "datetime": {"datetime": "2021-06-20 13:37:53", "elapsed": 35.916843, "delta": 0.792998}}
{"target": -9.44266233158697, "params": {"C": 29.940299073924304, "gamma": 1.487954590265776}, "datetime": {"datetime": "2021-06-20 13:37:54", "elapsed": 36.709472, "delta": 0.792629}}
{"target": -9.557428320185137, "params": {"C": 33.831405181979356, "gamma": 1.9955672088937688}, "datetime": {"datetime": "2021-06-20 13:37:55", "elapsed": 37.729471, "delta": 1.019999}}
{"target": -9.298402784328225, "params": {"C": 36.140548536959564, "gamma": 1.2598650843175254}, "datetime": {"datetime": "2021-06-20 13:37:56", "elapsed": 38.41047, "delta": 0.680999}}
{"target": -9.523355100727347, "params": {"C": 36.25632874167235, "gamma": 1.9861637852492522}, "datetime": {"datetime": "2021-06-20 13:37:56", "elapsed": 39.183471, "delta": 0.773001}}
{"target": -9.239156820479607, "params": {"C": 46.90329627549602, "gamma": 1.478849520666005}, "datetime": {"datetime": "2021-06-20 13:37:57", "elapsed": 40.070474, "delta": 0.887003}}
{"target": -9.214454301783277, "params": {"C": 45.49419869601243, "gamma": 1.2569104605627035}, "datetime": {"datetime": "2021-06-20 13:37:58", "elapsed": 40.869473, "delta": 0.798999}}
{"target": -9.22943376391619, "params": {"C": 44.16124868908621, "gamma": 1.243947919353294}, "datetime": {"datetime": "2021-06-20 13:37:59", "elapsed": 41.638245, "delta": 0.768772}}
{"target": -9.238398940213138, "params": {"C": 42.848692178835414, "gamma": 1.2497947935264317}, "datetime": {"datetime": "2021-06-20 13:38:00", "elapsed": 42.443245, "delta": 0.805}}
{"target": -9.227560870370704, "params": {"C": 43.42925342549062, "gamma": 1.2681026365871952}, "datetime": {"datetime": "2021-06-20 13:38:01", "elapsed": 43.268246, "delta": 0.825001}}
{"target": -9.228306052996146, "params": {"C": 44.855233667499576, "gamma": 1.2302403879421295}, "datetime": {"datetime": "2021-06-20 13:38:01", "elapsed": 43.921246, "delta": 0.653}}
{"target": -9.244821733044214, "params": {"C": 47.538257738795, "gamma": 1.507426806839894}, "datetime": {"datetime": "2021-06-20 13:38:02", "elapsed": 44.777246, "delta": 0.856}}
{"target": -10.004304844110216, "params": {"C": 19.24611726726229, "gamma": 0.3}, "datetime": {"datetime": "2021-06-20 13:38:03", "elapsed": 45.748244, "delta": 0.970998}}
{"target": -9.940111645941943, "params": {"C": 22.363187701442644, "gamma": 0.3}, "datetime": {"datetime": "2021-06-20 13:38:04", "elapsed": 46.66266, "delta": 0.914416}}
{"target": -9.773344726881259, "params": {"C": 36.48555681908493, "gamma": 0.3}, "datetime": {"datetime": "2021-06-20 13:38:05", "elapsed": 47.348662, "delta": 0.686002}}
{"target": -9.79871092545525, "params": {"C": 33.64259695688837, "gamma": 0.3}, "datetime": {"datetime": "2021-06-20 13:38:05", "elapsed": 47.99366, "delta": 0.644998}}
{"target": -9.99095133818221, "params": {"C": 14.553942435418456, "gamma": 1.9987229432236449}, "datetime": {"datetime": "2021-06-20 13:38:06", "elapsed": 48.75266, "delta": 0.759}}
{"target": -9.264368352957955, "params": {"C": 39.79196314215278, "gamma": 1.2537442925911666}, "datetime": {"datetime": "2021-06-20 13:38:07", "elapsed": 49.40666, "delta": 0.654}}
{"target": -9.271445512274767, "params": {"C": 38.79890330649372, "gamma": 1.26143720563227}, "datetime": {"datetime": "2021-06-20 13:38:07", "elapsed": 50.197666, "delta": 0.791006}}
{"target": -9.257852512436015, "params": {"C": 40.74639727411577, "gamma": 1.246368429963339}, "datetime": {"datetime": "2021-06-20 13:38:08", "elapsed": 50.961318, "delta": 0.763652}}
{"target": -9.32514698518042, "params": {"C": 35.23824450056114, "gamma": 1.2079410460218916}, "datetime": {"datetime": "2021-06-20 13:38:09", "elapsed": 51.947324, "delta": 0.986006}}
{"target": -9.466836522190038, "params": {"C": 27.856137091566687, "gamma": 1.4456663284584257}, "datetime": {"datetime": "2021-06-20 13:38:10", "elapsed": 52.73232, "delta": 0.784996}}
{"target": -9.78655158659257, "params": {"C": 21.357332924110423, "gamma": 1.999320706713978}, "datetime": {"datetime": "2021-06-20 13:38:11", "elapsed": 53.585322, "delta": 0.853002}}
{"target": -9.696972468751209, "params": {"C": 24.636705589036353, "gamma": 1.9467657338192004}, "datetime": {"datetime": "2021-06-20 13:38:12", "elapsed": 54.295322, "delta": 0.71}}
{"target": -9.178011696278748, "params": {"C": 49.92317326153912, "gamma": 1.2655991578458132}, "datetime": {"datetime": "2021-06-20 13:38:12", "elapsed": 55.21932, "delta": 0.923998}}
{"target": -9.354460240298721, "params": {"C": 31.68100717653689, "gamma": 1.2510863239888297}, "datetime": {"datetime": "2021-06-20 13:38:13", "elapsed": 56.066322, "delta": 0.847002}}
{"target": -10.363630288095457, "params": {"C": 10.685643024541221, "gamma": 0.3002586479991138}, "datetime": {"datetime": "2021-06-20 13:38:14", "elapsed": 56.77532, "delta": 0.708998}}
{"target": -9.25760246410136, "params": {"C": 49.585240591101595, "gamma": 1.0253498728420842}, "datetime": {"datetime": "2021-06-20 13:38:15", "elapsed": 57.737319, "delta": 0.961999}}
{"target": -9.656425195008842, "params": {"C": 27.47031371959434, "gamma": 2.0}, "datetime": {"datetime": "2021-06-20 13:38:16", "elapsed": 58.636324, "delta": 0.899005}}
{"target": -9.363527439580569, "params": {"C": 30.894349198588543, "gamma": 1.2546612510669577}, "datetime": {"datetime": "2021-06-20 13:38:17", "elapsed": 59.482322, "delta": 0.845998}}
{"target": -9.232295699367244, "params": {"C": 42.17886093553568, "gamma": 1.3617251291529822}, "datetime": {"datetime": "2021-06-20 13:38:18", "elapsed": 60.324326, "delta": 0.842004}}
{"target": -9.270856637073809, "params": {"C": 41.42730087521924, "gamma": 1.4314375711535856}, "datetime": {"datetime": "2021-06-20 13:38:19", "elapsed": 61.324561, "delta": 1.000235}}
{"target": -9.275586044071563, "params": {"C": 38.13462831326564, "gamma": 1.269188642806734}, "datetime": {"datetime": "2021-06-20 13:38:19", "elapsed": 62.185414, "delta": 0.860853}}
{"target": -9.191441575402646, "params": {"C": 48.745263098036574, "gamma": 1.400544454434125}, "datetime": {"datetime": "2021-06-20 13:38:20", "elapsed": 63.003409, "delta": 0.817995}}
{"target": -9.290946939774258, "params": {"C": 43.920029756532884, "gamma": 1.5414029874862885}, "datetime": {"datetime": "2021-06-20 13:38:21", "elapsed": 63.888412, "delta": 0.885003}}
{"target": -9.328355375481886, "params": {"C": 42.65499480383712, "gamma": 1.6087084136898548}, "datetime": {"datetime": "2021-06-20 13:38:23", "elapsed": 65.315414, "delta": 1.427002}}
{"target": -9.250494440219878, "params": {"C": 47.00931983673691, "gamma": 1.1033191795413015}, "datetime": {"datetime": "2021-06-20 13:38:24", "elapsed": 66.474203, "delta": 1.158789}}
{"target": -9.29509108701506, "params": {"C": 40.27109668882934, "gamma": 1.4603018886609245}, "datetime": {"datetime": "2021-06-20 13:38:25", "elapsed": 67.720202, "delta": 1.245999}}
{"target": -9.177775190178856, "params": {"C": 49.984928718431895, "gamma": 1.391849430966698}, "datetime": {"datetime": "2021-06-20 13:38:26", "elapsed": 68.630213, "delta": 0.910011}}
{"target": -9.309287130389036, "params": {"C": 43.80672636753638, "gamma": 1.013748762938571}, "datetime": {"datetime": "2021-06-20 13:38:27", "elapsed": 69.499198, "delta": 0.868985}}
{"target": -9.198735677135335, "params": {"C": 46.052912407944696, "gamma": 1.2895138047161445}, "datetime": {"datetime": "2021-06-20 13:38:28", "elapsed": 70.623201, "delta": 1.124003}}
{"target": -9.1971092736722, "params": {"C": 46.42636109808582, "gamma": 1.2857360285307255}, "datetime": {"datetime": "2021-06-20 13:38:29", "elapsed": 71.717862, "delta": 1.094661}}
{"target": -9.405945621902434, "params": {"C": 28.888812920385647, "gamma": 1.2138537938079346}, "datetime": {"datetime": "2021-06-20 13:38:30", "elapsed": 72.814876, "delta": 1.097014}}
{"target": -9.184488292904408, "params": {"C": 49.11408875282576, "gamma": 1.3912726300085099}, "datetime": {"datetime": "2021-06-20 13:38:31", "elapsed": 73.721861, "delta": 0.906985}}
{"target": -9.241872954162194, "params": {"C": 49.97816212932723, "gamma": 1.0645964592117556}, "datetime": {"datetime": "2021-06-20 13:38:32", "elapsed": 74.745862, "delta": 1.024001}}
{"target": -9.169279209720532, "params": {"C": 49.58353151802449, "gamma": 1.3075175731624735}, "datetime": {"datetime": "2021-06-20 13:38:33", "elapsed": 75.68186, "delta": 0.935998}}
{"target": -9.168008454002601, "params": {"C": 49.42143914122447, "gamma": 1.3222597963675073}, "datetime": {"datetime": "2021-06-20 13:38:34", "elapsed": 76.57873, "delta": 0.89687}}
{"target": -9.228212197211658, "params": {"C": 44.50264547597702, "gamma": 1.4012669752492792}, "datetime": {"datetime": "2021-06-20 13:38:35", "elapsed": 78.087731, "delta": 1.509001}}
{"target": -9.182883532688, "params": {"C": 49.30283025486149, "gamma": 1.264519962807882}, "datetime": {"datetime": "2021-06-20 13:38:37", "elapsed": 79.28373, "delta": 1.195999}}
{"target": -9.356184157154205, "params": {"C": 39.337319007067464, "gamma": 1.009837292818528}, "datetime": {"datetime": "2021-06-20 13:38:37", "elapsed": 80.20973, "delta": 0.926}}
{"target": -9.177219888577834, "params": {"C": 49.4870115975514, "gamma": 1.2764456559186084}, "datetime": {"datetime": "2021-06-20 13:38:39", "elapsed": 81.3175, "delta": 1.10777}}
{"target": -9.16493452101582, "params": {"C": 49.78204238979729, "gamma": 1.3298091584098957}, "datetime": {"datetime": "2021-06-20 13:38:40", "elapsed": 82.2945, "delta": 0.977}}
{"target": -9.298743815058225, "params": {"C": 42.37209663816845, "gamma": 1.0724029695556698}, "datetime": {"datetime": "2021-06-20 13:38:40", "elapsed": 83.245501, "delta": 0.951001}}
{"target": -9.251828113523604, "params": {"C": 45.673832660569005, "gamma": 1.4834022354740655}, "datetime": {"datetime": "2021-06-20 13:38:42", "elapsed": 84.257502, "delta": 1.012001}}
{"target": -9.17149506749038, "params": {"C": 49.75837089361757, "gamma": 1.2913395093176003}, "datetime": {"datetime": "2021-06-20 13:38:42", "elapsed": 85.115502, "delta": 0.858}}
{"target": -9.341840646412608, "params": {"C": 35.69969228047778, "gamma": 1.4504806508972758}, "datetime": {"datetime": "2021-06-20 13:38:43", "elapsed": 86.130112, "delta": 1.01461}}
{"target": -9.377717760271517, "params": {"C": 32.35280325266063, "gamma": 1.4048143989974868}, "datetime": {"datetime": "2021-06-20 13:38:45", "elapsed": 87.494119, "delta": 1.364007}}
{"target": -9.317562471815412, "params": {"C": 34.678490587033906, "gamma": 1.3222161704006306}, "datetime": {"datetime": "2021-06-20 13:38:46", "elapsed": 88.722113, "delta": 1.227994}}
