{"target": -9.16385096859185, "params": {"C": 49.800883240397155, "gamma": 1.3365375258749146}, "datetime": {"datetime": "2021-06-20 13:46:34", "elapsed": 556.652135, "delta": 2.199687}}
{"target": -9.164237820870326, "params": {"C": 49.94301247423182, "gamma": 1.3284919667522104}, "datetime": {"datetime": "2021-06-20 13:46:37", "elapsed": 559.379139, "delta": 2.727004}}
{"target": -9.161255166527955, "params": {"C": 49.992656992864156, "gamma": 1.3468445359420458}, "datetime": {"datetime": "2021-06-20 13:46:41", "elapsed": 564.060135, "delta": 4.680996}}
{"target": -9.694726184463796, "params": {"C": 25.425727793618613, "gamma": 1.995122278674019}, "datetime": {"datetime": "2021-06-20 13:46:45", "elapsed": 568.042828, "delta": 3.982693}}
{"target": -9.162690842546615, "params": {"C": 49.81685319348383, "gamma": 1.3437797529383202}, "datetime": {"datetime": "2021-06-20 13:46:48", "elapsed": 571.201122, "delta": 3.158294}}
{"target": -9.166187281886948, "params": {"C": 49.832302097148634, "gamma": 1.319088086416483}, "datetime": {"datetime": "2021-06-20 13:46:52", "elapsed": 574.642122, "delta": 3.441}}
{"target": -9.163281826368605, "params": {"C": 49.99553181613944, "gamma": 1.3330845361506787}, "datetime": {"datetime": "2021-06-20 13:46:56", "elapsed": 578.996217, "delta": 4.354095}}
{"target": -9.163940144632118, "params": {"C": 49.84434307270754, "gamma": 1.3342853898851053}, "datetime": {"datetime": "2021-06-20 13:47:00", "elapsed": 582.7643, "delta": 3.768083}}
{"target": -9.163766365497974, "params": {"C": 49.799695676762596, "gamma": 1.3371586226260372}, "datetime": {"datetime": "2021-06-20 13:47:02", "elapsed": 585.019295, "delta": 2.254995}}
{"target": -9.161986787569173, "params": {"C": 49.860630604540766, "gamma": 1.3468549863587818}, "datetime": {"datetime": "2021-06-20 13:47:07", "elapsed": 589.716935, "delta": 4.69764}}
{"target": -9.16272621977515, "params": {"C": 49.951050627358036, "gamma": 1.3565609150872888}, "datetime": {"datetime": "2021-06-20 13:47:10", "elapsed": 592.590712, "delta": 2.873777}}
{"target": -9.165024889368148, "params": {"C": 49.46259452221905, "gamma": 1.3413789006638934}, "datetime": {"datetime": "2021-06-20 13:47:13", "elapsed": 595.376714, "delta": 2.786002}}
{"target": -9.161821565955403, "params": {"C": 49.996101658763905, "gamma": 1.3553126228936285}, "datetime": {"datetime": "2021-06-20 13:47:15", "elapsed": 598.154301, "delta": 2.777587}}
{"target": -9.375313027402226, "params": {"C": 35.10967288699483, "gamma": 1.511424975377762}, "datetime": {"datetime": "2021-06-20 13:47:20", "elapsed": 602.289929, "delta": 4.135628}}
{"target": -9.160979793622422, "params": {"C": 49.920711015525825, "gamma": 1.351304106499002}, "datetime": {"datetime": "2021-06-20 13:47:22", "elapsed": 605.128927, "delta": 2.838998}}
{"target": -9.954101167333098, "params": {"C": 21.49606656127035, "gamma": 0.3}, "datetime": {"datetime": "2021-06-20 13:47:24", "elapsed": 606.979929, "delta": 1.851002}}
{"target": -9.162889523001958, "params": {"C": 49.80871404505029, "gamma": 1.3427500344759138}, "datetime": {"datetime": "2021-06-20 13:47:28", "elapsed": 611.050118, "delta": 4.070189}}
{"target": -9.161544377468331, "params": {"C": 49.896332312401675, "gamma": 1.348473076471726}, "datetime": {"datetime": "2021-06-20 13:47:32", "elapsed": 614.949119, "delta": 3.899001}}
{"target": -9.162549724834482, "params": {"C": 49.99840441591335, "gamma": 1.3379586008305768}, "datetime": {"datetime": "2021-06-20 13:47:36", "elapsed": 618.881905, "delta": 3.932786}}
{"target": -9.164514767639865, "params": {"C": 49.952101028685995, "gamma": 1.3262229858786054}, "datetime": {"datetime": "2021-06-20 13:47:38", "elapsed": 620.938209, "delta": 2.056304}}
{"target": -9.166486436443808, "params": {"C": 49.820024949517425, "gamma": 1.362760749114033}, "datetime": {"datetime": "2021-06-20 13:47:41", "elapsed": 623.916209, "delta": 2.978}}
{"target": -9.166869874099753, "params": {"C": 49.706339350253295, "gamma": 1.3191550531532426}, "datetime": {"datetime": "2021-06-20 13:47:43", "elapsed": 626.151882, "delta": 2.235673}}
{"target": -9.16364798736143, "params": {"C": 49.81069418117282, "gamma": 1.337549197651268}, "datetime": {"datetime": "2021-06-20 13:47:46", "elapsed": 628.537884, "delta": 2.386002}}
{"target": -9.16152847203559, "params": {"C": 49.99096627776116, "gamma": 1.3545584185466388}, "datetime": {"datetime": "2021-06-20 13:47:49", "elapsed": 631.565632, "delta": 3.027748}}
{"target": -9.669510326659877, "params": {"C": 26.752398909663306, "gamma": 1.998348330365689}, "datetime": {"datetime": "2021-06-20 13:47:54", "elapsed": 636.446777, "delta": 4.881145}}
{"target": -9.163717932299912, "params": {"C": 49.960027317203114, "gamma": 1.3314332074166568}, "datetime": {"datetime": "2021-06-20 13:47:57", "elapsed": 639.672777, "delta": 3.226}}
{"target": -9.163181938678282, "params": {"C": 49.87723570800043, "gamma": 1.3382110960689007}, "datetime": {"datetime": "2021-06-20 13:47:59", "elapsed": 641.73113, "delta": 2.058353}}
{"target": -9.162873134095284, "params": {"C": 49.895219254616855, "gamma": 1.3559006090554628}, "datetime": {"datetime": "2021-06-20 13:48:01", "elapsed": 643.976533, "delta": 2.245403}}
{"target": -9.163835538817203, "params": {"C": 49.90108751535432, "gamma": 1.3328551759954455}, "datetime": {"datetime": "2021-06-20 13:48:03", "elapsed": 645.433953, "delta": 1.45742}}
{"target": -9.245685355947533, "params": {"C": 44.783253308499084, "gamma": 1.4484333154588955}, "datetime": {"datetime": "2021-06-20 13:48:06", "elapsed": 648.848943, "delta": 3.41499}}
{"target": -9.161926451499301, "params": {"C": 49.91604143378069, "gamma": 1.3452062522550772}, "datetime": {"datetime": "2021-06-20 13:48:08", "elapsed": 650.992029, "delta": 2.143086}}
{"target": -9.16500686845681, "params": {"C": 49.67295950837192, "gamma": 1.333480011850017}, "datetime": {"datetime": "2021-06-20 13:48:11", "elapsed": 654.029126, "delta": 3.037097}}
{"target": -9.162149570946045, "params": {"C": 49.803634219398596, "gamma": 1.3478829850009015}, "datetime": {"datetime": "2021-06-20 13:48:14", "elapsed": 657.087829, "delta": 3.058703}}
{"target": -9.163963925334626, "params": {"C": 49.75578238490154, "gamma": 1.3374719471898873}, "datetime": {"datetime": "2021-06-20 13:48:17", "elapsed": 659.810163, "delta": 2.722334}}
{"target": -9.166117667045667, "params": {"C": 49.818004966438366, "gamma": 1.3201376583054731}, "datetime": {"datetime": "2021-06-20 13:48:20", "elapsed": 662.428392, "delta": 2.618229}}
{"target": -9.163387377930198, "params": {"C": 49.87559186830369, "gamma": 1.336877921697545}, "datetime": {"datetime": "2021-06-20 13:48:23", "elapsed": 665.99365, "delta": 3.565258}}
{"target": -9.163296421275607, "params": {"C": 49.69844343347879, "gamma": 1.344141887490184}, "datetime": {"datetime": "2021-06-20 13:48:26", "elapsed": 669.020931, "delta": 3.027281}}
{"target": -9.28000147149243, "params": {"C": 37.0949529116154, "gamma": 1.3061125473398314}, "datetime": {"datetime": "2021-06-20 13:48:30", "elapsed": 672.360304, "delta": 3.339373}}
{"target": -9.160767287451444, "params": {"C": 49.98681924461634, "gamma": 1.3502830684604876}, "datetime": {"datetime": "2021-06-20 13:48:31", "elapsed": 674.22026, "delta": 1.859956}}
{"target": -10.106060757383098, "params": {"C": 15.965074846726083, "gamma": 0.3}, "datetime": {"datetime": "2021-06-20 13:48:33", "elapsed": 676.149962, "delta": 1.929702}}
{"target": -9.16156213726587, "params": {"C": 49.99247748505941, "gamma": 1.354661354437422}, "datetime": {"datetime": "2021-06-20 13:48:36", "elapsed": 678.296967, "delta": 2.147005}}
{"target": -9.165369346423741, "params": {"C": 49.80497369496654, "gamma": 1.325904720731799}, "datetime": {"datetime": "2021-06-20 13:48:38", "elapsed": 680.696307, "delta": 2.39934}}
{"target": -9.164503671308394, "params": {"C": 49.90010635839348, "gamma": 1.3282846445416863}, "datetime": {"datetime": "2021-06-20 13:48:40", "elapsed": 682.867026, "delta": 2.170719}}
{"target": -9.161690230476902, "params": {"C": 49.916956513653254, "gamma": 1.3467449190945722}, "datetime": {"datetime": "2021-06-20 13:48:43", "elapsed": 685.618881, "delta": 2.751855}}
{"target": -9.164109911755169, "params": {"C": 49.94481783516765, "gamma": 1.3293081011917942}, "datetime": {"datetime": "2021-06-20 13:48:45", "elapsed": 688.076689, "delta": 2.457808}}
{"target": -9.163895988777346, "params": {"C": 49.88283213377296, "gamma": 1.3331313436286865}, "datetime": {"datetime": "2021-06-20 13:48:50", "elapsed": 693.194663, "delta": 5.117974}}
{"target": -9.161414822787481, "params": {"C": 49.93296417159521, "gamma": 1.3479822731437914}, "datetime": {"datetime": "2021-06-20 13:48:53", "elapsed": 695.774865, "delta": 2.580202}}
{"target": -9.450981895263846, "params": {"C": 45.49460781096798, "gamma": 1.9945133581283285}, "datetime": {"datetime": "2021-06-20 13:48:56", "elapsed": 698.537712, "delta": 2.762847}}
{"target": -9.162928033607708, "params": {"C": 49.6562893377095, "gamma": 1.3481804026125426}, "datetime": {"datetime": "2021-06-20 13:48:58", "elapsed": 700.975932, "delta": 2.43822}}
{"target": -9.166344963261633, "params": {"C": 49.69320348367018, "gamma": 1.360162263952939}, "datetime": {"datetime": "2021-06-20 13:49:00", "elapsed": 703.126255, "delta": 2.150323}}
{"target": -9.16405566781594, "params": {"C": 49.998283434967234, "gamma": 1.3276516676753307}, "datetime": {"datetime": "2021-06-20 13:49:03", "elapsed": 705.794653, "delta": 2.668398}}
{"target": -9.162731565182893, "params": {"C": 49.73172995533491, "gamma": 1.3466788983841007}, "datetime": {"datetime": "2021-06-20 13:49:06", "elapsed": 708.68099, "delta": 2.886337}}
{"target": -9.162070049256187, "params": {"C": 49.90989362677674, "gamma": 1.3543447971010647}, "datetime": {"datetime": "2021-06-20 13:49:09", "elapsed": 711.48531, "delta": 2.80432}}
{"target": -9.162318826053792, "params": {"C": 49.96391388409916, "gamma": 1.3558668548803634}, "datetime": {"datetime": "2021-06-20 13:49:11", "elapsed": 714.004036, "delta": 2.518726}}
{"target": -9.161515220312811, "params": {"C": 49.847345135878484, "gamma": 1.350469718495913}, "datetime": {"datetime": "2021-06-20 13:49:14", "elapsed": 716.574228, "delta": 2.570192}}
{"target": -9.161938244924507, "params": {"C": 49.83611262955766, "gamma": 1.3527379238401738}, "datetime": {"datetime": "2021-06-20 13:49:16", "elapsed": 718.886764, "delta": 2.312536}}
{"target": -9.429494362223261, "params": {"C": 32.13344773076708, "gamma": 1.0458131501893517}, "datetime": {"datetime": "2021-06-20 13:49:20", "elapsed": 722.41737, "delta": 3.530606}}
{"target": -9.163891702846568, "params": {"C": 49.71055650108813, "gamma": 1.3396702671560548}, "datetime": {"datetime": "2021-06-20 13:49:22", "elapsed": 724.575374, "delta": 2.158004}}
{"target": -9.161260761259065, "params": {"C": 49.981281454020035, "gamma": 1.34722574071381}, "datetime": {"datetime": "2021-06-20 13:49:26", "elapsed": 728.541143, "delta": 3.965769}}
{"target": -9.171747044847155, "params": {"C": 48.21560218558479, "gamma": 1.3440937531308235}, "datetime": {"datetime": "2021-06-20 13:49:28", "elapsed": 731.162443, "delta": 2.6213}}
{"target": -9.92683631294353, "params": {"C": 23.246919307303216, "gamma": 0.3}, "datetime": {"datetime": "2021-06-20 13:49:33", "elapsed": 735.358448, "delta": 4.196005}}
{"target": -9.216169025512567, "params": {"C": 48.25389598012368, "gamma": 1.4502653045671634}, "datetime": {"datetime": "2021-06-20 13:49:35", "elapsed": 737.97613, "delta": 2.617682}}
{"target": -9.70730540795296, "params": {"C": 42.25089453961532, "gamma": 0.31966375561338367}, "datetime": {"datetime": "2021-06-20 13:49:39", "elapsed": 741.473722, "delta": 3.497592}}
{"target": -9.494671024788131, "params": {"C": 30.522064573103535, "gamma": 0.9834679343081735}, "datetime": {"datetime": "2021-06-20 13:49:41", "elapsed": 744.097248, "delta": 2.623526}}
{"target": -9.161756554280455, "params": {"C": 49.963096802378615, "gamma": 1.3445989705198007}, "datetime": {"datetime": "2021-06-20 13:49:44", "elapsed": 746.582888, "delta": 2.48564}}
{"target": -9.551997991868806, "params": {"C": 49.4698308522013, "gamma": 0.6068988299980516}, "datetime": {"datetime": "2021-06-20 13:49:46", "elapsed": 749.112589, "delta": 2.529701}}
{"target": -9.424651694773264, "params": {"C": 34.857862470384916, "gamma": 0.9862955535947642}, "datetime": {"datetime": "2021-06-20 13:49:48", "elapsed": 751.137095, "delta": 2.024506}}
{"target": -9.163862068570088, "params": {"C": 49.77778182688301, "gamma": 1.337334323786529}, "datetime": {"datetime": "2021-06-20 13:49:51", "elapsed": 753.299246, "delta": 2.162151}}
{"target": -9.180559146532376, "params": {"C": 48.12392815453848, "gamma": 1.2950955466142158}, "datetime": {"datetime": "2021-06-20 13:49:53", "elapsed": 756.224318, "delta": 2.925072}}
{"target": -9.163763637542383, "params": {"C": 49.73989005475083, "gamma": 1.3394324324117433}, "datetime": {"datetime": "2021-06-20 13:49:58", "elapsed": 760.61953, "delta": 4.395212}}
{"target": -9.175095605616299, "params": {"C": 48.34663712357532, "gamma": 1.3147142246870376}, "datetime": {"datetime": "2021-06-20 13:50:01", "elapsed": 763.716853, "delta": 3.097323}}
{"target": -9.166274628990388, "params": {"C": 49.969448473945974, "gamma": 1.3649611469890168}, "datetime": {"datetime": "2021-06-20 13:50:04", "elapsed": 766.997509, "delta": 3.280656}}
{"target": -9.16213807296203, "params": {"C": 49.99066656558193, "gamma": 1.3410228067125178}, "datetime": {"datetime": "2021-06-20 13:50:07", "elapsed": 769.73662, "delta": 2.739111}}
{"target": -9.162173240925233, "params": {"C": 49.92075980646663, "gamma": 1.34338243088855}, "datetime": {"datetime": "2021-06-20 13:50:10", "elapsed": 772.654626, "delta": 2.918006}}
{"target": -9.163335987949111, "params": {"C": 49.951161635619016, "gamma": 1.3579452550400644}, "datetime": {"datetime": "2021-06-20 13:50:14", "elapsed": 776.491221, "delta": 3.836595}}
{"target": -9.161034364481784, "params": {"C": 49.97437559601027, "gamma": 1.3531477761533302}, "datetime": {"datetime": "2021-06-20 13:50:17", "elapsed": 779.893367, "delta": 3.402146}}
{"target": -9.162922890009046, "params": {"C": 49.84644964835308, "gamma": 1.34111524436031}, "datetime": {"datetime": "2021-06-20 13:50:21", "elapsed": 783.875291, "delta": 3.981924}}
{"target": -9.164013366563829, "params": {"C": 49.7800865107516, "gamma": 1.3362160457683336}, "datetime": {"datetime": "2021-06-20 13:50:25", "elapsed": 787.77598, "delta": 3.900689}}
{"target": -9.162513287694454, "params": {"C": 49.9090256078664, "gamma": 1.3415371757135173}, "datetime": {"datetime": "2021-06-20 13:50:28", "elapsed": 790.262237, "delta": 2.486257}}
{"target": -9.165047963973127, "params": {"C": 49.99025645725043, "gamma": 1.32102790687126}, "datetime": {"datetime": "2021-06-20 13:50:31", "elapsed": 794.065242, "delta": 3.803005}}
{"target": -9.163712510711424, "params": {"C": 49.91916397426928, "gamma": 1.3330153295668739}, "datetime": {"datetime": "2021-06-20 13:50:34", "elapsed": 797.06396, "delta": 2.998718}}
{"target": -9.163325948780969, "params": {"C": 49.922238943898705, "gamma": 1.3355414625761786}, "datetime": {"datetime": "2021-06-20 13:50:37", "elapsed": 799.945914, "delta": 2.881954}}
{"target": -9.163395001619227, "params": {"C": 49.85539235649611, "gamma": 1.3563731555540697}, "datetime": {"datetime": "2021-06-20 13:50:40", "elapsed": 802.34951, "delta": 2.403596}}
{"target": -9.214844874968756, "params": {"C": 47.23302875171628, "gamma": 1.2156899467732478}, "datetime": {"datetime": "2021-06-20 13:50:42", "elapsed": 805.037821, "delta": 2.688311}}
{"target": -9.192893994812573, "params": {"C": 46.9472144065213, "gamma": 1.286096488079606}, "datetime": {"datetime": "2021-06-20 13:50:46", "elapsed": 808.39569, "delta": 3.357869}}
{"target": -9.983731230916014, "params": {"C": 20.107631974856222, "gamma": 0.3}, "datetime": {"datetime": "2021-06-20 13:50:49", "elapsed": 812.249057, "delta": 3.853367}}
{"target": -9.163366277060604, "params": {"C": 49.71997849558774, "gamma": 1.3428651404988325}, "datetime": {"datetime": "2021-06-20 13:50:54", "elapsed": 816.463261, "delta": 4.214204}}
{"target": -9.178826400232943, "params": {"C": 47.58524171565961, "gamma": 1.3196124730696257}, "datetime": {"datetime": "2021-06-20 13:50:57", "elapsed": 819.284623, "delta": 2.821362}}
{"target": -9.163077000987432, "params": {"C": 49.8444272758111, "gamma": 1.3554582696791584}, "datetime": {"datetime": "2021-06-20 13:50:59", "elapsed": 822.209111, "delta": 2.924488}}
{"target": -9.163032540178694, "params": {"C": 49.94366740426303, "gamma": 1.3367329769242522}, "datetime": {"datetime": "2021-06-20 13:51:02", "elapsed": 825.135312, "delta": 2.926201}}
{"target": -9.16421210039994, "params": {"C": 49.94389942818261, "gamma": 1.3286362771742315}, "datetime": {"datetime": "2021-06-20 13:51:06", "elapsed": 828.470576, "delta": 3.335264}}
{"target": -9.162939785342962, "params": {"C": 49.784820696758764, "gamma": 1.343304992485719}, "datetime": {"datetime": "2021-06-20 13:51:09", "elapsed": 832.109534, "delta": 3.638958}}
{"target": -9.161588830087718, "params": {"C": 49.83815989322368, "gamma": 1.350321932916623}, "datetime": {"datetime": "2021-06-20 13:51:11", "elapsed": 833.850533, "delta": 1.740999}}
{"target": -9.162630853865783, "params": {"C": 49.83936374625311, "gamma": 1.3433430578529657}, "datetime": {"datetime": "2021-06-20 13:51:14", "elapsed": 836.360665, "delta": 2.510132}}
{"target": -9.266046843802881, "params": {"C": 43.55935558689898, "gamma": 1.4697310032570383}, "datetime": {"datetime": "2021-06-20 13:51:16", "elapsed": 838.850489, "delta": 2.489824}}
{"target": -9.163499611889229, "params": {"C": 49.89474890384099, "gamma": 1.335392370031486}, "datetime": {"datetime": "2021-06-20 13:51:18", "elapsed": 841.145914, "delta": 2.295425}}
{"target": -9.16573598669172, "params": {"C": 49.87653187188271, "gamma": 1.3620658077849206}, "datetime": {"datetime": "2021-06-20 13:51:23", "elapsed": 845.396327, "delta": 4.250413}}
{"target": -9.16376509579418, "params": {"C": 49.955461380089794, "gamma": 1.3312816574991952}, "datetime": {"datetime": "2021-06-20 13:51:26", "elapsed": 848.333201, "delta": 2.936874}}
{"target": -9.165353641907613, "params": {"C": 49.81341887871003, "gamma": 1.3256894449534922}, "datetime": {"datetime": "2021-06-20 13:51:30", "elapsed": 852.829914, "delta": 4.496713}}
{"target": -9.162955849778404, "params": {"C": 49.726742915588915, "gamma": 1.3453663116508139}, "datetime": {"datetime": "2021-06-20 13:51:33", "elapsed": 855.889993, "delta": 3.060079}}
{"target": -9.166450793532618, "params": {"C": 49.738869727812286, "gamma": 1.3208587778878804}, "datetime": {"datetime": "2021-06-20 13:51:38", "elapsed": 860.840165, "delta": 4.950172}}
{"target": -9.164837527201302, "params": {"C": 49.86121807910098, "gamma": 1.3274525641388537}, "datetime": {"datetime": "2021-06-20 13:51:42", "elapsed": 864.694915, "delta": 3.85475}}
{"target": -9.165376630363035, "params": {"C": 49.79624870194834, "gamma": 1.3261896087524743}, "datetime": {"datetime": "2021-06-20 13:51:46", "elapsed": 868.852952, "delta": 4.158037}}
{"target": -9.164387679979455, "params": {"C": 49.99717717993857, "gamma": 1.325386899014691}, "datetime": {"datetime": "2021-06-20 13:51:50", "elapsed": 872.788603, "delta": 3.935651}}
{"target": -9.162287678980068, "params": {"C": 49.93324714167971, "gamma": 1.3421514951431668}, "datetime": {"datetime": "2021-06-20 13:51:52", "elapsed": 874.650726, "delta": 1.862123}}
{"target": -9.162537121242341, "params": {"C": 49.90680455608542, "gamma": 1.3414596434430532}, "datetime": {"datetime": "2021-06-20 13:51:55", "elapsed": 877.770022, "delta": 3.119296}}
{"target": -9.219961853567188, "params": {"C": 45.9410083487553, "gamma": 1.4118420214150014}, "datetime": {"datetime": "2021-06-20 13:51:59", "elapsed": 881.957541, "delta": 4.187519}}
{"target": -9.163713022780426, "params": {"C": 49.94543953842718, "gamma": 1.3320185961014923}, "datetime": {"datetime": "2021-06-20 13:52:03", "elapsed": 885.588284, "delta": 3.630743}}
{"target": -9.166262161516595, "params": {"C": 49.51525809444425, "gamma": 1.33086209058655}, "datetime": {"datetime": "2021-06-20 13:52:08", "elapsed": 890.689175, "delta": 5.100891}}
{"target": -9.162197210760462, "params": {"C": 49.867320952364324, "gamma": 1.3452050437469802}, "datetime": {"datetime": "2021-06-20 13:52:11", "elapsed": 893.561912, "delta": 2.872737}}
{"target": -9.160624953710652, "params": {"C": 49.992074988300686, "gamma": 1.3510273660074563}, "datetime": {"datetime": "2021-06-20 13:52:14", "elapsed": 896.601873, "delta": 3.039961}}
{"target": -9.1628055705889, "params": {"C": 49.87407803084326, "gamma": 1.340873311556607}, "datetime": {"datetime": "2021-06-20 13:52:16", "elapsed": 898.909669, "delta": 2.307796}}
{"target": -9.163470341513516, "params": {"C": 49.98135874396017, "gamma": 1.3323273233046669}, "datetime": {"datetime": "2021-06-20 13:52:19", "elapsed": 901.403293, "delta": 2.493624}}
{"target": -9.161944786445932, "params": {"C": 49.80607640835539, "gamma": 1.3491512388374343}, "datetime": {"datetime": "2021-06-20 13:52:21", "elapsed": 904.217253, "delta": 2.81396}}
{"target": -9.164280139729513, "params": {"C": 49.656779014542074, "gamma": 1.3390658430393214}, "datetime": {"datetime": "2021-06-20 13:52:25", "elapsed": 907.854859, "delta": 3.637606}}
{"target": -9.164040777878736, "params": {"C": 49.76549858537604, "gamma": 1.3365808916723103}, "datetime": {"datetime": "2021-06-20 13:52:29", "elapsed": 911.279423, "delta": 3.424564}}
{"target": -9.163241657040604, "params": {"C": 49.936588911977836, "gamma": 1.3355761754018958}, "datetime": {"datetime": "2021-06-20 13:52:32", "elapsed": 914.789654, "delta": 3.510231}}
{"target": -9.166968626743124, "params": {"C": 49.95261636599431, "gamma": 1.3662444946217822}, "datetime": {"datetime": "2021-06-20 13:52:36", "elapsed": 918.491799, "delta": 3.702145}}
