{"target": -9.163283171986043, "params": {"C": 49.68063033030501, "gamma": 1.3448979278964017}, "datetime": {"datetime": "2021-06-20 13:38:47", "elapsed": 89.646112, "delta": 0.923999}}
{"target": -9.33051324474329, "params": {"C": 40.211527830821154, "gamma": 1.0446088368024036}, "datetime": {"datetime": "2021-06-20 13:38:48", "elapsed": 90.606352, "delta": 0.96024}}
{"target": -9.162289542424944, "params": {"C": 49.763240559599105, "gamma": 1.3484501487991745}, "datetime": {"datetime": "2021-06-20 13:38:49", "elapsed": 91.666181, "delta": 1.059829}}
{"target": -9.179097798690362, "params": {"C": 49.74388853326528, "gamma": 1.3904693580896692}, "datetime": {"datetime": "2021-06-20 13:38:50", "elapsed": 92.774179, "delta": 1.107998}}
{"target": -9.549048222195891, "params": {"C": 23.321842323599668, "gamma": 1.143212694496347}, "datetime": {"datetime": "2021-06-20 13:38:51", "elapsed": 94.077182, "delta": 1.303003}}
{"target": -10.175249136502554, "params": {"C": 13.793871580928991, "gamma": 0.30314221734487085}, "datetime": {"datetime": "2021-06-20 13:38:53", "elapsed": 95.285184, "delta": 1.208002}}
{"target": -9.302071443512546, "params": {"C": 39.28520307536874, "gamma": 1.4521841413952317}, "datetime": {"datetime": "2021-06-20 13:38:54", "elapsed": 96.400786, "delta": 1.115602}}
{"target": -9.301710253215514, "params": {"C": 36.675545093404125, "gamma": 1.231936304511295}, "datetime": {"datetime": "2021-06-20 13:38:55", "elapsed": 97.601788, "delta": 1.201002}}
{"target": -9.349303173681228, "params": {"C": 38.52453087378285, "gamma": 1.5465636154575786}, "datetime": {"datetime": "2021-06-20 13:38:56", "elapsed": 98.694785, "delta": 1.092997}}
{"target": -9.278841243736432, "params": {"C": 44.4567258763473, "gamma": 1.0770867710362861}, "datetime": {"datetime": "2021-06-20 13:38:57", "elapsed": 99.687787, "delta": 0.993002}}
{"target": -9.19720207589286, "params": {"C": 48.45684509256167, "gamma": 1.4085520447297915}, "datetime": {"datetime": "2021-06-20 13:38:58", "elapsed": 101.160445, "delta": 1.472658}}
{"target": -9.1827563462965, "params": {"C": 49.325361349053225, "gamma": 1.3912011497148253}, "datetime": {"datetime": "2021-06-20 13:39:00", "elapsed": 102.356441, "delta": 1.195996}}
{"target": -9.240657724207924, "params": {"C": 46.3291087166409, "gamma": 1.4700293936847}, "datetime": {"datetime": "2021-06-20 13:39:01", "elapsed": 103.253441, "delta": 0.897}}
{"target": -9.48529334030555, "params": {"C": 24.232310450803475, "gamma": 1.2401064341082575}, "datetime": {"datetime": "2021-06-20 13:39:02", "elapsed": 104.337441, "delta": 1.084}}
{"target": -9.16640228365619, "params": {"C": 49.65002966280993, "gamma": 1.3246580918609303}, "datetime": {"datetime": "2021-06-20 13:39:03", "elapsed": 105.844441, "delta": 1.507}}
{"target": -9.163609544700183, "params": {"C": 49.569635642461265, "gamma": 1.3468721870724292}, "datetime": {"datetime": "2021-06-20 13:39:04", "elapsed": 107.131038, "delta": 1.286597}}
{"target": -9.63851294532589, "params": {"C": 28.261009270718077, "gamma": 0.8052629959189919}, "datetime": {"datetime": "2021-06-20 13:39:05", "elapsed": 108.153035, "delta": 1.021997}}
{"target": -9.5350583027464, "params": {"C": 29.87029397754964, "gamma": 0.940204241386138}, "datetime": {"datetime": "2021-06-20 13:39:07", "elapsed": 109.539039, "delta": 1.386004}}
{"target": -9.355248611150962, "params": {"C": 38.452817020365984, "gamma": 1.030786305237895}, "datetime": {"datetime": "2021-06-20 13:39:08", "elapsed": 110.640037, "delta": 1.100998}}
{"target": -9.322268005832992, "params": {"C": 37.6145249341519, "gamma": 1.4564037895257624}, "datetime": {"datetime": "2021-06-20 13:39:09", "elapsed": 112.16573, "delta": 1.525693}}
{"target": -9.243597081628861, "params": {"C": 45.77747352814186, "gamma": 1.1578253821589497}, "datetime": {"datetime": "2021-06-20 13:39:11", "elapsed": 113.46373, "delta": 1.298}}
{"target": -9.231134085863214, "params": {"C": 45.17666356654837, "gamma": 1.4221937674012353}, "datetime": {"datetime": "2021-06-20 13:39:12", "elapsed": 115.09573, "delta": 1.632}}
{"target": -9.29683919852682, "params": {"C": 43.19011946836654, "gamma": 1.0585714754296782}, "datetime": {"datetime": "2021-06-20 13:39:14", "elapsed": 116.312372, "delta": 1.216642}}
{"target": -9.269187315888928, "params": {"C": 43.20704533714248, "gamma": 1.4690964829706368}, "datetime": {"datetime": "2021-06-20 13:39:15", "elapsed": 117.918383, "delta": 1.606011}}
{"target": -9.459587297121335, "params": {"C": 27.093004689501996, "gamma": 1.151438653345517}, "datetime": {"datetime": "2021-06-20 13:39:17", "elapsed": 119.283375, "delta": 1.364992}}
{"target": -10.07161673222489, "params": {"C": 17.011612040472112, "gamma": 0.3}, "datetime": {"datetime": "2021-06-20 13:39:18", "elapsed": 120.378373, "delta": 1.094998}}
{"target": -9.16799807701345, "params": {"C": 49.73171534462407, "gamma": 1.3100400668178158}, "datetime": {"datetime": "2021-06-20 13:39:19", "elapsed": 121.509815, "delta": 1.131442}}
{"target": -9.164656850134573, "params": {"C": 49.49262353195082, "gamma": 1.3527543282843744}, "datetime": {"datetime": "2021-06-20 13:39:20", "elapsed": 122.581367, "delta": 1.071552}}
{"target": -9.166902183372407, "params": {"C": 49.50140862068882, "gamma": 1.326932212828009}, "datetime": {"datetime": "2021-06-20 13:39:21", "elapsed": 124.042366, "delta": 1.460999}}
{"target": -9.164184112389993, "params": {"C": 49.55344060473623, "gamma": 1.3436229157386967}, "datetime": {"datetime": "2021-06-20 13:39:23", "elapsed": 125.583367, "delta": 1.541001}}
{"target": -9.163660509226684, "params": {"C": 49.562506108179704, "gamma": 1.3467987014095528}, "datetime": {"datetime": "2021-06-20 13:39:24", "elapsed": 126.72201, "delta": 1.138643}}
{"target": -9.169667785200435, "params": {"C": 49.58391337985908, "gamma": 1.3657554603094493}, "datetime": {"datetime": "2021-06-20 13:39:25", "elapsed": 127.81901, "delta": 1.097}}
{"target": -9.166093573959836, "params": {"C": 49.530155949297146, "gamma": 1.3314566380233157}, "datetime": {"datetime": "2021-06-20 13:39:26", "elapsed": 129.177013, "delta": 1.358003}}
{"target": -9.172113255060292, "params": {"C": 49.550915793968485, "gamma": 1.370748520483623}, "datetime": {"datetime": "2021-06-20 13:39:27", "elapsed": 130.18101, "delta": 1.003997}}
{"target": -9.165112787152447, "params": {"C": 49.817084517426565, "gamma": 1.3272286826106343}, "datetime": {"datetime": "2021-06-20 13:39:29", "elapsed": 131.330624, "delta": 1.149614}}
{"target": -9.199466285490516, "params": {"C": 48.61664392913312, "gamma": 1.231395493675889}, "datetime": {"datetime": "2021-06-20 13:39:30", "elapsed": 132.594621, "delta": 1.263997}}
{"target": -9.166505013326711, "params": {"C": 49.5763926693372, "gamma": 1.3267982946213719}, "datetime": {"datetime": "2021-06-20 13:39:31", "elapsed": 133.822622, "delta": 1.228001}}
{"target": -9.162598563967828, "params": {"C": 49.896144740705545, "gamma": 1.3552957349132095}, "datetime": {"datetime": "2021-06-20 13:39:32", "elapsed": 135.141625, "delta": 1.319003}}
{"target": -9.753727843432277, "params": {"C": 22.503314896506367, "gamma": 1.980799636231755}, "datetime": {"datetime": "2021-06-20 13:39:34", "elapsed": 136.752269, "delta": 1.610644}}
{"target": -9.651574146155498, "params": {"C": 31.427664489123124, "gamma": 0.7018755365782796}, "datetime": {"datetime": "2021-06-20 13:39:36", "elapsed": 138.335267, "delta": 1.582998}}
{"target": -9.438459861038059, "params": {"C": 34.29688905052905, "gamma": 0.9752522807319151}, "datetime": {"datetime": "2021-06-20 13:39:37", "elapsed": 139.375267, "delta": 1.04}}
{"target": -9.519897884422642, "params": {"C": 31.926083548696965, "gamma": 1.786087728392492}, "datetime": {"datetime": "2021-06-20 13:39:38", "elapsed": 140.800263, "delta": 1.424996}}
{"target": -9.281577169275046, "params": {"C": 45.198027346251045, "gamma": 1.0528069265895568}, "datetime": {"datetime": "2021-06-20 13:39:39", "elapsed": 141.836874, "delta": 1.036611}}
{"target": -9.164469566622643, "params": {"C": 49.861730188067845, "gamma": 1.3299837108125843}, "datetime": {"datetime": "2021-06-20 13:39:40", "elapsed": 143.037873, "delta": 1.200999}}
{"target": -9.165861978421809, "params": {"C": 49.82877260777588, "gamma": 1.3614963167570169}, "datetime": {"datetime": "2021-06-20 13:39:42", "elapsed": 144.644874, "delta": 1.607001}}
{"target": -9.162870153209209, "params": {"C": 49.845638067109284, "gamma": 1.3415008381893658}, "datetime": {"datetime": "2021-06-20 13:39:43", "elapsed": 145.874873, "delta": 1.229999}}
{"target": -9.162290080617968, "params": {"C": 49.845297610070375, "gamma": 1.3454023865617635}, "datetime": {"datetime": "2021-06-20 13:39:44", "elapsed": 147.047488, "delta": 1.172615}}
{"target": -9.16516215139432, "params": {"C": 49.846775521355184, "gamma": 1.3257445109601733}, "datetime": {"datetime": "2021-06-20 13:39:46", "elapsed": 148.567491, "delta": 1.520003}}
{"target": -9.16656839627857, "params": {"C": 49.80773414441402, "gamma": 1.3173353802152006}, "datetime": {"datetime": "2021-06-20 13:39:47", "elapsed": 149.759488, "delta": 1.191997}}
{"target": -9.162201139066593, "params": {"C": 49.89631061864519, "gamma": 1.3543999757373362}, "datetime": {"datetime": "2021-06-20 13:39:48", "elapsed": 151.241489, "delta": 1.482001}}
{"target": -9.338616448417733, "params": {"C": 41.04924273371247, "gamma": 1.007235823719892}, "datetime": {"datetime": "2021-06-20 13:39:50", "elapsed": 152.778488, "delta": 1.536999}}
{"target": -9.163420926451698, "params": {"C": 49.91242413555077, "gamma": 1.3352633241617915}, "datetime": {"datetime": "2021-06-20 13:39:51", "elapsed": 154.017489, "delta": 1.239001}}
{"target": -9.682636677434965, "params": {"C": 48.83489511313866, "gamma": 0.3197525952948258}, "datetime": {"datetime": "2021-06-20 13:39:52", "elapsed": 155.113489, "delta": 1.096}}
{"target": -9.227768192353029, "params": {"C": 41.79818614817724, "gamma": 1.3305499133751642}, "datetime": {"datetime": "2021-06-20 13:39:54", "elapsed": 156.354282, "delta": 1.240793}}
{"target": -9.164625993758104, "params": {"C": 49.92611817164154, "gamma": 1.326441655600232}, "datetime": {"datetime": "2021-06-20 13:39:55", "elapsed": 157.914282, "delta": 1.56}}
{"target": -9.610078764583974, "params": {"C": 30.264436227044044, "gamma": 2.0}, "datetime": {"datetime": "2021-06-20 13:39:57", "elapsed": 159.61728, "delta": 1.702998}}
{"target": -9.162774672653507, "params": {"C": 49.89985953582142, "gamma": 1.3401185059816847}, "datetime": {"datetime": "2021-06-20 13:39:58", "elapsed": 161.174021, "delta": 1.556741}}
{"target": -9.16565095815887, "params": {"C": 49.882817110838104, "gamma": 1.3209234411675737}, "datetime": {"datetime": "2021-06-20 13:40:00", "elapsed": 162.403018, "delta": 1.228997}}
{"target": -9.48022652043965, "params": {"C": 35.7760067047978, "gamma": 0.889900351502229}, "datetime": {"datetime": "2021-06-20 13:40:01", "elapsed": 163.792017, "delta": 1.388999}}
{"target": -9.16245598647378, "params": {"C": 49.81020876768566, "gamma": 1.3455982309699372}, "datetime": {"datetime": "2021-06-20 13:40:02", "elapsed": 165.052017, "delta": 1.26}}
{"target": -9.17333461942464, "params": {"C": 49.846763057936116, "gamma": 1.3789642898252976}, "datetime": {"datetime": "2021-06-20 13:40:04", "elapsed": 166.54908, "delta": 1.497063}}
{"target": -9.666966112910094, "params": {"C": 18.539292199342505, "gamma": 1.2358119228249784}, "datetime": {"datetime": "2021-06-20 13:40:06", "elapsed": 168.391083, "delta": 1.842003}}
{"target": -9.641297180867742, "params": {"C": 19.7234056496779, "gamma": 1.1452917531672262}, "datetime": {"datetime": "2021-06-20 13:40:07", "elapsed": 169.662082, "delta": 1.270999}}
{"target": -9.181724118877938, "params": {"C": 47.1488789541351, "gamma": 1.3173305630766534}, "datetime": {"datetime": "2021-06-20 13:40:08", "elapsed": 171.059721, "delta": 1.397639}}
{"target": -9.42326108520003, "params": {"C": 33.37665388490712, "gamma": 1.024271708474705}, "datetime": {"datetime": "2021-06-20 13:40:10", "elapsed": 172.644721, "delta": 1.585}}
{"target": -9.16314108502489, "params": {"C": 49.869972413244476, "gamma": 1.3387603736758356}, "datetime": {"datetime": "2021-06-20 13:40:11", "elapsed": 173.820722, "delta": 1.176001}}
{"target": -9.176038510062957, "params": {"C": 48.93430519105846, "gamma": 1.292076494667997}, "datetime": {"datetime": "2021-06-20 13:40:12", "elapsed": 175.214719, "delta": 1.393997}}
{"target": -9.163460384705049, "params": {"C": 49.87028512395115, "gamma": 1.336580928198515}, "datetime": {"datetime": "2021-06-20 13:40:14", "elapsed": 176.264365, "delta": 1.049646}}
{"target": -9.165247757090535, "params": {"C": 49.85781006224048, "gamma": 1.3247218763660515}, "datetime": {"datetime": "2021-06-20 13:40:15", "elapsed": 177.555362, "delta": 1.290997}}
{"target": -9.16110676457318, "params": {"C": 49.929323048180194, "gamma": 1.3501521766536437}, "datetime": {"datetime": "2021-06-20 13:40:16", "elapsed": 178.883368, "delta": 1.328006}}
{"target": -10.144788428146446, "params": {"C": 11.395797826122054, "gamma": 1.973087654498695}, "datetime": {"datetime": "2021-06-20 13:40:18", "elapsed": 180.388364, "delta": 1.504996}}
{"target": -9.376359636862365, "params": {"C": 39.81855727850937, "gamma": 1.6593617161886882}, "datetime": {"datetime": "2021-06-20 13:40:19", "elapsed": 182.077141, "delta": 1.688777}}
{"target": -9.223828219476662, "params": {"C": 46.23228705071116, "gamma": 1.2110596086831207}, "datetime": {"datetime": "2021-06-20 13:40:21", "elapsed": 183.382247, "delta": 1.305106}}
{"target": -9.778045439128196, "params": {"C": 15.46183324549652, "gamma": 1.1064560078940668}, "datetime": {"datetime": "2021-06-20 13:40:22", "elapsed": 184.600246, "delta": 1.217999}}
{"target": -9.2227328526251, "params": {"C": 46.667022418843494, "gamma": 1.2042996992286596}, "datetime": {"datetime": "2021-06-20 13:40:23", "elapsed": 186.024837, "delta": 1.424591}}
{"target": -10.568512819889259, "params": {"C": 9.0, "gamma": 0.3}, "datetime": {"datetime": "2021-06-20 13:40:25", "elapsed": 187.460836, "delta": 1.435999}}
{"target": -9.707488866344654, "params": {"C": 26.47098227729871, "gamma": 0.675756430346105}, "datetime": {"datetime": "2021-06-20 13:40:26", "elapsed": 188.833838, "delta": 1.373002}}
{"target": -10.29208807366484, "params": {"C": 9.009367208764067, "gamma": 1.8371470832338055}, "datetime": {"datetime": "2021-06-20 13:40:28", "elapsed": 190.458835, "delta": 1.624997}}
{"target": -9.35885089955337, "params": {"C": 36.47204495183906, "gamma": 1.5114783439399995}, "datetime": {"datetime": "2021-06-20 13:40:29", "elapsed": 192.190506, "delta": 1.731671}}
{"target": -9.461355739651333, "params": {"C": 44.27890852802314, "gamma": 2.0}, "datetime": {"datetime": "2021-06-20 13:40:31", "elapsed": 194.013505, "delta": 1.822999}}
{"target": -9.307734995287142, "params": {"C": 40.95798091527686, "gamma": 1.5082804723135619}, "datetime": {"datetime": "2021-06-20 13:40:33", "elapsed": 195.741504, "delta": 1.727999}}
{"target": -9.441548764941286, "params": {"C": 29.359949101629844, "gamma": 1.4507680091414321}, "datetime": {"datetime": "2021-06-20 13:40:35", "elapsed": 197.695217, "delta": 1.953713}}
{"target": -9.194785275474366, "params": {"C": 47.96107731582107, "gamma": 1.258874498341105}, "datetime": {"datetime": "2021-06-20 13:40:37", "elapsed": 199.753216, "delta": 2.057999}}
{"target": -9.163439925206857, "params": {"C": 49.91199035763845, "gamma": 1.3351500608281783}, "datetime": {"datetime": "2021-06-20 13:40:38", "elapsed": 201.094824, "delta": 1.341608}}
{"target": -9.167493603096126, "params": {"C": 49.84042115434013, "gamma": 1.309389992337459}, "datetime": {"datetime": "2021-06-20 13:40:40", "elapsed": 202.651827, "delta": 1.557003}}
{"target": -9.162206852389982, "params": {"C": 49.832433807116914, "gamma": 1.3464346136247736}, "datetime": {"datetime": "2021-06-20 13:40:41", "elapsed": 204.099825, "delta": 1.447998}}
{"target": -9.166064425048663, "params": {"C": 49.95489812163, "gamma": 1.315188103372811}, "datetime": {"datetime": "2021-06-20 13:40:43", "elapsed": 205.268827, "delta": 1.169002}}
{"target": -9.161938563727357, "params": {"C": 49.84159034807408, "gamma": 1.352835816146304}, "datetime": {"datetime": "2021-06-20 13:40:44", "elapsed": 206.721487, "delta": 1.45266}}
{"target": -9.161989975140743, "params": {"C": 49.97200253085463, "gamma": 1.342709000723923}, "datetime": {"datetime": "2021-06-20 13:40:46", "elapsed": 208.32649, "delta": 1.605003}}
{"target": -9.697798214934771, "params": {"C": 46.81971953280955, "gamma": 0.31088184440548405}, "datetime": {"datetime": "2021-06-20 13:40:48", "elapsed": 210.568487, "delta": 2.241997}}
{"target": -9.171506254695572, "params": {"C": 49.99267231387765, "gamma": 1.2845387353315942}, "datetime": {"datetime": "2021-06-20 13:40:49", "elapsed": 212.061781, "delta": 1.493294}}
{"target": -9.165500096633128, "params": {"C": 49.92597373471481, "gamma": 1.3203194105142966}, "datetime": {"datetime": "2021-06-20 13:40:51", "elapsed": 213.722783, "delta": 1.661002}}
{"target": -9.162303080772901, "params": {"C": 49.940029814039775, "gamma": 1.3554069447968757}, "datetime": {"datetime": "2021-06-20 13:40:53", "elapsed": 215.416782, "delta": 1.693999}}
{"target": -9.613504841800053, "params": {"C": 21.200718156197382, "gamma": 1.1217210892575762}, "datetime": {"datetime": "2021-06-20 13:40:54", "elapsed": 216.830401, "delta": 1.413619}}
{"target": -9.16481654205228, "params": {"C": 49.462253589225206, "gamma": 1.3428039772339107}, "datetime": {"datetime": "2021-06-20 13:40:56", "elapsed": 218.565094, "delta": 1.734693}}
{"target": -9.162383465184554, "params": {"C": 49.93287604023218, "gamma": 1.341521945013103}, "datetime": {"datetime": "2021-06-20 13:40:58", "elapsed": 220.261095, "delta": 1.696001}}
{"target": -9.165004799283947, "params": {"C": 49.88498693793597, "gamma": 1.360553746806371}, "datetime": {"datetime": "2021-06-20 13:40:59", "elapsed": 221.721517, "delta": 1.460422}}
{"target": -9.165039002540974, "params": {"C": 49.463424236336024, "gamma": 1.3412514929109163}, "datetime": {"datetime": "2021-06-20 13:41:00", "elapsed": 223.046515, "delta": 1.324998}}
{"target": -9.16353277910908, "params": {"C": 49.873460558599014, "gamma": 1.3359683118123626}, "datetime": {"datetime": "2021-06-20 13:41:02", "elapsed": 224.478514, "delta": 1.431999}}
{"target": -9.162570530534044, "params": {"C": 49.79935665512686, "gamma": 1.3452366619122975}, "datetime": {"datetime": "2021-06-20 13:41:03", "elapsed": 225.921514, "delta": 1.443}}
{"target": -9.164200553965681, "params": {"C": 49.812878684015836, "gamma": 1.3336931371724101}, "datetime": {"datetime": "2021-06-20 13:41:05", "elapsed": 227.72428, "delta": 1.802766}}
{"target": -9.305413056324632, "params": {"C": 41.898324324998526, "gamma": 1.5268365662410377}, "datetime": {"datetime": "2021-06-20 13:41:07", "elapsed": 229.377279, "delta": 1.652999}}
{"target": -9.548518840689493, "params": {"C": 22.59708628956895, "gamma": 1.1772774167639046}, "datetime": {"datetime": "2021-06-20 13:41:08", "elapsed": 230.868274, "delta": 1.490995}}
{"target": -9.42351690472441, "params": {"C": 49.32952815725088, "gamma": 1.9866730033643407}, "datetime": {"datetime": "2021-06-20 13:41:10", "elapsed": 233.041152, "delta": 2.172878}}
{"target": -9.161611079301728, "params": {"C": 49.914316422569655, "gamma": 1.3473679695636143}, "datetime": {"datetime": "2021-06-20 13:41:12", "elapsed": 234.524152, "delta": 1.483}}
{"target": -10.033414772996611, "params": {"C": 13.530670224132633, "gamma": 2.0}, "datetime": {"datetime": "2021-06-20 13:41:14", "elapsed": 236.499911, "delta": 1.975759}}
{"target": -9.165725280930216, "params": {"C": 49.6799041433057, "gamma": 1.3282392151904834}, "datetime": {"datetime": "2021-06-20 13:41:16", "elapsed": 238.70791, "delta": 2.207999}}
{"target": -9.163973297088413, "params": {"C": 49.85766672773224, "gamma": 1.33355394861749}, "datetime": {"datetime": "2021-06-20 13:41:17", "elapsed": 240.150912, "delta": 1.443002}}
{"target": -9.163713123617299, "params": {"C": 49.73369690124255, "gamma": 1.3400080400384287}, "datetime": {"datetime": "2021-06-20 13:41:19", "elapsed": 242.114347, "delta": 1.963435}}
{"target": -9.161818897772735, "params": {"C": 49.877795319548255, "gamma": 1.3473362428663807}, "datetime": {"datetime": "2021-06-20 13:41:21", "elapsed": 243.964002, "delta": 1.849655}}
{"target": -9.167486480271476, "params": {"C": 49.8806204344955, "gamma": 1.3661322338563844}, "datetime": {"datetime": "2021-06-20 13:41:24", "elapsed": 246.491001, "delta": 2.526999}}
{"target": -9.164058674502582, "params": {"C": 49.739797436990806, "gamma": 1.3374310793048876}, "datetime": {"datetime": "2021-06-20 13:41:25", "elapsed": 247.688, "delta": 1.196999}}
{"target": -9.162700620189575, "params": {"C": 49.82505348281885, "gamma": 1.3434085014631545}, "datetime": {"datetime": "2021-06-20 13:41:27", "elapsed": 249.357002, "delta": 1.669002}}
{"target": -9.163479824040238, "params": {"C": 49.91675512331794, "gamma": 1.3576585018163048}, "datetime": {"datetime": "2021-06-20 13:41:28", "elapsed": 250.990725, "delta": 1.633723}}
{"target": -9.166021298195197, "params": {"C": 49.80967693215064, "gamma": 1.3211427476457362}, "datetime": {"datetime": "2021-06-20 13:41:30", "elapsed": 252.792722, "delta": 1.801997}}
{"target": -9.160999520406694, "params": {"C": 49.96383014911634, "gamma": 1.3495941806880465}, "datetime": {"datetime": "2021-06-20 13:41:32", "elapsed": 254.425724, "delta": 1.633002}}
{"target": -9.901131673844384, "params": {"C": 11.713497823544598, "gamma": 0.9699845135764973}, "datetime": {"datetime": "2021-06-20 13:41:33", "elapsed": 256.092656, "delta": 1.666932}}
{"target": -9.462745450370651, "params": {"C": 34.49179727406065, "gamma": 1.7221410553304295}, "datetime": {"datetime": "2021-06-20 13:41:35", "elapsed": 257.792654, "delta": 1.699998}}
