{"target": -9.058766564346776, "params": {"C": 93.33671596400129, "gamma": 1.3443737932329909}, "datetime": {"datetime": "2021-06-20 14:52:00", "elapsed": 705.110544, "delta": 2.47328}}
{"target": -9.059175787736052, "params": {"C": 89.2665864171536, "gamma": 1.3712046896152612}, "datetime": {"datetime": "2021-06-20 14:52:04", "elapsed": 708.930222, "delta": 3.819678}}
{"target": -9.057474805655882, "params": {"C": 91.950488773455, "gamma": 1.325962486056095}, "datetime": {"datetime": "2021-06-20 14:52:07", "elapsed": 712.326225, "delta": 3.396003}}
{"target": -9.058817174125982, "params": {"C": 91.9914582204949, "gamma": 1.351585992413067}, "datetime": {"datetime": "2021-06-20 14:52:11", "elapsed": 715.898842, "delta": 3.572617}}
{"target": -9.061209105980904, "params": {"C": 92.57650620587526, "gamma": 1.392917783493387}, "datetime": {"datetime": "2021-06-20 14:52:14", "elapsed": 719.79945, "delta": 3.900608}}
{"target": -9.057897057063586, "params": {"C": 88.90958421342424, "gamma": 1.3467007883050253}, "datetime": {"datetime": "2021-06-20 14:52:18", "elapsed": 723.763745, "delta": 3.964295}}
{"target": -9.057779491636584, "params": {"C": 89.98893786497933, "gamma": 1.341120383376628}, "datetime": {"datetime": "2021-06-20 14:52:21", "elapsed": 726.782747, "delta": 3.019002}}
{"target": -9.057912938054407, "params": {"C": 90.05825706398238, "gamma": 1.3430049108074962}, "datetime": {"datetime": "2021-06-20 14:52:28", "elapsed": 732.875365, "delta": 6.092618}}
{"target": -9.05783434079952, "params": {"C": 89.99372941725402, "gamma": 1.330553354187755}, "datetime": {"datetime": "2021-06-20 14:52:31", "elapsed": 736.603627, "delta": 3.728262}}
{"target": -9.058003548172598, "params": {"C": 91.86778574872315, "gamma": 1.3375522941452167}, "datetime": {"datetime": "2021-06-20 14:52:35", "elapsed": 740.381466, "delta": 3.777839}}
{"target": -9.05743177496024, "params": {"C": 91.92441860664135, "gamma": 1.3287256168056893}, "datetime": {"datetime": "2021-06-20 14:52:41", "elapsed": 746.032159, "delta": 5.650693}}
{"target": -9.057872777773046, "params": {"C": 89.88404645429829, "gamma": 1.3298384184400254}, "datetime": {"datetime": "2021-06-20 14:52:45", "elapsed": 750.046785, "delta": 4.014626}}
{"target": -9.05751858615167, "params": {"C": 91.47411401410889, "gamma": 1.3290583570986507}, "datetime": {"datetime": "2021-06-20 14:52:47", "elapsed": 752.801788, "delta": 2.755003}}
{"target": -9.058002062256016, "params": {"C": 91.50969156595743, "gamma": 1.3389613572494388}, "datetime": {"datetime": "2021-06-20 14:52:50", "elapsed": 755.058413, "delta": 2.256625}}
{"target": -9.059136578995846, "params": {"C": 87.87931312822099, "gamma": 1.3749846138105088}, "datetime": {"datetime": "2021-06-20 14:52:53", "elapsed": 758.832021, "delta": 3.773608}}
{"target": -9.058400283958216, "params": {"C": 91.91672361005391, "gamma": 1.3440271580334717}, "datetime": {"datetime": "2021-06-20 14:52:57", "elapsed": 762.868842, "delta": 4.036821}}
{"target": -9.061006042725074, "params": {"C": 94.04906079320952, "gamma": 1.3056573130946547}, "datetime": {"datetime": "2021-06-20 14:53:04", "elapsed": 769.078714, "delta": 6.209872}}
{"target": -9.057488471671842, "params": {"C": 91.4514568455487, "gamma": 1.3308309783368892}, "datetime": {"datetime": "2021-06-20 14:53:08", "elapsed": 773.207712, "delta": 4.128998}}
{"target": -9.058572157311037, "params": {"C": 86.72800861644619, "gamma": 1.3592826023686548}, "datetime": {"datetime": "2021-06-20 14:53:14", "elapsed": 779.393219, "delta": 6.185507}}
{"target": -9.05929344515187, "params": {"C": 90.93532707386117, "gamma": 1.3673038141572644}, "datetime": {"datetime": "2021-06-20 14:53:18", "elapsed": 783.740869, "delta": 4.34765}}
{"target": -9.057922502208969, "params": {"C": 89.9143134931341, "gamma": 1.3257544797134562}, "datetime": {"datetime": "2021-06-20 14:53:24", "elapsed": 788.918475, "delta": 5.177606}}
{"target": -9.057815224512822, "params": {"C": 89.74430053550628, "gamma": 1.3350312348913782}, "datetime": {"datetime": "2021-06-20 14:53:30", "elapsed": 795.225125, "delta": 6.30665}}
{"target": -9.059237574046936, "params": {"C": 85.49150642195625, "gamma": 1.3681714359536727}, "datetime": {"datetime": "2021-06-20 14:53:35", "elapsed": 800.691816, "delta": 5.466691}}
{"target": -9.058138141526847, "params": {"C": 91.37560923925466, "gamma": 1.3417298137693618}, "datetime": {"datetime": "2021-06-20 14:53:40", "elapsed": 805.439451, "delta": 4.747635}}
{"target": -9.058418224538288, "params": {"C": 90.00891002227945, "gamma": 1.3519483301901922}, "datetime": {"datetime": "2021-06-20 14:53:46", "elapsed": 811.492047, "delta": 6.052596}}
{"target": -9.057783208202913, "params": {"C": 91.38243513994587, "gamma": 1.3360113724880294}, "datetime": {"datetime": "2021-06-20 14:53:50", "elapsed": 814.918714, "delta": 3.426667}}
{"target": -9.058995413457353, "params": {"C": 88.91621472764831, "gamma": 1.3680065462601407}, "datetime": {"datetime": "2021-06-20 14:53:54", "elapsed": 819.004316, "delta": 4.085602}}
{"target": -9.058699904034437, "params": {"C": 87.21617053037654, "gamma": 1.3641538401917264}, "datetime": {"datetime": "2021-06-20 14:53:59", "elapsed": 824.155116, "delta": 5.1508}}
{"target": -9.057945784819161, "params": {"C": 89.89501387939646, "gamma": 1.324103096677202}, "datetime": {"datetime": "2021-06-20 14:54:02", "elapsed": 827.618147, "delta": 3.463031}}
{"target": -9.059181388199871, "params": {"C": 85.8496909574068, "gamma": 1.3687797394294987}, "datetime": {"datetime": "2021-06-20 14:54:09", "elapsed": 834.10357, "delta": 6.485423}}
{"target": -9.058744326845863, "params": {"C": 92.34614962066436, "gamma": 1.3485422595739012}, "datetime": {"datetime": "2021-06-20 14:54:14", "elapsed": 838.951168, "delta": 4.847598}}
{"target": -9.057941057823326, "params": {"C": 88.50238177368554, "gamma": 1.3449437256433197}, "datetime": {"datetime": "2021-06-20 14:54:19", "elapsed": 843.916765, "delta": 4.965597}}
{"target": -9.05820032018492, "params": {"C": 93.95346894281445, "gamma": 1.331750365648386}, "datetime": {"datetime": "2021-06-20 14:54:23", "elapsed": 848.470765, "delta": 4.554}}
{"target": -9.058368494062506, "params": {"C": 91.40360209829612, "gamma": 1.3455918759014271}, "datetime": {"datetime": "2021-06-20 14:54:27", "elapsed": 852.608367, "delta": 4.137602}}
{"target": -9.058387071433174, "params": {"C": 91.91685158879551, "gamma": 1.3437928067948255}, "datetime": {"datetime": "2021-06-20 14:54:31", "elapsed": 856.01099, "delta": 3.402623}}
{"target": -9.058384578736492, "params": {"C": 88.4325854704241, "gamma": 1.3567988872596255}, "datetime": {"datetime": "2021-06-20 14:54:35", "elapsed": 860.789608, "delta": 4.778618}}
{"target": -9.059202903696892, "params": {"C": 86.36810423200119, "gamma": 1.344417629204593}, "datetime": {"datetime": "2021-06-20 14:54:42", "elapsed": 867.754313, "delta": 6.964705}}
{"target": -9.05810769482527, "params": {"C": 88.489444761785, "gamma": 1.3516157749390951}, "datetime": {"datetime": "2021-06-20 14:54:48", "elapsed": 873.392246, "delta": 5.637933}}
{"target": -9.071145463976107, "params": {"C": 77.69677414670153, "gamma": 1.4505671953497337}, "datetime": {"datetime": "2021-06-20 14:54:54", "elapsed": 879.533528, "delta": 6.141282}}
{"target": -9.057907161611983, "params": {"C": 89.8127960743972, "gamma": 1.3437852221594984}, "datetime": {"datetime": "2021-06-20 14:55:00", "elapsed": 885.373848, "delta": 5.84032}}
{"target": -9.058214972591784, "params": {"C": 89.87164130061004, "gamma": 1.3487750706717483}, "datetime": {"datetime": "2021-06-20 14:55:05", "elapsed": 890.298905, "delta": 4.925057}}
{"target": -9.057766674839897, "params": {"C": 89.96962188361809, "gamma": 1.3345558723595787}, "datetime": {"datetime": "2021-06-20 14:55:11", "elapsed": 895.94583, "delta": 5.646925}}
{"target": -9.059005296890795, "params": {"C": 92.26663696019067, "gamma": 1.3542541102842571}, "datetime": {"datetime": "2021-06-20 14:55:15", "elapsed": 900.866478, "delta": 4.920648}}
{"target": -9.057562615664397, "params": {"C": 91.46113057424502, "gamma": 1.3267662459369343}, "datetime": {"datetime": "2021-06-20 14:55:20", "elapsed": 905.249143, "delta": 4.382665}}
{"target": -9.058156593413374, "params": {"C": 89.81221105943928, "gamma": 1.3479705030380964}, "datetime": {"datetime": "2021-06-20 14:55:25", "elapsed": 910.666725, "delta": 5.417582}}
{"target": -9.059405985621806, "params": {"C": 85.09887765270034, "gamma": 1.3652778204763905}, "datetime": {"datetime": "2021-06-20 14:55:34", "elapsed": 919.552101, "delta": 8.885376}}
{"target": -9.05972075449589, "params": {"C": 84.87085071015562, "gamma": 1.361717261771488}, "datetime": {"datetime": "2021-06-20 14:55:41", "elapsed": 926.392777, "delta": 6.840676}}
{"target": -9.06051634761334, "params": {"C": 84.95649047213358, "gamma": 1.4096702931526048}, "datetime": {"datetime": "2021-06-20 14:55:49", "elapsed": 933.953472, "delta": 7.560695}}
{"target": -9.05981431731183, "params": {"C": 85.04685406773848, "gamma": 1.3553290262420392}, "datetime": {"datetime": "2021-06-20 14:55:53", "elapsed": 938.487476, "delta": 4.534004}}
{"target": -9.059535780987751, "params": {"C": 84.91787456065207, "gamma": 1.3719333640597817}, "datetime": {"datetime": "2021-06-20 14:55:57", "elapsed": 942.299989, "delta": 3.812513}}
{"target": -9.060011703351309, "params": {"C": 85.19066362586231, "gamma": 1.387702506334905}, "datetime": {"datetime": "2021-06-20 14:56:02", "elapsed": 947.306755, "delta": 5.006766}}
{"target": -9.05973352530688, "params": {"C": 84.95005186489342, "gamma": 1.3597482579781661}, "datetime": {"datetime": "2021-06-20 14:56:05", "elapsed": 950.448076, "delta": 3.141321}}
{"target": -9.058758294454186, "params": {"C": 87.98502589549346, "gamma": 1.3657369067573784}, "datetime": {"datetime": "2021-06-20 14:56:10", "elapsed": 955.751687, "delta": 5.303611}}
{"target": -9.058013445954616, "params": {"C": 91.8500865569649, "gamma": 1.3377825215992094}, "datetime": {"datetime": "2021-06-20 14:56:16", "elapsed": 960.897687, "delta": 5.146}}
{"target": -9.058799624693139, "params": {"C": 87.76213094677291, "gamma": 1.367322880346037}, "datetime": {"datetime": "2021-06-20 14:56:20", "elapsed": 965.7433, "delta": 4.845613}}
{"target": -9.059030652452954, "params": {"C": 88.56514690967299, "gamma": 1.3700773744407488}, "datetime": {"datetime": "2021-06-20 14:56:24", "elapsed": 968.968987, "delta": 3.225687}}
{"target": -9.057572282920924, "params": {"C": 91.44515009010544, "gamma": 1.3263915063503484}, "datetime": {"datetime": "2021-06-20 14:56:27", "elapsed": 972.777988, "delta": 3.809001}}
{"target": -9.058994755353842, "params": {"C": 90.3781515394476, "gamma": 1.3623746498359441}, "datetime": {"datetime": "2021-06-20 14:56:32", "elapsed": 977.17761, "delta": 4.399622}}
{"target": -9.057918082484834, "params": {"C": 91.5100167892003, "gamma": 1.3376183375737374}, "datetime": {"datetime": "2021-06-20 14:56:36", "elapsed": 981.719255, "delta": 4.541645}}
{"target": -9.058510395620807, "params": {"C": 89.09700025633137, "gamma": 1.3569857033484265}, "datetime": {"datetime": "2021-06-20 14:56:40", "elapsed": 985.799274, "delta": 4.080019}}
{"target": -9.057485792691605, "params": {"C": 91.46840446897401, "gamma": 1.3307779162583289}, "datetime": {"datetime": "2021-06-20 14:56:46", "elapsed": 991.157467, "delta": 5.358193}}
{"target": -9.058590383381196, "params": {"C": 91.16642820202158, "gamma": 1.3506634694320332}, "datetime": {"datetime": "2021-06-20 14:56:50", "elapsed": 995.206044, "delta": 4.048577}}
{"target": -9.058563991300396, "params": {"C": 91.41660222767901, "gamma": 1.3491224041321297}, "datetime": {"datetime": "2021-06-20 14:56:56", "elapsed": 1001.149357, "delta": 5.943313}}
{"target": -9.064370560913506, "params": {"C": 79.88894235087346, "gamma": 1.3462073046666063}, "datetime": {"datetime": "2021-06-20 14:56:59", "elapsed": 1004.487988, "delta": 3.338631}}
{"target": -9.05831105588365, "params": {"C": 89.7083078736191, "gamma": 1.3510801675198247}, "datetime": {"datetime": "2021-06-20 14:57:07", "elapsed": 1012.466353, "delta": 7.978365}}
{"target": -9.057904433792434, "params": {"C": 90.02443480897816, "gamma": 1.342988417760465}, "datetime": {"datetime": "2021-06-20 14:57:11", "elapsed": 1016.131778, "delta": 3.665425}}
{"target": -9.058443950889572, "params": {"C": 91.4853769627718, "gamma": 1.3466130172983575}, "datetime": {"datetime": "2021-06-20 14:57:15", "elapsed": 1020.258397, "delta": 4.126619}}
{"target": -9.060721376818481, "params": {"C": 82.69618879684576, "gamma": 1.386044236939433}, "datetime": {"datetime": "2021-06-20 14:57:19", "elapsed": 1024.1274, "delta": 3.869003}}
{"target": -9.059105942040603, "params": {"C": 92.37291369303527, "gamma": 1.3559622439160517}, "datetime": {"datetime": "2021-06-20 14:57:27", "elapsed": 1032.423633, "delta": 8.296233}}
{"target": -9.058511325894422, "params": {"C": 93.29793076411525, "gamma": 1.3399089185007567}, "datetime": {"datetime": "2021-06-20 14:57:37", "elapsed": 1042.148573, "delta": 9.72494}}
{"target": -9.062295683124667, "params": {"C": 80.10669977588628, "gamma": 1.4051299023136032}, "datetime": {"datetime": "2021-06-20 14:57:41", "elapsed": 1046.111168, "delta": 3.962595}}
{"target": -9.058779827067392, "params": {"C": 86.80966988126167, "gamma": 1.3641676479099039}, "datetime": {"datetime": "2021-06-20 14:57:45", "elapsed": 1050.431792, "delta": 4.320624}}
{"target": -9.057784813999625, "params": {"C": 89.76518597098129, "gamma": 1.336243667864674}, "datetime": {"datetime": "2021-06-20 14:57:52", "elapsed": 1057.600415, "delta": 7.168623}}
{"target": -9.0592134586693, "params": {"C": 87.12526577361119, "gamma": 1.3774077755938803}, "datetime": {"datetime": "2021-06-20 14:57:58", "elapsed": 1063.850707, "delta": 6.250292}}
{"target": -9.05790217149157, "params": {"C": 89.8053676231169, "gamma": 1.3291770503524534}, "datetime": {"datetime": "2021-06-20 14:58:04", "elapsed": 1069.477266, "delta": 5.626559}}
{"target": -9.057885737881078, "params": {"C": 89.97757629730484, "gamma": 1.3274370952874472}, "datetime": {"datetime": "2021-06-20 14:58:09", "elapsed": 1074.605425, "delta": 5.128159}}
{"target": -9.057871230417977, "params": {"C": 89.9743556851362, "gamma": 1.3285052060416782}, "datetime": {"datetime": "2021-06-20 14:58:15", "elapsed": 1080.769784, "delta": 6.164359}}
{"target": -9.058023561658535, "params": {"C": 89.19797846097717, "gamma": 1.347840159525034}, "datetime": {"datetime": "2021-06-20 14:58:21", "elapsed": 1086.045471, "delta": 5.275687}}
{"target": -9.057826374209123, "params": {"C": 90.00055140617548, "gamma": 1.3309271897789232}, "datetime": {"datetime": "2021-06-20 14:58:26", "elapsed": 1091.777118, "delta": 5.731647}}
{"target": -9.058132585985845, "params": {"C": 93.94262619345766, "gamma": 1.3307343455331895}, "datetime": {"datetime": "2021-06-20 14:58:32", "elapsed": 1097.604717, "delta": 5.827599}}
{"target": -9.0583950218507, "params": {"C": 93.96145665140185, "gamma": 1.3348713628216533}, "datetime": {"datetime": "2021-06-20 14:58:39", "elapsed": 1104.476966, "delta": 6.872249}}
{"target": -9.057670959552874, "params": {"C": 90.038083882862, "gamma": 1.338126349939191}, "datetime": {"datetime": "2021-06-20 14:58:43", "elapsed": 1108.841586, "delta": 4.36462}}
{"target": -9.058162802696012, "params": {"C": 91.22599901384031, "gamma": 1.3427381823087314}, "datetime": {"datetime": "2021-06-20 14:58:51", "elapsed": 1116.586209, "delta": 7.744623}}
{"target": -9.058182403369202, "params": {"C": 93.4004057615382, "gamma": 1.3339365434010415}, "datetime": {"datetime": "2021-06-20 14:58:56", "elapsed": 1121.413848, "delta": 4.827639}}
{"target": -9.05830419396677, "params": {"C": 91.31502736283241, "gamma": 1.3448154228595819}, "datetime": {"datetime": "2021-06-20 14:59:04", "elapsed": 1128.983179, "delta": 7.569331}}
{"target": -9.057820031209248, "params": {"C": 91.45463709779258, "gamma": 1.3362999968584426}, "datetime": {"datetime": "2021-06-20 14:59:11", "elapsed": 1136.030511, "delta": 7.047332}}
{"target": -9.05861824789433, "params": {"C": 89.22377366962142, "gamma": 1.3586794040877241}, "datetime": {"datetime": "2021-06-20 14:59:18", "elapsed": 1143.010325, "delta": 6.979814}}
{"target": -9.057741352483719, "params": {"C": 89.90858195323568, "gamma": 1.3408060899466256}, "datetime": {"datetime": "2021-06-20 14:59:22", "elapsed": 1147.765063, "delta": 4.754738}}
{"target": -9.05791217114854, "params": {"C": 89.83311518041043, "gamma": 1.3280203593368738}, "datetime": {"datetime": "2021-06-20 14:59:29", "elapsed": 1153.99777, "delta": 6.232707}}
{"target": -9.057902402171743, "params": {"C": 89.75140458890651, "gamma": 1.3300313179768148}, "datetime": {"datetime": "2021-06-20 14:59:35", "elapsed": 1160.479469, "delta": 6.481699}}
{"target": -9.058061482623689, "params": {"C": 91.86062864354363, "gamma": 1.3385155215795626}, "datetime": {"datetime": "2021-06-20 14:59:41", "elapsed": 1166.40662, "delta": 5.927151}}
{"target": -9.058273623993204, "params": {"C": 91.44718677563677, "gamma": 1.3437488114750085}, "datetime": {"datetime": "2021-06-20 14:59:49", "elapsed": 1174.786563, "delta": 8.379943}}
{"target": -9.058083002841249, "params": {"C": 89.96401734366614, "gamma": 1.346163195602617}, "datetime": {"datetime": "2021-06-20 14:59:57", "elapsed": 1182.155709, "delta": 7.369146}}
{"target": -9.059111521733639, "params": {"C": 87.27074507918802, "gamma": 1.3752654345856177}, "datetime": {"datetime": "2021-06-20 15:00:04", "elapsed": 1189.748865, "delta": 7.593156}}
{"target": -9.058757131765734, "params": {"C": 89.83525857330679, "gamma": 1.3170246089366642}, "datetime": {"datetime": "2021-06-20 15:00:12", "elapsed": 1197.562495, "delta": 7.81363}}
{"target": -9.05751306352704, "params": {"C": 91.49281870081134, "gamma": 1.329134174815007}, "datetime": {"datetime": "2021-06-20 15:00:19", "elapsed": 1203.966877, "delta": 6.404382}}
{"target": -9.058871286642969, "params": {"C": 91.90716788156988, "gamma": 1.3530733547526865}, "datetime": {"datetime": "2021-06-20 15:00:27", "elapsed": 1212.526494, "delta": 8.559617}}
{"target": -9.057491053538058, "params": {"C": 91.51355968493588, "gamma": 1.3311527120925943}, "datetime": {"datetime": "2021-06-20 15:00:36", "elapsed": 1221.09674, "delta": 8.570246}}
{"target": -9.059402431294995, "params": {"C": 88.46428187689708, "gamma": 1.3805616780851389}, "datetime": {"datetime": "2021-06-20 15:00:45", "elapsed": 1230.745231, "delta": 9.648491}}
{"target": -9.058422506817449, "params": {"C": 89.03285369068007, "gamma": 1.3555194026252875}, "datetime": {"datetime": "2021-06-20 15:00:51", "elapsed": 1236.198908, "delta": 5.453677}}
{"target": -9.058393511794083, "params": {"C": 93.33046645026577, "gamma": 1.3377298570200458}, "datetime": {"datetime": "2021-06-20 15:00:58", "elapsed": 1242.915579, "delta": 6.716671}}
{"target": -9.058043233932839, "params": {"C": 91.33553901262118, "gamma": 1.3403181323607536}, "datetime": {"datetime": "2021-06-20 15:01:03", "elapsed": 1248.075245, "delta": 5.159666}}
{"target": -9.057581237805287, "params": {"C": 91.50510251903027, "gamma": 1.3250493005025974}, "datetime": {"datetime": "2021-06-20 15:01:09", "elapsed": 1254.773019, "delta": 6.697774}}
{"target": -9.058258460961124, "params": {"C": 91.24638447608339, "gamma": 1.3442940430934542}, "datetime": {"datetime": "2021-06-20 15:01:16", "elapsed": 1261.516355, "delta": 6.743336}}
{"target": -9.057653311207464, "params": {"C": 90.06214056033913, "gamma": 1.3386023720013571}, "datetime": {"datetime": "2021-06-20 15:01:21", "elapsed": 1265.91298, "delta": 4.396625}}
{"target": -9.05775370546892, "params": {"C": 90.05595114856527, "gamma": 1.3404779881554318}, "datetime": {"datetime": "2021-06-20 15:01:27", "elapsed": 1272.720689, "delta": 6.807709}}
{"target": -9.058173454991877, "params": {"C": 91.45547936253693, "gamma": 1.3420038138066943}, "datetime": {"datetime": "2021-06-20 15:01:35", "elapsed": 1280.570074, "delta": 7.849385}}
{"target": -9.059015396253118, "params": {"C": 90.84926372151065, "gamma": 1.3608669282975472}, "datetime": {"datetime": "2021-06-20 15:01:45", "elapsed": 1290.084347, "delta": 9.514273}}
{"target": -9.063634270759376, "params": {"C": 78.8659426492284, "gamma": 1.3948119495696925}, "datetime": {"datetime": "2021-06-20 15:01:51", "elapsed": 1296.666937, "delta": 6.58259}}
{"target": -9.05766355190428, "params": {"C": 91.90450818240716, "gamma": 1.332166430979325}, "datetime": {"datetime": "2021-06-20 15:01:58", "elapsed": 1303.242522, "delta": 6.575585}}
{"target": -9.057896621078612, "params": {"C": 89.92086653205504, "gamma": 1.327625650042538}, "datetime": {"datetime": "2021-06-20 15:02:04", "elapsed": 1309.718616, "delta": 6.476094}}
{"target": -9.059029822841772, "params": {"C": 93.80334925268991, "gamma": 1.3472448832833082}, "datetime": {"datetime": "2021-06-20 15:02:10", "elapsed": 1314.999806, "delta": 5.28119}}
{"target": -9.058278780017046, "params": {"C": 89.7599004940172, "gamma": 1.3503122268962016}, "datetime": {"datetime": "2021-06-20 15:02:13", "elapsed": 1318.672649, "delta": 3.672843}}
{"target": -9.057508575889877, "params": {"C": 91.51151283960928, "gamma": 1.329155969576543}, "datetime": {"datetime": "2021-06-20 15:02:20", "elapsed": 1325.20929, "delta": 6.536641}}
{"target": -9.05836950514921, "params": {"C": 91.4487968102548, "gamma": 1.345425179528129}, "datetime": {"datetime": "2021-06-20 15:02:28", "elapsed": 1332.936148, "delta": 7.726858}}
{"target": -9.05775191712218, "params": {"C": 90.07231386553093, "gamma": 1.333991362916751}, "datetime": {"datetime": "2021-06-20 15:02:37", "elapsed": 1342.498712, "delta": 9.562564}}
{"target": -9.059262912119527, "params": {"C": 88.742790654727, "gamma": 1.3754826201945032}, "datetime": {"datetime": "2021-06-20 15:02:42", "elapsed": 1347.762344, "delta": 5.263632}}
