{"target": -9.16373513462658, "params": {"C": 49.86310047038686, "gamma": 1.3349783338285728}, "datetime": {"datetime": "2021-06-20 14:02:18", "elapsed": 1500.922387, "delta": 5.343433}}
{"target": -9.162280419714953, "params": {"C": 49.86087061072219, "gamma": 1.3539498411453867}, "datetime": {"datetime": "2021-06-20 14:02:24", "elapsed": 1506.390796, "delta": 5.468409}}
{"target": -9.16350834759236, "params": {"C": 49.921609262111524, "gamma": 1.3578096822582544}, "datetime": {"datetime": "2021-06-20 14:02:28", "elapsed": 1510.55173, "delta": 4.160934}}
{"target": -9.16396189856514, "params": {"C": 49.5760110043005, "gamma": 1.3442683669075828}, "datetime": {"datetime": "2021-06-20 14:02:32", "elapsed": 1515.194325, "delta": 4.642595}}
{"target": -9.162010104077131, "params": {"C": 49.96935793629033, "gamma": 1.342672204247404}, "datetime": {"datetime": "2021-06-20 14:02:38", "elapsed": 1520.386164, "delta": 5.191839}}
{"target": -9.162422933983242, "params": {"C": 49.94949874248405, "gamma": 1.3406376583380044}, "datetime": {"datetime": "2021-06-20 14:02:44", "elapsed": 1526.944806, "delta": 6.558642}}
{"target": -9.16390284244455, "params": {"C": 49.837772726567394, "gamma": 1.334789161634007}, "datetime": {"datetime": "2021-06-20 14:02:48", "elapsed": 1530.975312, "delta": 4.030506}}
{"target": -9.161556254092352, "params": {"C": 49.98595555399824, "gamma": 1.3450899761631079}, "datetime": {"datetime": "2021-06-20 14:02:51", "elapsed": 1534.233005, "delta": 3.257693}}
{"target": -9.163574002917796, "params": {"C": 49.85657021319857, "gamma": 1.3363238725266733}, "datetime": {"datetime": "2021-06-20 14:02:55", "elapsed": 1537.888972, "delta": 3.655967}}
{"target": -9.161230872631343, "params": {"C": 49.94092941529084, "gamma": 1.348906715376878}, "datetime": {"datetime": "2021-06-20 14:03:03", "elapsed": 1545.610387, "delta": 7.721415}}
{"target": -9.163162681085012, "params": {"C": 49.85413038544005, "gamma": 1.3392082518047548}, "datetime": {"datetime": "2021-06-20 14:03:07", "elapsed": 1549.693491, "delta": 4.083104}}
{"target": -9.16267924796032, "params": {"C": 49.99402180336944, "gamma": 1.3572186423316486}, "datetime": {"datetime": "2021-06-20 14:03:11", "elapsed": 1553.493225, "delta": 3.799734}}
{"target": -9.161628971383584, "params": {"C": 49.95947550521674, "gamma": 1.3542273421928317}, "datetime": {"datetime": "2021-06-20 14:03:18", "elapsed": 1560.623997, "delta": 7.130772}}
{"target": -9.161370552485035, "params": {"C": 49.947266083395945, "gamma": 1.3477492502257442}, "datetime": {"datetime": "2021-06-20 14:03:24", "elapsed": 1566.934102, "delta": 6.310105}}
{"target": -9.163607594326681, "params": {"C": 49.92726381726621, "gamma": 1.3334281959781258}, "datetime": {"datetime": "2021-06-20 14:03:30", "elapsed": 1572.991687, "delta": 6.057585}}
{"target": -9.163124584840123, "params": {"C": 49.827700880790864, "gamma": 1.340456425381948}, "datetime": {"datetime": "2021-06-20 14:03:35", "elapsed": 1578.170733, "delta": 5.179046}}
{"target": -9.161581975533638, "params": {"C": 49.92195718461124, "gamma": 1.3534559814264908}, "datetime": {"datetime": "2021-06-20 14:03:40", "elapsed": 1582.315634, "delta": 4.144901}}
{"target": -9.162668163847936, "params": {"C": 49.88844971119891, "gamma": 1.3412622597723836}, "datetime": {"datetime": "2021-06-20 14:03:45", "elapsed": 1587.566007, "delta": 5.250373}}
{"target": -9.162446537529398, "params": {"C": 49.81577363038522, "gamma": 1.3454544783888365}, "datetime": {"datetime": "2021-06-20 14:03:50", "elapsed": 1592.336305, "delta": 4.770298}}
{"target": -9.16365245732021, "params": {"C": 49.89859215909349, "gamma": 1.3342034989555378}, "datetime": {"datetime": "2021-06-20 14:03:58", "elapsed": 1600.898651, "delta": 8.562346}}
{"target": -9.369201110799162, "params": {"C": 33.62078131288495, "gamma": 1.4411394899835461}, "datetime": {"datetime": "2021-06-20 14:04:04", "elapsed": 1606.286005, "delta": 5.387354}}
{"target": -9.160600574082736, "params": {"C": 49.97335454759113, "gamma": 1.351871018909291}, "datetime": {"datetime": "2021-06-20 14:04:12", "elapsed": 1614.30504, "delta": 8.019035}}
{"target": -9.162918306391571, "params": {"C": 49.93984269573091, "gamma": 1.3567967670400263}, "datetime": {"datetime": "2021-06-20 14:04:17", "elapsed": 1619.357511, "delta": 5.052471}}
{"target": -9.166183362547322, "params": {"C": 49.81078035845574, "gamma": 1.3199532649991448}, "datetime": {"datetime": "2021-06-20 14:04:23", "elapsed": 1625.276644, "delta": 5.919133}}
{"target": -9.163751426586384, "params": {"C": 49.873338468849994, "gamma": 1.3575004221773594}, "datetime": {"datetime": "2021-06-20 14:04:30", "elapsed": 1632.40241, "delta": 7.125766}}
{"target": -9.162077787206972, "params": {"C": 49.86659756091858, "gamma": 1.3460282753051025}, "datetime": {"datetime": "2021-06-20 14:04:34", "elapsed": 1636.92444, "delta": 4.52203}}
{"target": -9.163220530351001, "params": {"C": 49.806573148817144, "gamma": 1.3406004505053934}, "datetime": {"datetime": "2021-06-20 14:04:38", "elapsed": 1640.872122, "delta": 3.947682}}
{"target": -9.16219913154825, "params": {"C": 49.76481806153348, "gamma": 1.3489917315120268}, "datetime": {"datetime": "2021-06-20 14:04:43", "elapsed": 1645.887401, "delta": 5.015279}}
{"target": -9.16128447618896, "params": {"C": 49.927109754268116, "gamma": 1.3528755238302947}, "datetime": {"datetime": "2021-06-20 14:04:48", "elapsed": 1650.560127, "delta": 4.672726}}
{"target": -9.162663336823455, "params": {"C": 49.70085656355465, "gamma": 1.3482824746643736}, "datetime": {"datetime": "2021-06-20 14:04:53", "elapsed": 1655.411145, "delta": 4.851018}}
{"target": -9.668868466916976, "params": {"C": 20.39519422701086, "gamma": 1.0454753962127468}, "datetime": {"datetime": "2021-06-20 14:05:00", "elapsed": 1662.383334, "delta": 6.972189}}
{"target": -9.163871962662483, "params": {"C": 49.75550038932779, "gamma": 1.3381082191559628}, "datetime": {"datetime": "2021-06-20 14:05:05", "elapsed": 1667.687885, "delta": 5.304551}}
{"target": -9.162855644631042, "params": {"C": 49.997099848564915, "gamma": 1.33593248168424}, "datetime": {"datetime": "2021-06-20 14:05:09", "elapsed": 1672.076137, "delta": 4.388252}}
{"target": -9.163932676533367, "params": {"C": 49.89819925682169, "gamma": 1.332297695215175}, "datetime": {"datetime": "2021-06-20 14:05:17", "elapsed": 1680.032743, "delta": 7.956606}}
{"target": -9.162409955723627, "params": {"C": 49.9821319328351, "gamma": 1.3395096592627196}, "datetime": {"datetime": "2021-06-20 14:05:22", "elapsed": 1684.752784, "delta": 4.720041}}
{"target": -9.165005693559863, "params": {"C": 49.99634588629308, "gamma": 1.362548432232081}, "datetime": {"datetime": "2021-06-20 14:05:28", "elapsed": 1690.258547, "delta": 5.505763}}
{"target": -9.161807417871112, "params": {"C": 49.99647249441919, "gamma": 1.3430247745974184}, "datetime": {"datetime": "2021-06-20 14:05:35", "elapsed": 1697.877195, "delta": 7.618648}}
{"target": -9.162038137266311, "params": {"C": 49.980806693751596, "gamma": 1.3420597350110788}, "datetime": {"datetime": "2021-06-20 14:05:43", "elapsed": 1705.748712, "delta": 7.871517}}
{"target": -9.16472791411783, "params": {"C": 49.81984900285207, "gamma": 1.3587600827463593}, "datetime": {"datetime": "2021-06-20 14:05:48", "elapsed": 1710.655137, "delta": 4.906425}}
{"target": -9.132424863568167, "params": {"C": 70.79280243559896, "gamma": 1.5245516388516689}, "datetime": {"datetime": "2021-06-20 14:40:15", "elapsed": 0.0, "delta": 0.0}}
{"target": -9.387698217784337, "params": {"C": 49.905730178348975, "gamma": 0.8139653734741277}, "datetime": {"datetime": "2021-06-20 14:40:15", "elapsed": 0.259997, "delta": 0.259997}}
{"target": -9.630648728217041, "params": {"C": 57.252470129937365, "gamma": 0.4569756111069563}, "datetime": {"datetime": "2021-06-20 14:40:15", "elapsed": 0.517655, "delta": 0.257658}}
{"target": -9.265658378546402, "params": {"C": 59.23163659002131, "gamma": 0.887453235973181}, "datetime": {"datetime": "2021-06-20 14:40:15", "elapsed": 0.817667, "delta": 0.300012}}
{"target": -9.110882606500336, "params": {"C": 69.77805045895656, "gamma": 1.2159884478057068}, "datetime": {"datetime": "2021-06-20 14:40:16", "elapsed": 1.090651, "delta": 0.272984}}
{"target": -9.096476581471276, "params": {"C": 70.90164517160507, "gamma": 1.4648731506744912}, "datetime": {"datetime": "2021-06-20 14:40:16", "elapsed": 1.375655, "delta": 0.285004}}
{"target": -9.299752051997396, "params": {"C": 60.14305771154902, "gamma": 1.7927996418646073}, "datetime": {"datetime": "2021-06-20 14:40:16", "elapsed": 1.653658, "delta": 0.278003}}
{"target": -9.18761464960788, "params": {"C": 51.2721184192161, "gamma": 1.4397947673032838}, "datetime": {"datetime": "2021-06-20 14:40:17", "elapsed": 2.006654, "delta": 0.352996}}
{"target": -9.097115559719562, "params": {"C": 70.80697059859307, "gamma": 1.2497727083577779}, "datetime": {"datetime": "2021-06-20 14:40:17", "elapsed": 2.290658, "delta": 0.284004}}
{"target": -9.47693009421221, "params": {"C": 56.93338562362121, "gamma": 0.6367725314442939}, "datetime": {"datetime": "2021-06-20 14:40:17", "elapsed": 2.590656, "delta": 0.299998}}
{"target": -9.590008288634081, "params": {"C": 90.01730289064439, "gamma": 1.9460446787229757}, "datetime": {"datetime": "2021-06-20 14:40:18", "elapsed": 2.877654, "delta": 0.286998}}
{"target": -9.123820068929842, "params": {"C": 65.60255132577807, "gamma": 1.476948446637834}, "datetime": {"datetime": "2021-06-20 14:40:18", "elapsed": 3.146659, "delta": 0.269005}}
{"target": -9.485713382331639, "params": {"C": 93.80709653003152, "gamma": 1.8208313279565405}, "datetime": {"datetime": "2021-06-20 14:40:18", "elapsed": 3.411656, "delta": 0.264997}}
{"target": -9.680242297421033, "params": {"C": 54.16071498962587, "gamma": 0.3663931314959}, "datetime": {"datetime": "2021-06-20 14:40:18", "elapsed": 3.696265, "delta": 0.284609}}
{"target": -9.306298558428452, "params": {"C": 58.4085040201849, "gamma": 1.7928422558300023}, "datetime": {"datetime": "2021-06-20 14:40:19", "elapsed": 3.970253, "delta": 0.273988}}
{"target": -9.226497725557309, "params": {"C": 54.827176375035805, "gamma": 1.0158829625085886}, "datetime": {"datetime": "2021-06-20 14:40:19", "elapsed": 4.247253, "delta": 0.277}}
{"target": -9.083444336020824, "params": {"C": 97.89026546054015, "gamma": 1.206380984454129}, "datetime": {"datetime": "2021-06-20 14:40:19", "elapsed": 4.508294, "delta": 0.261041}}
{"target": -9.196552689861798, "params": {"C": 84.56304340891872, "gamma": 0.836376572710307}, "datetime": {"datetime": "2021-06-20 14:40:19", "elapsed": 4.809251, "delta": 0.300957}}
{"target": -9.297607066049567, "params": {"C": 84.29369647684734, "gamma": 1.718863642225534}, "datetime": {"datetime": "2021-06-20 14:40:20", "elapsed": 5.113252, "delta": 0.304001}}
{"target": -9.246114330437926, "params": {"C": 50.81624269494401, "gamma": 1.5752453354064446}, "datetime": {"datetime": "2021-06-20 14:40:20", "elapsed": 5.396259, "delta": 0.283007}}
{"target": -9.208563279704109, "params": {"C": 99.44194055421539, "gamma": 1.5718816124457269}, "datetime": {"datetime": "2021-06-20 14:40:20", "elapsed": 5.712253, "delta": 0.315994}}
{"target": -9.216123969451367, "params": {"C": 63.9502440024267, "gamma": 1.6417748583675305}, "datetime": {"datetime": "2021-06-20 14:40:21", "elapsed": 5.997254, "delta": 0.285001}}
{"target": -9.211835831667821, "params": {"C": 55.07162292953986, "gamma": 1.0614189944990386}, "datetime": {"datetime": "2021-06-20 14:40:21", "elapsed": 6.264288, "delta": 0.267034}}
{"target": -9.192671323927295, "params": {"C": 95.42063470496409, "gamma": 0.7991440522352551}, "datetime": {"datetime": "2021-06-20 14:40:21", "elapsed": 6.550284, "delta": 0.285996}}
{"target": -9.535639958973025, "params": {"C": 64.31754446317608, "gamma": 0.5210485726010721}, "datetime": {"datetime": "2021-06-20 14:40:21", "elapsed": 6.830254, "delta": 0.27997}}
{"target": -9.196476494339402, "params": {"C": 50.87028458930188, "gamma": 1.4540204059978146}, "datetime": {"datetime": "2021-06-20 14:40:22", "elapsed": 7.114255, "delta": 0.284001}}
{"target": -9.35921750517594, "params": {"C": 60.50256861160295, "gamma": 0.7514293209327845}, "datetime": {"datetime": "2021-06-20 14:40:22", "elapsed": 7.409253, "delta": 0.294998}}
{"target": -9.632722626937017, "params": {"C": 74.52781527994495, "gamma": 0.39071632669903666}, "datetime": {"datetime": "2021-06-20 14:40:22", "elapsed": 7.687254, "delta": 0.278001}}
{"target": -9.435966942014957, "params": {"C": 78.66329203514985, "gamma": 0.5494385773398772}, "datetime": {"datetime": "2021-06-20 14:40:23", "elapsed": 7.975258, "delta": 0.288004}}
{"target": -9.091759802353291, "params": {"C": 79.42420739885455, "gamma": 1.489589212035583}, "datetime": {"datetime": "2021-06-20 14:40:23", "elapsed": 8.268258, "delta": 0.293}}
{"target": -9.672421545827163, "params": {"C": 81.78451795095074, "gamma": 0.30254958663134257}, "datetime": {"datetime": "2021-06-20 14:40:23", "elapsed": 8.764808, "delta": 0.49655}}
{"target": -9.670173201171984, "params": {"C": 87.43678834712807, "gamma": 0.3}, "datetime": {"datetime": "2021-06-20 14:40:24", "elapsed": 9.200862, "delta": 0.436054}}
{"target": -9.539059453197886, "params": {"C": 76.83693571120922, "gamma": 2.0}, "datetime": {"datetime": "2021-06-20 14:40:24", "elapsed": 9.663817, "delta": 0.462955}}
{"target": -9.673537244895194, "params": {"C": 67.73109233981674, "gamma": 0.3}, "datetime": {"datetime": "2021-06-20 14:40:25", "elapsed": 10.142816, "delta": 0.478999}}
{"target": -9.649654684933758, "params": {"C": 99.95244644139109, "gamma": 0.31567283222178577}, "datetime": {"datetime": "2021-06-20 14:40:25", "elapsed": 10.656083, "delta": 0.513267}}
{"target": -9.668305046457332, "params": {"C": 91.9801571142528, "gamma": 0.3}, "datetime": {"datetime": "2021-06-20 14:40:26", "elapsed": 11.300089, "delta": 0.644006}}
{"target": -9.50677327136649, "params": {"C": 73.21086246371814, "gamma": 1.997870040989195}, "datetime": {"datetime": "2021-06-20 14:40:26", "elapsed": 11.852091, "delta": 0.552002}}
{"target": -9.69790260887708, "params": {"C": 96.40423974999925, "gamma": 1.9963818492535756}, "datetime": {"datetime": "2021-06-20 14:40:27", "elapsed": 12.377086, "delta": 0.524995}}
{"target": -9.463144024290521, "params": {"C": 67.72743586669677, "gamma": 2.0}, "datetime": {"datetime": "2021-06-20 14:40:28", "elapsed": 12.887119, "delta": 0.510033}}
{"target": -9.558131297391474, "params": {"C": 86.48113468884226, "gamma": 1.9402199885637987}, "datetime": {"datetime": "2021-06-20 14:40:28", "elapsed": 13.394124, "delta": 0.507005}}
{"target": -9.402184881543555, "params": {"C": 54.31631808214814, "gamma": 2.0}, "datetime": {"datetime": "2021-06-20 14:40:29", "elapsed": 13.883699, "delta": 0.489575}}
{"target": -9.571400806227114, "params": {"C": 81.44426750827688, "gamma": 1.9948982651679703}, "datetime": {"datetime": "2021-06-20 14:40:29", "elapsed": 14.507734, "delta": 0.624035}}
{"target": -9.672061649775737, "params": {"C": 72.2805405448861, "gamma": 0.3}, "datetime": {"datetime": "2021-06-20 14:40:30", "elapsed": 14.993372, "delta": 0.485638}}
{"target": -9.652331488080677, "params": {"C": 96.91945917066582, "gamma": 0.3177013356203577}, "datetime": {"datetime": "2021-06-20 14:40:30", "elapsed": 15.488819, "delta": 0.495447}}
{"target": -9.661775440792072, "params": {"C": 94.18647178938824, "gamma": 0.3100026074296896}, "datetime": {"datetime": "2021-06-20 14:40:31", "elapsed": 15.99192, "delta": 0.503101}}
{"target": -9.419972603343602, "params": {"C": 62.20221119927612, "gamma": 2.0}, "datetime": {"datetime": "2021-06-20 14:40:31", "elapsed": 16.50627, "delta": 0.51435}}
{"target": -9.669366671779462, "params": {"C": 89.78041380113461, "gamma": 0.3}, "datetime": {"datetime": "2021-06-20 14:40:32", "elapsed": 17.032383, "delta": 0.526113}}
{"target": -9.553241629390232, "params": {"C": 78.57811637901274, "gamma": 2.0}, "datetime": {"datetime": "2021-06-20 14:40:32", "elapsed": 17.511775, "delta": 0.479392}}
{"target": -9.388504518098491, "params": {"C": 56.438001906979814, "gamma": 1.9889196509306857}, "datetime": {"datetime": "2021-06-20 14:40:33", "elapsed": 17.967376, "delta": 0.455601}}
{"target": -9.68089097126827, "params": {"C": 51.18064743959826, "gamma": 0.3130416874046149}, "datetime": {"datetime": "2021-06-20 14:40:33", "elapsed": 18.433664, "delta": 0.466288}}
{"target": -9.673013035729268, "params": {"C": 76.42993104663196, "gamma": 0.3}, "datetime": {"datetime": "2021-06-20 14:40:34", "elapsed": 18.917334, "delta": 0.48367}}
{"target": -9.719949710376541, "params": {"C": 98.40674200201802, "gamma": 2.0}, "datetime": {"datetime": "2021-06-20 14:40:34", "elapsed": 19.444333, "delta": 0.526999}}
{"target": -9.67304899030856, "params": {"C": 80.09681116898497, "gamma": 0.3}, "datetime": {"datetime": "2021-06-20 14:40:35", "elapsed": 19.922371, "delta": 0.478038}}
{"target": -9.673507237365921, "params": {"C": 69.74225582031572, "gamma": 0.3329414549568771}, "datetime": {"datetime": "2021-06-20 14:40:35", "elapsed": 20.381273, "delta": 0.458902}}
{"target": -9.524944826918613, "params": {"C": 75.13353646174772, "gamma": 2.0}, "datetime": {"datetime": "2021-06-20 14:40:35", "elapsed": 20.84727, "delta": 0.465997}}
{"target": -9.66057306176849, "params": {"C": 91.84799400932262, "gamma": 2.0}, "datetime": {"datetime": "2021-06-20 14:40:36", "elapsed": 21.320411, "delta": 0.473141}}
{"target": -9.532562416395853, "params": {"C": 98.56093870469434, "gamma": 0.41059250439587514}, "datetime": {"datetime": "2021-06-20 14:40:36", "elapsed": 21.747413, "delta": 0.427002}}
{"target": -9.666949327586993, "params": {"C": 83.57457151539523, "gamma": 0.3199422809892776}, "datetime": {"datetime": "2021-06-20 14:40:37", "elapsed": 22.22437, "delta": 0.476957}}
{"target": -9.671064578270439, "params": {"C": 85.72125717761776, "gamma": 0.3}, "datetime": {"datetime": "2021-06-20 14:40:37", "elapsed": 22.661373, "delta": 0.437003}}
{"target": -9.673813919898864, "params": {"C": 62.344302437722334, "gamma": 0.3}, "datetime": {"datetime": "2021-06-20 14:40:38", "elapsed": 23.204471, "delta": 0.543098}}
{"target": -9.628037072579401, "params": {"C": 88.29599442475211, "gamma": 2.0}, "datetime": {"datetime": "2021-06-20 14:40:38", "elapsed": 23.661721, "delta": 0.45725}}
{"target": -9.441984102729755, "params": {"C": 64.98756164794838, "gamma": 2.0}, "datetime": {"datetime": "2021-06-20 14:40:39", "elapsed": 24.190725, "delta": 0.529004}}
{"target": -9.673620162828152, "params": {"C": 66.03344182949071, "gamma": 0.3}, "datetime": {"datetime": "2021-06-20 14:40:39", "elapsed": 24.632686, "delta": 0.441961}}
{"target": -9.470170289047328, "params": {"C": 69.15214354341052, "gamma": 1.9955968860387667}, "datetime": {"datetime": "2021-06-20 14:40:40", "elapsed": 25.132682, "delta": 0.499996}}
{"target": -9.56090181333302, "params": {"C": 80.02876518878114, "gamma": 1.995655042734562}, "datetime": {"datetime": "2021-06-20 14:40:40", "elapsed": 25.681721, "delta": 0.549039}}
{"target": -9.419289502288242, "params": {"C": 66.35135914344701, "gamma": 1.961972470181497}, "datetime": {"datetime": "2021-06-20 14:40:41", "elapsed": 26.190682, "delta": 0.508961}}
{"target": -9.734234695057292, "params": {"C": 100.0, "gamma": 2.0}, "datetime": {"datetime": "2021-06-20 14:40:41", "elapsed": 26.68268, "delta": 0.491998}}
{"target": -9.408037835093323, "params": {"C": 52.786766013328275, "gamma": 1.9948177015739164}, "datetime": {"datetime": "2021-06-20 14:40:42", "elapsed": 27.169686, "delta": 0.487006}}
{"target": -9.48938309279384, "params": {"C": 71.90738252770196, "gamma": 1.9911202058118571}, "datetime": {"datetime": "2021-06-20 14:40:42", "elapsed": 27.725724, "delta": 0.556038}}
{"target": -9.58749513827887, "params": {"C": 82.91237743732124, "gamma": 2.0}, "datetime": {"datetime": "2021-06-20 14:40:43", "elapsed": 28.31272, "delta": 0.586996}}
{"target": -9.591064232811002, "params": {"C": 94.97258359716822, "gamma": 1.9106321926913166}, "datetime": {"datetime": "2021-06-20 14:40:43", "elapsed": 28.7953, "delta": 0.48258}}
{"target": -9.677984402386084, "params": {"C": 55.7438096962558, "gamma": 0.3133974327829845}, "datetime": {"datetime": "2021-06-20 14:40:44", "elapsed": 29.3103, "delta": 0.515}}
{"target": -9.605324505619418, "params": {"C": 85.24459153612592, "gamma": 2.0}, "datetime": {"datetime": "2021-06-20 14:40:44", "elapsed": 29.840339, "delta": 0.530039}}
{"target": -9.13298371633336, "params": {"C": 68.59989873203719, "gamma": 1.1514809199650955}, "datetime": {"datetime": "2021-06-20 14:40:45", "elapsed": 30.388304, "delta": 0.547965}}
{"target": -9.086514640731457, "params": {"C": 98.79454296211438, "gamma": 1.1881869081659509}, "datetime": {"datetime": "2021-06-20 14:40:46", "elapsed": 31.005352, "delta": 0.617048}}
{"target": -9.397121801400008, "params": {"C": 59.26593483958599, "gamma": 2.0}, "datetime": {"datetime": "2021-06-20 14:40:46", "elapsed": 31.499394, "delta": 0.494042}}
{"target": -9.130001889383202, "params": {"C": 66.85848802694386, "gamma": 1.1756245255519666}, "datetime": {"datetime": "2021-06-20 14:40:47", "elapsed": 32.02524, "delta": 0.525846}}
{"target": -9.225804561404608, "params": {"C": 52.68665555729383, "gamma": 1.060879974840703}, "datetime": {"datetime": "2021-06-20 14:40:47", "elapsed": 32.529241, "delta": 0.504001}}
{"target": -9.674986034089718, "params": {"C": 59.67812239984353, "gamma": 0.3}, "datetime": {"datetime": "2021-06-20 14:40:48", "elapsed": 33.115242, "delta": 0.586001}}
{"target": -9.107914842021156, "params": {"C": 63.152609129056955, "gamma": 1.2987575032129646}, "datetime": {"datetime": "2021-06-20 14:40:48", "elapsed": 33.655893, "delta": 0.540651}}
{"target": -9.427048590089733, "params": {"C": 63.34325564412911, "gamma": 1.997653555218804}, "datetime": {"datetime": "2021-06-20 14:40:49", "elapsed": 34.184847, "delta": 0.528954}}
