{"target": -9.057528876460937, "params": {"C": 91.44580029131562, "gamma": 1.3288403041682642}, "datetime": {"datetime": "2021-06-20 15:02:48", "elapsed": 1353.374201, "delta": 5.611857}}
{"target": -9.0586975264943, "params": {"C": 88.95563057216347, "gamma": 1.361246252502928}, "datetime": {"datetime": "2021-06-20 15:02:59", "elapsed": 1364.279671, "delta": 10.90547}}
{"target": -9.057637185828005, "params": {"C": 91.51280543784466, "gamma": 1.3208200946114563}, "datetime": {"datetime": "2021-06-20 15:03:08", "elapsed": 1373.555575, "delta": 9.275904}}
{"target": -9.059005925670085, "params": {"C": 94.00454557862824, "gamma": 1.345742179425962}, "datetime": {"datetime": "2021-06-20 15:03:13", "elapsed": 1378.371576, "delta": 4.816001}}
{"target": -9.057796677994716, "params": {"C": 90.02783856902064, "gamma": 1.3412531771866762}, "datetime": {"datetime": "2021-06-20 15:03:21", "elapsed": 1386.24861, "delta": 7.877034}}
{"target": -9.0582799500582, "params": {"C": 90.01971053467454, "gamma": 1.3493861722800526}, "datetime": {"datetime": "2021-06-20 15:03:24", "elapsed": 1389.767247, "delta": 3.518637}}
{"target": -9.058296722158506, "params": {"C": 89.82060607394423, "gamma": 1.350415065754446}, "datetime": {"datetime": "2021-06-20 15:03:30", "elapsed": 1394.970249, "delta": 5.203002}}
{"target": -9.058055414830163, "params": {"C": 91.47052762897414, "gamma": 1.3399835458005227}, "datetime": {"datetime": "2021-06-20 15:03:37", "elapsed": 1402.400921, "delta": 7.430672}}
{"target": -9.059240295419745, "params": {"C": 87.61594191023184, "gamma": 1.3785722242480403}, "datetime": {"datetime": "2021-06-20 15:03:48", "elapsed": 1412.984254, "delta": 10.583333}}
{"target": -9.057514417243093, "params": {"C": 91.40642550891263, "gamma": 1.330039960384618}, "datetime": {"datetime": "2021-06-20 15:03:51", "elapsed": 1416.854564, "delta": 3.87031}}
{"target": -9.058458469133333, "params": {"C": 90.14565831890242, "gamma": 1.352188958637325}, "datetime": {"datetime": "2021-06-20 15:03:57", "elapsed": 1422.488254, "delta": 5.63369}}
{"target": -9.057930513612671, "params": {"C": 89.99325045621904, "gamma": 1.3234155396735576}, "datetime": {"datetime": "2021-06-20 15:04:02", "elapsed": 1427.236902, "delta": 4.748648}}
{"target": -9.058210081658213, "params": {"C": 91.91956384646454, "gamma": 1.340730564826213}, "datetime": {"datetime": "2021-06-20 15:04:08", "elapsed": 1433.825793, "delta": 6.588891}}
{"target": -9.05779145040615, "params": {"C": 89.76859047542791, "gamma": 1.3358848180769922}, "datetime": {"datetime": "2021-06-20 15:04:14", "elapsed": 1439.180801, "delta": 5.355008}}
{"target": -9.057807961688354, "params": {"C": 90.05099971387651, "gamma": 1.331276274400696}, "datetime": {"datetime": "2021-06-20 15:04:21", "elapsed": 1446.054465, "delta": 6.873664}}
{"target": -9.057469731722643, "params": {"C": 91.88351933116897, "gamma": 1.3270165893924937}, "datetime": {"datetime": "2021-06-20 15:04:24", "elapsed": 1449.603063, "delta": 3.548598}}
{"target": -9.057605294247246, "params": {"C": 91.48947462781742, "gamma": 1.3236458309176433}, "datetime": {"datetime": "2021-06-20 15:04:31", "elapsed": 1456.429295, "delta": 6.826232}}
{"target": -9.058073685133829, "params": {"C": 91.94316842220732, "gamma": 1.3383777003741903}, "datetime": {"datetime": "2021-06-20 15:04:42", "elapsed": 1466.955572, "delta": 10.526277}}
{"target": -9.057861135438253, "params": {"C": 89.79775017422102, "gamma": 1.3430941369568208}, "datetime": {"datetime": "2021-06-20 15:04:47", "elapsed": 1472.587159, "delta": 5.631587}}
{"target": -9.057723474668224, "params": {"C": 90.06751495393364, "gamma": 1.3354342772465182}, "datetime": {"datetime": "2021-06-20 15:04:55", "elapsed": 1480.828987, "delta": 8.241828}}
{"target": -9.057525375989606, "params": {"C": 91.50598888900436, "gamma": 1.3316794478389553}, "datetime": {"datetime": "2021-06-20 15:05:00", "elapsed": 1485.402049, "delta": 4.573062}}
{"target": -9.057706238447176, "params": {"C": 89.71294359104994, "gamma": 1.340294405884537}, "datetime": {"datetime": "2021-06-20 15:05:08", "elapsed": 1493.434669, "delta": 8.03262}}
{"target": -9.057707290758582, "params": {"C": 91.48713690528004, "gamma": 1.334449205337582}, "datetime": {"datetime": "2021-06-20 15:05:14", "elapsed": 1499.162995, "delta": 5.728326}}
{"target": -9.057685876437587, "params": {"C": 89.96994552058658, "gamma": 1.3382576032030493}, "datetime": {"datetime": "2021-06-20 15:05:19", "elapsed": 1504.305744, "delta": 5.142749}}
{"target": -9.058391751024086, "params": {"C": 89.11875061844324, "gamma": 1.3546451794116958}, "datetime": {"datetime": "2021-06-20 15:05:27", "elapsed": 1512.169404, "delta": 7.86366}}
{"target": -9.057747313152468, "params": {"C": 91.43996205732667, "gamma": 1.3352391017593637}, "datetime": {"datetime": "2021-06-20 15:05:36", "elapsed": 1521.063679, "delta": 8.894275}}
{"target": -9.058453784628155, "params": {"C": 90.0483769528845, "gamma": 1.3524667862046749}, "datetime": {"datetime": "2021-06-20 15:05:40", "elapsed": 1525.187685, "delta": 4.124006}}
{"target": -9.057920933783787, "params": {"C": 89.94729236720075, "gamma": 1.3252432047401297}, "datetime": {"datetime": "2021-06-20 15:05:45", "elapsed": 1530.846341, "delta": 5.658656}}
{"target": -9.058438475468165, "params": {"C": 89.62006025130887, "gamma": 1.3537545635879389}, "datetime": {"datetime": "2021-06-20 15:05:52", "elapsed": 1537.637983, "delta": 6.791642}}
{"target": -9.05807219328084, "params": {"C": 91.88091990629255, "gamma": 1.3386071630448237}, "datetime": {"datetime": "2021-06-20 15:05:58", "elapsed": 1543.141983, "delta": 5.504}}
{"target": -9.057648264288584, "params": {"C": 91.42083320569466, "gamma": 1.3214246091028687}, "datetime": {"datetime": "2021-06-20 15:06:05", "elapsed": 1550.213437, "delta": 7.071454}}
{"target": -9.057734034999237, "params": {"C": 91.49839256066926, "gamma": 1.3348108658745002}, "datetime": {"datetime": "2021-06-20 15:06:10", "elapsed": 1555.741277, "delta": 5.52784}}
{"target": -9.057838682630795, "params": {"C": 89.69118699350986, "gamma": 1.3431067121539286}, "datetime": {"datetime": "2021-06-20 15:06:16", "elapsed": 1561.168499, "delta": 5.427222}}
{"target": -9.057936421362085, "params": {"C": 89.94344659582693, "gamma": 1.3239378116182943}, "datetime": {"datetime": "2021-06-20 15:06:25", "elapsed": 1570.782214, "delta": 9.613715}}
{"target": -9.057840844596058, "params": {"C": 89.74281287752291, "gamma": 1.3337326223431467}, "datetime": {"datetime": "2021-06-20 15:06:29", "elapsed": 1574.233047, "delta": 3.450833}}
{"target": -9.05775199127545, "params": {"C": 90.05065697145062, "gamma": 1.3342612650949006}, "datetime": {"datetime": "2021-06-20 15:06:35", "elapsed": 1580.401052, "delta": 6.168005}}
{"target": -9.057646302395536, "params": {"C": 91.47898149186415, "gamma": 1.3206073480737597}, "datetime": {"datetime": "2021-06-20 15:06:41", "elapsed": 1586.830807, "delta": 6.429755}}
{"target": -9.057525617128844, "params": {"C": 91.5208761162762, "gamma": 1.3281403720065414}, "datetime": {"datetime": "2021-06-20 15:06:47", "elapsed": 1592.847518, "delta": 6.016711}}
{"target": -9.057843028286118, "params": {"C": 89.75117562630712, "gamma": 1.3429668625003333}, "datetime": {"datetime": "2021-06-20 15:06:57", "elapsed": 1602.321845, "delta": 9.474327}}
{"target": -9.05895663131978, "params": {"C": 87.02500692758215, "gamma": 1.3695260729229313}, "datetime": {"datetime": "2021-06-20 15:07:04", "elapsed": 1609.745006, "delta": 7.423161}}
{"target": -9.058113530522178, "params": {"C": 91.53284321492004, "gamma": 1.34069186776515}, "datetime": {"datetime": "2021-06-20 15:07:12", "elapsed": 1617.25581, "delta": 7.510804}}
{"target": -9.059295477053402, "params": {"C": 86.24224596220674, "gamma": 1.3441795330713022}, "datetime": {"datetime": "2021-06-20 15:07:18", "elapsed": 1623.394442, "delta": 6.138632}}
{"target": -9.0575638559227, "params": {"C": 91.49127146246036, "gamma": 1.3263120965152628}, "datetime": {"datetime": "2021-06-20 15:07:24", "elapsed": 1629.555123, "delta": 6.160681}}
{"target": -9.05784309253065, "params": {"C": 93.39162935974969, "gamma": 1.3287344775265943}, "datetime": {"datetime": "2021-06-20 15:07:32", "elapsed": 1637.217734, "delta": 7.662611}}
{"target": -9.060052013298701, "params": {"C": 96.43527289022023, "gamma": 1.3077995420754003}, "datetime": {"datetime": "2021-06-20 15:07:40", "elapsed": 1645.520936, "delta": 8.303202}}
{"target": -9.071473406208831, "params": {"C": 96.4451513783131, "gamma": 1.2647866071298688}, "datetime": {"datetime": "2021-06-20 15:07:46", "elapsed": 1651.301576, "delta": 5.78064}}
{"target": -9.062562707960781, "params": {"C": 96.50215017772544, "gamma": 1.3898036657207424}, "datetime": {"datetime": "2021-06-20 15:07:51", "elapsed": 1656.830224, "delta": 5.528648}}
{"target": -9.0611259425358, "params": {"C": 96.63889225626399, "gamma": 1.3602842900411463}, "datetime": {"datetime": "2021-06-20 15:07:59", "elapsed": 1664.443481, "delta": 7.613257}}
{"target": -9.060861939847255, "params": {"C": 96.41232637847486, "gamma": 1.3579082428511742}, "datetime": {"datetime": "2021-06-20 15:08:07", "elapsed": 1671.95184, "delta": 7.508359}}
{"target": -9.059737694746198, "params": {"C": 90.56719402264127, "gamma": 1.3790129967470008}, "datetime": {"datetime": "2021-06-20 15:08:13", "elapsed": 1678.580228, "delta": 6.628388}}
{"target": -9.058112928519865, "params": {"C": 93.41696807532409, "gamma": 1.3327582426105977}, "datetime": {"datetime": "2021-06-20 15:08:20", "elapsed": 1685.143226, "delta": 6.562998}}
{"target": -9.060229304555225, "params": {"C": 97.18729345131501, "gamma": 1.3442026440558514}, "datetime": {"datetime": "2021-06-20 15:08:29", "elapsed": 1694.247185, "delta": 9.103959}}
{"target": -9.057492611194828, "params": {"C": 91.46057106299789, "gamma": 1.3305294728173107}, "datetime": {"datetime": "2021-06-20 15:08:40", "elapsed": 1704.974994, "delta": 10.727809}}
{"target": -9.059054621595305, "params": {"C": 86.75798357838704, "gamma": 1.370608848267544}, "datetime": {"datetime": "2021-06-20 15:08:49", "elapsed": 1714.430285, "delta": 9.455291}}
{"target": -9.057474298778054, "params": {"C": 91.506078366574, "gamma": 1.3309289731112772}, "datetime": {"datetime": "2021-06-20 15:08:57", "elapsed": 1722.837902, "delta": 8.407617}}
{"target": -9.05752902658836, "params": {"C": 91.4696200918412, "gamma": 1.3285551076055786}, "datetime": {"datetime": "2021-06-20 15:09:05", "elapsed": 1730.528709, "delta": 7.690807}}
{"target": -9.059053521616473, "params": {"C": 90.32891806445323, "gamma": 1.3639485898133215}, "datetime": {"datetime": "2021-06-20 15:09:14", "elapsed": 1739.84682, "delta": 9.318111}}
{"target": -9.058060626112127, "params": {"C": 93.52482367143017, "gamma": 1.3314662956920882}, "datetime": {"datetime": "2021-06-20 15:09:26", "elapsed": 1751.010043, "delta": 11.163223}}
{"target": -9.057871797486957, "params": {"C": 93.47649518785465, "gamma": 1.3287991513112176}, "datetime": {"datetime": "2021-06-20 15:09:42", "elapsed": 1767.042207, "delta": 16.032164}}
{"target": -9.05815513043917, "params": {"C": 93.53802584489844, "gamma": 1.3328925915416474}, "datetime": {"datetime": "2021-06-20 15:09:51", "elapsed": 1776.328564, "delta": 9.286357}}
{"target": -9.057599875565945, "params": {"C": 91.47940227431462, "gamma": 1.324164889520408}, "datetime": {"datetime": "2021-06-20 15:10:03", "elapsed": 1787.890986, "delta": 11.562422}}
{"target": -9.05914887898313, "params": {"C": 87.81532637238509, "gamma": 1.3755040635312683}, "datetime": {"datetime": "2021-06-20 15:10:11", "elapsed": 1795.876093, "delta": 7.985107}}
{"target": -9.057895940712866, "params": {"C": 91.49702356035337, "gamma": 1.3373199224628172}, "datetime": {"datetime": "2021-06-20 15:10:19", "elapsed": 1804.733328, "delta": 8.857235}}
{"target": -9.058078978156175, "params": {"C": 93.46364680151501, "gamma": 1.3320203990029376}, "datetime": {"datetime": "2021-06-20 15:10:28", "elapsed": 1813.279936, "delta": 8.546608}}
{"target": -9.060854572398231, "params": {"C": 93.09599337909313, "gamma": 1.3815149435140728}, "datetime": {"datetime": "2021-06-20 15:10:37", "elapsed": 1822.724232, "delta": 9.444296}}
{"target": -9.0582354530658, "params": {"C": 93.57552393722304, "gamma": 1.3340124476792545}, "datetime": {"datetime": "2021-06-20 15:10:44", "elapsed": 1829.470505, "delta": 6.746273}}
{"target": -9.057869435261134, "params": {"C": 89.8069542590213, "gamma": 1.3312160022780235}, "datetime": {"datetime": "2021-06-20 15:10:51", "elapsed": 1836.671103, "delta": 7.200598}}
{"target": -9.057958779927503, "params": {"C": 91.51212779621385, "gamma": 1.338256920670017}, "datetime": {"datetime": "2021-06-20 15:10:59", "elapsed": 1843.910942, "delta": 7.239839}}
{"target": -9.05753295631123, "params": {"C": 91.4657909621798, "gamma": 1.3283874527039568}, "datetime": {"datetime": "2021-06-20 15:11:08", "elapsed": 1853.210232, "delta": 9.29929}}
{"target": -9.058984947929947, "params": {"C": 93.56226374172186, "gamma": 1.3475463323466248}, "datetime": {"datetime": "2021-06-20 15:11:20", "elapsed": 1864.939285, "delta": 11.729053}}
{"target": -9.057444953743095, "params": {"C": 91.90723996705651, "gamma": 1.3280769242814012}, "datetime": {"datetime": "2021-06-20 15:11:29", "elapsed": 1874.50956, "delta": 9.570275}}
{"target": -9.058732081563956, "params": {"C": 91.24493347042159, "gamma": 1.3531184548743478}, "datetime": {"datetime": "2021-06-20 15:11:36", "elapsed": 1881.598768, "delta": 7.089208}}
{"target": -9.057947711492075, "params": {"C": 91.95787568034463, "gamma": 1.3363009352190027}, "datetime": {"datetime": "2021-06-20 15:11:45", "elapsed": 1890.050438, "delta": 8.45167}}
{"target": -9.058656532981136, "params": {"C": 93.42077545510023, "gamma": 1.341934526049641}, "datetime": {"datetime": "2021-06-20 15:11:54", "elapsed": 1898.881436, "delta": 8.830998}}
{"target": -9.058601005165137, "params": {"C": 89.48457110437903, "gamma": 1.3573992787548637}, "datetime": {"datetime": "2021-06-20 15:12:01", "elapsed": 1906.329166, "delta": 7.44773}}
{"target": -9.057485278707473, "params": {"C": 91.47003694947178, "gamma": 1.3307852630733061}, "datetime": {"datetime": "2021-06-20 15:12:10", "elapsed": 1915.594816, "delta": 9.26565}}
{"target": -9.0583723003611, "params": {"C": 88.46804892660535, "gamma": 1.3564537714683318}, "datetime": {"datetime": "2021-06-20 15:12:25", "elapsed": 1929.962607, "delta": 14.367791}}
{"target": -9.05814317614389, "params": {"C": 89.21724003357949, "gamma": 1.3498229205714083}, "datetime": {"datetime": "2021-06-20 15:12:30", "elapsed": 1935.789711, "delta": 5.827104}}
