{"target": -9.162087885717867, "params": {"C": 49.778635338960164, "gamma": 1.3492177864702541}, "datetime": {"datetime": "2021-06-20 13:52:39", "elapsed": 921.722223, "delta": 3.230424}}
{"target": -9.165860192840396, "params": {"C": 49.87464305000303, "gamma": 1.3197611844372856}, "datetime": {"datetime": "2021-06-20 13:52:42", "elapsed": 925.219696, "delta": 3.497473}}
{"target": -9.715553251216814, "params": {"C": 44.06766456600835, "gamma": 0.30214959559248694}, "datetime": {"datetime": "2021-06-20 13:52:47", "elapsed": 929.715812, "delta": 4.496116}}
{"target": -9.162391616017258, "params": {"C": 49.89494630504605, "gamma": 1.3428782894094573}, "datetime": {"datetime": "2021-06-20 13:52:51", "elapsed": 933.885611, "delta": 4.169799}}
{"target": -9.164139863121289, "params": {"C": 49.97085698815479, "gamma": 1.328111104856049}, "datetime": {"datetime": "2021-06-20 13:52:56", "elapsed": 938.894229, "delta": 5.008618}}
{"target": -9.161087253582123, "params": {"C": 49.89200455015378, "gamma": 1.3518089456617335}, "datetime": {"datetime": "2021-06-20 13:53:01", "elapsed": 943.923807, "delta": 5.029578}}
{"target": -9.164117904224756, "params": {"C": 49.998105115589155, "gamma": 1.327226951188107}, "datetime": {"datetime": "2021-06-20 13:53:06", "elapsed": 948.594922, "delta": 4.671115}}
{"target": -9.164000818166315, "params": {"C": 49.580494760538535, "gamma": 1.3438374171753462}, "datetime": {"datetime": "2021-06-20 13:53:11", "elapsed": 953.315174, "delta": 4.720252}}
{"target": -9.160772528235652, "params": {"C": 49.997766460427265, "gamma": 1.3498481115616574}, "datetime": {"datetime": "2021-06-20 13:53:15", "elapsed": 957.358418, "delta": 4.043244}}
{"target": -9.162685422618974, "params": {"C": 49.850934681538796, "gamma": 1.342545482803309}, "datetime": {"datetime": "2021-06-20 13:53:18", "elapsed": 961.017572, "delta": 3.659154}}
{"target": -9.16590618248287, "params": {"C": 49.739665592497836, "gamma": 1.3246663801676692}, "datetime": {"datetime": "2021-06-20 13:53:21", "elapsed": 963.453571, "delta": 2.435999}}
{"target": -9.1616363019406, "params": {"C": 49.98900842708455, "gamma": 1.3547676037776593}, "datetime": {"datetime": "2021-06-20 13:53:24", "elapsed": 967.036333, "delta": 3.582762}}
{"target": -9.162368719139149, "params": {"C": 49.991406774926595, "gamma": 1.356468318601346}, "datetime": {"datetime": "2021-06-20 13:53:27", "elapsed": 969.972266, "delta": 2.935933}}
{"target": -9.917252003046189, "params": {"C": 16.687286539486607, "gamma": 2.0}, "datetime": {"datetime": "2021-06-20 13:53:32", "elapsed": 974.904501, "delta": 4.932235}}
{"target": -9.16489266428375, "params": {"C": 49.603467224030624, "gamma": 1.336914884074553}, "datetime": {"datetime": "2021-06-20 13:53:37", "elapsed": 979.397563, "delta": 4.493062}}
{"target": -9.166043359767647, "params": {"C": 49.76893833287939, "gamma": 1.3225677709287418}, "datetime": {"datetime": "2021-06-20 13:53:40", "elapsed": 982.384775, "delta": 2.987212}}
{"target": -9.161949167339925, "params": {"C": 49.95055956802926, "gamma": 1.3437765952656084}, "datetime": {"datetime": "2021-06-20 13:53:43", "elapsed": 985.473962, "delta": 3.089187}}
{"target": -9.162569875374139, "params": {"C": 49.93873258656693, "gamma": 1.3400488354469686}, "datetime": {"datetime": "2021-06-20 13:53:47", "elapsed": 989.610086, "delta": 4.136124}}
{"target": -9.50417544417671, "params": {"C": 38.75579539689896, "gamma": 2.0}, "datetime": {"datetime": "2021-06-20 13:53:50", "elapsed": 992.652859, "delta": 3.042773}}
{"target": -9.16482100255877, "params": {"C": 49.49032227035343, "gamma": 1.3417076458106227}, "datetime": {"datetime": "2021-06-20 13:53:52", "elapsed": 994.926894, "delta": 2.274035}}
{"target": -9.164703464635192, "params": {"C": 49.83848880403166, "gamma": 1.3292519002967642}, "datetime": {"datetime": "2021-06-20 13:53:55", "elapsed": 997.574957, "delta": 2.648063}}
{"target": -9.167024788755002, "params": {"C": 49.40607637848263, "gamma": 1.3297891489956157}, "datetime": {"datetime": "2021-06-20 13:53:58", "elapsed": 1000.951785, "delta": 3.376828}}
{"target": -9.164274003857733, "params": {"C": 49.668334499294495, "gamma": 1.3386700027831482}, "datetime": {"datetime": "2021-06-20 13:54:01", "elapsed": 1003.622036, "delta": 2.670251}}
{"target": -9.161343127306807, "params": {"C": 49.92459758583894, "gamma": 1.3487647114381294}, "datetime": {"datetime": "2021-06-20 13:54:05", "elapsed": 1007.975815, "delta": 4.353779}}
{"target": -9.164107947687796, "params": {"C": 49.90768073948661, "gamma": 1.3589217994687546}, "datetime": {"datetime": "2021-06-20 13:54:08", "elapsed": 1010.445815, "delta": 2.47}}
{"target": -9.164304284237126, "params": {"C": 49.704251995331504, "gamma": 1.337102928617278}, "datetime": {"datetime": "2021-06-20 13:54:11", "elapsed": 1014.002174, "delta": 3.556359}}
{"target": -9.161082836908435, "params": {"C": 49.90431786753439, "gamma": 1.3512267810403569}, "datetime": {"datetime": "2021-06-20 13:54:14", "elapsed": 1016.463337, "delta": 2.461163}}
{"target": -9.16313989564309, "params": {"C": 49.7003933960958, "gamma": 1.3451186133461135}, "datetime": {"datetime": "2021-06-20 13:54:16", "elapsed": 1018.796742, "delta": 2.333405}}
{"target": -9.164201614561957, "params": {"C": 49.9851413719752, "gamma": 1.3271394732575017}, "datetime": {"datetime": "2021-06-20 13:54:20", "elapsed": 1022.501314, "delta": 3.704572}}
{"target": -9.16598663154641, "params": {"C": 49.86049239702467, "gamma": 1.319414943686377}, "datetime": {"datetime": "2021-06-20 13:54:24", "elapsed": 1026.544538, "delta": 4.043224}}
{"target": -9.16552676626094, "params": {"C": 49.69582121814448, "gamma": 1.3290076104183528}, "datetime": {"datetime": "2021-06-20 13:54:29", "elapsed": 1031.874469, "delta": 5.329931}}
{"target": -9.16487396493818, "params": {"C": 49.97098938378252, "gamma": 1.3229908409844153}, "datetime": {"datetime": "2021-06-20 13:54:31", "elapsed": 1034.10647, "delta": 2.232001}}
{"target": -9.161991430753337, "params": {"C": 49.89365725287546, "gamma": 1.3538789792585935}, "datetime": {"datetime": "2021-06-20 13:54:34", "elapsed": 1036.716126, "delta": 2.609656}}
{"target": -9.531640247669586, "params": {"C": 35.685535827531815, "gamma": 1.9901949320937293}, "datetime": {"datetime": "2021-06-20 13:54:42", "elapsed": 1044.760409, "delta": 8.044283}}
{"target": -9.163508529921248, "params": {"C": 49.76022071226684, "gamma": 1.3403945116852687}, "datetime": {"datetime": "2021-06-20 13:54:46", "elapsed": 1048.457532, "delta": 3.697123}}
{"target": -9.162130131041383, "params": {"C": 49.86957097163987, "gamma": 1.3455691686138769}, "datetime": {"datetime": "2021-06-20 13:54:50", "elapsed": 1053.111464, "delta": 4.653932}}
{"target": -9.16366259018763, "params": {"C": 49.9737042270556, "gamma": 1.3312964586765341}, "datetime": {"datetime": "2021-06-20 13:54:56", "elapsed": 1058.656598, "delta": 5.545134}}
{"target": -9.16089792236172, "params": {"C": 49.93772344851404, "gamma": 1.3512197360226208}, "datetime": {"datetime": "2021-06-20 13:55:00", "elapsed": 1062.31393, "delta": 3.657332}}
{"target": -9.162273141693824, "params": {"C": 49.774315376680846, "gamma": 1.3481484846659302}, "datetime": {"datetime": "2021-06-20 13:55:05", "elapsed": 1068.119462, "delta": 5.805532}}
{"target": -9.162890254966703, "params": {"C": 49.949873546397406, "gamma": 1.3569116679225}, "datetime": {"datetime": "2021-06-20 13:55:09", "elapsed": 1071.700459, "delta": 3.580997}}
{"target": -9.163396395883538, "params": {"C": 49.99214878805498, "gamma": 1.332427350771269}, "datetime": {"datetime": "2021-06-20 13:55:15", "elapsed": 1077.556502, "delta": 5.856043}}
{"target": -9.74757993267582, "params": {"C": 39.45710356529481, "gamma": 0.3}, "datetime": {"datetime": "2021-06-20 13:55:21", "elapsed": 1083.479982, "delta": 5.92348}}
{"target": -9.162236783287073, "params": {"C": 49.762743656790406, "gamma": 1.35210926447093}, "datetime": {"datetime": "2021-06-20 13:55:24", "elapsed": 1086.601822, "delta": 3.12184}}
{"target": -9.164179806123741, "params": {"C": 49.66926769119941, "gamma": 1.3392749274700952}, "datetime": {"datetime": "2021-06-20 13:55:32", "elapsed": 1094.336174, "delta": 7.734352}}
{"target": -9.16344263764779, "params": {"C": 49.637709120081425, "gamma": 1.3526047074364818}, "datetime": {"datetime": "2021-06-20 13:55:38", "elapsed": 1100.547525, "delta": 6.211351}}
{"target": -9.163865981115034, "params": {"C": 49.669180333317456, "gamma": 1.354120193446954}, "datetime": {"datetime": "2021-06-20 13:55:44", "elapsed": 1106.66769, "delta": 6.120165}}
{"target": -9.16317499820697, "params": {"C": 49.99378751103955, "gamma": 1.358339131252553}, "datetime": {"datetime": "2021-06-20 13:55:48", "elapsed": 1111.089397, "delta": 4.421707}}
{"target": -9.164691797258419, "params": {"C": 49.52558699564736, "gamma": 1.3534215925146231}, "datetime": {"datetime": "2021-06-20 13:55:56", "elapsed": 1118.871244, "delta": 7.781847}}
{"target": -9.164191024982948, "params": {"C": 49.571650937037234, "gamma": 1.342888638320163}, "datetime": {"datetime": "2021-06-20 13:56:01", "elapsed": 1123.566229, "delta": 4.694985}}
{"target": -9.160855250130998, "params": {"C": 49.950553578226454, "gamma": 1.3510308773959343}, "datetime": {"datetime": "2021-06-20 13:56:05", "elapsed": 1127.265722, "delta": 3.699493}}
{"target": -9.164505058308162, "params": {"C": 49.83730230961539, "gamma": 1.3306691927995742}, "datetime": {"datetime": "2021-06-20 13:56:08", "elapsed": 1131.177832, "delta": 3.91211}}
{"target": -9.162576086149068, "params": {"C": 49.97423770388575, "gamma": 1.3386822843996593}, "datetime": {"datetime": "2021-06-20 13:56:15", "elapsed": 1138.216496, "delta": 7.038664}}
{"target": -9.161157853227387, "params": {"C": 49.99048610641021, "gamma": 1.3475693844493934}, "datetime": {"datetime": "2021-06-20 13:56:24", "elapsed": 1146.448898, "delta": 8.232402}}
{"target": -9.586656896631371, "params": {"C": 23.864162081530456, "gamma": 1.5700164452470424}, "datetime": {"datetime": "2021-06-20 13:56:31", "elapsed": 1153.633227, "delta": 7.184329}}
{"target": -9.163792427262969, "params": {"C": 49.68879109613777, "gamma": 1.3411628977706556}, "datetime": {"datetime": "2021-06-20 13:56:38", "elapsed": 1161.131613, "delta": 7.498386}}
{"target": -9.163499152607223, "params": {"C": 49.91982184269779, "gamma": 1.3344506272232948}, "datetime": {"datetime": "2021-06-20 13:56:44", "elapsed": 1166.418252, "delta": 5.286639}}
{"target": -9.161358347929216, "params": {"C": 49.92723132135449, "gamma": 1.3485671461982511}, "datetime": {"datetime": "2021-06-20 13:56:50", "elapsed": 1173.213832, "delta": 6.79558}}
{"target": -9.474720983813505, "params": {"C": 42.456476893240385, "gamma": 2.0}, "datetime": {"datetime": "2021-06-20 13:56:58", "elapsed": 1180.597376, "delta": 7.383544}}
{"target": -9.166461175303318, "params": {"C": 49.92888525784874, "gamma": 1.3646585220475478}, "datetime": {"datetime": "2021-06-20 13:57:06", "elapsed": 1188.708559, "delta": 8.111183}}
{"target": -9.163263251679558, "params": {"C": 49.73874115255187, "gamma": 1.3428550259253422}, "datetime": {"datetime": "2021-06-20 13:57:12", "elapsed": 1194.6119, "delta": 5.903341}}
{"target": -9.165552893822477, "params": {"C": 49.60193066975104, "gamma": 1.3324355709881734}, "datetime": {"datetime": "2021-06-20 13:57:15", "elapsed": 1198.069718, "delta": 3.457818}}
{"target": -9.161641790290867, "params": {"C": 49.8871555713954, "gamma": 1.3481659004356943}, "datetime": {"datetime": "2021-06-20 13:57:19", "elapsed": 1202.125573, "delta": 4.055855}}
{"target": -9.164752182963294, "params": {"C": 49.861288095992975, "gamma": 1.3280428413337744}, "datetime": {"datetime": "2021-06-20 13:57:23", "elapsed": 1205.405494, "delta": 3.279921}}
{"target": -9.16357432774111, "params": {"C": 49.82886645948276, "gamma": 1.3373653804336174}, "datetime": {"datetime": "2021-06-20 13:57:27", "elapsed": 1210.162044, "delta": 4.75655}}
{"target": -9.16599879650975, "params": {"C": 49.816390759982525, "gamma": 1.3210411582508244}, "datetime": {"datetime": "2021-06-20 13:57:32", "elapsed": 1214.973188, "delta": 4.811144}}
{"target": -9.161127023449836, "params": {"C": 49.96893857405979, "gamma": 1.3485646726759202}, "datetime": {"datetime": "2021-06-20 13:57:36", "elapsed": 1218.297078, "delta": 3.32389}}
{"target": -9.161476000076844, "params": {"C": 49.85691511769914, "gamma": 1.350376410674878}, "datetime": {"datetime": "2021-06-20 13:57:44", "elapsed": 1226.266339, "delta": 7.969261}}
{"target": -9.16295382803368, "params": {"C": 49.81403182054537, "gamma": 1.3421189240068419}, "datetime": {"datetime": "2021-06-20 13:57:50", "elapsed": 1232.8432, "delta": 6.576861}}
{"target": -9.164605911027136, "params": {"C": 49.78184179675331, "gamma": 1.3320866529081712}, "datetime": {"datetime": "2021-06-20 13:57:55", "elapsed": 1238.170251, "delta": 5.327051}}
{"target": -9.162933377086926, "params": {"C": 49.89228428565413, "gamma": 1.3393299127718166}, "datetime": {"datetime": "2021-06-20 13:58:01", "elapsed": 1243.399285, "delta": 5.229034}}
{"target": -9.162141621135307, "params": {"C": 49.858778465655604, "gamma": 1.345892609433067}, "datetime": {"datetime": "2021-06-20 13:58:06", "elapsed": 1248.740003, "delta": 5.340718}}
{"target": -9.162948111567255, "params": {"C": 49.6079459238397, "gamma": 1.3509616084082277}, "datetime": {"datetime": "2021-06-20 13:58:16", "elapsed": 1258.580519, "delta": 9.840516}}
{"target": -9.162547433871653, "params": {"C": 49.738901795819764, "gamma": 1.347639067296421}, "datetime": {"datetime": "2021-06-20 13:58:20", "elapsed": 1262.285162, "delta": 3.704643}}
{"target": -9.643681787959707, "params": {"C": 28.166649258427622, "gamma": 2.0}, "datetime": {"datetime": "2021-06-20 13:58:22", "elapsed": 1265.031163, "delta": 2.746001}}
{"target": -9.162173233456633, "params": {"C": 49.86184850736963, "gamma": 1.3455679975803447}, "datetime": {"datetime": "2021-06-20 13:58:26", "elapsed": 1268.746282, "delta": 3.715119}}
{"target": -9.161936250782835, "params": {"C": 49.914278031874645, "gamma": 1.3452061712719494}, "datetime": {"datetime": "2021-06-20 13:58:33", "elapsed": 1276.102116, "delta": 7.355834}}
{"target": -9.16680161280878, "params": {"C": 49.895704096921904, "gamma": 1.3648393365661764}, "datetime": {"datetime": "2021-06-20 13:58:40", "elapsed": 1282.490812, "delta": 6.388696}}
{"target": -9.161822028238767, "params": {"C": 49.82990981364165, "gamma": 1.3523657478814304}, "datetime": {"datetime": "2021-06-20 13:58:44", "elapsed": 1286.659165, "delta": 4.168353}}
{"target": -9.162794683760465, "params": {"C": 49.932509197440055, "gamma": 1.3563862477628952}, "datetime": {"datetime": "2021-06-20 13:58:49", "elapsed": 1291.749146, "delta": 5.089981}}
{"target": -9.164628296683286, "params": {"C": 49.65824436231951, "gamma": 1.336637276670788}, "datetime": {"datetime": "2021-06-20 13:58:55", "elapsed": 1297.341475, "delta": 5.592329}}
{"target": -9.198548101379757, "params": {"C": 46.58906876942452, "gamma": 1.3753938312262162}, "datetime": {"datetime": "2021-06-20 13:59:04", "elapsed": 1306.723903, "delta": 9.382428}}
{"target": -9.165739979137475, "params": {"C": 49.75423411751968, "gamma": 1.3252683042715148}, "datetime": {"datetime": "2021-06-20 13:59:08", "elapsed": 1311.176584, "delta": 4.452681}}
{"target": -9.165077355672643, "params": {"C": 49.994323893467175, "gamma": 1.3206643153887951}, "datetime": {"datetime": "2021-06-20 13:59:15", "elapsed": 1317.641749, "delta": 6.465165}}
{"target": -9.16356184030252, "params": {"C": 49.85051394347188, "gamma": 1.3366348896873832}, "datetime": {"datetime": "2021-06-20 13:59:18", "elapsed": 1320.51375, "delta": 2.872001}}
{"target": -9.162323215114471, "params": {"C": 49.92778181041732, "gamma": 1.342116147407831}, "datetime": {"datetime": "2021-06-20 13:59:22", "elapsed": 1324.935047, "delta": 4.421297}}
{"target": -9.161405403691008, "params": {"C": 49.887506532692385, "gamma": 1.352446864535199}, "datetime": {"datetime": "2021-06-20 13:59:31", "elapsed": 1333.937559, "delta": 9.002512}}
{"target": -9.16540412370545, "params": {"C": 49.457948444356134, "gamma": 1.3389744959933156}, "datetime": {"datetime": "2021-06-20 13:59:37", "elapsed": 1340.053835, "delta": 6.116276}}
{"target": -9.163103719920732, "params": {"C": 49.9971716516107, "gamma": 1.3582376087017156}, "datetime": {"datetime": "2021-06-20 13:59:43", "elapsed": 1345.356715, "delta": 5.30288}}
{"target": -9.165875983086629, "params": {"C": 49.6100725973354, "gamma": 1.329883420797067}, "datetime": {"datetime": "2021-06-20 13:59:46", "elapsed": 1348.807864, "delta": 3.451149}}
{"target": -9.162036229125675, "params": {"C": 49.95216478635827, "gamma": 1.3431346935432216}, "datetime": {"datetime": "2021-06-20 13:59:49", "elapsed": 1352.233712, "delta": 3.425848}}
{"target": -9.162000599082567, "params": {"C": 49.99783493658148, "gamma": 1.3416799711939198}, "datetime": {"datetime": "2021-06-20 13:59:56", "elapsed": 1358.911325, "delta": 6.677613}}
{"target": -9.163698562966772, "params": {"C": 49.71539109051537, "gamma": 1.3407958626180887}, "datetime": {"datetime": "2021-06-20 14:00:00", "elapsed": 1363.232236, "delta": 4.320911}}
{"target": -9.16492681088959, "params": {"C": 49.680780089753384, "gamma": 1.356725000673619}, "datetime": {"datetime": "2021-06-20 14:00:06", "elapsed": 1368.517498, "delta": 5.285262}}
{"target": -9.16288042235174, "params": {"C": 49.63773041313517, "gamma": 1.3491887913654814}, "datetime": {"datetime": "2021-06-20 14:00:09", "elapsed": 1371.412447, "delta": 2.894949}}
{"target": -9.162499905779326, "params": {"C": 49.96764834064438, "gamma": 1.3394425706170505}, "datetime": {"datetime": "2021-06-20 14:00:16", "elapsed": 1378.652456, "delta": 7.240009}}
{"target": -9.164767746919711, "params": {"C": 49.82533798264824, "gamma": 1.3589485831481412}, "datetime": {"datetime": "2021-06-20 14:00:24", "elapsed": 1386.692039, "delta": 8.039583}}
{"target": -9.163771987347323, "params": {"C": 49.68220673424768, "gamma": 1.341549010850584}, "datetime": {"datetime": "2021-06-20 14:00:28", "elapsed": 1391.11224, "delta": 4.420201}}
{"target": -9.16393442175418, "params": {"C": 49.98850477451184, "gamma": 1.3288621371639673}, "datetime": {"datetime": "2021-06-20 14:00:34", "elapsed": 1397.11174, "delta": 5.9995}}
{"target": -9.16207510384832, "params": {"C": 49.868647286299954, "gamma": 1.3536241427945408}, "datetime": {"datetime": "2021-06-20 14:00:41", "elapsed": 1403.655972, "delta": 6.544232}}
{"target": -9.161279267751747, "params": {"C": 49.98494510593762, "gamma": 1.3469682837421224}, "datetime": {"datetime": "2021-06-20 14:00:46", "elapsed": 1408.710983, "delta": 5.055011}}
{"target": -9.175790966284355, "params": {"C": 48.77808822332021, "gamma": 1.2980156692363158}, "datetime": {"datetime": "2021-06-20 14:00:50", "elapsed": 1413.168866, "delta": 4.457883}}
{"target": -9.54483249912408, "params": {"C": 27.58579297511055, "gamma": 0.9888163303168757}, "datetime": {"datetime": "2021-06-20 14:00:56", "elapsed": 1418.76699, "delta": 5.598124}}
{"target": -9.163267761963896, "params": {"C": 49.53881525705658, "gamma": 1.350304740611645}, "datetime": {"datetime": "2021-06-20 14:01:00", "elapsed": 1422.662483, "delta": 3.895493}}
{"target": -9.163221858771813, "params": {"C": 49.71104588373265, "gamma": 1.3441704597636797}, "datetime": {"datetime": "2021-06-20 14:01:05", "elapsed": 1428.063303, "delta": 5.40082}}
{"target": -9.161355251764267, "params": {"C": 49.91965466568251, "gamma": 1.34886629667764}, "datetime": {"datetime": "2021-06-20 14:01:08", "elapsed": 1430.990384, "delta": 2.927081}}
{"target": -9.161739085937716, "params": {"C": 49.98253037796617, "gamma": 1.3439971618436486}, "datetime": {"datetime": "2021-06-20 14:01:13", "elapsed": 1435.351587, "delta": 4.361203}}
{"target": -9.163371618003858, "params": {"C": 49.86935806160795, "gamma": 1.337219499597181}, "datetime": {"datetime": "2021-06-20 14:01:18", "elapsed": 1440.907515, "delta": 5.555928}}
{"target": -9.162771932632815, "params": {"C": 49.97999267404447, "gamma": 1.337141286985049}, "datetime": {"datetime": "2021-06-20 14:01:24", "elapsed": 1447.045971, "delta": 6.138456}}
{"target": -9.163201679472028, "params": {"C": 49.84603757189199, "gamma": 1.3557690065196855}, "datetime": {"datetime": "2021-06-20 14:01:29", "elapsed": 1451.436829, "delta": 4.390858}}
{"target": -9.162086325903832, "params": {"C": 49.965705025320396, "gamma": 1.3422968441336496}, "datetime": {"datetime": "2021-06-20 14:01:34", "elapsed": 1456.966879, "delta": 5.53005}}
{"target": -9.164603064029535, "params": {"C": 49.77290252524555, "gamma": 1.3324468237334537}, "datetime": {"datetime": "2021-06-20 14:01:42", "elapsed": 1464.96532, "delta": 7.998441}}
{"target": -9.163177975832703, "params": {"C": 49.84876417744606, "gamma": 1.3557639051189174}, "datetime": {"datetime": "2021-06-20 14:01:47", "elapsed": 1470.100584, "delta": 5.135264}}
{"target": -9.164577410787427, "params": {"C": 49.72149292345873, "gamma": 1.3345801744001937}, "datetime": {"datetime": "2021-06-20 14:01:50", "elapsed": 1472.756246, "delta": 2.655662}}
{"target": -9.161553647016575, "params": {"C": 49.98510812900057, "gamma": 1.3451386049222689}, "datetime": {"datetime": "2021-06-20 14:01:56", "elapsed": 1479.212494, "delta": 6.456248}}
{"target": -9.166680150927561, "params": {"C": 49.94554350114992, "gamma": 1.3654579631291728}, "datetime": {"datetime": "2021-06-20 14:02:01", "elapsed": 1484.088109, "delta": 4.875615}}
{"target": -9.16171214572319, "params": {"C": 49.95577066226094, "gamma": 1.3451657842441285}, "datetime": {"datetime": "2021-06-20 14:02:05", "elapsed": 1487.879453, "delta": 3.791344}}
{"target": -9.620302569081108, "params": {"C": 29.606426103780127, "gamma": 2.0}, "datetime": {"datetime": "2021-06-20 14:02:13", "elapsed": 1495.578954, "delta": 7.699501}}
