{"target": -9.065353058623947, "params": {"C": 77.17925000125102, "gamma": 1.3958597990849362}, "datetime": {"datetime": "2021-06-20 14:42:55", "elapsed": 160.05103, "delta": 1.306}}
{"target": -9.06046559229123, "params": {"C": 97.62968472030751, "gamma": 1.3070391646043964}, "datetime": {"datetime": "2021-06-20 14:42:56", "elapsed": 161.292031, "delta": 1.241001}}
{"target": -9.060946229318066, "params": {"C": 83.14037546885442, "gamma": 1.398623036467713}, "datetime": {"datetime": "2021-06-20 14:42:57", "elapsed": 162.708034, "delta": 1.416003}}
{"target": -9.061031807679019, "params": {"C": 87.67793958426711, "gamma": 1.4312791347293796}, "datetime": {"datetime": "2021-06-20 14:42:59", "elapsed": 164.167699, "delta": 1.459665}}
{"target": -9.075620753163365, "params": {"C": 72.49152285593189, "gamma": 1.4358005943019645}, "datetime": {"datetime": "2021-06-20 14:43:00", "elapsed": 165.431699, "delta": 1.264}}
{"target": -9.062100737046753, "params": {"C": 80.26704721332457, "gamma": 1.4006510315141614}, "datetime": {"datetime": "2021-06-20 14:43:02", "elapsed": 166.875697, "delta": 1.443998}}
{"target": -9.06898751895203, "params": {"C": 90.24036659851333, "gamma": 1.2756586299341919}, "datetime": {"datetime": "2021-06-20 14:43:03", "elapsed": 168.698362, "delta": 1.822665}}
{"target": -9.06155369454802, "params": {"C": 90.85421823080026, "gamma": 1.305955531253009}, "datetime": {"datetime": "2021-06-20 14:43:05", "elapsed": 169.916362, "delta": 1.218}}
{"target": -9.059004929902676, "params": {"C": 90.58268180387273, "gamma": 1.3617584435774166}, "datetime": {"datetime": "2021-06-20 14:43:06", "elapsed": 171.293362, "delta": 1.377}}
{"target": -9.063616176241942, "params": {"C": 78.47219086056036, "gamma": 1.434791510061138}, "datetime": {"datetime": "2021-06-20 14:43:07", "elapsed": 172.576361, "delta": 1.282999}}
{"target": -9.084791466353913, "params": {"C": 77.29436564066296, "gamma": 1.2465345820802285}, "datetime": {"datetime": "2021-06-20 14:43:09", "elapsed": 174.278956, "delta": 1.702595}}
{"target": -9.076014583210453, "params": {"C": 99.72060194811401, "gamma": 1.245767639343925}, "datetime": {"datetime": "2021-06-20 14:43:10", "elapsed": 175.67996, "delta": 1.401004}}
{"target": -9.06243715620366, "params": {"C": 81.45955396602298, "gamma": 1.3630497059197113}, "datetime": {"datetime": "2021-06-20 14:43:12", "elapsed": 177.130956, "delta": 1.450996}}
{"target": -9.066880979115535, "params": {"C": 75.44912775566188, "gamma": 1.4049843185513324}, "datetime": {"datetime": "2021-06-20 14:43:13", "elapsed": 178.618586, "delta": 1.48763}}
{"target": -9.071354665228998, "params": {"C": 92.15437658087333, "gamma": 1.2649071553107893}, "datetime": {"datetime": "2021-06-20 14:43:14", "elapsed": 179.835589, "delta": 1.217003}}
{"target": -9.073600568678444, "params": {"C": 88.23115350115512, "gamma": 1.2590351116316412}, "datetime": {"datetime": "2021-06-20 14:43:16", "elapsed": 181.080589, "delta": 1.245}}
{"target": -9.060170249068534, "params": {"C": 86.98182445407551, "gamma": 1.4096554882253647}, "datetime": {"datetime": "2021-06-20 14:43:17", "elapsed": 182.631585, "delta": 1.550996}}
{"target": -9.084387021284275, "params": {"C": 74.59574123751887, "gamma": 1.4604262499719596}, "datetime": {"datetime": "2021-06-20 14:43:19", "elapsed": 184.187186, "delta": 1.555601}}
{"target": -9.064290848935208, "params": {"C": 78.20920705415222, "gamma": 1.395240502768873}, "datetime": {"datetime": "2021-06-20 14:43:20", "elapsed": 185.529186, "delta": 1.342}}
{"target": -9.082927068550251, "params": {"C": 84.64152429099092, "gamma": 1.2291437089964456}, "datetime": {"datetime": "2021-06-20 14:43:22", "elapsed": 187.081183, "delta": 1.551997}}
{"target": -9.061618848050497, "params": {"C": 82.56758221708589, "gamma": 1.3594001405287715}, "datetime": {"datetime": "2021-06-20 14:43:23", "elapsed": 188.744784, "delta": 1.663601}}
{"target": -9.067970391426789, "params": {"C": 86.56705725127232, "gamma": 1.2866295892901722}, "datetime": {"datetime": "2021-06-20 14:43:25", "elapsed": 190.043785, "delta": 1.299001}}
{"target": -9.059407531555735, "params": {"C": 85.51141324303669, "gamma": 1.3723743264816246}, "datetime": {"datetime": "2021-06-20 14:43:26", "elapsed": 191.459004, "delta": 1.415219}}
{"target": -9.060068639272922, "params": {"C": 85.9723820449874, "gamma": 1.400605075842533}, "datetime": {"datetime": "2021-06-20 14:43:27", "elapsed": 192.657005, "delta": 1.198001}}
{"target": -9.060840445796451, "params": {"C": 83.7695831534169, "gamma": 1.40395641532208}, "datetime": {"datetime": "2021-06-20 14:43:29", "elapsed": 194.360601, "delta": 1.703596}}
{"target": -9.07821572945581, "params": {"C": 69.50745715775892, "gamma": 1.419054303458451}, "datetime": {"datetime": "2021-06-20 14:43:31", "elapsed": 196.129603, "delta": 1.769002}}
{"target": -9.087411907193562, "params": {"C": 67.22346120101015, "gamma": 1.4192900170024074}, "datetime": {"datetime": "2021-06-20 14:43:32", "elapsed": 197.531603, "delta": 1.402}}
{"target": -9.093097549872727, "params": {"C": 66.7373699363789, "gamma": 1.4262856983190115}, "datetime": {"datetime": "2021-06-20 14:43:34", "elapsed": 199.093645, "delta": 1.562042}}
{"target": -9.12277265901389, "params": {"C": 60.14248339191076, "gamma": 1.2808604358370919}, "datetime": {"datetime": "2021-06-20 14:43:35", "elapsed": 200.32265, "delta": 1.229005}}
{"target": -9.059696259896217, "params": {"C": 85.2680239263938, "gamma": 1.3539501249083237}, "datetime": {"datetime": "2021-06-20 14:43:36", "elapsed": 201.489647, "delta": 1.166997}}
{"target": -9.06344990658132, "params": {"C": 78.7477382811492, "gamma": 1.4328558078755107}, "datetime": {"datetime": "2021-06-20 14:43:37", "elapsed": 202.770647, "delta": 1.281}}
{"target": -9.06484331823679, "params": {"C": 80.47804762886467, "gamma": 1.3250858080555261}, "datetime": {"datetime": "2021-06-20 14:43:39", "elapsed": 204.64531, "delta": 1.874663}}
{"target": -9.068907660167138, "params": {"C": 97.43978299808535, "gamma": 1.2749669999015867}, "datetime": {"datetime": "2021-06-20 14:43:41", "elapsed": 205.978307, "delta": 1.332997}}
{"target": -9.062310085503901, "params": {"C": 96.93194168609315, "gamma": 1.3793670845358463}, "datetime": {"datetime": "2021-06-20 14:43:42", "elapsed": 207.43131, "delta": 1.453003}}
{"target": -9.065771001124707, "params": {"C": 76.70219497818898, "gamma": 1.3981603572657635}, "datetime": {"datetime": "2021-06-20 14:43:43", "elapsed": 208.758991, "delta": 1.327681}}
{"target": -9.062361947883113, "params": {"C": 79.96599416329681, "gamma": 1.3980853723303879}, "datetime": {"datetime": "2021-06-20 14:43:45", "elapsed": 210.091991, "delta": 1.333}}
{"target": -9.067830040584495, "params": {"C": 77.74998085052232, "gamma": 1.3423093856460104}, "datetime": {"datetime": "2021-06-20 14:43:46", "elapsed": 211.624991, "delta": 1.533}}
{"target": -9.069764912263556, "params": {"C": 90.68758460568601, "gamma": 1.2721306880806638}, "datetime": {"datetime": "2021-06-20 14:43:47", "elapsed": 212.841993, "delta": 1.217002}}
{"target": -9.059765781716834, "params": {"C": 86.07752548196171, "gamma": 1.3248847775412622}, "datetime": {"datetime": "2021-06-20 14:43:49", "elapsed": 214.508621, "delta": 1.666628}}
{"target": -9.061160204107964, "params": {"C": 91.07681427231213, "gamma": 1.404358781748422}, "datetime": {"datetime": "2021-06-20 14:43:50", "elapsed": 215.665622, "delta": 1.157001}}
{"target": -9.059206151495628, "params": {"C": 91.56103956729359, "gamma": 1.3621794276248558}, "datetime": {"datetime": "2021-06-20 14:43:52", "elapsed": 217.654987, "delta": 1.989365}}
{"target": -9.060140160061152, "params": {"C": 91.80536960126466, "gamma": 1.377791435947406}, "datetime": {"datetime": "2021-06-20 14:43:54", "elapsed": 219.12805, "delta": 1.473063}}
{"target": -9.081840970447248, "params": {"C": 72.34147509451745, "gamma": 1.2841745178607964}, "datetime": {"datetime": "2021-06-20 14:43:55", "elapsed": 220.457048, "delta": 1.328998}}
{"target": -9.05838617401193, "params": {"C": 87.78250983007374, "gamma": 1.340104457489252}, "datetime": {"datetime": "2021-06-20 14:43:56", "elapsed": 221.556051, "delta": 1.099003}}
{"target": -9.062943845772033, "params": {"C": 81.23148035385395, "gamma": 1.3502691246304521}, "datetime": {"datetime": "2021-06-20 14:43:57", "elapsed": 222.812051, "delta": 1.256}}
{"target": -9.05881097964638, "params": {"C": 92.53607983585349, "gamma": 1.3489847911342083}, "datetime": {"datetime": "2021-06-20 14:43:59", "elapsed": 224.443051, "delta": 1.631}}
{"target": -9.07515904597193, "params": {"C": 73.81643808954888, "gamma": 1.3209961776939985}, "datetime": {"datetime": "2021-06-20 14:44:00", "elapsed": 225.852055, "delta": 1.409004}}
{"target": -9.06768892336782, "params": {"C": 89.58431468183826, "gamma": 1.2817431653552378}, "datetime": {"datetime": "2021-06-20 14:44:02", "elapsed": 227.219054, "delta": 1.366999}}
{"target": -9.058788340448078, "params": {"C": 86.84327535887749, "gamma": 1.3475256181152575}, "datetime": {"datetime": "2021-06-20 14:44:03", "elapsed": 228.473057, "delta": 1.254003}}
{"target": -9.067006922212682, "params": {"C": 96.76813046254837, "gamma": 1.2824049252319474}, "datetime": {"datetime": "2021-06-20 14:44:05", "elapsed": 229.932663, "delta": 1.459606}}
{"target": -9.063246092670575, "params": {"C": 97.15721216347637, "gamma": 1.4051229667417389}, "datetime": {"datetime": "2021-06-20 14:44:06", "elapsed": 231.412665, "delta": 1.480002}}
{"target": -9.072738813025296, "params": {"C": 71.70179280438933, "gamma": 1.4245746015720047}, "datetime": {"datetime": "2021-06-20 14:44:07", "elapsed": 232.850663, "delta": 1.437998}}
{"target": -9.061385558113031, "params": {"C": 90.36481523547397, "gamma": 1.4183576075349962}, "datetime": {"datetime": "2021-06-20 14:44:09", "elapsed": 234.219279, "delta": 1.368616}}
{"target": -9.060091968944791, "params": {"C": 83.64239907890675, "gamma": 1.377120155050676}, "datetime": {"datetime": "2021-06-20 14:44:10", "elapsed": 235.860279, "delta": 1.641}}
{"target": -9.063602008960638, "params": {"C": 80.8376780349639, "gamma": 1.3394834447992527}, "datetime": {"datetime": "2021-06-20 14:44:12", "elapsed": 237.39328, "delta": 1.533001}}
{"target": -9.072004757387177, "params": {"C": 75.6363035695195, "gamma": 1.3259649989038906}, "datetime": {"datetime": "2021-06-20 14:44:13", "elapsed": 238.748925, "delta": 1.355645}}
{"target": -9.062150221299165, "params": {"C": 93.24487263965588, "gamma": 1.4153225035034485}, "datetime": {"datetime": "2021-06-20 14:44:15", "elapsed": 240.002926, "delta": 1.254001}}
{"target": -9.065223531075493, "params": {"C": 91.69246544312256, "gamma": 1.2913321704978786}, "datetime": {"datetime": "2021-06-20 14:44:16", "elapsed": 241.450922, "delta": 1.447996}}
{"target": -9.060627479292886, "params": {"C": 91.30600384597199, "gamma": 1.3901543498934346}, "datetime": {"datetime": "2021-06-20 14:44:17", "elapsed": 242.611925, "delta": 1.161003}}
{"target": -9.059010777903458, "params": {"C": 85.74514427948932, "gamma": 1.3630165061721025}, "datetime": {"datetime": "2021-06-20 14:44:19", "elapsed": 244.204579, "delta": 1.592654}}
{"target": -9.064635131350837, "params": {"C": 79.2913930904271, "gamma": 1.3564965241731781}, "datetime": {"datetime": "2021-06-20 14:44:20", "elapsed": 245.786577, "delta": 1.581998}}
{"target": -9.060719005164117, "params": {"C": 88.64562146902175, "gamma": 1.4120833263435804}, "datetime": {"datetime": "2021-06-20 14:44:22", "elapsed": 247.088576, "delta": 1.301999}}
{"target": -9.059736892090395, "params": {"C": 95.85195305486029, "gamma": 1.3087025191853292}, "datetime": {"datetime": "2021-06-20 14:44:23", "elapsed": 248.501576, "delta": 1.413}}
{"target": -9.058424390047232, "params": {"C": 89.09162045159256, "gamma": 1.35535320998885}, "datetime": {"datetime": "2021-06-20 14:44:25", "elapsed": 250.023186, "delta": 1.52161}}
{"target": -9.060266126815796, "params": {"C": 88.2245065306922, "gamma": 1.4038391861687816}, "datetime": {"datetime": "2021-06-20 14:44:27", "elapsed": 252.12719, "delta": 2.104004}}
{"target": -9.061343539347648, "params": {"C": 92.82469861791202, "gamma": 1.3939890274097817}, "datetime": {"datetime": "2021-06-20 14:44:28", "elapsed": 253.566878, "delta": 1.439688}}
{"target": -9.062372783108486, "params": {"C": 91.07527482736205, "gamma": 1.3027265380451618}, "datetime": {"datetime": "2021-06-20 14:44:29", "elapsed": 254.846874, "delta": 1.279996}}
{"target": -9.060985812273561, "params": {"C": 83.91300254375156, "gamma": 1.3428634334942064}, "datetime": {"datetime": "2021-06-20 14:44:31", "elapsed": 256.415875, "delta": 1.569001}}
{"target": -9.059157799046602, "params": {"C": 91.97437963661741, "gamma": 1.3590643268601548}, "datetime": {"datetime": "2021-06-20 14:44:33", "elapsed": 257.907874, "delta": 1.491999}}
{"target": -9.072457019573175, "params": {"C": 73.38555689922848, "gamma": 1.3812958660795462}, "datetime": {"datetime": "2021-06-20 14:44:34", "elapsed": 259.22551, "delta": 1.317636}}
{"target": -9.064537394579743, "params": {"C": 82.28234964135012, "gamma": 1.3119957881860955}, "datetime": {"datetime": "2021-06-20 14:44:35", "elapsed": 260.796517, "delta": 1.571007}}
{"target": -9.066405973144223, "params": {"C": 95.99320709029246, "gamma": 1.284965277930518}, "datetime": {"datetime": "2021-06-20 14:44:37", "elapsed": 262.270514, "delta": 1.473997}}
{"target": -9.062893230335476, "params": {"C": 81.71342240871459, "gamma": 1.335143368387466}, "datetime": {"datetime": "2021-06-20 14:44:39", "elapsed": 263.94316, "delta": 1.672646}}
{"target": -9.062371196538969, "params": {"C": 95.75197880971314, "gamma": 1.3925641692438095}, "datetime": {"datetime": "2021-06-20 14:44:40", "elapsed": 265.32916, "delta": 1.386}}
{"target": -9.0589064458478, "params": {"C": 87.57240028097786, "gamma": 1.3702965675897125}, "datetime": {"datetime": "2021-06-20 14:44:42", "elapsed": 267.289161, "delta": 1.960001}}
{"target": -9.06057473146515, "params": {"C": 85.38391043609832, "gamma": 1.3181745796620026}, "datetime": {"datetime": "2021-06-20 14:44:44", "elapsed": 268.906833, "delta": 1.617672}}
{"target": -9.05937421421499, "params": {"C": 93.05458405698735, "gamma": 1.3586645262544421}, "datetime": {"datetime": "2021-06-20 14:44:45", "elapsed": 270.475833, "delta": 1.569}}
{"target": -9.060930147990867, "params": {"C": 87.95023012586907, "gamma": 1.4245052357533936}, "datetime": {"datetime": "2021-06-20 14:44:47", "elapsed": 272.152834, "delta": 1.677001}}
{"target": -9.067860288317473, "params": {"C": 75.19697891620584, "gamma": 1.3974335036824652}, "datetime": {"datetime": "2021-06-20 14:44:48", "elapsed": 273.626195, "delta": 1.473361}}
{"target": -9.059823539381789, "params": {"C": 87.19707408524461, "gamma": 1.4008896519363532}, "datetime": {"datetime": "2021-06-20 14:44:50", "elapsed": 274.943196, "delta": 1.317001}}
{"target": -9.06080745966615, "params": {"C": 88.95810894891386, "gamma": 1.4121320873746288}, "datetime": {"datetime": "2021-06-20 14:44:51", "elapsed": 276.509195, "delta": 1.565999}}
{"target": -9.059110418287245, "params": {"C": 89.74061145666357, "gamma": 1.3677083729155308}, "datetime": {"datetime": "2021-06-20 14:44:53", "elapsed": 278.411196, "delta": 1.902001}}
{"target": -9.061322359073582, "params": {"C": 90.81979512011081, "gamma": 1.4115164296787994}, "datetime": {"datetime": "2021-06-20 14:44:55", "elapsed": 280.38456, "delta": 1.973364}}
{"target": -9.06144755130384, "params": {"C": 82.9830385794171, "gamma": 1.3536243954945968}, "datetime": {"datetime": "2021-06-20 14:44:57", "elapsed": 281.963556, "delta": 1.578996}}
{"target": -9.05947325128453, "params": {"C": 88.51585315481186, "gamma": 1.382639293685209}, "datetime": {"datetime": "2021-06-20 14:44:58", "elapsed": 283.547556, "delta": 1.584}}
{"target": -9.090504316096773, "params": {"C": 67.844401880911, "gamma": 1.429909340135867}, "datetime": {"datetime": "2021-06-20 14:45:00", "elapsed": 285.421202, "delta": 1.873646}}
{"target": -9.058269233247957, "params": {"C": 93.29084928029474, "gamma": 1.3358320450799148}, "datetime": {"datetime": "2021-06-20 14:45:02", "elapsed": 287.030202, "delta": 1.609}}
{"target": -9.05842396101789, "params": {"C": 89.34609187777257, "gamma": 1.354458422255365}, "datetime": {"datetime": "2021-06-20 14:45:03", "elapsed": 288.623202, "delta": 1.593}}
{"target": -9.05918485574864, "params": {"C": 93.49226782139138, "gamma": 1.3521138677864626}, "datetime": {"datetime": "2021-06-20 14:45:05", "elapsed": 290.464721, "delta": 1.841519}}
{"target": -9.059420268446928, "params": {"C": 86.20222284575358, "gamma": 1.3772041375344781}, "datetime": {"datetime": "2021-06-20 14:45:07", "elapsed": 292.12472, "delta": 1.659999}}
{"target": -9.059920917368428, "params": {"C": 90.43029142547314, "gamma": 1.382914073298218}, "datetime": {"datetime": "2021-06-20 14:45:09", "elapsed": 293.947444, "delta": 1.822724}}
{"target": -9.064591184743179, "params": {"C": 78.60146614984228, "gamma": 1.3777585990644539}, "datetime": {"datetime": "2021-06-20 14:45:10", "elapsed": 295.462449, "delta": 1.515005}}
{"target": -9.063005498838791, "params": {"C": 79.04451778092593, "gamma": 1.403544534451578}, "datetime": {"datetime": "2021-06-20 14:45:12", "elapsed": 297.372445, "delta": 1.909996}}
{"target": -9.062980921966695, "params": {"C": 97.68021194060705, "gamma": 1.3883174942974124}, "datetime": {"datetime": "2021-06-20 14:45:14", "elapsed": 299.333071, "delta": 1.960626}}
{"target": -9.058530462044285, "params": {"C": 89.93048866553934, "gamma": 1.3543710630205976}, "datetime": {"datetime": "2021-06-20 14:45:16", "elapsed": 301.029069, "delta": 1.695998}}
{"target": -9.066096910787348, "params": {"C": 94.21923648254973, "gamma": 1.2868629436402048}, "datetime": {"datetime": "2021-06-20 14:45:18", "elapsed": 303.054074, "delta": 2.025005}}
{"target": -9.070561293170677, "params": {"C": 94.55994192574666, "gamma": 1.2686689258661268}, "datetime": {"datetime": "2021-06-20 14:45:20", "elapsed": 305.129701, "delta": 2.075627}}
{"target": -9.058497991980936, "params": {"C": 93.86503605989051, "gamma": 1.337055961455755}, "datetime": {"datetime": "2021-06-20 14:45:22", "elapsed": 306.9847, "delta": 1.854999}}
{"target": -9.062869997475245, "params": {"C": 93.67639607115197, "gamma": 1.2992457269367534}, "datetime": {"datetime": "2021-06-20 14:45:24", "elapsed": 309.145555, "delta": 2.160855}}
{"target": -9.057579382476629, "params": {"C": 93.98036378248516, "gamma": 1.322427622865282}, "datetime": {"datetime": "2021-06-20 14:45:25", "elapsed": 310.734553, "delta": 1.588998}}
{"target": -9.09003455753861, "params": {"C": 69.89762760922407, "gamma": 1.444699364918307}, "datetime": {"datetime": "2021-06-20 14:45:28", "elapsed": 313.189142, "delta": 2.454589}}
{"target": -9.059516793931586, "params": {"C": 87.81759498123775, "gamma": 1.3864716795144456}, "datetime": {"datetime": "2021-06-20 14:45:30", "elapsed": 315.092754, "delta": 1.903612}}
{"target": -9.067288340222731, "params": {"C": 77.98273113826852, "gamma": 1.3452557025654246}, "datetime": {"datetime": "2021-06-20 14:45:32", "elapsed": 316.988755, "delta": 1.896001}}
{"target": -9.061247817267786, "params": {"C": 83.279493872329, "gamma": 1.3523593276206196}, "datetime": {"datetime": "2021-06-20 14:45:33", "elapsed": 318.669349, "delta": 1.680594}}
{"target": -9.065355288796233, "params": {"C": 76.91383370027377, "gamma": 1.4021723462223281}, "datetime": {"datetime": "2021-06-20 14:45:36", "elapsed": 321.078348, "delta": 2.408999}}
{"target": -9.058964826812709, "params": {"C": 88.83688914159217, "gamma": 1.36756438425805}, "datetime": {"datetime": "2021-06-20 14:45:38", "elapsed": 323.02535, "delta": 1.947002}}
{"target": -9.060487701674113, "params": {"C": 92.47339810104154, "gamma": 1.3792681350081544}, "datetime": {"datetime": "2021-06-20 14:45:39", "elapsed": 324.448206, "delta": 1.422856}}
{"target": -9.059408423914498, "params": {"C": 90.95541509261801, "gamma": 1.3703626494303933}, "datetime": {"datetime": "2021-06-20 14:45:42", "elapsed": 327.315738, "delta": 2.867532}}
{"target": -9.06034998405859, "params": {"C": 92.6580192928589, "gamma": 1.3756389315708015}, "datetime": {"datetime": "2021-06-20 14:45:44", "elapsed": 329.395385, "delta": 2.079647}}
{"target": -9.057559437037227, "params": {"C": 91.45302920505075, "gamma": 1.3270536000156834}, "datetime": {"datetime": "2021-06-20 14:45:46", "elapsed": 331.731381, "delta": 2.335996}}
{"target": -9.060328390714455, "params": {"C": 91.45779446998836, "gamma": 1.3833753759513492}, "datetime": {"datetime": "2021-06-20 14:45:48", "elapsed": 333.314383, "delta": 1.583002}}
{"target": -9.058579052781072, "params": {"C": 88.07057698453687, "gamma": 1.3617340955547035}, "datetime": {"datetime": "2021-06-20 14:45:50", "elapsed": 335.603985, "delta": 2.289602}}
{"target": -9.057578114684098, "params": {"C": 91.89527480599739, "gamma": 1.3309447061510151}, "datetime": {"datetime": "2021-06-20 14:45:53", "elapsed": 338.665626, "delta": 3.061641}}
{"target": -9.059848347695647, "params": {"C": 86.78540464410338, "gamma": 1.4017779849897838}, "datetime": {"datetime": "2021-06-20 14:45:55", "elapsed": 340.279771, "delta": 1.614145}}
{"target": -9.059281988796439, "params": {"C": 90.10318518781577, "gamma": 1.3706708614726435}, "datetime": {"datetime": "2021-06-20 14:45:57", "elapsed": 342.259042, "delta": 1.979271}}
{"target": -9.060347703786615, "params": {"C": 85.4193756345745, "gamma": 1.4084124223586227}, "datetime": {"datetime": "2021-06-20 14:45:59", "elapsed": 344.252044, "delta": 1.993002}}
{"target": -9.057967687697852, "params": {"C": 89.00110908069264, "gamma": 1.337403982976044}, "datetime": {"datetime": "2021-06-20 14:46:01", "elapsed": 346.151043, "delta": 1.898999}}
{"target": -9.059125775726361, "params": {"C": 85.83087567091093, "gamma": 1.3673744174940556}, "datetime": {"datetime": "2021-06-20 14:46:03", "elapsed": 347.953046, "delta": 1.802003}}
