{"target": -9.057656605595186, "params": {"C": 93.88040873319756, "gamma": 1.3172318898235613}, "datetime": {"datetime": "2021-06-20 14:46:05", "elapsed": 350.185702, "delta": 2.232656}}
{"target": -9.059355620662094, "params": {"C": 88.41380666730143, "gamma": 1.3793140868222475}, "datetime": {"datetime": "2021-06-20 14:46:07", "elapsed": 352.369699, "delta": 2.183997}}
{"target": -9.057332829381398, "params": {"C": 93.99149369938172, "gamma": 1.319022078809853}, "datetime": {"datetime": "2021-06-20 14:46:09", "elapsed": 354.350322, "delta": 1.980623}}
{"target": -9.057559398843077, "params": {"C": 91.31591466266408, "gamma": 1.3287259918146554}, "datetime": {"datetime": "2021-06-20 14:46:11", "elapsed": 356.576321, "delta": 2.225999}}
{"target": -9.059053179200806, "params": {"C": 93.39320314459107, "gamma": 1.34979428756478}, "datetime": {"datetime": "2021-06-20 14:46:13", "elapsed": 358.475321, "delta": 1.899}}
{"target": -9.06144873403831, "params": {"C": 82.11801207708208, "gamma": 1.4040360144749178}, "datetime": {"datetime": "2021-06-20 14:46:15", "elapsed": 360.74893, "delta": 2.273609}}
{"target": -9.061768981420489, "params": {"C": 81.85791519083317, "gamma": 1.4157675501242233}, "datetime": {"datetime": "2021-06-20 14:46:17", "elapsed": 362.66793, "delta": 1.919}}
{"target": -9.061987045850515, "params": {"C": 81.61779270450015, "gamma": 1.426778896940946}, "datetime": {"datetime": "2021-06-20 14:46:20", "elapsed": 365.041592, "delta": 2.373662}}
{"target": -9.058985649133557, "params": {"C": 87.64296936075846, "gamma": 1.3719474874940787}, "datetime": {"datetime": "2021-06-20 14:46:22", "elapsed": 367.140592, "delta": 2.099}}
{"target": -9.0602380200699, "params": {"C": 85.68034761771182, "gamma": 1.4062341184344702}, "datetime": {"datetime": "2021-06-20 14:46:24", "elapsed": 368.986196, "delta": 1.845604}}
{"target": -9.06341584633272, "params": {"C": 93.91232951928197, "gamma": 1.2971050734030387}, "datetime": {"datetime": "2021-06-20 14:46:25", "elapsed": 370.568192, "delta": 1.581996}}
{"target": -9.05925448462839, "params": {"C": 90.31807030932256, "gamma": 1.3690164002558227}, "datetime": {"datetime": "2021-06-20 14:46:27", "elapsed": 372.514191, "delta": 1.945999}}
{"target": -9.060819342579652, "params": {"C": 83.77128067590544, "gamma": 1.354060833843291}, "datetime": {"datetime": "2021-06-20 14:46:29", "elapsed": 374.555194, "delta": 2.041003}}
{"target": -9.058001860748812, "params": {"C": 91.38991935701605, "gamma": 1.3394310612642037}, "datetime": {"datetime": "2021-06-20 14:46:31", "elapsed": 376.551191, "delta": 1.995997}}
{"target": -9.062554145682856, "params": {"C": 80.46930849752354, "gamma": 1.4309512601631054}, "datetime": {"datetime": "2021-06-20 14:46:33", "elapsed": 378.56585, "delta": 2.014659}}
{"target": -9.058262119512527, "params": {"C": 87.33834118266647, "gamma": 1.353100995904218}, "datetime": {"datetime": "2021-06-20 14:46:35", "elapsed": 380.651848, "delta": 2.085998}}
{"target": -9.06420418760042, "params": {"C": 81.02512932943988, "gamma": 1.3229861995930416}, "datetime": {"datetime": "2021-06-20 14:46:37", "elapsed": 382.505846, "delta": 1.853998}}
{"target": -9.060488102748096, "params": {"C": 93.17035155422147, "gamma": 1.374467613788469}, "datetime": {"datetime": "2021-06-20 14:46:40", "elapsed": 384.969478, "delta": 2.463632}}
{"target": -9.061239819120047, "params": {"C": 83.3229344191758, "gamma": 1.4243726316530283}, "datetime": {"datetime": "2021-06-20 14:46:42", "elapsed": 386.879478, "delta": 1.91}}
{"target": -9.057814494130065, "params": {"C": 89.81540304592608, "gamma": 1.334135302563594}, "datetime": {"datetime": "2021-06-20 14:46:44", "elapsed": 389.083078, "delta": 2.2036}}
{"target": -9.059376829958115, "params": {"C": 86.43445114202086, "gamma": 1.3775528142285978}, "datetime": {"datetime": "2021-06-20 14:46:46", "elapsed": 391.02882, "delta": 1.945742}}
{"target": -9.059201099658054, "params": {"C": 87.48401198167147, "gamma": 1.3778913285894963}, "datetime": {"datetime": "2021-06-20 14:46:47", "elapsed": 392.81682, "delta": 1.788}}
{"target": -9.07271829100679, "params": {"C": 74.32323730876666, "gamma": 1.3532508774860839}, "datetime": {"datetime": "2021-06-20 14:46:50", "elapsed": 395.271471, "delta": 2.454651}}
{"target": -9.058822942666316, "params": {"C": 90.44466002714506, "gamma": 1.3583055564814213}, "datetime": {"datetime": "2021-06-20 14:46:52", "elapsed": 397.65747, "delta": 2.385999}}
{"target": -9.05819395638265, "params": {"C": 91.26364033651723, "gamma": 1.3431173694216028}, "datetime": {"datetime": "2021-06-20 14:46:55", "elapsed": 400.092702, "delta": 2.435232}}
{"target": -9.058985059116289, "params": {"C": 86.96408176356186, "gamma": 1.3699342898242626}, "datetime": {"datetime": "2021-06-20 14:46:57", "elapsed": 402.458304, "delta": 2.365602}}
{"target": -9.058403675127051, "params": {"C": 87.86859168653919, "gamma": 1.3589262033467724}, "datetime": {"datetime": "2021-06-20 14:46:59", "elapsed": 404.298921, "delta": 1.840617}}
{"target": -9.057877981179818, "params": {"C": 89.98538631740863, "gamma": 1.3278577727820904}, "datetime": {"datetime": "2021-06-20 14:47:02", "elapsed": 407.195449, "delta": 2.896528}}
{"target": -9.058021232155305, "params": {"C": 94.0389117959208, "gamma": 1.315873614515422}, "datetime": {"datetime": "2021-06-20 14:47:05", "elapsed": 410.121097, "delta": 2.925648}}
{"target": -9.058884901558526, "params": {"C": 89.00107982410817, "gamma": 1.3651479677745801}, "datetime": {"datetime": "2021-06-20 14:47:07", "elapsed": 412.721095, "delta": 2.599998}}
{"target": -9.057568261411742, "params": {"C": 91.87715641910782, "gamma": 1.330871714071716}, "datetime": {"datetime": "2021-06-20 14:47:11", "elapsed": 416.288715, "delta": 3.56762}}
{"target": -9.05823270528358, "params": {"C": 89.87080106809594, "gamma": 1.3490907240919006}, "datetime": {"datetime": "2021-06-20 14:47:14", "elapsed": 419.659316, "delta": 3.370601}}
{"target": -9.057777546891852, "params": {"C": 89.24974154934304, "gamma": 1.3426475756993057}, "datetime": {"datetime": "2021-06-20 14:47:16", "elapsed": 421.861319, "delta": 2.202003}}
{"target": -9.057570285914586, "params": {"C": 91.45706879806258, "gamma": 1.3263598194392672}, "datetime": {"datetime": "2021-06-20 14:47:19", "elapsed": 424.513947, "delta": 2.652628}}
{"target": -9.059952733232803, "params": {"C": 97.02951254053994, "gamma": 1.3417882991869807}, "datetime": {"datetime": "2021-06-20 14:47:22", "elapsed": 427.567947, "delta": 3.054}}
{"target": -9.06035075345756, "params": {"C": 95.8237117215977, "gamma": 1.3545922907696561}, "datetime": {"datetime": "2021-06-20 14:47:25", "elapsed": 429.984597, "delta": 2.41665}}
{"target": -9.058729355439977, "params": {"C": 87.92746724660167, "gamma": 1.3652944873694095}, "datetime": {"datetime": "2021-06-20 14:47:28", "elapsed": 433.567215, "delta": 3.582618}}
{"target": -9.059167611389181, "params": {"C": 87.29457036646104, "gamma": 1.3771451058990796}, "datetime": {"datetime": "2021-06-20 14:47:30", "elapsed": 435.825216, "delta": 2.258001}}
{"target": -9.058636155164702, "params": {"C": 89.34750625926873, "gamma": 1.3586007538257645}, "datetime": {"datetime": "2021-06-20 14:47:34", "elapsed": 439.355814, "delta": 3.530598}}
{"target": -9.06222889971814, "params": {"C": 82.75244981957347, "gamma": 1.3226205883962556}, "datetime": {"datetime": "2021-06-20 14:47:36", "elapsed": 441.349815, "delta": 1.994001}}
{"target": -9.082480963262611, "params": {"C": 72.20044543669358, "gamma": 1.446832267061551}, "datetime": {"datetime": "2021-06-20 14:47:39", "elapsed": 444.870441, "delta": 3.520626}}
{"target": -9.058429227383176, "params": {"C": 91.88954451460457, "gamma": 1.344657429195267}, "datetime": {"datetime": "2021-06-20 14:47:43", "elapsed": 448.242442, "delta": 3.372001}}
{"target": -9.07181767308301, "params": {"C": 72.81892650165489, "gamma": 1.402043621234222}, "datetime": {"datetime": "2021-06-20 14:47:46", "elapsed": 450.883358, "delta": 2.640916}}
{"target": -9.057775830332279, "params": {"C": 89.15958174530004, "gamma": 1.3437271239708215}, "datetime": {"datetime": "2021-06-20 14:47:48", "elapsed": 453.370359, "delta": 2.487001}}
{"target": -9.059224016418867, "params": {"C": 85.64369773274419, "gamma": 1.3595153352131417}, "datetime": {"datetime": "2021-06-20 14:47:50", "elapsed": 455.336032, "delta": 1.965673}}
{"target": -9.057325752762747, "params": {"C": 93.30585554314297, "gamma": 1.3196954510475865}, "datetime": {"datetime": "2021-06-20 14:47:54", "elapsed": 459.372658, "delta": 4.036626}}
{"target": -9.058433769175247, "params": {"C": 91.42719512791459, "gamma": 1.346668245050141}, "datetime": {"datetime": "2021-06-20 14:47:58", "elapsed": 463.217289, "delta": 3.844631}}
{"target": -9.058658526862583, "params": {"C": 91.17866991107498, "gamma": 1.3519350742912108}, "datetime": {"datetime": "2021-06-20 14:48:02", "elapsed": 466.880906, "delta": 3.663617}}
{"target": -9.05817293193608, "params": {"C": 93.2932939964115, "gamma": 1.3342563412353374}, "datetime": {"datetime": "2021-06-20 14:48:04", "elapsed": 469.397737, "delta": 2.516831}}
{"target": -9.058182087383178, "params": {"C": 93.35071673409533, "gamma": 1.3341507222444968}, "datetime": {"datetime": "2021-06-20 14:48:07", "elapsed": 472.725735, "delta": 3.327998}}
{"target": -9.059044296421607, "params": {"C": 87.99295113057167, "gamma": 1.3722942992114593}, "datetime": {"datetime": "2021-06-20 14:48:09", "elapsed": 474.814353, "delta": 2.088618}}
{"target": -9.057938596163865, "params": {"C": 89.91187536206091, "gamma": 1.324409676929411}, "datetime": {"datetime": "2021-06-20 14:48:12", "elapsed": 477.321348, "delta": 2.506995}}
{"target": -9.059071538111914, "params": {"C": 89.93591685063882, "gamma": 1.3659798815538056}, "datetime": {"datetime": "2021-06-20 14:48:15", "elapsed": 480.083945, "delta": 2.762597}}
{"target": -9.0583321557741, "params": {"C": 87.72948106111457, "gamma": 1.357997223111507}, "datetime": {"datetime": "2021-06-20 14:48:17", "elapsed": 482.195945, "delta": 2.112}}
{"target": -9.0586455928024, "params": {"C": 86.78361077042987, "gamma": 1.3530411600284973}, "datetime": {"datetime": "2021-06-20 14:48:19", "elapsed": 484.190659, "delta": 1.994714}}
{"target": -9.061125112568742, "params": {"C": 83.55198028843915, "gamma": 1.4201077405876106}, "datetime": {"datetime": "2021-06-20 14:48:23", "elapsed": 488.023659, "delta": 3.833}}
{"target": -9.059207213853753, "params": {"C": 85.96291495553463, "gamma": 1.3535197318561545}, "datetime": {"datetime": "2021-06-20 14:48:27", "elapsed": 492.137257, "delta": 4.113598}}
{"target": -9.058466433544126, "params": {"C": 89.1639556401068, "gamma": 1.3559038111654487}, "datetime": {"datetime": "2021-06-20 14:48:31", "elapsed": 496.305935, "delta": 4.168678}}
{"target": -9.061129322149533, "params": {"C": 92.93748731380842, "gamma": 1.3882304243264636}, "datetime": {"datetime": "2021-06-20 14:48:34", "elapsed": 498.886521, "delta": 2.580586}}
{"target": -9.057697803619522, "params": {"C": 91.34132655941906, "gamma": 1.3348667401246148}, "datetime": {"datetime": "2021-06-20 14:48:37", "elapsed": 502.299522, "delta": 3.413001}}
{"target": -9.057770454344576, "params": {"C": 91.38795450350742, "gamma": 1.3357940638691632}, "datetime": {"datetime": "2021-06-20 14:48:40", "elapsed": 504.902136, "delta": 2.602614}}
{"target": -9.058945939273098, "params": {"C": 93.96317133022839, "gamma": 1.344765530486307}, "datetime": {"datetime": "2021-06-20 14:48:43", "elapsed": 508.195135, "delta": 3.292999}}
{"target": -9.059307547332043, "params": {"C": 86.0745011145825, "gamma": 1.3732374029099175}, "datetime": {"datetime": "2021-06-20 14:48:47", "elapsed": 512.062822, "delta": 3.867687}}
{"target": -9.059275919615601, "params": {"C": 86.29546181820598, "gamma": 1.373759841343679}, "datetime": {"datetime": "2021-06-20 14:48:51", "elapsed": 515.965951, "delta": 3.903129}}
{"target": -9.059299614146205, "params": {"C": 85.35461128152421, "gamma": 1.3631092700042644}, "datetime": {"datetime": "2021-06-20 14:48:54", "elapsed": 519.414544, "delta": 3.448593}}
{"target": -9.057792146615661, "params": {"C": 89.80142954288293, "gamma": 1.3354361927229137}, "datetime": {"datetime": "2021-06-20 14:48:58", "elapsed": 523.08614, "delta": 3.671596}}
{"target": -9.057855446276132, "params": {"C": 89.963507729909, "gamma": 1.3297080310821676}, "datetime": {"datetime": "2021-06-20 14:49:00", "elapsed": 525.551381, "delta": 2.465241}}
{"target": -9.057573820016817, "params": {"C": 91.93694676526115, "gamma": 1.33071907797277}, "datetime": {"datetime": "2021-06-20 14:49:03", "elapsed": 527.92638, "delta": 2.374999}}
{"target": -9.057846676867992, "params": {"C": 94.02482838455663, "gamma": 1.3260512188083633}, "datetime": {"datetime": "2021-06-20 14:49:06", "elapsed": 531.11008, "delta": 3.1837}}
{"target": -9.059482486958597, "params": {"C": 86.8872562974307, "gamma": 1.3846991485985427}, "datetime": {"datetime": "2021-06-20 14:49:09", "elapsed": 533.917705, "delta": 2.807625}}
{"target": -9.058308343624613, "params": {"C": 91.37636821161496, "gamma": 1.3446403155069524}, "datetime": {"datetime": "2021-06-20 14:49:12", "elapsed": 537.285707, "delta": 3.368002}}
{"target": -9.058896296915432, "params": {"C": 87.09509763093918, "gamma": 1.3683504107814997}, "datetime": {"datetime": "2021-06-20 14:49:16", "elapsed": 541.517343, "delta": 4.231636}}
{"target": -9.058794902254022, "params": {"C": 88.93708723373335, "gamma": 1.3633828290794667}, "datetime": {"datetime": "2021-06-20 14:49:19", "elapsed": 544.810968, "delta": 3.293625}}
{"target": -9.058531843587783, "params": {"C": 89.29536182517113, "gamma": 1.3567094724574207}, "datetime": {"datetime": "2021-06-20 14:49:24", "elapsed": 549.007585, "delta": 4.196617}}
{"target": -9.05764078385602, "params": {"C": 93.36307640334743, "gamma": 1.3259037258785502}, "datetime": {"datetime": "2021-06-20 14:49:27", "elapsed": 552.679584, "delta": 3.671999}}
{"target": -9.057960365872095, "params": {"C": 89.89604084389224, "gamma": 1.3226137878692452}, "datetime": {"datetime": "2021-06-20 14:49:30", "elapsed": 555.774623, "delta": 3.095039}}
{"target": -9.059717698828514, "params": {"C": 93.42570082060689, "gamma": 1.3106259666421483}, "datetime": {"datetime": "2021-06-20 14:49:34", "elapsed": 559.136226, "delta": 3.361603}}
{"target": -9.058942097395494, "params": {"C": 89.66602606576616, "gamma": 1.3639956058737526}, "datetime": {"datetime": "2021-06-20 14:49:37", "elapsed": 562.621226, "delta": 3.485}}
{"target": -9.058869385963824, "params": {"C": 91.91593218641893, "gamma": 1.352994526837166}, "datetime": {"datetime": "2021-06-20 14:49:41", "elapsed": 565.953823, "delta": 3.332597}}
{"target": -9.059165250892423, "params": {"C": 88.36322064326214, "gamma": 1.3741632315113548}, "datetime": {"datetime": "2021-06-20 14:49:44", "elapsed": 569.345473, "delta": 3.39165}}
{"target": -9.059271063181164, "params": {"C": 86.18126084325135, "gamma": 1.346567769207331}, "datetime": {"datetime": "2021-06-20 14:49:47", "elapsed": 572.591476, "delta": 3.246003}}
{"target": -9.057483835659397, "params": {"C": 91.49229010505493, "gamma": 1.3306150259423368}, "datetime": {"datetime": "2021-06-20 14:49:50", "elapsed": 575.44467, "delta": 2.853194}}
{"target": -9.058974615746905, "params": {"C": 88.81248605292774, "gamma": 1.3678800602900294}, "datetime": {"datetime": "2021-06-20 14:49:54", "elapsed": 578.991281, "delta": 3.546611}}
{"target": -9.058505080245137, "params": {"C": 89.19314175655687, "gamma": 1.3565475578676827}, "datetime": {"datetime": "2021-06-20 14:49:57", "elapsed": 582.200149, "delta": 3.208868}}
{"target": -9.057685173029121, "params": {"C": 90.01456505756474, "gamma": 1.3377822432981141}, "datetime": {"datetime": "2021-06-20 14:50:01", "elapsed": 586.306999, "delta": 4.10685}}
{"target": -9.057811232683912, "params": {"C": 89.78845270219597, "gamma": 1.3346562368248067}, "datetime": {"datetime": "2021-06-20 14:50:04", "elapsed": 588.902601, "delta": 2.595602}}
{"target": -9.05866097736686, "params": {"C": 90.40081750659432, "gamma": 1.3551359847222801}, "datetime": {"datetime": "2021-06-20 14:50:07", "elapsed": 592.368601, "delta": 3.466}}
{"target": -9.058219992411253, "params": {"C": 93.3356397934075, "gamma": 1.3348292910483899}, "datetime": {"datetime": "2021-06-20 14:50:11", "elapsed": 596.521199, "delta": 4.152598}}
{"target": -9.057575095435979, "params": {"C": 91.48208731732808, "gamma": 1.325742365746497}, "datetime": {"datetime": "2021-06-20 14:50:16", "elapsed": 601.78777, "delta": 5.266571}}
{"target": -9.057664360159153, "params": {"C": 89.99662494287631, "gamma": 1.3388655213588156}, "datetime": {"datetime": "2021-06-20 14:50:20", "elapsed": 605.450383, "delta": 3.662613}}
{"target": -9.05785754372584, "params": {"C": 89.95413234084478, "gamma": 1.3297196377395655}, "datetime": {"datetime": "2021-06-20 14:50:23", "elapsed": 608.806981, "delta": 3.356598}}
{"target": -9.061739300004087, "params": {"C": 97.56309575398753, "gamma": 1.3632114309772412}, "datetime": {"datetime": "2021-06-20 14:50:28", "elapsed": 612.950981, "delta": 4.144}}
{"target": -9.058541223234112, "params": {"C": 88.52169333584513, "gamma": 1.3595328133205842}, "datetime": {"datetime": "2021-06-20 14:50:33", "elapsed": 618.145984, "delta": 5.195003}}
{"target": -9.05975124698865, "params": {"C": 88.08642449826633, "gamma": 1.3942542780852452}, "datetime": {"datetime": "2021-06-20 14:50:35", "elapsed": 620.768678, "delta": 2.622694}}
{"target": -9.059145039771682, "params": {"C": 87.69664268440428, "gamma": 1.3757676557849825}, "datetime": {"datetime": "2021-06-20 14:50:38", "elapsed": 623.713286, "delta": 2.944608}}
{"target": -9.058181724093249, "params": {"C": 91.49437172878267, "gamma": 1.3419870172825556}, "datetime": {"datetime": "2021-06-20 14:50:41", "elapsed": 626.851288, "delta": 3.138002}}
{"target": -9.058258329304229, "params": {"C": 94.00292514568412, "gamma": 1.3151120107626053}, "datetime": {"datetime": "2021-06-20 14:50:45", "elapsed": 630.217893, "delta": 3.366605}}
{"target": -9.058024269934778, "params": {"C": 91.39294017465693, "gamma": 1.339782627011343}, "datetime": {"datetime": "2021-06-20 14:50:49", "elapsed": 634.586518, "delta": 4.368625}}
{"target": -9.057950315959879, "params": {"C": 89.76581026573967, "gamma": 1.3263446292366656}, "datetime": {"datetime": "2021-06-20 14:50:52", "elapsed": 637.023041, "delta": 2.436523}}
{"target": -9.057807660046983, "params": {"C": 91.87775523355975, "gamma": 1.3344452860879756}, "datetime": {"datetime": "2021-06-20 14:50:55", "elapsed": 640.236653, "delta": 3.213612}}
{"target": -9.059092295435965, "params": {"C": 87.41652257733395, "gamma": 1.3752420542256816}, "datetime": {"datetime": "2021-06-20 14:50:59", "elapsed": 644.372463, "delta": 4.13581}}
{"target": -9.057906004579857, "params": {"C": 91.42257319015954, "gamma": 1.3377703265027867}, "datetime": {"datetime": "2021-06-20 14:51:02", "elapsed": 647.655464, "delta": 3.283001}}
{"target": -9.057765999264413, "params": {"C": 89.87429513252869, "gamma": 1.341312816521404}, "datetime": {"datetime": "2021-06-20 14:51:07", "elapsed": 652.242203, "delta": 4.586739}}
{"target": -9.058383306530507, "params": {"C": 88.9888852981639, "gamma": 1.3549317166044792}, "datetime": {"datetime": "2021-06-20 14:51:10", "elapsed": 655.047783, "delta": 2.80558}}
{"target": -9.05776285792394, "params": {"C": 90.03132658490128, "gamma": 1.3339618556825148}, "datetime": {"datetime": "2021-06-20 14:51:13", "elapsed": 658.432783, "delta": 3.385}}
{"target": -9.058143667152795, "params": {"C": 94.0273604041493, "gamma": 1.330526340618872}, "datetime": {"datetime": "2021-06-20 14:51:16", "elapsed": 661.410392, "delta": 2.977609}}
{"target": -9.058845929664914, "params": {"C": 89.06809045666378, "gamma": 1.3640395016328122}, "datetime": {"datetime": "2021-06-20 14:51:21", "elapsed": 666.048056, "delta": 4.637664}}
{"target": -9.05773447595538, "params": {"C": 89.9777710707518, "gamma": 1.336002069446186}, "datetime": {"datetime": "2021-06-20 14:51:25", "elapsed": 670.252697, "delta": 4.204641}}
{"target": -9.057968168702692, "params": {"C": 89.83122219743929, "gamma": 1.3233445753975681}, "datetime": {"datetime": "2021-06-20 14:51:28", "elapsed": 672.886691, "delta": 2.633994}}
{"target": -9.058771168233164, "params": {"C": 93.25451561933357, "gamma": 1.3448512778685269}, "datetime": {"datetime": "2021-06-20 14:51:31", "elapsed": 675.897432, "delta": 3.010741}}
{"target": -9.057782376472764, "params": {"C": 91.33672781072028, "gamma": 1.3361749519694417}, "datetime": {"datetime": "2021-06-20 14:51:33", "elapsed": 678.399434, "delta": 2.502002}}
{"target": -9.058013300631485, "params": {"C": 91.88262452565331, "gamma": 1.3376486125039144}, "datetime": {"datetime": "2021-06-20 14:51:38", "elapsed": 683.208765, "delta": 4.809331}}
{"target": -9.05896676020186, "params": {"C": 89.3964771076705, "gamma": 1.3655827349281884}, "datetime": {"datetime": "2021-06-20 14:51:41", "elapsed": 686.581401, "delta": 3.372636}}
{"target": -9.059861296917992, "params": {"C": 92.08490258758994, "gamma": 1.371531849187622}, "datetime": {"datetime": "2021-06-20 14:51:45", "elapsed": 690.096006, "delta": 3.514605}}
{"target": -9.059015571859135, "params": {"C": 90.46049473994981, "gamma": 1.3625141372440803}, "datetime": {"datetime": "2021-06-20 14:51:47", "elapsed": 692.321007, "delta": 2.225001}}
{"target": -9.058728486826608, "params": {"C": 91.26767917158361, "gamma": 1.352950102045098}, "datetime": {"datetime": "2021-06-20 14:51:51", "elapsed": 696.320647, "delta": 3.99964}}
{"target": -9.059593279382366, "params": {"C": 90.71715324324802, "gamma": 1.3758121054505803}, "datetime": {"datetime": "2021-06-20 14:51:55", "elapsed": 700.216263, "delta": 3.895616}}
{"target": -9.058069511568846, "params": {"C": 89.78347437938339, "gamma": 1.3465819664540812}, "datetime": {"datetime": "2021-06-20 14:51:57", "elapsed": 702.637264, "delta": 2.421001}}
