{"target": -9.117094680686275, "params": {"C": 61.44630109914527, "gamma": 1.2833802238095637}, "datetime": {"datetime": "2021-06-20 14:40:49", "elapsed": 34.715869, "delta": 0.531022}}
{"target": -9.124504421128737, "params": {"C": 71.6186782341991, "gamma": 1.161269563747304}, "datetime": {"datetime": "2021-06-20 14:40:50", "elapsed": 35.323857, "delta": 0.607988}}
{"target": -9.424983225716463, "params": {"C": 49.9, "gamma": 2.0}, "datetime": {"datetime": "2021-06-20 14:40:51", "elapsed": 35.933883, "delta": 0.610026}}
{"target": -9.122941829935268, "params": {"C": 62.28893899308703, "gamma": 1.2354395725945837}, "datetime": {"datetime": "2021-06-20 14:40:51", "elapsed": 36.45285, "delta": 0.518967}}
{"target": -9.083832293004711, "params": {"C": 97.05406989061836, "gamma": 1.2030209999516313}, "datetime": {"datetime": "2021-06-20 14:40:52", "elapsed": 37.152856, "delta": 0.700006}}
{"target": -9.116480914014822, "params": {"C": 96.21759489154417, "gamma": 1.0631884604191941}, "datetime": {"datetime": "2021-06-20 14:40:52", "elapsed": 37.796289, "delta": 0.643433}}
{"target": -9.126834910877633, "params": {"C": 79.4169072143969, "gamma": 1.1047050848821875}, "datetime": {"datetime": "2021-06-20 14:40:53", "elapsed": 38.338253, "delta": 0.541964}}
{"target": -9.144949145373053, "params": {"C": 53.61980035438736, "gamma": 1.328776738345791}, "datetime": {"datetime": "2021-06-20 14:40:53", "elapsed": 38.854903, "delta": 0.51665}}
{"target": -9.113996809166661, "params": {"C": 99.43756518955337, "gamma": 1.059619940156755}, "datetime": {"datetime": "2021-06-20 14:40:54", "elapsed": 39.543898, "delta": 0.688995}}
{"target": -9.12317896708993, "params": {"C": 64.98351145450934, "gamma": 1.2129718072287783}, "datetime": {"datetime": "2021-06-20 14:40:55", "elapsed": 40.362912, "delta": 0.819014}}
{"target": -9.111873111366485, "params": {"C": 67.71142245346208, "gamma": 1.2272332423516494}, "datetime": {"datetime": "2021-06-20 14:40:56", "elapsed": 41.137903, "delta": 0.774991}}
{"target": -9.152481788097795, "params": {"C": 57.34697907217398, "gamma": 1.4583493752704801}, "datetime": {"datetime": "2021-06-20 14:40:56", "elapsed": 41.738932, "delta": 0.601029}}
{"target": -9.06728657578638, "params": {"C": 78.95806581764677, "gamma": 1.3195225374492436}, "datetime": {"datetime": "2021-06-20 14:40:57", "elapsed": 42.454903, "delta": 0.715971}}
{"target": -9.126731597024113, "params": {"C": 77.74779857333726, "gamma": 1.1148417317203982}, "datetime": {"datetime": "2021-06-20 14:40:58", "elapsed": 43.1509, "delta": 0.695997}}
{"target": -9.110605248732345, "params": {"C": 80.72248592474317, "gamma": 1.1523996484865555}, "datetime": {"datetime": "2021-06-20 14:40:58", "elapsed": 43.826524, "delta": 0.675624}}
{"target": -9.11463626767147, "params": {"C": 81.46092093341386, "gamma": 1.1361469409516896}, "datetime": {"datetime": "2021-06-20 14:40:59", "elapsed": 44.604523, "delta": 0.777999}}
{"target": -9.089699275498289, "params": {"C": 83.8095468296078, "gamma": 1.1956888760189848}, "datetime": {"datetime": "2021-06-20 14:41:00", "elapsed": 45.346521, "delta": 0.741998}}
{"target": -9.099001873126499, "params": {"C": 82.49483828208176, "gamma": 1.176076302558431}, "datetime": {"datetime": "2021-06-20 14:41:01", "elapsed": 46.240524, "delta": 0.894003}}
{"target": -9.084465776982277, "params": {"C": 83.11829456728499, "gamma": 1.225886881552937}, "datetime": {"datetime": "2021-06-20 14:41:02", "elapsed": 47.106534, "delta": 0.86601}}
{"target": -9.091266936984912, "params": {"C": 78.31909519589406, "gamma": 1.219772259434418}, "datetime": {"datetime": "2021-06-20 14:41:03", "elapsed": 47.944548, "delta": 0.838014}}
{"target": -9.12465507401206, "params": {"C": 66.10031793345084, "gamma": 1.1997011665472903}, "datetime": {"datetime": "2021-06-20 14:41:03", "elapsed": 48.667162, "delta": 0.722614}}
{"target": -9.17625596269837, "params": {"C": 58.27704414528817, "gamma": 1.1193028731115713}, "datetime": {"datetime": "2021-06-20 14:41:04", "elapsed": 49.398162, "delta": 0.731}}
{"target": -9.136990229151767, "params": {"C": 56.15082142129796, "gamma": 1.3016192102307498}, "datetime": {"datetime": "2021-06-20 14:41:05", "elapsed": 50.369162, "delta": 0.971}}
{"target": -9.110496396036599, "params": {"C": 69.18686573392594, "gamma": 1.2210460410431574}, "datetime": {"datetime": "2021-06-20 14:41:06", "elapsed": 51.348161, "delta": 0.978999}}
{"target": -9.138186949818088, "params": {"C": 73.50412917362341, "gamma": 1.100149929853668}, "datetime": {"datetime": "2021-06-20 14:41:07", "elapsed": 52.275162, "delta": 0.927001}}
{"target": -9.069758181623923, "params": {"C": 74.08655881580552, "gamma": 1.3985901499040003}, "datetime": {"datetime": "2021-06-20 14:41:08", "elapsed": 53.149161, "delta": 0.873999}}
{"target": -9.119565856468828, "params": {"C": 97.54177373485356, "gamma": 1.0465677179443416}, "datetime": {"datetime": "2021-06-20 14:41:09", "elapsed": 53.952787, "delta": 0.803626}}
{"target": -9.079746491613147, "params": {"C": 74.55764394660814, "gamma": 1.2831151493973767}, "datetime": {"datetime": "2021-06-20 14:41:10", "elapsed": 55.008787, "delta": 1.056}}
{"target": -9.098787470904444, "params": {"C": 75.99285192813103, "gamma": 1.210977232295772}, "datetime": {"datetime": "2021-06-20 14:41:11", "elapsed": 55.952786, "delta": 0.943999}}
{"target": -9.096177129802804, "params": {"C": 76.81348928348393, "gamma": 1.2133009078884889}, "datetime": {"datetime": "2021-06-20 14:41:12", "elapsed": 57.125788, "delta": 1.173002}}
{"target": -9.111338297632292, "params": {"C": 75.30187585169614, "gamma": 1.1801884926397137}, "datetime": {"datetime": "2021-06-20 14:41:13", "elapsed": 58.4828, "delta": 1.357012}}
{"target": -9.132618279794032, "params": {"C": 74.1345088154369, "gamma": 1.114111463225956}, "datetime": {"datetime": "2021-06-20 14:41:14", "elapsed": 59.807641, "delta": 1.324841}}
{"target": -9.097488232564729, "params": {"C": 72.66156752360584, "gamma": 1.23578661613632}, "datetime": {"datetime": "2021-06-20 14:41:16", "elapsed": 60.875639, "delta": 1.067998}}
{"target": -9.082631611738101, "params": {"C": 80.08568031968335, "gamma": 1.246236429309151}, "datetime": {"datetime": "2021-06-20 14:41:17", "elapsed": 62.149641, "delta": 1.274002}}
{"target": -9.174873013448053, "params": {"C": 60.963362914811725, "gamma": 1.5393187343048507}, "datetime": {"datetime": "2021-06-20 14:41:18", "elapsed": 63.456639, "delta": 1.306998}}
{"target": -9.062097925184572, "params": {"C": 97.45348165759228, "gamma": 1.3704530542686164}, "datetime": {"datetime": "2021-06-20 14:41:19", "elapsed": 64.546308, "delta": 1.089669}}
{"target": -9.231206759142143, "params": {"C": 55.38881459615568, "gamma": 1.600340391841317}, "datetime": {"datetime": "2021-06-20 14:41:20", "elapsed": 65.461309, "delta": 0.915001}}
{"target": -9.137484448090504, "params": {"C": 63.69270419269286, "gamma": 1.1727447865699847}, "datetime": {"datetime": "2021-06-20 14:41:21", "elapsed": 66.49031, "delta": 1.029001}}
{"target": -9.152652811497408, "params": {"C": 65.50961737332469, "gamma": 1.1194269013485245}, "datetime": {"datetime": "2021-06-20 14:41:22", "elapsed": 67.670308, "delta": 1.179998}}
{"target": -9.07417206286039, "params": {"C": 81.96919126753932, "gamma": 1.2776404531033259}, "datetime": {"datetime": "2021-06-20 14:41:23", "elapsed": 68.655988, "delta": 0.98568}}
{"target": -9.079743847580477, "params": {"C": 99.1357817076973, "gamma": 1.227621350023771}, "datetime": {"datetime": "2021-06-20 14:41:24", "elapsed": 69.593986, "delta": 0.937998}}
{"target": -9.07847305554882, "params": {"C": 71.2429568986291, "gamma": 1.3477997090694995}, "datetime": {"datetime": "2021-06-20 14:41:25", "elapsed": 70.71999, "delta": 1.126004}}
{"target": -9.086105096064495, "params": {"C": 84.32609945271898, "gamma": 1.212684026822133}, "datetime": {"datetime": "2021-06-20 14:41:26", "elapsed": 71.860986, "delta": 1.140996}}
{"target": -9.089702817779347, "params": {"C": 85.01459029364975, "gamma": 1.1907790074434719}, "datetime": {"datetime": "2021-06-20 14:41:28", "elapsed": 72.935599, "delta": 1.074613}}
{"target": -9.087115531675119, "params": {"C": 85.87468312621202, "gamma": 1.2019397440330182}, "datetime": {"datetime": "2021-06-20 14:41:29", "elapsed": 73.989257, "delta": 1.053658}}
{"target": -9.121427032042812, "params": {"C": 86.68410034032905, "gamma": 1.0868885250837879}, "datetime": {"datetime": "2021-06-20 14:41:30", "elapsed": 74.984257, "delta": 0.995}}
{"target": -9.134489070047104, "params": {"C": 86.28083765029481, "gamma": 1.0367689289302542}, "datetime": {"datetime": "2021-06-20 14:41:31", "elapsed": 76.035258, "delta": 1.051001}}
{"target": -9.081778133064622, "params": {"C": 87.54188820780888, "gamma": 1.2260466434917527}, "datetime": {"datetime": "2021-06-20 14:41:32", "elapsed": 77.264259, "delta": 1.229001}}
{"target": -9.131825236828693, "params": {"C": 88.49016324855735, "gamma": 1.0330870687308336}, "datetime": {"datetime": "2021-06-20 14:41:33", "elapsed": 78.235257, "delta": 0.970998}}
{"target": -9.12284190171549, "params": {"C": 87.9810678165761, "gamma": 1.0753223952066724}, "datetime": {"datetime": "2021-06-20 14:41:34", "elapsed": 79.380929, "delta": 1.145672}}
{"target": -9.085552052799423, "params": {"C": 89.22099190172287, "gamma": 1.2019252532818332}, "datetime": {"datetime": "2021-06-20 14:41:35", "elapsed": 80.416931, "delta": 1.036002}}
{"target": -9.057888272101906, "params": {"C": 88.8989214000101, "gamma": 1.342290937820184}, "datetime": {"datetime": "2021-06-20 14:41:36", "elapsed": 81.261934, "delta": 0.845003}}
{"target": -9.11978522815393, "params": {"C": 85.40034411843757, "gamma": 1.0990758830505183}, "datetime": {"datetime": "2021-06-20 14:41:37", "elapsed": 82.23693, "delta": 0.974996}}
{"target": -9.094405454379526, "params": {"C": 88.93796139648077, "gamma": 1.1585347858063137}, "datetime": {"datetime": "2021-06-20 14:41:38", "elapsed": 83.138932, "delta": 0.902002}}
{"target": -9.128157273900705, "params": {"C": 90.62069987085512, "gamma": 1.0403408576779551}, "datetime": {"datetime": "2021-06-20 14:41:39", "elapsed": 84.087632, "delta": 0.9487}}
{"target": -9.118148402743932, "params": {"C": 89.95500148960504, "gamma": 1.0835536551892961}, "datetime": {"datetime": "2021-06-20 14:41:40", "elapsed": 84.951635, "delta": 0.864003}}
{"target": -9.057945387880082, "params": {"C": 88.39511585250446, "gamma": 1.3460564284587577}, "datetime": {"datetime": "2021-06-20 14:41:41", "elapsed": 86.063632, "delta": 1.111997}}
{"target": -9.105173851720979, "params": {"C": 91.25660185529509, "gamma": 1.1193064332647058}, "datetime": {"datetime": "2021-06-20 14:41:42", "elapsed": 87.211631, "delta": 1.147999}}
{"target": -9.087967166940745, "params": {"C": 92.48492263607281, "gamma": 1.1799363927574265}, "datetime": {"datetime": "2021-06-20 14:41:43", "elapsed": 88.241631, "delta": 1.03}}
{"target": -9.109433561415923, "params": {"C": 93.15654815419279, "gamma": 1.0987337566009756}, "datetime": {"datetime": "2021-06-20 14:41:44", "elapsed": 89.242248, "delta": 1.000617}}
{"target": -9.062081414728851, "params": {"C": 92.97246218269484, "gamma": 1.4627772371907164}, "datetime": {"datetime": "2021-06-20 14:41:45", "elapsed": 90.258248, "delta": 1.016}}
{"target": -9.072298211835227, "params": {"C": 92.82754450211952, "gamma": 1.2606288312308538}, "datetime": {"datetime": "2021-06-20 14:41:46", "elapsed": 91.429249, "delta": 1.171001}}
{"target": -9.09336598078006, "params": {"C": 91.85211628569775, "gamma": 1.1527430705240986}, "datetime": {"datetime": "2021-06-20 14:41:47", "elapsed": 92.550246, "delta": 1.120997}}
{"target": -9.070849677589818, "params": {"C": 95.5974429713481, "gamma": 1.2674212619036525}, "datetime": {"datetime": "2021-06-20 14:41:48", "elapsed": 93.521246, "delta": 0.971}}
{"target": -9.090589045502838, "params": {"C": 94.87030557865404, "gamma": 1.1581481533175018}, "datetime": {"datetime": "2021-06-20 14:41:49", "elapsed": 94.498906, "delta": 0.97766}}
{"target": -9.089872194310335, "params": {"C": 93.93269034896414, "gamma": 1.1645340463916762}, "datetime": {"datetime": "2021-06-20 14:41:50", "elapsed": 95.574906, "delta": 1.076}}
{"target": -9.057391291242727, "params": {"C": 93.39749503165382, "gamma": 1.318559186659836}, "datetime": {"datetime": "2021-06-20 14:41:51", "elapsed": 96.658905, "delta": 1.083999}}
{"target": -9.061865973608432, "params": {"C": 92.34486512003275, "gamma": 1.414795912796304}, "datetime": {"datetime": "2021-06-20 14:41:52", "elapsed": 97.842561, "delta": 1.183656}}
{"target": -9.084362263207327, "params": {"C": 95.29166064396401, "gamma": 1.1976289762291343}, "datetime": {"datetime": "2021-06-20 14:41:53", "elapsed": 98.852152, "delta": 1.009591}}
{"target": -9.197601293601162, "params": {"C": 91.12094458523312, "gamma": 0.8041205878686309}, "datetime": {"datetime": "2021-06-20 14:41:54", "elapsed": 99.779156, "delta": 0.927004}}
{"target": -9.070447159724502, "params": {"C": 76.40354007841722, "gamma": 1.3330562022769707}, "datetime": {"datetime": "2021-06-20 14:41:56", "elapsed": 100.972151, "delta": 1.192995}}
{"target": -9.12286768120954, "params": {"C": 56.69765149175975, "gamma": 1.3718667383762482}, "datetime": {"datetime": "2021-06-20 14:41:57", "elapsed": 102.013153, "delta": 1.041002}}
{"target": -9.130387993912944, "params": {"C": 76.41060988416052, "gamma": 1.10860836892314}, "datetime": {"datetime": "2021-06-20 14:41:58", "elapsed": 103.013154, "delta": 1.000001}}
{"target": -9.074398552682094, "params": {"C": 73.13471101513397, "gamma": 1.3596425566015746}, "datetime": {"datetime": "2021-06-20 14:41:59", "elapsed": 104.047785, "delta": 1.034631}}
{"target": -9.09575547534631, "params": {"C": 75.90106433551988, "gamma": 1.4839394821736505}, "datetime": {"datetime": "2021-06-20 14:42:00", "elapsed": 105.284785, "delta": 1.237}}
{"target": -9.069338429574628, "params": {"C": 73.6286846071433, "gamma": 1.4124223749453972}, "datetime": {"datetime": "2021-06-20 14:42:01", "elapsed": 106.390783, "delta": 1.105998}}
{"target": -9.076772274018495, "params": {"C": 87.08978703969021, "gamma": 1.2497966905809341}, "datetime": {"datetime": "2021-06-20 14:42:02", "elapsed": 107.573785, "delta": 1.183002}}
{"target": -9.065076164161574, "params": {"C": 88.67462923722795, "gamma": 1.2940859385555168}, "datetime": {"datetime": "2021-06-20 14:42:03", "elapsed": 108.70541, "delta": 1.131625}}
{"target": -9.062144662840483, "params": {"C": 92.64195383826586, "gamma": 1.455398197915001}, "datetime": {"datetime": "2021-06-20 14:42:04", "elapsed": 109.80941, "delta": 1.104}}
{"target": -9.060082384725233, "params": {"C": 89.49614673778598, "gamma": 1.391771820652612}, "datetime": {"datetime": "2021-06-20 14:42:06", "elapsed": 110.932409, "delta": 1.122999}}
{"target": -9.080212208452881, "params": {"C": 68.24117225978111, "gamma": 1.4126004018697418}, "datetime": {"datetime": "2021-06-20 14:42:07", "elapsed": 112.156409, "delta": 1.224}}
{"target": -9.060476579456825, "params": {"C": 89.21460520715794, "gamma": 1.4018444301634112}, "datetime": {"datetime": "2021-06-20 14:42:08", "elapsed": 113.341409, "delta": 1.185}}
{"target": -9.058153291897025, "params": {"C": 87.96536435221375, "gamma": 1.3440710931239834}, "datetime": {"datetime": "2021-06-20 14:42:09", "elapsed": 114.690019, "delta": 1.34861}}
{"target": -9.108017506217204, "params": {"C": 95.77679394878524, "gamma": 1.092731958312303}, "datetime": {"datetime": "2021-06-20 14:42:11", "elapsed": 115.879019, "delta": 1.189}}
{"target": -9.10588962247296, "params": {"C": 64.40763850001846, "gamma": 1.2821189812280356}, "datetime": {"datetime": "2021-06-20 14:42:12", "elapsed": 117.128019, "delta": 1.249}}
{"target": -9.129568522340186, "params": {"C": 82.01949470896787, "gamma": 1.0787873456838073}, "datetime": {"datetime": "2021-06-20 14:42:13", "elapsed": 118.254018, "delta": 1.125999}}
{"target": -9.093996306375102, "params": {"C": 68.68681162899338, "gamma": 1.4431313998069368}, "datetime": {"datetime": "2021-06-20 14:42:14", "elapsed": 119.446654, "delta": 1.192636}}
{"target": -9.12139550275938, "params": {"C": 94.42748118910559, "gamma": 1.0520930537897113}, "datetime": {"datetime": "2021-06-20 14:42:15", "elapsed": 120.717659, "delta": 1.271005}}
{"target": -9.063848886414918, "params": {"C": 96.58840497666169, "gamma": 1.2939831436894993}, "datetime": {"datetime": "2021-06-20 14:42:17", "elapsed": 121.952655, "delta": 1.234996}}
{"target": -9.061021056742756, "params": {"C": 95.94153469652193, "gamma": 1.363654036364726}, "datetime": {"datetime": "2021-06-20 14:42:18", "elapsed": 123.474656, "delta": 1.522001}}
{"target": -9.066703020674609, "params": {"C": 96.25373814732998, "gamma": 1.2837444727060707}, "datetime": {"datetime": "2021-06-20 14:42:19", "elapsed": 124.476376, "delta": 1.00172}}
{"target": -9.16161870897676, "params": {"C": 52.00971035810854, "gamma": 1.2791499022880966}, "datetime": {"datetime": "2021-06-20 14:42:20", "elapsed": 125.599376, "delta": 1.123}}
{"target": -9.138155461440064, "params": {"C": 54.20967571916693, "gamma": 1.3529097800748635}, "datetime": {"datetime": "2021-06-20 14:42:21", "elapsed": 126.568375, "delta": 0.968999}}
{"target": -9.060992126804235, "params": {"C": 82.34305685794176, "gamma": 1.3904946319679912}, "datetime": {"datetime": "2021-06-20 14:42:22", "elapsed": 127.764377, "delta": 1.196002}}
{"target": -9.059578010648856, "params": {"C": 86.31336876879786, "gamma": 1.3278926378902653}, "datetime": {"datetime": "2021-06-20 14:42:24", "elapsed": 128.952994, "delta": 1.188617}}
{"target": -9.059525770953723, "params": {"C": 86.66167314691091, "gamma": 1.3842493331928347}, "datetime": {"datetime": "2021-06-20 14:42:25", "elapsed": 130.212993, "delta": 1.259999}}
{"target": -9.060454487901346, "params": {"C": 87.37070757358987, "gamma": 1.4141757289665626}, "datetime": {"datetime": "2021-06-20 14:42:26", "elapsed": 131.411995, "delta": 1.199002}}
{"target": -9.060680597312261, "params": {"C": 82.81250525980096, "gamma": 1.3787136076515556}, "datetime": {"datetime": "2021-06-20 14:42:27", "elapsed": 132.525993, "delta": 1.113998}}
{"target": -9.059459161632134, "params": {"C": 93.19096620641938, "gamma": 1.3117119042381749}, "datetime": {"datetime": "2021-06-20 14:42:28", "elapsed": 133.771596, "delta": 1.245603}}
{"target": -9.08825806496605, "params": {"C": 93.56689124359539, "gamma": 1.1758044247522232}, "datetime": {"datetime": "2021-06-20 14:42:30", "elapsed": 134.953595, "delta": 1.181999}}
{"target": -9.06026178234304, "params": {"C": 83.4240967973723, "gamma": 1.3797975060598}, "datetime": {"datetime": "2021-06-20 14:42:31", "elapsed": 136.197601, "delta": 1.244006}}
{"target": -9.115548583840962, "params": {"C": 58.93382033532643, "gamma": 1.3556688167717372}, "datetime": {"datetime": "2021-06-20 14:42:32", "elapsed": 137.556596, "delta": 1.358995}}
{"target": -9.110748887232413, "params": {"C": 59.556470393890294, "gamma": 1.3671218301917065}, "datetime": {"datetime": "2021-06-20 14:42:34", "elapsed": 138.931211, "delta": 1.374615}}
{"target": -9.078168094617528, "params": {"C": 72.07273273934697, "gamma": 1.3191592387222415}, "datetime": {"datetime": "2021-06-20 14:42:35", "elapsed": 140.184204, "delta": 1.252993}}
{"target": -9.064990184973059, "params": {"C": 79.70537713590431, "gamma": 1.3409305578368897}, "datetime": {"datetime": "2021-06-20 14:42:36", "elapsed": 141.377208, "delta": 1.193004}}
{"target": -9.097539803018734, "params": {"C": 78.6816034727806, "gamma": 1.1994528583494464}, "datetime": {"datetime": "2021-06-20 14:42:37", "elapsed": 142.793205, "delta": 1.415997}}
{"target": -9.064422937118456, "params": {"C": 77.49162114933344, "gamma": 1.4080467985193272}, "datetime": {"datetime": "2021-06-20 14:42:39", "elapsed": 143.952808, "delta": 1.159603}}
{"target": -9.06394718838769, "params": {"C": 77.93585677475956, "gamma": 1.4388219520098826}, "datetime": {"datetime": "2021-06-20 14:42:40", "elapsed": 145.39481, "delta": 1.442002}}
{"target": -9.087776580048814, "params": {"C": 100.0, "gamma": 1.1817051800101646}, "datetime": {"datetime": "2021-06-20 14:42:41", "elapsed": 146.598813, "delta": 1.204003}}
{"target": -9.061626522093697, "params": {"C": 81.04970325260244, "gamma": 1.3920176098502837}, "datetime": {"datetime": "2021-06-20 14:42:42", "elapsed": 147.815811, "delta": 1.216998}}
{"target": -9.062105963644946, "params": {"C": 80.63548248237794, "gamma": 1.406537393955052}, "datetime": {"datetime": "2021-06-20 14:42:44", "elapsed": 149.208497, "delta": 1.392686}}
{"target": -9.172644922428788, "params": {"C": 62.87693943533558, "gamma": 1.0825707149508983}, "datetime": {"datetime": "2021-06-20 14:42:45", "elapsed": 150.376499, "delta": 1.168002}}
{"target": -9.139930887142107, "params": {"C": 61.807189042464614, "gamma": 1.475593682870041}, "datetime": {"datetime": "2021-06-20 14:42:46", "elapsed": 151.812498, "delta": 1.435999}}
{"target": -9.057687046846347, "params": {"C": 90.00999167086376, "gamma": 1.3396060231855842}, "datetime": {"datetime": "2021-06-20 14:42:48", "elapsed": 153.318501, "delta": 1.506003}}
{"target": -9.057915039852709, "params": {"C": 89.8667558263983, "gamma": 1.3272204391780207}, "datetime": {"datetime": "2021-06-20 14:42:49", "elapsed": 154.639776, "delta": 1.321275}}
{"target": -9.057869610567671, "params": {"C": 90.38076204073822, "gamma": 1.320849068899226}, "datetime": {"datetime": "2021-06-20 14:42:51", "elapsed": 156.200773, "delta": 1.560997}}
{"target": -9.06975652475969, "params": {"C": 74.95444303011766, "gamma": 1.3800764235055725}, "datetime": {"datetime": "2021-06-20 14:42:52", "elapsed": 157.705397, "delta": 1.504624}}
{"target": -9.116906057492201, "params": {"C": 62.77526759632572, "gamma": 1.4393824024501776}, "datetime": {"datetime": "2021-06-20 14:42:53", "elapsed": 158.74503, "delta": 1.039633}}
