{"target": -9.824109906145177, "params": {"C": 19.89292539989248, "gamma": 2.0}, "datetime": {"datetime": "2021-06-20 13:41:36", "elapsed": 259.115657, "delta": 1.323003}}
{"target": -9.162809878333189, "params": {"C": 49.90893854941315, "gamma": 1.3395415485368818}, "datetime": {"datetime": "2021-06-20 13:41:39", "elapsed": 261.34326, "delta": 2.227603}}
{"target": -9.169109684472861, "params": {"C": 49.47838778562911, "gamma": 1.3625758241400192}, "datetime": {"datetime": "2021-06-20 13:41:40", "elapsed": 262.785257, "delta": 1.441997}}
{"target": -9.16129478155198, "params": {"C": 49.87120756255464, "gamma": 1.3510460460372171}, "datetime": {"datetime": "2021-06-20 13:41:42", "elapsed": 264.699261, "delta": 1.914004}}
{"target": -9.163910304671449, "params": {"C": 49.96616416080583, "gamma": 1.3298760687767512}, "datetime": {"datetime": "2021-06-20 13:41:44", "elapsed": 266.89511, "delta": 2.195849}}
{"target": -9.161894752934943, "params": {"C": 49.85891289007074, "gamma": 1.3530442335688195}, "datetime": {"datetime": "2021-06-20 13:41:46", "elapsed": 269.00011, "delta": 2.105}}
{"target": -9.196587380361745, "params": {"C": 47.2422695666676, "gamma": 1.3835568731506902}, "datetime": {"datetime": "2021-06-20 13:41:48", "elapsed": 270.751109, "delta": 1.750999}}
{"target": -9.162587993288405, "params": {"C": 49.75973743245695, "gamma": 1.3528478174274976}, "datetime": {"datetime": "2021-06-20 13:41:50", "elapsed": 272.546508, "delta": 1.795399}}
{"target": -9.707635928930802, "params": {"C": 45.75680768824763, "gamma": 0.3040460258599835}, "datetime": {"datetime": "2021-06-20 13:41:52", "elapsed": 274.253512, "delta": 1.707004}}
{"target": -9.162676599642259, "params": {"C": 49.93322853028312, "gamma": 1.339534136969284}, "datetime": {"datetime": "2021-06-20 13:41:54", "elapsed": 276.40846, "delta": 2.154948}}
{"target": -9.16572023848177, "params": {"C": 49.95248669945016, "gamma": 1.3177337035267143}, "datetime": {"datetime": "2021-06-20 13:41:56", "elapsed": 278.586462, "delta": 2.178002}}
{"target": -9.166795012087908, "params": {"C": 49.889587345479875, "gamma": 1.3647142946190975}, "datetime": {"datetime": "2021-06-20 13:41:58", "elapsed": 280.47846, "delta": 1.891998}}
{"target": -9.16554030830449, "params": {"C": 49.926160898593466, "gamma": 1.362509663724848}, "datetime": {"datetime": "2021-06-20 13:42:00", "elapsed": 282.501571, "delta": 2.023111}}
{"target": -9.16195288884732, "params": {"C": 49.82856417452917, "gamma": 1.348266258009302}, "datetime": {"datetime": "2021-06-20 13:42:02", "elapsed": 284.782571, "delta": 2.281}}
{"target": -9.16264852002626, "params": {"C": 49.93950463910127, "gamma": 1.3394894020330959}, "datetime": {"datetime": "2021-06-20 13:42:03", "elapsed": 286.165195, "delta": 1.382624}}
{"target": -9.432871443668128, "params": {"C": 48.15359865570352, "gamma": 1.9931542849892783}, "datetime": {"datetime": "2021-06-20 13:42:05", "elapsed": 287.768199, "delta": 1.603004}}
{"target": -9.163670056367526, "params": {"C": 49.948057994434016, "gamma": 1.332214593730609}, "datetime": {"datetime": "2021-06-20 13:42:07", "elapsed": 290.087197, "delta": 2.318998}}
{"target": -9.162484511680958, "params": {"C": 49.931846788212354, "gamma": 1.3408806024522935}, "datetime": {"datetime": "2021-06-20 13:42:09", "elapsed": 291.903825, "delta": 1.816628}}
{"target": -9.162898526500927, "params": {"C": 49.943843444784285, "gamma": 1.337635829861574}, "datetime": {"datetime": "2021-06-20 13:42:11", "elapsed": 293.415825, "delta": 1.512}}
{"target": -9.418950909079458, "params": {"C": 31.292644859189146, "gamma": 1.485481765325091}, "datetime": {"datetime": "2021-06-20 13:42:13", "elapsed": 295.579823, "delta": 2.163998}}
{"target": -9.42576030757574, "params": {"C": 30.525500755597175, "gamma": 1.4646555894792406}, "datetime": {"datetime": "2021-06-20 13:42:15", "elapsed": 297.437597, "delta": 1.857774}}
{"target": -9.163436261178399, "params": {"C": 49.698096428532985, "gamma": 1.3432150617541518}, "datetime": {"datetime": "2021-06-20 13:42:16", "elapsed": 299.102597, "delta": 1.665}}
{"target": -9.163920835637251, "params": {"C": 49.88293762432658, "gamma": 1.332956911193225}, "datetime": {"datetime": "2021-06-20 13:42:18", "elapsed": 300.578595, "delta": 1.475998}}
{"target": -9.161133122759216, "params": {"C": 49.962713804952315, "gamma": 1.3487528612593915}, "datetime": {"datetime": "2021-06-20 13:42:20", "elapsed": 302.616231, "delta": 2.037636}}
{"target": -9.268098360820282, "params": {"C": 41.99443249488626, "gamma": 1.1746275629611886}, "datetime": {"datetime": "2021-06-20 13:42:22", "elapsed": 304.391942, "delta": 1.775711}}
{"target": -9.266572387029207, "params": {"C": 41.53824858993509, "gamma": 1.1933816314272747}, "datetime": {"datetime": "2021-06-20 13:42:24", "elapsed": 306.763833, "delta": 2.371891}}
{"target": -9.491004757267508, "params": {"C": 28.46148701993791, "gamma": 1.5656323947081368}, "datetime": {"datetime": "2021-06-20 13:42:26", "elapsed": 308.85083, "delta": 2.086997}}
{"target": -9.21823653499792, "params": {"C": 42.51054822811961, "gamma": 1.3191321070318365}, "datetime": {"datetime": "2021-06-20 13:42:28", "elapsed": 310.843837, "delta": 1.993007}}
{"target": -9.161059764670368, "params": {"C": 49.93848586243029, "gamma": 1.3525697596939923}, "datetime": {"datetime": "2021-06-20 13:42:31", "elapsed": 313.954407, "delta": 3.11057}}
{"target": -9.731563698004948, "params": {"C": 41.08070078914256, "gamma": 0.3012143006881557}, "datetime": {"datetime": "2021-06-20 13:42:33", "elapsed": 315.426406, "delta": 1.471999}}
{"target": -9.16666927591973, "params": {"C": 49.779073324188545, "gamma": 1.3177370327593678}, "datetime": {"datetime": "2021-06-20 13:42:35", "elapsed": 317.878406, "delta": 2.452}}
{"target": -9.163267251803525, "params": {"C": 49.85890211647416, "gamma": 1.3383208441113221}, "datetime": {"datetime": "2021-06-20 13:42:37", "elapsed": 319.811405, "delta": 1.932999}}
{"target": -9.164776397617665, "params": {"C": 49.634073371911825, "gamma": 1.3365443124563101}, "datetime": {"datetime": "2021-06-20 13:42:39", "elapsed": 321.568138, "delta": 1.756733}}
{"target": -9.165002934937405, "params": {"C": 49.8103926443501, "gamma": 1.3282492561686081}, "datetime": {"datetime": "2021-06-20 13:42:41", "elapsed": 323.976141, "delta": 2.408003}}
{"target": -9.16185939774759, "params": {"C": 49.924545536820304, "gamma": 1.3453386516725563}, "datetime": {"datetime": "2021-06-20 13:42:43", "elapsed": 325.574138, "delta": 1.597997}}
{"target": -9.161763809553214, "params": {"C": 49.848757781214985, "gamma": 1.3487738732101806}, "datetime": {"datetime": "2021-06-20 13:42:45", "elapsed": 327.614889, "delta": 2.040751}}
{"target": -9.16495214439464, "params": {"C": 49.950049187003636, "gamma": 1.32324680462114}, "datetime": {"datetime": "2021-06-20 13:42:47", "elapsed": 329.353892, "delta": 1.739003}}
{"target": -9.163868668893524, "params": {"C": 49.782332900259476, "gamma": 1.3371175297437463}, "datetime": {"datetime": "2021-06-20 13:42:48", "elapsed": 331.028613, "delta": 1.674721}}
{"target": -9.165850871755223, "params": {"C": 49.67571658362541, "gamma": 1.32752513386955}, "datetime": {"datetime": "2021-06-20 13:42:51", "elapsed": 333.595614, "delta": 2.567001}}
{"target": -9.164703021175576, "params": {"C": 49.97561988516686, "gamma": 1.3240101531972188}, "datetime": {"datetime": "2021-06-20 13:42:54", "elapsed": 336.98132, "delta": 3.385706}}
{"target": -9.162280269832959, "params": {"C": 49.99143700729332, "gamma": 1.3400374020395076}, "datetime": {"datetime": "2021-06-20 13:42:56", "elapsed": 338.963321, "delta": 1.982001}}
{"target": -9.163328664305629, "params": {"C": 49.78753090911037, "gamma": 1.3405844205703736}, "datetime": {"datetime": "2021-06-20 13:42:59", "elapsed": 341.661243, "delta": 2.697922}}
{"target": -9.161985720570453, "params": {"C": 49.911817914538, "gamma": 1.3449672611672925}, "datetime": {"datetime": "2021-06-20 13:43:01", "elapsed": 344.250244, "delta": 2.589001}}
{"target": -9.16410759342793, "params": {"C": 49.6579074286404, "gamma": 1.3401944471480531}, "datetime": {"datetime": "2021-06-20 13:43:04", "elapsed": 346.87824, "delta": 2.627996}}
{"target": -9.162869259135666, "params": {"C": 49.86640144999436, "gamma": 1.3407308608117983}, "datetime": {"datetime": "2021-06-20 13:43:07", "elapsed": 349.572239, "delta": 2.693999}}
{"target": -9.163134621530986, "params": {"C": 49.883736464677646, "gamma": 1.3382879610773524}, "datetime": {"datetime": "2021-06-20 13:43:11", "elapsed": 353.269915, "delta": 3.697676}}
{"target": -9.165747642370526, "params": {"C": 49.85086902753832, "gamma": 1.3214777740475419}, "datetime": {"datetime": "2021-06-20 13:43:13", "elapsed": 355.981607, "delta": 2.711692}}
{"target": -9.161256577189052, "params": {"C": 49.994805797995916, "gamma": 1.3467561541292281}, "datetime": {"datetime": "2021-06-20 13:43:16", "elapsed": 358.939605, "delta": 2.957998}}
{"target": -9.663348743740492, "params": {"C": 24.759511299440277, "gamma": 0.8607747038240872}, "datetime": {"datetime": "2021-06-20 13:43:20", "elapsed": 362.89138, "delta": 3.951775}}
{"target": -9.165032456201368, "params": {"C": 49.94832914144488, "gamma": 1.3617500649866148}, "datetime": {"datetime": "2021-06-20 13:43:23", "elapsed": 365.575617, "delta": 2.684237}}
{"target": -9.163294317318762, "params": {"C": 49.71280884340244, "gamma": 1.353606939933964}, "datetime": {"datetime": "2021-06-20 13:43:26", "elapsed": 368.496961, "delta": 2.921344}}
{"target": -9.164092923073696, "params": {"C": 49.89174316825918, "gamma": 1.331440507230643}, "datetime": {"datetime": "2021-06-20 13:43:28", "elapsed": 370.979667, "delta": 2.482706}}
{"target": -9.476505712794332, "params": {"C": 41.24182829603202, "gamma": 1.9784194232103194}, "datetime": {"datetime": "2021-06-20 13:43:31", "elapsed": 373.844669, "delta": 2.865002}}
{"target": -9.162438551328238, "params": {"C": 49.82620168722058, "gamma": 1.3451202026456552}, "datetime": {"datetime": "2021-06-20 13:43:34", "elapsed": 376.886673, "delta": 3.042004}}
{"target": -9.16331636441597, "params": {"C": 49.94309498559914, "gamma": 1.3348221604229773}, "datetime": {"datetime": "2021-06-20 13:43:36", "elapsed": 378.756673, "delta": 1.87}}
{"target": -9.16386904623299, "params": {"C": 49.682672955254034, "gamma": 1.3408752833183508}, "datetime": {"datetime": "2021-06-20 13:43:38", "elapsed": 381.016313, "delta": 2.25964}}
{"target": -9.16159912870903, "params": {"C": 49.92699964975199, "gamma": 1.3469795565903804}, "datetime": {"datetime": "2021-06-20 13:43:41", "elapsed": 383.454311, "delta": 2.437998}}
{"target": -9.164039983047347, "params": {"C": 49.94914248817005, "gamma": 1.3296268979709018}, "datetime": {"datetime": "2021-06-20 13:43:43", "elapsed": 386.055932, "delta": 2.601621}}
{"target": -9.16282585558547, "params": {"C": 49.856240211205424, "gamma": 1.3414030120819294}, "datetime": {"datetime": "2021-06-20 13:43:46", "elapsed": 388.816929, "delta": 2.760997}}
{"target": -9.163040335403466, "params": {"C": 49.94565467402346, "gamma": 1.3366054856553453}, "datetime": {"datetime": "2021-06-20 13:43:49", "elapsed": 391.299699, "delta": 2.48277}}
{"target": -9.164248131964683, "params": {"C": 49.992644096783124, "gamma": 1.3265307098909702}, "datetime": {"datetime": "2021-06-20 13:43:52", "elapsed": 395.045699, "delta": 3.746}}
{"target": -9.16559266617338, "params": {"C": 49.99364616604439, "gamma": 1.3170438641926305}, "datetime": {"datetime": "2021-06-20 13:43:55", "elapsed": 397.735291, "delta": 2.689592}}
{"target": -9.163219431376707, "params": {"C": 49.79095418217428, "gamma": 1.3411934140643342}, "datetime": {"datetime": "2021-06-20 13:43:57", "elapsed": 400.09929, "delta": 2.363999}}
{"target": -9.164619301940174, "params": {"C": 49.88012560151195, "gamma": 1.3282452805648504}, "datetime": {"datetime": "2021-06-20 13:44:00", "elapsed": 402.263432, "delta": 2.164142}}
{"target": -9.761707183455137, "params": {"C": 37.81752733664437, "gamma": 0.3}, "datetime": {"datetime": "2021-06-20 13:44:02", "elapsed": 404.425426, "delta": 2.161994}}
{"target": -9.18424719722589, "params": {"C": 48.97659859019392, "gamma": 1.388123209694214}, "datetime": {"datetime": "2021-06-20 13:44:05", "elapsed": 407.633093, "delta": 3.207667}}
{"target": -9.164178752776923, "params": {"C": 49.73405592668754, "gamma": 1.3368299332208453}, "datetime": {"datetime": "2021-06-20 13:44:07", "elapsed": 409.976095, "delta": 2.343002}}
{"target": -9.163101104582712, "params": {"C": 49.832763770796085, "gamma": 1.3404252900589988}, "datetime": {"datetime": "2021-06-20 13:44:10", "elapsed": 412.318685, "delta": 2.34259}}
{"target": -9.163327974608816, "params": {"C": 49.802932602074335, "gamma": 1.3400109891262975}, "datetime": {"datetime": "2021-06-20 13:44:14", "elapsed": 416.703427, "delta": 4.384742}}
{"target": -9.167465232358065, "params": {"C": 49.8682571485694, "gamma": 1.3658609960620771}, "datetime": {"datetime": "2021-06-20 13:44:16", "elapsed": 419.193424, "delta": 2.489997}}
{"target": -9.163881995384255, "params": {"C": 49.911835804987895, "gamma": 1.3321294459299864}, "datetime": {"datetime": "2021-06-20 13:44:20", "elapsed": 422.944031, "delta": 3.750607}}
{"target": -9.162218612349996, "params": {"C": 49.95767075908138, "gamma": 1.3417074984130326}, "datetime": {"datetime": "2021-06-20 13:44:22", "elapsed": 425.229651, "delta": 2.28562}}
{"target": -9.163621029406729, "params": {"C": 49.74474930675525, "gamma": 1.3402153794355471}, "datetime": {"datetime": "2021-06-20 13:44:26", "elapsed": 428.736327, "delta": 3.506676}}
{"target": -9.163541448101519, "params": {"C": 49.75987031904074, "gamma": 1.3401850331733536}, "datetime": {"datetime": "2021-06-20 13:44:30", "elapsed": 432.315929, "delta": 3.579602}}
{"target": -9.16164416525303, "params": {"C": 49.861121116069015, "gamma": 1.349110068081426}, "datetime": {"datetime": "2021-06-20 13:44:34", "elapsed": 436.387561, "delta": 4.071632}}
{"target": -9.162213880053526, "params": {"C": 49.70730709333886, "gamma": 1.3510235684862144}, "datetime": {"datetime": "2021-06-20 13:44:36", "elapsed": 438.816183, "delta": 2.428622}}
{"target": -9.444815693966003, "params": {"C": 46.67360106815555, "gamma": 2.0}, "datetime": {"datetime": "2021-06-20 13:44:39", "elapsed": 441.640792, "delta": 2.824609}}
{"target": -9.171840274763703, "params": {"C": 49.05655073443518, "gamma": 1.3098725967744902}, "datetime": {"datetime": "2021-06-20 13:44:42", "elapsed": 444.601795, "delta": 2.961003}}
{"target": -9.163616037839045, "params": {"C": 49.85117594203838, "gamma": 1.3362408161110226}, "datetime": {"datetime": "2021-06-20 13:44:46", "elapsed": 449.106424, "delta": 4.504629}}
{"target": -9.87293085679552, "params": {"C": 18.138744106124165, "gamma": 2.0}, "datetime": {"datetime": "2021-06-20 13:44:49", "elapsed": 451.528055, "delta": 2.421631}}
{"target": -9.16180725634887, "params": {"C": 49.90530862058855, "gamma": 1.346397034247653}, "datetime": {"datetime": "2021-06-20 13:44:51", "elapsed": 454.053053, "delta": 2.524998}}
{"target": -9.164391169253081, "params": {"C": 49.98748297314358, "gamma": 1.3257325794369805}, "datetime": {"datetime": "2021-06-20 13:44:54", "elapsed": 457.238763, "delta": 3.18571}}
{"target": -9.164070799796534, "params": {"C": 49.87785402329219, "gamma": 1.3321195916998945}, "datetime": {"datetime": "2021-06-20 13:44:57", "elapsed": 459.669763, "delta": 2.431}}
{"target": -9.161878650245711, "params": {"C": 49.82819038702067, "gamma": 1.3487723610586142}, "datetime": {"datetime": "2021-06-20 13:44:59", "elapsed": 461.419441, "delta": 1.749678}}
{"target": -9.161902872569286, "params": {"C": 49.93686160118581, "gamma": 1.344592999518608}, "datetime": {"datetime": "2021-06-20 13:45:02", "elapsed": 465.082442, "delta": 3.663001}}
{"target": -9.165041660407121, "params": {"C": 49.91824679373711, "gamma": 1.3238412244014912}, "datetime": {"datetime": "2021-06-20 13:45:04", "elapsed": 467.247445, "delta": 2.165003}}
{"target": -9.161389826538072, "params": {"C": 49.885621764781774, "gamma": 1.3498893775622556}, "datetime": {"datetime": "2021-06-20 13:45:07", "elapsed": 469.651447, "delta": 2.404002}}
{"target": -9.38108084797729, "params": {"C": 32.796665263808805, "gamma": 1.1299053661622485}, "datetime": {"datetime": "2021-06-20 13:45:09", "elapsed": 471.352458, "delta": 1.701011}}
{"target": -9.166590978237, "params": {"C": 49.634241159574266, "gamma": 1.323944485658769}, "datetime": {"datetime": "2021-06-20 13:45:11", "elapsed": 473.353447, "delta": 2.000989}}
{"target": -9.164370507277972, "params": {"C": 49.896033935489086, "gamma": 1.3593100016604847}, "datetime": {"datetime": "2021-06-20 13:45:13", "elapsed": 476.208067, "delta": 2.85462}}
{"target": -9.162515631990917, "params": {"C": 49.84695405795405, "gamma": 1.3438326611064506}, "datetime": {"datetime": "2021-06-20 13:45:17", "elapsed": 480.043068, "delta": 3.835001}}
{"target": -9.163884515586654, "params": {"C": 49.65715468114338, "gamma": 1.3539476912577328}, "datetime": {"datetime": "2021-06-20 13:45:19", "elapsed": 482.026572, "delta": 1.983504}}
{"target": -9.161262919525669, "params": {"C": 49.975361868589125, "gamma": 1.3474290952633856}, "datetime": {"datetime": "2021-06-20 13:45:22", "elapsed": 484.735574, "delta": 2.709002}}
{"target": -9.164392448292208, "params": {"C": 49.84865747717293, "gamma": 1.3310138998656567}, "datetime": {"datetime": "2021-06-20 13:45:24", "elapsed": 486.890915, "delta": 2.155341}}
{"target": -9.339594768767894, "params": {"C": 37.818981848752685, "gamma": 1.084680098288172}, "datetime": {"datetime": "2021-06-20 13:45:26", "elapsed": 489.19492, "delta": 2.304005}}
{"target": -9.164820471248904, "params": {"C": 49.7856837106313, "gamma": 1.3304591972814754}, "datetime": {"datetime": "2021-06-20 13:45:30", "elapsed": 492.56253, "delta": 3.36761}}
{"target": -9.16262031857892, "params": {"C": 49.90796552198776, "gamma": 1.34085641804659}, "datetime": {"datetime": "2021-06-20 13:45:32", "elapsed": 494.588536, "delta": 2.026006}}
{"target": -9.163899286203314, "params": {"C": 49.75630485157722, "gamma": 1.3378920553745453}, "datetime": {"datetime": "2021-06-20 13:45:34", "elapsed": 496.766129, "delta": 2.177593}}
{"target": -9.165219960597756, "params": {"C": 49.61462088697935, "gamma": 1.3342443262416412}, "datetime": {"datetime": "2021-06-20 13:45:36", "elapsed": 498.650127, "delta": 1.883998}}
{"target": -9.16624364739723, "params": {"C": 49.44750743823984, "gamma": 1.3336086249424859}, "datetime": {"datetime": "2021-06-20 13:45:39", "elapsed": 501.770292, "delta": 3.120165}}
{"target": -9.163255058900104, "params": {"C": 49.883717708849765, "gamma": 1.3374716433481733}, "datetime": {"datetime": "2021-06-20 13:45:42", "elapsed": 505.003821, "delta": 3.233529}}
{"target": -9.164437675820976, "params": {"C": 49.777677268507425, "gamma": 1.3334024393497448}, "datetime": {"datetime": "2021-06-20 13:45:45", "elapsed": 508.073532, "delta": 3.069711}}
{"target": -9.161345199109673, "params": {"C": 49.93344373996248, "gamma": 1.353124824141592}, "datetime": {"datetime": "2021-06-20 13:45:48", "elapsed": 511.097115, "delta": 3.023583}}
{"target": -9.164557959015744, "params": {"C": 49.82006538753424, "gamma": 1.330960797356441}, "datetime": {"datetime": "2021-06-20 13:45:51", "elapsed": 513.88811, "delta": 2.790995}}
{"target": -9.162878861821053, "params": {"C": 49.97016998374173, "gamma": 1.3367834014267497}, "datetime": {"datetime": "2021-06-20 13:45:53", "elapsed": 516.234759, "delta": 2.346649}}
{"target": -9.16333531509489, "params": {"C": 49.97100544326087, "gamma": 1.3336421234868505}, "datetime": {"datetime": "2021-06-20 13:45:56", "elapsed": 518.275753, "delta": 2.040994}}
{"target": -9.164251082043638, "params": {"C": 49.76252544712913, "gamma": 1.3566555891481855}, "datetime": {"datetime": "2021-06-20 13:46:00", "elapsed": 523.050023, "delta": 4.77427}}
{"target": -9.218112830294206, "params": {"C": 43.76144416935974, "gamma": 1.2878904208477082}, "datetime": {"datetime": "2021-06-20 13:46:03", "elapsed": 525.935671, "delta": 2.885648}}
{"target": -9.165027483821348, "params": {"C": 49.81681681053751, "gamma": 1.3278324681789566}, "datetime": {"datetime": "2021-06-20 13:46:06", "elapsed": 528.974672, "delta": 3.039001}}
{"target": -9.162854415574648, "params": {"C": 49.97299541587221, "gamma": 1.3368435441420197}, "datetime": {"datetime": "2021-06-20 13:46:09", "elapsed": 532.231378, "delta": 3.256706}}
{"target": -9.162324008760194, "params": {"C": 49.88960746882692, "gamma": 1.3435298373308282}, "datetime": {"datetime": "2021-06-20 13:46:12", "elapsed": 535.013375, "delta": 2.781997}}
{"target": -9.16140775364067, "params": {"C": 49.871774541922434, "gamma": 1.3521734520491053}, "datetime": {"datetime": "2021-06-20 13:46:15", "elapsed": 537.525046, "delta": 2.511671}}
{"target": -9.162648573633037, "params": {"C": 49.81020159034459, "gamma": 1.3538812690175561}, "datetime": {"datetime": "2021-06-20 13:46:18", "elapsed": 540.959653, "delta": 3.434607}}
{"target": -9.161428016535652, "params": {"C": 49.95871227055529, "gamma": 1.346946802600583}, "datetime": {"datetime": "2021-06-20 13:46:22", "elapsed": 545.028649, "delta": 4.068996}}
{"target": -10.032299101543176, "params": {"C": 18.28486761669489, "gamma": 0.3}, "datetime": {"datetime": "2021-06-20 13:46:25", "elapsed": 547.575455, "delta": 2.546806}}
{"target": -9.16216932406912, "params": {"C": 49.92890702374064, "gamma": 1.3431062606934268}, "datetime": {"datetime": "2021-06-20 13:46:28", "elapsed": 550.320453, "delta": 2.744998}}
{"target": -9.161739210381963, "params": {"C": 49.86226329444035, "gamma": 1.3527526244751058}, "datetime": {"datetime": "2021-06-20 13:46:29", "elapsed": 552.109122, "delta": 1.788669}}
{"target": -9.163180913414259, "params": {"C": 49.847240722349554, "gamma": 1.3393432492432342}, "datetime": {"datetime": "2021-06-20 13:46:32", "elapsed": 554.452448, "delta": 2.343326}}
