{"target": -11.358144035138826, "params": {"C": 5.569498817386215, "gamma": 0.2396906854211524}, "datetime": {"datetime": "2021-06-19 19:22:54", "elapsed": 172.895468, "delta": 1.066337}}
{"target": -15.316693013693744, "params": {"C": 7.793152136890645, "gamma": 7.358424038543375}, "datetime": {"datetime": "2021-06-19 19:22:55", "elapsed": 173.674377, "delta": 0.778909}}
{"target": -14.883562789352567, "params": {"C": 6.21818362271842, "gamma": 6.279553198369448}, "datetime": {"datetime": "2021-06-19 19:22:56", "elapsed": 174.467675, "delta": 0.793298}}
{"target": -11.537087026595312, "params": {"C": 5.755668566778193, "gamma": 1.5664020594580979}, "datetime": {"datetime": "2021-06-19 19:22:56", "elapsed": 175.246746, "delta": 0.779071}}
{"target": -11.438897046760305, "params": {"C": 4.606696842324104, "gamma": 0.6859784886228426}, "datetime": {"datetime": "2021-06-19 19:22:58", "elapsed": 176.534836, "delta": 1.28809}}
{"target": -11.588423466078744, "params": {"C": 9.980759775705728, "gamma": 1.9060575657612335}, "datetime": {"datetime": "2021-06-19 19:22:59", "elapsed": 177.854681, "delta": 1.319845}}
{"target": -11.836601947025047, "params": {"C": 5.295987340099155, "gamma": 0.11164210460236366}, "datetime": {"datetime": "2021-06-19 19:23:00", "elapsed": 178.786645, "delta": 0.931964}}
{"target": -11.668088269361116, "params": {"C": 5.036909016310167, "gamma": 1.5325742517670715}, "datetime": {"datetime": "2021-06-19 19:23:01", "elapsed": 179.836545, "delta": 1.0499}}
{"target": -11.675874516831986, "params": {"C": 5.3986047397515575, "gamma": 1.6458141449288386}, "datetime": {"datetime": "2021-06-19 19:23:02", "elapsed": 180.892881, "delta": 1.056336}}
{"target": -10.841737436443289, "params": {"C": 8.343672203271, "gamma": 0.5450494560536469}, "datetime": {"datetime": "2021-06-19 19:23:03", "elapsed": 181.826848, "delta": 0.933967}}
{"target": -11.707165271266714, "params": {"C": 6.788070205691043, "gamma": 1.8648640674410268}, "datetime": {"datetime": "2021-06-19 19:23:04", "elapsed": 182.814269, "delta": 0.987421}}
{"target": -11.71516471296433, "params": {"C": 7.212454247696107, "gamma": 1.9165899167624145}, "datetime": {"datetime": "2021-06-19 19:23:05", "elapsed": 183.716117, "delta": 0.901848}}
{"target": -11.8095590718221, "params": {"C": 3.8855366514010217, "gamma": 1.2559416060092627}, "datetime": {"datetime": "2021-06-19 19:23:06", "elapsed": 184.871727, "delta": 1.15561}}
{"target": -11.76920889383958, "params": {"C": 7.6429032761225075, "gamma": 2.0288590283959076}, "datetime": {"datetime": "2021-06-19 19:23:07", "elapsed": 185.837007, "delta": 0.96528}}
{"target": -10.744928495379096, "params": {"C": 8.991480982790234, "gamma": 0.969960613662521}, "datetime": {"datetime": "2021-06-19 19:23:08", "elapsed": 186.839789, "delta": 1.002782}}
{"target": -11.135451817819998, "params": {"C": 9.533612442089082, "gamma": 1.371031323875389}, "datetime": {"datetime": "2021-06-19 19:23:09", "elapsed": 187.912586, "delta": 1.072797}}
{"target": -11.430354628952466, "params": {"C": 5.067973419542996, "gamma": 0.20567689473820558}, "datetime": {"datetime": "2021-06-19 19:23:10", "elapsed": 188.717982, "delta": 0.805396}}
{"target": -10.818397851784537, "params": {"C": 8.584356901935003, "gamma": 0.5425844206563283}, "datetime": {"datetime": "2021-06-19 19:23:11", "elapsed": 189.730184, "delta": 1.012202}}
{"target": -11.745727545588018, "params": {"C": 3.6581909823275143, "gamma": 0.6685624406778705}, "datetime": {"datetime": "2021-06-19 19:23:12", "elapsed": 190.705431, "delta": 0.975247}}
{"target": -11.781380091007083, "params": {"C": 4.716623369076571, "gamma": 1.577923829776916}, "datetime": {"datetime": "2021-06-19 19:23:13", "elapsed": 191.665971, "delta": 0.96054}}
{"target": -11.554428484892052, "params": {"C": 8.113197632098151, "gamma": 1.7761649308231189}, "datetime": {"datetime": "2021-06-19 19:23:14", "elapsed": 192.521784, "delta": 0.855813}}
{"target": -11.036740676334428, "params": {"C": 6.489199073283322, "gamma": 0.6745485138521631}, "datetime": {"datetime": "2021-06-19 19:23:14", "elapsed": 193.353796, "delta": 0.832012}}
{"target": -11.85058083061984, "params": {"C": 5.705858506807126, "gamma": 1.9326341085995413}, "datetime": {"datetime": "2021-06-19 19:23:16", "elapsed": 194.533554, "delta": 1.179758}}
{"target": -15.817856344540427, "params": {"C": 4.000691575379724, "gamma": 7.0200498039313945}, "datetime": {"datetime": "2021-06-19 19:23:16", "elapsed": 195.363815, "delta": 0.830261}}
{"target": -11.948862271173002, "params": {"C": 5.102329616546161, "gamma": 1.8894835585616208}, "datetime": {"datetime": "2021-06-19 19:23:18", "elapsed": 196.714255, "delta": 1.35044}}
{"target": -10.975746510005568, "params": {"C": 8.395696323310728, "gamma": 1.1766928625997286}, "datetime": {"datetime": "2021-06-19 19:23:19", "elapsed": 198.013195, "delta": 1.29894}}
{"target": -11.95752805171264, "params": {"C": 6.161418471317885, "gamma": 2.1434324866233907}, "datetime": {"datetime": "2021-06-19 19:23:20", "elapsed": 199.163374, "delta": 1.150179}}
{"target": -11.954801626744253, "params": {"C": 6.592180803692573, "gamma": 2.194647287646904}, "datetime": {"datetime": "2021-06-19 19:23:21", "elapsed": 200.20418, "delta": 1.040806}}
{"target": -11.910354659580804, "params": {"C": 9.01910502051736, "gamma": 2.338303961247285}, "datetime": {"datetime": "2021-06-19 19:23:22", "elapsed": 201.307146, "delta": 1.102966}}
{"target": -11.881315270395463, "params": {"C": 9.370094893104067, "gamma": 2.3082520363512034}, "datetime": {"datetime": "2021-06-19 19:23:24", "elapsed": 202.673793, "delta": 1.366647}}
{"target": -11.986702002225062, "params": {"C": 7.017334534990278, "gamma": 2.284562284340592}, "datetime": {"datetime": "2021-06-19 19:23:25", "elapsed": 203.676621, "delta": 1.002828}}
{"target": -11.959414059837943, "params": {"C": 8.215976408654234, "gamma": 2.3626475342097626}, "datetime": {"datetime": "2021-06-19 19:23:26", "elapsed": 204.833415, "delta": 1.156794}}
{"target": -11.842756849374053, "params": {"C": 9.933541846059748, "gamma": 2.2703787814006353}, "datetime": {"datetime": "2021-06-19 19:23:27", "elapsed": 205.953365, "delta": 1.11995}}
{"target": -11.062544804688878, "params": {"C": 6.6567088924774245, "gamma": 1.0047988066662559}, "datetime": {"datetime": "2021-06-19 19:23:28", "elapsed": 207.056771, "delta": 1.103406}}
{"target": -16.283395590848407, "params": {"C": 7.133644980556547, "gamma": 8.870444304209373}, "datetime": {"datetime": "2021-06-19 19:23:29", "elapsed": 207.973979, "delta": 0.917208}}
{"target": -12.000767238759915, "params": {"C": 7.767579002691849, "gamma": 2.3868495346473924}, "datetime": {"datetime": "2021-06-19 19:23:30", "elapsed": 208.992728, "delta": 1.018749}}
{"target": -12.000538611064007, "params": {"C": 7.357005343621415, "gamma": 2.342083282331608}, "datetime": {"datetime": "2021-06-19 19:23:31", "elapsed": 210.080528, "delta": 1.0878}}
{"target": -12.054930900304994, "params": {"C": 3.5042530149088122, "gamma": 1.4416616021305404}, "datetime": {"datetime": "2021-06-19 19:23:32", "elapsed": 211.146114, "delta": 1.065586}}
{"target": -11.907506030006354, "params": {"C": 3.275633269765196, "gamma": 0.7961138542597288}, "datetime": {"datetime": "2021-06-19 19:23:33", "elapsed": 212.102363, "delta": 0.956249}}
{"target": -12.023852005324898, "params": {"C": 9.679145485206934, "gamma": 2.560251195251806}, "datetime": {"datetime": "2021-06-19 19:23:34", "elapsed": 213.167045, "delta": 1.064682}}
{"target": -12.09921027306253, "params": {"C": 8.656909985347603, "gamma": 2.626785135454713}, "datetime": {"datetime": "2021-06-19 19:23:36", "elapsed": 214.609194, "delta": 1.442149}}
{"target": -12.009344167783542, "params": {"C": 3.2577177616159383, "gamma": 1.1599530306358385}, "datetime": {"datetime": "2021-06-19 19:23:37", "elapsed": 215.643521, "delta": 1.034327}}
{"target": -10.733329448405101, "params": {"C": 8.736041383004977, "gamma": 0.6481083907202587}, "datetime": {"datetime": "2021-06-19 19:23:38", "elapsed": 216.800081, "delta": 1.15656}}
{"target": -12.076815912830012, "params": {"C": 5.414527159770086, "gamma": 2.1316388502057992}, "datetime": {"datetime": "2021-06-19 19:23:39", "elapsed": 218.38867, "delta": 1.588589}}
{"target": -12.848077323582597, "params": {"C": 2.7802102541979448, "gamma": 1.9650317241691957}, "datetime": {"datetime": "2021-06-19 19:23:40", "elapsed": 219.274423, "delta": 0.885753}}
{"target": -11.8336546759155, "params": {"C": 3.3789437273306246, "gamma": 0.39879524441420844}, "datetime": {"datetime": "2021-06-19 19:23:41", "elapsed": 220.317736, "delta": 1.043313}}
{"target": -11.976941251923975, "params": {"C": 2.98593072236039, "gamma": 0.4269878756274025}, "datetime": {"datetime": "2021-06-19 19:23:43", "elapsed": 221.50527, "delta": 1.187534}}
{"target": -12.097050351212609, "params": {"C": 2.886356683016406, "gamma": 0.798774250494789}, "datetime": {"datetime": "2021-06-19 19:23:44", "elapsed": 222.511979, "delta": 1.006709}}
{"target": -14.238996108596403, "params": {"C": 3.185806273859687, "gamma": 0.0552341178361165}, "datetime": {"datetime": "2021-06-19 19:23:45", "elapsed": 223.714974, "delta": 1.202995}}
{"target": -12.156678624171139, "params": {"C": 4.732427854916561, "gamma": 2.0264216979235963}, "datetime": {"datetime": "2021-06-19 19:23:46", "elapsed": 224.771512, "delta": 1.056538}}
{"target": -14.302343532928855, "params": {"C": 8.69154027365168, "gamma": 5.811940458446493}, "datetime": {"datetime": "2021-06-19 19:23:47", "elapsed": 225.662174, "delta": 0.890662}}
{"target": -12.168138536087625, "params": {"C": 5.798519493786823, "gamma": 2.3458318551394584}, "datetime": {"datetime": "2021-06-19 19:23:48", "elapsed": 226.75883, "delta": 1.096656}}
{"target": -12.225946916097827, "params": {"C": 6.292171573980933, "gamma": 2.5252770059300382}, "datetime": {"datetime": "2021-06-19 19:23:49", "elapsed": 227.868569, "delta": 1.109739}}
{"target": -11.72510099434972, "params": {"C": 8.906089735777062, "gamma": 2.0503917476084754}, "datetime": {"datetime": "2021-06-19 19:23:50", "elapsed": 229.355421, "delta": 1.486852}}
{"target": -18.279827480875657, "params": {"C": 2.3481839308763166, "gamma": 9.890117927375465}, "datetime": {"datetime": "2021-06-19 19:23:51", "elapsed": 230.245919, "delta": 0.890498}}
{"target": -11.573927513575036, "params": {"C": 7.798993614615834, "gamma": 1.7781470147905465}, "datetime": {"datetime": "2021-06-19 19:23:52", "elapsed": 231.264039, "delta": 1.01812}}
{"target": -11.072017048371443, "params": {"C": 7.7935322227847035, "gamma": 0.2826280596027927}, "datetime": {"datetime": "2021-06-19 19:23:54", "elapsed": 232.51445, "delta": 1.250411}}
{"target": -12.173771176051208, "params": {"C": 2.5778399218284385, "gamma": 0.4950597667245342}, "datetime": {"datetime": "2021-06-19 19:23:55", "elapsed": 233.655394, "delta": 1.140944}}
{"target": -12.22623752794265, "params": {"C": 8.195463702408658, "gamma": 2.824583719539231}, "datetime": {"datetime": "2021-06-19 19:23:56", "elapsed": 234.905898, "delta": 1.250504}}
{"target": -11.722005244557081, "params": {"C": 3.738643901296635, "gamma": 0.4094187834877675}, "datetime": {"datetime": "2021-06-19 19:23:57", "elapsed": 235.877844, "delta": 0.971946}}
{"target": -14.78974422823452, "params": {"C": 4.633230492486242, "gamma": 5.501550487305734}, "datetime": {"datetime": "2021-06-19 19:23:58", "elapsed": 236.825216, "delta": 0.947372}}
{"target": -10.623218014187955, "params": {"C": 9.89212607811593, "gamma": 0.8684208931678629}, "datetime": {"datetime": "2021-06-19 19:23:59", "elapsed": 238.012962, "delta": 1.187746}}
{"target": -12.261832927561887, "params": {"C": 7.570492163768893, "gamma": 2.7947792446021693}, "datetime": {"datetime": "2021-06-19 19:24:00", "elapsed": 239.316479, "delta": 1.303517}}
{"target": -12.379912336086168, "params": {"C": 5.0097273907831665, "gamma": 2.3859098563310184}, "datetime": {"datetime": "2021-06-19 19:24:02", "elapsed": 240.556849, "delta": 1.24037}}
{"target": -11.105725232467671, "params": {"C": 6.8399373151716265, "gamma": 0.3969235456328164}, "datetime": {"datetime": "2021-06-19 19:24:03", "elapsed": 241.476632, "delta": 0.919783}}
{"target": -12.231407594052591, "params": {"C": 6.754820271457717, "gamma": 2.627676331837412}, "datetime": {"datetime": "2021-06-19 19:24:04", "elapsed": 242.525184, "delta": 1.048552}}
{"target": -12.096078743036626, "params": {"C": 9.992934508274477, "gamma": 2.729029909348774}, "datetime": {"datetime": "2021-06-19 19:24:05", "elapsed": 243.712275, "delta": 1.187091}}
{"target": -12.250398949410178, "params": {"C": 9.618247024749094, "gamma": 3.058920834577131}, "datetime": {"datetime": "2021-06-19 19:24:06", "elapsed": 244.907389, "delta": 1.195114}}
{"target": -12.40960158312155, "params": {"C": 3.590193608412154, "gamma": 1.9104094777356593}, "datetime": {"datetime": "2021-06-19 19:24:07", "elapsed": 246.311384, "delta": 1.403995}}
{"target": -12.38901380214676, "params": {"C": 8.609719809865101, "gamma": 3.1201483810408552}, "datetime": {"datetime": "2021-06-19 19:24:09", "elapsed": 247.577609, "delta": 1.266225}}
{"target": -12.413076003842525, "params": {"C": 2.436560710185136, "gamma": 0.9426987666774659}, "datetime": {"datetime": "2021-06-19 19:24:10", "elapsed": 248.817466, "delta": 1.239857}}
{"target": -11.78187561914659, "params": {"C": 4.1601025259238265, "gamma": 1.361142025484948}, "datetime": {"datetime": "2021-06-19 19:24:12", "elapsed": 250.434893, "delta": 1.617427}}
{"target": -12.579799123083463, "params": {"C": 5.5488393136491085, "gamma": 2.783072878081786}, "datetime": {"datetime": "2021-06-19 19:24:13", "elapsed": 251.562083, "delta": 1.12719}}
{"target": -12.44627948105908, "params": {"C": 9.985395886182335, "gamma": 3.3953179596662193}, "datetime": {"datetime": "2021-06-19 19:24:14", "elapsed": 252.919748, "delta": 1.357665}}
{"target": -12.07811320990699, "params": {"C": 9.27132703175526, "gamma": 2.6395917487797003}, "datetime": {"datetime": "2021-06-19 19:24:15", "elapsed": 254.059955, "delta": 1.140207}}
{"target": -13.438716141202647, "params": {"C": 2.121003614700484, "gamma": 0.1190096087888952}, "datetime": {"datetime": "2021-06-19 19:24:17", "elapsed": 255.548844, "delta": 1.488889}}
{"target": -12.709173982095928, "params": {"C": 6.195503269644487, "gamma": 3.093034942781075}, "datetime": {"datetime": "2021-06-19 19:24:18", "elapsed": 256.867486, "delta": 1.318642}}
{"target": -11.100270846397528, "params": {"C": 6.083637419581206, "gamma": 0.7956795502279229}, "datetime": {"datetime": "2021-06-19 19:24:19", "elapsed": 258.017419, "delta": 1.149933}}
{"target": -16.792961752060254, "params": {"C": 10.0, "gamma": 10.0}, "datetime": {"datetime": "2021-06-19 19:24:20", "elapsed": 259.3586, "delta": 1.341181}}
{"target": -12.209309267312978, "params": {"C": 7.150768972455156, "gamma": 2.66703767364249}, "datetime": {"datetime": "2021-06-19 19:24:22", "elapsed": 260.577952, "delta": 1.219352}}
{"target": -10.91802115463119, "params": {"C": 7.400074459551803, "gamma": 0.8814039312989117}, "datetime": {"datetime": "2021-06-19 19:24:23", "elapsed": 261.781149, "delta": 1.203197}}
{"target": -17.086851572966662, "params": {"C": 5.9399743259691835, "gamma": 10.0}, "datetime": {"datetime": "2021-06-19 19:24:25", "elapsed": 263.548492, "delta": 1.767343}}
{"target": -10.963219090881067, "params": {"C": 8.945362718288427, "gamma": 0.3244140425427471}, "datetime": {"datetime": "2021-06-19 19:24:26", "elapsed": 264.669846, "delta": 1.121354}}
{"target": -10.962318455446944, "params": {"C": 9.236043466911784, "gamma": 0.26094133335412323}, "datetime": {"datetime": "2021-06-19 19:24:27", "elapsed": 266.026591, "delta": 1.356745}}
{"target": -10.832848016399117, "params": {"C": 7.8497875352857, "gamma": 0.7137524839732943}, "datetime": {"datetime": "2021-06-19 19:24:29", "elapsed": 267.59495, "delta": 1.568359}}
{"target": -14.08163940677189, "params": {"C": 3.4149040351341395, "gamma": 3.7912081783954203}, "datetime": {"datetime": "2021-06-19 19:24:30", "elapsed": 268.838205, "delta": 1.243255}}
{"target": -12.911324030540202, "params": {"C": 8.491481191528644, "gamma": 3.779585678975875}, "datetime": {"datetime": "2021-06-19 19:24:31", "elapsed": 270.328478, "delta": 1.490273}}
{"target": -13.00507386346251, "params": {"C": 10.0, "gamma": 4.121177039253899}, "datetime": {"datetime": "2021-06-19 19:24:33", "elapsed": 271.633453, "delta": 1.304975}}
{"target": -15.395444252104237, "params": {"C": 2.5363893847328782, "gamma": 5.036437021953224}, "datetime": {"datetime": "2021-06-19 19:24:34", "elapsed": 273.074864, "delta": 1.441411}}
{"target": -11.151271864257696, "params": {"C": 9.91602922008403, "gamma": 1.3991004915180076}, "datetime": {"datetime": "2021-06-19 19:24:35", "elapsed": 274.209787, "delta": 1.134923}}
{"target": -16.251339557827883, "params": {"C": 5.385080969308155, "gamma": 8.442242425041927}, "datetime": {"datetime": "2021-06-19 19:24:37", "elapsed": 275.771115, "delta": 1.561328}}
{"target": -10.977883306343939, "params": {"C": 8.695176615009913, "gamma": 0.32824063184135926}, "datetime": {"datetime": "2021-06-19 19:24:39", "elapsed": 277.450859, "delta": 1.679744}}
{"target": -11.289950420185832, "params": {"C": 7.142458309286268, "gamma": 1.4270353402566471}, "datetime": {"datetime": "2021-06-19 19:24:40", "elapsed": 278.739006, "delta": 1.288147}}
{"target": -13.690648216118264, "params": {"C": 7.979565522081257, "gamma": 4.800571867136737}, "datetime": {"datetime": "2021-06-19 19:24:41", "elapsed": 280.043119, "delta": 1.304113}}
{"target": -27.632428044060493, "params": {"C": 0.019793455015078808, "gamma": 1.0928379598238582}, "datetime": {"datetime": "2021-06-19 19:24:42", "elapsed": 281.191144, "delta": 1.148025}}
{"target": -11.1905965128758, "params": {"C": 5.704428952128266, "gamma": 0.6337309177027908}, "datetime": {"datetime": "2021-06-19 19:24:44", "elapsed": 282.657461, "delta": 1.466317}}
{"target": -10.759586249713113, "params": {"C": 8.651289066330108, "gamma": 0.8795204100099843}, "datetime": {"datetime": "2021-06-19 19:24:46", "elapsed": 284.463135, "delta": 1.805674}}
{"target": -11.474646425512697, "params": {"C": 4.853747583039118, "gamma": 0.29595037456862167}, "datetime": {"datetime": "2021-06-19 19:24:48", "elapsed": 286.587248, "delta": 2.124113}}
{"target": -10.610870568302275, "params": {"C": 10.0, "gamma": 0.8010638103771934}, "datetime": {"datetime": "2021-06-19 19:24:49", "elapsed": 288.158235, "delta": 1.570987}}
{"target": -12.882315287802854, "params": {"C": 4.641987085477069, "gamma": 2.8671098903654477}, "datetime": {"datetime": "2021-06-19 19:24:51", "elapsed": 290.00157, "delta": 1.843335}}
{"target": -36.43595244707235, "params": {"C": 0.004901172949329929, "gamma": 9.995966032877291}, "datetime": {"datetime": "2021-06-19 19:24:52", "elapsed": 291.320344, "delta": 1.318774}}
{"target": -11.405985411074209, "params": {"C": 9.243981433890491, "gamma": 1.6580361478816072}, "datetime": {"datetime": "2021-06-19 19:24:54", "elapsed": 292.986863, "delta": 1.666519}}
{"target": -10.86379580188916, "params": {"C": 9.543185746075158, "gamma": 1.1116309418843728}, "datetime": {"datetime": "2021-06-19 19:24:56", "elapsed": 294.614004, "delta": 1.627141}}
{"target": -11.540831721913552, "params": {"C": 6.314536230546894, "gamma": 1.6299053552653384}, "datetime": {"datetime": "2021-06-19 19:24:57", "elapsed": 296.111826, "delta": 1.497822}}
{"target": -12.386012200689386, "params": {"C": 3.1770299702765428, "gamma": 1.680143267495658}, "datetime": {"datetime": "2021-06-19 19:24:59", "elapsed": 297.886975, "delta": 1.775149}}
{"target": -11.685472856013682, "params": {"C": 3.851017767015843, "gamma": 0.8705792149069866}, "datetime": {"datetime": "2021-06-19 19:25:00", "elapsed": 299.390456, "delta": 1.503481}}
{"target": -11.505130230028414, "params": {"C": 9.268006357410464, "gamma": 1.78640647365112}, "datetime": {"datetime": "2021-06-19 19:25:02", "elapsed": 300.531575, "delta": 1.141119}}
{"target": -11.062957218195049, "params": {"C": 7.450754982927581, "gamma": 1.2152229339612033}, "datetime": {"datetime": "2021-06-19 19:25:03", "elapsed": 301.935006, "delta": 1.403431}}
{"target": -13.092333546640845, "params": {"C": 3.3969384056303804, "gamma": 2.5704243534225513}, "datetime": {"datetime": "2021-06-19 19:25:04", "elapsed": 303.309729, "delta": 1.374723}}
{"target": -16.020069012249863, "params": {"C": 10.0, "gamma": 8.695066715657465}, "datetime": {"datetime": "2021-06-19 19:25:06", "elapsed": 305.061998, "delta": 1.752269}}
{"target": -17.02148877292006, "params": {"C": 2.5860134197315694, "gamma": 7.964556687340591}, "datetime": {"datetime": "2021-06-19 19:25:07", "elapsed": 306.189047, "delta": 1.127049}}
{"target": -13.616357332275141, "params": {"C": 3.884114220701805, "gamma": 3.4440304962882524}, "datetime": {"datetime": "2021-06-19 19:25:08", "elapsed": 307.327301, "delta": 1.138254}}
{"target": -10.659009211768094, "params": {"C": 9.458947538859244, "gamma": 0.6797320876637878}, "datetime": {"datetime": "2021-06-19 19:25:10", "elapsed": 308.816184, "delta": 1.488883}}
{"target": -12.758661920615339, "params": {"C": 2.3208429265621895, "gamma": 1.4597611794767174}, "datetime": {"datetime": "2021-06-19 19:25:11", "elapsed": 310.135628, "delta": 1.319444}}
{"target": -14.059124843162992, "params": {"C": 5.6391558908833925, "gamma": 4.752555955254433}, "datetime": {"datetime": "2021-06-19 19:25:13", "elapsed": 311.478351, "delta": 1.342723}}
{"target": -10.965146257682152, "params": {"C": 9.63691913023966, "gamma": 0.2039235862812582}, "datetime": {"datetime": "2021-06-19 19:25:14", "elapsed": 312.830595, "delta": 1.352244}}
{"target": -13.275972651949196, "params": {"C": 9.137578935090573, "gamma": 4.395235745759913}, "datetime": {"datetime": "2021-06-19 19:25:15", "elapsed": 314.306668, "delta": 1.476073}}
