{"target": -11.137082082301827, "params": {"C": 5.92569607062931, "gamma": 0.6921005640045736}, "datetime": {"datetime": "2021-06-19 19:20:57", "elapsed": 55.800503, "delta": 0.829484}}
{"target": -11.17864376498358, "params": {"C": 6.38615275634547, "gamma": 0.3736217955140954}, "datetime": {"datetime": "2021-06-19 19:20:58", "elapsed": 56.709758, "delta": 0.909255}}
{"target": -10.95009593818402, "params": {"C": 7.937615584494353, "gamma": 1.1250768472750179}, "datetime": {"datetime": "2021-06-19 19:20:59", "elapsed": 57.508271, "delta": 0.798513}}
{"target": -11.399253726594043, "params": {"C": 7.893211244431823, "gamma": 1.5768566290412847}, "datetime": {"datetime": "2021-06-19 19:21:00", "elapsed": 58.524422, "delta": 1.016151}}
{"target": -11.623595380028096, "params": {"C": 4.061399727320067, "gamma": 0.9878745134606804}, "datetime": {"datetime": "2021-06-19 19:21:00", "elapsed": 59.321799, "delta": 0.797377}}
{"target": -11.008397412754395, "params": {"C": 6.869809461063472, "gamma": 0.9358908060615911}, "datetime": {"datetime": "2021-06-19 19:21:01", "elapsed": 60.320612, "delta": 0.998813}}
{"target": -14.685818951412369, "params": {"C": 7.253173500038208, "gamma": 0.019798668177412982}, "datetime": {"datetime": "2021-06-19 19:21:02", "elapsed": 61.302453, "delta": 0.981841}}
{"target": -11.12018134228858, "params": {"C": 8.124575759024168, "gamma": 0.12424876192525705}, "datetime": {"datetime": "2021-06-19 19:21:03", "elapsed": 62.206392, "delta": 0.903939}}
{"target": -10.960221988529934, "params": {"C": 7.206540671760005, "gamma": 0.5634085443655101}, "datetime": {"datetime": "2021-06-19 19:21:04", "elapsed": 63.087634, "delta": 0.881242}}
{"target": -10.937154385444028, "params": {"C": 8.449932749329706, "gamma": 0.4178391333860983}, "datetime": {"datetime": "2021-06-19 19:21:05", "elapsed": 63.878986, "delta": 0.791352}}
{"target": -10.763586470902691, "params": {"C": 9.161161474990095, "gamma": 0.994737591930841}, "datetime": {"datetime": "2021-06-19 19:21:06", "elapsed": 64.600558, "delta": 0.721572}}
{"target": -16.783223903215983, "params": {"C": 8.289536893768322, "gamma": 9.850235389127475}, "datetime": {"datetime": "2021-06-19 19:21:06", "elapsed": 65.186222, "delta": 0.585664}}
{"target": -23.54936411286302, "params": {"C": 6.284484930297542, "gamma": 0.001}, "datetime": {"datetime": "2021-06-19 19:21:07", "elapsed": 66.096495, "delta": 0.910273}}
{"target": -11.105526043799742, "params": {"C": 6.839007428857308, "gamma": 0.39739218295357076}, "datetime": {"datetime": "2021-06-19 19:21:08", "elapsed": 67.070108, "delta": 0.973613}}
{"target": -11.13263337733933, "params": {"C": 6.131577607922725, "gamma": 0.5362159684711317}, "datetime": {"datetime": "2021-06-19 19:21:09", "elapsed": 67.918533, "delta": 0.848425}}
{"target": -11.24190341841415, "params": {"C": 5.763529393784406, "gamma": 0.44084611342606683}, "datetime": {"datetime": "2021-06-19 19:21:10", "elapsed": 68.93385, "delta": 1.015317}}
{"target": -11.129641423415677, "params": {"C": 6.545323975917202, "gamma": 0.41683635108821504}, "datetime": {"datetime": "2021-06-19 19:21:11", "elapsed": 69.934745, "delta": 1.000895}}
{"target": -10.822252721332065, "params": {"C": 7.999925765129049, "gamma": 0.7740738097839654}, "datetime": {"datetime": "2021-06-19 19:21:12", "elapsed": 70.823382, "delta": 0.888637}}
{"target": -10.97188566647952, "params": {"C": 9.420322252089818, "gamma": 1.2153449117569701}, "datetime": {"datetime": "2021-06-19 19:21:13", "elapsed": 71.750691, "delta": 0.927309}}
{"target": -11.459209556353542, "params": {"C": 6.648882396139309, "gamma": 1.5672812103267815}, "datetime": {"datetime": "2021-06-19 19:21:14", "elapsed": 72.685901, "delta": 0.93521}}
{"target": -10.950972296444299, "params": {"C": 7.457579466021385, "gamma": 1.0431873863827963}, "datetime": {"datetime": "2021-06-19 19:21:15", "elapsed": 73.654583, "delta": 0.968682}}
{"target": -11.046228441617155, "params": {"C": 7.978625925176211, "gamma": 0.2909430321393139}, "datetime": {"datetime": "2021-06-19 19:21:16", "elapsed": 74.708679, "delta": 1.054096}}
{"target": -12.814220958655657, "params": {"C": 7.505815201613631, "gamma": 3.4878595346117804}, "datetime": {"datetime": "2021-06-19 19:21:16", "elapsed": 75.325056, "delta": 0.616377}}
{"target": -14.704102081084397, "params": {"C": 1.242698605930446, "gamma": 2.374620041406498}, "datetime": {"datetime": "2021-06-19 19:21:17", "elapsed": 75.962635, "delta": 0.637579}}
{"target": -10.775966456001555, "params": {"C": 8.325871958255563, "gamma": 0.6937146462212778}, "datetime": {"datetime": "2021-06-19 19:21:18", "elapsed": 76.926614, "delta": 0.963979}}
{"target": -10.732219633543588, "params": {"C": 8.819755432993201, "gamma": 0.8081929712667799}, "datetime": {"datetime": "2021-06-19 19:21:19", "elapsed": 77.511716, "delta": 0.585102}}
{"target": -11.24069143255223, "params": {"C": 6.037892633548656, "gamma": 1.1845916865952233}, "datetime": {"datetime": "2021-06-19 19:21:19", "elapsed": 78.386158, "delta": 0.874442}}
{"target": -11.231151912215658, "params": {"C": 7.354835711611379, "gamma": 1.3815849265811162}, "datetime": {"datetime": "2021-06-19 19:21:20", "elapsed": 79.382981, "delta": 0.996823}}
{"target": -10.712267612947866, "params": {"C": 9.817347584386987, "gamma": 0.9691941994406389}, "datetime": {"datetime": "2021-06-19 19:21:21", "elapsed": 80.243412, "delta": 0.860431}}
{"target": -11.205576641135995, "params": {"C": 6.803852630591224, "gamma": 0.20056676935078177}, "datetime": {"datetime": "2021-06-19 19:21:22", "elapsed": 81.298365, "delta": 1.054953}}
{"target": -10.973221329052087, "params": {"C": 7.466152199086541, "gamma": 0.502298753132921}, "datetime": {"datetime": "2021-06-19 19:21:24", "elapsed": 82.474898, "delta": 1.176533}}
{"target": -11.07491618588085, "params": {"C": 8.539558054838086, "gamma": 1.2826527146435012}, "datetime": {"datetime": "2021-06-19 19:21:25", "elapsed": 83.42875, "delta": 0.953852}}
{"target": -11.08501328677198, "params": {"C": 6.4658466795622935, "gamma": 0.9770957629196397}, "datetime": {"datetime": "2021-06-19 19:21:26", "elapsed": 84.532575, "delta": 1.103825}}
{"target": -10.67113884686264, "params": {"C": 9.336705905384198, "gamma": 0.69684446343755}, "datetime": {"datetime": "2021-06-19 19:21:27", "elapsed": 85.626577, "delta": 1.094002}}
{"target": -11.544449119534885, "params": {"C": 7.5331050709341865, "gamma": 1.7218718020122612}, "datetime": {"datetime": "2021-06-19 19:21:28", "elapsed": 86.739521, "delta": 1.112944}}
{"target": -10.823516560674708, "params": {"C": 8.363249774359268, "gamma": 1.0193418618086305}, "datetime": {"datetime": "2021-06-19 19:21:29", "elapsed": 87.84933, "delta": 1.109809}}
{"target": -11.700406565134372, "params": {"C": 9.210096706276541, "gamma": 2.028683245060177}, "datetime": {"datetime": "2021-06-19 19:21:30", "elapsed": 88.882757, "delta": 1.033427}}
{"target": -11.579903585738307, "params": {"C": 8.7531702530606, "gamma": 1.8532197574884222}, "datetime": {"datetime": "2021-06-19 19:21:31", "elapsed": 89.936813, "delta": 1.054056}}
{"target": -10.863212185960942, "params": {"C": 9.052144813437648, "gamma": 0.4454912338451492}, "datetime": {"datetime": "2021-06-19 19:21:32", "elapsed": 90.822431, "delta": 0.885618}}
{"target": -10.715591479296133, "params": {"C": 9.581420352667585, "gamma": 0.9640418136352041}, "datetime": {"datetime": "2021-06-19 19:21:33", "elapsed": 91.888976, "delta": 1.066545}}
{"target": -11.172543340350607, "params": {"C": 9.731671203905057, "gamma": 1.4148373238386136}, "datetime": {"datetime": "2021-06-19 19:21:34", "elapsed": 92.705714, "delta": 0.816738}}
{"target": -11.102099128247827, "params": {"C": 6.3575670442872285, "gamma": 0.5149150112464221}, "datetime": {"datetime": "2021-06-19 19:21:35", "elapsed": 93.541382, "delta": 0.835668}}
{"target": -22.00981371035947, "params": {"C": 8.89851257732697, "gamma": 0.001}, "datetime": {"datetime": "2021-06-19 19:21:36", "elapsed": 94.530191, "delta": 0.988809}}
{"target": -10.96429382528769, "params": {"C": 9.067568397112922, "gamma": 0.29592139799295375}, "datetime": {"datetime": "2021-06-19 19:21:37", "elapsed": 95.800203, "delta": 1.270012}}
{"target": -10.990930193427122, "params": {"C": 9.327684533424241, "gamma": 0.17767578708297982}, "datetime": {"datetime": "2021-06-19 19:21:38", "elapsed": 96.89269, "delta": 1.092487}}
{"target": -10.950791112255565, "params": {"C": 8.853061036789642, "gamma": 0.3550587355822764}, "datetime": {"datetime": "2021-06-19 19:21:39", "elapsed": 97.784349, "delta": 0.891659}}
{"target": -11.037971383803175, "params": {"C": 8.372827963367344, "gamma": 0.251131648334984}, "datetime": {"datetime": "2021-06-19 19:21:40", "elapsed": 98.76326, "delta": 0.978911}}
{"target": -10.922239181532223, "params": {"C": 7.702901176184002, "gamma": 1.0650143422127236}, "datetime": {"datetime": "2021-06-19 19:21:41", "elapsed": 99.747656, "delta": 0.984396}}
{"target": -10.865309465149341, "params": {"C": 7.943934048652964, "gamma": 0.5682642534439093}, "datetime": {"datetime": "2021-06-19 19:21:42", "elapsed": 100.760335, "delta": 1.012679}}
{"target": -17.50498174317447, "params": {"C": 3.58839108339598, "gamma": 9.726306889356598}, "datetime": {"datetime": "2021-06-19 19:21:43", "elapsed": 101.430477, "delta": 0.670142}}
{"target": -11.004822111978553, "params": {"C": 6.706485829053178, "gamma": 0.8240219410787973}, "datetime": {"datetime": "2021-06-19 19:21:43", "elapsed": 102.369401, "delta": 0.938924}}
{"target": -14.994790240393186, "params": {"C": 8.358002359814503, "gamma": 0.014014266936540357}, "datetime": {"datetime": "2021-06-19 19:21:44", "elapsed": 103.270826, "delta": 0.901425}}
{"target": -11.007413467277091, "params": {"C": 8.514925572240518, "gamma": 0.2809874606099856}, "datetime": {"datetime": "2021-06-19 19:21:46", "elapsed": 104.430091, "delta": 1.159265}}
{"target": -10.716446818669246, "params": {"C": 8.933314289328234, "gamma": 0.6112365601813256}, "datetime": {"datetime": "2021-06-19 19:21:47", "elapsed": 105.470824, "delta": 1.040733}}
{"target": -11.191199613765088, "params": {"C": 6.343761872362853, "gamma": 1.1989041032126846}, "datetime": {"datetime": "2021-06-19 19:21:48", "elapsed": 106.457377, "delta": 0.986553}}
{"target": -10.652787285316862, "params": {"C": 9.55125405654778, "gamma": 0.7540514036157779}, "datetime": {"datetime": "2021-06-19 19:21:49", "elapsed": 107.423519, "delta": 0.966142}}
{"target": -10.708171474441992, "params": {"C": 9.064699036531747, "gamma": 0.8347627896696864}, "datetime": {"datetime": "2021-06-19 19:21:50", "elapsed": 108.694147, "delta": 1.270628}}
{"target": -10.773678367885715, "params": {"C": 8.480735310517897, "gamma": 0.8357911106033837}, "datetime": {"datetime": "2021-06-19 19:21:51", "elapsed": 109.665596, "delta": 0.971449}}
{"target": -10.905010851862485, "params": {"C": 8.14923697646912, "gamma": 1.0901014172304588}, "datetime": {"datetime": "2021-06-19 19:21:52", "elapsed": 110.698064, "delta": 1.032468}}
{"target": -10.852367913007491, "params": {"C": 7.710202954037427, "gamma": 0.6499310700823656}, "datetime": {"datetime": "2021-06-19 19:21:53", "elapsed": 111.708272, "delta": 1.010208}}
{"target": -11.282340437940443, "params": {"C": 5.250428008768537, "gamma": 0.6487270501959649}, "datetime": {"datetime": "2021-06-19 19:21:54", "elapsed": 112.880692, "delta": 1.17242}}
{"target": -11.012643492167703, "params": {"C": 7.259372365783448, "gamma": 1.132933757573963}, "datetime": {"datetime": "2021-06-19 19:21:55", "elapsed": 114.02502, "delta": 1.144328}}
{"target": -11.225746633636218, "params": {"C": 9.302182030077102, "gamma": 1.454760998371754}, "datetime": {"datetime": "2021-06-19 19:21:56", "elapsed": 115.12309, "delta": 1.09807}}
{"target": -11.237047983379775, "params": {"C": 6.8343838927310765, "gamma": 1.3559166236315183}, "datetime": {"datetime": "2021-06-19 19:21:57", "elapsed": 116.212779, "delta": 1.089689}}
{"target": -13.656558837044294, "params": {"C": 4.920392934074798, "gamma": 3.8871500370352927}, "datetime": {"datetime": "2021-06-19 19:21:58", "elapsed": 116.891989, "delta": 0.67921}}
{"target": -10.955775283888432, "params": {"C": 9.20812795411131, "gamma": 1.1925496694965239}, "datetime": {"datetime": "2021-06-19 19:21:59", "elapsed": 118.286382, "delta": 1.394393}}
{"target": -11.029944454342958, "params": {"C": 8.1750590498014, "gamma": 0.29471839384599396}, "datetime": {"datetime": "2021-06-19 19:22:00", "elapsed": 119.334444, "delta": 1.048062}}
{"target": -11.175978500599573, "params": {"C": 5.903630372337493, "gamma": 0.9530853664340189}, "datetime": {"datetime": "2021-06-19 19:22:01", "elapsed": 120.305886, "delta": 0.971442}}
{"target": -10.821348205506238, "params": {"C": 9.394933192164274, "gamma": 1.061530145798306}, "datetime": {"datetime": "2021-06-19 19:22:03", "elapsed": 121.554225, "delta": 1.248339}}
{"target": -11.120028861160387, "params": {"C": 7.901254797551471, "gamma": 1.298397738045535}, "datetime": {"datetime": "2021-06-19 19:22:04", "elapsed": 122.580371, "delta": 1.026146}}
{"target": -16.768084120455747, "params": {"C": 3.860405504205809, "gamma": 8.648461714852901}, "datetime": {"datetime": "2021-06-19 19:22:04", "elapsed": 123.248335, "delta": 0.667964}}
{"target": -10.94396708309495, "params": {"C": 7.056163155299254, "gamma": 0.774994549629063}, "datetime": {"datetime": "2021-06-19 19:22:05", "elapsed": 124.317626, "delta": 1.069291}}
{"target": -11.344876751161557, "params": {"C": 8.606953469818336, "gamma": 1.553522687462888}, "datetime": {"datetime": "2021-06-19 19:22:07", "elapsed": 125.532591, "delta": 1.214965}}
{"target": -11.180965027242069, "params": {"C": 5.965014635884632, "gamma": 0.49083945559077014}, "datetime": {"datetime": "2021-06-19 19:22:08", "elapsed": 126.738281, "delta": 1.20569}}
{"target": -11.231694345359102, "params": {"C": 6.47585596006311, "gamma": 0.17639721349448217}, "datetime": {"datetime": "2021-06-19 19:22:09", "elapsed": 127.489496, "delta": 0.751215}}
{"target": -11.206675058306343, "params": {"C": 6.694060110756847, "gamma": 0.2758705181048013}, "datetime": {"datetime": "2021-06-19 19:22:10", "elapsed": 128.447612, "delta": 0.958116}}
{"target": -11.049240291613065, "params": {"C": 7.041803001785029, "gamma": 0.4604515101280957}, "datetime": {"datetime": "2021-06-19 19:22:11", "elapsed": 129.512309, "delta": 1.064697}}
{"target": -11.389915094061482, "params": {"C": 4.91919860683663, "gamma": 0.5343499247118031}, "datetime": {"datetime": "2021-06-19 19:22:11", "elapsed": 130.212188, "delta": 0.699879}}
{"target": -10.845299075613248, "params": {"C": 9.753865669562721, "gamma": 0.4019121600295382}, "datetime": {"datetime": "2021-06-19 19:22:12", "elapsed": 130.911593, "delta": 0.699405}}
{"target": -11.173381889519659, "params": {"C": 5.707478291665067, "gamma": 0.8188827077978624}, "datetime": {"datetime": "2021-06-19 19:22:13", "elapsed": 132.121113, "delta": 1.20952}}
{"target": -11.227581846208196, "params": {"C": 6.521689255596858, "gamma": 0.27818593822544185}, "datetime": {"datetime": "2021-06-19 19:22:14", "elapsed": 133.065126, "delta": 0.944013}}
{"target": -16.22331592867633, "params": {"C": 2.7782081673729753, "gamma": 6.759113985939402}, "datetime": {"datetime": "2021-06-19 19:22:15", "elapsed": 133.784046, "delta": 0.71892}}
{"target": -11.03181331329623, "params": {"C": 6.676398515108048, "gamma": 0.5836257839915384}, "datetime": {"datetime": "2021-06-19 19:22:16", "elapsed": 134.962679, "delta": 1.178633}}
{"target": -11.06800259284331, "params": {"C": 6.876561844185473, "gamma": 1.125797345186924}, "datetime": {"datetime": "2021-06-19 19:22:17", "elapsed": 136.080147, "delta": 1.117468}}
{"target": -10.798697073611928, "params": {"C": 8.14062824297636, "gamma": 0.7212463141108099}, "datetime": {"datetime": "2021-06-19 19:22:18", "elapsed": 136.995477, "delta": 0.91533}}
{"target": -10.910080954862899, "params": {"C": 7.288940004554346, "gamma": 0.7634786548806174}, "datetime": {"datetime": "2021-06-19 19:22:19", "elapsed": 138.083205, "delta": 1.087728}}
{"target": -11.409026703143775, "params": {"C": 4.940449550192961, "gamma": 1.0434725684129773}, "datetime": {"datetime": "2021-06-19 19:22:20", "elapsed": 139.111095, "delta": 1.02789}}
{"target": -11.36550754434231, "params": {"C": 8.167188151723565, "gamma": 1.554373885405578}, "datetime": {"datetime": "2021-06-19 19:22:21", "elapsed": 140.379051, "delta": 1.267956}}
{"target": -10.855935288848809, "params": {"C": 7.966046007243154, "gamma": 0.9476674971542269}, "datetime": {"datetime": "2021-06-19 19:22:23", "elapsed": 141.532583, "delta": 1.153532}}
{"target": -14.709370124091159, "params": {"C": 1.0185105151862792, "gamma": 1.9220934925935163}, "datetime": {"datetime": "2021-06-19 19:22:23", "elapsed": 142.302922, "delta": 0.770339}}
{"target": -11.432304399165034, "params": {"C": 9.784612191425584, "gamma": 1.7196082932850523}, "datetime": {"datetime": "2021-06-19 19:22:25", "elapsed": 143.428094, "delta": 1.125172}}
{"target": -11.765786181541145, "params": {"C": 7.976800527736369, "gamma": 0.08243354643774872}, "datetime": {"datetime": "2021-06-19 19:22:26", "elapsed": 144.414623, "delta": 0.986529}}
{"target": -11.263074595770602, "params": {"C": 5.528345859200459, "gamma": 0.5033491085799486}, "datetime": {"datetime": "2021-06-19 19:22:27", "elapsed": 145.869979, "delta": 1.455356}}
{"target": -11.522266881631477, "params": {"C": 9.40397483964067, "gamma": 1.811821693933258}, "datetime": {"datetime": "2021-06-19 19:22:28", "elapsed": 147.040418, "delta": 1.170439}}
{"target": -11.26168023974072, "params": {"C": 8.403282290178133, "gamma": 1.4559741697855884}, "datetime": {"datetime": "2021-06-19 19:22:29", "elapsed": 148.15667, "delta": 1.116252}}
{"target": -11.098184493370802, "params": {"C": 7.6307771365674295, "gamma": 0.272764246322942}, "datetime": {"datetime": "2021-06-19 19:22:31", "elapsed": 149.424097, "delta": 1.267427}}
{"target": -11.312080213590155, "params": {"C": 6.4754404041980544, "gamma": 1.4090216683401675}, "datetime": {"datetime": "2021-06-19 19:22:32", "elapsed": 150.513657, "delta": 1.08956}}
{"target": -10.968291793025694, "params": {"C": 8.744162035848209, "gamma": 1.1855492736779238}, "datetime": {"datetime": "2021-06-19 19:22:33", "elapsed": 151.599333, "delta": 1.085676}}
{"target": -11.441333405030933, "params": {"C": 5.158175226797557, "gamma": 1.218465344457856}, "datetime": {"datetime": "2021-06-19 19:22:34", "elapsed": 152.916351, "delta": 1.317018}}
{"target": -10.695303239048572, "params": {"C": 9.195279534650986, "gamma": 0.8496362542682411}, "datetime": {"datetime": "2021-06-19 19:22:35", "elapsed": 153.934824, "delta": 1.018473}}
{"target": -10.89691249109683, "params": {"C": 7.590448268385812, "gamma": 0.9038678780585476}, "datetime": {"datetime": "2021-06-19 19:22:36", "elapsed": 155.222147, "delta": 1.287323}}
{"target": -11.310651522074807, "params": {"C": 7.629872331208358, "gamma": 1.4706330223553186}, "datetime": {"datetime": "2021-06-19 19:22:37", "elapsed": 156.260402, "delta": 1.038255}}
{"target": -11.059889403759545, "params": {"C": 6.274551336189704, "gamma": 0.7464233530929765}, "datetime": {"datetime": "2021-06-19 19:22:39", "elapsed": 157.441969, "delta": 1.181567}}
{"target": -11.521140560298717, "params": {"C": 4.432733369408025, "gamma": 1.000326868984599}, "datetime": {"datetime": "2021-06-19 19:22:40", "elapsed": 158.466702, "delta": 1.024733}}
{"target": -10.814084545568162, "params": {"C": 9.923422417053894, "gamma": 1.0748717976443285}, "datetime": {"datetime": "2021-06-19 19:22:41", "elapsed": 159.754387, "delta": 1.287685}}
{"target": -11.40413334923545, "params": {"C": 5.995062788457621, "gamma": 1.4517510459553904}, "datetime": {"datetime": "2021-06-19 19:22:42", "elapsed": 160.832161, "delta": 1.077774}}
{"target": -10.65591196405678, "params": {"C": 9.624489397985753, "gamma": 0.6034132137364506}, "datetime": {"datetime": "2021-06-19 19:22:43", "elapsed": 161.946611, "delta": 1.11445}}
{"target": -11.523803941880825, "params": {"C": 4.621448311940894, "gamma": 1.12183518184442}, "datetime": {"datetime": "2021-06-19 19:22:44", "elapsed": 162.947824, "delta": 1.001213}}
{"target": -10.75697251923813, "params": {"C": 8.751610789920631, "gamma": 0.9440103339685129}, "datetime": {"datetime": "2021-06-19 19:22:45", "elapsed": 164.012856, "delta": 1.065032}}
{"target": -16.441578372920908, "params": {"C": 3.7796698290783763, "gamma": 8.020585915325494}, "datetime": {"datetime": "2021-06-19 19:22:46", "elapsed": 164.789573, "delta": 0.776717}}
{"target": -11.45987444248082, "params": {"C": 7.286588080389646, "gamma": 1.6080880561975655}, "datetime": {"datetime": "2021-06-19 19:22:47", "elapsed": 165.802732, "delta": 1.013159}}
{"target": -11.727573906912113, "params": {"C": 8.364173647433656, "gamma": 2.020595805371156}, "datetime": {"datetime": "2021-06-19 19:22:48", "elapsed": 166.964976, "delta": 1.162244}}
{"target": -10.999605174167622, "params": {"C": 9.060873444957423, "gamma": 1.2293272650284957}, "datetime": {"datetime": "2021-06-19 19:22:49", "elapsed": 167.749352, "delta": 0.784376}}
{"target": -11.669105734388388, "params": {"C": 6.087077483922888, "gamma": 1.753357511374967}, "datetime": {"datetime": "2021-06-19 19:22:50", "elapsed": 168.883242, "delta": 1.13389}}
{"target": -11.5295869987338, "params": {"C": 4.287437070522283, "gamma": 0.7534419110758376}, "datetime": {"datetime": "2021-06-19 19:22:51", "elapsed": 169.923945, "delta": 1.040703}}
{"target": -10.73293909209504, "params": {"C": 9.221683023799702, "gamma": 0.5611813573585047}, "datetime": {"datetime": "2021-06-19 19:22:52", "elapsed": 170.826118, "delta": 0.902173}}
{"target": -11.012148250906609, "params": {"C": 7.048804620733816, "gamma": 1.0410203980605894}, "datetime": {"datetime": "2021-06-19 19:22:53", "elapsed": 171.829131, "delta": 1.003013}}
