{"target": -13.806356306807047, "params": {"C": 4.170803025021038, "gamma": 7.20352460992814}, "datetime": {"datetime": "2021-06-19 19:27:41", "elapsed": 0.0, "delta": 0.0}}
{"target": -35.82626899479264, "params": {"C": 0.002143633798631522, "gamma": 3.024023393745766}, "datetime": {"datetime": "2021-06-19 19:27:42", "elapsed": 0.269617, "delta": 0.269617}}
{"target": -12.343666393940248, "params": {"C": 1.4684121522803133, "gamma": 0.9242936090932092}, "datetime": {"datetime": "2021-06-19 19:27:42", "elapsed": 0.568301, "delta": 0.298684}}
{"target": -13.293783903440762, "params": {"C": 1.8634158535653313, "gamma": 3.4562617097034343}, "datetime": {"datetime": "2021-06-19 19:27:42", "elapsed": 0.8353, "delta": 0.266999}}
{"target": -13.122089432235601, "params": {"C": 3.968277974832469, "gamma": 5.388628523299567}, "datetime": {"datetime": "2021-06-19 19:27:42", "elapsed": 1.119791, "delta": 0.284491}}
{"target": -13.6651299713923, "params": {"C": 4.192525949518545, "gamma": 6.852509784467199}, "datetime": {"datetime": "2021-06-19 19:27:43", "elapsed": 1.399793, "delta": 0.280002}}
{"target": -15.47101024599176, "params": {"C": 2.045318045065443, "gamma": 8.781296246473064}, "datetime": {"datetime": "2021-06-19 19:27:43", "elapsed": 1.675406, "delta": 0.275613}}
{"target": -20.181341086301945, "params": {"C": 0.2748485443860637, "gamma": 6.705004634273845}, "datetime": {"datetime": "2021-06-19 19:27:43", "elapsed": 1.965405, "delta": 0.289999}}
{"target": -13.15088345396692, "params": {"C": 4.173630718868903, "gamma": 5.587339594629071}, "datetime": {"datetime": "2021-06-19 19:27:43", "elapsed": 2.24141, "delta": 0.276005}}
{"target": -12.991433425741459, "params": {"C": 1.4047289990137424, "gamma": 1.981816789359703}, "datetime": {"datetime": "2021-06-19 19:27:44", "elapsed": 2.515931, "delta": 0.274521}}
{"target": -14.03651040163632, "params": {"C": 8.00764494218669, "gamma": 9.682647495618255}, "datetime": {"datetime": "2021-06-19 19:27:44", "elapsed": 2.802197, "delta": 0.286266}}
{"target": -14.065453427209377, "params": {"C": 3.1349283574142692, "gamma": 6.923533834077472}, "datetime": {"datetime": "2021-06-19 19:27:44", "elapsed": 3.066599, "delta": 0.264402}}
{"target": -13.699038871796871, "params": {"C": 8.764015133808087, "gamma": 8.946172028374969}, "datetime": {"datetime": "2021-06-19 19:27:45", "elapsed": 3.336847, "delta": 0.270248}}
{"target": -13.347486124996239, "params": {"C": 0.8513570694864094, "gamma": 0.39150877754559077}, "datetime": {"datetime": "2021-06-19 19:27:45", "elapsed": 3.620704, "delta": 0.283857}}
{"target": -15.828801868898209, "params": {"C": 1.6991343652261244, "gamma": 8.781546891790702}, "datetime": {"datetime": "2021-06-19 19:27:45", "elapsed": 3.898775, "delta": 0.278071}}
{"target": -14.95770098744979, "params": {"C": 0.9843699914966679, "gamma": 4.211655142425517}, "datetime": {"datetime": "2021-06-19 19:27:45", "elapsed": 4.211772, "delta": 0.312997}}
{"target": -12.301806698917831, "params": {"C": 9.578937411974868, "gamma": 5.332119684445198}, "datetime": {"datetime": "2021-06-19 19:27:46", "elapsed": 4.486773, "delta": 0.275001}}
{"target": -11.794901334172302, "params": {"C": 6.919079262390784, "gamma": 3.1558407944296234}, "datetime": {"datetime": "2021-06-19 19:27:46", "elapsed": 4.735089, "delta": 0.248316}}
{"target": -13.698205910061914, "params": {"C": 6.865322775888155, "gamma": 8.346422093301832}, "datetime": {"datetime": "2021-06-19 19:27:46", "elapsed": 5.012236, "delta": 0.277147}}
{"target": -22.14664859980827, "params": {"C": 0.18386448516457388, "gamma": 7.50169300513473}, "datetime": {"datetime": "2021-06-19 19:27:47", "elapsed": 5.28654, "delta": 0.274304}}
{"target": -13.083585420156139, "params": {"C": 9.88862202797604, "gamma": 7.4819083781440145}, "datetime": {"datetime": "2021-06-19 19:27:47", "elapsed": 5.551345, "delta": 0.264805}}
{"target": -14.607358840479009, "params": {"C": 2.8051594766519874, "gamma": 7.893004005186435}, "datetime": {"datetime": "2021-06-19 19:27:47", "elapsed": 5.835726, "delta": 0.284381}}
{"target": -14.985961563194058, "params": {"C": 1.0331568397698425, "gamma": 4.479487368232876}, "datetime": {"datetime": "2021-06-19 19:27:47", "elapsed": 6.189681, "delta": 0.353955}}
{"target": -11.541629811610978, "params": {"C": 9.086046435427862, "gamma": 2.9368478695884215}, "datetime": {"datetime": "2021-06-19 19:27:48", "elapsed": 6.480682, "delta": 0.291001}}
{"target": -11.508000215125229, "params": {"C": 2.878465610524901, "gamma": 1.3011556926106584}, "datetime": {"datetime": "2021-06-19 19:27:48", "elapsed": 6.778686, "delta": 0.298004}}
{"target": -21.513019846746644, "params": {"C": 0.19465021174510047, "gamma": 6.78867649386597}, "datetime": {"datetime": "2021-06-19 19:27:48", "elapsed": 7.09044, "delta": 0.311754}}
{"target": -12.71353903834122, "params": {"C": 2.1170695318845905, "gamma": 2.65620104706289}, "datetime": {"datetime": "2021-06-19 19:27:49", "elapsed": 7.350995, "delta": 0.260555}}
{"target": -10.710699549340653, "params": {"C": 4.916240019644103, "gamma": 0.5345720886256868}, "datetime": {"datetime": "2021-06-19 19:27:49", "elapsed": 7.634517, "delta": 0.283522}}
{"target": -10.979321285993766, "params": {"C": 5.741601937314639, "gamma": 1.4681390204831957}, "datetime": {"datetime": "2021-06-19 19:27:49", "elapsed": 7.911872, "delta": 0.277355}}
{"target": -13.330066042806951, "params": {"C": 5.89346606349594, "gamma": 6.9978838418492915}, "datetime": {"datetime": "2021-06-19 19:27:49", "elapsed": 8.169451, "delta": 0.257579}}
{"target": -14.82040339179996, "params": {"C": 1.0242419538494305, "gamma": 4.141145822207864}, "datetime": {"datetime": "2021-06-19 19:27:50", "elapsed": 8.443088, "delta": 0.273637}}
{"target": -12.091109683048245, "params": {"C": 6.9443071771197245, "gamma": 4.1423785159995}, "datetime": {"datetime": "2021-06-19 19:27:50", "elapsed": 8.706647, "delta": 0.263559}}
{"target": -17.431732602024915, "params": {"C": 0.5004846360019255, "gamma": 5.359428162749201}, "datetime": {"datetime": "2021-06-19 19:27:50", "elapsed": 8.97774, "delta": 0.271093}}
{"target": -12.5135300640025, "params": {"C": 6.638282657552669, "gamma": 5.149376231471028}, "datetime": {"datetime": "2021-06-19 19:27:50", "elapsed": 9.244922, "delta": 0.267182}}
{"target": -12.516722060736218, "params": {"C": 9.446002965152143, "gamma": 5.865963849979428}, "datetime": {"datetime": "2021-06-19 19:27:51", "elapsed": 9.512811, "delta": 0.267889}}
{"target": -10.65116719986482, "params": {"C": 9.034115750963547, "gamma": 1.3756095667582289}, "datetime": {"datetime": "2021-06-19 19:27:51", "elapsed": 9.822276, "delta": 0.309465}}
{"target": -15.943725955059717, "params": {"C": 1.3936241961603346, "gamma": 8.074105495806528}, "datetime": {"datetime": "2021-06-19 19:27:51", "elapsed": 10.081243, "delta": 0.258967}}
{"target": -11.410164236209418, "params": {"C": 3.9773706930183503, "gamma": 1.6543766169722107}, "datetime": {"datetime": "2021-06-19 19:27:52", "elapsed": 10.367282, "delta": 0.286039}}
{"target": -11.659209851444169, "params": {"C": 9.275158295379942, "gamma": 3.47831083159532}, "datetime": {"datetime": "2021-06-19 19:27:52", "elapsed": 10.639283, "delta": 0.272001}}
{"target": -13.216072776992146, "params": {"C": 7.50837021925842, "gamma": 7.2602538555191645}, "datetime": {"datetime": "2021-06-19 19:27:52", "elapsed": 10.939285, "delta": 0.300002}}
{"target": -12.707464435403871, "params": {"C": 8.833177605966892, "gamma": 6.237098398349034}, "datetime": {"datetime": "2021-06-19 19:27:53", "elapsed": 11.266285, "delta": 0.327}}
{"target": -11.830544267600429, "params": {"C": 7.509673397839345, "gamma": 3.4896345214364475}, "datetime": {"datetime": "2021-06-19 19:27:53", "elapsed": 11.552082, "delta": 0.285797}}
{"target": -15.082296915398196, "params": {"C": 2.7000089897584956, "gamma": 8.958966295742472}, "datetime": {"datetime": "2021-06-19 19:27:53", "elapsed": 11.879048, "delta": 0.326966}}
{"target": -14.70686869600244, "params": {"C": 4.281483807523078, "gamma": 9.648435631436707}, "datetime": {"datetime": "2021-06-19 19:27:53", "elapsed": 12.187047, "delta": 0.307999}}
{"target": -12.936790026757015, "params": {"C": 6.634751536686663, "gamma": 6.217335506371009}, "datetime": {"datetime": "2021-06-19 19:27:54", "elapsed": 12.452049, "delta": 0.265002}}
{"target": -17.02451821824248, "params": {"C": 1.1483449835607984, "gamma": 9.494943097812005}, "datetime": {"datetime": "2021-06-19 19:27:54", "elapsed": 12.719718, "delta": 0.267669}}
{"target": -13.147368317365308, "params": {"C": 4.499671422665926, "gamma": 5.784317754256931}, "datetime": {"datetime": "2021-06-19 19:27:54", "elapsed": 12.97672, "delta": 0.257002}}
{"target": -11.79071007015446, "params": {"C": 4.081959890810051, "gamma": 2.371032775450034}, "datetime": {"datetime": "2021-06-19 19:27:54", "elapsed": 13.239718, "delta": 0.262998}}
{"target": -12.502330917160002, "params": {"C": 9.033891826101975, "gamma": 5.737221187236187}, "datetime": {"datetime": "2021-06-19 19:27:55", "elapsed": 13.495928, "delta": 0.25621}}
{"target": -30.333195076996088, "params": {"C": 0.029700399984558545, "gamma": 6.171831991293619}, "datetime": {"datetime": "2021-06-19 19:27:55", "elapsed": 13.754046, "delta": 0.258118}}
{"target": -10.701567168091596, "params": {"C": 5.119950609149936, "gamma": 0.8504457339999528}, "datetime": {"datetime": "2021-06-19 19:27:56", "elapsed": 14.389677, "delta": 0.635631}}
{"target": -10.751532462047624, "params": {"C": 4.784018158685253, "gamma": 0.8456084207850035}, "datetime": {"datetime": "2021-06-19 19:27:56", "elapsed": 14.933912, "delta": 0.544235}}
{"target": -15.02620055990003, "params": {"C": 1.4939178250241218, "gamma": 6.288488828263624}, "datetime": {"datetime": "2021-06-19 19:27:57", "elapsed": 15.33013, "delta": 0.396218}}
{"target": -10.892024660698684, "params": {"C": 5.3575967638542075, "gamma": 1.2219532775647703}, "datetime": {"datetime": "2021-06-19 19:27:57", "elapsed": 15.840579, "delta": 0.510449}}
{"target": -10.889802682096883, "params": {"C": 9.022843844872614, "gamma": 1.6800766498998767}, "datetime": {"datetime": "2021-06-19 19:27:58", "elapsed": 16.575416, "delta": 0.734837}}
{"target": -10.731268386385668, "params": {"C": 8.770209478803615, "gamma": 1.4726490850273275}, "datetime": {"datetime": "2021-06-19 19:27:58", "elapsed": 17.201038, "delta": 0.625622}}
{"target": -10.77255630955489, "params": {"C": 5.722740972539175, "gamma": 1.1157848884104375}, "datetime": {"datetime": "2021-06-19 19:27:59", "elapsed": 17.791235, "delta": 0.590197}}
{"target": -10.631703603044116, "params": {"C": 5.513414051210875, "gamma": 0.8224020150016541}, "datetime": {"datetime": "2021-06-19 19:28:00", "elapsed": 18.428075, "delta": 0.63684}}
{"target": -10.663642483007827, "params": {"C": 5.293854678425197, "gamma": 0.5107168171264898}, "datetime": {"datetime": "2021-06-19 19:28:00", "elapsed": 18.975875, "delta": 0.5478}}
{"target": -13.955127769415274, "params": {"C": 1.4853000029868202, "gamma": 4.067430140759853}, "datetime": {"datetime": "2021-06-19 19:28:01", "elapsed": 19.361477, "delta": 0.385602}}
{"target": -11.5006417480536, "params": {"C": 2.881408885706558, "gamma": 1.290583099746143}, "datetime": {"datetime": "2021-06-19 19:28:01", "elapsed": 19.77827, "delta": 0.416793}}
{"target": -11.100646523676918, "params": {"C": 4.578210162624048, "gamma": 1.3490866465510511}, "datetime": {"datetime": "2021-06-19 19:28:02", "elapsed": 20.406269, "delta": 0.627999}}
{"target": -10.958692446454581, "params": {"C": 4.279031250887335, "gamma": 1.0353322359186505}, "datetime": {"datetime": "2021-06-19 19:28:02", "elapsed": 20.94779, "delta": 0.541521}}
{"target": -10.71428636443385, "params": {"C": 4.9022420693513675, "gamma": 0.5339670128288747}, "datetime": {"datetime": "2021-06-19 19:28:03", "elapsed": 21.360369, "delta": 0.412579}}
{"target": -10.753797606298626, "params": {"C": 4.423601581625541, "gamma": 0.6561709107523777}, "datetime": {"datetime": "2021-06-19 19:28:03", "elapsed": 22.042374, "delta": 0.682005}}
{"target": -11.27674437067596, "params": {"C": 3.512083747076821, "gamma": 1.2520787321459284}, "datetime": {"datetime": "2021-06-19 19:28:04", "elapsed": 22.550287, "delta": 0.507913}}
{"target": -10.892345199314168, "params": {"C": 3.8842211121563484, "gamma": 0.7597816828037085}, "datetime": {"datetime": "2021-06-19 19:28:04", "elapsed": 23.255122, "delta": 0.704835}}
{"target": -11.040675366461999, "params": {"C": 4.109425428704381, "gamma": 0.4205000854860628}, "datetime": {"datetime": "2021-06-19 19:28:05", "elapsed": 23.821053, "delta": 0.565931}}
{"target": -10.574087155822525, "params": {"C": 5.7629803074971, "gamma": 0.5404235929858121}, "datetime": {"datetime": "2021-06-19 19:28:06", "elapsed": 24.393385, "delta": 0.572332}}
{"target": -10.550613943748669, "params": {"C": 6.058394321131034, "gamma": 0.7987619537465572}, "datetime": {"datetime": "2021-06-19 19:28:06", "elapsed": 24.988439, "delta": 0.595054}}
{"target": -10.820013346602044, "params": {"C": 6.184290712042182, "gamma": 1.290828121340007}, "datetime": {"datetime": "2021-06-19 19:28:07", "elapsed": 25.520232, "delta": 0.531793}}
{"target": -10.536042164956978, "params": {"C": 6.493398146742277, "gamma": 0.8794593415859442}, "datetime": {"datetime": "2021-06-19 19:28:08", "elapsed": 26.342328, "delta": 0.822096}}
{"target": -10.5710597206531, "params": {"C": 6.334344595367546, "gamma": 0.46576096858763405}, "datetime": {"datetime": "2021-06-19 19:28:08", "elapsed": 27.111187, "delta": 0.768859}}
{"target": -10.49442455373054, "params": {"C": 6.739410060804995, "gamma": 0.555230273319755}, "datetime": {"datetime": "2021-06-19 19:28:09", "elapsed": 27.905738, "delta": 0.794551}}
{"target": -10.501773023200089, "params": {"C": 6.946477770227854, "gamma": 0.9149696143873955}, "datetime": {"datetime": "2021-06-19 19:28:10", "elapsed": 28.871277, "delta": 0.965539}}
{"target": -10.773198437365085, "params": {"C": 6.7729242664327085, "gamma": 1.3218915645898677}, "datetime": {"datetime": "2021-06-19 19:28:11", "elapsed": 29.422597, "delta": 0.55132}}
{"target": -10.460144097409914, "params": {"C": 7.201404018422142, "gamma": 0.561262638177371}, "datetime": {"datetime": "2021-06-19 19:28:11", "elapsed": 30.073078, "delta": 0.650481}}
{"target": -10.468690804800431, "params": {"C": 7.464309055454512, "gamma": 0.9623157067341939}, "datetime": {"datetime": "2021-06-19 19:28:12", "elapsed": 30.66224, "delta": 0.589162}}
{"target": -10.391502699019062, "params": {"C": 7.734001454486955, "gamma": 0.6294392417652174}, "datetime": {"datetime": "2021-06-19 19:28:13", "elapsed": 31.291241, "delta": 0.629001}}
{"target": -10.431999947200197, "params": {"C": 8.090576342727406, "gamma": 0.9999280297277099}, "datetime": {"datetime": "2021-06-19 19:28:13", "elapsed": 31.861849, "delta": 0.570608}}
{"target": -10.336004532488992, "params": {"C": 8.563202369610107, "gamma": 0.8461704478844669}, "datetime": {"datetime": "2021-06-19 19:28:14", "elapsed": 32.471236, "delta": 0.609387}}
{"target": -10.397146272298622, "params": {"C": 8.238280500873042, "gamma": 0.5489160030208535}, "datetime": {"datetime": "2021-06-19 19:28:15", "elapsed": 33.277765, "delta": 0.806529}}
{"target": -10.303314038375202, "params": {"C": 9.002015119892192, "gamma": 0.6684298750986308}, "datetime": {"datetime": "2021-06-19 19:28:15", "elapsed": 34.017364, "delta": 0.739599}}
{"target": -10.597687415813294, "params": {"C": 8.776481094892945, "gamma": 0.334973400800304}, "datetime": {"datetime": "2021-06-19 19:28:16", "elapsed": 34.761926, "delta": 0.744562}}
{"target": -10.81396085914796, "params": {"C": 7.695514286230188, "gamma": 1.4866477705475594}, "datetime": {"datetime": "2021-06-19 19:28:17", "elapsed": 35.488314, "delta": 0.726388}}
{"target": -11.572833888127438, "params": {"C": 7.762179000553274, "gamma": 0.131308972361842}, "datetime": {"datetime": "2021-06-19 19:28:17", "elapsed": 36.036854, "delta": 0.54854}}
{"target": -10.289997578535427, "params": {"C": 9.417806417692054, "gamma": 0.9011324659623225}, "datetime": {"datetime": "2021-06-19 19:28:18", "elapsed": 36.666853, "delta": 0.629999}}
{"target": -10.380897487206092, "params": {"C": 9.480855184734551, "gamma": 0.4792589597093365}, "datetime": {"datetime": "2021-06-19 19:28:18", "elapsed": 37.250615, "delta": 0.583762}}
{"target": -10.234737823327379, "params": {"C": 9.870199926918392, "gamma": 0.7700439827135286}, "datetime": {"datetime": "2021-06-19 19:28:19", "elapsed": 37.8645, "delta": 0.613885}}
{"target": -10.519874828220537, "params": {"C": 9.82187466111802, "gamma": 1.2579550335953238}, "datetime": {"datetime": "2021-06-19 19:28:20", "elapsed": 38.498642, "delta": 0.634142}}
{"target": -10.721188506918546, "params": {"C": 9.991324993417402, "gamma": 0.25947151952136566}, "datetime": {"datetime": "2021-06-19 19:28:20", "elapsed": 39.083187, "delta": 0.584545}}
{"target": -11.116262410080845, "params": {"C": 8.238803635701185, "gamma": 1.934112050124426}, "datetime": {"datetime": "2021-06-19 19:28:21", "elapsed": 39.598894, "delta": 0.515707}}
{"target": -11.14217502844436, "params": {"C": 7.1846388040620885, "gamma": 1.8840251209541994}, "datetime": {"datetime": "2021-06-19 19:28:21", "elapsed": 40.170842, "delta": 0.571948}}
{"target": -14.487542149007707, "params": {"C": 9.404604703065417, "gamma": 0.021118274633654455}, "datetime": {"datetime": "2021-06-19 19:28:22", "elapsed": 40.754255, "delta": 0.583413}}
{"target": -10.273882220604241, "params": {"C": 9.652048597092007, "gamma": 0.622537365306613}, "datetime": {"datetime": "2021-06-19 19:28:23", "elapsed": 41.373779, "delta": 0.619524}}
{"target": -10.370977356710142, "params": {"C": 8.63010209393474, "gamma": 0.5526961678585108}, "datetime": {"datetime": "2021-06-19 19:28:23", "elapsed": 42.084473, "delta": 0.710694}}
{"target": -11.030273774572485, "params": {"C": 9.659368139999126, "gamma": 1.8978913573497718}, "datetime": {"datetime": "2021-06-19 19:28:24", "elapsed": 42.802629, "delta": 0.718156}}
{"target": -10.698792825307184, "params": {"C": 8.253540704441454, "gamma": 1.3754871636746437}, "datetime": {"datetime": "2021-06-19 19:28:25", "elapsed": 43.605567, "delta": 0.802938}}
{"target": -10.287416568713395, "params": {"C": 10.0, "gamma": 0.5579797519561505}, "datetime": {"datetime": "2021-06-19 19:28:26", "elapsed": 44.333862, "delta": 0.728295}}
{"target": -15.442476079336027, "params": {"C": 6.735376372107814, "gamma": 0.015982138185540794}, "datetime": {"datetime": "2021-06-19 19:28:26", "elapsed": 45.093826, "delta": 0.759964}}
{"target": -11.176926617505679, "params": {"C": 6.4639196775881285, "gamma": 1.8614046172599097}, "datetime": {"datetime": "2021-06-19 19:28:27", "elapsed": 45.779832, "delta": 0.686006}}
{"target": -11.16159683605701, "params": {"C": 7.76543352528068, "gamma": 1.9632691521919554}, "datetime": {"datetime": "2021-06-19 19:28:28", "elapsed": 46.295431, "delta": 0.515599}}
{"target": -10.638319074377332, "params": {"C": 9.505100872486773, "gamma": 1.3955358197579366}, "datetime": {"datetime": "2021-06-19 19:28:28", "elapsed": 47.122523, "delta": 0.827092}}
{"target": -10.298191365558761, "params": {"C": 9.320087515943788, "gamma": 0.6072321847894508}, "datetime": {"datetime": "2021-06-19 19:28:29", "elapsed": 47.966292, "delta": 0.843769}}
{"target": -10.385076703910995, "params": {"C": 8.865432848636363, "gamma": 1.0186304428623323}, "datetime": {"datetime": "2021-06-19 19:28:30", "elapsed": 48.909647, "delta": 0.943355}}
{"target": -10.948130294885695, "params": {"C": 8.361803722538555, "gamma": 0.2289901913707311}, "datetime": {"datetime": "2021-06-19 19:28:31", "elapsed": 49.669074, "delta": 0.759427}}
{"target": -23.30739857267787, "params": {"C": 4.993190246266806, "gamma": 0.001}, "datetime": {"datetime": "2021-06-19 19:28:32", "elapsed": 50.419299, "delta": 0.750225}}
{"target": -10.763422774427628, "params": {"C": 7.228612809257087, "gamma": 1.3677354788584635}, "datetime": {"datetime": "2021-06-19 19:28:32", "elapsed": 51.254139, "delta": 0.83484}}
{"target": -14.225487266319151, "params": {"C": 2.5725670569152017, "gamma": 6.641756520061905}, "datetime": {"datetime": "2021-06-19 19:28:33", "elapsed": 51.783992, "delta": 0.529853}}
{"target": -10.444934685448304, "params": {"C": 7.7809104320153715, "gamma": 0.9756475534489449}, "datetime": {"datetime": "2021-06-19 19:28:34", "elapsed": 52.642668, "delta": 0.858676}}
{"target": -10.300956993813367, "params": {"C": 9.700414986396911, "gamma": 0.9652000684241936}, "datetime": {"datetime": "2021-06-19 19:28:35", "elapsed": 53.384714, "delta": 0.742046}}
{"target": -10.500392334097224, "params": {"C": 8.5298561725372, "gamma": 1.1352862447127272}, "datetime": {"datetime": "2021-06-19 19:28:35", "elapsed": 54.202497, "delta": 0.817783}}
{"target": -10.30955732601733, "params": {"C": 10.0, "gamma": 1.004127786137248}, "datetime": {"datetime": "2021-06-19 19:28:36", "elapsed": 55.02951, "delta": 0.827013}}
{"target": -10.406640540313632, "params": {"C": 7.467919984191519, "gamma": 0.6745802186835879}, "datetime": {"datetime": "2021-06-19 19:28:37", "elapsed": 55.771164, "delta": 0.741654}}
{"target": -11.251350575731069, "params": {"C": 9.19618272300682, "gamma": 2.23320560888941}, "datetime": {"datetime": "2021-06-19 19:28:38", "elapsed": 56.528559, "delta": 0.757395}}
{"target": -11.223600427117344, "params": {"C": 5.100379556207267, "gamma": 1.7149527864523995}, "datetime": {"datetime": "2021-06-19 19:28:39", "elapsed": 57.284249, "delta": 0.75569}}
{"target": -10.329503914373984, "params": {"C": 9.137249766310823, "gamma": 0.9601939579357303}, "datetime": {"datetime": "2021-06-19 19:28:39", "elapsed": 58.074887, "delta": 0.790638}}
{"target": -11.212376194091497, "params": {"C": 3.5172868242780377, "gamma": 0.4352611119585916}, "datetime": {"datetime": "2021-06-19 19:28:40", "elapsed": 58.851123, "delta": 0.776236}}
