{"target": -9.888955705097551, "params": {"C": 24.938638946683348, "gamma": 0.6453140207196717}, "datetime": {"datetime": "2021-06-20 13:37:30", "elapsed": 253.022039, "delta": 2.207993}}
{"target": -9.888250033782828, "params": {"C": 24.941899922361852, "gamma": 0.6475067745098229}, "datetime": {"datetime": "2021-06-20 13:37:32", "elapsed": 254.484043, "delta": 1.462004}}
{"target": -9.889814964923103, "params": {"C": 24.92159892730174, "gamma": 0.654977728089426}, "datetime": {"datetime": "2021-06-20 13:37:34", "elapsed": 256.310746, "delta": 1.826703}}
{"target": -9.890038505915573, "params": {"C": 24.936001992400207, "gamma": 0.656479682193713}, "datetime": {"datetime": "2021-06-20 13:37:36", "elapsed": 258.203744, "delta": 1.892998}}
{"target": -9.88972368396375, "params": {"C": 24.95012463884548, "gamma": 0.6552710756376934}, "datetime": {"datetime": "2021-06-20 13:37:38", "elapsed": 260.227748, "delta": 2.024004}}
{"target": -9.889366262138438, "params": {"C": 24.951462299962216, "gamma": 0.6535316123666322}, "datetime": {"datetime": "2021-06-20 13:37:39", "elapsed": 261.837675, "delta": 1.609927}}
{"target": -9.88933381050155, "params": {"C": 24.92221540977298, "gamma": 0.6445470698896842}, "datetime": {"datetime": "2021-06-20 13:37:41", "elapsed": 263.865684, "delta": 2.028009}}
{"target": -9.891005439842623, "params": {"C": 24.932148332487955, "gamma": 0.6613748879448333}, "datetime": {"datetime": "2021-06-20 13:37:43", "elapsed": 265.766676, "delta": 1.900992}}
{"target": -9.88907607060835, "params": {"C": 24.954357736720045, "gamma": 0.6444712144599655}, "datetime": {"datetime": "2021-06-20 13:37:45", "elapsed": 267.40227, "delta": 1.635594}}
{"target": -9.890170932654952, "params": {"C": 24.943016821659434, "gamma": 0.6411721423205761}, "datetime": {"datetime": "2021-06-20 13:37:46", "elapsed": 268.954274, "delta": 1.552004}}
{"target": -9.889730249651855, "params": {"C": 24.92566071945165, "gamma": 0.6546628166457118}, "datetime": {"datetime": "2021-06-20 13:37:48", "elapsed": 271.124097, "delta": 2.169823}}
{"target": -9.888344869736905, "params": {"C": 24.949582560420346, "gamma": 0.6469832159179906}, "datetime": {"datetime": "2021-06-20 13:37:50", "elapsed": 272.866097, "delta": 1.742}}
{"target": -9.888540392901252, "params": {"C": 24.956097059293263, "gamma": 0.6496527817331312}, "datetime": {"datetime": "2021-06-20 13:37:52", "elapsed": 274.281098, "delta": 1.415001}}
{"target": -9.889265431302427, "params": {"C": 24.95714439701596, "gamma": 0.6437700576330316}, "datetime": {"datetime": "2021-06-20 13:37:53", "elapsed": 276.003723, "delta": 1.722625}}
{"target": -9.909497031617725, "params": {"C": 23.85630306052741, "gamma": 0.6988254880736378}, "datetime": {"datetime": "2021-06-20 13:37:56", "elapsed": 278.343727, "delta": 2.340004}}
{"target": -10.15337435375243, "params": {"C": 15.1086829454556, "gamma": 0.5}, "datetime": {"datetime": "2021-06-20 13:37:58", "elapsed": 280.214727, "delta": 1.871}}
{"target": -9.925880613615043, "params": {"C": 23.133243040838803, "gamma": 0.584729888297253}, "datetime": {"datetime": "2021-06-20 13:38:00", "elapsed": 282.243499, "delta": 2.028772}}
{"target": -9.903298818329532, "params": {"C": 24.05395315138387, "gamma": 0.6195587634841392}, "datetime": {"datetime": "2021-06-20 13:38:01", "elapsed": 283.9885, "delta": 1.745001}}
{"target": -9.914199050146461, "params": {"C": 22.388156567274564, "gamma": 0.6843761270061568}, "datetime": {"datetime": "2021-06-20 13:38:03", "elapsed": 286.009921, "delta": 2.021421}}
{"target": -9.888310044795968, "params": {"C": 24.942883167474193, "gamma": 0.6472857136969381}, "datetime": {"datetime": "2021-06-20 13:38:05", "elapsed": 288.142915, "delta": 2.132994}}
{"target": -9.889157235786051, "params": {"C": 24.9389011394113, "gamma": 0.6446477820666761}, "datetime": {"datetime": "2021-06-20 13:38:08", "elapsed": 290.499912, "delta": 2.356997}}
{"target": -9.889520171580687, "params": {"C": 24.907696722094677, "gamma": 0.6443515364705625}, "datetime": {"datetime": "2021-06-20 13:38:10", "elapsed": 292.893575, "delta": 2.393663}}
{"target": -9.888368312084923, "params": {"C": 24.924471302292183, "gamma": 0.6480779393129041}, "datetime": {"datetime": "2021-06-20 13:38:12", "elapsed": 294.402574, "delta": 1.508999}}
{"target": -9.888581319509168, "params": {"C": 24.91832728038097, "gamma": 0.6489289138709782}, "datetime": {"datetime": "2021-06-20 13:38:13", "elapsed": 296.109576, "delta": 1.707002}}
{"target": -9.888359907332534, "params": {"C": 24.923492791063428, "gamma": 0.6476760702663232}, "datetime": {"datetime": "2021-06-20 13:38:16", "elapsed": 298.164576, "delta": 2.055}}
{"target": -9.890127030106195, "params": {"C": 24.939294338878227, "gamma": 0.6414267916348333}, "datetime": {"datetime": "2021-06-20 13:38:18", "elapsed": 300.770207, "delta": 2.605631}}
{"target": -9.889174952097516, "params": {"C": 24.952160634412778, "gamma": 0.6526114154585139}, "datetime": {"datetime": "2021-06-20 13:38:20", "elapsed": 302.850664, "delta": 2.080457}}
{"target": -9.889355992348515, "params": {"C": 24.915686785691754, "gamma": 0.6525681527916637}, "datetime": {"datetime": "2021-06-20 13:38:22", "elapsed": 304.366666, "delta": 1.516002}}
{"target": -9.888938070257126, "params": {"C": 24.936393511279682, "gamma": 0.651067599070751}, "datetime": {"datetime": "2021-06-20 13:38:24", "elapsed": 306.622453, "delta": 2.255787}}
{"target": -9.889638498538933, "params": {"C": 24.970929336902806, "gamma": 0.6421418252418934}, "datetime": {"datetime": "2021-06-20 13:38:26", "elapsed": 308.654452, "delta": 2.031999}}
{"target": -9.888433628506151, "params": {"C": 24.923661772057407, "gamma": 0.6483640417490568}, "datetime": {"datetime": "2021-06-20 13:38:27", "elapsed": 310.149452, "delta": 1.495}}
{"target": -9.888751184708902, "params": {"C": 24.946000289085354, "gamma": 0.6504097172693056}, "datetime": {"datetime": "2021-06-20 13:38:30", "elapsed": 312.359116, "delta": 2.209664}}
{"target": -9.889091034746286, "params": {"C": 24.930900227072833, "gamma": 0.6516673993931553}, "datetime": {"datetime": "2021-06-20 13:38:32", "elapsed": 315.069113, "delta": 2.709997}}
{"target": -9.889735326044384, "params": {"C": 24.9262174451745, "gamma": 0.6547025321566664}, "datetime": {"datetime": "2021-06-20 13:38:34", "elapsed": 316.754986, "delta": 1.685873}}
{"target": -9.890838353688096, "params": {"C": 24.938669593242437, "gamma": 0.6390468314698731}, "datetime": {"datetime": "2021-06-20 13:38:36", "elapsed": 318.578986, "delta": 1.824}}
{"target": -9.889873722050726, "params": {"C": 24.938226841506562, "gamma": 0.6557089069145268}, "datetime": {"datetime": "2021-06-20 13:38:38", "elapsed": 320.202982, "delta": 1.623996}}
{"target": -9.889004721209034, "params": {"C": 24.937682184933763, "gamma": 0.6514205613916157}, "datetime": {"datetime": "2021-06-20 13:38:40", "elapsed": 322.241753, "delta": 2.038771}}
{"target": -9.889510626486562, "params": {"C": 24.949087027095864, "gamma": 0.6541831922447017}, "datetime": {"datetime": "2021-06-20 13:38:42", "elapsed": 324.626754, "delta": 2.385001}}
{"target": -9.89086929066492, "params": {"C": 24.94243552767898, "gamma": 0.6609480978045303}, "datetime": {"datetime": "2021-06-20 13:38:45", "elapsed": 327.288364, "delta": 2.66161}}
{"target": -9.889106838449289, "params": {"C": 24.937650586280213, "gamma": 0.651913285547947}, "datetime": {"datetime": "2021-06-20 13:38:47", "elapsed": 329.834603, "delta": 2.546239}}
{"target": -9.88816823764651, "params": {"C": 24.970595007448395, "gamma": 0.6469560579255013}, "datetime": {"datetime": "2021-06-20 13:38:51", "elapsed": 333.376436, "delta": 3.541833}}
{"target": -9.938112155046465, "params": {"C": 20.38572237493623, "gamma": 0.7108305150526857}, "datetime": {"datetime": "2021-06-20 13:38:53", "elapsed": 335.929043, "delta": 2.552607}}
{"target": -9.888575248885243, "params": {"C": 24.92536667038543, "gamma": 0.6490704242457461}, "datetime": {"datetime": "2021-06-20 13:38:55", "elapsed": 338.030038, "delta": 2.100995}}
{"target": -9.890781367427842, "params": {"C": 24.95145590694289, "gamma": 0.6388677492853214}, "datetime": {"datetime": "2021-06-20 13:38:58", "elapsed": 340.449047, "delta": 2.419009}}
{"target": -9.889981794630124, "params": {"C": 24.95280958878716, "gamma": 0.656642774902449}, "datetime": {"datetime": "2021-06-20 13:39:00", "elapsed": 342.908692, "delta": 2.459645}}
{"target": -9.888535032601126, "params": {"C": 24.928846264253917, "gamma": 0.6489650611271935}, "datetime": {"datetime": "2021-06-20 13:39:03", "elapsed": 345.316691, "delta": 2.407999}}
{"target": -9.888746835100473, "params": {"C": 24.9555356707585, "gamma": 0.6506245729030629}, "datetime": {"datetime": "2021-06-20 13:39:06", "elapsed": 348.281292, "delta": 2.964601}}
{"target": -9.888333723633593, "params": {"C": 24.955350185149896, "gamma": 0.648656798170647}, "datetime": {"datetime": "2021-06-20 13:39:08", "elapsed": 350.187288, "delta": 1.905996}}
{"target": -9.889546314013035, "params": {"C": 24.9246459674827, "gamma": 0.6537276695881034}, "datetime": {"datetime": "2021-06-20 13:39:10", "elapsed": 352.812982, "delta": 2.625694}}
{"target": -9.888592679356332, "params": {"C": 24.9425361507054, "gamma": 0.6495699130015399}, "datetime": {"datetime": "2021-06-20 13:39:13", "elapsed": 355.383984, "delta": 2.571002}}
{"target": -9.88871526544516, "params": {"C": 24.961898713681236, "gamma": 0.6454333282479647}, "datetime": {"datetime": "2021-06-20 13:39:15", "elapsed": 357.556632, "delta": 2.172648}}
{"target": -9.916904036315389, "params": {"C": 21.73462246655515, "gamma": 0.6801082986592542}, "datetime": {"datetime": "2021-06-20 13:39:17", "elapsed": 359.621628, "delta": 2.064996}}
{"target": -9.888979207341311, "params": {"C": 24.938278271177886, "gamma": 0.645247652194765}, "datetime": {"datetime": "2021-06-20 13:39:19", "elapsed": 361.504067, "delta": 1.882439}}
{"target": -9.888294796848822, "params": {"C": 24.95500011008022, "gamma": 0.6469908002895592}, "datetime": {"datetime": "2021-06-20 13:39:21", "elapsed": 363.948619, "delta": 2.444552}}
{"target": -9.89031233436724, "params": {"C": 24.94467275469293, "gamma": 0.6406498325326304}, "datetime": {"datetime": "2021-06-20 13:39:24", "elapsed": 366.405263, "delta": 2.456644}}
{"target": -9.888931457906663, "params": {"C": 24.906619777837975, "gamma": 0.6503003451763802}, "datetime": {"datetime": "2021-06-20 13:39:26", "elapsed": 368.631265, "delta": 2.226002}}
{"target": -9.889695582854896, "params": {"C": 24.928854742648422, "gamma": 0.6545740169004857}, "datetime": {"datetime": "2021-06-20 13:39:29", "elapsed": 371.396876, "delta": 2.765611}}
{"target": -9.889280312978883, "params": {"C": 24.931159128016382, "gamma": 0.6525919666815952}, "datetime": {"datetime": "2021-06-20 13:39:31", "elapsed": 373.563874, "delta": 2.166998}}
{"target": -9.889847054648863, "params": {"C": 24.955585558787007, "gamma": 0.6560355172985897}, "datetime": {"datetime": "2021-06-20 13:39:33", "elapsed": 376.052518, "delta": 2.488644}}
{"target": -9.88838789891941, "params": {"C": 24.952548984330317, "gamma": 0.6488444876202282}, "datetime": {"datetime": "2021-06-20 13:39:35", "elapsed": 377.88552, "delta": 1.833002}}
{"target": -9.88866246939585, "params": {"C": 24.945506293523763, "gamma": 0.6499742422697465}, "datetime": {"datetime": "2021-06-20 13:39:38", "elapsed": 380.189522, "delta": 2.304002}}
{"target": -9.88854329730151, "params": {"C": 24.940299613782564, "gamma": 0.6492815821542081}, "datetime": {"datetime": "2021-06-20 13:39:40", "elapsed": 382.427127, "delta": 2.237605}}
{"target": -9.889097364573004, "params": {"C": 24.944777358585092, "gamma": 0.652046812641022}, "datetime": {"datetime": "2021-06-20 13:39:42", "elapsed": 384.607125, "delta": 2.179998}}
{"target": -9.8882905891458, "params": {"C": 24.92841330486697, "gamma": 0.6478092455747779}, "datetime": {"datetime": "2021-06-20 13:39:45", "elapsed": 387.419744, "delta": 2.812619}}
{"target": -9.889017564852306, "params": {"C": 24.948820861996424, "gamma": 0.6448209746719901}, "datetime": {"datetime": "2021-06-20 13:39:47", "elapsed": 390.005743, "delta": 2.585999}}
{"target": -9.888216562149589, "params": {"C": 24.953751697045693, "gamma": 0.6480680882196291}, "datetime": {"datetime": "2021-06-20 13:39:50", "elapsed": 392.174743, "delta": 2.169}}
{"target": -9.890615140485814, "params": {"C": 24.925260085557834, "gamma": 0.64019358218076}, "datetime": {"datetime": "2021-06-20 13:39:52", "elapsed": 394.602741, "delta": 2.427998}}
{"target": -9.888245684233215, "params": {"C": 24.956518872814183, "gamma": 0.6471059109464626}, "datetime": {"datetime": "2021-06-20 13:39:54", "elapsed": 396.729532, "delta": 2.126791}}
{"target": -9.888710733619401, "params": {"C": 24.925000969884742, "gamma": 0.649701965676871}, "datetime": {"datetime": "2021-06-20 13:39:56", "elapsed": 398.740535, "delta": 2.011003}}
{"target": -9.88890261356083, "params": {"C": 24.922921636694987, "gamma": 0.6505640370506226}, "datetime": {"datetime": "2021-06-20 13:39:58", "elapsed": 400.563533, "delta": 1.822998}}
{"target": -9.889213441522966, "params": {"C": 24.956534231176448, "gamma": 0.6529110680620139}, "datetime": {"datetime": "2021-06-20 13:40:00", "elapsed": 402.710267, "delta": 2.146734}}
{"target": -9.888143662113928, "params": {"C": 24.957194541627914, "gamma": 0.6474149447968733}, "datetime": {"datetime": "2021-06-20 13:40:02", "elapsed": 404.62527, "delta": 1.915003}}
{"target": -9.889667972925107, "params": {"C": 24.932007547329537, "gamma": 0.6431642514726352}, "datetime": {"datetime": "2021-06-20 13:40:04", "elapsed": 407.103334, "delta": 2.478064}}
{"target": -9.889271361795059, "params": {"C": 24.95735459371121, "gamma": 0.6532161909923639}, "datetime": {"datetime": "2021-06-20 13:40:07", "elapsed": 409.249334, "delta": 2.146}}
{"target": -9.889488757635462, "params": {"C": 24.930010116029045, "gamma": 0.6535825973601161}, "datetime": {"datetime": "2021-06-20 13:40:09", "elapsed": 411.443975, "delta": 2.194641}}
{"target": -9.887989928530274, "params": {"C": 24.978557301769364, "gamma": 0.647599957610664}, "datetime": {"datetime": "2021-06-20 13:40:11", "elapsed": 413.599973, "delta": 2.155998}}
{"target": -9.88902711924737, "params": {"C": 24.942837312313344, "gamma": 0.6516577506622768}, "datetime": {"datetime": "2021-06-20 13:40:13", "elapsed": 415.800972, "delta": 2.200999}}
{"target": -9.888306738736826, "params": {"C": 24.952439040903485, "gamma": 0.6484597061979678}, "datetime": {"datetime": "2021-06-20 13:40:15", "elapsed": 417.637616, "delta": 1.836644}}
{"target": -9.889616427525734, "params": {"C": 24.946018305135546, "gamma": 0.6546283755247202}, "datetime": {"datetime": "2021-06-20 13:40:17", "elapsed": 419.880615, "delta": 2.242999}}
{"target": -9.88887911493056, "params": {"C": 24.952370658725457, "gamma": 0.6511817833319453}, "datetime": {"datetime": "2021-06-20 13:40:19", "elapsed": 422.049395, "delta": 2.16878}}
{"target": -9.888639639760912, "params": {"C": 24.95726281853399, "gamma": 0.6458111220444964}, "datetime": {"datetime": "2021-06-20 13:40:22", "elapsed": 424.261499, "delta": 2.212104}}
{"target": -9.888571992239223, "params": {"C": 24.94182891158715, "gamma": 0.6494546107436707}, "datetime": {"datetime": "2021-06-20 13:40:24", "elapsed": 426.26809, "delta": 2.006591}}
{"target": -9.888111994312998, "params": {"C": 24.97770537462555, "gamma": 0.6469355737375212}, "datetime": {"datetime": "2021-06-20 13:40:25", "elapsed": 428.094087, "delta": 1.825997}}
{"target": -9.889797579590038, "params": {"C": 24.95068579317506, "gamma": 0.6556563943779321}, "datetime": {"datetime": "2021-06-20 13:40:28", "elapsed": 431.093759, "delta": 2.999672}}
{"target": -9.8884894318984, "params": {"C": 24.945395783432765, "gamma": 0.6491506264270241}, "datetime": {"datetime": "2021-06-20 13:40:31", "elapsed": 433.83176, "delta": 2.738001}}
{"target": -9.889333795484573, "params": {"C": 24.95318878545865, "gamma": 0.6436585405374583}, "datetime": {"datetime": "2021-06-20 13:40:33", "elapsed": 435.651757, "delta": 1.819997}}
{"target": -9.888910009121748, "params": {"C": 24.915403435731648, "gamma": 0.6504140884961378}, "datetime": {"datetime": "2021-06-20 13:40:36", "elapsed": 438.18447, "delta": 2.532713}}
{"target": -9.89084056328101, "params": {"C": 24.945297939459095, "gamma": 0.6388460164312049}, "datetime": {"datetime": "2021-06-20 13:40:38", "elapsed": 440.462471, "delta": 2.278001}}
{"target": -9.888972383808785, "params": {"C": 24.940801333851994, "gamma": 0.651342572233555}, "datetime": {"datetime": "2021-06-20 13:40:40", "elapsed": 442.621077, "delta": 2.158606}}
{"target": -9.888365221978242, "params": {"C": 24.92526365894222, "gamma": 0.6480824249824368}, "datetime": {"datetime": "2021-06-20 13:40:42", "elapsed": 444.90408, "delta": 2.283003}}
{"target": -9.889092534438236, "params": {"C": 24.953308140556032, "gamma": 0.6444473245102869}, "datetime": {"datetime": "2021-06-20 13:40:45", "elapsed": 447.379741, "delta": 2.475661}}
{"target": -9.888635966679091, "params": {"C": 24.965731933350956, "gamma": 0.6503454462408684}, "datetime": {"datetime": "2021-06-20 13:40:47", "elapsed": 449.523741, "delta": 2.144}}
{"target": -9.889304350084615, "params": {"C": 24.95605711798562, "gamma": 0.6436732006518096}, "datetime": {"datetime": "2021-06-20 13:40:49", "elapsed": 451.577034, "delta": 2.053293}}
{"target": -9.88871398605426, "params": {"C": 24.946897842723523, "gamma": 0.6458650586128118}, "datetime": {"datetime": "2021-06-20 13:40:51", "elapsed": 453.716034, "delta": 2.139}}
{"target": -9.888914616060845, "params": {"C": 24.9297075801341, "gamma": 0.6457031525576309}, "datetime": {"datetime": "2021-06-20 13:40:54", "elapsed": 456.476656, "delta": 2.760622}}
{"target": -9.889234634897939, "params": {"C": 24.92696477620807, "gamma": 0.6522637145380838}, "datetime": {"datetime": "2021-06-20 13:40:56", "elapsed": 458.340349, "delta": 1.863693}}
{"target": -9.888837287768492, "params": {"C": 24.93711264555551, "gamma": 0.6506021217943685}, "datetime": {"datetime": "2021-06-20 13:40:58", "elapsed": 460.628351, "delta": 2.288002}}
{"target": -9.888346487759424, "params": {"C": 24.97089453637615, "gamma": 0.6490934142382154}, "datetime": {"datetime": "2021-06-20 13:41:00", "elapsed": 462.885767, "delta": 2.257416}}
{"target": -10.04055597679823, "params": {"C": 18.888403041686168, "gamma": 0.51861620538983}, "datetime": {"datetime": "2021-06-20 13:41:03", "elapsed": 465.699766, "delta": 2.813999}}
{"target": -9.888089869893664, "params": {"C": 24.966526032458056, "gamma": 0.6477803767219823}, "datetime": {"datetime": "2021-06-20 13:41:06", "elapsed": 468.857532, "delta": 3.157766}}
{"target": -9.888336917829884, "params": {"C": 24.964147329341586, "gamma": 0.6488844887197234}, "datetime": {"datetime": "2021-06-20 13:41:08", "elapsed": 470.887407, "delta": 2.029875}}
{"target": -9.979190824210885, "params": {"C": 17.386549969936066, "gamma": 0.7477658738210617}, "datetime": {"datetime": "2021-06-20 13:41:11", "elapsed": 473.533405, "delta": 2.645998}}
{"target": -9.888928843058137, "params": {"C": 24.969781950685416, "gamma": 0.6445120555727728}, "datetime": {"datetime": "2021-06-20 13:41:13", "elapsed": 475.628405, "delta": 2.095}}
{"target": -9.88814813152362, "params": {"C": 24.973474657634906, "gamma": 0.64821994025969}, "datetime": {"datetime": "2021-06-20 13:41:15", "elapsed": 477.769163, "delta": 2.140758}}
{"target": -9.889312302677931, "params": {"C": 24.94893316302487, "gamma": 0.643851312741442}, "datetime": {"datetime": "2021-06-20 13:41:17", "elapsed": 479.545163, "delta": 1.776}}
{"target": -9.889383337202208, "params": {"C": 24.993533851378245, "gamma": 0.6423379448913981}, "datetime": {"datetime": "2021-06-20 13:41:20", "elapsed": 482.5616, "delta": 3.016437}}
{"target": -9.940976408799573, "params": {"C": 19.472632262196534, "gamma": 0.7002164804730342}, "datetime": {"datetime": "2021-06-20 13:41:22", "elapsed": 485.012255, "delta": 2.450655}}
{"target": -9.888631497207562, "params": {"C": 24.963192531257747, "gamma": 0.6456686895833305}, "datetime": {"datetime": "2021-06-20 13:41:25", "elapsed": 487.998258, "delta": 2.986003}}
{"target": -9.890124038064908, "params": {"C": 24.956034312955254, "gamma": 0.640952575193706}, "datetime": {"datetime": "2021-06-20 13:41:27", "elapsed": 490.060254, "delta": 2.061996}}
{"target": -9.888438635034124, "params": {"C": 24.94949938858657, "gamma": 0.649010129155954}, "datetime": {"datetime": "2021-06-20 13:41:30", "elapsed": 492.483976, "delta": 2.423722}}
{"target": -9.88808469492174, "params": {"C": 24.985562046967562, "gamma": 0.6482121451467175}, "datetime": {"datetime": "2021-06-20 13:41:33", "elapsed": 495.270979, "delta": 2.787003}}
{"target": -9.888697732495547, "params": {"C": 24.982863602061062, "gamma": 0.6510678242535627}, "datetime": {"datetime": "2021-06-20 13:41:35", "elapsed": 497.468907, "delta": 2.197928}}
{"target": -9.89039443432599, "params": {"C": 24.98791561620234, "gamma": 0.639119316851132}, "datetime": {"datetime": "2021-06-20 13:41:37", "elapsed": 499.564909, "delta": 2.096002}}
{"target": -9.889639376909413, "params": {"C": 24.982358527954492, "gamma": 0.6557003014831946}, "datetime": {"datetime": "2021-06-20 13:41:39", "elapsed": 501.589514, "delta": 2.024605}}
{"target": -9.890033461045828, "params": {"C": 24.964898941871667, "gamma": 0.6409995512837336}, "datetime": {"datetime": "2021-06-20 13:41:42", "elapsed": 504.438512, "delta": 2.848998}}
{"target": -9.889156184917262, "params": {"C": 24.923376545289948, "gamma": 0.651793513776242}, "datetime": {"datetime": "2021-06-20 13:41:45", "elapsed": 507.611363, "delta": 3.172851}}
{"target": -9.88805467836951, "params": {"C": 24.98064254485076, "gamma": 0.6479530530250693}, "datetime": {"datetime": "2021-06-20 13:41:47", "elapsed": 509.396363, "delta": 1.785}}
