{"target": -9.836062106015786, "params": {"C": 35.443059088502054, "gamma": 0.5990507445424393}, "datetime": {"datetime": "2021-06-20 14:41:11", "elapsed": 2.831994, "delta": 0.378001}}
{"target": -10.121484229261329, "params": {"C": 85.0359171075328, "gamma": 0.9841307878596988}, "datetime": {"datetime": "2021-06-20 14:41:12", "elapsed": 3.216999, "delta": 0.385005}}
{"target": -9.991823022200776, "params": {"C": 48.438155779759136, "gamma": 0.846161307834657}, "datetime": {"datetime": "2021-06-20 14:41:12", "elapsed": 3.647995, "delta": 0.430996}}
{"target": -10.09751038898369, "params": {"C": 90.71682533743248, "gamma": 0.9473033317519237}, "datetime": {"datetime": "2021-06-20 14:41:13", "elapsed": 4.019997, "delta": 0.372002}}
{"target": -9.882542567210372, "params": {"C": 31.28682027387032, "gamma": 0.5195273916164411}, "datetime": {"datetime": "2021-06-20 14:41:13", "elapsed": 4.338995, "delta": 0.318998}}
{"target": -10.06041785475977, "params": {"C": 37.654264509299125, "gamma": 0.9390712517147066}, "datetime": {"datetime": "2021-06-20 14:41:13", "elapsed": 4.639851, "delta": 0.300856}}
{"target": -9.875827268064455, "params": {"C": 32.28584722086206, "gamma": 0.7105538125025261}, "datetime": {"datetime": "2021-06-20 14:41:14", "elapsed": 4.95385, "delta": 0.313999}}
{"target": -9.953012806938904, "params": {"C": 96.8375037143027, "gamma": 0.7665826424865085}, "datetime": {"datetime": "2021-06-20 14:41:14", "elapsed": 5.265849, "delta": 0.311999}}
{"target": -9.822672318591163, "params": {"C": 76.85997125768054, "gamma": 0.6577578155030315}, "datetime": {"datetime": "2021-06-20 14:41:14", "elapsed": 5.558848, "delta": 0.292999}}
{"target": -10.08100352624417, "params": {"C": 76.45621966888693, "gamma": 0.9173128359486864}, "datetime": {"datetime": "2021-06-20 14:41:14", "elapsed": 5.863853, "delta": 0.305005}}
{"target": -9.978395229874486, "params": {"C": 26.273449628548804, "gamma": 0.8750721574724838}, "datetime": {"datetime": "2021-06-20 14:41:15", "elapsed": 6.16685, "delta": 0.302997}}
{"target": -10.045403756367849, "params": {"C": 99.16346777687775, "gamma": 0.8740828271899197}, "datetime": {"datetime": "2021-06-20 14:41:15", "elapsed": 6.458855, "delta": 0.292005}}
{"target": -10.038306079475706, "params": {"C": 45.96134380403683, "gamma": 0.8946396642257443}, "datetime": {"datetime": "2021-06-20 14:41:15", "elapsed": 6.766849, "delta": 0.307994}}
{"target": -9.881974510369453, "params": {"C": 32.65227309398092, "gamma": 0.7239467630879526}, "datetime": {"datetime": "2021-06-20 14:41:16", "elapsed": 7.073849, "delta": 0.307}}
{"target": -9.825161191652796, "params": {"C": 93.13552228229148, "gamma": 0.6468070741868397}, "datetime": {"datetime": "2021-06-20 14:41:16", "elapsed": 7.393849, "delta": 0.32}}
{"target": -9.804794054238496, "params": {"C": 46.51192792783479, "gamma": 0.5650142860591388}, "datetime": {"datetime": "2021-06-20 14:41:16", "elapsed": 7.70085, "delta": 0.307001}}
{"target": -9.956666247055, "params": {"C": 26.354458536059308, "gamma": 0.8394177664699455}, "datetime": {"datetime": "2021-06-20 14:41:17", "elapsed": 8.009849, "delta": 0.308999}}
{"target": -9.828048640732794, "params": {"C": 40.79327151160443, "gamma": 0.6327733296861131}, "datetime": {"datetime": "2021-06-20 14:41:17", "elapsed": 8.297849, "delta": 0.288}}
{"target": -9.76810763570936, "params": {"C": 61.8171442619534, "gamma": 0.5266812725585401}, "datetime": {"datetime": "2021-06-20 14:41:17", "elapsed": 8.582849, "delta": 0.285}}
{"target": -9.7669489724323, "params": {"C": 68.01623217245017, "gamma": 0.573364287452905}, "datetime": {"datetime": "2021-06-20 14:41:17", "elapsed": 8.866847, "delta": 0.283998}}
{"target": -10.01895711919487, "params": {"C": 69.15684582143663, "gamma": 0.8498791800104656}, "datetime": {"datetime": "2021-06-20 14:41:18", "elapsed": 9.140849, "delta": 0.274002}}
{"target": -9.73003137901177, "params": {"C": 80.64091814138212, "gamma": 0.5}, "datetime": {"datetime": "2021-06-20 14:41:18", "elapsed": 9.731517, "delta": 0.590668}}
{"target": -10.098038364007465, "params": {"C": 64.94575252150818, "gamma": 0.9400869547200625}, "datetime": {"datetime": "2021-06-20 14:41:19", "elapsed": 10.317517, "delta": 0.586}}
{"target": -9.769030515198327, "params": {"C": 59.477309703387995, "gamma": 0.5}, "datetime": {"datetime": "2021-06-20 14:41:19", "elapsed": 10.802518, "delta": 0.485001}}
{"target": -10.134802824209187, "params": {"C": 78.78496010921718, "gamma": 1.0}, "datetime": {"datetime": "2021-06-20 14:41:20", "elapsed": 11.33852, "delta": 0.536002}}
{"target": -9.79376939837849, "params": {"C": 51.62376840478971, "gamma": 0.5}, "datetime": {"datetime": "2021-06-20 14:41:20", "elapsed": 11.848513, "delta": 0.509993}}
{"target": -9.726933422086578, "params": {"C": 82.72673582415517, "gamma": 0.5}, "datetime": {"datetime": "2021-06-20 14:41:21", "elapsed": 12.485514, "delta": 0.637001}}
{"target": -9.821223838689326, "params": {"C": 43.25083657151083, "gamma": 0.509404528398609}, "datetime": {"datetime": "2021-06-20 14:41:22", "elapsed": 13.040517, "delta": 0.555003}}
{"target": -9.744879002009533, "params": {"C": 72.9162295604335, "gamma": 0.5}, "datetime": {"datetime": "2021-06-20 14:41:22", "elapsed": 13.682521, "delta": 0.642004}}
{"target": -9.723151209845012, "params": {"C": 88.04899260840145, "gamma": 0.5060272500725875}, "datetime": {"datetime": "2021-06-20 14:41:23", "elapsed": 14.303518, "delta": 0.620997}}
{"target": -10.115077393728463, "params": {"C": 94.73834998951673, "gamma": 0.9945515581745671}, "datetime": {"datetime": "2021-06-20 14:41:23", "elapsed": 14.869195, "delta": 0.565677}}
{"target": -9.74156104767862, "params": {"C": 74.58931920685913, "gamma": 0.5044227260905196}, "datetime": {"datetime": "2021-06-20 14:41:24", "elapsed": 15.544193, "delta": 0.674998}}
{"target": -9.788146760341283, "params": {"C": 53.00108051590949, "gamma": 0.5017391738795074}, "datetime": {"datetime": "2021-06-20 14:41:25", "elapsed": 16.1502, "delta": 0.606007}}
{"target": -9.757855461989323, "params": {"C": 66.63154039938328, "gamma": 0.5197463555455317}, "datetime": {"datetime": "2021-06-20 14:41:25", "elapsed": 16.726197, "delta": 0.575997}}
{"target": -9.725752712687786, "params": {"C": 86.83506410992752, "gamma": 0.5101850283768317}, "datetime": {"datetime": "2021-06-20 14:41:26", "elapsed": 17.297193, "delta": 0.570996}}
{"target": -9.771558931696102, "params": {"C": 57.90414193538974, "gamma": 0.5}, "datetime": {"datetime": "2021-06-20 14:41:26", "elapsed": 17.908198, "delta": 0.611005}}
{"target": -9.734677846175739, "params": {"C": 78.07920754197622, "gamma": 0.5}, "datetime": {"datetime": "2021-06-20 14:41:27", "elapsed": 18.5052, "delta": 0.597002}}
{"target": -9.730279190624245, "params": {"C": 81.64727793329126, "gamma": 0.5104622719991929}, "datetime": {"datetime": "2021-06-20 14:41:28", "elapsed": 19.070807, "delta": 0.565607}}
{"target": -9.799861052561937, "params": {"C": 49.898348911227565, "gamma": 0.5}, "datetime": {"datetime": "2021-06-20 14:41:28", "elapsed": 19.723469, "delta": 0.652662}}
{"target": -9.748651602817366, "params": {"C": 71.00580212448546, "gamma": 0.5032115137584714}, "datetime": {"datetime": "2021-06-20 14:41:29", "elapsed": 20.420469, "delta": 0.697}}
{"target": -9.780686761698671, "params": {"C": 55.00130206955315, "gamma": 0.5021894952817094}, "datetime": {"datetime": "2021-06-20 14:41:30", "elapsed": 21.103465, "delta": 0.682996}}
{"target": -10.126111894561095, "params": {"C": 87.53660549999951, "gamma": 1.0}, "datetime": {"datetime": "2021-06-20 14:41:30", "elapsed": 21.633468, "delta": 0.530003}}
{"target": -9.90860878308753, "params": {"C": 28.877395461091456, "gamma": 0.5008719881088497}, "datetime": {"datetime": "2021-06-20 14:41:31", "elapsed": 22.319468, "delta": 0.686}}
{"target": -9.71774782877949, "params": {"C": 91.87286982611056, "gamma": 0.5}, "datetime": {"datetime": "2021-06-20 14:41:32", "elapsed": 23.045466, "delta": 0.725998}}
{"target": -9.76694169955946, "params": {"C": 60.743885399817856, "gamma": 0.5}, "datetime": {"datetime": "2021-06-20 14:41:32", "elapsed": 23.629467, "delta": 0.584001}}
{"target": -9.762470431270803, "params": {"C": 63.36989644130757, "gamma": 0.5}, "datetime": {"datetime": "2021-06-20 14:41:33", "elapsed": 24.311467, "delta": 0.682}}
{"target": -9.719579783268081, "params": {"C": 89.53508833350338, "gamma": 0.5}, "datetime": {"datetime": "2021-06-20 14:41:34", "elapsed": 24.948146, "delta": 0.636679}}
{"target": -9.829567818266383, "params": {"C": 41.982777852374845, "gamma": 0.5}, "datetime": {"datetime": "2021-06-20 14:41:34", "elapsed": 25.577141, "delta": 0.628995}}
{"target": -9.815570196710333, "params": {"C": 44.693122151805994, "gamma": 0.5085523888494737}, "datetime": {"datetime": "2021-06-20 14:41:35", "elapsed": 26.290139, "delta": 0.712998}}
{"target": -9.738563826480833, "params": {"C": 76.09255497312014, "gamma": 0.5030449422366414}, "datetime": {"datetime": "2021-06-20 14:41:35", "elapsed": 26.843139, "delta": 0.553}}
{"target": -9.724579473119235, "params": {"C": 84.27190650342263, "gamma": 0.5}, "datetime": {"datetime": "2021-06-20 14:41:36", "elapsed": 27.596146, "delta": 0.753007}}
{"target": -9.83847746080103, "params": {"C": 39.70577635819754, "gamma": 0.505006407056018}, "datetime": {"datetime": "2021-06-20 14:41:37", "elapsed": 28.267141, "delta": 0.670995}}
{"target": -9.746831321824512, "params": {"C": 71.92052254603658, "gamma": 0.5013343209828931}, "datetime": {"datetime": "2021-06-20 14:41:37", "elapsed": 28.83714, "delta": 0.569999}}
{"target": -9.710364828518342, "params": {"C": 100.0, "gamma": 0.5}, "datetime": {"datetime": "2021-06-20 14:41:38", "elapsed": 29.374142, "delta": 0.537002}}
{"target": -9.717462303338523, "params": {"C": 95.51071536046987, "gamma": 0.508699941189288}, "datetime": {"datetime": "2021-06-20 14:41:39", "elapsed": 30.06984, "delta": 0.695698}}
{"target": -9.71580738327197, "params": {"C": 94.1765824329739, "gamma": 0.5}, "datetime": {"datetime": "2021-06-20 14:41:39", "elapsed": 30.67784, "delta": 0.608}}
{"target": -9.723382146103178, "params": {"C": 85.64598050157034, "gamma": 0.5019673255643377}, "datetime": {"datetime": "2021-06-20 14:41:40", "elapsed": 31.325843, "delta": 0.648003}}
{"target": -9.775241015425896, "params": {"C": 56.88320775307484, "gamma": 0.5099279093106306}, "datetime": {"datetime": "2021-06-20 14:41:40", "elapsed": 31.897845, "delta": 0.572002}}
{"target": -10.131220546338916, "params": {"C": 50.730086659053, "gamma": 0.9855355252746345}, "datetime": {"datetime": "2021-06-20 14:41:41", "elapsed": 32.47584, "delta": 0.577995}}
{"target": -10.11330161943505, "params": {"C": 62.770274572886315, "gamma": 0.9590821149389783}, "datetime": {"datetime": "2021-06-20 14:41:42", "elapsed": 33.105841, "delta": 0.630001}}
{"target": -9.805719598557046, "params": {"C": 47.858209251911134, "gamma": 0.5039827220995745}, "datetime": {"datetime": "2021-06-20 14:41:42", "elapsed": 33.76784, "delta": 0.661999}}
{"target": -10.094106997225666, "params": {"C": 99.99803660433639, "gamma": 0.9578571067822133}, "datetime": {"datetime": "2021-06-20 14:41:43", "elapsed": 34.41084, "delta": 0.643}}
{"target": -9.712326290385777, "params": {"C": 97.98865843582308, "gamma": 0.5}, "datetime": {"datetime": "2021-06-20 14:41:44", "elapsed": 35.018455, "delta": 0.607615}}
{"target": -10.08755030223817, "params": {"C": 30.256816950626437, "gamma": 0.9967793245564445}, "datetime": {"datetime": "2021-06-20 14:41:44", "elapsed": 35.691457, "delta": 0.673002}}
{"target": -9.84728447450357, "params": {"C": 38.11760631877071, "gamma": 0.5}, "datetime": {"datetime": "2021-06-20 14:41:45", "elapsed": 36.337457, "delta": 0.646}}
{"target": -9.718887445670536, "params": {"C": 90.50561455859923, "gamma": 0.5001276165351844}, "datetime": {"datetime": "2021-06-20 14:41:46", "elapsed": 37.043455, "delta": 0.705998}}
{"target": -9.731742861019782, "params": {"C": 79.54207305210576, "gamma": 0.5007734169911064}, "datetime": {"datetime": "2021-06-20 14:41:46", "elapsed": 37.701456, "delta": 0.658001}}
{"target": -9.760087618807098, "params": {"C": 64.73222820364822, "gamma": 0.5000532509723239}, "datetime": {"datetime": "2021-06-20 14:41:47", "elapsed": 38.398459, "delta": 0.697003}}
{"target": -9.869442246626182, "params": {"C": 34.356189800832205, "gamma": 0.5016027310046706}, "datetime": {"datetime": "2021-06-20 14:41:48", "elapsed": 39.115454, "delta": 0.716995}}
{"target": -9.752120844929593, "params": {"C": 69.11912236005544, "gamma": 0.500345416996272}, "datetime": {"datetime": "2021-06-20 14:41:48", "elapsed": 39.867117, "delta": 0.751663}}
{"target": -9.71361834507433, "params": {"C": 96.99388351363339, "gamma": 0.5010801247810629}, "datetime": {"datetime": "2021-06-20 14:41:49", "elapsed": 40.483117, "delta": 0.616}}
{"target": -9.711282720794575, "params": {"C": 99.06920151002275, "gamma": 0.5}, "datetime": {"datetime": "2021-06-20 14:41:50", "elapsed": 41.144115, "delta": 0.660998}}
{"target": -9.735814627154847, "params": {"C": 77.45024964848719, "gamma": 0.5028755987593373}, "datetime": {"datetime": "2021-06-20 14:41:50", "elapsed": 41.766117, "delta": 0.622002}}
{"target": -9.743297149176673, "params": {"C": 73.72978124488873, "gamma": 0.5033417769393245}, "datetime": {"datetime": "2021-06-20 14:41:51", "elapsed": 42.523116, "delta": 0.756999}}
{"target": -9.784946267841947, "params": {"C": 54.00020501476067, "gamma": 0.5007760919677136}, "datetime": {"datetime": "2021-06-20 14:41:52", "elapsed": 43.225118, "delta": 0.702002}}
{"target": -9.755515278560315, "params": {"C": 67.41971987454437, "gamma": 0.5035039018023313}, "datetime": {"datetime": "2021-06-20 14:41:52", "elapsed": 43.858771, "delta": 0.633653}}
{"target": -9.759105946625173, "params": {"C": 65.51909592464662, "gamma": 0.5041678636708269}, "datetime": {"datetime": "2021-06-20 14:41:53", "elapsed": 44.572768, "delta": 0.713997}}
{"target": -9.713981821200056, "params": {"C": 96.2195398618098, "gamma": 0.5}, "datetime": {"datetime": "2021-06-20 14:41:54", "elapsed": 45.348362, "delta": 0.775594}}
{"target": -9.717118305424439, "params": {"C": 92.63734300642975, "gamma": 0.5}, "datetime": {"datetime": "2021-06-20 14:41:55", "elapsed": 46.073362, "delta": 0.725}}
{"target": -9.727420468953142, "params": {"C": 83.5940842091458, "gamma": 0.5082119513503084}, "datetime": {"datetime": "2021-06-20 14:41:55", "elapsed": 46.723361, "delta": 0.649999}}
{"target": -9.737279436556049, "params": {"C": 76.75438391198554, "gamma": 0.5015936149595378}, "datetime": {"datetime": "2021-06-20 14:41:56", "elapsed": 47.55936, "delta": 0.835999}}
{"target": -9.722347474140355, "params": {"C": 88.61255431694045, "gamma": 0.5051133977656854}, "datetime": {"datetime": "2021-06-20 14:41:57", "elapsed": 48.430363, "delta": 0.871003}}
{"target": -9.739935580039752, "params": {"C": 75.42952569629315, "gamma": 0.5015582125520035}, "datetime": {"datetime": "2021-06-20 14:41:58", "elapsed": 49.20636, "delta": 0.775997}}
{"target": -9.770313884125887, "params": {"C": 58.68464962639868, "gamma": 0.5}, "datetime": {"datetime": "2021-06-20 14:41:58", "elapsed": 49.866992, "delta": 0.660632}}
{"target": -9.939930095113022, "params": {"C": 25.766525804613906, "gamma": 0.5000841639958442}, "datetime": {"datetime": "2021-06-20 14:41:59", "elapsed": 50.645994, "delta": 0.779002}}
{"target": -9.776110853848142, "params": {"C": 56.20403535522362, "gamma": 0.5025485392094916}, "datetime": {"datetime": "2021-06-20 14:42:00", "elapsed": 51.469994, "delta": 0.824}}
{"target": -10.106565376806188, "params": {"C": 34.39305004968319, "gamma": 0.997416488181406}, "datetime": {"datetime": "2021-06-20 14:42:01", "elapsed": 52.170994, "delta": 0.701}}
{"target": -9.750261855012786, "params": {"C": 70.09889773983035, "gamma": 0.5}, "datetime": {"datetime": "2021-06-20 14:42:02", "elapsed": 53.011993, "delta": 0.840999}}
{"target": -9.802538904056894, "params": {"C": 48.96223583554085, "gamma": 0.5017983359294736}, "datetime": {"datetime": "2021-06-20 14:42:02", "elapsed": 53.845994, "delta": 0.834001}}
{"target": -10.131854920150472, "params": {"C": 82.11585927830953, "gamma": 1.0}, "datetime": {"datetime": "2021-06-20 14:42:03", "elapsed": 54.726618, "delta": 0.880624}}
{"target": -10.132577913607346, "params": {"C": 72.48653922761143, "gamma": 0.9894192972508814}, "datetime": {"datetime": "2021-06-20 14:42:04", "elapsed": 55.910618, "delta": 1.184}}
{"target": -9.719342386311979, "params": {"C": 91.176393001538, "gamma": 0.5026862117162463}, "datetime": {"datetime": "2021-06-20 14:42:05", "elapsed": 56.753627, "delta": 0.843009}}
{"target": -9.717546595748214, "params": {"C": 94.78389287294706, "gamma": 0.506727498476231}, "datetime": {"datetime": "2021-06-20 14:42:06", "elapsed": 57.675618, "delta": 0.921991}}
{"target": -9.722820457474542, "params": {"C": 86.23549708585725, "gamma": 0.5020630467179469}, "datetime": {"datetime": "2021-06-20 14:42:07", "elapsed": 58.582621, "delta": 0.907003}}
{"target": -9.716646861386826, "params": {"C": 93.23042558008905, "gamma": 0.5000729971522304}, "datetime": {"datetime": "2021-06-20 14:42:08", "elapsed": 59.488618, "delta": 0.905997}}
{"target": -9.710778104268844, "params": {"C": 99.58307547802042, "gamma": 0.5}, "datetime": {"datetime": "2021-06-20 14:42:09", "elapsed": 60.364228, "delta": 0.87561}}
{"target": -9.764391540220512, "params": {"C": 62.5592173997652, "gamma": 0.5036589808584393}, "datetime": {"datetime": "2021-06-20 14:42:10", "elapsed": 61.157227, "delta": 0.792999}}
{"target": -9.814277954028599, "params": {"C": 45.72796285896475, "gamma": 0.5}, "datetime": {"datetime": "2021-06-20 14:42:11", "elapsed": 62.056227, "delta": 0.899}}
{"target": -9.733102513109428, "params": {"C": 78.85966301763304, "gamma": 0.5}, "datetime": {"datetime": "2021-06-20 14:42:11", "elapsed": 62.878228, "delta": 0.822001}}
{"target": -9.711835904571863, "params": {"C": 98.4995152212039, "gamma": 0.5}, "datetime": {"datetime": "2021-06-20 14:42:12", "elapsed": 63.789227, "delta": 0.910999}}
{"target": -9.721103567963162, "params": {"C": 87.42857290015709, "gamma": 0.5}, "datetime": {"datetime": "2021-06-20 14:42:13", "elapsed": 64.753865, "delta": 0.964638}}
{"target": -9.723602936394835, "params": {"C": 84.96867583401709, "gamma": 0.5}, "datetime": {"datetime": "2021-06-20 14:42:14", "elapsed": 65.743864, "delta": 0.989999}}
{"target": -9.753390640855944, "params": {"C": 68.42442788850492, "gamma": 0.5}, "datetime": {"datetime": "2021-06-20 14:42:15", "elapsed": 66.784867, "delta": 1.041003}}
{"target": -9.72825783053147, "params": {"C": 82.22576879648835, "gamma": 0.5051380033301616}, "datetime": {"datetime": "2021-06-20 14:42:16", "elapsed": 67.701866, "delta": 0.916999}}
{"target": -9.882778501107433, "params": {"C": 32.53767140391171, "gamma": 0.5}, "datetime": {"datetime": "2021-06-20 14:42:17", "elapsed": 68.530864, "delta": 0.828998}}
{"target": -9.716216533716675, "params": {"C": 93.70328566183672, "gamma": 0.5}, "datetime": {"datetime": "2021-06-20 14:42:18", "elapsed": 69.395865, "delta": 0.865001}}
{"target": -9.719861362928473, "params": {"C": 90.08052690258981, "gamma": 0.5017448681024881}, "datetime": {"datetime": "2021-06-20 14:42:19", "elapsed": 70.489584, "delta": 1.093719}}
{"target": -9.71514374447969, "params": {"C": 97.38386707712468, "gamma": 0.5072438324108097}, "datetime": {"datetime": "2021-06-20 14:42:20", "elapsed": 71.468585, "delta": 0.979001}}
{"target": -9.761486409286574, "params": {"C": 64.03021142522881, "gamma": 0.5013250927294898}, "datetime": {"datetime": "2021-06-20 14:42:21", "elapsed": 72.355584, "delta": 0.886999}}
{"target": -9.729849561639243, "params": {"C": 81.17697903100608, "gamma": 0.5048575430159495}, "datetime": {"datetime": "2021-06-20 14:42:22", "elapsed": 73.307585, "delta": 0.952001}}
{"target": -9.833035949033672, "params": {"C": 41.202263043209555, "gamma": 0.5}, "datetime": {"datetime": "2021-06-20 14:42:23", "elapsed": 74.348585, "delta": 1.041}}
{"target": -10.118994406757661, "params": {"C": 42.749430806146954, "gamma": 0.9849638351852625}, "datetime": {"datetime": "2021-06-20 14:42:24", "elapsed": 75.331204, "delta": 0.982619}}
{"target": -10.135672114149994, "params": {"C": 60.07046320259339, "gamma": 0.9882877526767238}, "datetime": {"datetime": "2021-06-20 14:42:25", "elapsed": 76.362202, "delta": 1.030998}}
{"target": -9.914919463229797, "params": {"C": 27.743077152481792, "gamma": 0.5065881433626145}, "datetime": {"datetime": "2021-06-20 14:42:26", "elapsed": 77.342203, "delta": 0.980001}}
{"target": -9.791413174367376, "params": {"C": 52.286339725660376, "gamma": 0.5}, "datetime": {"datetime": "2021-06-20 14:42:27", "elapsed": 78.321203, "delta": 0.979}}
{"target": -9.730871157981177, "params": {"C": 80.07467256446242, "gamma": 0.5001041238615431}, "datetime": {"datetime": "2021-06-20 14:42:28", "elapsed": 79.287202, "delta": 0.965999}}
{"target": -9.714219048210524, "params": {"C": 95.97077609508054, "gamma": 0.5000291252191011}, "datetime": {"datetime": "2021-06-20 14:42:29", "elapsed": 80.189806, "delta": 0.902604}}
{"target": -9.80940450689794, "params": {"C": 47.122437319862314, "gamma": 0.5003619968458177}, "datetime": {"datetime": "2021-06-20 14:42:30", "elapsed": 81.170805, "delta": 0.980999}}
{"target": -9.719931115273262, "params": {"C": 89.0642575577076, "gamma": 0.5}, "datetime": {"datetime": "2021-06-20 14:42:31", "elapsed": 82.195806, "delta": 1.025001}}
{"target": -9.7159084903883, "params": {"C": 95.12135059134891, "gamma": 0.5027243105106867}, "datetime": {"datetime": "2021-06-20 14:42:32", "elapsed": 83.139807, "delta": 0.944001}}
{"target": -9.713614086039774, "params": {"C": 96.61881383078263, "gamma": 0.5}, "datetime": {"datetime": "2021-06-20 14:42:33", "elapsed": 84.089805, "delta": 0.949998}}
{"target": -9.718028879811001, "params": {"C": 91.52567461381373, "gamma": 0.5}, "datetime": {"datetime": "2021-06-20 14:42:34", "elapsed": 85.108413, "delta": 1.018608}}
