{"target": -9.713153495348624, "params": {"C": 97.64441326001446, "gamma": 0.5015669943973831}, "datetime": {"datetime": "2021-06-20 14:42:35", "elapsed": 86.057416, "delta": 0.949003}}
{"target": -9.726203128824675, "params": {"C": 83.20953863385924, "gamma": 0.5}, "datetime": {"datetime": "2021-06-20 14:42:36", "elapsed": 86.948418, "delta": 0.891002}}
{"target": -9.796905697976811, "params": {"C": 50.737775284260806, "gamma": 0.5}, "datetime": {"datetime": "2021-06-20 14:42:36", "elapsed": 87.914417, "delta": 0.965999}}
{"target": -9.757962059810437, "params": {"C": 65.95095136846865, "gamma": 0.5005407667642299}, "datetime": {"datetime": "2021-06-20 14:42:38", "elapsed": 89.115416, "delta": 1.200999}}
{"target": -9.715525775131182, "params": {"C": 94.49884758781785, "gamma": 0.5}, "datetime": {"datetime": "2021-06-20 14:42:39", "elapsed": 90.091022, "delta": 0.975606}}
{"target": -9.711553013281787, "params": {"C": 98.79169665307096, "gamma": 0.5}, "datetime": {"datetime": "2021-06-20 14:42:40", "elapsed": 90.977018, "delta": 0.885996}}
{"target": -9.717560497108302, "params": {"C": 92.19342956067658, "gamma": 0.5001973652979512}, "datetime": {"datetime": "2021-06-20 14:42:41", "elapsed": 92.123018, "delta": 1.146}}
{"target": -9.711558305315865, "params": {"C": 99.2287164748289, "gamma": 0.501423871174816}, "datetime": {"datetime": "2021-06-20 14:42:42", "elapsed": 93.043018, "delta": 0.92}}
{"target": -9.713084882279531, "params": {"C": 98.23169221285283, "gamma": 0.5032022516462933}, "datetime": {"datetime": "2021-06-20 14:42:43", "elapsed": 94.033018, "delta": 0.99}}
{"target": -9.710794767849627, "params": {"C": 99.91520350608957, "gamma": 0.5011644687398523}, "datetime": {"datetime": "2021-06-20 14:42:44", "elapsed": 95.000706, "delta": 0.967688}}
{"target": -9.754332924108814, "params": {"C": 67.91413749669753, "gamma": 0.5}, "datetime": {"datetime": "2021-06-20 14:42:45", "elapsed": 96.075707, "delta": 1.075001}}
{"target": -10.137049470286001, "params": {"C": 66.93015891144539, "gamma": 0.9947376467311349}, "datetime": {"datetime": "2021-06-20 14:42:46", "elapsed": 97.137706, "delta": 1.061999}}
{"target": -9.766387251763925, "params": {"C": 61.2102572780194, "gamma": 0.5013686391186958}, "datetime": {"datetime": "2021-06-20 14:42:47", "elapsed": 98.289706, "delta": 1.152}}
{"target": -9.719100370415992, "params": {"C": 90.82288147381388, "gamma": 0.5013070068065546}, "datetime": {"datetime": "2021-06-20 14:42:48", "elapsed": 99.263705, "delta": 0.973999}}
{"target": -9.723378943851085, "params": {"C": 85.28239922391963, "gamma": 0.5004473269471129}, "datetime": {"datetime": "2021-06-20 14:42:49", "elapsed": 100.287982, "delta": 1.024277}}
{"target": -9.83563535427636, "params": {"C": 40.54245780004099, "gamma": 0.5014635582418305}, "datetime": {"datetime": "2021-06-20 14:42:50", "elapsed": 101.640984, "delta": 1.353002}}
{"target": -9.721891063435613, "params": {"C": 86.55493752510583, "gamma": 0.500284466995812}, "datetime": {"datetime": "2021-06-20 14:42:51", "elapsed": 102.758982, "delta": 1.117998}}
{"target": -9.745766430585647, "params": {"C": 72.48009122592956, "gamma": 0.5028883783102338}, "datetime": {"datetime": "2021-06-20 14:42:53", "elapsed": 103.966606, "delta": 1.207624}}
{"target": -9.821308664882368, "params": {"C": 43.88318637213433, "gamma": 0.5011966675600843}, "datetime": {"datetime": "2021-06-20 14:42:54", "elapsed": 104.985241, "delta": 1.018635}}
{"target": -9.74243222426904, "params": {"C": 74.17369743292736, "gamma": 0.5}, "datetime": {"datetime": "2021-06-20 14:42:54", "elapsed": 105.884238, "delta": 0.898997}}
{"target": -9.84342791622746, "params": {"C": 38.95230620459421, "gamma": 0.5}, "datetime": {"datetime": "2021-06-20 14:42:56", "elapsed": 106.99324, "delta": 1.109002}}
{"target": -9.714766841229766, "params": {"C": 95.35401048681454, "gamma": 0.5000000019651994}, "datetime": {"datetime": "2021-06-20 14:42:57", "elapsed": 108.04024, "delta": 1.047}}
{"target": -9.712960301474833, "params": {"C": 97.50899467371025, "gamma": 0.500553565819762}, "datetime": {"datetime": "2021-06-20 14:42:58", "elapsed": 108.995241, "delta": 0.955001}}
{"target": -9.721275079313598, "params": {"C": 87.1799503799495, "gamma": 0.5}, "datetime": {"datetime": "2021-06-20 14:42:59", "elapsed": 110.192904, "delta": 1.197663}}
{"target": -9.751103922040189, "params": {"C": 69.65112212036618, "gamma": 0.5}, "datetime": {"datetime": "2021-06-20 14:43:00", "elapsed": 111.388905, "delta": 1.196001}}
{"target": -9.768028229432955, "params": {"C": 60.088542795280006, "gamma": 0.5}, "datetime": {"datetime": "2021-06-20 14:43:01", "elapsed": 112.555904, "delta": 1.166999}}
{"target": -9.717235065138592, "params": {"C": 92.88972744477084, "gamma": 0.5008851483475367}, "datetime": {"datetime": "2021-06-20 14:43:03", "elapsed": 114.020906, "delta": 1.465002}}
{"target": -9.71554719505805, "params": {"C": 95.6434134137046, "gamma": 0.5030943263597303}, "datetime": {"datetime": "2021-06-20 14:43:04", "elapsed": 115.288573, "delta": 1.267667}}
{"target": -9.736617332857268, "params": {"C": 77.11271400644303, "gamma": 0.5}, "datetime": {"datetime": "2021-06-20 14:43:05", "elapsed": 116.572571, "delta": 1.283998}}
{"target": -9.736617332857268, "params": {"C": 77.11271400644303, "gamma": 0.5}, "datetime": {"datetime": "2021-06-20 14:43:06", "elapsed": 117.315574, "delta": 0.743003}}
{"target": -9.71373019483556, "params": {"C": 97.23540063789034, "gamma": 0.5021457298387191}, "datetime": {"datetime": "2021-06-20 14:43:07", "elapsed": 118.625574, "delta": 1.31}}
{"target": -9.720584480184014, "params": {"C": 88.2295354041811, "gamma": 0.5001077141658563}, "datetime": {"datetime": "2021-06-20 14:43:08", "elapsed": 119.870167, "delta": 1.244593}}
{"target": -9.72513544739521, "params": {"C": 83.99508010335256, "gamma": 0.5013382741396327}, "datetime": {"datetime": "2021-06-20 14:43:09", "elapsed": 120.906168, "delta": 1.036001}}
{"target": -9.715243055646965, "params": {"C": 95.03115315345946, "gamma": 0.5005389422707232}, "datetime": {"datetime": "2021-06-20 14:43:11", "elapsed": 122.259166, "delta": 1.352998}}
{"target": -9.71101492403822, "params": {"C": 99.80541976058082, "gamma": 0.5015374121430416}, "datetime": {"datetime": "2021-06-20 14:43:12", "elapsed": 123.529167, "delta": 1.270001}}
{"target": -9.711096935662518, "params": {"C": 99.62575280660988, "gamma": 0.5012047961492059}, "datetime": {"datetime": "2021-06-20 14:43:13", "elapsed": 124.707797, "delta": 1.17863}}
{"target": -9.720834626055757, "params": {"C": 87.81331268744744, "gamma": 0.5}, "datetime": {"datetime": "2021-06-20 14:43:14", "elapsed": 125.7698, "delta": 1.062003}}
{"target": -9.710843561537613, "params": {"C": 99.71492358687354, "gamma": 0.5006528696130779}, "datetime": {"datetime": "2021-06-20 14:43:15", "elapsed": 126.918795, "delta": 1.148995}}
{"target": -9.713076978960668, "params": {"C": 97.4262604998838, "gamma": 0.5006720237232407}, "datetime": {"datetime": "2021-06-20 14:43:17", "elapsed": 128.253799, "delta": 1.335004}}
{"target": -9.710775528589618, "params": {"C": 99.5932878542852, "gamma": 0.5000248205064242}, "datetime": {"datetime": "2021-06-20 14:43:18", "elapsed": 129.933395, "delta": 1.679596}}
{"target": -9.711393810608996, "params": {"C": 99.22857785156413, "gamma": 0.500877497711673}, "datetime": {"datetime": "2021-06-20 14:43:20", "elapsed": 131.462396, "delta": 1.529001}}
{"target": -9.712744105814942, "params": {"C": 98.11876531363646, "gamma": 0.5017279392759733}, "datetime": {"datetime": "2021-06-20 14:43:21", "elapsed": 132.658394, "delta": 1.195998}}
{"target": -9.712241896560304, "params": {"C": 98.35671890203025, "gamma": 0.5008568929602791}, "datetime": {"datetime": "2021-06-20 14:43:23", "elapsed": 133.979397, "delta": 1.321003}}
{"target": -9.710706012821849, "params": {"C": 99.81113957011499, "gamma": 0.5005132036779993}, "datetime": {"datetime": "2021-06-20 14:43:24", "elapsed": 135.290994, "delta": 1.311597}}
{"target": -9.716479468692683, "params": {"C": 93.40797856954518, "gamma": 0.5000282438345955}, "datetime": {"datetime": "2021-06-20 14:43:25", "elapsed": 136.750994, "delta": 1.46}}
{"target": -9.719376050638246, "params": {"C": 89.80447828386565, "gamma": 0.5000000000004002}, "datetime": {"datetime": "2021-06-20 14:43:27", "elapsed": 138.128216, "delta": 1.377222}}
{"target": -9.713780148807938, "params": {"C": 96.44137246675697, "gamma": 0.5000065905206772}, "datetime": {"datetime": "2021-06-20 14:43:28", "elapsed": 139.400218, "delta": 1.272002}}
{"target": -9.711877886440885, "params": {"C": 98.74260611145806, "gamma": 0.5008966154438896}, "datetime": {"datetime": "2021-06-20 14:43:30", "elapsed": 141.03681, "delta": 1.636592}}
{"target": -9.71085691207685, "params": {"C": 99.6411417550363, "gamma": 0.5004522990691009}, "datetime": {"datetime": "2021-06-20 14:43:31", "elapsed": 142.451809, "delta": 1.414999}}
{"target": -9.711650988276656, "params": {"C": 98.96251919291973, "gamma": 0.5008604048480658}, "datetime": {"datetime": "2021-06-20 14:43:32", "elapsed": 143.939811, "delta": 1.488002}}
{"target": -9.710977103280973, "params": {"C": 99.38106879024365, "gamma": 0.5000000015539323}, "datetime": {"datetime": "2021-06-20 14:43:34", "elapsed": 145.885855, "delta": 1.946044}}
{"target": -9.711372480628652, "params": {"C": 99.96552709797194, "gamma": 0.5033359185949035}, "datetime": {"datetime": "2021-06-20 14:43:36", "elapsed": 147.202854, "delta": 1.316999}}
{"target": -9.714748772989905, "params": {"C": 95.7830296522263, "gamma": 0.5010875691708419}, "datetime": {"datetime": "2021-06-20 14:43:37", "elapsed": 148.631855, "delta": 1.429001}}
{"target": -9.713158120880623, "params": {"C": 97.83861747665605, "gamma": 0.5021820352135613}, "datetime": {"datetime": "2021-06-20 14:43:39", "elapsed": 150.025518, "delta": 1.393663}}
{"target": -9.711358057859137, "params": {"C": 99.82205141402778, "gamma": 0.5027733562923203}, "datetime": {"datetime": "2021-06-20 14:43:40", "elapsed": 151.302518, "delta": 1.277}}
{"target": -9.711949940276227, "params": {"C": 98.40238582429222, "gamma": 0.500064829204047}, "datetime": {"datetime": "2021-06-20 14:43:42", "elapsed": 152.97552, "delta": 1.673002}}
{"target": -9.713275920174581, "params": {"C": 97.41852068482427, "gamma": 0.5012698328474026}, "datetime": {"datetime": "2021-06-20 14:43:43", "elapsed": 154.18352, "delta": 1.208}}
{"target": -9.712114427465544, "params": {"C": 98.2815924085825, "gamma": 0.5002177877627462}, "datetime": {"datetime": "2021-06-20 14:43:44", "elapsed": 155.596198, "delta": 1.412678}}
{"target": -9.713216118321162, "params": {"C": 97.52378752730223, "gamma": 0.5013985419632955}, "datetime": {"datetime": "2021-06-20 14:43:45", "elapsed": 156.707198, "delta": 1.111}}
{"target": -9.710990118563657, "params": {"C": 99.88387394924354, "gamma": 0.5017227471704544}, "datetime": {"datetime": "2021-06-20 14:43:47", "elapsed": 158.2352, "delta": 1.528002}}
{"target": -9.711187599627781, "params": {"C": 99.34236797050414, "gamma": 0.5005676776040144}, "datetime": {"datetime": "2021-06-20 14:43:48", "elapsed": 159.78483, "delta": 1.54963}}
{"target": -9.713674045149777, "params": {"C": 97.14598780518119, "gamma": 0.5017010484030968}, "datetime": {"datetime": "2021-06-20 14:43:50", "elapsed": 161.04283, "delta": 1.258}}
{"target": -9.728286941101452, "params": {"C": 81.9083183441106, "gamma": 0.5010264656395558}, "datetime": {"datetime": "2021-06-20 14:43:51", "elapsed": 162.10083, "delta": 1.058}}
{"target": -9.710549243771222, "params": {"C": 99.83753727886685, "gamma": 0.5000765916085158}, "datetime": {"datetime": "2021-06-20 14:43:52", "elapsed": 163.348829, "delta": 1.247999}}
{"target": -9.713029017468765, "params": {"C": 97.37173355723161, "gamma": 0.5003632150326984}, "datetime": {"datetime": "2021-06-20 14:43:53", "elapsed": 164.780261, "delta": 1.431432}}
{"target": -9.711075347821755, "params": {"C": 99.46020309537141, "gamma": 0.5005819889982868}, "datetime": {"datetime": "2021-06-20 14:43:55", "elapsed": 166.14226, "delta": 1.361999}}
{"target": -9.722622644780984, "params": {"C": 85.93036625236712, "gamma": 0.5003540639060646}, "datetime": {"datetime": "2021-06-20 14:43:56", "elapsed": 167.364259, "delta": 1.221999}}
{"target": -9.710877815162975, "params": {"C": 99.5041091326868, "gamma": 0.5000719728576788}, "datetime": {"datetime": "2021-06-20 14:43:58", "elapsed": 169.35026, "delta": 1.986001}}
{"target": -9.71273769956916, "params": {"C": 97.60372768192519, "gamma": 0.5001411255321759}, "datetime": {"datetime": "2021-06-20 14:43:59", "elapsed": 170.828261, "delta": 1.478001}}
{"target": -9.715633458884444, "params": {"C": 94.71727428763671, "gamma": 0.5008546797894267}, "datetime": {"datetime": "2021-06-20 14:44:01", "elapsed": 172.571261, "delta": 1.743}}
{"target": -9.71621885517389, "params": {"C": 93.85111898886848, "gamma": 0.5003586809938002}, "datetime": {"datetime": "2021-06-20 14:44:03", "elapsed": 174.04826, "delta": 1.476999}}
{"target": -9.711757827290933, "params": {"C": 98.73518034780608, "gamma": 0.5004835288692766}, "datetime": {"datetime": "2021-06-20 14:44:05", "elapsed": 175.949873, "delta": 1.901613}}
{"target": -9.713078120315814, "params": {"C": 97.19429413432671, "gamma": 0.5000004928611159}, "datetime": {"datetime": "2021-06-20 14:44:06", "elapsed": 177.295875, "delta": 1.346002}}
{"target": -9.71103055117742, "params": {"C": 99.83566948369048, "gamma": 0.5016945872829877}, "datetime": {"datetime": "2021-06-20 14:44:07", "elapsed": 178.605871, "delta": 1.309996}}
{"target": -9.713757958489602, "params": {"C": 96.89381084235717, "gamma": 0.5012191058709254}, "datetime": {"datetime": "2021-06-20 14:44:09", "elapsed": 179.980492, "delta": 1.374621}}
{"target": -9.71098875842932, "params": {"C": 99.81776322265588, "gamma": 0.5014906765039555}, "datetime": {"datetime": "2021-06-20 14:44:10", "elapsed": 181.27249, "delta": 1.291998}}
{"target": -9.711048746180326, "params": {"C": 99.5358357951215, "gamma": 0.5007430871520048}, "datetime": {"datetime": "2021-06-20 14:44:12", "elapsed": 182.943491, "delta": 1.671001}}
{"target": -9.710823850969437, "params": {"C": 99.82430392304221, "gamma": 0.5009540477248394}, "datetime": {"datetime": "2021-06-20 14:44:13", "elapsed": 184.408489, "delta": 1.464998}}
{"target": -9.724025711224733, "params": {"C": 84.63091899788333, "gamma": 0.5}, "datetime": {"datetime": "2021-06-20 14:44:15", "elapsed": 186.300134, "delta": 1.891645}}
{"target": -9.712424051196702, "params": {"C": 98.028419898186, "gamma": 0.5004275723278725}, "datetime": {"datetime": "2021-06-20 14:44:16", "elapsed": 187.787134, "delta": 1.487}}
{"target": -9.714668551705099, "params": {"C": 95.52616493602082, "gamma": 0.5001643228533594}, "datetime": {"datetime": "2021-06-20 14:44:18", "elapsed": 189.430135, "delta": 1.643001}}
{"target": -9.713626702150798, "params": {"C": 96.8575506328902, "gamma": 0.500711975061789}, "datetime": {"datetime": "2021-06-20 14:44:19", "elapsed": 190.806785, "delta": 1.37665}}
{"target": -9.720138546665526, "params": {"C": 88.8175150831252, "gamma": 0.5000617928917028}, "datetime": {"datetime": "2021-06-20 14:44:21", "elapsed": 192.010785, "delta": 1.204}}
{"target": -9.710935161082935, "params": {"C": 99.98724770442834, "gamma": 0.5018931788077391}, "datetime": {"datetime": "2021-06-20 14:44:22", "elapsed": 193.288787, "delta": 1.278002}}
{"target": -9.711126191160293, "params": {"C": 99.94321373553106, "gamma": 0.502397974273728}, "datetime": {"datetime": "2021-06-20 14:44:24", "elapsed": 195.224394, "delta": 1.935607}}
{"target": -9.710730224451284, "params": {"C": 99.80151169570601, "gamma": 0.5005622293300573}, "datetime": {"datetime": "2021-06-20 14:44:25", "elapsed": 196.784392, "delta": 1.559998}}
{"target": -9.712476172252188, "params": {"C": 98.12238516169057, "gamma": 0.5008801782069663}, "datetime": {"datetime": "2021-06-20 14:44:27", "elapsed": 198.044396, "delta": 1.260004}}
{"target": -9.71198709325185, "params": {"C": 98.8782862126252, "gamma": 0.5016928730726204}, "datetime": {"datetime": "2021-06-20 14:44:28", "elapsed": 199.240395, "delta": 1.195999}}
{"target": -9.711815533716804, "params": {"C": 98.92663508992254, "gamma": 0.501284668179597}, "datetime": {"datetime": "2021-06-20 14:44:29", "elapsed": 200.647085, "delta": 1.40669}}
{"target": -9.712195278153748, "params": {"C": 98.24519437946009, "gamma": 0.5003632735028773}, "datetime": {"datetime": "2021-06-20 14:44:31", "elapsed": 202.339083, "delta": 1.691998}}
{"target": -9.71330302738229, "params": {"C": 97.02547042196338, "gamma": 0.5002042695138231}, "datetime": {"datetime": "2021-06-20 14:44:32", "elapsed": 203.697083, "delta": 1.358}}
{"target": -9.711704847243798, "params": {"C": 98.82697974979033, "gamma": 0.5006024040859667}, "datetime": {"datetime": "2021-06-20 14:44:34", "elapsed": 205.303723, "delta": 1.60664}}
{"target": -9.711244835943452, "params": {"C": 99.71950404787432, "gamma": 0.5020258151333878}, "datetime": {"datetime": "2021-06-20 14:44:36", "elapsed": 207.016722, "delta": 1.712999}}
{"target": -9.710732017223245, "params": {"C": 99.63540316777289, "gamma": 0.5000185224350397}, "datetime": {"datetime": "2021-06-20 14:44:37", "elapsed": 208.620725, "delta": 1.604003}}
{"target": -9.711971770896007, "params": {"C": 98.64803371960858, "gamma": 0.500901033240406}, "datetime": {"datetime": "2021-06-20 14:44:39", "elapsed": 210.422369, "delta": 1.801644}}
{"target": -9.710854057597059, "params": {"C": 99.55175779978771, "gamma": 0.5001488833739005}, "datetime": {"datetime": "2021-06-20 14:44:40", "elapsed": 211.72237, "delta": 1.300001}}
{"target": -9.711624400785817, "params": {"C": 98.86364508984516, "gamma": 0.5004575036201231}, "datetime": {"datetime": "2021-06-20 14:44:42", "elapsed": 213.141376, "delta": 1.419006}}
{"target": -9.712009409791435, "params": {"C": 98.42135460805662, "gamma": 0.5003128179535694}, "datetime": {"datetime": "2021-06-20 14:44:43", "elapsed": 214.534373, "delta": 1.392997}}
{"target": -9.711435176195552, "params": {"C": 99.63663668557501, "gamma": 0.5023902004412053}, "datetime": {"datetime": "2021-06-20 14:44:45", "elapsed": 216.373042, "delta": 1.838669}}
{"target": -9.710995852051754, "params": {"C": 99.61851117944423, "gamma": 0.5008412003718973}, "datetime": {"datetime": "2021-06-20 14:44:47", "elapsed": 218.168047, "delta": 1.795005}}
{"target": -9.711971646403859, "params": {"C": 98.65452337941943, "gamma": 0.5009212163119605}, "datetime": {"datetime": "2021-06-20 14:44:48", "elapsed": 219.559043, "delta": 1.390996}}
{"target": -9.713261759031791, "params": {"C": 97.29895664756472, "gamma": 0.500870603667257}, "datetime": {"datetime": "2021-06-20 14:44:49", "elapsed": 220.822406, "delta": 1.263363}}
{"target": -9.713525531205093, "params": {"C": 97.11984221464047, "gamma": 0.5011617031687924}, "datetime": {"datetime": "2021-06-20 14:44:51", "elapsed": 222.488403, "delta": 1.665997}}
{"target": -9.71159214396027, "params": {"C": 99.99528643339093, "gamma": 0.5042209324377491}, "datetime": {"datetime": "2021-06-20 14:44:53", "elapsed": 224.235405, "delta": 1.747002}}
{"target": -9.712504570682924, "params": {"C": 98.58638039179297, "gamma": 0.5024473253908792}, "datetime": {"datetime": "2021-06-20 14:44:54", "elapsed": 225.670578, "delta": 1.435173}}
{"target": -9.712508311384743, "params": {"C": 98.29315901537834, "gamma": 0.5015159803024886}, "datetime": {"datetime": "2021-06-20 14:44:56", "elapsed": 227.778768, "delta": 2.10819}}
{"target": -9.711841906681297, "params": {"C": 98.53549374494784, "gamma": 0.5001302038510291}, "datetime": {"datetime": "2021-06-20 14:44:58", "elapsed": 229.379767, "delta": 1.600999}}
{"target": -9.710364919986041, "params": {"C": 100.0, "gamma": 0.5000003065400684}, "datetime": {"datetime": "2021-06-20 14:44:59", "elapsed": 230.929411, "delta": 1.549644}}
{"target": -9.711110456757577, "params": {"C": 99.60729965157651, "gamma": 0.5011882134233145}, "datetime": {"datetime": "2021-06-20 14:45:02", "elapsed": 233.249411, "delta": 2.32}}
{"target": -9.710628324016076, "params": {"C": 99.98641446240339, "gamma": 0.5008423673173132}, "datetime": {"datetime": "2021-06-20 14:45:04", "elapsed": 235.32741, "delta": 2.077999}}
{"target": -9.712305097717042, "params": {"C": 98.35509281572587, "gamma": 0.5010550467221213}, "datetime": {"datetime": "2021-06-20 14:45:07", "elapsed": 237.969931, "delta": 2.642521}}
{"target": -9.712597619837771, "params": {"C": 97.99395845924931, "gamma": 0.5008722668422976}, "datetime": {"datetime": "2021-06-20 14:45:09", "elapsed": 240.337654, "delta": 2.367723}}
{"target": -9.711740039381853, "params": {"C": 99.1643231683432, "gamma": 0.5018163393325048}, "datetime": {"datetime": "2021-06-20 14:45:11", "elapsed": 242.540655, "delta": 2.203001}}
{"target": -9.71131375421556, "params": {"C": 99.49717027662592, "gamma": 0.5015016313576024}, "datetime": {"datetime": "2021-06-20 14:45:13", "elapsed": 244.744281, "delta": 2.203626}}
{"target": -9.71229878596304, "params": {"C": 98.1966110860553, "gamma": 0.5005434789788785}, "datetime": {"datetime": "2021-06-20 14:45:16", "elapsed": 247.30228, "delta": 2.557999}}
{"target": -9.711970018527976, "params": {"C": 98.87112857714308, "gamma": 0.5016130880062701}, "datetime": {"datetime": "2021-06-20 14:45:18", "elapsed": 249.561283, "delta": 2.259003}}
{"target": -9.711227597114743, "params": {"C": 99.29883824702748, "gamma": 0.5005578021532305}, "datetime": {"datetime": "2021-06-20 14:45:21", "elapsed": 252.249911, "delta": 2.688628}}
{"target": -9.71260524966068, "params": {"C": 97.94947734917366, "gamma": 0.500760727418333}, "datetime": {"datetime": "2021-06-20 14:45:24", "elapsed": 255.049761, "delta": 2.79985}}
{"target": -9.71117004625815, "params": {"C": 99.85843680699512, "gamma": 0.5022518289901081}, "datetime": {"datetime": "2021-06-20 14:45:26", "elapsed": 257.050762, "delta": 2.001001}}
