{"target": -9.928414632335718, "params": {"C": 159.6976918579566, "gamma": 0.3046332121485149}, "datetime": {"datetime": "2021-06-21 08:22:02", "elapsed": 56.891755, "delta": 0.763183}}
{"target": -10.077397211400909, "params": {"C": 138.61405955723117, "gamma": 0.9914995880871493}, "datetime": {"datetime": "2021-06-21 08:22:03", "elapsed": 57.738077, "delta": 0.846322}}
{"target": -9.891252982416635, "params": {"C": 158.38393511932549, "gamma": 0.3187814611148637}, "datetime": {"datetime": "2021-06-21 08:22:03", "elapsed": 58.587488, "delta": 0.849411}}
{"target": -10.112502242432502, "params": {"C": 99.9, "gamma": 1.0}, "datetime": {"datetime": "2021-06-21 08:22:04", "elapsed": 59.450671, "delta": 0.863183}}
{"target": -10.10217348671804, "params": {"C": 196.91505201667783, "gamma": 0.988348068098601}, "datetime": {"datetime": "2021-06-21 08:22:05", "elapsed": 60.305019, "delta": 0.854348}}
{"target": -9.930406957111364, "params": {"C": 172.30375466054483, "gamma": 0.3}, "datetime": {"datetime": "2021-06-21 08:22:06", "elapsed": 61.250727, "delta": 0.945708}}
{"target": -9.937637938550308, "params": {"C": 142.4314696568008, "gamma": 0.30666746971804987}, "datetime": {"datetime": "2021-06-21 08:22:07", "elapsed": 62.099273, "delta": 0.848546}}
{"target": -10.065494667088949, "params": {"C": 144.56785135410757, "gamma": 0.9713650375623266}, "datetime": {"datetime": "2021-06-21 08:22:08", "elapsed": 63.152511, "delta": 1.053238}}
{"target": -10.070610062289836, "params": {"C": 160.4367260118711, "gamma": 0.996803941201498}, "datetime": {"datetime": "2021-06-21 08:22:09", "elapsed": 64.122634, "delta": 0.970123}}
{"target": -9.946498666836558, "params": {"C": 152.5035114683117, "gamma": 0.3}, "datetime": {"datetime": "2021-06-21 08:22:10", "elapsed": 64.983706, "delta": 0.861072}}
{"target": -10.105837804748283, "params": {"C": 104.46924840636471, "gamma": 0.9915186808697249}, "datetime": {"datetime": "2021-06-21 08:22:11", "elapsed": 65.874201, "delta": 0.890495}}
{"target": -9.960004833074617, "params": {"C": 139.05857539518135, "gamma": 0.3}, "datetime": {"datetime": "2021-06-21 08:22:12", "elapsed": 66.964616, "delta": 1.090415}}
{"target": -9.991721053401482, "params": {"C": 113.25310984888281, "gamma": 0.3}, "datetime": {"datetime": "2021-06-21 08:22:13", "elapsed": 67.807931, "delta": 0.843315}}
{"target": -10.08164023517184, "params": {"C": 132.56367219508607, "gamma": 0.9847031491751457}, "datetime": {"datetime": "2021-06-21 08:22:14", "elapsed": 68.743076, "delta": 0.935145}}
{"target": -10.059806409800274, "params": {"C": 191.60713945095597, "gamma": 0.9464116321387805}, "datetime": {"datetime": "2021-06-21 08:22:14", "elapsed": 69.671491, "delta": 0.928415}}
{"target": -10.10389932684112, "params": {"C": 194.94136906436756, "gamma": 0.9945639917945586}, "datetime": {"datetime": "2021-06-21 08:22:15", "elapsed": 70.574053, "delta": 0.902562}}
{"target": -9.911151823257152, "params": {"C": 175.64674184261543, "gamma": 0.30582701631594156}, "datetime": {"datetime": "2021-06-21 08:22:17", "elapsed": 71.765229, "delta": 1.191176}}
{"target": -10.056900221270961, "params": {"C": 166.46339293483908, "gamma": 0.9722556199696328}, "datetime": {"datetime": "2021-06-21 08:22:18", "elapsed": 73.089295, "delta": 1.324066}}
{"target": -10.003212665034942, "params": {"C": 103.53975043396096, "gamma": 0.30023142949934944}, "datetime": {"datetime": "2021-06-21 08:22:19", "elapsed": 74.285497, "delta": 1.196202}}
{"target": -9.966277932488177, "params": {"C": 131.665990664242, "gamma": 0.3008809588045072}, "datetime": {"datetime": "2021-06-21 08:22:20", "elapsed": 75.529217, "delta": 1.24372}}
{"target": -10.092487196812295, "params": {"C": 186.36111654858996, "gamma": 0.9973872005525777}, "datetime": {"datetime": "2021-06-21 08:22:21", "elapsed": 76.560421, "delta": 1.031204}}
{"target": -9.89668049293478, "params": {"C": 190.45534178222562, "gamma": 0.3061749277203494}, "datetime": {"datetime": "2021-06-21 08:22:22", "elapsed": 77.501112, "delta": 0.940691}}
{"target": -9.880248550967336, "params": {"C": 188.55862539772136, "gamma": 0.3122596419128994}, "datetime": {"datetime": "2021-06-21 08:22:23", "elapsed": 78.438615, "delta": 0.937503}}
{"target": -9.917014854249235, "params": {"C": 180.32164138229695, "gamma": 0.30232799640164765}, "datetime": {"datetime": "2021-06-21 08:22:24", "elapsed": 79.650684, "delta": 1.212069}}
{"target": -9.97395720546216, "params": {"C": 127.62342102135598, "gamma": 0.3}, "datetime": {"datetime": "2021-06-21 08:22:26", "elapsed": 81.00367, "delta": 1.352986}}
{"target": -10.070489041117334, "params": {"C": 169.89882871684168, "gamma": 0.9901064561559894}, "datetime": {"datetime": "2021-06-21 08:22:27", "elapsed": 82.020784, "delta": 1.017114}}
{"target": -9.992005288697618, "params": {"C": 106.53883070747271, "gamma": 0.30289153784781364}, "datetime": {"datetime": "2021-06-21 08:22:28", "elapsed": 83.235316, "delta": 1.214532}}
{"target": -10.058415061899641, "params": {"C": 151.88293417670374, "gamma": 0.9738053367193114}, "datetime": {"datetime": "2021-06-21 08:22:29", "elapsed": 84.409536, "delta": 1.17422}}
{"target": -9.909911880223532, "params": {"C": 196.33584830850177, "gamma": 0.3}, "datetime": {"datetime": "2021-06-21 08:22:30", "elapsed": 85.573743, "delta": 1.164207}}
{"target": -9.902776881989457, "params": {"C": 198.79887110357623, "gamma": 0.3016475452080115}, "datetime": {"datetime": "2021-06-21 08:22:31", "elapsed": 86.703982, "delta": 1.130239}}
{"target": -9.985019667009366, "params": {"C": 110.14933416328228, "gamma": 0.30371177897650853}, "datetime": {"datetime": "2021-06-21 08:22:33", "elapsed": 88.061557, "delta": 1.357575}}
{"target": -10.105248439425798, "params": {"C": 111.33678905406362, "gamma": 0.9984451532652794}, "datetime": {"datetime": "2021-06-21 08:22:34", "elapsed": 89.329088, "delta": 1.267531}}
{"target": -9.960150781706052, "params": {"C": 116.05064143029605, "gamma": 0.3095735964119902}, "datetime": {"datetime": "2021-06-21 08:22:35", "elapsed": 90.242724, "delta": 0.913636}}
{"target": -9.914011134250208, "params": {"C": 162.4557890297815, "gamma": 0.30906524278200226}, "datetime": {"datetime": "2021-06-21 08:22:36", "elapsed": 91.3917, "delta": 1.148976}}
{"target": -9.953105917420135, "params": {"C": 144.7663538869426, "gamma": 0.3}, "datetime": {"datetime": "2021-06-21 08:22:37", "elapsed": 92.648927, "delta": 1.257227}}
{"target": -9.981460924422922, "params": {"C": 121.52936308037529, "gamma": 0.3}, "datetime": {"datetime": "2021-06-21 08:22:39", "elapsed": 93.997284, "delta": 1.348357}}
{"target": -10.095669747462724, "params": {"C": 123.46626151291849, "gamma": 1.0}, "datetime": {"datetime": "2021-06-21 08:22:40", "elapsed": 95.244453, "delta": 1.247169}}
{"target": -9.911274475989277, "params": {"C": 191.31869685748, "gamma": 0.3010087626448645}, "datetime": {"datetime": "2021-06-21 08:22:41", "elapsed": 96.109866, "delta": 0.865413}}
{"target": -9.909985855934194, "params": {"C": 193.47187006287126, "gamma": 0.30080970377825}, "datetime": {"datetime": "2021-06-21 08:22:42", "elapsed": 97.017791, "delta": 0.907925}}
{"target": -10.07147302876772, "params": {"C": 146.3912136076661, "gamma": 1.0}, "datetime": {"datetime": "2021-06-21 08:22:43", "elapsed": 98.295214, "delta": 1.277423}}
{"target": -9.86651266749335, "params": {"C": 166.64652366283542, "gamma": 0.32455578865353624}, "datetime": {"datetime": "2021-06-21 08:22:44", "elapsed": 99.220739, "delta": 0.925525}}
{"target": -10.083251888429873, "params": {"C": 181.37190476668695, "gamma": 0.9953521492623147}, "datetime": {"datetime": "2021-06-21 08:22:45", "elapsed": 100.398771, "delta": 1.178032}}
{"target": -9.984694771212961, "params": {"C": 118.91412792854439, "gamma": 0.3}, "datetime": {"datetime": "2021-06-21 08:22:46", "elapsed": 101.342826, "delta": 0.944055}}
{"target": -10.089089709030562, "params": {"C": 126.57436841327899, "gamma": 0.9897437385652117}, "datetime": {"datetime": "2021-06-21 08:22:47", "elapsed": 102.659466, "delta": 1.31664}}
{"target": -9.9369458247619, "params": {"C": 164.36608223418816, "gamma": 0.3}, "datetime": {"datetime": "2021-06-21 08:22:48", "elapsed": 103.667746, "delta": 1.00828}}
{"target": -9.88758870328708, "params": {"C": 168.7167029837288, "gamma": 0.31641531152945535}, "datetime": {"datetime": "2021-06-21 08:22:50", "elapsed": 104.91275, "delta": 1.245004}}
{"target": -10.070585028261142, "params": {"C": 176.4923404171993, "gamma": 0.9823066080994165}, "datetime": {"datetime": "2021-06-21 08:22:51", "elapsed": 105.962779, "delta": 1.050029}}
{"target": -9.939712973931057, "params": {"C": 134.52405982441837, "gamma": 0.3084554357703789}, "datetime": {"datetime": "2021-06-21 08:22:52", "elapsed": 107.130871, "delta": 1.168092}}
{"target": -10.106891197534807, "params": {"C": 110.01221439538196, "gamma": 1.0}, "datetime": {"datetime": "2021-06-21 08:22:53", "elapsed": 108.382146, "delta": 1.251275}}
{"target": -10.109150088353815, "params": {"C": 105.84412644957979, "gamma": 0.9992032299715703}, "datetime": {"datetime": "2021-06-21 08:22:54", "elapsed": 109.430125, "delta": 1.047979}}
{"target": -9.919364945196472, "params": {"C": 182.67870895824075, "gamma": 0.3008008788042584}, "datetime": {"datetime": "2021-06-21 08:22:55", "elapsed": 110.371497, "delta": 0.941372}}
{"target": -9.939041672861975, "params": {"C": 136.5223370232893, "gamma": 0.30806163172363726}, "datetime": {"datetime": "2021-06-21 08:22:56", "elapsed": 111.404196, "delta": 1.032699}}
{"target": -10.072400875634491, "params": {"C": 154.5133051051342, "gamma": 1.0}, "datetime": {"datetime": "2021-06-21 08:22:57", "elapsed": 112.370346, "delta": 0.96615}}
{"target": -9.948495708661039, "params": {"C": 150.00774878107512, "gamma": 0.3}, "datetime": {"datetime": "2021-06-21 08:22:58", "elapsed": 113.256991, "delta": 0.886645}}
{"target": -9.930497015149651, "params": {"C": 169.69898746397723, "gamma": 0.3007539437864859}, "datetime": {"datetime": "2021-06-21 08:22:59", "elapsed": 114.174422, "delta": 0.917431}}
{"target": -10.068711319208392, "params": {"C": 148.90280062572876, "gamma": 0.9952527801076712}, "datetime": {"datetime": "2021-06-21 08:23:00", "elapsed": 115.069127, "delta": 0.894705}}
{"target": -9.907081321637897, "params": {"C": 171.29044000908846, "gamma": 0.30865975921450395}, "datetime": {"datetime": "2021-06-21 08:23:01", "elapsed": 116.284511, "delta": 1.215384}}
{"target": -9.978502280981061, "params": {"C": 120.65498164208807, "gamma": 0.30135958404884705}, "datetime": {"datetime": "2021-06-21 08:23:02", "elapsed": 117.307928, "delta": 1.023417}}
{"target": -9.979178325729526, "params": {"C": 123.3792559434663, "gamma": 0.3}, "datetime": {"datetime": "2021-06-21 08:23:03", "elapsed": 118.307034, "delta": 0.999106}}
{"target": -10.099717630494949, "params": {"C": 115.8451535550866, "gamma": 0.9935102792103057}, "datetime": {"datetime": "2021-06-21 08:23:04", "elapsed": 119.236598, "delta": 0.929564}}
{"target": -9.91835939602477, "params": {"C": 174.60128620848315, "gamma": 0.3036086891042796}, "datetime": {"datetime": "2021-06-21 08:23:05", "elapsed": 120.273135, "delta": 1.036537}}
{"target": -9.832140044511958, "params": {"C": 184.6787693060782, "gamma": 0.3318658198329924}, "datetime": {"datetime": "2021-06-21 08:23:06", "elapsed": 121.139994, "delta": 0.866859}}
{"target": -10.099700368468838, "params": {"C": 119.09735925722259, "gamma": 1.0}, "datetime": {"datetime": "2021-06-21 08:23:07", "elapsed": 122.07832, "delta": 0.938326}}
{"target": -9.990036475454104, "params": {"C": 102.22613114033524, "gamma": 0.3056263994542062}, "datetime": {"datetime": "2021-06-21 08:23:08", "elapsed": 123.147441, "delta": 1.069121}}
{"target": -10.00841206863131, "params": {"C": 99.9, "gamma": 0.3}, "datetime": {"datetime": "2021-06-21 08:23:09", "elapsed": 124.045401, "delta": 0.89796}}
{"target": -10.073433135027631, "params": {"C": 135.46399800552786, "gamma": 0.9690805463865424}, "datetime": {"datetime": "2021-06-21 08:23:10", "elapsed": 125.065844, "delta": 1.020443}}
{"target": -10.089188977591334, "params": {"C": 188.7985968187084, "gamma": 0.9883977794375398}, "datetime": {"datetime": "2021-06-21 08:23:11", "elapsed": 126.101981, "delta": 1.036137}}
{"target": -10.098955575911232, "params": {"C": 198.05619906921018, "gamma": 0.9820554332685025}, "datetime": {"datetime": "2021-06-21 08:23:12", "elapsed": 127.02383, "delta": 0.921849}}
{"target": -10.07362477328246, "params": {"C": 143.17574485533896, "gamma": 0.9975974575735602}, "datetime": {"datetime": "2021-06-21 08:23:13", "elapsed": 127.928115, "delta": 0.904285}}
{"target": -10.081043347437753, "params": {"C": 178.87167589454629, "gamma": 0.9972650133976968}, "datetime": {"datetime": "2021-06-21 08:23:14", "elapsed": 129.036281, "delta": 1.108166}}
{"target": -9.932383338084016, "params": {"C": 125.29716631862689, "gamma": 0.31492405530812445}, "datetime": {"datetime": "2021-06-21 08:23:15", "elapsed": 130.012595, "delta": 0.976314}}
{"target": -9.921562891340502, "params": {"C": 155.17841686203133, "gamma": 0.30868007506879447}, "datetime": {"datetime": "2021-06-21 08:23:16", "elapsed": 131.084054, "delta": 1.071459}}
{"target": -9.916971450719103, "params": {"C": 130.6566208034359, "gamma": 0.3192100254927289}, "datetime": {"datetime": "2021-06-21 08:23:17", "elapsed": 132.263844, "delta": 1.17979}}
{"target": -9.959943527160936, "params": {"C": 107.50951503622153, "gamma": 0.3137253425881879}, "datetime": {"datetime": "2021-06-21 08:23:18", "elapsed": 133.230566, "delta": 0.966722}}
{"target": -9.910740964434646, "params": {"C": 195.38165712803425, "gamma": 0.3}, "datetime": {"datetime": "2021-06-21 08:23:19", "elapsed": 134.304211, "delta": 1.073645}}
{"target": -10.06285236249793, "params": {"C": 174.13242924094973, "gamma": 0.9719832518672262}, "datetime": {"datetime": "2021-06-21 08:23:20", "elapsed": 135.221275, "delta": 0.917064}}
{"target": -10.071188152704504, "params": {"C": 163.2257881939959, "gamma": 0.9979273343737034}, "datetime": {"datetime": "2021-06-21 08:23:21", "elapsed": 136.209446, "delta": 0.988171}}
{"target": -9.954221242073405, "params": {"C": 141.19185707154918, "gamma": 0.3010004898561036}, "datetime": {"datetime": "2021-06-21 08:23:22", "elapsed": 137.316438, "delta": 1.106992}}
{"target": -10.074168395266918, "params": {"C": 167.3919098173618, "gamma": 1.0}, "datetime": {"datetime": "2021-06-21 08:23:23", "elapsed": 138.427149, "delta": 1.110711}}
{"target": -9.905045061673214, "params": {"C": 148.33166579506445, "gamma": 0.3173193187078125}, "datetime": {"datetime": "2021-06-21 08:23:24", "elapsed": 139.447787, "delta": 1.020638}}
{"target": -10.077587517920298, "params": {"C": 140.25901181226232, "gamma": 1.0}, "datetime": {"datetime": "2021-06-21 08:23:25", "elapsed": 140.461905, "delta": 1.014118}}
{"target": -10.063892007346821, "params": {"C": 121.09599319571987, "gamma": 0.9305666328343019}, "datetime": {"datetime": "2021-06-21 08:23:26", "elapsed": 141.443193, "delta": 0.981288}}
{"target": -9.951129278035955, "params": {"C": 146.68249958362043, "gamma": 0.3}, "datetime": {"datetime": "2021-06-21 08:23:27", "elapsed": 142.550462, "delta": 1.107269}}
{"target": -10.089331363483055, "params": {"C": 184.04555347963623, "gamma": 0.9981840319563737}, "datetime": {"datetime": "2021-06-21 08:23:29", "elapsed": 143.93213, "delta": 1.381668}}
{"target": -10.08934301965934, "params": {"C": 190.82220112294883, "gamma": 0.9845760874259735}, "datetime": {"datetime": "2021-06-21 08:23:30", "elapsed": 145.015451, "delta": 1.083321}}
{"target": -9.910002452604031, "params": {"C": 179.59062994596837, "gamma": 0.3049939703439092}, "datetime": {"datetime": "2021-06-21 08:23:31", "elapsed": 146.103768, "delta": 1.088317}}
{"target": -9.99682785751749, "params": {"C": 109.15511285256254, "gamma": 0.3}, "datetime": {"datetime": "2021-06-21 08:23:32", "elapsed": 147.141044, "delta": 1.037276}}
{"target": -9.939791911170538, "params": {"C": 156.87602315727287, "gamma": 0.30121754912503124}, "datetime": {"datetime": "2021-06-21 08:23:33", "elapsed": 148.31365, "delta": 1.172606}}
{"target": -9.94535247644031, "params": {"C": 153.34586882939647, "gamma": 0.3001727371286236}, "datetime": {"datetime": "2021-06-21 08:23:34", "elapsed": 149.583483, "delta": 1.269833}}
{"target": -10.096606183604349, "params": {"C": 107.96931295900288, "gamma": 0.9777264185126053}, "datetime": {"datetime": "2021-06-21 08:23:36", "elapsed": 150.807464, "delta": 1.223981}}
{"target": -9.8684966370692, "params": {"C": 100.28677357538048, "gamma": 0.681605560882457}, "datetime": {"datetime": "2021-06-21 08:23:37", "elapsed": 151.941525, "delta": 1.134061}}
{"target": -9.925712456192452, "params": {"C": 177.90615535999797, "gamma": 0.3}, "datetime": {"datetime": "2021-06-21 08:23:38", "elapsed": 153.075721, "delta": 1.134196}}
{"target": -10.096109637378799, "params": {"C": 103.46970730008394, "gamma": 0.972592767742126}, "datetime": {"datetime": "2021-06-21 08:23:39", "elapsed": 154.235574, "delta": 1.159853}}
{"target": -9.934548331923146, "params": {"C": 167.29673243683956, "gamma": 0.3}, "datetime": {"datetime": "2021-06-21 08:23:40", "elapsed": 155.66605, "delta": 1.430476}}
{"target": -9.972006106319435, "params": {"C": 129.21416312580806, "gamma": 0.3}, "datetime": {"datetime": "2021-06-21 08:23:42", "elapsed": 157.048599, "delta": 1.382549}}
{"target": -10.062888188896967, "params": {"C": 130.28754174766792, "gamma": 0.9374062806800265}, "datetime": {"datetime": "2021-06-21 08:23:43", "elapsed": 158.149988, "delta": 1.101389}}
{"target": -9.905253452954812, "params": {"C": 111.15856627128193, "gamma": 0.3321633922958338}, "datetime": {"datetime": "2021-06-21 08:23:44", "elapsed": 159.520287, "delta": 1.370299}}
{"target": -9.913003212495877, "params": {"C": 192.77187857807257, "gamma": 0.3}, "datetime": {"datetime": "2021-06-21 08:23:45", "elapsed": 160.528439, "delta": 1.008152}}
{"target": -10.070145376935384, "params": {"C": 161.42868367603555, "gamma": 0.9960307987296528}, "datetime": {"datetime": "2021-06-21 08:23:46", "elapsed": 161.58675, "delta": 1.058311}}
{"target": -9.881590032917439, "params": {"C": 199.38186415029173, "gamma": 0.3085519772330486}, "datetime": {"datetime": "2021-06-21 08:23:48", "elapsed": 162.891257, "delta": 1.304507}}
{"target": -9.93908858037912, "params": {"C": 157.82932470931738, "gamma": 0.30119173525757237}, "datetime": {"datetime": "2021-06-21 08:23:49", "elapsed": 163.9843, "delta": 1.093043}}
{"target": -10.080660375069634, "params": {"C": 137.615748681444, "gamma": 1.0}, "datetime": {"datetime": "2021-06-21 08:23:50", "elapsed": 165.164152, "delta": 1.179852}}
{"target": -10.069649829112238, "params": {"C": 165.45074986781987, "gamma": 0.9940466158882668}, "datetime": {"datetime": "2021-06-21 08:23:51", "elapsed": 166.567489, "delta": 1.403337}}
{"target": -9.931481551106923, "params": {"C": 158.9921684394829, "gamma": 0.3037067368734555}, "datetime": {"datetime": "2021-06-21 08:23:52", "elapsed": 167.596345, "delta": 1.028856}}
{"target": -9.923863692230908, "params": {"C": 128.26231063797928, "gamma": 0.31726161929225416}, "datetime": {"datetime": "2021-06-21 08:23:54", "elapsed": 168.853843, "delta": 1.257498}}
{"target": -9.878928868973265, "params": {"C": 186.25909157268816, "gamma": 0.31344985160545036}, "datetime": {"datetime": "2021-06-21 08:23:55", "elapsed": 170.107124, "delta": 1.253281}}
{"target": -9.935846579324945, "params": {"C": 160.532114366091, "gamma": 0.3015839644414901}, "datetime": {"datetime": "2021-06-21 08:23:56", "elapsed": 171.095383, "delta": 0.988259}}
{"target": -10.085760412781125, "params": {"C": 128.64046142004543, "gamma": 0.9858274646103051}, "datetime": {"datetime": "2021-06-21 08:23:57", "elapsed": 172.385814, "delta": 1.290431}}
{"target": -10.091800696330273, "params": {"C": 122.64488967919253, "gamma": 0.9877111727960737}, "datetime": {"datetime": "2021-06-21 08:23:59", "elapsed": 173.781626, "delta": 1.395812}}
{"target": -10.069114956596817, "params": {"C": 145.4241192273715, "gamma": 0.9888774780051663}, "datetime": {"datetime": "2021-06-21 08:24:00", "elapsed": 174.940345, "delta": 1.158719}}
{"target": -9.945983451513161, "params": {"C": 139.93286817185077, "gamma": 0.3041110561053786}, "datetime": {"datetime": "2021-06-21 08:24:01", "elapsed": 176.411064, "delta": 1.470719}}
{"target": -9.978972977728674, "params": {"C": 104.33021102662234, "gamma": 0.3085820054718093}, "datetime": {"datetime": "2021-06-21 08:24:02", "elapsed": 177.506042, "delta": 1.094978}}
{"target": -10.072926525315058, "params": {"C": 113.52522777774647, "gamma": 0.9381626309378537}, "datetime": {"datetime": "2021-06-21 08:24:03", "elapsed": 178.707327, "delta": 1.201285}}
{"target": -9.902140169685286, "params": {"C": 187.82248843420336, "gamma": 0.3051466008057939}, "datetime": {"datetime": "2021-06-21 08:24:05", "elapsed": 179.831785, "delta": 1.124458}}
{"target": -9.990623978117588, "params": {"C": 114.13520251493394, "gamma": 0.3}, "datetime": {"datetime": "2021-06-21 08:24:06", "elapsed": 180.965243, "delta": 1.133458}}
{"target": -9.879997713520693, "params": {"C": 115.25768839419382, "gamma": 0.34114886299052954}, "datetime": {"datetime": "2021-06-21 08:24:07", "elapsed": 182.246768, "delta": 1.281525}}
{"target": -9.987248335899487, "params": {"C": 116.85349226607717, "gamma": 0.3}, "datetime": {"datetime": "2021-06-21 08:24:08", "elapsed": 183.43351, "delta": 1.186742}}
{"target": -10.07709902500042, "params": {"C": 172.23613406753515, "gamma": 1.0}, "datetime": {"datetime": "2021-06-21 08:24:10", "elapsed": 185.110597, "delta": 1.677087}}
{"target": -10.060644400250826, "params": {"C": 151.06368834708454, "gamma": 0.9796065014762128}, "datetime": {"datetime": "2021-06-21 08:24:11", "elapsed": 186.304556, "delta": 1.193959}}
{"target": -9.929799966697654, "params": {"C": 173.032259349548, "gamma": 0.3}, "datetime": {"datetime": "2021-06-21 08:24:12", "elapsed": 187.522171, "delta": 1.217615}}
