{"target": -10.489741674494503, "params": {"C": 9.906912081917222, "gamma": 0.8204399090455303}, "datetime": {"datetime": "2021-06-19 14:34:16", "elapsed": 794.739083, "delta": 3.738864}}
{"target": -10.492713268424403, "params": {"C": 9.853728801519164, "gamma": 0.8406272570144451}, "datetime": {"datetime": "2021-06-19 14:34:24", "elapsed": 802.183007, "delta": 7.443924}}
{"target": -10.503638904024188, "params": {"C": 9.71599990853694, "gamma": 0.8596460594161569}, "datetime": {"datetime": "2021-06-19 14:34:29", "elapsed": 807.245312, "delta": 5.062305}}
{"target": -10.489873414162895, "params": {"C": 9.889936291318724, "gamma": 0.8770796018173139}, "datetime": {"datetime": "2021-06-19 14:34:34", "elapsed": 812.91781, "delta": 5.672498}}
{"target": -10.4856534863764, "params": {"C": 9.972360412526319, "gamma": 0.8123033523221349}, "datetime": {"datetime": "2021-06-19 14:34:41", "elapsed": 819.382188, "delta": 6.464378}}
{"target": -10.487762462259328, "params": {"C": 9.952389163745634, "gamma": 0.8822350634653703}, "datetime": {"datetime": "2021-06-19 14:34:47", "elapsed": 825.708133, "delta": 6.325945}}
{"target": -10.486983357782051, "params": {"C": 9.96442425167656, "gamma": 0.808483774388747}, "datetime": {"datetime": "2021-06-19 14:34:55", "elapsed": 833.123351, "delta": 7.415218}}
{"target": -10.49881538984629, "params": {"C": 9.776225649349502, "gamma": 0.8475560837340625}, "datetime": {"datetime": "2021-06-19 14:35:06", "elapsed": 844.242276, "delta": 11.118925}}
{"target": -10.485089492524496, "params": {"C": 9.95973042236301, "gamma": 0.8241055301533079}, "datetime": {"datetime": "2021-06-19 14:35:13", "elapsed": 851.942707, "delta": 7.700431}}
{"target": -10.484778615990178, "params": {"C": 9.949960691405593, "gamma": 0.8528508670079811}, "datetime": {"datetime": "2021-06-19 14:35:17", "elapsed": 855.506173, "delta": 3.563466}}
{"target": -10.48445910774894, "params": {"C": 9.953986620448513, "gamma": 0.8545043037600436}, "datetime": {"datetime": "2021-06-19 14:35:21", "elapsed": 859.300327, "delta": 3.794154}}
{"target": -10.481483396251079, "params": {"C": 9.991787950937809, "gamma": 0.8455662915486831}, "datetime": {"datetime": "2021-06-19 14:35:27", "elapsed": 865.115581, "delta": 5.815254}}
{"target": -10.493980326479905, "params": {"C": 9.88055666678007, "gamma": 0.8093985204156708}, "datetime": {"datetime": "2021-06-19 14:35:36", "elapsed": 874.596901, "delta": 9.48132}}
{"target": -10.493214324070166, "params": {"C": 9.847304302817616, "gamma": 0.8761090320935888}, "datetime": {"datetime": "2021-06-19 14:35:40", "elapsed": 878.19389, "delta": 3.596989}}
{"target": -10.482033891830053, "params": {"C": 9.984821089357002, "gamma": 0.8639191625179561}, "datetime": {"datetime": "2021-06-19 14:35:45", "elapsed": 883.707067, "delta": 5.513177}}
{"target": -10.485291970542345, "params": {"C": 9.946192113404773, "gamma": 0.836315894723649}, "datetime": {"datetime": "2021-06-19 14:35:49", "elapsed": 887.899971, "delta": 4.192904}}
{"target": -10.500311321184572, "params": {"C": 9.862809811108676, "gamma": 0.7925457690640287}, "datetime": {"datetime": "2021-06-19 14:35:54", "elapsed": 892.395549, "delta": 4.495578}}
{"target": -10.48547494863748, "params": {"C": 9.989667620622962, "gamma": 0.8053045838635591}, "datetime": {"datetime": "2021-06-19 14:35:58", "elapsed": 896.49921, "delta": 4.103661}}
{"target": -10.502018879683432, "params": {"C": 9.744652860141002, "gamma": 0.838742834807628}, "datetime": {"datetime": "2021-06-19 14:36:02", "elapsed": 900.063432, "delta": 3.564222}}
{"target": -10.50027865723872, "params": {"C": 9.832674561121896, "gamma": 0.8021109868474798}, "datetime": {"datetime": "2021-06-19 14:36:06", "elapsed": 904.452037, "delta": 4.388605}}
{"target": -10.494246697725362, "params": {"C": 9.929612535014469, "gamma": 0.7930404083839845}, "datetime": {"datetime": "2021-06-19 14:36:11", "elapsed": 909.483504, "delta": 5.031467}}
{"target": -10.49635885007193, "params": {"C": 9.939970071001765, "gamma": 0.7828574838535894}, "datetime": {"datetime": "2021-06-19 14:36:15", "elapsed": 913.897192, "delta": 4.413688}}
{"target": -10.483403871858624, "params": {"C": 9.978305294644823, "gamma": 0.8742633531728501}, "datetime": {"datetime": "2021-06-19 14:36:22", "elapsed": 920.235661, "delta": 6.338469}}
{"target": -10.490797197650005, "params": {"C": 9.876216661654285, "gamma": 0.8411143107248329}, "datetime": {"datetime": "2021-06-19 14:36:27", "elapsed": 925.973074, "delta": 5.737413}}
{"target": -10.483726404844663, "params": {"C": 9.99785074064874, "gamma": 0.8787150574457848}, "datetime": {"datetime": "2021-06-19 14:36:33", "elapsed": 931.396526, "delta": 5.423452}}
{"target": -10.489981710062617, "params": {"C": 9.884667918432852, "gamma": 0.8486833346500996}, "datetime": {"datetime": "2021-06-19 14:36:39", "elapsed": 937.267833, "delta": 5.871307}}
{"target": -10.481161178460606, "params": {"C": 9.996546595148855, "gamma": 0.8387491586897697}, "datetime": {"datetime": "2021-06-19 14:36:43", "elapsed": 941.702811, "delta": 4.434978}}
{"target": -10.483927469435944, "params": {"C": 9.975391307546268, "gamma": 0.8224981125649314}, "datetime": {"datetime": "2021-06-19 14:36:47", "elapsed": 945.072011, "delta": 3.3692}}
{"target": -10.514229027821077, "params": {"C": 9.856863419995674, "gamma": 0.7493929150664475}, "datetime": {"datetime": "2021-06-19 14:36:53", "elapsed": 951.235937, "delta": 6.163926}}
{"target": -10.494936442431507, "params": {"C": 9.824017320154077, "gamma": 0.8644296237058646}, "datetime": {"datetime": "2021-06-19 14:36:57", "elapsed": 955.880788, "delta": 4.644851}}
{"target": -10.48864699240218, "params": {"C": 9.902498454163474, "gamma": 0.8404062135292453}, "datetime": {"datetime": "2021-06-19 14:37:03", "elapsed": 961.637144, "delta": 5.756356}}
{"target": -10.50409743071955, "params": {"C": 9.936366776500424, "gamma": 0.759200464944752}, "datetime": {"datetime": "2021-06-19 14:37:16", "elapsed": 974.064563, "delta": 12.427419}}
{"target": -10.491969585128077, "params": {"C": 9.860272447150958, "gamma": 0.8591724056483588}, "datetime": {"datetime": "2021-06-19 14:37:25", "elapsed": 983.272901, "delta": 9.208338}}
{"target": -10.481781483424033, "params": {"C": 9.99072240306534, "gamma": 0.8338680593249557}, "datetime": {"datetime": "2021-06-19 14:37:29", "elapsed": 987.447722, "delta": 4.174821}}
{"target": -10.497543254562672, "params": {"C": 9.932461369714146, "gamma": 0.9022937249145531}, "datetime": {"datetime": "2021-06-19 14:37:37", "elapsed": 995.068754, "delta": 7.621032}}
{"target": -10.487124621919628, "params": {"C": 9.95644584103316, "gamma": 0.8811168996177352}, "datetime": {"datetime": "2021-06-19 14:37:48", "elapsed": 1006.692266, "delta": 11.623512}}
{"target": -10.502616295391263, "params": {"C": 9.729660626320957, "gamma": 0.8663381837834044}, "datetime": {"datetime": "2021-06-19 14:37:56", "elapsed": 1014.029417, "delta": 7.337151}}
{"target": -10.49775461974211, "params": {"C": 9.973253194566377, "gamma": 0.9085098625719548}, "datetime": {"datetime": "2021-06-19 14:38:10", "elapsed": 1028.813861, "delta": 14.784444}}
{"target": -10.48209176701681, "params": {"C": 9.984489105960687, "gamma": 0.8685533763026373}, "datetime": {"datetime": "2021-06-19 14:38:15", "elapsed": 1033.311965, "delta": 4.498104}}
{"target": -10.48094204099172, "params": {"C": 9.999706627975891, "gamma": 0.8360108695971472}, "datetime": {"datetime": "2021-06-19 14:38:20", "elapsed": 1038.251856, "delta": 4.939891}}
{"target": -10.490550143452877, "params": {"C": 9.998535393410016, "gamma": 0.8951567496974241}, "datetime": {"datetime": "2021-06-19 14:38:24", "elapsed": 1042.665651, "delta": 4.413795}}
{"target": -10.500584479621416, "params": {"C": 9.96260037159993, "gamma": 0.7630087110029548}, "datetime": {"datetime": "2021-06-19 14:38:34", "elapsed": 1052.221057, "delta": 9.555406}}
{"target": -10.492861544043368, "params": {"C": 9.877391070547025, "gamma": 0.8162432637017245}, "datetime": {"datetime": "2021-06-19 14:38:40", "elapsed": 1058.655135, "delta": 6.434078}}
{"target": -10.49034023822041, "params": {"C": 9.888184639633106, "gamma": 0.8331816729980956}, "datetime": {"datetime": "2021-06-19 14:38:46", "elapsed": 1064.30923, "delta": 5.654095}}
{"target": -10.498810691746396, "params": {"C": 9.793796869609999, "gamma": 0.8249452864284278}, "datetime": {"datetime": "2021-06-19 14:38:52", "elapsed": 1070.218536, "delta": 5.909306}}
{"target": -10.496962374887094, "params": {"C": 9.946135895946872, "gamma": 0.9028464887558603}, "datetime": {"datetime": "2021-06-19 14:39:02", "elapsed": 1080.451807, "delta": 10.233271}}
{"target": -10.481355026655232, "params": {"C": 9.994135567876688, "gamma": 0.8383500470948198}, "datetime": {"datetime": "2021-06-19 14:39:09", "elapsed": 1087.612656, "delta": 7.160849}}
{"target": -10.483127922063316, "params": {"C": 9.972543206313963, "gamma": 0.8360157832344727}, "datetime": {"datetime": "2021-06-19 14:39:17", "elapsed": 1095.045192, "delta": 7.432536}}
{"target": -10.481114932564044, "params": {"C": 9.99611039248522, "gamma": 0.857650336109637}, "datetime": {"datetime": "2021-06-19 14:39:19", "elapsed": 1097.683999, "delta": 2.638807}}
{"target": -10.482723951931783, "params": {"C": 9.976664513721532, "gamma": 0.8392080869485963}, "datetime": {"datetime": "2021-06-19 14:39:28", "elapsed": 1106.698923, "delta": 9.014924}}
{"target": -10.48981846446648, "params": {"C": 9.907589942209139, "gamma": 0.8800960342000066}, "datetime": {"datetime": "2021-06-19 14:39:34", "elapsed": 1112.693908, "delta": 5.994985}}
{"target": -10.494614608899996, "params": {"C": 9.851452990931639, "gamma": 0.8187252935140872}, "datetime": {"datetime": "2021-06-19 14:39:38", "elapsed": 1116.970644, "delta": 4.276736}}
{"target": -10.484230924979407, "params": {"C": 9.964403327362763, "gamma": 0.830217281477718}, "datetime": {"datetime": "2021-06-19 14:39:43", "elapsed": 1121.35209, "delta": 4.381446}}
{"target": -10.483584250783093, "params": {"C": 9.995691314824048, "gamma": 0.8131205328490195}, "datetime": {"datetime": "2021-06-19 14:39:56", "elapsed": 1134.743291, "delta": 13.391201}}
{"target": -10.487669767388866, "params": {"C": 9.918330759537305, "gamma": 0.8354441712736509}, "datetime": {"datetime": "2021-06-19 14:40:05", "elapsed": 1143.041471, "delta": 8.29818}}
{"target": -10.499986971508799, "params": {"C": 9.762141166172567, "gamma": 0.8673095016059086}, "datetime": {"datetime": "2021-06-19 14:40:09", "elapsed": 1147.142156, "delta": 4.100685}}
{"target": -10.49330179585435, "params": {"C": 9.85472375371512, "gamma": 0.8307749761945008}, "datetime": {"datetime": "2021-06-19 14:40:14", "elapsed": 1152.062594, "delta": 4.920438}}
{"target": -10.484261314066444, "params": {"C": 9.957091924289427, "gamma": 0.8402169135873659}, "datetime": {"datetime": "2021-06-19 14:40:21", "elapsed": 1159.438534, "delta": 7.37594}}
{"target": -10.482106847310659, "params": {"C": 9.98464326890706, "gamma": 0.8715891397949311}, "datetime": {"datetime": "2021-06-19 14:40:32", "elapsed": 1170.03058, "delta": 10.592046}}
{"target": -10.487162480794161, "params": {"C": 9.932919315759538, "gamma": 0.8259236040859579}, "datetime": {"datetime": "2021-06-19 14:40:39", "elapsed": 1177.712823, "delta": 7.682243}}
{"target": -10.487761273722695, "params": {"C": 9.913055056788156, "gamma": 0.8404747419005304}, "datetime": {"datetime": "2021-06-19 14:40:47", "elapsed": 1185.429508, "delta": 7.716685}}
{"target": -10.489625738041966, "params": {"C": 9.968798643515512, "gamma": 0.8889244077097139}, "datetime": {"datetime": "2021-06-19 14:40:56", "elapsed": 1194.732919, "delta": 9.303411}}
{"target": -10.48298241663999, "params": {"C": 9.97267733307031, "gamma": 0.8484774959516512}, "datetime": {"datetime": "2021-06-19 14:41:05", "elapsed": 1203.410234, "delta": 8.677315}}
{"target": -10.504200621064951, "params": {"C": 9.796687710403251, "gamma": 0.8985237459293927}, "datetime": {"datetime": "2021-06-19 14:41:10", "elapsed": 1208.730117, "delta": 5.319883}}
{"target": -10.484370980667283, "params": {"C": 9.955897111830481, "gamma": 0.838356704263085}, "datetime": {"datetime": "2021-06-19 14:41:14", "elapsed": 1212.946243, "delta": 4.216126}}
{"target": -10.493449779284825, "params": {"C": 9.93136609218965, "gamma": 0.8926312238936621}, "datetime": {"datetime": "2021-06-19 14:41:24", "elapsed": 1222.224959, "delta": 9.278716}}
{"target": -10.48629926927758, "params": {"C": 9.934919575381718, "gamma": 0.8353213727298382}, "datetime": {"datetime": "2021-06-19 14:41:29", "elapsed": 1227.02209, "delta": 4.797131}}
{"target": -10.485376910310503, "params": {"C": 9.95865057655922, "gamma": 0.8216184794581313}, "datetime": {"datetime": "2021-06-19 14:41:35", "elapsed": 1233.985769, "delta": 6.963679}}
{"target": -10.48891270972793, "params": {"C": 9.898152594881006, "gamma": 0.8548246385841107}, "datetime": {"datetime": "2021-06-19 14:41:41", "elapsed": 1239.416778, "delta": 5.431009}}
{"target": -10.488676764075095, "params": {"C": 9.90231636833699, "gamma": 0.8689432689055431}, "datetime": {"datetime": "2021-06-19 14:41:49", "elapsed": 1247.329364, "delta": 7.912586}}
{"target": -10.483059334417929, "params": {"C": 9.987784723106023, "gamma": 0.8206438276408697}, "datetime": {"datetime": "2021-06-19 14:42:02", "elapsed": 1260.680764, "delta": 13.3514}}
{"target": -10.48866324799155, "params": {"C": 9.951386959394377, "gamma": 0.8058256614535448}, "datetime": {"datetime": "2021-06-19 14:42:09", "elapsed": 1267.464971, "delta": 6.784207}}
{"target": -10.504723628037922, "params": {"C": 9.70813572457178, "gamma": 0.8453272965014095}, "datetime": {"datetime": "2021-06-19 14:42:14", "elapsed": 1272.702881, "delta": 5.23791}}
{"target": -10.488120787022485, "params": {"C": 9.982657493484345, "gamma": 0.7980132197432204}, "datetime": {"datetime": "2021-06-19 14:42:20", "elapsed": 1278.883105, "delta": 6.180224}}
