{"target": -9.712955927205178, "params": {"C": 97.7695612482976, "gamma": 0.5013230014628164}, "datetime": {"datetime": "2021-06-20 14:45:28", "elapsed": 259.47035, "delta": 2.419588}}
{"target": -9.711480297973758, "params": {"C": 99.09147094321975, "gamma": 0.5007167109207973}, "datetime": {"datetime": "2021-06-20 14:45:30", "elapsed": 261.676963, "delta": 2.206613}}
{"target": -9.711025498213013, "params": {"C": 99.39640767395724, "gamma": 0.5002087943472926}, "datetime": {"datetime": "2021-06-20 14:45:33", "elapsed": 264.413963, "delta": 2.737}}
{"target": -9.711878441001854, "params": {"C": 98.48882219125616, "gamma": 0.5001027825479392}, "datetime": {"datetime": "2021-06-20 14:45:36", "elapsed": 267.249557, "delta": 2.835594}}
{"target": -9.710523642039893, "params": {"C": 99.84834347288634, "gamma": 0.5000269706198854}, "datetime": {"datetime": "2021-06-20 14:45:38", "elapsed": 269.601557, "delta": 2.352}}
{"target": -9.713046255517984, "params": {"C": 97.2315245113096, "gamma": 0.5000098810225367}, "datetime": {"datetime": "2021-06-20 14:45:41", "elapsed": 271.967945, "delta": 2.366388}}
{"target": -9.713908050504457, "params": {"C": 96.34450259556391, "gamma": 0.5001220535195748}, "datetime": {"datetime": "2021-06-20 14:45:43", "elapsed": 274.712593, "delta": 2.744648}}
{"target": -9.711834006813401, "params": {"C": 98.6168087170227, "gamma": 0.5003576876554042}, "datetime": {"datetime": "2021-06-20 14:45:46", "elapsed": 277.344591, "delta": 2.631998}}
{"target": -9.710998047838022, "params": {"C": 99.39967595460541, "gamma": 0.5001290173303519}, "datetime": {"datetime": "2021-06-20 14:45:49", "elapsed": 280.155197, "delta": 2.810606}}
{"target": -9.711021883065827, "params": {"C": 99.67616979656324, "gamma": 0.5011218809694029}, "datetime": {"datetime": "2021-06-20 14:45:52", "elapsed": 283.128198, "delta": 2.973001}}
{"target": -9.71146154099572, "params": {"C": 99.04259594610102, "gamma": 0.5004978677085273}, "datetime": {"datetime": "2021-06-20 14:45:54", "elapsed": 285.835982, "delta": 2.707784}}
{"target": -9.71373834197196, "params": {"C": 96.67996773672832, "gamma": 0.5005463608022027}, "datetime": {"datetime": "2021-06-20 14:45:57", "elapsed": 288.335255, "delta": 2.499273}}
{"target": -9.711737776946006, "params": {"C": 98.95550932190787, "gamma": 0.5011225794217018}, "datetime": {"datetime": "2021-06-20 14:46:00", "elapsed": 291.183253, "delta": 2.847998}}
{"target": -9.7113397975758, "params": {"C": 99.83568814025412, "gamma": 0.5027582657756626}, "datetime": {"datetime": "2021-06-20 14:46:02", "elapsed": 293.478252, "delta": 2.294999}}
{"target": -9.713380056961451, "params": {"C": 97.79216228399031, "gamma": 0.502751427763382}, "datetime": {"datetime": "2021-06-20 14:46:05", "elapsed": 296.282907, "delta": 2.804655}}
{"target": -9.711746049270884, "params": {"C": 98.7536732393142, "gamma": 0.5005037795413619}, "datetime": {"datetime": "2021-06-20 14:46:08", "elapsed": 299.896531, "delta": 3.613624}}
{"target": -9.71100990463813, "params": {"C": 99.96534044445693, "gamma": 0.5020740404696813}, "datetime": {"datetime": "2021-06-20 14:46:11", "elapsed": 302.343534, "delta": 2.447003}}
{"target": -9.711541315128649, "params": {"C": 98.83477515938824, "gamma": 0.5000973037613246}, "datetime": {"datetime": "2021-06-20 14:46:14", "elapsed": 305.227139, "delta": 2.883605}}
{"target": -9.711695468196526, "params": {"C": 99.6581289291488, "gamma": 0.5033633260230937}, "datetime": {"datetime": "2021-06-20 14:46:16", "elapsed": 307.460142, "delta": 2.233003}}
{"target": -9.712560515281847, "params": {"C": 97.9219856018874, "gamma": 0.5005360277787243}, "datetime": {"datetime": "2021-06-20 14:46:18", "elapsed": 309.840804, "delta": 2.380662}}
{"target": -9.712099265906378, "params": {"C": 98.54321661367521, "gamma": 0.5009824163889056}, "datetime": {"datetime": "2021-06-20 14:46:21", "elapsed": 312.446803, "delta": 2.605999}}
{"target": -9.710364904272103, "params": {"C": 100.0, "gamma": 0.500000253899266}, "datetime": {"datetime": "2021-06-20 14:46:24", "elapsed": 315.2794, "delta": 2.832597}}
{"target": -9.710894584157131, "params": {"C": 99.65194092634493, "gamma": 0.5006138081625218}, "datetime": {"datetime": "2021-06-20 14:46:26", "elapsed": 317.915404, "delta": 2.636004}}
{"target": -9.714519044463273, "params": {"C": 95.70188476346868, "gamma": 0.5001921057269958}, "datetime": {"datetime": "2021-06-20 14:46:29", "elapsed": 320.280402, "delta": 2.364998}}
{"target": -9.710925289971279, "params": {"C": 99.93708713603215, "gamma": 0.5016849355951802}, "datetime": {"datetime": "2021-06-20 14:46:32", "elapsed": 323.401401, "delta": 3.120999}}
{"target": -9.71163945038979, "params": {"C": 98.72673550407444, "gamma": 0.500075190647389}, "datetime": {"datetime": "2021-06-20 14:46:34", "elapsed": 325.744057, "delta": 2.342656}}
{"target": -9.733854369161445, "params": {"C": 78.48767257593178, "gamma": 0.5}, "datetime": {"datetime": "2021-06-20 14:46:37", "elapsed": 328.750057, "delta": 3.006}}
{"target": -9.712161703736927, "params": {"C": 98.91299674057635, "gamma": 0.5023876814453312}, "datetime": {"datetime": "2021-06-20 14:46:41", "elapsed": 331.994689, "delta": 3.244632}}
{"target": -9.71388247214574, "params": {"C": 96.4128078385047, "gamma": 0.5002338172691935}, "datetime": {"datetime": "2021-06-20 14:46:43", "elapsed": 334.676285, "delta": 2.681596}}
{"target": -9.712481547726462, "params": {"C": 98.42809068651258, "gamma": 0.5018583638016674}, "datetime": {"datetime": "2021-06-20 14:46:46", "elapsed": 337.60703, "delta": 2.930745}}
{"target": -9.712872192403898, "params": {"C": 97.43326285398498, "gamma": 0.5000584311692611}, "datetime": {"datetime": "2021-06-20 14:46:50", "elapsed": 341.125681, "delta": 3.518651}}
{"target": -9.711195254052054, "params": {"C": 99.44571060888043, "gamma": 0.500932922685265}, "datetime": {"datetime": "2021-06-20 14:46:52", "elapsed": 343.921681, "delta": 2.796}}
{"target": -9.711345396621601, "params": {"C": 99.48363335022012, "gamma": 0.5015625420883016}, "datetime": {"datetime": "2021-06-20 14:46:55", "elapsed": 346.927511, "delta": 3.00583}}
{"target": -9.711466204580164, "params": {"C": 99.86326355058284, "gamma": 0.503296390706333}, "datetime": {"datetime": "2021-06-20 14:46:58", "elapsed": 349.778132, "delta": 2.850621}}
{"target": -9.711271760560116, "params": {"C": 99.79156181510396, "gamma": 0.5023682848288749}, "datetime": {"datetime": "2021-06-20 14:47:01", "elapsed": 352.129658, "delta": 2.351526}}
{"target": -9.711374638111927, "params": {"C": 99.78759087931044, "gamma": 0.5027092083749272}, "datetime": {"datetime": "2021-06-20 14:47:04", "elapsed": 355.168301, "delta": 3.038643}}
{"target": -9.712458833515905, "params": {"C": 98.53139502348989, "gamma": 0.5021171844097067}, "datetime": {"datetime": "2021-06-20 14:47:06", "elapsed": 357.641306, "delta": 2.473005}}
{"target": -9.710899867822139, "params": {"C": 99.91699309947009, "gamma": 0.5015285843026598}, "datetime": {"datetime": "2021-06-20 14:47:09", "elapsed": 360.928927, "delta": 3.287621}}
{"target": -9.710364829171517, "params": {"C": 99.9999993461138, "gamma": 0.5}, "datetime": {"datetime": "2021-06-20 14:47:13", "elapsed": 363.986923, "delta": 3.057996}}
{"target": -9.711293349836629, "params": {"C": 99.51265581212624, "gamma": 0.5014851066681931}, "datetime": {"datetime": "2021-06-20 14:47:15", "elapsed": 366.798525, "delta": 2.811602}}
{"target": -9.711293707735704, "params": {"C": 99.45917705814674, "gamma": 0.5013068073289686}, "datetime": {"datetime": "2021-06-20 14:47:18", "elapsed": 369.693158, "delta": 2.894633}}
{"target": -9.710911635297602, "params": {"C": 99.88004519412519, "gamma": 0.5014416609637797}, "datetime": {"datetime": "2021-06-20 14:47:21", "elapsed": 372.863157, "delta": 3.169999}}
{"target": -9.711916387518183, "params": {"C": 98.45353956593274, "gamma": 0.5001151407796742}, "datetime": {"datetime": "2021-06-20 14:47:25", "elapsed": 375.999804, "delta": 3.136647}}
{"target": -9.712626303283235, "params": {"C": 97.69224365354063, "gamma": 0.5000558626059126}, "datetime": {"datetime": "2021-06-20 14:47:27", "elapsed": 378.408803, "delta": 2.408999}}
{"target": -9.716107995154841, "params": {"C": 94.90395939036205, "gamma": 0.5027240938765561}, "datetime": {"datetime": "2021-06-20 14:47:29", "elapsed": 380.889426, "delta": 2.480623}}
{"target": -9.71190007365681, "params": {"C": 98.44363742062708, "gamma": 0.5000326933779259}, "datetime": {"datetime": "2021-06-20 14:47:32", "elapsed": 383.227422, "delta": 2.337996}}
{"target": -9.712569325547262, "params": {"C": 97.95957238027523, "gamma": 0.5006777695540563}, "datetime": {"datetime": "2021-06-20 14:47:35", "elapsed": 386.215026, "delta": 2.987604}}
{"target": -9.71423186525955, "params": {"C": 96.0025068624164, "gamma": 0.5001523122586995}, "datetime": {"datetime": "2021-06-20 14:47:37", "elapsed": 388.676027, "delta": 2.461001}}
{"target": -9.712998103707719, "params": {"C": 98.34873874042907, "gamma": 0.5033001076183853}, "datetime": {"datetime": "2021-06-20 14:47:40", "elapsed": 391.540651, "delta": 2.864624}}
{"target": -9.712607326420294, "params": {"C": 97.94130764676615, "gamma": 0.5007424451293372}, "datetime": {"datetime": "2021-06-20 14:47:43", "elapsed": 394.936281, "delta": 3.39563}}
{"target": -9.712731673438189, "params": {"C": 97.65009564825615, "gamma": 0.500259215008629}, "datetime": {"datetime": "2021-06-20 14:47:46", "elapsed": 397.712567, "delta": 2.776286}}
{"target": -9.711342823931417, "params": {"C": 99.38904694434177, "gamma": 0.5012372474273432}, "datetime": {"datetime": "2021-06-20 14:47:49", "elapsed": 400.739239, "delta": 3.026672}}
{"target": -9.711078529560236, "params": {"C": 99.45685808700208, "gamma": 0.5005815526447529}, "datetime": {"datetime": "2021-06-20 14:47:53", "elapsed": 404.260239, "delta": 3.521}}
{"target": -9.710364828788537, "params": {"C": 99.9999997292059, "gamma": 0.5}, "datetime": {"datetime": "2021-06-20 14:47:55", "elapsed": 406.635867, "delta": 2.375628}}
{"target": -9.710631780161497, "params": {"C": 99.74768547920635, "gamma": 0.5000546366902097}, "datetime": {"datetime": "2021-06-20 14:47:59", "elapsed": 410.453115, "delta": 3.817248}}
{"target": -9.71095483536458, "params": {"C": 99.5070607149083, "gamma": 0.5003362240930285}, "datetime": {"datetime": "2021-06-20 14:48:03", "elapsed": 414.120121, "delta": 3.667006}}
{"target": -9.712559442072118, "params": {"C": 97.83041204395161, "gamma": 0.5002574669116244}, "datetime": {"datetime": "2021-06-20 14:48:06", "elapsed": 417.118945, "delta": 2.998824}}
{"target": -9.712694341612647, "params": {"C": 97.85249602227012, "gamma": 0.5007479014661171}, "datetime": {"datetime": "2021-06-20 14:48:09", "elapsed": 420.454559, "delta": 3.335614}}
{"target": -9.712461195176958, "params": {"C": 97.8540472005958, "gamma": 0.5000205928962757}, "datetime": {"datetime": "2021-06-20 14:48:13", "elapsed": 424.308556, "delta": 3.853997}}
{"target": -9.711282080242787, "params": {"C": 99.32156869881683, "gamma": 0.5008122408429168}, "datetime": {"datetime": "2021-06-20 14:48:17", "elapsed": 428.013153, "delta": 3.704597}}
{"target": -9.712308302760835, "params": {"C": 98.27947190859115, "gamma": 0.5008295449338243}, "datetime": {"datetime": "2021-06-20 14:48:20", "elapsed": 431.460868, "delta": 3.447715}}
{"target": -9.712760806205848, "params": {"C": 97.73317649058558, "gamma": 0.500597633103911}, "datetime": {"datetime": "2021-06-20 14:48:23", "elapsed": 434.467868, "delta": 3.007}}
{"target": -9.711962232900467, "params": {"C": 98.37951572898996, "gamma": 0.5000338476402036}, "datetime": {"datetime": "2021-06-20 14:48:26", "elapsed": 437.156468, "delta": 2.6886}}
{"target": -9.712341320495568, "params": {"C": 98.6310153434892, "gamma": 0.5020544013052208}, "datetime": {"datetime": "2021-06-20 14:48:29", "elapsed": 440.615144, "delta": 3.458676}}
{"target": -9.710897759400895, "params": {"C": 99.4785957331303, "gamma": 0.5000547903898731}, "datetime": {"datetime": "2021-06-20 14:48:32", "elapsed": 443.927141, "delta": 3.311997}}
{"target": -9.710918285851722, "params": {"C": 99.98365735227057, "gamma": 0.5018226278546531}, "datetime": {"datetime": "2021-06-20 14:48:36", "elapsed": 447.299733, "delta": 3.372592}}
{"target": -9.712928743818138, "params": {"C": 98.25134838654921, "gamma": 0.5027521789937506}, "datetime": {"datetime": "2021-06-20 14:48:39", "elapsed": 450.930342, "delta": 3.630609}}
{"target": -9.711794703792332, "params": {"C": 99.10006532179469, "gamma": 0.5017851145432436}, "datetime": {"datetime": "2021-06-20 14:48:43", "elapsed": 454.85103, "delta": 3.920688}}
{"target": -9.712032694394889, "params": {"C": 98.67876255266597, "gamma": 0.5011970526123495}, "datetime": {"datetime": "2021-06-20 14:48:48", "elapsed": 459.140028, "delta": 4.288998}}
{"target": -9.712142815447063, "params": {"C": 98.54085878310045, "gamma": 0.5011160345440122}, "datetime": {"datetime": "2021-06-20 14:48:52", "elapsed": 463.294161, "delta": 4.154133}}
{"target": -9.711981074674908, "params": {"C": 98.37811975471806, "gamma": 0.5000894780479256}, "datetime": {"datetime": "2021-06-20 14:48:55", "elapsed": 466.568756, "delta": 3.274595}}
{"target": -9.71058949827438, "params": {"C": 99.95279113033376, "gamma": 0.5005971101333861}, "datetime": {"datetime": "2021-06-20 14:48:59", "elapsed": 470.502593, "delta": 3.933837}}
{"target": -9.711154131704822, "params": {"C": 99.88699336062649, "gamma": 0.5022969342158452}, "datetime": {"datetime": "2021-06-20 14:49:03", "elapsed": 474.901285, "delta": 4.398692}}
{"target": -9.710958913379496, "params": {"C": 99.53123641447314, "gamma": 0.5004290752504658}, "datetime": {"datetime": "2021-06-20 14:49:07", "elapsed": 478.463288, "delta": 3.562003}}
{"target": -9.711303094545439, "params": {"C": 99.25502251539987, "gamma": 0.5006641839040423}, "datetime": {"datetime": "2021-06-20 14:49:11", "elapsed": 482.286915, "delta": 3.823627}}
{"target": -9.710647760717123, "params": {"C": 99.85450031363632, "gamma": 0.5004627942115794}, "datetime": {"datetime": "2021-06-20 14:49:15", "elapsed": 486.642552, "delta": 4.355637}}
{"target": -9.71103959031053, "params": {"C": 99.78831352325426, "gamma": 0.5015627291552762}, "datetime": {"datetime": "2021-06-20 14:49:19", "elapsed": 490.117177, "delta": 3.474625}}
{"target": -9.711868016205061, "params": {"C": 98.5824139996989, "gamma": 0.5003596655363016}, "datetime": {"datetime": "2021-06-20 14:49:22", "elapsed": 493.820177, "delta": 3.703}}
{"target": -9.711256608740175, "params": {"C": 99.22671763898401, "gamma": 0.5004192855973872}, "datetime": {"datetime": "2021-06-20 14:49:26", "elapsed": 497.195794, "delta": 3.375617}}
{"target": -9.711379667146518, "params": {"C": 99.43670803346276, "gamma": 0.5015199540857386}, "datetime": {"datetime": "2021-06-20 14:49:30", "elapsed": 501.126831, "delta": 3.931037}}
{"target": -9.711056675209939, "params": {"C": 99.76134152021459, "gamma": 0.5015285299419971}, "datetime": {"datetime": "2021-06-20 14:49:34", "elapsed": 505.220436, "delta": 4.093605}}
{"target": -9.712501457648962, "params": {"C": 98.52519106322598, "gamma": 0.5022371938650911}, "datetime": {"datetime": "2021-06-20 14:49:38", "elapsed": 509.238436, "delta": 4.018}}
{"target": -9.711698656856429, "params": {"C": 99.09985694734561, "gamma": 0.5014649429288645}, "datetime": {"datetime": "2021-06-20 14:49:43", "elapsed": 514.300033, "delta": 5.061597}}
{"target": -9.713609646060625, "params": {"C": 96.71176181952373, "gamma": 0.5002464362813954}, "datetime": {"datetime": "2021-06-20 14:49:47", "elapsed": 518.060685, "delta": 3.760652}}
{"target": -9.713456955429884, "params": {"C": 96.92245513676042, "gamma": 0.5003795853000427}, "datetime": {"datetime": "2021-06-20 14:49:50", "elapsed": 521.849881, "delta": 3.789196}}
{"target": -9.714992640649708, "params": {"C": 95.53774593934091, "gamma": 0.5011444492669019}, "datetime": {"datetime": "2021-06-20 14:49:55", "elapsed": 526.71649, "delta": 4.866609}}
{"target": -9.728906125056772, "params": {"C": 81.40595082629551, "gamma": 0.5}, "datetime": {"datetime": "2021-06-20 14:50:00", "elapsed": 530.97521, "delta": 4.25872}}
{"target": -9.711363112125033, "params": {"C": 98.99185806081732, "gamma": 0.5000158859244024}, "datetime": {"datetime": "2021-06-20 14:50:02", "elapsed": 533.797209, "delta": 2.821999}}
{"target": -9.712688611773384, "params": {"C": 98.58485553981345, "gamma": 0.5030534414533572}, "datetime": {"datetime": "2021-06-20 14:50:07", "elapsed": 538.10381, "delta": 4.306601}}
{"target": -9.711331263046828, "params": {"C": 99.0668620640212, "gamma": 0.5001504426787549}, "datetime": {"datetime": "2021-06-20 14:50:11", "elapsed": 542.070407, "delta": 3.966597}}
{"target": -9.710742347639947, "params": {"C": 99.93481287870489, "gamma": 0.5010533881379077}, "datetime": {"datetime": "2021-06-20 14:50:15", "elapsed": 546.092978, "delta": 4.022571}}
{"target": -9.711843068280357, "params": {"C": 98.58910840378329, "gamma": 0.5003003870772817}, "datetime": {"datetime": "2021-06-20 14:50:18", "elapsed": 549.623591, "delta": 3.530613}}
{"target": -9.712663278414908, "params": {"C": 97.78234053338926, "gamma": 0.5004390666320697}, "datetime": {"datetime": "2021-06-20 14:50:24", "elapsed": 555.221191, "delta": 5.5976}}
{"target": -9.71104631124063, "params": {"C": 99.54967345887496, "gamma": 0.500780846670438}, "datetime": {"datetime": "2021-06-20 14:50:27", "elapsed": 558.79719, "delta": 3.575999}}
{"target": -9.710590972727115, "params": {"C": 99.99003356210622, "gamma": 0.5007281396964812}, "datetime": {"datetime": "2021-06-20 14:50:31", "elapsed": 561.971192, "delta": 3.174002}}
{"target": -9.710871542476085, "params": {"C": 99.75325781115336, "gamma": 0.5008752328454659}, "datetime": {"datetime": "2021-06-20 14:50:34", "elapsed": 565.18289, "delta": 3.211698}}
{"target": -9.710877593659715, "params": {"C": 99.51372076419912, "gamma": 0.5001025404526809}, "datetime": {"datetime": "2021-06-20 14:50:37", "elapsed": 568.674889, "delta": 3.491999}}
{"target": -9.71128575009223, "params": {"C": 99.28110874627328, "gamma": 0.5006919826979525}, "datetime": {"datetime": "2021-06-20 14:50:41", "elapsed": 572.927495, "delta": 4.252606}}
{"target": -9.711915122120548, "params": {"C": 99.79292453110949, "gamma": 0.5046229780032749}, "datetime": {"datetime": "2021-06-20 14:50:46", "elapsed": 577.721102, "delta": 4.793607}}
{"target": -9.712395791388753, "params": {"C": 98.05432315677075, "gamma": 0.5004168537915177}, "datetime": {"datetime": "2021-06-20 14:50:52", "elapsed": 583.089249, "delta": 5.368147}}
{"target": -9.712896554594044, "params": {"C": 97.47823567063077, "gamma": 0.5002650906378838}, "datetime": {"datetime": "2021-06-20 14:50:57", "elapsed": 588.447864, "delta": 5.358615}}
{"target": -9.71205512819649, "params": {"C": 98.81245507488853, "gamma": 0.5017024360416393}, "datetime": {"datetime": "2021-06-20 14:51:02", "elapsed": 593.286673, "delta": 4.838809}}
{"target": -9.711047167259327, "params": {"C": 99.61560953026884, "gamma": 0.5010034926796115}, "datetime": {"datetime": "2021-06-20 14:51:06", "elapsed": 597.463408, "delta": 4.176735}}
{"target": -9.712874809477787, "params": {"C": 97.52112650847653, "gamma": 0.5003236511690305}, "datetime": {"datetime": "2021-06-20 14:51:11", "elapsed": 602.135992, "delta": 4.672584}}
{"target": -9.712248110010256, "params": {"C": 98.32115121682429, "gamma": 0.5007661387192}, "datetime": {"datetime": "2021-06-20 14:51:16", "elapsed": 607.318599, "delta": 5.182607}}
{"target": -9.740834807870053, "params": {"C": 74.98768815185366, "gamma": 0.5}, "datetime": {"datetime": "2021-06-20 14:51:21", "elapsed": 612.902265, "delta": 5.583666}}
{"target": -9.712123941013518, "params": {"C": 98.28683763895017, "gamma": 0.50026406889298}, "datetime": {"datetime": "2021-06-20 14:51:27", "elapsed": 617.972902, "delta": 5.070637}}
{"target": -9.711181654923164, "params": {"C": 99.30279683239081, "gamma": 0.5004192326878005}, "datetime": {"datetime": "2021-06-20 14:51:32", "elapsed": 623.735645, "delta": 5.762743}}
{"target": -9.712962676007919, "params": {"C": 98.55637658097814, "gamma": 0.503876478251138}, "datetime": {"datetime": "2021-06-20 14:51:37", "elapsed": 628.281971, "delta": 4.546326}}
{"target": -9.711582725471507, "params": {"C": 99.46435476787772, "gamma": 0.5022999201383662}, "datetime": {"datetime": "2021-06-20 14:51:42", "elapsed": 632.954611, "delta": 4.67264}}
{"target": -9.711026268812589, "params": {"C": 99.59343038007353, "gamma": 0.5008593842745095}, "datetime": {"datetime": "2021-06-20 14:51:48", "elapsed": 639.366216, "delta": 6.411605}}
{"target": -9.711286207964381, "params": {"C": 99.09553761550461, "gamma": 0.5000950858542492}, "datetime": {"datetime": "2021-06-20 14:51:55", "elapsed": 646.020473, "delta": 6.654257}}
{"target": -9.711807780079319, "params": {"C": 98.86932080233856, "gamma": 0.5010737735210995}, "datetime": {"datetime": "2021-06-20 14:52:01", "elapsed": 652.434755, "delta": 6.414282}}
{"target": -9.712113751106711, "params": {"C": 98.84358898057363, "gamma": 0.501998254612428}, "datetime": {"datetime": "2021-06-20 14:52:07", "elapsed": 658.295434, "delta": 5.860679}}
{"target": -9.712311360413157, "params": {"C": 98.53663403151901, "gamma": 0.5016509983951221}, "datetime": {"datetime": "2021-06-20 14:52:13", "elapsed": 664.43105, "delta": 6.135616}}
{"target": -9.712368511709084, "params": {"C": 98.03000540659903, "gamma": 0.5002571113311713}, "datetime": {"datetime": "2021-06-20 14:52:18", "elapsed": 669.486658, "delta": 5.055608}}
{"target": -9.712547775040429, "params": {"C": 98.12188854829674, "gamma": 0.5011072643985295}, "datetime": {"datetime": "2021-06-20 14:52:24", "elapsed": 675.441574, "delta": 5.954916}}
{"target": -9.71174781092024, "params": {"C": 98.88405590614877, "gamma": 0.5009248937366702}, "datetime": {"datetime": "2021-06-20 14:52:29", "elapsed": 680.910836, "delta": 5.469262}}
