{"target": -15.860133568474438, "params": {"C": 4.170803025021038, "gamma": 7.20352460992814}, "datetime": {"datetime": "2021-06-19 19:20:01", "elapsed": 0.0, "delta": 0.0}}
{"target": -36.021172583753945, "params": {"C": 0.002143633798631522, "gamma": 3.024023393745766}, "datetime": {"datetime": "2021-06-19 19:20:01", "elapsed": 0.269607, "delta": 0.269607}}
{"target": -13.257529422847544, "params": {"C": 1.4684121522803133, "gamma": 0.9242936090932092}, "datetime": {"datetime": "2021-06-19 19:20:02", "elapsed": 0.538599, "delta": 0.268992}}
{"target": -14.832381149896031, "params": {"C": 1.8634158535653313, "gamma": 3.4562617097034343}, "datetime": {"datetime": "2021-06-19 19:20:02", "elapsed": 0.810729, "delta": 0.27213}}
{"target": -14.930217302707305, "params": {"C": 3.968277974832469, "gamma": 5.388628523299567}, "datetime": {"datetime": "2021-06-19 19:20:02", "elapsed": 1.071466, "delta": 0.260737}}
{"target": -15.66626877234237, "params": {"C": 4.192525949518545, "gamma": 6.852509784467199}, "datetime": {"datetime": "2021-06-19 19:20:02", "elapsed": 1.339558, "delta": 0.268092}}
{"target": -17.933938698199462, "params": {"C": 2.045318045065443, "gamma": 8.781296246473064}, "datetime": {"datetime": "2021-06-19 19:20:03", "elapsed": 1.602661, "delta": 0.263103}}
{"target": -22.326091965829587, "params": {"C": 0.2748485443860637, "gamma": 6.705004634273845}, "datetime": {"datetime": "2021-06-19 19:20:03", "elapsed": 1.856639, "delta": 0.253978}}
{"target": -14.981738659319385, "params": {"C": 4.173630718868903, "gamma": 5.587339594629071}, "datetime": {"datetime": "2021-06-19 19:20:03", "elapsed": 2.119711, "delta": 0.263072}}
{"target": -14.11775097162114, "params": {"C": 1.4047289990137424, "gamma": 1.981816789359703}, "datetime": {"datetime": "2021-06-19 19:20:03", "elapsed": 2.389401, "delta": 0.26969}}
{"target": -16.701054549286372, "params": {"C": 8.00764494218669, "gamma": 9.682647495618255}, "datetime": {"datetime": "2021-06-19 19:20:04", "elapsed": 2.663344, "delta": 0.273943}}
{"target": -16.119877938230655, "params": {"C": 3.1349283574142692, "gamma": 6.923533834077472}, "datetime": {"datetime": "2021-06-19 19:20:04", "elapsed": 2.954971, "delta": 0.291627}}
{"target": -16.22588939510328, "params": {"C": 8.764015133808087, "gamma": 8.946172028374969}, "datetime": {"datetime": "2021-06-19 19:20:04", "elapsed": 3.253313, "delta": 0.298342}}
{"target": -13.710019907970675, "params": {"C": 0.8513570694864094, "gamma": 0.39150877754559077}, "datetime": {"datetime": "2021-06-19 19:20:05", "elapsed": 3.536451, "delta": 0.283138}}
{"target": -18.322689225618785, "params": {"C": 1.6991343652261244, "gamma": 8.781546891790702}, "datetime": {"datetime": "2021-06-19 19:20:05", "elapsed": 3.834451, "delta": 0.298}}
{"target": -16.75216454990574, "params": {"C": 0.9843699914966679, "gamma": 4.211655142425517}, "datetime": {"datetime": "2021-06-19 19:20:05", "elapsed": 4.112288, "delta": 0.277837}}
{"target": -13.902066508530034, "params": {"C": 9.578937411974868, "gamma": 5.332119684445198}, "datetime": {"datetime": "2021-06-19 19:20:05", "elapsed": 4.387407, "delta": 0.275119}}
{"target": -12.638194608322568, "params": {"C": 6.919079262390784, "gamma": 3.1558407944296234}, "datetime": {"datetime": "2021-06-19 19:20:06", "elapsed": 4.645798, "delta": 0.258391}}
{"target": -15.996613575440827, "params": {"C": 6.865322775888155, "gamma": 8.346422093301832}, "datetime": {"datetime": "2021-06-19 19:20:06", "elapsed": 4.975671, "delta": 0.329873}}
{"target": -24.472789933272956, "params": {"C": 0.18386448516457388, "gamma": 7.50169300513473}, "datetime": {"datetime": "2021-06-19 19:20:06", "elapsed": 5.250892, "delta": 0.275221}}
{"target": -15.269070105237134, "params": {"C": 9.88862202797604, "gamma": 7.4819083781440145}, "datetime": {"datetime": "2021-06-19 19:20:07", "elapsed": 5.522111, "delta": 0.271219}}
{"target": -16.836959780482395, "params": {"C": 2.8051594766519874, "gamma": 7.893004005186435}, "datetime": {"datetime": "2021-06-19 19:20:07", "elapsed": 5.791117, "delta": 0.269006}}
{"target": -16.82348944305059, "params": {"C": 1.0331568397698425, "gamma": 4.479487368232876}, "datetime": {"datetime": "2021-06-19 19:20:07", "elapsed": 6.059119, "delta": 0.268002}}
{"target": -12.228838236556971, "params": {"C": 9.086046435427862, "gamma": 2.9368478695884215}, "datetime": {"datetime": "2021-06-19 19:20:07", "elapsed": 6.324563, "delta": 0.265444}}
{"target": -12.281559770703344, "params": {"C": 2.878465610524901, "gamma": 1.3011556926106584}, "datetime": {"datetime": "2021-06-19 19:20:08", "elapsed": 6.609561, "delta": 0.284998}}
{"target": -23.72583012601081, "params": {"C": 0.19465021174510047, "gamma": 6.78867649386597}, "datetime": {"datetime": "2021-06-19 19:20:08", "elapsed": 6.910561, "delta": 0.301}}
{"target": -13.92074479141221, "params": {"C": 2.1170695318845905, "gamma": 2.65620104706289}, "datetime": {"datetime": "2021-06-19 19:20:08", "elapsed": 7.179385, "delta": 0.268824}}
{"target": -11.39057062381417, "params": {"C": 4.916240019644103, "gamma": 0.5345720886256868}, "datetime": {"datetime": "2021-06-19 19:20:09", "elapsed": 7.448942, "delta": 0.269557}}
{"target": -11.466119925971421, "params": {"C": 5.741601937314639, "gamma": 1.4681390204831957}, "datetime": {"datetime": "2021-06-19 19:20:09", "elapsed": 7.728108, "delta": 0.279166}}
{"target": -15.334785631853077, "params": {"C": 5.89346606349594, "gamma": 6.9978838418492915}, "datetime": {"datetime": "2021-06-19 19:20:09", "elapsed": 7.996081, "delta": 0.267973}}
{"target": -16.605019395742275, "params": {"C": 1.0242419538494305, "gamma": 4.141145822207864}, "datetime": {"datetime": "2021-06-19 19:20:09", "elapsed": 8.291608, "delta": 0.295527}}
{"target": -13.403060559033669, "params": {"C": 6.9443071771197245, "gamma": 4.1423785159995}, "datetime": {"datetime": "2021-06-19 19:20:10", "elapsed": 8.56707, "delta": 0.275462}}
{"target": -19.4736231700507, "params": {"C": 0.5004846360019255, "gamma": 5.359428162749201}, "datetime": {"datetime": "2021-06-19 19:20:10", "elapsed": 8.851388, "delta": 0.284318}}
{"target": -14.122887515331989, "params": {"C": 6.638282657552669, "gamma": 5.149376231471028}, "datetime": {"datetime": "2021-06-19 19:20:10", "elapsed": 9.113523, "delta": 0.262135}}
{"target": -14.277796609286874, "params": {"C": 9.446002965152143, "gamma": 5.865963849979428}, "datetime": {"datetime": "2021-06-19 19:20:10", "elapsed": 9.367534, "delta": 0.254011}}
{"target": -11.156892434510066, "params": {"C": 9.034115750963547, "gamma": 1.3756095667582289}, "datetime": {"datetime": "2021-06-19 19:20:11", "elapsed": 9.660714, "delta": 0.29318}}
{"target": -18.366434064914788, "params": {"C": 1.3936241961603346, "gamma": 8.074105495806528}, "datetime": {"datetime": "2021-06-19 19:20:11", "elapsed": 9.944711, "delta": 0.283997}}
{"target": -12.0531082185732, "params": {"C": 3.9773706930183503, "gamma": 1.6543766169722107}, "datetime": {"datetime": "2021-06-19 19:20:11", "elapsed": 10.217438, "delta": 0.272727}}
{"target": -12.585550647635355, "params": {"C": 9.275158295379942, "gamma": 3.47831083159532}, "datetime": {"datetime": "2021-06-19 19:20:12", "elapsed": 10.468945, "delta": 0.251507}}
{"target": -15.28688922069937, "params": {"C": 7.50837021925842, "gamma": 7.2602538555191645}, "datetime": {"datetime": "2021-06-19 19:20:12", "elapsed": 10.738158, "delta": 0.269213}}
{"target": -14.565466673796756, "params": {"C": 8.833177605966892, "gamma": 6.237098398349034}, "datetime": {"datetime": "2021-06-19 19:20:12", "elapsed": 11.074365, "delta": 0.336207}}
{"target": -12.815068052063811, "params": {"C": 7.509673397839345, "gamma": 3.4896345214364475}, "datetime": {"datetime": "2021-06-19 19:20:12", "elapsed": 11.355376, "delta": 0.281011}}
{"target": -17.515655567064513, "params": {"C": 2.7000089897584956, "gamma": 8.958966295742472}, "datetime": {"datetime": "2021-06-19 19:20:13", "elapsed": 11.635371, "delta": 0.279995}}
{"target": -17.231228974721997, "params": {"C": 4.281483807523078, "gamma": 9.648435631436707}, "datetime": {"datetime": "2021-06-19 19:20:13", "elapsed": 11.900456, "delta": 0.265085}}
{"target": -14.777387335269406, "params": {"C": 6.634751536686663, "gamma": 6.217335506371009}, "datetime": {"datetime": "2021-06-19 19:20:13", "elapsed": 12.203632, "delta": 0.303176}}
{"target": -19.622984143987203, "params": {"C": 1.1483449835607984, "gamma": 9.494943097812005}, "datetime": {"datetime": "2021-06-19 19:20:14", "elapsed": 12.479621, "delta": 0.275989}}
{"target": -14.996514328720046, "params": {"C": 4.499671422665926, "gamma": 5.784317754256931}, "datetime": {"datetime": "2021-06-19 19:20:14", "elapsed": 12.743007, "delta": 0.263386}}
{"target": -12.653717593423105, "params": {"C": 4.081959890810051, "gamma": 2.371032775450034}, "datetime": {"datetime": "2021-06-19 19:20:14", "elapsed": 13.019521, "delta": 0.276514}}
{"target": -14.22342294568929, "params": {"C": 9.033891826101975, "gamma": 5.737221187236187}, "datetime": {"datetime": "2021-06-19 19:20:14", "elapsed": 13.302409, "delta": 0.282888}}
{"target": -31.382180362471047, "params": {"C": 0.029700399984558545, "gamma": 6.171831991293619}, "datetime": {"datetime": "2021-06-19 19:20:15", "elapsed": 13.565507, "delta": 0.263098}}
{"target": -11.315879897776258, "params": {"C": 5.17865993763929, "gamma": 0.9423286019459763}, "datetime": {"datetime": "2021-06-19 19:20:15", "elapsed": 14.157838, "delta": 0.592331}}
{"target": -11.454808784918443, "params": {"C": 5.39752809749164, "gamma": 1.3416344894653507}, "datetime": {"datetime": "2021-06-19 19:20:16", "elapsed": 14.689721, "delta": 0.531883}}
{"target": -17.15178847107637, "params": {"C": 1.4939178250241218, "gamma": 6.288488828263624}, "datetime": {"datetime": "2021-06-19 19:20:16", "elapsed": 15.107062, "delta": 0.417341}}
{"target": -11.40193367349298, "params": {"C": 4.737802760576029, "gamma": 0.8841775302758764}, "datetime": {"datetime": "2021-06-19 19:20:17", "elapsed": 15.65903, "delta": 0.551968}}
{"target": -11.406968559738988, "params": {"C": 9.038456683972734, "gamma": 1.6480525571350242}, "datetime": {"datetime": "2021-06-19 19:20:17", "elapsed": 16.231388, "delta": 0.572358}}
{"target": -11.283867412424332, "params": {"C": 5.710971736109396, "gamma": 1.1356739231453046}, "datetime": {"datetime": "2021-06-19 19:20:18", "elapsed": 16.793487, "delta": 0.562099}}
{"target": -11.19176655472499, "params": {"C": 8.804587299631338, "gamma": 1.401693945818969}, "datetime": {"datetime": "2021-06-19 19:20:18", "elapsed": 17.329043, "delta": 0.535556}}
{"target": -11.332333718300195, "params": {"C": 5.004551827828973, "gamma": 0.7289502247755184}, "datetime": {"datetime": "2021-06-19 19:20:19", "elapsed": 17.909295, "delta": 0.580252}}
{"target": -11.560380086599789, "params": {"C": 4.818512712235955, "gamma": 1.290430711735063}, "datetime": {"datetime": "2021-06-19 19:20:20", "elapsed": 18.494412, "delta": 0.585117}}
{"target": -11.660848861712374, "params": {"C": 4.401074989711, "gamma": 1.2706973138650575}, "datetime": {"datetime": "2021-06-19 19:20:20", "elapsed": 19.01807, "delta": 0.523658}}
{"target": -11.986059495074187, "params": {"C": 4.454286353831283, "gamma": 1.745542418738199}, "datetime": {"datetime": "2021-06-19 19:20:21", "elapsed": 19.563112, "delta": 0.545042}}
{"target": -11.220925184934762, "params": {"C": 5.492650576099993, "gamma": 0.7278440775903207}, "datetime": {"datetime": "2021-06-19 19:20:21", "elapsed": 20.14563, "delta": 0.582518}}
{"target": -11.350820099365622, "params": {"C": 5.312361046955877, "gamma": 0.4048621436033569}, "datetime": {"datetime": "2021-06-19 19:20:22", "elapsed": 20.797819, "delta": 0.652189}}
{"target": -11.284340895043018, "params": {"C": 5.474396480187318, "gamma": 1.0211576381351144}, "datetime": {"datetime": "2021-06-19 19:20:22", "elapsed": 21.316916, "delta": 0.519097}}
{"target": -10.873229053424081, "params": {"C": 8.878040689935995, "gamma": 1.092479507172177}, "datetime": {"datetime": "2021-06-19 19:20:23", "elapsed": 21.83029, "delta": 0.513374}}
{"target": -10.81226508842448, "params": {"C": 8.6255740566537, "gamma": 1.0200823464437851}, "datetime": {"datetime": "2021-06-19 19:20:23", "elapsed": 22.384562, "delta": 0.554272}}
{"target": -10.732109896808629, "params": {"C": 8.822163850200116, "gamma": 0.8096259073975635}, "datetime": {"datetime": "2021-06-19 19:20:24", "elapsed": 22.954745, "delta": 0.570183}}
{"target": -10.747854320186674, "params": {"C": 8.57807543552642, "gamma": 0.690770676339665}, "datetime": {"datetime": "2021-06-19 19:20:25", "elapsed": 23.504225, "delta": 0.54948}}
{"target": -10.825368948543606, "params": {"C": 8.779181732948063, "gamma": 0.5157207898562675}, "datetime": {"datetime": "2021-06-19 19:20:25", "elapsed": 24.040382, "delta": 0.536157}}
{"target": -10.692159848080767, "params": {"C": 9.123789371742413, "gamma": 0.659084052293432}, "datetime": {"datetime": "2021-06-19 19:20:26", "elapsed": 24.62435, "delta": 0.583968}}
{"target": -10.67554876781423, "params": {"C": 9.388771077557703, "gamma": 0.8635759946425738}, "datetime": {"datetime": "2021-06-19 19:20:26", "elapsed": 25.158282, "delta": 0.533932}}
{"target": -10.732139852468883, "params": {"C": 9.459756831008432, "gamma": 0.5408366299863974}, "datetime": {"datetime": "2021-06-19 19:20:27", "elapsed": 25.785008, "delta": 0.626726}}
{"target": -10.638298247287556, "params": {"C": 9.709624306313136, "gamma": 0.7752030768065907}, "datetime": {"datetime": "2021-06-19 19:20:27", "elapsed": 26.387321, "delta": 0.602313}}
{"target": -10.897026942324564, "params": {"C": 9.692337594898637, "gamma": 1.152320574662839}, "datetime": {"datetime": "2021-06-19 19:20:28", "elapsed": 26.895557, "delta": 0.508236}}
{"target": -10.673790801009538, "params": {"C": 10.0, "gamma": 0.9383852752315931}, "datetime": {"datetime": "2021-06-19 19:20:29", "elapsed": 27.506495, "delta": 0.610938}}
{"target": -10.65675693930542, "params": {"C": 10.0, "gamma": 0.5623228089123573}, "datetime": {"datetime": "2021-06-19 19:20:29", "elapsed": 28.053882, "delta": 0.547387}}
{"target": -10.92898815135978, "params": {"C": 9.778306129663907, "gamma": 0.2713852471310017}, "datetime": {"datetime": "2021-06-19 19:20:30", "elapsed": 28.632602, "delta": 0.57872}}
{"target": -11.001053975049107, "params": {"C": 9.175965475968699, "gamma": 0.14557053700816644}, "datetime": {"datetime": "2021-06-19 19:20:30", "elapsed": 29.199511, "delta": 0.566909}}
{"target": -10.815553839326753, "params": {"C": 8.208884214721044, "gamma": 0.8972402219458023}, "datetime": {"datetime": "2021-06-19 19:20:31", "elapsed": 29.736164, "delta": 0.536653}}
{"target": -10.913088342758256, "params": {"C": 8.17308022135811, "gamma": 0.4831019597174224}, "datetime": {"datetime": "2021-06-19 19:20:31", "elapsed": 30.308072, "delta": 0.571908}}
{"target": -11.258869085329724, "params": {"C": 8.540150471992115, "gamma": 0.10161395866287411}, "datetime": {"datetime": "2021-06-19 19:20:32", "elapsed": 30.871042, "delta": 0.56297}}
{"target": -11.108056116040425, "params": {"C": 8.221352259380774, "gamma": 1.3016187710021403}, "datetime": {"datetime": "2021-06-19 19:20:33", "elapsed": 31.418014, "delta": 0.546972}}
{"target": -10.86598572538065, "params": {"C": 7.756971630058505, "gamma": 0.8605661211758928}, "datetime": {"datetime": "2021-06-19 19:20:33", "elapsed": 31.931464, "delta": 0.51345}}
{"target": -11.123586677651348, "params": {"C": 7.625992990115666, "gamma": 1.287630692369394}, "datetime": {"datetime": "2021-06-19 19:20:34", "elapsed": 32.473066, "delta": 0.541602}}
{"target": -10.959221467954745, "params": {"C": 7.194995001016158, "gamma": 0.9338668630675878}, "datetime": {"datetime": "2021-06-19 19:20:34", "elapsed": 33.167471, "delta": 0.694405}}
{"target": -11.1417777414808, "params": {"C": 6.613356328409215, "gamma": 1.192534055702013}, "datetime": {"datetime": "2021-06-19 19:20:35", "elapsed": 33.699686, "delta": 0.532215}}
{"target": -11.035301477993045, "params": {"C": 6.494726904459457, "gamma": 0.6764458176769295}, "datetime": {"datetime": "2021-06-19 19:20:35", "elapsed": 34.31358, "delta": 0.613894}}
{"target": -11.05271152084455, "params": {"C": 7.286586724945694, "gamma": 0.4028441664701582}, "datetime": {"datetime": "2021-06-19 19:20:36", "elapsed": 34.84426, "delta": 0.53068}}
{"target": -10.980238679941673, "params": {"C": 6.900730891968097, "gamma": 0.6327347196363814}, "datetime": {"datetime": "2021-06-19 19:20:37", "elapsed": 35.430869, "delta": 0.586609}}
{"target": -11.255952039179338, "params": {"C": 6.0201037521685885, "gamma": 0.3529365276405603}, "datetime": {"datetime": "2021-06-19 19:20:37", "elapsed": 35.927691, "delta": 0.496822}}
{"target": -11.415780149930674, "params": {"C": 6.6811828302888205, "gamma": 0.11419854837182179}, "datetime": {"datetime": "2021-06-19 19:20:38", "elapsed": 36.500712, "delta": 0.573021}}
{"target": -11.501888943407932, "params": {"C": 7.0432100322059235, "gamma": 1.6387439710995035}, "datetime": {"datetime": "2021-06-19 19:20:38", "elapsed": 37.038934, "delta": 0.538222}}
{"target": -11.250887577387083, "params": {"C": 7.797077721604742, "gamma": 0.11188352575562024}, "datetime": {"datetime": "2021-06-19 19:20:39", "elapsed": 37.570033, "delta": 0.531099}}
{"target": -11.737013235905394, "params": {"C": 8.00216298279085, "gamma": 2.010237020324265}, "datetime": {"datetime": "2021-06-19 19:20:39", "elapsed": 38.133906, "delta": 0.563873}}
{"target": -11.304958557604277, "params": {"C": 10.0, "gamma": 1.5717452444462867}, "datetime": {"datetime": "2021-06-19 19:20:40", "elapsed": 38.688558, "delta": 0.554652}}
{"target": -10.960036333266324, "params": {"C": 7.736253202250898, "gamma": 0.4780580478527048}, "datetime": {"datetime": "2021-06-19 19:20:40", "elapsed": 39.244825, "delta": 0.556267}}
{"target": -11.698993978856006, "params": {"C": 9.64882451793337, "gamma": 2.0439005045367478}, "datetime": {"datetime": "2021-06-19 19:20:41", "elapsed": 39.858689, "delta": 0.613864}}
{"target": -11.71528515648372, "params": {"C": 6.3982753717248055, "gamma": 1.8377746676668125}, "datetime": {"datetime": "2021-06-19 19:20:42", "elapsed": 40.50001, "delta": 0.641321}}
{"target": -11.117391036143792, "params": {"C": 6.184556768513541, "gamma": 0.9258196998694039}, "datetime": {"datetime": "2021-06-19 19:20:42", "elapsed": 41.248387, "delta": 0.748377}}
{"target": -10.647060193756547, "params": {"C": 9.802060572901222, "gamma": 0.5950995561059002}, "datetime": {"datetime": "2021-06-19 19:20:43", "elapsed": 41.951956, "delta": 0.703569}}
{"target": -11.636591085169291, "params": {"C": 3.9750714393952213, "gamma": 0.6405502378720166}, "datetime": {"datetime": "2021-06-19 19:20:44", "elapsed": 42.642015, "delta": 0.690059}}
{"target": -10.616383787836531, "params": {"C": 9.92821171943912, "gamma": 0.7244773716478695}, "datetime": {"datetime": "2021-06-19 19:20:44", "elapsed": 43.365249, "delta": 0.723234}}
{"target": -15.818349403064794, "params": {"C": 4.333022540727982, "gamma": 0.01661008133206801}, "datetime": {"datetime": "2021-06-19 19:20:45", "elapsed": 44.121254, "delta": 0.756005}}
{"target": -11.79872667989404, "params": {"C": 3.616393589453121, "gamma": 0.9986238125542463}, "datetime": {"datetime": "2021-06-19 19:20:46", "elapsed": 44.78593, "delta": 0.664676}}
{"target": -11.855842581563394, "params": {"C": 8.653063420948579, "gamma": 2.230113630784333}, "datetime": {"datetime": "2021-06-19 19:20:47", "elapsed": 45.465919, "delta": 0.679989}}
{"target": -10.883177058825165, "params": {"C": 7.473868346262105, "gamma": 0.7448493347446443}, "datetime": {"datetime": "2021-06-19 19:20:47", "elapsed": 46.098485, "delta": 0.632566}}
{"target": -21.49587022866334, "params": {"C": 10.0, "gamma": 0.001000000000000334}, "datetime": {"datetime": "2021-06-19 19:20:48", "elapsed": 46.81062, "delta": 0.712135}}
{"target": -10.924350637102389, "params": {"C": 9.583051197853896, "gamma": 0.32224374065751266}, "datetime": {"datetime": "2021-06-19 19:20:49", "elapsed": 47.602038, "delta": 0.791418}}
{"target": -16.289856971838386, "params": {"C": 2.5725670569152017, "gamma": 6.641756520061905}, "datetime": {"datetime": "2021-06-19 19:20:49", "elapsed": 48.124265, "delta": 0.522227}}
{"target": -10.997795286634956, "params": {"C": 8.943178655779423, "gamma": 0.2369572456414989}, "datetime": {"datetime": "2021-06-19 19:20:50", "elapsed": 48.978857, "delta": 0.854592}}
{"target": -11.328508210208991, "params": {"C": 9.552926045884847, "gamma": 1.5795286768486803}, "datetime": {"datetime": "2021-06-19 19:20:51", "elapsed": 49.627547, "delta": 0.64869}}
{"target": -11.33509296040145, "params": {"C": 6.258541447451321, "gamma": 1.4163274043369984}, "datetime": {"datetime": "2021-06-19 19:20:51", "elapsed": 50.3825, "delta": 0.754953}}
{"target": -10.659158234933372, "params": {"C": 9.99957896958857, "gamma": 0.5599747777418622}, "datetime": {"datetime": "2021-06-19 19:20:52", "elapsed": 50.898765, "delta": 0.516265}}
{"target": -10.844314568220321, "params": {"C": 9.724485219272363, "gamma": 0.4052417667810426}, "datetime": {"datetime": "2021-06-19 19:20:53", "elapsed": 51.756922, "delta": 0.858157}}
{"target": -10.882869493741932, "params": {"C": 9.268852732516413, "gamma": 0.4014131970283234}, "datetime": {"datetime": "2021-06-19 19:20:54", "elapsed": 52.59182, "delta": 0.834898}}
{"target": -11.122769876805984, "params": {"C": 7.064733693925605, "gamma": 1.2531455534378466}, "datetime": {"datetime": "2021-06-19 19:20:54", "elapsed": 53.336183, "delta": 0.744363}}
{"target": -11.486953346916067, "params": {"C": 8.410064548767478, "gamma": 1.7101136568297788}, "datetime": {"datetime": "2021-06-19 19:20:55", "elapsed": 54.184498, "delta": 0.848315}}
{"target": -10.961480551133194, "params": {"C": 9.965144156905207, "gamma": 1.2208774868805023}, "datetime": {"datetime": "2021-06-19 19:20:56", "elapsed": 54.971019, "delta": 0.786521}}
