{"target": -10.01944469775303, "params": {"C": 14.990999818416256, "gamma": 0.7128767561581764}, "datetime": {"datetime": "2021-06-20 13:04:53", "elapsed": 612.524737, "delta": 3.926701}}
{"target": -10.019194793423528, "params": {"C": 14.998974304686381, "gamma": 0.7100980482198138}, "datetime": {"datetime": "2021-06-20 13:04:58", "elapsed": 618.035231, "delta": 5.510494}}
{"target": -10.01939632299196, "params": {"C": 14.991895808607115, "gamma": 0.6993586032731927}, "datetime": {"datetime": "2021-06-20 13:05:03", "elapsed": 622.22914, "delta": 4.193909}}
{"target": -10.019325003026164, "params": {"C": 14.990473718024813, "gamma": 0.7058372900115408}, "datetime": {"datetime": "2021-06-20 13:05:08", "elapsed": 627.447618, "delta": 5.218478}}
{"target": -10.019346172014409, "params": {"C": 14.992677505345704, "gamma": 0.7096269201386697}, "datetime": {"datetime": "2021-06-20 13:05:12", "elapsed": 631.93988, "delta": 4.492262}}
{"target": -10.019526098295678, "params": {"C": 14.986281113807422, "gamma": 0.7105739483026967}, "datetime": {"datetime": "2021-06-20 13:05:17", "elapsed": 636.555541, "delta": 4.615661}}
{"target": -10.019289589205215, "params": {"C": 14.99325954781678, "gamma": 0.7074839041592342}, "datetime": {"datetime": "2021-06-20 13:05:24", "elapsed": 643.104803, "delta": 6.549262}}
{"target": -10.019221341508743, "params": {"C": 14.994126145809886, "gamma": 0.705320555963993}, "datetime": {"datetime": "2021-06-20 13:05:29", "elapsed": 648.509333, "delta": 5.40453}}
{"target": -10.019398528556342, "params": {"C": 14.993906800814742, "gamma": 0.6987323797078075}, "datetime": {"datetime": "2021-06-20 13:05:35", "elapsed": 654.133764, "delta": 5.624431}}
{"target": -10.019246898105907, "params": {"C": 14.994011403973786, "gamma": 0.7063542352688561}, "datetime": {"datetime": "2021-06-20 13:05:40", "elapsed": 659.312834, "delta": 5.17907}}
{"target": -10.019614610309223, "params": {"C": 14.978145338058745, "gamma": 0.7011765054408823}, "datetime": {"datetime": "2021-06-20 13:05:44", "elapsed": 663.506848, "delta": 4.194014}}
{"target": -10.019478506548106, "params": {"C": 14.989642327438787, "gamma": 0.7128230194598053}, "datetime": {"datetime": "2021-06-20 13:05:48", "elapsed": 667.699458, "delta": 4.19261}}
{"target": -10.019050123323279, "params": {"C": 14.998263390569349, "gamma": 0.7024779071311424}, "datetime": {"datetime": "2021-06-20 13:05:53", "elapsed": 672.243132, "delta": 4.543674}}
{"target": -10.019392292939472, "params": {"C": 14.993319046722203, "gamma": 0.7133160569446766}, "datetime": {"datetime": "2021-06-20 13:05:57", "elapsed": 676.460278, "delta": 4.217146}}
{"target": -10.019219665620522, "params": {"C": 14.999526233062214, "gamma": 0.712404856370507}, "datetime": {"datetime": "2021-06-20 13:06:03", "elapsed": 682.215475, "delta": 5.755197}}
{"target": -10.019674843990742, "params": {"C": 14.998029018943372, "gamma": 0.6945148819778331}, "datetime": {"datetime": "2021-06-20 13:06:07", "elapsed": 686.061257, "delta": 3.845782}}
{"target": -10.019346858118038, "params": {"C": 14.99035891499187, "gamma": 0.7067118685924755}, "datetime": {"datetime": "2021-06-20 13:06:11", "elapsed": 690.633278, "delta": 4.572021}}
{"target": -10.019340808215366, "params": {"C": 14.998257440588016, "gamma": 0.7192659778793665}, "datetime": {"datetime": "2021-06-20 13:06:16", "elapsed": 695.782991, "delta": 5.149713}}
{"target": -10.019291234008207, "params": {"C": 14.999054354593152, "gamma": 0.7166487255251857}, "datetime": {"datetime": "2021-06-20 13:06:22", "elapsed": 701.709023, "delta": 5.926032}}
{"target": -10.019230255455739, "params": {"C": 14.99163844495379, "gamma": 0.703033156726637}, "datetime": {"datetime": "2021-06-20 13:06:28", "elapsed": 707.786288, "delta": 6.077265}}
{"target": -10.019064444239383, "params": {"C": 14.997993679221246, "gamma": 0.7027835405411533}, "datetime": {"datetime": "2021-06-20 13:06:32", "elapsed": 711.864378, "delta": 4.07809}}
{"target": -10.019287360186533, "params": {"C": 14.990108014817125, "gamma": 0.7038001715950901}, "datetime": {"datetime": "2021-06-20 13:06:36", "elapsed": 715.552555, "delta": 3.688177}}
{"target": -10.019188036213514, "params": {"C": 14.997722012839459, "gamma": 0.708052589471424}, "datetime": {"datetime": "2021-06-20 13:06:39", "elapsed": 718.961603, "delta": 3.409048}}
{"target": -10.019660258042954, "params": {"C": 14.991834692407135, "gamma": 0.6965679054015707}, "datetime": {"datetime": "2021-06-20 13:06:44", "elapsed": 723.54, "delta": 4.578397}}
{"target": -10.019222872962393, "params": {"C": 14.995904367065577, "gamma": 0.7074950257351322}, "datetime": {"datetime": "2021-06-20 13:06:50", "elapsed": 729.710481, "delta": 6.170481}}
{"target": -10.0192902236558, "params": {"C": 14.996493297429641, "gamma": 0.7119842696011678}, "datetime": {"datetime": "2021-06-20 13:06:55", "elapsed": 734.745499, "delta": 5.035018}}
{"target": -10.019092938422872, "params": {"C": 14.997643075070775, "gamma": 0.7008225685380585}, "datetime": {"datetime": "2021-06-20 13:07:02", "elapsed": 741.131579, "delta": 6.38608}}
{"target": -10.01928072553468, "params": {"C": 14.989799939513926, "gamma": 0.7032063694037121}, "datetime": {"datetime": "2021-06-20 13:07:07", "elapsed": 746.528802, "delta": 5.397223}}
{"target": -10.01913712033743, "params": {"C": 14.995483000845416, "gamma": 0.703176211114187}, "datetime": {"datetime": "2021-06-20 13:07:12", "elapsed": 751.234127, "delta": 4.705325}}
{"target": -10.01936927332582, "params": {"C": 14.995381746851379, "gamma": 0.7153877352143838}, "datetime": {"datetime": "2021-06-20 13:07:19", "elapsed": 759.042371, "delta": 7.808244}}
{"target": -10.019421644416731, "params": {"C": 14.987847559104381, "gamma": 0.7072455889664522}, "datetime": {"datetime": "2021-06-20 13:07:23", "elapsed": 762.161691, "delta": 3.11932}}
{"target": -10.019459362608568, "params": {"C": 14.991478650167195, "gamma": 0.7146719779406352}, "datetime": {"datetime": "2021-06-20 13:07:29", "elapsed": 768.219916, "delta": 6.058225}}
{"target": -10.019452186067467, "params": {"C": 14.998719027014719, "gamma": 0.6967095606392053}, "datetime": {"datetime": "2021-06-20 13:07:35", "elapsed": 774.562774, "delta": 6.342858}}
{"target": -10.01954070733095, "params": {"C": 14.9986997693407, "gamma": 0.6957638350583834}, "datetime": {"datetime": "2021-06-20 13:07:40", "elapsed": 779.096896, "delta": 4.534122}}
{"target": -10.019650939792594, "params": {"C": 14.993690768415124, "gamma": 0.6961025870178104}, "datetime": {"datetime": "2021-06-20 13:07:45", "elapsed": 784.342457, "delta": 5.245561}}
{"target": -10.019325186407569, "params": {"C": 14.987144949582163, "gamma": 0.7023152475778103}, "datetime": {"datetime": "2021-06-20 13:07:52", "elapsed": 791.464745, "delta": 7.122288}}
{"target": -10.019878518278551, "params": {"C": 14.967305739892769, "gamma": 0.7044905713170545}, "datetime": {"datetime": "2021-06-20 13:08:00", "elapsed": 799.210399, "delta": 7.745654}}
{"target": -10.019735549768106, "params": {"C": 14.976532136240419, "gamma": 0.7085668745667906}, "datetime": {"datetime": "2021-06-20 13:08:05", "elapsed": 804.414557, "delta": 5.204158}}
{"target": -10.019062263250722, "params": {"C": 14.999858888135318, "gamma": 0.7004854056232919}, "datetime": {"datetime": "2021-06-20 13:08:09", "elapsed": 808.688987, "delta": 4.27443}}
{"target": -10.019300182491303, "params": {"C": 14.996378063809018, "gamma": 0.7124189669144203}, "datetime": {"datetime": "2021-06-20 13:08:13", "elapsed": 812.6241, "delta": 3.935113}}
{"target": -10.019425205091435, "params": {"C": 14.998795373121249, "gamma": 0.6969751399453649}, "datetime": {"datetime": "2021-06-20 13:08:20", "elapsed": 819.075271, "delta": 6.451171}}
{"target": -10.019515271995186, "params": {"C": 14.985902508830318, "gamma": 0.7094676856292752}, "datetime": {"datetime": "2021-06-20 13:08:24", "elapsed": 823.510952, "delta": 4.435681}}
{"target": -10.019085206128851, "params": {"C": 14.999796837243148, "gamma": 0.7056331022253994}, "datetime": {"datetime": "2021-06-20 13:08:31", "elapsed": 830.890834, "delta": 7.379882}}
{"target": -10.019465829158179, "params": {"C": 14.984523891759288, "gamma": 0.7054182811808125}, "datetime": {"datetime": "2021-06-20 13:08:36", "elapsed": 835.338192, "delta": 4.447358}}
{"target": -10.019085648914281, "params": {"C": 14.9977062201244, "gamma": 0.7008796582561572}, "datetime": {"datetime": "2021-06-20 13:08:43", "elapsed": 842.275239, "delta": 6.937047}}
{"target": -10.019049716274791, "params": {"C": 14.998692430628505, "gamma": 0.7028988024388172}, "datetime": {"datetime": "2021-06-20 13:08:47", "elapsed": 846.699298, "delta": 4.424059}}
{"target": -10.01946359876002, "params": {"C": 14.990044092619149, "gamma": 0.7125322086169895}, "datetime": {"datetime": "2021-06-20 13:08:53", "elapsed": 852.110326, "delta": 5.411028}}
{"target": -10.019070021132864, "params": {"C": 14.999056617823106, "gamma": 0.7041341109008111}, "datetime": {"datetime": "2021-06-20 13:08:58", "elapsed": 857.979103, "delta": 5.868777}}
{"target": -10.019814054140427, "params": {"C": 14.985816009807417, "gamma": 0.6967469373524423}, "datetime": {"datetime": "2021-06-20 13:09:07", "elapsed": 867.023387, "delta": 9.044284}}
{"target": -10.019373580517593, "params": {"C": 14.992954010493838, "gamma": 0.7115722251351366}, "datetime": {"datetime": "2021-06-20 13:09:14", "elapsed": 873.826008, "delta": 6.802621}}
{"target": -10.019308886876157, "params": {"C": 14.998789236285942, "gamma": 0.7175661111101105}, "datetime": {"datetime": "2021-06-20 13:09:21", "elapsed": 881.021733, "delta": 7.195725}}
{"target": -10.019189602368433, "params": {"C": 14.996492047098743, "gamma": 0.7066073492241092}, "datetime": {"datetime": "2021-06-20 13:09:28", "elapsed": 887.822414, "delta": 6.800681}}
{"target": -10.019735399186434, "params": {"C": 14.97292946566481, "gamma": 0.7014694385607585}, "datetime": {"datetime": "2021-06-20 13:09:35", "elapsed": 894.68302, "delta": 6.860606}}
{"target": -10.01957356536749, "params": {"C": 14.9790347860107, "gamma": 0.7041070260366911}, "datetime": {"datetime": "2021-06-20 13:09:42", "elapsed": 901.731459, "delta": 7.048439}}
{"target": -10.019758483275597, "params": {"C": 14.98618185424192, "gamma": 0.6972328324235775}, "datetime": {"datetime": "2021-06-20 13:09:47", "elapsed": 906.8221, "delta": 5.090641}}
{"target": -10.01924048291856, "params": {"C": 14.992448546097439, "gamma": 0.7043093447609757}, "datetime": {"datetime": "2021-06-20 13:09:53", "elapsed": 912.779593, "delta": 5.957493}}
{"target": -10.019411058606918, "params": {"C": 14.992814571355591, "gamma": 0.7137039210016421}, "datetime": {"datetime": "2021-06-20 13:10:01", "elapsed": 920.511965, "delta": 7.732372}}
{"target": -10.019585093974943, "params": {"C": 14.998542187622562, "gamma": 0.6953322774213951}, "datetime": {"datetime": "2021-06-20 13:10:06", "elapsed": 925.968781, "delta": 5.456816}}
{"target": -10.01942700471625, "params": {"C": 14.99179117313603, "gamma": 0.7130369643641141}, "datetime": {"datetime": "2021-06-20 13:10:14", "elapsed": 933.82435, "delta": 7.855569}}
{"target": -10.01988314683998, "params": {"C": 14.998367386558389, "gamma": 0.692118944403354}, "datetime": {"datetime": "2021-06-20 13:10:21", "elapsed": 940.481962, "delta": 6.657612}}
{"target": -10.019418375671526, "params": {"C": 14.989425487847841, "gamma": 0.7090778586620997}, "datetime": {"datetime": "2021-06-20 13:10:27", "elapsed": 946.573746, "delta": 6.091784}}
{"target": -10.01939708605554, "params": {"C": 14.99351743721607, "gamma": 0.7139730628254051}, "datetime": {"datetime": "2021-06-20 13:10:31", "elapsed": 950.764225, "delta": 4.190479}}
{"target": -10.01952589254006, "params": {"C": 14.992317055614471, "gamma": 0.6978596081076243}, "datetime": {"datetime": "2021-06-20 13:10:39", "elapsed": 958.121437, "delta": 7.357212}}
{"target": -10.019232516327788, "params": {"C": 14.999314947777021, "gamma": 0.7128817103146058}, "datetime": {"datetime": "2021-06-20 13:10:46", "elapsed": 965.223093, "delta": 7.101656}}
{"target": -10.019594311219967, "params": {"C": 14.978050101476118, "gamma": 0.7039393399748257}, "datetime": {"datetime": "2021-06-20 13:10:52", "elapsed": 971.537458, "delta": 6.314365}}
{"target": -10.019021255726154, "params": {"C": 14.998947163008758, "gamma": 0.7020102233468706}, "datetime": {"datetime": "2021-06-20 13:10:58", "elapsed": 977.226265, "delta": 5.688807}}
{"target": -10.019351199938777, "params": {"C": 14.99753907157345, "gamma": 0.698142034279795}, "datetime": {"datetime": "2021-06-20 13:11:03", "elapsed": 982.421368, "delta": 5.195103}}
{"target": -10.020001728897807, "params": {"C": 14.966213072437153, "gamma": 0.7087735685675408}, "datetime": {"datetime": "2021-06-20 13:11:09", "elapsed": 988.794344, "delta": 6.372976}}
{"target": -10.019293968757559, "params": {"C": 14.996434492360523, "gamma": 0.7121222385697099}, "datetime": {"datetime": "2021-06-20 13:11:15", "elapsed": 994.741098, "delta": 5.946754}}
{"target": -10.019531897800714, "params": {"C": 14.983617343103875, "gamma": 0.7073968033175458}, "datetime": {"datetime": "2021-06-20 13:11:23", "elapsed": 1002.101132, "delta": 7.360034}}
{"target": -10.019649774150619, "params": {"C": 14.982301417868605, "gamma": 0.6995628246931476}, "datetime": {"datetime": "2021-06-20 13:11:27", "elapsed": 1006.111421, "delta": 4.010289}}
{"target": -10.019997958369144, "params": {"C": 14.96870381128877, "gamma": 0.7119212788093836}, "datetime": {"datetime": "2021-06-20 13:11:31", "elapsed": 1010.620126, "delta": 4.508705}}
{"target": -10.019444413204656, "params": {"C": 14.994807586122764, "gamma": 0.6979749677239195}, "datetime": {"datetime": "2021-06-20 13:11:37", "elapsed": 1016.071224, "delta": 5.451098}}
{"target": -10.019766254392767, "params": {"C": 14.970029660253026, "gamma": 0.7027433465149537}, "datetime": {"datetime": "2021-06-20 13:11:42", "elapsed": 1021.967535, "delta": 5.896311}}
{"target": -10.019052597375849, "params": {"C": 14.997270554218275, "gamma": 0.7015900807109182}, "datetime": {"datetime": "2021-06-20 13:11:49", "elapsed": 1028.662041, "delta": 6.694506}}
{"target": -10.019647068868052, "params": {"C": 14.983115316081708, "gamma": 0.7129403967123484}, "datetime": {"datetime": "2021-06-20 13:11:56", "elapsed": 1035.794554, "delta": 7.132513}}
{"target": -10.019531447278352, "params": {"C": 14.984584094903918, "gamma": 0.7085767775208978}, "datetime": {"datetime": "2021-06-20 13:12:04", "elapsed": 1043.857811, "delta": 8.063257}}
{"target": -10.019472258663106, "params": {"C": 14.988076377097139, "gamma": 0.7101235636709518}, "datetime": {"datetime": "2021-06-20 13:12:12", "elapsed": 1051.467834, "delta": 7.610023}}
{"target": -10.019551362068224, "params": {"C": 14.980240197894465, "gamma": 0.7044485630630655}, "datetime": {"datetime": "2021-06-20 13:12:20", "elapsed": 1059.3484, "delta": 7.880566}}
{"target": -10.019393911331548, "params": {"C": 14.985153773228202, "gamma": 0.7030589716341348}, "datetime": {"datetime": "2021-06-20 13:12:27", "elapsed": 1066.627454, "delta": 7.279054}}
{"target": -10.019396230302334, "params": {"C": 14.992417815879008, "gamma": 0.7121128663868384}, "datetime": {"datetime": "2021-06-20 13:12:33", "elapsed": 1072.814677, "delta": 6.187223}}
{"target": -10.019605903558263, "params": {"C": 14.990183423316584, "gamma": 0.6976516453142534}, "datetime": {"datetime": "2021-06-20 13:12:42", "elapsed": 1081.16521, "delta": 8.350533}}
{"target": -10.019276859757486, "params": {"C": 14.995704091001434, "gamma": 0.7100405635196599}, "datetime": {"datetime": "2021-06-20 13:12:48", "elapsed": 1087.080511, "delta": 5.915301}}
{"target": -10.019540132370041, "params": {"C": 14.978892405276344, "gamma": 0.7026146322190681}, "datetime": {"datetime": "2021-06-20 13:12:55", "elapsed": 1094.634937, "delta": 7.554426}}
{"target": -10.019090181276598, "params": {"C": 14.999951564748827, "gamma": 0.7060425835937092}, "datetime": {"datetime": "2021-06-20 13:13:03", "elapsed": 1102.701678, "delta": 8.066741}}
{"target": -10.019721696182298, "params": {"C": 14.974689985145016, "gamma": 0.7057494176285894}, "datetime": {"datetime": "2021-06-20 13:13:11", "elapsed": 1110.095882, "delta": 7.394204}}
{"target": -10.019446128572904, "params": {"C": 14.990891314883614, "gamma": 0.7127920808700997}, "datetime": {"datetime": "2021-06-20 13:13:19", "elapsed": 1118.498199, "delta": 8.402317}}
{"target": -10.019478286474925, "params": {"C": 14.986011459323592, "gamma": 0.7077355922755821}, "datetime": {"datetime": "2021-06-20 13:13:29", "elapsed": 1128.583641, "delta": 10.085442}}
{"target": -10.020309612405566, "params": {"C": 14.979723004420487, "gamma": 0.6932115406923651}, "datetime": {"datetime": "2021-06-20 13:13:37", "elapsed": 1137.016985, "delta": 8.433344}}
{"target": -10.019538067570245, "params": {"C": 14.982628497556085, "gamma": 0.7065138527622574}, "datetime": {"datetime": "2021-06-20 13:13:44", "elapsed": 1143.776061, "delta": 6.759076}}
{"target": -10.019356094342578, "params": {"C": 14.994831510191224, "gamma": 0.698903261052168}, "datetime": {"datetime": "2021-06-20 13:13:50", "elapsed": 1149.762768, "delta": 5.986707}}
{"target": -10.019271819479712, "params": {"C": 14.995631563681743, "gamma": 0.7096634646380988}, "datetime": {"datetime": "2021-06-20 13:13:58", "elapsed": 1157.161914, "delta": 7.399146}}
{"target": -10.020034787676343, "params": {"C": 14.962598438395663, "gamma": 0.7060732573670639}, "datetime": {"datetime": "2021-06-20 13:14:05", "elapsed": 1164.819152, "delta": 7.657238}}
{"target": -10.019671687770309, "params": {"C": 14.984539359363232, "gamma": 0.7172627487482115}, "datetime": {"datetime": "2021-06-20 13:14:14", "elapsed": 1173.210738, "delta": 8.391586}}
{"target": -10.019555136874462, "params": {"C": 14.981947362630144, "gamma": 0.7065067499970488}, "datetime": {"datetime": "2021-06-20 13:14:21", "elapsed": 1180.364344, "delta": 7.153606}}
{"target": -10.020737668428094, "params": {"C": 14.938212846545845, "gamma": 0.7099271566199954}, "datetime": {"datetime": "2021-06-20 13:14:32", "elapsed": 1191.175426, "delta": 10.811082}}
{"target": -10.019344159096914, "params": {"C": 14.996321726423897, "gamma": 0.6985823358388542}, "datetime": {"datetime": "2021-06-20 13:14:40", "elapsed": 1199.163026, "delta": 7.9876}}
{"target": -10.02033615625212, "params": {"C": 14.984599378654874, "gamma": 0.6913816906497792}, "datetime": {"datetime": "2021-06-20 13:14:52", "elapsed": 1211.505957, "delta": 12.342931}}
{"target": -10.019223364978757, "params": {"C": 14.994120046236254, "gamma": 0.7054042017588058}, "datetime": {"datetime": "2021-06-20 13:15:00", "elapsed": 1219.68257, "delta": 8.176613}}
{"target": -10.019237179932452, "params": {"C": 14.992640369453431, "gamma": 0.7008040966240208}, "datetime": {"datetime": "2021-06-20 13:15:06", "elapsed": 1225.491504, "delta": 5.808934}}
{"target": -10.019554780717757, "params": {"C": 14.997058379430538, "gamma": 0.6961123555239538}, "datetime": {"datetime": "2021-06-20 13:15:13", "elapsed": 1232.903119, "delta": 7.411615}}
{"target": -10.019682776424728, "params": {"C": 14.986017469527404, "gamma": 0.6980923022180912}, "datetime": {"datetime": "2021-06-20 13:15:22", "elapsed": 1241.572103, "delta": 8.668984}}
{"target": -10.01940993663239, "params": {"C": 14.983619353502743, "gamma": 0.7016825889636022}, "datetime": {"datetime": "2021-06-20 13:15:32", "elapsed": 1251.2451, "delta": 9.672997}}
{"target": -10.019355995383515, "params": {"C": 14.990068777584167, "gamma": 0.7067966158445625}, "datetime": {"datetime": "2021-06-20 13:15:42", "elapsed": 1261.702791, "delta": 10.457691}}
{"target": -10.020013011985343, "params": {"C": 14.96750973376821, "gamma": 0.7001746197160839}, "datetime": {"datetime": "2021-06-20 13:16:01", "elapsed": 1280.586761, "delta": 18.88397}}
{"target": -10.019857017792345, "params": {"C": 14.970184271040896, "gamma": 0.7067019525937863}, "datetime": {"datetime": "2021-06-20 13:16:10", "elapsed": 1289.639839, "delta": 9.053078}}
{"target": -10.019369750389027, "params": {"C": 14.99713130015492, "gamma": 0.7192573420816779}, "datetime": {"datetime": "2021-06-20 13:16:19", "elapsed": 1298.123533, "delta": 8.483694}}
{"target": -10.01908564390495, "params": {"C": 14.999674777214356, "gamma": 0.7055126679839689}, "datetime": {"datetime": "2021-06-20 13:16:30", "elapsed": 1309.842774, "delta": 11.719241}}
{"target": -10.019598712550916, "params": {"C": 14.990762551261295, "gamma": 0.6975530923044286}, "datetime": {"datetime": "2021-06-20 13:16:43", "elapsed": 1322.49945, "delta": 12.656676}}
{"target": -10.019437011465298, "params": {"C": 14.998527097555485, "gamma": 0.6969301249164375}, "datetime": {"datetime": "2021-06-20 13:16:53", "elapsed": 1332.589236, "delta": 10.089786}}
{"target": -10.020593749590411, "params": {"C": 14.942928936629755, "gamma": 0.7087860311663889}, "datetime": {"datetime": "2021-06-20 13:17:03", "elapsed": 1342.232838, "delta": 9.643602}}
{"target": -10.019607165637009, "params": {"C": 14.979363520693525, "gamma": 0.7059064867943258}, "datetime": {"datetime": "2021-06-20 13:17:17", "elapsed": 1356.225847, "delta": 13.993009}}
{"target": -10.019955945386668, "params": {"C": 14.979744567482697, "gamma": 0.697071670363314}, "datetime": {"datetime": "2021-06-20 13:17:25", "elapsed": 1364.660777, "delta": 8.43493}}
{"target": -10.020038076452941, "params": {"C": 14.970343415612131, "gamma": 0.7173566547377117}, "datetime": {"datetime": "2021-06-20 13:17:36", "elapsed": 1375.113358, "delta": 10.452581}}
{"target": -10.019666479689276, "params": {"C": 14.983720900050248, "gamma": 0.7152650569531775}, "datetime": {"datetime": "2021-06-20 13:17:42", "elapsed": 1381.778357, "delta": 6.664999}}
{"target": -10.019263051964646, "params": {"C": 14.998328562736894, "gamma": 0.7132314515279647}, "datetime": {"datetime": "2021-06-20 13:17:49", "elapsed": 1389.009492, "delta": 7.231135}}
