{"target": -9.963662945392258, "params": {"C": 18.50668812655166, "gamma": 0.7390477193297045}, "datetime": {"datetime": "2021-06-20 13:41:49", "elapsed": 511.44176, "delta": 2.045397}}
{"target": -9.890153133955208, "params": {"C": 24.970328982912527, "gamma": 0.6404415286396394}, "datetime": {"datetime": "2021-06-20 13:41:51", "elapsed": 513.712763, "delta": 2.271003}}
{"target": -9.889099023725493, "params": {"C": 24.994817111188166, "gamma": 0.6432387592752018}, "datetime": {"datetime": "2021-06-20 13:41:54", "elapsed": 516.403715, "delta": 2.690952}}
{"target": -9.889364136287451, "params": {"C": 24.938682907444175, "gamma": 0.6531932499840487}, "datetime": {"datetime": "2021-06-20 13:41:57", "elapsed": 519.271711, "delta": 2.867996}}
{"target": -9.88856804439938, "params": {"C": 24.91186231664069, "gamma": 0.6487107942463155}, "datetime": {"datetime": "2021-06-20 13:42:00", "elapsed": 522.228824, "delta": 2.957113}}
{"target": -9.888073834233458, "params": {"C": 24.970237788497215, "gamma": 0.6477939654756708}, "datetime": {"datetime": "2021-06-20 13:42:02", "elapsed": 524.895824, "delta": 2.667}}
{"target": -9.889467258083732, "params": {"C": 24.94359192222821, "gamma": 0.6434942221626329}, "datetime": {"datetime": "2021-06-20 13:42:05", "elapsed": 527.24945, "delta": 2.353626}}
{"target": -9.888128265009279, "params": {"C": 24.96487569362411, "gamma": 0.6479206545650853}, "datetime": {"datetime": "2021-06-20 13:42:07", "elapsed": 529.23645, "delta": 1.987}}
{"target": -9.899377967279513, "params": {"C": 23.49501719789815, "gamma": 0.6637718476682655}, "datetime": {"datetime": "2021-06-20 13:42:10", "elapsed": 532.377078, "delta": 3.140628}}
{"target": -9.9288481005366, "params": {"C": 23.5146438517178, "gamma": 0.7607417483209085}, "datetime": {"datetime": "2021-06-20 13:42:12", "elapsed": 534.943082, "delta": 2.566004}}
{"target": -9.967661854698681, "params": {"C": 17.757584762200516, "gamma": 0.7320706689115668}, "datetime": {"datetime": "2021-06-20 13:42:14", "elapsed": 537.074848, "delta": 2.131766}}
{"target": -9.968690420736516, "params": {"C": 18.105871746632534, "gamma": 0.6314033259846176}, "datetime": {"datetime": "2021-06-20 13:42:17", "elapsed": 540.054847, "delta": 2.979999}}
{"target": -9.888523738423212, "params": {"C": 24.985482976525482, "gamma": 0.650295643440529}, "datetime": {"datetime": "2021-06-20 13:42:20", "elapsed": 542.835486, "delta": 2.780639}}
{"target": -9.888103628518364, "params": {"C": 24.987111876624883, "gamma": 0.6483385868807006}, "datetime": {"datetime": "2021-06-20 13:42:22", "elapsed": 545.147196, "delta": 2.31171}}
{"target": -9.888760206406785, "params": {"C": 24.96569376385115, "gamma": 0.6451788988130973}, "datetime": {"datetime": "2021-06-20 13:42:25", "elapsed": 548.122085, "delta": 2.974889}}
{"target": -9.888491165284846, "params": {"C": 24.976155792456176, "gamma": 0.6499099081738382}, "datetime": {"datetime": "2021-06-20 13:42:28", "elapsed": 550.765084, "delta": 2.642999}}
{"target": -9.888188935343004, "params": {"C": 24.98303678712759, "gamma": 0.6465367298290354}, "datetime": {"datetime": "2021-06-20 13:42:31", "elapsed": 553.202665, "delta": 2.437581}}
{"target": -9.888109029821308, "params": {"C": 24.993356711693465, "gamma": 0.6465018479580082}, "datetime": {"datetime": "2021-06-20 13:42:33", "elapsed": 555.726658, "delta": 2.523993}}
{"target": -9.903140811753588, "params": {"C": 23.370264366283614, "gamma": 0.6440352373534637}, "datetime": {"datetime": "2021-06-20 13:42:35", "elapsed": 558.15566, "delta": 2.429002}}
{"target": -9.888287107055232, "params": {"C": 24.974814882874945, "gamma": 0.6489075197428709}, "datetime": {"datetime": "2021-06-20 13:42:39", "elapsed": 561.826389, "delta": 3.670729}}
{"target": -9.888086312417498, "params": {"C": 24.98806612977237, "gamma": 0.6467247959903567}, "datetime": {"datetime": "2021-06-20 13:42:42", "elapsed": 564.592393, "delta": 2.766004}}
{"target": -9.922315873478539, "params": {"C": 22.88293903187113, "gamma": 0.7184465980742478}, "datetime": {"datetime": "2021-06-20 13:42:45", "elapsed": 567.836217, "delta": 3.243824}}
{"target": -9.88879995111853, "params": {"C": 24.96839848529907, "gamma": 0.6449722822587148}, "datetime": {"datetime": "2021-06-20 13:42:48", "elapsed": 571.124866, "delta": 3.288649}}
{"target": -9.889609661568269, "params": {"C": 24.994176926798957, "gamma": 0.6558648111447201}, "datetime": {"datetime": "2021-06-20 13:42:51", "elapsed": 573.549866, "delta": 2.425}}
{"target": -9.888106564842856, "params": {"C": 24.987379486505255, "gamma": 0.6483588693312321}, "datetime": {"datetime": "2021-06-20 13:42:54", "elapsed": 576.208573, "delta": 2.658707}}
{"target": -9.891145869576508, "params": {"C": 24.992795875266033, "gamma": 0.6364139701622218}, "datetime": {"datetime": "2021-06-20 13:42:56", "elapsed": 578.95557, "delta": 2.746997}}
{"target": -9.88847314769442, "params": {"C": 24.974683185697963, "gamma": 0.6458553685212718}, "datetime": {"datetime": "2021-06-20 13:43:00", "elapsed": 582.534492, "delta": 3.578922}}
{"target": -9.888311872665275, "params": {"C": 24.96554091186227, "gamma": 0.6487999466383133}, "datetime": {"datetime": "2021-06-20 13:43:04", "elapsed": 586.589492, "delta": 4.055}}
{"target": -9.888865606904854, "params": {"C": 24.964692245330255, "gamma": 0.6448638891655045}, "datetime": {"datetime": "2021-06-20 13:43:07", "elapsed": 589.693491, "delta": 3.103999}}
{"target": -9.888553290599903, "params": {"C": 24.904522224655295, "gamma": 0.6475927340425376}, "datetime": {"datetime": "2021-06-20 13:43:10", "elapsed": 592.542168, "delta": 2.848677}}
{"target": -9.888656657423743, "params": {"C": 24.996605563961786, "gamma": 0.6446355601137179}, "datetime": {"datetime": "2021-06-20 13:43:12", "elapsed": 594.960168, "delta": 2.418}}
{"target": -9.888489657816688, "params": {"C": 24.979535961658947, "gamma": 0.6456639099934558}, "datetime": {"datetime": "2021-06-20 13:43:15", "elapsed": 598.07486, "delta": 3.114692}}
{"target": -10.039854518856199, "params": {"C": 15.57391193443546, "gamma": 0.8079549937291862}, "datetime": {"datetime": "2021-06-20 13:43:18", "elapsed": 600.257858, "delta": 2.182998}}
{"target": -9.889468430453704, "params": {"C": 24.97335457881815, "gamma": 0.6546058295309563}, "datetime": {"datetime": "2021-06-20 13:43:20", "elapsed": 603.057619, "delta": 2.799761}}
{"target": -9.888492458666217, "params": {"C": 24.980541550968354, "gamma": 0.6500239611591719}, "datetime": {"datetime": "2021-06-20 13:43:25", "elapsed": 607.255212, "delta": 4.197593}}
{"target": -9.888623073429049, "params": {"C": 24.996263614493362, "gamma": 0.6510418633529962}, "datetime": {"datetime": "2021-06-20 13:43:28", "elapsed": 610.256213, "delta": 3.001001}}
{"target": -9.888814265530797, "params": {"C": 24.967298361136756, "gamma": 0.6449569941620108}, "datetime": {"datetime": "2021-06-20 13:43:32", "elapsed": 614.334926, "delta": 4.078713}}
{"target": -9.888163603151728, "params": {"C": 24.957236053502214, "gamma": 0.6479034829975483}, "datetime": {"datetime": "2021-06-20 13:43:36", "elapsed": 618.732923, "delta": 4.397997}}
{"target": -9.889580212423482, "params": {"C": 24.9667960616063, "gamma": 0.6424539752285079}, "datetime": {"datetime": "2021-06-20 13:43:39", "elapsed": 622.071565, "delta": 3.338642}}
{"target": -9.889278545925604, "params": {"C": 24.88059641387248, "gamma": 0.6459223960743067}, "datetime": {"datetime": "2021-06-20 13:43:42", "elapsed": 624.589563, "delta": 2.517998}}
{"target": -9.888372716987687, "params": {"C": 24.965125635316944, "gamma": 0.6464518548344208}, "datetime": {"datetime": "2021-06-20 13:43:46", "elapsed": 628.877184, "delta": 4.287621}}
{"target": -9.88906646844364, "params": {"C": 24.947716297212683, "gamma": 0.6519709603259788}, "datetime": {"datetime": "2021-06-20 13:43:50", "elapsed": 632.249952, "delta": 3.372768}}
{"target": -9.888858678791712, "params": {"C": 24.9980803876876, "gamma": 0.6439339030544626}, "datetime": {"datetime": "2021-06-20 13:43:53", "elapsed": 635.364953, "delta": 3.115001}}
{"target": -9.888840718970968, "params": {"C": 24.98109154516805, "gamma": 0.6444772143141823}, "datetime": {"datetime": "2021-06-20 13:43:56", "elapsed": 638.208545, "delta": 2.843592}}
{"target": -9.889161612103637, "params": {"C": 24.977416636990498, "gamma": 0.6531912519153797}, "datetime": {"datetime": "2021-06-20 13:43:59", "elapsed": 641.695683, "delta": 3.487138}}
{"target": -9.888223935582191, "params": {"C": 24.987528176212926, "gamma": 0.648916951454037}, "datetime": {"datetime": "2021-06-20 13:44:02", "elapsed": 644.857682, "delta": 3.161999}}
{"target": -9.889729508376039, "params": {"C": 24.98578609681998, "gamma": 0.6562474611309304}, "datetime": {"datetime": "2021-06-20 13:44:05", "elapsed": 647.469346, "delta": 2.611664}}
{"target": -9.90370717549538, "params": {"C": 24.29081530374761, "gamma": 0.6896499252345423}, "datetime": {"datetime": "2021-06-20 13:44:08", "elapsed": 650.678348, "delta": 3.209002}}
{"target": -10.035227684168483, "params": {"C": 20.232557416348804, "gamma": 0.5}, "datetime": {"datetime": "2021-06-20 13:44:12", "elapsed": 655.068944, "delta": 4.390596}}
{"target": -10.019933093802019, "params": {"C": 20.98774728957042, "gamma": 0.5}, "datetime": {"datetime": "2021-06-20 13:44:15", "elapsed": 657.428679, "delta": 2.359735}}
{"target": -10.032824073230852, "params": {"C": 16.21703603692294, "gamma": 0.8184865002679413}, "datetime": {"datetime": "2021-06-20 13:44:18", "elapsed": 660.94328, "delta": 3.514601}}
{"target": -9.936642443108017, "params": {"C": 21.981803065891345, "gamma": 0.7442735758913311}, "datetime": {"datetime": "2021-06-20 13:44:21", "elapsed": 663.979284, "delta": 3.036004}}
{"target": -9.92757579283969, "params": {"C": 22.248821590382942, "gamma": 0.6048004595618727}, "datetime": {"datetime": "2021-06-20 13:44:24", "elapsed": 666.732581, "delta": 2.753297}}
{"target": -9.919068112827738, "params": {"C": 22.755185137108064, "gamma": 0.6119171782009518}, "datetime": {"datetime": "2021-06-20 13:44:27", "elapsed": 669.296577, "delta": 2.563996}}
{"target": -9.899535289129584, "params": {"C": 24.210815841472403, "gamma": 0.6298328277288157}, "datetime": {"datetime": "2021-06-20 13:44:30", "elapsed": 672.523182, "delta": 3.226605}}
{"target": -9.888635151797356, "params": {"C": 24.969966591146612, "gamma": 0.6504461978390308}, "datetime": {"datetime": "2021-06-20 13:44:32", "elapsed": 675.121185, "delta": 2.598003}}
{"target": -9.889064612178233, "params": {"C": 24.962046081095874, "gamma": 0.6523240290082486}, "datetime": {"datetime": "2021-06-20 13:44:35", "elapsed": 677.756438, "delta": 2.635253}}
{"target": -9.910851024100431, "params": {"C": 23.899987832880385, "gamma": 0.6017544010169782}, "datetime": {"datetime": "2021-06-20 13:44:39", "elapsed": 681.908046, "delta": 4.151608}}
{"target": -10.079992673357554, "params": {"C": 21.448015798892413, "gamma": 0.9987031974638774}, "datetime": {"datetime": "2021-06-20 13:44:43", "elapsed": 685.414045, "delta": 3.505999}}
{"target": -9.927873915084362, "params": {"C": 20.845250893122632, "gamma": 0.6925834132996855}, "datetime": {"datetime": "2021-06-20 13:44:47", "elapsed": 689.485678, "delta": 4.071633}}
{"target": -9.888932185298868, "params": {"C": 24.889264662971183, "gamma": 0.6498792349304026}, "datetime": {"datetime": "2021-06-20 13:44:50", "elapsed": 692.25131, "delta": 2.765632}}
{"target": -9.889269026403282, "params": {"C": 24.98995722189453, "gamma": 0.6540464490114025}, "datetime": {"datetime": "2021-06-20 13:44:53", "elapsed": 695.251307, "delta": 2.999997}}
{"target": -9.897827713527468, "params": {"C": 24.28926112503479, "gamma": 0.6338668089197862}, "datetime": {"datetime": "2021-06-20 13:44:58", "elapsed": 700.47903, "delta": 5.227723}}
{"target": -9.888685880166513, "params": {"C": 24.990005111474645, "gamma": 0.6447282743661753}, "datetime": {"datetime": "2021-06-20 13:45:01", "elapsed": 704.141692, "delta": 3.662662}}
{"target": -9.888526817402523, "params": {"C": 24.972083637541637, "gamma": 0.6499800397259416}, "datetime": {"datetime": "2021-06-20 13:45:06", "elapsed": 709.1457, "delta": 5.004008}}
{"target": -9.89043644573682, "params": {"C": 24.908811570904827, "gamma": 0.6577680437509421}, "datetime": {"datetime": "2021-06-20 13:45:12", "elapsed": 714.606699, "delta": 5.460999}}
{"target": -9.890485718977953, "params": {"C": 24.87904020037965, "gamma": 0.6419729713537383}, "datetime": {"datetime": "2021-06-20 13:45:16", "elapsed": 718.67732, "delta": 4.070621}}
{"target": -9.888068999984235, "params": {"C": 24.985673923136684, "gamma": 0.6481410118680688}, "datetime": {"datetime": "2021-06-20 13:45:21", "elapsed": 723.544821, "delta": 4.867501}}
{"target": -9.890188755980176, "params": {"C": 24.980309813546896, "gamma": 0.6584511509232399}, "datetime": {"datetime": "2021-06-20 13:45:24", "elapsed": 726.835165, "delta": 3.290344}}
{"target": -9.888332597351427, "params": {"C": 24.98409111269234, "gamma": 0.6493488720558676}, "datetime": {"datetime": "2021-06-20 13:45:27", "elapsed": 730.080167, "delta": 3.245002}}
{"target": -9.888656428162529, "params": {"C": 24.984453976916797, "gamma": 0.6509081878562875}, "datetime": {"datetime": "2021-06-20 13:45:30", "elapsed": 732.692791, "delta": 2.612624}}
{"target": -9.889730509298085, "params": {"C": 24.972887453373513, "gamma": 0.6559081339421371}, "datetime": {"datetime": "2021-06-20 13:45:36", "elapsed": 738.264378, "delta": 5.571587}}
{"target": -9.889899670204176, "params": {"C": 24.994433889002497, "gamma": 0.6573485966840984}, "datetime": {"datetime": "2021-06-20 13:45:40", "elapsed": 742.661541, "delta": 4.397163}}
{"target": -9.888205698402256, "params": {"C": 24.981089222326368, "gamma": 0.6465378954867282}, "datetime": {"datetime": "2021-06-20 13:45:45", "elapsed": 747.599781, "delta": 4.93824}}
{"target": -9.889709000022194, "params": {"C": 24.97968199958923, "gamma": 0.655980531339726}, "datetime": {"datetime": "2021-06-20 13:45:49", "elapsed": 751.638368, "delta": 4.038587}}
{"target": -9.889406457669415, "params": {"C": 24.96182932671382, "gamma": 0.6539978222487812}, "datetime": {"datetime": "2021-06-20 13:45:54", "elapsed": 756.38501, "delta": 4.746642}}
{"target": -9.88916830901034, "params": {"C": 24.990021747479602, "gamma": 0.6535489123820964}, "datetime": {"datetime": "2021-06-20 13:45:57", "elapsed": 759.874009, "delta": 3.488999}}
{"target": -9.88835458097959, "params": {"C": 24.965574612181285, "gamma": 0.6464976844315373}, "datetime": {"datetime": "2021-06-20 13:46:03", "elapsed": 765.708275, "delta": 5.834266}}
{"target": -9.888017487777162, "params": {"C": 24.979850358438156, "gamma": 0.6471786289136006}, "datetime": {"datetime": "2021-06-20 13:46:07", "elapsed": 769.689923, "delta": 3.981648}}
{"target": -9.888666110394523, "params": {"C": 24.99359129101132, "gamma": 0.6446905730419495}, "datetime": {"datetime": "2021-06-20 13:46:12", "elapsed": 774.478628, "delta": 4.788705}}
{"target": -9.888522033964467, "params": {"C": 24.903020938511844, "gamma": 0.6477362852173143}, "datetime": {"datetime": "2021-06-20 13:46:15", "elapsed": 778.088297, "delta": 3.609669}}
{"target": -9.889439195897182, "params": {"C": 24.900945258828433, "gamma": 0.6448118357023405}, "datetime": {"datetime": "2021-06-20 13:46:19", "elapsed": 781.743903, "delta": 3.655606}}
{"target": -9.888305432254471, "params": {"C": 24.968414809490866, "gamma": 0.6465757184276207}, "datetime": {"datetime": "2021-06-20 13:46:24", "elapsed": 786.597707, "delta": 4.853804}}
{"target": -9.888403306029472, "params": {"C": 24.99554923810656, "gamma": 0.6499670830229444}, "datetime": {"datetime": "2021-06-20 13:46:28", "elapsed": 790.53071, "delta": 3.933003}}
{"target": -9.888899567101857, "params": {"C": 24.95836728294598, "gamma": 0.6514303183437093}, "datetime": {"datetime": "2021-06-20 13:46:31", "elapsed": 793.680696, "delta": 3.149986}}
{"target": -9.888407412466524, "params": {"C": 24.978393360476595, "gamma": 0.6495655156357044}, "datetime": {"datetime": "2021-06-20 13:46:35", "elapsed": 797.61939, "delta": 3.938694}}
{"target": -9.889107619539285, "params": {"C": 24.99917117450769, "gamma": 0.6430859851803551}, "datetime": {"datetime": "2021-06-20 13:46:38", "elapsed": 801.016391, "delta": 3.397001}}
{"target": -9.89008846437213, "params": {"C": 24.962934168808253, "gamma": 0.6574595065596179}, "datetime": {"datetime": "2021-06-20 13:46:42", "elapsed": 804.402389, "delta": 3.385998}}
{"target": -9.88903638558204, "params": {"C": 24.97849655045161, "gamma": 0.6526041659458652}, "datetime": {"datetime": "2021-06-20 13:46:46", "elapsed": 808.359081, "delta": 3.956692}}
{"target": -9.888218880163393, "params": {"C": 24.99508035237725, "gamma": 0.6460987518464167}, "datetime": {"datetime": "2021-06-20 13:46:50", "elapsed": 812.372373, "delta": 4.013292}}
{"target": -9.888227041443992, "params": {"C": 24.992791796530348, "gamma": 0.6461372757199786}, "datetime": {"datetime": "2021-06-20 13:46:53", "elapsed": 815.899469, "delta": 3.527096}}
{"target": -9.888866806458372, "params": {"C": 24.985577654344517, "gamma": 0.6442639870619098}, "datetime": {"datetime": "2021-06-20 13:46:56", "elapsed": 818.82747, "delta": 2.928001}}
{"target": -9.890150852772948, "params": {"C": 24.91123781844989, "gamma": 0.6563856219423763}, "datetime": {"datetime": "2021-06-20 13:47:01", "elapsed": 823.447548, "delta": 4.620078}}
{"target": -9.888767975561272, "params": {"C": 24.997984387600013, "gamma": 0.6442331611303769}, "datetime": {"datetime": "2021-06-20 13:47:04", "elapsed": 826.605185, "delta": 3.157637}}
{"target": -9.888200275858615, "params": {"C": 24.981476032873275, "gamma": 0.6486584311843883}, "datetime": {"datetime": "2021-06-20 13:47:08", "elapsed": 830.160192, "delta": 3.555007}}
{"target": -9.88932394817836, "params": {"C": 24.976281245934672, "gamma": 0.6430288029965101}, "datetime": {"datetime": "2021-06-20 13:47:13", "elapsed": 835.346966, "delta": 5.186774}}
{"target": -9.887817797182834, "params": {"C": 24.999603647315173, "gamma": 0.6472965141311304}, "datetime": {"datetime": "2021-06-20 13:47:18", "elapsed": 840.461552, "delta": 5.114586}}
{"target": -9.890079654239, "params": {"C": 24.876696975645615, "gamma": 0.643395860223245}, "datetime": {"datetime": "2021-06-20 13:47:22", "elapsed": 844.234182, "delta": 3.77263}}
{"target": -9.889533854449471, "params": {"C": 24.98418057273482, "gamma": 0.6552176545809403}, "datetime": {"datetime": "2021-06-20 13:47:24", "elapsed": 847.025183, "delta": 2.791001}}
{"target": -9.889576197039395, "params": {"C": 24.946610652279034, "gamma": 0.6544439496846151}, "datetime": {"datetime": "2021-06-20 13:47:30", "elapsed": 852.506375, "delta": 5.481192}}
{"target": -9.888887878592534, "params": {"C": 24.98665746266584, "gamma": 0.6441642684495041}, "datetime": {"datetime": "2021-06-20 13:47:34", "elapsed": 856.586158, "delta": 4.079783}}
{"target": -9.89122544135212, "params": {"C": 24.99664779033968, "gamma": 0.6360269858456091}, "datetime": {"datetime": "2021-06-20 13:47:37", "elapsed": 859.608158, "delta": 3.022}}
{"target": -9.888645340996078, "params": {"C": 24.996344705351873, "gamma": 0.6446798509310814}, "datetime": {"datetime": "2021-06-20 13:47:42", "elapsed": 864.337462, "delta": 4.729304}}
{"target": -9.88940218901195, "params": {"C": 24.87970351435821, "gamma": 0.6518860901564394}, "datetime": {"datetime": "2021-06-20 13:47:45", "elapsed": 867.355135, "delta": 3.017673}}
{"target": -9.889666021091319, "params": {"C": 24.882891617894742, "gamma": 0.6445852504266147}, "datetime": {"datetime": "2021-06-20 13:47:48", "elapsed": 870.311136, "delta": 2.956001}}
{"target": -9.888207530050439, "params": {"C": 24.970454139861225, "gamma": 0.6484266663403191}, "datetime": {"datetime": "2021-06-20 13:47:51", "elapsed": 873.901883, "delta": 3.590747}}
{"target": -9.888377421075106, "params": {"C": 24.97528888002332, "gamma": 0.6493470861199413}, "datetime": {"datetime": "2021-06-20 13:47:54", "elapsed": 876.601027, "delta": 2.699144}}
{"target": -9.889047627008969, "params": {"C": 24.973298208659134, "gamma": 0.6525268222339295}, "datetime": {"datetime": "2021-06-20 13:47:57", "elapsed": 879.348029, "delta": 2.747002}}
{"target": -10.020533935990136, "params": {"C": 56.2183525531633, "gamma": 0.860162246721079}, "datetime": {"datetime": "2021-06-20 14:41:09", "elapsed": 0.0, "delta": 0.0}}
{"target": -9.889102552960995, "params": {"C": 24.9085895487826, "gamma": 0.6511662863159199}, "datetime": {"datetime": "2021-06-20 14:41:09", "elapsed": 0.291993, "delta": 0.291993}}
{"target": -9.84462509262633, "params": {"C": 35.921367400365185, "gamma": 0.5461692973843989}, "datetime": {"datetime": "2021-06-20 14:41:09", "elapsed": 0.571995, "delta": 0.280002}}
{"target": -9.841021514595383, "params": {"C": 38.88814187446308, "gamma": 0.6727803635215239}, "datetime": {"datetime": "2021-06-20 14:41:09", "elapsed": 0.926994, "delta": 0.354999}}
{"target": -9.92297224725806, "params": {"C": 54.69723731472331, "gamma": 0.7694083670016785}, "datetime": {"datetime": "2021-06-20 14:41:10", "elapsed": 1.234996, "delta": 0.308002}}
{"target": -10.00319392644205, "params": {"C": 56.38150803168743, "gamma": 0.8426097501983798}, "datetime": {"datetime": "2021-06-20 14:41:10", "elapsed": 1.540003, "delta": 0.305007}}
{"target": -10.068776725161593, "params": {"C": 40.254363954836954, "gamma": 0.9390587181954727}, "datetime": {"datetime": "2021-06-20 14:41:10", "elapsed": 1.841994, "delta": 0.301991}}
{"target": -9.953207144014112, "params": {"C": 26.956808249164254, "gamma": 0.8352337550892011}, "datetime": {"datetime": "2021-06-20 14:41:11", "elapsed": 2.139995, "delta": 0.298001}}
{"target": -9.937948157923305, "params": {"C": 56.23959065777123, "gamma": 0.7793449142228759}, "datetime": {"datetime": "2021-06-20 14:41:11", "elapsed": 2.453993, "delta": 0.313998}}
