{"target": -10.773404442926854, "params": {"C": 9.557463959142027, "gamma": 0.6274949660677155}, "datetime": {"datetime": "2021-06-19 15:08:37", "elapsed": 88.729291, "delta": 1.464358}}
{"target": -10.777499290577705, "params": {"C": 9.435452408338492, "gamma": 0.6380340581049154}, "datetime": {"datetime": "2021-06-19 15:08:38", "elapsed": 89.848229, "delta": 1.118938}}
{"target": -10.766200597293512, "params": {"C": 9.787906651606349, "gamma": 0.6212816733117587}, "datetime": {"datetime": "2021-06-19 15:08:40", "elapsed": 91.293765, "delta": 1.445536}}
{"target": -10.771974346495346, "params": {"C": 9.945447203071875, "gamma": 0.5818370167341387}, "datetime": {"datetime": "2021-06-19 15:08:41", "elapsed": 92.565632, "delta": 1.271867}}
{"target": -11.870417062161632, "params": {"C": 3.9571554799166764, "gamma": 0.5422622429941817}, "datetime": {"datetime": "2021-06-19 15:08:42", "elapsed": 93.799766, "delta": 1.234134}}
{"target": -10.76454115663352, "params": {"C": 9.931415665339816, "gamma": 0.6562030216968022}, "datetime": {"datetime": "2021-06-19 15:08:44", "elapsed": 95.509036, "delta": 1.70927}}
{"target": -10.75570138339654, "params": {"C": 9.999999979530983, "gamma": 0.6357022887067529}, "datetime": {"datetime": "2021-06-19 15:08:46", "elapsed": 97.228517, "delta": 1.719481}}
{"target": -10.761054651828546, "params": {"C": 9.998130060031114, "gamma": 0.6533924357294238}, "datetime": {"datetime": "2021-06-19 15:08:47", "elapsed": 98.539957, "delta": 1.31144}}
{"target": -10.757021971432447, "params": {"C": 9.936224290796916, "gamma": 0.6356500124510018}, "datetime": {"datetime": "2021-06-19 15:08:48", "elapsed": 99.574131, "delta": 1.034174}}
{"target": -11.073309814457584, "params": {"C": 10.0, "gamma": 0.29509511224868606}, "datetime": {"datetime": "2021-06-19 15:08:49", "elapsed": 100.628041, "delta": 1.05391}}
{"target": -10.76432054100891, "params": {"C": 9.966252547342387, "gamma": 0.6580405645832116}, "datetime": {"datetime": "2021-06-19 15:08:50", "elapsed": 101.818895, "delta": 1.190854}}
{"target": -10.75793904852743, "params": {"C": 9.88471605260797, "gamma": 0.6379626104118055}, "datetime": {"datetime": "2021-06-19 15:08:52", "elapsed": 103.142446, "delta": 1.323551}}
{"target": -10.760615646440815, "params": {"C": 9.953288288653964, "gamma": 0.6190619245975985}, "datetime": {"datetime": "2021-06-19 15:08:54", "elapsed": 105.521316, "delta": 2.37887}}
{"target": -10.834375227638755, "params": {"C": 8.905657739015231, "gamma": 0.5469406663529962}, "datetime": {"datetime": "2021-06-19 15:08:55", "elapsed": 106.723922, "delta": 1.202606}}
{"target": -10.761725535807555, "params": {"C": 9.905540469210306, "gamma": 0.6216389702008358}, "datetime": {"datetime": "2021-06-19 15:08:56", "elapsed": 107.88728, "delta": 1.163358}}
{"target": -10.7664758224595, "params": {"C": 9.935329680448774, "gamma": 0.660506156585999}, "datetime": {"datetime": "2021-06-19 15:08:58", "elapsed": 109.217118, "delta": 1.329838}}
{"target": -10.756203443858016, "params": {"C": 9.976301914410154, "gamma": 0.6355465779796557}, "datetime": {"datetime": "2021-06-19 15:09:00", "elapsed": 111.090572, "delta": 1.873454}}
{"target": -10.775326151719716, "params": {"C": 9.604849448802714, "gamma": 0.657003426120979}, "datetime": {"datetime": "2021-06-19 15:09:01", "elapsed": 112.19146, "delta": 1.100888}}
{"target": -10.7619323349676, "params": {"C": 9.958727480767802, "gamma": 0.612680317636224}, "datetime": {"datetime": "2021-06-19 15:09:02", "elapsed": 113.9747, "delta": 1.78324}}
{"target": -10.762669404622052, "params": {"C": 9.832704102454539, "gamma": 0.6282960229685796}, "datetime": {"datetime": "2021-06-19 15:09:04", "elapsed": 115.509808, "delta": 1.535108}}
{"target": -10.76369323721634, "params": {"C": 9.741354676121063, "gamma": 0.6368185546533286}, "datetime": {"datetime": "2021-06-19 15:09:06", "elapsed": 117.735993, "delta": 2.226185}}
{"target": -16.405828047053834, "params": {"C": 4.245973465951096, "gamma": 0.012347511503658638}, "datetime": {"datetime": "2021-06-19 15:09:08", "elapsed": 119.326108, "delta": 1.590115}}
{"target": -12.097922854468987, "params": {"C": 3.7401146482757253, "gamma": 0.9623749150233057}, "datetime": {"datetime": "2021-06-19 15:09:09", "elapsed": 120.764844, "delta": 1.438736}}
{"target": -11.84303117563764, "params": {"C": 4.157640714637815, "gamma": 0.8400234079544222}, "datetime": {"datetime": "2021-06-19 15:09:10", "elapsed": 121.991955, "delta": 1.227111}}
{"target": -10.875807399677644, "params": {"C": 8.707556787818756, "gamma": 0.8763355658328438}, "datetime": {"datetime": "2021-06-19 15:09:12", "elapsed": 123.148134, "delta": 1.156179}}
{"target": -10.75692741233708, "params": {"C": 9.947127536649367, "gamma": 0.6332476585245896}, "datetime": {"datetime": "2021-06-19 15:09:13", "elapsed": 124.992386, "delta": 1.844252}}
{"target": -10.763520560440398, "params": {"C": 9.827953499480582, "gamma": 0.6258884996715692}, "datetime": {"datetime": "2021-06-19 15:09:15", "elapsed": 126.405237, "delta": 1.412851}}
{"target": -10.764540942853735, "params": {"C": 9.86110054986392, "gamma": 0.6168195002283198}, "datetime": {"datetime": "2021-06-19 15:09:16", "elapsed": 127.876586, "delta": 1.471349}}
{"target": -10.771518316940238, "params": {"C": 9.713117564324847, "gamma": 0.6075352372996148}, "datetime": {"datetime": "2021-06-19 15:09:18", "elapsed": 129.327317, "delta": 1.450731}}
{"target": -10.76182379648469, "params": {"C": 9.892299737612914, "gamma": 0.6231465288060555}, "datetime": {"datetime": "2021-06-19 15:09:20", "elapsed": 131.437801, "delta": 2.110484}}
{"target": -10.760341385930094, "params": {"C": 9.823315585341614, "gamma": 0.6422663524555488}, "datetime": {"datetime": "2021-06-19 15:09:21", "elapsed": 132.779948, "delta": 1.342147}}
{"target": -10.757268579831107, "params": {"C": 9.908884599100043, "gamma": 0.6400907236352532}, "datetime": {"datetime": "2021-06-19 15:09:23", "elapsed": 134.38005, "delta": 1.600102}}
{"target": -10.764830418400635, "params": {"C": 9.9727962170781, "gamma": 0.6595696815961559}, "datetime": {"datetime": "2021-06-19 15:09:24", "elapsed": 135.538565, "delta": 1.158515}}
{"target": -10.763602898838727, "params": {"C": 9.884128376862073, "gamma": 0.6172424741843076}, "datetime": {"datetime": "2021-06-19 15:09:26", "elapsed": 137.138178, "delta": 1.599613}}
{"target": -10.821910348735825, "params": {"C": 9.92414178266419, "gamma": 0.9251833407019305}, "datetime": {"datetime": "2021-06-19 15:09:27", "elapsed": 138.491687, "delta": 1.353509}}
{"target": -10.770012889393552, "params": {"C": 9.957740050958856, "gamma": 0.6702423397992201}, "datetime": {"datetime": "2021-06-19 15:09:29", "elapsed": 140.703003, "delta": 2.211316}}
{"target": -10.757549796794894, "params": {"C": 10.0, "gamma": 0.6466929069471858}, "datetime": {"datetime": "2021-06-19 15:09:30", "elapsed": 141.975248, "delta": 1.272245}}
{"target": -10.763753160586187, "params": {"C": 9.869508517183055, "gamma": 0.6188809716162246}, "datetime": {"datetime": "2021-06-19 15:09:32", "elapsed": 143.322464, "delta": 1.347216}}
{"target": -10.768061119379524, "params": {"C": 9.802628231455481, "gamma": 0.6096730079461357}, "datetime": {"datetime": "2021-06-19 15:09:33", "elapsed": 144.97998, "delta": 1.657516}}
{"target": -10.760077094962451, "params": {"C": 9.896593846138558, "gamma": 0.6287404968576608}, "datetime": {"datetime": "2021-06-19 15:09:35", "elapsed": 146.745226, "delta": 1.765246}}
{"target": -10.76232889078722, "params": {"C": 9.959178617168668, "gamma": 0.6107494378263373}, "datetime": {"datetime": "2021-06-19 15:09:37", "elapsed": 148.681696, "delta": 1.93647}}
{"target": -10.769643443288334, "params": {"C": 9.761633152557046, "gamma": 0.6087859681633784}, "datetime": {"datetime": "2021-06-19 15:09:38", "elapsed": 149.900935, "delta": 1.219239}}
{"target": -10.76340932656738, "params": {"C": 9.756202307866614, "gamma": 0.6426922880012944}, "datetime": {"datetime": "2021-06-19 15:09:40", "elapsed": 151.364266, "delta": 1.463331}}
{"target": -10.757168312301058, "params": {"C": 9.927350663086136, "gamma": 0.6420709932839885}, "datetime": {"datetime": "2021-06-19 15:09:41", "elapsed": 152.984581, "delta": 1.620315}}
{"target": -10.772427676444625, "params": {"C": 9.997241114356857, "gamma": 0.6800647884281542}, "datetime": {"datetime": "2021-06-19 15:09:43", "elapsed": 154.311941, "delta": 1.32736}}
{"target": -10.759351794159244, "params": {"C": 9.941260432261835, "gamma": 0.625374349663542}, "datetime": {"datetime": "2021-06-19 15:09:45", "elapsed": 156.158615, "delta": 1.846674}}
{"target": -10.755905515000522, "params": {"C": 9.972350873675195, "gamma": 0.640123560624973}, "datetime": {"datetime": "2021-06-19 15:09:46", "elapsed": 157.6658, "delta": 1.507185}}
{"target": -10.756710490761362, "params": {"C": 9.999514364136909, "gamma": 0.6267710143066487}, "datetime": {"datetime": "2021-06-19 15:09:48", "elapsed": 159.08426, "delta": 1.41846}}
{"target": -10.764617270036167, "params": {"C": 9.805383142344118, "gamma": 0.648844314460397}, "datetime": {"datetime": "2021-06-19 15:09:49", "elapsed": 160.519183, "delta": 1.434923}}
{"target": -12.268913584091766, "params": {"C": 3.075412032769018, "gamma": 0.4599291884058663}, "datetime": {"datetime": "2021-06-19 15:09:50", "elapsed": 161.799609, "delta": 1.280426}}
{"target": -10.76772702877418, "params": {"C": 9.829239002022794, "gamma": 0.6561205203825475}, "datetime": {"datetime": "2021-06-19 15:09:52", "elapsed": 163.920293, "delta": 2.120684}}
{"target": -23.458121780232947, "params": {"C": 6.415834652625654, "gamma": 0.001}, "datetime": {"datetime": "2021-06-19 15:09:54", "elapsed": 165.442863, "delta": 1.52257}}
{"target": -11.227323854375532, "params": {"C": 7.397908245086066, "gamma": 0.36300651487832675}, "datetime": {"datetime": "2021-06-19 15:09:55", "elapsed": 166.81523, "delta": 1.372367}}
{"target": -12.114889808344632, "params": {"C": 6.7148740318969615, "gamma": 1.5399125954827109}, "datetime": {"datetime": "2021-06-19 15:09:57", "elapsed": 168.265349, "delta": 1.450119}}
{"target": -11.914893628152555, "params": {"C": 8.427834132897436, "gamma": 0.08624140087270626}, "datetime": {"datetime": "2021-06-19 15:09:59", "elapsed": 170.126334, "delta": 1.860985}}
{"target": -11.085538773770605, "params": {"C": 7.112112008097978, "gamma": 0.5032662825483167}, "datetime": {"datetime": "2021-06-19 15:10:00", "elapsed": 171.896519, "delta": 1.770185}}
{"target": -11.155998227866665, "params": {"C": 8.342910297743927, "gamma": 1.1213661789460772}, "datetime": {"datetime": "2021-06-19 15:10:02", "elapsed": 173.355132, "delta": 1.458613}}
{"target": -11.934788924348757, "params": {"C": 7.428664651583696, "gamma": 1.4931942805058591}, "datetime": {"datetime": "2021-06-19 15:10:03", "elapsed": 174.723941, "delta": 1.368809}}
{"target": -12.473938148011191, "params": {"C": 10.0, "gamma": 1.7758115691768686}, "datetime": {"datetime": "2021-06-19 15:10:05", "elapsed": 176.12046, "delta": 1.396519}}
{"target": -12.501096553485189, "params": {"C": 8.143618460700422, "gamma": 1.804357300061332}, "datetime": {"datetime": "2021-06-19 15:10:06", "elapsed": 177.381334, "delta": 1.260874}}
{"target": -11.017953327214363, "params": {"C": 9.29325074054823, "gamma": 1.0854157049465547}, "datetime": {"datetime": "2021-06-19 15:10:08", "elapsed": 179.215438, "delta": 1.834104}}
{"target": -10.933780728075405, "params": {"C": 7.387263536951217, "gamma": 0.7549654543703852}, "datetime": {"datetime": "2021-06-19 15:10:09", "elapsed": 180.886382, "delta": 1.670944}}
{"target": -11.174655368002568, "params": {"C": 6.245304204299851, "gamma": 0.6299067824083902}, "datetime": {"datetime": "2021-06-19 15:10:11", "elapsed": 182.619945, "delta": 1.733563}}
{"target": -21.831297678158062, "params": {"C": 9.276918760059152, "gamma": 0.001}, "datetime": {"datetime": "2021-06-19 15:10:12", "elapsed": 183.923035, "delta": 1.30309}}
{"target": -16.346494671215392, "params": {"C": 4.920392934074798, "gamma": 3.8871500370352927}, "datetime": {"datetime": "2021-06-19 15:10:14", "elapsed": 185.101127, "delta": 1.178092}}
{"target": -11.036772236540664, "params": {"C": 9.813982569188545, "gamma": 0.32132972445972313}, "datetime": {"datetime": "2021-06-19 15:10:15", "elapsed": 186.373649, "delta": 1.272522}}
{"target": -21.50058338842092, "params": {"C": 10.0, "gamma": 0.001}, "datetime": {"datetime": "2021-06-19 15:10:16", "elapsed": 187.812973, "delta": 1.439324}}
{"target": -11.265105999606547, "params": {"C": 7.288731287480848, "gamma": 1.0918445756258186}, "datetime": {"datetime": "2021-06-19 15:10:18", "elapsed": 189.056112, "delta": 1.243139}}
{"target": -11.227055432433813, "params": {"C": 7.660261971947039, "gamma": 1.1050256344974718}, "datetime": {"datetime": "2021-06-19 15:10:19", "elapsed": 190.320879, "delta": 1.264767}}
{"target": -11.081145462268104, "params": {"C": 9.641148687475248, "gamma": 0.30717911715438306}, "datetime": {"datetime": "2021-06-19 15:10:20", "elapsed": 191.703921, "delta": 1.383042}}
{"target": -20.806947176587485, "params": {"C": 3.860405504205809, "gamma": 8.648461714852901}, "datetime": {"datetime": "2021-06-19 15:10:21", "elapsed": 192.744656, "delta": 1.040735}}
{"target": -11.410681680034351, "params": {"C": 8.151629225821893, "gamma": 0.20410618424514818}, "datetime": {"datetime": "2021-06-19 15:10:23", "elapsed": 194.559508, "delta": 1.814852}}
{"target": -11.091087289912384, "params": {"C": 8.668230946701373, "gamma": 1.1039320811869187}, "datetime": {"datetime": "2021-06-19 15:10:25", "elapsed": 196.095511, "delta": 1.536003}}
{"target": -11.820118176215514, "params": {"C": 9.525111098451024, "gamma": 1.4768883365102234}, "datetime": {"datetime": "2021-06-19 15:10:27", "elapsed": 198.070408, "delta": 1.974897}}
{"target": -11.659189373474536, "params": {"C": 6.47585596006311, "gamma": 0.17639721349448217}, "datetime": {"datetime": "2021-06-19 15:10:28", "elapsed": 199.206146, "delta": 1.135738}}
{"target": -11.38158647976649, "params": {"C": 6.548424968195063, "gamma": 0.3461061748142793}, "datetime": {"datetime": "2021-06-19 15:10:29", "elapsed": 200.284969, "delta": 1.078823}}
{"target": -11.069693656206619, "params": {"C": 8.025188769995141, "gamma": 1.0225605087252878}, "datetime": {"datetime": "2021-06-19 15:10:30", "elapsed": 201.974331, "delta": 1.689362}}
{"target": -11.4963274835072, "params": {"C": 6.396336693728624, "gamma": 0.2915492452519935}, "datetime": {"datetime": "2021-06-19 15:10:32", "elapsed": 203.465938, "delta": 1.491607}}
{"target": -11.087673069107716, "params": {"C": 7.960192855678126, "gamma": 0.4095473421262713}, "datetime": {"datetime": "2021-06-19 15:10:33", "elapsed": 204.757681, "delta": 1.291743}}
{"target": -11.59283049176766, "params": {"C": 6.631562698699563, "gamma": 0.20903075817359215}, "datetime": {"datetime": "2021-06-19 15:10:35", "elapsed": 206.222514, "delta": 1.464833}}
{"target": -11.113233344173775, "params": {"C": 8.404233181397712, "gamma": 0.35619254721208277}, "datetime": {"datetime": "2021-06-19 15:10:36", "elapsed": 207.805578, "delta": 1.583064}}
{"target": -11.130736757713418, "params": {"C": 7.725073552866678, "gamma": 0.4009520806908667}, "datetime": {"datetime": "2021-06-19 15:10:38", "elapsed": 209.417768, "delta": 1.61219}}
{"target": -10.924503838128667, "params": {"C": 8.243321250040898, "gamma": 0.9178705111474448}, "datetime": {"datetime": "2021-06-19 15:10:39", "elapsed": 210.774885, "delta": 1.357117}}
{"target": -11.130805751374915, "params": {"C": 8.964341784843675, "gamma": 1.1437839586605247}, "datetime": {"datetime": "2021-06-19 15:10:41", "elapsed": 212.732664, "delta": 1.957779}}
{"target": -11.083275301805275, "params": {"C": 8.801714256093168, "gamma": 0.34811937599387094}, "datetime": {"datetime": "2021-06-19 15:10:42", "elapsed": 213.824679, "delta": 1.092015}}
{"target": -11.428862051239248, "params": {"C": 9.847253358247405, "gamma": 1.3004701261830431}, "datetime": {"datetime": "2021-06-19 15:10:44", "elapsed": 215.766147, "delta": 1.941468}}
{"target": -10.945498923692988, "params": {"C": 9.804404867404472, "gamma": 1.0548978699029508}, "datetime": {"datetime": "2021-06-19 15:10:45", "elapsed": 216.978653, "delta": 1.212506}}
{"target": -11.528423081961886, "params": {"C": 7.024601127487119, "gamma": 1.24608378985406}, "datetime": {"datetime": "2021-06-19 15:10:47", "elapsed": 218.497669, "delta": 1.519016}}
{"target": -11.464388294519704, "params": {"C": 6.7047193710574, "gamma": 1.170881029761039}, "datetime": {"datetime": "2021-06-19 15:10:49", "elapsed": 220.278313, "delta": 1.780644}}
{"target": -15.748672289468182, "params": {"C": 1.0185105151862792, "gamma": 1.9220934925935163}, "datetime": {"datetime": "2021-06-19 15:10:50", "elapsed": 221.575667, "delta": 1.297354}}
{"target": -11.004005987245105, "params": {"C": 7.332740571941455, "gamma": 0.5408151699372216}, "datetime": {"datetime": "2021-06-19 15:10:52", "elapsed": 223.20414, "delta": 1.628473}}
{"target": -11.511286453098531, "params": {"C": 6.3723173582546915, "gamma": 1.1619330272023476}, "datetime": {"datetime": "2021-06-19 15:10:53", "elapsed": 224.713054, "delta": 1.508914}}
{"target": -11.030141743761034, "params": {"C": 7.21970026210359, "gamma": 0.870150591974976}, "datetime": {"datetime": "2021-06-19 15:10:55", "elapsed": 226.756377, "delta": 2.043323}}
{"target": -11.662258074426264, "params": {"C": 8.420330530623753, "gamma": 1.3965592012946484}, "datetime": {"datetime": "2021-06-19 15:10:57", "elapsed": 228.325486, "delta": 1.569109}}
{"target": -10.89024161544375, "params": {"C": 9.989398173047032, "gamma": 0.39866427725202935}, "datetime": {"datetime": "2021-06-19 15:10:58", "elapsed": 229.629264, "delta": 1.303778}}
{"target": -10.85938617241742, "params": {"C": 8.053008384342624, "gamma": 0.6143622103288908}, "datetime": {"datetime": "2021-06-19 15:11:00", "elapsed": 231.60834, "delta": 1.979076}}
{"target": -10.89840326532561, "params": {"C": 9.527061415367905, "gamma": 1.018861047788834}, "datetime": {"datetime": "2021-06-19 15:11:02", "elapsed": 233.241634, "delta": 1.633294}}
{"target": -11.630934544598242, "params": {"C": 5.887738632971325, "gamma": 1.1759781225473522}, "datetime": {"datetime": "2021-06-19 15:11:04", "elapsed": 235.142793, "delta": 1.901159}}
{"target": -10.967081718956976, "params": {"C": 8.481325690365573, "gamma": 0.9855016712612927}, "datetime": {"datetime": "2021-06-19 15:11:05", "elapsed": 236.693677, "delta": 1.550884}}
{"target": -11.055563205528868, "params": {"C": 7.846876782429601, "gamma": 0.9898366387868877}, "datetime": {"datetime": "2021-06-19 15:11:07", "elapsed": 238.331602, "delta": 1.637925}}
{"target": -11.01645575317997, "params": {"C": 6.935884949963843, "gamma": 0.6380108709728367}, "datetime": {"datetime": "2021-06-19 15:11:10", "elapsed": 241.151871, "delta": 2.820269}}
{"target": -11.299880014123847, "params": {"C": 9.40226871933722, "gamma": 1.2371444719155322}, "datetime": {"datetime": "2021-06-19 15:11:11", "elapsed": 242.499922, "delta": 1.348051}}
{"target": -11.742442486973834, "params": {"C": 7.334205318276795, "gamma": 0.10666962892658821}, "datetime": {"datetime": "2021-06-19 15:11:12", "elapsed": 243.827342, "delta": 1.32742}}
{"target": -11.549878003857755, "params": {"C": 6.490320554575606, "gamma": 0.2516874498705246}, "datetime": {"datetime": "2021-06-19 15:11:14", "elapsed": 245.601577, "delta": 1.774235}}
{"target": -11.207974184634834, "params": {"C": 6.769725494860339, "gamma": 0.4450860509137835}, "datetime": {"datetime": "2021-06-19 15:11:16", "elapsed": 247.284417, "delta": 1.68284}}
{"target": -11.156953970132307, "params": {"C": 6.770454509446194, "gamma": 0.9247574508010641}, "datetime": {"datetime": "2021-06-19 15:11:17", "elapsed": 248.914982, "delta": 1.630565}}
{"target": -11.660785594677227, "params": {"C": 7.715342804229557, "gamma": 1.3701604890063586}, "datetime": {"datetime": "2021-06-19 15:11:19", "elapsed": 250.787204, "delta": 1.872222}}
{"target": -11.421878774308258, "params": {"C": 7.477200486435487, "gamma": 1.2216297371316034}, "datetime": {"datetime": "2021-06-19 15:11:21", "elapsed": 252.207049, "delta": 1.419845}}
{"target": -20.345182782482464, "params": {"C": 3.7796698290783763, "gamma": 8.020585915325494}, "datetime": {"datetime": "2021-06-19 15:11:23", "elapsed": 254.95131, "delta": 1.185942}}
{"target": -11.521795292926617, "params": {"C": 5.609128623154488, "gamma": 0.38106091969225236}, "datetime": {"datetime": "2021-06-19 15:11:25", "elapsed": 256.669489, "delta": 1.718179}}
{"target": -11.09867792611745, "params": {"C": 6.661842508860303, "gamma": 0.57746013466873}, "datetime": {"datetime": "2021-06-19 15:11:27", "elapsed": 258.303601, "delta": 1.634112}}
{"target": -11.292885009857297, "params": {"C": 9.060873444957423, "gamma": 1.2293272650284957}, "datetime": {"datetime": "2021-06-19 15:11:28", "elapsed": 259.705542, "delta": 1.401941}}
{"target": -11.747295943349174, "params": {"C": 4.493930777669328, "gamma": 0.8948631621604972}, "datetime": {"datetime": "2021-06-19 15:11:30", "elapsed": 261.703403, "delta": 1.997861}}
{"target": -11.686020890635756, "params": {"C": 5.160598897661119, "gamma": 0.33361735338091697}, "datetime": {"datetime": "2021-06-19 15:11:32", "elapsed": 263.176937, "delta": 1.473534}}
{"target": -11.570163096935241, "params": {"C": 8.16851136078727, "gamma": 1.3490427394628985}, "datetime": {"datetime": "2021-06-19 15:11:33", "elapsed": 264.613934, "delta": 1.436997}}
{"target": -10.930780961236247, "params": {"C": 8.96322808887089, "gamma": 0.4361707545794692}, "datetime": {"datetime": "2021-06-19 15:11:35", "elapsed": 266.339909, "delta": 1.725975}}
{"target": -11.881344428853787, "params": {"C": 6.147612286183044, "gamma": 1.36361015481727}, "datetime": {"datetime": "2021-06-19 15:11:37", "elapsed": 268.141675, "delta": 1.801766}}
