{"target": -22.478452702647626, "params": {"C": 7.008271664030009, "gamma": 0.001}, "datetime": {"datetime": "2021-06-19 14:24:14", "elapsed": 192.280221, "delta": 1.127}}
{"target": -10.852497096023999, "params": {"C": 6.997139136856348, "gamma": 0.6895955446030487}, "datetime": {"datetime": "2021-06-19 14:24:15", "elapsed": 193.50782, "delta": 1.227599}}
{"target": -10.98996919185794, "params": {"C": 7.575358205228225, "gamma": 0.5297005470012977}, "datetime": {"datetime": "2021-06-19 14:24:16", "elapsed": 194.553821, "delta": 1.046001}}
{"target": -11.768130954662508, "params": {"C": 7.946082710507162, "gamma": 0.2179217095070977}, "datetime": {"datetime": "2021-06-19 14:24:18", "elapsed": 195.994826, "delta": 1.441005}}
{"target": -15.093355733821365, "params": {"C": 2.7121531070845033, "gamma": 4.682983836936354}, "datetime": {"datetime": "2021-06-19 14:24:19", "elapsed": 197.702203, "delta": 1.707377}}
{"target": -12.396382285823435, "params": {"C": 8.400963075940979, "gamma": 2.853447913301207}, "datetime": {"datetime": "2021-06-19 14:24:20", "elapsed": 198.874622, "delta": 1.172419}}
{"target": -10.912225641014999, "params": {"C": 7.274192739266134, "gamma": 0.5999004451799762}, "datetime": {"datetime": "2021-06-19 14:24:22", "elapsed": 200.114379, "delta": 1.239757}}
{"target": -11.609550822275974, "params": {"C": 5.147895979490965, "gamma": 1.609783600378146}, "datetime": {"datetime": "2021-06-19 14:24:23", "elapsed": 201.866246, "delta": 1.751867}}
{"target": -12.074419522696962, "params": {"C": 6.789671770257995, "gamma": 2.3453234325896033}, "datetime": {"datetime": "2021-06-19 14:24:25", "elapsed": 203.285771, "delta": 1.419525}}
{"target": -11.203469701918712, "params": {"C": 7.396996540012951, "gamma": 1.5489657539988542}, "datetime": {"datetime": "2021-06-19 14:24:26", "elapsed": 204.644151, "delta": 1.35838}}
{"target": -11.137287643547364, "params": {"C": 8.11208420884494, "gamma": 1.5582355130906929}, "datetime": {"datetime": "2021-06-19 14:24:27", "elapsed": 205.87151, "delta": 1.227359}}
{"target": -11.577282273951212, "params": {"C": 3.9812638253625865, "gamma": 1.1956668421878525}, "datetime": {"datetime": "2021-06-19 14:24:29", "elapsed": 207.307081, "delta": 1.435571}}
{"target": -11.73390463061707, "params": {"C": 5.9838008094770885, "gamma": 1.8757588744203186}, "datetime": {"datetime": "2021-06-19 14:24:30", "elapsed": 208.610797, "delta": 1.303716}}
{"target": -11.224800840497696, "params": {"C": 8.937439724450575, "gamma": 0.3544025195079009}, "datetime": {"datetime": "2021-06-19 14:24:32", "elapsed": 210.51265, "delta": 1.901853}}
{"target": -10.773956786929936, "params": {"C": 8.639892634305756, "gamma": 1.2095090603974146}, "datetime": {"datetime": "2021-06-19 14:24:34", "elapsed": 212.133258, "delta": 1.620608}}
{"target": -10.924374131264194, "params": {"C": 10.0, "gamma": 1.5178355425298307}, "datetime": {"datetime": "2021-06-19 14:24:35", "elapsed": 213.236319, "delta": 1.103061}}
{"target": -10.690167263146579, "params": {"C": 8.290968588140386, "gamma": 1.0394776423890753}, "datetime": {"datetime": "2021-06-19 14:24:36", "elapsed": 214.483947, "delta": 1.247628}}
{"target": -16.995308036849814, "params": {"C": 5.206617888879295, "gamma": 8.331294013638106}, "datetime": {"datetime": "2021-06-19 14:24:37", "elapsed": 215.73453, "delta": 1.250583}}
{"target": -10.898636458250612, "params": {"C": 6.512804182136499, "gamma": 0.999396394477471}, "datetime": {"datetime": "2021-06-19 14:24:39", "elapsed": 217.392849, "delta": 1.658319}}
{"target": -11.518980071977438, "params": {"C": 6.926891740669177, "gamma": 1.7913211009853502}, "datetime": {"datetime": "2021-06-19 14:24:40", "elapsed": 218.966169, "delta": 1.57332}}
{"target": -12.973351484226145, "params": {"C": 6.035635016896962, "gamma": 3.1900067690958873}, "datetime": {"datetime": "2021-06-19 14:24:42", "elapsed": 220.572758, "delta": 1.606589}}
{"target": -12.534319044399755, "params": {"C": 10.0, "gamma": 3.1296651799993076}, "datetime": {"datetime": "2021-06-19 14:24:44", "elapsed": 222.278167, "delta": 1.705409}}
{"target": -10.696270330279365, "params": {"C": 8.070919241796142, "gamma": 1.0211809942482388}, "datetime": {"datetime": "2021-06-19 14:24:45", "elapsed": 223.45019, "delta": 1.172023}}
{"target": -10.59407894369933, "params": {"C": 9.967025465092638, "gamma": 1.0942290262493344}, "datetime": {"datetime": "2021-06-19 14:24:47", "elapsed": 225.672743, "delta": 2.222553}}
{"target": -10.551257777904215, "params": {"C": 9.65714627148577, "gamma": 0.699371918266602}, "datetime": {"datetime": "2021-06-19 14:24:49", "elapsed": 227.709859, "delta": 2.037116}}
{"target": -12.766232645341564, "params": {"C": 2.4572607324660583, "gamma": 1.8086496541460058}, "datetime": {"datetime": "2021-06-19 14:24:51", "elapsed": 229.356472, "delta": 1.646613}}
{"target": -10.55657534634477, "params": {"C": 9.424805372900137, "gamma": 0.7366287567175911}, "datetime": {"datetime": "2021-06-19 14:24:52", "elapsed": 230.945864, "delta": 1.589392}}
{"target": -37.161115309011066, "params": {"C": 0.001, "gamma": 10.0}, "datetime": {"datetime": "2021-06-19 14:24:54", "elapsed": 232.852413, "delta": 1.906549}}
{"target": -10.568230520072461, "params": {"C": 9.08626364118962, "gamma": 0.9392720539281026}, "datetime": {"datetime": "2021-06-19 14:24:56", "elapsed": 234.441693, "delta": 1.58928}}
{"target": -10.489177309509495, "params": {"C": 9.990622578712955, "gamma": 0.8908755723854255}, "datetime": {"datetime": "2021-06-19 14:24:57", "elapsed": 235.88436, "delta": 1.442667}}
{"target": -10.596128674037777, "params": {"C": 9.456588105106045, "gamma": 1.0412419150288252}, "datetime": {"datetime": "2021-06-19 14:24:59", "elapsed": 237.588831, "delta": 1.704471}}
{"target": -10.487258423858949, "params": {"C": 9.929926736329037, "gamma": 0.8279131820756838}, "datetime": {"datetime": "2021-06-19 14:25:01", "elapsed": 239.757516, "delta": 2.168685}}
{"target": -10.494131874890677, "params": {"C": 9.834046103852899, "gamma": 0.8649086855384067}, "datetime": {"datetime": "2021-06-19 14:25:03", "elapsed": 241.378691, "delta": 1.621175}}
{"target": -10.48178330340974, "params": {"C": 9.987668682355606, "gamma": 0.8558097441186726}, "datetime": {"datetime": "2021-06-19 14:25:04", "elapsed": 242.649907, "delta": 1.271216}}
{"target": -10.49026352151929, "params": {"C": 9.881138317901918, "gamma": 0.8489373737707767}, "datetime": {"datetime": "2021-06-19 14:25:06", "elapsed": 244.417634, "delta": 1.767727}}
{"target": -10.522519293832236, "params": {"C": 9.52602306316789, "gamma": 0.8242616984683875}, "datetime": {"datetime": "2021-06-19 14:25:08", "elapsed": 246.006773, "delta": 1.589139}}
{"target": -10.551691837793626, "params": {"C": 9.173608920293939, "gamma": 0.8528110410940879}, "datetime": {"datetime": "2021-06-19 14:25:09", "elapsed": 247.479604, "delta": 1.472831}}
{"target": -10.489914015869147, "params": {"C": 9.885585314037218, "gamma": 0.8534790347908008}, "datetime": {"datetime": "2021-06-19 14:25:11", "elapsed": 249.06548, "delta": 1.585876}}
{"target": -10.487701620875848, "params": {"C": 9.92514069702779, "gamma": 0.8272962308829523}, "datetime": {"datetime": "2021-06-19 14:25:13", "elapsed": 251.172192, "delta": 2.106712}}
{"target": -10.490894084258558, "params": {"C": 9.87327463645175, "gamma": 0.8454701827092334}, "datetime": {"datetime": "2021-06-19 14:25:14", "elapsed": 252.838775, "delta": 1.666583}}
{"target": -10.4865977984729, "params": {"C": 9.997396652142392, "gamma": 0.7987902060100505}, "datetime": {"datetime": "2021-06-19 14:25:16", "elapsed": 254.846776, "delta": 2.008001}}
{"target": -10.482566200561312, "params": {"C": 9.978613869448564, "gamma": 0.8691926134185487}, "datetime": {"datetime": "2021-06-19 14:25:18", "elapsed": 256.474929, "delta": 1.628153}}
{"target": -10.516419082256089, "params": {"C": 9.60079237978031, "gamma": 0.8977414090324015}, "datetime": {"datetime": "2021-06-19 14:25:20", "elapsed": 258.521802, "delta": 2.046873}}
{"target": -10.487718514462081, "params": {"C": 9.914060477722215, "gamma": 0.8674884667841672}, "datetime": {"datetime": "2021-06-19 14:25:21", "elapsed": 259.935803, "delta": 1.414001}}
{"target": -10.487507595737833, "params": {"C": 9.917498876108208, "gamma": 0.8732484615978877}, "datetime": {"datetime": "2021-06-19 14:25:23", "elapsed": 261.545803, "delta": 1.61}}
{"target": -10.490731294971123, "params": {"C": 9.93951632462933, "gamma": 0.8874741112500814}, "datetime": {"datetime": "2021-06-19 14:25:25", "elapsed": 263.286319, "delta": 1.740516}}
{"target": -10.486067425945818, "params": {"C": 9.933819259657707, "gamma": 0.8479995787819844}, "datetime": {"datetime": "2021-06-19 14:25:26", "elapsed": 264.717584, "delta": 1.431265}}
{"target": -10.482171245710415, "params": {"C": 9.983777649934309, "gamma": 0.838329716023004}, "datetime": {"datetime": "2021-06-19 14:25:28", "elapsed": 266.57525, "delta": 1.857666}}
{"target": -10.494685672189027, "params": {"C": 9.979942889844214, "gamma": 0.9022390554701951}, "datetime": {"datetime": "2021-06-19 14:25:30", "elapsed": 268.232789, "delta": 1.657539}}
{"target": -10.483414175989138, "params": {"C": 9.983628067366237, "gamma": 0.8204817088899885}, "datetime": {"datetime": "2021-06-19 14:25:31", "elapsed": 269.621526, "delta": 1.388737}}
{"target": -10.49450816392585, "params": {"C": 9.846246399968603, "gamma": 0.8239190452599202}, "datetime": {"datetime": "2021-06-19 14:25:33", "elapsed": 271.254013, "delta": 1.632487}}
{"target": -10.481158489566965, "params": {"C": 9.995828280811248, "gamma": 0.8466056201174064}, "datetime": {"datetime": "2021-06-19 14:25:34", "elapsed": 272.773883, "delta": 1.51987}}
{"target": -10.502279676002722, "params": {"C": 9.903511124281533, "gamma": 0.9093097331173329}, "datetime": {"datetime": "2021-06-19 14:25:37", "elapsed": 275.051195, "delta": 2.277312}}
{"target": -10.747762339715209, "params": {"C": 7.4297173699121535, "gamma": 0.9284356745971387}, "datetime": {"datetime": "2021-06-19 14:25:39", "elapsed": 277.184201, "delta": 2.133006}}
{"target": -10.48197344579857, "params": {"C": 9.986083761424688, "gamma": 0.8400602861033573}, "datetime": {"datetime": "2021-06-19 14:25:41", "elapsed": 279.35919, "delta": 2.174989}}
{"target": -10.506326239258456, "params": {"C": 9.982769815352087, "gamma": 0.7406032536030055}, "datetime": {"datetime": "2021-06-19 14:25:44", "elapsed": 282.1608, "delta": 2.80161}}
{"target": -10.488755729913683, "params": {"C": 9.969350157793189, "gamma": 0.8869904486896808}, "datetime": {"datetime": "2021-06-19 14:25:45", "elapsed": 283.634045, "delta": 1.473245}}
{"target": -10.502836102834923, "params": {"C": 9.759497968879803, "gamma": 0.8170215738214619}, "datetime": {"datetime": "2021-06-19 14:25:47", "elapsed": 285.255766, "delta": 1.621721}}
{"target": -10.485041193765332, "params": {"C": 9.946675159561627, "gamma": 0.8505532129780367}, "datetime": {"datetime": "2021-06-19 14:25:48", "elapsed": 286.696899, "delta": 1.441133}}
{"target": -10.489741612273118, "params": {"C": 9.984335261730804, "gamma": 0.7919564860951335}, "datetime": {"datetime": "2021-06-19 14:25:49", "elapsed": 287.969523, "delta": 1.272624}}
{"target": -10.48531842493167, "params": {"C": 9.943757524801974, "gamma": 0.8650265030932642}, "datetime": {"datetime": "2021-06-19 14:25:51", "elapsed": 289.5588, "delta": 1.589277}}
{"target": -10.602170477485915, "params": {"C": 8.683548618961245, "gamma": 0.8332180683460972}, "datetime": {"datetime": "2021-06-19 14:25:53", "elapsed": 291.538383, "delta": 1.979583}}
{"target": -10.483934898567675, "params": {"C": 9.960724503648795, "gamma": 0.8598078929126047}, "datetime": {"datetime": "2021-06-19 14:25:55", "elapsed": 293.14327, "delta": 1.604887}}
{"target": -10.485983996629315, "params": {"C": 9.964312378136569, "gamma": 0.814224376494393}, "datetime": {"datetime": "2021-06-19 14:25:56", "elapsed": 294.990787, "delta": 1.847517}}
{"target": -10.494737951787094, "params": {"C": 9.953816752462432, "gamma": 0.7841966962665909}, "datetime": {"datetime": "2021-06-19 14:25:58", "elapsed": 296.425968, "delta": 1.435181}}
{"target": -10.485989299519918, "params": {"C": 9.953413799528786, "gamma": 0.8194699431402155}, "datetime": {"datetime": "2021-06-19 14:26:00", "elapsed": 298.084033, "delta": 1.658065}}
{"target": -10.489955960376705, "params": {"C": 9.921177228757506, "gamma": 0.811932058419373}, "datetime": {"datetime": "2021-06-19 14:26:01", "elapsed": 299.597464, "delta": 1.513431}}
{"target": -10.484586464699772, "params": {"C": 9.964236578798547, "gamma": 0.8257747137235063}, "datetime": {"datetime": "2021-06-19 14:26:04", "elapsed": 302.57594, "delta": 2.978476}}
{"target": -10.484585302747996, "params": {"C": 9.964536096356229, "gamma": 0.8254741031473342}, "datetime": {"datetime": "2021-06-19 14:26:06", "elapsed": 304.328129, "delta": 1.752189}}
{"target": -10.48544234802645, "params": {"C": 9.941904153862255, "gamma": 0.8611657306331544}, "datetime": {"datetime": "2021-06-19 14:26:08", "elapsed": 306.588457, "delta": 2.260328}}
{"target": -10.486196843398607, "params": {"C": 9.934072201985282, "gamma": 0.874408096659231}, "datetime": {"datetime": "2021-06-19 14:26:10", "elapsed": 308.635143, "delta": 2.046686}}
{"target": -10.489856195366496, "params": {"C": 9.955746122356496, "gamma": 0.8002432782534966}, "datetime": {"datetime": "2021-06-19 14:26:12", "elapsed": 310.297249, "delta": 1.662106}}
{"target": -14.594110111882678, "params": {"C": 7.88709940622762, "gamma": 5.255847417945937}, "datetime": {"datetime": "2021-06-19 14:26:14", "elapsed": 312.312076, "delta": 2.014827}}
{"target": -10.48421560983583, "params": {"C": 9.971182334732699, "gamma": 0.8232253333366618}, "datetime": {"datetime": "2021-06-19 14:26:16", "elapsed": 314.967002, "delta": 2.654926}}
{"target": -10.495906623659348, "params": {"C": 9.862230747158973, "gamma": 0.8883898965991188}, "datetime": {"datetime": "2021-06-19 14:26:18", "elapsed": 316.857373, "delta": 1.890371}}
{"target": -10.494535841587895, "params": {"C": 9.86994725971363, "gamma": 0.8108403317147612}, "datetime": {"datetime": "2021-06-19 14:26:20", "elapsed": 318.962796, "delta": 2.105423}}
{"target": -10.49000361682269, "params": {"C": 9.999540913056892, "gamma": 0.894022349367683}, "datetime": {"datetime": "2021-06-19 14:26:22", "elapsed": 320.940232, "delta": 1.977436}}
{"target": -10.482211957039206, "params": {"C": 9.982478178242166, "gamma": 0.8621950988056559}, "datetime": {"datetime": "2021-06-19 14:26:25", "elapsed": 323.252369, "delta": 2.312137}}
{"target": -10.497684330359878, "params": {"C": 9.890682538834547, "gamma": 0.8968131236808894}, "datetime": {"datetime": "2021-06-19 14:26:28", "elapsed": 326.138372, "delta": 2.886003}}
{"target": -10.483201051302373, "params": {"C": 9.969840833496272, "gamma": 0.8509536208761533}, "datetime": {"datetime": "2021-06-19 14:26:30", "elapsed": 328.869676, "delta": 2.731304}}
{"target": -10.483871589631745, "params": {"C": 9.97575408899275, "gamma": 0.8228211713007295}, "datetime": {"datetime": "2021-06-19 14:26:33", "elapsed": 331.532763, "delta": 2.663087}}
{"target": -10.495068620060623, "params": {"C": 9.973774080222494, "gamma": 0.7773864167131567}, "datetime": {"datetime": "2021-06-19 14:26:35", "elapsed": 333.121332, "delta": 1.588569}}
{"target": -10.485380927482325, "params": {"C": 9.964174294905098, "gamma": 0.8774531557084556}, "datetime": {"datetime": "2021-06-19 14:26:37", "elapsed": 335.382298, "delta": 2.260966}}
{"target": -10.496398198749581, "params": {"C": 9.944640528147392, "gamma": 0.7813742780089555}, "datetime": {"datetime": "2021-06-19 14:26:39", "elapsed": 337.759587, "delta": 2.377289}}
{"target": -10.48930453914728, "params": {"C": 9.953287907361766, "gamma": 0.8860663148228515}, "datetime": {"datetime": "2021-06-19 14:26:41", "elapsed": 339.735044, "delta": 1.975457}}
{"target": -10.48313529073631, "params": {"C": 9.971097224369188, "gamma": 0.8428568395321925}, "datetime": {"datetime": "2021-06-19 14:26:44", "elapsed": 342.295693, "delta": 2.560649}}
{"target": -10.4924272980017, "params": {"C": 9.921759718218253, "gamma": 0.8017923405213879}, "datetime": {"datetime": "2021-06-19 14:26:46", "elapsed": 344.752008, "delta": 2.456315}}
{"target": -10.483082210025676, "params": {"C": 9.97155199353053, "gamma": 0.8621775141306389}, "datetime": {"datetime": "2021-06-19 14:26:49", "elapsed": 347.564485, "delta": 2.812477}}
{"target": -10.485507516290962, "params": {"C": 9.940847523040185, "gamma": 0.8559348181521538}, "datetime": {"datetime": "2021-06-19 14:26:52", "elapsed": 350.610493, "delta": 3.046008}}
{"target": -10.49016545601692, "params": {"C": 9.883318822630503, "gamma": 0.8651645134071866}, "datetime": {"datetime": "2021-06-19 14:26:54", "elapsed": 352.410645, "delta": 1.800152}}
{"target": -10.484295644064446, "params": {"C": 9.969854911100024, "gamma": 0.8235922694170508}, "datetime": {"datetime": "2021-06-19 14:26:56", "elapsed": 354.679598, "delta": 2.268953}}
{"target": -10.496612855942693, "params": {"C": 9.837601855693334, "gamma": 0.8138955110334594}, "datetime": {"datetime": "2021-06-19 14:26:58", "elapsed": 356.585838, "delta": 1.90624}}
{"target": -10.495631191165021, "params": {"C": 9.814853603178928, "gamma": 0.859792108457337}, "datetime": {"datetime": "2021-06-19 14:27:00", "elapsed": 358.422433, "delta": 1.836595}}
{"target": -10.482683735391163, "params": {"C": 9.981308161374175, "gamma": 0.8322056072471812}, "datetime": {"datetime": "2021-06-19 14:27:02", "elapsed": 360.331298, "delta": 1.908865}}
{"target": -10.482611801085621, "params": {"C": 9.977227931406619, "gamma": 0.8541606612166849}, "datetime": {"datetime": "2021-06-19 14:27:05", "elapsed": 363.810634, "delta": 3.479336}}
{"target": -10.49676408719103, "params": {"C": 9.80265080541132, "gamma": 0.8717790485118541}, "datetime": {"datetime": "2021-06-19 14:27:08", "elapsed": 366.101445, "delta": 2.290811}}
{"target": -10.499563666485637, "params": {"C": 9.936507025182841, "gamma": 0.9075889721481035}, "datetime": {"datetime": "2021-06-19 14:27:10", "elapsed": 368.90334, "delta": 2.801895}}
{"target": -10.50048812631653, "params": {"C": 9.775542920273118, "gamma": 0.8228726850620237}, "datetime": {"datetime": "2021-06-19 14:27:13", "elapsed": 371.176673, "delta": 2.273333}}
{"target": -10.493244554478427, "params": {"C": 9.955344219980466, "gamma": 0.7887373306912705}, "datetime": {"datetime": "2021-06-19 14:27:15", "elapsed": 373.751326, "delta": 2.574653}}
{"target": -10.490646488369055, "params": {"C": 9.98220718933257, "gamma": 0.7895328516881613}, "datetime": {"datetime": "2021-06-19 14:27:17", "elapsed": 375.466331, "delta": 1.715005}}
{"target": -10.515093966008243, "params": {"C": 9.580582478517606, "gamma": 0.8772415230710318}, "datetime": {"datetime": "2021-06-19 14:27:19", "elapsed": 377.838946, "delta": 2.372615}}
{"target": -10.487630812543117, "params": {"C": 9.915419964890251, "gamma": 0.8695680890615176}, "datetime": {"datetime": "2021-06-19 14:27:23", "elapsed": 381.108644, "delta": 3.269698}}
{"target": -10.48105745516754, "params": {"C": 9.996815867133966, "gamma": 0.8556429644758554}, "datetime": {"datetime": "2021-06-19 14:27:25", "elapsed": 383.790239, "delta": 2.681595}}
{"target": -10.483349493419329, "params": {"C": 9.970796542464486, "gamma": 0.834958742600994}, "datetime": {"datetime": "2021-06-19 14:27:28", "elapsed": 386.437662, "delta": 2.647423}}
{"target": -10.488168056475642, "params": {"C": 9.907626128101896, "gamma": 0.8424828372382032}, "datetime": {"datetime": "2021-06-19 14:27:30", "elapsed": 388.802866, "delta": 2.365204}}
{"target": -10.499107021149403, "params": {"C": 9.789100275720244, "gamma": 0.8262995979067252}, "datetime": {"datetime": "2021-06-19 14:27:32", "elapsed": 390.424468, "delta": 1.621602}}
{"target": -10.484660889784832, "params": {"C": 9.972005872163948, "gamma": 0.8182133537854172}, "datetime": {"datetime": "2021-06-19 14:27:34", "elapsed": 392.630975, "delta": 2.206507}}
{"target": -10.490540169849982, "params": {"C": 9.943165897777154, "gamma": 0.8017523373498113}, "datetime": {"datetime": "2021-06-19 14:27:36", "elapsed": 394.407648, "delta": 1.776673}}
{"target": -10.493945173238412, "params": {"C": 9.96917063662362, "gamma": 0.7823658094045197}, "datetime": {"datetime": "2021-06-19 14:27:39", "elapsed": 397.893793, "delta": 3.486145}}
{"target": -10.485897306983878, "params": {"C": 9.990847774245594, "gamma": 0.8032525979982712}, "datetime": {"datetime": "2021-06-19 14:27:41", "elapsed": 399.847869, "delta": 1.954076}}
{"target": -10.487658906654243, "params": {"C": 9.91642501567126, "gamma": 0.8378653041024902}, "datetime": {"datetime": "2021-06-19 14:27:43", "elapsed": 401.492516, "delta": 1.644647}}
{"target": -10.489754287685713, "params": {"C": 9.889486920385131, "gamma": 0.8401036441585246}, "datetime": {"datetime": "2021-06-19 14:27:46", "elapsed": 404.753092, "delta": 3.260576}}
{"target": -10.505512764861967, "params": {"C": 9.793532127269652, "gamma": 0.7959665243325131}, "datetime": {"datetime": "2021-06-19 14:27:48", "elapsed": 406.474185, "delta": 1.721093}}
{"target": -10.50523280229143, "params": {"C": 9.828617652402198, "gamma": 0.9056607265015231}, "datetime": {"datetime": "2021-06-19 14:27:50", "elapsed": 408.446635, "delta": 1.97245}}
{"target": -10.486201252171323, "params": {"C": 9.93276323615838, "gamma": 0.8654348109561091}, "datetime": {"datetime": "2021-06-19 14:27:53", "elapsed": 411.093931, "delta": 2.647296}}
{"target": -10.487637305003418, "params": {"C": 9.991597107765894, "gamma": 0.7969635309740598}, "datetime": {"datetime": "2021-06-19 14:27:54", "elapsed": 412.930075, "delta": 1.836144}}
{"target": -10.48158518970654, "params": {"C": 9.99080752332077, "gamma": 0.8682393257664948}, "datetime": {"datetime": "2021-06-19 14:27:56", "elapsed": 414.820391, "delta": 1.890316}}
