{"target": -9.711188601407539, "params": {"C": 99.88207358967372, "gamma": 0.5023986330592682}, "datetime": {"datetime": "2021-06-20 15:06:20", "elapsed": 1511.128749, "delta": 7.487261}}
{"target": -9.710992639625243, "params": {"C": 99.61167780216229, "gamma": 0.5008076692324337}, "datetime": {"datetime": "2021-06-20 15:06:27", "elapsed": 1518.818423, "delta": 7.689674}}
{"target": -9.71288496897213, "params": {"C": 97.46083003385064, "gamma": 0.5001782864730873}, "datetime": {"datetime": "2021-06-20 15:06:35", "elapsed": 1526.351257, "delta": 7.532834}}
{"target": -9.711734020726702, "params": {"C": 98.63890996686251, "gamma": 0.5001053527408194}, "datetime": {"datetime": "2021-06-20 15:06:44", "elapsed": 1535.597725, "delta": 9.246468}}
{"target": -9.710589981422377, "params": {"C": 99.77667208797925, "gamma": 0.5000111521035218}, "datetime": {"datetime": "2021-06-20 15:06:52", "elapsed": 1543.874341, "delta": 8.276616}}
{"target": -9.710937565958549, "params": {"C": 99.86677618816961, "gamma": 0.5014844546920816}, "datetime": {"datetime": "2021-06-20 15:07:01", "elapsed": 1552.207693, "delta": 8.333352}}
{"target": -9.712279575073149, "params": {"C": 98.6149499167598, "gamma": 0.5017992755067504}, "datetime": {"datetime": "2021-06-20 15:07:11", "elapsed": 1562.340018, "delta": 10.132325}}
{"target": -9.712055184652424, "params": {"C": 98.5001504349107, "gamma": 0.5007046608486998}, "datetime": {"datetime": "2021-06-20 15:07:18", "elapsed": 1569.619342, "delta": 7.279324}}
{"target": -9.71124710645737, "params": {"C": 99.58477792079941, "gamma": 0.5015728247840623}, "datetime": {"datetime": "2021-06-20 15:07:28", "elapsed": 1579.610926, "delta": 9.991584}}
{"target": -9.712089127120668, "params": {"C": 98.26129790933538, "gamma": 0.5000756060365932}, "datetime": {"datetime": "2021-06-20 15:07:37", "elapsed": 1588.795544, "delta": 9.184618}}
{"target": -9.71237131784771, "params": {"C": 98.77050898129085, "gamma": 0.502612928428928}, "datetime": {"datetime": "2021-06-20 15:07:44", "elapsed": 1595.858776, "delta": 7.063232}}
{"target": -9.712064613752377, "params": {"C": 98.9601309864627, "gamma": 0.502220452414769}, "datetime": {"datetime": "2021-06-20 15:07:53", "elapsed": 1604.726086, "delta": 8.86731}}
{"target": -9.711631865208815, "params": {"C": 99.1347101494612, "gamma": 0.5013580393742874}, "datetime": {"datetime": "2021-06-20 15:08:01", "elapsed": 1612.767689, "delta": 8.041603}}
{"target": -9.711129470796388, "params": {"C": 99.8525956291665, "gamma": 0.5020919122711325}, "datetime": {"datetime": "2021-06-20 15:08:09", "elapsed": 1620.352634, "delta": 7.584945}}
{"target": -9.7125684918064, "params": {"C": 98.85063959953197, "gamma": 0.5035457583345435}, "datetime": {"datetime": "2021-06-20 15:08:23", "elapsed": 1634.222439, "delta": 13.869805}}
{"target": -9.711802617835627, "params": {"C": 99.00160618076586, "gamma": 0.5014866767372645}, "datetime": {"datetime": "2021-06-20 15:08:35", "elapsed": 1646.280742, "delta": 12.058303}}
{"target": -9.711802617835627, "params": {"C": 99.00160618076586, "gamma": 0.5014866767372645}, "datetime": {"datetime": "2021-06-20 15:08:45", "elapsed": 1656.786842, "delta": 10.5061}}
{"target": -9.711302114103622, "params": {"C": 99.99916118885591, "gamma": 0.5032102946214625}, "datetime": {"datetime": "2021-06-20 15:08:53", "elapsed": 1664.080497, "delta": 7.293655}}
{"target": -9.711747608941932, "params": {"C": 98.9835559273105, "gamma": 0.5012460459108401}, "datetime": {"datetime": "2021-06-20 15:09:01", "elapsed": 1672.894771, "delta": 8.814274}}
{"target": -9.711747608941932, "params": {"C": 98.9835559273105, "gamma": 0.5012460459108401}, "datetime": {"datetime": "2021-06-20 15:09:12", "elapsed": 1683.511139, "delta": 10.616368}}
{"target": -9.711747608941932, "params": {"C": 98.9835559273105, "gamma": 0.5012460459108401}, "datetime": {"datetime": "2021-06-20 15:09:24", "elapsed": 1695.563258, "delta": 12.052119}}
{"target": -9.711204211918925, "params": {"C": 99.29607601369082, "gamma": 0.5004717115267517}, "datetime": {"datetime": "2021-06-20 15:09:32", "elapsed": 1703.132737, "delta": 7.569479}}
{"target": -9.711883963151529, "params": {"C": 99.75890224644559, "gamma": 0.5043874942601652}, "datetime": {"datetime": "2021-06-20 15:09:40", "elapsed": 1711.045413, "delta": 7.912676}}
{"target": -9.712466132851926, "params": {"C": 98.08270199047581, "gamma": 0.5007263220261711}, "datetime": {"datetime": "2021-06-20 15:09:48", "elapsed": 1719.25913, "delta": 8.213717}}
{"target": -9.712743592406603, "params": {"C": 99.59209779161688, "gamma": 0.5068482885331249}, "datetime": {"datetime": "2021-06-20 15:10:00", "elapsed": 1731.592198, "delta": 12.333068}}
{"target": -9.712288335071442, "params": {"C": 98.734403688139, "gamma": 0.5022177015391485}, "datetime": {"datetime": "2021-06-20 15:10:10", "elapsed": 1741.498308, "delta": 9.90611}}
{"target": -9.711401328287373, "params": {"C": 99.06709639737767, "gamma": 0.5003796614621612}, "datetime": {"datetime": "2021-06-20 15:10:19", "elapsed": 1750.844531, "delta": 9.346223}}
{"target": -9.711671982529168, "params": {"C": 99.9129399996101, "gamma": 0.5042013401098939}, "datetime": {"datetime": "2021-06-20 15:10:29", "elapsed": 1760.871778, "delta": 10.027247}}
{"target": -9.71264153557261, "params": {"C": 97.7657905526479, "gamma": 0.5003215407207053}, "datetime": {"datetime": "2021-06-20 15:10:39", "elapsed": 1769.957089, "delta": 9.085311}}
{"target": -9.710857604519997, "params": {"C": 99.74651958771491, "gamma": 0.5008057283970512}, "datetime": {"datetime": "2021-06-20 15:10:46", "elapsed": 1777.801717, "delta": 7.844628}}
{"target": -9.71161628784192, "params": {"C": 99.74516027259529, "gamma": 0.5033977221575238}, "datetime": {"datetime": "2021-06-20 15:10:55", "elapsed": 1786.694499, "delta": 8.892782}}
{"target": -9.710564007881683, "params": {"C": 99.8796458530866, "gamma": 0.5002659457941909}, "datetime": {"datetime": "2021-06-20 15:11:05", "elapsed": 1796.840439, "delta": 10.14594}}
{"target": -9.711423248535247, "params": {"C": 99.14592271238675, "gamma": 0.5007054914567386}, "datetime": {"datetime": "2021-06-20 15:11:15", "elapsed": 1806.5249, "delta": 9.684461}}
{"target": -9.711220667710464, "params": {"C": 99.42394655455516, "gamma": 0.5009455445627717}, "datetime": {"datetime": "2021-06-20 15:11:24", "elapsed": 1815.703152, "delta": 9.178252}}
{"target": -9.712520755366059, "params": {"C": 98.13274128153668, "gamma": 0.5010544840920718}, "datetime": {"datetime": "2021-06-20 15:11:36", "elapsed": 1827.733975, "delta": 12.030823}}
{"target": -9.716315104107608, "params": {"C": 94.04033635561191, "gamma": 0.5010889726136714}, "datetime": {"datetime": "2021-06-20 15:11:46", "elapsed": 1837.019645, "delta": 9.28567}}
{"target": -9.712147957371494, "params": {"C": 99.76633118236381, "gamma": 0.5053556910207604}, "datetime": {"datetime": "2021-06-20 15:11:57", "elapsed": 1848.182645, "delta": 11.163}}
{"target": -9.711586618560151, "params": {"C": 99.07653306829042, "gamma": 0.5010180397479539}, "datetime": {"datetime": "2021-06-20 15:12:06", "elapsed": 1857.727803, "delta": 9.545158}}
{"target": -9.711750813446574, "params": {"C": 99.86041321963049, "gamma": 0.5042880110625829}, "datetime": {"datetime": "2021-06-20 15:12:15", "elapsed": 1866.804082, "delta": 9.076279}}
{"target": -9.711381667864305, "params": {"C": 99.05512844501544, "gamma": 0.5002772386240498}, "datetime": {"datetime": "2021-06-20 15:12:22", "elapsed": 1873.731657, "delta": 6.927575}}
{"target": -9.713420383977066, "params": {"C": 96.84402963325695, "gamma": 0.5000461790445199}, "datetime": {"datetime": "2021-06-20 15:12:29", "elapsed": 1880.626922, "delta": 6.895265}}
{"target": -9.712397471475859, "params": {"C": 99.79575560231498, "gamma": 0.5063699664789207}, "datetime": {"datetime": "2021-06-20 15:12:37", "elapsed": 1888.61118, "delta": 7.984258}}
{"target": -9.715691743735318, "params": {"C": 94.33915427485718, "gamma": 0.5000732390956117}, "datetime": {"datetime": "2021-06-20 15:12:45", "elapsed": 1896.46132, "delta": 7.85014}}
{"target": -9.711319461939967, "params": {"C": 99.80631489133233, "gamma": 0.5025844078559346}, "datetime": {"datetime": "2021-06-20 15:12:53", "elapsed": 1904.570946, "delta": 8.109626}}
{"target": -9.710986216092962, "params": {"C": 99.89338214582361, "gamma": 0.5017422701785941}, "datetime": {"datetime": "2021-06-20 15:13:01", "elapsed": 1912.510163, "delta": 7.939217}}
{"target": -9.711135081893193, "params": {"C": 99.52029629244464, "gamma": 0.500979733098492}, "datetime": {"datetime": "2021-06-20 15:13:09", "elapsed": 1920.03858, "delta": 7.528417}}
{"target": -9.712091102944132, "params": {"C": 98.71349964207383, "gamma": 0.5014996390374067}, "datetime": {"datetime": "2021-06-20 15:13:17", "elapsed": 1928.102951, "delta": 8.064371}}
{"target": -9.712091102944132, "params": {"C": 98.71349964207383, "gamma": 0.5014996390374067}, "datetime": {"datetime": "2021-06-20 15:13:25", "elapsed": 1936.368179, "delta": 8.265228}}
{"target": -9.71110464883517, "params": {"C": 99.5721691695255, "gamma": 0.5010509248735394}, "datetime": {"datetime": "2021-06-20 15:13:35", "elapsed": 1946.536076, "delta": 10.167897}}
{"target": -9.711864505924515, "params": {"C": 99.14566666177063, "gamma": 0.5021708446193067}, "datetime": {"datetime": "2021-06-20 15:13:45", "elapsed": 1956.42929, "delta": 9.893214}}
{"target": -9.711209917904911, "params": {"C": 99.84416768082068, "gamma": 0.502339261306983}, "datetime": {"datetime": "2021-06-20 15:13:53", "elapsed": 1964.615201, "delta": 8.185911}}
{"target": -9.71115020598116, "params": {"C": 99.3959111578427, "gamma": 0.500619134162701}, "datetime": {"datetime": "2021-06-20 15:14:03", "elapsed": 1974.309938, "delta": 9.694737}}
{"target": -9.710822693718004, "params": {"C": 99.6747926274193, "gamma": 0.5004496381787288}, "datetime": {"datetime": "2021-06-20 15:14:12", "elapsed": 1983.430791, "delta": 9.120853}}
{"target": -9.711668739279904, "params": {"C": 99.84976545146549, "gamma": 0.5039588299470201}, "datetime": {"datetime": "2021-06-20 15:14:24", "elapsed": 1994.997952, "delta": 11.567161}}
{"target": -9.711369162293131, "params": {"C": 99.05008519851157, "gamma": 0.5002203999537533}, "datetime": {"datetime": "2021-06-20 15:14:31", "elapsed": 2002.658827, "delta": 7.660875}}
{"target": -9.712465780794806, "params": {"C": 98.02745047984487, "gamma": 0.500556568046163}, "datetime": {"datetime": "2021-06-20 15:14:37", "elapsed": 2008.542473, "delta": 5.883646}}
{"target": -9.71237228505286, "params": {"C": 98.51690599926073, "gamma": 0.5017866938588313}, "datetime": {"datetime": "2021-06-20 15:14:46", "elapsed": 2017.67612, "delta": 9.133647}}
{"target": -9.713148977284966, "params": {"C": 97.3865678259256, "gamma": 0.500778653865029}, "datetime": {"datetime": "2021-06-20 15:14:55", "elapsed": 2026.330577, "delta": 8.654457}}
{"target": -9.711600469155446, "params": {"C": 98.80312299594843, "gamma": 0.5001888446821897}, "datetime": {"datetime": "2021-06-20 15:15:03", "elapsed": 2034.61929, "delta": 8.288713}}
{"target": -9.712234068280473, "params": {"C": 98.90194522815659, "gamma": 0.5025928093753089}, "datetime": {"datetime": "2021-06-20 15:15:13", "elapsed": 2043.982446, "delta": 9.363156}}
{"target": -9.711157469667446, "params": {"C": 99.35005310688976, "gamma": 0.5004932258354153}, "datetime": {"datetime": "2021-06-20 15:15:21", "elapsed": 2052.648764, "delta": 8.666318}}
{"target": -9.710714855537573, "params": {"C": 99.78861431493684, "gamma": 0.500467616381266}, "datetime": {"datetime": "2021-06-20 15:15:33", "elapsed": 2064.066377, "delta": 11.417613}}
{"target": -9.713691795201669, "params": {"C": 97.49802286474468, "gamma": 0.5028308817507352}, "datetime": {"datetime": "2021-06-20 15:15:44", "elapsed": 2075.446303, "delta": 11.379926}}
{"target": -9.713286105628573, "params": {"C": 97.16485438234741, "gamma": 0.5005537376211722}, "datetime": {"datetime": "2021-06-20 15:15:56", "elapsed": 2087.341505, "delta": 11.895202}}
{"target": -9.711275871712209, "params": {"C": 99.4957020868865, "gamma": 0.5013693310429517}, "datetime": {"datetime": "2021-06-20 15:16:05", "elapsed": 2096.389109, "delta": 9.047604}}
{"target": -9.711642149640614, "params": {"C": 99.32683530650792, "gamma": 0.5020331361884118}, "datetime": {"datetime": "2021-06-20 15:16:15", "elapsed": 2106.379127, "delta": 9.990018}}
{"target": -9.712259540096358, "params": {"C": 99.61024517725201, "gamma": 0.5051732907721709}, "datetime": {"datetime": "2021-06-20 15:16:25", "elapsed": 2116.678323, "delta": 10.299196}}
{"target": -9.710852961484168, "params": {"C": 99.91126845560717, "gamma": 0.5013489397588766}, "datetime": {"datetime": "2021-06-20 15:16:34", "elapsed": 2125.114682, "delta": 8.436359}}
{"target": -9.711948044282455, "params": {"C": 99.79562247555893, "gamma": 0.5047500713130034}, "datetime": {"datetime": "2021-06-20 15:16:44", "elapsed": 2135.148145, "delta": 10.033463}}
{"target": -9.712074253844849, "params": {"C": 98.49897502943807, "gamma": 0.5007624023806883}, "datetime": {"datetime": "2021-06-20 15:16:55", "elapsed": 2146.73493, "delta": 11.586785}}
{"target": -9.711212983894889, "params": {"C": 99.40899362387069, "gamma": 0.500870550096542}, "datetime": {"datetime": "2021-06-20 15:17:05", "elapsed": 2156.217186, "delta": 9.482256}}
{"target": -9.714559854357448, "params": {"C": 95.59910594684163, "gamma": 0.5000396205068561}, "datetime": {"datetime": "2021-06-20 15:17:20", "elapsed": 2171.443605, "delta": 15.226419}}
{"target": -9.711548286020207, "params": {"C": 99.72751091010713, "gamma": 0.5030984428341103}, "datetime": {"datetime": "2021-06-20 15:17:32", "elapsed": 2183.733801, "delta": 12.290196}}
{"target": -9.712335618131672, "params": {"C": 98.30936791824183, "gamma": 0.5010102178094531}, "datetime": {"datetime": "2021-06-20 15:17:44", "elapsed": 2195.24364, "delta": 11.509839}}
{"target": -9.712335618131672, "params": {"C": 98.30936791824183, "gamma": 0.5010102178094531}, "datetime": {"datetime": "2021-06-20 15:17:53", "elapsed": 2204.863754, "delta": 9.620114}}
{"target": -9.7111714447959, "params": {"C": 99.82684737675942, "gamma": 0.5021464523482349}, "datetime": {"datetime": "2021-06-20 15:18:06", "elapsed": 2217.297314, "delta": 12.43356}}
{"target": -9.711949329061959, "params": {"C": 98.88176622420144, "gamma": 0.5015795311958022}, "datetime": {"datetime": "2021-06-20 15:18:19", "elapsed": 2230.318583, "delta": 13.021269}}
{"target": -9.711118693158953, "params": {"C": 99.25441333775532, "gamma": 0.5000563720674704}, "datetime": {"datetime": "2021-06-20 15:18:31", "elapsed": 2242.291994, "delta": 11.973411}}
{"target": -9.711050831402435, "params": {"C": 99.53593280076208, "gamma": 0.5007503612508593}, "datetime": {"datetime": "2021-06-20 15:18:40", "elapsed": 2251.766607, "delta": 9.474613}}
{"target": -9.711050831402435, "params": {"C": 99.53593280076208, "gamma": 0.5007503612508593}, "datetime": {"datetime": "2021-06-20 15:18:52", "elapsed": 2263.865845, "delta": 12.099238}}
{"target": -9.71172653260087, "params": {"C": 99.69539936877962, "gamma": 0.5036043980484456}, "datetime": {"datetime": "2021-06-20 15:19:03", "elapsed": 2274.285135, "delta": 10.41929}}
{"target": -9.711820779618737, "params": {"C": 99.99903074635259, "gamma": 0.5050536013291342}, "datetime": {"datetime": "2021-06-20 15:19:15", "elapsed": 2285.94462, "delta": 11.659485}}
{"target": -9.710890297159757, "params": {"C": 99.51578027312831, "gamma": 0.5001512185701609}, "datetime": {"datetime": "2021-06-20 15:19:29", "elapsed": 2300.893777, "delta": 14.949157}}
{"target": -9.712371919851934, "params": {"C": 98.17396200297654, "gamma": 0.500706719942875}, "datetime": {"datetime": "2021-06-20 15:19:38", "elapsed": 2309.25277, "delta": 8.358993}}
{"target": -9.712873866886522, "params": {"C": 97.91769142690987, "gamma": 0.5015172792172555}, "datetime": {"datetime": "2021-06-20 15:19:50", "elapsed": 2321.442976, "delta": 12.190206}}
{"target": -9.711548776658551, "params": {"C": 98.89614732392002, "gamma": 0.5003150854292777}, "datetime": {"datetime": "2021-06-20 15:19:59", "elapsed": 2330.874333, "delta": 9.431357}}
{"target": -9.710986176935716, "params": {"C": 99.89329853431485, "gamma": 0.5017418468935496}, "datetime": {"datetime": "2021-06-20 15:20:11", "elapsed": 2342.466518, "delta": 11.592185}}
{"target": -9.712838111438504, "params": {"C": 97.91369090805969, "gamma": 0.5013908183042612}, "datetime": {"datetime": "2021-06-20 15:20:20", "elapsed": 2351.574659, "delta": 9.108141}}
{"target": -9.710761385335788, "params": {"C": 99.61830492296463, "gamma": 0.500059812927332}, "datetime": {"datetime": "2021-06-20 15:20:30", "elapsed": 2361.400289, "delta": 9.82563}}
{"target": -9.711975408239697, "params": {"C": 99.8242063305957, "gamma": 0.5049537950668357}, "datetime": {"datetime": "2021-06-20 15:20:44", "elapsed": 2375.791805, "delta": 14.391516}}
{"target": -9.712343699786585, "params": {"C": 98.1400451344426, "gamma": 0.5005129667312055}, "datetime": {"datetime": "2021-06-20 15:20:55", "elapsed": 2386.241136, "delta": 10.449331}}
{"target": -9.71155286581133, "params": {"C": 99.2182672970356, "gamma": 0.5013711758314893}, "datetime": {"datetime": "2021-06-20 15:21:05", "elapsed": 2396.761997, "delta": 10.520861}}
{"target": -9.712339442539026, "params": {"C": 98.80772521942092, "gamma": 0.5026304648490401}, "datetime": {"datetime": "2021-06-20 15:21:22", "elapsed": 2413.353343, "delta": 16.591346}}
{"target": -9.711710595842915, "params": {"C": 99.26678503716963, "gamma": 0.5020610038592179}, "datetime": {"datetime": "2021-06-20 15:21:35", "elapsed": 2426.620299, "delta": 13.266956}}
{"target": -9.712905905575651, "params": {"C": 97.43557334731446, "gamma": 0.500169226860516}, "datetime": {"datetime": "2021-06-20 15:21:46", "elapsed": 2437.799173, "delta": 11.178874}}
{"target": -9.712202629667582, "params": {"C": 99.80258575088575, "gamma": 0.505689050437273}, "datetime": {"datetime": "2021-06-20 15:21:59", "elapsed": 2450.659217, "delta": 12.860044}}
{"target": -9.71058405478129, "params": {"C": 99.93916717828233, "gamma": 0.5005328153343702}, "datetime": {"datetime": "2021-06-20 15:22:12", "elapsed": 2463.905911, "delta": 13.246694}}
{"target": -9.711303315816252, "params": {"C": 99.13880633703715, "gamma": 0.5002892308598461}, "datetime": {"datetime": "2021-06-20 15:22:26", "elapsed": 2477.351865, "delta": 13.445954}}
{"target": -9.71121502687338, "params": {"C": 99.41389003589788, "gamma": 0.500893514536153}, "datetime": {"datetime": "2021-06-20 15:22:38", "elapsed": 2489.651369, "delta": 12.299504}}
{"target": -9.711068968591675, "params": {"C": 99.95213036835693, "gamma": 0.5022315189213351}, "datetime": {"datetime": "2021-06-20 15:22:51", "elapsed": 2502.315336, "delta": 12.663967}}
{"target": -9.711735298865856, "params": {"C": 99.15049207804347, "gamma": 0.501754462650692}, "datetime": {"datetime": "2021-06-20 15:23:03", "elapsed": 2514.723718, "delta": 12.408382}}
{"target": -9.710992551714657, "params": {"C": 99.9631425271032, "gamma": 0.5020065641387467}, "datetime": {"datetime": "2021-06-20 15:23:16", "elapsed": 2526.96171, "delta": 12.237992}}
{"target": -9.713095018873434, "params": {"C": 97.71799285855687, "gamma": 0.5016066049215162}, "datetime": {"datetime": "2021-06-20 15:23:27", "elapsed": 2538.850761, "delta": 11.889051}}
{"target": -9.712660226977201, "params": {"C": 97.71026039645065, "gamma": 0.5002147948881756}, "datetime": {"datetime": "2021-06-20 15:23:41", "elapsed": 2552.496337, "delta": 13.645576}}
{"target": -9.710819758405306, "params": {"C": 99.80570719861265, "gamma": 0.5008774416860631}, "datetime": {"datetime": "2021-06-20 15:23:53", "elapsed": 2564.397954, "delta": 11.901617}}
{"target": -9.71095104401224, "params": {"C": 99.43773882066603, "gamma": 0.5000977015829531}, "datetime": {"datetime": "2021-06-20 15:24:02", "elapsed": 2573.931048, "delta": 9.533094}}
{"target": -9.71142446398094, "params": {"C": 99.64162901311715, "gamma": 0.502370824429642}, "datetime": {"datetime": "2021-06-20 15:24:11", "elapsed": 2582.912949, "delta": 8.981901}}
{"target": -9.71127962424611, "params": {"C": 99.74330500709439, "gamma": 0.5022272510333228}, "datetime": {"datetime": "2021-06-20 15:24:25", "elapsed": 2596.076268, "delta": 13.163319}}
{"target": -9.713317871508828, "params": {"C": 97.06918912844591, "gamma": 0.5003749160500008}, "datetime": {"datetime": "2021-06-20 15:24:36", "elapsed": 2607.606482, "delta": 11.530214}}
{"target": -9.712508615147481, "params": {"C": 97.8260278654694, "gamma": 0.5000854051937084}, "datetime": {"datetime": "2021-06-20 15:24:50", "elapsed": 2621.547367, "delta": 13.940885}}
{"target": -9.71261779647659, "params": {"C": 97.75002039416833, "gamma": 0.5002004257441319}, "datetime": {"datetime": "2021-06-20 15:25:01", "elapsed": 2632.253142, "delta": 10.705775}}
{"target": -9.71261779647659, "params": {"C": 97.75002039416833, "gamma": 0.5002004257441319}, "datetime": {"datetime": "2021-06-20 15:25:11", "elapsed": 2642.347607, "delta": 10.094465}}
{"target": -9.71067151612084, "params": {"C": 99.74378034430467, "gamma": 0.5001740018553416}, "datetime": {"datetime": "2021-06-20 15:25:24", "elapsed": 2655.230118, "delta": 12.882511}}
{"target": -9.711401263792268, "params": {"C": 99.0979349322854, "gamma": 0.5004784161915192}, "datetime": {"datetime": "2021-06-20 15:25:35", "elapsed": 2665.94544, "delta": 10.715322}}
{"target": -9.71155172291839, "params": {"C": 99.94708871080749, "gamma": 0.5039004914204819}, "datetime": {"datetime": "2021-06-20 15:25:51", "elapsed": 2681.965384, "delta": 16.019944}}
{"target": -9.710935729966081, "params": {"C": 99.42720278640087, "gamma": 0.5000131606350922}, "datetime": {"datetime": "2021-06-20 15:26:02", "elapsed": 2693.215897, "delta": 11.250513}}
{"target": -9.711279099600983, "params": {"C": 99.09724818023537, "gamma": 0.5000773895709236}, "datetime": {"datetime": "2021-06-20 15:26:14", "elapsed": 2705.265166, "delta": 12.049269}}
