{"target": -10.02003532776032, "params": {"C": 14.978419093660424, "gamma": 0.6966202853154737}, "datetime": {"datetime": "2021-06-20 13:17:58", "elapsed": 1397.246974, "delta": 8.237482}}
{"target": -10.019644746317933, "params": {"C": 14.98190483582469, "gamma": 0.6997350068527463}, "datetime": {"datetime": "2021-06-20 13:18:05", "elapsed": 1404.875226, "delta": 7.628252}}
{"target": -10.019203784778169, "params": {"C": 14.99973897517229, "gamma": 0.7117564257722306}, "datetime": {"datetime": "2021-06-20 13:18:15", "elapsed": 1414.547885, "delta": 9.672659}}
{"target": -10.019511434212678, "params": {"C": 14.983421847139654, "gamma": 0.7062133976083061}, "datetime": {"datetime": "2021-06-20 13:18:24", "elapsed": 1423.969817, "delta": 9.421932}}
{"target": -10.019342381721216, "params": {"C": 14.998826594261532, "gamma": 0.7210198288480401}, "datetime": {"datetime": "2021-06-20 13:18:31", "elapsed": 1430.363429, "delta": 6.393612}}
{"target": -10.019635525462348, "params": {"C": 14.984127025132809, "gamma": 0.7138571525516679}, "datetime": {"datetime": "2021-06-20 13:18:41", "elapsed": 1440.911781, "delta": 10.548352}}
{"target": -10.019186953058052, "params": {"C": 14.99261465849154, "gamma": 0.702279441552636}, "datetime": {"datetime": "2021-06-20 13:18:51", "elapsed": 1450.476222, "delta": 9.564441}}
{"target": -10.01922652363683, "params": {"C": 14.99052733671849, "gamma": 0.7017776432785238}, "datetime": {"datetime": "2021-06-20 13:19:02", "elapsed": 1461.97454, "delta": 11.498318}}
{"target": -10.019141347612255, "params": {"C": 14.99699345918421, "gamma": 0.7049784107571107}, "datetime": {"datetime": "2021-06-20 13:19:12", "elapsed": 1471.785164, "delta": 9.810624}}
{"target": -10.019126828998019, "params": {"C": 14.999949969167222, "gamma": 0.7078112469267298}, "datetime": {"datetime": "2021-06-20 13:19:23", "elapsed": 1482.133187, "delta": 10.348023}}
{"target": -10.01920931260645, "params": {"C": 14.992497898821078, "gamma": 0.7030599871829779}, "datetime": {"datetime": "2021-06-20 13:19:32", "elapsed": 1491.601287, "delta": 9.4681}}
{"target": -10.019810340393647, "params": {"C": 14.977260767940457, "gamma": 0.7138018675900267}, "datetime": {"datetime": "2021-06-20 13:19:41", "elapsed": 1500.39194, "delta": 8.790653}}
{"target": -10.019106339157496, "params": {"C": 14.995038606679309, "gamma": 0.7014537220278725}, "datetime": {"datetime": "2021-06-20 13:19:47", "elapsed": 1506.145121, "delta": 5.753181}}
{"target": -10.019046947558587, "params": {"C": 14.997385838456616, "gamma": 0.7014828809197823}, "datetime": {"datetime": "2021-06-20 13:19:57", "elapsed": 1516.432971, "delta": 10.28785}}
{"target": -10.019598138663504, "params": {"C": 14.976933835239445, "gamma": 0.7029600184439173}, "datetime": {"datetime": "2021-06-20 13:20:07", "elapsed": 1526.76978, "delta": 10.336809}}
{"target": -10.019589775330761, "params": {"C": 14.9881952584909, "gamma": 0.7182987136706676}, "datetime": {"datetime": "2021-06-20 13:20:16", "elapsed": 1535.612778, "delta": 8.842998}}
{"target": -10.019467161524203, "params": {"C": 14.986434475546403, "gamma": 0.7002470561343481}, "datetime": {"datetime": "2021-06-20 13:20:30", "elapsed": 1549.72713, "delta": 14.114352}}
{"target": -10.019616846518046, "params": {"C": 14.999472110070819, "gamma": 0.6947029286886768}, "datetime": {"datetime": "2021-06-20 13:20:42", "elapsed": 1561.55709, "delta": 11.82996}}
{"target": -10.019061384909648, "params": {"C": 14.999476258920888, "gamma": 0.7042170526070487}, "datetime": {"datetime": "2021-06-20 13:20:55", "elapsed": 1574.513208, "delta": 12.956118}}
{"target": -10.019271549182458, "params": {"C": 14.997159711732191, "gamma": 0.711881051443572}, "datetime": {"datetime": "2021-06-20 13:21:02", "elapsed": 1581.503787, "delta": 6.990579}}
{"target": -10.019132045519106, "params": {"C": 14.997457276140217, "gamma": 0.7004704607795904}, "datetime": {"datetime": "2021-06-20 13:21:14", "elapsed": 1593.703948, "delta": 12.200161}}
{"target": -10.01945334105729, "params": {"C": 14.999657976313735, "gamma": 0.6964123139445018}, "datetime": {"datetime": "2021-06-20 13:21:26", "elapsed": 1605.950353, "delta": 12.246405}}
{"target": -10.019268732661661, "params": {"C": 14.992316842832018, "gamma": 0.7005710639737417}, "datetime": {"datetime": "2021-06-20 13:21:38", "elapsed": 1617.680708, "delta": 11.730355}}
{"target": -10.019308074849743, "params": {"C": 14.99520246039485, "gamma": 0.7110874384300963}, "datetime": {"datetime": "2021-06-20 13:21:46", "elapsed": 1625.995995, "delta": 8.315287}}
{"target": -10.019237594913093, "params": {"C": 14.99631111263631, "gamma": 0.7087607768703608}, "datetime": {"datetime": "2021-06-20 13:21:54", "elapsed": 1633.352337, "delta": 7.356342}}
{"target": -10.01988292517129, "params": {"C": 14.969836896851682, "gamma": 0.707488408880548}, "datetime": {"datetime": "2021-06-20 13:22:04", "elapsed": 1643.266701, "delta": 9.914364}}
{"target": -10.019523173834065, "params": {"C": 14.988236234107564, "gamma": 0.7133816421302086}, "datetime": {"datetime": "2021-06-20 13:22:20", "elapsed": 1659.228032, "delta": 15.961331}}
{"target": -10.019378677407847, "params": {"C": 14.995635593057806, "gamma": 0.7166219585252558}, "datetime": {"datetime": "2021-06-20 13:22:34", "elapsed": 1673.184081, "delta": 13.956049}}
{"target": -10.01914687108763, "params": {"C": 14.996661492522701, "gamma": 0.7048528689525224}, "datetime": {"datetime": "2021-06-20 13:22:44", "elapsed": 1683.158354, "delta": 9.974273}}
{"target": -10.019186820897845, "params": {"C": 14.993775937005985, "gamma": 0.7034563604431202}, "datetime": {"datetime": "2021-06-20 13:22:55", "elapsed": 1694.161449, "delta": 11.003095}}
{"target": -10.019248988061083, "params": {"C": 14.996249245629002, "gamma": 0.7092786847631039}, "datetime": {"datetime": "2021-06-20 13:23:07", "elapsed": 1706.383787, "delta": 12.222338}}
{"target": -10.01956955524605, "params": {"C": 14.977716267273067, "gamma": 0.7026092126824219}, "datetime": {"datetime": "2021-06-20 13:23:18", "elapsed": 1718.042518, "delta": 11.658731}}
{"target": -10.019355473471386, "params": {"C": 14.989166996740785, "gamma": 0.7057234149255468}, "datetime": {"datetime": "2021-06-20 13:23:26", "elapsed": 1726.039201, "delta": 7.996683}}
{"target": -10.019424327494889, "params": {"C": 14.993747914598742, "gamma": 0.7163970265445947}, "datetime": {"datetime": "2021-06-20 13:23:37", "elapsed": 1736.943614, "delta": 10.904413}}
{"target": -10.019243743219764, "params": {"C": 14.995471143584837, "gamma": 0.7079867334627308}, "datetime": {"datetime": "2021-06-20 13:23:53", "elapsed": 1752.226749, "delta": 15.283135}}
{"target": -10.01946098918516, "params": {"C": 14.993453422750694, "gamma": 0.6982069559536905}, "datetime": {"datetime": "2021-06-20 13:24:04", "elapsed": 1763.517747, "delta": 11.290998}}
{"target": -10.019311490479582, "params": {"C": 14.996549406899195, "gamma": 0.6988591306761142}, "datetime": {"datetime": "2021-06-20 13:24:13", "elapsed": 1772.829678, "delta": 9.311931}}
{"target": -10.019218834121842, "params": {"C": 14.998309350681552, "gamma": 0.7105005169264298}, "datetime": {"datetime": "2021-06-20 13:24:23", "elapsed": 1782.896668, "delta": 10.06699}}
{"target": -10.019152663099536, "params": {"C": 14.993856298548735, "gamma": 0.7021557918994409}, "datetime": {"datetime": "2021-06-20 13:24:39", "elapsed": 1798.696666, "delta": 15.799998}}
{"target": -10.01908295760992, "params": {"C": 14.99786936069825, "gamma": 0.7034175866554283}, "datetime": {"datetime": "2021-06-20 13:24:48", "elapsed": 1807.16167, "delta": 8.465004}}
{"target": -10.019540786902436, "params": {"C": 14.984285972591788, "gamma": 0.708666489625684}, "datetime": {"datetime": "2021-06-20 13:24:59", "elapsed": 1818.96567, "delta": 11.804}}
{"target": -10.004276308957476, "params": {"C": 19.111922247495997, "gamma": 0.860162246721079}, "datetime": {"datetime": "2021-06-20 13:33:17", "elapsed": 0.0, "delta": 0.0}}
{"target": -10.031087580495658, "params": {"C": 14.901155185655183, "gamma": 0.6511662863159199}, "datetime": {"datetime": "2021-06-20 13:33:18", "elapsed": 0.313999, "delta": 0.313999}}
{"target": -10.067763741635387, "params": {"C": 16.382234497252842, "gamma": 0.5461692973843989}, "datetime": {"datetime": "2021-06-20 13:33:18", "elapsed": 0.639998, "delta": 0.325999}}
{"target": -9.981626469663702, "params": {"C": 16.78122813491448, "gamma": 0.6727803635215239}, "datetime": {"datetime": "2021-06-20 13:33:18", "elapsed": 0.966706, "delta": 0.326708}}
{"target": -9.970218104703788, "params": {"C": 18.907351489729766, "gamma": 0.7694083670016785}, "datetime": {"datetime": "2021-06-20 13:33:19", "elapsed": 1.280704, "delta": 0.313998}}
{"target": -9.994144481301017, "params": {"C": 19.133864595473277, "gamma": 0.8426097501983798}, "datetime": {"datetime": "2021-06-20 13:33:19", "elapsed": 1.586702, "delta": 0.305998}}
{"target": -10.084546247901647, "params": {"C": 16.964967722288325, "gamma": 0.9390587181954727}, "datetime": {"datetime": "2021-06-20 13:33:19", "elapsed": 1.913706, "delta": 0.327004}}
{"target": -10.060511086223705, "params": {"C": 15.176614691299054, "gamma": 0.8352337550892011}, "datetime": {"datetime": "2021-06-20 13:33:20", "elapsed": 2.282711, "delta": 0.369005}}
{"target": -9.971261446255488, "params": {"C": 19.11477850390798, "gamma": 0.7793449142228759}, "datetime": {"datetime": "2021-06-20 13:33:20", "elapsed": 2.655707, "delta": 0.372996}}
{"target": -10.021314659898946, "params": {"C": 16.31790807981186, "gamma": 0.5990507445424393}, "datetime": {"datetime": "2021-06-20 13:33:20", "elapsed": 2.940707, "delta": 0.285}}
{"target": -10.061002242945555, "params": {"C": 22.98752014362292, "gamma": 0.9841307878596988}, "datetime": {"datetime": "2021-06-20 13:33:21", "elapsed": 3.275708, "delta": 0.335001}}
{"target": -10.011245263998026, "params": {"C": 18.065584199408352, "gamma": 0.846161307834657}, "datetime": {"datetime": "2021-06-20 13:33:21", "elapsed": 3.58571, "delta": 0.310002}}
{"target": -10.030832024831366, "params": {"C": 23.751530438189988, "gamma": 0.9473033317519237}, "datetime": {"datetime": "2021-06-20 13:33:21", "elapsed": 3.885705, "delta": 0.299995}}
{"target": -10.113882264737823, "params": {"C": 15.758946534834758, "gamma": 0.5195273916164411}, "datetime": {"datetime": "2021-06-20 13:33:22", "elapsed": 4.183708, "delta": 0.298003}}
{"target": -10.090229124761276, "params": {"C": 16.615287237602146, "gamma": 0.9390712517147066}, "datetime": {"datetime": "2021-06-20 13:33:22", "elapsed": 4.80071, "delta": 0.617002}}
{"target": -9.996962740146694, "params": {"C": 15.893303021713805, "gamma": 0.7105538125025261}, "datetime": {"datetime": "2021-06-20 13:33:23", "elapsed": 5.15771, "delta": 0.357}}
{"target": -9.925049858586396, "params": {"C": 24.574684254520072, "gamma": 0.7665826424865085}, "datetime": {"datetime": "2021-06-20 13:33:23", "elapsed": 5.450707, "delta": 0.292997}}
{"target": -9.913299128863475, "params": {"C": 21.887958850899782, "gamma": 0.6577578155030315}, "datetime": {"datetime": "2021-06-20 13:33:23", "elapsed": 5.72871, "delta": 0.278003}}
{"target": -10.014507100918378, "params": {"C": 21.833659369583994, "gamma": 0.9173128359486864}, "datetime": {"datetime": "2021-06-20 13:33:23", "elapsed": 6.033359, "delta": 0.304649}}
{"target": -10.080070459256243, "params": {"C": 15.084711601176338, "gamma": 0.8750721574724838}, "datetime": {"datetime": "2021-06-20 13:33:24", "elapsed": 6.336347, "delta": 0.302988}}
{"target": -10.027484249997404, "params": {"C": 20.612551477241134, "gamma": 0.5}, "datetime": {"datetime": "2021-06-20 13:33:24", "elapsed": 6.870352, "delta": 0.534005}}
{"target": -10.074495299132776, "params": {"C": 25.0, "gamma": 1.0}, "datetime": {"datetime": "2021-06-20 13:33:25", "elapsed": 7.542351, "delta": 0.671999}}
{"target": -9.974034334480454, "params": {"C": 23.391309539193298, "gamma": 0.5}, "datetime": {"datetime": "2021-06-20 13:33:26", "elapsed": 8.215347, "delta": 0.672996}}
{"target": -9.947501026951231, "params": {"C": 24.974557262294336, "gamma": 0.5031595960903796}, "datetime": {"datetime": "2021-06-20 13:33:26", "elapsed": 9.122344, "delta": 0.906997}}
{"target": -10.090382431902933, "params": {"C": 17.680421673687473, "gamma": 0.5}, "datetime": {"datetime": "2021-06-20 13:33:27", "elapsed": 9.808348, "delta": 0.686004}}
{"target": -10.089011867292516, "params": {"C": 20.237200994816575, "gamma": 1.0}, "datetime": {"datetime": "2021-06-20 13:33:28", "elapsed": 10.649349, "delta": 0.841001}}
{"target": -10.043808645295234, "params": {"C": 19.817001704300555, "gamma": 0.5}, "datetime": {"datetime": "2021-06-20 13:33:29", "elapsed": 11.393078, "delta": 0.743729}}
{"target": -9.990219837904759, "params": {"C": 22.509852844251334, "gamma": 0.5}, "datetime": {"datetime": "2021-06-20 13:33:30", "elapsed": 12.308076, "delta": 0.914998}}
{"target": -10.003869809886355, "params": {"C": 21.33012756180137, "gamma": 0.5070342486252368}, "datetime": {"datetime": "2021-06-20 13:33:30", "elapsed": 12.997075, "delta": 0.688999}}
{"target": -9.962909894503582, "params": {"C": 24.15170877394747, "gamma": 0.5}, "datetime": {"datetime": "2021-06-20 13:33:31", "elapsed": 13.718077, "delta": 0.721002}}
{"target": -10.072192997151516, "params": {"C": 18.482678228852294, "gamma": 0.5}, "datetime": {"datetime": "2021-06-20 13:33:32", "elapsed": 14.363078, "delta": 0.645001}}
{"target": -10.079076734431062, "params": {"C": 20.977321752328415, "gamma": 0.9942018691618897}, "datetime": {"datetime": "2021-06-20 13:33:33", "elapsed": 15.213078, "delta": 0.85}}
{"target": -9.997668667267801, "params": {"C": 21.94226445770544, "gamma": 0.5025927335987801}, "datetime": {"datetime": "2021-06-20 13:33:34", "elapsed": 16.220724, "delta": 1.007646}}
{"target": -9.978394649660627, "params": {"C": 22.33126017649429, "gamma": 0.8572464877362043}, "datetime": {"datetime": "2021-06-20 13:33:34", "elapsed": 17.153725, "delta": 0.933001}}
{"target": -10.073446586639342, "params": {"C": 24.313644261560437, "gamma": 1.0}, "datetime": {"datetime": "2021-06-20 13:33:35", "elapsed": 17.934725, "delta": 0.781}}
{"target": -9.954795855899736, "params": {"C": 24.6277849670197, "gamma": 0.5011112502220234}, "datetime": {"datetime": "2021-06-20 13:33:36", "elapsed": 18.756727, "delta": 0.822002}}
{"target": -10.049982514617733, "params": {"C": 19.240523463722685, "gamma": 0.5047721248249208}, "datetime": {"datetime": "2021-06-20 13:33:37", "elapsed": 19.678727, "delta": 0.922}}
{"target": -9.913848465735235, "params": {"C": 22.934580870296095, "gamma": 0.6195548095468522}, "datetime": {"datetime": "2021-06-20 13:33:38", "elapsed": 20.407726, "delta": 0.728999}}
{"target": -10.102693664203565, "params": {"C": 17.15251005501256, "gamma": 0.5}, "datetime": {"datetime": "2021-06-20 13:33:38", "elapsed": 21.068346, "delta": 0.66062}}
{"target": -10.113182993928861, "params": {"C": 17.638326217591356, "gamma": 1.0}, "datetime": {"datetime": "2021-06-20 13:33:39", "elapsed": 21.864351, "delta": 0.796005}}
{"target": -9.931811254624872, "params": {"C": 21.557821423262812, "gamma": 0.7179602450617735}, "datetime": {"datetime": "2021-06-20 13:33:40", "elapsed": 22.792346, "delta": 0.927995}}
{"target": -9.899223254906648, "params": {"C": 23.79997258206525, "gamma": 0.6444619285482506}, "datetime": {"datetime": "2021-06-20 13:33:41", "elapsed": 23.519347, "delta": 0.727001}}
{"target": -9.925429677973602, "params": {"C": 23.341232979198246, "gamma": 0.7413273084728287}, "datetime": {"datetime": "2021-06-20 13:33:42", "elapsed": 24.333349, "delta": 0.814002}}
{"target": -9.924198444313298, "params": {"C": 22.691925809852904, "gamma": 0.7201163046807794}, "datetime": {"datetime": "2021-06-20 13:33:43", "elapsed": 25.478346, "delta": 1.144997}}
{"target": -9.913804900711545, "params": {"C": 24.096337382301115, "gamma": 0.7185401345951293}, "datetime": {"datetime": "2021-06-20 13:33:44", "elapsed": 26.310975, "delta": 0.832629}}
{"target": -9.974310487393083, "params": {"C": 19.705766833473938, "gamma": 0.81271700215081}, "datetime": {"datetime": "2021-06-20 13:33:44", "elapsed": 27.05598, "delta": 0.745005}}
{"target": -9.898665612862407, "params": {"C": 24.841386456576913, "gamma": 0.6848205184881798}, "datetime": {"datetime": "2021-06-20 13:33:45", "elapsed": 27.921974, "delta": 0.865994}}
{"target": -10.13998126116719, "params": {"C": 15.893883285806583, "gamma": 1.0}, "datetime": {"datetime": "2021-06-20 13:33:46", "elapsed": 28.961973, "delta": 1.039999}}
{"target": -9.923363612479871, "params": {"C": 21.01049597789752, "gamma": 0.6840421917766503}, "datetime": {"datetime": "2021-06-20 13:33:47", "elapsed": 29.823975, "delta": 0.862002}}
{"target": -9.917285745707522, "params": {"C": 22.131651671811095, "gamma": 0.6880874638915361}, "datetime": {"datetime": "2021-06-20 13:33:48", "elapsed": 30.579974, "delta": 0.755999}}
{"target": -9.898471619249946, "params": {"C": 24.999181079916482, "gamma": 0.6872574306745334}, "datetime": {"datetime": "2021-06-20 13:33:49", "elapsed": 31.484602, "delta": 0.904628}}
{"target": -9.952255001754263, "params": {"C": 20.674000009942223, "gamma": 0.76171319158401}, "datetime": {"datetime": "2021-06-20 13:33:50", "elapsed": 32.247603, "delta": 0.763001}}
{"target": -9.904961594579014, "params": {"C": 23.641541428233552, "gamma": 0.6812408757851429}, "datetime": {"datetime": "2021-06-20 13:33:51", "elapsed": 33.172605, "delta": 0.925002}}
{"target": -9.932319727675392, "params": {"C": 20.16710313642486, "gamma": 0.691521109613223}, "datetime": {"datetime": "2021-06-20 13:33:51", "elapsed": 33.924602, "delta": 0.751997}}
{"target": -9.91631973551838, "params": {"C": 23.06438944781614, "gamma": 0.7034720976856367}, "datetime": {"datetime": "2021-06-20 13:33:52", "elapsed": 34.604602, "delta": 0.68}}
{"target": -9.940608799407517, "params": {"C": 21.223192776389467, "gamma": 0.7374940777064836}, "datetime": {"datetime": "2021-06-20 13:33:53", "elapsed": 35.553606, "delta": 0.949004}}
{"target": -9.894212980422154, "params": {"C": 24.363124192745346, "gamma": 0.6620030650829697}, "datetime": {"datetime": "2021-06-20 13:33:54", "elapsed": 36.556233, "delta": 1.002627}}
{"target": -9.893029402123357, "params": {"C": 24.466171181829896, "gamma": 0.645573065147905}, "datetime": {"datetime": "2021-06-20 13:33:55", "elapsed": 37.272233, "delta": 0.716}}
{"target": -9.903193833330082, "params": {"C": 24.43466909492882, "gamma": 0.6908900824967417}, "datetime": {"datetime": "2021-06-20 13:33:55", "elapsed": 38.094231, "delta": 0.821998}}
{"target": -10.102407713937806, "params": {"C": 18.432142050274244, "gamma": 0.9987550447875714}, "datetime": {"datetime": "2021-06-20 13:33:56", "elapsed": 38.857233, "delta": 0.763002}}
{"target": -9.906918589169603, "params": {"C": 24.39529774365444, "gamma": 0.5987778426544856}, "datetime": {"datetime": "2021-06-20 13:33:57", "elapsed": 39.709235, "delta": 0.852002}}
{"target": -9.89141156014445, "params": {"C": 24.65311457480105, "gamma": 0.6454797317177536}, "datetime": {"datetime": "2021-06-20 13:33:58", "elapsed": 40.545235, "delta": 0.836}}
{"target": -9.891142219892032, "params": {"C": 24.572168909550463, "gamma": 0.6525355434555984}, "datetime": {"datetime": "2021-06-20 13:33:59", "elapsed": 41.50698, "delta": 0.961745}}
{"target": -9.894406595749516, "params": {"C": 24.245749397717688, "gamma": 0.6598173552233704}, "datetime": {"datetime": "2021-06-20 13:34:00", "elapsed": 42.393976, "delta": 0.886996}}
{"target": -9.927025706649586, "params": {"C": 23.72308235835626, "gamma": 0.5662503351906912}, "datetime": {"datetime": "2021-06-20 13:34:01", "elapsed": 43.402974, "delta": 1.008998}}
{"target": -9.890895959477062, "params": {"C": 24.71639480883622, "gamma": 0.6549796278553873}, "datetime": {"datetime": "2021-06-20 13:34:02", "elapsed": 44.399972, "delta": 0.996998}}
{"target": -9.890846429254449, "params": {"C": 24.629877098000218, "gamma": 0.6525638857556312}, "datetime": {"datetime": "2021-06-20 13:34:03", "elapsed": 45.429974, "delta": 1.030002}}
{"target": -9.89704378341248, "params": {"C": 24.718804277675332, "gamma": 0.6777049292663173}, "datetime": {"datetime": "2021-06-20 13:34:04", "elapsed": 46.572637, "delta": 1.142663}}
{"target": -9.898716320764832, "params": {"C": 24.826455305512646, "gamma": 0.6128218870371118}, "datetime": {"datetime": "2021-06-20 13:34:05", "elapsed": 47.84064, "delta": 1.268003}}
{"target": -9.892359163804697, "params": {"C": 24.56331009289274, "gamma": 0.6449462245239377}, "datetime": {"datetime": "2021-06-20 13:34:06", "elapsed": 48.87064, "delta": 1.03}}
{"target": -9.892006963378567, "params": {"C": 24.624954242794878, "gamma": 0.6443075612243594}, "datetime": {"datetime": "2021-06-20 13:34:07", "elapsed": 50.052638, "delta": 1.181998}}
{"target": -9.894765599113775, "params": {"C": 24.672723183395572, "gamma": 0.6331949180625468}, "datetime": {"datetime": "2021-06-20 13:34:08", "elapsed": 51.034335, "delta": 0.981697}}
{"target": -9.891839305724218, "params": {"C": 24.608513630008368, "gamma": 0.6567956649620525}, "datetime": {"datetime": "2021-06-20 13:34:09", "elapsed": 52.022335, "delta": 0.988}}
{"target": -9.892296824739049, "params": {"C": 24.570609948392065, "gamma": 0.6580503158146034}, "datetime": {"datetime": "2021-06-20 13:34:10", "elapsed": 52.949335, "delta": 0.927}}
{"target": -9.892601524316987, "params": {"C": 24.593797824423298, "gamma": 0.6432122086436343}, "datetime": {"datetime": "2021-06-20 13:34:11", "elapsed": 53.834334, "delta": 0.884999}}
{"target": -9.897223093569812, "params": {"C": 23.91817272806756, "gamma": 0.6478948621862376}, "datetime": {"datetime": "2021-06-20 13:34:12", "elapsed": 54.758336, "delta": 0.924002}}
{"target": -9.888439054459894, "params": {"C": 24.935959802125755, "gamma": 0.6470665618214284}, "datetime": {"datetime": "2021-06-20 13:34:13", "elapsed": 55.555333, "delta": 0.796997}}
