{"target": -10.021571427529494, "params": {"C": 14.995885393064738, "gamma": 0.7366022317934405}, "datetime": {"datetime": "2021-06-20 12:54:57", "elapsed": 16.348615, "delta": 0.891635}}
{"target": -10.042736991553475, "params": {"C": 14.21842742625996, "gamma": 0.7442637659441782}, "datetime": {"datetime": "2021-06-20 12:54:58", "elapsed": 17.173469, "delta": 0.824854}}
{"target": -10.035159635638667, "params": {"C": 14.401467461464819, "gamma": 0.7161532016305447}, "datetime": {"datetime": "2021-06-20 12:54:58", "elapsed": 17.976506, "delta": 0.803037}}
{"target": -10.056221200322327, "params": {"C": 13.797933234014806, "gamma": 0.751680544013203}, "datetime": {"datetime": "2021-06-20 12:54:59", "elapsed": 18.891414, "delta": 0.914908}}
{"target": -10.117938124853257, "params": {"C": 12.66460243000489, "gamma": 0.8218731251844126}, "datetime": {"datetime": "2021-06-20 12:55:00", "elapsed": 19.771416, "delta": 0.880002}}
{"target": -10.043209475597394, "params": {"C": 14.994683843459121, "gamma": 0.788838245573138}, "datetime": {"datetime": "2021-06-20 12:55:01", "elapsed": 20.622458, "delta": 0.851042}}
{"target": -10.02326443654832, "params": {"C": 14.917087486016882, "gamma": 0.6787427276341416}, "datetime": {"datetime": "2021-06-20 12:55:02", "elapsed": 21.340138, "delta": 0.71768}}
{"target": -10.022054909858873, "params": {"C": 15.0, "gamma": 0.6713122797916005}, "datetime": {"datetime": "2021-06-20 12:55:02", "elapsed": 22.011696, "delta": 0.671558}}
{"target": -10.01970879785254, "params": {"C": 14.974302381296102, "gamma": 0.7047733094868179}, "datetime": {"datetime": "2021-06-20 12:55:03", "elapsed": 22.815351, "delta": 0.803655}}
{"target": -10.020316862334724, "params": {"C": 14.951386111536543, "gamma": 0.7060042145655429}, "datetime": {"datetime": "2021-06-20 12:55:04", "elapsed": 23.692319, "delta": 0.876968}}
{"target": -10.020435392075383, "params": {"C": 14.977115354466275, "gamma": 0.6926291898104608}, "datetime": {"datetime": "2021-06-20 12:55:05", "elapsed": 24.494709, "delta": 0.80239}}
{"target": -10.046103540541571, "params": {"C": 14.01220293288022, "gamma": 0.7346856172652529}, "datetime": {"datetime": "2021-06-20 12:55:06", "elapsed": 25.293827, "delta": 0.799118}}
{"target": -10.019683068259505, "params": {"C": 14.993314016435988, "gamma": 0.6958707843479095}, "datetime": {"datetime": "2021-06-20 12:55:07", "elapsed": 26.100529, "delta": 0.806702}}
{"target": -10.019725506442729, "params": {"C": 14.972021838045318, "gamma": 0.7031103183123911}, "datetime": {"datetime": "2021-06-20 12:55:07", "elapsed": 26.885328, "delta": 0.784799}}
{"target": -10.020766976306707, "params": {"C": 14.997016668707374, "gamma": 0.6823224749439505}, "datetime": {"datetime": "2021-06-20 12:55:08", "elapsed": 27.681431, "delta": 0.796103}}
{"target": -10.019107871339033, "params": {"C": 14.999806459788367, "gamma": 0.7067041180456792}, "datetime": {"datetime": "2021-06-20 12:55:09", "elapsed": 28.425064, "delta": 0.743633}}
{"target": -10.019130485065855, "params": {"C": 14.995315829222768, "gamma": 0.7027340980153256}, "datetime": {"datetime": "2021-06-20 12:55:10", "elapsed": 29.412574, "delta": 0.98751}}
{"target": -10.019700335332622, "params": {"C": 14.979204012925518, "gamma": 0.6999594351223405}, "datetime": {"datetime": "2021-06-20 12:55:11", "elapsed": 30.34023, "delta": 0.927656}}
{"target": -10.01915528191559, "params": {"C": 14.993399989891095, "gamma": 0.7018092984288762}, "datetime": {"datetime": "2021-06-20 12:55:12", "elapsed": 31.236842, "delta": 0.896612}}
{"target": -10.019784980474249, "params": {"C": 14.98743548792563, "gamma": 0.6965660571977466}, "datetime": {"datetime": "2021-06-20 12:55:12", "elapsed": 32.006088, "delta": 0.769246}}
{"target": -10.019338706801276, "params": {"C": 14.98986847604608, "gamma": 0.7057659391741489}, "datetime": {"datetime": "2021-06-20 12:55:13", "elapsed": 32.908693, "delta": 0.902605}}
{"target": -10.019321184142663, "params": {"C": 14.995367164369569, "gamma": 0.6991109836102674}, "datetime": {"datetime": "2021-06-20 12:55:14", "elapsed": 33.662124, "delta": 0.753431}}
{"target": -10.020124193198024, "params": {"C": 14.980713098382843, "gamma": 0.6949473085167972}, "datetime": {"datetime": "2021-06-20 12:55:15", "elapsed": 34.840351, "delta": 1.178227}}
{"target": -10.019261147835461, "params": {"C": 14.998329173697314, "gamma": 0.7131074520455346}, "datetime": {"datetime": "2021-06-20 12:55:16", "elapsed": 35.64887, "delta": 0.808519}}
{"target": -10.019584936428624, "params": {"C": 14.979902573258506, "gamma": 0.7055256314096041}, "datetime": {"datetime": "2021-06-20 12:55:17", "elapsed": 36.756383, "delta": 1.107513}}
{"target": -10.019075595249502, "params": {"C": 14.996732708361069, "gamma": 0.7019625062227766}, "datetime": {"datetime": "2021-06-20 12:55:18", "elapsed": 37.871205, "delta": 1.114822}}
{"target": -10.019149775907696, "params": {"C": 14.99806145225713, "gamma": 0.706599542364878}, "datetime": {"datetime": "2021-06-20 12:55:19", "elapsed": 38.99682, "delta": 1.125615}}
{"target": -10.019306783148474, "params": {"C": 14.994380909200249, "gamma": 0.6995574455775562}, "datetime": {"datetime": "2021-06-20 12:55:20", "elapsed": 39.954185, "delta": 0.957365}}
{"target": -10.01930577506676, "params": {"C": 14.997558212707219, "gamma": 0.7148191193463003}, "datetime": {"datetime": "2021-06-20 12:55:21", "elapsed": 41.002142, "delta": 1.047957}}
{"target": -10.019001541786485, "params": {"C": 14.999191454689367, "gamma": 0.701476973840623}, "datetime": {"datetime": "2021-06-20 12:55:23", "elapsed": 42.088633, "delta": 1.086491}}
{"target": -10.01945890730943, "params": {"C": 14.984738458686099, "gamma": 0.7053519620951453}, "datetime": {"datetime": "2021-06-20 12:55:24", "elapsed": 43.298596, "delta": 1.209963}}
{"target": -10.019169880536543, "params": {"C": 14.997694554569174, "gamma": 0.7071191197469026}, "datetime": {"datetime": "2021-06-20 12:55:25", "elapsed": 44.526878, "delta": 1.228282}}
{"target": -10.019222096686352, "params": {"C": 14.99909398064878, "gamma": 0.7118711607745969}, "datetime": {"datetime": "2021-06-20 12:55:26", "elapsed": 45.559675, "delta": 1.032797}}
{"target": -10.019784337123022, "params": {"C": 14.997079968785467, "gamma": 0.6936100020154664}, "datetime": {"datetime": "2021-06-20 12:55:27", "elapsed": 46.850652, "delta": 1.290977}}
{"target": -10.019015473164941, "params": {"C": 14.998558915796249, "gamma": 0.7014024713414857}, "datetime": {"datetime": "2021-06-20 12:55:29", "elapsed": 48.480628, "delta": 1.629976}}
{"target": -10.020203776282422, "params": {"C": 14.961861746359059, "gamma": 0.6998579338197148}, "datetime": {"datetime": "2021-06-20 12:55:30", "elapsed": 49.626389, "delta": 1.145761}}
{"target": -10.019601777164631, "params": {"C": 14.97816795780854, "gamma": 0.7043722606807521}, "datetime": {"datetime": "2021-06-20 12:55:31", "elapsed": 50.412176, "delta": 0.785787}}
{"target": -10.019469731952455, "params": {"C": 14.987485401153494, "gamma": 0.709187692619484}, "datetime": {"datetime": "2021-06-20 12:55:32", "elapsed": 51.874302, "delta": 1.462126}}
{"target": -10.019311536134522, "params": {"C": 14.996185549963824, "gamma": 0.7128269655395543}, "datetime": {"datetime": "2021-06-20 12:55:34", "elapsed": 53.474927, "delta": 1.600625}}
{"target": -10.019545434265511, "params": {"C": 14.990774603593987, "gamma": 0.6981173104481748}, "datetime": {"datetime": "2021-06-20 12:55:35", "elapsed": 54.515418, "delta": 1.040491}}
{"target": -10.01950949844974, "params": {"C": 14.99821784292477, "gamma": 0.6962467124613436}, "datetime": {"datetime": "2021-06-20 12:55:36", "elapsed": 56.039715, "delta": 1.524297}}
{"target": -10.019589635502985, "params": {"C": 14.988679611836435, "gamma": 0.6982795131261376}, "datetime": {"datetime": "2021-06-20 12:55:38", "elapsed": 57.20677, "delta": 1.167055}}
{"target": -10.0195548154075, "params": {"C": 14.977834364515612, "gamma": 0.7021521739010584}, "datetime": {"datetime": "2021-06-20 12:55:39", "elapsed": 58.52612, "delta": 1.31935}}
{"target": -10.020378465681633, "params": {"C": 14.979635660348578, "gamma": 0.6924722656345745}, "datetime": {"datetime": "2021-06-20 12:55:41", "elapsed": 60.249813, "delta": 1.723693}}
{"target": -10.019731639130883, "params": {"C": 14.998472551981713, "gamma": 0.6937575670738982}, "datetime": {"datetime": "2021-06-20 12:55:42", "elapsed": 61.570452, "delta": 1.320639}}
{"target": -10.019312462444468, "params": {"C": 14.989424900176495, "gamma": 0.7041322375366554}, "datetime": {"datetime": "2021-06-20 12:55:43", "elapsed": 62.53694, "delta": 0.966488}}
{"target": -10.019392375347625, "params": {"C": 14.989569842890445, "gamma": 0.707943619937438}, "datetime": {"datetime": "2021-06-20 12:55:44", "elapsed": 63.76139, "delta": 1.22445}}
{"target": -10.019454296618441, "params": {"C": 14.99230182330907, "gamma": 0.698624484436345}, "datetime": {"datetime": "2021-06-20 12:55:45", "elapsed": 64.884652, "delta": 1.123262}}
{"target": -10.019964769825574, "params": {"C": 14.983767566195674, "gamma": 0.6957439750065095}, "datetime": {"datetime": "2021-06-20 12:55:46", "elapsed": 66.051202, "delta": 1.16655}}
{"target": -10.019102669627559, "params": {"C": 14.995424475283826, "gamma": 0.7017375846830516}, "datetime": {"datetime": "2021-06-20 12:55:48", "elapsed": 68.003267, "delta": 1.952065}}
{"target": -10.019119109455254, "params": {"C": 14.995284547903305, "gamma": 0.7022465487617962}, "datetime": {"datetime": "2021-06-20 12:55:50", "elapsed": 69.463272, "delta": 1.460005}}
{"target": -10.019661610309399, "params": {"C": 14.980250442628755, "gamma": 0.700053617160638}, "datetime": {"datetime": "2021-06-20 12:55:51", "elapsed": 70.686278, "delta": 1.223006}}
{"target": -10.019482848559651, "params": {"C": 14.984274039074952, "gamma": 0.7058947870955464}, "datetime": {"datetime": "2021-06-20 12:55:53", "elapsed": 72.19699, "delta": 1.510712}}
{"target": -10.019135336472468, "params": {"C": 14.995305320108992, "gamma": 0.7010739539031892}, "datetime": {"datetime": "2021-06-20 12:55:54", "elapsed": 73.767425, "delta": 1.570435}}
{"target": -10.019848416290019, "params": {"C": 14.971294341060567, "gamma": 0.7076023003867455}, "datetime": {"datetime": "2021-06-20 12:55:55", "elapsed": 74.821506, "delta": 1.054081}}
{"target": -10.020094515429049, "params": {"C": 14.99077118064341, "gamma": 0.6921439724116654}, "datetime": {"datetime": "2021-06-20 12:55:56", "elapsed": 75.885567, "delta": 1.064061}}
{"target": -10.019038900902533, "params": {"C": 14.997705183864165, "gamma": 0.7014812262013822}, "datetime": {"datetime": "2021-06-20 12:55:57", "elapsed": 76.952702, "delta": 1.067135}}
{"target": -10.019142827261124, "params": {"C": 14.995002492686574, "gamma": 0.7029155471428266}, "datetime": {"datetime": "2021-06-20 12:55:59", "elapsed": 78.180363, "delta": 1.227661}}
{"target": -10.019590507646036, "params": {"C": 14.997711999537028, "gamma": 0.6955274704613723}, "datetime": {"datetime": "2021-06-20 12:56:00", "elapsed": 79.493435, "delta": 1.313072}}
{"target": -10.02016967200739, "params": {"C": 14.958510815386614, "gamma": 0.7074714468853658}, "datetime": {"datetime": "2021-06-20 12:56:01", "elapsed": 80.632635, "delta": 1.1392}}
{"target": -10.020585551302664, "params": {"C": 14.978733804623408, "gamma": 0.6904250501613205}, "datetime": {"datetime": "2021-06-20 12:56:02", "elapsed": 81.725025, "delta": 1.09239}}
{"target": -10.019231288247143, "params": {"C": 14.996958983410464, "gamma": 0.7092954589777611}, "datetime": {"datetime": "2021-06-20 12:56:03", "elapsed": 83.028777, "delta": 1.303752}}
{"target": -10.019125038206113, "params": {"C": 14.995805280295698, "gamma": 0.7030127862328717}, "datetime": {"datetime": "2021-06-20 12:56:05", "elapsed": 84.317118, "delta": 1.288341}}
{"target": -10.019374650888476, "params": {"C": 14.991265968524168, "gamma": 0.7092347066814302}, "datetime": {"datetime": "2021-06-20 12:56:06", "elapsed": 85.302591, "delta": 0.985473}}
{"target": -10.019555779069151, "params": {"C": 14.984067449506115, "gamma": 0.7091495273061905}, "datetime": {"datetime": "2021-06-20 12:56:07", "elapsed": 86.497937, "delta": 1.195346}}
{"target": -10.019518496946604, "params": {"C": 14.979764106452485, "gamma": 0.7026253562073823}, "datetime": {"datetime": "2021-06-20 12:56:08", "elapsed": 87.836977, "delta": 1.33904}}
{"target": -10.019201958540403, "params": {"C": 14.995228487957792, "gamma": 0.7004028588584827}, "datetime": {"datetime": "2021-06-20 12:56:10", "elapsed": 89.699444, "delta": 1.862467}}
{"target": -10.01929781411976, "params": {"C": 14.998890767480642, "gamma": 0.7168450327426352}, "datetime": {"datetime": "2021-06-20 12:56:11", "elapsed": 90.995067, "delta": 1.295623}}
{"target": -10.019557796973345, "params": {"C": 14.984220251886518, "gamma": 0.7094566942940361}, "datetime": {"datetime": "2021-06-20 12:56:13", "elapsed": 92.221747, "delta": 1.22668}}
{"target": -10.019645989337619, "params": {"C": 14.974651338548416, "gamma": 0.7025855364415885}, "datetime": {"datetime": "2021-06-20 12:56:14", "elapsed": 93.555097, "delta": 1.33335}}
{"target": -10.019045219676327, "params": {"C": 14.99919299553612, "gamma": 0.7032318511699645}, "datetime": {"datetime": "2021-06-20 12:56:16", "elapsed": 95.111553, "delta": 1.556456}}
{"target": -10.019323220068534, "params": {"C": 14.994204709310342, "gamma": 0.7105007746809473}, "datetime": {"datetime": "2021-06-20 12:56:18", "elapsed": 97.165426, "delta": 2.053873}}
{"target": -10.019155437206246, "params": {"C": 14.998529554256285, "gamma": 0.7074457893334142}, "datetime": {"datetime": "2021-06-20 12:56:19", "elapsed": 98.552905, "delta": 1.387479}}
{"target": -10.020289554378445, "params": {"C": 14.985241512566308, "gamma": 0.6917022085908948}, "datetime": {"datetime": "2021-06-20 12:56:21", "elapsed": 100.387094, "delta": 1.834189}}
{"target": -10.019435935153867, "params": {"C": 14.98479780360746, "gamma": 0.7044248282950025}, "datetime": {"datetime": "2021-06-20 12:56:22", "elapsed": 101.839973, "delta": 1.452879}}
{"target": -10.019605444562696, "params": {"C": 14.982650260370164, "gamma": 0.7098664346449016}, "datetime": {"datetime": "2021-06-20 12:56:24", "elapsed": 103.359098, "delta": 1.519125}}
{"target": -10.019279331997446, "params": {"C": 14.995423432384204, "gamma": 0.7097846332485118}, "datetime": {"datetime": "2021-06-20 12:56:25", "elapsed": 104.811406, "delta": 1.452308}}
{"target": -10.01960043375269, "params": {"C": 14.997912966177747, "gamma": 0.6953586415975048}, "datetime": {"datetime": "2021-06-20 12:56:27", "elapsed": 106.732644, "delta": 1.921238}}
{"target": -10.019471481122002, "params": {"C": 14.985832793221817, "gamma": 0.7071903928093091}, "datetime": {"datetime": "2021-06-20 12:56:29", "elapsed": 108.465891, "delta": 1.733247}}
{"target": -10.019525396242694, "params": {"C": 14.99653845843249, "gamma": 0.6965863544683459}, "datetime": {"datetime": "2021-06-20 12:56:31", "elapsed": 110.199993, "delta": 1.734102}}
{"target": -10.01920105582687, "params": {"C": 14.999622418056468, "gamma": 0.7114124060899762}, "datetime": {"datetime": "2021-06-20 12:56:32", "elapsed": 111.72944, "delta": 1.529447}}
{"target": -10.019842647873805, "params": {"C": 14.987244394222671, "gamma": 0.6960016536135663}, "datetime": {"datetime": "2021-06-20 12:56:33", "elapsed": 112.846042, "delta": 1.116602}}
{"target": -10.019010931284251, "params": {"C": 14.999180382061661, "gamma": 0.7018334542652279}, "datetime": {"datetime": "2021-06-20 12:56:35", "elapsed": 114.205596, "delta": 1.359554}}
{"target": -10.019449773746445, "params": {"C": 14.987336175366604, "gamma": 0.7001601848358336}, "datetime": {"datetime": "2021-06-20 12:56:36", "elapsed": 115.563132, "delta": 1.357536}}
{"target": -10.019602217770855, "params": {"C": 14.998989503187776, "gamma": 0.6950097892441163}, "datetime": {"datetime": "2021-06-20 12:56:37", "elapsed": 116.979287, "delta": 1.416155}}
{"target": -10.019820294330156, "params": {"C": 14.973067128196632, "gamma": 0.7084099712506544}, "datetime": {"datetime": "2021-06-20 12:56:39", "elapsed": 118.446013, "delta": 1.466726}}
{"target": -10.019293983916953, "params": {"C": 14.988578893325407, "gamma": 0.7025051856436775}, "datetime": {"datetime": "2021-06-20 12:56:41", "elapsed": 120.337825, "delta": 1.891812}}
{"target": -10.019137333671276, "params": {"C": 14.999826576764825, "gamma": 0.7081851744448527}, "datetime": {"datetime": "2021-06-20 12:56:43", "elapsed": 122.410301, "delta": 2.072476}}
{"target": -10.019305410687581, "params": {"C": 14.99926560161688, "gamma": 0.6981083151894141}, "datetime": {"datetime": "2021-06-20 12:56:44", "elapsed": 123.764383, "delta": 1.354082}}
{"target": -10.019164702337125, "params": {"C": 14.995881247566441, "gamma": 0.7047724228302523}, "datetime": {"datetime": "2021-06-20 12:56:46", "elapsed": 125.235402, "delta": 1.471019}}
{"target": -10.019332702466578, "params": {"C": 14.987870429616232, "gamma": 0.7033474726729908}, "datetime": {"datetime": "2021-06-20 12:56:47", "elapsed": 126.732733, "delta": 1.497331}}
{"target": -10.019680094189264, "params": {"C": 14.98227284779188, "gamma": 0.7136706387032761}, "datetime": {"datetime": "2021-06-20 12:56:49", "elapsed": 128.368063, "delta": 1.63533}}
{"target": -10.019774831640497, "params": {"C": 14.990929786240596, "gamma": 0.6956072553234965}, "datetime": {"datetime": "2021-06-20 12:56:50", "elapsed": 129.822469, "delta": 1.454406}}
{"target": -10.019419995197696, "params": {"C": 14.98644291416439, "gamma": 0.7055335438493349}, "datetime": {"datetime": "2021-06-20 12:56:52", "elapsed": 131.462117, "delta": 1.639648}}
{"target": -10.019357431294225, "params": {"C": 14.989743499976147, "gamma": 0.7004097468247326}, "datetime": {"datetime": "2021-06-20 12:56:54", "elapsed": 133.275535, "delta": 1.813418}}
{"target": -10.019739053714218, "params": {"C": 14.97713987764833, "gamma": 0.7001708364013636}, "datetime": {"datetime": "2021-06-20 12:56:56", "elapsed": 135.069123, "delta": 1.793588}}
{"target": -10.019643182358287, "params": {"C": 14.979563282605497, "gamma": 0.7078089984301709}, "datetime": {"datetime": "2021-06-20 12:56:57", "elapsed": 136.787457, "delta": 1.718334}}
{"target": -10.01972199907652, "params": {"C": 14.978240197211662, "gamma": 0.7101015391526453}, "datetime": {"datetime": "2021-06-20 12:56:59", "elapsed": 138.704087, "delta": 1.91663}}
{"target": -10.019368430771879, "params": {"C": 14.990907582767626, "gamma": 0.6999473236448346}, "datetime": {"datetime": "2021-06-20 12:57:00", "elapsed": 140.000973, "delta": 1.296886}}
{"target": -10.019347069013186, "params": {"C": 14.992119695402751, "gamma": 0.69980964241306}, "datetime": {"datetime": "2021-06-20 12:57:02", "elapsed": 141.608136, "delta": 1.607163}}
{"target": -10.019064226886071, "params": {"C": 14.99942197853505, "gamma": 0.7005944139974609}, "datetime": {"datetime": "2021-06-20 12:57:03", "elapsed": 142.849656, "delta": 1.24152}}
{"target": -10.019545791673215, "params": {"C": 14.982224976971654, "gamma": 0.7064002988668028}, "datetime": {"datetime": "2021-06-20 12:57:05", "elapsed": 144.423051, "delta": 1.573395}}
{"target": -10.019277477017566, "params": {"C": 14.999780552507719, "gamma": 0.6982494655692337}, "datetime": {"datetime": "2021-06-20 12:57:07", "elapsed": 146.256812, "delta": 1.833761}}
{"target": -10.019449607205726, "params": {"C": 14.985018864088449, "gamma": 0.7008530783654114}, "datetime": {"datetime": "2021-06-20 12:57:08", "elapsed": 147.827756, "delta": 1.570944}}
{"target": -10.019572125702565, "params": {"C": 14.999910480748653, "gamma": 0.6950541325568249}, "datetime": {"datetime": "2021-06-20 12:57:10", "elapsed": 149.824193, "delta": 1.996437}}
{"target": -10.019336155026512, "params": {"C": 14.991578598135291, "gamma": 0.707680282780055}, "datetime": {"datetime": "2021-06-20 12:57:12", "elapsed": 151.646102, "delta": 1.821909}}
{"target": -10.01982478969925, "params": {"C": 14.990688706083336, "gamma": 0.6951387367332339}, "datetime": {"datetime": "2021-06-20 12:57:13", "elapsed": 152.991118, "delta": 1.345016}}
{"target": -10.019685341061175, "params": {"C": 14.977149314389253, "gamma": 0.7069128213480089}, "datetime": {"datetime": "2021-06-20 12:57:15", "elapsed": 154.44858, "delta": 1.457462}}
{"target": -10.019427429660817, "params": {"C": 14.987235517301222, "gamma": 0.7067862627142503}, "datetime": {"datetime": "2021-06-20 12:57:17", "elapsed": 156.123264, "delta": 1.674684}}
{"target": -10.019633561866897, "params": {"C": 14.978866350135595, "gamma": 0.7065299057830603}, "datetime": {"datetime": "2021-06-20 12:57:18", "elapsed": 157.608592, "delta": 1.485328}}
{"target": -10.019660461139177, "params": {"C": 14.982004753782665, "gamma": 0.699539074296391}, "datetime": {"datetime": "2021-06-20 12:57:20", "elapsed": 159.442909, "delta": 1.834317}}
{"target": -10.019532697708527, "params": {"C": 14.984417229127185, "gamma": 0.7084269593493249}, "datetime": {"datetime": "2021-06-20 12:57:21", "elapsed": 161.044567, "delta": 1.601658}}
{"target": -10.019720072206326, "params": {"C": 14.995179270864924, "gamma": 0.6948981866304416}, "datetime": {"datetime": "2021-06-20 12:57:23", "elapsed": 162.648906, "delta": 1.604339}}
{"target": -10.019269387779381, "params": {"C": 14.999846647604464, "gamma": 0.7165254561362693}, "datetime": {"datetime": "2021-06-20 12:57:25", "elapsed": 164.254098, "delta": 1.605192}}
{"target": -10.019798475163679, "params": {"C": 14.974513398648645, "gamma": 0.709151817573232}, "datetime": {"datetime": "2021-06-20 12:57:26", "elapsed": 165.980981, "delta": 1.726883}}
{"target": -10.019494015851253, "params": {"C": 14.987614330537827, "gamma": 0.7106768726482935}, "datetime": {"datetime": "2021-06-20 12:57:28", "elapsed": 167.638128, "delta": 1.657147}}
{"target": -10.019279971209556, "params": {"C": 14.998537045863989, "gamma": 0.6985961665621354}, "datetime": {"datetime": "2021-06-20 12:57:30", "elapsed": 169.440982, "delta": 1.802854}}
