{"target": -10.505236993575815, "params": {"C": 8.306076907753434, "gamma": 1.1211750429458913}, "datetime": {"datetime": "2021-06-19 19:30:32", "elapsed": 170.356076, "delta": 0.944586}}
{"target": -12.708516652691038, "params": {"C": 10.0, "gamma": 6.460494843978374}, "datetime": {"datetime": "2021-06-19 19:30:33", "elapsed": 171.339554, "delta": 0.983478}}
{"target": -11.041592509176954, "params": {"C": 5.755668566778193, "gamma": 1.5664020594580979}, "datetime": {"datetime": "2021-06-19 19:30:33", "elapsed": 172.108716, "delta": 0.769162}}
{"target": -10.297914162148235, "params": {"C": 8.992620618284773, "gamma": 0.8147816206361888}, "datetime": {"datetime": "2021-06-19 19:30:35", "elapsed": 173.303993, "delta": 1.195277}}
{"target": -12.101967474139165, "params": {"C": 5.593458796602465, "gamma": 3.6097903787863097}, "datetime": {"datetime": "2021-06-19 19:30:36", "elapsed": 174.554179, "delta": 1.250186}}
{"target": -10.40825637224869, "params": {"C": 7.648533366714974, "gamma": 0.8432805004976235}, "datetime": {"datetime": "2021-06-19 19:30:37", "elapsed": 175.563944, "delta": 1.009765}}
{"target": -10.266480841203846, "params": {"C": 9.898092396332936, "gamma": 0.9200991576622827}, "datetime": {"datetime": "2021-06-19 19:30:38", "elapsed": 176.59562, "delta": 1.031676}}
{"target": -10.54025298373854, "params": {"C": 8.747196542824746, "gamma": 1.2082308126466328}, "datetime": {"datetime": "2021-06-19 19:30:39", "elapsed": 177.961372, "delta": 1.365752}}
{"target": -13.048373107715491, "params": {"C": 8.920418432632912, "gamma": 7.18684974979759}, "datetime": {"datetime": "2021-06-19 19:30:40", "elapsed": 179.22546, "delta": 1.264088}}
{"target": -10.254924925001752, "params": {"C": 9.62476727650059, "gamma": 0.8111543166750148}, "datetime": {"datetime": "2021-06-19 19:30:42", "elapsed": 180.512556, "delta": 1.287096}}
{"target": -10.70227553987529, "params": {"C": 5.989073884960124, "gamma": 1.0634940282904173}, "datetime": {"datetime": "2021-06-19 19:30:43", "elapsed": 181.505941, "delta": 0.993385}}
{"target": -12.04634879707947, "params": {"C": 9.440169289012896, "gamma": 4.682357249736905}, "datetime": {"datetime": "2021-06-19 19:30:44", "elapsed": 182.505561, "delta": 0.99962}}
{"target": -12.533924170214236, "params": {"C": 2.816408191912572, "gamma": 3.123986337616739}, "datetime": {"datetime": "2021-06-19 19:30:45", "elapsed": 183.525747, "delta": 1.020186}}
{"target": -10.350388593062181, "params": {"C": 8.705879458226672, "gamma": 0.9409535391784238}, "datetime": {"datetime": "2021-06-19 19:30:46", "elapsed": 184.611649, "delta": 1.085902}}
{"target": -11.771115003676542, "params": {"C": 10.0, "gamma": 4.029455139193683}, "datetime": {"datetime": "2021-06-19 19:30:47", "elapsed": 185.866745, "delta": 1.255096}}
{"target": -11.446125545932642, "params": {"C": 5.067973419542996, "gamma": 0.20567689473820558}, "datetime": {"datetime": "2021-06-19 19:30:48", "elapsed": 186.745368, "delta": 0.878623}}
{"target": -10.93281959093937, "params": {"C": 5.149494845613928, "gamma": 0.350236496278061}, "datetime": {"datetime": "2021-06-19 19:30:49", "elapsed": 187.758987, "delta": 1.013619}}
{"target": -11.072012538113587, "params": {"C": 5.333610294159459, "gamma": 1.5224178293704353}, "datetime": {"datetime": "2021-06-19 19:30:50", "elapsed": 189.066003, "delta": 1.307016}}
{"target": -11.213227730463522, "params": {"C": 4.222363315771768, "gamma": 1.422664875252685}, "datetime": {"datetime": "2021-06-19 19:30:52", "elapsed": 190.284215, "delta": 1.218212}}
{"target": -10.683376820510883, "params": {"C": 6.954682493590205, "gamma": 1.2105163102923793}, "datetime": {"datetime": "2021-06-19 19:30:53", "elapsed": 191.284297, "delta": 1.000082}}
{"target": -11.336977448739322, "params": {"C": 8.190087393688305, "gamma": 2.2979411057904597}, "datetime": {"datetime": "2021-06-19 19:30:54", "elapsed": 192.456471, "delta": 1.172174}}
{"target": -11.273450305818487, "params": {"C": 7.488932981677572, "gamma": 2.1146482370937822}, "datetime": {"datetime": "2021-06-19 19:30:55", "elapsed": 193.559483, "delta": 1.103012}}
{"target": -13.788825616792138, "params": {"C": 4.000691575379724, "gamma": 7.0200498039313945}, "datetime": {"datetime": "2021-06-19 19:30:56", "elapsed": 194.424295, "delta": 0.864812}}
{"target": -11.055179885339314, "params": {"C": 3.6227171147387023, "gamma": 0.9417721916634878}, "datetime": {"datetime": "2021-06-19 19:30:57", "elapsed": 195.772675, "delta": 1.34838}}
{"target": -11.1812322208594, "params": {"C": 4.812902559259349, "gamma": 1.5628949911579422}, "datetime": {"datetime": "2021-06-19 19:30:58", "elapsed": 196.989799, "delta": 1.217124}}
{"target": -10.882683007368136, "params": {"C": 7.049449075839982, "gamma": 1.5124810246186169}, "datetime": {"datetime": "2021-06-19 19:30:59", "elapsed": 198.168309, "delta": 1.17851}}
{"target": -10.675830176885702, "params": {"C": 8.526019659808052, "gamma": 1.3675428314137401}, "datetime": {"datetime": "2021-06-19 19:31:01", "elapsed": 199.491628, "delta": 1.323319}}
{"target": -10.537577945062791, "params": {"C": 8.507491266132028, "gamma": 0.3848222967077174}, "datetime": {"datetime": "2021-06-19 19:31:02", "elapsed": 200.68672, "delta": 1.195092}}
{"target": -11.418924474821496, "params": {"C": 8.971598395280287, "gamma": 2.560193926783158}, "datetime": {"datetime": "2021-06-19 19:31:03", "elapsed": 201.897776, "delta": 1.211056}}
{"target": -11.004770911304938, "params": {"C": 5.001608138198591, "gamma": 0.3328852873098232}, "datetime": {"datetime": "2021-06-19 19:31:04", "elapsed": 202.953169, "delta": 1.055393}}
{"target": -10.871456227383906, "params": {"C": 5.568824752651901, "gamma": 0.3458384203306453}, "datetime": {"datetime": "2021-06-19 19:31:05", "elapsed": 204.056602, "delta": 1.103433}}
{"target": -11.38664853523601, "params": {"C": 6.208996817478646, "gamma": 2.1404752744896633}, "datetime": {"datetime": "2021-06-19 19:31:06", "elapsed": 205.110081, "delta": 1.053479}}
{"target": -10.811803718797416, "params": {"C": 4.49948886322909, "gamma": 0.8654531348536983}, "datetime": {"datetime": "2021-06-19 19:31:07", "elapsed": 206.228519, "delta": 1.118438}}
{"target": -10.50440465640061, "params": {"C": 9.343986208036888, "gamma": 1.2052069396945628}, "datetime": {"datetime": "2021-06-19 19:31:08", "elapsed": 207.087642, "delta": 0.859123}}
{"target": -10.584063815936329, "params": {"C": 7.700721709663494, "gamma": 1.1658236421205137}, "datetime": {"datetime": "2021-06-19 19:31:10", "elapsed": 208.533849, "delta": 1.446207}}
{"target": -11.096795795794197, "params": {"C": 9.063226480831021, "gamma": 1.9634558049621493}, "datetime": {"datetime": "2021-06-19 19:31:11", "elapsed": 209.716629, "delta": 1.18278}}
{"target": -11.57464766577478, "params": {"C": 9.569195213324438, "gamma": 3.2022269120277738}, "datetime": {"datetime": "2021-06-19 19:31:12", "elapsed": 210.831402, "delta": 1.114773}}
{"target": -11.47384129851725, "params": {"C": 4.910645053205195, "gamma": 2.0525844458686797}, "datetime": {"datetime": "2021-06-19 19:31:13", "elapsed": 211.939066, "delta": 1.107664}}
{"target": -10.694863628672797, "params": {"C": 9.283495404334237, "gamma": 1.4604343446799661}, "datetime": {"datetime": "2021-06-19 19:31:15", "elapsed": 213.364841, "delta": 1.425775}}
{"target": -15.02056379956221, "params": {"C": 8.613197587141634, "gamma": 0.016070223180499908}, "datetime": {"datetime": "2021-06-19 19:31:16", "elapsed": 214.493432, "delta": 1.128591}}
{"target": -10.7193882661916, "params": {"C": 8.136303979702467, "gamma": 0.29825264609891367}, "datetime": {"datetime": "2021-06-19 19:31:17", "elapsed": 215.617678, "delta": 1.124246}}
{"target": -11.656517846275309, "params": {"C": 7.988307267659171, "gamma": 3.036818390961833}, "datetime": {"datetime": "2021-06-19 19:31:18", "elapsed": 216.739078, "delta": 1.1214}}
{"target": -10.668041009611908, "params": {"C": 7.318963992068025, "gamma": 0.3475393294567541}, "datetime": {"datetime": "2021-06-19 19:31:19", "elapsed": 218.147981, "delta": 1.408903}}
{"target": -11.988633995517384, "params": {"C": 2.7802102541979448, "gamma": 1.9650317241691957}, "datetime": {"datetime": "2021-06-19 19:31:20", "elapsed": 219.106064, "delta": 0.958083}}
{"target": -11.580351957521588, "params": {"C": 6.844238000619804, "gamma": 2.591660832678129}, "datetime": {"datetime": "2021-06-19 19:31:21", "elapsed": 220.218671, "delta": 1.112607}}
{"target": -10.72834488839961, "params": {"C": 5.310241180806822, "gamma": 0.9530239610183047}, "datetime": {"datetime": "2021-06-19 19:31:23", "elapsed": 221.413531, "delta": 1.19486}}
{"target": -11.550495766698878, "params": {"C": 3.214718561386917, "gamma": 1.5410833437556581}, "datetime": {"datetime": "2021-06-19 19:31:24", "elapsed": 222.528934, "delta": 1.115403}}
{"target": -11.653296454551548, "params": {"C": 8.826358566624307, "gamma": 3.2845504634139546}, "datetime": {"datetime": "2021-06-19 19:31:25", "elapsed": 223.724429, "delta": 1.195495}}
{"target": -11.55630860284618, "params": {"C": 5.655756726205424, "gamma": 2.3366237480569665}, "datetime": {"datetime": "2021-06-19 19:31:26", "elapsed": 224.825837, "delta": 1.101408}}
{"target": -11.652947858791956, "params": {"C": 8.826546863469725, "gamma": 3.2832201087031354}, "datetime": {"datetime": "2021-06-19 19:31:27", "elapsed": 225.772441, "delta": 0.946604}}
{"target": -10.522748588907294, "params": {"C": 8.322354544742748, "gamma": 0.40115621849454625}, "datetime": {"datetime": "2021-06-19 19:31:28", "elapsed": 227.116905, "delta": 1.344464}}
{"target": -11.398096162489882, "params": {"C": 10.0, "gamma": 2.6648639505162848}, "datetime": {"datetime": "2021-06-19 19:31:29", "elapsed": 228.192708, "delta": 1.075803}}
{"target": -11.13217839824939, "params": {"C": 9.39411039453321, "gamma": 2.0434949256209984}, "datetime": {"datetime": "2021-06-19 19:31:31", "elapsed": 229.637864, "delta": 1.445156}}
{"target": -15.680546048908472, "params": {"C": 2.3481839308763166, "gamma": 9.890117927375465}, "datetime": {"datetime": "2021-06-19 19:31:32", "elapsed": 230.660444, "delta": 1.02258}}
{"target": -11.48653103796265, "params": {"C": 3.6335497353925987, "gamma": 1.6350525985279607}, "datetime": {"datetime": "2021-06-19 19:31:33", "elapsed": 231.890359, "delta": 1.229915}}
{"target": -11.352517247076214, "params": {"C": 7.833697154999286, "gamma": 2.2890042644094337}, "datetime": {"datetime": "2021-06-19 19:31:35", "elapsed": 233.310776, "delta": 1.420417}}
{"target": -10.386124607362015, "params": {"C": 9.185048726715772, "gamma": 0.48692680781438485}, "datetime": {"datetime": "2021-06-19 19:31:36", "elapsed": 234.375952, "delta": 1.065176}}
{"target": -10.564135145074701, "params": {"C": 6.788740817677219, "gamma": 1.002998585458888}, "datetime": {"datetime": "2021-06-19 19:31:37", "elapsed": 235.711193, "delta": 1.335241}}
{"target": -10.985140569321228, "params": {"C": 5.12212904866611, "gamma": 1.318872584520014}, "datetime": {"datetime": "2021-06-19 19:31:38", "elapsed": 236.769197, "delta": 1.058004}}
{"target": -13.001809037710728, "params": {"C": 4.633230492486242, "gamma": 5.501550487305734}, "datetime": {"datetime": "2021-06-19 19:31:39", "elapsed": 237.821595, "delta": 1.052398}}
{"target": -10.385508708785252, "params": {"C": 7.838840010192211, "gamma": 0.8180666102936809}, "datetime": {"datetime": "2021-06-19 19:31:40", "elapsed": 239.084313, "delta": 1.262718}}
{"target": -11.72309399819256, "params": {"C": 3.7467951141754408, "gamma": 2.0777554210292988}, "datetime": {"datetime": "2021-06-19 19:31:42", "elapsed": 240.372972, "delta": 1.288659}}
{"target": -11.955483680142265, "params": {"C": 6.756589096516354, "gamma": 3.6215885317053336}, "datetime": {"datetime": "2021-06-19 19:31:43", "elapsed": 241.846278, "delta": 1.473306}}
{"target": -12.066545978337546, "params": {"C": 4.093452519987756, "gamma": 2.90837551377432}, "datetime": {"datetime": "2021-06-19 19:31:44", "elapsed": 243.09436, "delta": 1.248082}}
{"target": -11.44925120500683, "params": {"C": 9.337856477697414, "gamma": 2.6986617440717993}, "datetime": {"datetime": "2021-06-19 19:31:46", "elapsed": 244.345559, "delta": 1.251199}}
{"target": -11.703382048966967, "params": {"C": 2.1579731097750865, "gamma": 0.8186374267573937}, "datetime": {"datetime": "2021-06-19 19:31:47", "elapsed": 245.93795, "delta": 1.592391}}
{"target": -10.862004722516247, "params": {"C": 5.972076248532899, "gamma": 1.3166089089833923}, "datetime": {"datetime": "2021-06-19 19:31:48", "elapsed": 247.185419, "delta": 1.247469}}
{"target": -11.591898378927263, "params": {"C": 6.097413272512239, "gamma": 2.488659675659342}, "datetime": {"datetime": "2021-06-19 19:31:50", "elapsed": 248.617824, "delta": 1.432405}}
{"target": -20.47319787778546, "params": {"C": 0.09686254031875018, "gamma": 1.5325411024452595}, "datetime": {"datetime": "2021-06-19 19:31:51", "elapsed": 249.896727, "delta": 1.278903}}
{"target": -11.544392771788207, "params": {"C": 4.187230627093778, "gamma": 1.957822272121853}, "datetime": {"datetime": "2021-06-19 19:31:53", "elapsed": 251.506368, "delta": 1.609641}}
{"target": -13.100390063289627, "params": {"C": 5.445950613682964, "gamma": 6.165604665190441}, "datetime": {"datetime": "2021-06-19 19:31:54", "elapsed": 253.003397, "delta": 1.497029}}
{"target": -11.81361843077731, "params": {"C": 9.083495956952135, "gamma": 3.9388372864983374}, "datetime": {"datetime": "2021-06-19 19:31:55", "elapsed": 254.120666, "delta": 1.117269}}
{"target": -11.286520605787882, "params": {"C": 3.197958316459393, "gamma": 1.1265163885545804}, "datetime": {"datetime": "2021-06-19 19:31:57", "elapsed": 255.663775, "delta": 1.543109}}
{"target": -10.378169339977319, "params": {"C": 9.875345783258412, "gamma": 1.0847895803830696}, "datetime": {"datetime": "2021-06-19 19:31:58", "elapsed": 256.969836, "delta": 1.306061}}
{"target": -12.309024882255851, "params": {"C": 8.65862826292956, "gamma": 5.159099700774462}, "datetime": {"datetime": "2021-06-19 19:32:00", "elapsed": 258.448664, "delta": 1.478828}}
{"target": -11.979959931834355, "params": {"C": 7.450590349121345, "gamma": 3.973681032432828}, "datetime": {"datetime": "2021-06-19 19:32:01", "elapsed": 259.972175, "delta": 1.523511}}
{"target": -14.034614350854262, "params": {"C": 6.979323294562101, "gamma": 9.350907546761754}, "datetime": {"datetime": "2021-06-19 19:32:02", "elapsed": 261.074664, "delta": 1.102489}}
{"target": -11.178553616571337, "params": {"C": 9.761854513058726, "gamma": 2.14890272083064}, "datetime": {"datetime": "2021-06-19 19:32:04", "elapsed": 262.458006, "delta": 1.383342}}
{"target": -14.048383848073875, "params": {"C": 8.959260126583805, "gamma": 9.952071102178579}, "datetime": {"datetime": "2021-06-19 19:32:05", "elapsed": 263.928031, "delta": 1.470025}}
{"target": -10.364833911889288, "params": {"C": 9.29656857980693, "gamma": 1.0258572427597916}, "datetime": {"datetime": "2021-06-19 19:32:07", "elapsed": 265.284241, "delta": 1.35621}}
{"target": -14.35251338702733, "params": {"C": 5.307979650657492, "gamma": 9.427842556674422}, "datetime": {"datetime": "2021-06-19 19:32:08", "elapsed": 266.903433, "delta": 1.619192}}
{"target": -11.642780628090001, "params": {"C": 4.530102286340509, "gamma": 2.248116191067354}, "datetime": {"datetime": "2021-06-19 19:32:09", "elapsed": 267.983538, "delta": 1.080105}}
{"target": -12.514073489661081, "params": {"C": 5.148209954706654, "gamma": 4.62156877723913}, "datetime": {"datetime": "2021-06-19 19:32:11", "elapsed": 269.39021, "delta": 1.406672}}
{"target": -12.13896496045008, "params": {"C": 6.412606059131704, "gamma": 4.0858682562113415}, "datetime": {"datetime": "2021-06-19 19:32:12", "elapsed": 271.040751, "delta": 1.650541}}
{"target": -12.015224324789378, "params": {"C": 8.378500480884385, "gamma": 4.368309705909717}, "datetime": {"datetime": "2021-06-19 19:32:14", "elapsed": 272.281941, "delta": 1.24119}}
{"target": -11.19201599149465, "params": {"C": 8.492744003365397, "gamma": 2.076278843620644}, "datetime": {"datetime": "2021-06-19 19:32:15", "elapsed": 273.668612, "delta": 1.386671}}
{"target": -10.513084308166965, "params": {"C": 7.788453898700002, "gamma": 0.4298301745118141}, "datetime": {"datetime": "2021-06-19 19:32:16", "elapsed": 274.940864, "delta": 1.272252}}
{"target": -13.632253047414034, "params": {"C": 5.101242601759193, "gamma": 7.372122870840484}, "datetime": {"datetime": "2021-06-19 19:32:18", "elapsed": 276.604505, "delta": 1.663641}}
{"target": -10.632846811806404, "params": {"C": 6.523855969819705, "gamma": 0.4071420332156591}, "datetime": {"datetime": "2021-06-19 19:32:19", "elapsed": 278.06478, "delta": 1.460275}}
{"target": -13.365483877703324, "params": {"C": 9.084117886558637, "gamma": 8.089017432304177}, "datetime": {"datetime": "2021-06-19 19:32:21", "elapsed": 279.44949, "delta": 1.38471}}
{"target": -10.536843153198983, "params": {"C": 5.930476377477364, "gamma": 0.6393330858991341}, "datetime": {"datetime": "2021-06-19 19:32:22", "elapsed": 281.106916, "delta": 1.657426}}
{"target": -13.374889731645007, "params": {"C": 6.588930178269547, "gamma": 7.38309866418176}, "datetime": {"datetime": "2021-06-19 19:32:24", "elapsed": 282.526474, "delta": 1.419558}}
{"target": -12.923540565018158, "params": {"C": 8.139726481070733, "gamma": 6.655159247738874}, "datetime": {"datetime": "2021-06-19 19:32:25", "elapsed": 283.892712, "delta": 1.366238}}
{"target": -10.258222698703248, "params": {"C": 9.90063735289397, "gamma": 0.6308783001281798}, "datetime": {"datetime": "2021-06-19 19:32:26", "elapsed": 285.111011, "delta": 1.218299}}
{"target": -11.700460606985514, "params": {"C": 9.604632984709708, "gamma": 3.7105633733056638}, "datetime": {"datetime": "2021-06-19 19:32:28", "elapsed": 286.582152, "delta": 1.471141}}
{"target": -13.682195405227407, "params": {"C": 7.823528107521868, "gamma": 8.630526891884985}, "datetime": {"datetime": "2021-06-19 19:32:30", "elapsed": 288.435563, "delta": 1.853411}}
{"target": -11.784779928723477, "params": {"C": 5.373866866952503, "gamma": 2.7176987014436795}, "datetime": {"datetime": "2021-06-19 19:32:32", "elapsed": 290.507287, "delta": 2.071724}}
{"target": -10.300614489703062, "params": {"C": 9.14918945859834, "gamma": 0.633809517401061}, "datetime": {"datetime": "2021-06-19 19:32:33", "elapsed": 291.910611, "delta": 1.403324}}
{"target": -14.092730190205979, "params": {"C": 1.925347720552052, "gamma": 5.394835880748234}, "datetime": {"datetime": "2021-06-19 19:32:35", "elapsed": 293.398359, "delta": 1.487748}}
{"target": -13.033373745983592, "params": {"C": 2.5835170687138422, "gamma": 3.9994005197871654}, "datetime": {"datetime": "2021-06-19 19:32:36", "elapsed": 294.655835, "delta": 1.257476}}
{"target": -10.707169589231563, "params": {"C": 4.65378726273548, "gamma": 0.6703587073957082}, "datetime": {"datetime": "2021-06-19 19:32:37", "elapsed": 296.139305, "delta": 1.48347}}
{"target": -37.00147710064567, "params": {"C": 0.001, "gamma": 8.651923466808215}, "datetime": {"datetime": "2021-06-19 19:32:39", "elapsed": 297.580108, "delta": 1.440803}}
{"target": -10.322028737980826, "params": {"C": 9.536939306543594, "gamma": 0.9860329533255051}, "datetime": {"datetime": "2021-06-19 19:32:40", "elapsed": 299.103248, "delta": 1.52314}}
{"target": -12.170371978377496, "params": {"C": 9.986725214553337, "gamma": 5.08221782590458}, "datetime": {"datetime": "2021-06-19 19:32:42", "elapsed": 300.79289, "delta": 1.689642}}
{"target": -10.42535926718144, "params": {"C": 7.362842847491155, "gamma": 0.816924676731128}, "datetime": {"datetime": "2021-06-19 19:32:43", "elapsed": 302.228092, "delta": 1.435202}}
{"target": -10.96387155650854, "params": {"C": 9.268006357410464, "gamma": 1.78640647365112}, "datetime": {"datetime": "2021-06-19 19:32:45", "elapsed": 303.307579, "delta": 1.079487}}
{"target": -12.294833984456835, "params": {"C": 2.1699007104321852, "gamma": 1.9561773069995207}, "datetime": {"datetime": "2021-06-19 19:32:46", "elapsed": 304.911776, "delta": 1.604197}}
{"target": -12.069763105423265, "params": {"C": 3.1726310575902636, "gamma": 2.402897024529061}, "datetime": {"datetime": "2021-06-19 19:32:47", "elapsed": 306.052373, "delta": 1.140597}}
{"target": -10.36347760394015, "params": {"C": 8.152526082251565, "gamma": 0.8297014174643613}, "datetime": {"datetime": "2021-06-19 19:32:49", "elapsed": 307.719948, "delta": 1.667575}}
{"target": -14.756088730111362, "params": {"C": 2.5860134197315694, "gamma": 7.964556687340591}, "datetime": {"datetime": "2021-06-19 19:32:50", "elapsed": 308.870179, "delta": 1.150231}}
{"target": -12.347181893958115, "params": {"C": 3.884114220701805, "gamma": 3.4440304962882524}, "datetime": {"datetime": "2021-06-19 19:32:51", "elapsed": 309.975213, "delta": 1.105034}}
{"target": -10.841386225354857, "params": {"C": 5.865930092169079, "gamma": 0.3397308705214889}, "datetime": {"datetime": "2021-06-19 19:32:53", "elapsed": 311.922109, "delta": 1.946896}}
{"target": -11.639744243841797, "params": {"C": 2.4107834622030433, "gamma": 0.5243332437749535}, "datetime": {"datetime": "2021-06-19 19:32:54", "elapsed": 313.224007, "delta": 1.301898}}
{"target": -12.300147168712767, "params": {"C": 6.432179776444722, "gamma": 4.596584491439302}, "datetime": {"datetime": "2021-06-19 19:32:56", "elapsed": 314.445807, "delta": 1.2218}}
{"target": -12.273672348923876, "params": {"C": 1.7443540037308283, "gamma": 1.3710811577038915}, "datetime": {"datetime": "2021-06-19 19:32:57", "elapsed": 316.062642, "delta": 1.616835}}
{"target": -12.875842696657955, "params": {"C": 3.5556561085957408, "gamma": 4.577369620652631}, "datetime": {"datetime": "2021-06-19 19:32:59", "elapsed": 317.319191, "delta": 1.256549}}
{"target": -12.041456249962566, "params": {"C": 4.749336469668518, "gamma": 3.109721315489412}, "datetime": {"datetime": "2021-06-19 19:33:00", "elapsed": 318.738008, "delta": 1.418817}}
