{"target": -14.449019037335411, "params": {"C": 7.650727859904404, "gamma": 5.884129997137035}, "datetime": {"datetime": "2021-06-19 19:25:17", "elapsed": 315.760384, "delta": 1.453716}}
{"target": -24.671575014984338, "params": {"C": 4.951889595925851, "gamma": 0.001}, "datetime": {"datetime": "2021-06-19 19:25:19", "elapsed": 317.570764, "delta": 1.81038}}
{"target": -16.163400407556196, "params": {"C": 9.188506603694576, "gamma": 8.875395471559749}, "datetime": {"datetime": "2021-06-19 19:25:20", "elapsed": 318.673036, "delta": 1.102272}}
{"target": -13.618856996335737, "params": {"C": 4.559740643724835, "gamma": 3.706270931207174}, "datetime": {"datetime": "2021-06-19 19:25:21", "elapsed": 319.838573, "delta": 1.165537}}
{"target": -13.34291924595842, "params": {"C": 1.269066461693761, "gamma": 0.7108714199443661}, "datetime": {"datetime": "2021-06-19 19:25:22", "elapsed": 320.992576, "delta": 1.154003}}
{"target": -11.428082636530076, "params": {"C": 5.114945399510498, "gamma": 0.31601324821389976}, "datetime": {"datetime": "2021-06-19 19:25:24", "elapsed": 322.481605, "delta": 1.489029}}
{"target": -11.402214282571803, "params": {"C": 8.821215843041939, "gamma": 1.6305148925542399}, "datetime": {"datetime": "2021-06-19 19:25:25", "elapsed": 323.912556, "delta": 1.430951}}
{"target": -11.250839589556048, "params": {"C": 5.327744284534776, "gamma": 0.8270740214280337}, "datetime": {"datetime": "2021-06-19 19:25:28", "elapsed": 326.548354, "delta": 2.635798}}
{"target": -11.467875718923986, "params": {"C": 4.679870690827799, "gamma": 0.45647986529978496}, "datetime": {"datetime": "2021-06-19 19:25:30", "elapsed": 328.556544, "delta": 2.00819}}
{"target": -11.450857895875064, "params": {"C": 4.97166831792888, "gamma": 0.3319664810684805}, "datetime": {"datetime": "2021-06-19 19:25:31", "elapsed": 330.143295, "delta": 1.586751}}
{"target": -11.306318103605623, "params": {"C": 5.88049494960666, "gamma": 1.2554376988214015}, "datetime": {"datetime": "2021-06-19 19:25:33", "elapsed": 331.662926, "delta": 1.519631}}
{"target": -11.382016529188736, "params": {"C": 5.404781733839174, "gamma": 0.26447414746335146}, "datetime": {"datetime": "2021-06-19 19:25:34", "elapsed": 333.181861, "delta": 1.518935}}
{"target": -11.01193489317342, "params": {"C": 9.814765727274297, "gamma": 1.2623281853458015}, "datetime": {"datetime": "2021-06-19 19:25:36", "elapsed": 334.942486, "delta": 1.760625}}
{"target": -11.215528606233235, "params": {"C": 8.05895741349386, "gamma": 1.3962858533662676}, "datetime": {"datetime": "2021-06-19 19:25:38", "elapsed": 336.802138, "delta": 1.859652}}
{"target": -10.91886765494575, "params": {"C": 7.372045855779859, "gamma": 0.6042569212084061}, "datetime": {"datetime": "2021-06-19 19:25:40", "elapsed": 339.402535, "delta": 2.600397}}
{"target": -11.369976012486486, "params": {"C": 5.589001610493247, "gamma": 1.2652633413087577}, "datetime": {"datetime": "2021-06-19 19:25:43", "elapsed": 341.545769, "delta": 2.143234}}
{"target": -11.361247281523603, "params": {"C": 5.313793989249339, "gamma": 1.1219706065713562}, "datetime": {"datetime": "2021-06-19 19:25:44", "elapsed": 343.356221, "delta": 1.810452}}
{"target": -15.071960672844039, "params": {"C": 3.9929958480673364, "gamma": 5.637409561320657}, "datetime": {"datetime": "2021-06-19 19:25:46", "elapsed": 344.624286, "delta": 1.268065}}
{"target": -10.890233912048352, "params": {"C": 7.815279432586005, "gamma": 1.0068195600821095}, "datetime": {"datetime": "2021-06-19 19:25:47", "elapsed": 345.9068, "delta": 1.282514}}
{"target": -10.767218256473535, "params": {"C": 8.447039920976843, "gamma": 0.6206235919773639}, "datetime": {"datetime": "2021-06-19 19:25:49", "elapsed": 347.549391, "delta": 1.642591}}
{"target": -10.791333938489462, "params": {"C": 8.35458706389108, "gamma": 0.8558289984646306}, "datetime": {"datetime": "2021-06-19 19:25:50", "elapsed": 349.14176, "delta": 1.592369}}
{"target": -10.686819372762663, "params": {"C": 9.89085425912457, "gamma": 0.544529979094041}, "datetime": {"datetime": "2021-06-19 19:25:52", "elapsed": 351.33528, "delta": 2.19352}}
{"target": -18.644193432227596, "params": {"C": 0.9544759761268032, "gamma": 6.890423235715274}, "datetime": {"datetime": "2021-06-19 19:25:54", "elapsed": 352.609276, "delta": 1.273996}}
{"target": -11.377162467605993, "params": {"C": 6.675728562512562, "gamma": 1.486557885019287}, "datetime": {"datetime": "2021-06-19 19:25:55", "elapsed": 353.869598, "delta": 1.260322}}
{"target": -12.383091227643991, "params": {"C": 4.49389243371666, "gamma": 2.2183741009271327}, "datetime": {"datetime": "2021-06-19 19:25:56", "elapsed": 355.198107, "delta": 1.328509}}
{"target": -10.713051317151198, "params": {"C": 9.29831050728774, "gamma": 0.9512191881363501}, "datetime": {"datetime": "2021-06-19 19:25:58", "elapsed": 357.399241, "delta": 2.201134}}
{"target": -10.713414035278246, "params": {"C": 8.954763245439828, "gamma": 0.7646135201354758}, "datetime": {"datetime": "2021-06-19 19:26:01", "elapsed": 359.460852, "delta": 2.061611}}
{"target": -17.461862676905, "params": {"C": 2.8956815400998006, "gamma": 9.077369702818197}, "datetime": {"datetime": "2021-06-19 19:26:02", "elapsed": 360.75428, "delta": 1.293428}}
{"target": -11.800687728024918, "params": {"C": 6.973529543206685, "gamma": 2.012238298316747}, "datetime": {"datetime": "2021-06-19 19:26:04", "elapsed": 362.789512, "delta": 2.035232}}
{"target": -10.968302123176844, "params": {"C": 6.879918189290171, "gamma": 0.7700142373252424}, "datetime": {"datetime": "2021-06-19 19:26:06", "elapsed": 364.478199, "delta": 1.688687}}
{"target": -11.45006761405038, "params": {"C": 6.843172773276538, "gamma": 1.570067037131459}, "datetime": {"datetime": "2021-06-19 19:26:07", "elapsed": 366.368166, "delta": 1.889967}}
{"target": -10.659749514282694, "params": {"C": 9.69618527062368, "gamma": 0.9142034203564094}, "datetime": {"datetime": "2021-06-19 19:26:09", "elapsed": 368.37126, "delta": 2.003094}}
{"target": -10.884702886353638, "params": {"C": 7.592886227944022, "gamma": 0.6112724282379777}, "datetime": {"datetime": "2021-06-19 19:26:11", "elapsed": 370.096933, "delta": 1.725673}}
{"target": -10.881569383406339, "params": {"C": 8.504491911263148, "gamma": 1.0837164263516361}, "datetime": {"datetime": "2021-06-19 19:26:13", "elapsed": 371.892144, "delta": 1.795211}}
{"target": -11.75936218700887, "params": {"C": 4.5014370529792505, "gamma": 1.4697038790277865}, "datetime": {"datetime": "2021-06-19 19:26:15", "elapsed": 373.5023, "delta": 1.610156}}
{"target": -10.822318133415282, "params": {"C": 8.073393280710691, "gamma": 0.6046000567519827}, "datetime": {"datetime": "2021-06-19 19:26:17", "elapsed": 375.422816, "delta": 1.920516}}
{"target": -15.810918919724578, "params": {"C": 9.431810268314477, "gamma": 0.007620689552143863}, "datetime": {"datetime": "2021-06-19 19:26:19", "elapsed": 377.577814, "delta": 2.154998}}
{"target": -11.041915433844855, "params": {"C": 6.4835888154531, "gamma": 0.8364327571499646}, "datetime": {"datetime": "2021-06-19 19:26:20", "elapsed": 379.324603, "delta": 1.746789}}
{"target": -10.873101110463383, "params": {"C": 9.419084791555221, "gamma": 0.399274825048085}, "datetime": {"datetime": "2021-06-19 19:26:22", "elapsed": 381.178038, "delta": 1.853435}}
{"target": -16.611502363822474, "params": {"C": 2.073174221847101, "gamma": 6.513622216614143}, "datetime": {"datetime": "2021-06-19 19:26:24", "elapsed": 382.546533, "delta": 1.368495}}
{"target": -11.869302873957395, "params": {"C": 5.949713391882965, "gamma": 1.9890257631733643}, "datetime": {"datetime": "2021-06-19 19:26:26", "elapsed": 384.816914, "delta": 2.270381}}
{"target": -11.32801972962148, "params": {"C": 5.7844893553507655, "gamma": 0.2586881238036641}, "datetime": {"datetime": "2021-06-19 19:26:28", "elapsed": 387.070487, "delta": 2.253573}}
{"target": -10.761341856200259, "params": {"C": 9.089831928797267, "gamma": 0.5474143540147373}, "datetime": {"datetime": "2021-06-19 19:26:30", "elapsed": 389.009421, "delta": 1.938934}}
{"target": -10.988554022785836, "params": {"C": 6.709820829920812, "gamma": 0.7325440361827974}, "datetime": {"datetime": "2021-06-19 19:26:31", "elapsed": 390.381648, "delta": 1.372227}}
{"target": -10.931456808391719, "params": {"C": 9.703814207087005, "gamma": 0.28640022485120153}, "datetime": {"datetime": "2021-06-19 19:26:34", "elapsed": 393.076105, "delta": 2.694457}}
{"target": -16.558395447152733, "params": {"C": 3.981497342106241, "gamma": 8.359556775596857}, "datetime": {"datetime": "2021-06-19 19:26:36", "elapsed": 394.746966, "delta": 1.670861}}
{"target": -12.143294480457214, "params": {"C": 7.913627259813464, "gamma": 2.6372203778055647}, "datetime": {"datetime": "2021-06-19 19:26:38", "elapsed": 396.783289, "delta": 2.036323}}
{"target": -11.854760121671669, "params": {"C": 9.662375321572593, "gamma": 2.279183352991664}, "datetime": {"datetime": "2021-06-19 19:26:40", "elapsed": 398.776271, "delta": 1.992982}}
{"target": -11.517088162480897, "params": {"C": 4.398775038709951, "gamma": 0.5736365990424996}, "datetime": {"datetime": "2021-06-19 19:26:42", "elapsed": 401.259381, "delta": 2.48311}}
{"target": -10.949573658128747, "params": {"C": 9.425468933321534, "gamma": 0.27010512412537296}, "datetime": {"datetime": "2021-06-19 19:26:45", "elapsed": 403.566019, "delta": 2.306638}}
{"target": -12.265035264026553, "params": {"C": 4.1281526725992626, "gamma": 1.9556696153414654}, "datetime": {"datetime": "2021-06-19 19:26:47", "elapsed": 405.602203, "delta": 2.036184}}
{"target": -12.521604673958672, "params": {"C": 8.049758254953911, "gamma": 3.2091694302636977}, "datetime": {"datetime": "2021-06-19 19:26:48", "elapsed": 407.365974, "delta": 1.763771}}
{"target": -14.810111954948296, "params": {"C": 0.9266073802182433, "gamma": 0.13523344280558883}, "datetime": {"datetime": "2021-06-19 19:26:50", "elapsed": 408.775819, "delta": 1.409845}}
{"target": -11.579698366161738, "params": {"C": 9.008875549354062, "gamma": 1.8648314120126328}, "datetime": {"datetime": "2021-06-19 19:26:52", "elapsed": 410.606459, "delta": 1.83064}}
{"target": -15.468892765575944, "params": {"C": 8.76398997480691, "gamma": 7.70816758220586}, "datetime": {"datetime": "2021-06-19 19:26:54", "elapsed": 412.489962, "delta": 1.883503}}
{"target": -11.81062771637226, "params": {"C": 7.401775205815473, "gamma": 2.0665530500703415}, "datetime": {"datetime": "2021-06-19 19:26:56", "elapsed": 414.779756, "delta": 2.289794}}
{"target": -37.065873125261625, "params": {"C": 0.001, "gamma": 8.6969238082346}, "datetime": {"datetime": "2021-06-19 19:26:59", "elapsed": 418.21654, "delta": 3.436784}}
{"target": -10.719328028787288, "params": {"C": 9.3406850248788, "gamma": 0.5625284759788428}, "datetime": {"datetime": "2021-06-19 19:27:02", "elapsed": 420.438688, "delta": 2.222148}}
