{"target": -20.42318863174438, "params": {"C": 9.188506603694576, "gamma": 8.875395471559749}, "datetime": {"datetime": "2021-06-19 15:16:13", "elapsed": 544.134477, "delta": 1.954898}}
{"target": -16.159812794641788, "params": {"C": 4.559740643724835, "gamma": 3.706270931207174}, "datetime": {"datetime": "2021-06-19 15:16:15", "elapsed": 546.115797, "delta": 1.98132}}
{"target": -11.047987932900275, "params": {"C": 7.361718051932532, "gamma": 0.9155600506061404}, "datetime": {"datetime": "2021-06-19 15:16:17", "elapsed": 548.341129, "delta": 2.225332}}
{"target": -11.551343729525223, "params": {"C": 6.129747570941931, "gamma": 1.155398557031509}, "datetime": {"datetime": "2021-06-19 15:16:20", "elapsed": 551.675717, "delta": 3.334588}}
{"target": -10.846953712158289, "params": {"C": 9.215946835921175, "gamma": 0.4714085094056672}, "datetime": {"datetime": "2021-06-19 15:16:24", "elapsed": 555.437984, "delta": 3.762267}}
{"target": -16.90776812560241, "params": {"C": 8.302138733436367, "gamma": 4.569750842477245}, "datetime": {"datetime": "2021-06-19 15:16:28", "elapsed": 559.530345, "delta": 4.092361}}
{"target": -10.914021305958704, "params": {"C": 9.930009010130743, "gamma": 1.0390586506674073}, "datetime": {"datetime": "2021-06-19 15:16:31", "elapsed": 562.601191, "delta": 3.070846}}
{"target": -10.953189717933883, "params": {"C": 8.712909640383668, "gamma": 0.43962882897865085}, "datetime": {"datetime": "2021-06-19 15:16:34", "elapsed": 565.250325, "delta": 2.649134}}
{"target": -23.176157541297798, "params": {"C": 0.07239874869794762, "gamma": 1.2390825135512809}, "datetime": {"datetime": "2021-06-19 15:16:37", "elapsed": 568.123404, "delta": 2.873079}}
{"target": -10.822822252727637, "params": {"C": 9.64383406858565, "gamma": 0.47225779724270067}, "datetime": {"datetime": "2021-06-19 15:16:39", "elapsed": 570.759704, "delta": 2.6363}}
{"target": -10.985535798688897, "params": {"C": 7.657529336875845, "gamma": 0.5150794715082588}, "datetime": {"datetime": "2021-06-19 15:16:44", "elapsed": 575.732197, "delta": 4.972493}}
{"target": -20.276825943288983, "params": {"C": 1.6997918501063844, "gamma": 6.64387420123532}, "datetime": {"datetime": "2021-06-19 15:16:48", "elapsed": 579.379714, "delta": 3.647517}}
{"target": -11.480515973105595, "params": {"C": 5.168820599624904, "gamma": 0.5457504969190923}, "datetime": {"datetime": "2021-06-19 15:16:51", "elapsed": 582.289188, "delta": 2.909474}}
{"target": -10.883389349611067, "params": {"C": 9.08807418981339, "gamma": 0.45777568948679315}, "datetime": {"datetime": "2021-06-19 15:16:54", "elapsed": 585.504425, "delta": 3.215237}}
{"target": -17.250102111608108, "params": {"C": 2.9555912804417455, "gamma": 4.269842510564457}, "datetime": {"datetime": "2021-06-19 15:16:57", "elapsed": 588.543625, "delta": 3.0392}}
{"target": -18.288863716927267, "params": {"C": 3.9929958480673364, "gamma": 5.637409561320657}, "datetime": {"datetime": "2021-06-19 15:16:59", "elapsed": 590.791068, "delta": 2.247443}}
{"target": -11.673962537138042, "params": {"C": 5.003662424543631, "gamma": 0.37568379424234233}, "datetime": {"datetime": "2021-06-19 15:17:02", "elapsed": 593.228721, "delta": 2.437653}}
{"target": -10.833192841352444, "params": {"C": 9.061420088839828, "gamma": 0.765300047619217}, "datetime": {"datetime": "2021-06-19 15:17:05", "elapsed": 596.224632, "delta": 2.995911}}
{"target": -10.925976061952568, "params": {"C": 8.97944350371522, "gamma": 1.0022652888042682}, "datetime": {"datetime": "2021-06-19 15:17:07", "elapsed": 598.606963, "delta": 2.382331}}
{"target": -11.262819205552695, "params": {"C": 6.627339510033506, "gamma": 0.4173783565895124}, "datetime": {"datetime": "2021-06-19 15:17:10", "elapsed": 601.869413, "delta": 3.26245}}
{"target": -21.638390323473672, "params": {"C": 0.9544759761268032, "gamma": 6.890423235715274}, "datetime": {"datetime": "2021-06-19 15:17:13", "elapsed": 604.133642, "delta": 2.264229}}
{"target": -12.017019633592003, "params": {"C": 6.675728562512562, "gamma": 1.486557885019287}, "datetime": {"datetime": "2021-06-19 15:17:15", "elapsed": 606.897165, "delta": 2.763523}}
{"target": -13.826015328867843, "params": {"C": 4.49389243371666, "gamma": 2.2183741009271327}, "datetime": {"datetime": "2021-06-19 15:17:18", "elapsed": 609.451812, "delta": 2.554647}}
{"target": -10.850385132184709, "params": {"C": 9.431757131804146, "gamma": 0.4545590959856948}, "datetime": {"datetime": "2021-06-19 15:17:22", "elapsed": 613.063763, "delta": 3.611951}}
{"target": -11.048663435221586, "params": {"C": 6.827169189174499, "gamma": 0.6121573587253671}, "datetime": {"datetime": "2021-06-19 15:17:25", "elapsed": 616.211081, "delta": 3.147318}}
{"target": -21.402642626198432, "params": {"C": 2.8956815400998006, "gamma": 9.077369702818197}, "datetime": {"datetime": "2021-06-19 15:17:27", "elapsed": 618.668112, "delta": 2.457031}}
{"target": -37.190506222916774, "params": {"C": 0.001, "gamma": 10.0}, "datetime": {"datetime": "2021-06-19 15:17:30", "elapsed": 621.827144, "delta": 3.159032}}
{"target": -11.41499442959943, "params": {"C": 6.858494838470074, "gamma": 0.2933933685156222}, "datetime": {"datetime": "2021-06-19 15:17:34", "elapsed": 625.206108, "delta": 3.378964}}
{"target": -11.30748350973587, "params": {"C": 5.696208045951376, "gamma": 0.7270297759962213}, "datetime": {"datetime": "2021-06-19 15:17:37", "elapsed": 628.794059, "delta": 3.587951}}
{"target": -10.939472165891356, "params": {"C": 7.93029808700842, "gamma": 0.8903954347844062}, "datetime": {"datetime": "2021-06-19 15:17:40", "elapsed": 631.726284, "delta": 2.932225}}
{"target": -10.814986116569901, "params": {"C": 9.9954081381222, "gamma": 0.8318558005540816}, "datetime": {"datetime": "2021-06-19 15:17:43", "elapsed": 634.899753, "delta": 3.173469}}
{"target": -11.051620601529875, "params": {"C": 8.233374182026093, "gamma": 1.0305361448626915}, "datetime": {"datetime": "2021-06-19 15:17:46", "elapsed": 637.932585, "delta": 3.032832}}
{"target": -11.489483925409843, "params": {"C": 9.650514802699188, "gamma": 1.3267409083465576}, "datetime": {"datetime": "2021-06-19 15:17:49", "elapsed": 640.498026, "delta": 2.565441}}
{"target": -10.831596226223121, "params": {"C": 9.720395803261384, "gamma": 0.8842038489128627}, "datetime": {"datetime": "2021-06-19 15:17:52", "elapsed": 643.084816, "delta": 2.58679}}
{"target": -10.816415763480963, "params": {"C": 8.673553641429926, "gamma": 0.6365672498711972}, "datetime": {"datetime": "2021-06-19 15:17:55", "elapsed": 646.387725, "delta": 3.302909}}
{"target": -10.796594811806703, "params": {"C": 9.22392758205468, "gamma": 0.6020525916870569}, "datetime": {"datetime": "2021-06-19 15:17:59", "elapsed": 650.213629, "delta": 3.825904}}
{"target": -10.837283874732142, "params": {"C": 9.60569430324435, "gamma": 0.9235385218884413}, "datetime": {"datetime": "2021-06-19 15:18:02", "elapsed": 653.719155, "delta": 3.505526}}
{"target": -19.842325357480398, "params": {"C": 2.073174221847101, "gamma": 6.513622216614143}, "datetime": {"datetime": "2021-06-19 15:18:04", "elapsed": 655.926081, "delta": 2.206926}}
{"target": -10.90185222070363, "params": {"C": 7.952737981949416, "gamma": 0.5449606937690538}, "datetime": {"datetime": "2021-06-19 15:18:08", "elapsed": 659.206381, "delta": 3.2803}}
{"target": -15.109486666114835, "params": {"C": 5.7927361791300696, "gamma": 3.086262242224045}, "datetime": {"datetime": "2021-06-19 15:18:11", "elapsed": 662.59911, "delta": 3.392729}}
{"target": -13.071097110948177, "params": {"C": 3.466638349152989, "gamma": 1.6160849151388028}, "datetime": {"datetime": "2021-06-19 15:18:14", "elapsed": 665.629634, "delta": 3.030524}}
{"target": -11.053574816934367, "params": {"C": 6.709820829920812, "gamma": 0.7325440361827974}, "datetime": {"datetime": "2021-06-19 15:18:17", "elapsed": 668.758913, "delta": 3.129279}}
{"target": -16.46496208432024, "params": {"C": 9.986137021860522, "gamma": 4.174656116817408}, "datetime": {"datetime": "2021-06-19 15:18:21", "elapsed": 672.650835, "delta": 3.891922}}
{"target": -20.560532175250493, "params": {"C": 3.981497342106241, "gamma": 8.359556775596857}, "datetime": {"datetime": "2021-06-19 15:18:23", "elapsed": 674.916424, "delta": 2.265589}}
{"target": -11.139360809527563, "params": {"C": 9.72306540293151, "gamma": 0.26957690459863964}, "datetime": {"datetime": "2021-06-19 15:18:27", "elapsed": 678.319693, "delta": 3.403269}}
{"target": -10.990530026589218, "params": {"C": 9.94852438039645, "gamma": 0.3417721815188203}, "datetime": {"datetime": "2021-06-19 15:18:30", "elapsed": 681.884199, "delta": 3.564506}}
{"target": -10.884134229341354, "params": {"C": 9.730583500158078, "gamma": 0.4164115110775344}, "datetime": {"datetime": "2021-06-19 15:18:34", "elapsed": 685.653969, "delta": 3.76977}}
{"target": -10.921812908366656, "params": {"C": 9.527379933697047, "gamma": 0.4052097921672284}, "datetime": {"datetime": "2021-06-19 15:18:37", "elapsed": 688.915555, "delta": 3.261586}}
{"target": -37.27087282465895, "params": {"C": 0.001, "gamma": 0.001}, "datetime": {"datetime": "2021-06-19 15:18:41", "elapsed": 692.733371, "delta": 3.817816}}
{"target": -10.870403293737366, "params": {"C": 7.9896294903783796, "gamma": 0.6784761339570727}, "datetime": {"datetime": "2021-06-19 15:18:44", "elapsed": 695.546322, "delta": 2.812951}}
{"target": -14.994794554323368, "params": {"C": 0.9266073802182433, "gamma": 0.13523344280558883}, "datetime": {"datetime": "2021-06-19 15:18:47", "elapsed": 698.384402, "delta": 2.83808}}
{"target": -11.234486166713417, "params": {"C": 6.123924941335512, "gamma": 0.556405597732176}, "datetime": {"datetime": "2021-06-19 15:18:51", "elapsed": 702.28709, "delta": 3.902688}}
{"target": -10.805648033793, "params": {"C": 8.865991829476041, "gamma": 0.6379252159953078}, "datetime": {"datetime": "2021-06-19 15:18:54", "elapsed": 705.556298, "delta": 3.269208}}
{"target": -10.973066551808463, "params": {"C": 8.3570304062904, "gamma": 0.9768515989829111}, "datetime": {"datetime": "2021-06-19 15:18:59", "elapsed": 710.610524, "delta": 5.054226}}
{"target": -10.916801850331417, "params": {"C": 7.534118422781791, "gamma": 0.7294912668205311}, "datetime": {"datetime": "2021-06-19 15:19:04", "elapsed": 715.38818, "delta": 4.777656}}
{"target": -10.825727349309567, "params": {"C": 9.829051398137002, "gamma": 0.9382577436375358}, "datetime": {"datetime": "2021-06-19 15:19:07", "elapsed": 718.635448, "delta": 3.247268}}
{"target": -10.90333926777606, "params": {"C": 7.714726648482267, "gamma": 0.7237353217625025}, "datetime": {"datetime": "2021-06-19 15:19:11", "elapsed": 722.057977, "delta": 3.422529}}
{"target": -17.94084953580982, "params": {"C": 7.7931425403160794, "gamma": 5.620456716785454}, "datetime": {"datetime": "2021-06-19 15:19:14", "elapsed": 725.686091, "delta": 3.628114}}
{"target": -10.990785360363143, "params": {"C": 7.072057108749426, "gamma": 0.6289648366645695}, "datetime": {"datetime": "2021-06-19 15:19:17", "elapsed": 728.762936, "delta": 3.076845}}
{"target": -10.878312982298393, "params": {"C": 8.794934360500354, "gamma": 0.9371355203621105}, "datetime": {"datetime": "2021-06-19 15:19:20", "elapsed": 731.427106, "delta": 2.66417}}
{"target": -17.29577545833493, "params": {"C": 5.531353748212439, "gamma": 4.7952382872289965}, "datetime": {"datetime": "2021-06-19 15:19:23", "elapsed": 734.253715, "delta": 2.826609}}
{"target": -10.842341840871327, "params": {"C": 8.319571375670854, "gamma": 0.648012831655582}, "datetime": {"datetime": "2021-06-19 15:19:26", "elapsed": 737.959244, "delta": 3.705529}}
{"target": -11.257048225473557, "params": {"C": 5.881012633962893, "gamma": 0.7102663017164579}, "datetime": {"datetime": "2021-06-19 15:19:29", "elapsed": 740.909435, "delta": 2.950191}}
{"target": -10.80986470053888, "params": {"C": 9.034437772921756, "gamma": 0.5958235756041086}, "datetime": {"datetime": "2021-06-19 15:19:32", "elapsed": 743.617159, "delta": 2.707724}}
{"target": -13.389121887071568, "params": {"C": 7.26928816256065, "gamma": 2.2002281867105333}, "datetime": {"datetime": "2021-06-19 15:19:35", "elapsed": 746.325154, "delta": 2.707995}}
{"target": -11.222015978715444, "params": {"C": 6.126072708631394, "gamma": 0.8306372533662493}, "datetime": {"datetime": "2021-06-19 15:19:39", "elapsed": 750.212957, "delta": 3.887803}}
{"target": -10.81736705226674, "params": {"C": 9.83092841615599, "gamma": 0.46281927275544477}, "datetime": {"datetime": "2021-06-19 15:19:42", "elapsed": 753.540806, "delta": 3.327849}}
{"target": -29.893444335874857, "params": {"C": 0.12306932517179434, "gamma": 8.683586126094717}, "datetime": {"datetime": "2021-06-19 15:19:46", "elapsed": 757.531562, "delta": 3.990756}}
{"target": -11.77394627126868, "params": {"C": 5.6233718293508925, "gamma": 1.2320538063885418}, "datetime": {"datetime": "2021-06-19 15:19:49", "elapsed": 760.84806, "delta": 3.316498}}
{"target": -10.814124137781581, "params": {"C": 9.42665275421511, "gamma": 0.5394939724516703}, "datetime": {"datetime": "2021-06-19 15:19:53", "elapsed": 764.689366, "delta": 3.841306}}
{"target": -10.985428237094926, "params": {"C": 7.208313709218452, "gamma": 0.5793341746226678}, "datetime": {"datetime": "2021-06-19 15:19:57", "elapsed": 768.045266, "delta": 3.3559}}
{"target": -15.879179783547903, "params": {"C": 1.6024152674156236, "gamma": 2.613812118740464}, "datetime": {"datetime": "2021-06-19 15:19:59", "elapsed": 770.773167, "delta": 2.727901}}
{"target": -11.593186242934319, "params": {"C": 5.463286707324042, "gamma": 0.35234817474268915}, "datetime": {"datetime": "2021-06-19 15:20:02", "elapsed": 773.977098, "delta": 3.203931}}
{"target": -13.597169045192548, "params": {"C": 6.327994829973451, "gamma": 2.254658571658316}, "datetime": {"datetime": "2021-06-19 15:20:06", "elapsed": 777.974482, "delta": 3.997384}}
{"target": -10.801871405439723, "params": {"C": 9.558243807134653, "gamma": 0.72417719697024}, "datetime": {"datetime": "2021-06-19 15:20:11", "elapsed": 782.197121, "delta": 4.222639}}
{"target": -15.300578536268569, "params": {"C": 3.0660021288242123, "gamma": 2.875888937813747}, "datetime": {"datetime": "2021-06-19 15:20:14", "elapsed": 785.233452, "delta": 3.036331}}
{"target": -10.84313784273582, "params": {"C": 8.591927224036738, "gamma": 0.5678306902091228}, "datetime": {"datetime": "2021-06-19 15:20:18", "elapsed": 789.847581, "delta": 4.614129}}
{"target": -19.50002658364488, "params": {"C": 8.786243025127067, "gamma": 7.706270459234478}, "datetime": {"datetime": "2021-06-19 15:20:22", "elapsed": 793.992041, "delta": 4.14446}}
{"target": -10.81566290752545, "params": {"C": 9.914875416772535, "gamma": 0.8167293064522657}, "datetime": {"datetime": "2021-06-19 15:20:26", "elapsed": 797.387643, "delta": 3.395602}}
{"target": -12.054985291692393, "params": {"C": 8.260443620065804, "gamma": 1.584814465180203}, "datetime": {"datetime": "2021-06-19 15:20:29", "elapsed": 800.06338, "delta": 2.675737}}
{"target": -10.811314897180925, "params": {"C": 9.702119746666149, "gamma": 0.7712832588521743}, "datetime": {"datetime": "2021-06-19 15:20:34", "elapsed": 805.560594, "delta": 5.497214}}
{"target": -12.268557682971416, "params": {"C": 3.075841155840078, "gamma": 0.4603335422008944}, "datetime": {"datetime": "2021-06-19 15:20:37", "elapsed": 808.273032, "delta": 2.712438}}
{"target": -10.930019688605263, "params": {"C": 8.832351494972066, "gamma": 0.4462453181406383}, "datetime": {"datetime": "2021-06-19 15:20:40", "elapsed": 811.942028, "delta": 3.668996}}
{"target": -10.818750958055201, "params": {"C": 9.219389434657296, "gamma": 0.7362962270234857}, "datetime": {"datetime": "2021-06-19 15:20:45", "elapsed": 816.11599, "delta": 4.173962}}
{"target": -14.621448197607712, "params": {"C": 9.99960761084202, "gamma": 2.946635689594346}, "datetime": {"datetime": "2021-06-19 15:20:47", "elapsed": 818.829909, "delta": 2.713919}}
{"target": -10.908768271507935, "params": {"C": 8.082298863563125, "gamma": 0.5260640596699806}, "datetime": {"datetime": "2021-06-19 15:20:51", "elapsed": 822.61434, "delta": 3.784431}}
{"target": -18.34223475815439, "params": {"C": 5.574524693864359, "gamma": 5.972110112976968}, "datetime": {"datetime": "2021-06-19 15:20:56", "elapsed": 827.102314, "delta": 4.487974}}
{"target": -12.447914073983155, "params": {"C": 3.143735380724018, "gamma": 1.014906457021116}, "datetime": {"datetime": "2021-06-19 15:21:00", "elapsed": 831.618662, "delta": 4.516348}}
{"target": -20.306993604058615, "params": {"C": 0.5308590306253639, "gamma": 3.9814370578670104}, "datetime": {"datetime": "2021-06-19 15:21:03", "elapsed": 834.010345, "delta": 2.391683}}
{"target": -11.055435443546951, "params": {"C": 7.107455792153362, "gamma": 0.8771077055595571}, "datetime": {"datetime": "2021-06-19 15:21:06", "elapsed": 837.172097, "delta": 3.161752}}
{"target": -10.920881188167584, "params": {"C": 8.701182362309549, "gamma": 0.9687654698524981}, "datetime": {"datetime": "2021-06-19 15:21:09", "elapsed": 840.79652, "delta": 3.624423}}
{"target": -11.078185827341827, "params": {"C": 9.503583414109045, "gamma": 1.1270667039858953}, "datetime": {"datetime": "2021-06-19 15:21:14", "elapsed": 845.528752, "delta": 4.732232}}
{"target": -11.096929783169253, "params": {"C": 8.530583643877906, "gamma": 1.095575443909353}, "datetime": {"datetime": "2021-06-19 15:21:19", "elapsed": 850.143814, "delta": 4.615062}}
{"target": -10.813175784034062, "params": {"C": 9.031268692410265, "gamma": 0.683397589539193}, "datetime": {"datetime": "2021-06-19 15:21:21", "elapsed": 852.954741, "delta": 2.810927}}
{"target": -13.742683919426845, "params": {"C": 2.12716374892145, "gamma": 1.5193803729150384}, "datetime": {"datetime": "2021-06-19 15:21:26", "elapsed": 857.452765, "delta": 4.498024}}
{"target": -10.85086512745095, "params": {"C": 9.277793440145814, "gamma": 0.8774718596015562}, "datetime": {"datetime": "2021-06-19 15:21:31", "elapsed": 862.876296, "delta": 5.423531}}
{"target": -14.624476766463863, "params": {"C": 4.976506297470821, "gamma": 2.7399060012516023}, "datetime": {"datetime": "2021-06-19 15:21:35", "elapsed": 866.289773, "delta": 3.413477}}
{"target": -12.9167236885566, "params": {"C": 2.0556812988594753, "gamma": 0.6344352928706786}, "datetime": {"datetime": "2021-06-19 15:21:40", "elapsed": 871.881103, "delta": 5.59133}}
{"target": -12.87907103789897, "params": {"C": 8.460465328678136, "gamma": 1.9939962817077763}, "datetime": {"datetime": "2021-06-19 15:21:46", "elapsed": 877.031957, "delta": 5.150854}}
{"target": -21.34132127536935, "params": {"C": 7.022019271682993, "gamma": 9.981822207014929}, "datetime": {"datetime": "2021-06-19 15:21:50", "elapsed": 881.40559, "delta": 4.373633}}
{"target": -10.834987018379504, "params": {"C": 9.31875984365908, "gamma": 0.47286293477809754}, "datetime": {"datetime": "2021-06-19 15:21:54", "elapsed": 885.164085, "delta": 3.758495}}
{"target": -11.271368379274636, "params": {"C": 9.222644741912651, "gamma": 1.2212859133008565}, "datetime": {"datetime": "2021-06-19 15:21:57", "elapsed": 888.692526, "delta": 3.528441}}
{"target": -10.859011782983622, "params": {"C": 9.154237007177086, "gamma": 0.9314724944540151}, "datetime": {"datetime": "2021-06-19 15:22:02", "elapsed": 893.593427, "delta": 4.900901}}
{"target": -14.955813396680542, "params": {"C": 8.307782544387184, "gamma": 3.1085365285196715}, "datetime": {"datetime": "2021-06-19 15:22:05", "elapsed": 896.690449, "delta": 3.097022}}
{"target": -16.28077932736104, "params": {"C": 6.0107480758236775, "gamma": 3.923685361034088}, "datetime": {"datetime": "2021-06-19 15:22:09", "elapsed": 900.286549, "delta": 3.5961}}
{"target": -10.797201969804602, "params": {"C": 9.36726113682258, "gamma": 0.686403653203085}, "datetime": {"datetime": "2021-06-19 15:22:13", "elapsed": 904.956819, "delta": 4.67027}}
{"target": -12.587190952706425, "params": {"C": 2.615374377548501, "gamma": 0.22294270940284655}, "datetime": {"datetime": "2021-06-19 15:22:19", "elapsed": 910.695725, "delta": 5.738906}}
{"target": -10.847565041597882, "params": {"C": 8.513411412007562, "gamma": 0.7008728695110462}, "datetime": {"datetime": "2021-06-19 15:22:24", "elapsed": 915.915898, "delta": 5.220173}}
{"target": -11.079556723561328, "params": {"C": 6.898448058099339, "gamma": 0.8585228592514301}, "datetime": {"datetime": "2021-06-19 15:22:28", "elapsed": 919.238961, "delta": 3.323063}}
{"target": -10.918524450298511, "params": {"C": 9.625420734123237, "gamma": 1.0338963541366444}, "datetime": {"datetime": "2021-06-19 15:22:32", "elapsed": 923.96232, "delta": 4.723359}}
{"target": -10.796395133872423, "params": {"C": 9.6159998556134, "gamma": 0.5645945317376719}, "datetime": {"datetime": "2021-06-19 15:22:37", "elapsed": 928.409157, "delta": 4.446837}}
{"target": -17.18454342484448, "params": {"C": 3.973480344765069, "gamma": 4.45448223706636}, "datetime": {"datetime": "2021-06-19 15:22:43", "elapsed": 934.702546, "delta": 6.293389}}
{"target": -18.86231367426986, "params": {"C": 1.1661841164487283, "gamma": 4.45386459999781}, "datetime": {"datetime": "2021-06-19 15:22:46", "elapsed": 937.540556, "delta": 2.83801}}
{"target": -11.690266339877908, "params": {"C": 4.683626678115599, "gamma": 0.9118696432592821}, "datetime": {"datetime": "2021-06-19 15:22:51", "elapsed": 942.485223, "delta": 4.944667}}
{"target": -18.475838494339065, "params": {"C": 9.342132532780054, "gamma": 6.3717236930802805}, "datetime": {"datetime": "2021-06-19 15:22:54", "elapsed": 945.97124, "delta": 3.486017}}
{"target": -11.106790568742584, "params": {"C": 9.890044250205419, "gamma": 1.151261594413383}, "datetime": {"datetime": "2021-06-19 15:22:59", "elapsed": 950.459167, "delta": 4.487927}}
{"target": -10.84348651151394, "params": {"C": 9.437998093546081, "gamma": 0.9614804314505385}, "datetime": {"datetime": "2021-06-19 15:23:03", "elapsed": 954.205762, "delta": 3.746595}}
