{"target": -9.893918595698247, "params": {"C": 24.99412200792772, "gamma": 0.6264835651156344}, "datetime": {"datetime": "2021-06-20 13:34:14", "elapsed": 56.621921, "delta": 1.066588}}
{"target": -9.892312887592627, "params": {"C": 24.935685915341054, "gamma": 0.6340351146024886}, "datetime": {"datetime": "2021-06-20 13:34:15", "elapsed": 57.513922, "delta": 0.892001}}
{"target": -9.88978651336963, "params": {"C": 24.947095938008882, "gamma": 0.6423365857203651}, "datetime": {"datetime": "2021-06-20 13:34:16", "elapsed": 58.58692, "delta": 1.072998}}
{"target": -9.888474572660536, "params": {"C": 24.93521412263859, "gamma": 0.6488341387366463}, "datetime": {"datetime": "2021-06-20 13:34:17", "elapsed": 59.525428, "delta": 0.938508}}
{"target": -9.88973584230759, "params": {"C": 24.943365841404002, "gamma": 0.6551540475605904}, "datetime": {"datetime": "2021-06-20 13:34:18", "elapsed": 60.611431, "delta": 1.086003}}
{"target": -9.889669004143745, "params": {"C": 24.946792042641622, "gamma": 0.6549103907247112}, "datetime": {"datetime": "2021-06-20 13:34:19", "elapsed": 61.796097, "delta": 1.184666}}
{"target": -9.89090594561243, "params": {"C": 24.939267169638793, "gamma": 0.6610515771851666}, "datetime": {"datetime": "2021-06-20 13:34:20", "elapsed": 62.979096, "delta": 1.182999}}
{"target": -9.890153361725352, "params": {"C": 24.92468124881105, "gamma": 0.6567575491897617}, "datetime": {"datetime": "2021-06-20 13:34:22", "elapsed": 64.328096, "delta": 1.349}}
{"target": -9.888613736518362, "params": {"C": 24.928501914843455, "gamma": 0.6467143221689918}, "datetime": {"datetime": "2021-06-20 13:34:23", "elapsed": 65.463097, "delta": 1.135001}}
{"target": -9.888986532425106, "params": {"C": 24.96260505824013, "gamma": 0.651958192104754}, "datetime": {"datetime": "2021-06-20 13:34:24", "elapsed": 66.249937, "delta": 0.78684}}
{"target": -9.888260555967676, "params": {"C": 24.948825316480992, "gamma": 0.6472763572905393}, "datetime": {"datetime": "2021-06-20 13:34:25", "elapsed": 67.29594, "delta": 1.046003}}
{"target": -9.88972083517389, "params": {"C": 24.933148968353667, "gamma": 0.654811482106775}, "datetime": {"datetime": "2021-06-20 13:34:26", "elapsed": 68.385968, "delta": 1.090028}}
{"target": -9.890571993532102, "params": {"C": 24.934816304692035, "gamma": 0.6400613473742764}, "datetime": {"datetime": "2021-06-20 13:34:27", "elapsed": 69.245969, "delta": 0.860001}}
{"target": -9.894322562005431, "params": {"C": 24.95444009219237, "gamma": 0.6739224071161041}, "datetime": {"datetime": "2021-06-20 13:34:27", "elapsed": 70.043963, "delta": 0.797994}}
{"target": -9.888553000118227, "params": {"C": 24.90779498542561, "gamma": 0.6475004490689968}, "datetime": {"datetime": "2021-06-20 13:34:29", "elapsed": 71.316565, "delta": 1.272602}}
{"target": -9.892624364634237, "params": {"C": 24.920906612763787, "gamma": 0.6333749106451216}, "datetime": {"datetime": "2021-06-20 13:34:30", "elapsed": 72.198569, "delta": 0.882004}}
{"target": -9.8888094575694, "params": {"C": 24.901796704293545, "gamma": 0.6468420720200974}, "datetime": {"datetime": "2021-06-20 13:34:30", "elapsed": 73.091564, "delta": 0.892995}}
{"target": -9.8882106300086, "params": {"C": 24.94506906446613, "gamma": 0.6478329352959267}, "datetime": {"datetime": "2021-06-20 13:34:32", "elapsed": 74.230564, "delta": 1.139}}
{"target": -9.889163967751417, "params": {"C": 24.930627402946527, "gamma": 0.6448626917586069}, "datetime": {"datetime": "2021-06-20 13:34:33", "elapsed": 75.357564, "delta": 1.127}}
{"target": -9.891628666904358, "params": {"C": 24.93769597335352, "gamma": 0.636364502158407}, "datetime": {"datetime": "2021-06-20 13:34:34", "elapsed": 77.005153, "delta": 1.647589}}
{"target": -9.889404176274109, "params": {"C": 24.92008203232127, "gamma": 0.6443771629092105}, "datetime": {"datetime": "2021-06-20 13:34:36", "elapsed": 78.264153, "delta": 1.259}}
{"target": -9.89015209395101, "params": {"C": 24.905166040338734, "gamma": 0.6562303290570421}, "datetime": {"datetime": "2021-06-20 13:34:37", "elapsed": 79.260154, "delta": 0.996001}}
{"target": -9.889158317702416, "params": {"C": 24.94868908987648, "gamma": 0.6443639650299254}, "datetime": {"datetime": "2021-06-20 13:34:38", "elapsed": 80.817154, "delta": 1.557}}
{"target": -9.888962301157916, "params": {"C": 24.93208904939148, "gamma": 0.6510769994080515}, "datetime": {"datetime": "2021-06-20 13:34:39", "elapsed": 81.917357, "delta": 1.100203}}
{"target": -9.889017301819376, "params": {"C": 24.920718669851283, "gamma": 0.6456255075096333}, "datetime": {"datetime": "2021-06-20 13:34:41", "elapsed": 83.164355, "delta": 1.246998}}
{"target": -9.890111714331988, "params": {"C": 24.922203338117193, "gamma": 0.6564807545237488}, "datetime": {"datetime": "2021-06-20 13:34:42", "elapsed": 84.601358, "delta": 1.437003}}
{"target": -9.889104208079605, "params": {"C": 24.9553794572374, "gamma": 0.64434981643762}, "datetime": {"datetime": "2021-06-20 13:34:43", "elapsed": 86.058994, "delta": 1.457636}}
{"target": -9.889943645798484, "params": {"C": 24.94753116136115, "gamma": 0.6418011022141432}, "datetime": {"datetime": "2021-06-20 13:34:45", "elapsed": 87.251998, "delta": 1.193004}}
{"target": -9.891661689749608, "params": {"C": 24.971244689556464, "gamma": 0.6352619887981407}, "datetime": {"datetime": "2021-06-20 13:34:46", "elapsed": 88.735996, "delta": 1.483998}}
{"target": -9.888579370668683, "params": {"C": 24.91755039468332, "gamma": 0.6471374255957443}, "datetime": {"datetime": "2021-06-20 13:34:47", "elapsed": 90.117994, "delta": 1.381998}}
{"target": -9.889706729789436, "params": {"C": 24.92122975444668, "gamma": 0.6544309488526745}, "datetime": {"datetime": "2021-06-20 13:34:49", "elapsed": 91.461591, "delta": 1.343597}}
{"target": -9.889226028340344, "params": {"C": 24.937418744592517, "gamma": 0.6524862928370043}, "datetime": {"datetime": "2021-06-20 13:34:50", "elapsed": 93.05512, "delta": 1.593529}}
{"target": -9.890135981265754, "params": {"C": 24.937588285517457, "gamma": 0.6414462117034208}, "datetime": {"datetime": "2021-06-20 13:34:52", "elapsed": 94.601122, "delta": 1.546002}}
{"target": -9.888802926533176, "params": {"C": 24.934866396899395, "gamma": 0.6459192304585561}, "datetime": {"datetime": "2021-06-20 13:34:53", "elapsed": 95.919708, "delta": 1.318586}}
{"target": -9.888884349273528, "params": {"C": 24.908389323315674, "gamma": 0.6501197818892981}, "datetime": {"datetime": "2021-06-20 13:34:55", "elapsed": 97.271706, "delta": 1.351998}}
{"target": -9.889439188401994, "params": {"C": 24.93975109039087, "gamma": 0.653589274659712}, "datetime": {"datetime": "2021-06-20 13:34:56", "elapsed": 98.593706, "delta": 1.322}}
{"target": -9.889057594864404, "params": {"C": 24.934666538120652, "gamma": 0.6516002533174814}, "datetime": {"datetime": "2021-06-20 13:34:58", "elapsed": 100.208707, "delta": 1.615001}}
{"target": -9.889789439455482, "params": {"C": 24.922072902463835, "gamma": 0.6430481889775779}, "datetime": {"datetime": "2021-06-20 13:34:59", "elapsed": 101.636339, "delta": 1.427632}}
{"target": -9.890760345858018, "params": {"C": 24.921889980324615, "gamma": 0.6398006520035278}, "datetime": {"datetime": "2021-06-20 13:35:00", "elapsed": 103.101336, "delta": 1.464997}}
{"target": -9.889362888311382, "params": {"C": 24.942429307789922, "gamma": 0.6438714570526385}, "datetime": {"datetime": "2021-06-20 13:35:02", "elapsed": 105.151334, "delta": 2.049998}}
{"target": -9.888650514975339, "params": {"C": 24.948793213880077, "gamma": 0.6499979438224027}, "datetime": {"datetime": "2021-06-20 13:35:04", "elapsed": 106.94505, "delta": 1.793716}}
{"target": -9.889379037973985, "params": {"C": 24.927917175854024, "gamma": 0.6529912351689784}, "datetime": {"datetime": "2021-06-20 13:35:06", "elapsed": 108.74505, "delta": 1.8}}
{"target": -9.890697581188448, "params": {"C": 24.92864955086081, "gamma": 0.6398162389398366}, "datetime": {"datetime": "2021-06-20 13:35:08", "elapsed": 110.238053, "delta": 1.493003}}
{"target": -9.888490767445406, "params": {"C": 24.950483381577712, "gamma": 0.6464864424870493}, "datetime": {"datetime": "2021-06-20 13:35:09", "elapsed": 111.617709, "delta": 1.379656}}
{"target": -9.888958936818275, "params": {"C": 24.908708521803554, "gamma": 0.6461591030820728}, "datetime": {"datetime": "2021-06-20 13:35:11", "elapsed": 113.184708, "delta": 1.566999}}
{"target": -9.888475328229921, "params": {"C": 24.96586875476286, "gamma": 0.6460988865455297}, "datetime": {"datetime": "2021-06-20 13:35:12", "elapsed": 114.451713, "delta": 1.267005}}
{"target": -9.889728150910702, "params": {"C": 24.92637711563596, "gamma": 0.6546710738497362}, "datetime": {"datetime": "2021-06-20 13:35:13", "elapsed": 115.843097, "delta": 1.391384}}
{"target": -9.89026225886491, "params": {"C": 24.928162659895577, "gamma": 0.6412963626381469}, "datetime": {"datetime": "2021-06-20 13:35:15", "elapsed": 117.670344, "delta": 1.827247}}
{"target": -9.88863027115294, "params": {"C": 24.93705147080056, "gamma": 0.6496144216838231}, "datetime": {"datetime": "2021-06-20 13:35:17", "elapsed": 119.936637, "delta": 2.266293}}
{"target": -9.888277428925022, "params": {"C": 24.948470974727496, "gamma": 0.647232093051356}, "datetime": {"datetime": "2021-06-20 13:35:19", "elapsed": 122.102397, "delta": 2.16576}}
{"target": -9.889260332283415, "params": {"C": 24.94128750900301, "gamma": 0.6442413111844505}, "datetime": {"datetime": "2021-06-20 13:35:21", "elapsed": 124.124394, "delta": 2.021997}}
{"target": -9.89054953674724, "params": {"C": 24.938560033014475, "gamma": 0.6400283365718669}, "datetime": {"datetime": "2021-06-20 13:35:23", "elapsed": 125.871141, "delta": 1.746747}}
{"target": -9.889264219513302, "params": {"C": 24.929794590389786, "gamma": 0.6524790374182131}, "datetime": {"datetime": "2021-06-20 13:35:25", "elapsed": 127.528144, "delta": 1.657003}}
{"target": -9.890460550900933, "params": {"C": 24.92192084664564, "gamma": 0.6408116659839196}, "datetime": {"datetime": "2021-06-20 13:35:27", "elapsed": 129.364143, "delta": 1.835999}}
{"target": -9.889344546571344, "params": {"C": 24.936423204440686, "gamma": 0.6441041241619556}, "datetime": {"datetime": "2021-06-20 13:35:29", "elapsed": 131.731117, "delta": 2.366974}}
{"target": -9.889618977777225, "params": {"C": 24.920254192751678, "gamma": 0.653972263039148}, "datetime": {"datetime": "2021-06-20 13:35:31", "elapsed": 133.535115, "delta": 1.803998}}
{"target": -9.890743801335228, "params": {"C": 24.923770253013373, "gamma": 0.6597641333001549}, "datetime": {"datetime": "2021-06-20 13:35:33", "elapsed": 135.344116, "delta": 1.809001}}
{"target": -9.88830337952256, "params": {"C": 24.9438244785286, "gamma": 0.6482370968626743}, "datetime": {"datetime": "2021-06-20 13:35:35", "elapsed": 137.588128, "delta": 2.244012}}
{"target": -9.888304294850418, "params": {"C": 24.97337956644312, "gamma": 0.648954018802788}, "datetime": {"datetime": "2021-06-20 13:35:37", "elapsed": 139.336128, "delta": 1.748}}
{"target": -9.88845331117396, "params": {"C": 24.95621684009207, "gamma": 0.6492425581145542}, "datetime": {"datetime": "2021-06-20 13:35:38", "elapsed": 140.903852, "delta": 1.567724}}
{"target": -9.955112793662849, "params": {"C": 19.982457543838162, "gamma": 0.7514985006611052}, "datetime": {"datetime": "2021-06-20 13:35:40", "elapsed": 142.265852, "delta": 1.362}}
{"target": -9.889121397466184, "params": {"C": 24.95425421880432, "gamma": 0.6443256847155079}, "datetime": {"datetime": "2021-06-20 13:35:42", "elapsed": 144.679852, "delta": 2.414}}
{"target": -9.889381042118902, "params": {"C": 24.961097341306548, "gamma": 0.6538531227117421}, "datetime": {"datetime": "2021-06-20 13:35:44", "elapsed": 146.359549, "delta": 1.679697}}
{"target": -9.889815845772263, "params": {"C": 24.932057628630346, "gamma": 0.655256420981035}, "datetime": {"datetime": "2021-06-20 13:35:45", "elapsed": 148.042547, "delta": 1.682998}}
{"target": -9.888511920447396, "params": {"C": 24.942708345040632, "gamma": 0.649191710637152}, "datetime": {"datetime": "2021-06-20 13:35:47", "elapsed": 149.727548, "delta": 1.685001}}
{"target": -9.890534761862718, "params": {"C": 24.958720483760473, "gamma": 0.6596505308628143}, "datetime": {"datetime": "2021-06-20 13:35:49", "elapsed": 151.608335, "delta": 1.880787}}
{"target": -9.88864403975186, "params": {"C": 24.9494513262277, "gamma": 0.6460193419434244}, "datetime": {"datetime": "2021-06-20 13:35:51", "elapsed": 153.36533, "delta": 1.756995}}
{"target": -9.88956277416979, "params": {"C": 24.93710404726253, "gamma": 0.643365410167474}, "datetime": {"datetime": "2021-06-20 13:35:53", "elapsed": 155.437332, "delta": 2.072002}}
{"target": -9.88974901095826, "params": {"C": 24.940980672776583, "gamma": 0.6426373086534591}, "datetime": {"datetime": "2021-06-20 13:35:54", "elapsed": 157.042139, "delta": 1.604807}}
{"target": -9.88917762396687, "params": {"C": 24.94331530132242, "gamma": 0.6524000041757997}, "datetime": {"datetime": "2021-06-20 13:35:56", "elapsed": 158.499165, "delta": 1.457026}}
{"target": -9.889938462481743, "params": {"C": 24.93049055971456, "gamma": 0.6558290523403971}, "datetime": {"datetime": "2021-06-20 13:35:58", "elapsed": 160.282143, "delta": 1.782978}}
{"target": -9.891000606241564, "params": {"C": 24.934369947733195, "gamma": 0.6614127693472297}, "datetime": {"datetime": "2021-06-20 13:35:59", "elapsed": 162.069745, "delta": 1.787602}}
{"target": -9.888643721292931, "params": {"C": 24.9257189993955, "gamma": 0.6466965588013128}, "datetime": {"datetime": "2021-06-20 13:36:01", "elapsed": 163.465748, "delta": 1.396003}}
{"target": -9.888954499483583, "params": {"C": 24.96006755604252, "gamma": 0.6517388428057949}, "datetime": {"datetime": "2021-06-20 13:36:03", "elapsed": 165.639746, "delta": 2.173998}}
{"target": -9.890173798684753, "params": {"C": 24.962988194833176, "gamma": 0.6405845653450545}, "datetime": {"datetime": "2021-06-20 13:36:05", "elapsed": 167.254427, "delta": 1.614681}}
{"target": -9.890060529853056, "params": {"C": 24.932435890842633, "gamma": 0.6564956508221915}, "datetime": {"datetime": "2021-06-20 13:36:06", "elapsed": 168.660428, "delta": 1.406001}}
{"target": -9.890117243333451, "params": {"C": 24.93947873116727, "gamma": 0.6569719411294012}, "datetime": {"datetime": "2021-06-20 13:36:08", "elapsed": 170.594428, "delta": 1.934}}
{"target": -9.888424209301412, "params": {"C": 24.951684520337597, "gamma": 0.6489949381805709}, "datetime": {"datetime": "2021-06-20 13:36:10", "elapsed": 172.722437, "delta": 2.128009}}
{"target": -9.888975644508928, "params": {"C": 24.959952205003496, "gamma": 0.6446398485513924}, "datetime": {"datetime": "2021-06-20 13:36:12", "elapsed": 174.620437, "delta": 1.898}}
{"target": -9.888420026629369, "params": {"C": 24.960765672328723, "gamma": 0.6491955241336069}, "datetime": {"datetime": "2021-06-20 13:36:15", "elapsed": 177.178437, "delta": 2.558}}
{"target": -9.889092300077222, "params": {"C": 24.928637088128365, "gamma": 0.6516168332352048}, "datetime": {"datetime": "2021-06-20 13:36:17", "elapsed": 179.359431, "delta": 2.180994}}
{"target": -9.888649253992382, "params": {"C": 24.94912356723808, "gamma": 0.6500000434111959}, "datetime": {"datetime": "2021-06-20 13:36:19", "elapsed": 181.386654, "delta": 2.027223}}
{"target": -9.888975488963673, "params": {"C": 24.948491226504956, "gamma": 0.6515498877207402}, "datetime": {"datetime": "2021-06-20 13:36:21", "elapsed": 183.433654, "delta": 2.047}}
{"target": -9.8892280296699, "params": {"C": 24.92796438178746, "gamma": 0.6447291620592611}, "datetime": {"datetime": "2021-06-20 13:36:23", "elapsed": 185.184656, "delta": 1.751002}}
{"target": -9.889775680011539, "params": {"C": 24.945860924878865, "gamma": 0.6554190270169101}, "datetime": {"datetime": "2021-06-20 13:36:24", "elapsed": 186.671279, "delta": 1.486623}}
{"target": -9.888228510029368, "params": {"C": 24.937270603122926, "gamma": 0.6477306240572629}, "datetime": {"datetime": "2021-06-20 13:36:26", "elapsed": 188.63228, "delta": 1.961001}}
{"target": -9.88943185403527, "params": {"C": 24.94946772751586, "gamma": 0.6434422399003275}, "datetime": {"datetime": "2021-06-20 13:36:28", "elapsed": 190.384278, "delta": 1.751998}}
{"target": -9.889782708058426, "params": {"C": 24.95648168048591, "gamma": 0.6557352226681843}, "datetime": {"datetime": "2021-06-20 13:36:30", "elapsed": 192.496925, "delta": 2.112647}}
{"target": -9.88904834798744, "params": {"C": 24.923549419102795, "gamma": 0.6512780629117252}, "datetime": {"datetime": "2021-06-20 13:36:32", "elapsed": 194.418733, "delta": 1.921808}}
{"target": -9.888361737612868, "params": {"C": 24.956664765608338, "gamma": 0.6488205970631433}, "datetime": {"datetime": "2021-06-20 13:36:34", "elapsed": 196.698455, "delta": 2.279722}}
{"target": -9.888764792984412, "params": {"C": 24.922859929499836, "gamma": 0.649906144440175}, "datetime": {"datetime": "2021-06-20 13:36:36", "elapsed": 198.999457, "delta": 2.301002}}
{"target": -9.891191077711278, "params": {"C": 24.949238694826242, "gamma": 0.6375336347807752}, "datetime": {"datetime": "2021-06-20 13:36:39", "elapsed": 201.296632, "delta": 2.297175}}
{"target": -9.890736755739542, "params": {"C": 24.947160259711787, "gamma": 0.6391443989370271}, "datetime": {"datetime": "2021-06-20 13:36:41", "elapsed": 203.200631, "delta": 1.903999}}
{"target": -9.889190005251537, "params": {"C": 24.93868378193718, "gamma": 0.6445466332488102}, "datetime": {"datetime": "2021-06-20 13:36:42", "elapsed": 204.872633, "delta": 1.672002}}
{"target": -9.891590479474804, "params": {"C": 24.935742102789796, "gamma": 0.6365541603158129}, "datetime": {"datetime": "2021-06-20 13:36:44", "elapsed": 206.953632, "delta": 2.080999}}
{"target": -9.890147588568793, "params": {"C": 24.95038059654762, "gamma": 0.6574210772254347}, "datetime": {"datetime": "2021-06-20 13:36:46", "elapsed": 208.990632, "delta": 2.037}}
{"target": -9.889596072818804, "params": {"C": 24.914256995821958, "gamma": 0.6439127208061173}, "datetime": {"datetime": "2021-06-20 13:36:48", "elapsed": 210.660634, "delta": 1.670002}}
{"target": -9.888875205414507, "params": {"C": 24.952564015270156, "gamma": 0.6451787809815628}, "datetime": {"datetime": "2021-06-20 13:36:50", "elapsed": 212.288231, "delta": 1.627597}}
{"target": -9.888728776526724, "params": {"C": 24.92924488215553, "gamma": 0.6498912710014157}, "datetime": {"datetime": "2021-06-20 13:36:51", "elapsed": 213.928234, "delta": 1.640003}}
{"target": -9.888839954358684, "params": {"C": 24.950794906371435, "gamma": 0.6509540632588618}, "datetime": {"datetime": "2021-06-20 13:36:53", "elapsed": 215.692232, "delta": 1.763998}}
{"target": -9.890833014952854, "params": {"C": 24.94504898001248, "gamma": 0.6608308899257287}, "datetime": {"datetime": "2021-06-20 13:36:55", "elapsed": 217.275416, "delta": 1.583184}}
{"target": -9.888570699197672, "params": {"C": 24.93259306665098, "gamma": 0.646737045674613}, "datetime": {"datetime": "2021-06-20 13:36:56", "elapsed": 218.819417, "delta": 1.544001}}
{"target": -9.889234795818547, "params": {"C": 24.91653745497418, "gamma": 0.6520018431780074}, "datetime": {"datetime": "2021-06-20 13:36:58", "elapsed": 220.261418, "delta": 1.442001}}
{"target": -9.88933779066624, "params": {"C": 24.939521053541768, "gamma": 0.6530855887649685}, "datetime": {"datetime": "2021-06-20 13:36:59", "elapsed": 222.152048, "delta": 1.89063}}
{"target": -9.889746269669683, "params": {"C": 24.921957298437064, "gamma": 0.6546458030963516}, "datetime": {"datetime": "2021-06-20 13:37:02", "elapsed": 224.299045, "delta": 2.146997}}
{"target": -9.889925506674427, "params": {"C": 24.96141725789448, "gamma": 0.6414607915052686}, "datetime": {"datetime": "2021-06-20 13:37:04", "elapsed": 226.20688, "delta": 1.907835}}
{"target": -9.889308719145598, "params": {"C": 24.927975969946672, "gamma": 0.6526495896832822}, "datetime": {"datetime": "2021-06-20 13:37:05", "elapsed": 227.632881, "delta": 1.426001}}
{"target": -9.890617091889865, "params": {"C": 24.94703194092616, "gamma": 0.6597534944224794}, "datetime": {"datetime": "2021-06-20 13:37:07", "elapsed": 229.692886, "delta": 2.060005}}
{"target": -9.88946638013591, "params": {"C": 24.949353842231048, "gamma": 0.653971164539585}, "datetime": {"datetime": "2021-06-20 13:37:09", "elapsed": 231.375493, "delta": 1.682607}}
{"target": -9.890140655002806, "params": {"C": 24.937491148560593, "gamma": 0.6570373668211378}, "datetime": {"datetime": "2021-06-20 13:37:11", "elapsed": 233.375497, "delta": 2.000004}}
{"target": -9.888392411941018, "params": {"C": 24.935426228724758, "gamma": 0.6484530974120502}, "datetime": {"datetime": "2021-06-20 13:37:13", "elapsed": 235.426492, "delta": 2.050995}}
{"target": -9.888286567964172, "params": {"C": 24.942092924750522, "gamma": 0.6473837414587511}, "datetime": {"datetime": "2021-06-20 13:37:15", "elapsed": 237.795086, "delta": 2.368594}}
{"target": -9.891433649200641, "params": {"C": 24.95612315653834, "gamma": 0.6364969178572416}, "datetime": {"datetime": "2021-06-20 13:37:17", "elapsed": 240.126255, "delta": 2.331169}}
{"target": -9.889345278219617, "params": {"C": 24.936373635266754, "gamma": 0.653041859042713}, "datetime": {"datetime": "2021-06-20 13:37:20", "elapsed": 242.624363, "delta": 2.498108}}
{"target": -9.888707337879103, "params": {"C": 24.94745671206444, "gamma": 0.6502361137861234}, "datetime": {"datetime": "2021-06-20 13:37:22", "elapsed": 244.394363, "delta": 1.77}}
{"target": -9.889140518156971, "params": {"C": 24.92114602441103, "gamma": 0.6452109632112136}, "datetime": {"datetime": "2021-06-20 13:37:24", "elapsed": 246.798041, "delta": 2.403678}}
{"target": -9.888671983168798, "params": {"C": 24.923693725023117, "gamma": 0.6466627680836675}, "datetime": {"datetime": "2021-06-20 13:37:26", "elapsed": 248.841044, "delta": 2.043003}}
{"target": -9.889070899980402, "params": {"C": 24.944916021608805, "gamma": 0.6447582395866149}, "datetime": {"datetime": "2021-06-20 13:37:28", "elapsed": 250.814046, "delta": 1.973002}}
