{"target": -16.45043114494911, "params": {"C": 4.170803025021038, "gamma": 7.20352460992814}, "datetime": {"datetime": "2021-06-19 14:21:02", "elapsed": 0.0, "delta": 0.0}}
{"target": -36.22328571361578, "params": {"C": 0.002143633798631522, "gamma": 3.024023393745766}, "datetime": {"datetime": "2021-06-19 14:21:02", "elapsed": 0.298364, "delta": 0.298364}}
{"target": -13.357571955160545, "params": {"C": 1.4684121522803133, "gamma": 0.9242936090932092}, "datetime": {"datetime": "2021-06-19 14:21:02", "elapsed": 0.615155, "delta": 0.316791}}
{"target": -14.51254417677926, "params": {"C": 1.8634158535653313, "gamma": 3.4562617097034343}, "datetime": {"datetime": "2021-06-19 14:21:02", "elapsed": 0.910937, "delta": 0.295782}}
{"target": -15.244329636564547, "params": {"C": 3.968277974832469, "gamma": 5.388628523299567}, "datetime": {"datetime": "2021-06-19 14:21:03", "elapsed": 1.279562, "delta": 0.368625}}
{"target": -16.20381981720448, "params": {"C": 4.192525949518545, "gamma": 6.852509784467199}, "datetime": {"datetime": "2021-06-19 14:21:03", "elapsed": 1.616264, "delta": 0.336702}}
{"target": -18.47782576986785, "params": {"C": 2.045318045065443, "gamma": 8.781296246473064}, "datetime": {"datetime": "2021-06-19 14:21:04", "elapsed": 2.025993, "delta": 0.409729}}
{"target": -22.64712613784154, "params": {"C": 0.2748485443860637, "gamma": 6.705004634273845}, "datetime": {"datetime": "2021-06-19 14:21:04", "elapsed": 2.350031, "delta": 0.324038}}
{"target": -15.335613693710574, "params": {"C": 4.173630718868903, "gamma": 5.587339594629071}, "datetime": {"datetime": "2021-06-19 14:21:04", "elapsed": 2.73491, "delta": 0.384879}}
{"target": -13.91973298028436, "params": {"C": 1.4047289990137424, "gamma": 1.981816789359703}, "datetime": {"datetime": "2021-06-19 14:21:05", "elapsed": 3.107974, "delta": 0.373064}}
{"target": -17.493578317071155, "params": {"C": 8.00764494218669, "gamma": 9.682647495618255}, "datetime": {"datetime": "2021-06-19 14:21:05", "elapsed": 3.407578, "delta": 0.299604}}
{"target": -16.576620000210152, "params": {"C": 3.1349283574142692, "gamma": 6.923533834077472}, "datetime": {"datetime": "2021-06-19 14:21:05", "elapsed": 3.704398, "delta": 0.29682}}
{"target": -16.951407104038758, "params": {"C": 8.764015133808087, "gamma": 8.946172028374969}, "datetime": {"datetime": "2021-06-19 14:21:06", "elapsed": 4.181992, "delta": 0.477594}}
{"target": -14.467846657857104, "params": {"C": 0.8513570694864094, "gamma": 0.39150877754559077}, "datetime": {"datetime": "2021-06-19 14:21:06", "elapsed": 4.467422, "delta": 0.28543}}
{"target": -18.830469835754492, "params": {"C": 1.6991343652261244, "gamma": 8.781546891790702}, "datetime": {"datetime": "2021-06-19 14:21:06", "elapsed": 4.776637, "delta": 0.309215}}
{"target": -16.600210901602917, "params": {"C": 0.9843699914966679, "gamma": 4.211655142425517}, "datetime": {"datetime": "2021-06-19 14:21:07", "elapsed": 5.222814, "delta": 0.446177}}
{"target": -14.540822966085967, "params": {"C": 9.578937411974868, "gamma": 5.332119684445198}, "datetime": {"datetime": "2021-06-19 14:21:07", "elapsed": 5.62081, "delta": 0.397996}}
{"target": -12.832218251908866, "params": {"C": 6.919079262390784, "gamma": 3.1558407944296234}, "datetime": {"datetime": "2021-06-19 14:21:07", "elapsed": 5.985809, "delta": 0.364999}}
{"target": -16.75805794228789, "params": {"C": 6.865322775888155, "gamma": 8.346422093301832}, "datetime": {"datetime": "2021-06-19 14:21:08", "elapsed": 6.394811, "delta": 0.409002}}
{"target": -25.203909094099608, "params": {"C": 0.18386448516457388, "gamma": 7.50169300513473}, "datetime": {"datetime": "2021-06-19 14:21:08", "elapsed": 6.703759, "delta": 0.308948}}
{"target": -16.005739525994127, "params": {"C": 9.88862202797604, "gamma": 7.4819083781440145}, "datetime": {"datetime": "2021-06-19 14:21:09", "elapsed": 7.042755, "delta": 0.338996}}
{"target": -17.411533016038312, "params": {"C": 2.8051594766519874, "gamma": 7.893004005186435}, "datetime": {"datetime": "2021-06-19 14:21:09", "elapsed": 7.358754, "delta": 0.315999}}
{"target": -16.706988397583032, "params": {"C": 1.0331568397698425, "gamma": 4.479487368232876}, "datetime": {"datetime": "2021-06-19 14:21:09", "elapsed": 7.690075, "delta": 0.331321}}
{"target": -12.421109574409735, "params": {"C": 9.086046435427862, "gamma": 2.9368478695884215}, "datetime": {"datetime": "2021-06-19 14:21:10", "elapsed": 8.016075, "delta": 0.326}}
{"target": -12.157062831898173, "params": {"C": 2.878465610524901, "gamma": 1.3011556926106584}, "datetime": {"datetime": "2021-06-19 14:21:10", "elapsed": 8.482079, "delta": 0.466004}}
{"target": -24.286431023411822, "params": {"C": 0.19465021174510047, "gamma": 6.78867649386597}, "datetime": {"datetime": "2021-06-19 14:21:10", "elapsed": 8.833083, "delta": 0.351004}}
{"target": -13.637950830220626, "params": {"C": 2.1170695318845905, "gamma": 2.65620104706289}, "datetime": {"datetime": "2021-06-19 14:21:11", "elapsed": 9.162391, "delta": 0.329308}}
{"target": -11.562985567762857, "params": {"C": 4.916240019644103, "gamma": 0.5345720886256868}, "datetime": {"datetime": "2021-06-19 14:21:11", "elapsed": 9.471236, "delta": 0.308845}}
{"target": -11.346585091348475, "params": {"C": 5.741601937314639, "gamma": 1.4681390204831957}, "datetime": {"datetime": "2021-06-19 14:21:11", "elapsed": 9.781248, "delta": 0.310012}}
{"target": -16.017269147370985, "params": {"C": 5.89346606349594, "gamma": 6.9978838418492915}, "datetime": {"datetime": "2021-06-19 14:21:12", "elapsed": 10.085249, "delta": 0.304001}}
{"target": -16.43046443214135, "params": {"C": 1.0242419538494305, "gamma": 4.141145822207864}, "datetime": {"datetime": "2021-06-19 14:21:12", "elapsed": 10.403054, "delta": 0.317805}}
{"target": -13.716603074379394, "params": {"C": 6.9443071771197245, "gamma": 4.1423785159995}, "datetime": {"datetime": "2021-06-19 14:21:12", "elapsed": 10.703923, "delta": 0.300869}}
{"target": -19.496249887217996, "params": {"C": 0.5004846360019255, "gamma": 5.359428162749201}, "datetime": {"datetime": "2021-06-19 14:21:13", "elapsed": 11.004816, "delta": 0.300893}}
{"target": -14.624941022009356, "params": {"C": 6.638282657552669, "gamma": 5.149376231471028}, "datetime": {"datetime": "2021-06-19 14:21:13", "elapsed": 11.335118, "delta": 0.330302}}
{"target": -14.959938363115919, "params": {"C": 9.446002965152143, "gamma": 5.865963849979428}, "datetime": {"datetime": "2021-06-19 14:21:13", "elapsed": 11.644296, "delta": 0.309178}}
{"target": -10.858739757911511, "params": {"C": 9.034115750963547, "gamma": 1.3756095667582289}, "datetime": {"datetime": "2021-06-19 14:21:14", "elapsed": 12.012658, "delta": 0.368362}}
{"target": -18.765766688641005, "params": {"C": 1.3936241961603346, "gamma": 8.074105495806528}, "datetime": {"datetime": "2021-06-19 14:21:14", "elapsed": 12.335153, "delta": 0.322495}}
{"target": -11.954865163154903, "params": {"C": 3.9773706930183503, "gamma": 1.6543766169722107}, "datetime": {"datetime": "2021-06-19 14:21:14", "elapsed": 12.676447, "delta": 0.341294}}
{"target": -12.902116842393152, "params": {"C": 9.275158295379942, "gamma": 3.47831083159532}, "datetime": {"datetime": "2021-06-19 14:21:15", "elapsed": 13.146147, "delta": 0.4697}}
{"target": -16.025641752562894, "params": {"C": 7.50837021925842, "gamma": 7.2602538555191645}, "datetime": {"datetime": "2021-06-19 14:21:15", "elapsed": 13.474949, "delta": 0.328802}}
{"target": -15.257012884330958, "params": {"C": 8.833177605966892, "gamma": 6.237098398349034}, "datetime": {"datetime": "2021-06-19 14:21:15", "elapsed": 13.800575, "delta": 0.325626}}
{"target": -13.072068730182544, "params": {"C": 7.509673397839345, "gamma": 3.4896345214364475}, "datetime": {"datetime": "2021-06-19 14:21:16", "elapsed": 14.085707, "delta": 0.285132}}
{"target": -18.13434655640763, "params": {"C": 2.7000089897584956, "gamma": 8.958966295742472}, "datetime": {"datetime": "2021-06-19 14:21:16", "elapsed": 14.401439, "delta": 0.315732}}
{"target": -18.017852828641903, "params": {"C": 4.281483807523078, "gamma": 9.648435631436707}, "datetime": {"datetime": "2021-06-19 14:21:16", "elapsed": 14.702331, "delta": 0.300892}}
{"target": -15.418247509769929, "params": {"C": 6.634751536686663, "gamma": 6.217335506371009}, "datetime": {"datetime": "2021-06-19 14:21:17", "elapsed": 15.01884, "delta": 0.316509}}
{"target": -20.14765966660979, "params": {"C": 1.1483449835607984, "gamma": 9.494943097812005}, "datetime": {"datetime": "2021-06-19 14:21:17", "elapsed": 15.320402, "delta": 0.301562}}
{"target": -15.408556774590604, "params": {"C": 4.499671422665926, "gamma": 5.784317754256931}, "datetime": {"datetime": "2021-06-19 14:21:17", "elapsed": 15.65292, "delta": 0.332518}}
{"target": -12.565787765917836, "params": {"C": 4.081959890810051, "gamma": 2.371032775450034}, "datetime": {"datetime": "2021-06-19 14:21:18", "elapsed": 16.051895, "delta": 0.398975}}
{"target": -14.891650000095352, "params": {"C": 9.033891826101975, "gamma": 5.737221187236187}, "datetime": {"datetime": "2021-06-19 14:21:18", "elapsed": 16.471895, "delta": 0.42}}
{"target": -32.46873581501614, "params": {"C": 0.029700399984558545, "gamma": 6.171831991293619}, "datetime": {"datetime": "2021-06-19 14:21:18", "elapsed": 16.887113, "delta": 0.415218}}
{"target": -11.074984424272419, "params": {"C": 9.038361171770553, "gamma": 1.5804753509961587}, "datetime": {"datetime": "2021-06-19 14:21:19", "elapsed": 17.739749, "delta": 0.852636}}
{"target": -10.938613873531484, "params": {"C": 8.848700270246109, "gamma": 1.4433459913785585}, "datetime": {"datetime": "2021-06-19 14:21:20", "elapsed": 18.54274, "delta": 0.802991}}
{"target": -17.30235776195227, "params": {"C": 1.4939178250241218, "gamma": 6.288488828263624}, "datetime": {"datetime": "2021-06-19 14:21:21", "elapsed": 19.034741, "delta": 0.492001}}
{"target": -11.178912221840271, "params": {"C": 5.430661532386198, "gamma": 1.205104458542891}, "datetime": {"datetime": "2021-06-19 14:21:21", "elapsed": 19.84274, "delta": 0.807999}}
{"target": -11.172403082833704, "params": {"C": 5.064000502161854, "gamma": 0.8986963461458027}, "datetime": {"datetime": "2021-06-19 14:21:22", "elapsed": 20.560737, "delta": 0.717997}}
{"target": -11.150905656575983, "params": {"C": 5.3102008822873294, "gamma": 0.7609749119917475}, "datetime": {"datetime": "2021-06-19 14:21:23", "elapsed": 21.275741, "delta": 0.715004}}
{"target": -11.076864924839185, "params": {"C": 5.712820837921927, "gamma": 1.1297575431228872}, "datetime": {"datetime": "2021-06-19 14:21:24", "elapsed": 22.083897, "delta": 0.808156}}
{"target": -11.068828413733248, "params": {"C": 5.473558522116906, "gamma": 0.9762082069873589}, "datetime": {"datetime": "2021-06-19 14:21:24", "elapsed": 22.881355, "delta": 0.797458}}
{"target": -10.777093782372694, "params": {"C": 8.885884013536247, "gamma": 1.2506292180928869}, "datetime": {"datetime": "2021-06-19 14:21:25", "elapsed": 23.694743, "delta": 0.813388}}
{"target": -10.684669978294156, "params": {"C": 9.017530209949047, "gamma": 1.1207250394516144}, "datetime": {"datetime": "2021-06-19 14:21:26", "elapsed": 24.34408, "delta": 0.649337}}
{"target": -10.58987517877466, "params": {"C": 8.89190576393357, "gamma": 0.9581967486136183}, "datetime": {"datetime": "2021-06-19 14:21:27", "elapsed": 25.097085, "delta": 0.753005}}
{"target": -10.56621925239232, "params": {"C": 9.052467605583898, "gamma": 0.8307318935297678}, "datetime": {"datetime": "2021-06-19 14:21:27", "elapsed": 25.73648, "delta": 0.639395}}
{"target": -10.675204118658806, "params": {"C": 8.936842815924601, "gamma": 0.6382260833349293}, "datetime": {"datetime": "2021-06-19 14:21:28", "elapsed": 26.400814, "delta": 0.664334}}
{"target": -10.593164846193275, "params": {"C": 8.818471675485819, "gamma": 0.8121692133870737}, "datetime": {"datetime": "2021-06-19 14:21:29", "elapsed": 27.071705, "delta": 0.670891}}
{"target": -10.574168695582584, "params": {"C": 8.970743285793223, "gamma": 0.8304888158573385}, "datetime": {"datetime": "2021-06-19 14:21:29", "elapsed": 27.674803, "delta": 0.603098}}
{"target": -10.629740742827046, "params": {"C": 9.267395156382403, "gamma": 0.6514046523523337}, "datetime": {"datetime": "2021-06-19 14:21:30", "elapsed": 28.305915, "delta": 0.631112}}
{"target": -10.542569107747996, "params": {"C": 9.396728173590615, "gamma": 0.9283635446933963}, "datetime": {"datetime": "2021-06-19 14:21:30", "elapsed": 28.992381, "delta": 0.686466}}
{"target": -10.698918518047217, "params": {"C": 9.414870346096233, "gamma": 1.1943806056774935}, "datetime": {"datetime": "2021-06-19 14:21:31", "elapsed": 29.562942, "delta": 0.570561}}
{"target": -10.637971070888112, "params": {"C": 9.269100227934876, "gamma": 1.0816852202660017}, "datetime": {"datetime": "2021-06-19 14:21:32", "elapsed": 30.150489, "delta": 0.587547}}
{"target": -10.511243678384192, "params": {"C": 9.640615453693654, "gamma": 0.8322877791376142}, "datetime": {"datetime": "2021-06-19 14:21:32", "elapsed": 30.88742, "delta": 0.736931}}
{"target": -10.584715440963693, "params": {"C": 9.82300208514975, "gamma": 1.0631492500575779}, "datetime": {"datetime": "2021-06-19 14:21:33", "elapsed": 31.495693, "delta": 0.608273}}
{"target": -10.488686845934183, "params": {"C": 9.943770907488199, "gamma": 0.8084985901770563}, "datetime": {"datetime": "2021-06-19 14:21:34", "elapsed": 32.213435, "delta": 0.717742}}
{"target": -10.727964475591202, "params": {"C": 9.814596103405345, "gamma": 0.5294857049885947}, "datetime": {"datetime": "2021-06-19 14:21:34", "elapsed": 32.846165, "delta": 0.63273}}
{"target": -10.67627698872123, "params": {"C": 8.515222065202028, "gamma": 1.0471716748706368}, "datetime": {"datetime": "2021-06-19 14:21:35", "elapsed": 33.432344, "delta": 0.586179}}
{"target": -10.72034535880755, "params": {"C": 8.466816733917915, "gamma": 0.6424385855590077}, "datetime": {"datetime": "2021-06-19 14:21:36", "elapsed": 34.103159, "delta": 0.670815}}
{"target": -10.647990517849982, "params": {"C": 8.209900145884244, "gamma": 0.8663142757587242}, "datetime": {"datetime": "2021-06-19 14:21:36", "elapsed": 34.827596, "delta": 0.724437}}
{"target": -10.826192358156334, "params": {"C": 8.166539511908182, "gamma": 1.2244015143700588}, "datetime": {"datetime": "2021-06-19 14:21:37", "elapsed": 35.460271, "delta": 0.632675}}
{"target": -10.704723312908328, "params": {"C": 7.86914966238746, "gamma": 0.9948071503401905}, "datetime": {"datetime": "2021-06-19 14:21:38", "elapsed": 36.115534, "delta": 0.655263}}
{"target": -10.81662624060231, "params": {"C": 7.917962313192227, "gamma": 0.6090605601748436}, "datetime": {"datetime": "2021-06-19 14:21:38", "elapsed": 36.715264, "delta": 0.59973}}
{"target": -10.736771427690355, "params": {"C": 7.54509107715478, "gamma": 0.7787392500110628}, "datetime": {"datetime": "2021-06-19 14:21:39", "elapsed": 37.498491, "delta": 0.783227}}
{"target": -10.859557656014307, "params": {"C": 7.429117102416818, "gamma": 1.166051742568654}, "datetime": {"datetime": "2021-06-19 14:21:40", "elapsed": 38.184969, "delta": 0.686478}}
{"target": -10.80839822671638, "params": {"C": 7.014919275424139, "gamma": 0.9394185650279481}, "datetime": {"datetime": "2021-06-19 14:21:40", "elapsed": 38.780271, "delta": 0.595302}}
{"target": -10.998407175466165, "params": {"C": 6.516773689328805, "gamma": 1.2274434818157411}, "datetime": {"datetime": "2021-06-19 14:21:41", "elapsed": 39.303955, "delta": 0.523684}}
{"target": -10.894744892197627, "params": {"C": 6.406598584153755, "gamma": 0.7908125084853777}, "datetime": {"datetime": "2021-06-19 14:21:41", "elapsed": 39.881001, "delta": 0.577046}}
{"target": -11.133161442052591, "params": {"C": 6.968710587906362, "gamma": 0.5054351969512484}, "datetime": {"datetime": "2021-06-19 14:21:42", "elapsed": 40.610225, "delta": 0.729224}}
{"target": -10.97962177268391, "params": {"C": 6.167723090649465, "gamma": 1.0827741560110948}, "datetime": {"datetime": "2021-06-19 14:21:43", "elapsed": 41.212034, "delta": 0.601809}}
{"target": -11.211527506877145, "params": {"C": 5.946927808300566, "gamma": 0.5685771951645309}, "datetime": {"datetime": "2021-06-19 14:21:43", "elapsed": 41.92986, "delta": 0.717826}}
{"target": -11.146586278201855, "params": {"C": 7.063097892479828, "gamma": 1.4606224036407585}, "datetime": {"datetime": "2021-06-19 14:21:44", "elapsed": 42.569022, "delta": 0.639162}}
{"target": -11.263801340760095, "params": {"C": 7.762236598079423, "gamma": 1.639973410607438}, "datetime": {"datetime": "2021-06-19 14:21:45", "elapsed": 43.217762, "delta": 0.64874}}
{"target": -10.990940315156394, "params": {"C": 9.782035786125999, "gamma": 1.5612302212520381}, "datetime": {"datetime": "2021-06-19 14:21:45", "elapsed": 43.873117, "delta": 0.655355}}
{"target": -10.689126083579303, "params": {"C": 10.0, "gamma": 1.2577950994351155}, "datetime": {"datetime": "2021-06-19 14:21:46", "elapsed": 44.541443, "delta": 0.668326}}
{"target": -11.506208353879103, "params": {"C": 7.513552634838934, "gamma": 0.3177283203721418}, "datetime": {"datetime": "2021-06-19 14:21:47", "elapsed": 45.143307, "delta": 0.601864}}
{"target": -11.481276667863444, "params": {"C": 8.393741254056701, "gamma": 1.9112077081599095}, "datetime": {"datetime": "2021-06-19 14:21:47", "elapsed": 45.807257, "delta": 0.66395}}
{"target": -11.577248590888853, "params": {"C": 4.735028120966516, "gamma": 1.4880543208462627}, "datetime": {"datetime": "2021-06-19 14:21:48", "elapsed": 46.446833, "delta": 0.639576}}
{"target": -11.785473904811766, "params": {"C": 8.517264838842053, "gamma": 0.19416667456379672}, "datetime": {"datetime": "2021-06-19 14:21:49", "elapsed": 47.064303, "delta": 0.61747}}
{"target": -11.391943733729232, "params": {"C": 4.329821215981067, "gamma": 0.9888120886870206}, "datetime": {"datetime": "2021-06-19 14:21:49", "elapsed": 47.648981, "delta": 0.584678}}
{"target": -11.603839716933988, "params": {"C": 6.471921753297492, "gamma": 1.8157957176153408}, "datetime": {"datetime": "2021-06-19 14:21:50", "elapsed": 48.366694, "delta": 0.717713}}
{"target": -11.644540730894711, "params": {"C": 9.331028876455939, "gamma": 0.21149526974643096}, "datetime": {"datetime": "2021-06-19 14:21:51", "elapsed": 49.068835, "delta": 0.702141}}
{"target": -11.711566543366652, "params": {"C": 6.419545848380089, "gamma": 0.3149209219036085}, "datetime": {"datetime": "2021-06-19 14:21:51", "elapsed": 49.770974, "delta": 0.702139}}
{"target": -10.528138722851708, "params": {"C": 10.0, "gamma": 0.9847660785308472}, "datetime": {"datetime": "2021-06-19 14:21:52", "elapsed": 50.526453, "delta": 0.755479}}
{"target": -10.59086821206468, "params": {"C": 10.0, "gamma": 0.621280536969668}, "datetime": {"datetime": "2021-06-19 14:21:53", "elapsed": 51.23968, "delta": 0.713227}}
{"target": -11.812438606116489, "params": {"C": 7.274119372031192, "gamma": 2.1285482907007647}, "datetime": {"datetime": "2021-06-19 14:21:53", "elapsed": 51.930803, "delta": 0.691123}}
{"target": -11.680205787289246, "params": {"C": 3.644171620180389, "gamma": 0.9028860841823944}, "datetime": {"datetime": "2021-06-19 14:21:54", "elapsed": 52.748515, "delta": 0.817712}}
{"target": -11.59929635792589, "params": {"C": 9.578665923386186, "gamma": 2.114710801532168}, "datetime": {"datetime": "2021-06-19 14:21:55", "elapsed": 53.550574, "delta": 0.802059}}
{"target": -10.835915354439809, "params": {"C": 6.722645871424026, "gamma": 0.8598499575744496}, "datetime": {"datetime": "2021-06-19 14:21:56", "elapsed": 54.315221, "delta": 0.764647}}
{"target": -10.541573752122167, "params": {"C": 9.5140191336979, "gamma": 0.7589369228663064}, "datetime": {"datetime": "2021-06-19 14:21:57", "elapsed": 55.039459, "delta": 0.724238}}
{"target": -12.172700679653147, "params": {"C": 4.142062027712967, "gamma": 0.36909419376228325}, "datetime": {"datetime": "2021-06-19 14:21:57", "elapsed": 55.819398, "delta": 0.779939}}
{"target": -10.52402135498109, "params": {"C": 9.79872883007776, "gamma": 0.7352753234721139}, "datetime": {"datetime": "2021-06-19 14:21:58", "elapsed": 56.590542, "delta": 0.771144}}
{"target": -10.75997121240297, "params": {"C": 7.269856854019607, "gamma": 0.8325304117895741}, "datetime": {"datetime": "2021-06-19 14:21:59", "elapsed": 57.357321, "delta": 0.766779}}
{"target": -10.616760967954477, "params": {"C": 8.545704161588759, "gamma": 0.8303657863384517}, "datetime": {"datetime": "2021-06-19 14:22:00", "elapsed": 58.19071, "delta": 0.833389}}
{"target": -10.571248097510534, "params": {"C": 9.600028867738175, "gamma": 1.0178060568380227}, "datetime": {"datetime": "2021-06-19 14:22:00", "elapsed": 58.977443, "delta": 0.786733}}
{"target": -12.014069286576657, "params": {"C": 10.0, "gamma": 0.12982213976207824}, "datetime": {"datetime": "2021-06-19 14:22:01", "elapsed": 59.795519, "delta": 0.818076}}
{"target": -11.31682057522066, "params": {"C": 10.0, "gamma": 1.876157920167362}, "datetime": {"datetime": "2021-06-19 14:22:02", "elapsed": 60.566746, "delta": 0.771227}}
{"target": -12.085780191042462, "params": {"C": 5.333439035655877, "gamma": 2.1333733644609185}, "datetime": {"datetime": "2021-06-19 14:22:03", "elapsed": 61.369143, "delta": 0.802397}}
{"target": -10.50716902406465, "params": {"C": 9.779783139915464, "gamma": 0.903142864449859}, "datetime": {"datetime": "2021-06-19 14:22:04", "elapsed": 62.318801, "delta": 0.949658}}
{"target": -10.970850073479465, "params": {"C": 8.425575775832323, "gamma": 1.4358447061073116}, "datetime": {"datetime": "2021-06-19 14:22:05", "elapsed": 63.120805, "delta": 0.802004}}
{"target": -10.542812491106131, "params": {"C": 9.290688517108418, "gamma": 0.8354443300365286}, "datetime": {"datetime": "2021-06-19 14:22:05", "elapsed": 63.907605, "delta": 0.7868}}
{"target": -10.680476293302817, "params": {"C": 7.964306306434169, "gamma": 0.8179214803743282}, "datetime": {"datetime": "2021-06-19 14:22:06", "elapsed": 64.678919, "delta": 0.771314}}
