{"target": -10.886539963423965, "params": {"C": 8.251206484543275, "gamma": 0.8194885060196282}, "datetime": {"datetime": "2021-06-19 15:23:07", "elapsed": 958.01513, "delta": 3.809368}}
{"target": -10.804448792206294, "params": {"C": 10.0, "gamma": 0.49623312640819467}, "datetime": {"datetime": "2021-06-19 15:23:11", "elapsed": 962.773192, "delta": 4.758062}}
{"target": -10.792358292822303, "params": {"C": 9.125750768184975, "gamma": 0.6190738032167347}, "datetime": {"datetime": "2021-06-19 15:23:15", "elapsed": 966.594701, "delta": 3.821509}}
{"target": -29.957048401702625, "params": {"C": 1.65442379214639, "gamma": 0.001}, "datetime": {"datetime": "2021-06-19 15:23:23", "elapsed": 974.938627, "delta": 8.343926}}
{"target": -12.723401679045454, "params": {"C": 2.2842382727767347, "gamma": 0.351677895831571}, "datetime": {"datetime": "2021-06-19 15:23:27", "elapsed": 978.644427, "delta": 3.7058}}
{"target": -12.460460901927458, "params": {"C": 3.742293301145804, "gamma": 1.2957130100393315}, "datetime": {"datetime": "2021-06-19 15:23:33", "elapsed": 984.262968, "delta": 5.618541}}
{"target": -16.078907122924306, "params": {"C": 2.394230373994349, "gamma": 0.0268636726967943}, "datetime": {"datetime": "2021-06-19 15:23:37", "elapsed": 988.012748, "delta": 3.74978}}
{"target": -12.40581797304206, "params": {"C": 2.795133524902981, "gamma": 0.4688168366030556}, "datetime": {"datetime": "2021-06-19 15:23:43", "elapsed": 994.302072, "delta": 6.289324}}
{"target": -11.639003122745194, "params": {"C": 8.616674050305628, "gamma": 1.3876812283103621}, "datetime": {"datetime": "2021-06-19 15:23:47", "elapsed": 998.621515, "delta": 4.319443}}
{"target": -16.468782322726256, "params": {"C": 8.844216112337032, "gamma": 4.171092065124378}, "datetime": {"datetime": "2021-06-19 15:23:50", "elapsed": 1001.595419, "delta": 2.973904}}
{"target": -11.333619681506049, "params": {"C": 9.993042411584202, "gamma": 1.2581491963143852}, "datetime": {"datetime": "2021-06-19 15:23:55", "elapsed": 1006.288656, "delta": 4.693237}}
{"target": -10.860194698381342, "params": {"C": 8.590732542335843, "gamma": 0.7905350862993832}, "datetime": {"datetime": "2021-06-19 15:24:00", "elapsed": 1011.407319, "delta": 5.118663}}
{"target": -10.881755418726996, "params": {"C": 7.818484310971962, "gamma": 0.6740868505330971}, "datetime": {"datetime": "2021-06-19 15:24:03", "elapsed": 1014.592641, "delta": 3.185322}}
{"target": -10.859582331115853, "params": {"C": 8.976578709635342, "gamma": 0.848936135721994}, "datetime": {"datetime": "2021-06-19 15:24:09", "elapsed": 1020.121772, "delta": 5.529131}}
{"target": -10.830072891354638, "params": {"C": 8.889027814610284, "gamma": 0.7249726315552288}, "datetime": {"datetime": "2021-06-19 15:24:13", "elapsed": 1024.106159, "delta": 3.984387}}
{"target": -11.44748960362103, "params": {"C": 5.2114710146734105, "gamma": 0.7381594607198113}, "datetime": {"datetime": "2021-06-19 15:24:17", "elapsed": 1028.104636, "delta": 3.998477}}
{"target": -18.294211351853747, "params": {"C": 1.3021531477477393, "gamma": 4.151283040070411}, "datetime": {"datetime": "2021-06-19 15:24:20", "elapsed": 1031.733047, "delta": 3.628411}}
{"target": -10.850474206465208, "params": {"C": 8.247984880314547, "gamma": 0.5976407242330786}, "datetime": {"datetime": "2021-06-19 15:24:25", "elapsed": 1036.056243, "delta": 4.323196}}
{"target": -10.970886545878932, "params": {"C": 7.299102042630244, "gamma": 0.8042158770388147}, "datetime": {"datetime": "2021-06-19 15:24:30", "elapsed": 1041.020481, "delta": 4.964238}}
{"target": -20.109253955901586, "params": {"C": 10.0, "gamma": 8.50192543697048}, "datetime": {"datetime": "2021-06-19 15:24:34", "elapsed": 1045.85928, "delta": 4.838799}}
{"target": -10.789215689985344, "params": {"C": 9.494361882097564, "gamma": 0.6781835039903191}, "datetime": {"datetime": "2021-06-19 15:24:40", "elapsed": 1051.623394, "delta": 5.764114}}
{"target": -10.87389106659013, "params": {"C": 8.079722461940753, "gamma": 0.702214987954716}, "datetime": {"datetime": "2021-06-19 15:24:45", "elapsed": 1056.252329, "delta": 4.628935}}
{"target": -10.966663760703629, "params": {"C": 7.798168669853566, "gamma": 0.8994699142310765}, "datetime": {"datetime": "2021-06-19 15:24:50", "elapsed": 1061.183888, "delta": 4.931559}}
{"target": -10.845209432237981, "params": {"C": 8.511681707791949, "gamma": 0.5737880979939435}, "datetime": {"datetime": "2021-06-19 15:24:55", "elapsed": 1066.944399, "delta": 5.760511}}
{"target": -10.827662387499299, "params": {"C": 9.248333842860799, "gamma": 0.5157571697502257}, "datetime": {"datetime": "2021-06-19 15:25:01", "elapsed": 1072.16138, "delta": 5.216981}}
{"target": -11.142440433003307, "params": {"C": 6.362625709672245, "gamma": 0.6500082867537713}, "datetime": {"datetime": "2021-06-19 15:25:06", "elapsed": 1077.152666, "delta": 4.991286}}
{"target": -13.16511243207034, "params": {"C": 4.980428173640065, "gamma": 1.9158969948862368}, "datetime": {"datetime": "2021-06-19 15:25:10", "elapsed": 1081.445221, "delta": 4.292555}}
{"target": -13.391141695132399, "params": {"C": 9.34530189902596, "gamma": 2.267922048553365}, "datetime": {"datetime": "2021-06-19 15:25:15", "elapsed": 1086.487062, "delta": 5.041841}}
{"target": -21.248367446897923, "params": {"C": 8.975646777237104, "gamma": 10.0}, "datetime": {"datetime": "2021-06-19 15:25:20", "elapsed": 1091.414644, "delta": 4.927582}}
{"target": -10.81024626768974, "params": {"C": 9.785352179547434, "gamma": 0.5033336493025776}, "datetime": {"datetime": "2021-06-19 15:25:26", "elapsed": 1097.233069, "delta": 5.818425}}
{"target": -10.846229874405184, "params": {"C": 8.748205539776059, "gamma": 0.7673843566969766}, "datetime": {"datetime": "2021-06-19 15:25:31", "elapsed": 1102.238122, "delta": 5.005053}}
{"target": -10.824738205569961, "params": {"C": 9.552490906240774, "gamma": 0.4805473388065946}, "datetime": {"datetime": "2021-06-19 15:25:37", "elapsed": 1108.652353, "delta": 6.414231}}
{"target": -17.592400063258097, "params": {"C": 2.6338014230452766, "gamma": 4.466293497940558}, "datetime": {"datetime": "2021-06-19 15:25:40", "elapsed": 1111.474783, "delta": 2.82243}}
{"target": -10.799261233484446, "params": {"C": 9.627503304794544, "gamma": 0.725338529187473}, "datetime": {"datetime": "2021-06-19 15:25:44", "elapsed": 1115.356655, "delta": 3.881872}}
{"target": -10.988299094225503, "params": {"C": 7.434844987567649, "gamma": 0.540045204513238}, "datetime": {"datetime": "2021-06-19 15:25:49", "elapsed": 1120.435202, "delta": 5.078547}}
{"target": -18.635398083550424, "params": {"C": 3.610115711373371, "gamma": 5.932770319575991}, "datetime": {"datetime": "2021-06-19 15:25:53", "elapsed": 1124.124155, "delta": 3.688953}}
{"target": -10.779290040126819, "params": {"C": 9.365664667002891, "gamma": 0.6339284442554309}, "datetime": {"datetime": "2021-06-19 15:25:59", "elapsed": 1130.412797, "delta": 6.288642}}
{"target": -10.889266433530963, "params": {"C": 8.445077053061835, "gamma": 0.888811177932235}, "datetime": {"datetime": "2021-06-19 15:26:04", "elapsed": 1135.580773, "delta": 5.167976}}
{"target": -10.83060953231404, "params": {"C": 9.42507964746936, "gamma": 0.8012382519447276}, "datetime": {"datetime": "2021-06-19 15:26:09", "elapsed": 1140.194234, "delta": 4.613461}}
{"target": -11.450352898790921, "params": {"C": 8.561544545305722, "gamma": 0.156877736857781}, "datetime": {"datetime": "2021-06-19 15:26:14", "elapsed": 1145.520549, "delta": 5.326315}}
{"target": -10.819148227574951, "params": {"C": 9.49655280910727, "gamma": 0.772198036159582}, "datetime": {"datetime": "2021-06-19 15:26:20", "elapsed": 1151.04282, "delta": 5.522271}}
{"target": -18.213216278834963, "params": {"C": 9.34108550794856, "gamma": 6.009478816370129}, "datetime": {"datetime": "2021-06-19 15:26:24", "elapsed": 1155.340745, "delta": 4.297925}}
{"target": -10.84527743619817, "params": {"C": 8.67575887393378, "gamma": 0.5426051384562682}, "datetime": {"datetime": "2021-06-19 15:26:28", "elapsed": 1159.640442, "delta": 4.299697}}
{"target": -10.840892207648865, "params": {"C": 8.79695053094317, "gamma": 0.5367535142427168}, "datetime": {"datetime": "2021-06-19 15:26:32", "elapsed": 1163.975698, "delta": 4.335256}}
{"target": -10.928648602964095, "params": {"C": 7.361769415858772, "gamma": 0.6434361822924944}, "datetime": {"datetime": "2021-06-19 15:26:37", "elapsed": 1168.480797, "delta": 4.505099}}
{"target": -10.799108730656128, "params": {"C": 9.845178095506547, "gamma": 0.5322366300401377}, "datetime": {"datetime": "2021-06-19 15:26:41", "elapsed": 1172.276414, "delta": 3.795617}}
{"target": -10.848215928308758, "params": {"C": 9.347186204477035, "gamma": 0.9600957398895429}, "datetime": {"datetime": "2021-06-19 15:26:46", "elapsed": 1177.584702, "delta": 5.308288}}
{"target": -18.186894440659607, "params": {"C": 3.502526045417764, "gamma": 5.3929563648638235}, "datetime": {"datetime": "2021-06-19 15:26:50", "elapsed": 1181.592416, "delta": 4.007714}}
{"target": -10.831416571262928, "params": {"C": 9.13228406752086, "gamma": 0.767614488567332}, "datetime": {"datetime": "2021-06-19 15:26:56", "elapsed": 1187.954636, "delta": 6.36222}}
{"target": -18.142570750163667, "params": {"C": 8.768232412800886, "gamma": 5.901169963114349}, "datetime": {"datetime": "2021-06-19 15:27:00", "elapsed": 1191.819386, "delta": 3.86475}}
{"target": -16.121718123199415, "params": {"C": 7.85723855761296, "gamma": 3.8737048424703926}, "datetime": {"datetime": "2021-06-19 15:27:05", "elapsed": 1196.168253, "delta": 4.348867}}
{"target": -11.331252149012059, "params": {"C": 6.2552611271190655, "gamma": 0.996760087791514}, "datetime": {"datetime": "2021-06-19 15:27:08", "elapsed": 1199.738956, "delta": 3.570703}}
{"target": -10.897724385899908, "params": {"C": 7.62694168071443, "gamma": 0.686439442658068}, "datetime": {"datetime": "2021-06-19 15:27:15", "elapsed": 1206.319587, "delta": 6.580631}}
{"target": -10.796032125841727, "params": {"C": 9.190258030211139, "gamma": 0.6550627567988858}, "datetime": {"datetime": "2021-06-19 15:27:23", "elapsed": 1214.112189, "delta": 7.792602}}
{"target": -15.924280176615316, "params": {"C": 7.794600589496161, "gamma": 3.7243446758629895}, "datetime": {"datetime": "2021-06-19 15:27:26", "elapsed": 1217.445406, "delta": 3.333217}}
{"target": -10.933418993175122, "params": {"C": 8.888677246051595, "gamma": 0.9994761449230469}, "datetime": {"datetime": "2021-06-19 15:27:31", "elapsed": 1222.386749, "delta": 4.941343}}
{"target": -10.860177287865309, "params": {"C": 8.138858014334431, "gamma": 0.5870855946753136}, "datetime": {"datetime": "2021-06-19 15:27:38", "elapsed": 1229.147219, "delta": 6.76047}}
{"target": -10.983740135549752, "params": {"C": 8.316023031004548, "gamma": 0.45018514958157324}, "datetime": {"datetime": "2021-06-19 15:27:43", "elapsed": 1234.891259, "delta": 5.74404}}
{"target": -10.82309057980849, "params": {"C": 9.86654520861626, "gamma": 0.8546933832339135}, "datetime": {"datetime": "2021-06-19 15:27:49", "elapsed": 1240.595377, "delta": 5.704118}}
{"target": -10.831007362462913, "params": {"C": 8.708877612145, "gamma": 0.6826138233626206}, "datetime": {"datetime": "2021-06-19 15:27:55", "elapsed": 1246.304068, "delta": 5.708691}}
{"target": -19.67938973462941, "params": {"C": 5.057416252737593, "gamma": 7.53393861441676}, "datetime": {"datetime": "2021-06-19 15:28:01", "elapsed": 1252.912966, "delta": 6.608898}}
{"target": -10.918208859035985, "params": {"C": 9.632166120607705, "gamma": 0.4013706327852717}, "datetime": {"datetime": "2021-06-19 15:28:06", "elapsed": 1257.909553, "delta": 4.996587}}
{"target": -10.796504063028049, "params": {"C": 9.894076733781464, "gamma": 0.7460783481455195}, "datetime": {"datetime": "2021-06-19 15:28:13", "elapsed": 1264.295051, "delta": 6.385498}}
{"target": -10.835287126000253, "params": {"C": 8.9848044040755, "gamma": 0.5263757802471175}, "datetime": {"datetime": "2021-06-19 15:28:19", "elapsed": 1270.280474, "delta": 5.985423}}
{"target": -10.82565138727124, "params": {"C": 9.388169753271074, "gamma": 0.5037875900484783}, "datetime": {"datetime": "2021-06-19 15:28:27", "elapsed": 1278.255133, "delta": 7.974659}}
{"target": -10.802321224165363, "params": {"C": 9.739771743096908, "gamma": 0.7469408922690187}, "datetime": {"datetime": "2021-06-19 15:28:32", "elapsed": 1283.682797, "delta": 5.427664}}
{"target": -10.825948878074483, "params": {"C": 9.482336192002318, "gamma": 0.4873472167389638}, "datetime": {"datetime": "2021-06-19 15:28:40", "elapsed": 1291.744628, "delta": 8.061831}}
{"target": -10.811583834548887, "params": {"C": 8.799693715050275, "gamma": 0.6165487083787092}, "datetime": {"datetime": "2021-06-19 15:28:45", "elapsed": 1296.743078, "delta": 4.99845}}
{"target": -21.848788305980257, "params": {"C": 3.3799067438914627, "gamma": 10.0}, "datetime": {"datetime": "2021-06-19 15:28:51", "elapsed": 1302.35807, "delta": 5.614992}}
{"target": -10.848824679742162, "params": {"C": 8.379107139619052, "gamma": 0.5830420638165275}, "datetime": {"datetime": "2021-06-19 15:28:59", "elapsed": 1310.347351, "delta": 7.989281}}
{"target": -10.870083356876133, "params": {"C": 10.0, "gamma": 1.0117367683965606}, "datetime": {"datetime": "2021-06-19 15:29:03", "elapsed": 1314.507273, "delta": 4.159922}}
{"target": -10.82939751334089, "params": {"C": 9.777887753816065, "gamma": 0.9055562099610903}, "datetime": {"datetime": "2021-06-19 15:29:08", "elapsed": 1319.809788, "delta": 5.302515}}
{"target": -10.768055942180945, "params": {"C": 9.64502118073648, "gamma": 0.6402938322191299}, "datetime": {"datetime": "2021-06-19 15:29:15", "elapsed": 1326.706657, "delta": 6.896869}}
{"target": -10.880752619130703, "params": {"C": 8.570977165136782, "gamma": 0.8705633820227489}, "datetime": {"datetime": "2021-06-19 15:29:22", "elapsed": 1333.704825, "delta": 6.998168}}
{"target": -10.79662091475981, "params": {"C": 9.477469414434017, "gamma": 0.5778235994345493}, "datetime": {"datetime": "2021-06-19 15:29:28", "elapsed": 1339.531241, "delta": 5.826416}}
{"target": -10.804995648898732, "params": {"C": 9.168692234773857, "gamma": 0.5917528815374583}, "datetime": {"datetime": "2021-06-19 15:29:37", "elapsed": 1348.8369, "delta": 9.305659}}
{"target": -10.844673003449914, "params": {"C": 8.600714582060391, "gamma": 0.7100963673490388}, "datetime": {"datetime": "2021-06-19 15:29:44", "elapsed": 1355.209525, "delta": 6.372625}}
{"target": -10.79421979076149, "params": {"C": 9.297335265869702, "gamma": 0.5994120097185398}, "datetime": {"datetime": "2021-06-19 15:29:51", "elapsed": 1362.927609, "delta": 7.718084}}
{"target": -10.800951217895637, "params": {"C": 9.967480295989512, "gamma": 0.7673485935825257}, "datetime": {"datetime": "2021-06-19 15:30:05", "elapsed": 1376.41501, "delta": 13.487401}}
{"target": -10.793050582154587, "params": {"C": 9.39566481355596, "gamma": 0.5923826111515685}, "datetime": {"datetime": "2021-06-19 15:30:10", "elapsed": 1381.301585, "delta": 4.886575}}
{"target": -10.788724423824409, "params": {"C": 9.966765508954285, "gamma": 0.5465870080020341}, "datetime": {"datetime": "2021-06-19 15:30:18", "elapsed": 1389.398049, "delta": 8.096464}}
{"target": -10.8388975923712, "params": {"C": 9.233962482938358, "gamma": 0.8054309119857439}, "datetime": {"datetime": "2021-06-19 15:30:27", "elapsed": 1398.499062, "delta": 9.101013}}
{"target": -10.804688584043541, "params": {"C": 9.077459504691396, "gamma": 0.6632109016906875}, "datetime": {"datetime": "2021-06-19 15:30:37", "elapsed": 1408.519793, "delta": 10.020731}}
{"target": -10.831652620496765, "params": {"C": 9.64421017045635, "gamma": 0.8478670100913563}, "datetime": {"datetime": "2021-06-19 15:30:44", "elapsed": 1415.188566, "delta": 6.668773}}
{"target": -10.777290153741555, "params": {"C": 9.4996315224429, "gamma": 0.618913593400302}, "datetime": {"datetime": "2021-06-19 15:30:54", "elapsed": 1425.054497, "delta": 9.865931}}
{"target": -13.997481178093082, "params": {"C": 3.4522352545366095, "gamma": 2.154700182058922}, "datetime": {"datetime": "2021-06-19 15:30:59", "elapsed": 1430.340842, "delta": 5.286345}}
{"target": -10.883400595306, "params": {"C": 7.80944037579917, "gamma": 0.5810700020033268}, "datetime": {"datetime": "2021-06-19 15:31:08", "elapsed": 1439.05171, "delta": 8.710868}}
{"target": -10.837258049657349, "params": {"C": 9.777572192017052, "gamma": 0.9796169331374968}, "datetime": {"datetime": "2021-06-19 15:31:16", "elapsed": 1447.686303, "delta": 8.634593}}
{"target": -10.82081980296088, "params": {"C": 9.960424204713766, "gamma": 0.8846484169588374}, "datetime": {"datetime": "2021-06-19 15:31:22", "elapsed": 1453.737682, "delta": 6.051379}}
{"target": -10.876267180515002, "params": {"C": 9.062108628303276, "gamma": 0.9641869568399679}, "datetime": {"datetime": "2021-06-19 15:31:29", "elapsed": 1460.616647, "delta": 6.878965}}
{"target": -10.772908011602558, "params": {"C": 9.640393858629777, "gamma": 0.614885826169959}, "datetime": {"datetime": "2021-06-19 15:31:37", "elapsed": 1468.723973, "delta": 8.107326}}
{"target": -10.85459999748367, "params": {"C": 8.906686596333211, "gamma": 0.81594477254067}, "datetime": {"datetime": "2021-06-19 15:31:46", "elapsed": 1477.191129, "delta": 8.467156}}
{"target": -10.816965344609331, "params": {"C": 9.69310440203735, "gamma": 0.4927780616301125}, "datetime": {"datetime": "2021-06-19 15:31:54", "elapsed": 1485.527569, "delta": 8.33644}}
{"target": -10.816283875859751, "params": {"C": 8.916483515140309, "gamma": 0.5952701227355097}, "datetime": {"datetime": "2021-06-19 15:32:01", "elapsed": 1492.585983, "delta": 7.058414}}
{"target": -10.819029909260436, "params": {"C": 8.952788698640854, "gamma": 0.688991810342612}, "datetime": {"datetime": "2021-06-19 15:32:10", "elapsed": 1501.229334, "delta": 8.643351}}
{"target": -10.875086437737977, "params": {"C": 8.422445170924323, "gamma": 0.8152723676530809}, "datetime": {"datetime": "2021-06-19 15:32:15", "elapsed": 1506.277656, "delta": 5.048322}}
{"target": -11.487646018469928, "params": {"C": 9.545596648939085, "gamma": 1.325197433991965}, "datetime": {"datetime": "2021-06-19 15:32:20", "elapsed": 1511.305643, "delta": 5.027987}}
{"target": -10.791680884476811, "params": {"C": 9.252216208356298, "gamma": 0.6517180589937661}, "datetime": {"datetime": "2021-06-19 15:32:26", "elapsed": 1517.534216, "delta": 6.228573}}
{"target": -10.786323349413934, "params": {"C": 9.917947546156933, "gamma": 0.5567464342737732}, "datetime": {"datetime": "2021-06-19 15:32:33", "elapsed": 1524.39127, "delta": 6.857054}}
{"target": -10.82168131234914, "params": {"C": 9.371723392438783, "gamma": 0.7653486363723541}, "datetime": {"datetime": "2021-06-19 15:32:52", "elapsed": 1543.135329, "delta": 18.744059}}
{"target": -10.796517781239817, "params": {"C": 9.670323464482099, "gamma": 0.7207374246123728}, "datetime": {"datetime": "2021-06-19 15:32:58", "elapsed": 1549.461484, "delta": 6.326155}}
{"target": -10.840983938000443, "params": {"C": 9.5181287795312, "gamma": 0.9386377536387053}, "datetime": {"datetime": "2021-06-19 15:33:03", "elapsed": 1554.978078, "delta": 5.516594}}
{"target": -20.066985236811615, "params": {"C": 7.9840436441051486, "gamma": 8.344100239557566}, "datetime": {"datetime": "2021-06-19 15:33:13", "elapsed": 1564.116624, "delta": 9.138546}}
{"target": -10.897538411407197, "params": {"C": 8.178377829647891, "gamma": 0.8495435745953912}, "datetime": {"datetime": "2021-06-19 15:33:20", "elapsed": 1571.32848, "delta": 7.211856}}
{"target": -16.33859524312153, "params": {"C": 3.7537455094197605, "gamma": 3.7268265928872255}, "datetime": {"datetime": "2021-06-19 15:33:24", "elapsed": 1575.576718, "delta": 4.248238}}
{"target": -10.80627178080916, "params": {"C": 9.851890670459992, "gamma": 0.7715011576901514}, "datetime": {"datetime": "2021-06-19 15:33:34", "elapsed": 1585.83602, "delta": 10.259302}}
{"target": -21.346331738873737, "params": {"C": 0.8021493841027406, "gamma": 6.0663439108732975}, "datetime": {"datetime": "2021-06-19 15:33:39", "elapsed": 1590.559453, "delta": 4.723433}}
{"target": -10.8134176621771, "params": {"C": 9.27308774598817, "gamma": 0.7235205073558673}, "datetime": {"datetime": "2021-06-19 15:33:45", "elapsed": 1596.94732, "delta": 6.387867}}
{"target": -10.79285743052456, "params": {"C": 9.668429825819196, "gamma": 0.5669529220750982}, "datetime": {"datetime": "2021-06-19 15:33:52", "elapsed": 1603.623467, "delta": 6.676147}}
{"target": -10.816816393953625, "params": {"C": 9.082840855504456, "gamma": 0.5755862906671644}, "datetime": {"datetime": "2021-06-19 15:34:02", "elapsed": 1613.73484, "delta": 10.111373}}
{"target": -20.627248555621115, "params": {"C": 5.597609346376089, "gamma": 8.802943692584384}, "datetime": {"datetime": "2021-06-19 15:34:07", "elapsed": 1618.044744, "delta": 4.309904}}
{"target": -10.828929684322482, "params": {"C": 8.834339529233665, "gamma": 0.5755117946289159}, "datetime": {"datetime": "2021-06-19 15:34:12", "elapsed": 1623.921014, "delta": 5.87627}}
{"target": -10.787381883628662, "params": {"C": 9.404896413985488, "gamma": 0.6629896792207608}, "datetime": {"datetime": "2021-06-19 15:34:19", "elapsed": 1630.814731, "delta": 6.893717}}
{"target": -10.789156735636741, "params": {"C": 9.563728641152757, "gamma": 0.6837837649708819}, "datetime": {"datetime": "2021-06-19 15:34:26", "elapsed": 1637.277639, "delta": 6.462908}}
{"target": -18.61194221854251, "params": {"C": 1.8923603285103607, "gamma": 5.026519008051432}, "datetime": {"datetime": "2021-06-19 15:34:30", "elapsed": 1641.658999, "delta": 4.38136}}
{"target": -10.777194837263986, "params": {"C": 9.641372385134257, "gamma": 0.6630304407398115}, "datetime": {"datetime": "2021-06-19 15:34:40", "elapsed": 1651.063781, "delta": 9.404782}}
{"target": -17.970572704679007, "params": {"C": 3.4683246358783766, "gamma": 5.139596360770074}, "datetime": {"datetime": "2021-06-19 15:34:44", "elapsed": 1655.880145, "delta": 4.816364}}
