{"target": -10.771830920150032, "params": {"C": 9.688100452863955, "gamma": 0.6112093124655835}, "datetime": {"datetime": "2021-06-19 17:06:38", "elapsed": 7169.651284, "delta": 100.531511}}
{"target": -10.763520557813967, "params": {"C": 9.98597499950942, "gamma": 0.5985646143370217}, "datetime": {"datetime": "2021-06-19 17:08:29", "elapsed": 7280.741225, "delta": 111.089941}}
{"target": -10.758705576518278, "params": {"C": 9.88907200669091, "gamma": 0.6340776563406574}, "datetime": {"datetime": "2021-06-19 17:10:36", "elapsed": 7407.883242, "delta": 127.142017}}
{"target": -10.755823744500098, "params": {"C": 9.976235739014175, "gamma": 0.640103362619763}, "datetime": {"datetime": "2021-06-19 17:12:21", "elapsed": 7512.043422, "delta": 104.16018}}
{"target": -10.762122012817954, "params": {"C": 9.955598516600718, "gamma": 0.6528706606617063}, "datetime": {"datetime": "2021-06-19 17:13:31", "elapsed": 7582.577902, "delta": 70.53448}}
{"target": -10.761143827462993, "params": {"C": 9.901520758300082, "gamma": 0.6478265349371534}, "datetime": {"datetime": "2021-06-19 17:15:09", "elapsed": 7680.728074, "delta": 98.150172}}
{"target": -10.75908762768079, "params": {"C": 9.969566290125712, "gamma": 0.647846499182469}, "datetime": {"datetime": "2021-06-19 17:16:20", "elapsed": 7751.051206, "delta": 70.323132}}
{"target": -10.765300466641783, "params": {"C": 9.85733431600343, "gamma": 0.6531039848026209}, "datetime": {"datetime": "2021-06-19 17:18:15", "elapsed": 7866.971883, "delta": 115.920677}}
{"target": -10.793357094803754, "params": {"C": 9.142320025306843, "gamma": 0.6414506599239365}, "datetime": {"datetime": "2021-06-19 17:20:50", "elapsed": 8021.722029, "delta": 154.750146}}
{"target": -10.756925299182804, "params": {"C": 9.99456970396938, "gamma": 0.6266886553378043}, "datetime": {"datetime": "2021-06-19 17:22:07", "elapsed": 8098.17309, "delta": 76.451061}}
{"target": -10.763537233303342, "params": {"C": 9.738740763613663, "gamma": 0.6404699332098913}, "datetime": {"datetime": "2021-06-19 17:23:27", "elapsed": 8178.686932, "delta": 80.513842}}
{"target": -10.768370796237662, "params": {"C": 9.801928827763758, "gamma": 0.6079748903019098}, "datetime": {"datetime": "2021-06-19 17:25:23", "elapsed": 8294.461753, "delta": 115.774821}}
{"target": -10.761226099297302, "params": {"C": 9.818270593614946, "gamma": 0.6349523520492858}, "datetime": {"datetime": "2021-06-19 17:26:49", "elapsed": 8380.827952, "delta": 86.366199}}
{"target": -10.762031006425252, "params": {"C": 9.856152003528793, "gamma": 0.6273748288125084}, "datetime": {"datetime": "2021-06-19 17:29:21", "elapsed": 8532.816722, "delta": 151.98877}}
{"target": -10.761917286662646, "params": {"C": 9.86010178150092, "gamma": 0.6469523618835727}, "datetime": {"datetime": "2021-06-19 17:31:08", "elapsed": 8639.40794, "delta": 106.591218}}
{"target": -10.76188782468577, "params": {"C": 9.976948186316383, "gamma": 0.6098382391461092}, "datetime": {"datetime": "2021-06-19 17:33:19", "elapsed": 8770.498599, "delta": 131.090659}}
{"target": -10.758614217114658, "params": {"C": 9.97885994116427, "gamma": 0.6229627409524604}, "datetime": {"datetime": "2021-06-19 17:35:04", "elapsed": 8875.076619, "delta": 104.57802}}
{"target": -10.758076498057951, "params": {"C": 9.95294658693942, "gamma": 0.6450482188966907}, "datetime": {"datetime": "2021-06-19 17:37:02", "elapsed": 8993.169701, "delta": 118.093082}}
{"target": -10.760515103122675, "params": {"C": 9.942248279227883, "gamma": 0.6210280814722264}, "datetime": {"datetime": "2021-06-19 17:38:33", "elapsed": 9084.255211, "delta": 91.08551}}
{"target": -10.76164393322538, "params": {"C": 9.862741600169308, "gamma": 0.6278439733963578}, "datetime": {"datetime": "2021-06-19 17:40:28", "elapsed": 9199.30757, "delta": 115.052359}}
{"target": -10.757479860110273, "params": {"C": 9.899984314725218, "gamma": 0.6398281629179466}, "datetime": {"datetime": "2021-06-19 17:42:22", "elapsed": 9313.325585, "delta": 114.018015}}
{"target": -10.756353655585531, "params": {"C": 9.96387833030483, "gamma": 0.6370538098470119}, "datetime": {"datetime": "2021-06-19 17:43:43", "elapsed": 9394.932077, "delta": 81.606492}}
{"target": -10.761687252338097, "params": {"C": 9.823527557280588, "gamma": 0.6328143527709397}, "datetime": {"datetime": "2021-06-19 17:44:45", "elapsed": 9456.181182, "delta": 61.249105}}
{"target": -10.765999857443461, "params": {"C": 9.79118382299208, "gamma": 0.6216105681691942}, "datetime": {"datetime": "2021-06-19 17:45:56", "elapsed": 9527.909878, "delta": 71.728696}}
{"target": -10.762840938969292, "params": {"C": 9.839436687914162, "gamma": 0.6474948663744325}, "datetime": {"datetime": "2021-06-19 17:47:26", "elapsed": 9617.094088, "delta": 89.18421}}
{"target": -10.761508311488576, "params": {"C": 9.7990142649747, "gamma": 0.6364615250314912}, "datetime": {"datetime": "2021-06-19 17:50:03", "elapsed": 9774.115326, "delta": 157.021238}}
{"target": -10.765432232755588, "params": {"C": 9.904217930398923, "gamma": 0.6042904773838201}, "datetime": {"datetime": "2021-06-19 17:53:07", "elapsed": 9958.933492, "delta": 184.818166}}
{"target": -10.762508069110922, "params": {"C": 9.779674671313835, "gamma": 0.6357391328029994}, "datetime": {"datetime": "2021-06-19 17:55:39", "elapsed": 10110.648003, "delta": 151.714511}}
{"target": -10.763069051754055, "params": {"C": 9.876188499646425, "gamma": 0.6206646874202308}, "datetime": {"datetime": "2021-06-19 17:57:54", "elapsed": 10245.67514, "delta": 135.027137}}
{"target": -10.763290392470813, "params": {"C": 9.91732823707242, "gamma": 0.6132656471903111}, "datetime": {"datetime": "2021-06-19 18:00:55", "elapsed": 10426.66994, "delta": 180.9948}}
{"target": -10.757590485577943, "params": {"C": 9.901692084431936, "gamma": 0.6378956030794056}, "datetime": {"datetime": "2021-06-19 18:03:04", "elapsed": 10555.936808, "delta": 129.266868}}
{"target": -10.762752317200718, "params": {"C": 9.991520973975112, "gamma": 0.602421374927241}, "datetime": {"datetime": "2021-06-19 18:05:25", "elapsed": 10695.999336, "delta": 140.062528}}
{"target": -10.768382414899392, "params": {"C": 9.674731278438147, "gamma": 0.629643885869502}, "datetime": {"datetime": "2021-06-19 18:07:48", "elapsed": 10839.574567, "delta": 143.575231}}
{"target": -10.764199205259752, "params": {"C": 9.723336499648694, "gamma": 0.6402022287843591}, "datetime": {"datetime": "2021-06-19 18:10:04", "elapsed": 10975.814189, "delta": 136.239622}}
{"target": -10.76296452580635, "params": {"C": 9.816358071851782, "gamma": 0.6464719867467451}, "datetime": {"datetime": "2021-06-19 18:12:11", "elapsed": 11102.495306, "delta": 126.681117}}
{"target": -10.757124655127075, "params": {"C": 9.995547199848406, "gamma": 0.6259057299036886}, "datetime": {"datetime": "2021-06-19 18:15:00", "elapsed": 11271.200029, "delta": 168.704723}}
{"target": -10.761124506240737, "params": {"C": 9.955713307819268, "gamma": 0.6166556607403233}, "datetime": {"datetime": "2021-06-19 18:16:45", "elapsed": 11376.006954, "delta": 104.806925}}
{"target": -10.77581953972597, "params": {"C": 9.748545867981592, "gamma": 0.5920248265746317}, "datetime": {"datetime": "2021-06-19 18:18:36", "elapsed": 11487.315745, "delta": 111.308791}}
{"target": -10.765659658782907, "params": {"C": 9.718700533091058, "gamma": 0.6332856512972043}, "datetime": {"datetime": "2021-06-19 18:19:59", "elapsed": 11570.053224, "delta": 82.737479}}
{"target": -10.771467650201178, "params": {"C": 9.662410332409141, "gamma": 0.6183368147330996}, "datetime": {"datetime": "2021-06-19 18:22:01", "elapsed": 11692.295907, "delta": 122.242683}}
{"target": -10.758151831365224, "params": {"C": 9.931700639707175, "gamma": 0.6440394075014206}, "datetime": {"datetime": "2021-06-19 18:23:34", "elapsed": 11785.638387, "delta": 93.34248}}
{"target": -10.7610857994345, "params": {"C": 9.806600750534372, "gamma": 0.6368315534806461}, "datetime": {"datetime": "2021-06-19 18:25:11", "elapsed": 11882.33713, "delta": 96.698743}}
{"target": -10.762775501019037, "params": {"C": 9.828174237223084, "gamma": 0.6285353622997053}, "datetime": {"datetime": "2021-06-19 18:25:57", "elapsed": 11928.372252, "delta": 46.035122}}
{"target": -10.764471334898086, "params": {"C": 9.892677702819562, "gamma": 0.6118324306815741}, "datetime": {"datetime": "2021-06-19 18:27:38", "elapsed": 12029.449244, "delta": 101.076992}}
{"target": -10.755659679172023, "params": {"C": 9.986730922496225, "gamma": 0.6394747303968694}, "datetime": {"datetime": "2021-06-19 18:29:12", "elapsed": 12123.183882, "delta": 93.734638}}
{"target": -10.763048885415486, "params": {"C": 9.945004754751658, "gamma": 0.6096773169007556}, "datetime": {"datetime": "2021-06-19 18:29:56", "elapsed": 12167.941592, "delta": 44.75771}}
{"target": -10.757450656266315, "params": {"C": 9.914060979166226, "gamma": 0.6360867854295401}, "datetime": {"datetime": "2021-06-19 18:32:04", "elapsed": 12295.191847, "delta": 127.250255}}
{"target": -10.761739169565166, "params": {"C": 9.909601488902082, "gamma": 0.6210029806421363}, "datetime": {"datetime": "2021-06-19 18:33:31", "elapsed": 12382.826955, "delta": 87.635108}}
{"target": -10.757608030775883, "params": {"C": 9.95914321890653, "gamma": 0.6289079934571185}, "datetime": {"datetime": "2021-06-19 18:34:38", "elapsed": 12449.510423, "delta": 66.683468}}
{"target": -10.760469782338093, "params": {"C": 9.99266606511347, "gamma": 0.6137530168741981}, "datetime": {"datetime": "2021-06-19 18:36:10", "elapsed": 12541.906156, "delta": 92.395733}}
{"target": -10.75752520042185, "params": {"C": 9.903405149185115, "gamma": 0.6383124303483848}, "datetime": {"datetime": "2021-06-19 18:38:04", "elapsed": 12655.059701, "delta": 113.153545}}
{"target": -10.775011308108134, "params": {"C": 9.886939121020287, "gamma": 0.6766603153125406}, "datetime": {"datetime": "2021-06-19 18:39:38", "elapsed": 12749.109942, "delta": 94.050241}}
{"target": -10.76519857176421, "params": {"C": 9.826797190323013, "gamma": 0.6194277124367961}, "datetime": {"datetime": "2021-06-19 18:41:31", "elapsed": 12862.127393, "delta": 113.017451}}
{"target": -10.767986264573272, "params": {"C": 9.773364279124019, "gamma": 0.6156091419115403}, "datetime": {"datetime": "2021-06-19 18:42:33", "elapsed": 12924.976519, "delta": 62.849126}}
{"target": -10.757071811031633, "params": {"C": 9.931746071045323, "gamma": 0.6363300778092991}, "datetime": {"datetime": "2021-06-19 18:43:58", "elapsed": 13009.210694, "delta": 84.234175}}
{"target": -10.764157034331213, "params": {"C": 9.985378890113797, "gamma": 0.6589942610418378}, "datetime": {"datetime": "2021-06-19 18:45:45", "elapsed": 13116.03867, "delta": 106.827976}}
{"target": -10.761129094505677, "params": {"C": 9.98295521053881, "gamma": 0.6525923874224535}, "datetime": {"datetime": "2021-06-19 18:47:00", "elapsed": 13191.714052, "delta": 75.675382}}
{"target": -10.760184941045992, "params": {"C": 9.826869991989282, "gamma": 0.6421774469500489}, "datetime": {"datetime": "2021-06-19 18:48:34", "elapsed": 13285.645041, "delta": 93.930989}}
{"target": -10.76074840209435, "params": {"C": 9.880034712544896, "gamma": 0.6286321195594277}, "datetime": {"datetime": "2021-06-19 18:50:08", "elapsed": 13379.562007, "delta": 93.916966}}
{"target": -10.762876807793367, "params": {"C": 9.919855953712524, "gamma": 0.6147323324554941}, "datetime": {"datetime": "2021-06-19 18:51:33", "elapsed": 13464.727015, "delta": 85.165008}}
{"target": -10.759458305276514, "params": {"C": 9.922707671196596, "gamma": 0.6459106671565933}, "datetime": {"datetime": "2021-06-19 18:52:17", "elapsed": 13508.138159, "delta": 43.411144}}
{"target": -10.768438418864905, "params": {"C": 9.695693948155933, "gamma": 0.6492063410001601}, "datetime": {"datetime": "2021-06-19 18:53:28", "elapsed": 13579.916119, "delta": 71.77796}}
{"target": -10.763513471029619, "params": {"C": 9.997097809953125, "gamma": 0.5957952457135928}, "datetime": {"datetime": "2021-06-19 18:54:54", "elapsed": 13665.406931, "delta": 85.490812}}
{"target": -10.766125313541366, "params": {"C": 9.820931074981765, "gamma": 0.6162656496164184}, "datetime": {"datetime": "2021-06-19 18:56:55", "elapsed": 13786.221364, "delta": 120.814433}}
{"target": -10.759421161971574, "params": {"C": 9.953311897125472, "gamma": 0.6235215480759635}, "datetime": {"datetime": "2021-06-19 18:57:55", "elapsed": 13846.153681, "delta": 59.932317}}
{"target": -10.765909782192924, "params": {"C": 9.863920928572327, "gamma": 0.6546887434193637}, "datetime": {"datetime": "2021-06-19 18:58:34", "elapsed": 13885.130696, "delta": 38.977015}}
{"target": -10.762321399449586, "params": {"C": 9.875984035624706, "gamma": 0.6485684363780214}, "datetime": {"datetime": "2021-06-19 19:00:04", "elapsed": 13975.880442, "delta": 90.749746}}
{"target": -10.759121741578776, "params": {"C": 9.914265691591591, "gamma": 0.6448452749536318}, "datetime": {"datetime": "2021-06-19 19:01:31", "elapsed": 14062.257863, "delta": 86.377421}}
{"target": -10.764776763932806, "params": {"C": 9.851133021694746, "gamma": 0.6173849349762133}, "datetime": {"datetime": "2021-06-19 19:02:52", "elapsed": 14143.657493, "delta": 81.39963}}
{"target": -10.769298613621345, "params": {"C": 9.661990424518049, "gamma": 0.6465703938476386}, "datetime": {"datetime": "2021-06-19 19:04:07", "elapsed": 14218.210873, "delta": 74.55338}}
{"target": -10.758423953758415, "params": {"C": 9.867792851475729, "gamma": 0.6412182675199852}, "datetime": {"datetime": "2021-06-19 19:06:04", "elapsed": 14335.514081, "delta": 117.303208}}
{"target": -10.758239164868293, "params": {"C": 9.870156605825418, "gamma": 0.6410208349788626}, "datetime": {"datetime": "2021-06-19 19:07:16", "elapsed": 14407.262247, "delta": 71.748166}}
{"target": -10.756614794776358, "params": {"C": 9.93715748853573, "gamma": 0.6406252705643493}, "datetime": {"datetime": "2021-06-19 19:08:41", "elapsed": 14492.715896, "delta": 85.453649}}
{"target": -10.771732377371402, "params": {"C": 9.731876468252503, "gamma": 0.6011056504198277}, "datetime": {"datetime": "2021-06-19 19:10:08", "elapsed": 14579.406929, "delta": 86.691033}}
{"target": -10.758560116679385, "params": {"C": 9.92668072980718, "gamma": 0.629896677699462}, "datetime": {"datetime": "2021-06-19 19:11:28", "elapsed": 14659.049096, "delta": 79.642167}}
