{"target": -10.020070027953278, "params": {"C": 14.988344414290887, "gamma": 0.6931741492703394}, "datetime": {"datetime": "2021-06-20 12:57:32", "elapsed": 171.567004, "delta": 2.126022}}
{"target": -10.019817452382593, "params": {"C": 14.971709260348593, "gamma": 0.706658052064274}, "datetime": {"datetime": "2021-06-20 12:57:34", "elapsed": 173.613164, "delta": 2.04616}}
{"target": -10.019161441467322, "params": {"C": 14.999813920185503, "gamma": 0.6994621637935725}, "datetime": {"datetime": "2021-06-20 12:57:36", "elapsed": 175.352571, "delta": 1.739407}}
{"target": -10.019395329348026, "params": {"C": 14.989488204320581, "gamma": 0.7079874961078614}, "datetime": {"datetime": "2021-06-20 12:57:38", "elapsed": 177.286285, "delta": 1.933714}}
{"target": -10.02004862966772, "params": {"C": 14.999767776056064, "gamma": 0.6898242877003944}, "datetime": {"datetime": "2021-06-20 12:57:40", "elapsed": 179.274399, "delta": 1.988114}}
{"target": -10.01943789925631, "params": {"C": 14.996376605522677, "gamma": 0.6975709064155242}, "datetime": {"datetime": "2021-06-20 12:57:41", "elapsed": 180.979365, "delta": 1.704966}}
{"target": -10.02007435977384, "params": {"C": 14.978426261677008, "gamma": 0.6961952567654419}, "datetime": {"datetime": "2021-06-20 12:57:43", "elapsed": 182.831047, "delta": 1.851682}}
{"target": -10.019374801295776, "params": {"C": 14.993811325496484, "gamma": 0.699011649850857}, "datetime": {"datetime": "2021-06-20 12:57:46", "elapsed": 185.145245, "delta": 2.314198}}
{"target": -10.019317226723684, "params": {"C": 14.995355038073624, "gamma": 0.699156308076576}, "datetime": {"datetime": "2021-06-20 12:57:47", "elapsed": 186.560266, "delta": 1.415021}}
{"target": -10.019730260993368, "params": {"C": 14.999874176879104, "gamma": 0.6933393446927356}, "datetime": {"datetime": "2021-06-20 12:57:51", "elapsed": 190.130214, "delta": 3.569948}}
{"target": -10.01940755383994, "params": {"C": 14.995240178278301, "gamma": 0.7182226986177154}, "datetime": {"datetime": "2021-06-20 12:57:54", "elapsed": 193.577942, "delta": 3.447728}}
{"target": -10.019265868234296, "params": {"C": 14.993945664685686, "gamma": 0.7071751098804417}, "datetime": {"datetime": "2021-06-20 12:57:56", "elapsed": 195.878738, "delta": 2.300796}}
{"target": -10.019168605739827, "params": {"C": 14.999176917297735, "gamma": 0.7089546406015197}, "datetime": {"datetime": "2021-06-20 12:57:59", "elapsed": 198.681098, "delta": 2.80236}}
{"target": -10.019315054810066, "params": {"C": 14.997795410968157, "gamma": 0.7159710735006124}, "datetime": {"datetime": "2021-06-20 12:58:02", "elapsed": 201.301872, "delta": 2.620774}}
{"target": -10.019655637971567, "params": {"C": 14.977632964779914, "gamma": 0.7061180611330033}, "datetime": {"datetime": "2021-06-20 12:58:05", "elapsed": 204.66623, "delta": 3.364358}}
{"target": -10.019128842749705, "params": {"C": 14.995199656795325, "gamma": 0.7025502636667031}, "datetime": {"datetime": "2021-06-20 12:58:08", "elapsed": 207.681204, "delta": 3.014974}}
{"target": -10.01991957138888, "params": {"C": 14.967210317704666, "gamma": 0.7061359330457561}, "datetime": {"datetime": "2021-06-20 12:58:11", "elapsed": 210.368863, "delta": 2.687659}}
{"target": -10.019942670904694, "params": {"C": 14.995036033821599, "gamma": 0.6924981224927504}, "datetime": {"datetime": "2021-06-20 12:58:14", "elapsed": 213.57173, "delta": 3.202867}}
{"target": -10.019096678895036, "params": {"C": 14.996520659970379, "gamma": 0.7025907833015387}, "datetime": {"datetime": "2021-06-20 12:58:18", "elapsed": 217.060183, "delta": 3.488453}}
{"target": -10.019787954999577, "params": {"C": 14.993821058953763, "gamma": 0.6945763436899086}, "datetime": {"datetime": "2021-06-20 12:58:21", "elapsed": 220.251367, "delta": 3.191184}}
{"target": -10.019318648174485, "params": {"C": 14.995880239613868, "gamma": 0.7127834654664038}, "datetime": {"datetime": "2021-06-20 12:58:24", "elapsed": 223.332432, "delta": 3.081065}}
{"target": -10.019923745572381, "params": {"C": 14.965608799236072, "gamma": 0.7045903597701592}, "datetime": {"datetime": "2021-06-20 12:58:26", "elapsed": 226.052579, "delta": 2.720147}}
{"target": -10.019980652358692, "params": {"C": 14.963943511980737, "gamma": 0.7052107788110566}, "datetime": {"datetime": "2021-06-20 12:58:30", "elapsed": 229.20572, "delta": 3.153141}}
{"target": -10.019171711215865, "params": {"C": 14.99299755075059, "gamma": 0.7020572082171583}, "datetime": {"datetime": "2021-06-20 12:58:32", "elapsed": 231.986107, "delta": 2.780387}}
{"target": -10.019033358691766, "params": {"C": 14.999799423164504, "gamma": 0.7008036769253145}, "datetime": {"datetime": "2021-06-20 12:58:35", "elapsed": 234.491992, "delta": 2.505885}}
{"target": -10.01948699828072, "params": {"C": 14.985130381662785, "gamma": 0.7070832508661755}, "datetime": {"datetime": "2021-06-20 12:58:38", "elapsed": 237.99598, "delta": 3.503988}}
{"target": -10.019742697984107, "params": {"C": 14.997278273788133, "gamma": 0.6940051486188628}, "datetime": {"datetime": "2021-06-20 12:58:41", "elapsed": 240.742785, "delta": 2.746805}}
{"target": -10.019309321547352, "params": {"C": 14.996221989293225, "gamma": 0.6989800832776124}, "datetime": {"datetime": "2021-06-20 12:58:44", "elapsed": 243.794855, "delta": 3.05207}}
{"target": -10.019425070072327, "params": {"C": 14.993941004539376, "gamma": 0.7168556625253212}, "datetime": {"datetime": "2021-06-20 12:58:48", "elapsed": 247.548199, "delta": 3.753344}}
{"target": -10.01941663810935, "params": {"C": 14.991290421152058, "gamma": 0.6993258530584348}, "datetime": {"datetime": "2021-06-20 12:58:50", "elapsed": 249.910048, "delta": 2.361849}}
{"target": -10.019284940635911, "params": {"C": 14.997762560663851, "gamma": 0.7137276484779133}, "datetime": {"datetime": "2021-06-20 12:58:53", "elapsed": 253.036664, "delta": 3.126616}}
{"target": -10.019329523994507, "params": {"C": 14.997191464288207, "gamma": 0.7158919251153595}, "datetime": {"datetime": "2021-06-20 12:58:56", "elapsed": 255.984557, "delta": 2.947893}}
{"target": -10.019460117933663, "params": {"C": 14.990985972849199, "gamma": 0.6989582549680187}, "datetime": {"datetime": "2021-06-20 12:59:00", "elapsed": 259.644576, "delta": 3.660019}}
{"target": -10.019367420366011, "params": {"C": 14.985729904732672, "gamma": 0.7014986599349079}, "datetime": {"datetime": "2021-06-20 12:59:03", "elapsed": 262.187675, "delta": 2.543099}}
{"target": -10.019376773924705, "params": {"C": 14.9946892046238, "gamma": 0.7146439401785349}, "datetime": {"datetime": "2021-06-20 12:59:05", "elapsed": 264.896895, "delta": 2.70922}}
{"target": -10.01972731301116, "params": {"C": 14.984218017301188, "gamma": 0.6981619949654583}, "datetime": {"datetime": "2021-06-20 12:59:09", "elapsed": 268.501146, "delta": 3.604251}}
{"target": -10.019211663624025, "params": {"C": 14.99990430892946, "gamma": 0.6989072604410586}, "datetime": {"datetime": "2021-06-20 12:59:13", "elapsed": 272.337916, "delta": 3.83677}}
{"target": -10.0192332287086, "params": {"C": 14.994611218194109, "gamma": 0.7064236422921655}, "datetime": {"datetime": "2021-06-20 12:59:16", "elapsed": 275.383369, "delta": 3.045453}}
{"target": -10.019322597901505, "params": {"C": 14.989512608200851, "gamma": 0.7046592705544413}, "datetime": {"datetime": "2021-06-20 12:59:19", "elapsed": 278.447313, "delta": 3.063944}}
{"target": -10.021737180904516, "params": {"C": 14.89983791636371, "gamma": 0.7024161329631009}, "datetime": {"datetime": "2021-06-20 12:59:21", "elapsed": 281.013714, "delta": 2.566401}}
{"target": -10.019807344279972, "params": {"C": 14.985328131126856, "gamma": 0.6969678879046567}, "datetime": {"datetime": "2021-06-20 12:59:25", "elapsed": 284.634805, "delta": 3.621091}}
{"target": -10.019486287627105, "params": {"C": 14.998283640113073, "gamma": 0.6964760414251862}, "datetime": {"datetime": "2021-06-20 12:59:28", "elapsed": 287.446531, "delta": 2.811726}}
{"target": -10.019332307109421, "params": {"C": 14.994070518113457, "gamma": 0.7108231877578932}, "datetime": {"datetime": "2021-06-20 12:59:31", "elapsed": 290.311453, "delta": 2.864922}}
{"target": -10.01923440889392, "params": {"C": 14.997199236784812, "gamma": 0.7097947488195089}, "datetime": {"datetime": "2021-06-20 12:59:34", "elapsed": 293.615895, "delta": 3.304442}}
{"target": -10.019374767789927, "params": {"C": 14.986864976420067, "gamma": 0.7010851380020677}, "datetime": {"datetime": "2021-06-20 12:59:38", "elapsed": 297.176453, "delta": 3.560558}}
{"target": -10.019313052268835, "params": {"C": 14.994385289087267, "gamma": 0.7101887352560983}, "datetime": {"datetime": "2021-06-20 12:59:40", "elapsed": 299.605551, "delta": 2.429098}}
{"target": -10.019249539604495, "params": {"C": 14.998124220073226, "gamma": 0.71203874775258}, "datetime": {"datetime": "2021-06-20 12:59:44", "elapsed": 303.356931, "delta": 3.75138}}
{"target": -10.019133742955944, "params": {"C": 14.996727221131538, "gamma": 0.7043527881325734}, "datetime": {"datetime": "2021-06-20 12:59:47", "elapsed": 306.264904, "delta": 2.907973}}
{"target": -10.019337039526723, "params": {"C": 14.99788284486686, "gamma": 0.6981887697954786}, "datetime": {"datetime": "2021-06-20 12:59:50", "elapsed": 309.424825, "delta": 3.159921}}
{"target": -10.019778821129734, "params": {"C": 14.997294762225522, "gamma": 0.6936041097724741}, "datetime": {"datetime": "2021-06-20 12:59:53", "elapsed": 312.79385, "delta": 3.369025}}
{"target": -10.019365078877525, "params": {"C": 14.993311963361663, "gamma": 0.7116089839706008}, "datetime": {"datetime": "2021-06-20 12:59:57", "elapsed": 316.070968, "delta": 3.277118}}
{"target": -10.01989041395158, "params": {"C": 14.97628181452766, "gamma": 0.6988260906224295}, "datetime": {"datetime": "2021-06-20 13:00:00", "elapsed": 319.310482, "delta": 3.239514}}
{"target": -10.019453886000587, "params": {"C": 14.989047179858469, "gamma": 0.7104717340546951}, "datetime": {"datetime": "2021-06-20 13:00:02", "elapsed": 321.746265, "delta": 2.435783}}
{"target": -10.019292233579105, "params": {"C": 14.995522843080497, "gamma": 0.6993691897267709}, "datetime": {"datetime": "2021-06-20 13:00:06", "elapsed": 325.799409, "delta": 4.053144}}
{"target": -10.019105140069215, "params": {"C": 14.999050919322222, "gamma": 0.7056840350561071}, "datetime": {"datetime": "2021-06-20 13:00:09", "elapsed": 328.789434, "delta": 2.990025}}
{"target": -10.020179622354414, "params": {"C": 14.964019428260421, "gamma": 0.6994609963733502}, "datetime": {"datetime": "2021-06-20 13:00:12", "elapsed": 331.672029, "delta": 2.882595}}
{"target": -10.019436068324197, "params": {"C": 14.99216748499223, "gamma": 0.7142775188711769}, "datetime": {"datetime": "2021-06-20 13:00:15", "elapsed": 335.04633, "delta": 3.374301}}
{"target": -10.019726645707083, "params": {"C": 14.99787036574337, "gamma": 0.6939981267609285}, "datetime": {"datetime": "2021-06-20 13:00:20", "elapsed": 339.68228, "delta": 4.63595}}
{"target": -10.019368369919185, "params": {"C": 14.986171341813662, "gamma": 0.7030607179487866}, "datetime": {"datetime": "2021-06-20 13:00:23", "elapsed": 343.044855, "delta": 3.362575}}
{"target": -10.019462507046489, "params": {"C": 14.994096537560019, "gamma": 0.7207772031335866}, "datetime": {"datetime": "2021-06-20 13:00:28", "elapsed": 347.860003, "delta": 4.815148}}
{"target": -10.019435074506914, "params": {"C": 14.990388880239067, "gamma": 0.6994016264382541}, "datetime": {"datetime": "2021-06-20 13:00:33", "elapsed": 352.815523, "delta": 4.95552}}
{"target": -10.019462826151013, "params": {"C": 14.990831131423963, "gamma": 0.7137746013829699}, "datetime": {"datetime": "2021-06-20 13:00:38", "elapsed": 357.297971, "delta": 4.482448}}
{"target": -10.019520770578001, "params": {"C": 14.980581368144907, "gamma": 0.7035380809554204}, "datetime": {"datetime": "2021-06-20 13:00:42", "elapsed": 361.073579, "delta": 3.775608}}
{"target": -10.019666822103828, "params": {"C": 14.976319298802782, "gamma": 0.7051531556624709}, "datetime": {"datetime": "2021-06-20 13:00:45", "elapsed": 364.469286, "delta": 3.395707}}
{"target": -10.019546518076222, "params": {"C": 14.984292537956721, "gamma": 0.7089669103340546}, "datetime": {"datetime": "2021-06-20 13:00:49", "elapsed": 368.696085, "delta": 4.226799}}
{"target": -10.019721870801101, "params": {"C": 14.997355796707868, "gamma": 0.6942089841859169}, "datetime": {"datetime": "2021-06-20 13:00:54", "elapsed": 373.866137, "delta": 5.170052}}
{"target": -10.01948402041213, "params": {"C": 14.98834826014446, "gamma": 0.71117019931571}, "datetime": {"datetime": "2021-06-20 13:00:58", "elapsed": 377.650546, "delta": 3.784409}}
{"target": -10.01926515623313, "params": {"C": 14.991932284592165, "gamma": 0.7048130111938138}, "datetime": {"datetime": "2021-06-20 13:01:01", "elapsed": 380.704465, "delta": 3.053919}}
{"target": -10.019286216971196, "params": {"C": 14.993430596601563, "gamma": 0.7075307514397888}, "datetime": {"datetime": "2021-06-20 13:01:05", "elapsed": 384.674145, "delta": 3.96968}}
{"target": -10.019698239840103, "params": {"C": 14.97267262561677, "gamma": 0.7026829968409366}, "datetime": {"datetime": "2021-06-20 13:01:09", "elapsed": 388.192293, "delta": 3.518148}}
{"target": -10.019297965468095, "params": {"C": 14.99217856339261, "gamma": 0.706576218885614}, "datetime": {"datetime": "2021-06-20 13:01:12", "elapsed": 391.991954, "delta": 3.799661}}
{"target": -10.019958023654393, "params": {"C": 14.969180738728037, "gamma": 0.7103927048753071}, "datetime": {"datetime": "2021-06-20 13:01:18", "elapsed": 397.473862, "delta": 5.481908}}
{"target": -10.019174347743991, "params": {"C": 14.998120820864038, "gamma": 0.7078717942136579}, "datetime": {"datetime": "2021-06-20 13:01:22", "elapsed": 401.799104, "delta": 4.325242}}
{"target": -10.019577882719584, "params": {"C": 14.98658545473145, "gamma": 0.7142077035624717}, "datetime": {"datetime": "2021-06-20 13:01:26", "elapsed": 405.103615, "delta": 3.304511}}
{"target": -10.019449608813872, "params": {"C": 14.983227749163621, "gamma": 0.7033523600201919}, "datetime": {"datetime": "2021-06-20 13:01:29", "elapsed": 408.896536, "delta": 3.792921}}
{"target": -10.019646660364424, "params": {"C": 14.981026601659448, "gamma": 0.6999783470581775}, "datetime": {"datetime": "2021-06-20 13:01:33", "elapsed": 412.945472, "delta": 4.048936}}
{"target": -10.01911084805494, "params": {"C": 14.997849735252597, "gamma": 0.7045861385389631}, "datetime": {"datetime": "2021-06-20 13:01:39", "elapsed": 418.350096, "delta": 5.404624}}
{"target": -10.01946362351907, "params": {"C": 14.987521081052904, "gamma": 0.6999594893754497}, "datetime": {"datetime": "2021-06-20 13:01:43", "elapsed": 422.100306, "delta": 3.75021}}
{"target": -10.019243250718208, "params": {"C": 14.99805603747211, "gamma": 0.6991273259114079}, "datetime": {"datetime": "2021-06-20 13:01:46", "elapsed": 426.043931, "delta": 3.943625}}
{"target": -10.019331473058827, "params": {"C": 14.990191689389011, "gamma": 0.7058078166437728}, "datetime": {"datetime": "2021-06-20 13:01:51", "elapsed": 430.152641, "delta": 4.10871}}
{"target": -10.01933898786552, "params": {"C": 14.99191014498075, "gamma": 0.7082391304975006}, "datetime": {"datetime": "2021-06-20 13:01:54", "elapsed": 433.284402, "delta": 3.131761}}
{"target": -10.019253762743979, "params": {"C": 14.997191155377113, "gamma": 0.7108726769507262}, "datetime": {"datetime": "2021-06-20 13:01:59", "elapsed": 438.979389, "delta": 5.694987}}
{"target": -10.019404839337701, "params": {"C": 14.996245816707692, "gamma": 0.7205388731987495}, "datetime": {"datetime": "2021-06-20 13:02:03", "elapsed": 442.309354, "delta": 3.329965}}
{"target": -10.019934288591774, "params": {"C": 14.96863632752645, "gamma": 0.7084850421318483}, "datetime": {"datetime": "2021-06-20 13:02:08", "elapsed": 448.012448, "delta": 5.703094}}
{"target": -10.019225943271126, "params": {"C": 14.996039331456732, "gamma": 0.7078161457370044}, "datetime": {"datetime": "2021-06-20 13:02:14", "elapsed": 453.345688, "delta": 5.33324}}
{"target": -10.019276082545272, "params": {"C": 14.998813297035948, "gamma": 0.7149970067773022}, "datetime": {"datetime": "2021-06-20 13:02:17", "elapsed": 456.164458, "delta": 2.81877}}
{"target": -10.019177089302419, "params": {"C": 14.998073185544701, "gamma": 0.707948994265167}, "datetime": {"datetime": "2021-06-20 13:02:20", "elapsed": 459.812393, "delta": 3.647935}}
{"target": -10.019398138363808, "params": {"C": 14.994144505837856, "gamma": 0.7151782611234287}, "datetime": {"datetime": "2021-06-20 13:02:24", "elapsed": 463.798893, "delta": 3.9865}}
{"target": -10.019392264456322, "params": {"C": 14.991745701885055, "gamma": 0.6994462802886444}, "datetime": {"datetime": "2021-06-20 13:02:27", "elapsed": 466.406386, "delta": 2.607493}}
{"target": -10.019250495781119, "params": {"C": 14.996343703920427, "gamma": 0.7094881755957871}, "datetime": {"datetime": "2021-06-20 13:02:32", "elapsed": 471.279108, "delta": 4.872722}}
{"target": -10.019522165675104, "params": {"C": 14.98780035225159, "gamma": 0.7126128614716483}, "datetime": {"datetime": "2021-06-20 13:02:36", "elapsed": 475.127217, "delta": 3.848109}}
{"target": -10.019336817549808, "params": {"C": 14.993311480974807, "gamma": 0.6995613139722736}, "datetime": {"datetime": "2021-06-20 13:02:38", "elapsed": 477.980805, "delta": 2.853588}}
{"target": -10.01942474954851, "params": {"C": 14.982683922032532, "gamma": 0.7018327442087655}, "datetime": {"datetime": "2021-06-20 13:02:44", "elapsed": 483.376045, "delta": 5.39524}}
{"target": -10.019888064149916, "params": {"C": 14.97080826261071, "gamma": 0.7089243085210892}, "datetime": {"datetime": "2021-06-20 13:02:49", "elapsed": 488.274329, "delta": 4.898284}}
{"target": -10.019277678544086, "params": {"C": 14.999816663391986, "gamma": 0.7171516194778759}, "datetime": {"datetime": "2021-06-20 13:02:53", "elapsed": 492.641819, "delta": 4.36749}}
{"target": -10.019281557899912, "params": {"C": 14.990275865037127, "gamma": 0.7037343363943338}, "datetime": {"datetime": "2021-06-20 13:02:59", "elapsed": 498.510243, "delta": 5.868424}}
{"target": -10.019579985787509, "params": {"C": 14.983856267354941, "gamma": 0.7101461368696264}, "datetime": {"datetime": "2021-06-20 13:03:04", "elapsed": 503.844567, "delta": 5.334324}}
{"target": -10.0197714692517, "params": {"C": 14.977210470290318, "gamma": 0.7113799457967909}, "datetime": {"datetime": "2021-06-20 13:03:09", "elapsed": 508.576247, "delta": 4.73168}}
{"target": -10.01971704676449, "params": {"C": 14.980864003374919, "gamma": 0.7137301023674568}, "datetime": {"datetime": "2021-06-20 13:03:14", "elapsed": 513.450347, "delta": 4.8741}}
{"target": -10.019533111737122, "params": {"C": 14.980386990155576, "gamma": 0.7013600256899202}, "datetime": {"datetime": "2021-06-20 13:03:19", "elapsed": 518.164965, "delta": 4.714618}}
{"target": -10.019630029619508, "params": {"C": 14.979831003071034, "gamma": 0.7075036164935713}, "datetime": {"datetime": "2021-06-20 13:03:23", "elapsed": 522.052963, "delta": 3.887998}}
{"target": -10.019717298803386, "params": {"C": 14.97680541396369, "gamma": 0.7080123243120564}, "datetime": {"datetime": "2021-06-20 13:03:28", "elapsed": 527.621568, "delta": 5.568605}}
{"target": -10.019033264414597, "params": {"C": 14.999943023146518, "gamma": 0.7007621730730924}, "datetime": {"datetime": "2021-06-20 13:03:36", "elapsed": 535.749405, "delta": 8.127837}}
{"target": -10.019310766937911, "params": {"C": 14.989346327766572, "gamma": 0.703977482332132}, "datetime": {"datetime": "2021-06-20 13:03:44", "elapsed": 543.116695, "delta": 7.36729}}
{"target": -10.019498508165944, "params": {"C": 14.987787484993193, "gamma": 0.7111820498772485}, "datetime": {"datetime": "2021-06-20 13:03:51", "elapsed": 550.890694, "delta": 7.773999}}
{"target": -10.019321829873146, "params": {"C": 14.996555489924805, "gamma": 0.7141402159581249}, "datetime": {"datetime": "2021-06-20 13:03:57", "elapsed": 556.942574, "delta": 6.05188}}
{"target": -10.02060824872983, "params": {"C": 14.943769575276264, "gamma": 0.7105349335667295}, "datetime": {"datetime": "2021-06-20 13:04:02", "elapsed": 561.679054, "delta": 4.73648}}
{"target": -10.01961955243991, "params": {"C": 14.990324989926037, "gamma": 0.6974629571703177}, "datetime": {"datetime": "2021-06-20 13:04:09", "elapsed": 568.925449, "delta": 7.246395}}
{"target": -10.019370198802223, "params": {"C": 14.996588620424646, "gamma": 0.6982264588779219}, "datetime": {"datetime": "2021-06-20 13:04:16", "elapsed": 575.976331, "delta": 7.050882}}
{"target": -10.01966683890285, "params": {"C": 14.994359454017342, "gamma": 0.6957267020258671}, "datetime": {"datetime": "2021-06-20 13:04:21", "elapsed": 580.130855, "delta": 4.154524}}
{"target": -10.019173954717306, "params": {"C": 14.995905228602938, "gamma": 0.7052081992839732}, "datetime": {"datetime": "2021-06-20 13:04:27", "elapsed": 586.234462, "delta": 6.103607}}
{"target": -10.019254952540784, "params": {"C": 14.99694095624745, "gamma": 0.7105756850482033}, "datetime": {"datetime": "2021-06-20 13:04:30", "elapsed": 590.000092, "delta": 3.76563}}
{"target": -10.019345486752975, "params": {"C": 14.996594419244836, "gamma": 0.7159423407147913}, "datetime": {"datetime": "2021-06-20 13:04:35", "elapsed": 594.881776, "delta": 4.881684}}
{"target": -10.019311222453393, "params": {"C": 14.990983262044436, "gamma": 0.70579582325786}, "datetime": {"datetime": "2021-06-20 13:04:40", "elapsed": 599.692445, "delta": 4.810669}}
{"target": -10.019295703317296, "params": {"C": 14.988606477528368, "gamma": 0.7026010714307372}, "datetime": {"datetime": "2021-06-20 13:04:45", "elapsed": 604.15009, "delta": 4.457645}}
{"target": -10.019153778041266, "params": {"C": 14.99339682189208, "gamma": 0.7017476464171718}, "datetime": {"datetime": "2021-06-20 13:04:49", "elapsed": 608.598036, "delta": 4.447946}}
