{"target": -9.910651486426628, "params": {"C": 176.30885791388488, "gamma": 0.3057941274978054}, "datetime": {"datetime": "2021-06-21 08:24:13", "elapsed": 188.63804, "delta": 1.115869}}
{"target": -10.088310366408372, "params": {"C": 192.46616418793644, "gamma": 0.9799552859867984}, "datetime": {"datetime": "2021-06-21 08:24:15", "elapsed": 189.796873, "delta": 1.158833}}
{"target": -9.864526282731523, "params": {"C": 114.87970875608377, "gamma": 0.6742158333195434}, "datetime": {"datetime": "2021-06-21 08:24:16", "elapsed": 190.974719, "delta": 1.177846}}
{"target": -9.947086255516325, "params": {"C": 151.7713640859121, "gamma": 0.3}, "datetime": {"datetime": "2021-06-21 08:24:17", "elapsed": 192.420929, "delta": 1.44621}}
{"target": -9.958049512232575, "params": {"C": 132.40081652101287, "gamma": 0.30323496781467507}, "datetime": {"datetime": "2021-06-21 08:24:18", "elapsed": 193.642225, "delta": 1.221296}}
{"target": -10.051785867160508, "params": {"C": 156.6686060229089, "gamma": 0.9677698332144988}, "datetime": {"datetime": "2021-06-21 08:24:20", "elapsed": 194.965448, "delta": 1.323223}}
{"target": -10.049810246021588, "params": {"C": 169.27801841945444, "gamma": 0.9587149231957499}, "datetime": {"datetime": "2021-06-21 08:24:21", "elapsed": 196.311298, "delta": 1.34585}}
{"target": -10.061556819903945, "params": {"C": 170.6646905264216, "gamma": 0.9741593608268682}, "datetime": {"datetime": "2021-06-21 08:24:23", "elapsed": 197.747716, "delta": 1.436418}}
{"target": -9.946120719334587, "params": {"C": 141.83221906555823, "gamma": 0.30343845706631273}, "datetime": {"datetime": "2021-06-21 08:24:24", "elapsed": 199.218533, "delta": 1.470817}}
{"target": -9.900245721454734, "params": {"C": 180.9696200574515, "gamma": 0.3079325362193445}, "datetime": {"datetime": "2021-06-21 08:24:26", "elapsed": 200.724036, "delta": 1.505503}}
{"target": -9.855758497154502, "params": {"C": 198.1021703008783, "gamma": 0.31743242954476514}, "datetime": {"datetime": "2021-06-21 08:24:27", "elapsed": 202.051114, "delta": 1.327078}}
{"target": -10.072494789210367, "params": {"C": 159.60393485862312, "gamma": 1.0}, "datetime": {"datetime": "2021-06-21 08:24:29", "elapsed": 203.815912, "delta": 1.764798}}
{"target": -9.826516632860487, "params": {"C": 113.96205218294986, "gamma": 0.6422425234568735}, "datetime": {"datetime": "2021-06-21 08:24:30", "elapsed": 205.383048, "delta": 1.567136}}
{"target": -9.753429582527202, "params": {"C": 113.67685914538832, "gamma": 0.40130410205541184}, "datetime": {"datetime": "2021-06-21 08:24:32", "elapsed": 206.776859, "delta": 1.393811}}
{"target": -10.105428826699375, "params": {"C": 194.112124464979, "gamma": 0.9982969287647345}, "datetime": {"datetime": "2021-06-21 08:24:33", "elapsed": 208.346675, "delta": 1.569816}}
{"target": -9.824247747331347, "params": {"C": 126.98943431063813, "gamma": 0.35814125488072374}, "datetime": {"datetime": "2021-06-21 08:24:34", "elapsed": 209.57643, "delta": 1.229755}}
{"target": -10.006499528796049, "params": {"C": 101.42492070056146, "gamma": 0.3}, "datetime": {"datetime": "2021-06-21 08:24:36", "elapsed": 210.883149, "delta": 1.306719}}
{"target": -10.087243038876549, "params": {"C": 127.22037301119269, "gamma": 0.9863161258286655}, "datetime": {"datetime": "2021-06-21 08:24:37", "elapsed": 212.617482, "delta": 1.734333}}
{"target": -9.966298749032127, "params": {"C": 133.8827425125955, "gamma": 0.3}, "datetime": {"datetime": "2021-06-21 08:24:39", "elapsed": 214.293572, "delta": 1.67609}}
{"target": -9.951683300596041, "params": {"C": 143.05603822055102, "gamma": 0.3010830687261076}, "datetime": {"datetime": "2021-06-21 08:24:41", "elapsed": 215.919183, "delta": 1.625611}}
{"target": -10.109732761904747, "params": {"C": 196.1237097740945, "gamma": 1.0}, "datetime": {"datetime": "2021-06-21 08:24:42", "elapsed": 217.288779, "delta": 1.369596}}
{"target": -10.086659214609726, "params": {"C": 131.90974906274985, "gamma": 0.9987037280328117}, "datetime": {"datetime": "2021-06-21 08:24:43", "elapsed": 218.646399, "delta": 1.35762}}
{"target": -9.935534592027905, "params": {"C": 166.09418517618658, "gamma": 0.3}, "datetime": {"datetime": "2021-06-21 08:24:45", "elapsed": 219.88259, "delta": 1.236191}}
{"target": -9.801563066755964, "params": {"C": 161.86758094809525, "gamma": 0.35518536390949473}, "datetime": {"datetime": "2021-06-21 08:24:47", "elapsed": 221.847389, "delta": 1.964799}}
{"target": -10.085417154566446, "params": {"C": 133.38736405036246, "gamma": 1.0}, "datetime": {"datetime": "2021-06-21 08:24:48", "elapsed": 222.98045, "delta": 1.133061}}
{"target": -10.069058744390002, "params": {"C": 124.2761495000417, "gamma": 0.9426966868026236}, "datetime": {"datetime": "2021-06-21 08:24:50", "elapsed": 225.444237, "delta": 2.463787}}
{"target": -9.927897683679967, "params": {"C": 137.1224561523107, "gamma": 0.3123978565699283}, "datetime": {"datetime": "2021-06-21 08:24:52", "elapsed": 226.751785, "delta": 1.307548}}
{"target": -10.07484262644782, "params": {"C": 139.30845232181292, "gamma": 0.9848840803988337}, "datetime": {"datetime": "2021-06-21 08:24:53", "elapsed": 228.518543, "delta": 1.766758}}
{"target": -9.888587591236082, "params": {"C": 182.13344775888658, "gamma": 0.7010675866956226}, "datetime": {"datetime": "2021-06-21 08:24:55", "elapsed": 229.787942, "delta": 1.269399}}
{"target": -9.909717907332176, "params": {"C": 105.82161448749076, "gamma": 0.33289262444427686}, "datetime": {"datetime": "2021-06-21 08:24:56", "elapsed": 231.269424, "delta": 1.481482}}
{"target": -9.857746350024385, "params": {"C": 110.74930172278917, "gamma": 0.6692832518389349}, "datetime": {"datetime": "2021-06-21 08:24:57", "elapsed": 232.543378, "delta": 1.273954}}
{"target": -9.917299989604775, "params": {"C": 138.35533789132705, "gamma": 0.31620660652064175}, "datetime": {"datetime": "2021-06-21 08:24:59", "elapsed": 234.033009, "delta": 1.489631}}
{"target": -9.741398201173666, "params": {"C": 163.81243709495303, "gamma": 0.5671725469525587}, "datetime": {"datetime": "2021-06-21 08:25:00", "elapsed": 235.24921, "delta": 1.216201}}
{"target": -9.927837379658401, "params": {"C": 163.87357797792424, "gamma": 0.30352652617495773}, "datetime": {"datetime": "2021-06-21 08:25:02", "elapsed": 236.814876, "delta": 1.565666}}
{"target": -9.92714418277411, "params": {"C": 169.1969161154978, "gamma": 0.302125599366083}, "datetime": {"datetime": "2021-06-21 08:25:03", "elapsed": 238.530959, "delta": 1.716083}}
{"target": -10.072738154809432, "params": {"C": 143.89340155507642, "gamma": 0.9974376401018974}, "datetime": {"datetime": "2021-06-21 08:25:05", "elapsed": 239.843786, "delta": 1.312827}}
{"target": -9.704520023390707, "params": {"C": 164.9673200487432, "gamma": 0.5313241016250614}, "datetime": {"datetime": "2021-06-21 08:25:06", "elapsed": 241.430029, "delta": 1.586243}}
{"target": -9.81753929365772, "params": {"C": 164.9656754282003, "gamma": 0.3439590702443699}, "datetime": {"datetime": "2021-06-21 08:25:08", "elapsed": 242.73349, "delta": 1.303461}}
{"target": -9.985341138830126, "params": {"C": 118.39216837510449, "gamma": 0.3}, "datetime": {"datetime": "2021-06-21 08:25:09", "elapsed": 244.210842, "delta": 1.477352}}
{"target": -9.912181115186945, "params": {"C": 184.1933821967928, "gamma": 0.3028283302667024}, "datetime": {"datetime": "2021-06-21 08:25:11", "elapsed": 245.758356, "delta": 1.547514}}
{"target": -10.069131972209139, "params": {"C": 152.64891390215286, "gamma": 0.9950862721731224}, "datetime": {"datetime": "2021-06-21 08:25:12", "elapsed": 247.282207, "delta": 1.523851}}
{"target": -9.799118784296034, "params": {"C": 119.57946424761319, "gamma": 0.6188703510872124}, "datetime": {"datetime": "2021-06-21 08:25:14", "elapsed": 248.970763, "delta": 1.688556}}
{"target": -9.871126642931742, "params": {"C": 194.08264325698494, "gamma": 0.31360598223060576}, "datetime": {"datetime": "2021-06-21 08:25:15", "elapsed": 250.639197, "delta": 1.668434}}
{"target": -10.071589242528567, "params": {"C": 147.0635933831866, "gamma": 1.0}, "datetime": {"datetime": "2021-06-21 08:25:18", "elapsed": 252.881615, "delta": 2.242418}}
{"target": -9.92212831372398, "params": {"C": 182.13856884626946, "gamma": 0.3}, "datetime": {"datetime": "2021-06-21 08:25:19", "elapsed": 254.532563, "delta": 1.650948}}
{"target": -10.07250384905809, "params": {"C": 158.32351110722726, "gamma": 1.0}, "datetime": {"datetime": "2021-06-21 08:25:21", "elapsed": 255.963584, "delta": 1.431021}}
{"target": -9.911326801823364, "params": {"C": 190.86220614447316, "gamma": 0.30112570948104805}, "datetime": {"datetime": "2021-06-21 08:25:23", "elapsed": 257.765563, "delta": 1.801979}}
{"target": -9.791595343367437, "params": {"C": 190.5766525641584, "gamma": 0.613902484884675}, "datetime": {"datetime": "2021-06-21 08:25:25", "elapsed": 259.794831, "delta": 2.029268}}
{"target": -9.795428953918536, "params": {"C": 191.14439257699158, "gamma": 0.6167213597566932}, "datetime": {"datetime": "2021-06-21 08:25:26", "elapsed": 261.338671, "delta": 1.54384}}
{"target": -10.078495465027725, "params": {"C": 125.77069767256137, "gamma": 0.9627015813617035}, "datetime": {"datetime": "2021-06-21 08:25:28", "elapsed": 262.927463, "delta": 1.588792}}
{"target": -9.89694713822457, "params": {"C": 149.52136842062293, "gamma": 0.7042269586967888}, "datetime": {"datetime": "2021-06-21 08:25:29", "elapsed": 264.38039, "delta": 1.452927}}
{"target": -9.832259377380455, "params": {"C": 169.49237224215634, "gamma": 0.6466785769184503}, "datetime": {"datetime": "2021-06-21 08:25:31", "elapsed": 266.658105, "delta": 2.277715}}
{"target": -10.111407267866355, "params": {"C": 102.36267506732189, "gamma": 0.9999974763498733}, "datetime": {"datetime": "2021-06-21 08:25:33", "elapsed": 268.34107, "delta": 1.682965}}
{"target": -9.76506076473666, "params": {"C": 168.93938487106226, "gamma": 0.5885305913061083}, "datetime": {"datetime": "2021-06-21 08:25:35", "elapsed": 269.763916, "delta": 1.422846}}
{"target": -10.078393097902689, "params": {"C": 177.14039262386837, "gamma": 0.9954665492905239}, "datetime": {"datetime": "2021-06-21 08:25:37", "elapsed": 272.365866, "delta": 2.60195}}
{"target": -10.004627104026618, "params": {"C": 102.91885151114388, "gamma": 0.3}, "datetime": {"datetime": "2021-06-21 08:25:39", "elapsed": 274.395562, "delta": 2.029696}}
{"target": -9.928025336981271, "params": {"C": 171.7889064969175, "gamma": 0.30101460300147376}, "datetime": {"datetime": "2021-06-21 08:25:41", "elapsed": 276.051548, "delta": 1.655986}}
{"target": -9.918852787577526, "params": {"C": 189.4059133602516, "gamma": 0.7380126268806679}, "datetime": {"datetime": "2021-06-21 08:25:43", "elapsed": 278.359519, "delta": 2.307971}}
{"target": -9.909415681536363, "params": {"C": 196.90636738289538, "gamma": 0.3}, "datetime": {"datetime": "2021-06-21 08:25:45", "elapsed": 280.712148, "delta": 2.352629}}
{"target": -9.877059213427081, "params": {"C": 118.74552933016028, "gamma": 0.6854414135588924}, "datetime": {"datetime": "2021-06-21 08:25:47", "elapsed": 282.519187, "delta": 1.807039}}
{"target": -9.784151735596017, "params": {"C": 117.49971491574308, "gamma": 0.6069526324127715}, "datetime": {"datetime": "2021-06-21 08:25:49", "elapsed": 284.614316, "delta": 2.095129}}
{"target": -9.8048232011411, "params": {"C": 118.20660490624329, "gamma": 0.6237132264682482}, "datetime": {"datetime": "2021-06-21 08:25:52", "elapsed": 286.999398, "delta": 2.385082}}
{"target": -10.088011373007866, "params": {"C": 119.80365195427737, "gamma": 0.9741062986748854}, "datetime": {"datetime": "2021-06-21 08:25:54", "elapsed": 289.371164, "delta": 2.371766}}
{"target": -10.071197135714668, "params": {"C": 185.7019613298296, "gamma": 0.9711678995372457}, "datetime": {"datetime": "2021-06-21 08:25:56", "elapsed": 291.079624, "delta": 1.70846}}
{"target": -9.724968056781732, "params": {"C": 189.89507934317663, "gamma": 0.42314444143507624}, "datetime": {"datetime": "2021-06-21 08:25:58", "elapsed": 293.282074, "delta": 2.20245}}
{"target": -10.071760525487072, "params": {"C": 134.83590836442193, "gamma": 0.9633114936126912}, "datetime": {"datetime": "2021-06-21 08:26:00", "elapsed": 295.093802, "delta": 1.811728}}
{"target": -9.915085304484968, "params": {"C": 153.88427619283783, "gamma": 0.7232882609900341}, "datetime": {"datetime": "2021-06-21 08:26:01", "elapsed": 296.664537, "delta": 1.570735}}
{"target": -9.943945968645508, "params": {"C": 155.66440090822329, "gamma": 0.3}, "datetime": {"datetime": "2021-06-21 08:26:03", "elapsed": 298.504517, "delta": 1.83998}}
{"target": -9.926618708387942, "params": {"C": 175.12868268764078, "gamma": 0.30050996671690733}, "datetime": {"datetime": "2021-06-21 08:26:05", "elapsed": 300.517651, "delta": 2.013134}}
{"target": -9.813355251155704, "params": {"C": 164.66103859259917, "gamma": 0.6317521365459222}, "datetime": {"datetime": "2021-06-21 08:26:07", "elapsed": 302.029193, "delta": 1.511542}}
{"target": -9.822713221963829, "params": {"C": 188.1587121309078, "gamma": 0.6382544812407696}, "datetime": {"datetime": "2021-06-21 08:26:08", "elapsed": 303.630791, "delta": 1.601598}}
{"target": -9.856213885130995, "params": {"C": 140.84943380780106, "gamma": 0.6674661857082955}, "datetime": {"datetime": "2021-06-21 08:26:10", "elapsed": 305.540988, "delta": 1.910197}}
{"target": -9.710001407681053, "params": {"C": 163.05734433899275, "gamma": 0.536257020362214}, "datetime": {"datetime": "2021-06-21 08:26:13", "elapsed": 308.148487, "delta": 2.607499}}
{"target": -9.819457793543789, "params": {"C": 163.47357275853145, "gamma": 0.6374378560249667}, "datetime": {"datetime": "2021-06-21 08:26:14", "elapsed": 309.466878, "delta": 1.318391}}
{"target": -9.826383941131777, "params": {"C": 163.04094717885044, "gamma": 0.3407450708266149}, "datetime": {"datetime": "2021-06-21 08:26:16", "elapsed": 311.026287, "delta": 1.559409}}
{"target": -9.86129194457278, "params": {"C": 162.7413717065592, "gamma": 0.671286540393841}, "datetime": {"datetime": "2021-06-21 08:26:17", "elapsed": 312.524338, "delta": 1.498051}}
{"target": -9.780390498737518, "params": {"C": 165.21903708042095, "gamma": 0.6011447127614117}, "datetime": {"datetime": "2021-06-21 08:26:19", "elapsed": 314.238794, "delta": 1.714456}}
{"target": -9.891694328784059, "params": {"C": 185.07497238589065, "gamma": 0.3095397954799713}, "datetime": {"datetime": "2021-06-21 08:26:21", "elapsed": 315.866549, "delta": 1.627755}}
{"target": -9.977420857558277, "params": {"C": 124.80585538818603, "gamma": 0.3}, "datetime": {"datetime": "2021-06-21 08:26:22", "elapsed": 317.116349, "delta": 1.2498}}
{"target": -9.823398422177238, "params": {"C": 183.2689673077998, "gamma": 0.6388363157987014}, "datetime": {"datetime": "2021-06-21 08:26:24", "elapsed": 319.000296, "delta": 1.883947}}
{"target": -9.95306252779275, "params": {"C": 144.26496985146866, "gamma": 0.3002005966892163}, "datetime": {"datetime": "2021-06-21 08:26:26", "elapsed": 321.096006, "delta": 2.09571}}
{"target": -9.919627780669744, "params": {"C": 183.1995924856941, "gamma": 0.3005544978980755}, "datetime": {"datetime": "2021-06-21 08:26:28", "elapsed": 323.34139, "delta": 2.245384}}
{"target": -9.907020519904314, "params": {"C": 168.02759140714335, "gamma": 0.717810571845011}, "datetime": {"datetime": "2021-06-21 08:26:29", "elapsed": 324.67283, "delta": 1.33144}}
{"target": -9.944388719316546, "params": {"C": 180.69652497309946, "gamma": 0.7694362691894326}, "datetime": {"datetime": "2021-06-21 08:26:32", "elapsed": 326.837126, "delta": 2.164296}}
{"target": -9.880036451082601, "params": {"C": 121.11388995437531, "gamma": 0.33837076321287085}, "datetime": {"datetime": "2021-06-21 08:26:33", "elapsed": 328.410393, "delta": 1.573267}}
{"target": -9.764702424341628, "params": {"C": 120.86663377648563, "gamma": 0.5876696684324305}, "datetime": {"datetime": "2021-06-21 08:26:35", "elapsed": 330.42101, "delta": 2.010617}}
{"target": -9.832043352712551, "params": {"C": 121.4456511213065, "gamma": 0.6446551639835507}, "datetime": {"datetime": "2021-06-21 08:26:37", "elapsed": 332.209345, "delta": 1.788335}}
{"target": -10.098761775890255, "params": {"C": 105.25024353097506, "gamma": 0.9795447334095304}, "datetime": {"datetime": "2021-06-21 08:26:39", "elapsed": 334.650824, "delta": 2.441479}}
{"target": -10.077115610913085, "params": {"C": 174.71160005133152, "gamma": 0.9970815631474255}, "datetime": {"datetime": "2021-06-21 08:26:41", "elapsed": 336.483502, "delta": 1.832678}}
{"target": -9.942526758239413, "params": {"C": 149.49897427848617, "gamma": 0.30245375373026023}, "datetime": {"datetime": "2021-06-21 08:26:43", "elapsed": 337.95162, "delta": 1.468118}}
{"target": -9.932261866834729, "params": {"C": 150.61464532122187, "gamma": 0.30609997714658566}, "datetime": {"datetime": "2021-06-21 08:26:44", "elapsed": 339.648682, "delta": 1.697062}}
{"target": -9.929801664692489, "params": {"C": 135.0711496514632, "gamma": 0.3123457558369646}, "datetime": {"datetime": "2021-06-21 08:26:47", "elapsed": 342.123539, "delta": 2.474857}}
{"target": -10.089129276925952, "params": {"C": 183.41538124761365, "gamma": 0.9992279572464766}, "datetime": {"datetime": "2021-06-21 08:26:49", "elapsed": 344.229966, "delta": 2.106427}}
{"target": -9.799483052078772, "params": {"C": 157.28014326896508, "gamma": 0.6166817827993576}, "datetime": {"datetime": "2021-06-21 08:26:51", "elapsed": 345.906247, "delta": 1.676281}}
{"target": -9.975928668334099, "params": {"C": 117.3079588218995, "gamma": 0.30366338599653436}, "datetime": {"datetime": "2021-06-21 08:26:53", "elapsed": 348.448096, "delta": 2.541849}}
{"target": -10.107807815394839, "params": {"C": 199.34203924603108, "gamma": 0.9908139742754134}, "datetime": {"datetime": "2021-06-21 08:26:55", "elapsed": 350.485428, "delta": 2.037332}}
{"target": -9.823766386103745, "params": {"C": 195.8819298036521, "gamma": 0.3358570103090672}, "datetime": {"datetime": "2021-06-21 08:26:58", "elapsed": 353.206871, "delta": 2.721443}}
{"target": -9.827430697902344, "params": {"C": 164.09658929626426, "gamma": 0.6435345607400446}, "datetime": {"datetime": "2021-06-21 08:27:00", "elapsed": 355.535352, "delta": 2.328481}}
{"target": -9.787227182386099, "params": {"C": 121.10872959265245, "gamma": 0.6091795826394767}, "datetime": {"datetime": "2021-06-21 08:27:03", "elapsed": 358.253877, "delta": 2.718525}}
{"target": -9.72243303684516, "params": {"C": 121.93521472765542, "gamma": 0.5477476209290756}, "datetime": {"datetime": "2021-06-21 08:27:05", "elapsed": 360.519492, "delta": 2.265615}}
{"target": -10.100805198467075, "params": {"C": 117.41672818446638, "gamma": 0.999117989712156}, "datetime": {"datetime": "2021-06-21 08:27:07", "elapsed": 362.459148, "delta": 1.939656}}
{"target": -9.904201376390319, "params": {"C": 136.07911273086773, "gamma": 0.7119822476545535}, "datetime": {"datetime": "2021-06-21 08:27:09", "elapsed": 364.06165, "delta": 1.602502}}
{"target": -9.776368805428637, "params": {"C": 178.3306194833431, "gamma": 0.6007461751509364}, "datetime": {"datetime": "2021-06-21 08:27:11", "elapsed": 366.398129, "delta": 2.336479}}
{"target": -9.944948677221282, "params": {"C": 145.33633557888712, "gamma": 0.3028025001310918}, "datetime": {"datetime": "2021-06-21 08:27:13", "elapsed": 368.253577, "delta": 1.855448}}
{"target": -9.914826257965165, "params": {"C": 142.62854690432647, "gamma": 0.721829340705654}, "datetime": {"datetime": "2021-06-21 08:27:15", "elapsed": 370.536235, "delta": 2.282658}}
{"target": -9.8416517352983, "params": {"C": 100.92896213581784, "gamma": 0.6574505967630206}, "datetime": {"datetime": "2021-06-21 08:27:17", "elapsed": 372.566801, "delta": 2.030566}}
{"target": -9.989669524340577, "params": {"C": 114.90314958630454, "gamma": 0.3}, "datetime": {"datetime": "2021-06-21 08:27:19", "elapsed": 374.334318, "delta": 1.767517}}
{"target": -9.736026696106784, "params": {"C": 115.5917994856102, "gamma": 0.5612361446321551}, "datetime": {"datetime": "2021-06-21 08:27:22", "elapsed": 376.782082, "delta": 2.447764}}
{"target": -9.992535877143085, "params": {"C": 112.59837002596446, "gamma": 0.3}, "datetime": {"datetime": "2021-06-21 08:27:24", "elapsed": 379.497001, "delta": 2.714919}}
{"target": -9.994189865520378, "params": {"C": 107.98028573382581, "gamma": 0.30145912089117793}, "datetime": {"datetime": "2021-06-21 08:27:26", "elapsed": 381.569175, "delta": 2.072174}}
{"target": -10.084727207907372, "params": {"C": 188.19367869068938, "gamma": 0.9835777339201699}, "datetime": {"datetime": "2021-06-21 08:27:29", "elapsed": 384.655299, "delta": 3.086124}}
{"target": -9.937838309037996, "params": {"C": 186.9592971645909, "gamma": 0.7627479864071798}, "datetime": {"datetime": "2021-06-21 08:27:31", "elapsed": 386.549276, "delta": 1.893977}}
{"target": -9.767349229265438, "params": {"C": 114.48081971343248, "gamma": 0.5905360687187123}, "datetime": {"datetime": "2021-06-21 08:27:33", "elapsed": 388.486643, "delta": 1.937367}}
{"target": -9.901115336643766, "params": {"C": 178.28740308712844, "gamma": 0.30848915454907816}, "datetime": {"datetime": "2021-06-21 08:27:35", "elapsed": 390.091426, "delta": 1.604783}}
{"target": -10.005011695845695, "params": {"C": 164.97048514037908, "gamma": 0.8683901517776045}, "datetime": {"datetime": "2021-06-21 08:27:36", "elapsed": 391.71524, "delta": 1.623814}}
{"target": -9.883622801103503, "params": {"C": 165.9221895777992, "gamma": 0.6921466326541421}, "datetime": {"datetime": "2021-06-21 08:27:38", "elapsed": 393.503435, "delta": 1.788195}}
{"target": -9.867240793784209, "params": {"C": 161.88269104645138, "gamma": 0.6765595854335257}, "datetime": {"datetime": "2021-06-21 08:27:41", "elapsed": 396.192602, "delta": 2.689167}}
{"target": -9.814331756901545, "params": {"C": 179.36253162649925, "gamma": 0.6318414486320743}, "datetime": {"datetime": "2021-06-21 08:27:43", "elapsed": 398.187713, "delta": 1.995111}}
