{"target": -23.07373880876458, "params": {"C": 5.493032518322764, "gamma": 0.001}, "datetime": {"datetime": "2021-06-19 14:22:07", "elapsed": 65.540799, "delta": 0.86188}}
{"target": -10.974848220257247, "params": {"C": 5.929385785554084, "gamma": 0.8198197801680304}, "datetime": {"datetime": "2021-06-19 14:22:08", "elapsed": 66.390135, "delta": 0.849336}}
{"target": -11.38955980576601, "params": {"C": 4.633678593639341, "gamma": 0.7123837630788892}, "datetime": {"datetime": "2021-06-19 14:22:09", "elapsed": 67.277199, "delta": 0.887064}}
{"target": -11.052820213816826, "params": {"C": 6.1754955614068106, "gamma": 0.6425174719950368}, "datetime": {"datetime": "2021-06-19 14:22:09", "elapsed": 67.963345, "delta": 0.686146}}
{"target": -11.708930132097157, "params": {"C": 8.922925277283781, "gamma": 2.1756655304679353}, "datetime": {"datetime": "2021-06-19 14:22:10", "elapsed": 68.897353, "delta": 0.934008}}
{"target": -11.977399160885952, "params": {"C": 7.9649212734808215, "gamma": 2.374260749031588}, "datetime": {"datetime": "2021-06-19 14:22:11", "elapsed": 69.833314, "delta": 0.935961}}
{"target": -10.894985390885571, "params": {"C": 7.77665000370989, "gamma": 1.2757228255571793}, "datetime": {"datetime": "2021-06-19 14:22:12", "elapsed": 70.810311, "delta": 0.976997}}
{"target": -10.73632553875616, "params": {"C": 8.199923373372673, "gamma": 0.6548724869913881}, "datetime": {"datetime": "2021-06-19 14:22:13", "elapsed": 71.678311, "delta": 0.868}}
{"target": -11.215293223612115, "params": {"C": 6.224011883728452, "gamma": 1.4184244944936861}, "datetime": {"datetime": "2021-06-19 14:22:14", "elapsed": 72.467895, "delta": 0.789584}}
{"target": -12.332802351331624, "params": {"C": 2.9859838966098984, "gamma": 0.5545329091040493}, "datetime": {"datetime": "2021-06-19 14:22:15", "elapsed": 73.254893, "delta": 0.786998}}
{"target": -10.965875806013438, "params": {"C": 9.421130186503225, "gamma": 1.513276413398554}, "datetime": {"datetime": "2021-06-19 14:22:15", "elapsed": 73.963904, "delta": 0.709011}}
{"target": -11.971197166690871, "params": {"C": 9.9840139255452, "gamma": 2.538328740195714}, "datetime": {"datetime": "2021-06-19 14:22:16", "elapsed": 74.716453, "delta": 0.752549}}
{"target": -10.734052927046625, "params": {"C": 7.614011676895539, "gamma": 0.9798753332068697}, "datetime": {"datetime": "2021-06-19 14:22:17", "elapsed": 75.582621, "delta": 0.866168}}
{"target": -12.235452512648635, "params": {"C": 6.104016338860506, "gamma": 2.4200754552824186}, "datetime": {"datetime": "2021-06-19 14:22:18", "elapsed": 76.51762, "delta": 0.934999}}
{"target": -10.93406761851612, "params": {"C": 6.826934038038544, "gamma": 1.1833382772836771}, "datetime": {"datetime": "2021-06-19 14:22:19", "elapsed": 77.365629, "delta": 0.848009}}
{"target": -10.722807806732995, "params": {"C": 9.700529130566151, "gamma": 1.2731238593674046}, "datetime": {"datetime": "2021-06-19 14:22:20", "elapsed": 78.211262, "delta": 0.845633}}
{"target": -11.042817920112942, "params": {"C": 6.654163482978994, "gamma": 0.5862875740068675}, "datetime": {"datetime": "2021-06-19 14:22:21", "elapsed": 79.106266, "delta": 0.895004}}
{"target": -10.703279653969698, "params": {"C": 9.550013757590204, "gamma": 0.5664109349149271}, "datetime": {"datetime": "2021-06-19 14:22:21", "elapsed": 79.979264, "delta": 0.872998}}
{"target": -10.619687350800147, "params": {"C": 8.696711180646588, "gamma": 0.9877549510722979}, "datetime": {"datetime": "2021-06-19 14:22:22", "elapsed": 80.938261, "delta": 0.958997}}
{"target": -10.505640898048172, "params": {"C": 9.911441499218803, "gamma": 0.9183512645530612}, "datetime": {"datetime": "2021-06-19 14:22:23", "elapsed": 81.698266, "delta": 0.760005}}
{"target": -10.522638541788554, "params": {"C": 9.910389555003267, "gamma": 0.7121045163988371}, "datetime": {"datetime": "2021-06-19 14:22:24", "elapsed": 82.538595, "delta": 0.840329}}
{"target": -10.484862294689162, "params": {"C": 9.99495732137923, "gamma": 0.806285498944486}, "datetime": {"datetime": "2021-06-19 14:22:25", "elapsed": 83.488265, "delta": 0.94967}}
{"target": -10.519735477328142, "params": {"C": 9.528181974433046, "gamma": 0.88419100771755}, "datetime": {"datetime": "2021-06-19 14:22:26", "elapsed": 84.205974, "delta": 0.717709}}
{"target": -12.528583827072099, "params": {"C": 3.2296902524615687, "gamma": 1.9994014940955813}, "datetime": {"datetime": "2021-06-19 14:22:27", "elapsed": 85.029916, "delta": 0.823942}}
{"target": -13.01478118552569, "params": {"C": 5.13978615367459, "gamma": 3.087799774921671}, "datetime": {"datetime": "2021-06-19 14:22:27", "elapsed": 85.847818, "delta": 0.817902}}
{"target": -10.499028704515256, "params": {"C": 9.825370060970432, "gamma": 0.8090204308754915}, "datetime": {"datetime": "2021-06-19 14:22:28", "elapsed": 86.644756, "delta": 0.796938}}
{"target": -10.629499749823854, "params": {"C": 8.405715243189148, "gamma": 0.8420058519074823}, "datetime": {"datetime": "2021-06-19 14:22:29", "elapsed": 87.447818, "delta": 0.803062}}
{"target": -10.556671167387579, "params": {"C": 9.190308044996494, "gamma": 0.9288157404761783}, "datetime": {"datetime": "2021-06-19 14:22:30", "elapsed": 88.40295, "delta": 0.955132}}
{"target": -10.484023155241763, "params": {"C": 10.0, "gamma": 0.879916690630822}, "datetime": {"datetime": "2021-06-19 14:22:31", "elapsed": 89.25237, "delta": 0.84942}}
{"target": -10.48376041898166, "params": {"C": 9.962827539535134, "gamma": 0.8575288517282187}, "datetime": {"datetime": "2021-06-19 14:22:32", "elapsed": 90.224145, "delta": 0.971775}}
{"target": -10.667113176662072, "params": {"C": 8.714708360763483, "gamma": 0.6724298091548052}, "datetime": {"datetime": "2021-06-19 14:22:33", "elapsed": 91.173382, "delta": 0.949237}}
{"target": -10.502407608391811, "params": {"C": 9.733205116169264, "gamma": 0.8712554420153801}, "datetime": {"datetime": "2021-06-19 14:22:34", "elapsed": 92.176406, "delta": 1.003024}}
{"target": -10.516663338071853, "params": {"C": 9.727254710278554, "gamma": 0.7780199794104612}, "datetime": {"datetime": "2021-06-19 14:22:35", "elapsed": 93.032268, "delta": 0.855862}}
{"target": -10.52788807259919, "params": {"C": 9.437761736486987, "gamma": 0.8478011673124854}, "datetime": {"datetime": "2021-06-19 14:22:36", "elapsed": 93.997537, "delta": 0.965269}}
{"target": -10.489005352607183, "params": {"C": 9.900320425205985, "gamma": 0.8378084669909228}, "datetime": {"datetime": "2021-06-19 14:22:36", "elapsed": 94.766057, "delta": 0.76852}}
{"target": -10.483246342353176, "params": {"C": 9.973315798673813, "gamma": 0.8335248094457952}, "datetime": {"datetime": "2021-06-19 14:22:37", "elapsed": 95.622005, "delta": 0.855948}}
{"target": -10.52179099060203, "params": {"C": 9.657120151018974, "gamma": 0.9195655292298675}, "datetime": {"datetime": "2021-06-19 14:22:38", "elapsed": 96.590933, "delta": 0.968928}}
{"target": -10.48222039801983, "params": {"C": 9.982160656580648, "gamma": 0.8554314390031194}, "datetime": {"datetime": "2021-06-19 14:22:39", "elapsed": 97.631479, "delta": 1.040546}}
{"target": -10.489739015410967, "params": {"C": 9.902370981314883, "gamma": 0.8253196550647329}, "datetime": {"datetime": "2021-06-19 14:22:40", "elapsed": 98.364848, "delta": 0.733369}}
{"target": -13.68959518949222, "params": {"C": 3.6275041965276715, "gamma": 3.461449313451882}, "datetime": {"datetime": "2021-06-19 14:22:41", "elapsed": 99.314567, "delta": 0.949719}}
{"target": -10.485027749802818, "params": {"C": 9.999680682013178, "gamma": 0.8035696902281643}, "datetime": {"datetime": "2021-06-19 14:22:42", "elapsed": 100.232609, "delta": 0.918042}}
{"target": -10.491629398233156, "params": {"C": 9.985941437180921, "gamma": 0.7851590730465744}, "datetime": {"datetime": "2021-06-19 14:22:43", "elapsed": 101.041282, "delta": 0.808673}}
{"target": -10.504028746731985, "params": {"C": 9.725336702761865, "gamma": 0.8328058787995811}, "datetime": {"datetime": "2021-06-19 14:22:44", "elapsed": 102.006556, "delta": 0.965274}}
{"target": -10.487546509330024, "params": {"C": 9.916149122052506, "gamma": 0.8670262629737563}, "datetime": {"datetime": "2021-06-19 14:22:45", "elapsed": 103.178692, "delta": 1.172136}}
{"target": -10.48261496255262, "params": {"C": 9.977468671424868, "gamma": 0.8630289534097967}, "datetime": {"datetime": "2021-06-19 14:22:46", "elapsed": 104.15036, "delta": 0.971668}}
{"target": -10.482936584523504, "params": {"C": 9.973432489646472, "gamma": 0.8452214189117396}, "datetime": {"datetime": "2021-06-19 14:22:47", "elapsed": 105.068735, "delta": 0.918375}}
{"target": -25.45385592794674, "params": {"C": 2.2950890191466575, "gamma": 0.001}, "datetime": {"datetime": "2021-06-19 14:22:47", "elapsed": 105.984048, "delta": 0.915313}}
{"target": -11.911200149197864, "params": {"C": 3.2255453644062184, "gamma": 0.8565762196593252}, "datetime": {"datetime": "2021-06-19 14:22:48", "elapsed": 106.902339, "delta": 0.918291}}
{"target": -12.409300219315988, "params": {"C": 3.52665219913143, "gamma": 0.3694361066272206}, "datetime": {"datetime": "2021-06-19 14:22:49", "elapsed": 107.942863, "delta": 1.040524}}
{"target": -12.10112958779207, "params": {"C": 4.685810478689884, "gamma": 2.0095585668667457}, "datetime": {"datetime": "2021-06-19 14:22:50", "elapsed": 108.776535, "delta": 0.833672}}
{"target": -10.803731327112391, "params": {"C": 7.236951734028357, "gamma": 1.045587163611749}, "datetime": {"datetime": "2021-06-19 14:22:51", "elapsed": 109.895561, "delta": 1.119026}}
{"target": -10.701828551018043, "params": {"C": 7.789794447623379, "gamma": 0.8050506530322284}, "datetime": {"datetime": "2021-06-19 14:22:52", "elapsed": 110.832102, "delta": 0.936541}}
{"target": -10.482465654466658, "params": {"C": 9.979383783701413, "gamma": 0.8636533512361787}, "datetime": {"datetime": "2021-06-19 14:22:53", "elapsed": 111.835251, "delta": 1.003149}}
{"target": -10.481221445867666, "params": {"C": 9.995254720615746, "gamma": 0.8669801070268139}, "datetime": {"datetime": "2021-06-19 14:22:54", "elapsed": 112.884767, "delta": 1.049516}}
{"target": -10.48401855269616, "params": {"C": 9.959956981761119, "gamma": 0.8642283653047025}, "datetime": {"datetime": "2021-06-19 14:22:55", "elapsed": 113.940349, "delta": 1.055582}}
{"target": -10.485383274714692, "params": {"C": 9.980733802678497, "gamma": 0.8804459782340539}, "datetime": {"datetime": "2021-06-19 14:22:56", "elapsed": 114.978821, "delta": 1.038472}}
{"target": -10.490660772008287, "params": {"C": 9.992441702324362, "gamma": 0.8945734246200125}, "datetime": {"datetime": "2021-06-19 14:22:58", "elapsed": 116.066103, "delta": 1.087282}}
{"target": -10.583613277162229, "params": {"C": 9.151879752941339, "gamma": 0.7293347504038143}, "datetime": {"datetime": "2021-06-19 14:22:58", "elapsed": 116.976922, "delta": 0.910819}}
{"target": -17.54676455619527, "params": {"C": 10.0, "gamma": 10.0}, "datetime": {"datetime": "2021-06-19 14:22:59", "elapsed": 117.938598, "delta": 0.961676}}
{"target": -10.481089068278283, "params": {"C": 9.99651560478015, "gamma": 0.850258896509066}, "datetime": {"datetime": "2021-06-19 14:23:00", "elapsed": 118.986288, "delta": 1.04769}}
{"target": -10.49149644228198, "params": {"C": 9.865721486628656, "gamma": 0.8499333316427513}, "datetime": {"datetime": "2021-06-19 14:23:02", "elapsed": 120.111782, "delta": 1.125494}}
{"target": -10.481392069478272, "params": {"C": 9.993524533337002, "gamma": 0.8394917352730414}, "datetime": {"datetime": "2021-06-19 14:23:03", "elapsed": 121.20224, "delta": 1.090458}}
{"target": -10.481593924440393, "params": {"C": 9.990859758379123, "gamma": 0.84039523815747}, "datetime": {"datetime": "2021-06-19 14:23:04", "elapsed": 122.390246, "delta": 1.188006}}
{"target": -10.491080609682541, "params": {"C": 9.901292127143456, "gamma": 0.8149993066734269}, "datetime": {"datetime": "2021-06-19 14:23:05", "elapsed": 123.533286, "delta": 1.14304}}
{"target": -10.494202490486334, "params": {"C": 9.854174175509517, "gamma": 0.8830090573263406}, "datetime": {"datetime": "2021-06-19 14:23:06", "elapsed": 124.420418, "delta": 0.887132}}
{"target": -10.50382115887545, "params": {"C": 9.858661951179739, "gamma": 0.7818875473619564}, "datetime": {"datetime": "2021-06-19 14:23:07", "elapsed": 125.658696, "delta": 1.238278}}
{"target": -10.486721024022788, "params": {"C": 9.94620928490277, "gamma": 0.878100981436694}, "datetime": {"datetime": "2021-06-19 14:23:08", "elapsed": 126.855772, "delta": 1.197076}}
{"target": -10.492666066714506, "params": {"C": 9.881323571214647, "gamma": 0.8154590579146501}, "datetime": {"datetime": "2021-06-19 14:23:09", "elapsed": 127.943165, "delta": 1.087393}}
{"target": -10.48277310094564, "params": {"C": 9.975197601782789, "gamma": 0.8536626288714485}, "datetime": {"datetime": "2021-06-19 14:23:11", "elapsed": 129.169007, "delta": 1.225842}}
{"target": -10.485635539196855, "params": {"C": 9.939763575434032, "gamma": 0.8397566430115943}, "datetime": {"datetime": "2021-06-19 14:23:12", "elapsed": 130.354657, "delta": 1.18565}}
{"target": -10.496584977601486, "params": {"C": 9.827093115589506, "gamma": 0.8846669281901561}, "datetime": {"datetime": "2021-06-19 14:23:13", "elapsed": 131.383655, "delta": 1.028998}}
{"target": -10.484633737368355, "params": {"C": 9.952209689664755, "gamma": 0.8421882241089035}, "datetime": {"datetime": "2021-06-19 14:23:14", "elapsed": 132.508265, "delta": 1.12461}}
{"target": -10.485643605115573, "params": {"C": 9.965369230730806, "gamma": 0.8784298524567146}, "datetime": {"datetime": "2021-06-19 14:23:15", "elapsed": 133.816896, "delta": 1.308631}}
{"target": -13.34444350559063, "params": {"C": 10.0, "gamma": 4.002739819884311}, "datetime": {"datetime": "2021-06-19 14:23:16", "elapsed": 134.891894, "delta": 1.074998}}
{"target": -13.67306490582677, "params": {"C": 8.399794472593694, "gamma": 4.2338759570911595}, "datetime": {"datetime": "2021-06-19 14:23:18", "elapsed": 136.018895, "delta": 1.127001}}
{"target": -10.48902142202779, "params": {"C": 9.969138738504881, "gamma": 0.7990264151755455}, "datetime": {"datetime": "2021-06-19 14:23:19", "elapsed": 137.072896, "delta": 1.054001}}
{"target": -10.48759044357081, "params": {"C": 9.968151085940764, "gamma": 0.8043583596277186}, "datetime": {"datetime": "2021-06-19 14:23:20", "elapsed": 138.321517, "delta": 1.248621}}
{"target": -17.900071246934278, "params": {"C": 6.10992391260269, "gamma": 10.0}, "datetime": {"datetime": "2021-06-19 14:23:21", "elapsed": 139.277517, "delta": 0.956}}
{"target": -10.485476329355286, "params": {"C": 9.946458684322613, "gamma": 0.8745482166450579}, "datetime": {"datetime": "2021-06-19 14:23:22", "elapsed": 140.48252, "delta": 1.205003}}
{"target": -10.48378875647429, "params": {"C": 9.964186985483392, "gamma": 0.8364556424953302}, "datetime": {"datetime": "2021-06-19 14:23:23", "elapsed": 141.655515, "delta": 1.172995}}
{"target": -10.498946392862042, "params": {"C": 9.939084794217047, "gamma": 0.7746635143231456}, "datetime": {"datetime": "2021-06-19 14:23:24", "elapsed": 142.867965, "delta": 1.21245}}
{"target": -10.48325453898303, "params": {"C": 9.97849894954278, "gamma": 0.8277668322285302}, "datetime": {"datetime": "2021-06-19 14:23:25", "elapsed": 143.901722, "delta": 1.033757}}
{"target": -10.488482282990542, "params": {"C": 9.939621124809875, "gamma": 0.8116143259468952}, "datetime": {"datetime": "2021-06-19 14:23:27", "elapsed": 145.231945, "delta": 1.330223}}
{"target": -10.488820533455288, "params": {"C": 9.988964902774718, "gamma": 0.7937034221555969}, "datetime": {"datetime": "2021-06-19 14:23:28", "elapsed": 146.620581, "delta": 1.388636}}
{"target": -13.98481585996918, "params": {"C": 5.395618337621026, "gamma": 4.200879243655267}, "datetime": {"datetime": "2021-06-19 14:23:29", "elapsed": 147.685982, "delta": 1.065401}}
{"target": -10.492577057949513, "params": {"C": 9.85407462744271, "gamma": 0.8700977462658278}, "datetime": {"datetime": "2021-06-19 14:23:31", "elapsed": 149.259522, "delta": 1.57354}}
{"target": -10.481358117975976, "params": {"C": 9.993101389843146, "gamma": 0.8506796132285086}, "datetime": {"datetime": "2021-06-19 14:23:32", "elapsed": 150.827029, "delta": 1.567507}}
{"target": -10.490609657311303, "params": {"C": 9.877008797538943, "gamma": 0.8560911203832557}, "datetime": {"datetime": "2021-06-19 14:23:34", "elapsed": 152.184325, "delta": 1.357296}}
{"target": -10.48332733758508, "params": {"C": 9.968649814216512, "gamma": 0.864634589132666}, "datetime": {"datetime": "2021-06-19 14:23:35", "elapsed": 153.290335, "delta": 1.10601}}
{"target": -10.482420719379238, "params": {"C": 9.980599637943927, "gamma": 0.8384379910731322}, "datetime": {"datetime": "2021-06-19 14:23:36", "elapsed": 154.409285, "delta": 1.11895}}
{"target": -10.48882941509801, "params": {"C": 9.925861581488371, "gamma": 0.8162187587801135}, "datetime": {"datetime": "2021-06-19 14:23:37", "elapsed": 155.982064, "delta": 1.572779}}
{"target": -10.491743168414168, "params": {"C": 9.863128508409156, "gamma": 0.8596248934541995}, "datetime": {"datetime": "2021-06-19 14:23:39", "elapsed": 157.348651, "delta": 1.366587}}
{"target": -10.496486627068197, "params": {"C": 9.803570511398693, "gamma": 0.8512644958338771}, "datetime": {"datetime": "2021-06-19 14:23:40", "elapsed": 158.768353, "delta": 1.419702}}
{"target": -10.490273789746741, "params": {"C": 9.881017038599467, "gamma": 0.8502439661019932}, "datetime": {"datetime": "2021-06-19 14:23:42", "elapsed": 160.158261, "delta": 1.389908}}
{"target": -10.482157751661731, "params": {"C": 9.984084784591106, "gamma": 0.8372629463932975}, "datetime": {"datetime": "2021-06-19 14:23:43", "elapsed": 161.261124, "delta": 1.102863}}
{"target": -10.49396312154838, "params": {"C": 9.914821449724682, "gamma": 0.8915428130766476}, "datetime": {"datetime": "2021-06-19 14:23:44", "elapsed": 162.375929, "delta": 1.114805}}
{"target": -10.491941631707595, "params": {"C": 9.865872170966107, "gamma": 0.87869885782633}, "datetime": {"datetime": "2021-06-19 14:23:45", "elapsed": 163.748574, "delta": 1.372645}}
{"target": -10.48893275320454, "params": {"C": 9.974862611446278, "gamma": 0.8881517065200702}, "datetime": {"datetime": "2021-06-19 14:23:46", "elapsed": 164.782872, "delta": 1.034298}}
{"target": -10.49312256033418, "params": {"C": 9.887860225867902, "gamma": 0.8855175588290138}, "datetime": {"datetime": "2021-06-19 14:23:48", "elapsed": 166.107359, "delta": 1.324487}}
{"target": -10.488886189171378, "params": {"C": 9.916171669110145, "gamma": 0.8215771079476573}, "datetime": {"datetime": "2021-06-19 14:23:49", "elapsed": 167.173014, "delta": 1.065655}}
{"target": -10.497906293424318, "params": {"C": 9.958116195537977, "gamma": 0.9067368148568096}, "datetime": {"datetime": "2021-06-19 14:23:50", "elapsed": 168.699843, "delta": 1.526829}}
{"target": -10.485629230769328, "params": {"C": 9.940631597603073, "gamma": 0.8380815052465573}, "datetime": {"datetime": "2021-06-19 14:23:51", "elapsed": 169.809329, "delta": 1.109486}}
{"target": -10.483480993527671, "params": {"C": 9.986439752833236, "gamma": 0.8759470824927691}, "datetime": {"datetime": "2021-06-19 14:23:53", "elapsed": 171.228998, "delta": 1.419669}}
{"target": -10.490429353151663, "params": {"C": 9.910347097829193, "gamma": 0.8144026021139034}, "datetime": {"datetime": "2021-06-19 14:23:54", "elapsed": 172.649353, "delta": 1.420355}}
{"target": -10.500451114900711, "params": {"C": 9.811208918119686, "gamma": 0.808470515065259}, "datetime": {"datetime": "2021-06-19 14:23:55", "elapsed": 173.846518, "delta": 1.197165}}
{"target": -10.50557296290091, "params": {"C": 9.695239477882506, "gamma": 0.8498162916978781}, "datetime": {"datetime": "2021-06-19 14:23:57", "elapsed": 175.0033, "delta": 1.156782}}
{"target": -10.489780328743697, "params": {"C": 9.897698792719364, "gamma": 0.829963016162461}, "datetime": {"datetime": "2021-06-19 14:23:58", "elapsed": 176.175452, "delta": 1.172152}}
{"target": -10.493661822017064, "params": {"C": 9.858290068745609, "gamma": 0.821860829958351}, "datetime": {"datetime": "2021-06-19 14:23:59", "elapsed": 177.39471, "delta": 1.219258}}
{"target": -10.485786573180581, "params": {"C": 9.937295544235464, "gamma": 0.8530735257051063}, "datetime": {"datetime": "2021-06-19 14:24:00", "elapsed": 178.45982, "delta": 1.06511}}
{"target": -10.48421001579723, "params": {"C": 9.957232746824982, "gamma": 0.8474920830344825}, "datetime": {"datetime": "2021-06-19 14:24:01", "elapsed": 179.500644, "delta": 1.040824}}
{"target": -10.483703001621912, "params": {"C": 9.967729633706252, "gamma": 0.8336018710278681}, "datetime": {"datetime": "2021-06-19 14:24:02", "elapsed": 180.771452, "delta": 1.270808}}
{"target": -10.483526030634522, "params": {"C": 9.96668345147123, "gamma": 0.8698959873858767}, "datetime": {"datetime": "2021-06-19 14:24:04", "elapsed": 182.508667, "delta": 1.737215}}
{"target": -10.488344950331783, "params": {"C": 9.905180038522074, "gamma": 0.8498794193629765}, "datetime": {"datetime": "2021-06-19 14:24:06", "elapsed": 184.262765, "delta": 1.754098}}
{"target": -10.486787283578309, "params": {"C": 9.924833756373328, "gamma": 0.8568418645473682}, "datetime": {"datetime": "2021-06-19 14:24:07", "elapsed": 185.785096, "delta": 1.522331}}
{"target": -10.489979985241145, "params": {"C": 9.9378057316062, "gamma": 0.8854593092154661}, "datetime": {"datetime": "2021-06-19 14:24:08", "elapsed": 186.904068, "delta": 1.118972}}
{"target": -10.4885402365578, "params": {"C": 9.96259080217942, "gamma": 0.8855727981221149}, "datetime": {"datetime": "2021-06-19 14:24:10", "elapsed": 188.408242, "delta": 1.504174}}
{"target": -10.483600034057782, "params": {"C": 9.981714291733542, "gamma": 0.8201338443062698}, "datetime": {"datetime": "2021-06-19 14:24:11", "elapsed": 189.509225, "delta": 1.100983}}
{"target": -37.25854883786873, "params": {"C": 0.001, "gamma": 0.001}, "datetime": {"datetime": "2021-06-19 14:24:13", "elapsed": 191.153221, "delta": 1.643996}}
