{"target": -10.758135915173323, "params": {"C": 9.873017943573974, "gamma": 0.6386537423337258}, "datetime": {"datetime": "2021-06-19 15:51:22", "elapsed": 2653.703996, "delta": 15.247522}}
{"target": -10.75527810501461, "params": {"C": 9.997141942806373, "gamma": 0.6423747639790521}, "datetime": {"datetime": "2021-06-19 15:51:32", "elapsed": 2663.776747, "delta": 10.072751}}
{"target": -10.767456244798227, "params": {"C": 9.856181484995844, "gamma": 0.6016090052496164}, "datetime": {"datetime": "2021-06-19 15:51:43", "elapsed": 2674.736216, "delta": 10.959469}}
{"target": -10.757619350230632, "params": {"C": 9.902947034050872, "gamma": 0.6370688356862617}, "datetime": {"datetime": "2021-06-19 15:51:56", "elapsed": 2687.487484, "delta": 12.751268}}
{"target": -10.758245699585988, "params": {"C": 9.911511897599457, "gamma": 0.6327661013692782}, "datetime": {"datetime": "2021-06-19 15:52:04", "elapsed": 2695.561678, "delta": 8.074194}}
{"target": -10.756421879643872, "params": {"C": 9.977418383533129, "gamma": 0.6307875084606293}, "datetime": {"datetime": "2021-06-19 15:52:16", "elapsed": 2707.951764, "delta": 12.390086}}
{"target": -10.755722839788545, "params": {"C": 9.991725534815217, "gamma": 0.6376171314174891}, "datetime": {"datetime": "2021-06-19 15:52:34", "elapsed": 2725.243665, "delta": 17.291901}}
{"target": -10.77839970274694, "params": {"C": 9.403261251221158, "gamma": 0.6362905800707057}, "datetime": {"datetime": "2021-06-19 15:52:46", "elapsed": 2737.220517, "delta": 11.976852}}
{"target": -10.764055125209705, "params": {"C": 9.894063719433294, "gamma": 0.6529041397582086}, "datetime": {"datetime": "2021-06-19 15:52:56", "elapsed": 2747.4514, "delta": 10.230883}}
{"target": -10.756466777949274, "params": {"C": 9.973947292257844, "gamma": 0.6314528514213658}, "datetime": {"datetime": "2021-06-19 15:53:08", "elapsed": 2759.554034, "delta": 12.102634}}
{"target": -10.757070718682323, "params": {"C": 9.928321853259332, "gamma": 0.6373964995498383}, "datetime": {"datetime": "2021-06-19 15:53:20", "elapsed": 2771.731972, "delta": 12.177938}}
{"target": -10.763602758212507, "params": {"C": 9.979888040332783, "gamma": 0.5994278036010475}, "datetime": {"datetime": "2021-06-19 15:53:32", "elapsed": 2783.415397, "delta": 11.683425}}
{"target": -10.765951467793517, "params": {"C": 9.725505670935098, "gamma": 0.6313437806486293}, "datetime": {"datetime": "2021-06-19 15:53:39", "elapsed": 2790.046461, "delta": 6.631064}}
{"target": -10.755984914695423, "params": {"C": 9.996822716325411, "gamma": 0.6320657539174134}, "datetime": {"datetime": "2021-06-19 15:53:55", "elapsed": 2806.871928, "delta": 16.825467}}
{"target": -10.777786933568652, "params": {"C": 9.591046857668733, "gamma": 0.6025502094933303}, "datetime": {"datetime": "2021-06-19 15:54:05", "elapsed": 2816.202987, "delta": 9.331059}}
{"target": -10.759884003214157, "params": {"C": 9.816494140776163, "gamma": 0.6392512125438229}, "datetime": {"datetime": "2021-06-19 15:54:16", "elapsed": 2827.885112, "delta": 11.682125}}
{"target": -10.761146333489304, "params": {"C": 9.93439705924379, "gamma": 0.6197229426011487}, "datetime": {"datetime": "2021-06-19 15:54:28", "elapsed": 2839.7353, "delta": 11.850188}}
{"target": -17.30913756543748, "params": {"C": 8.09324799209046, "gamma": 4.960346031102991}, "datetime": {"datetime": "2021-06-19 15:54:34", "elapsed": 2845.421828, "delta": 5.686528}}
{"target": -10.760476595847361, "params": {"C": 9.982701661918348, "gamma": 0.6152583343057547}, "datetime": {"datetime": "2021-06-19 15:54:43", "elapsed": 2854.661821, "delta": 9.239993}}
{"target": -10.760341882190819, "params": {"C": 9.87892047484163, "gamma": 0.630135980245559}, "datetime": {"datetime": "2021-06-19 15:54:50", "elapsed": 2861.988599, "delta": 7.326778}}
{"target": -10.767785230353216, "params": {"C": 9.692197583918338, "gamma": 0.6465284763574324}, "datetime": {"datetime": "2021-06-19 15:55:01", "elapsed": 2872.437213, "delta": 10.448614}}
{"target": -10.758979354058052, "params": {"C": 9.85630168317929, "gamma": 0.6415924344778636}, "datetime": {"datetime": "2021-06-19 15:55:16", "elapsed": 2887.278082, "delta": 14.840869}}
{"target": -15.115005568171416, "params": {"C": 8.222215493794634, "gamma": 3.1986988875859934}, "datetime": {"datetime": "2021-06-19 15:55:20", "elapsed": 2891.505881, "delta": 4.227799}}
{"target": -10.890935962095417, "params": {"C": 9.57544634576314, "gamma": 0.4212896770214605}, "datetime": {"datetime": "2021-06-19 15:55:27", "elapsed": 2898.215813, "delta": 6.709932}}
{"target": -10.76153479822721, "params": {"C": 9.954991433015174, "gamma": 0.6516792690604385}, "datetime": {"datetime": "2021-06-19 15:55:35", "elapsed": 2906.188698, "delta": 7.972885}}
{"target": -10.756465132797793, "params": {"C": 9.971364169717447, "gamma": 0.6327183659629518}, "datetime": {"datetime": "2021-06-19 15:55:47", "elapsed": 2918.255553, "delta": 12.066855}}
{"target": -10.76338944133758, "params": {"C": 9.963739961964981, "gamma": 0.6042979524432496}, "datetime": {"datetime": "2021-06-19 15:55:56", "elapsed": 2927.530044, "delta": 9.274491}}
{"target": -10.770700502178267, "params": {"C": 9.978411613591092, "gamma": 0.5814110028428268}, "datetime": {"datetime": "2021-06-19 15:56:11", "elapsed": 2942.132811, "delta": 14.602767}}
{"target": -10.7693843382651, "params": {"C": 9.690146441040588, "gamma": 0.6232499972215882}, "datetime": {"datetime": "2021-06-19 15:56:16", "elapsed": 2947.85704, "delta": 5.724229}}
{"target": -10.756788598198519, "params": {"C": 9.956292242137916, "gamma": 0.6322006013481867}, "datetime": {"datetime": "2021-06-19 15:56:25", "elapsed": 2956.649369, "delta": 8.792329}}
{"target": -10.760350408563264, "params": {"C": 9.808580917776334, "gamma": 0.6388148210359639}, "datetime": {"datetime": "2021-06-19 15:56:35", "elapsed": 2966.16258, "delta": 9.513211}}
{"target": -10.761573896433191, "params": {"C": 9.804629795707415, "gamma": 0.6355596573855186}, "datetime": {"datetime": "2021-06-19 15:56:42", "elapsed": 2973.358711, "delta": 7.196131}}
{"target": -10.756518426827933, "params": {"C": 9.960236846273764, "gamma": 0.6357978004451095}, "datetime": {"datetime": "2021-06-19 15:56:47", "elapsed": 2978.71661, "delta": 5.357899}}
{"target": -10.764613218462062, "params": {"C": 9.791613223631728, "gamma": 0.6269693582538916}, "datetime": {"datetime": "2021-06-19 15:56:55", "elapsed": 2986.407476, "delta": 7.690866}}
{"target": -10.767157168365262, "params": {"C": 9.708615838668704, "gamma": 0.6293422186281096}, "datetime": {"datetime": "2021-06-19 15:57:01", "elapsed": 2992.415127, "delta": 6.007651}}
{"target": -10.76174574550214, "params": {"C": 9.855672191544837, "gamma": 0.6284332573147652}, "datetime": {"datetime": "2021-06-19 15:57:18", "elapsed": 3009.227197, "delta": 16.81207}}
{"target": -10.762769197457406, "params": {"C": 9.945349622692657, "gamma": 0.6109945174498308}, "datetime": {"datetime": "2021-06-19 15:57:26", "elapsed": 3017.684169, "delta": 8.456972}}
{"target": -10.760495013315825, "params": {"C": 9.922189637893315, "gamma": 0.6238876051498513}, "datetime": {"datetime": "2021-06-19 15:57:31", "elapsed": 3022.561068, "delta": 4.876899}}
{"target": -10.77774099736776, "params": {"C": 9.643655576030815, "gamma": 0.5978636762989709}, "datetime": {"datetime": "2021-06-19 15:57:44", "elapsed": 3035.212802, "delta": 12.651734}}
{"target": -10.755999173961586, "params": {"C": 9.985437959721116, "gamma": 0.6357654123487271}, "datetime": {"datetime": "2021-06-19 15:57:58", "elapsed": 3049.660668, "delta": 14.447866}}
{"target": -10.764896639073376, "params": {"C": 9.699057693211845, "gamma": 0.6387740884872641}, "datetime": {"datetime": "2021-06-19 15:58:08", "elapsed": 3059.265753, "delta": 9.605085}}
{"target": -10.764296586748543, "params": {"C": 9.790221100036002, "gamma": 0.6474437861170006}, "datetime": {"datetime": "2021-06-19 15:58:17", "elapsed": 3068.05062, "delta": 8.784867}}
{"target": -10.763759420666991, "params": {"C": 9.801621959015073, "gamma": 0.647098305752403}, "datetime": {"datetime": "2021-06-19 15:58:25", "elapsed": 3076.626356, "delta": 8.575736}}
{"target": -14.187559074250974, "params": {"C": 7.75194069194186, "gamma": 2.6563228346395205}, "datetime": {"datetime": "2021-06-19 15:58:29", "elapsed": 3080.843686, "delta": 4.21733}}
{"target": -10.761407705107024, "params": {"C": 9.862983450402966, "gamma": 0.6461909176896763}, "datetime": {"datetime": "2021-06-19 15:58:44", "elapsed": 3095.778259, "delta": 14.934573}}
{"target": -10.764394970943092, "params": {"C": 9.77234064531543, "gamma": 0.6304198614604899}, "datetime": {"datetime": "2021-06-19 15:58:52", "elapsed": 3103.761236, "delta": 7.982977}}
{"target": -10.77202465369409, "params": {"C": 9.710625301186838, "gamma": 0.6572105128890179}, "datetime": {"datetime": "2021-06-19 15:59:09", "elapsed": 3120.161756, "delta": 16.40052}}
{"target": -10.759711641990108, "params": {"C": 9.889863313213157, "gamma": 0.6308051476113301}, "datetime": {"datetime": "2021-06-19 15:59:18", "elapsed": 3129.539346, "delta": 9.37759}}
{"target": -10.765083716061895, "params": {"C": 9.97856605148148, "gamma": 0.6605187128291786}, "datetime": {"datetime": "2021-06-19 15:59:32", "elapsed": 3143.989105, "delta": 14.449759}}
{"target": -10.777159530913991, "params": {"C": 9.538778048755688, "gamma": 0.651901004753283}, "datetime": {"datetime": "2021-06-19 15:59:38", "elapsed": 3149.073113, "delta": 5.084008}}
{"target": -10.76897968906625, "params": {"C": 9.663183532467896, "gamma": 0.6290599825980016}, "datetime": {"datetime": "2021-06-19 15:59:51", "elapsed": 3162.015569, "delta": 12.942456}}
{"target": -10.756842834754561, "params": {"C": 9.950312175050893, "gamma": 0.6336821707504582}, "datetime": {"datetime": "2021-06-19 15:59:59", "elapsed": 3170.592065, "delta": 8.576496}}
{"target": -10.77280210921026, "params": {"C": 9.667137540717498, "gamma": 0.6096833918690637}, "datetime": {"datetime": "2021-06-19 16:00:09", "elapsed": 3180.273021, "delta": 9.680956}}
{"target": -10.764348791901401, "params": {"C": 9.89985904417363, "gamma": 0.6538313786026889}, "datetime": {"datetime": "2021-06-19 16:00:19", "elapsed": 3190.599166, "delta": 10.326145}}
{"target": -10.766419550830275, "params": {"C": 9.817026090249957, "gamma": 0.6155492399076957}, "datetime": {"datetime": "2021-06-19 16:00:28", "elapsed": 3199.03814, "delta": 8.438974}}
{"target": -10.768283584319208, "params": {"C": 9.918656067388044, "gamma": 0.5912019997624367}, "datetime": {"datetime": "2021-06-19 16:00:37", "elapsed": 3208.94214, "delta": 9.904}}
{"target": -10.758869858458366, "params": {"C": 9.975193168779978, "gamma": 0.6225427102108652}, "datetime": {"datetime": "2021-06-19 16:00:44", "elapsed": 3215.255877, "delta": 6.313737}}
{"target": -10.771892872861741, "params": {"C": 9.751559472108802, "gamma": 0.6595006915450682}, "datetime": {"datetime": "2021-06-19 16:00:55", "elapsed": 3226.309794, "delta": 11.053917}}
{"target": -10.76100731324814, "params": {"C": 9.953014120709957, "gamma": 0.6175405820085722}, "datetime": {"datetime": "2021-06-19 16:01:06", "elapsed": 3237.338525, "delta": 11.028731}}
{"target": -10.756170518539225, "params": {"C": 9.97103426601696, "gamma": 0.6374781955989876}, "datetime": {"datetime": "2021-06-19 16:01:12", "elapsed": 3243.162984, "delta": 5.824459}}
{"target": -10.76883759263555, "params": {"C": 9.94097305119157, "gamma": 0.5882480308386161}, "datetime": {"datetime": "2021-06-19 16:01:25", "elapsed": 3256.821031, "delta": 13.658047}}
{"target": -10.759120596877471, "params": {"C": 9.996638319131707, "gamma": 0.6186453535469554}, "datetime": {"datetime": "2021-06-19 16:01:38", "elapsed": 3269.873717, "delta": 13.052686}}
{"target": -10.773968985774196, "params": {"C": 9.529153162066956, "gamma": 0.62969214586504}, "datetime": {"datetime": "2021-06-19 16:01:45", "elapsed": 3276.463139, "delta": 6.589422}}
{"target": -10.763742865678216, "params": {"C": 9.77871803970896, "gamma": 0.6318121826985501}, "datetime": {"datetime": "2021-06-19 16:01:53", "elapsed": 3284.545731, "delta": 8.082592}}
{"target": -10.763518460957263, "params": {"C": 9.896853138458015, "gamma": 0.6520332214355956}, "datetime": {"datetime": "2021-06-19 16:02:10", "elapsed": 3301.288197, "delta": 16.742466}}
{"target": -10.757222485657582, "params": {"C": 9.964714583697848, "gamma": 0.6294514431018252}, "datetime": {"datetime": "2021-06-19 16:02:22", "elapsed": 3313.139005, "delta": 11.850808}}
{"target": -10.768888959903208, "params": {"C": 9.869049158234793, "gamma": 0.6610833860763528}, "datetime": {"datetime": "2021-06-19 16:02:29", "elapsed": 3320.595386, "delta": 7.456381}}
{"target": -10.761255980418074, "params": {"C": 9.98970869861504, "gamma": 0.6106950816999743}, "datetime": {"datetime": "2021-06-19 16:02:37", "elapsed": 3328.537829, "delta": 7.942443}}
{"target": -10.758795288536525, "params": {"C": 9.895302887110441, "gamma": 0.6330398267590771}, "datetime": {"datetime": "2021-06-19 16:02:47", "elapsed": 3338.147475, "delta": 9.609646}}
{"target": -10.768959798192393, "params": {"C": 9.713718286413624, "gamma": 0.6212640176897655}, "datetime": {"datetime": "2021-06-19 16:02:55", "elapsed": 3346.235344, "delta": 8.087869}}
{"target": -10.763122070431445, "params": {"C": 9.7526724283403, "gamma": 0.6412733617406414}, "datetime": {"datetime": "2021-06-19 16:03:05", "elapsed": 3356.488435, "delta": 10.253091}}
{"target": -10.764336142441222, "params": {"C": 9.99456549194272, "gamma": 0.5919271397800385}, "datetime": {"datetime": "2021-06-19 16:03:15", "elapsed": 3366.852754, "delta": 10.364319}}
{"target": -10.760744409667142, "params": {"C": 9.949679139741908, "gamma": 0.6190803492463864}, "datetime": {"datetime": "2021-06-19 16:03:26", "elapsed": 3377.064205, "delta": 10.211451}}
{"target": -10.768525929227302, "params": {"C": 9.70834874153598, "gamma": 0.6239966321179012}, "datetime": {"datetime": "2021-06-19 16:03:35", "elapsed": 3386.494541, "delta": 9.430336}}
{"target": -10.758356190578624, "params": {"C": 9.925024657605036, "gamma": 0.630756728993893}, "datetime": {"datetime": "2021-06-19 16:03:47", "elapsed": 3398.139408, "delta": 11.644867}}
{"target": -10.7629383889304, "params": {"C": 9.926512657859957, "gamma": 0.6526946945374795}, "datetime": {"datetime": "2021-06-19 16:03:53", "elapsed": 3404.768142, "delta": 6.628734}}
{"target": -10.759249808633506, "params": {"C": 9.96993143753845, "gamma": 0.6218823919617442}, "datetime": {"datetime": "2021-06-19 16:04:01", "elapsed": 3412.606651, "delta": 7.838509}}
{"target": -10.766571512666143, "params": {"C": 9.902856562351044, "gamma": 0.5960666976031471}, "datetime": {"datetime": "2021-06-19 16:04:07", "elapsed": 3418.244102, "delta": 5.637451}}
{"target": -10.765563432397236, "params": {"C": 9.740558422343328, "gamma": 0.6306464732380964}, "datetime": {"datetime": "2021-06-19 16:04:19", "elapsed": 3430.421067, "delta": 12.176965}}
{"target": -10.755899726340377, "params": {"C": 9.971627693295511, "gamma": 0.6403383322795487}, "datetime": {"datetime": "2021-06-19 16:04:29", "elapsed": 3440.667056, "delta": 10.245989}}
{"target": -10.764066090114472, "params": {"C": 9.729166631338433, "gamma": 0.6406555092122974}, "datetime": {"datetime": "2021-06-19 16:04:37", "elapsed": 3448.390774, "delta": 7.723718}}
{"target": -10.764790866285384, "params": {"C": 9.705475308249746, "gamma": 0.637887698894974}, "datetime": {"datetime": "2021-06-19 16:04:45", "elapsed": 3456.238188, "delta": 7.847414}}
{"target": -10.771265969061535, "params": {"C": 9.726242770403099, "gamma": 0.6061125616141989}, "datetime": {"datetime": "2021-06-19 16:04:53", "elapsed": 3464.084263, "delta": 7.846075}}
{"target": -10.764175183870805, "params": {"C": 9.922190024135904, "gamma": 0.6079846441058883}, "datetime": {"datetime": "2021-06-19 16:05:06", "elapsed": 3477.686349, "delta": 13.602086}}
{"target": -20.820125665875132, "params": {"C": 4.759993542181654, "gamma": 8.907353921463779}, "datetime": {"datetime": "2021-06-19 16:05:10", "elapsed": 3481.723318, "delta": 4.036969}}
{"target": -10.756359717677249, "params": {"C": 9.985697222843203, "gamma": 0.6296037118663073}, "datetime": {"datetime": "2021-06-19 16:05:23", "elapsed": 3494.41632, "delta": 12.693002}}
{"target": -10.76004344351042, "params": {"C": 9.882232694578185, "gamma": 0.6306927044131851}, "datetime": {"datetime": "2021-06-19 16:05:31", "elapsed": 3502.107774, "delta": 7.691454}}
{"target": -10.763531069655318, "params": {"C": 9.99196051142179, "gamma": 0.5970000660953892}, "datetime": {"datetime": "2021-06-19 16:05:38", "elapsed": 3509.786092, "delta": 7.678318}}
{"target": -10.766406677335318, "params": {"C": 9.745912677620076, "gamma": 0.6488203726423755}, "datetime": {"datetime": "2021-06-19 16:05:47", "elapsed": 3518.33956, "delta": 8.553468}}
{"target": -10.756562626262127, "params": {"C": 9.953713737789835, "gamma": 0.6370995592300547}, "datetime": {"datetime": "2021-06-19 16:05:54", "elapsed": 3525.275259, "delta": 6.935699}}
{"target": -10.766047022945656, "params": {"C": 9.888666331543746, "gamma": 0.6037581388968459}, "datetime": {"datetime": "2021-06-19 16:06:09", "elapsed": 3540.605694, "delta": 15.330435}}
{"target": -10.758346022075381, "params": {"C": 9.90518225817178, "gamma": 0.6332267015789027}, "datetime": {"datetime": "2021-06-19 16:06:20", "elapsed": 3551.149028, "delta": 10.543334}}
{"target": -10.774068980631176, "params": {"C": 9.57661349517303, "gamma": 0.6481688676216778}, "datetime": {"datetime": "2021-06-19 16:06:30", "elapsed": 3561.543485, "delta": 10.394457}}
{"target": -10.767837741009185, "params": {"C": 9.855317827920825, "gamma": 0.6579954448762159}, "datetime": {"datetime": "2021-06-19 16:06:44", "elapsed": 3575.147261, "delta": 13.603776}}
{"target": -10.757722397776972, "params": {"C": 9.895531275166496, "gamma": 0.637841416208306}, "datetime": {"datetime": "2021-06-19 16:06:53", "elapsed": 3584.721895, "delta": 9.574634}}
{"target": -10.772352379960095, "params": {"C": 9.99556702462863, "gamma": 0.5765870580386271}, "datetime": {"datetime": "2021-06-19 16:07:03", "elapsed": 3594.761656, "delta": 10.039761}}
{"target": -10.763750453646624, "params": {"C": 9.758133808857574, "gamma": 0.6344832939754124}, "datetime": {"datetime": "2021-06-19 16:07:13", "elapsed": 3604.675019, "delta": 9.913363}}
{"target": -10.764744527650807, "params": {"C": 9.993036382139968, "gamma": 0.6608011355082568}, "datetime": {"datetime": "2021-06-19 16:07:27", "elapsed": 3618.055091, "delta": 13.380072}}
{"target": -10.767786775868686, "params": {"C": 9.850607880859352, "gamma": 0.6005006226308272}, "datetime": {"datetime": "2021-06-19 16:07:44", "elapsed": 3635.618873, "delta": 17.563782}}
{"target": -10.761088533119652, "params": {"C": 9.809240639265028, "gamma": 0.6364988946535415}, "datetime": {"datetime": "2021-06-19 16:07:54", "elapsed": 3645.740042, "delta": 10.121169}}
{"target": -20.305286176522323, "params": {"C": 3.5333842366707806, "gamma": 7.886586592106435}, "datetime": {"datetime": "2021-06-19 16:07:59", "elapsed": 3650.255907, "delta": 4.515865}}
{"target": -10.757304816196449, "params": {"C": 9.910398837050355, "gamma": 0.6392701803540839}, "datetime": {"datetime": "2021-06-19 16:08:16", "elapsed": 3667.680257, "delta": 17.42435}}
{"target": -13.897674210342991, "params": {"C": 3.653300034092967, "gamma": 2.1337621968358813}, "datetime": {"datetime": "2021-06-19 16:08:22", "elapsed": 3673.135912, "delta": 5.455655}}
{"target": -10.763861536113573, "params": {"C": 9.852166844736587, "gamma": 0.6210697714678294}, "datetime": {"datetime": "2021-06-19 16:08:37", "elapsed": 3688.293364, "delta": 15.157452}}
{"target": -10.848213761707187, "params": {"C": 9.346763950240495, "gamma": 0.960410282744919}, "datetime": {"datetime": "2021-06-19 16:08:43", "elapsed": 3694.060995, "delta": 5.767631}}
{"target": -10.76249233758503, "params": {"C": 9.877998329591131, "gamma": 0.6489982540725375}, "datetime": {"datetime": "2021-06-19 16:08:56", "elapsed": 3707.234382, "delta": 13.173387}}
{"target": -10.76206795555183, "params": {"C": 9.92977004164809, "gamma": 0.6166747284370391}, "datetime": {"datetime": "2021-06-19 16:09:06", "elapsed": 3717.048442, "delta": 9.81406}}
{"target": -10.764744856341599, "params": {"C": 9.755536786976572, "gamma": 0.6463990146403558}, "datetime": {"datetime": "2021-06-19 16:09:17", "elapsed": 3728.839194, "delta": 11.790752}}
{"target": -10.758712109260008, "params": {"C": 9.965792835819753, "gamma": 0.6469293710043217}, "datetime": {"datetime": "2021-06-19 16:09:31", "elapsed": 3742.139088, "delta": 13.299894}}
{"target": -10.760879511976034, "params": {"C": 9.808385416677481, "gamma": 0.6424364296675854}, "datetime": {"datetime": "2021-06-19 16:09:43", "elapsed": 3754.311449, "delta": 12.172361}}
{"target": -10.766292311334698, "params": {"C": 9.950989800377819, "gamma": 0.6612035252492839}, "datetime": {"datetime": "2021-06-19 16:09:53", "elapsed": 3764.490793, "delta": 10.179344}}
{"target": -10.759386319429732, "params": {"C": 9.926145335354366, "gamma": 0.6272359891173185}, "datetime": {"datetime": "2021-06-19 16:10:00", "elapsed": 3771.975443, "delta": 7.48465}}
{"target": -19.24336558877498, "params": {"C": 7.051313295381794, "gamma": 7.302299536821463}, "datetime": {"datetime": "2021-06-19 16:10:05", "elapsed": 3776.442143, "delta": 4.4667}}
{"target": -10.75991067401783, "params": {"C": 9.915184472177463, "gamma": 0.6268816554580776}, "datetime": {"datetime": "2021-06-19 16:10:18", "elapsed": 3789.966959, "delta": 13.524816}}
{"target": -20.511126713584293, "params": {"C": 4.046081107504781, "gamma": 8.314745568904737}, "datetime": {"datetime": "2021-06-19 16:10:24", "elapsed": 3795.542162, "delta": 5.575203}}
{"target": -10.761493339577628, "params": {"C": 9.862929343798065, "gamma": 0.6283397943645761}, "datetime": {"datetime": "2021-06-19 16:10:33", "elapsed": 3804.801838, "delta": 9.259676}}
