{"target": -9.71147465618419, "params": {"C": 99.50743418475798, "gamma": 0.5020802231970789}, "datetime": {"datetime": "2021-06-20 14:52:36", "elapsed": 687.795673, "delta": 6.884837}}
{"target": -9.710364828999062, "params": {"C": 99.99999951714152, "gamma": 0.5}, "datetime": {"datetime": "2021-06-20 14:52:41", "elapsed": 692.683366, "delta": 4.887693}}
{"target": -9.71074225275126, "params": {"C": 99.92762909548983, "gamma": 0.5010285824404226}, "datetime": {"datetime": "2021-06-20 14:52:48", "elapsed": 699.818617, "delta": 7.135251}}
{"target": -9.71181141755804, "params": {"C": 99.11175028124237, "gamma": 0.50187971609778}, "datetime": {"datetime": "2021-06-20 14:52:56", "elapsed": 707.308765, "delta": 7.490148}}
{"target": -9.71091025912181, "params": {"C": 99.5973964712314, "gamma": 0.5004853632202209}, "datetime": {"datetime": "2021-06-20 14:53:00", "elapsed": 711.937728, "delta": 4.628963}}
{"target": -9.713293633706334, "params": {"C": 97.19877596571342, "gamma": 0.5006756293738996}, "datetime": {"datetime": "2021-06-20 14:53:07", "elapsed": 718.695923, "delta": 6.758195}}
{"target": -9.710756736226184, "params": {"C": 99.95604541764433, "gamma": 0.5011748315984994}, "datetime": {"datetime": "2021-06-20 14:53:13", "elapsed": 724.776429, "delta": 6.080506}}
{"target": -9.711139260495704, "params": {"C": 99.35103728465606, "gamma": 0.5004363294060619}, "datetime": {"datetime": "2021-06-20 14:53:20", "elapsed": 730.991076, "delta": 6.214647}}
{"target": -9.7118421404726, "params": {"C": 99.18519816163715, "gamma": 0.5022286571994041}, "datetime": {"datetime": "2021-06-20 14:53:26", "elapsed": 737.354686, "delta": 6.36361}}
{"target": -9.711990802652787, "params": {"C": 98.67846376145087, "gamma": 0.5010596305701088}, "datetime": {"datetime": "2021-06-20 14:53:32", "elapsed": 743.535379, "delta": 6.180693}}
{"target": -9.717420308655562, "params": {"C": 92.38530823731494, "gamma": 0.5002461974540275}, "datetime": {"datetime": "2021-06-20 14:53:40", "elapsed": 751.398654, "delta": 7.863275}}
{"target": -9.710675654399004, "params": {"C": 99.8308688380506, "gamma": 0.5004773365092974}, "datetime": {"datetime": "2021-06-20 14:53:45", "elapsed": 756.722264, "delta": 5.32361}}
{"target": -9.712321213860124, "params": {"C": 98.27902613788538, "gamma": 0.5008695157542459}, "datetime": {"datetime": "2021-06-20 14:53:52", "elapsed": 763.574921, "delta": 6.852657}}
{"target": -9.711613806016551, "params": {"C": 99.76864804557147, "gamma": 0.5034730738026203}, "datetime": {"datetime": "2021-06-20 14:53:58", "elapsed": 769.158689, "delta": 5.583768}}
{"target": -9.711427637494914, "params": {"C": 99.26157500029166, "gamma": 0.5010978343429615}, "datetime": {"datetime": "2021-06-20 14:54:08", "elapsed": 779.521058, "delta": 10.362369}}
{"target": -9.712565166856008, "params": {"C": 97.73773545298789, "gamma": 0.5}, "datetime": {"datetime": "2021-06-20 14:54:16", "elapsed": 787.311372, "delta": 7.790314}}
{"target": -9.711149944684546, "params": {"C": 99.66435959021089, "gamma": 0.5015143037470722}, "datetime": {"datetime": "2021-06-20 14:54:23", "elapsed": 794.136973, "delta": 6.825601}}
{"target": -9.71143082756799, "params": {"C": 99.05918089704181, "gamma": 0.5004506727808817}, "datetime": {"datetime": "2021-06-20 14:54:28", "elapsed": 799.596575, "delta": 5.459602}}
{"target": -9.711000346230437, "params": {"C": 99.93320333726217, "gamma": 0.5019289390328023}, "datetime": {"datetime": "2021-06-20 14:54:33", "elapsed": 804.6112, "delta": 5.014625}}
{"target": -9.711000346230437, "params": {"C": 99.93320333726217, "gamma": 0.5019289390328023}, "datetime": {"datetime": "2021-06-20 14:54:38", "elapsed": 809.583817, "delta": 4.972617}}
{"target": -9.713474895063337, "params": {"C": 97.19656380086073, "gamma": 0.50123060400377}, "datetime": {"datetime": "2021-06-20 14:54:43", "elapsed": 814.61748, "delta": 5.033663}}
{"target": -9.711252213944418, "params": {"C": 99.31548664017365, "gamma": 0.500693450029472}, "datetime": {"datetime": "2021-06-20 14:54:50", "elapsed": 821.31707, "delta": 6.69959}}
{"target": -9.712802227307634, "params": {"C": 97.67910204911823, "gamma": 0.5005656731258743}, "datetime": {"datetime": "2021-06-20 14:54:56", "elapsed": 826.993291, "delta": 5.676221}}
{"target": -9.710389377134739, "params": {"C": 99.98670405358885, "gamma": 0.5000379181965307}, "datetime": {"datetime": "2021-06-20 14:55:03", "elapsed": 834.602155, "delta": 7.608864}}
{"target": -9.711650476723097, "params": {"C": 99.14492417620141, "gamma": 0.5014535025909421}, "datetime": {"datetime": "2021-06-20 14:55:10", "elapsed": 840.955039, "delta": 6.352884}}
{"target": -9.711100070959773, "params": {"C": 99.3648439476352, "gamma": 0.5003519993598035}, "datetime": {"datetime": "2021-06-20 14:55:15", "elapsed": 846.250689, "delta": 5.29565}}
{"target": -9.711851185076089, "params": {"C": 99.38668997893762, "gamma": 0.5029478817973669}, "datetime": {"datetime": "2021-06-20 14:55:22", "elapsed": 852.955355, "delta": 6.704666}}
{"target": -9.714110913583362, "params": {"C": 96.1083243087323, "gamma": 0.5000807262576908}, "datetime": {"datetime": "2021-06-20 14:55:29", "elapsed": 860.560596, "delta": 7.605241}}
{"target": -9.711557277082228, "params": {"C": 99.27677024211516, "gamma": 0.5015801349921003}, "datetime": {"datetime": "2021-06-20 14:55:38", "elapsed": 869.267309, "delta": 8.706713}}
{"target": -9.711188268512652, "params": {"C": 99.74712793402708, "gamma": 0.5019279044710218}, "datetime": {"datetime": "2021-06-20 14:55:46", "elapsed": 877.28699, "delta": 8.019681}}
{"target": -9.711188268512652, "params": {"C": 99.74712793402708, "gamma": 0.5019279044710218}, "datetime": {"datetime": "2021-06-20 14:55:53", "elapsed": 884.663681, "delta": 7.376691}}
{"target": -9.712074741089344, "params": {"C": 98.55145001773857, "gamma": 0.500929056464816}, "datetime": {"datetime": "2021-06-20 14:56:00", "elapsed": 891.13194, "delta": 6.468259}}
{"target": -9.711075128159825, "params": {"C": 99.70749626245407, "gamma": 0.5014076299985788}, "datetime": {"datetime": "2021-06-20 14:56:06", "elapsed": 897.649285, "delta": 6.517345}}
{"target": -9.711542936199422, "params": {"C": 99.90847373100814, "gamma": 0.5037288039771324}, "datetime": {"datetime": "2021-06-20 14:56:11", "elapsed": 902.3119, "delta": 4.662615}}
{"target": -9.711318631790581, "params": {"C": 99.31096588433479, "gamma": 0.5008985939327583}, "datetime": {"datetime": "2021-06-20 14:56:16", "elapsed": 907.804893, "delta": 5.492993}}
{"target": -9.711318631790581, "params": {"C": 99.31096588433479, "gamma": 0.5008985939327583}, "datetime": {"datetime": "2021-06-20 14:56:22", "elapsed": 913.064514, "delta": 5.259621}}
{"target": -9.7115838815211, "params": {"C": 99.39703147695917, "gamma": 0.5020742090849521}, "datetime": {"datetime": "2021-06-20 14:56:28", "elapsed": 919.130194, "delta": 6.06568}}
{"target": -9.711110039995441, "params": {"C": 99.75053547613052, "gamma": 0.5016729747484081}, "datetime": {"datetime": "2021-06-20 14:56:34", "elapsed": 925.764502, "delta": 6.634308}}
{"target": -9.711848646521421, "params": {"C": 98.54734167487067, "gamma": 0.5001884688272566}, "datetime": {"datetime": "2021-06-20 14:56:40", "elapsed": 931.308486, "delta": 5.543984}}
{"target": -9.711477516464374, "params": {"C": 99.28754558598513, "gamma": 0.5013496256229149}, "datetime": {"datetime": "2021-06-20 14:56:46", "elapsed": 937.373676, "delta": 6.06519}}
{"target": -9.711156034708978, "params": {"C": 99.55534076940228, "gamma": 0.5011669618954064}, "datetime": {"datetime": "2021-06-20 14:56:52", "elapsed": 943.582256, "delta": 6.20858}}
{"target": -9.711844240565418, "params": {"C": 98.7316124709761, "gamma": 0.5007522902545694}, "datetime": {"datetime": "2021-06-20 14:56:59", "elapsed": 950.100199, "delta": 6.517943}}
{"target": -9.7114714953071, "params": {"C": 99.03205793199422, "gamma": 0.500496607194854}, "datetime": {"datetime": "2021-06-20 14:57:04", "elapsed": 955.911562, "delta": 5.811363}}
{"target": -9.711525998899322, "params": {"C": 99.08996402347859, "gamma": 0.5008620517364935}, "datetime": {"datetime": "2021-06-20 14:57:10", "elapsed": 961.883984, "delta": 5.972422}}
{"target": -9.710717164707477, "params": {"C": 99.9466126410473, "gamma": 0.5010081510591657}, "datetime": {"datetime": "2021-06-20 14:57:17", "elapsed": 968.885607, "delta": 7.001623}}
{"target": -9.712499606206078, "params": {"C": 98.830455759307, "gamma": 0.5032443013134762}, "datetime": {"datetime": "2021-06-20 14:57:24", "elapsed": 975.371843, "delta": 6.486236}}
{"target": -9.711176362531969, "params": {"C": 99.69037857080696, "gamma": 0.5016925556312612}, "datetime": {"datetime": "2021-06-20 14:57:29", "elapsed": 980.33219, "delta": 4.960347}}
{"target": -9.711276204101164, "params": {"C": 99.35173745547473, "gamma": 0.5008918982731143}, "datetime": {"datetime": "2021-06-20 14:57:36", "elapsed": 987.670782, "delta": 7.338592}}
{"target": -9.711702041007737, "params": {"C": 99.11380004228073, "gamma": 0.5015221477621468}, "datetime": {"datetime": "2021-06-20 14:57:45", "elapsed": 996.240997, "delta": 8.570215}}
{"target": -9.712867068456942, "params": {"C": 98.49981534365457, "gamma": 0.5033655642792082}, "datetime": {"datetime": "2021-06-20 14:57:51", "elapsed": 1002.050622, "delta": 5.809625}}
{"target": -9.711156728105156, "params": {"C": 99.8870299661611, "gamma": 0.5023060179142902}, "datetime": {"datetime": "2021-06-20 14:57:59", "elapsed": 1010.151919, "delta": 8.101297}}
{"target": -9.71187289460137, "params": {"C": 98.63870398300958, "gamma": 0.5005516137359551}, "datetime": {"datetime": "2021-06-20 14:58:04", "elapsed": 1015.900478, "delta": 5.748559}}
{"target": -9.711348828091925, "params": {"C": 99.2635463492125, "gamma": 0.5008431143585036}, "datetime": {"datetime": "2021-06-20 14:58:11", "elapsed": 1022.41263, "delta": 6.512152}}
{"target": -9.711488533153066, "params": {"C": 99.88437446186336, "gamma": 0.5034504329861839}, "datetime": {"datetime": "2021-06-20 14:58:18", "elapsed": 1029.052987, "delta": 6.640357}}
{"target": -9.710364830510985, "params": {"C": 99.9999993315571, "gamma": 0.5000000044503521}, "datetime": {"datetime": "2021-06-20 14:58:24", "elapsed": 1035.141328, "delta": 6.088341}}
{"target": -9.714115774922707, "params": {"C": 96.1516631316833, "gamma": 0.5002128434060722}, "datetime": {"datetime": "2021-06-20 14:58:30", "elapsed": 1041.587937, "delta": 6.446609}}
{"target": -9.71110042313454, "params": {"C": 99.50862848511628, "gamma": 0.5008252427669575}, "datetime": {"datetime": "2021-06-20 14:58:36", "elapsed": 1047.74256, "delta": 6.154623}}
{"target": -9.711298441407342, "params": {"C": 99.13567468323149, "gamma": 0.5002632544245451}, "datetime": {"datetime": "2021-06-20 14:58:43", "elapsed": 1053.944181, "delta": 6.201621}}
{"target": -9.710711180338883, "params": {"C": 99.79908918267373, "gamma": 0.5004902637770903}, "datetime": {"datetime": "2021-06-20 14:58:50", "elapsed": 1061.615415, "delta": 7.671234}}
{"target": -9.711967227395348, "params": {"C": 98.42729331178637, "gamma": 0.5001964723605333}, "datetime": {"datetime": "2021-06-20 14:58:57", "elapsed": 1068.446056, "delta": 6.830641}}
{"target": -9.712858011597824, "params": {"C": 98.07999839486354, "gamma": 0.5019734901014785}, "datetime": {"datetime": "2021-06-20 14:59:02", "elapsed": 1073.31558, "delta": 4.869524}}
{"target": -9.711060113151861, "params": {"C": 99.6522415617998, "gamma": 0.5011700220272927}, "datetime": {"datetime": "2021-06-20 14:59:10", "elapsed": 1081.71072, "delta": 8.39514}}
{"target": -9.71222240821187, "params": {"C": 98.81239314840084, "gamma": 0.5022560368401692}, "datetime": {"datetime": "2021-06-20 14:59:17", "elapsed": 1088.136532, "delta": 6.425812}}
{"target": -9.711059985532469, "params": {"C": 99.33080037421524, "gamma": 0.5001098417026613}, "datetime": {"datetime": "2021-06-20 14:59:23", "elapsed": 1094.066273, "delta": 5.929741}}
{"target": -9.712111130732811, "params": {"C": 98.6788719313783, "gamma": 0.5014536120082502}, "datetime": {"datetime": "2021-06-20 14:59:29", "elapsed": 1100.39098, "delta": 6.324707}}
{"target": -9.712023900512119, "params": {"C": 98.33682411367869, "gamma": 0.5000991668328633}, "datetime": {"datetime": "2021-06-20 14:59:35", "elapsed": 1106.666678, "delta": 6.275698}}
{"target": -9.712023900512119, "params": {"C": 98.33682411367869, "gamma": 0.5000991668328633}, "datetime": {"datetime": "2021-06-20 14:59:44", "elapsed": 1114.996493, "delta": 8.329815}}
{"target": -9.711717570115436, "params": {"C": 99.16646780292115, "gamma": 0.501748412706301}, "datetime": {"datetime": "2021-06-20 14:59:52", "elapsed": 1123.542772, "delta": 8.546279}}
{"target": -9.711152249399174, "params": {"C": 99.53826594072643, "gamma": 0.5010971329281897}, "datetime": {"datetime": "2021-06-20 15:00:01", "elapsed": 1131.952524, "delta": 8.409752}}
{"target": -9.71127421660677, "params": {"C": 99.19199838133235, "gamma": 0.5003649940796897}, "datetime": {"datetime": "2021-06-20 15:00:07", "elapsed": 1138.721072, "delta": 6.768548}}
{"target": -9.712466377349688, "params": {"C": 97.95079516143016, "gamma": 0.5003264339322391}, "datetime": {"datetime": "2021-06-20 15:00:14", "elapsed": 1145.757447, "delta": 7.036375}}
{"target": -9.710791904307584, "params": {"C": 99.6212916633377, "gamma": 0.5001707531804616}, "datetime": {"datetime": "2021-06-20 15:00:23", "elapsed": 1154.212085, "delta": 8.454638}}
{"target": -9.711503282045458, "params": {"C": 99.76360880883544, "gamma": 0.5030701933772532}, "datetime": {"datetime": "2021-06-20 15:00:29", "elapsed": 1160.889341, "delta": 6.677256}}
{"target": -9.713460381538848, "params": {"C": 96.92088296879342, "gamma": 0.5003855428024178}, "datetime": {"datetime": "2021-06-20 15:00:36", "elapsed": 1167.724948, "delta": 6.835607}}
{"target": -9.712532747744072, "params": {"C": 98.2830323235886, "gamma": 0.5015630274870766}, "datetime": {"datetime": "2021-06-20 15:00:44", "elapsed": 1175.293439, "delta": 7.568491}}
{"target": -9.711978200889916, "params": {"C": 99.8304472193887, "gamma": 0.5049870327251635}, "datetime": {"datetime": "2021-06-20 15:00:51", "elapsed": 1182.657114, "delta": 7.363675}}
{"target": -9.712769953188268, "params": {"C": 97.60417523301348, "gamma": 0.5002426433110239}, "datetime": {"datetime": "2021-06-20 15:00:59", "elapsed": 1190.498454, "delta": 7.84134}}
{"target": -9.712282137361175, "params": {"C": 98.43544204393879, "gamma": 0.5012337439795236}, "datetime": {"datetime": "2021-06-20 15:01:05", "elapsed": 1196.069569, "delta": 5.571115}}
{"target": -9.712076625224139, "params": {"C": 99.7293658567616, "gamma": 0.5049628446151053}, "datetime": {"datetime": "2021-06-20 15:01:11", "elapsed": 1201.965226, "delta": 5.895657}}
{"target": -9.711681470300505, "params": {"C": 98.85961317919634, "gamma": 0.5006302279226754}, "datetime": {"datetime": "2021-06-20 15:01:18", "elapsed": 1209.038565, "delta": 7.073339}}
{"target": -9.71343527078529, "params": {"C": 96.83478110443525, "gamma": 0.5000651849911577}, "datetime": {"datetime": "2021-06-20 15:01:26", "elapsed": 1217.200896, "delta": 8.162331}}
{"target": -9.713061265404015, "params": {"C": 97.94276377898709, "gamma": 0.5021971075122994}, "datetime": {"datetime": "2021-06-20 15:01:32", "elapsed": 1223.818632, "delta": 6.617736}}
{"target": -9.712292502681525, "params": {"C": 98.27805273881447, "gamma": 0.5007745687162073}, "datetime": {"datetime": "2021-06-20 15:01:41", "elapsed": 1232.491937, "delta": 8.673305}}
{"target": -9.71230996610165, "params": {"C": 98.81638286918084, "gamma": 0.5025608900603058}, "datetime": {"datetime": "2021-06-20 15:01:49", "elapsed": 1240.039141, "delta": 7.547204}}
{"target": -9.715253688856617, "params": {"C": 95.28660650729628, "gamma": 0.5012391983315456}, "datetime": {"datetime": "2021-06-20 15:01:55", "elapsed": 1246.760733, "delta": 6.721592}}
{"target": -9.71126137708473, "params": {"C": 99.39631954660405, "gamma": 0.5009897199930418}, "datetime": {"datetime": "2021-06-20 15:02:01", "elapsed": 1252.441321, "delta": 5.680588}}
{"target": -9.711543970284, "params": {"C": 99.38336139050307, "gamma": 0.501893174560308}, "datetime": {"datetime": "2021-06-20 15:02:09", "elapsed": 1260.011019, "delta": 7.569698}}
{"target": -9.711406108575158, "params": {"C": 99.65795734978238, "gamma": 0.5023645661201538}, "datetime": {"datetime": "2021-06-20 15:02:15", "elapsed": 1266.541858, "delta": 6.530839}}
{"target": -9.747665115156133, "params": {"C": 71.46731562261564, "gamma": 0.5}, "datetime": {"datetime": "2021-06-20 15:02:21", "elapsed": 1272.535494, "delta": 5.993636}}
{"target": -9.711315327493757, "params": {"C": 99.35158397597783, "gamma": 0.5010214176981829}, "datetime": {"datetime": "2021-06-20 15:02:31", "elapsed": 1282.130256, "delta": 9.594762}}
{"target": -9.711177860900683, "params": {"C": 99.26244599680697, "gamma": 0.5002761264683242}, "datetime": {"datetime": "2021-06-20 15:02:40", "elapsed": 1291.44855, "delta": 9.318294}}
{"target": -9.711107584149154, "params": {"C": 99.74473100023337, "gamma": 0.5016447378186437}, "datetime": {"datetime": "2021-06-20 15:02:47", "elapsed": 1298.847415, "delta": 7.398865}}
{"target": -9.712351528270053, "params": {"C": 98.01903781992422, "gamma": 0.5001705409026966}, "datetime": {"datetime": "2021-06-20 15:02:55", "elapsed": 1306.527273, "delta": 7.679858}}
{"target": -9.711497318749226, "params": {"C": 98.9887442137335, "gamma": 0.5004422935020472}, "datetime": {"datetime": "2021-06-20 15:03:01", "elapsed": 1312.638879, "delta": 6.111606}}
{"target": -9.711172632777416, "params": {"C": 99.74527327982082, "gamma": 0.5018681516963553}, "datetime": {"datetime": "2021-06-20 15:03:09", "elapsed": 1320.270785, "delta": 7.631906}}
{"target": -9.711363776468032, "params": {"C": 99.75844810691183, "gamma": 0.5025693602201686}, "datetime": {"datetime": "2021-06-20 15:03:17", "elapsed": 1328.554113, "delta": 8.283328}}
{"target": -9.71098199185494, "params": {"C": 99.82924805297938, "gamma": 0.5015070017028231}, "datetime": {"datetime": "2021-06-20 15:03:23", "elapsed": 1334.256819, "delta": 5.702706}}
{"target": -9.713566962851537, "params": {"C": 97.7257796543353, "gamma": 0.5031461749502765}, "datetime": {"datetime": "2021-06-20 15:03:31", "elapsed": 1342.063459, "delta": 7.80664}}
{"target": -9.711739231042595, "params": {"C": 98.97597481956763, "gamma": 0.5011937853034488}, "datetime": {"datetime": "2021-06-20 15:03:39", "elapsed": 1350.619753, "delta": 8.556294}}
{"target": -9.71093670269751, "params": {"C": 99.9665883581142, "gamma": 0.5018264884723449}, "datetime": {"datetime": "2021-06-20 15:03:47", "elapsed": 1358.219461, "delta": 7.599708}}
{"target": -9.712184446974682, "params": {"C": 98.71603669862279, "gamma": 0.5018145211273413}, "datetime": {"datetime": "2021-06-20 15:03:56", "elapsed": 1367.623463, "delta": 9.404002}}
{"target": -9.710365101517564, "params": {"C": 100.0, "gamma": 0.5000009149449857}, "datetime": {"datetime": "2021-06-20 15:04:06", "elapsed": 1377.145633, "delta": 9.52217}}
{"target": -9.711449863450103, "params": {"C": 99.21661432668043, "gamma": 0.501023799273876}, "datetime": {"datetime": "2021-06-20 15:04:14", "elapsed": 1385.648009, "delta": 8.502376}}
{"target": -9.711916337955898, "params": {"C": 98.9618706985016, "gamma": 0.5017328897217477}, "datetime": {"datetime": "2021-06-20 15:04:21", "elapsed": 1392.583675, "delta": 6.935666}}
{"target": -9.711280061804443, "params": {"C": 99.59284980012285, "gamma": 0.5017116994635863}, "datetime": {"datetime": "2021-06-20 15:04:30", "elapsed": 1401.036539, "delta": 8.452864}}
{"target": -9.71205413698692, "params": {"C": 98.98726656321901, "gamma": 0.5022758935089894}, "datetime": {"datetime": "2021-06-20 15:04:36", "elapsed": 1407.781185, "delta": 6.744646}}
{"target": -9.710777778052144, "params": {"C": 99.78333370872909, "gamma": 0.5006609954659436}, "datetime": {"datetime": "2021-06-20 15:04:44", "elapsed": 1415.853367, "delta": 8.072182}}
{"target": -9.71139075214013, "params": {"C": 99.22823671281438, "gamma": 0.5008662714943749}, "datetime": {"datetime": "2021-06-20 15:04:52", "elapsed": 1423.352526, "delta": 7.499159}}
{"target": -9.712165372233612, "params": {"C": 98.62111391019275, "gamma": 0.5014453250346083}, "datetime": {"datetime": "2021-06-20 15:05:02", "elapsed": 1433.257258, "delta": 9.904732}}
{"target": -9.710706882425141, "params": {"C": 99.75846498771756, "gamma": 0.5003406079200505}, "datetime": {"datetime": "2021-06-20 15:05:11", "elapsed": 1441.959535, "delta": 8.702277}}
{"target": -9.710706882425141, "params": {"C": 99.75846498771756, "gamma": 0.5003406079200505}, "datetime": {"datetime": "2021-06-20 15:05:17", "elapsed": 1448.336204, "delta": 6.376669}}
{"target": -9.711238435292586, "params": {"C": 99.80686093743984, "gamma": 0.5023070467216747}, "datetime": {"datetime": "2021-06-20 15:05:27", "elapsed": 1458.17461, "delta": 9.838406}}
{"target": -9.712712885898563, "params": {"C": 98.25082201546701, "gamma": 0.5020450405719}, "datetime": {"datetime": "2021-06-20 15:05:35", "elapsed": 1466.114892, "delta": 7.940282}}
{"target": -9.711866940417938, "params": {"C": 99.71239471070112, "gamma": 0.5041578788093264}, "datetime": {"datetime": "2021-06-20 15:05:42", "elapsed": 1473.183889, "delta": 7.068997}}
{"target": -9.713419028104873, "params": {"C": 98.04033061846056, "gamma": 0.5036783846992556}, "datetime": {"datetime": "2021-06-20 15:05:48", "elapsed": 1479.519551, "delta": 6.335662}}
{"target": -9.712897666057538, "params": {"C": 97.67799847157409, "gamma": 0.5008616292088397}, "datetime": {"datetime": "2021-06-20 15:05:56", "elapsed": 1487.421187, "delta": 7.901636}}
{"target": -9.711771887326911, "params": {"C": 98.88770634063519, "gamma": 0.5010154378882545}, "datetime": {"datetime": "2021-06-20 15:06:05", "elapsed": 1496.208645, "delta": 8.787458}}
{"target": -9.711588749487799, "params": {"C": 99.00155252262581, "gamma": 0.5007822421446677}, "datetime": {"datetime": "2021-06-20 15:06:12", "elapsed": 1503.641488, "delta": 7.432843}}
