{"target": -9.711195743148378, "params": {"C": 99.29783423407676, "gamma": 0.5004495219061816}, "datetime": {"datetime": "2021-06-20 15:26:24", "elapsed": 2715.07357, "delta": 9.808404}}
{"target": -9.712958447083393, "params": {"C": 98.99845164044152, "gamma": 0.5054058622028759}, "datetime": {"datetime": "2021-06-20 15:26:34", "elapsed": 2725.402168, "delta": 10.328598}}
{"target": -9.711689521640668, "params": {"C": 98.82708319230392, "gamma": 0.5005529393096482}, "datetime": {"datetime": "2021-06-20 15:26:43", "elapsed": 2734.83136, "delta": 9.429192}}
{"target": -9.711538403690104, "params": {"C": 99.13903881793087, "gamma": 0.5010627537087862}, "datetime": {"datetime": "2021-06-20 15:26:54", "elapsed": 2745.574, "delta": 10.74264}}
{"target": -9.710998135204742, "params": {"C": 99.53911200066409, "gamma": 0.5005853554414997}, "datetime": {"datetime": "2021-06-20 15:27:09", "elapsed": 2760.485881, "delta": 14.911881}}
{"target": -9.711892615061338, "params": {"C": 98.84356388020026, "gamma": 0.5012687974432857}, "datetime": {"datetime": "2021-06-20 15:27:20", "elapsed": 2771.869718, "delta": 11.383837}}
{"target": -9.71156160740718, "params": {"C": 99.58824672909842, "gamma": 0.5026555260239407}, "datetime": {"datetime": "2021-06-20 15:27:29", "elapsed": 2780.86301, "delta": 8.993292}}
{"target": -9.710688873567584, "params": {"C": 99.74474327909834, "gamma": 0.500235026569522}, "datetime": {"datetime": "2021-06-20 15:27:43", "elapsed": 2794.037523, "delta": 13.174513}}
{"target": -9.711600893786386, "params": {"C": 98.78704342296345, "gamma": 0.500139725729019}, "datetime": {"datetime": "2021-06-20 15:27:55", "elapsed": 2806.584737, "delta": 12.547214}}
{"target": -9.711407026619344, "params": {"C": 99.03690411903037, "gamma": 0.5003017250835634}, "datetime": {"datetime": "2021-06-20 15:28:09", "elapsed": 2820.340233, "delta": 13.755496}}
{"target": -9.711304855744862, "params": {"C": 99.09917002860624, "gamma": 0.5001674249618215}, "datetime": {"datetime": "2021-06-20 15:28:23", "elapsed": 2834.049138, "delta": 13.708905}}
{"target": -9.712129797462847, "params": {"C": 99.7842856169438, "gamma": 0.5053578169385269}, "datetime": {"datetime": "2021-06-20 15:28:35", "elapsed": 2846.301932, "delta": 12.252794}}
{"target": -9.711586379034753, "params": {"C": 99.57121239358202, "gamma": 0.5026812611706502}, "datetime": {"datetime": "2021-06-20 15:28:45", "elapsed": 2856.149275, "delta": 9.847343}}
{"target": -9.710852604412814, "params": {"C": 99.89514401661677, "gamma": 0.5012924802416154}, "datetime": {"datetime": "2021-06-20 15:28:58", "elapsed": 2869.732609, "delta": 13.583334}}
{"target": -9.711963752601005, "params": {"C": 98.84911988422823, "gamma": 0.5015207015181682}, "datetime": {"datetime": "2021-06-20 15:29:11", "elapsed": 2882.440166, "delta": 12.707557}}
{"target": -9.711883010106124, "params": {"C": 99.12304864939526, "gamma": 0.5021570434927691}, "datetime": {"datetime": "2021-06-20 15:29:21", "elapsed": 2892.490868, "delta": 10.050702}}
{"target": -9.710837822676693, "params": {"C": 99.99374903080022, "gamma": 0.5015815485431152}, "datetime": {"datetime": "2021-06-20 15:29:34", "elapsed": 2905.239759, "delta": 12.748891}}
{"target": -9.711635234634565, "params": {"C": 98.85278333643822, "gamma": 0.5004582175294947}, "datetime": {"datetime": "2021-06-20 15:29:49", "elapsed": 2920.402023, "delta": 15.162264}}
{"target": -9.710364828814452, "params": {"C": 99.99999970181345, "gamma": 0.5}, "datetime": {"datetime": "2021-06-20 15:30:00", "elapsed": 2931.883672, "delta": 11.481649}}
{"target": -9.711146835031636, "params": {"C": 99.85690238941726, "gamma": 0.5021665979701972}, "datetime": {"datetime": "2021-06-20 15:30:13", "elapsed": 2944.408492, "delta": 12.52482}}
{"target": -9.710604889613982, "params": {"C": 99.76059150368243, "gamma": 0.5000077397449328}, "datetime": {"datetime": "2021-06-20 15:30:23", "elapsed": 2954.644718, "delta": 10.236226}}
{"target": -9.711522967756665, "params": {"C": 99.48027942560392, "gamma": 0.5021514206520754}, "datetime": {"datetime": "2021-06-20 15:30:44", "elapsed": 2975.01319, "delta": 20.368472}}
{"target": -9.711275256013227, "params": {"C": 99.89383082952483, "gamma": 0.5027401498707937}, "datetime": {"datetime": "2021-06-20 15:30:55", "elapsed": 2986.892548, "delta": 11.879358}}
{"target": -9.711235167135255, "params": {"C": 99.75402529448098, "gamma": 0.5021121033478873}, "datetime": {"datetime": "2021-06-20 15:31:08", "elapsed": 2999.479576, "delta": 12.587028}}
{"target": -9.710836281048703, "params": {"C": 99.67361401084318, "gamma": 0.5004910694549861}, "datetime": {"datetime": "2021-06-20 15:31:21", "elapsed": 3012.357254, "delta": 12.877678}}
{"target": -9.71193078072582, "params": {"C": 99.51284941868042, "gamma": 0.5036646924700074}, "datetime": {"datetime": "2021-06-20 15:31:32", "elapsed": 3023.324552, "delta": 10.967298}}
{"target": -9.71079458978598, "params": {"C": 99.67112897640033, "gamma": 0.5003438338296631}, "datetime": {"datetime": "2021-06-20 15:31:47", "elapsed": 3038.502465, "delta": 15.177913}}
{"target": -9.979336406797707, "params": {"C": 141.64390267072767, "gamma": 0.8042271454095107}, "datetime": {"datetime": "2021-06-21 08:21:05", "elapsed": 0.0, "delta": 0.0}}
{"target": -9.713657853210128, "params": {"C": 99.91144891921623, "gamma": 0.5116328008422878}, "datetime": {"datetime": "2021-06-21 08:21:05", "elapsed": 0.406145, "delta": 0.406145}}
{"target": -9.824412294824155, "params": {"C": 114.59026467079302, "gamma": 0.3646370163381584}, "datetime": {"datetime": "2021-06-21 08:21:06", "elapsed": 0.800144, "delta": 0.393999}}
{"target": -9.714654763435327, "params": {"C": 118.54464715890487, "gamma": 0.5418925089301334}, "datetime": {"datetime": "2021-06-21 08:21:06", "elapsed": 1.188662, "delta": 0.388518}}
{"target": -9.865889553567808, "params": {"C": 139.61642417049006, "gamma": 0.6771717138023499}, "datetime": {"datetime": "2021-06-21 08:21:06", "elapsed": 1.609615, "delta": 0.420953}}
{"target": -9.96350952591721, "params": {"C": 141.8613708917698, "gamma": 0.7796536502777316}, "datetime": {"datetime": "2021-06-21 08:21:07", "elapsed": 1.973622, "delta": 0.364007}}
{"target": -10.056614260119751, "params": {"C": 120.3656701981249, "gamma": 0.9146822054736616}, "datetime": {"datetime": "2021-06-21 08:21:07", "elapsed": 2.333803, "delta": 0.360181}}
{"target": -9.955309539478284, "params": {"C": 102.64149807911241, "gamma": 0.7693272571248815}, "datetime": {"datetime": "2021-06-21 08:21:07", "elapsed": 2.693121, "delta": 0.359318}}
{"target": -9.881709868991097, "params": {"C": 141.67221071694942, "gamma": 0.6910828799120261}, "datetime": {"datetime": "2021-06-21 08:21:08", "elapsed": 3.047167, "delta": 0.354046}}
{"target": -9.704899272479775, "params": {"C": 113.9527325533829, "gamma": 0.4386710423594151}, "datetime": {"datetime": "2021-06-21 08:21:08", "elapsed": 3.342169, "delta": 0.295002}}
{"target": -10.070445713436943, "params": {"C": 180.05453132442122, "gamma": 0.9777831030035782}, "datetime": {"datetime": "2021-06-21 08:21:08", "elapsed": 3.66795, "delta": 0.325781}}
{"target": -9.970755908268151, "params": {"C": 131.2737602337402, "gamma": 0.7846258309685198}, "datetime": {"datetime": "2021-06-21 08:21:09", "elapsed": 4.052019, "delta": 0.384069}}
{"target": -10.041731684956517, "params": {"C": 187.62655414483345, "gamma": 0.926224664452693}, "datetime": {"datetime": "2021-06-21 08:21:09", "elapsed": 4.401011, "delta": 0.348992}}
{"target": -9.921083597310957, "params": {"C": 108.41292555811478, "gamma": 0.32733834826301766}, "datetime": {"datetime": "2021-06-21 08:21:10", "elapsed": 4.73885, "delta": 0.337839}}
{"target": -10.058637317783663, "params": {"C": 116.90002499841336, "gamma": 0.9146997524005891}, "datetime": {"datetime": "2021-06-21 08:21:10", "elapsed": 5.117399, "delta": 0.378549}}
{"target": -9.77096803121504, "params": {"C": 109.74451806668831, "gamma": 0.5947753375035365}, "datetime": {"datetime": "2021-06-21 08:21:10", "elapsed": 5.443401, "delta": 0.326002}}
{"target": -9.85959245302876, "params": {"C": 195.78474196806525, "gamma": 0.6732156994811119}, "datetime": {"datetime": "2021-06-21 08:21:11", "elapsed": 5.823491, "delta": 0.38009}}
{"target": -9.692749057593884, "params": {"C": 169.15689910644238, "gamma": 0.520860941704244}, "datetime": {"datetime": "2021-06-21 08:21:11", "elapsed": 6.13177, "delta": 0.308279}}
{"target": -10.011646472036656, "params": {"C": 168.61874286092655, "gamma": 0.8842379703281611}, "datetime": {"datetime": "2021-06-21 08:21:11", "elapsed": 6.490985, "delta": 0.359215}}
{"target": -10.006247468007036, "params": {"C": 101.73065656215361, "gamma": 0.8251010204614773}, "datetime": {"datetime": "2021-06-21 08:21:12", "elapsed": 6.822346, "delta": 0.331361}}
{"target": -9.979227406077213, "params": {"C": 198.88499499954014, "gamma": 0.8237159580658875}, "datetime": {"datetime": "2021-06-21 08:21:12", "elapsed": 7.182542, "delta": 0.360196}}
{"target": -10.014539083889508, "params": {"C": 127.97244360564696, "gamma": 0.8524955299160419}, "datetime": {"datetime": "2021-06-21 08:21:12", "elapsed": 7.517613, "delta": 0.335071}}
{"target": -9.790844093025889, "params": {"C": 110.23292325842198, "gamma": 0.6135254683231336}, "datetime": {"datetime": "2021-06-21 08:21:13", "elapsed": 7.889614, "delta": 0.372001}}
{"target": -9.694919784997063, "params": {"C": 190.85040985961888, "gamma": 0.5055299038615756}, "datetime": {"datetime": "2021-06-21 08:21:13", "elapsed": 8.271612, "delta": 0.381998}}
{"target": -9.761020909446398, "params": {"C": 128.70631139249352, "gamma": 0.39102000048279434}, "datetime": {"datetime": "2021-06-21 08:21:13", "elapsed": 8.658251, "delta": 0.386639}}
{"target": -9.960581699114398, "params": {"C": 101.83863248281675, "gamma": 0.7751848730579236}, "datetime": {"datetime": "2021-06-21 08:21:14", "elapsed": 9.061252, "delta": 0.403001}}
{"target": -9.684647980248405, "params": {"C": 121.08397441160591, "gamma": 0.4858826615605583}, "datetime": {"datetime": "2021-06-21 08:21:14", "elapsed": 9.419594, "delta": 0.358342}}
{"target": -9.85029944696242, "params": {"C": 149.10647324396186, "gamma": 0.3373537815819563}, "datetime": {"datetime": "2021-06-21 08:21:15", "elapsed": 9.802917, "delta": 0.383323}}
{"target": -9.743048920833548, "params": {"C": 157.36917230975052, "gamma": 0.40271000243406707}, "datetime": {"datetime": "2021-06-21 08:21:15", "elapsed": 10.189202, "delta": 0.386285}}
{"target": -9.964642764748177, "params": {"C": 158.88948424401875, "gamma": 0.7898308520146518}, "datetime": {"datetime": "2021-06-21 08:21:15", "elapsed": 10.602505, "delta": 0.413303}}
{"target": -9.92915349615332, "params": {"C": 173.80674209130217, "gamma": 0.3}, "datetime": {"datetime": "2021-06-21 08:21:16", "elapsed": 11.252022, "delta": 0.649517}}
{"target": -10.037298542865063, "params": {"C": 153.27656228232982, "gamma": 0.9161217366080876}, "datetime": {"datetime": "2021-06-21 08:21:17", "elapsed": 11.825778, "delta": 0.573756}}
{"target": -9.949797959607139, "params": {"C": 135.5514188101996, "gamma": 0.3046244743345277}, "datetime": {"datetime": "2021-06-21 08:21:17", "elapsed": 12.310919, "delta": 0.485141}}
{"target": -9.949484172087544, "params": {"C": 124.3048194684806, "gamma": 0.3095211965280763}, "datetime": {"datetime": "2021-06-21 08:21:18", "elapsed": 12.91823, "delta": 0.607311}}
{"target": -9.808433933100437, "params": {"C": 163.43979845566366, "gamma": 0.3503006054821765}, "datetime": {"datetime": "2021-06-21 08:21:18", "elapsed": 13.557503, "delta": 0.639273}}
{"target": -9.920781975272691, "params": {"C": 183.71951131713575, "gamma": 0.3}, "datetime": {"datetime": "2021-06-21 08:21:19", "elapsed": 14.344913, "delta": 0.78741}}
{"target": -9.951833827734239, "params": {"C": 145.82284427723934, "gamma": 0.3}, "datetime": {"datetime": "2021-06-21 08:21:20", "elapsed": 14.884477, "delta": 0.539564}}
{"target": -10.035011876091538, "params": {"C": 171.43387982493232, "gamma": 0.9373251926466528}, "datetime": {"datetime": "2021-06-21 08:21:20", "elapsed": 15.467152, "delta": 0.582675}}
{"target": -9.925194635279109, "params": {"C": 177.05762474744233, "gamma": 0.3004370492666995}, "datetime": {"datetime": "2021-06-21 08:21:21", "elapsed": 16.107096, "delta": 0.639944}}
{"target": -10.09323757211606, "params": {"C": 193.2680686303063, "gamma": 0.9844483391018481}, "datetime": {"datetime": "2021-06-21 08:21:22", "elapsed": 16.831795, "delta": 0.724699}}
{"target": -9.92412428368372, "params": {"C": 165.53061706464584, "gamma": 0.3043693417980876}, "datetime": {"datetime": "2021-06-21 08:21:22", "elapsed": 17.500208, "delta": 0.668413}}
{"target": -10.047736094516504, "params": {"C": 155.67991686620687, "gamma": 0.9487242588609395}, "datetime": {"datetime": "2021-06-21 08:21:23", "elapsed": 18.170865, "delta": 0.670657}}
{"target": -9.933131526671282, "params": {"C": 151.09465173666064, "gamma": 0.3056073132816351}, "datetime": {"datetime": "2021-06-21 08:21:24", "elapsed": 18.869359, "delta": 0.698494}}
{"target": -9.961674047585586, "params": {"C": 137.68301731789515, "gamma": 0.3}, "datetime": {"datetime": "2021-06-21 08:21:24", "elapsed": 19.571981, "delta": 0.702622}}
{"target": -9.918664762627596, "params": {"C": 161.1834603535553, "gamma": 0.307774688716271}, "datetime": {"datetime": "2021-06-21 08:21:25", "elapsed": 20.359145, "delta": 0.787164}}
{"target": -10.00183572046124, "params": {"C": 105.14811715424105, "gamma": 0.3}, "datetime": {"datetime": "2021-06-21 08:21:26", "elapsed": 21.088736, "delta": 0.729591}}
{"target": -9.980293445927082, "params": {"C": 122.47511092340451, "gamma": 0.3}, "datetime": {"datetime": "2021-06-21 08:21:27", "elapsed": 21.76834, "delta": 0.679604}}
{"target": -9.95990708791695, "params": {"C": 133.19932765406435, "gamma": 0.302318906430049}, "datetime": {"datetime": "2021-06-21 08:21:27", "elapsed": 22.439677, "delta": 0.671337}}
{"target": -9.848116352096833, "params": {"C": 189.46291467047013, "gamma": 0.3227283471860721}, "datetime": {"datetime": "2021-06-21 08:21:28", "elapsed": 23.16608, "delta": 0.726403}}
{"target": -10.102355462295527, "params": {"C": 112.54700595078512, "gamma": 0.994008205543139}, "datetime": {"datetime": "2021-06-21 08:21:29", "elapsed": 23.912195, "delta": 0.746115}}
{"target": -9.81101966992938, "params": {"C": 199.9780703227982, "gamma": 0.3464874546019794}, "datetime": {"datetime": "2021-06-21 08:21:29", "elapsed": 24.515869, "delta": 0.603674}}
{"target": -10.077068526224355, "params": {"C": 175.38921506182612, "gamma": 0.9959978427490288}, "datetime": {"datetime": "2021-06-21 08:21:30", "elapsed": 25.267697, "delta": 0.751828}}
{"target": -9.847131082265232, "params": {"C": 185.55261841943602, "gamma": 0.324364684049757}, "datetime": {"datetime": "2021-06-21 08:21:31", "elapsed": 25.994747, "delta": 0.72705}}
{"target": -9.929113468715595, "params": {"C": 143.74738455314207, "gamma": 0.30961939727122456}, "datetime": {"datetime": "2021-06-21 08:21:31", "elapsed": 26.620975, "delta": 0.626228}}
{"target": -10.067415662862123, "params": {"C": 147.71532723108845, "gamma": 0.9936268001591448}, "datetime": {"datetime": "2021-06-21 08:21:32", "elapsed": 27.312282, "delta": 0.691307}}
{"target": -9.973411131557846, "params": {"C": 119.97069820386926, "gamma": 0.3033619498733082}, "datetime": {"datetime": "2021-06-21 08:21:33", "elapsed": 28.126259, "delta": 0.813977}}
{"target": -9.975641044878046, "params": {"C": 126.25266782950719, "gamma": 0.3}, "datetime": {"datetime": "2021-06-21 08:21:34", "elapsed": 28.75866, "delta": 0.632401}}
{"target": -9.886345364611921, "params": {"C": 197.45505285928292, "gamma": 0.30753111593008337}, "datetime": {"datetime": "2021-06-21 08:21:34", "elapsed": 29.510666, "delta": 0.752006}}
{"target": -9.931984208016155, "params": {"C": 170.40455552123422, "gamma": 0.3}, "datetime": {"datetime": "2021-06-21 08:21:35", "elapsed": 30.248657, "delta": 0.737991}}
{"target": -9.893018652768124, "params": {"C": 181.58769287928408, "gamma": 0.31021053710421864}, "datetime": {"datetime": "2021-06-21 08:21:36", "elapsed": 30.942688, "delta": 0.694031}}
{"target": -10.072404235477403, "params": {"C": 162.3643662912745, "gamma": 1.0}, "datetime": {"datetime": "2021-06-21 08:21:36", "elapsed": 31.644039, "delta": 0.701351}}
{"target": -10.09004985115844, "params": {"C": 190.01830284171916, "gamma": 0.9870122210401637}, "datetime": {"datetime": "2021-06-21 08:21:37", "elapsed": 32.385277, "delta": 0.741238}}
{"target": -9.894553159745103, "params": {"C": 192.09825104957235, "gamma": 0.3063800432855219}, "datetime": {"datetime": "2021-06-21 08:21:38", "elapsed": 33.126222, "delta": 0.740945}}
{"target": -10.0712309904353, "params": {"C": 182.74220478063626, "gamma": 0.9756441542737708}, "datetime": {"datetime": "2021-06-21 08:21:39", "elapsed": 33.830287, "delta": 0.704065}}
{"target": -10.108929789075068, "params": {"C": 106.88339839060023, "gamma": 1.0}, "datetime": {"datetime": "2021-06-21 08:21:39", "elapsed": 34.592645, "delta": 0.762358}}
{"target": -10.071471810397437, "params": {"C": 150.1745419245161, "gamma": 0.9991360769218081}, "datetime": {"datetime": "2021-06-21 08:21:40", "elapsed": 35.492506, "delta": 0.899861}}
{"target": -10.083244887471718, "params": {"C": 134.15814213824459, "gamma": 0.9951940251092739}, "datetime": {"datetime": "2021-06-21 08:21:41", "elapsed": 36.204553, "delta": 0.712047}}
{"target": -9.981233245081732, "params": {"C": 117.8897433938764, "gamma": 0.3016099674945685}, "datetime": {"datetime": "2021-06-21 08:21:42", "elapsed": 36.852951, "delta": 0.648398}}
{"target": -9.924971293514789, "params": {"C": 178.7843496072356, "gamma": 0.3}, "datetime": {"datetime": "2021-06-21 08:21:42", "elapsed": 37.622842, "delta": 0.769891}}
{"target": -9.869057708642853, "params": {"C": 129.88577325832347, "gamma": 0.3387546231559057}, "datetime": {"datetime": "2021-06-21 08:21:43", "elapsed": 38.359425, "delta": 0.736583}}
{"target": -9.944487610483502, "params": {"C": 154.29808056668577, "gamma": 0.30020749416949166}, "datetime": {"datetime": "2021-06-21 08:21:44", "elapsed": 39.135465, "delta": 0.77604}}
{"target": -9.860673048190543, "params": {"C": 167.93634591470357, "gamma": 0.3261068577372654}, "datetime": {"datetime": "2021-06-21 08:21:45", "elapsed": 39.888846, "delta": 0.753381}}
{"target": -9.902900107797398, "params": {"C": 140.46878514147858, "gamma": 0.321083337882375}, "datetime": {"datetime": "2021-06-21 08:21:45", "elapsed": 40.638064, "delta": 0.749218}}
{"target": -10.079433992587049, "params": {"C": 136.68094474556898, "gamma": 0.9912720942057003}, "datetime": {"datetime": "2021-06-21 08:21:46", "elapsed": 41.494173, "delta": 0.856109}}
{"target": -9.91145441281316, "params": {"C": 194.55959932038377, "gamma": 0.3}, "datetime": {"datetime": "2021-06-21 08:21:47", "elapsed": 42.353548, "delta": 0.859375}}
{"target": -9.992636432032421, "params": {"C": 100.60572534255714, "gamma": 0.30546454443667537}, "datetime": {"datetime": "2021-06-21 08:21:48", "elapsed": 43.192557, "delta": 0.839009}}
{"target": -10.10370560503625, "params": {"C": 114.31348782849035, "gamma": 1.0}, "datetime": {"datetime": "2021-06-21 08:21:49", "elapsed": 43.886547, "delta": 0.69399}}
{"target": -9.993237298226097, "params": {"C": 112.03502841666392, "gamma": 0.3}, "datetime": {"datetime": "2021-06-21 08:21:49", "elapsed": 44.641504, "delta": 0.754957}}
{"target": -10.072276157746769, "params": {"C": 164.42036094098538, "gamma": 1.0}, "datetime": {"datetime": "2021-06-21 08:21:50", "elapsed": 45.459857, "delta": 0.818353}}
{"target": -10.094121647749581, "params": {"C": 125.0580264261277, "gamma": 1.0}, "datetime": {"datetime": "2021-06-21 08:21:51", "elapsed": 46.290171, "delta": 0.830314}}
{"target": -10.08168753044894, "params": {"C": 177.83463978957795, "gamma": 1.0}, "datetime": {"datetime": "2021-06-21 08:21:52", "elapsed": 47.125367, "delta": 0.835196}}
{"target": -10.092274618324947, "params": {"C": 184.96003299158122, "gamma": 1.0}, "datetime": {"datetime": "2021-06-21 08:21:53", "elapsed": 47.902287, "delta": 0.77692}}
{"target": -9.917954314821486, "params": {"C": 187.02548320543056, "gamma": 0.3}, "datetime": {"datetime": "2021-06-21 08:21:53", "elapsed": 48.717876, "delta": 0.815589}}
{"target": -10.096176160606612, "params": {"C": 118.16161123885031, "gamma": 0.9894688518075354}, "datetime": {"datetime": "2021-06-21 08:21:54", "elapsed": 49.454589, "delta": 0.736713}}
{"target": -10.09722994232805, "params": {"C": 121.81719770829207, "gamma": 1.0}, "datetime": {"datetime": "2021-06-21 08:21:55", "elapsed": 50.169689, "delta": 0.7151}}
{"target": -10.07761024859251, "params": {"C": 173.12426662720858, "gamma": 1.0}, "datetime": {"datetime": "2021-06-21 08:21:56", "elapsed": 50.961496, "delta": 0.791807}}
{"target": -10.089679539443795, "params": {"C": 129.42270838725534, "gamma": 1.0}, "datetime": {"datetime": "2021-06-21 08:21:57", "elapsed": 51.744823, "delta": 0.783327}}
{"target": -10.060499941113154, "params": {"C": 199.97872002430677, "gamma": 0.9335061487309377}, "datetime": {"datetime": "2021-06-21 08:21:57", "elapsed": 52.641821, "delta": 0.896998}}
{"target": -10.072497993223163, "params": {"C": 157.47573646718592, "gamma": 1.0}, "datetime": {"datetime": "2021-06-21 08:21:58", "elapsed": 53.429475, "delta": 0.787654}}
{"target": -9.946302193198255, "params": {"C": 147.57897898434902, "gamma": 0.3015607224817996}, "datetime": {"datetime": "2021-06-21 08:21:59", "elapsed": 54.299567, "delta": 0.870092}}
{"target": -10.107641484192193, "params": {"C": 108.90409832060229, "gamma": 1.0}, "datetime": {"datetime": "2021-06-21 08:22:00", "elapsed": 55.137525, "delta": 0.837958}}
{"target": -9.925444419557056, "params": {"C": 156.1520595054467, "gamma": 0.306894499861271}, "datetime": {"datetime": "2021-06-21 08:22:01", "elapsed": 56.128572, "delta": 0.991047}}
