{"target": -10.487577128302409, "params": {"C": 9.914932803081225, "gamma": 0.8565747835946937}, "datetime": {"datetime": "2021-06-19 14:27:59", "elapsed": 417.211911, "delta": 2.39152}}
{"target": -10.493948859503215, "params": {"C": 9.882720563713074, "gamma": 0.8088080336350303}, "datetime": {"datetime": "2021-06-19 14:28:01", "elapsed": 419.085862, "delta": 1.873951}}
{"target": -10.506465353508652, "params": {"C": 9.9563946751238, "gamma": 0.7468322099323613}, "datetime": {"datetime": "2021-06-19 14:28:03", "elapsed": 421.687288, "delta": 2.601426}}
{"target": -10.485125128670006, "params": {"C": 9.953924784778279, "gamma": 0.8298531476516567}, "datetime": {"datetime": "2021-06-19 14:28:06", "elapsed": 424.172557, "delta": 2.485269}}
{"target": -10.485293225104591, "params": {"C": 9.943541713576446, "gamma": 0.8561254717394348}, "datetime": {"datetime": "2021-06-19 14:28:08", "elapsed": 426.733463, "delta": 2.560906}}
{"target": -10.497707489986741, "params": {"C": 9.79177459908278, "gamma": 0.8753166595449131}, "datetime": {"datetime": "2021-06-19 14:28:10", "elapsed": 428.676621, "delta": 1.943158}}
{"target": -10.482087098383671, "params": {"C": 9.986590143721957, "gamma": 0.8343527328441716}, "datetime": {"datetime": "2021-06-19 14:28:13", "elapsed": 431.783613, "delta": 3.106992}}
{"target": -10.494196016637762, "params": {"C": 9.967118802282185, "gamma": 0.8993082310101751}, "datetime": {"datetime": "2021-06-19 14:28:16", "elapsed": 434.234818, "delta": 2.451205}}
{"target": -10.48411275561504, "params": {"C": 9.959145205011026, "gamma": 0.8681245345864681}, "datetime": {"datetime": "2021-06-19 14:28:18", "elapsed": 436.804815, "delta": 2.569997}}
{"target": -10.494259265377485, "params": {"C": 9.918935131581708, "gamma": 0.7962543572847266}, "datetime": {"datetime": "2021-06-19 14:28:20", "elapsed": 438.677502, "delta": 1.872687}}
{"target": -10.5044404216502, "params": {"C": 9.714418946701523, "gamma": 0.8410371554145716}, "datetime": {"datetime": "2021-06-19 14:28:23", "elapsed": 441.147805, "delta": 2.470303}}
{"target": -10.488270430559146, "params": {"C": 9.930239301861711, "gamma": 0.8173661834465334}, "datetime": {"datetime": "2021-06-19 14:28:27", "elapsed": 445.003356, "delta": 3.855551}}
{"target": -10.485499869395856, "params": {"C": 9.991975826791661, "gamma": 0.8043030987561561}, "datetime": {"datetime": "2021-06-19 14:28:29", "elapsed": 447.263812, "delta": 2.260456}}
{"target": -10.484717756724434, "params": {"C": 9.950725918346398, "gamma": 0.85282486958489}, "datetime": {"datetime": "2021-06-19 14:28:31", "elapsed": 449.756406, "delta": 2.492594}}
{"target": -10.484239378147606, "params": {"C": 9.957872071814107, "gamma": 0.870741982198911}, "datetime": {"datetime": "2021-06-19 14:28:34", "elapsed": 452.390578, "delta": 2.634172}}
{"target": -10.489432990892476, "params": {"C": 9.892472276310263, "gamma": 0.8654985818226038}, "datetime": {"datetime": "2021-06-19 14:28:37", "elapsed": 455.217288, "delta": 2.82671}}
{"target": -10.48173197546609, "params": {"C": 9.988382544557183, "gamma": 0.8506120855556799}, "datetime": {"datetime": "2021-06-19 14:28:39", "elapsed": 457.049894, "delta": 1.832606}}
{"target": -10.481719737619283, "params": {"C": 9.988539009454882, "gamma": 0.8593534307551448}, "datetime": {"datetime": "2021-06-19 14:28:42", "elapsed": 460.02552, "delta": 2.975626}}
{"target": -10.488814898265481, "params": {"C": 9.953394491410565, "gamma": 0.8046510446540937}, "datetime": {"datetime": "2021-06-19 14:28:44", "elapsed": 462.240668, "delta": 2.215148}}
{"target": -10.501086206451706, "params": {"C": 9.92565531547807, "gamma": 0.7715685483314283}, "datetime": {"datetime": "2021-06-19 14:28:45", "elapsed": 463.967769, "delta": 1.727101}}
{"target": -10.496618896617917, "params": {"C": 9.953552081798417, "gamma": 0.9030794350284902}, "datetime": {"datetime": "2021-06-19 14:28:48", "elapsed": 466.462896, "delta": 2.495127}}
{"target": -10.48558005419171, "params": {"C": 9.958642210518025, "gamma": 0.8770349252707783}, "datetime": {"datetime": "2021-06-19 14:28:50", "elapsed": 468.182949, "delta": 1.720053}}
{"target": -10.484107149480844, "params": {"C": 9.965116364963311, "gamma": 0.8739349669317495}, "datetime": {"datetime": "2021-06-19 14:28:52", "elapsed": 470.150905, "delta": 1.967956}}
{"target": -10.524549245200737, "params": {"C": 9.628382112407545, "gamma": 0.7814105607262024}, "datetime": {"datetime": "2021-06-19 14:28:54", "elapsed": 472.606688, "delta": 2.455783}}
{"target": -10.484816589511745, "params": {"C": 9.950376390612616, "gamma": 0.83812049828881}, "datetime": {"datetime": "2021-06-19 14:28:57", "elapsed": 475.33078, "delta": 2.724092}}
{"target": -10.4860030885179, "params": {"C": 9.953631874127552, "gamma": 0.8773586213955018}, "datetime": {"datetime": "2021-06-19 14:28:59", "elapsed": 477.876101, "delta": 2.545321}}
{"target": -10.48279992739965, "params": {"C": 9.975206941627476, "gamma": 0.8445465629360517}, "datetime": {"datetime": "2021-06-19 14:29:02", "elapsed": 480.182983, "delta": 2.306882}}
{"target": -10.493606010013751, "params": {"C": 9.894007973440027, "gamma": 0.8063992355803433}, "datetime": {"datetime": "2021-06-19 14:29:05", "elapsed": 483.317293, "delta": 3.13431}}
{"target": -10.486341026390553, "params": {"C": 9.930707669074543, "gamma": 0.8618813134737221}, "datetime": {"datetime": "2021-06-19 14:29:08", "elapsed": 486.633054, "delta": 3.315761}}
{"target": -10.488515231268543, "params": {"C": 9.918962264235208, "gamma": 0.8233657183138058}, "datetime": {"datetime": "2021-06-19 14:29:11", "elapsed": 489.118542, "delta": 2.485488}}
{"target": -10.491619902432642, "params": {"C": 9.961449651198407, "gamma": 0.792417309778108}, "datetime": {"datetime": "2021-06-19 14:29:13", "elapsed": 491.58598, "delta": 2.467438}}
{"target": -10.481545669457157, "params": {"C": 9.9954081381222, "gamma": 0.8318558005540816}, "datetime": {"datetime": "2021-06-19 14:29:16", "elapsed": 494.259295, "delta": 2.673315}}
{"target": -10.484146934119341, "params": {"C": 9.969175890667653, "gamma": 0.8261840352890826}, "datetime": {"datetime": "2021-06-19 14:29:19", "elapsed": 497.371028, "delta": 3.111733}}
{"target": -10.4828660008808, "params": {"C": 9.97402837691298, "gamma": 0.854830035563284}, "datetime": {"datetime": "2021-06-19 14:29:21", "elapsed": 499.399198, "delta": 2.02817}}
{"target": -10.487401735753698, "params": {"C": 9.917040380266958, "gamma": 0.8537301221907634}, "datetime": {"datetime": "2021-06-19 14:29:23", "elapsed": 501.636158, "delta": 2.23696}}
{"target": -10.48914638009175, "params": {"C": 9.996718531165332, "gamma": 0.8916405395203263}, "datetime": {"datetime": "2021-06-19 14:29:26", "elapsed": 504.152541, "delta": 2.516383}}
{"target": -10.496474876045724, "params": {"C": 9.806574832585136, "gamma": 0.8735926264232156}, "datetime": {"datetime": "2021-06-19 14:29:28", "elapsed": 506.77621, "delta": 2.623669}}
{"target": -10.485130463255784, "params": {"C": 9.973027285434949, "gamma": 0.8783207816141131}, "datetime": {"datetime": "2021-06-19 14:29:31", "elapsed": 509.136062, "delta": 2.359852}}
{"target": -10.488991737786673, "params": {"C": 9.898021954916564, "gamma": 0.8408410313340617}, "datetime": {"datetime": "2021-06-19 14:29:32", "elapsed": 510.799596, "delta": 1.663534}}
{"target": -10.500187924163008, "params": {"C": 9.861606743528174, "gamma": 0.7933421134125382}, "datetime": {"datetime": "2021-06-19 14:29:35", "elapsed": 513.639144, "delta": 2.839548}}
{"target": -10.488155818474704, "params": {"C": 9.907725138724512, "gamma": 0.8572773987301993}, "datetime": {"datetime": "2021-06-19 14:29:38", "elapsed": 516.315913, "delta": 2.676769}}
{"target": -10.485012535112368, "params": {"C": 9.947180904261414, "gamma": 0.8592491051417175}, "datetime": {"datetime": "2021-06-19 14:29:41", "elapsed": 519.926604, "delta": 3.610691}}
{"target": -10.481247127625721, "params": {"C": 9.994824193277134, "gamma": 0.8656545189468291}, "datetime": {"datetime": "2021-06-19 14:29:44", "elapsed": 522.105643, "delta": 2.179039}}
{"target": -10.493906895270282, "params": {"C": 9.835684085291978, "gamma": 0.8515675539145542}, "datetime": {"datetime": "2021-06-19 14:29:46", "elapsed": 524.813615, "delta": 2.707972}}
{"target": -10.482817689418816, "params": {"C": 9.977290234422748, "gamma": 0.8348790613008141}, "datetime": {"datetime": "2021-06-19 14:29:48", "elapsed": 526.5855, "delta": 1.771885}}
{"target": -10.4950762138216, "params": {"C": 9.973283765798593, "gamma": 0.7775005222052285}, "datetime": {"datetime": "2021-06-19 14:29:51", "elapsed": 529.21529, "delta": 2.62979}}
{"target": -10.489300513967594, "params": {"C": 9.894494219824521, "gamma": 0.868474471981565}, "datetime": {"datetime": "2021-06-19 14:29:54", "elapsed": 532.371409, "delta": 3.156119}}
{"target": -10.490297331831664, "params": {"C": 9.99610607119085, "gamma": 0.7866242789834026}, "datetime": {"datetime": "2021-06-19 14:29:57", "elapsed": 535.233421, "delta": 2.862012}}
{"target": -10.487406202455906, "params": {"C": 9.918406623863033, "gamma": 0.8709280460506614}, "datetime": {"datetime": "2021-06-19 14:29:59", "elapsed": 537.839935, "delta": 2.606514}}
{"target": -10.488986315466455, "params": {"C": 9.938508707027415, "gamma": 0.8092667739742925}, "datetime": {"datetime": "2021-06-19 14:30:02", "elapsed": 540.412521, "delta": 2.572586}}
{"target": -10.489197631798788, "params": {"C": 9.896222859556953, "gamma": 0.8715497844870391}, "datetime": {"datetime": "2021-06-19 14:30:04", "elapsed": 542.688482, "delta": 2.275961}}
{"target": -10.48501419856658, "params": {"C": 9.95723886243257, "gamma": 0.8277105958746932}, "datetime": {"datetime": "2021-06-19 14:30:06", "elapsed": 544.545247, "delta": 1.856765}}
{"target": -10.487031111614263, "params": {"C": 9.9227355787607, "gamma": 0.8683663982278198}, "datetime": {"datetime": "2021-06-19 14:30:09", "elapsed": 547.168634, "delta": 2.623387}}
{"target": -10.491883743393728, "params": {"C": 9.890335172557485, "gamma": 0.8156424386647713}, "datetime": {"datetime": "2021-06-19 14:30:11", "elapsed": 549.892891, "delta": 2.724257}}
{"target": -10.492346963041086, "params": {"C": 9.856794501805739, "gamma": 0.8692776339667814}, "datetime": {"datetime": "2021-06-19 14:30:15", "elapsed": 553.18153, "delta": 3.288639}}
{"target": -10.491192471733408, "params": {"C": 9.892901895707967, "gamma": 0.8814107169764408}, "datetime": {"datetime": "2021-06-19 14:30:18", "elapsed": 556.654527, "delta": 3.472997}}
{"target": -10.496616916142433, "params": {"C": 9.815752511670828, "gamma": 0.8299619041447283}, "datetime": {"datetime": "2021-06-19 14:30:21", "elapsed": 559.455141, "delta": 2.800614}}
{"target": -10.50230263516081, "params": {"C": 9.804696276231756, "gamma": 0.8038544217455247}, "datetime": {"datetime": "2021-06-19 14:30:24", "elapsed": 562.312728, "delta": 2.857587}}
{"target": -10.4940970790803, "params": {"C": 9.833206132860521, "gamma": 0.8469939750432193}, "datetime": {"datetime": "2021-06-19 14:30:26", "elapsed": 564.801843, "delta": 2.489115}}
{"target": -10.491544202107189, "params": {"C": 9.934110187578383, "gamma": 0.801042704643329}, "datetime": {"datetime": "2021-06-19 14:30:29", "elapsed": 567.553992, "delta": 2.752149}}
{"target": -10.495520878706543, "params": {"C": 9.817258645639956, "gamma": 0.8446963895453243}, "datetime": {"datetime": "2021-06-19 14:30:33", "elapsed": 571.132891, "delta": 3.578899}}
{"target": -10.486457941317903, "params": {"C": 9.942860199404631, "gamma": 0.8767379586631583}, "datetime": {"datetime": "2021-06-19 14:30:35", "elapsed": 573.795679, "delta": 2.662788}}
{"target": -10.482569310079572, "params": {"C": 9.998717506165884, "gamma": 0.8175236934014454}, "datetime": {"datetime": "2021-06-19 14:30:39", "elapsed": 577.658456, "delta": 3.862777}}
{"target": -10.488286199843424, "params": {"C": 9.934263825449976, "gamma": 0.8153146716367656}, "datetime": {"datetime": "2021-06-19 14:30:42", "elapsed": 580.796931, "delta": 3.138475}}
{"target": -10.480863428576951, "params": {"C": 9.999498280651046, "gamma": 0.8634992767164604}, "datetime": {"datetime": "2021-06-19 14:30:45", "elapsed": 583.357764, "delta": 2.560833}}
{"target": -10.482701122005329, "params": {"C": 9.977728790924097, "gamma": 0.8721262826604113}, "datetime": {"datetime": "2021-06-19 14:30:48", "elapsed": 586.982991, "delta": 3.625227}}
{"target": -10.487170035877593, "params": {"C": 9.933788457691973, "gamma": 0.824895330289147}, "datetime": {"datetime": "2021-06-19 14:30:52", "elapsed": 590.107488, "delta": 3.124497}}
{"target": -10.488630512913517, "params": {"C": 9.919012414316965, "gamma": 0.8218412293913823}, "datetime": {"datetime": "2021-06-19 14:30:54", "elapsed": 592.801998, "delta": 2.69451}}
{"target": -10.509612934228327, "params": {"C": 9.711086305524892, "gamma": 0.8984205193965714}, "datetime": {"datetime": "2021-06-19 14:30:58", "elapsed": 596.645209, "delta": 3.843211}}
{"target": -10.492496458986553, "params": {"C": 9.854439810915917, "gamma": 0.8430597098386139}, "datetime": {"datetime": "2021-06-19 14:31:01", "elapsed": 599.453785, "delta": 2.808576}}
{"target": -10.489199859522678, "params": {"C": 9.894669777978883, "gamma": 0.8571650663505413}, "datetime": {"datetime": "2021-06-19 14:31:06", "elapsed": 604.0945, "delta": 4.640715}}
{"target": -10.481788516599334, "params": {"C": 9.9877030625817, "gamma": 0.8601647426108591}, "datetime": {"datetime": "2021-06-19 14:31:08", "elapsed": 606.718311, "delta": 2.623811}}
{"target": -10.488076242914147, "params": {"C": 9.970297564089098, "gamma": 0.8019735182630093}, "datetime": {"datetime": "2021-06-19 14:31:10", "elapsed": 608.935718, "delta": 2.217407}}
{"target": -10.48797204359551, "params": {"C": 9.909894392678883, "gamma": 0.8472881377044879}, "datetime": {"datetime": "2021-06-19 14:31:13", "elapsed": 611.390798, "delta": 2.45508}}
{"target": -10.483903874761955, "params": {"C": 9.961425508579646, "gamma": 0.842285361222225}, "datetime": {"datetime": "2021-06-19 14:31:16", "elapsed": 614.455407, "delta": 3.064609}}
{"target": -10.48360291531099, "params": {"C": 9.965395449756068, "gamma": 0.8404933649729779}, "datetime": {"datetime": "2021-06-19 14:31:20", "elapsed": 618.668527, "delta": 4.21312}}
{"target": -10.488419962860661, "params": {"C": 9.934795098613952, "gamma": 0.8142800889602685}, "datetime": {"datetime": "2021-06-19 14:31:23", "elapsed": 621.985522, "delta": 3.316995}}
{"target": -10.4935575578011, "params": {"C": 9.843342468067444, "gamma": 0.877405780205821}, "datetime": {"datetime": "2021-06-19 14:31:27", "elapsed": 625.216073, "delta": 3.230551}}
{"target": -10.486015709664281, "params": {"C": 9.975235149138287, "gamma": 0.8089092071639109}, "datetime": {"datetime": "2021-06-19 14:31:30", "elapsed": 628.03978, "delta": 2.823707}}
{"target": -10.481565977760491, "params": {"C": 9.990417929919342, "gamma": 0.8569380785296853}, "datetime": {"datetime": "2021-06-19 14:31:34", "elapsed": 632.900968, "delta": 4.861188}}
{"target": -10.485358953154154, "params": {"C": 9.94397165714371, "gamma": 0.87130788652341}, "datetime": {"datetime": "2021-06-19 14:31:37", "elapsed": 635.832234, "delta": 2.931266}}
{"target": -10.489710512325157, "params": {"C": 9.940708511104992, "gamma": 0.8054690877440798}, "datetime": {"datetime": "2021-06-19 14:31:41", "elapsed": 639.156729, "delta": 3.324495}}
{"target": -10.489916428369247, "params": {"C": 9.89395229526531, "gamma": 0.8323878113789263}, "datetime": {"datetime": "2021-06-19 14:31:44", "elapsed": 642.953104, "delta": 3.796375}}
{"target": -10.488583491544063, "params": {"C": 9.909436382003307, "gamma": 0.8330069242555322}, "datetime": {"datetime": "2021-06-19 14:31:52", "elapsed": 650.35184, "delta": 7.398736}}
{"target": -10.500645450357947, "params": {"C": 9.921563828729926, "gamma": 0.9080229701921971}, "datetime": {"datetime": "2021-06-19 14:31:57", "elapsed": 655.433937, "delta": 5.082097}}
{"target": -10.482358539852306, "params": {"C": 9.980609773350047, "gamma": 0.8473401179943264}, "datetime": {"datetime": "2021-06-19 14:32:00", "elapsed": 658.558731, "delta": 3.124794}}
{"target": -10.483050489888052, "params": {"C": 9.98078123074288, "gamma": 0.8279703156054781}, "datetime": {"datetime": "2021-06-19 14:32:04", "elapsed": 662.262859, "delta": 3.704128}}
{"target": -10.48352235026929, "params": {"C": 9.96595682366572, "gamma": 0.8609090389657928}, "datetime": {"datetime": "2021-06-19 14:32:07", "elapsed": 665.625818, "delta": 3.362959}}
{"target": -10.480853053464458, "params": {"C": 9.999438439241462, "gamma": 0.8520774465518813}, "datetime": {"datetime": "2021-06-19 14:32:12", "elapsed": 670.376975, "delta": 4.751157}}
{"target": -10.488432286609159, "params": {"C": 9.90418713050043, "gamma": 0.8554805277777057}, "datetime": {"datetime": "2021-06-19 14:32:14", "elapsed": 672.775559, "delta": 2.398584}}
{"target": -10.487230727475536, "params": {"C": 9.919211871435364, "gamma": 0.8548960210371728}, "datetime": {"datetime": "2021-06-19 14:32:17", "elapsed": 675.519563, "delta": 2.744004}}
{"target": -10.482739486535623, "params": {"C": 9.985257415526561, "gamma": 0.8735848331930188}, "datetime": {"datetime": "2021-06-19 14:32:20", "elapsed": 678.808809, "delta": 3.289246}}
{"target": -10.492647304164187, "params": {"C": 9.912518436288488, "gamma": 0.8039263878532866}, "datetime": {"datetime": "2021-06-19 14:32:24", "elapsed": 682.601944, "delta": 3.793135}}
{"target": -10.492813752910351, "params": {"C": 9.90972947319652, "gamma": 0.804217613610924}, "datetime": {"datetime": "2021-06-19 14:32:28", "elapsed": 686.056867, "delta": 3.454923}}
{"target": -10.484235152177442, "params": {"C": 9.971824701625081, "gamma": 0.8223233292269264}, "datetime": {"datetime": "2021-06-19 14:32:31", "elapsed": 689.359734, "delta": 3.302867}}
{"target": -10.481756755376564, "params": {"C": 9.988245318120438, "gamma": 0.8468374917923264}, "datetime": {"datetime": "2021-06-19 14:32:34", "elapsed": 692.760748, "delta": 3.401014}}
{"target": -10.489998016740348, "params": {"C": 9.98630780872002, "gamma": 0.7905037547976823}, "datetime": {"datetime": "2021-06-19 14:32:40", "elapsed": 698.110921, "delta": 5.350173}}
{"target": -10.48410535152584, "params": {"C": 9.988845317831347, "gamma": 0.813370257315935}, "datetime": {"datetime": "2021-06-19 14:32:44", "elapsed": 702.029625, "delta": 3.918704}}
{"target": -10.484852424373644, "params": {"C": 9.949126423879685, "gamma": 0.8477185082232094}, "datetime": {"datetime": "2021-06-19 14:32:49", "elapsed": 707.318469, "delta": 5.288844}}
{"target": -10.489356238603, "params": {"C": 9.893002742958988, "gamma": 0.8612454869425489}, "datetime": {"datetime": "2021-06-19 14:32:56", "elapsed": 714.063738, "delta": 6.745269}}
{"target": -10.482237072780382, "params": {"C": 9.982535227571645, "gamma": 0.8420815275461399}, "datetime": {"datetime": "2021-06-19 14:32:59", "elapsed": 717.800463, "delta": 3.736725}}
{"target": -14.09842783547477, "params": {"C": 4.3626744579421715, "gamma": 4.11804285450555}, "datetime": {"datetime": "2021-06-19 14:33:02", "elapsed": 720.597684, "delta": 2.797221}}
{"target": -10.503780257214645, "params": {"C": 9.713592261000183, "gamma": 0.8544000917658414}, "datetime": {"datetime": "2021-06-19 14:33:07", "elapsed": 725.335823, "delta": 4.738139}}
{"target": -10.484324089411464, "params": {"C": 9.95571833732486, "gamma": 0.8497710081158155}, "datetime": {"datetime": "2021-06-19 14:33:13", "elapsed": 731.725157, "delta": 6.389334}}
{"target": -10.481946262194036, "params": {"C": 9.988276670088965, "gamma": 0.83437158456814}, "datetime": {"datetime": "2021-06-19 14:33:20", "elapsed": 738.950206, "delta": 7.225049}}
{"target": -10.483929509062099, "params": {"C": 9.961337306616178, "gamma": 0.8397439391348848}, "datetime": {"datetime": "2021-06-19 14:33:24", "elapsed": 742.846879, "delta": 3.896673}}
{"target": -10.482307854158911, "params": {"C": 9.98159736940795, "gamma": 0.8666338122387156}, "datetime": {"datetime": "2021-06-19 14:33:28", "elapsed": 746.267376, "delta": 3.420497}}
{"target": -10.490055420834505, "params": {"C": 9.994521913798305, "gamma": 0.7878927298948668}, "datetime": {"datetime": "2021-06-19 14:33:36", "elapsed": 754.032244, "delta": 7.764868}}
{"target": -10.48935964845038, "params": {"C": 9.95728355834884, "gamma": 0.8015078574667849}, "datetime": {"datetime": "2021-06-19 14:33:40", "elapsed": 758.105421, "delta": 4.073177}}
{"target": -10.483125677752827, "params": {"C": 9.992938922837158, "gamma": 0.8170655049191123}, "datetime": {"datetime": "2021-06-19 14:33:43", "elapsed": 761.074379, "delta": 2.968958}}
{"target": -10.483966487346445, "params": {"C": 9.979209361601503, "gamma": 0.8187871018362737}, "datetime": {"datetime": "2021-06-19 14:33:47", "elapsed": 765.936922, "delta": 4.862543}}
{"target": -10.489981308645733, "params": {"C": 9.885052141803216, "gamma": 0.8592837277686841}, "datetime": {"datetime": "2021-06-19 14:33:52", "elapsed": 770.022595, "delta": 4.085673}}
{"target": -10.48848219103646, "params": {"C": 9.983111473083502, "gamma": 0.796627331501748}, "datetime": {"datetime": "2021-06-19 14:33:56", "elapsed": 774.278952, "delta": 4.256357}}
{"target": -10.488537988157901, "params": {"C": 9.902951970120997, "gamma": 0.857375096999766}, "datetime": {"datetime": "2021-06-19 14:34:00", "elapsed": 778.594978, "delta": 4.316026}}
{"target": -10.485639953804215, "params": {"C": 9.939929232500024, "gamma": 0.8669337293869235}, "datetime": {"datetime": "2021-06-19 14:34:04", "elapsed": 782.556822, "delta": 3.961844}}
{"target": -10.490206534774781, "params": {"C": 9.96926091891419, "gamma": 0.8903311687835948}, "datetime": {"datetime": "2021-06-19 14:34:07", "elapsed": 785.211998, "delta": 2.655176}}
{"target": -10.481067420520617, "params": {"C": 9.996691240407133, "gamma": 0.8548232571323562}, "datetime": {"datetime": "2021-06-19 14:34:13", "elapsed": 791.000219, "delta": 5.788221}}
