{"target": -10.811745386758066, "params": {"C": 8.982419436083648, "gamma": 0.5974839289519085}, "datetime": {"datetime": "2021-06-19 15:34:51", "elapsed": 1662.344972, "delta": 6.464827}}
{"target": -10.764991880440949, "params": {"C": 9.699148955692388, "gamma": 0.6380543920699018}, "datetime": {"datetime": "2021-06-19 15:35:01", "elapsed": 1672.167244, "delta": 9.822272}}
{"target": -10.781247965966108, "params": {"C": 9.954550680273778, "gamma": 0.7038660562555904}, "datetime": {"datetime": "2021-06-19 15:35:07", "elapsed": 1678.816853, "delta": 6.649609}}
{"target": -10.76371572968352, "params": {"C": 9.854166314566525, "gamma": 0.6499192039984576}, "datetime": {"datetime": "2021-06-19 15:35:14", "elapsed": 1685.881967, "delta": 7.065114}}
{"target": -10.844457186179445, "params": {"C": 8.445178629649178, "gamma": 0.6783630293249797}, "datetime": {"datetime": "2021-06-19 15:35:20", "elapsed": 1691.945211, "delta": 6.063244}}
{"target": -10.771476507017102, "params": {"C": 9.5913550321852, "gamma": 0.6301032571390658}, "datetime": {"datetime": "2021-06-19 15:35:28", "elapsed": 1699.66795, "delta": 7.722739}}
{"target": -10.82823665285761, "params": {"C": 8.51022173586473, "gamma": 0.6444787337509744}, "datetime": {"datetime": "2021-06-19 15:35:41", "elapsed": 1712.174169, "delta": 12.506219}}
{"target": -10.782714178309304, "params": {"C": 9.464274428620104, "gamma": 0.6576064561133841}, "datetime": {"datetime": "2021-06-19 15:35:46", "elapsed": 1717.166497, "delta": 4.992328}}
{"target": -10.771319513917788, "params": {"C": 9.669296134331471, "gamma": 0.6178172009794206}, "datetime": {"datetime": "2021-06-19 15:35:52", "elapsed": 1723.787107, "delta": 6.62061}}
{"target": -10.792027066261358, "params": {"C": 9.794687841347834, "gamma": 0.5563078711428795}, "datetime": {"datetime": "2021-06-19 15:36:03", "elapsed": 1734.494964, "delta": 10.707857}}
{"target": -19.96302886111763, "params": {"C": 4.020466908778472, "gamma": 7.629954811250856}, "datetime": {"datetime": "2021-06-19 15:36:07", "elapsed": 1738.985429, "delta": 4.490465}}
{"target": -19.449342547051984, "params": {"C": 3.1959173086920516, "gamma": 6.738864838677148}, "datetime": {"datetime": "2021-06-19 15:36:12", "elapsed": 1743.540629, "delta": 4.5552}}
{"target": -10.760312417295019, "params": {"C": 9.983746821989305, "gamma": 0.6157834444213808}, "datetime": {"datetime": "2021-06-19 15:36:19", "elapsed": 1750.753169, "delta": 7.21254}}
{"target": -10.756439237199446, "params": {"C": 9.98913385027998, "gamma": 0.6440396930055515}, "datetime": {"datetime": "2021-06-19 15:36:26", "elapsed": 1757.131895, "delta": 6.378726}}
{"target": -10.764457880290156, "params": {"C": 9.917429551593457, "gamma": 0.6073456254799855}, "datetime": {"datetime": "2021-06-19 15:36:32", "elapsed": 1763.20138, "delta": 6.069485}}
{"target": -10.784858909728825, "params": {"C": 9.546445544588499, "gamma": 0.5932610542338059}, "datetime": {"datetime": "2021-06-19 15:36:38", "elapsed": 1769.59674, "delta": 6.39536}}
{"target": -10.768148820740135, "params": {"C": 9.822953424739977, "gamma": 0.6047208990396034}, "datetime": {"datetime": "2021-06-19 15:36:44", "elapsed": 1775.879314, "delta": 6.282574}}
{"target": -10.763573702030898, "params": {"C": 9.808768393472619, "gamma": 0.6283540890628881}, "datetime": {"datetime": "2021-06-19 15:36:58", "elapsed": 1789.003216, "delta": 13.123902}}
{"target": -16.906948713166166, "params": {"C": 9.614774468482224, "gamma": 4.578880374044725}, "datetime": {"datetime": "2021-06-19 15:37:02", "elapsed": 1793.692559, "delta": 4.689343}}
{"target": -10.756262899081465, "params": {"C": 9.963922553442961, "gamma": 0.6381805124622192}, "datetime": {"datetime": "2021-06-19 15:37:07", "elapsed": 1798.987251, "delta": 5.294692}}
{"target": -10.836907895503014, "params": {"C": 9.567878029054292, "gamma": 0.864824314804523}, "datetime": {"datetime": "2021-06-19 15:37:14", "elapsed": 1805.523316, "delta": 6.536065}}
{"target": -10.759343669876646, "params": {"C": 9.927688773837792, "gamma": 0.645974667329978}, "datetime": {"datetime": "2021-06-19 15:37:20", "elapsed": 1811.795772, "delta": 6.272456}}
{"target": -10.776874525533119, "params": {"C": 9.669515968399274, "gamma": 0.6642335751668705}, "datetime": {"datetime": "2021-06-19 15:37:35", "elapsed": 1826.607789, "delta": 14.812017}}
{"target": -10.77076218058389, "params": {"C": 9.625045515077272, "gamma": 0.6277827074511981}, "datetime": {"datetime": "2021-06-19 15:37:45", "elapsed": 1836.328853, "delta": 9.721064}}
{"target": -10.75830974924967, "params": {"C": 9.924323534904554, "gamma": 0.6309911831725389}, "datetime": {"datetime": "2021-06-19 15:37:51", "elapsed": 1842.133019, "delta": 5.804166}}
{"target": -10.791264129595515, "params": {"C": 9.330589984525439, "gamma": 0.6015344306304146}, "datetime": {"datetime": "2021-06-19 15:37:57", "elapsed": 1848.966944, "delta": 6.833925}}
{"target": -10.780404383048506, "params": {"C": 10.0, "gamma": 0.5613107308820949}, "datetime": {"datetime": "2021-06-19 15:38:07", "elapsed": 1858.750767, "delta": 9.783823}}
{"target": -10.782624132006617, "params": {"C": 9.748197285123881, "gamma": 0.6838181744328097}, "datetime": {"datetime": "2021-06-19 15:38:14", "elapsed": 1865.363514, "delta": 6.612747}}
{"target": -10.785352531382784, "params": {"C": 9.857510182155542, "gamma": 0.7052388425340381}, "datetime": {"datetime": "2021-06-19 15:38:25", "elapsed": 1876.570033, "delta": 11.206519}}
{"target": -10.776393800510062, "params": {"C": 9.846040197945477, "gamma": 0.5820353276283361}, "datetime": {"datetime": "2021-06-19 15:38:30", "elapsed": 1881.405742, "delta": 4.835709}}
{"target": -10.805034684491684, "params": {"C": 9.999483493579623, "gamma": 0.7845090729623642}, "datetime": {"datetime": "2021-06-19 15:38:36", "elapsed": 1887.784079, "delta": 6.378337}}
{"target": -12.695875050774163, "params": {"C": 2.31880035392718, "gamma": 0.4181773561210714}, "datetime": {"datetime": "2021-06-19 15:38:42", "elapsed": 1893.132645, "delta": 5.348566}}
{"target": -16.868158399450785, "params": {"C": 5.027140649407848, "gamma": 4.33508232980988}, "datetime": {"datetime": "2021-06-19 15:38:47", "elapsed": 1898.421961, "delta": 5.289316}}
{"target": -10.886189414623432, "params": {"C": 7.920798760619517, "gamma": 0.7102819741349662}, "datetime": {"datetime": "2021-06-19 15:38:54", "elapsed": 1905.222185, "delta": 6.800224}}
{"target": -10.769713167973268, "params": {"C": 9.74212188809826, "gamma": 0.6124271607703856}, "datetime": {"datetime": "2021-06-19 15:39:00", "elapsed": 1911.855076, "delta": 6.632891}}
{"target": -10.829401957260659, "params": {"C": 9.777844755344908, "gamma": 0.9047423864877888}, "datetime": {"datetime": "2021-06-19 15:39:05", "elapsed": 1916.591767, "delta": 4.736691}}
{"target": -10.760732412193185, "params": {"C": 9.895024226528994, "gamma": 0.6467126181582646}, "datetime": {"datetime": "2021-06-19 15:39:15", "elapsed": 1926.453722, "delta": 9.861955}}
{"target": -10.762314370207267, "params": {"C": 9.848915673098801, "gamma": 0.647060571884036}, "datetime": {"datetime": "2021-06-19 15:39:22", "elapsed": 1933.609855, "delta": 7.156133}}
{"target": -10.779491160290828, "params": {"C": 9.442460792138379, "gamma": 0.6181296309685816}, "datetime": {"datetime": "2021-06-19 15:39:29", "elapsed": 1940.753611, "delta": 7.143756}}
{"target": -10.760377459640601, "params": {"C": 9.8744972013494, "gamma": 0.6305850159916182}, "datetime": {"datetime": "2021-06-19 15:39:38", "elapsed": 1949.68086, "delta": 8.927249}}
{"target": -10.763605833764386, "params": {"C": 9.993813350071395, "gamma": 0.595921600271828}, "datetime": {"datetime": "2021-06-19 15:39:49", "elapsed": 1960.648427, "delta": 10.967567}}
{"target": -10.768663623708855, "params": {"C": 9.661680187130482, "gamma": 0.630482328718445}, "datetime": {"datetime": "2021-06-19 15:39:56", "elapsed": 1967.716692, "delta": 7.068265}}
{"target": -19.564932951537997, "params": {"C": 8.117876464566855, "gamma": 7.747898781597302}, "datetime": {"datetime": "2021-06-19 15:40:01", "elapsed": 1972.892062, "delta": 5.17537}}
{"target": -10.804198011801098, "params": {"C": 9.80555075203871, "gamma": 0.7611444483180496}, "datetime": {"datetime": "2021-06-19 15:40:09", "elapsed": 1980.962955, "delta": 8.070893}}
{"target": -10.783914893465694, "params": {"C": 9.525452396010836, "gamma": 0.6689942933355694}, "datetime": {"datetime": "2021-06-19 15:40:22", "elapsed": 1993.438494, "delta": 12.475539}}
{"target": -10.75775468338615, "params": {"C": 9.887775807200484, "gamma": 0.6396238729306971}, "datetime": {"datetime": "2021-06-19 15:40:31", "elapsed": 2002.219464, "delta": 8.78097}}
{"target": -10.756441508499798, "params": {"C": 9.955498842010991, "gamma": 0.6381720277596625}, "datetime": {"datetime": "2021-06-19 15:40:39", "elapsed": 2010.139033, "delta": 7.919569}}
{"target": -10.76332734011945, "params": {"C": 9.861861605730905, "gamma": 0.6217568509403056}, "datetime": {"datetime": "2021-06-19 15:40:46", "elapsed": 2017.502743, "delta": 7.36371}}
{"target": -10.798961375498772, "params": {"C": 9.002247951497196, "gamma": 0.6381736322468292}, "datetime": {"datetime": "2021-06-19 15:40:52", "elapsed": 2023.930645, "delta": 6.427902}}
{"target": -10.764316480913891, "params": {"C": 9.76922584258547, "gamma": 0.6311138370763275}, "datetime": {"datetime": "2021-06-19 15:40:59", "elapsed": 2030.715248, "delta": 6.784603}}
{"target": -10.763479742002858, "params": {"C": 9.934544755856644, "gamma": 0.609362632771781}, "datetime": {"datetime": "2021-06-19 15:41:05", "elapsed": 2036.778056, "delta": 6.062808}}
{"target": -10.75581126519522, "params": {"C": 9.98719615979104, "gamma": 0.6377029168738457}, "datetime": {"datetime": "2021-06-19 15:41:12", "elapsed": 2043.848629, "delta": 7.070573}}
{"target": -10.755906160299713, "params": {"C": 9.98693252555853, "gamma": 0.6366009611101817}, "datetime": {"datetime": "2021-06-19 15:41:22", "elapsed": 2053.814466, "delta": 9.965837}}
{"target": -10.767443513531049, "params": {"C": 9.832413555706484, "gamma": 0.6071678109389284}, "datetime": {"datetime": "2021-06-19 15:41:32", "elapsed": 2063.3341, "delta": 9.519634}}
{"target": -10.76302061314315, "params": {"C": 9.877124433755272, "gamma": 0.620719072371287}, "datetime": {"datetime": "2021-06-19 15:41:41", "elapsed": 2072.102871, "delta": 8.768771}}
{"target": -10.822762616828033, "params": {"C": 9.737598006412718, "gamma": 0.8177038752133551}, "datetime": {"datetime": "2021-06-19 15:41:46", "elapsed": 2077.809869, "delta": 5.706998}}
{"target": -10.760213473017718, "params": {"C": 9.968692202457577, "gamma": 0.6184073977576376}, "datetime": {"datetime": "2021-06-19 15:41:54", "elapsed": 2085.780058, "delta": 7.970189}}
{"target": -10.774619128185629, "params": {"C": 9.505449621702374, "gamma": 0.6395150068988446}, "datetime": {"datetime": "2021-06-19 15:42:04", "elapsed": 2095.356553, "delta": 9.576495}}
{"target": -10.783454256549845, "params": {"C": 9.338666867747861, "gamma": 0.6411351132882553}, "datetime": {"datetime": "2021-06-19 15:42:10", "elapsed": 2101.353193, "delta": 5.99664}}
{"target": -10.755200578326612, "params": {"C": 9.999446222431173, "gamma": 0.642358128399248}, "datetime": {"datetime": "2021-06-19 15:42:20", "elapsed": 2111.671486, "delta": 10.318293}}
{"target": -10.76335249356494, "params": {"C": 9.774276491544056, "gamma": 0.6336998949181165}, "datetime": {"datetime": "2021-06-19 15:42:32", "elapsed": 2123.192495, "delta": 11.521009}}
{"target": -10.75842116643223, "params": {"C": 9.984888117922733, "gamma": 0.622841637529117}, "datetime": {"datetime": "2021-06-19 15:42:38", "elapsed": 2129.506027, "delta": 6.313532}}
{"target": -10.764021486332483, "params": {"C": 9.959888695279114, "gamma": 0.6569919751086768}, "datetime": {"datetime": "2021-06-19 15:42:47", "elapsed": 2138.742898, "delta": 9.236871}}
{"target": -10.75904949079036, "params": {"C": 9.940068388292625, "gamma": 0.6265686188201238}, "datetime": {"datetime": "2021-06-19 15:42:54", "elapsed": 2145.295189, "delta": 6.552291}}
{"target": -10.759172679115268, "params": {"C": 9.865461656436004, "gamma": 0.6355109786715669}, "datetime": {"datetime": "2021-06-19 15:43:01", "elapsed": 2152.42409, "delta": 7.128901}}
{"target": -10.764088011674824, "params": {"C": 9.842386358105474, "gamma": 0.621623386855048}, "datetime": {"datetime": "2021-06-19 15:43:09", "elapsed": 2160.757045, "delta": 8.332955}}
{"target": -10.758360451429914, "params": {"C": 9.865634694600546, "gamma": 0.6379149759323108}, "datetime": {"datetime": "2021-06-19 15:43:19", "elapsed": 2170.585782, "delta": 9.828737}}
{"target": -10.765075259554047, "params": {"C": 9.949077582533347, "gamma": 0.6584721802657444}, "datetime": {"datetime": "2021-06-19 15:43:29", "elapsed": 2180.547204, "delta": 9.961422}}
{"target": -20.797186199803374, "params": {"C": 1.7870324195767615, "gamma": 7.383178760278096}, "datetime": {"datetime": "2021-06-19 15:43:34", "elapsed": 2185.557203, "delta": 5.009999}}
{"target": -10.758722456297422, "params": {"C": 9.909954664699578, "gamma": 0.643903099807488}, "datetime": {"datetime": "2021-06-19 15:43:44", "elapsed": 2195.386977, "delta": 9.829774}}
{"target": -10.762020047357082, "params": {"C": 9.962575573446786, "gamma": 0.6116402896787656}, "datetime": {"datetime": "2021-06-19 15:43:53", "elapsed": 2204.858221, "delta": 9.471244}}
{"target": -10.763933495628486, "params": {"C": 9.926856755040854, "gamma": 0.6084048389106532}, "datetime": {"datetime": "2021-06-19 15:44:01", "elapsed": 2212.481466, "delta": 7.623245}}
{"target": -10.75980146346687, "params": {"C": 9.81856189158852, "gamma": 0.6409415652261049}, "datetime": {"datetime": "2021-06-19 15:44:11", "elapsed": 2222.181471, "delta": 9.700005}}
{"target": -10.758557554747423, "params": {"C": 9.932595332931644, "gamma": 0.6291613474092554}, "datetime": {"datetime": "2021-06-19 15:44:21", "elapsed": 2232.038584, "delta": 9.857113}}
{"target": -10.75934491892776, "params": {"C": 9.84145978692278, "gamma": 0.6414748977825216}, "datetime": {"datetime": "2021-06-19 15:44:27", "elapsed": 2238.399636, "delta": 6.361052}}
{"target": -10.782093471687448, "params": {"C": 9.763661499341254, "gamma": 0.5790421464240778}, "datetime": {"datetime": "2021-06-19 15:44:33", "elapsed": 2244.871178, "delta": 6.471542}}
{"target": -10.762245685341163, "params": {"C": 9.99898136059037, "gamma": 0.6039136001172702}, "datetime": {"datetime": "2021-06-19 15:44:40", "elapsed": 2251.65057, "delta": 6.779392}}
{"target": -10.761923892932, "params": {"C": 9.830679349761743, "gamma": 0.6311138373739641}, "datetime": {"datetime": "2021-06-19 15:44:47", "elapsed": 2258.758568, "delta": 7.107998}}
{"target": -10.760454004614003, "params": {"C": 9.8622942689484, "gamma": 0.6318869857128103}, "datetime": {"datetime": "2021-06-19 15:44:56", "elapsed": 2267.465701, "delta": 8.707133}}
{"target": -10.759592749317779, "params": {"C": 9.872130301946342, "gamma": 0.6333991935250834}, "datetime": {"datetime": "2021-06-19 15:45:09", "elapsed": 2280.89468, "delta": 13.428979}}
{"target": -10.75569411977015, "params": {"C": 9.97661744804334, "gamma": 0.6420344878709696}, "datetime": {"datetime": "2021-06-19 15:45:19", "elapsed": 2290.785643, "delta": 9.890963}}
{"target": -10.760161372178867, "params": {"C": 9.93691054351558, "gamma": 0.6230830653609793}, "datetime": {"datetime": "2021-06-19 15:45:27", "elapsed": 2298.896133, "delta": 8.11049}}
{"target": -16.68882300978506, "params": {"C": 0.5061341445539563, "gamma": 1.4036311561894301}, "datetime": {"datetime": "2021-06-19 15:45:33", "elapsed": 2304.543734, "delta": 5.647601}}
{"target": -10.767886081019157, "params": {"C": 9.875150290657427, "gamma": 0.6593954026087905}, "datetime": {"datetime": "2021-06-19 15:45:52", "elapsed": 2323.501082, "delta": 18.957348}}
{"target": -10.764441114740752, "params": {"C": 9.86605154863982, "gamma": 0.651974600882797}, "datetime": {"datetime": "2021-06-19 15:46:02", "elapsed": 2333.784431, "delta": 10.283349}}
{"target": -10.759659003812779, "params": {"C": 9.987310663199102, "gamma": 0.6178903203406295}, "datetime": {"datetime": "2021-06-19 15:46:18", "elapsed": 2349.75683, "delta": 15.972399}}
{"target": -10.764960777035018, "params": {"C": 9.918731465349978, "gamma": 0.6562400706284384}, "datetime": {"datetime": "2021-06-19 15:46:30", "elapsed": 2361.927549, "delta": 12.170719}}
{"target": -18.59294187012734, "params": {"C": 9.459919457001389, "gamma": 6.546395672580108}, "datetime": {"datetime": "2021-06-19 15:46:37", "elapsed": 2368.483361, "delta": 6.555812}}
{"target": -10.759721230501812, "params": {"C": 9.871980921192481, "gamma": 0.6330135895810972}, "datetime": {"datetime": "2021-06-19 15:46:47", "elapsed": 2378.046368, "delta": 9.563007}}
{"target": -10.757448252182481, "params": {"C": 9.988266628789976, "gamma": 0.6458431515924146}, "datetime": {"datetime": "2021-06-19 15:46:56", "elapsed": 2387.822806, "delta": 9.776438}}
{"target": -10.761890116191994, "params": {"C": 9.852825056147575, "gamma": 0.6465089897727311}, "datetime": {"datetime": "2021-06-19 15:47:15", "elapsed": 2406.720534, "delta": 18.897728}}
{"target": -10.764085315478663, "params": {"C": 9.739479679739233, "gamma": 0.6422478650868547}, "datetime": {"datetime": "2021-06-19 15:47:22", "elapsed": 2413.515064, "delta": 6.79453}}
{"target": -10.772453890627478, "params": {"C": 9.543315825902141, "gamma": 0.6335515836894448}, "datetime": {"datetime": "2021-06-19 15:47:30", "elapsed": 2421.563293, "delta": 8.048229}}
{"target": -10.758175722075798, "params": {"C": 9.866401870582274, "gamma": 0.6400129519536341}, "datetime": {"datetime": "2021-06-19 15:47:43", "elapsed": 2434.218508, "delta": 12.655215}}
{"target": -10.766681942660057, "params": {"C": 9.896474839467949, "gamma": 0.5969748346231702}, "datetime": {"datetime": "2021-06-19 15:47:51", "elapsed": 2442.044202, "delta": 7.825694}}
{"target": -10.755559416604033, "params": {"C": 9.991905782775195, "gamma": 0.639362618635862}, "datetime": {"datetime": "2021-06-19 15:48:01", "elapsed": 2452.513067, "delta": 10.468865}}
{"target": -10.76462503802853, "params": {"C": 9.788322588631166, "gamma": 0.6273893319932792}, "datetime": {"datetime": "2021-06-19 15:48:11", "elapsed": 2462.771093, "delta": 10.258026}}
{"target": -10.810936422934807, "params": {"C": 9.631763342882682, "gamma": 0.5184709172774757}, "datetime": {"datetime": "2021-06-19 15:48:25", "elapsed": 2476.38484, "delta": 13.613747}}
{"target": -10.765718631439405, "params": {"C": 9.883745955187988, "gamma": 0.6068339641867904}, "datetime": {"datetime": "2021-06-19 15:48:31", "elapsed": 2482.304953, "delta": 5.920113}}
{"target": -10.767714991935712, "params": {"C": 9.742763294373827, "gamma": 0.6510066259161275}, "datetime": {"datetime": "2021-06-19 15:48:39", "elapsed": 2490.782713, "delta": 8.47776}}
{"target": -10.765821568748821, "params": {"C": 9.731654018046997, "gamma": 0.6465058661823915}, "datetime": {"datetime": "2021-06-19 15:48:48", "elapsed": 2499.831478, "delta": 9.048765}}
{"target": -10.756428896525929, "params": {"C": 9.967085866494399, "gamma": 0.6349940101753138}, "datetime": {"datetime": "2021-06-19 15:49:00", "elapsed": 2511.825829, "delta": 11.994351}}
{"target": -10.762961802183662, "params": {"C": 9.830327926670375, "gamma": 0.6275849863588869}, "datetime": {"datetime": "2021-06-19 15:49:09", "elapsed": 2520.855435, "delta": 9.029606}}
{"target": -10.757883216178122, "params": {"C": 9.952350474438306, "gamma": 0.6446651263908043}, "datetime": {"datetime": "2021-06-19 15:49:24", "elapsed": 2535.802305, "delta": 14.94687}}
{"target": -10.763172982138672, "params": {"C": 9.850693171449539, "gamma": 0.648720501667225}, "datetime": {"datetime": "2021-06-19 15:49:34", "elapsed": 2545.165891, "delta": 9.363586}}
{"target": -10.756529154755137, "params": {"C": 9.957454919368598, "gamma": 0.6425109539289197}, "datetime": {"datetime": "2021-06-19 15:49:45", "elapsed": 2556.935583, "delta": 11.769692}}
{"target": -10.760136141096869, "params": {"C": 9.825307541545573, "gamma": 0.6420162061925373}, "datetime": {"datetime": "2021-06-19 15:49:54", "elapsed": 2565.494127, "delta": 8.558544}}
{"target": -10.768421445635724, "params": {"C": 9.81998018385259, "gamma": 0.6035203856994884}, "datetime": {"datetime": "2021-06-19 15:50:07", "elapsed": 2578.712933, "delta": 13.218806}}
{"target": -10.761535291157514, "params": {"C": 9.861917360767945, "gamma": 0.6463625062270582}, "datetime": {"datetime": "2021-06-19 15:50:16", "elapsed": 2587.890986, "delta": 9.178053}}
{"target": -14.802841642667083, "params": {"C": 0.6435229043654445, "gamma": 0.3124132399182593}, "datetime": {"datetime": "2021-06-19 15:50:22", "elapsed": 2593.39186, "delta": 5.500874}}
{"target": -10.816682531136685, "params": {"C": 8.726125235696724, "gamma": 0.6147009416928674}, "datetime": {"datetime": "2021-06-19 15:50:32", "elapsed": 2603.207979, "delta": 9.816119}}
{"target": -16.35520309078365, "params": {"C": 4.688267679963025, "gamma": 3.8692745780721363}, "datetime": {"datetime": "2021-06-19 15:50:37", "elapsed": 2608.082087, "delta": 4.874108}}
{"target": -10.763772866368686, "params": {"C": 9.836467101920125, "gamma": 0.6237270581777257}, "datetime": {"datetime": "2021-06-19 15:50:47", "elapsed": 2618.577486, "delta": 10.495399}}
{"target": -10.76501570551847, "params": {"C": 9.877240332083412, "gamma": 0.6118588609102937}, "datetime": {"datetime": "2021-06-19 15:50:54", "elapsed": 2625.776214, "delta": 7.198728}}
{"target": -19.408730770970443, "params": {"C": 2.2874807104327632, "gamma": 6.18434707400525}, "datetime": {"datetime": "2021-06-19 15:50:59", "elapsed": 2630.832407, "delta": 5.056193}}
{"target": -10.763358910851078, "params": {"C": 9.77004479977873, "gamma": 0.6342261738966585}, "datetime": {"datetime": "2021-06-19 15:51:07", "elapsed": 2638.456474, "delta": 7.624067}}
