{"target": -10.36361405363376, "params": {"C": 8.013209480337002, "gamma": 0.7292184920281571}, "datetime": {"datetime": "2021-06-19 19:28:41", "elapsed": 59.942329, "delta": 1.091206}}
{"target": -11.428814359612065, "params": {"C": 4.5485447634347524, "gamma": 1.890315722271782}, "datetime": {"datetime": "2021-06-19 19:28:42", "elapsed": 61.006329, "delta": 1.064}}
{"target": -14.56199539924955, "params": {"C": 2.6299496367732287, "gamma": 7.544151868291109}, "datetime": {"datetime": "2021-06-19 19:28:43", "elapsed": 61.605328, "delta": 0.598999}}
{"target": -10.492645524401652, "params": {"C": 6.359389338171875, "gamma": 0.6801699810884843}, "datetime": {"datetime": "2021-06-19 19:28:44", "elapsed": 62.53633, "delta": 0.931002}}
{"target": -10.796338876200373, "params": {"C": 10.0, "gamma": 1.6125047568885449}, "datetime": {"datetime": "2021-06-19 19:28:44", "elapsed": 63.237839, "delta": 0.701509}}
{"target": -13.27602846377812, "params": {"C": 3.530573633458463, "gamma": 5.428010535594208}, "datetime": {"datetime": "2021-06-19 19:28:45", "elapsed": 63.752106, "delta": 0.514267}}
{"target": -11.35066275320403, "params": {"C": 8.627420894182016, "gamma": 2.3676575814596705}, "datetime": {"datetime": "2021-06-19 19:28:46", "elapsed": 64.772417, "delta": 1.020311}}
{"target": -10.610865352201625, "params": {"C": 5.218318087512841, "gamma": 0.6816737930608815}, "datetime": {"datetime": "2021-06-19 19:28:47", "elapsed": 65.650881, "delta": 0.878464}}
{"target": -10.43096081935574, "params": {"C": 7.18704236531781, "gamma": 0.784310487163112}, "datetime": {"datetime": "2021-06-19 19:28:48", "elapsed": 66.612122, "delta": 0.961241}}
{"target": -13.340688033684739, "params": {"C": 8.024742341395386, "gamma": 7.746112052338098}, "datetime": {"datetime": "2021-06-19 19:28:48", "elapsed": 67.201819, "delta": 0.589697}}
{"target": -12.551964273561483, "params": {"C": 6.807941446090065, "gamma": 5.290307021821568}, "datetime": {"datetime": "2021-06-19 19:28:49", "elapsed": 67.729938, "delta": 0.528119}}
{"target": -11.359613942371833, "params": {"C": 5.840051887593288, "gamma": 2.04462945586014}, "datetime": {"datetime": "2021-06-19 19:28:50", "elapsed": 68.560846, "delta": 0.830908}}
{"target": -11.501154679874668, "params": {"C": 7.9150046971949095, "gamma": 2.600391896102238}, "datetime": {"datetime": "2021-06-19 19:28:51", "elapsed": 69.496483, "delta": 0.935637}}
{"target": -11.500312000671968, "params": {"C": 7.240520560958524, "gamma": 2.491167516627273}, "datetime": {"datetime": "2021-06-19 19:28:52", "elapsed": 70.564421, "delta": 1.067938}}
{"target": -11.258188268101636, "params": {"C": 10.0, "gamma": 2.3190821394532306}, "datetime": {"datetime": "2021-06-19 19:28:53", "elapsed": 71.417035, "delta": 0.852614}}
{"target": -11.469462627301457, "params": {"C": 9.69585607863574, "gamma": 2.8306086201442215}, "datetime": {"datetime": "2021-06-19 19:28:54", "elapsed": 72.396477, "delta": 0.979442}}
{"target": -11.541695236866675, "params": {"C": 6.484987217020422, "gamma": 2.4572834329390725}, "datetime": {"datetime": "2021-06-19 19:28:54", "elapsed": 73.238148, "delta": 0.841671}}
{"target": -10.462465442321973, "params": {"C": 6.786056741221197, "gamma": 0.7439678501230009}, "datetime": {"datetime": "2021-06-19 19:28:55", "elapsed": 74.067897, "delta": 0.829749}}
{"target": -10.346789268966106, "params": {"C": 8.305924348559998, "gamma": 0.8104278661063616}, "datetime": {"datetime": "2021-06-19 19:28:56", "elapsed": 74.935383, "delta": 0.867486}}
{"target": -10.959004095400646, "params": {"C": 4.285348206392504, "gamma": 1.0378161209019319}, "datetime": {"datetime": "2021-06-19 19:28:57", "elapsed": 75.528808, "delta": 0.593425}}
{"target": -11.66300543599615, "params": {"C": 8.393287638918551, "gamma": 3.1782045213119305}, "datetime": {"datetime": "2021-06-19 19:28:58", "elapsed": 76.408395, "delta": 0.879587}}
{"target": -11.632875019130896, "params": {"C": 5.187539060061752, "gamma": 2.3777725596606487}, "datetime": {"datetime": "2021-06-19 19:28:59", "elapsed": 77.444737, "delta": 1.036342}}
{"target": -14.904908451800559, "params": {"C": 0.8580273435683942, "gamma": 3.57039440984055}, "datetime": {"datetime": "2021-06-19 19:28:59", "elapsed": 78.034053, "delta": 0.589316}}
{"target": -13.413321416731375, "params": {"C": 1.242698605930446, "gamma": 2.374620041406498}, "datetime": {"datetime": "2021-06-19 19:29:00", "elapsed": 78.629641, "delta": 0.595588}}
{"target": -11.384908237322113, "params": {"C": 2.86821325589206, "gamma": 0.5363327667294768}, "datetime": {"datetime": "2021-06-19 19:29:01", "elapsed": 79.516834, "delta": 0.887193}}
{"target": -13.822064235448849, "params": {"C": 3.6198640078385558, "gamma": 6.780383265847954}, "datetime": {"datetime": "2021-06-19 19:29:01", "elapsed": 80.139798, "delta": 0.622964}}
{"target": -11.09251589404248, "params": {"C": 3.305249361838941, "gamma": 0.8261320485392736}, "datetime": {"datetime": "2021-06-19 19:29:02", "elapsed": 81.02574, "delta": 0.885942}}
{"target": -11.767899225315842, "params": {"C": 3.3592509675364797, "gamma": 1.94808838217965}, "datetime": {"datetime": "2021-06-19 19:29:03", "elapsed": 81.907407, "delta": 0.881667}}
{"target": -11.763098355470685, "params": {"C": 5.837823728694964, "gamma": 2.785940079186764}, "datetime": {"datetime": "2021-06-19 19:29:04", "elapsed": 82.720448, "delta": 0.813041}}
{"target": -11.065954531090295, "params": {"C": 8.709698556127496, "gamma": 1.8946729679325132}, "datetime": {"datetime": "2021-06-19 19:29:05", "elapsed": 83.614603, "delta": 0.894155}}
{"target": -24.59589115758107, "params": {"C": 3.0646216799668835, "gamma": 0.001}, "datetime": {"datetime": "2021-06-19 19:29:06", "elapsed": 84.569512, "delta": 0.954909}}
{"target": -11.396942447544516, "params": {"C": 2.62734328557725, "gamma": 0.7847978267730772}, "datetime": {"datetime": "2021-06-19 19:29:07", "elapsed": 85.487054, "delta": 0.917542}}
{"target": -11.231429205775392, "params": {"C": 2.9484773829090014, "gamma": 0.7823789399178788}, "datetime": {"datetime": "2021-06-19 19:29:08", "elapsed": 86.487287, "delta": 1.000233}}
{"target": -10.998020970283658, "params": {"C": 3.6422710876723894, "gamma": 0.6197017488401849}, "datetime": {"datetime": "2021-06-19 19:29:09", "elapsed": 87.47649, "delta": 0.989203}}
{"target": -10.570722597423055, "params": {"C": 6.066962274912653, "gamma": 0.5004821102149}, "datetime": {"datetime": "2021-06-19 19:29:10", "elapsed": 88.363358, "delta": 0.886868}}
{"target": -10.504251707321298, "params": {"C": 9.344609581547438, "gamma": 1.2050581301902472}, "datetime": {"datetime": "2021-06-19 19:29:11", "elapsed": 89.329196, "delta": 0.965838}}
{"target": -11.033674238937913, "params": {"C": 6.8093211616944345, "gamma": 1.7031917688909863}, "datetime": {"datetime": "2021-06-19 19:29:11", "elapsed": 90.161616, "delta": 0.83242}}
{"target": -10.63647487622774, "params": {"C": 7.967874172747268, "gamma": 1.2682992153139148}, "datetime": {"datetime": "2021-06-19 19:29:12", "elapsed": 91.06071, "delta": 0.899094}}
{"target": -10.27211693501712, "params": {"C": 9.657265095866078, "gamma": 0.6295913973018572}, "datetime": {"datetime": "2021-06-19 19:29:13", "elapsed": 91.713052, "delta": 0.652342}}
{"target": -10.66454724912661, "params": {"C": 4.9174949218776165, "gamma": 0.7032487282536444}, "datetime": {"datetime": "2021-06-19 19:29:14", "elapsed": 92.678243, "delta": 0.965191}}
{"target": -10.960624750174091, "params": {"C": 4.895496024865207, "gamma": 1.208711812920144}, "datetime": {"datetime": "2021-06-19 19:29:15", "elapsed": 93.534301, "delta": 0.856058}}
{"target": -10.466024121954302, "params": {"C": 7.966899637447027, "gamma": 0.4634003998499557}, "datetime": {"datetime": "2021-06-19 19:29:16", "elapsed": 94.347892, "delta": 0.813591}}
{"target": -11.070707454331501, "params": {"C": 6.104525667501724, "gamma": 1.6629183928674904}, "datetime": {"datetime": "2021-06-19 19:29:16", "elapsed": 95.184088, "delta": 0.836196}}
{"target": -11.326409317766501, "params": {"C": 9.59174039846042, "gamma": 2.423268939052974}, "datetime": {"datetime": "2021-06-19 19:29:17", "elapsed": 96.166936, "delta": 0.982848}}
{"target": -10.307453192556562, "params": {"C": 8.810614994358959, "gamma": 0.740242168186538}, "datetime": {"datetime": "2021-06-19 19:29:18", "elapsed": 97.20469, "delta": 1.037754}}
{"target": -10.63797130888621, "params": {"C": 7.495810328839147, "gamma": 1.2172475901047646}, "datetime": {"datetime": "2021-06-19 19:29:19", "elapsed": 98.031844, "delta": 0.827154}}
{"target": -11.3314570242424, "params": {"C": 6.854663445778147, "gamma": 2.1396290596127483}, "datetime": {"datetime": "2021-06-19 19:29:20", "elapsed": 99.038582, "delta": 1.006738}}
{"target": -10.58880879747876, "params": {"C": 5.495142945538627, "gamma": 0.5874949769166258}, "datetime": {"datetime": "2021-06-19 19:29:21", "elapsed": 100.080947, "delta": 1.042365}}
{"target": -10.382586090992813, "params": {"C": 9.823077637006898, "gamma": 0.4648335023431745}, "datetime": {"datetime": "2021-06-19 19:29:22", "elapsed": 101.027871, "delta": 0.946924}}
{"target": -14.976750028022565, "params": {"C": 3.58839108339598, "gamma": 9.726306889356598}, "datetime": {"datetime": "2021-06-19 19:29:23", "elapsed": 101.688045, "delta": 0.660174}}
{"target": -11.821872247945969, "params": {"C": 8.665614721350382, "gamma": 3.8519715299889867}, "datetime": {"datetime": "2021-06-19 19:29:24", "elapsed": 102.672848, "delta": 0.984803}}
{"target": -10.871438586344045, "params": {"C": 6.462428001765931, "gamma": 1.4282144567943005}, "datetime": {"datetime": "2021-06-19 19:29:25", "elapsed": 103.623243, "delta": 0.950395}}
{"target": -11.625085483867023, "params": {"C": 9.931020864298173, "gamma": 3.5547045309420917}, "datetime": {"datetime": "2021-06-19 19:29:26", "elapsed": 104.547123, "delta": 0.92388}}
{"target": -12.259687366241792, "params": {"C": 4.364741657631033, "gamma": 3.484405773691811}, "datetime": {"datetime": "2021-06-19 19:29:26", "elapsed": 105.228584, "delta": 0.681461}}
{"target": -11.835845380859475, "params": {"C": 9.514660152680477, "gamma": 4.113691293351047}, "datetime": {"datetime": "2021-06-19 19:29:27", "elapsed": 106.117119, "delta": 0.888535}}
{"target": -10.347805393641876, "params": {"C": 8.30644043882689, "gamma": 0.8146727964279014}, "datetime": {"datetime": "2021-06-19 19:29:28", "elapsed": 106.787027, "delta": 0.669908}}
{"target": -11.987476426425879, "params": {"C": 6.168368699371089, "gamma": 3.4980735920087294}, "datetime": {"datetime": "2021-06-19 19:29:29", "elapsed": 107.946633, "delta": 1.159606}}
{"target": -11.98279261108269, "params": {"C": 5.200343378973061, "gamma": 3.1265041581317754}, "datetime": {"datetime": "2021-06-19 19:29:30", "elapsed": 108.944088, "delta": 0.997455}}
{"target": -11.97371420671399, "params": {"C": 7.946967972851217, "gamma": 4.120391626973938}, "datetime": {"datetime": "2021-06-19 19:29:31", "elapsed": 109.819839, "delta": 0.875751}}
{"target": -11.845503215748034, "params": {"C": 4.625444277547622, "gamma": 2.635259044829894}, "datetime": {"datetime": "2021-06-19 19:29:32", "elapsed": 110.830053, "delta": 1.010214}}
{"target": -12.053159415068817, "params": {"C": 8.831397885201321, "gamma": 4.579473896174627}, "datetime": {"datetime": "2021-06-19 19:29:33", "elapsed": 112.039417, "delta": 1.209364}}
{"target": -10.561387257364462, "params": {"C": 7.195820278181934, "gamma": 1.0668827915498973}, "datetime": {"datetime": "2021-06-19 19:29:34", "elapsed": 112.868797, "delta": 0.82938}}
{"target": -12.169402726404304, "params": {"C": 3.443308420109052, "gamma": 2.8191921680311007}, "datetime": {"datetime": "2021-06-19 19:29:35", "elapsed": 113.711319, "delta": 0.842522}}
{"target": -10.865125527633634, "params": {"C": 8.03509995454616, "gamma": 1.5998138249657092}, "datetime": {"datetime": "2021-06-19 19:29:36", "elapsed": 114.676516, "delta": 0.965197}}
{"target": -12.305807185038056, "params": {"C": 4.920392934074798, "gamma": 3.8871500370352927}, "datetime": {"datetime": "2021-06-19 19:29:37", "elapsed": 115.397849, "delta": 0.721333}}
{"target": -10.55847574354043, "params": {"C": 5.797825600674545, "gamma": 0.7439361516321307}, "datetime": {"datetime": "2021-06-19 19:29:38", "elapsed": 116.575851, "delta": 1.178002}}
{"target": -12.307124791023181, "params": {"C": 7.990785851377163, "gamma": 5.006507107306898}, "datetime": {"datetime": "2021-06-19 19:29:39", "elapsed": 117.638142, "delta": 1.062291}}
{"target": -11.255881901317046, "params": {"C": 5.481675879902516, "gamma": 1.8268814992330542}, "datetime": {"datetime": "2021-06-19 19:29:40", "elapsed": 118.488073, "delta": 0.849931}}
{"target": -12.287076065022925, "params": {"C": 5.8441495416656295, "gamma": 4.298854899279067}, "datetime": {"datetime": "2021-06-19 19:29:41", "elapsed": 119.467302, "delta": 0.979229}}
{"target": -13.99124276372849, "params": {"C": 10.0, "gamma": 10.0}, "datetime": {"datetime": "2021-06-19 19:29:42", "elapsed": 120.597755, "delta": 1.130453}}
{"target": -14.452973100449018, "params": {"C": 3.860405504205809, "gamma": 8.648461714852901}, "datetime": {"datetime": "2021-06-19 19:29:43", "elapsed": 121.298754, "delta": 0.700999}}
{"target": -11.95641065605277, "params": {"C": 10.0, "gamma": 4.5615074202426955}, "datetime": {"datetime": "2021-06-19 19:29:43", "elapsed": 122.190522, "delta": 0.891768}}
{"target": -14.40215189353512, "params": {"C": 6.177309258648307, "gamma": 9.976477655683512}, "datetime": {"datetime": "2021-06-19 19:29:44", "elapsed": 123.145356, "delta": 0.954834}}
{"target": -10.46007044147243, "params": {"C": 7.202596430689901, "gamma": 0.5612373086820466}, "datetime": {"datetime": "2021-06-19 19:29:45", "elapsed": 123.816981, "delta": 0.671625}}
{"target": -11.375373534736651, "params": {"C": 6.47585596006311, "gamma": 0.17639721349448217}, "datetime": {"datetime": "2021-06-19 19:29:46", "elapsed": 124.541268, "delta": 0.724287}}
{"target": -11.628342543077705, "params": {"C": 6.1140960603538055, "gamma": 0.1474661590607835}, "datetime": {"datetime": "2021-06-19 19:29:47", "elapsed": 125.32366, "delta": 0.782392}}
{"target": -11.667263310092874, "params": {"C": 7.548089116892484, "gamma": 2.9528076027550423}, "datetime": {"datetime": "2021-06-19 19:29:47", "elapsed": 126.140181, "delta": 0.816521}}
{"target": -11.06098166598419, "params": {"C": 9.996168037007255, "gamma": 1.965002012748002}, "datetime": {"datetime": "2021-06-19 19:29:48", "elapsed": 127.085944, "delta": 0.945763}}
{"target": -12.68458948833909, "params": {"C": 3.3507008249045254, "gamma": 3.89722349853309}, "datetime": {"datetime": "2021-06-19 19:29:49", "elapsed": 127.948595, "delta": 0.862651}}
{"target": -10.267504059082441, "params": {"C": 9.495182701037455, "gamma": 0.6996738328971359}, "datetime": {"datetime": "2021-06-19 19:29:50", "elapsed": 129.103562, "delta": 1.154967}}
{"target": -11.177459323542742, "params": {"C": 3.915005887644867, "gamma": 1.246441767152808}, "datetime": {"datetime": "2021-06-19 19:29:51", "elapsed": 130.147771, "delta": 1.044209}}
{"target": -10.895936948509792, "params": {"C": 9.33223124965555, "gamma": 1.7022407976766096}, "datetime": {"datetime": "2021-06-19 19:29:52", "elapsed": 131.113348, "delta": 0.965577}}
{"target": -13.947330751718855, "params": {"C": 5.407687881197028, "gamma": 8.383820119727602}, "datetime": {"datetime": "2021-06-19 19:29:54", "elapsed": 132.329419, "delta": 1.216071}}
{"target": -12.7146397707449, "params": {"C": 5.594309618079116, "gamma": 5.261772059832948}, "datetime": {"datetime": "2021-06-19 19:29:55", "elapsed": 133.461802, "delta": 1.132383}}
{"target": -10.40669853019268, "params": {"C": 8.963988851449123, "gamma": 0.47734597368218995}, "datetime": {"datetime": "2021-06-19 19:29:56", "elapsed": 134.35531, "delta": 0.893508}}
{"target": -12.0895029379794, "params": {"C": 2.7367298475493236, "gamma": 2.105710844780026}, "datetime": {"datetime": "2021-06-19 19:29:57", "elapsed": 135.429024, "delta": 1.073714}}
{"target": -10.851640229660399, "params": {"C": 8.440328622713379, "gamma": 1.6095036063830626}, "datetime": {"datetime": "2021-06-19 19:29:58", "elapsed": 136.320882, "delta": 0.891858}}
{"target": -12.695291529198782, "params": {"C": 7.802347363912969, "gamma": 5.9455831430301975}, "datetime": {"datetime": "2021-06-19 19:29:59", "elapsed": 137.276761, "delta": 0.955879}}
{"target": -11.95841307587956, "params": {"C": 2.2219448129664747, "gamma": 1.4450466887920155}, "datetime": {"datetime": "2021-06-19 19:30:00", "elapsed": 138.632728, "delta": 1.355967}}
{"target": -13.482837821212618, "params": {"C": 1.0185105151862792, "gamma": 1.9220934925935163}, "datetime": {"datetime": "2021-06-19 19:30:01", "elapsed": 139.437871, "delta": 0.805143}}
{"target": -10.494290466406898, "params": {"C": 6.564690582579334, "gamma": 0.6001271644696611}, "datetime": {"datetime": "2021-06-19 19:30:02", "elapsed": 140.426531, "delta": 0.98866}}
{"target": -13.48640058258023, "params": {"C": 10.0, "gamma": 8.619614434248332}, "datetime": {"datetime": "2021-06-19 19:30:02", "elapsed": 141.259838, "delta": 0.833307}}
{"target": -13.40610391392299, "params": {"C": 2.550540089941809, "gamma": 4.85146752461875}, "datetime": {"datetime": "2021-06-19 19:30:04", "elapsed": 142.485368, "delta": 1.22553}}
{"target": -10.621024212859423, "params": {"C": 6.28013416546413, "gamma": 0.9973952680176276}, "datetime": {"datetime": "2021-06-19 19:30:05", "elapsed": 143.618629, "delta": 1.133261}}
{"target": -37.25854010018277, "params": {"C": 0.001, "gamma": 0.001}, "datetime": {"datetime": "2021-06-19 19:30:06", "elapsed": 144.549176, "delta": 0.930547}}
{"target": -10.771115915630356, "params": {"C": 9.732634750095663, "gamma": 1.5743198577772506}, "datetime": {"datetime": "2021-06-19 19:30:07", "elapsed": 145.549575, "delta": 1.000399}}
{"target": -10.66030113057117, "params": {"C": 6.616353140186451, "gamma": 1.1225452855321791}, "datetime": {"datetime": "2021-06-19 19:30:08", "elapsed": 146.516952, "delta": 0.967377}}
{"target": -10.535551426736959, "params": {"C": 7.558273696717377, "gamma": 0.42248673003266196}, "datetime": {"datetime": "2021-06-19 19:30:09", "elapsed": 147.518267, "delta": 1.001315}}
{"target": -10.433104118201852, "params": {"C": 9.603187113108568, "gamma": 1.1362776406736534}, "datetime": {"datetime": "2021-06-19 19:30:10", "elapsed": 148.501285, "delta": 0.983018}}
{"target": -13.419544130604386, "params": {"C": 1.565299839940047, "gamma": 0.14876713621835042}, "datetime": {"datetime": "2021-06-19 19:30:11", "elapsed": 149.758023, "delta": 1.256738}}
{"target": -11.784434752096617, "params": {"C": 8.092679552828905, "gamma": 3.5369950245153063}, "datetime": {"datetime": "2021-06-19 19:30:12", "elapsed": 150.965089, "delta": 1.207066}}
{"target": -10.54679841599307, "params": {"C": 9.995402749130674, "gamma": 1.3025586160432674}, "datetime": {"datetime": "2021-06-19 19:30:13", "elapsed": 152.087097, "delta": 1.122008}}
{"target": -10.445849289813115, "params": {"C": 6.990378733381346, "gamma": 0.6375321224420641}, "datetime": {"datetime": "2021-06-19 19:30:15", "elapsed": 153.283124, "delta": 1.196027}}
{"target": -10.278476231836734, "params": {"C": 9.213372253153603, "gamma": 0.7942971438644764}, "datetime": {"datetime": "2021-06-19 19:30:16", "elapsed": 154.468694, "delta": 1.18557}}
{"target": -11.765489121623212, "params": {"C": 6.417937021340811, "gamma": 2.931599406320496}, "datetime": {"datetime": "2021-06-19 19:30:17", "elapsed": 155.614274, "delta": 1.14558}}
{"target": -11.129200585421207, "params": {"C": 3.8064631718465805, "gamma": 0.42326389373830364}, "datetime": {"datetime": "2021-06-19 19:30:18", "elapsed": 156.632294, "delta": 1.01802}}
{"target": -11.513065668485737, "params": {"C": 9.995528257491058, "gamma": 3.068243789001434}, "datetime": {"datetime": "2021-06-19 19:30:19", "elapsed": 157.581523, "delta": 0.949229}}
{"target": -10.227578470823277, "params": {"C": 10.0, "gamma": 0.7901267207510699}, "datetime": {"datetime": "2021-06-19 19:30:20", "elapsed": 158.530828, "delta": 0.949305}}
{"target": -12.613041736174885, "params": {"C": 4.316471930902875, "gamma": 4.433554022377827}, "datetime": {"datetime": "2021-06-19 19:30:21", "elapsed": 159.47565, "delta": 0.944822}}
{"target": -14.241529663118296, "params": {"C": 3.7796698290783763, "gamma": 8.020585915325494}, "datetime": {"datetime": "2021-06-19 19:30:22", "elapsed": 160.302905, "delta": 0.827255}}
{"target": -10.368390263577874, "params": {"C": 8.814276736007914, "gamma": 0.537222336901671}, "datetime": {"datetime": "2021-06-19 19:30:23", "elapsed": 161.369947, "delta": 1.067042}}
{"target": -10.808306140402436, "params": {"C": 4.185526207196171, "gamma": 0.7217186667029998}, "datetime": {"datetime": "2021-06-19 19:30:24", "elapsed": 162.628296, "delta": 1.258349}}
{"target": -10.539164961206666, "params": {"C": 9.060873444957423, "gamma": 1.2293272650284957}, "datetime": {"datetime": "2021-06-19 19:30:25", "elapsed": 163.412969, "delta": 0.784673}}
{"target": -37.04022787802816, "params": {"C": 0.001, "gamma": 10.0}, "datetime": {"datetime": "2021-06-19 19:30:26", "elapsed": 164.693078, "delta": 1.280109}}
{"target": -10.954957699787881, "params": {"C": 7.445259760816303, "gamma": 1.6651687266984432}, "datetime": {"datetime": "2021-06-19 19:30:27", "elapsed": 166.043098, "delta": 1.35002}}
{"target": -10.349791585444898, "params": {"C": 8.4321789856854, "gamma": 0.6141068528982687}, "datetime": {"datetime": "2021-06-19 19:30:28", "elapsed": 167.091044, "delta": 1.047946}}
{"target": -11.507004920343253, "params": {"C": 8.421792298819605, "gamma": 2.6970530937623765}, "datetime": {"datetime": "2021-06-19 19:30:29", "elapsed": 168.14806, "delta": 1.057016}}
{"target": -12.214067628965912, "params": {"C": 7.404271237579848, "gamma": 4.654597983514331}, "datetime": {"datetime": "2021-06-19 19:30:31", "elapsed": 169.41149, "delta": 1.26343}}
