{"target": -10.156730350908608, "params": {"C": 231.22015185725115, "gamma": 1.0}, "datetime": {"datetime": "2021-06-21 08:43:51", "elapsed": 622.306995, "delta": 2.665605}}
{"target": -9.937199361838456, "params": {"C": 151.04175903424303, "gamma": 0.3040474257478702}, "datetime": {"datetime": "2021-06-21 08:43:56", "elapsed": 627.720451, "delta": 5.413456}}
{"target": -9.936985015463495, "params": {"C": 148.00428214362805, "gamma": 0.30510699163404226}, "datetime": {"datetime": "2021-06-21 08:44:01", "elapsed": 632.20804, "delta": 4.487589}}
{"target": -9.731047216551643, "params": {"C": 148.80618007681295, "gamma": 0.5553773916916114}, "datetime": {"datetime": "2021-06-21 08:44:04", "elapsed": 635.826733, "delta": 3.618693}}
{"target": -9.905866600686231, "params": {"C": 148.87769256067082, "gamma": 0.3168086462229914}, "datetime": {"datetime": "2021-06-21 08:44:08", "elapsed": 639.287729, "delta": 3.460996}}
{"target": -9.932620406542583, "params": {"C": 169.635870300336, "gamma": 0.3}, "datetime": {"datetime": "2021-06-21 08:44:11", "elapsed": 642.516478, "delta": 3.228749}}
{"target": -9.69883296372798, "params": {"C": 142.4017893008738, "gamma": 0.5249392921666464}, "datetime": {"datetime": "2021-06-21 08:44:13", "elapsed": 644.456478, "delta": 1.94}}
{"target": -9.79703876343214, "params": {"C": 141.23305593451818, "gamma": 0.6133065106783429}, "datetime": {"datetime": "2021-06-21 08:44:15", "elapsed": 646.960132, "delta": 2.503654}}
{"target": -10.111295939880536, "params": {"C": 102.59449495916553, "gamma": 1.0}, "datetime": {"datetime": "2021-06-21 08:44:19", "elapsed": 650.298768, "delta": 3.338636}}
{"target": -9.844085982283854, "params": {"C": 249.58785022557265, "gamma": 0.3230047191301694}, "datetime": {"datetime": "2021-06-21 08:44:23", "elapsed": 654.350767, "delta": 4.051999}}
{"target": -10.092402122389005, "params": {"C": 122.86087519834743, "gamma": 0.9896942609748218}, "datetime": {"datetime": "2021-06-21 08:44:27", "elapsed": 658.27976, "delta": 3.928993}}
{"target": -10.043441667144776, "params": {"C": 158.75077452398858, "gamma": 0.9442630926551776}, "datetime": {"datetime": "2021-06-21 08:44:29", "elapsed": 660.942356, "delta": 2.662596}}
{"target": -9.877109690830363, "params": {"C": 167.46743013615884, "gamma": 0.32054280845601335}, "datetime": {"datetime": "2021-06-21 08:44:32", "elapsed": 663.279352, "delta": 2.336996}}
{"target": -9.928507844479867, "params": {"C": 174.57883094812328, "gamma": 0.3}, "datetime": {"datetime": "2021-06-21 08:44:34", "elapsed": 665.557121, "delta": 2.277769}}
{"target": -9.874235676997948, "params": {"C": 260.06924001111736, "gamma": 0.3}, "datetime": {"datetime": "2021-06-21 08:44:38", "elapsed": 669.921795, "delta": 4.364674}}
{"target": -10.28603011987174, "params": {"C": 272.2034479365758, "gamma": 1.0}, "datetime": {"datetime": "2021-06-21 08:44:41", "elapsed": 672.831797, "delta": 2.910002}}
{"target": -9.872919473220024, "params": {"C": 293.9580995107582, "gamma": 0.30322263364447316}, "datetime": {"datetime": "2021-06-21 08:44:44", "elapsed": 676.020426, "delta": 3.188629}}
{"target": -9.811712514483462, "params": {"C": 147.5052656279899, "gamma": 0.6262002558914093}, "datetime": {"datetime": "2021-06-21 08:44:48", "elapsed": 679.237428, "delta": 3.217002}}
{"target": -10.058387215761941, "params": {"C": 138.79254369835292, "gamma": 0.9393886369249531}, "datetime": {"datetime": "2021-06-21 08:44:53", "elapsed": 684.269098, "delta": 5.03167}}
{"target": -9.93947660246171, "params": {"C": 152.11209086813597, "gamma": 0.30282376811360123}, "datetime": {"datetime": "2021-06-21 08:44:57", "elapsed": 689.029469, "delta": 4.760371}}
{"target": -9.894503317314939, "params": {"C": 215.02534209034334, "gamma": 0.3}, "datetime": {"datetime": "2021-06-21 08:45:03", "elapsed": 695.045346, "delta": 6.015877}}
{"target": -9.93264928047689, "params": {"C": 131.0434744649523, "gamma": 0.3125906259083537}, "datetime": {"datetime": "2021-06-21 08:45:07", "elapsed": 698.57301, "delta": 3.527664}}
{"target": -10.22850770811924, "params": {"C": 267.6493614151991, "gamma": 0.9787770670730644}, "datetime": {"datetime": "2021-06-21 08:45:10", "elapsed": 701.33867, "delta": 2.76566}}
{"target": -9.977205756690982, "params": {"C": 124.98059948524535, "gamma": 0.3}, "datetime": {"datetime": "2021-06-21 08:45:11", "elapsed": 703.105353, "delta": 1.766683}}
{"target": -9.856131989599708, "params": {"C": 275.44177544967306, "gamma": 0.3147344100715283}, "datetime": {"datetime": "2021-06-21 08:45:15", "elapsed": 706.492934, "delta": 3.387581}}
{"target": -9.824577709203297, "params": {"C": 214.88446642660506, "gamma": 0.6425155432937508}, "datetime": {"datetime": "2021-06-21 08:45:17", "elapsed": 708.554525, "delta": 2.061591}}
{"target": -9.876677242155608, "params": {"C": 244.2475518310878, "gamma": 0.3}, "datetime": {"datetime": "2021-06-21 08:45:19", "elapsed": 710.710143, "delta": 2.155618}}
{"target": -9.775310946158505, "params": {"C": 216.08793810885248, "gamma": 0.599066750195062}, "datetime": {"datetime": "2021-06-21 08:45:24", "elapsed": 715.224345, "delta": 4.514202}}
{"target": -9.852028690453391, "params": {"C": 218.1154583389548, "gamma": 0.3159213907688265}, "datetime": {"datetime": "2021-06-21 08:45:27", "elapsed": 718.827355, "delta": 3.60301}}
{"target": -9.87378422090349, "params": {"C": 287.0008511916369, "gamma": 0.30243130856941625}, "datetime": {"datetime": "2021-06-21 08:45:32", "elapsed": 723.954608, "delta": 5.127253}}
{"target": -9.978788391649402, "params": {"C": 123.69560556791323, "gamma": 0.3}, "datetime": {"datetime": "2021-06-21 08:45:36", "elapsed": 727.857228, "delta": 3.90262}}
{"target": -9.867868174053127, "params": {"C": 252.63734607122814, "gamma": 0.3043868102933413}, "datetime": {"datetime": "2021-06-21 08:45:39", "elapsed": 730.420911, "delta": 2.563683}}
{"target": -9.875061123193095, "params": {"C": 215.97985504571403, "gamma": 0.30596076194765226}, "datetime": {"datetime": "2021-06-21 08:45:42", "elapsed": 733.229622, "delta": 2.808711}}
{"target": -9.807232668815313, "params": {"C": 134.53147716002962, "gamma": 0.6221252009092864}, "datetime": {"datetime": "2021-06-21 08:45:45", "elapsed": 736.850051, "delta": 3.620429}}
{"target": -10.083615409650049, "params": {"C": 179.67842131638756, "gamma": 0.9993590939730344}, "datetime": {"datetime": "2021-06-21 08:45:48", "elapsed": 739.918906, "delta": 3.068855}}
{"target": -9.892695500458071, "params": {"C": 155.57622482084193, "gamma": 0.31927877022972506}, "datetime": {"datetime": "2021-06-21 08:45:50", "elapsed": 741.915744, "delta": 1.996838}}
{"target": -9.866312898984912, "params": {"C": 296.9015490701586, "gamma": 0.30773659718723423}, "datetime": {"datetime": "2021-06-21 08:45:53", "elapsed": 744.192744, "delta": 2.277}}
{"target": -9.899238921954993, "params": {"C": 201.4614016214918, "gamma": 0.3021013265524474}, "datetime": {"datetime": "2021-06-21 08:45:55", "elapsed": 746.834613, "delta": 2.641869}}
{"target": -9.907844338789225, "params": {"C": 198.7104175501731, "gamma": 0.3}, "datetime": {"datetime": "2021-06-21 08:45:57", "elapsed": 748.85861, "delta": 2.023997}}
{"target": -9.99418644062022, "params": {"C": 104.08712772831868, "gamma": 0.3032451079900315}, "datetime": {"datetime": "2021-06-21 08:45:59", "elapsed": 751.018282, "delta": 2.159672}}
{"target": -9.938249588883185, "params": {"C": 162.7614551273015, "gamma": 0.3}, "datetime": {"datetime": "2021-06-21 08:46:03", "elapsed": 754.255878, "delta": 3.237596}}
{"target": -9.812101043662173, "params": {"C": 150.0063575922969, "gamma": 0.6268851921959168}, "datetime": {"datetime": "2021-06-21 08:46:06", "elapsed": 758.073263, "delta": 3.817385}}
{"target": -9.876523413872164, "params": {"C": 279.32775525367475, "gamma": 0.3}, "datetime": {"datetime": "2021-06-21 08:46:10", "elapsed": 761.805458, "delta": 3.732195}}
{"target": -9.76413128345386, "params": {"C": 238.74015465894897, "gamma": 0.5896582513390423}, "datetime": {"datetime": "2021-06-21 08:46:16", "elapsed": 768.016675, "delta": 6.211217}}
{"target": -10.089537859833497, "params": {"C": 188.081723853212, "gamma": 0.990252402157896}, "datetime": {"datetime": "2021-06-21 08:46:20", "elapsed": 771.743079, "delta": 3.726404}}
{"target": -9.83957273482558, "params": {"C": 148.54134468600597, "gamma": 0.6527472551825921}, "datetime": {"datetime": "2021-06-21 08:46:27", "elapsed": 778.380461, "delta": 6.637382}}
{"target": -9.926540574663115, "params": {"C": 176.9229912710342, "gamma": 0.3}, "datetime": {"datetime": "2021-06-21 08:46:29", "elapsed": 780.767153, "delta": 2.386692}}
{"target": -10.322273370987963, "params": {"C": 289.1634799490645, "gamma": 0.9845308585939927}, "datetime": {"datetime": "2021-06-21 08:46:35", "elapsed": 786.806137, "delta": 6.038984}}
{"target": -10.068499407056105, "params": {"C": 167.9025502017643, "gamma": 0.9890196856407836}, "datetime": {"datetime": "2021-06-21 08:46:37", "elapsed": 788.907141, "delta": 2.101004}}
{"target": -9.869589345871214, "params": {"C": 251.53554175703897, "gamma": 0.30276354107587256}, "datetime": {"datetime": "2021-06-21 08:46:42", "elapsed": 793.977548, "delta": 5.070407}}
{"target": -9.898484979276786, "params": {"C": 202.502180875887, "gamma": 0.30206675895320123}, "datetime": {"datetime": "2021-06-21 08:46:46", "elapsed": 797.188932, "delta": 3.211384}}
{"target": -10.077370432624019, "params": {"C": 172.7059405554726, "gamma": 1.0}, "datetime": {"datetime": "2021-06-21 08:46:50", "elapsed": 801.142535, "delta": 3.953603}}
{"target": -10.075384386238163, "params": {"C": 169.35310104306816, "gamma": 1.0}, "datetime": {"datetime": "2021-06-21 08:46:52", "elapsed": 803.174181, "delta": 2.031646}}
{"target": -10.101092774974163, "params": {"C": 113.24744348376731, "gamma": 0.9923376002320592}, "datetime": {"datetime": "2021-06-21 08:46:56", "elapsed": 807.567351, "delta": 4.39317}}
{"target": -9.883239531986014, "params": {"C": 211.70107613062663, "gamma": 0.3045259339525149}, "datetime": {"datetime": "2021-06-21 08:46:58", "elapsed": 809.80135, "delta": 2.233999}}
{"target": -9.805779382125875, "params": {"C": 100.12760661862355, "gamma": 0.6284005310103855}, "datetime": {"datetime": "2021-06-21 08:47:01", "elapsed": 812.936637, "delta": 3.135287}}
{"target": -9.817470667552213, "params": {"C": 166.46161335615182, "gamma": 0.6356621628375987}, "datetime": {"datetime": "2021-06-21 08:47:05", "elapsed": 816.4943, "delta": 3.557663}}
{"target": -10.05058838882471, "params": {"C": 166.58951409101388, "gamma": 0.9631138021611103}, "datetime": {"datetime": "2021-06-21 08:47:07", "elapsed": 818.654644, "delta": 2.160344}}
{"target": -9.874183143380005, "params": {"C": 258.9316878743235, "gamma": 0.3}, "datetime": {"datetime": "2021-06-21 08:47:09", "elapsed": 820.92196, "delta": 2.267316}}
{"target": -9.929200421181402, "params": {"C": 114.7691732948317, "gamma": 0.32110562922642066}, "datetime": {"datetime": "2021-06-21 08:47:11", "elapsed": 823.092571, "delta": 2.170611}}
{"target": -9.79991562293617, "params": {"C": 166.3505704113473, "gamma": 0.35556192367003336}, "datetime": {"datetime": "2021-06-21 08:47:14", "elapsed": 825.230179, "delta": 2.137608}}
{"target": -9.851643623210279, "params": {"C": 197.8271637858599, "gamma": 0.3188628261487616}, "datetime": {"datetime": "2021-06-21 08:47:17", "elapsed": 828.484178, "delta": 3.253999}}
{"target": -9.874117248453443, "params": {"C": 256.0924638509399, "gamma": 0.3}, "datetime": {"datetime": "2021-06-21 08:47:21", "elapsed": 832.347046, "delta": 3.862868}}
{"target": -9.872228247894615, "params": {"C": 247.5551497694904, "gamma": 0.3016951897028403}, "datetime": {"datetime": "2021-06-21 08:47:23", "elapsed": 834.915721, "delta": 2.568675}}
{"target": -9.889633606741727, "params": {"C": 126.87036568155145, "gamma": 0.33187950915027575}, "datetime": {"datetime": "2021-06-21 08:47:29", "elapsed": 840.280445, "delta": 5.364724}}
{"target": -9.94795460065603, "params": {"C": 126.57364080829983, "gamma": 0.7564661713036833}, "datetime": {"datetime": "2021-06-21 08:47:32", "elapsed": 843.618446, "delta": 3.338001}}
{"target": -9.835565214163324, "params": {"C": 127.11189249112752, "gamma": 0.6468523769607264}, "datetime": {"datetime": "2021-06-21 08:47:37", "elapsed": 848.492366, "delta": 4.87392}}
{"target": -9.865110434088562, "params": {"C": 278.3501446620705, "gamma": 0.3084245280493385}, "datetime": {"datetime": "2021-06-21 08:47:41", "elapsed": 853.09562, "delta": 4.603254}}
{"target": -9.975661724799757, "params": {"C": 181.10041870349164, "gamma": 0.8297555947791622}, "datetime": {"datetime": "2021-06-21 08:47:44", "elapsed": 855.76129, "delta": 2.66567}}
{"target": -9.8159913623662, "params": {"C": 99.90569356698232, "gamma": 0.636522476659384}, "datetime": {"datetime": "2021-06-21 08:47:48", "elapsed": 860.078543, "delta": 4.317253}}
{"target": -10.360230712279415, "params": {"C": 294.44348607878203, "gamma": 0.9947749333998652}, "datetime": {"datetime": "2021-06-21 08:47:51", "elapsed": 863.138959, "delta": 3.060416}}
{"target": -9.997632174074244, "params": {"C": 193.20800808153263, "gamma": 0.8576101552124729}, "datetime": {"datetime": "2021-06-21 08:47:54", "elapsed": 865.470672, "delta": 2.331713}}
{"target": -10.143807086200468, "params": {"C": 227.65095990337218, "gamma": 0.985496480092078}, "datetime": {"datetime": "2021-06-21 08:47:56", "elapsed": 867.815369, "delta": 2.344697}}
{"target": -9.877433040847773, "params": {"C": 292.87648690159324, "gamma": 0.3}, "datetime": {"datetime": "2021-06-21 08:48:00", "elapsed": 871.77659, "delta": 3.961221}}
{"target": -10.130810894350063, "params": {"C": 235.20684360887577, "gamma": 0.952732049133939}, "datetime": {"datetime": "2021-06-21 08:48:03", "elapsed": 874.669595, "delta": 2.893005}}
{"target": -10.07053984974466, "params": {"C": 108.18741405950158, "gamma": 0.9249339913233263}, "datetime": {"datetime": "2021-06-21 08:48:06", "elapsed": 877.522824, "delta": 2.853229}}
{"target": -9.912503275809373, "params": {"C": 160.44105230623248, "gamma": 0.3102908248715672}, "datetime": {"datetime": "2021-06-21 08:48:09", "elapsed": 880.459805, "delta": 2.936981}}
{"target": -10.136529298468343, "params": {"C": 283.71017295033926, "gamma": 0.881744597510463}, "datetime": {"datetime": "2021-06-21 08:48:13", "elapsed": 885.06027, "delta": 4.600465}}
{"target": -10.003211934922824, "params": {"C": 102.72531223501247, "gamma": 0.30060479915234606}, "datetime": {"datetime": "2021-06-21 08:48:18", "elapsed": 889.236003, "delta": 4.175733}}
{"target": -9.790225426808936, "params": {"C": 236.54904251268346, "gamma": 0.6131347122536357}, "datetime": {"datetime": "2021-06-21 08:48:20", "elapsed": 891.941275, "delta": 2.705272}}
{"target": -9.852254963389758, "params": {"C": 149.96931867783792, "gamma": 0.3362733613797916}, "datetime": {"datetime": "2021-06-21 08:48:24", "elapsed": 895.619278, "delta": 3.678003}}
{"target": -9.903572096258522, "params": {"C": 170.8132624861253, "gamma": 0.31005983680855276}, "datetime": {"datetime": "2021-06-21 08:48:28", "elapsed": 899.177279, "delta": 3.558001}}
{"target": -9.913112890506735, "params": {"C": 192.012858830065, "gamma": 0.3001845455229553}, "datetime": {"datetime": "2021-06-21 08:48:32", "elapsed": 903.375991, "delta": 4.198712}}
{"target": -9.945637826376894, "params": {"C": 153.23707469686087, "gamma": 0.30009988284838024}, "datetime": {"datetime": "2021-06-21 08:48:37", "elapsed": 908.696292, "delta": 5.320301}}
{"target": -9.918807319068746, "params": {"C": 147.49940264117328, "gamma": 0.3123494350925975}, "datetime": {"datetime": "2021-06-21 08:48:41", "elapsed": 912.801984, "delta": 4.105692}}
{"target": -9.780865178126255, "params": {"C": 147.8324220929937, "gamma": 0.59992488816464}, "datetime": {"datetime": "2021-06-21 08:48:44", "elapsed": 915.746644, "delta": 2.94466}}
{"target": -9.778162232559728, "params": {"C": 146.5949876238931, "gamma": 0.5977624225514134}, "datetime": {"datetime": "2021-06-21 08:48:49", "elapsed": 920.422025, "delta": 4.675381}}
{"target": -10.072692170937431, "params": {"C": 165.09638405112779, "gamma": 1.0}, "datetime": {"datetime": "2021-06-21 08:48:53", "elapsed": 924.304023, "delta": 3.881998}}
{"target": -9.877263742485864, "params": {"C": 239.99026688964454, "gamma": 0.6887778182892412}, "datetime": {"datetime": "2021-06-21 08:48:59", "elapsed": 930.304292, "delta": 6.000269}}
{"target": -9.870485350245453, "params": {"C": 264.0614529034426, "gamma": 0.30351276390891424}, "datetime": {"datetime": "2021-06-21 08:49:03", "elapsed": 934.759776, "delta": 4.455484}}
{"target": -10.34330977470502, "params": {"C": 287.2828446979712, "gamma": 0.9999346457813996}, "datetime": {"datetime": "2021-06-21 08:49:08", "elapsed": 940.024198, "delta": 5.264422}}
{"target": -9.877309813990854, "params": {"C": 241.6860264008232, "gamma": 0.3}, "datetime": {"datetime": "2021-06-21 08:49:14", "elapsed": 945.304894, "delta": 5.280696}}
{"target": -9.910819863326726, "params": {"C": 182.43032581713993, "gamma": 0.7274568086813342}, "datetime": {"datetime": "2021-06-21 08:49:17", "elapsed": 948.961524, "delta": 3.65663}}
{"target": -9.90814307483398, "params": {"C": 175.7759004674313, "gamma": 0.30684243561973656}, "datetime": {"datetime": "2021-06-21 08:49:21", "elapsed": 952.147034, "delta": 3.18551}}
{"target": -9.902791255171362, "params": {"C": 245.4124539855672, "gamma": 0.7077051784496378}, "datetime": {"datetime": "2021-06-21 08:49:26", "elapsed": 957.816275, "delta": 5.669241}}
{"target": -9.86693819652177, "params": {"C": 265.85681399225007, "gamma": 0.30646743304433655}, "datetime": {"datetime": "2021-06-21 08:49:31", "elapsed": 962.887072, "delta": 5.070797}}
{"target": -9.877170307931014, "params": {"C": 287.9976399697364, "gamma": 0.3}, "datetime": {"datetime": "2021-06-21 08:49:38", "elapsed": 969.625518, "delta": 6.738446}}
{"target": -10.078256607495659, "params": {"C": 174.15890176657365, "gamma": 0.9998798806683475}, "datetime": {"datetime": "2021-06-21 08:49:43", "elapsed": 974.64493, "delta": 5.019412}}
{"target": -10.107333254406505, "params": {"C": 195.65920466325116, "gamma": 0.9976786302971083}, "datetime": {"datetime": "2021-06-21 08:49:51", "elapsed": 982.589126, "delta": 7.944196}}
{"target": -9.88868491314273, "params": {"C": 222.0978608219735, "gamma": 0.3}, "datetime": {"datetime": "2021-06-21 08:49:56", "elapsed": 987.27451, "delta": 4.685384}}
{"target": -9.70622016020746, "params": {"C": 142.3350398778555, "gamma": 0.4394596942945519}, "datetime": {"datetime": "2021-06-21 08:50:00", "elapsed": 991.562143, "delta": 4.287633}}
{"target": -10.115973173162606, "params": {"C": 200.39207031980908, "gamma": 0.9998862140033697}, "datetime": {"datetime": "2021-06-21 08:50:04", "elapsed": 995.893353, "delta": 4.33121}}
{"target": -10.088958001588576, "params": {"C": 253.5940556476818, "gamma": 0.8794494823501233}, "datetime": {"datetime": "2021-06-21 08:50:07", "elapsed": 998.356982, "delta": 2.463629}}
{"target": -10.099561474796102, "params": {"C": 189.5117557206891, "gamma": 1.0}, "datetime": {"datetime": "2021-06-21 08:50:09", "elapsed": 1001.054678, "delta": 2.697696}}
{"target": -9.845124845212078, "params": {"C": 245.13188769691223, "gamma": 0.322047797196291}, "datetime": {"datetime": "2021-06-21 08:50:13", "elapsed": 1004.908916, "delta": 3.854238}}
{"target": -10.068688879872504, "params": {"C": 221.6441762039385, "gamma": 0.9066643267272918}, "datetime": {"datetime": "2021-06-21 08:50:20", "elapsed": 1012.075825, "delta": 7.166909}}
{"target": -9.943964953869683, "params": {"C": 154.33318092127027, "gamma": 0.3003941437368493}, "datetime": {"datetime": "2021-06-21 08:50:29", "elapsed": 1020.392443, "delta": 8.316618}}
{"target": -9.804367068839158, "params": {"C": 142.82773531597934, "gamma": 0.6194616250653191}, "datetime": {"datetime": "2021-06-21 08:50:34", "elapsed": 1025.461719, "delta": 5.069276}}
{"target": -9.857601738449109, "params": {"C": 236.45910404152716, "gamma": 0.31111704308691857}, "datetime": {"datetime": "2021-06-21 08:50:38", "elapsed": 1029.238407, "delta": 3.776688}}
{"target": -9.899796069270055, "params": {"C": 196.0351614729625, "gamma": 0.30344779310951037}, "datetime": {"datetime": "2021-06-21 08:50:41", "elapsed": 1032.192276, "delta": 2.953869}}
{"target": -10.337063316818316, "params": {"C": 285.5600985149012, "gamma": 1.0}, "datetime": {"datetime": "2021-06-21 08:50:46", "elapsed": 1037.611021, "delta": 5.418745}}
{"target": -9.850439880168366, "params": {"C": 276.5176877922188, "gamma": 0.3186331114895882}, "datetime": {"datetime": "2021-06-21 08:50:50", "elapsed": 1041.932353, "delta": 4.321332}}
{"target": -9.84442416050553, "params": {"C": 136.77664878107598, "gamma": 0.6550755109152657}, "datetime": {"datetime": "2021-06-21 08:50:53", "elapsed": 1044.784353, "delta": 2.852}}
{"target": -10.15782375158502, "params": {"C": 236.72169093715578, "gamma": 0.9900086253324623}, "datetime": {"datetime": "2021-06-21 08:50:58", "elapsed": 1049.745661, "delta": 4.961308}}
{"target": -9.879253527749237, "params": {"C": 207.90093286046758, "gamma": 0.306874404905554}, "datetime": {"datetime": "2021-06-21 08:51:02", "elapsed": 1053.619057, "delta": 3.873396}}
{"target": -9.736706208321486, "params": {"C": 237.4281246488793, "gamma": 0.4530842906532794}, "datetime": {"datetime": "2021-06-21 08:51:08", "elapsed": 1059.482327, "delta": 5.86327}}
{"target": -9.778336321527695, "params": {"C": 237.9484136747177, "gamma": 0.6020429568809431}, "datetime": {"datetime": "2021-06-21 08:51:15", "elapsed": 1066.556208, "delta": 7.073881}}
{"target": -9.871042348976966, "params": {"C": 135.79412574012068, "gamma": 0.6814817720488151}, "datetime": {"datetime": "2021-06-21 08:51:18", "elapsed": 1069.578207, "delta": 3.021999}}
{"target": -9.831231026545952, "params": {"C": 137.4767844080496, "gamma": 0.6428885120735733}, "datetime": {"datetime": "2021-06-21 08:51:26", "elapsed": 1077.491425, "delta": 7.913218}}
