{"target": -10.09376932425169, "params": {"C": 190.2017409302067, "gamma": 0.9911981586723531}, "datetime": {"datetime": "2021-06-21 08:34:16", "elapsed": 47.870428, "delta": 0.76792}}
{"target": -9.918912869648306, "params": {"C": 185.90688937086824, "gamma": 0.3}, "datetime": {"datetime": "2021-06-21 08:34:17", "elapsed": 48.863074, "delta": 0.992646}}
{"target": -10.133215529186522, "params": {"C": 213.42062210209605, "gamma": 0.9983713199034048}, "datetime": {"datetime": "2021-06-21 08:34:18", "elapsed": 49.763189, "delta": 0.900115}}
{"target": -9.894800147835479, "params": {"C": 208.37592434838518, "gamma": 0.3016816203901794}, "datetime": {"datetime": "2021-06-21 08:34:19", "elapsed": 51.007051, "delta": 1.243862}}
{"target": -10.11504207652915, "params": {"C": 199.70092121749138, "gamma": 1.0}, "datetime": {"datetime": "2021-06-21 08:34:20", "elapsed": 51.850517, "delta": 0.843466}}
{"target": -10.143308332790125, "params": {"C": 224.7704160353196, "gamma": 0.9906410390751805}, "datetime": {"datetime": "2021-06-21 08:34:21", "elapsed": 52.70606, "delta": 0.855543}}
{"target": -10.08963555084104, "params": {"C": 128.48710395980027, "gamma": 0.9967688183230583}, "datetime": {"datetime": "2021-06-21 08:34:22", "elapsed": 53.74519, "delta": 1.03913}}
{"target": -9.942933823170929, "params": {"C": 126.31285320322483, "gamma": 0.3108710994107257}, "datetime": {"datetime": "2021-06-21 08:34:23", "elapsed": 54.581256, "delta": 0.836066}}
{"target": -9.881735964494801, "params": {"C": 220.00737319386516, "gamma": 0.3027497257811151}, "datetime": {"datetime": "2021-06-21 08:34:24", "elapsed": 55.361408, "delta": 0.780152}}
{"target": -9.946916726411036, "params": {"C": 123.05280765951375, "gamma": 0.3109669466923255}, "datetime": {"datetime": "2021-06-21 08:34:25", "elapsed": 56.213593, "delta": 0.852185}}
{"target": -9.889990322306074, "params": {"C": 204.65626431890712, "gamma": 0.30428006935294455}, "datetime": {"datetime": "2021-06-21 08:34:26", "elapsed": 57.24132, "delta": 1.027727}}
{"target": -9.928281685881762, "params": {"C": 138.53450270505036, "gamma": 0.3117479708663367}, "datetime": {"datetime": "2021-06-21 08:34:26", "elapsed": 58.118465, "delta": 0.877145}}
{"target": -9.876305771420773, "params": {"C": 276.9706644032438, "gamma": 0.3}, "datetime": {"datetime": "2021-06-21 08:34:28", "elapsed": 59.279376, "delta": 1.160911}}
{"target": -9.87100613339106, "params": {"C": 169.04745499409535, "gamma": 0.3221032489014505}, "datetime": {"datetime": "2021-06-21 08:34:29", "elapsed": 60.458044, "delta": 1.178668}}
{"target": -9.867385373165089, "params": {"C": 216.47637251579897, "gamma": 0.30825348497769917}, "datetime": {"datetime": "2021-06-21 08:34:30", "elapsed": 61.651483, "delta": 1.193439}}
{"target": -10.157612270811772, "params": {"C": 232.14546739124128, "gamma": 0.9995890630533943}, "datetime": {"datetime": "2021-06-21 08:34:31", "elapsed": 62.602994, "delta": 0.951511}}
{"target": -10.264270442833823, "params": {"C": 266.7301209145106, "gamma": 0.9998559715614546}, "datetime": {"datetime": "2021-06-21 08:34:32", "elapsed": 63.625122, "delta": 1.022128}}
{"target": -9.847654608498365, "params": {"C": 269.07375342705456, "gamma": 0.3206249383131786}, "datetime": {"datetime": "2021-06-21 08:34:33", "elapsed": 64.776527, "delta": 1.151405}}
{"target": -10.100616148083716, "params": {"C": 118.04946456962297, "gamma": 1.0}, "datetime": {"datetime": "2021-06-21 08:34:34", "elapsed": 65.714116, "delta": 0.937589}}
{"target": -9.956157841719014, "params": {"C": 131.75273972668563, "gamma": 0.30410500840047383}, "datetime": {"datetime": "2021-06-21 08:34:35", "elapsed": 66.827941, "delta": 1.113825}}
{"target": -9.874505628629064, "params": {"C": 262.2243762938437, "gamma": 0.3}, "datetime": {"datetime": "2021-06-21 08:34:36", "elapsed": 67.902081, "delta": 1.07414}}
{"target": -9.869018289317724, "params": {"C": 254.81626974001054, "gamma": 0.3036944565132699}, "datetime": {"datetime": "2021-06-21 08:34:37", "elapsed": 68.905041, "delta": 1.00296}}
{"target": -9.909767537262772, "params": {"C": 196.5018532337918, "gamma": 0.3}, "datetime": {"datetime": "2021-06-21 08:34:38", "elapsed": 70.124707, "delta": 1.219666}}
{"target": -10.348187900427904, "params": {"C": 293.6171956763584, "gamma": 0.9897059745353838}, "datetime": {"datetime": "2021-06-21 08:34:40", "elapsed": 71.417222, "delta": 1.292515}}
{"target": -9.875942265465463, "params": {"C": 273.4160290754625, "gamma": 0.3}, "datetime": {"datetime": "2021-06-21 08:34:41", "elapsed": 72.696348, "delta": 1.279126}}
{"target": -9.89341434587489, "params": {"C": 193.28730718637172, "gamma": 0.30639364163076765}, "datetime": {"datetime": "2021-06-21 08:34:42", "elapsed": 73.813951, "delta": 1.117603}}
{"target": -9.950137886808703, "params": {"C": 101.16930835840537, "gamma": 0.32061039851939427}, "datetime": {"datetime": "2021-06-21 08:34:44", "elapsed": 75.3219, "delta": 1.507949}}
{"target": -9.93357541388275, "params": {"C": 161.008772098963, "gamma": 0.30228849469723074}, "datetime": {"datetime": "2021-06-21 08:34:45", "elapsed": 76.447205, "delta": 1.125305}}
{"target": -10.166124855574216, "params": {"C": 239.28593475669044, "gamma": 1.0}, "datetime": {"datetime": "2021-06-21 08:34:46", "elapsed": 77.560764, "delta": 1.113559}}
{"target": -9.876815274411657, "params": {"C": 243.69269025701558, "gamma": 0.3}, "datetime": {"datetime": "2021-06-21 08:34:47", "elapsed": 78.819323, "delta": 1.258559}}
{"target": -9.860399938435005, "params": {"C": 236.86605198176454, "gamma": 0.30912627119246044}, "datetime": {"datetime": "2021-06-21 08:34:48", "elapsed": 79.800315, "delta": 0.980992}}
{"target": -10.07479841875918, "params": {"C": 142.60791937448283, "gamma": 1.0}, "datetime": {"datetime": "2021-06-21 08:34:49", "elapsed": 80.991465, "delta": 1.19115}}
{"target": -9.939346645193528, "params": {"C": 141.585552475099, "gamma": 0.3062587630483548}, "datetime": {"datetime": "2021-06-21 08:34:50", "elapsed": 82.113175, "delta": 1.12171}}
{"target": -9.92782853364413, "params": {"C": 146.21985537234664, "gamma": 0.3092853618954692}, "datetime": {"datetime": "2021-06-21 08:34:52", "elapsed": 83.23148, "delta": 1.118305}}
{"target": -10.102734500787427, "params": {"C": 109.93401597733228, "gamma": 0.9912318785213234}, "datetime": {"datetime": "2021-06-21 08:34:53", "elapsed": 84.532461, "delta": 1.300981}}
{"target": -9.866988563958621, "params": {"C": 251.04900184105728, "gamma": 0.3049248627199454}, "datetime": {"datetime": "2021-06-21 08:34:54", "elapsed": 85.687051, "delta": 1.15459}}
{"target": -10.07009171700458, "params": {"C": 138.11052629193176, "gamma": 0.9664562013647358}, "datetime": {"datetime": "2021-06-21 08:34:55", "elapsed": 86.504413, "delta": 0.817362}}
{"target": -10.075851308801314, "params": {"C": 170.12410068142682, "gamma": 1.0}, "datetime": {"datetime": "2021-06-21 08:34:56", "elapsed": 87.42332, "delta": 0.918907}}
{"target": -9.84447273456239, "params": {"C": 296.2444346161384, "gamma": 0.3237336798661421}, "datetime": {"datetime": "2021-06-21 08:34:57", "elapsed": 88.382412, "delta": 0.959092}}
{"target": -10.137123714541485, "params": {"C": 215.58807373918245, "gamma": 1.0}, "datetime": {"datetime": "2021-06-21 08:34:58", "elapsed": 89.30722, "delta": 0.924808}}
{"target": -10.326843650018859, "params": {"C": 282.8201898692642, "gamma": 1.0}, "datetime": {"datetime": "2021-06-21 08:34:58", "elapsed": 90.129496, "delta": 0.822276}}
{"target": -10.219762903789592, "params": {"C": 255.6461119265079, "gamma": 0.999806250430622}, "datetime": {"datetime": "2021-06-21 08:35:00", "elapsed": 91.311032, "delta": 1.181536}}
{"target": -9.871655470859722, "params": {"C": 258.41039044037524, "gamma": 0.3019226808705611}, "datetime": {"datetime": "2021-06-21 08:35:01", "elapsed": 92.443091, "delta": 1.132059}}
{"target": -10.08039586058946, "params": {"C": 176.40257332889274, "gamma": 1.0}, "datetime": {"datetime": "2021-06-21 08:35:02", "elapsed": 93.340409, "delta": 0.897318}}
{"target": -10.071400497173608, "params": {"C": 152.41810321898765, "gamma": 0.998647968441871}, "datetime": {"datetime": "2021-06-21 08:35:02", "elapsed": 94.132032, "delta": 0.791623}}
{"target": -10.31070465922637, "params": {"C": 290.12926181215005, "gamma": 0.9765480386249261}, "datetime": {"datetime": "2021-06-21 08:35:04", "elapsed": 95.198446, "delta": 1.066414}}
{"target": -9.859900314923674, "params": {"C": 212.13539531668522, "gamma": 0.3121780687401168}, "datetime": {"datetime": "2021-06-21 08:35:05", "elapsed": 96.193732, "delta": 0.995286}}
{"target": -10.070710005243601, "params": {"C": 147.18604256273727, "gamma": 0.9986569966228904}, "datetime": {"datetime": "2021-06-21 08:35:06", "elapsed": 97.155152, "delta": 0.96142}}
{"target": -10.171356862248425, "params": {"C": 244.72679440224843, "gamma": 0.9961421003486477}, "datetime": {"datetime": "2021-06-21 08:35:06", "elapsed": 98.128243, "delta": 0.973091}}
{"target": -10.066136827542769, "params": {"C": 197.69321348449915, "gamma": 0.9434433888903204}, "datetime": {"datetime": "2021-06-21 08:35:07", "elapsed": 99.118344, "delta": 0.990101}}
{"target": -9.892090931194186, "params": {"C": 200.96805116832323, "gamma": 0.30461714054634226}, "datetime": {"datetime": "2021-06-21 08:35:09", "elapsed": 100.149746, "delta": 1.031402}}
{"target": -10.107706547667968, "params": {"C": 99.98786422043268, "gamma": 0.9916630469899141}, "datetime": {"datetime": "2021-06-21 08:35:10", "elapsed": 101.268299, "delta": 1.118553}}
{"target": -9.875985597906134, "params": {"C": 292.3383652280411, "gamma": 0.3010206778276023}, "datetime": {"datetime": "2021-06-21 08:35:11", "elapsed": 102.160557, "delta": 0.892258}}
{"target": -9.86702649503403, "params": {"C": 287.47299255876607, "gamma": 0.30723931161024604}, "datetime": {"datetime": "2021-06-21 08:35:11", "elapsed": 103.116413, "delta": 0.955856}}
{"target": -10.103646050027985, "params": {"C": 107.52922602841234, "gamma": 0.9903004216264304}, "datetime": {"datetime": "2021-06-21 08:35:13", "elapsed": 104.188641, "delta": 1.072228}}
{"target": -9.96011259103797, "params": {"C": 115.3480116050999, "gamma": 0.30991023571421433}, "datetime": {"datetime": "2021-06-21 08:35:13", "elapsed": 105.078863, "delta": 0.890222}}
{"target": -10.189986763674035, "params": {"C": 250.0868456461972, "gamma": 0.9950918963653761}, "datetime": {"datetime": "2021-06-21 08:35:14", "elapsed": 106.071942, "delta": 0.993079}}
{"target": -10.340718212388115, "params": {"C": 299.9831264805937, "gamma": 0.9732709004344842}, "datetime": {"datetime": "2021-06-21 08:35:15", "elapsed": 107.066362, "delta": 0.99442}}
{"target": -10.09693625194526, "params": {"C": 122.13133976531205, "gamma": 1.0}, "datetime": {"datetime": "2021-06-21 08:35:17", "elapsed": 108.170482, "delta": 1.10412}}
{"target": -10.100338076660453, "params": {"C": 192.44736716352853, "gamma": 0.9949893533363261}, "datetime": {"datetime": "2021-06-21 08:35:17", "elapsed": 109.044614, "delta": 0.874132}}
{"target": -9.858665794731545, "params": {"C": 280.92372484724956, "gamma": 0.31298898066427516}, "datetime": {"datetime": "2021-06-21 08:35:18", "elapsed": 110.133396, "delta": 1.088782}}
{"target": -9.875690469585145, "params": {"C": 223.4773118596226, "gamma": 0.30372112607093743}, "datetime": {"datetime": "2021-06-21 08:35:20", "elapsed": 111.271522, "delta": 1.138126}}
{"target": -9.94896984282338, "params": {"C": 149.41204289688304, "gamma": 0.3}, "datetime": {"datetime": "2021-06-21 08:35:21", "elapsed": 112.322704, "delta": 1.051182}}
{"target": -9.876776927992294, "params": {"C": 282.3630351432553, "gamma": 0.3}, "datetime": {"datetime": "2021-06-21 08:35:22", "elapsed": 113.345042, "delta": 1.022338}}
{"target": -9.846345133655769, "params": {"C": 285.2934384618411, "gamma": 0.3210822820232867}, "datetime": {"datetime": "2021-06-21 08:35:23", "elapsed": 114.315477, "delta": 0.970435}}
{"target": -9.86841441044186, "params": {"C": 229.4930706968357, "gamma": 0.3057578091746733}, "datetime": {"datetime": "2021-06-21 08:35:24", "elapsed": 115.369607, "delta": 1.05413}}
{"target": -9.844600936027863, "params": {"C": 235.21842834237225, "gamma": 0.3217989323480112}, "datetime": {"datetime": "2021-06-21 08:35:25", "elapsed": 116.476648, "delta": 1.107041}}
{"target": -9.852792687877937, "params": {"C": 209.90495102693856, "gamma": 0.31619187516702885}, "datetime": {"datetime": "2021-06-21 08:35:26", "elapsed": 117.418357, "delta": 0.941709}}
{"target": -9.90353616160638, "params": {"C": 189.47899737404214, "gamma": 0.30416971195894116}, "datetime": {"datetime": "2021-06-21 08:35:27", "elapsed": 118.362475, "delta": 0.944118}}
{"target": -9.877334929585736, "params": {"C": 290.89684719971444, "gamma": 0.3}, "datetime": {"datetime": "2021-06-21 08:35:28", "elapsed": 119.351257, "delta": 0.988782}}
{"target": -9.889692084880764, "params": {"C": 203.08474971614132, "gamma": 0.30481727564087896}, "datetime": {"datetime": "2021-06-21 08:35:29", "elapsed": 120.308072, "delta": 0.956815}}
{"target": -10.07227892103468, "params": {"C": 164.38316073787132, "gamma": 1.0}, "datetime": {"datetime": "2021-06-21 08:35:30", "elapsed": 121.653106, "delta": 1.345034}}
{"target": -9.874968431383394, "params": {"C": 265.46180487889205, "gamma": 0.3}, "datetime": {"datetime": "2021-06-21 08:35:31", "elapsed": 122.698365, "delta": 1.045259}}
{"target": -9.872482854565542, "params": {"C": 298.8524592089844, "gamma": 0.30357550637849917}, "datetime": {"datetime": "2021-06-21 08:35:32", "elapsed": 123.733721, "delta": 1.035356}}
{"target": -9.983047943435972, "params": {"C": 106.74468923491554, "gamma": 0.3059781056109511}, "datetime": {"datetime": "2021-06-21 08:35:33", "elapsed": 124.703535, "delta": 0.969814}}
{"target": -9.884635534942884, "params": {"C": 158.5133853442037, "gamma": 0.32113531325803635}, "datetime": {"datetime": "2021-06-21 08:35:34", "elapsed": 125.952902, "delta": 1.249367}}
{"target": -9.852810967004661, "params": {"C": 218.5793025946981, "gamma": 0.3153988830122177}, "datetime": {"datetime": "2021-06-21 08:35:35", "elapsed": 126.892839, "delta": 0.939937}}
{"target": -10.264900320046978, "params": {"C": 277.8176184359466, "gamma": 0.9770179402841448}, "datetime": {"datetime": "2021-06-21 08:35:36", "elapsed": 128.014365, "delta": 1.121526}}
{"target": -9.958258910111015, "params": {"C": 118.58825385267885, "gamma": 0.30905546843015325}, "datetime": {"datetime": "2021-06-21 08:35:38", "elapsed": 129.186879, "delta": 1.172514}}
{"target": -9.875162580735338, "params": {"C": 239.0920842537118, "gamma": 0.3013330086666008}, "datetime": {"datetime": "2021-06-21 08:35:39", "elapsed": 130.319801, "delta": 1.132922}}
{"target": -10.141604263765524, "params": {"C": 219.56968783159147, "gamma": 0.9988328579385262}, "datetime": {"datetime": "2021-06-21 08:35:40", "elapsed": 131.527365, "delta": 1.207564}}
{"target": -9.895582989667316, "params": {"C": 213.70702685407633, "gamma": 0.3}, "datetime": {"datetime": "2021-06-21 08:35:41", "elapsed": 132.910079, "delta": 1.382714}}
{"target": -10.071569332450863, "params": {"C": 157.83096985266678, "gamma": 0.9984407914603144}, "datetime": {"datetime": "2021-06-21 08:35:42", "elapsed": 134.071568, "delta": 1.161489}}
{"target": -9.88908927181341, "params": {"C": 221.60796180045332, "gamma": 0.3}, "datetime": {"datetime": "2021-06-21 08:35:44", "elapsed": 135.158587, "delta": 1.087019}}
{"target": -10.095935936469681, "params": {"C": 187.2283278775396, "gamma": 1.0}, "datetime": {"datetime": "2021-06-21 08:35:45", "elapsed": 136.283859, "delta": 1.125272}}
{"target": -9.943542491242146, "params": {"C": 156.16119695972912, "gamma": 0.3}, "datetime": {"datetime": "2021-06-21 08:35:46", "elapsed": 137.369491, "delta": 1.085632}}
{"target": -9.932328433259459, "params": {"C": 166.9503051035879, "gamma": 0.3009209672369149}, "datetime": {"datetime": "2021-06-21 08:35:47", "elapsed": 138.892222, "delta": 1.522731}}
{"target": -9.991856758927751, "params": {"C": 113.14404153942677, "gamma": 0.3}, "datetime": {"datetime": "2021-06-21 08:35:49", "elapsed": 140.306804, "delta": 1.414582}}
{"target": -10.121556322973458, "params": {"C": 204.21388112530667, "gamma": 1.0}, "datetime": {"datetime": "2021-06-21 08:35:50", "elapsed": 141.253129, "delta": 0.946325}}
{"target": -9.901637940095341, "params": {"C": 182.54091785842252, "gamma": 0.30695791866666583}, "datetime": {"datetime": "2021-06-21 08:35:51", "elapsed": 142.492313, "delta": 1.239184}}
{"target": -9.874709955456783, "params": {"C": 263.61971232506914, "gamma": 0.3}, "datetime": {"datetime": "2021-06-21 08:35:52", "elapsed": 143.845342, "delta": 1.353029}}
{"target": -9.92038390931433, "params": {"C": 184.18606846939286, "gamma": 0.3}, "datetime": {"datetime": "2021-06-21 08:35:53", "elapsed": 145.107472, "delta": 1.26213}}
{"target": -10.082158442132455, "params": {"C": 136.30341897778442, "gamma": 1.0}, "datetime": {"datetime": "2021-06-21 08:35:55", "elapsed": 146.420165, "delta": 1.312693}}
{"target": -9.874402338531691, "params": {"C": 253.20709817584708, "gamma": 0.3}, "datetime": {"datetime": "2021-06-21 08:35:56", "elapsed": 148.04516, "delta": 1.624995}}
{"target": -9.965429955844764, "params": {"C": 133.15275853161933, "gamma": 0.30056543463266344}, "datetime": {"datetime": "2021-06-21 08:35:58", "elapsed": 149.260755, "delta": 1.215595}}
{"target": -9.872006439917612, "params": {"C": 242.1676047070869, "gamma": 0.3024650043216177}, "datetime": {"datetime": "2021-06-21 08:35:59", "elapsed": 150.277009, "delta": 1.016254}}
{"target": -9.85401595969648, "params": {"C": 227.76539846855067, "gamma": 0.3137688279176112}, "datetime": {"datetime": "2021-06-21 08:36:00", "elapsed": 151.315886, "delta": 1.038877}}
{"target": -9.919240327308247, "params": {"C": 172.91436091604635, "gamma": 0.303818930288823}, "datetime": {"datetime": "2021-06-21 08:36:01", "elapsed": 152.454205, "delta": 1.138319}}
{"target": -10.003991726670264, "params": {"C": 103.42604264318906, "gamma": 0.3}, "datetime": {"datetime": "2021-06-21 08:36:02", "elapsed": 153.467949, "delta": 1.013744}}
{"target": -9.901415978120038, "params": {"C": 179.2578689084644, "gamma": 0.30807448408695975}, "datetime": {"datetime": "2021-06-21 08:36:03", "elapsed": 154.577494, "delta": 1.109545}}
{"target": -9.937694077248468, "params": {"C": 163.44614146680254, "gamma": 0.3}, "datetime": {"datetime": "2021-06-21 08:36:04", "elapsed": 155.577846, "delta": 1.000352}}
{"target": -9.87608592883973, "params": {"C": 274.7712501369258, "gamma": 0.3}, "datetime": {"datetime": "2021-06-21 08:36:05", "elapsed": 156.809282, "delta": 1.231436}}
{"target": -10.206392402870266, "params": {"C": 257.68767095218755, "gamma": 0.9882669090350651}, "datetime": {"datetime": "2021-06-21 08:36:06", "elapsed": 158.13326, "delta": 1.323978}}
{"target": -9.922537022395959, "params": {"C": 142.62076593595748, "gamma": 0.31260356622556196}, "datetime": {"datetime": "2021-06-21 08:36:08", "elapsed": 159.996734, "delta": 1.863474}}
{"target": -9.943360865426504, "params": {"C": 144.8220432285939, "gamma": 0.303600834641725}, "datetime": {"datetime": "2021-06-21 08:36:10", "elapsed": 161.155324, "delta": 1.15859}}
{"target": -10.109286919107856, "params": {"C": 208.86608444080366, "gamma": 0.9740546435591184}, "datetime": {"datetime": "2021-06-21 08:36:11", "elapsed": 162.930543, "delta": 1.775219}}
{"target": -10.142789435349233, "params": {"C": 234.43424157297875, "gamma": 0.970494268405004}, "datetime": {"datetime": "2021-06-21 08:36:13", "elapsed": 164.149363, "delta": 1.21882}}
{"target": -10.271986129876097, "params": {"C": 268.649038192252, "gamma": 1.0}, "datetime": {"datetime": "2021-06-21 08:36:14", "elapsed": 166.007315, "delta": 1.857952}}
{"target": -9.874267191728741, "params": {"C": 260.65695300558986, "gamma": 0.3}, "datetime": {"datetime": "2021-06-21 08:36:16", "elapsed": 167.294437, "delta": 1.287122}}
{"target": -10.082356604221976, "params": {"C": 132.32369638848976, "gamma": 0.9861540154224022}, "datetime": {"datetime": "2021-06-21 08:36:18", "elapsed": 169.226094, "delta": 1.931657}}
{"target": -10.104384490651894, "params": {"C": 112.40063353140933, "gamma": 0.9982285316963497}, "datetime": {"datetime": "2021-06-21 08:36:19", "elapsed": 170.628669, "delta": 1.402575}}
{"target": -9.875766891977797, "params": {"C": 271.8372518555156, "gamma": 0.3}, "datetime": {"datetime": "2021-06-21 08:36:21", "elapsed": 172.152162, "delta": 1.523493}}
{"target": -10.102256420610246, "params": {"C": 116.10852816008202, "gamma": 1.0}, "datetime": {"datetime": "2021-06-21 08:36:22", "elapsed": 173.306802, "delta": 1.15464}}
{"target": -9.874475771255803, "params": {"C": 247.10280934049578, "gamma": 0.3006970523051222}, "datetime": {"datetime": "2021-06-21 08:36:23", "elapsed": 174.934416, "delta": 1.627614}}
{"target": -10.081984740107016, "params": {"C": 178.1675427248323, "gamma": 1.0}, "datetime": {"datetime": "2021-06-21 08:36:25", "elapsed": 176.887744, "delta": 1.953328}}
{"target": -10.06768006794005, "params": {"C": 141.68405367163672, "gamma": 0.9691951574056052}, "datetime": {"datetime": "2021-06-21 08:36:26", "elapsed": 177.96894, "delta": 1.081196}}
{"target": -10.35784275637456, "params": {"C": 295.51340802524635, "gamma": 0.9912671159010735}, "datetime": {"datetime": "2021-06-21 08:36:27", "elapsed": 179.130925, "delta": 1.161985}}
{"target": -10.07773300658989, "params": {"C": 180.34193792705173, "gamma": 0.9894333961279986}, "datetime": {"datetime": "2021-06-21 08:36:29", "elapsed": 180.715155, "delta": 1.58423}}
{"target": -9.853293175848187, "params": {"C": 270.322911094726, "gamma": 0.3166969306838415}, "datetime": {"datetime": "2021-06-21 08:36:31", "elapsed": 182.151477, "delta": 1.436322}}
{"target": -9.884550176905355, "params": {"C": 206.14586819235888, "gamma": 0.30564597474708727}, "datetime": {"datetime": "2021-06-21 08:36:32", "elapsed": 184.084959, "delta": 1.933482}}
