{"target": -10.39008759115265, "params": {"C": 8.470154638059663, "gamma": 0.980406577047912}, "datetime": {"datetime": "2021-06-19 19:33:02", "elapsed": 320.426488, "delta": 1.68848}}
{"target": -13.636504314081002, "params": {"C": 9.188506603694576, "gamma": 8.875395471559749}, "datetime": {"datetime": "2021-06-19 19:33:03", "elapsed": 321.576017, "delta": 1.149529}}
{"target": -12.496532410157968, "params": {"C": 7.4651197446606945, "gamma": 5.335637536462048}, "datetime": {"datetime": "2021-06-19 19:33:04", "elapsed": 322.932992, "delta": 1.356975}}
{"target": -12.416502311875435, "params": {"C": 10.0, "gamma": 5.713097166220138}, "datetime": {"datetime": "2021-06-19 19:33:06", "elapsed": 324.306508, "delta": 1.373516}}
{"target": -10.380753189159826, "params": {"C": 7.914741098608451, "gamma": 0.6236104558283789}, "datetime": {"datetime": "2021-06-19 19:33:07", "elapsed": 326.203609, "delta": 1.897101}}
{"target": -10.924906629986872, "params": {"C": 4.646850190200645, "gamma": 1.0873986060919452}, "datetime": {"datetime": "2021-06-19 19:33:09", "elapsed": 327.637985, "delta": 1.434376}}
{"target": -11.478979465966793, "params": {"C": 7.5664584516625135, "gamma": 2.496622568730243}, "datetime": {"datetime": "2021-06-19 19:33:11", "elapsed": 329.961686, "delta": 2.323701}}
{"target": -10.72761163283269, "params": {"C": 6.393157123953749, "gamma": 1.1863288226600328}, "datetime": {"datetime": "2021-06-19 19:33:13", "elapsed": 331.998426, "delta": 2.03674}}
{"target": -10.477927458537357, "params": {"C": 7.407927289094562, "gamma": 0.48048288333604294}, "datetime": {"datetime": "2021-06-19 19:33:15", "elapsed": 333.738382, "delta": 1.739956}}
{"target": -10.953222100093535, "params": {"C": 7.799446850765489, "gamma": 1.68896276672666}, "datetime": {"datetime": "2021-06-19 19:33:16", "elapsed": 335.244941, "delta": 1.506559}}
{"target": -10.50757794994137, "params": {"C": 6.186515102647128, "gamma": 0.6834053653058505}, "datetime": {"datetime": "2021-06-19 19:33:18", "elapsed": 336.786449, "delta": 1.541508}}
{"target": -12.808472900945233, "params": {"C": 6.1319188526184965, "gamma": 5.6919291478777065}, "datetime": {"datetime": "2021-06-19 19:33:20", "elapsed": 339.014085, "delta": 2.227636}}
{"target": -10.430202061852432, "params": {"C": 9.998702482106367, "gamma": 0.4196713890184421}, "datetime": {"datetime": "2021-06-19 19:33:22", "elapsed": 341.082303, "delta": 2.068218}}
{"target": -11.92859194584609, "params": {"C": 5.825433718349813, "gamma": 3.1963304754921413}, "datetime": {"datetime": "2021-06-19 19:33:24", "elapsed": 342.836474, "delta": 1.754171}}
{"target": -12.957893998043755, "params": {"C": 7.236019221417003, "gamma": 6.491514456047883}, "datetime": {"datetime": "2021-06-19 19:33:26", "elapsed": 345.092604, "delta": 2.25613}}
{"target": -36.76053434387231, "params": {"C": 0.001, "gamma": 4.4386058954550505}, "datetime": {"datetime": "2021-06-19 19:33:28", "elapsed": 346.79786, "delta": 1.705256}}
{"target": -13.22352574387178, "params": {"C": 3.9929958480673364, "gamma": 5.637409561320657}, "datetime": {"datetime": "2021-06-19 19:33:29", "elapsed": 348.026677, "delta": 1.228817}}
{"target": -10.363920639798524, "params": {"C": 8.15169838180707, "gamma": 0.6268094070143267}, "datetime": {"datetime": "2021-06-19 19:33:32", "elapsed": 350.357702, "delta": 2.331025}}
{"target": -10.321932480996137, "params": {"C": 8.630726404459093, "gamma": 0.6992724764657648}, "datetime": {"datetime": "2021-06-19 19:33:33", "elapsed": 352.163972, "delta": 1.80627}}
{"target": -10.454285538616265, "params": {"C": 7.928342923979448, "gamma": 1.0117551184842848}, "datetime": {"datetime": "2021-06-19 19:33:35", "elapsed": 353.637503, "delta": 1.473531}}
{"target": -10.64261617609404, "params": {"C": 5.8055920645033, "gamma": 0.9274739602131613}, "datetime": {"datetime": "2021-06-19 19:33:38", "elapsed": 356.493673, "delta": 2.85617}}
{"target": -16.342871405407575, "params": {"C": 0.9544759761268032, "gamma": 6.890423235715274}, "datetime": {"datetime": "2021-06-19 19:33:39", "elapsed": 357.735632, "delta": 1.241959}}
{"target": -10.895054435686115, "params": {"C": 6.675728562512562, "gamma": 1.486557885019287}, "datetime": {"datetime": "2021-06-19 19:33:40", "elapsed": 358.987132, "delta": 1.2515}}
{"target": -10.269393472062724, "params": {"C": 9.364801625423015, "gamma": 0.7538433527280393}, "datetime": {"datetime": "2021-06-19 19:33:42", "elapsed": 360.97001, "delta": 1.982878}}
{"target": -10.322975875433894, "params": {"C": 8.892822269982299, "gamma": 0.8958972145564718}, "datetime": {"datetime": "2021-06-19 19:33:45", "elapsed": 363.698581, "delta": 2.728571}}
{"target": -10.465648133419382, "params": {"C": 8.693055883320907, "gamma": 0.42936278707668596}, "datetime": {"datetime": "2021-06-19 19:33:47", "elapsed": 365.836724, "delta": 2.138143}}
{"target": -15.025273524542158, "params": {"C": 2.8956815400998006, "gamma": 9.077369702818197}, "datetime": {"datetime": "2021-06-19 19:33:48", "elapsed": 367.072232, "delta": 1.235508}}
{"target": -10.414879061144635, "params": {"C": 9.632520291061496, "gamma": 0.44397188936424914}, "datetime": {"datetime": "2021-06-19 19:33:50", "elapsed": 369.011039, "delta": 1.938807}}
{"target": -10.244875447631534, "params": {"C": 9.746932297507685, "gamma": 0.7991643187688938}, "datetime": {"datetime": "2021-06-19 19:33:52", "elapsed": 370.723458, "delta": 1.712419}}
{"target": -10.998120102705517, "params": {"C": 3.943244516750798, "gamma": 0.9803657240730907}, "datetime": {"datetime": "2021-06-19 19:33:54", "elapsed": 372.599613, "delta": 1.876155}}
{"target": -12.528890367497098, "params": {"C": 8.39627688804897, "gamma": 5.656055974104363}, "datetime": {"datetime": "2021-06-19 19:33:56", "elapsed": 374.476742, "delta": 1.877129}}
{"target": -10.330512446538224, "params": {"C": 8.43693634409924, "gamma": 0.7835752052847402}, "datetime": {"datetime": "2021-06-19 19:33:57", "elapsed": 376.170484, "delta": 1.693742}}
{"target": -10.875502141836884, "params": {"C": 6.337008696082828, "gamma": 0.30517184868892033}, "datetime": {"datetime": "2021-06-19 19:34:00", "elapsed": 378.576328, "delta": 2.405844}}
{"target": -10.590048986414754, "params": {"C": 5.386662571932949, "gamma": 0.6946716969078623}, "datetime": {"datetime": "2021-06-19 19:34:01", "elapsed": 380.175212, "delta": 1.598884}}
{"target": -10.391846477812885, "params": {"C": 9.017407850739234, "gamma": 1.0380030147432822}, "datetime": {"datetime": "2021-06-19 19:34:03", "elapsed": 381.932644, "delta": 1.757432}}
{"target": -13.71216414552383, "params": {"C": 2.797845439138884, "gamma": 5.756928118340937}, "datetime": {"datetime": "2021-06-19 19:34:05", "elapsed": 383.805269, "delta": 1.872625}}
{"target": -10.734573842156253, "params": {"C": 5.546516621601645, "gamma": 1.0200907388004303}, "datetime": {"datetime": "2021-06-19 19:34:07", "elapsed": 386.079653, "delta": 2.274384}}
{"target": -11.670527780465433, "params": {"C": 7.1638754848604735, "gamma": 2.868035725073343}, "datetime": {"datetime": "2021-06-19 19:34:09", "elapsed": 387.960506, "delta": 1.880853}}
{"target": -14.506237729868399, "params": {"C": 2.073174221847101, "gamma": 6.513622216614143}, "datetime": {"datetime": "2021-06-19 19:34:10", "elapsed": 389.242638, "delta": 1.282132}}
{"target": -10.245809421578775, "params": {"C": 9.972450245760522, "gamma": 0.665412206924515}, "datetime": {"datetime": "2021-06-19 19:34:13", "elapsed": 391.730546, "delta": 2.487908}}
{"target": -10.423253226729468, "params": {"C": 10.0, "gamma": 1.1475953741652416}, "datetime": {"datetime": "2021-06-19 19:34:15", "elapsed": 393.898106, "delta": 2.16756}}
{"target": -10.55883582783946, "params": {"C": 8.153063059259383, "gamma": 1.1782380295371497}, "datetime": {"datetime": "2021-06-19 19:34:17", "elapsed": 395.82591, "delta": 1.927804}}
{"target": -10.468381052231004, "params": {"C": 6.709820829920812, "gamma": 0.7325440361827974}, "datetime": {"datetime": "2021-06-19 19:34:18", "elapsed": 397.228245, "delta": 1.402335}}
{"target": -10.265432298287783, "params": {"C": 9.489154817168464, "gamma": 0.8198842664795838}, "datetime": {"datetime": "2021-06-19 19:34:21", "elapsed": 399.421649, "delta": 2.193404}}
{"target": -14.303140018398802, "params": {"C": 3.981497342106241, "gamma": 8.359556775596857}, "datetime": {"datetime": "2021-06-19 19:34:22", "elapsed": 400.841556, "delta": 1.419907}}
{"target": -10.419852903007756, "params": {"C": 7.607133014679992, "gamma": 0.5898087012796759}, "datetime": {"datetime": "2021-06-19 19:34:24", "elapsed": 402.971715, "delta": 2.130159}}
{"target": -10.295025480412216, "params": {"C": 9.290171907791764, "gamma": 0.8900786262441938}, "datetime": {"datetime": "2021-06-19 19:34:26", "elapsed": 405.101676, "delta": 2.129961}}
{"target": -10.295585385412185, "params": {"C": 9.494703687212384, "gamma": 0.5896157724203661}, "datetime": {"datetime": "2021-06-19 19:34:29", "elapsed": 407.941499, "delta": 2.839823}}
{"target": -10.248574410225059, "params": {"C": 9.804510574531824, "gamma": 0.7038935853767144}, "datetime": {"datetime": "2021-06-19 19:34:31", "elapsed": 410.101414, "delta": 2.159915}}
{"target": -10.31322307768987, "params": {"C": 8.727232106023068, "gamma": 0.799719761966268}, "datetime": {"datetime": "2021-06-19 19:34:33", "elapsed": 411.969044, "delta": 1.86763}}
{"target": -10.389907913434914, "params": {"C": 8.008142383625598, "gamma": 0.8879130438614833}, "datetime": {"datetime": "2021-06-19 19:34:35", "elapsed": 413.82368, "delta": 1.854636}}
{"target": -14.910757127852944, "params": {"C": 0.9266073802182433, "gamma": 0.13523344280558883}, "datetime": {"datetime": "2021-06-19 19:34:36", "elapsed": 415.169952, "delta": 1.346272}}
{"target": -11.238505473739057, "params": {"C": 8.859862664225568, "gamma": 2.1837614768365285}, "datetime": {"datetime": "2021-06-19 19:34:38", "elapsed": 416.839342, "delta": 1.66939}}
{"target": -10.305061063974232, "params": {"C": 9.736807033387807, "gamma": 0.5539178209061936}, "datetime": {"datetime": "2021-06-19 19:34:40", "elapsed": 418.55835, "delta": 1.719008}}
{"target": -10.841783253920205, "params": {"C": 5.088983032143604, "gamma": 1.0752111897867294}, "datetime": {"datetime": "2021-06-19 19:34:43", "elapsed": 421.760639, "delta": 3.202289}}
{"target": -12.83516346596027, "params": {"C": 9.42549025046636, "gamma": 6.697324117781265}, "datetime": {"datetime": "2021-06-19 19:34:46", "elapsed": 424.850847, "delta": 3.090208}}
{"target": -10.2505527459317, "params": {"C": 10.0, "gamma": 0.8875716956314075}, "datetime": {"datetime": "2021-06-19 19:34:48", "elapsed": 426.861028, "delta": 2.010181}}
{"target": -10.296927367135853, "params": {"C": 9.096561596329334, "gamma": 0.8439458580261844}, "datetime": {"datetime": "2021-06-19 19:34:50", "elapsed": 429.060732, "delta": 2.199704}}
{"target": -10.44410808483142, "params": {"C": 7.0128012449703965, "gamma": 0.7763951092729434}, "datetime": {"datetime": "2021-06-19 19:34:52", "elapsed": 431.260811, "delta": 2.200079}}
{"target": -10.47160401934213, "params": {"C": 7.258792825249563, "gamma": 0.9207983962223193}, "datetime": {"datetime": "2021-06-19 19:34:55", "elapsed": 433.3727, "delta": 2.111889}}
{"target": -13.972724450103044, "params": {"C": 6.160618410523274, "gamma": 8.831754559384105}, "datetime": {"datetime": "2021-06-19 19:34:56", "elapsed": 435.199591, "delta": 1.826891}}
{"target": -10.534696513434103, "params": {"C": 6.312604134616533, "gamma": 0.8317011084535627}, "datetime": {"datetime": "2021-06-19 19:34:58", "elapsed": 437.081858, "delta": 1.882267}}
{"target": -10.401855455137504, "params": {"C": 7.5377958092472035, "gamma": 0.7876495111273595}, "datetime": {"datetime": "2021-06-19 19:35:00", "elapsed": 439.2456, "delta": 2.163742}}
{"target": -10.487319779326883, "params": {"C": 8.864210764017825, "gamma": 0.40777632489792004}, "datetime": {"datetime": "2021-06-19 19:35:02", "elapsed": 441.07145, "delta": 1.82585}}
{"target": -10.441329010454375, "params": {"C": 9.175866284797507, "gamma": 1.1130900506615862}, "datetime": {"datetime": "2021-06-19 19:35:04", "elapsed": 442.72876, "delta": 1.65731}}
{"target": -10.26101556088159, "params": {"C": 9.803550561618984, "gamma": 0.8827797914115}, "datetime": {"datetime": "2021-06-19 19:35:06", "elapsed": 444.499149, "delta": 1.770389}}
{"target": -10.23790853223092, "params": {"C": 9.933788457691973, "gamma": 0.824895330289147}, "datetime": {"datetime": "2021-06-19 19:35:08", "elapsed": 446.989963, "delta": 2.490814}}
{"target": -10.386066321736097, "params": {"C": 9.447193458665472, "gamma": 1.062988166074003}, "datetime": {"datetime": "2021-06-19 19:35:10", "elapsed": 449.042244, "delta": 2.052281}}
{"target": -10.347892977950039, "params": {"C": 8.307872150842122, "gamma": 0.6726858678335922}, "datetime": {"datetime": "2021-06-19 19:35:13", "elapsed": 451.571085, "delta": 2.528841}}
{"target": -10.327730894472978, "params": {"C": 9.058315869425865, "gamma": 0.5811167029665882}, "datetime": {"datetime": "2021-06-19 19:35:15", "elapsed": 453.97712, "delta": 2.406035}}
{"target": -10.316040620447286, "params": {"C": 8.898041485772712, "gamma": 0.6306576096862563}, "datetime": {"datetime": "2021-06-19 19:35:17", "elapsed": 456.1173, "delta": 2.14018}}
{"target": -10.260106713689886, "params": {"C": 9.59886483601001, "gamma": 0.7098573095264734}, "datetime": {"datetime": "2021-06-19 19:35:20", "elapsed": 458.626245, "delta": 2.508945}}
{"target": -10.404635373798307, "params": {"C": 8.255037622980081, "gamma": 0.9753806650308282}, "datetime": {"datetime": "2021-06-19 19:35:22", "elapsed": 460.565161, "delta": 1.938916}}
{"target": -10.577508008830627, "params": {"C": 7.363914297899019, "gamma": 1.1136220393062068}, "datetime": {"datetime": "2021-06-19 19:35:24", "elapsed": 462.435739, "delta": 1.870578}}
{"target": -10.807010391015917, "params": {"C": 7.463743284263863, "gamma": 1.4508651599076967}, "datetime": {"datetime": "2021-06-19 19:35:26", "elapsed": 464.741313, "delta": 2.305574}}
{"target": -10.537609894605342, "params": {"C": 8.905380736147352, "gamma": 1.2162108327529286}, "datetime": {"datetime": "2021-06-19 19:35:29", "elapsed": 467.415064, "delta": 2.673751}}
{"target": -12.94329805178243, "params": {"C": 1.0169927657423987, "gamma": 0.8315265734545729}, "datetime": {"datetime": "2021-06-19 19:35:31", "elapsed": 469.845088, "delta": 2.430024}}
{"target": -10.332667368465241, "params": {"C": 8.52490608053736, "gamma": 0.6775099628691393}, "datetime": {"datetime": "2021-06-19 19:35:34", "elapsed": 472.806975, "delta": 2.961887}}
{"target": -10.432027393416327, "params": {"C": 8.099685992298216, "gamma": 0.4941357356898581}, "datetime": {"datetime": "2021-06-19 19:35:36", "elapsed": 475.191104, "delta": 2.384129}}
{"target": -10.505282097638622, "params": {"C": 7.60021898316611, "gamma": 1.0422765293182195}, "datetime": {"datetime": "2021-06-19 19:35:38", "elapsed": 477.133088, "delta": 1.941984}}
{"target": -10.351846817845404, "params": {"C": 9.35836649461061, "gamma": 0.5125507162798112}, "datetime": {"datetime": "2021-06-19 19:35:40", "elapsed": 478.896709, "delta": 1.763621}}
{"target": -10.275771503695712, "params": {"C": 9.629156617743472, "gamma": 0.8978025999456338}, "datetime": {"datetime": "2021-06-19 19:35:43", "elapsed": 481.977215, "delta": 3.080506}}
{"target": -12.38256333844885, "params": {"C": 7.800945345925852, "gamma": 5.141997883600211}, "datetime": {"datetime": "2021-06-19 19:35:45", "elapsed": 483.569758, "delta": 1.592543}}
{"target": -10.281708182386899, "params": {"C": 9.248664279951234, "gamma": 0.7089057993105042}, "datetime": {"datetime": "2021-06-19 19:35:47", "elapsed": 485.785157, "delta": 2.215399}}
{"target": -10.4173981960315, "params": {"C": 7.3156173609086395, "gamma": 0.6904157269218069}, "datetime": {"datetime": "2021-06-19 19:35:50", "elapsed": 488.525194, "delta": 2.740037}}
{"target": -21.585813600625535, "params": {"C": 10.0, "gamma": 0.001}, "datetime": {"datetime": "2021-06-19 19:35:52", "elapsed": 490.512491, "delta": 1.987297}}
{"target": -10.563576344994226, "params": {"C": 9.928391329824834, "gamma": 0.32950607135724785}, "datetime": {"datetime": "2021-06-19 19:35:54", "elapsed": 492.5327, "delta": 2.020209}}
{"target": -11.538390279715536, "params": {"C": 8.723961177983938, "gamma": 2.844430385120717}, "datetime": {"datetime": "2021-06-19 19:35:56", "elapsed": 495.139967, "delta": 2.607267}}
{"target": -10.154250785098686, "params": {"C": 12.026812223983129, "gamma": 0.860162246721079}, "datetime": {"datetime": "2021-06-20 12:54:40", "elapsed": 0.0, "delta": 0.0}}
{"target": -10.253215770285106, "params": {"C": 9.90058331156846, "gamma": 0.6511662863159199}, "datetime": {"datetime": "2021-06-20 12:54:41", "elapsed": 0.353562, "delta": 0.353562}}
{"target": -10.260867271483939, "params": {"C": 10.648455043167276, "gamma": 0.5461692973843989}, "datetime": {"datetime": "2021-06-20 12:54:41", "elapsed": 0.756002, "delta": 0.40244}}
{"target": -10.195680850386582, "params": {"C": 10.849927078026122, "gamma": 0.6727803635215239}, "datetime": {"datetime": "2021-06-20 12:54:42", "elapsed": 1.113531, "delta": 0.357529}}
{"target": -10.123489156435836, "params": {"C": 11.923514118576417, "gamma": 0.7694083670016785}, "datetime": {"datetime": "2021-06-20 12:54:42", "elapsed": 1.463941, "delta": 0.35041}}
{"target": -10.146113077783669, "params": {"C": 12.037892023456804, "gamma": 0.8426097501983798}, "datetime": {"datetime": "2021-06-20 12:54:42", "elapsed": 1.796078, "delta": 0.332137}}
{"target": -10.231116405860533, "params": {"C": 10.94270647363074, "gamma": 0.9390587181954727}, "datetime": {"datetime": "2021-06-20 12:54:43", "elapsed": 2.146456, "delta": 0.350378}}
{"target": -10.234216091539212, "params": {"C": 10.039676725309423, "gamma": 0.8352337550892011}, "datetime": {"datetime": "2021-06-20 12:54:43", "elapsed": 2.563887, "delta": 0.417431}}
{"target": -10.121449203397342, "params": {"C": 12.028254492072348, "gamma": 0.7793449142228759}, "datetime": {"datetime": "2021-06-20 12:54:43", "elapsed": 2.921821, "delta": 0.357934}}
{"target": -10.23014181028321, "params": {"C": 10.615973386835693, "gamma": 0.5990507445424393}, "datetime": {"datetime": "2021-06-20 12:54:44", "elapsed": 3.231818, "delta": 0.309997}}
{"target": -10.166993002239614, "params": {"C": 13.983797300245236, "gamma": 0.9841307878596988}, "datetime": {"datetime": "2021-06-20 12:54:44", "elapsed": 4.036843, "delta": 0.805025}}
{"target": -10.16512658725344, "params": {"C": 11.498463308612138, "gamma": 0.846161307834657}, "datetime": {"datetime": "2021-06-20 12:54:45", "elapsed": 4.491869, "delta": 0.455026}}
{"target": -10.134772736941645, "params": {"C": 14.369584676709795, "gamma": 0.9473033317519237}, "datetime": {"datetime": "2021-06-20 12:54:45", "elapsed": 4.936836, "delta": 0.444967}}
{"target": -10.299533543855045, "params": {"C": 10.333725477985867, "gamma": 0.5195273916164411}, "datetime": {"datetime": "2021-06-20 12:54:46", "elapsed": 5.326852, "delta": 0.390016}}
{"target": -10.23847794714137, "params": {"C": 10.766135139779301, "gamma": 0.9390712517147066}, "datetime": {"datetime": "2021-06-20 12:54:46", "elapsed": 5.707713, "delta": 0.380861}}
{"target": -10.213157744585775, "params": {"C": 10.401568852548555, "gamma": 0.7105538125025261}, "datetime": {"datetime": "2021-06-20 12:54:47", "elapsed": 6.056338, "delta": 0.348625}}
{"target": -10.039045200841816, "params": {"C": 14.78523660376756, "gamma": 0.7665826424865085}, "datetime": {"datetime": "2021-06-20 12:54:47", "elapsed": 6.372453, "delta": 0.316115}}
{"target": -10.083643912727425, "params": {"C": 13.428573281147415, "gamma": 0.6577578155030315}, "datetime": {"datetime": "2021-06-20 12:54:47", "elapsed": 6.679493, "delta": 0.30704}}
{"target": -10.140251120656295, "params": {"C": 13.401154731176076, "gamma": 0.9173128359486864}, "datetime": {"datetime": "2021-06-20 12:54:47", "elapsed": 7.011581, "delta": 0.332088}}
{"target": -10.24765722759771, "params": {"C": 9.993270214455379, "gamma": 0.8750721574724838}, "datetime": {"datetime": "2021-06-20 12:54:48", "elapsed": 7.307588, "delta": 0.296007}}
{"target": -10.156747131330809, "params": {"C": 15.0, "gamma": 1.0}, "datetime": {"datetime": "2021-06-20 12:54:49", "elapsed": 8.15979, "delta": 0.852202}}
{"target": -10.150533360850245, "params": {"C": 14.970951659769552, "gamma": 0.5051200944957047}, "datetime": {"datetime": "2021-06-20 12:54:49", "elapsed": 8.919367, "delta": 0.759577}}
{"target": -10.227212516136312, "params": {"C": 12.75203420394302, "gamma": 0.5}, "datetime": {"datetime": "2021-06-20 12:54:50", "elapsed": 9.555007, "delta": 0.63564}}
{"target": -10.18037059379862, "params": {"C": 14.188582475610373, "gamma": 0.5}, "datetime": {"datetime": "2021-06-20 12:54:51", "elapsed": 10.27272, "delta": 0.717713}}
{"target": -10.259800135413029, "params": {"C": 11.862585581432489, "gamma": 0.5}, "datetime": {"datetime": "2021-06-20 12:54:51", "elapsed": 11.006996, "delta": 0.734276}}
{"target": -10.075716462050762, "params": {"C": 14.645998083334165, "gamma": 0.5869193388560093}, "datetime": {"datetime": "2021-06-20 12:54:52", "elapsed": 11.734998, "delta": 0.728002}}
{"target": -10.195956238864763, "params": {"C": 13.632976623800097, "gamma": 0.5009309478959261}, "datetime": {"datetime": "2021-06-20 12:54:53", "elapsed": 12.626219, "delta": 0.891221}}
{"target": -10.075619317868245, "params": {"C": 13.06692974200148, "gamma": 0.7491659219521017}, "datetime": {"datetime": "2021-06-20 12:54:54", "elapsed": 13.528982, "delta": 0.902763}}
{"target": -10.039258090564994, "params": {"C": 14.600229580526257, "gamma": 0.7568634970457424}, "datetime": {"datetime": "2021-06-20 12:54:55", "elapsed": 14.570982, "delta": 1.042}}
{"target": -10.084929170368639, "params": {"C": 14.704448638194457, "gamma": 0.8673371587580925}, "datetime": {"datetime": "2021-06-20 12:54:56", "elapsed": 15.45698, "delta": 0.885998}}
