{"target": -19.247173704981396, "params": {"C": 7.793152136890645, "gamma": 7.358424038543375}, "datetime": {"datetime": "2021-06-19 15:11:38", "elapsed": 269.501317, "delta": 1.359642}}
{"target": -11.478202900852182, "params": {"C": 7.575319425001736, "gamma": 0.20216570594221564}, "datetime": {"datetime": "2021-06-19 15:11:40", "elapsed": 271.231976, "delta": 1.730659}}
{"target": -12.333674029902044, "params": {"C": 5.755668566778193, "gamma": 1.5664020594580979}, "datetime": {"datetime": "2021-06-19 15:11:42", "elapsed": 273.224015, "delta": 1.992039}}
{"target": -11.203439252203626, "params": {"C": 8.596763449999491, "gamma": 0.2917862635164603}, "datetime": {"datetime": "2021-06-19 15:11:44", "elapsed": 275.96709, "delta": 2.743075}}
{"target": -11.9785602323255, "params": {"C": 3.6452123825470824, "gamma": 0.6233299300115503}, "datetime": {"datetime": "2021-06-19 15:11:46", "elapsed": 277.743785, "delta": 1.776695}}
{"target": -11.31164612490263, "params": {"C": 5.994094463266055, "gamma": 0.4896664842204919}, "datetime": {"datetime": "2021-06-19 15:11:48", "elapsed": 279.694462, "delta": 1.950677}}
{"target": -11.019341245745045, "params": {"C": 7.00477478554218, "gamma": 0.798691446177316}, "datetime": {"datetime": "2021-06-19 15:11:50", "elapsed": 281.585471, "delta": 1.891009}}
{"target": -11.902813759086492, "params": {"C": 5.052537415803802, "gamma": 1.2223912694444758}, "datetime": {"datetime": "2021-06-19 15:11:52", "elapsed": 283.68454, "delta": 2.099069}}
{"target": -10.92567459625587, "params": {"C": 7.614731724400876, "gamma": 0.7935428655516266}, "datetime": {"datetime": "2021-06-19 15:11:54", "elapsed": 285.211241, "delta": 1.526701}}
{"target": -10.884268045822406, "params": {"C": 7.736151928229017, "gamma": 0.6184609827913351}, "datetime": {"datetime": "2021-06-19 15:11:56", "elapsed": 287.405351, "delta": 2.19411}}
{"target": -12.063462947714267, "params": {"C": 4.311497856146275, "gamma": 1.1647323939310152}, "datetime": {"datetime": "2021-06-19 15:11:58", "elapsed": 289.342426, "delta": 1.937075}}
{"target": -11.779997666639327, "params": {"C": 5.399397659431676, "gamma": 0.21957369631716422}, "datetime": {"datetime": "2021-06-19 15:11:59", "elapsed": 290.818246, "delta": 1.47582}}
{"target": -10.836289283616168, "params": {"C": 8.744967290903817, "gamma": 0.5665681409827285}, "datetime": {"datetime": "2021-06-19 15:12:01", "elapsed": 292.777246, "delta": 1.959}}
{"target": -12.170550431446342, "params": {"C": 7.080870996345948, "gamma": 1.5923508672014768}, "datetime": {"datetime": "2021-06-19 15:12:03", "elapsed": 294.250727, "delta": 1.473481}}
{"target": -22.490769501126994, "params": {"C": 7.984609917974001, "gamma": 0.001}, "datetime": {"datetime": "2021-06-19 15:12:05", "elapsed": 296.630437, "delta": 2.37971}}
{"target": -11.854102101507689, "params": {"C": 5.067973419542996, "gamma": 0.20567689473820558}, "datetime": {"datetime": "2021-06-19 15:12:07", "elapsed": 298.379695, "delta": 1.749258}}
{"target": -11.201513766760431, "params": {"C": 8.128421536128604, "gamma": 0.3249161223777802}, "datetime": {"datetime": "2021-06-19 15:12:09", "elapsed": 300.071867, "delta": 1.692172}}
{"target": -11.327228706665505, "params": {"C": 7.759633802867999, "gamma": 0.2710740195918675}, "datetime": {"datetime": "2021-06-19 15:12:11", "elapsed": 302.18, "delta": 2.108133}}
{"target": -11.181485793618517, "params": {"C": 8.28351304214158, "gamma": 0.32678309789366455}, "datetime": {"datetime": "2021-06-19 15:12:13", "elapsed": 304.104727, "delta": 1.924727}}
{"target": -11.266256377458873, "params": {"C": 6.356864409559851, "gamma": 0.9537088446105144}, "datetime": {"datetime": "2021-06-19 15:12:14", "elapsed": 305.504606, "delta": 1.399879}}
{"target": -11.01477597428564, "params": {"C": 8.806737260180354, "gamma": 1.0582726996975522}, "datetime": {"datetime": "2021-06-19 15:12:17", "elapsed": 308.221632, "delta": 2.717026}}
{"target": -11.667509543175855, "params": {"C": 4.877307861130998, "gamma": 0.9700170691119196}, "datetime": {"datetime": "2021-06-19 15:12:19", "elapsed": 310.698131, "delta": 2.476499}}
{"target": -19.44876925613162, "params": {"C": 4.000691575379724, "gamma": 7.0200498039313945}, "datetime": {"datetime": "2021-06-19 15:12:21", "elapsed": 312.498056, "delta": 1.799925}}
{"target": -10.833341086724316, "params": {"C": 9.703248260114263, "gamma": 0.9698619609515284}, "datetime": {"datetime": "2021-06-19 15:12:23", "elapsed": 314.537783, "delta": 2.039727}}
{"target": -11.210703325648865, "params": {"C": 8.122282460331398, "gamma": 1.140085192489638}, "datetime": {"datetime": "2021-06-19 15:12:25", "elapsed": 316.545451, "delta": 2.007668}}
{"target": -11.283341320356968, "params": {"C": 7.2207783705852195, "gamma": 0.34113356643505327}, "datetime": {"datetime": "2021-06-19 15:12:27", "elapsed": 318.290324, "delta": 1.744873}}
{"target": -11.909519925778428, "params": {"C": 3.897147682489874, "gamma": 0.7620412408174327}, "datetime": {"datetime": "2021-06-19 15:12:29", "elapsed": 320.524321, "delta": 2.233997}}
{"target": -11.207825819543544, "params": {"C": 6.481448565984631, "gamma": 0.4877098807730197}, "datetime": {"datetime": "2021-06-19 15:12:31", "elapsed": 322.49747, "delta": 1.973149}}
{"target": -11.06540302380099, "params": {"C": 7.527161389443751, "gamma": 0.46870677900554514}, "datetime": {"datetime": "2021-06-19 15:12:33", "elapsed": 324.523297, "delta": 2.025827}}
{"target": -11.315362190906725, "params": {"C": 8.526114457705747, "gamma": 1.2309716657294192}, "datetime": {"datetime": "2021-06-19 15:12:36", "elapsed": 327.524823, "delta": 3.001526}}
{"target": -11.557193250514839, "params": {"C": 7.248316374255045, "gamma": 1.2816295666100785}, "datetime": {"datetime": "2021-06-19 15:12:38", "elapsed": 329.85682, "delta": 2.331997}}
{"target": -11.883884933867876, "params": {"C": 6.464246697643778, "gamma": 1.3979204751956786}, "datetime": {"datetime": "2021-06-19 15:12:41", "elapsed": 332.254446, "delta": 2.397626}}
{"target": -11.642962155371864, "params": {"C": 4.548174484780829, "gamma": 0.6485121704998477}, "datetime": {"datetime": "2021-06-19 15:12:43", "elapsed": 334.643134, "delta": 2.388688}}
{"target": -20.536942448609654, "params": {"C": 7.133644980556547, "gamma": 8.870444304209373}, "datetime": {"datetime": "2021-06-19 15:12:44", "elapsed": 335.961112, "delta": 1.317978}}
{"target": -11.02717258162456, "params": {"C": 7.6620040890272305, "gamma": 0.9405396166705756}, "datetime": {"datetime": "2021-06-19 15:12:47", "elapsed": 338.537941, "delta": 2.576829}}
{"target": -12.220403174341628, "params": {"C": 8.650789524554103, "gamma": 1.6641214931124961}, "datetime": {"datetime": "2021-06-19 15:12:50", "elapsed": 341.005962, "delta": 2.468021}}
{"target": -10.86318317396762, "params": {"C": 8.320579609826801, "gamma": 0.539414484761108}, "datetime": {"datetime": "2021-06-19 15:12:51", "elapsed": 342.82727, "delta": 1.821308}}
{"target": -11.715603957115388, "params": {"C": 9.26836837738501, "gamma": 1.4284932716421483}, "datetime": {"datetime": "2021-06-19 15:12:53", "elapsed": 344.224994, "delta": 1.397724}}
{"target": -11.345918300653665, "params": {"C": 5.5901810922056105, "gamma": 0.597470338436025}, "datetime": {"datetime": "2021-06-19 15:12:55", "elapsed": 346.428638, "delta": 2.203644}}
{"target": -12.037026278536445, "params": {"C": 7.904650852030004, "gamma": 1.5699378548989906}, "datetime": {"datetime": "2021-06-19 15:12:57", "elapsed": 348.500864, "delta": 2.072226}}
{"target": -10.883368628122243, "params": {"C": 8.145319519174514, "gamma": 0.7628079452288413}, "datetime": {"datetime": "2021-06-19 15:12:59", "elapsed": 350.912895, "delta": 2.412031}}
{"target": -12.15539013480861, "params": {"C": 3.3495075170639437, "gamma": 0.7661828341543666}, "datetime": {"datetime": "2021-06-19 15:13:02", "elapsed": 353.568982, "delta": 2.656087}}
{"target": -10.887591358537902, "params": {"C": 8.355996765772286, "gamma": 0.8575451722294946}, "datetime": {"datetime": "2021-06-19 15:13:04", "elapsed": 355.622506, "delta": 2.053524}}
{"target": -13.96478983802768, "params": {"C": 2.7802102541979448, "gamma": 1.9650317241691957}, "datetime": {"datetime": "2021-06-19 15:13:06", "elapsed": 357.386208, "delta": 1.763702}}
{"target": -12.164713355474028, "params": {"C": 3.4222239100764766, "gamma": 0.3661818230173627}, "datetime": {"datetime": "2021-06-19 15:13:08", "elapsed": 359.287519, "delta": 1.901311}}
{"target": -11.729417730954244, "params": {"C": 4.288041367284744, "gamma": 0.6413262568629287}, "datetime": {"datetime": "2021-06-19 15:13:10", "elapsed": 361.349289, "delta": 2.06177}}
{"target": -10.861922000873808, "params": {"C": 9.055962294253742, "gamma": 0.8895131213479531}, "datetime": {"datetime": "2021-06-19 15:13:12", "elapsed": 363.674498, "delta": 2.325209}}
{"target": -11.072686237561685, "params": {"C": 6.629661447781786, "gamma": 0.7426342144432126}, "datetime": {"datetime": "2021-06-19 15:13:14", "elapsed": 365.865749, "delta": 2.191251}}
{"target": -11.004869281967936, "params": {"C": 7.811189762950236, "gamma": 0.48380303207178504}, "datetime": {"datetime": "2021-06-19 15:13:16", "elapsed": 367.85878, "delta": 1.993031}}
{"target": -11.436242933638214, "params": {"C": 5.387932308211399, "gamma": 0.5222558675254586}, "datetime": {"datetime": "2021-06-19 15:13:18", "elapsed": 369.552251, "delta": 1.693471}}
{"target": -12.459254528115729, "params": {"C": 4.827434270125829, "gamma": 1.5217293740932676}, "datetime": {"datetime": "2021-06-19 15:13:21", "elapsed": 372.14103, "delta": 2.588779}}
{"target": -10.851738304304812, "params": {"C": 8.186647881258782, "gamma": 0.6365919019812063}, "datetime": {"datetime": "2021-06-19 15:13:23", "elapsed": 374.071154, "delta": 1.930124}}
{"target": -12.594833737483452, "params": {"C": 6.220142138280394, "gamma": 1.7434936896990516}, "datetime": {"datetime": "2021-06-19 15:13:26", "elapsed": 377.324554, "delta": 3.2534}}
{"target": -22.165181336130274, "params": {"C": 2.3481839308763166, "gamma": 9.890117927375465}, "datetime": {"datetime": "2021-06-19 15:13:27", "elapsed": 378.952105, "delta": 1.627551}}
{"target": -11.748771279369912, "params": {"C": 9.989909133102516, "gamma": 1.4441791475775854}, "datetime": {"datetime": "2021-06-19 15:13:30", "elapsed": 381.196666, "delta": 2.244561}}
{"target": -12.583230308038388, "params": {"C": 9.440316526060332, "gamma": 1.8361837650606265}, "datetime": {"datetime": "2021-06-19 15:13:32", "elapsed": 383.718673, "delta": 2.522007}}
{"target": -10.90370922044946, "params": {"C": 7.887840472006319, "gamma": 0.7797181625012203}, "datetime": {"datetime": "2021-06-19 15:13:35", "elapsed": 386.109223, "delta": 2.39055}}
{"target": -11.353151508235817, "params": {"C": 5.946313099647616, "gamma": 0.9441288032633374}, "datetime": {"datetime": "2021-06-19 15:13:37", "elapsed": 388.661906, "delta": 2.552683}}
{"target": -10.848809435596902, "params": {"C": 8.654357935054236, "gamma": 0.7563813205251197}, "datetime": {"datetime": "2021-06-19 15:13:39", "elapsed": 390.995453, "delta": 2.333547}}
{"target": -18.068394041489704, "params": {"C": 4.633230492486242, "gamma": 5.501550487305734}, "datetime": {"datetime": "2021-06-19 15:13:41", "elapsed": 392.510143, "delta": 1.51469}}
{"target": -12.54038515089038, "params": {"C": 5.271111639847635, "gamma": 1.6233989904964585}, "datetime": {"datetime": "2021-06-19 15:13:43", "elapsed": 394.270746, "delta": 1.760603}}
{"target": -12.577312328155028, "params": {"C": 7.561800359733002, "gamma": 1.8185292732443439}, "datetime": {"datetime": "2021-06-19 15:13:45", "elapsed": 396.241039, "delta": 1.970293}}
{"target": -11.239678346591237, "params": {"C": 7.131015170202722, "gamma": 1.052500007246701}, "datetime": {"datetime": "2021-06-19 15:13:47", "elapsed": 398.503686, "delta": 2.262647}}
{"target": -10.828006513881128, "params": {"C": 9.998507069873595, "gamma": 0.9476277452580091}, "datetime": {"datetime": "2021-06-19 15:13:49", "elapsed": 400.953209, "delta": 2.449523}}
{"target": -12.21423070282863, "params": {"C": 4.019528911494589, "gamma": 1.1976904789290796}, "datetime": {"datetime": "2021-06-19 15:13:51", "elapsed": 402.580325, "delta": 1.627116}}
{"target": -11.127061321026904, "params": {"C": 6.423106966735316, "gamma": 0.7772213987829444}, "datetime": {"datetime": "2021-06-19 15:13:54", "elapsed": 405.918315, "delta": 3.33799}}
{"target": -14.125875827727407, "params": {"C": 3.160299006353026, "gamma": 0.06359056555244941}, "datetime": {"datetime": "2021-06-19 15:13:57", "elapsed": 408.056814, "delta": 2.138499}}
{"target": -12.381236301997328, "params": {"C": 2.9393584339571732, "gamma": 0.7845315744256102}, "datetime": {"datetime": "2021-06-19 15:13:59", "elapsed": 410.508449, "delta": 2.451635}}
{"target": -12.474918116499307, "params": {"C": 3.4315885827220582, "gamma": 1.191881269480673}, "datetime": {"datetime": "2021-06-19 15:14:02", "elapsed": 413.808923, "delta": 3.300474}}
{"target": -11.801240030933812, "params": {"C": 4.774498339400365, "gamma": 0.3139361598421228}, "datetime": {"datetime": "2021-06-19 15:14:06", "elapsed": 417.677389, "delta": 3.868466}}
{"target": -12.951680104702948, "params": {"C": 6.812020181251457, "gamma": 1.9583734488133413}, "datetime": {"datetime": "2021-06-19 15:14:09", "elapsed": 420.435649, "delta": 2.75826}}
{"target": -12.404312418871902, "params": {"C": 7.0724214094255755, "gamma": 0.07797897362637476}, "datetime": {"datetime": "2021-06-19 15:14:11", "elapsed": 422.768173, "delta": 2.332524}}
{"target": -11.390002322798763, "params": {"C": 8.284551941373344, "gamma": 0.20857949946004856}, "datetime": {"datetime": "2021-06-19 15:14:14", "elapsed": 425.385556, "delta": 2.617383}}
{"target": -10.853775000058139, "params": {"C": 9.260086302208222, "gamma": 0.9624976294666716}, "datetime": {"datetime": "2021-06-19 15:14:16", "elapsed": 427.237762, "delta": 1.852206}}
{"target": -11.601841949927614, "params": {"C": 5.8177417415031, "gamma": 0.2933999965745963}, "datetime": {"datetime": "2021-06-19 15:14:19", "elapsed": 430.133675, "delta": 2.895913}}
{"target": -12.559455399019015, "params": {"C": 2.5334159301249435, "gamma": 0.590106165330025}, "datetime": {"datetime": "2021-06-19 15:14:21", "elapsed": 432.269831, "delta": 2.136156}}
{"target": -10.909907740745044, "params": {"C": 7.458585878113686, "gamma": 0.6459372449936899}, "datetime": {"datetime": "2021-06-19 15:14:23", "elapsed": 434.152073, "delta": 1.882242}}
{"target": -24.11056338730978, "params": {"C": 5.581409713922592, "gamma": 0.001}, "datetime": {"datetime": "2021-06-19 15:14:25", "elapsed": 436.671543, "delta": 2.51947}}
{"target": -11.70951806142168, "params": {"C": 5.3288133300803295, "gamma": 0.28721107228756654}, "datetime": {"datetime": "2021-06-19 15:14:27", "elapsed": 438.54594, "delta": 1.874397}}
{"target": -11.417189355697326, "params": {"C": 5.777081797913782, "gamma": 0.43148952054094586}, "datetime": {"datetime": "2021-06-19 15:14:29", "elapsed": 440.696458, "delta": 2.150518}}
{"target": -11.462647089759468, "params": {"C": 6.117816424070954, "gamma": 0.3466703381746663}, "datetime": {"datetime": "2021-06-19 15:14:32", "elapsed": 443.435071, "delta": 2.738613}}
{"target": -11.149292310224109, "params": {"C": 6.948698639688053, "gamma": 0.46985561347502214}, "datetime": {"datetime": "2021-06-19 15:14:34", "elapsed": 445.398659, "delta": 1.963588}}
{"target": -11.199221988891434, "params": {"C": 7.455438258480454, "gamma": 1.0603100131042396}, "datetime": {"datetime": "2021-06-19 15:14:36", "elapsed": 447.645405, "delta": 2.246746}}
{"target": -12.031262329074238, "params": {"C": 9.789863901362148, "gamma": 1.5699682914509527}, "datetime": {"datetime": "2021-06-19 15:14:39", "elapsed": 450.620869, "delta": 2.975464}}
{"target": -10.84108217335621, "params": {"C": 9.508050478397934, "gamma": 0.8833239056976302}, "datetime": {"datetime": "2021-06-19 15:14:41", "elapsed": 452.768457, "delta": 2.147588}}
{"target": -11.385650229984922, "params": {"C": 6.509481704940941, "gamma": 1.085668635236231}, "datetime": {"datetime": "2021-06-19 15:14:44", "elapsed": 455.383597, "delta": 2.61514}}
{"target": -11.441226158205591, "params": {"C": 8.707297441057687, "gamma": 0.15453330142907137}, "datetime": {"datetime": "2021-06-19 15:14:46", "elapsed": 457.396385, "delta": 2.012788}}
{"target": -10.857882282840606, "params": {"C": 8.833380914186115, "gamma": 0.8166558838799811}, "datetime": {"datetime": "2021-06-19 15:14:49", "elapsed": 460.060653, "delta": 2.664268}}
{"target": -10.90336912345451, "params": {"C": 8.45935710584933, "gamma": 0.494277021001442}, "datetime": {"datetime": "2021-06-19 15:14:52", "elapsed": 463.653707, "delta": 3.593054}}
{"target": -11.32789539816509, "params": {"C": 6.875158277572499, "gamma": 1.0893736454336023}, "datetime": {"datetime": "2021-06-19 15:14:57", "elapsed": 468.696481, "delta": 2.649139}}
{"target": -11.447883101866873, "params": {"C": 5.7392524132585985, "gamma": 0.991767683414706}, "datetime": {"datetime": "2021-06-19 15:15:00", "elapsed": 471.510572, "delta": 2.814091}}
{"target": -10.82904579322543, "params": {"C": 9.302095465252268, "gamma": 0.7801280086700532}, "datetime": {"datetime": "2021-06-19 15:15:03", "elapsed": 474.094961, "delta": 2.584389}}
{"target": -12.938135164826562, "params": {"C": 8.88931684323997, "gamma": 2.022045041695434}, "datetime": {"datetime": "2021-06-19 15:15:05", "elapsed": 476.084241, "delta": 1.98928}}
{"target": -11.500384180280573, "params": {"C": 5.927613825236413, "gamma": 0.34739478417547487}, "datetime": {"datetime": "2021-06-19 15:15:07", "elapsed": 478.590526, "delta": 2.506285}}
{"target": -13.49013485907198, "params": {"C": 5.577724585378175, "gamma": 2.143485056072696}, "datetime": {"datetime": "2021-06-19 15:15:10", "elapsed": 481.986436, "delta": 3.39591}}
{"target": -10.893534979027432, "params": {"C": 8.595723120389227, "gamma": 0.9303085768220895}, "datetime": {"datetime": "2021-06-19 15:15:14", "elapsed": 485.777263, "delta": 3.790827}}
{"target": -12.065972896251271, "params": {"C": 3.7243121952390634, "gamma": 0.3463099245210108}, "datetime": {"datetime": "2021-06-19 15:15:17", "elapsed": 488.286177, "delta": 2.508914}}
{"target": -11.265052391917692, "params": {"C": 7.881110061961932, "gamma": 0.2970159654466454}, "datetime": {"datetime": "2021-06-19 15:15:20", "elapsed": 491.265848, "delta": 2.979671}}
{"target": -13.168552640723382, "params": {"C": 2.1539985442871923, "gamma": 0.15155063560979984}, "datetime": {"datetime": "2021-06-19 15:15:22", "elapsed": 493.509612, "delta": 2.243764}}
{"target": -13.661714798485752, "params": {"C": 7.9837537359518125, "gamma": 2.375331663694556}, "datetime": {"datetime": "2021-06-19 15:15:25", "elapsed": 496.446427, "delta": 2.936815}}
{"target": -13.391300800573806, "params": {"C": 9.955560891040017, "gamma": 2.261316046609445}, "datetime": {"datetime": "2021-06-19 15:15:29", "elapsed": 500.216816, "delta": 3.770389}}
{"target": -12.97271169926321, "params": {"C": 2.348488857780542, "gamma": 1.0249438567691305}, "datetime": {"datetime": "2021-06-19 15:15:31", "elapsed": 502.921981, "delta": 2.705165}}
{"target": -21.439387756184725, "params": {"C": 5.933706134790063, "gamma": 10.0}, "datetime": {"datetime": "2021-06-19 15:15:34", "elapsed": 505.720817, "delta": 2.798836}}
{"target": -10.93885829113474, "params": {"C": 7.266133182833278, "gamma": 0.6780856231952278}, "datetime": {"datetime": "2021-06-19 15:15:37", "elapsed": 508.436393, "delta": 2.715576}}
{"target": -12.480784933854999, "params": {"C": 9.268006357410464, "gamma": 1.78640647365112}, "datetime": {"datetime": "2021-06-19 15:15:39", "elapsed": 510.197371, "delta": 1.760978}}
{"target": -10.934667891046548, "params": {"C": 9.396912421233937, "gamma": 1.0374728145981396}, "datetime": {"datetime": "2021-06-19 15:15:41", "elapsed": 512.816403, "delta": 2.619032}}
{"target": -11.636205677018266, "params": {"C": 4.701790912902817, "gamma": 0.5146478226746689}, "datetime": {"datetime": "2021-06-19 15:15:43", "elapsed": 514.693156, "delta": 1.876753}}
{"target": -21.208957969894467, "params": {"C": 10.0, "gamma": 10.0}, "datetime": {"datetime": "2021-06-19 15:15:46", "elapsed": 517.726386, "delta": 3.03323}}
{"target": -20.722687391735455, "params": {"C": 2.5860134197315694, "gamma": 7.964556687340591}, "datetime": {"datetime": "2021-06-19 15:15:49", "elapsed": 520.148813, "delta": 2.422427}}
{"target": -15.925007369214697, "params": {"C": 3.884114220701805, "gamma": 3.4440304962882524}, "datetime": {"datetime": "2021-06-19 15:15:52", "elapsed": 523.105847, "delta": 2.957034}}
{"target": -10.919875513960989, "params": {"C": 8.10980040733666, "gamma": 0.8955815325319104}, "datetime": {"datetime": "2021-06-19 15:15:54", "elapsed": 525.669679, "delta": 2.563832}}
{"target": -11.254845447434832, "params": {"C": 7.81480299706623, "gamma": 1.1417602752311244}, "datetime": {"datetime": "2021-06-19 15:15:57", "elapsed": 528.305754, "delta": 2.636075}}
{"target": -18.703262009299763, "params": {"C": 2.333651529303544, "gamma": 5.448846210196256}, "datetime": {"datetime": "2021-06-19 15:15:59", "elapsed": 530.567289, "delta": 2.261535}}
{"target": -11.733552508694157, "params": {"C": 6.83020454842979, "gamma": 1.3467185957002685}, "datetime": {"datetime": "2021-06-19 15:16:02", "elapsed": 533.342773, "delta": 2.775484}}
{"target": -11.280119124381596, "params": {"C": 8.803344886325275, "gamma": 1.2186646777006844}, "datetime": {"datetime": "2021-06-19 15:16:04", "elapsed": 535.746304, "delta": 2.403531}}
{"target": -10.861101009858416, "params": {"C": 8.384574995289553, "gamma": 0.7244611525977491}, "datetime": {"datetime": "2021-06-19 15:16:07", "elapsed": 538.701891, "delta": 2.955587}}
{"target": -20.39008345356745, "params": {"C": 5.449699250152168, "gamma": 8.465381389998281}, "datetime": {"datetime": "2021-06-19 15:16:11", "elapsed": 542.179579, "delta": 3.477688}}
