{"target": -9.950184358752074, "params": {"C": 130.45948736937868, "gamma": 0.30661283553073004}, "datetime": {"datetime": "2021-06-21 08:36:34", "elapsed": 185.859329, "delta": 1.77437}}
{"target": -9.911245792459962, "params": {"C": 194.80007083283866, "gamma": 0.3}, "datetime": {"datetime": "2021-06-21 08:36:35", "elapsed": 187.108466, "delta": 1.249137}}
{"target": -9.954558650701617, "params": {"C": 121.54717266083334, "gamma": 0.3089956158363473}, "datetime": {"datetime": "2021-06-21 08:36:37", "elapsed": 188.92204, "delta": 1.813574}}
{"target": -9.972258965169555, "params": {"C": 124.37357029183694, "gamma": 0.3018882327522682}, "datetime": {"datetime": "2021-06-21 08:36:39", "elapsed": 190.205829, "delta": 1.283789}}
{"target": -9.862282547882256, "params": {"C": 237.87499478461214, "gamma": 0.3079032265204782}, "datetime": {"datetime": "2021-06-21 08:36:40", "elapsed": 191.714213, "delta": 1.508384}}
{"target": -10.070179467554025, "params": {"C": 154.57053106654791, "gamma": 0.9964351937532288}, "datetime": {"datetime": "2021-06-21 08:36:42", "elapsed": 193.287029, "delta": 1.572816}}
{"target": -9.886342160226501, "params": {"C": 224.93189567441792, "gamma": 0.3}, "datetime": {"datetime": "2021-06-21 08:36:43", "elapsed": 194.633468, "delta": 1.346439}}
{"target": -10.14722269340492, "params": {"C": 230.32063460524856, "gamma": 0.9854799368473424}, "datetime": {"datetime": "2021-06-21 08:36:45", "elapsed": 196.1615, "delta": 1.528032}}
{"target": -10.076958286991793, "params": {"C": 171.99401205737553, "gamma": 1.0}, "datetime": {"datetime": "2021-06-21 08:36:46", "elapsed": 197.342945, "delta": 1.181445}}
{"target": -9.860039559030522, "params": {"C": 297.3460076075289, "gamma": 0.31185165818532634}, "datetime": {"datetime": "2021-06-21 08:36:47", "elapsed": 198.540829, "delta": 1.197884}}
{"target": -9.89203854527487, "params": {"C": 199.2453653867944, "gamma": 0.30512010050710286}, "datetime": {"datetime": "2021-06-21 08:36:48", "elapsed": 200.087443, "delta": 1.546614}}
{"target": -10.046999139175243, "params": {"C": 150.81871551831335, "gamma": 0.9343821081299695}, "datetime": {"datetime": "2021-06-21 08:36:50", "elapsed": 201.520348, "delta": 1.432905}}
{"target": -9.972803338302928, "params": {"C": 120.08371495881448, "gamma": 0.30351764082519145}, "datetime": {"datetime": "2021-06-21 08:36:52", "elapsed": 203.263116, "delta": 1.742768}}
{"target": -10.09889915231248, "params": {"C": 119.99558960354507, "gamma": 1.0}, "datetime": {"datetime": "2021-06-21 08:36:53", "elapsed": 204.380815, "delta": 1.117699}}
{"target": -10.325361476517783, "params": {"C": 288.1859946190367, "gamma": 0.9881474835405406}, "datetime": {"datetime": "2021-06-21 08:36:54", "elapsed": 205.758712, "delta": 1.377897}}
{"target": -10.0687900156644, "params": {"C": 165.85449372986005, "gamma": 0.9920403794226975}, "datetime": {"datetime": "2021-06-21 08:36:55", "elapsed": 206.908549, "delta": 1.149837}}
{"target": -10.07245415839202, "params": {"C": 161.19685122089172, "gamma": 1.0}, "datetime": {"datetime": "2021-06-21 08:36:56", "elapsed": 208.080386, "delta": 1.171837}}
{"target": -10.081575893821872, "params": {"C": 127.07492889180278, "gamma": 0.9717420430108272}, "datetime": {"datetime": "2021-06-21 08:36:58", "elapsed": 209.235178, "delta": 1.154792}}
{"target": -9.892239109343258, "params": {"C": 186.81562964795376, "gamma": 0.30880247204435485}, "datetime": {"datetime": "2021-06-21 08:37:00", "elapsed": 211.211583, "delta": 1.976405}}
{"target": -10.061486773268417, "params": {"C": 139.62462545241556, "gamma": 0.9477789069316045}, "datetime": {"datetime": "2021-06-21 08:37:01", "elapsed": 212.516526, "delta": 1.304943}}
{"target": -9.874210168877944, "params": {"C": 259.50530758356507, "gamma": 0.3}, "datetime": {"datetime": "2021-06-21 08:37:02", "elapsed": 213.779431, "delta": 1.262905}}
{"target": -9.869760081609215, "params": {"C": 252.11210501230983, "gamma": 0.30268167462955253}, "datetime": {"datetime": "2021-06-21 08:37:03", "elapsed": 214.985995, "delta": 1.206564}}
{"target": -9.996012876870829, "params": {"C": 100.23684609771925, "gamma": 0.30440804001350386}, "datetime": {"datetime": "2021-06-21 08:37:05", "elapsed": 216.448241, "delta": 1.462246}}
{"target": -9.958033098073551, "params": {"C": 102.10779928136981, "gamma": 0.31716421851025856}, "datetime": {"datetime": "2021-06-21 08:37:06", "elapsed": 217.623726, "delta": 1.175485}}
{"target": -10.333661843666128, "params": {"C": 284.64441054035876, "gamma": 1.0}, "datetime": {"datetime": "2021-06-21 08:37:07", "elapsed": 218.892258, "delta": 1.268532}}
{"target": -10.002201275449139, "params": {"C": 104.85601801493543, "gamma": 0.3}, "datetime": {"datetime": "2021-06-21 08:37:08", "elapsed": 219.968761, "delta": 1.076503}}
{"target": -9.8718750288979, "params": {"C": 275.9604497493491, "gamma": 0.3033321249125411}, "datetime": {"datetime": "2021-06-21 08:37:10", "elapsed": 221.410992, "delta": 1.442231}}
{"target": -9.897748623545374, "params": {"C": 211.05651862757156, "gamma": 0.3}, "datetime": {"datetime": "2021-06-21 08:37:11", "elapsed": 222.91142, "delta": 1.500428}}
{"target": -9.856648601791134, "params": {"C": 232.3046283110461, "gamma": 0.31176703196855365}, "datetime": {"datetime": "2021-06-21 08:37:12", "elapsed": 224.080806, "delta": 1.169386}}
{"target": -9.942604045051343, "params": {"C": 110.04144270512663, "gamma": 0.3187267269138677}, "datetime": {"datetime": "2021-06-21 08:37:14", "elapsed": 225.427943, "delta": 1.347137}}
{"target": -9.861919509001185, "params": {"C": 266.41068315296064, "gamma": 0.3103323869921911}, "datetime": {"datetime": "2021-06-21 08:37:15", "elapsed": 226.574395, "delta": 1.146452}}
{"target": -9.962763180733326, "params": {"C": 136.78661544251375, "gamma": 0.3}, "datetime": {"datetime": "2021-06-21 08:37:16", "elapsed": 227.709522, "delta": 1.135127}}
{"target": -9.733808687170677, "params": {"C": 134.70670615450052, "gamma": 0.4102698372571924}, "datetime": {"datetime": "2021-06-21 08:37:17", "elapsed": 228.993506, "delta": 1.283984}}
{"target": -10.151494110174282, "params": {"C": 226.89217964090454, "gamma": 1.0}, "datetime": {"datetime": "2021-06-21 08:37:19", "elapsed": 230.442264, "delta": 1.448758}}
{"target": -10.074919632853081, "params": {"C": 168.59570871328302, "gamma": 1.0}, "datetime": {"datetime": "2021-06-21 08:37:20", "elapsed": 231.703745, "delta": 1.261481}}
{"target": -9.8747541464956, "params": {"C": 207.40247597924642, "gamma": 0.3084731916530493}, "datetime": {"datetime": "2021-06-21 08:37:21", "elapsed": 233.019361, "delta": 1.315616}}
{"target": -9.940582206466015, "params": {"C": 159.86968546374015, "gamma": 0.3}, "datetime": {"datetime": "2021-06-21 08:37:23", "elapsed": 234.357918, "delta": 1.338557}}
{"target": -9.953771658340777, "params": {"C": 137.6444683107096, "gamma": 0.3025122431060945}, "datetime": {"datetime": "2021-06-21 08:37:24", "elapsed": 235.546592, "delta": 1.188674}}
{"target": -9.870945625703651, "params": {"C": 139.9115266084254, "gamma": 0.3336030446879168}, "datetime": {"datetime": "2021-06-21 08:37:25", "elapsed": 236.930321, "delta": 1.383729}}
{"target": -10.237321070452435, "params": {"C": 262.1415306984136, "gamma": 0.9950368726639576}, "datetime": {"datetime": "2021-06-21 08:37:27", "elapsed": 238.142883, "delta": 1.212562}}
{"target": -9.96942197147589, "params": {"C": 127.309789812172, "gamma": 0.3016139262817857}, "datetime": {"datetime": "2021-06-21 08:37:28", "elapsed": 239.989051, "delta": 1.846168}}
{"target": -10.098395044189365, "params": {"C": 188.77301316553022, "gamma": 1.0}, "datetime": {"datetime": "2021-06-21 08:37:30", "elapsed": 241.497484, "delta": 1.508433}}
{"target": -10.289331594292829, "params": {"C": 273.2099658606294, "gamma": 0.999645016520528}, "datetime": {"datetime": "2021-06-21 08:37:32", "elapsed": 243.533058, "delta": 2.035574}}
{"target": -9.927026966120092, "params": {"C": 176.34455698545142, "gamma": 0.3}, "datetime": {"datetime": "2021-06-21 08:37:33", "elapsed": 244.963689, "delta": 1.430631}}
{"target": -9.972859137217885, "params": {"C": 128.51835955599321, "gamma": 0.3}, "datetime": {"datetime": "2021-06-21 08:37:35", "elapsed": 246.335908, "delta": 1.372219}}
{"target": -10.083982373980113, "params": {"C": 130.07964409465458, "gamma": 0.9846069550018277}, "datetime": {"datetime": "2021-06-21 08:37:36", "elapsed": 247.564074, "delta": 1.228166}}
{"target": -10.156169852179742, "params": {"C": 235.9696766214279, "gamma": 0.9886992426616821}, "datetime": {"datetime": "2021-06-21 08:37:37", "elapsed": 248.875511, "delta": 1.311437}}
{"target": -9.875425318911006, "params": {"C": 241.2094359638648, "gamma": 0.30095577865183226}, "datetime": {"datetime": "2021-06-21 08:37:38", "elapsed": 250.040923, "delta": 1.165412}}
{"target": -9.927521061702972, "params": {"C": 173.9599629073722, "gamma": 0.30053925558029176}, "datetime": {"datetime": "2021-06-21 08:37:40", "elapsed": 251.405841, "delta": 1.364918}}
{"target": -10.144049352316866, "params": {"C": 220.93423580199416, "gamma": 1.0}, "datetime": {"datetime": "2021-06-21 08:37:41", "elapsed": 252.806798, "delta": 1.400957}}
{"target": -9.89247274767034, "params": {"C": 217.4994898228598, "gamma": 0.3}, "datetime": {"datetime": "2021-06-21 08:37:42", "elapsed": 254.036187, "delta": 1.229389}}
{"target": -9.875699068724062, "params": {"C": 248.11887992944122, "gamma": 0.3}, "datetime": {"datetime": "2021-06-21 08:37:44", "elapsed": 255.540244, "delta": 1.504057}}
{"target": -9.885818984215046, "params": {"C": 215.51428754943328, "gamma": 0.3026582587207621}, "datetime": {"datetime": "2021-06-21 08:37:45", "elapsed": 257.124582, "delta": 1.584338}}
{"target": -9.816221543400044, "params": {"C": 168.00457850335613, "gamma": 0.3443873280512242}, "datetime": {"datetime": "2021-06-21 08:37:47", "elapsed": 258.49536, "delta": 1.370778}}
{"target": -9.938773062985959, "params": {"C": 162.11488767726476, "gamma": 0.3}, "datetime": {"datetime": "2021-06-21 08:37:48", "elapsed": 260.019498, "delta": 1.524138}}
{"target": -9.864950864359983, "params": {"C": 202.01037580054015, "gamma": 0.3132365445750216}, "datetime": {"datetime": "2021-06-21 08:37:50", "elapsed": 261.572981, "delta": 1.553483}}
{"target": -9.937491572359228, "params": {"C": 152.7071031990614, "gamma": 0.3034047246288372}, "datetime": {"datetime": "2021-06-21 08:37:51", "elapsed": 262.873751, "delta": 1.30077}}
{"target": -9.915763934071398, "params": {"C": 125.53475480244406, "gamma": 0.32168453431374777}, "datetime": {"datetime": "2021-06-21 08:37:53", "elapsed": 264.216496, "delta": 1.342745}}
{"target": -9.86251974251035, "params": {"C": 286.40250553392053, "gamma": 0.31034390127685907}, "datetime": {"datetime": "2021-06-21 08:37:54", "elapsed": 266.062755, "delta": 1.846259}}
{"target": -9.789387450012967, "params": {"C": 148.46862313037596, "gamma": 0.3661199852874521}, "datetime": {"datetime": "2021-06-21 08:37:55", "elapsed": 267.063458, "delta": 1.000703}}
{"target": -9.836359524270154, "params": {"C": 190.76379500833832, "gamma": 0.32848665923616277}, "datetime": {"datetime": "2021-06-21 08:37:56", "elapsed": 268.082419, "delta": 1.018961}}
{"target": -10.080817619764805, "params": {"C": 137.21759035783467, "gamma": 0.9987814781818949}, "datetime": {"datetime": "2021-06-21 08:37:58", "elapsed": 269.197004, "delta": 1.114585}}
{"target": -10.082712062855869, "params": {"C": 134.98243386905654, "gamma": 0.9964891501659823}, "datetime": {"datetime": "2021-06-21 08:37:59", "elapsed": 270.531464, "delta": 1.33446}}
{"target": -10.078944986623775, "params": {"C": 174.82189460559462, "gamma": 1.0}, "datetime": {"datetime": "2021-06-21 08:38:00", "elapsed": 271.940143, "delta": 1.408679}}
{"target": -10.093303030949178, "params": {"C": 185.59339392872647, "gamma": 1.0}, "datetime": {"datetime": "2021-06-21 08:38:02", "elapsed": 273.54632, "delta": 1.606177}}
{"target": -10.091698242252178, "params": {"C": 123.61992690569339, "gamma": 0.9895864693982024}, "datetime": {"datetime": "2021-06-21 08:38:03", "elapsed": 274.830787, "delta": 1.284467}}
{"target": -9.944492549417845, "params": {"C": 154.9902125045156, "gamma": 0.3}, "datetime": {"datetime": "2021-06-21 08:38:05", "elapsed": 276.178532, "delta": 1.347745}}
{"target": -9.847502790229932, "params": {"C": 244.7441567703186, "gamma": 0.320189364082249}, "datetime": {"datetime": "2021-06-21 08:38:06", "elapsed": 277.45112, "delta": 1.272588}}
{"target": -10.10443058623083, "params": {"C": 193.9773565415723, "gamma": 0.9972385431398336}, "datetime": {"datetime": "2021-06-21 08:38:07", "elapsed": 278.654821, "delta": 1.203701}}
{"target": -9.912121110670451, "params": {"C": 170.2116491353585, "gamma": 0.30721516842648017}, "datetime": {"datetime": "2021-06-21 08:38:08", "elapsed": 280.008534, "delta": 1.353713}}
{"target": -9.870319609535803, "params": {"C": 277.82905397202836, "gamma": 0.3045980818049775}, "datetime": {"datetime": "2021-06-21 08:38:10", "elapsed": 281.629957, "delta": 1.621423}}
{"target": -10.196347518144862, "params": {"C": 254.32859732488112, "gamma": 0.9898457559961864}, "datetime": {"datetime": "2021-06-21 08:38:12", "elapsed": 283.165371, "delta": 1.535414}}
{"target": -10.123245185606178, "params": {"C": 205.40688366807365, "gamma": 1.0}, "datetime": {"datetime": "2021-06-21 08:38:13", "elapsed": 284.838672, "delta": 1.673301}}
{"target": -9.890092197056902, "params": {"C": 197.37588753298365, "gamma": 0.30630237155385365}, "datetime": {"datetime": "2021-06-21 08:38:15", "elapsed": 286.533104, "delta": 1.694432}}
{"target": -9.86602324747676, "params": {"C": 235.98662977216873, "gamma": 0.3060879482970763}, "datetime": {"datetime": "2021-06-21 08:38:17", "elapsed": 288.317499, "delta": 1.784395}}
{"target": -10.097871706720841, "params": {"C": 121.12432949322344, "gamma": 1.0}, "datetime": {"datetime": "2021-06-21 08:38:18", "elapsed": 289.672786, "delta": 1.355287}}
{"target": -9.903677854014212, "params": {"C": 180.10913590644856, "gamma": 0.30702262043987016}, "datetime": {"datetime": "2021-06-21 08:38:20", "elapsed": 291.592549, "delta": 1.919763}}
{"target": -9.869240604566109, "params": {"C": 250.17880083592374, "gamma": 0.3029972016023359}, "datetime": {"datetime": "2021-06-21 08:38:21", "elapsed": 293.113549, "delta": 1.521}}
{"target": -9.876936608488366, "params": {"C": 284.48406451038124, "gamma": 0.3}, "datetime": {"datetime": "2021-06-21 08:38:23", "elapsed": 294.563362, "delta": 1.449813}}
{"target": -9.86839921754015, "params": {"C": 257.4847891694135, "gamma": 0.3045354732935443}, "datetime": {"datetime": "2021-06-21 08:38:25", "elapsed": 296.455636, "delta": 1.892274}}
{"target": -9.86985729108557, "params": {"C": 264.62988840948134, "gamma": 0.30406914551411973}, "datetime": {"datetime": "2021-06-21 08:38:26", "elapsed": 297.859515, "delta": 1.403879}}
{"target": -9.871265742274584, "params": {"C": 295.45161162621355, "gamma": 0.30438551890401283}, "datetime": {"datetime": "2021-06-21 08:38:27", "elapsed": 299.105452, "delta": 1.245937}}
{"target": -10.039211436121462, "params": {"C": 118.997028070401, "gamma": 0.8830346789319623}, "datetime": {"datetime": "2021-06-21 08:38:29", "elapsed": 300.52335, "delta": 1.417898}}
{"target": -9.971309485565403, "params": {"C": 114.19126178559485, "gamma": 0.306624746926637}, "datetime": {"datetime": "2021-06-21 08:38:30", "elapsed": 302.078391, "delta": 1.555041}}
{"target": -9.88001571179324, "params": {"C": 228.61602622631705, "gamma": 0.30101648797164854}, "datetime": {"datetime": "2021-06-21 08:38:32", "elapsed": 303.343722, "delta": 1.265331}}
{"target": -9.912832174192458, "params": {"C": 134.28746105152806, "gamma": 0.31951095530090123}, "datetime": {"datetime": "2021-06-21 08:38:33", "elapsed": 304.887096, "delta": 1.543374}}
{"target": -9.906841070200045, "params": {"C": 150.50960385140877, "gamma": 0.3158505287124409}, "datetime": {"datetime": "2021-06-21 08:38:35", "elapsed": 306.559791, "delta": 1.672695}}
{"target": -9.888282034579046, "params": {"C": 222.5857434666107, "gamma": 0.3}, "datetime": {"datetime": "2021-06-21 08:38:37", "elapsed": 308.691415, "delta": 2.131624}}
{"target": -10.10390959773698, "params": {"C": 101.73504557959723, "gamma": 0.9861891942840042}, "datetime": {"datetime": "2021-06-21 08:38:39", "elapsed": 310.452565, "delta": 1.76115}}
{"target": -10.089405265599211, "params": {"C": 106.19360654150105, "gamma": 0.9621796294319662}, "datetime": {"datetime": "2021-06-21 08:38:40", "elapsed": 311.705886, "delta": 1.253321}}
{"target": -9.874948720958848, "params": {"C": 288.5007987966355, "gamma": 0.30164118659590144}, "datetime": {"datetime": "2021-06-21 08:38:42", "elapsed": 313.49676, "delta": 1.790874}}
{"target": -9.869210200993223, "params": {"C": 268.3079608035798, "gamma": 0.30487688534935764}, "datetime": {"datetime": "2021-06-21 08:38:44", "elapsed": 315.426555, "delta": 1.929795}}
{"target": -9.877459500790536, "params": {"C": 293.4537586078825, "gamma": 0.3}, "datetime": {"datetime": "2021-06-21 08:38:45", "elapsed": 317.019577, "delta": 1.593022}}
{"target": -9.870705650443078, "params": {"C": 192.4211274882157, "gamma": 0.3142567371049014}, "datetime": {"datetime": "2021-06-21 08:38:47", "elapsed": 318.252464, "delta": 1.232887}}
{"target": -9.87585452090579, "params": {"C": 272.6163555342635, "gamma": 0.3}, "datetime": {"datetime": "2021-06-21 08:38:48", "elapsed": 319.893379, "delta": 1.640915}}
{"target": -9.954961257040686, "params": {"C": 135.10821776855903, "gamma": 0.3031367118638001}, "datetime": {"datetime": "2021-06-21 08:38:50", "elapsed": 321.683977, "delta": 1.790598}}
{"target": -10.06070866865719, "params": {"C": 148.14619101690366, "gamma": 0.9674127124286154}, "datetime": {"datetime": "2021-06-21 08:38:52", "elapsed": 323.410629, "delta": 1.726652}}
{"target": -10.109170590676317, "params": {"C": 104.66617177591282, "gamma": 0.997968218220431}, "datetime": {"datetime": "2021-06-21 08:38:53", "elapsed": 324.945919, "delta": 1.53529}}
{"target": -9.872912240684276, "params": {"C": 281.569766970405, "gamma": 0.30284914660872236}, "datetime": {"datetime": "2021-06-21 08:38:55", "elapsed": 326.62259, "delta": 1.676671}}
{"target": -10.295870328237328, "params": {"C": 281.3842533935816, "gamma": 0.9861565883546022}, "datetime": {"datetime": "2021-06-21 08:38:56", "elapsed": 327.943782, "delta": 1.321192}}
{"target": -9.83506354951184, "params": {"C": 279.8013673389471, "gamma": 0.3289956641958561}, "datetime": {"datetime": "2021-06-21 08:38:58", "elapsed": 329.782673, "delta": 1.838891}}
{"target": -10.178873781414469, "params": {"C": 246.22425626047837, "gamma": 0.9970858715999984}, "datetime": {"datetime": "2021-06-21 08:39:00", "elapsed": 331.364134, "delta": 1.581461}}
{"target": -10.092192214164118, "params": {"C": 108.88002960417991, "gamma": 0.9706990449975996}, "datetime": {"datetime": "2021-06-21 08:39:02", "elapsed": 333.510239, "delta": 2.146105}}
{"target": -10.110040993421228, "params": {"C": 196.3289686218702, "gamma": 1.0}, "datetime": {"datetime": "2021-06-21 08:39:04", "elapsed": 335.2991, "delta": 1.788861}}
{"target": -10.134820083585623, "params": {"C": 216.87911362170604, "gamma": 0.9936294092297957}, "datetime": {"datetime": "2021-06-21 08:39:05", "elapsed": 336.802434, "delta": 1.503334}}
{"target": -9.944212014649377, "params": {"C": 147.04266654550167, "gamma": 0.3025591758068055}, "datetime": {"datetime": "2021-06-21 08:39:07", "elapsed": 338.509457, "delta": 1.707023}}
{"target": -10.131517402801935, "params": {"C": 214.4650529179347, "gamma": 0.9935659187423902}, "datetime": {"datetime": "2021-06-21 08:39:09", "elapsed": 340.313411, "delta": 1.803954}}
{"target": -10.12758890162732, "params": {"C": 212.11922821610807, "gamma": 0.9925111993440376}, "datetime": {"datetime": "2021-06-21 08:39:10", "elapsed": 341.953268, "delta": 1.639857}}
{"target": -9.871310556835741, "params": {"C": 234.4587253094022, "gamma": 0.3037430412893612}, "datetime": {"datetime": "2021-06-21 08:39:12", "elapsed": 343.617994, "delta": 1.664726}}
{"target": -10.141141358061406, "params": {"C": 238.2308158942363, "gamma": 0.9609702905920552}, "datetime": {"datetime": "2021-06-21 08:39:14", "elapsed": 345.798018, "delta": 2.180024}}
{"target": -10.140247532013962, "params": {"C": 240.76622577784977, "gamma": 0.9551016219550896}, "datetime": {"datetime": "2021-06-21 08:39:16", "elapsed": 347.482019, "delta": 1.684001}}
{"target": -10.10087984598362, "params": {"C": 111.184046415221, "gamma": 0.9890410363157602}, "datetime": {"datetime": "2021-06-21 08:39:18", "elapsed": 349.229812, "delta": 1.747793}}
{"target": -9.871359331209563, "params": {"C": 255.59102835665757, "gamma": 0.3017988926752481}, "datetime": {"datetime": "2021-06-21 08:39:19", "elapsed": 350.579529, "delta": 1.349717}}
{"target": -9.873913865820288, "params": {"C": 261.5404828986457, "gamma": 0.3004126555745668}, "datetime": {"datetime": "2021-06-21 08:39:21", "elapsed": 352.517617, "delta": 1.938088}}
{"target": -9.856342556857243, "params": {"C": 238.43986045603137, "gamma": 0.3123460686888937}, "datetime": {"datetime": "2021-06-21 08:39:23", "elapsed": 354.83054, "delta": 2.312923}}
{"target": -9.933998792197464, "params": {"C": 165.8269388297267, "gamma": 0.3006482589699675}, "datetime": {"datetime": "2021-06-21 08:39:25", "elapsed": 356.704695, "delta": 1.874155}}
{"target": -10.198929498668505, "params": {"C": 251.39399589230828, "gamma": 0.9972938141134202}, "datetime": {"datetime": "2021-06-21 08:39:27", "elapsed": 358.170432, "delta": 1.465737}}
{"target": -9.874508904690238, "params": {"C": 195.5498021438712, "gamma": 0.31203533220147295}, "datetime": {"datetime": "2021-06-21 08:39:28", "elapsed": 360.042406, "delta": 1.871974}}
{"target": -9.970716769955438, "params": {"C": 129.72369563983762, "gamma": 0.3002164441290302}, "datetime": {"datetime": "2021-06-21 08:39:30", "elapsed": 361.769834, "delta": 1.727428}}
