{"target": -10.079972766326152, "params": {"C": 131.13447144569787, "gamma": 0.9762591903663771}, "datetime": {"datetime": "2021-06-21 08:39:32", "elapsed": 363.781941, "delta": 2.012107}}
{"target": -10.108045251875064, "params": {"C": 207.73400547054385, "gamma": 0.9746582933182388}, "datetime": {"datetime": "2021-06-21 08:39:34", "elapsed": 365.934466, "delta": 2.152525}}
{"target": -10.000969985769768, "params": {"C": 105.84009059264292, "gamma": 0.3}, "datetime": {"datetime": "2021-06-21 08:39:36", "elapsed": 367.503935, "delta": 1.569469}}
{"target": -10.172664898116288, "params": {"C": 243.24208267448668, "gamma": 1.0}, "datetime": {"datetime": "2021-06-21 08:39:38", "elapsed": 369.815156, "delta": 2.311221}}
{"target": -10.10420098974022, "params": {"C": 201.11192426109477, "gamma": 0.9826301963117725}, "datetime": {"datetime": "2021-06-21 08:39:41", "elapsed": 372.198363, "delta": 2.383207}}
{"target": -10.047080026572866, "params": {"C": 156.9517556744113, "gamma": 0.9506561222941785}, "datetime": {"datetime": "2021-06-21 08:39:42", "elapsed": 374.136373, "delta": 1.93801}}
{"target": -9.920026961381675, "params": {"C": 183.43069476050687, "gamma": 0.3003473834867291}, "datetime": {"datetime": "2021-06-21 08:39:45", "elapsed": 376.189841, "delta": 2.053468}}
{"target": -10.072621070044502, "params": {"C": 181.7308143468931, "gamma": 0.9792601860988761}, "datetime": {"datetime": "2021-06-21 08:39:46", "elapsed": 378.072011, "delta": 1.88217}}
{"target": -9.88189835255979, "params": {"C": 230.28898349942543, "gamma": 0.3}, "datetime": {"datetime": "2021-06-21 08:39:48", "elapsed": 379.782538, "delta": 1.710527}}
{"target": -9.919633991724606, "params": {"C": 185.06396647982777, "gamma": 0.3}, "datetime": {"datetime": "2021-06-21 08:39:50", "elapsed": 381.687288, "delta": 1.90475}}
{"target": -10.069550952935948, "params": {"C": 145.97309217373748, "gamma": 0.9939231617769755}, "datetime": {"datetime": "2021-06-21 08:39:52", "elapsed": 383.516965, "delta": 1.829677}}
{"target": -9.899262793084795, "params": {"C": 209.1981460778852, "gamma": 0.3}, "datetime": {"datetime": "2021-06-21 08:39:54", "elapsed": 385.263463, "delta": 1.746498}}
{"target": -10.35029576061751, "params": {"C": 292.24023195738124, "gamma": 0.9936603213265995}, "datetime": {"datetime": "2021-06-21 08:39:57", "elapsed": 388.194858, "delta": 2.931395}}
{"target": -9.896281751706884, "params": {"C": 212.85273795555005, "gamma": 0.3}, "datetime": {"datetime": "2021-06-21 08:39:59", "elapsed": 390.453577, "delta": 2.258719}}
{"target": -10.00841206863131, "params": {"C": 99.9, "gamma": 0.3}, "datetime": {"datetime": "2021-06-21 08:40:01", "elapsed": 392.406157, "delta": 1.95258}}
{"target": -10.102294542344493, "params": {"C": 191.25816886578676, "gamma": 1.0}, "datetime": {"datetime": "2021-06-21 08:40:02", "elapsed": 394.100041, "delta": 1.693884}}
{"target": -10.091208029687976, "params": {"C": 125.86747906516985, "gamma": 0.9938175052709299}, "datetime": {"datetime": "2021-06-21 08:40:04", "elapsed": 395.587419, "delta": 1.487378}}
{"target": -10.233378295467462, "params": {"C": 269.80095545064626, "gamma": 0.9768784160828532}, "datetime": {"datetime": "2021-06-21 08:40:06", "elapsed": 397.289546, "delta": 1.702127}}
{"target": -9.90581607911356, "params": {"C": 200.1928161199957, "gamma": 0.3002451362809081}, "datetime": {"datetime": "2021-06-21 08:40:08", "elapsed": 399.530484, "delta": 2.240938}}
{"target": -9.87763818881781, "params": {"C": 298.11033291650546, "gamma": 0.3}, "datetime": {"datetime": "2021-06-21 08:40:10", "elapsed": 401.943551, "delta": 2.413067}}
{"target": -9.86247319503481, "params": {"C": 225.6684810515234, "gamma": 0.3091390615081008}, "datetime": {"datetime": "2021-06-21 08:40:13", "elapsed": 404.164673, "delta": 2.221122}}
{"target": -9.880724080929177, "params": {"C": 220.75936398432577, "gamma": 0.3028680098294189}, "datetime": {"datetime": "2021-06-21 08:40:15", "elapsed": 406.238399, "delta": 2.073726}}
{"target": -10.073114701394859, "params": {"C": 144.0053033036869, "gamma": 1.0}, "datetime": {"datetime": "2021-06-21 08:40:16", "elapsed": 407.874565, "delta": 1.636166}}
{"target": -9.874712424595925, "params": {"C": 291.49950478634776, "gamma": 0.30190522946047554}, "datetime": {"datetime": "2021-06-21 08:40:18", "elapsed": 409.604518, "delta": 1.729953}}
{"target": -9.85679811698984, "params": {"C": 254.04520463405288, "gamma": 0.3135420667812608}, "datetime": {"datetime": "2021-06-21 08:40:21", "elapsed": 412.176471, "delta": 2.571953}}
{"target": -10.188820556920334, "params": {"C": 248.79565840220226, "gamma": 0.997143402792849}, "datetime": {"datetime": "2021-06-21 08:40:22", "elapsed": 414.122706, "delta": 1.946235}}
{"target": -10.283359609075239, "params": {"C": 276.4029865006948, "gamma": 0.9897524038911025}, "datetime": {"datetime": "2021-06-21 08:40:24", "elapsed": 415.848916, "delta": 1.72621}}
{"target": -9.922551879484457, "params": {"C": 178.38176984328663, "gamma": 0.30097319424456587}, "datetime": {"datetime": "2021-06-21 08:40:26", "elapsed": 417.685285, "delta": 1.836369}}
{"target": -9.996961286856985, "params": {"C": 107.66208344290015, "gamma": 0.30061669479502}, "datetime": {"datetime": "2021-06-21 08:40:29", "elapsed": 420.229341, "delta": 2.544056}}
{"target": -9.865413524423644, "params": {"C": 203.8091500810583, "gamma": 0.3125484220383745}, "datetime": {"datetime": "2021-06-21 08:40:31", "elapsed": 423.116614, "delta": 2.887273}}
{"target": -9.922426824057402, "params": {"C": 181.78740921796464, "gamma": 0.3}, "datetime": {"datetime": "2021-06-21 08:40:34", "elapsed": 425.194691, "delta": 2.078077}}
{"target": -10.053140021150243, "params": {"C": 153.48562426827516, "gamma": 0.9598209265774766}, "datetime": {"datetime": "2021-06-21 08:40:35", "elapsed": 427.090073, "delta": 1.895382}}
{"target": -9.988091607218323, "params": {"C": 116.17383525450143, "gamma": 0.3}, "datetime": {"datetime": "2021-06-21 08:40:38", "elapsed": 429.258271, "delta": 2.168198}}
{"target": -9.881978754549614, "params": {"C": 188.70782333499426, "gamma": 0.3116352157744457}, "datetime": {"datetime": "2021-06-21 08:40:40", "elapsed": 431.225109, "delta": 1.966838}}
{"target": -10.147339231005262, "params": {"C": 223.5521900929976, "gamma": 0.9999722881776871}, "datetime": {"datetime": "2021-06-21 08:40:42", "elapsed": 433.378269, "delta": 2.15316}}
{"target": -10.097926612406091, "params": {"C": 117.16541615898996, "gamma": 0.9917296740294719}, "datetime": {"datetime": "2021-06-21 08:40:44", "elapsed": 435.982208, "delta": 2.603939}}
{"target": -9.877005384302736, "params": {"C": 242.92480812121198, "gamma": 0.3}, "datetime": {"datetime": "2021-06-21 08:40:47", "elapsed": 438.372611, "delta": 2.390403}}
{"target": -9.86355912120942, "params": {"C": 267.0598915146352, "gamma": 0.30913009328010055}, "datetime": {"datetime": "2021-06-21 08:40:49", "elapsed": 440.249763, "delta": 1.877152}}
{"target": -9.87567537787287, "params": {"C": 271.0430869770275, "gamma": 0.3}, "datetime": {"datetime": "2021-06-21 08:40:50", "elapsed": 442.04063, "delta": 1.790867}}
{"target": -10.174002691486203, "params": {"C": 258.9928301301752, "gamma": 0.9689817553221745}, "datetime": {"datetime": "2021-06-21 08:40:53", "elapsed": 444.260267, "delta": 2.219637}}
{"target": -9.922952926398334, "params": {"C": 156.9280639469749, "gamma": 0.30757741162280666}, "datetime": {"datetime": "2021-06-21 08:40:55", "elapsed": 446.601699, "delta": 2.341432}}
{"target": -9.89500233233431, "params": {"C": 214.41627606429216, "gamma": 0.3}, "datetime": {"datetime": "2021-06-21 08:40:58", "elapsed": 449.361822, "delta": 2.760123}}
{"target": -9.878538936292529, "params": {"C": 157.93939898565824, "gamma": 0.3235539313836284}, "datetime": {"datetime": "2021-06-21 08:41:00", "elapsed": 451.763029, "delta": 2.401207}}
{"target": -9.90396858131427, "params": {"C": 117.70232974778216, "gamma": 0.32987421783938004}, "datetime": {"datetime": "2021-06-21 08:41:03", "elapsed": 454.598518, "delta": 2.835489}}
{"target": -10.157592297661026, "params": {"C": 233.10175052239924, "gamma": 0.9974371934765387}, "datetime": {"datetime": "2021-06-21 08:41:05", "elapsed": 456.402595, "delta": 1.804077}}
{"target": -9.930559399770956, "params": {"C": 172.12058984739258, "gamma": 0.3}, "datetime": {"datetime": "2021-06-21 08:41:07", "elapsed": 458.561729, "delta": 2.159134}}
{"target": -9.959769467576, "params": {"C": 139.25270318302233, "gamma": 0.3}, "datetime": {"datetime": "2021-06-21 08:41:09", "elapsed": 461.080948, "delta": 2.519219}}
{"target": -9.939197408300208, "params": {"C": 127.82875150209892, "gamma": 0.7471053017669846}, "datetime": {"datetime": "2021-06-21 08:41:12", "elapsed": 463.703251, "delta": 2.622303}}
{"target": -10.099545875663372, "params": {"C": 198.64972379791465, "gamma": 0.9816253210992976}, "datetime": {"datetime": "2021-06-21 08:41:15", "elapsed": 466.336209, "delta": 2.632958}}
{"target": -9.891032063250407, "params": {"C": 219.2509502368499, "gamma": 0.3}, "datetime": {"datetime": "2021-06-21 08:41:18", "elapsed": 469.55171, "delta": 3.215501}}
{"target": -9.941136483050398, "params": {"C": 159.1783704887096, "gamma": 0.30000000000000004}, "datetime": {"datetime": "2021-06-21 08:41:20", "elapsed": 471.437551, "delta": 1.885841}}
{"target": -10.093882616590674, "params": {"C": 114.99989325390624, "gamma": 0.9797119059082537}, "datetime": {"datetime": "2021-06-21 08:41:21", "elapsed": 472.783554, "delta": 1.346003}}
{"target": -10.055747585900706, "params": {"C": 163.39386827698235, "gamma": 0.9731043382435238}, "datetime": {"datetime": "2021-06-21 08:41:24", "elapsed": 475.418439, "delta": 2.634885}}
{"target": -10.036037232218561, "params": {"C": 129.29828677919912, "gamma": 0.8867066294338597}, "datetime": {"datetime": "2021-06-21 08:41:26", "elapsed": 477.942437, "delta": 2.523998}}
{"target": -9.912953936882243, "params": {"C": 142.08265311471465, "gamma": 0.3165568525459194}, "datetime": {"datetime": "2021-06-21 08:41:28", "elapsed": 479.751436, "delta": 1.808999}}
{"target": -9.958032848881547, "params": {"C": 140.6863536625485, "gamma": 0.3}, "datetime": {"datetime": "2021-06-21 08:41:30", "elapsed": 481.700897, "delta": 1.949461}}
{"target": -10.228336095161659, "params": {"C": 265.3376833618469, "gamma": 0.9834761611993337}, "datetime": {"datetime": "2021-06-21 08:41:33", "elapsed": 484.362124, "delta": 2.661227}}
{"target": -9.996604507889804, "params": {"C": 109.33407768999098, "gamma": 0.3}, "datetime": {"datetime": "2021-06-21 08:41:36", "elapsed": 487.246807, "delta": 2.884683}}
{"target": -9.880743762959444, "params": {"C": 231.67723896887705, "gamma": 0.3}, "datetime": {"datetime": "2021-06-21 08:41:38", "elapsed": 489.372806, "delta": 2.125999}}
{"target": -9.877288766223092, "params": {"C": 290.0377779530736, "gamma": 0.3}, "datetime": {"datetime": "2021-06-21 08:41:40", "elapsed": 491.60097, "delta": 2.228164}}
{"target": -10.283920595255834, "params": {"C": 279.10880657942084, "gamma": 0.98451529262109}, "datetime": {"datetime": "2021-06-21 08:41:42", "elapsed": 493.65495, "delta": 2.05398}}
{"target": -9.886968378219114, "params": {"C": 224.17506128743884, "gamma": 0.3}, "datetime": {"datetime": "2021-06-21 08:41:44", "elapsed": 495.466573, "delta": 1.811623}}
{"target": -9.824557321075437, "params": {"C": 142.20241327019116, "gamma": 0.6372142802828658}, "datetime": {"datetime": "2021-06-21 08:41:46", "elapsed": 497.600572, "delta": 2.133999}}
{"target": -10.353471088848114, "params": {"C": 296.7733659742441, "gamma": 0.986330471746306}, "datetime": {"datetime": "2021-06-21 08:41:48", "elapsed": 500.013218, "delta": 2.412646}}
{"target": -10.143753555339778, "params": {"C": 225.8815496009525, "gamma": 0.989050621816129}, "datetime": {"datetime": "2021-06-21 08:41:51", "elapsed": 503.13122, "delta": 3.118002}}
{"target": -10.121741803217393, "params": {"C": 209.8674941600184, "gamma": 0.9886481525522663}, "datetime": {"datetime": "2021-06-21 08:41:55", "elapsed": 506.283366, "delta": 3.152146}}
{"target": -10.238347503624654, "params": {"C": 274.21952057622593, "gamma": 0.9705290741351291}, "datetime": {"datetime": "2021-06-21 08:41:56", "elapsed": 507.782373, "delta": 1.499007}}
{"target": -10.063536537752622, "params": {"C": 171.06460900366483, "gamma": 0.9768251202016851}, "datetime": {"datetime": "2021-06-21 08:41:58", "elapsed": 509.553369, "delta": 1.770996}}
{"target": -10.13769061468823, "params": {"C": 218.53897985535662, "gamma": 0.9946678872335961}, "datetime": {"datetime": "2021-06-21 08:41:59", "elapsed": 511.022067, "delta": 1.468698}}
{"target": -10.382853717616777, "params": {"C": 298.7389557505644, "gamma": 0.9990304810722301}, "datetime": {"datetime": "2021-06-21 08:42:02", "elapsed": 513.169069, "delta": 2.147002}}
{"target": -10.045419962272529, "params": {"C": 160.40543619349566, "gamma": 0.9576410181530581}, "datetime": {"datetime": "2021-06-21 08:42:03", "elapsed": 514.944787, "delta": 1.775718}}
{"target": -10.117823560486846, "params": {"C": 203.32509483542185, "gamma": 0.9964416420870652}, "datetime": {"datetime": "2021-06-21 08:42:05", "elapsed": 516.805797, "delta": 1.86101}}
{"target": -9.836843760506728, "params": {"C": 262.87309127515334, "gamma": 0.3281238835618373}, "datetime": {"datetime": "2021-06-21 08:42:07", "elapsed": 518.230793, "delta": 1.424996}}
{"target": -9.891000294703343, "params": {"C": 112.36362378032376, "gamma": 0.3378294306999039}, "datetime": {"datetime": "2021-06-21 08:42:09", "elapsed": 520.547172, "delta": 2.316379}}
{"target": -9.869945753551608, "params": {"C": 246.30982097168433, "gamma": 0.30291875525762335}, "datetime": {"datetime": "2021-06-21 08:42:12", "elapsed": 523.540368, "delta": 2.993196}}
{"target": -9.917994383846924, "params": {"C": 119.23551378731966, "gamma": 0.32322685811240015}, "datetime": {"datetime": "2021-06-21 08:42:13", "elapsed": 525.106836, "delta": 1.566468}}
{"target": -9.870077773119482, "params": {"C": 193.96804502579485, "gamma": 0.3139902336128561}, "datetime": {"datetime": "2021-06-21 08:42:16", "elapsed": 527.366413, "delta": 2.259577}}
{"target": -9.849729670522434, "params": {"C": 205.36915860378446, "gamma": 0.3185223545382599}, "datetime": {"datetime": "2021-06-21 08:42:18", "elapsed": 529.784834, "delta": 2.418421}}
{"target": -9.876611629926508, "params": {"C": 280.3442067072071, "gamma": 0.3}, "datetime": {"datetime": "2021-06-21 08:42:20", "elapsed": 531.342791, "delta": 1.557957}}
{"target": -9.917582505083498, "params": {"C": 187.458810708188, "gamma": 0.3}, "datetime": {"datetime": "2021-06-21 08:42:22", "elapsed": 533.251421, "delta": 1.90863}}
{"target": -9.847512692448698, "params": {"C": 227.06865820463238, "gamma": 0.31839596819142746}, "datetime": {"datetime": "2021-06-21 08:42:24", "elapsed": 535.149406, "delta": 1.897985}}
{"target": -9.95521255705222, "params": {"C": 132.45349661157366, "gamma": 0.3041234454879554}, "datetime": {"datetime": "2021-06-21 08:42:26", "elapsed": 537.690435, "delta": 2.541029}}
{"target": -9.889259884566732, "params": {"C": 164.12143735521676, "gamma": 0.3174396789611938}, "datetime": {"datetime": "2021-06-21 08:42:28", "elapsed": 539.79508, "delta": 2.104645}}
{"target": -9.944237555882076, "params": {"C": 145.57356646947372, "gamma": 0.30301199116584476}, "datetime": {"datetime": "2021-06-21 08:42:31", "elapsed": 542.514763, "delta": 2.719683}}
{"target": -9.887023218155836, "params": {"C": 121.00929263902147, "gamma": 0.33553696489623985}, "datetime": {"datetime": "2021-06-21 08:42:34", "elapsed": 545.336012, "delta": 2.821249}}
{"target": -9.976264899396604, "params": {"C": 122.29048396092912, "gamma": 0.3014234342858655}, "datetime": {"datetime": "2021-06-21 08:42:36", "elapsed": 547.343383, "delta": 2.007371}}
{"target": -9.875514040372114, "params": {"C": 269.68772915776816, "gamma": 0.3}, "datetime": {"datetime": "2021-06-21 08:42:37", "elapsed": 548.891382, "delta": 1.547999}}
{"target": -9.926841879697006, "params": {"C": 282.05991568205457, "gamma": 0.7139569702379909}, "datetime": {"datetime": "2021-06-21 08:42:41", "elapsed": 552.314167, "delta": 3.422785}}
{"target": -10.072153098137353, "params": {"C": 175.54944250073788, "gamma": 0.9863304822854602}, "datetime": {"datetime": "2021-06-21 08:42:42", "elapsed": 553.811166, "delta": 1.496999}}
{"target": -9.856196490080066, "params": {"C": 239.7241251667159, "gamma": 0.31264392946626934}, "datetime": {"datetime": "2021-06-21 08:42:44", "elapsed": 555.864722, "delta": 2.053556}}
{"target": -9.871412795955267, "params": {"C": 299.5175149886604, "gamma": 0.3043035642286273}, "datetime": {"datetime": "2021-06-21 08:42:46", "elapsed": 557.511726, "delta": 1.647004}}
{"target": -10.242271809814826, "params": {"C": 261.1030646209741, "gamma": 1.0}, "datetime": {"datetime": "2021-06-21 08:42:48", "elapsed": 559.274139, "delta": 1.762413}}
{"target": -9.898397280059111, "params": {"C": 190.17833676191486, "gamma": 0.30568468307936536}, "datetime": {"datetime": "2021-06-21 08:42:50", "elapsed": 562.139867, "delta": 2.865728}}
{"target": -10.153159657951475, "params": {"C": 229.3563251740921, "gamma": 0.9975904749133451}, "datetime": {"datetime": "2021-06-21 08:42:52", "elapsed": 563.705875, "delta": 1.566008}}
{"target": -9.839486808339686, "params": {"C": 274.0921427172168, "gamma": 0.3259816501242335}, "datetime": {"datetime": "2021-06-21 08:42:54", "elapsed": 565.268636, "delta": 1.562761}}
{"target": -9.846198506213867, "params": {"C": 232.86791557180823, "gamma": 0.3202582082652527}, "datetime": {"datetime": "2021-06-21 08:42:55", "elapsed": 566.80307, "delta": 1.534434}}
{"target": -9.948223791528756, "params": {"C": 127.83662551622359, "gamma": 0.3084011209735507}, "datetime": {"datetime": "2021-06-21 08:42:57", "elapsed": 568.668551, "delta": 1.865481}}
{"target": -10.216689959074817, "params": {"C": 263.1514211197092, "gamma": 0.9820190370049637}, "datetime": {"datetime": "2021-06-21 08:43:00", "elapsed": 571.578073, "delta": 2.909522}}
{"target": -10.06082262702318, "params": {"C": 184.69705614913397, "gamma": 0.9560972432490258}, "datetime": {"datetime": "2021-06-21 08:43:03", "elapsed": 574.526075, "delta": 2.948002}}
{"target": -10.224447257660934, "params": {"C": 256.7009003935199, "gamma": 1.0}, "datetime": {"datetime": "2021-06-21 08:43:05", "elapsed": 576.282678, "delta": 1.756603}}
{"target": -9.871111149116727, "params": {"C": 283.04488576545236, "gamma": 0.3042309647718061}, "datetime": {"datetime": "2021-06-21 08:43:07", "elapsed": 578.751679, "delta": 2.469001}}
{"target": -9.733628352373453, "params": {"C": 128.22452733093075, "gamma": 0.5573107052925869}, "datetime": {"datetime": "2021-06-21 08:43:10", "elapsed": 581.199396, "delta": 2.447717}}
{"target": -9.890797054693252, "params": {"C": 168.53349998660696, "gamma": 0.31534753307702124}, "datetime": {"datetime": "2021-06-21 08:43:12", "elapsed": 583.329919, "delta": 2.130523}}
{"target": -10.257786051882208, "params": {"C": 291.0359388178397, "gamma": 0.9482358815195169}, "datetime": {"datetime": "2021-06-21 08:43:15", "elapsed": 586.603692, "delta": 3.273773}}
{"target": -9.937329626073888, "params": {"C": 100.76912526561064, "gamma": 0.7485962190399984}, "datetime": {"datetime": "2021-06-21 08:43:17", "elapsed": 588.189756, "delta": 1.586064}}
{"target": -10.070949647477654, "params": {"C": 162.0333937102752, "gamma": 0.99743185704666}, "datetime": {"datetime": "2021-06-21 08:43:19", "elapsed": 590.184899, "delta": 1.995143}}
{"target": -9.994880311273999, "params": {"C": 110.7164245179141, "gamma": 0.3}, "datetime": {"datetime": "2021-06-21 08:43:21", "elapsed": 592.386397, "delta": 2.201498}}
{"target": -10.081167224069691, "params": {"C": 177.25491761930223, "gamma": 1.0}, "datetime": {"datetime": "2021-06-21 08:43:23", "elapsed": 594.817396, "delta": 2.430999}}
{"target": -9.906238054528893, "params": {"C": 144.1936845094703, "gamma": 0.31838612641991215}, "datetime": {"datetime": "2021-06-21 08:43:25", "elapsed": 596.805889, "delta": 1.988493}}
{"target": -9.875837968892895, "params": {"C": 285.89831085777973, "gamma": 0.3008861709955875}, "datetime": {"datetime": "2021-06-21 08:43:28", "elapsed": 599.241578, "delta": 2.435689}}
{"target": -10.039250261066456, "params": {"C": 186.4079985551775, "gamma": 0.9245883628797127}, "datetime": {"datetime": "2021-06-21 08:43:29", "elapsed": 600.882185, "delta": 1.640607}}
{"target": -10.064331390800232, "params": {"C": 155.28100252775891, "gamma": 0.9873154857226591}, "datetime": {"datetime": "2021-06-21 08:43:31", "elapsed": 602.684185, "delta": 1.802}}
{"target": -9.864430858729252, "params": {"C": 210.4797750568016, "gamma": 0.31090450273232145}, "datetime": {"datetime": "2021-06-21 08:43:33", "elapsed": 604.550483, "delta": 1.866298}}
{"target": -9.97158788031677, "params": {"C": 143.2488776553413, "gamma": 0.7928236568534524}, "datetime": {"datetime": "2021-06-21 08:43:35", "elapsed": 606.47607, "delta": 1.925587}}
{"target": -10.082116672004483, "params": {"C": 178.89870285153575, "gamma": 0.9988838001111497}, "datetime": {"datetime": "2021-06-21 08:43:38", "elapsed": 609.173072, "delta": 2.697002}}
{"target": -9.87178498000308, "params": {"C": 206.8006974930721, "gamma": 0.30960688790645086}, "datetime": {"datetime": "2021-06-21 08:43:40", "elapsed": 611.201685, "delta": 2.028613}}
{"target": -10.085764855476798, "params": {"C": 133.07078229936002, "gamma": 1.0}, "datetime": {"datetime": "2021-06-21 08:43:42", "elapsed": 613.470689, "delta": 2.269004}}
{"target": -10.072184254553338, "params": {"C": 151.60369083462498, "gamma": 1.0}, "datetime": {"datetime": "2021-06-21 08:43:45", "elapsed": 617.057392, "delta": 3.586703}}
{"target": -9.739475281473206, "params": {"C": 126.79242208536493, "gamma": 0.5629098139409109}, "datetime": {"datetime": "2021-06-21 08:43:48", "elapsed": 619.64139, "delta": 2.583998}}
