{"target": -10.764093197016294, "params": {"C": 9.986330467094037, "gamma": 0.5938092519450786}, "datetime": {"datetime": "2021-06-19 16:10:41", "elapsed": 3812.527143, "delta": 7.725305}}
{"target": -10.757032534768964, "params": {"C": 9.937554239625419, "gamma": 0.6349995354600967}, "datetime": {"datetime": "2021-06-19 16:10:51", "elapsed": 3822.135956, "delta": 9.608813}}
{"target": -10.762904429375183, "params": {"C": 9.923420842086918, "gamma": 0.6140301339179229}, "datetime": {"datetime": "2021-06-19 16:11:00", "elapsed": 3831.521581, "delta": 9.385625}}
{"target": -10.764813503463824, "params": {"C": 9.710820579315296, "gamma": 0.6371305817751909}, "datetime": {"datetime": "2021-06-19 16:11:10", "elapsed": 3841.613247, "delta": 10.091666}}
{"target": -10.756293079639676, "params": {"C": 9.978082336596607, "gamma": 0.633455954130649}, "datetime": {"datetime": "2021-06-19 16:11:16", "elapsed": 3847.908122, "delta": 6.294875}}
{"target": -10.758105473051225, "params": {"C": 9.878834978740185, "gamma": 0.637253920833793}, "datetime": {"datetime": "2021-06-19 16:11:30", "elapsed": 3861.74424, "delta": 13.836118}}
{"target": -10.769938837391008, "params": {"C": 9.595078872943676, "gamma": 0.6387054727886521}, "datetime": {"datetime": "2021-06-19 16:11:42", "elapsed": 3873.508891, "delta": 11.764651}}
{"target": -10.75732376146598, "params": {"C": 9.941301144677404, "gamma": 0.6430720887133423}, "datetime": {"datetime": "2021-06-19 16:11:50", "elapsed": 3881.963962, "delta": 8.455071}}
{"target": -10.767738050515856, "params": {"C": 9.78189784008822, "gamma": 0.6532856775856879}, "datetime": {"datetime": "2021-06-19 16:12:00", "elapsed": 3891.716221, "delta": 9.752259}}
{"target": -10.770418330138515, "params": {"C": 9.768324967933784, "gamma": 0.6015406472569459}, "datetime": {"datetime": "2021-06-19 16:12:13", "elapsed": 3904.058541, "delta": 12.34232}}
{"target": -10.756467686182006, "params": {"C": 9.964228007444573, "gamma": 0.6353117966009334}, "datetime": {"datetime": "2021-06-19 16:12:27", "elapsed": 3918.276272, "delta": 14.217731}}
{"target": -10.756827957903132, "params": {"C": 9.946728131151884, "gamma": 0.6352944500899648}, "datetime": {"datetime": "2021-06-19 16:12:44", "elapsed": 3935.198304, "delta": 16.922032}}
{"target": -10.757313411789045, "params": {"C": 9.90708092190298, "gamma": 0.640015517450293}, "datetime": {"datetime": "2021-06-19 16:13:02", "elapsed": 3953.294686, "delta": 18.096382}}
{"target": -10.770558414456403, "params": {"C": 9.8477541822421, "gamma": 0.6631657805316363}, "datetime": {"datetime": "2021-06-19 16:13:08", "elapsed": 3959.512078, "delta": 6.217392}}
{"target": -10.765781376707048, "params": {"C": 9.784076875079712, "gamma": 0.623582479406269}, "datetime": {"datetime": "2021-06-19 16:13:22", "elapsed": 3973.946876, "delta": 14.434798}}
{"target": -10.758848601184006, "params": {"C": 9.881965780086462, "gamma": 0.6345014400384063}, "datetime": {"datetime": "2021-06-19 16:13:32", "elapsed": 3983.081009, "delta": 9.134133}}
{"target": -10.759531489544655, "params": {"C": 9.886945163909179, "gamma": 0.6317519445684096}, "datetime": {"datetime": "2021-06-19 16:13:49", "elapsed": 4000.029729, "delta": 16.94872}}
{"target": -10.766152954266401, "params": {"C": 9.694569620789956, "gamma": 0.63483934672212}, "datetime": {"datetime": "2021-06-19 16:14:00", "elapsed": 4011.371679, "delta": 11.34195}}
{"target": -10.768404744904457, "params": {"C": 9.823825286237302, "gamma": 0.6571251412401361}, "datetime": {"datetime": "2021-06-19 16:14:09", "elapsed": 4020.638077, "delta": 9.266398}}
{"target": -10.76036380650624, "params": {"C": 9.920260031855301, "gamma": 0.6246211309579969}, "datetime": {"datetime": "2021-06-19 16:14:16", "elapsed": 4027.466489, "delta": 6.828412}}
{"target": -10.755504264082337, "params": {"C": 9.985360606543937, "gamma": 0.6412653622704599}, "datetime": {"datetime": "2021-06-19 16:14:26", "elapsed": 4037.700854, "delta": 10.234365}}
{"target": -10.756971021454866, "params": {"C": 9.918814111077918, "gamma": 0.6410314066279147}, "datetime": {"datetime": "2021-06-19 16:14:35", "elapsed": 4046.030817, "delta": 8.329963}}
{"target": -10.757087916566205, "params": {"C": 9.994303702130729, "gamma": 0.6261857217686847}, "datetime": {"datetime": "2021-06-19 16:14:43", "elapsed": 4054.830192, "delta": 8.799375}}
{"target": -10.759641432939853, "params": {"C": 9.952949911769714, "gamma": 0.6479373664087393}, "datetime": {"datetime": "2021-06-19 16:15:00", "elapsed": 4071.210587, "delta": 16.380395}}
{"target": -18.904229242166576, "params": {"C": 5.168137961992274, "gamma": 6.643145626139988}, "datetime": {"datetime": "2021-06-19 16:15:05", "elapsed": 4076.037148, "delta": 4.826561}}
{"target": -10.75600909767447, "params": {"C": 9.98211566836634, "gamma": 0.6428863125230612}, "datetime": {"datetime": "2021-06-19 16:15:22", "elapsed": 4093.098467, "delta": 17.061319}}
{"target": -10.763555224929107, "params": {"C": 9.978259686724197, "gamma": 0.6001345318103748}, "datetime": {"datetime": "2021-06-19 16:15:33", "elapsed": 4104.717033, "delta": 11.618566}}
{"target": -10.769503748284007, "params": {"C": 9.802936553663534, "gamma": 0.6579960462219625}, "datetime": {"datetime": "2021-06-19 16:15:40", "elapsed": 4111.502365, "delta": 6.785332}}
{"target": -10.76370632009042, "params": {"C": 9.90535971783068, "gamma": 0.6529092095551171}, "datetime": {"datetime": "2021-06-19 16:15:52", "elapsed": 4123.680831, "delta": 12.178466}}
{"target": -18.013093823245416, "params": {"C": 4.143013458361553, "gamma": 5.3506873957730745}, "datetime": {"datetime": "2021-06-19 16:15:57", "elapsed": 4128.894038, "delta": 5.213207}}
{"target": -10.762140046474828, "params": {"C": 9.96014020066455, "gamma": 0.611484735420728}, "datetime": {"datetime": "2021-06-19 16:16:12", "elapsed": 4143.381605, "delta": 14.487567}}
{"target": -10.763212245460432, "params": {"C": 9.95764623464977, "gamma": 0.6064996549006785}, "datetime": {"datetime": "2021-06-19 16:16:22", "elapsed": 4153.138956, "delta": 9.757351}}
{"target": -10.767373209228829, "params": {"C": 9.784790753593954, "gamma": 0.6165707135504541}, "datetime": {"datetime": "2021-06-19 16:16:34", "elapsed": 4165.913244, "delta": 12.774288}}
{"target": -20.82047814664977, "params": {"C": 2.781363483446895, "gamma": 8.210128412218989}, "datetime": {"datetime": "2021-06-19 16:16:40", "elapsed": 4171.453647, "delta": 5.540403}}
{"target": -10.762527646536313, "params": {"C": 9.832565878391671, "gamma": 0.6288096304648779}, "datetime": {"datetime": "2021-06-19 16:16:49", "elapsed": 4180.325831, "delta": 8.872184}}
{"target": -10.767447874253364, "params": {"C": 9.818254901056301, "gamma": 0.6548988816848264}, "datetime": {"datetime": "2021-06-19 16:16:59", "elapsed": 4190.034379, "delta": 9.708548}}
{"target": -10.76260856183165, "params": {"C": 9.88186116801929, "gamma": 0.6216460897899011}, "datetime": {"datetime": "2021-06-19 16:17:14", "elapsed": 4205.082105, "delta": 15.047726}}
{"target": -10.762041791505455, "params": {"C": 9.847347826606756, "gamma": 0.6464857923734517}, "datetime": {"datetime": "2021-06-19 16:17:26", "elapsed": 4217.775547, "delta": 12.693442}}
{"target": -10.769640144487175, "params": {"C": 9.66182696582776, "gamma": 0.6476257382849293}, "datetime": {"datetime": "2021-06-19 16:17:32", "elapsed": 4223.94997, "delta": 6.174423}}
{"target": -10.765988040185716, "params": {"C": 9.747521352785872, "gamma": 0.628128706264981}, "datetime": {"datetime": "2021-06-19 16:17:48", "elapsed": 4239.569365, "delta": 15.619395}}
{"target": -22.693226262201303, "params": {"C": 1.317858821920792, "gamma": 9.255187979355973}, "datetime": {"datetime": "2021-06-19 16:17:54", "elapsed": 4245.028222, "delta": 5.458857}}
{"target": -10.763422583542095, "params": {"C": 9.805537535510517, "gamma": 0.6467086848101441}, "datetime": {"datetime": "2021-06-19 16:18:06", "elapsed": 4257.752815, "delta": 12.724593}}
{"target": -10.760412761923375, "params": {"C": 9.818554796757633, "gamma": 0.6374260827071573}, "datetime": {"datetime": "2021-06-19 16:18:21", "elapsed": 4272.931193, "delta": 15.178378}}
{"target": -10.758616149955301, "params": {"C": 9.995296635844795, "gamma": 0.6207277173657065}, "datetime": {"datetime": "2021-06-19 16:18:37", "elapsed": 4288.178435, "delta": 15.247242}}
{"target": -12.767817514780836, "params": {"C": 9.145740443175212, "gamma": 1.9320748768516396}, "datetime": {"datetime": "2021-06-19 16:18:42", "elapsed": 4293.632581, "delta": 5.454146}}
{"target": -16.009368726253225, "params": {"C": 7.502879079593626, "gamma": 3.78062675230791}, "datetime": {"datetime": "2021-06-19 16:18:50", "elapsed": 4301.348834, "delta": 7.716253}}
{"target": -10.757433155487766, "params": {"C": 9.918076809196105, "gamma": 0.6349177538708808}, "datetime": {"datetime": "2021-06-19 16:19:04", "elapsed": 4315.828487, "delta": 14.479653}}
{"target": -10.761629673318438, "params": {"C": 9.944774203613683, "gamma": 0.6162142252250861}, "datetime": {"datetime": "2021-06-19 16:19:17", "elapsed": 4328.793529, "delta": 12.965042}}
{"target": -10.765029605856856, "params": {"C": 9.796491746360683, "gamma": 0.6491025259959874}, "datetime": {"datetime": "2021-06-19 16:19:29", "elapsed": 4340.906813, "delta": 12.113284}}
{"target": -10.76226984891618, "params": {"C": 9.877117233642903, "gamma": 0.6485368876430965}, "datetime": {"datetime": "2021-06-19 16:19:42", "elapsed": 4353.58663, "delta": 12.679817}}
{"target": -10.761344137155032, "params": {"C": 9.855233590850982, "gamma": 0.6456620517378043}, "datetime": {"datetime": "2021-06-19 16:19:58", "elapsed": 4369.617857, "delta": 16.031227}}
{"target": -10.75688892214372, "params": {"C": 9.970027366297918, "gamma": 0.6298545494948814}, "datetime": {"datetime": "2021-06-19 16:20:07", "elapsed": 4378.392819, "delta": 8.774962}}
{"target": -10.75692057050353, "params": {"C": 9.929688999878916, "gamma": 0.6389789726868705}, "datetime": {"datetime": "2021-06-19 16:20:21", "elapsed": 4392.961606, "delta": 14.568787}}
{"target": -10.75988021509921, "params": {"C": 9.895130548753128, "gamma": 0.6295836218196116}, "datetime": {"datetime": "2021-06-19 16:20:30", "elapsed": 4401.64475, "delta": 8.683144}}
{"target": -24.441381077556727, "params": {"C": 0.6438463987130798, "gamma": 9.564533870412285}, "datetime": {"datetime": "2021-06-19 16:20:36", "elapsed": 4407.137304, "delta": 5.492554}}
{"target": -13.12006137221737, "params": {"C": 3.700400391454516, "gamma": 1.699291031286281}, "datetime": {"datetime": "2021-06-19 16:20:43", "elapsed": 4414.958052, "delta": 7.820748}}
{"target": -10.756975493991131, "params": {"C": 9.942811649994002, "gamma": 0.6340622440303741}, "datetime": {"datetime": "2021-06-19 16:20:54", "elapsed": 4425.612524, "delta": 10.654472}}
{"target": -10.762735537557273, "params": {"C": 9.843839052576751, "gamma": 0.6265433248618204}, "datetime": {"datetime": "2021-06-19 16:21:02", "elapsed": 4433.770595, "delta": 8.158071}}
{"target": -10.769609181865583, "params": {"C": 9.624012247457115, "gamma": 0.6418176613254316}, "datetime": {"datetime": "2021-06-19 16:21:12", "elapsed": 4443.899042, "delta": 10.128447}}
{"target": -10.781637072280201, "params": {"C": 9.809521788667759, "gamma": 0.5758446748537487}, "datetime": {"datetime": "2021-06-19 16:21:24", "elapsed": 4455.452103, "delta": 11.553061}}
{"target": -10.76252718898874, "params": {"C": 9.804704536543085, "gamma": 0.6450886147530083}, "datetime": {"datetime": "2021-06-19 16:21:32", "elapsed": 4463.563902, "delta": 8.111799}}
{"target": -21.307173924691405, "params": {"C": 5.336311486310064, "gamma": 9.70974216363815}, "datetime": {"datetime": "2021-06-19 16:21:38", "elapsed": 4469.333194, "delta": 5.769292}}
{"target": -10.760862191848787, "params": {"C": 9.792819092045915, "gamma": 0.6391824336133052}, "datetime": {"datetime": "2021-06-19 16:21:46", "elapsed": 4477.489882, "delta": 8.156688}}
{"target": -10.75582515733934, "params": {"C": 9.975963304848262, "gamma": 0.6401481432969836}, "datetime": {"datetime": "2021-06-19 16:21:57", "elapsed": 4488.116103, "delta": 10.626221}}
{"target": -10.759369633350437, "params": {"C": 9.919526671815184, "gamma": 0.6455762899689322}, "datetime": {"datetime": "2021-06-19 16:22:17", "elapsed": 4508.484371, "delta": 20.368268}}
{"target": -10.756400657167212, "params": {"C": 9.964501236618176, "gamma": 0.6362311669740368}, "datetime": {"datetime": "2021-06-19 16:22:25", "elapsed": 4516.773187, "delta": 8.288816}}
{"target": -10.758853955277102, "params": {"C": 9.84648625319445, "gamma": 0.6408910801201612}, "datetime": {"datetime": "2021-06-19 16:22:35", "elapsed": 4526.634938, "delta": 9.861751}}
{"target": -10.760497920594524, "params": {"C": 9.923815942400399, "gamma": 0.6236545817985084}, "datetime": {"datetime": "2021-06-19 16:22:44", "elapsed": 4535.827959, "delta": 9.193021}}
{"target": -10.756727197881501, "params": {"C": 9.950151967118936, "gamma": 0.6357856746018279}, "datetime": {"datetime": "2021-06-19 16:22:53", "elapsed": 4544.641266, "delta": 8.813307}}
{"target": -22.110291773056424, "params": {"C": 1.861884945486085, "gamma": 9.293935168447499}, "datetime": {"datetime": "2021-06-19 16:23:00", "elapsed": 4551.165586, "delta": 6.52432}}
{"target": -10.764452868320554, "params": {"C": 9.809235581344474, "gamma": 0.6250584966941002}, "datetime": {"datetime": "2021-06-19 16:23:15", "elapsed": 4566.939429, "delta": 15.773843}}
{"target": -10.77545527960405, "params": {"C": 9.970941077937157, "gamma": 0.6861269098856649}, "datetime": {"datetime": "2021-06-19 16:23:30", "elapsed": 4581.187987, "delta": 14.248558}}
{"target": -10.774998195291555, "params": {"C": 9.56748066356669, "gamma": 0.617932288100638}, "datetime": {"datetime": "2021-06-19 16:23:39", "elapsed": 4590.603133, "delta": 9.415146}}
{"target": -10.772271546472293, "params": {"C": 9.892608655585487, "gamma": 0.5859587385475166}, "datetime": {"datetime": "2021-06-19 16:23:50", "elapsed": 4601.096411, "delta": 10.493278}}
{"target": -14.979819410017118, "params": {"C": 7.822729709532785, "gamma": 3.113094978387285}, "datetime": {"datetime": "2021-06-19 16:23:55", "elapsed": 4606.860623, "delta": 5.764212}}
{"target": -10.76650489018703, "params": {"C": 9.852111008592434, "gamma": 0.608655066710501}, "datetime": {"datetime": "2021-06-19 16:24:12", "elapsed": 4623.169773, "delta": 16.30915}}
{"target": -10.765210982014509, "params": {"C": 9.91263155742767, "gamma": 0.6038694118045518}, "datetime": {"datetime": "2021-06-19 16:24:25", "elapsed": 4636.886664, "delta": 13.716891}}
{"target": -10.760473067772637, "params": {"C": 9.99723229397315, "gamma": 0.6130235265580608}, "datetime": {"datetime": "2021-06-19 16:24:34", "elapsed": 4645.622765, "delta": 8.736101}}
{"target": -10.762657888023407, "params": {"C": 9.843726072318505, "gamma": 0.6473981028352284}, "datetime": {"datetime": "2021-06-19 16:24:53", "elapsed": 4664.121959, "delta": 18.499194}}
{"target": -10.767394933617492, "params": {"C": 9.766277662663608, "gamma": 0.6517434230986914}, "datetime": {"datetime": "2021-06-19 16:25:01", "elapsed": 4672.527765, "delta": 8.405806}}
{"target": -10.75825923987701, "params": {"C": 9.884135520182742, "gamma": 0.6360237764516579}, "datetime": {"datetime": "2021-06-19 16:25:12", "elapsed": 4683.812359, "delta": 11.284594}}
{"target": -10.756592496096431, "params": {"C": 9.971360572356854, "gamma": 0.6306203553708137}, "datetime": {"datetime": "2021-06-19 16:25:25", "elapsed": 4696.23546, "delta": 12.423101}}
{"target": -10.756385260019039, "params": {"C": 9.969377975412216, "gamma": 0.6349394175054417}, "datetime": {"datetime": "2021-06-19 16:25:37", "elapsed": 4708.481074, "delta": 12.245614}}
{"target": -10.766408886894608, "params": {"C": 9.91757059982821, "gamma": 0.6591522827822746}, "datetime": {"datetime": "2021-06-19 16:25:47", "elapsed": 4718.84394, "delta": 10.362866}}
{"target": -10.760377915604945, "params": {"C": 9.864152680554511, "gamma": 0.6318978743657521}, "datetime": {"datetime": "2021-06-19 16:26:05", "elapsed": 4736.555436, "delta": 17.711496}}
{"target": -10.757753583704268, "params": {"C": 9.976345882668328, "gamma": 0.6262570928614644}, "datetime": {"datetime": "2021-06-19 16:26:31", "elapsed": 4762.038968, "delta": 25.483532}}
{"target": -10.761369975892865, "params": {"C": 9.845890814395709, "gamma": 0.6452124469434449}, "datetime": {"datetime": "2021-06-19 16:26:42", "elapsed": 4773.596533, "delta": 11.557565}}
{"target": -10.761562995989747, "params": {"C": 9.832742202049863, "gamma": 0.6320409691897677}, "datetime": {"datetime": "2021-06-19 16:26:50", "elapsed": 4781.939135, "delta": 8.342602}}
{"target": -10.79482799872425, "params": {"C": 9.098313813982735, "gamma": 0.6170668605932296}, "datetime": {"datetime": "2021-06-19 16:26:59", "elapsed": 4790.136431, "delta": 8.197296}}
{"target": -10.763505817022072, "params": {"C": 9.771825647611944, "gamma": 0.645089710341745}, "datetime": {"datetime": "2021-06-19 16:27:11", "elapsed": 4802.317813, "delta": 12.181382}}
{"target": -10.767810809022487, "params": {"C": 9.792273395862132, "gamma": 0.6130556679414645}, "datetime": {"datetime": "2021-06-19 16:27:26", "elapsed": 4817.706928, "delta": 15.389115}}
{"target": -10.761365361005513, "params": {"C": 9.994384767057163, "gamma": 0.6093839378895785}, "datetime": {"datetime": "2021-06-19 16:27:35", "elapsed": 4826.196703, "delta": 8.489775}}
{"target": -10.757513369380115, "params": {"C": 9.893938874259868, "gamma": 0.6409405054634266}, "datetime": {"datetime": "2021-06-19 16:27:55", "elapsed": 4846.216556, "delta": 20.019853}}
{"target": -18.746763943220955, "params": {"C": 8.700811649423954, "gamma": 6.761503388118464}, "datetime": {"datetime": "2021-06-19 16:28:01", "elapsed": 4852.665807, "delta": 6.449251}}
{"target": -10.760971141868367, "params": {"C": 9.986557818713074, "gamma": 0.6125151035974463}, "datetime": {"datetime": "2021-06-19 16:28:21", "elapsed": 4872.213072, "delta": 19.547265}}
{"target": -10.765929838157252, "params": {"C": 9.861186151033019, "gamma": 0.6545600594908063}, "datetime": {"datetime": "2021-06-19 16:28:42", "elapsed": 4893.354819, "delta": 21.141747}}
{"target": -10.770530483962384, "params": {"C": 9.67151647174534, "gamma": 0.6212335893193744}, "datetime": {"datetime": "2021-06-19 16:28:55", "elapsed": 4906.555637, "delta": 13.200818}}
{"target": -10.758832321478033, "params": {"C": 9.89578319120978, "gamma": 0.6328654078068168}, "datetime": {"datetime": "2021-06-19 16:29:06", "elapsed": 4917.397307, "delta": 10.84167}}
{"target": -20.456853147173277, "params": {"C": 5.035017670379291, "gamma": 8.478038970428738}, "datetime": {"datetime": "2021-06-19 16:29:14", "elapsed": 4925.734032, "delta": 8.336725}}
{"target": -10.764121040286275, "params": {"C": 9.918246486738036, "gamma": 0.6545202665705896}, "datetime": {"datetime": "2021-06-19 16:29:35", "elapsed": 4946.158633, "delta": 20.424601}}
{"target": -10.761044594446197, "params": {"C": 9.924584083360498, "gamma": 0.6489486093167415}, "datetime": {"datetime": "2021-06-19 16:29:44", "elapsed": 4955.76713, "delta": 9.608497}}
{"target": -10.768518974040187, "params": {"C": 9.681018407853173, "gamma": 0.6470968243375526}, "datetime": {"datetime": "2021-06-19 16:29:57", "elapsed": 4968.106507, "delta": 12.339377}}
{"target": -10.762210640329501, "params": {"C": 9.784872773631031, "gamma": 0.6360262113355016}, "datetime": {"datetime": "2021-06-19 16:30:06", "elapsed": 4977.009094, "delta": 8.902587}}
{"target": -10.75863974431158, "params": {"C": 9.848484794298223, "gamma": 0.6391146280990003}, "datetime": {"datetime": "2021-06-19 16:30:20", "elapsed": 4991.809721, "delta": 14.800627}}
{"target": -10.766213291822861, "params": {"C": 9.986455730195484, "gamma": 0.6635906207868403}, "datetime": {"datetime": "2021-06-19 16:30:35", "elapsed": 5006.872787, "delta": 15.063066}}
{"target": -10.763300142135895, "params": {"C": 9.991647617929631, "gamma": 0.6576002637839974}, "datetime": {"datetime": "2021-06-19 16:30:53", "elapsed": 5024.787595, "delta": 17.914808}}
{"target": -10.783206841879604, "params": {"C": 9.290269709570119, "gamma": 0.6291214015591613}, "datetime": {"datetime": "2021-06-19 16:31:06", "elapsed": 5037.886609, "delta": 13.099014}}
{"target": -10.765785772184882, "params": {"C": 9.925980569634305, "gamma": 0.5963211251319519}, "datetime": {"datetime": "2021-06-19 16:31:16", "elapsed": 5047.73094, "delta": 9.844331}}
{"target": -10.759334488216899, "params": {"C": 9.98402702058237, "gamma": 0.6491536395088547}, "datetime": {"datetime": "2021-06-19 16:31:25", "elapsed": 5056.771616, "delta": 9.040676}}
{"target": -10.761655087003605, "params": {"C": 9.962333268796476, "gamma": 0.6133470009129898}, "datetime": {"datetime": "2021-06-19 16:31:38", "elapsed": 5069.881456, "delta": 13.10984}}
{"target": -10.76033998098725, "params": {"C": 9.958810007348074, "gamma": 0.6193400978683014}, "datetime": {"datetime": "2021-06-19 16:31:46", "elapsed": 5077.492416, "delta": 7.61096}}
{"target": -10.765852994842955, "params": {"C": 9.86289498437663, "gamma": 0.6545143397714537}, "datetime": {"datetime": "2021-06-19 16:32:03", "elapsed": 5094.844835, "delta": 17.352419}}
{"target": -10.757638398611892, "params": {"C": 9.899430719471217, "gamma": 0.6378836157530289}, "datetime": {"datetime": "2021-06-19 16:32:16", "elapsed": 5107.350749, "delta": 12.505914}}
{"target": -10.767178218063972, "params": {"C": 9.972318229168737, "gamma": 0.6647245166043926}, "datetime": {"datetime": "2021-06-19 16:32:30", "elapsed": 5121.6357, "delta": 14.284951}}
{"target": -10.76016699529955, "params": {"C": 9.854186477221141, "gamma": 0.6338173832487459}, "datetime": {"datetime": "2021-06-19 16:32:56", "elapsed": 5147.160336, "delta": 25.524636}}
{"target": -10.765064440699005, "params": {"C": 9.802363266488609, "gamma": 0.6494909547754925}, "datetime": {"datetime": "2021-06-19 16:33:08", "elapsed": 5159.808278, "delta": 12.647942}}
