{"target": -9.968688309244124, "params": {"C": 131.1034255735231, "gamma": 0.3003253429757903}, "datetime": {"datetime": "2021-06-21 08:27:45", "elapsed": 400.511508, "delta": 2.323795}}
{"target": -9.806691950557429, "params": {"C": 184.5058573933652, "gamma": 0.6256302413054375}, "datetime": {"datetime": "2021-06-21 08:27:47", "elapsed": 402.162736, "delta": 1.651228}}
{"target": -9.928178548892994, "params": {"C": 119.48708123384118, "gamma": 0.31911980011585456}, "datetime": {"datetime": "2021-06-21 08:27:49", "elapsed": 403.914874, "delta": 1.752138}}
{"target": -9.777987041961099, "params": {"C": 160.09363379101362, "gamma": 0.5982692353077792}, "datetime": {"datetime": "2021-06-21 08:27:51", "elapsed": 406.020695, "delta": 2.105821}}
{"target": -9.905419706607322, "params": {"C": 109.3909018063213, "gamma": 0.7140914749122376}, "datetime": {"datetime": "2021-06-21 08:27:53", "elapsed": 408.271583, "delta": 2.250888}}
{"target": -9.939728045667987, "params": {"C": 155.07904635196786, "gamma": 0.7536731590896731}, "datetime": {"datetime": "2021-06-21 08:27:55", "elapsed": 410.438101, "delta": 2.166518}}
{"target": -9.684899434888393, "params": {"C": 123.8614485994523, "gamma": 0.5074419904796135}, "datetime": {"datetime": "2021-06-21 08:27:57", "elapsed": 412.438298, "delta": 2.000197}}
{"target": -9.859999120461541, "params": {"C": 123.82254983664365, "gamma": 0.34520979617787795}, "datetime": {"datetime": "2021-06-21 08:27:59", "elapsed": 414.130757, "delta": 1.692459}}
{"target": -9.85245507919846, "params": {"C": 123.6425917912218, "gamma": 0.6621599347885561}, "datetime": {"datetime": "2021-06-21 08:28:01", "elapsed": 416.260223, "delta": 2.129466}}
{"target": -9.790379804021645, "params": {"C": 124.05552053443161, "gamma": 0.6107942929872214}, "datetime": {"datetime": "2021-06-21 08:28:03", "elapsed": 418.025833, "delta": 1.76561}}
{"target": -9.87614372008398, "params": {"C": 138.0988263947629, "gamma": 0.6871276480507942}, "datetime": {"datetime": "2021-06-21 08:28:05", "elapsed": 420.60842, "delta": 2.582587}}
{"target": -10.097965309139955, "params": {"C": 115.26706286936533, "gamma": 0.9886445169328715}, "datetime": {"datetime": "2021-06-21 08:28:08", "elapsed": 423.1219, "delta": 2.51348}}
{"target": -10.08115914160179, "params": {"C": 130.88235355372348, "gamma": 0.9788363544385439}, "datetime": {"datetime": "2021-06-21 08:28:09", "elapsed": 424.498429, "delta": 1.376529}}
{"target": -9.872519402112752, "params": {"C": 175.93815142848, "gamma": 0.6824144291101459}, "datetime": {"datetime": "2021-06-21 08:28:11", "elapsed": 425.921622, "delta": 1.423193}}
{"target": -9.758421709236446, "params": {"C": 177.48894387009676, "gamma": 0.5844521122845229}, "datetime": {"datetime": "2021-06-21 08:28:13", "elapsed": 428.296668, "delta": 2.375046}}
{"target": -9.988762848707387, "params": {"C": 115.63311893109977, "gamma": 0.3}, "datetime": {"datetime": "2021-06-21 08:28:16", "elapsed": 431.653995, "delta": 3.357327}}
{"target": -9.789279378200254, "params": {"C": 116.29531562430611, "gamma": 0.6112187092344408}, "datetime": {"datetime": "2021-06-21 08:28:19", "elapsed": 433.951409, "delta": 2.297414}}
{"target": -9.896322830575347, "params": {"C": 197.49084375342238, "gamma": 0.7134038430653971}, "datetime": {"datetime": "2021-06-21 08:28:21", "elapsed": 436.559769, "delta": 2.60836}}
{"target": -9.912393856166227, "params": {"C": 148.38978074200847, "gamma": 0.7196401925565947}, "datetime": {"datetime": "2021-06-21 08:28:23", "elapsed": 438.416521, "delta": 1.856752}}
{"target": -9.809079987865816, "params": {"C": 166.90465523422438, "gamma": 0.6283050171012889}, "datetime": {"datetime": "2021-06-21 08:28:25", "elapsed": 440.303001, "delta": 1.88648}}
{"target": -9.90544663200833, "params": {"C": 153.8095958868098, "gamma": 0.31519573743848794}, "datetime": {"datetime": "2021-06-21 08:28:27", "elapsed": 442.715353, "delta": 2.412352}}
{"target": -9.734038492001883, "params": {"C": 168.29703340241247, "gamma": 0.41234045973582817}, "datetime": {"datetime": "2021-06-21 08:28:30", "elapsed": 445.669495, "delta": 2.954142}}
{"target": -9.970533503429873, "params": {"C": 111.87382946529252, "gamma": 0.7821999939857356}, "datetime": {"datetime": "2021-06-21 08:28:32", "elapsed": 447.419755, "delta": 1.75026}}
{"target": -9.767580615288209, "params": {"C": 176.7884847061998, "gamma": 0.5923370291935898}, "datetime": {"datetime": "2021-06-21 08:28:34", "elapsed": 449.295866, "delta": 1.876111}}
{"target": -9.727878871388011, "params": {"C": 185.93257246378764, "gamma": 0.5582107764156108}, "datetime": {"datetime": "2021-06-21 08:28:36", "elapsed": 451.250522, "delta": 1.954656}}
{"target": -9.80211650656471, "params": {"C": 177.9122288228843, "gamma": 0.6227827675423889}, "datetime": {"datetime": "2021-06-21 08:28:38", "elapsed": 453.156976, "delta": 1.906454}}
{"target": -10.107407275074108, "params": {"C": 195.5991457577856, "gamma": 0.9979025920978424}, "datetime": {"datetime": "2021-06-21 08:28:40", "elapsed": 455.562284, "delta": 2.405308}}
{"target": -9.795003865860737, "params": {"C": 185.47658169072, "gamma": 0.616801582619728}, "datetime": {"datetime": "2021-06-21 08:28:43", "elapsed": 458.127845, "delta": 2.565561}}
{"target": -9.848263869242349, "params": {"C": 99.9, "gamma": 0.663412868726672}, "datetime": {"datetime": "2021-06-21 08:28:45", "elapsed": 460.462072, "delta": 2.334227}}
{"target": -10.109157970701897, "params": {"C": 100.69663827586734, "gamma": 0.9946109249788548}, "datetime": {"datetime": "2021-06-21 08:28:48", "elapsed": 463.165094, "delta": 2.703022}}
{"target": -9.815932479325538, "params": {"C": 173.47885960599814, "gamma": 0.6335948166417944}, "datetime": {"datetime": "2021-06-21 08:28:50", "elapsed": 465.091664, "delta": 1.92657}}
{"target": -9.718925286062948, "params": {"C": 100.1179799520388, "gamma": 0.4334002459953513}, "datetime": {"datetime": "2021-06-21 08:28:52", "elapsed": 467.453464, "delta": 2.3618}}
{"target": -9.839855872017116, "params": {"C": 103.96028304116248, "gamma": 0.6553130770464866}, "datetime": {"datetime": "2021-06-21 08:28:55", "elapsed": 470.076269, "delta": 2.622805}}
{"target": -9.933277392417907, "params": {"C": 160.11535627617445, "gamma": 0.30267880358975285}, "datetime": {"datetime": "2021-06-21 08:28:58", "elapsed": 472.773893, "delta": 2.697624}}
{"target": -9.857870311899498, "params": {"C": 160.8489278649143, "gamma": 0.6684374354744853}, "datetime": {"datetime": "2021-06-21 08:29:00", "elapsed": 474.971553, "delta": 2.19766}}
{"target": -9.82568039253039, "params": {"C": 172.67000875155264, "gamma": 0.6412027786015244}, "datetime": {"datetime": "2021-06-21 08:29:03", "elapsed": 478.09021, "delta": 3.118657}}
{"target": -9.75895305462617, "params": {"C": 179.85555255861254, "gamma": 0.5854555592528818}, "datetime": {"datetime": "2021-06-21 08:29:06", "elapsed": 481.15596, "delta": 3.06575}}
{"target": -9.802339690338204, "params": {"C": 170.1663058751355, "gamma": 0.6228201552944663}, "datetime": {"datetime": "2021-06-21 08:29:08", "elapsed": 483.343682, "delta": 2.187722}}
{"target": -9.694947271228337, "params": {"C": 191.76148846128604, "gamma": 0.515289428974196}, "datetime": {"datetime": "2021-06-21 08:29:10", "elapsed": 485.456439, "delta": 2.112757}}
{"target": -9.828931187596568, "params": {"C": 191.96916836162467, "gamma": 0.6436381387617944}, "datetime": {"datetime": "2021-06-21 08:29:13", "elapsed": 487.915487, "delta": 2.459048}}
{"target": -9.739792550467662, "params": {"C": 170.9009800642634, "gamma": 0.5675217928348117}, "datetime": {"datetime": "2021-06-21 08:29:14", "elapsed": 489.651409, "delta": 1.735922}}
{"target": -9.815295872968072, "params": {"C": 172.00052481313367, "gamma": 0.633280267985262}, "datetime": {"datetime": "2021-06-21 08:29:16", "elapsed": 491.476292, "delta": 1.824883}}
{"target": -9.963084688447587, "params": {"C": 183.34610314098506, "gamma": 0.8042271454095107}, "datetime": {"datetime": "2021-06-21 08:33:28", "elapsed": 0.0, "delta": 0.0}}
{"target": -9.713645172155303, "params": {"C": 99.92288640095072, "gamma": 0.5116328008422878}, "datetime": {"datetime": "2021-06-21 08:33:29", "elapsed": 0.538965, "delta": 0.538965}}
{"target": -9.807064761996225, "params": {"C": 129.2658537525043, "gamma": 0.3646370163381584}, "datetime": {"datetime": "2021-06-21 08:33:29", "elapsed": 0.913079, "delta": 0.374114}}
{"target": -9.717190237675315, "params": {"C": 137.17066829667195, "gamma": 0.5418925089301334}, "datetime": {"datetime": "2021-06-21 08:33:30", "elapsed": 1.339275, "delta": 0.426196}}
{"target": -9.866718130449645, "params": {"C": 179.29317159355708, "gamma": 0.6771717138023499}, "datetime": {"datetime": "2021-06-21 08:33:30", "elapsed": 1.675029, "delta": 0.335754}}
{"target": -9.949772955419926, "params": {"C": 183.7808223320993, "gamma": 0.7796536502777316}, "datetime": {"datetime": "2021-06-21 08:33:30", "elapsed": 2.073588, "delta": 0.398559}}
{"target": -10.044539816858974, "params": {"C": 140.81089517127663, "gamma": 0.9146822054736616}, "datetime": {"datetime": "2021-06-21 08:33:31", "elapsed": 2.475227, "delta": 0.401639}}
{"target": -9.956218302949896, "params": {"C": 105.38025739890503, "gamma": 0.7693272571248815}, "datetime": {"datetime": "2021-06-21 08:33:31", "elapsed": 2.858828, "delta": 0.383601}}
{"target": -9.879350751140525, "params": {"C": 183.4026909536621, "gamma": 0.6910828799120261}, "datetime": {"datetime": "2021-06-21 08:33:32", "elapsed": 3.223752, "delta": 0.364924}}
{"target": -9.705677558894035, "params": {"C": 127.99142641290628, "gamma": 0.4386710423594151}, "datetime": {"datetime": "2021-06-21 08:33:32", "elapsed": 3.573026, "delta": 0.349274}}
{"target": -10.195960916765898, "params": {"C": 260.1289881919749, "gamma": 0.9777831030035782}, "datetime": {"datetime": "2021-06-21 08:33:32", "elapsed": 4.004667, "delta": 0.431641}}
{"target": -9.960071004094354, "params": {"C": 162.61617804966448, "gamma": 0.7846258309685198}, "datetime": {"datetime": "2021-06-21 08:33:33", "elapsed": 4.448808, "delta": 0.444141}}
{"target": -10.16585763808545, "params": {"C": 275.26546937443726, "gamma": 0.926224664452693}, "datetime": {"datetime": "2021-06-21 08:33:33", "elapsed": 4.974326, "delta": 0.525518}}
{"target": -9.910651720803273, "params": {"C": 116.91734669509256, "gamma": 0.32733834826301766}, "datetime": {"datetime": "2021-06-21 08:33:34", "elapsed": 5.501803, "delta": 0.527477}}
{"target": -10.048070092475704, "params": {"C": 133.88306695487023, "gamma": 0.9146997524005891}, "datetime": {"datetime": "2021-06-21 08:33:35", "elapsed": 6.191784, "delta": 0.689981}}
{"target": -9.771736987186351, "params": {"C": 119.57920144999333, "gamma": 0.5947753375035365}, "datetime": {"datetime": "2021-06-21 08:33:35", "elapsed": 6.614536, "delta": 0.422752}}
{"target": -9.887429149841513, "params": {"C": 291.57369498311544, "gamma": 0.6732156994811119}, "datetime": {"datetime": "2021-06-21 08:33:35", "elapsed": 7.00423, "delta": 0.389694}}
{"target": -9.71572659638965, "params": {"C": 238.3446105014897, "gamma": 0.520860941704244}, "datetime": {"datetime": "2021-06-21 08:33:36", "elapsed": 7.328824, "delta": 0.324594}}
{"target": -10.06946593873458, "params": {"C": 237.2688356290849, "gamma": 0.8842379703281611}, "datetime": {"datetime": "2021-06-21 08:33:36", "elapsed": 7.565898, "delta": 0.237074}}
{"target": -10.006300837894827, "params": {"C": 103.55948429657279, "gamma": 0.8251010204614773}, "datetime": {"datetime": "2021-06-21 08:33:36", "elapsed": 7.782123, "delta": 0.216225}}
{"target": -10.095883716584487, "params": {"C": 297.7711038901896, "gamma": 0.8237159580658875}, "datetime": {"datetime": "2021-06-21 08:33:36", "elapsed": 8.134445, "delta": 0.352322}}
{"target": -10.000755264281322, "params": {"C": 156.01684281208748, "gamma": 0.8524955299160419}, "datetime": {"datetime": "2021-06-21 08:33:37", "elapsed": 8.434658, "delta": 0.300213}}
{"target": -9.792499790076072, "params": {"C": 120.55552391618617, "gamma": 0.6135254683231336}, "datetime": {"datetime": "2021-06-21 08:33:37", "elapsed": 8.623788, "delta": 0.18913}}
{"target": -9.73051720541988, "params": {"C": 281.70996016892843, "gamma": 0.5055299038615756}, "datetime": {"datetime": "2021-06-21 08:33:37", "elapsed": 8.809945, "delta": 0.186157}}
{"target": -9.75605479801909, "params": {"C": 157.4838452511284, "gamma": 0.39102000048279434}, "datetime": {"datetime": "2021-06-21 08:33:37", "elapsed": 9.039058, "delta": 0.229113}}
{"target": -9.961496286815475, "params": {"C": 103.77532826984645, "gamma": 0.7751848730579236}, "datetime": {"datetime": "2021-06-21 08:33:38", "elapsed": 9.429559, "delta": 0.390501}}
{"target": -9.662594796038068, "params": {"C": 142.24678601161182, "gamma": 0.4858826615605583}, "datetime": {"datetime": "2021-06-21 08:33:38", "elapsed": 9.782783, "delta": 0.353224}}
{"target": -9.82157392061915, "params": {"C": 198.2637891719957, "gamma": 0.3373537815819563}, "datetime": {"datetime": "2021-06-21 08:33:38", "elapsed": 10.0136, "delta": 0.230817}}
{"target": -9.749270042673972, "params": {"C": 214.78093285895181, "gamma": 0.40271000243406707}, "datetime": {"datetime": "2021-06-21 08:33:39", "elapsed": 10.285463, "delta": 0.271863}}
{"target": -9.96266644467743, "params": {"C": 217.82003793434717, "gamma": 0.7898308520146518}, "datetime": {"datetime": "2021-06-21 08:33:39", "elapsed": 10.988263, "delta": 0.7028}}
{"target": -9.87630870614733, "params": {"C": 245.71832663817653, "gamma": 0.3}, "datetime": {"datetime": "2021-06-21 08:33:40", "elapsed": 11.657773, "delta": 0.66951}}
{"target": -10.054049506199492, "params": {"C": 206.59980132561634, "gamma": 0.9161217366080876}, "datetime": {"datetime": "2021-06-21 08:33:40", "elapsed": 12.132947, "delta": 0.475174}}
{"target": -9.774006287134178, "params": {"C": 147.7429696778364, "gamma": 0.3766484473908628}, "datetime": {"datetime": "2021-06-21 08:33:41", "elapsed": 12.829884, "delta": 0.696937}}
{"target": -9.93122676187293, "params": {"C": 171.3177487475578, "gamma": 0.3}, "datetime": {"datetime": "2021-06-21 08:33:42", "elapsed": 13.45319, "delta": 0.623306}}
{"target": -9.880808324124946, "params": {"C": 226.3731012125112, "gamma": 0.30135538313512145}, "datetime": {"datetime": "2021-06-21 08:33:43", "elapsed": 14.411014, "delta": 0.957824}}
{"target": -9.832337388695315, "params": {"C": 191.50381278267713, "gamma": 0.33100880735659644}, "datetime": {"datetime": "2021-06-21 08:33:44", "elapsed": 15.400209, "delta": 0.989195}}
{"target": -9.811906264582936, "params": {"C": 267.6703497988587, "gamma": 0.34906962875682335}, "datetime": {"datetime": "2021-06-21 08:33:45", "elapsed": 16.311628, "delta": 0.911419}}
{"target": -10.197241709968864, "params": {"C": 252.8095762026973, "gamma": 0.9934359624490054}, "datetime": {"datetime": "2021-06-21 08:33:46", "elapsed": 17.192019, "delta": 0.880391}}
{"target": -10.24878241069684, "params": {"C": 286.4176937562419, "gamma": 0.9523355218331189}, "datetime": {"datetime": "2021-06-21 08:33:46", "elapsed": 18.112466, "delta": 0.920447}}
{"target": -10.160750924636742, "params": {"C": 242.01982343950627, "gamma": 0.9839674897230091}, "datetime": {"datetime": "2021-06-21 08:33:47", "elapsed": 18.868657, "delta": 0.756191}}
{"target": -9.993950147833115, "params": {"C": 111.46276421518358, "gamma": 0.3}, "datetime": {"datetime": "2021-06-21 08:33:48", "elapsed": 19.452927, "delta": 0.58427}}
{"target": -9.852153229816023, "params": {"C": 231.01842447253222, "gamma": 0.3149738526898985}, "datetime": {"datetime": "2021-06-21 08:33:49", "elapsed": 20.236444, "delta": 0.783517}}
{"target": -10.130820662362924, "params": {"C": 210.8789469840837, "gamma": 1.0}, "datetime": {"datetime": "2021-06-21 08:33:49", "elapsed": 20.970428, "delta": 0.733984}}
{"target": -10.11865243948909, "params": {"C": 202.18490755095212, "gamma": 1.0}, "datetime": {"datetime": "2021-06-21 08:33:50", "elapsed": 21.354486, "delta": 0.384058}}
{"target": -10.04588794148286, "params": {"C": 167.24395758661552, "gamma": 0.9560005733624339}, "datetime": {"datetime": "2021-06-21 08:33:50", "elapsed": 21.875198, "delta": 0.520712}}
{"target": -9.926642410092198, "params": {"C": 175.2074438785549, "gamma": 0.30047782727605565}, "datetime": {"datetime": "2021-06-21 08:33:51", "elapsed": 22.350331, "delta": 0.475133}}
{"target": -10.235636282601545, "params": {"C": 264.2153929308349, "gamma": 0.9896808551473288}, "datetime": {"datetime": "2021-06-21 08:33:51", "elapsed": 22.69132, "delta": 0.340989}}
{"target": -10.09343585618408, "params": {"C": 194.99012207213997, "gamma": 0.9813167289033247}, "datetime": {"datetime": "2021-06-21 08:33:52", "elapsed": 23.395069, "delta": 0.703749}}
{"target": -10.071940913785447, "params": {"C": 144.9710402821651, "gamma": 1.0}, "datetime": {"datetime": "2021-06-21 08:33:52", "elapsed": 23.828522, "delta": 0.433453}}
{"target": -9.858284523249804, "params": {"C": 151.60075806426633, "gamma": 0.3333967137352267}, "datetime": {"datetime": "2021-06-21 08:33:53", "elapsed": 24.613103, "delta": 0.784581}}
{"target": -10.145911273519905, "params": {"C": 222.40335827525743, "gamma": 1.0}, "datetime": {"datetime": "2021-06-21 08:33:54", "elapsed": 25.441885, "delta": 0.828782}}
{"target": -10.278092439006954, "params": {"C": 271.21050361051664, "gamma": 0.9978336275420772}, "datetime": {"datetime": "2021-06-21 08:33:55", "elapsed": 26.165961, "delta": 0.724076}}
{"target": -9.830508653168323, "params": {"C": 188.0552951551474, "gamma": 0.332573161132297}, "datetime": {"datetime": "2021-06-21 08:33:55", "elapsed": 26.929463, "delta": 0.763502}}
{"target": -9.875454801544373, "params": {"C": 249.06997057977844, "gamma": 0.3}, "datetime": {"datetime": "2021-06-21 08:33:56", "elapsed": 27.637649, "delta": 0.708186}}
{"target": -9.871515536609508, "params": {"C": 278.8336679351558, "gamma": 0.3037563895207757}, "datetime": {"datetime": "2021-06-21 08:33:57", "elapsed": 28.311429, "delta": 0.67378}}
{"target": -10.089899129496349, "params": {"C": 124.86567164326097, "gamma": 0.9877620952777613}, "datetime": {"datetime": "2021-06-21 08:33:57", "elapsed": 28.984015, "delta": 0.672586}}
{"target": -9.877506311468549, "params": {"C": 294.53105135419094, "gamma": 0.3}, "datetime": {"datetime": "2021-06-21 08:33:58", "elapsed": 29.766, "delta": 0.781985}}
{"target": -9.87634775267884, "params": {"C": 299.9726784238279, "gamma": 0.30093365467361666}, "datetime": {"datetime": "2021-06-21 08:33:59", "elapsed": 30.709059, "delta": 0.943059}}
{"target": -9.874066303115212, "params": {"C": 256.5864220567873, "gamma": 0.3}, "datetime": {"datetime": "2021-06-21 08:34:00", "elapsed": 31.516251, "delta": 0.807192}}
{"target": -10.060659261283309, "params": {"C": 159.50075235598115, "gamma": 0.9810555080941261}, "datetime": {"datetime": "2021-06-21 08:34:01", "elapsed": 32.320282, "delta": 0.804031}}
{"target": -10.148110094755793, "params": {"C": 228.43204769969626, "gamma": 0.990857335335469}, "datetime": {"datetime": "2021-06-21 08:34:01", "elapsed": 32.961511, "delta": 0.641229}}
{"target": -10.103892818944374, "params": {"C": 114.07529036689678, "gamma": 1.0}, "datetime": {"datetime": "2021-06-21 08:34:02", "elapsed": 34.095415, "delta": 1.133904}}
{"target": -9.900543826007356, "params": {"C": 181.0400922921827, "gamma": 0.307807667943144}, "datetime": {"datetime": "2021-06-21 08:34:03", "elapsed": 34.834524, "delta": 0.739109}}
{"target": -9.879228961918066, "params": {"C": 233.5838408650027, "gamma": 0.3}, "datetime": {"datetime": "2021-06-21 08:34:04", "elapsed": 35.330914, "delta": 0.49639}}
{"target": -10.063907290002893, "params": {"C": 149.42378523465115, "gamma": 0.9861162652588762}, "datetime": {"datetime": "2021-06-21 08:34:05", "elapsed": 36.303922, "delta": 0.973008}}
{"target": -9.873516430932012, "params": {"C": 240.3744010578599, "gamma": 0.3019662640128816}, "datetime": {"datetime": "2021-06-21 08:34:06", "elapsed": 37.145764, "delta": 0.841842}}
{"target": -10.166026715819998, "params": {"C": 247.57268404030373, "gamma": 0.9816875472663698}, "datetime": {"datetime": "2021-06-21 08:34:06", "elapsed": 37.997555, "delta": 0.851791}}
{"target": -10.317508341134376, "params": {"C": 280.3465385974869, "gamma": 1.0}, "datetime": {"datetime": "2021-06-21 08:34:07", "elapsed": 38.883893, "delta": 0.886338}}
{"target": -9.861300584905464, "params": {"C": 283.7100395527254, "gamma": 0.3111779188052595}, "datetime": {"datetime": "2021-06-21 08:34:08", "elapsed": 39.721036, "delta": 0.837143}}
{"target": -9.954172009942416, "params": {"C": 108.57241367940587, "gamma": 0.31526969888505035}, "datetime": {"datetime": "2021-06-21 08:34:09", "elapsed": 40.583345, "delta": 0.862309}}
{"target": -9.936503482592823, "params": {"C": 164.9087057919267, "gamma": 0.3}, "datetime": {"datetime": "2021-06-21 08:34:10", "elapsed": 41.404005, "delta": 0.82066}}
{"target": -9.877242395344748, "params": {"C": 289.2132648150131, "gamma": 0.3}, "datetime": {"datetime": "2021-06-21 08:34:11", "elapsed": 42.234672, "delta": 0.830667}}
{"target": -9.90503746246995, "params": {"C": 177.50612191144756, "gamma": 0.3073768747450386}, "datetime": {"datetime": "2021-06-21 08:34:11", "elapsed": 43.112422, "delta": 0.87775}}
{"target": -10.073415946790739, "params": {"C": 173.42514529059292, "gamma": 0.9912720942057003}, "datetime": {"datetime": "2021-06-21 08:34:13", "elapsed": 44.179749, "delta": 1.067327}}
{"target": -9.954473066360382, "params": {"C": 143.63232849898228, "gamma": 0.3}, "datetime": {"datetime": "2021-06-21 08:34:14", "elapsed": 45.343329, "delta": 1.16358}}
{"target": -9.942737927421529, "params": {"C": 135.7813771905984, "gamma": 0.3068694904800989}, "datetime": {"datetime": "2021-06-21 08:34:15", "elapsed": 46.171433, "delta": 0.828104}}
{"target": -9.945452556749727, "params": {"C": 153.80267308780788, "gamma": 0.3}, "datetime": {"datetime": "2021-06-21 08:34:15", "elapsed": 47.102508, "delta": 0.931075}}
