{"target": -9.857567223124512, "params": {"C": 229.01025364299934, "gamma": 0.3115319387739016}, "datetime": {"datetime": "2021-06-21 08:51:29", "elapsed": 1080.208269, "delta": 2.716844}}
{"target": -9.863418680038876, "params": {"C": 220.2975894385582, "gamma": 0.6819106143647422}, "datetime": {"datetime": "2021-06-21 08:51:32", "elapsed": 1084.055274, "delta": 3.847005}}
{"target": -9.770970628698342, "params": {"C": 281.9069484313927, "gamma": 0.426638634355507}, "datetime": {"datetime": "2021-06-21 08:51:39", "elapsed": 1090.637346, "delta": 6.582072}}
{"target": -9.821943004120914, "params": {"C": 149.1539559037592, "gamma": 0.6358196456247697}, "datetime": {"datetime": "2021-06-21 08:51:42", "elapsed": 1094.056342, "delta": 3.418996}}
{"target": -9.886151173920055, "params": {"C": 191.1157753688554, "gamma": 0.3094798946230334}, "datetime": {"datetime": "2021-06-21 08:51:46", "elapsed": 1097.314494, "delta": 3.258152}}
{"target": -9.928365424026989, "params": {"C": 173.41064393973778, "gamma": 0.3004019244817591}, "datetime": {"datetime": "2021-06-21 08:51:51", "elapsed": 1102.790618, "delta": 5.476124}}
{"target": -9.784722539704397, "params": {"C": 141.5662707708239, "gamma": 0.6032630143932608}, "datetime": {"datetime": "2021-06-21 08:51:58", "elapsed": 1109.693691, "delta": 6.903073}}
{"target": -9.712921827818402, "params": {"C": 180.62432933004212, "gamma": 0.4344252261054151}, "datetime": {"datetime": "2021-06-21 08:52:01", "elapsed": 1112.782651, "delta": 3.08896}}
{"target": -9.781103963003519, "params": {"C": 180.44116450857055, "gamma": 0.6058876301028573}, "datetime": {"datetime": "2021-06-21 08:52:04", "elapsed": 1115.794261, "delta": 3.01161}}
{"target": -9.874133082219698, "params": {"C": 257.92533244939773, "gamma": 0.3}, "datetime": {"datetime": "2021-06-21 08:52:08", "elapsed": 1119.512264, "delta": 3.718003}}
{"target": -9.927748810970135, "params": {"C": 161.58769231321943, "gamma": 0.30428054019467515}, "datetime": {"datetime": "2021-06-21 08:52:14", "elapsed": 1125.729621, "delta": 6.217357}}
{"target": -9.907236743392794, "params": {"C": 196.99753617307397, "gamma": 0.7257415949519372}, "datetime": {"datetime": "2021-06-21 08:52:18", "elapsed": 1129.63762, "delta": 3.907999}}
{"target": -9.828011041657678, "params": {"C": 157.38734960278322, "gamma": 0.6439016570747367}, "datetime": {"datetime": "2021-06-21 08:52:21", "elapsed": 1132.622218, "delta": 2.984598}}
{"target": -9.856130395517642, "params": {"C": 180.55224729152258, "gamma": 0.32303607334538814}, "datetime": {"datetime": "2021-06-21 08:52:24", "elapsed": 1135.59739, "delta": 2.975172}}
{"target": -9.715090023834062, "params": {"C": 180.70309977667637, "gamma": 0.5434903798202663}, "datetime": {"datetime": "2021-06-21 08:52:27", "elapsed": 1138.64639, "delta": 3.049}}
{"target": -9.689498387194927, "params": {"C": 179.73409905588426, "gamma": 0.4673905056756273}, "datetime": {"datetime": "2021-06-21 08:52:31", "elapsed": 1142.155062, "delta": 3.508672}}
{"target": -9.713296443223927, "params": {"C": 179.8498003274873, "gamma": 0.5415997171336463}, "datetime": {"datetime": "2021-06-21 08:52:37", "elapsed": 1148.522552, "delta": 6.36749}}
{"target": -9.877525930200973, "params": {"C": 295.0069092398359, "gamma": 0.3}, "datetime": {"datetime": "2021-06-21 08:52:42", "elapsed": 1153.590096, "delta": 5.067544}}
{"target": -10.09299356133183, "params": {"C": 216.2845456132143, "gamma": 0.9417946126208971}, "datetime": {"datetime": "2021-06-21 08:52:45", "elapsed": 1156.534274, "delta": 2.944178}}
{"target": -9.716853996186202, "params": {"C": 216.97225090075338, "gamma": 0.4768355061588757}, "datetime": {"datetime": "2021-06-21 08:52:51", "elapsed": 1162.267883, "delta": 5.733609}}
{"target": -9.750835855394246, "params": {"C": 216.69562475879692, "gamma": 0.5802515651519775}, "datetime": {"datetime": "2021-06-21 08:52:56", "elapsed": 1167.791539, "delta": 5.523656}}
{"target": -9.723210767563566, "params": {"C": 215.7182162968269, "gamma": 0.5591198757211244}, "datetime": {"datetime": "2021-06-21 08:53:02", "elapsed": 1173.396209, "delta": 5.60467}}
{"target": -9.831042689396085, "params": {"C": 216.86418917295745, "gamma": 0.3312494895806127}, "datetime": {"datetime": "2021-06-21 08:53:09", "elapsed": 1180.412412, "delta": 7.016203}}
{"target": -9.858524441480133, "params": {"C": 217.29928609039183, "gamma": 0.6769197447120138}, "datetime": {"datetime": "2021-06-21 08:53:17", "elapsed": 1188.898347, "delta": 8.485935}}
{"target": -9.822705177546544, "params": {"C": 111.90984144822204, "gamma": 0.639579751353749}, "datetime": {"datetime": "2021-06-21 08:53:21", "elapsed": 1192.349998, "delta": 3.451651}}
{"target": -9.930227018414442, "params": {"C": 111.90633437479013, "gamma": 0.3222068620275169}, "datetime": {"datetime": "2021-06-21 08:53:25", "elapsed": 1196.947594, "delta": 4.597596}}
{"target": -10.082054049826393, "params": {"C": 111.72829820224601, "gamma": 0.9550142825151142}, "datetime": {"datetime": "2021-06-21 08:53:28", "elapsed": 1200.108199, "delta": 3.160605}}
{"target": -9.96675313536749, "params": {"C": 110.53951410444155, "gamma": 0.7783608070209987}, "datetime": {"datetime": "2021-06-21 08:53:32", "elapsed": 1203.598199, "delta": 3.49}}
{"target": -10.072036095205664, "params": {"C": 150.21191793766928, "gamma": 1.0}, "datetime": {"datetime": "2021-06-21 08:53:35", "elapsed": 1206.641839, "delta": 3.04364}}
{"target": -9.883060351262152, "params": {"C": 199.70842800626775, "gamma": 0.3079705423258027}, "datetime": {"datetime": "2021-06-21 08:53:40", "elapsed": 1211.838069, "delta": 5.19623}}
{"target": -9.770008411361292, "params": {"C": 214.03142685184497, "gamma": 0.5949570313242495}, "datetime": {"datetime": "2021-06-21 08:53:45", "elapsed": 1216.383787, "delta": 4.545718}}
{"target": -9.722596938753442, "params": {"C": 214.50331957459878, "gamma": 0.5582350097315856}, "datetime": {"datetime": "2021-06-21 08:53:50", "elapsed": 1221.786457, "delta": 5.40267}}
{"target": -9.711615411475202, "params": {"C": 213.3430256682042, "gamma": 0.5008146245058458}, "datetime": {"datetime": "2021-06-21 08:53:54", "elapsed": 1225.587593, "delta": 3.801136}}
{"target": -9.856382780626385, "params": {"C": 212.7141542364061, "gamma": 0.6747259366131153}, "datetime": {"datetime": "2021-06-21 08:54:00", "elapsed": 1231.872049, "delta": 6.284456}}
{"target": -9.772766537789675, "params": {"C": 213.73585272876704, "gamma": 0.5971535039994915}, "datetime": {"datetime": "2021-06-21 08:54:11", "elapsed": 1242.889401, "delta": 11.017352}}
{"target": -9.717194317967786, "params": {"C": 128.05082268177324, "gamma": 0.5421350153474236}, "datetime": {"datetime": "2021-06-21 08:54:16", "elapsed": 1247.429072, "delta": 4.539671}}
{"target": -9.769649996308292, "params": {"C": 128.16957714960887, "gamma": 0.3849689674742806}, "datetime": {"datetime": "2021-06-21 08:54:21", "elapsed": 1252.533821, "delta": 5.104749}}
{"target": -9.846898374874637, "params": {"C": 128.89695184392667, "gamma": 0.6569045133939795}, "datetime": {"datetime": "2021-06-21 08:54:27", "elapsed": 1258.232411, "delta": 5.69859}}
{"target": -9.837988969004295, "params": {"C": 192.81760619910685, "gamma": 0.3272245259683256}, "datetime": {"datetime": "2021-06-21 08:54:33", "elapsed": 1264.957024, "delta": 6.724613}}
{"target": -10.11199224280846, "params": {"C": 101.10237708182146, "gamma": 1.0}, "datetime": {"datetime": "2021-06-21 08:54:39", "elapsed": 1270.415192, "delta": 5.458168}}
{"target": -9.793240430115697, "params": {"C": 213.17184281590386, "gamma": 0.6143016254783201}, "datetime": {"datetime": "2021-06-21 08:54:42", "elapsed": 1273.830192, "delta": 3.415}}
{"target": -9.818576535025034, "params": {"C": 242.56791767107043, "gamma": 0.6423484386554539}, "datetime": {"datetime": "2021-06-21 08:54:50", "elapsed": 1281.596541, "delta": 7.766349}}
{"target": -9.834635196714942, "params": {"C": 191.74781367224568, "gamma": 0.6486169411404628}, "datetime": {"datetime": "2021-06-21 08:54:56", "elapsed": 1287.844257, "delta": 6.247716}}
{"target": -9.87301788324789, "params": {"C": 284.95018722045097, "gamma": 0.30291327038512716}, "datetime": {"datetime": "2021-06-21 08:55:02", "elapsed": 1293.229952, "delta": 5.385695}}
{"target": -9.893561224424898, "params": {"C": 125.40548808655281, "gamma": 0.702878691289936}, "datetime": {"datetime": "2021-06-21 08:55:07", "elapsed": 1298.33463, "delta": 5.104678}}
{"target": -9.908097297011796, "params": {"C": 186.43379958501043, "gamma": 0.30354741920403333}, "datetime": {"datetime": "2021-06-21 08:55:16", "elapsed": 1308.006305, "delta": 9.671675}}
{"target": -9.712586215964079, "params": {"C": 237.0878217422588, "gamma": 0.5514958577052991}, "datetime": {"datetime": "2021-06-21 08:55:21", "elapsed": 1312.951263, "delta": 4.944958}}
{"target": -9.698449844370616, "params": {"C": 182.91735636908876, "gamma": 0.527118468086927}, "datetime": {"datetime": "2021-06-21 08:55:30", "elapsed": 1321.223484, "delta": 8.272221}}
{"target": -9.773584223318833, "params": {"C": 183.0202326224312, "gamma": 0.37647870026672886}, "datetime": {"datetime": "2021-06-21 08:55:37", "elapsed": 1328.684482, "delta": 7.460998}}
{"target": -9.738811487061373, "params": {"C": 233.96949009947468, "gamma": 0.5699872869707293}, "datetime": {"datetime": "2021-06-21 08:55:42", "elapsed": 1333.984286, "delta": 5.299804}}
{"target": -10.002173919632057, "params": {"C": 233.736042859959, "gamma": 0.8322826895332291}, "datetime": {"datetime": "2021-06-21 08:55:48", "elapsed": 1339.936863, "delta": 5.952577}}
{"target": -9.764047852777233, "params": {"C": 234.0650541612065, "gamma": 0.39133026104538204}, "datetime": {"datetime": "2021-06-21 08:55:57", "elapsed": 1348.490045, "delta": 8.553182}}
{"target": -9.87433673476341, "params": {"C": 261.10771223191267, "gamma": 0.3}, "datetime": {"datetime": "2021-06-21 08:56:01", "elapsed": 1352.876895, "delta": 4.38685}}
{"target": -9.711266336041382, "params": {"C": 235.51094980606814, "gamma": 0.529002214074004}, "datetime": {"datetime": "2021-06-21 08:56:15", "elapsed": 1366.215262, "delta": 13.338367}}
{"target": -9.706345605942646, "params": {"C": 234.24440819128938, "gamma": 0.5430777767102842}, "datetime": {"datetime": "2021-06-21 08:56:22", "elapsed": 1374.029869, "delta": 7.814607}}
{"target": -9.760607258963562, "params": {"C": 234.9671765210449, "gamma": 0.58670331010546}, "datetime": {"datetime": "2021-06-21 08:56:29", "elapsed": 1380.339053, "delta": 6.309184}}
{"target": -9.78641963453547, "params": {"C": 235.74675942171146, "gamma": 0.6093627883901415}, "datetime": {"datetime": "2021-06-21 08:56:34", "elapsed": 1385.201648, "delta": 4.862595}}
{"target": -9.861440230880806, "params": {"C": 290.4012705555193, "gamma": 0.3110538491804266}, "datetime": {"datetime": "2021-06-21 08:56:37", "elapsed": 1388.333167, "delta": 3.131519}}
{"target": -9.730870004923393, "params": {"C": 223.0382651119598, "gamma": 0.5654404957799489}, "datetime": {"datetime": "2021-06-21 08:56:44", "elapsed": 1395.860129, "delta": 7.526962}}
{"target": -9.733176962150694, "params": {"C": 223.1062360067669, "gamma": 0.4250152675848671}, "datetime": {"datetime": "2021-06-21 08:56:52", "elapsed": 1403.630508, "delta": 7.770379}}
{"target": -9.754762018376091, "params": {"C": 235.29692414110565, "gamma": 0.5820214352013569}, "datetime": {"datetime": "2021-06-21 08:56:59", "elapsed": 1410.852798, "delta": 7.22229}}
{"target": -9.807953999352655, "params": {"C": 190.6900867506066, "gamma": 0.6263505222780622}, "datetime": {"datetime": "2021-06-21 08:57:11", "elapsed": 1422.319329, "delta": 11.466531}}
{"target": -9.719458005220517, "params": {"C": 234.57382996433188, "gamma": 0.5563605186885199}, "datetime": {"datetime": "2021-06-21 08:57:14", "elapsed": 1426.077931, "delta": 3.758602}}
{"target": -10.108946018576415, "params": {"C": 106.85683051352937, "gamma": 1.0}, "datetime": {"datetime": "2021-06-21 08:57:19", "elapsed": 1430.715629, "delta": 4.637698}}
{"target": -9.709284469565805, "params": {"C": 239.42280241679765, "gamma": 0.5359588099479526}, "datetime": {"datetime": "2021-06-21 08:57:31", "elapsed": 1442.844404, "delta": 12.128775}}
{"target": -9.798620911285417, "params": {"C": 239.18198373600194, "gamma": 0.62215147194545}, "datetime": {"datetime": "2021-06-21 08:57:37", "elapsed": 1448.226005, "delta": 5.381601}}
{"target": -9.80258490595524, "params": {"C": 250.6753781358358, "gamma": 0.6293750253554715}, "datetime": {"datetime": "2021-06-21 08:57:40", "elapsed": 1451.694258, "delta": 3.468253}}
{"target": -9.83549196872976, "params": {"C": 250.54938872143072, "gamma": 0.3292657069185696}, "datetime": {"datetime": "2021-06-21 08:57:44", "elapsed": 1455.722102, "delta": 4.027844}}
{"target": -9.77608611349584, "params": {"C": 205.85164722333542, "gamma": 0.600405667536248}, "datetime": {"datetime": "2021-06-21 08:57:51", "elapsed": 1462.218942, "delta": 6.49684}}
{"target": -10.046696467950134, "params": {"C": 206.13962689672584, "gamma": 0.9096586313446966}, "datetime": {"datetime": "2021-06-21 08:57:57", "elapsed": 1468.283623, "delta": 6.064681}}
{"target": -9.848035163280713, "params": {"C": 205.7074788901367, "gamma": 0.3195689535164511}, "datetime": {"datetime": "2021-06-21 08:58:02", "elapsed": 1473.526346, "delta": 5.242723}}
{"target": -9.796595555917811, "params": {"C": 204.96197131107994, "gamma": 0.6173300395138555}, "datetime": {"datetime": "2021-06-21 08:58:10", "elapsed": 1481.36381, "delta": 7.837464}}
{"target": -9.745682473630204, "params": {"C": 205.39088775829907, "gamma": 0.5781067875401523}, "datetime": {"datetime": "2021-06-21 08:58:14", "elapsed": 1486.050418, "delta": 4.686608}}
{"target": -9.801473635313311, "params": {"C": 225.299220315437, "gamma": 0.6228013477244692}, "datetime": {"datetime": "2021-06-21 08:58:23", "elapsed": 1494.826702, "delta": 8.776284}}
{"target": -9.70850354898564, "params": {"C": 204.22831774519824, "gamma": 0.4628266229834845}, "datetime": {"datetime": "2021-06-21 08:58:36", "elapsed": 1507.561989, "delta": 12.735287}}
{"target": -9.774668664889475, "params": {"C": 203.98204255737028, "gamma": 0.5994988139635262}, "datetime": {"datetime": "2021-06-21 08:58:41", "elapsed": 1512.596851, "delta": 5.034862}}
