{"target": -19.566515994850633, "params": {"C": 4.170803025021038, "gamma": 7.20352460992814}, "datetime": {"datetime": "2021-06-19 15:07:09", "elapsed": 0.0, "delta": 0.0}}
{"target": -36.36944896343029, "params": {"C": 0.002143633798631522, "gamma": 3.024023393745766}, "datetime": {"datetime": "2021-06-19 15:07:09", "elapsed": 0.332172, "delta": 0.332172}}
{"target": -13.761991149551248, "params": {"C": 1.4684121522803133, "gamma": 0.9242936090932092}, "datetime": {"datetime": "2021-06-19 15:07:09", "elapsed": 0.632693, "delta": 0.300521}}
{"target": -16.846971448185936, "params": {"C": 1.8634158535653313, "gamma": 3.4562617097034343}, "datetime": {"datetime": "2021-06-19 15:07:09", "elapsed": 0.962457, "delta": 0.329764}}
{"target": -18.078128656714302, "params": {"C": 3.968277974832469, "gamma": 5.388628523299567}, "datetime": {"datetime": "2021-06-19 15:07:10", "elapsed": 1.348917, "delta": 0.38646}}
{"target": -19.25628261844181, "params": {"C": 4.192525949518545, "gamma": 6.852509784467199}, "datetime": {"datetime": "2021-06-19 15:07:10", "elapsed": 1.703296, "delta": 0.354379}}
{"target": -21.61404144031239, "params": {"C": 2.045318045065443, "gamma": 8.781296246473064}, "datetime": {"datetime": "2021-06-19 15:07:11", "elapsed": 2.075295, "delta": 0.371999}}
{"target": -24.89857837860159, "params": {"C": 0.2748485443860637, "gamma": 6.705004634273845}, "datetime": {"datetime": "2021-06-19 15:07:11", "elapsed": 2.463879, "delta": 0.388584}}
{"target": -18.212850967959255, "params": {"C": 4.173630718868903, "gamma": 5.587339594629071}, "datetime": {"datetime": "2021-06-19 15:07:11", "elapsed": 2.798873, "delta": 0.334994}}
{"target": -15.145799480361621, "params": {"C": 1.4047289990137424, "gamma": 1.981816789359703}, "datetime": {"datetime": "2021-06-19 15:07:12", "elapsed": 3.110582, "delta": 0.311709}}
{"target": -21.07620317651565, "params": {"C": 8.00764494218669, "gamma": 9.682647495618255}, "datetime": {"datetime": "2021-06-19 15:07:12", "elapsed": 3.419932, "delta": 0.30935}}
{"target": -19.638004026287202, "params": {"C": 3.1349283574142692, "gamma": 6.923533834077472}, "datetime": {"datetime": "2021-06-19 15:07:12", "elapsed": 3.789261, "delta": 0.369329}}
{"target": -20.49625360438538, "params": {"C": 8.764015133808087, "gamma": 8.946172028374969}, "datetime": {"datetime": "2021-06-19 15:07:13", "elapsed": 4.090135, "delta": 0.300874}}
{"target": -14.19622801791106, "params": {"C": 0.8513570694864094, "gamma": 0.39150877754559077}, "datetime": {"datetime": "2021-06-19 15:07:13", "elapsed": 4.538442, "delta": 0.448307}}
{"target": -21.90247782476806, "params": {"C": 1.6991343652261244, "gamma": 8.781546891790702}, "datetime": {"datetime": "2021-06-19 15:07:13", "elapsed": 4.864757, "delta": 0.326315}}
{"target": -18.94993428047683, "params": {"C": 0.9843699914966679, "gamma": 4.211655142425517}, "datetime": {"datetime": "2021-06-19 15:07:14", "elapsed": 5.186759, "delta": 0.322002}}
{"target": -17.63994021403089, "params": {"C": 9.578937411974868, "gamma": 5.332119684445198}, "datetime": {"datetime": "2021-06-19 15:07:14", "elapsed": 5.503261, "delta": 0.316502}}
{"target": -15.11238806796828, "params": {"C": 6.919079262390784, "gamma": 3.1558407944296234}, "datetime": {"datetime": "2021-06-19 15:07:14", "elapsed": 5.910419, "delta": 0.407158}}
{"target": -20.148354498549292, "params": {"C": 6.865322775888155, "gamma": 8.346422093301832}, "datetime": {"datetime": "2021-06-19 15:07:15", "elapsed": 6.381416, "delta": 0.470997}}
{"target": -27.203931148942345, "params": {"C": 0.18386448516457388, "gamma": 7.50169300513473}, "datetime": {"datetime": "2021-06-19 15:07:15", "elapsed": 6.767417, "delta": 0.386001}}
{"target": -19.272592570909552, "params": {"C": 9.88862202797604, "gamma": 7.4819083781440145}, "datetime": {"datetime": "2021-06-19 15:07:16", "elapsed": 7.154419, "delta": 0.387002}}
{"target": -20.568158279092057, "params": {"C": 2.8051594766519874, "gamma": 7.893004005186435}, "datetime": {"datetime": "2021-06-19 15:07:16", "elapsed": 7.597212, "delta": 0.442793}}
{"target": -19.15066500387507, "params": {"C": 1.0331568397698425, "gamma": 4.479487368232876}, "datetime": {"datetime": "2021-06-19 15:07:16", "elapsed": 7.916164, "delta": 0.318952}}
{"target": -14.627242101944207, "params": {"C": 9.086046435427862, "gamma": 2.9368478695884215}, "datetime": {"datetime": "2021-06-19 15:07:17", "elapsed": 8.260663, "delta": 0.344499}}
{"target": -12.917473236792274, "params": {"C": 2.878465610524901, "gamma": 1.3011556926106584}, "datetime": {"datetime": "2021-06-19 15:07:17", "elapsed": 8.615882, "delta": 0.355219}}
{"target": -26.25564178012363, "params": {"C": 0.19465021174510047, "gamma": 6.78867649386597}, "datetime": {"datetime": "2021-06-19 15:07:17", "elapsed": 8.973672, "delta": 0.35779}}
{"target": -15.465263508029823, "params": {"C": 2.1170695318845905, "gamma": 2.65620104706289}, "datetime": {"datetime": "2021-06-19 15:07:18", "elapsed": 9.290241, "delta": 0.316569}}
{"target": -11.560934815215306, "params": {"C": 4.916240019644103, "gamma": 0.5345720886256868}, "datetime": {"datetime": "2021-06-19 15:07:18", "elapsed": 9.656519, "delta": 0.366278}}
{"target": -12.151788586127426, "params": {"C": 5.741601937314639, "gamma": 1.4681390204831957}, "datetime": {"datetime": "2021-06-19 15:07:18", "elapsed": 9.965037, "delta": 0.308518}}
{"target": -19.097915680864432, "params": {"C": 5.89346606349594, "gamma": 6.9978838418492915}, "datetime": {"datetime": "2021-06-19 15:07:19", "elapsed": 10.310208, "delta": 0.345171}}
{"target": -18.773722241823236, "params": {"C": 1.0242419538494305, "gamma": 4.141145822207864}, "datetime": {"datetime": "2021-06-19 15:07:19", "elapsed": 10.599149, "delta": 0.288941}}
{"target": -16.479330350121383, "params": {"C": 6.9443071771197245, "gamma": 4.1423785159995}, "datetime": {"datetime": "2021-06-19 15:07:19", "elapsed": 10.907148, "delta": 0.307999}}
{"target": -21.95721343300701, "params": {"C": 0.5004846360019255, "gamma": 5.359428162749201}, "datetime": {"datetime": "2021-06-19 15:07:20", "elapsed": 11.311577, "delta": 0.404429}}
{"target": -17.550566135247205, "params": {"C": 6.638282657552669, "gamma": 5.149376231471028}, "datetime": {"datetime": "2021-06-19 15:07:20", "elapsed": 11.644571, "delta": 0.332994}}
{"target": -18.099371819346594, "params": {"C": 9.446002965152143, "gamma": 5.865963849979428}, "datetime": {"datetime": "2021-06-19 15:07:21", "elapsed": 12.258575, "delta": 0.614004}}
{"target": -11.604993885112112, "params": {"C": 9.034115750963547, "gamma": 1.3756095667582289}, "datetime": {"datetime": "2021-06-19 15:07:21", "elapsed": 12.731919, "delta": 0.473344}}
{"target": -21.75217385721083, "params": {"C": 1.3936241961603346, "gamma": 8.074105495806528}, "datetime": {"datetime": "2021-06-19 15:07:22", "elapsed": 13.172981, "delta": 0.441062}}
{"target": -12.946698379157498, "params": {"C": 3.9773706930183503, "gamma": 1.6543766169722107}, "datetime": {"datetime": "2021-06-19 15:07:22", "elapsed": 13.586794, "delta": 0.413813}}
{"target": -15.534999785961542, "params": {"C": 9.275158295379942, "gamma": 3.47831083159532}, "datetime": {"datetime": "2021-06-19 15:07:22", "elapsed": 13.925315, "delta": 0.338521}}
{"target": -19.179006927247357, "params": {"C": 7.50837021925842, "gamma": 7.2602538555191645}, "datetime": {"datetime": "2021-06-19 15:07:23", "elapsed": 14.297097, "delta": 0.371782}}
{"target": -18.393133848981186, "params": {"C": 8.833177605966892, "gamma": 6.237098398349034}, "datetime": {"datetime": "2021-06-19 15:07:23", "elapsed": 14.621961, "delta": 0.324864}}
{"target": -15.599376159701759, "params": {"C": 7.509673397839345, "gamma": 3.4896345214364475}, "datetime": {"datetime": "2021-06-19 15:07:23", "elapsed": 14.97696, "delta": 0.354999}}
{"target": -21.397821337184002, "params": {"C": 2.7000089897584956, "gamma": 8.958966295742472}, "datetime": {"datetime": "2021-06-19 15:07:24", "elapsed": 15.343959, "delta": 0.366999}}
{"target": -21.42008153158693, "params": {"C": 4.281483807523078, "gamma": 9.648435631436707}, "datetime": {"datetime": "2021-06-19 15:07:24", "elapsed": 15.747625, "delta": 0.403666}}
{"target": -18.450349791695295, "params": {"C": 6.634751536686663, "gamma": 6.217335506371009}, "datetime": {"datetime": "2021-06-19 15:07:25", "elapsed": 16.149624, "delta": 0.401999}}
{"target": -23.106722483328284, "params": {"C": 1.1483449835607984, "gamma": 9.494943097812005}, "datetime": {"datetime": "2021-06-19 15:07:25", "elapsed": 16.590624, "delta": 0.441}}
{"target": -18.32320322541125, "params": {"C": 4.499671422665926, "gamma": 5.784317754256931}, "datetime": {"datetime": "2021-06-19 15:07:25", "elapsed": 16.994623, "delta": 0.403999}}
{"target": -14.18237929497278, "params": {"C": 4.081959890810051, "gamma": 2.371032775450034}, "datetime": {"datetime": "2021-06-19 15:07:26", "elapsed": 17.466622, "delta": 0.471999}}
{"target": -18.004169518379392, "params": {"C": 9.033891826101975, "gamma": 5.737221187236187}, "datetime": {"datetime": "2021-06-19 15:07:26", "elapsed": 17.799625, "delta": 0.333003}}
{"target": -33.27879375389935, "params": {"C": 0.029700399984558545, "gamma": 6.171831991293619}, "datetime": {"datetime": "2021-06-19 15:07:27", "elapsed": 18.094624, "delta": 0.294999}}
{"target": -11.547759842203796, "params": {"C": 5.107819833607909, "gamma": 0.9093458196487183}, "datetime": {"datetime": "2021-06-19 15:07:28", "elapsed": 19.085576, "delta": 0.990952}}
{"target": -11.575346998236276, "params": {"C": 4.810952635032798, "gamma": 0.7508017370124151}, "datetime": {"datetime": "2021-06-19 15:07:29", "elapsed": 20.067575, "delta": 0.981999}}
{"target": -11.908470683706577, "params": {"C": 5.388579924929592, "gamma": 1.2811795131964734}, "datetime": {"datetime": "2021-06-19 15:07:29", "elapsed": 20.817263, "delta": 0.749688}}
{"target": -11.482614612687811, "params": {"C": 5.071505523451617, "gamma": 0.680423988951722}, "datetime": {"datetime": "2021-06-19 15:07:30", "elapsed": 21.729266, "delta": 0.912003}}
{"target": -12.09987221319528, "params": {"C": 9.030936419052827, "gamma": 1.60552125333673}, "datetime": {"datetime": "2021-06-19 15:07:31", "elapsed": 22.510265, "delta": 0.780999}}
{"target": -11.555859610007307, "params": {"C": 5.556097171124411, "gamma": 1.0528278745638315}, "datetime": {"datetime": "2021-06-19 15:07:32", "elapsed": 23.376198, "delta": 0.865933}}
{"target": -11.619330905722187, "params": {"C": 8.812219130690478, "gamma": 1.380393715095422}, "datetime": {"datetime": "2021-06-19 15:07:33", "elapsed": 24.157619, "delta": 0.781421}}
{"target": -11.450095035799873, "params": {"C": 5.355748110722321, "gamma": 0.8728183142952034}, "datetime": {"datetime": "2021-06-19 15:07:33", "elapsed": 24.944541, "delta": 0.786922}}
{"target": -11.572599406900927, "params": {"C": 5.359785600547029, "gamma": 1.018270231963027}, "datetime": {"datetime": "2021-06-19 15:07:34", "elapsed": 25.791789, "delta": 0.847248}}
{"target": -11.355644898281133, "params": {"C": 5.537047436339165, "gamma": 0.7550789745604249}, "datetime": {"datetime": "2021-06-19 15:07:35", "elapsed": 26.439789, "delta": 0.648}}
{"target": -11.435145481712535, "params": {"C": 5.388307139975314, "gamma": 0.52358540350997}, "datetime": {"datetime": "2021-06-19 15:07:36", "elapsed": 27.157499, "delta": 0.71771}}
{"target": -11.915301665054816, "params": {"C": 4.732352832235437, "gamma": 1.1609448069437343}, "datetime": {"datetime": "2021-06-19 15:07:36", "elapsed": 27.79895, "delta": 0.641451}}
{"target": -11.39049381077993, "params": {"C": 5.389910569801839, "gamma": 0.6928152261888086}, "datetime": {"datetime": "2021-06-19 15:07:37", "elapsed": 28.561949, "delta": 0.762999}}
{"target": -11.305710406575253, "params": {"C": 5.815240895640535, "gamma": 0.8438417051995563}, "datetime": {"datetime": "2021-06-19 15:07:38", "elapsed": 29.451132, "delta": 0.889183}}
{"target": -11.307337131678196, "params": {"C": 5.804219592974644, "gamma": 0.5636405017574271}, "datetime": {"datetime": "2021-06-19 15:07:39", "elapsed": 30.16853, "delta": 0.717398}}
{"target": -11.219386549495715, "params": {"C": 6.026260874244565, "gamma": 0.7068796510939889}, "datetime": {"datetime": "2021-06-19 15:07:40", "elapsed": 31.286868, "delta": 1.118338}}
{"target": -11.356412371164, "params": {"C": 6.119321316258452, "gamma": 0.9927529794812637}, "datetime": {"datetime": "2021-06-19 15:07:41", "elapsed": 32.297059, "delta": 1.010191}}
{"target": -11.163553951615777, "params": {"C": 6.268303818808475, "gamma": 0.7701725117798851}, "datetime": {"datetime": "2021-06-19 15:07:42", "elapsed": 33.0146, "delta": 0.717541}}
{"target": -11.238551227474176, "params": {"C": 6.264161754307861, "gamma": 0.5042501749643681}, "datetime": {"datetime": "2021-06-19 15:07:42", "elapsed": 33.676289, "delta": 0.661689}}
{"target": -11.109800073415778, "params": {"C": 6.5156198530529466, "gamma": 0.6374648826265652}, "datetime": {"datetime": "2021-06-19 15:07:43", "elapsed": 34.325033, "delta": 0.648744}}
{"target": -11.181067415667538, "params": {"C": 6.561910944776718, "gamma": 0.9055728768636847}, "datetime": {"datetime": "2021-06-19 15:07:43", "elapsed": 34.926935, "delta": 0.601902}}
{"target": -11.033850759614772, "params": {"C": 6.798034001106744, "gamma": 0.7447100976723914}, "datetime": {"datetime": "2021-06-19 15:07:44", "elapsed": 35.826361, "delta": 0.899426}}
{"target": -11.163174085512741, "params": {"C": 6.984918660928573, "gamma": 0.9672426310533486}, "datetime": {"datetime": "2021-06-19 15:07:45", "elapsed": 36.559645, "delta": 0.733284}}
{"target": -10.957323403851193, "params": {"C": 7.1550205035644465, "gamma": 0.7133772107079115}, "datetime": {"datetime": "2021-06-19 15:07:46", "elapsed": 37.108041, "delta": 0.548396}}
{"target": -11.00794253281428, "params": {"C": 7.4850325418381285, "gamma": 0.8941165519334817}, "datetime": {"datetime": "2021-06-19 15:07:46", "elapsed": 37.844164, "delta": 0.736123}}
{"target": -10.897172818240652, "params": {"C": 7.5819045899053465, "gamma": 0.6177777128376868}, "datetime": {"datetime": "2021-06-19 15:07:47", "elapsed": 38.601282, "delta": 0.757118}}
{"target": -10.899890341676912, "params": {"C": 8.021696308038896, "gamma": 0.8141089793599388}, "datetime": {"datetime": "2021-06-19 15:07:48", "elapsed": 39.234322, "delta": 0.63304}}
{"target": -10.870095246102847, "params": {"C": 8.501652376128536, "gamma": 0.8103044239924868}, "datetime": {"datetime": "2021-06-19 15:07:48", "elapsed": 39.974251, "delta": 0.739929}}
{"target": -10.91903650605849, "params": {"C": 8.202347295278217, "gamma": 0.5067659356451243}, "datetime": {"datetime": "2021-06-19 15:07:49", "elapsed": 40.83923, "delta": 0.864979}}
{"target": -10.829227494091716, "params": {"C": 8.788308590252834, "gamma": 0.6921864990454486}, "datetime": {"datetime": "2021-06-19 15:07:50", "elapsed": 41.757526, "delta": 0.918296}}
{"target": -10.911113080056577, "params": {"C": 8.591297329326611, "gamma": 0.47778895107740355}, "datetime": {"datetime": "2021-06-19 15:07:51", "elapsed": 42.743604, "delta": 0.986078}}
{"target": -10.873666777586571, "params": {"C": 7.876298485173961, "gamma": 0.624622692013807}, "datetime": {"datetime": "2021-06-19 15:07:53", "elapsed": 44.520797, "delta": 1.777193}}
{"target": -10.869620679659047, "params": {"C": 8.921616625155393, "gamma": 0.9101111673512368}, "datetime": {"datetime": "2021-06-19 15:07:54", "elapsed": 45.24505, "delta": 0.724253}}
{"target": -10.809631829691762, "params": {"C": 9.144922689623087, "gamma": 0.695417502039508}, "datetime": {"datetime": "2021-06-19 15:07:54", "elapsed": 45.978222, "delta": 0.733172}}
{"target": -11.025561311667301, "params": {"C": 9.044317373896822, "gamma": 0.36924749269754337}, "datetime": {"datetime": "2021-06-19 15:07:56", "elapsed": 47.038537, "delta": 1.060315}}
{"target": -11.333110169456868, "params": {"C": 7.052043240275563, "gamma": 0.3247994875715993}, "datetime": {"datetime": "2021-06-19 15:07:57", "elapsed": 48.338372, "delta": 1.299835}}
{"target": -10.846564545031276, "params": {"C": 9.379486310533755, "gamma": 0.8798063188056205}, "datetime": {"datetime": "2021-06-19 15:07:58", "elapsed": 49.467851, "delta": 1.129479}}
{"target": -10.807963649179413, "params": {"C": 9.529768993768302, "gamma": 0.5452561386098682}, "datetime": {"datetime": "2021-06-19 15:07:59", "elapsed": 50.354873, "delta": 0.887022}}
{"target": -10.819714863802723, "params": {"C": 9.804766447497755, "gamma": 0.8155687390988475}, "datetime": {"datetime": "2021-06-19 15:08:00", "elapsed": 51.463896, "delta": 1.109023}}
{"target": -10.805071433036863, "params": {"C": 9.926887417072136, "gamma": 0.5023812640178031}, "datetime": {"datetime": "2021-06-19 15:08:01", "elapsed": 52.537053, "delta": 1.073157}}
{"target": -11.328044713525994, "params": {"C": 9.729519773983037, "gamma": 0.16654067103473996}, "datetime": {"datetime": "2021-06-19 15:08:02", "elapsed": 53.223471, "delta": 0.686418}}
{"target": -10.796559990402438, "params": {"C": 9.719762414099861, "gamma": 0.5535246290468301}, "datetime": {"datetime": "2021-06-19 15:08:03", "elapsed": 54.647054, "delta": 1.423583}}
{"target": -10.785626740252408, "params": {"C": 10.0, "gamma": 0.7220602803902726}, "datetime": {"datetime": "2021-06-19 15:08:04", "elapsed": 55.614466, "delta": 0.967412}}
{"target": -11.44280074291328, "params": {"C": 7.808862968710798, "gamma": 0.20718299269351187}, "datetime": {"datetime": "2021-06-19 15:08:06", "elapsed": 57.147945, "delta": 1.533479}}
{"target": -11.041105227145415, "params": {"C": 10.0, "gamma": 1.1164527617600277}, "datetime": {"datetime": "2021-06-19 15:08:07", "elapsed": 58.805034, "delta": 1.657089}}
{"target": -11.115992300718288, "params": {"C": 9.639682619592906, "gamma": 1.151769853254068}, "datetime": {"datetime": "2021-06-19 15:08:08", "elapsed": 59.578386, "delta": 0.773352}}
{"target": -11.3962228890659, "params": {"C": 7.964601451706554, "gamma": 1.2442982837180765}, "datetime": {"datetime": "2021-06-19 15:08:10", "elapsed": 61.11729, "delta": 1.538904}}
{"target": -10.80937244672936, "params": {"C": 9.452735490883471, "gamma": 0.7369329200534794}, "datetime": {"datetime": "2021-06-19 15:08:11", "elapsed": 62.314435, "delta": 1.197145}}
{"target": -10.832166310172525, "params": {"C": 8.437859731648249, "gamma": 0.6160011976345434}, "datetime": {"datetime": "2021-06-19 15:08:12", "elapsed": 63.395367, "delta": 1.080932}}
{"target": -10.765811984120404, "params": {"C": 9.895492862749844, "gamma": 0.6564747259280928}, "datetime": {"datetime": "2021-06-19 15:08:13", "elapsed": 64.716883, "delta": 1.321516}}
{"target": -10.815239903463276, "params": {"C": 9.316967822861338, "gamma": 0.551107405967376}, "datetime": {"datetime": "2021-06-19 15:08:14", "elapsed": 65.851359, "delta": 1.134476}}
{"target": -10.918230250802138, "params": {"C": 7.758777921966033, "gamma": 0.8096163370775179}, "datetime": {"datetime": "2021-06-19 15:08:15", "elapsed": 66.864201, "delta": 1.012842}}
{"target": -10.85129946712949, "params": {"C": 9.172296677190996, "gamma": 0.8479432771353158}, "datetime": {"datetime": "2021-06-19 15:08:16", "elapsed": 67.936154, "delta": 1.071953}}
{"target": -10.870411820745192, "params": {"C": 8.260043233481884, "gamma": 0.7313804696622902}, "datetime": {"datetime": "2021-06-19 15:08:18", "elapsed": 69.113495, "delta": 1.177341}}
{"target": -10.77356894707707, "params": {"C": 9.713314058125304, "gamma": 0.6604057887016592}, "datetime": {"datetime": "2021-06-19 15:08:19", "elapsed": 70.497129, "delta": 1.383634}}
{"target": -10.800575417289927, "params": {"C": 8.95683277165871, "gamma": 0.6367267026979027}, "datetime": {"datetime": "2021-06-19 15:08:20", "elapsed": 71.693782, "delta": 1.196653}}
{"target": -10.763601791934231, "params": {"C": 10.0, "gamma": 0.5942382760345879}, "datetime": {"datetime": "2021-06-19 15:08:22", "elapsed": 73.031274, "delta": 1.337492}}
{"target": -10.826115466021157, "params": {"C": 9.607729305052239, "gamma": 0.8102676434972789}, "datetime": {"datetime": "2021-06-19 15:08:23", "elapsed": 74.598347, "delta": 1.567073}}
{"target": -10.763634390035328, "params": {"C": 9.778959120914898, "gamma": 0.6456819833327877}, "datetime": {"datetime": "2021-06-19 15:08:24", "elapsed": 75.68585, "delta": 1.087503}}
{"target": -10.771639399771145, "params": {"C": 9.885407772707639, "gamma": 0.5878100742313113}, "datetime": {"datetime": "2021-06-19 15:08:25", "elapsed": 76.955402, "delta": 1.269552}}
{"target": -10.833648400107126, "params": {"C": 8.956227752150474, "gamma": 0.7527953193548593}, "datetime": {"datetime": "2021-06-19 15:08:27", "elapsed": 78.104345, "delta": 1.148943}}
{"target": -10.827555167181375, "params": {"C": 9.134471646220874, "gamma": 0.5337770403839496}, "datetime": {"datetime": "2021-06-19 15:08:28", "elapsed": 79.418153, "delta": 1.313808}}
{"target": -10.757115668198091, "params": {"C": 9.968811343230394, "gamma": 0.6441660681596504}, "datetime": {"datetime": "2021-06-19 15:08:29", "elapsed": 80.724907, "delta": 1.306754}}
{"target": -10.756809469355499, "params": {"C": 9.99858288409173, "gamma": 0.6265636992159274}, "datetime": {"datetime": "2021-06-19 15:08:30", "elapsed": 81.790079, "delta": 1.065172}}
{"target": -10.826449070277626, "params": {"C": 8.5752228762008, "gamma": 0.6510321516663298}, "datetime": {"datetime": "2021-06-19 15:08:31", "elapsed": 82.94043, "delta": 1.150351}}
{"target": -10.791588782811127, "params": {"C": 9.298034044561646, "gamma": 0.6585036840557112}, "datetime": {"datetime": "2021-06-19 15:08:33", "elapsed": 84.51602, "delta": 1.57559}}
{"target": -10.75720173100476, "params": {"C": 9.964773877612574, "gamma": 0.6441038082992293}, "datetime": {"datetime": "2021-06-19 15:08:34", "elapsed": 85.931736, "delta": 1.415716}}
{"target": -10.788261162799225, "params": {"C": 9.797880239595068, "gamma": 0.7075123119381932}, "datetime": {"datetime": "2021-06-19 15:08:36", "elapsed": 87.264933, "delta": 1.333197}}
