{"target": -10.756133064635256, "params": {"C": 9.964795557051081, "gamma": 0.6394421384552647}, "datetime": {"datetime": "2021-06-19 16:33:20", "elapsed": 5171.427197, "delta": 11.618919}}
{"target": -10.762223934305133, "params": {"C": 9.89094285391139, "gamma": 0.6218209682990092}, "datetime": {"datetime": "2021-06-19 16:33:35", "elapsed": 5186.121337, "delta": 14.69414}}
{"target": -10.764560265039275, "params": {"C": 9.892044494606834, "gamma": 0.6537672485654761}, "datetime": {"datetime": "2021-06-19 16:33:48", "elapsed": 5199.652464, "delta": 13.531127}}
{"target": -10.761674598621312, "params": {"C": 9.985882568648329, "gamma": 0.6093392681704315}, "datetime": {"datetime": "2021-06-19 16:34:01", "elapsed": 5212.486832, "delta": 12.834368}}
{"target": -10.758101268428423, "params": {"C": 9.912980810981612, "gamma": 0.6330341087752059}, "datetime": {"datetime": "2021-06-19 16:34:27", "elapsed": 5238.705484, "delta": 26.218652}}
{"target": -10.768587130862407, "params": {"C": 9.697807431835814, "gamma": 0.6253840480453486}, "datetime": {"datetime": "2021-06-19 16:34:45", "elapsed": 5256.676213, "delta": 17.970729}}
{"target": -10.75650661925024, "params": {"C": 9.959384218060148, "gamma": 0.6362334656948849}, "datetime": {"datetime": "2021-06-19 16:34:55", "elapsed": 5266.501005, "delta": 9.824792}}
{"target": -10.763244017288653, "params": {"C": 9.89645952959739, "gamma": 0.6168475522379027}, "datetime": {"datetime": "2021-06-19 16:35:08", "elapsed": 5279.339706, "delta": 12.838701}}
{"target": -10.765882972550239, "params": {"C": 9.726215191249388, "gamma": 0.6314882417794212}, "datetime": {"datetime": "2021-06-19 16:35:20", "elapsed": 5291.325212, "delta": 11.985506}}
{"target": -10.76086888659028, "params": {"C": 9.944051172414884, "gamma": 0.6194088344462967}, "datetime": {"datetime": "2021-06-19 16:35:33", "elapsed": 5304.48705, "delta": 13.161838}}
{"target": -10.764378035949086, "params": {"C": 9.787582884179045, "gamma": 0.6474473442807309}, "datetime": {"datetime": "2021-06-19 16:35:50", "elapsed": 5321.199357, "delta": 16.712307}}
{"target": -10.757164979539116, "params": {"C": 9.99232765287789, "gamma": 0.6455453327477019}, "datetime": {"datetime": "2021-06-19 16:36:03", "elapsed": 5334.350014, "delta": 13.150657}}
{"target": -10.767930517423755, "params": {"C": 9.715463250585376, "gamma": 0.6253392424768515}, "datetime": {"datetime": "2021-06-19 16:36:15", "elapsed": 5346.878676, "delta": 12.528662}}
{"target": -10.7590301603214, "params": {"C": 9.99078713786744, "gamma": 0.6198126035250365}, "datetime": {"datetime": "2021-06-19 16:36:34", "elapsed": 5365.260206, "delta": 18.38153}}
{"target": -10.758708120487128, "params": {"C": 9.882284678239015, "gamma": 0.6424401727938438}, "datetime": {"datetime": "2021-06-19 16:36:48", "elapsed": 5379.337329, "delta": 14.077123}}
{"target": -18.27712412730058, "params": {"C": 8.193126271217615, "gamma": 6.05615268074761}, "datetime": {"datetime": "2021-06-19 16:36:54", "elapsed": 5385.765618, "delta": 6.428289}}
{"target": -10.767572220054085, "params": {"C": 9.871264430990607, "gamma": 0.6584911504718047}, "datetime": {"datetime": "2021-06-19 16:37:12", "elapsed": 5403.041307, "delta": 17.275689}}
{"target": -10.76372484241184, "params": {"C": 9.915734460626807, "gamma": 0.6114674938330144}, "datetime": {"datetime": "2021-06-19 16:37:40", "elapsed": 5431.542046, "delta": 28.500739}}
{"target": -10.758978120522693, "params": {"C": 9.90474798806081, "gamma": 0.6440821043007985}, "datetime": {"datetime": "2021-06-19 16:37:54", "elapsed": 5445.208141, "delta": 13.666095}}
{"target": -10.767152888204333, "params": {"C": 9.846067799791486, "gamma": 0.6060410961075035}, "datetime": {"datetime": "2021-06-19 16:38:04", "elapsed": 5455.84764, "delta": 10.639499}}
{"target": -10.760276685876423, "params": {"C": 9.963277286307445, "gamma": 0.618943163990346}, "datetime": {"datetime": "2021-06-19 16:38:16", "elapsed": 5467.232497, "delta": 11.384857}}
{"target": -10.766916986994074, "params": {"C": 9.838282193808201, "gamma": 0.6550874141161618}, "datetime": {"datetime": "2021-06-19 16:38:32", "elapsed": 5483.784124, "delta": 16.551627}}
{"target": -10.765195013623899, "params": {"C": 9.949672980142498, "gamma": 0.5946439085087312}, "datetime": {"datetime": "2021-06-19 16:38:42", "elapsed": 5493.901957, "delta": 10.117833}}
{"target": -10.76059172177317, "params": {"C": 9.906205882878117, "gamma": 0.6257069659157355}, "datetime": {"datetime": "2021-06-19 16:38:51", "elapsed": 5502.080874, "delta": 8.178917}}
{"target": -10.756626163788805, "params": {"C": 9.980644073477043, "gamma": 0.6439191385189523}, "datetime": {"datetime": "2021-06-19 16:39:00", "elapsed": 5511.072655, "delta": 8.991781}}
{"target": -10.75803650464039, "params": {"C": 9.898108875667825, "gamma": 0.6350242286077528}, "datetime": {"datetime": "2021-06-19 16:39:10", "elapsed": 5521.349397, "delta": 10.276742}}
{"target": -10.756996170816494, "params": {"C": 9.956839627399525, "gamma": 0.6311282197731958}, "datetime": {"datetime": "2021-06-19 16:39:23", "elapsed": 5534.682065, "delta": 13.332668}}
{"target": -10.7639780986612, "params": {"C": 9.960899094321311, "gamma": 0.6569686284857876}, "datetime": {"datetime": "2021-06-19 16:39:37", "elapsed": 5548.026879, "delta": 13.344814}}
{"target": -10.76024712267588, "params": {"C": 9.858491012021842, "gamma": 0.643896724502061}, "datetime": {"datetime": "2021-06-19 16:40:05", "elapsed": 5576.932864, "delta": 28.905985}}
{"target": -10.761644966323598, "params": {"C": 9.888534065082409, "gamma": 0.6243341826867143}, "datetime": {"datetime": "2021-06-19 16:40:28", "elapsed": 5599.37044, "delta": 22.437576}}
{"target": -10.757479725813656, "params": {"C": 9.98565086054513, "gamma": 0.62598298608463}, "datetime": {"datetime": "2021-06-19 16:40:37", "elapsed": 5608.478397, "delta": 9.107957}}
{"target": -10.75885023031299, "params": {"C": 9.93190884930839, "gamma": 0.6282876425070186}, "datetime": {"datetime": "2021-06-19 16:40:46", "elapsed": 5617.812372, "delta": 9.333975}}
{"target": -10.758144947872278, "params": {"C": 9.873297513195633, "gamma": 0.6384352872842065}, "datetime": {"datetime": "2021-06-19 16:40:57", "elapsed": 5628.239913, "delta": 10.427541}}
{"target": -10.768641190090884, "params": {"C": 9.634162493807496, "gamma": 0.6404495060196318}, "datetime": {"datetime": "2021-06-19 16:41:07", "elapsed": 5638.673035, "delta": 10.433122}}
{"target": -10.768630919640211, "params": {"C": 9.904273915787204, "gamma": 0.5918010551139307}, "datetime": {"datetime": "2021-06-19 16:41:18", "elapsed": 5649.535629, "delta": 10.862594}}
{"target": -10.763522749578907, "params": {"C": 9.999239811299798, "gamma": 0.6585895225528541}, "datetime": {"datetime": "2021-06-19 16:41:32", "elapsed": 5663.836763, "delta": 14.301134}}
{"target": -10.767510783476233, "params": {"C": 9.677838725822035, "gamma": 0.6324034810867046}, "datetime": {"datetime": "2021-06-19 16:41:48", "elapsed": 5679.835572, "delta": 15.998809}}
{"target": -18.82461195400076, "params": {"C": 8.385379252269226, "gamma": 6.871038059063296}, "datetime": {"datetime": "2021-06-19 16:41:56", "elapsed": 5687.782806, "delta": 7.947234}}
{"target": -10.764836921230724, "params": {"C": 9.94400372796659, "gamma": 0.5991759001105057}, "datetime": {"datetime": "2021-06-19 16:42:18", "elapsed": 5709.320766, "delta": 21.53796}}
{"target": -10.777876793893785, "params": {"C": 9.518583185460788, "gamma": 0.6104391234927233}, "datetime": {"datetime": "2021-06-19 16:42:34", "elapsed": 5725.916906, "delta": 16.59614}}
{"target": -10.760281065364408, "params": {"C": 9.826704513996429, "gamma": 0.6423332345933935}, "datetime": {"datetime": "2021-06-19 16:42:55", "elapsed": 5746.617466, "delta": 20.70056}}
{"target": -10.758746391669801, "params": {"C": 9.931352504688636, "gamma": 0.6287008485884915}, "datetime": {"datetime": "2021-06-19 16:43:03", "elapsed": 5754.301143, "delta": 7.683677}}
{"target": -10.757797385445361, "params": {"C": 9.933976301612937, "gamma": 0.63141742118265}, "datetime": {"datetime": "2021-06-19 16:43:13", "elapsed": 5764.219714, "delta": 9.918571}}
{"target": -13.911045393754407, "params": {"C": 9.289637560520784, "gamma": 2.549048733667435}, "datetime": {"datetime": "2021-06-19 16:43:20", "elapsed": 5771.948517, "delta": 7.728803}}
{"target": -10.75852058366348, "params": {"C": 9.98525259626585, "gamma": 0.647677094191908}, "datetime": {"datetime": "2021-06-19 16:43:40", "elapsed": 5791.33772, "delta": 19.389203}}
{"target": -10.77073755267581, "params": {"C": 9.566465038410355, "gamma": 0.6370635693633869}, "datetime": {"datetime": "2021-06-19 16:43:49", "elapsed": 5800.094524, "delta": 8.756804}}
{"target": -10.756400083765, "params": {"C": 9.977088921306033, "gamma": 0.6315662356973251}, "datetime": {"datetime": "2021-06-19 16:44:19", "elapsed": 5830.843013, "delta": 30.748489}}
{"target": -13.11972293554955, "params": {"C": 6.227729412472915, "gamma": 2.00326718847935}, "datetime": {"datetime": "2021-06-19 16:44:28", "elapsed": 5839.17216, "delta": 8.329147}}
{"target": -10.762692669908299, "params": {"C": 9.753826214772133, "gamma": 0.6401405473951831}, "datetime": {"datetime": "2021-06-19 16:44:42", "elapsed": 5853.755485, "delta": 14.583325}}
{"target": -10.762180874362945, "params": {"C": 9.940439812163834, "gamma": 0.6145175646717868}, "datetime": {"datetime": "2021-06-19 16:45:06", "elapsed": 5877.701593, "delta": 23.946108}}
{"target": -10.763672348683475, "params": {"C": 9.98472019291988, "gamma": 0.5977515828288603}, "datetime": {"datetime": "2021-06-19 16:45:34", "elapsed": 5905.818294, "delta": 28.116701}}
{"target": -10.759134013382727, "params": {"C": 9.968190071139459, "gamma": 0.6478550039804217}, "datetime": {"datetime": "2021-06-19 16:45:56", "elapsed": 5927.075555, "delta": 21.257261}}
{"target": -10.769713691920385, "params": {"C": 9.765839027508813, "gamma": 0.6074025087974405}, "datetime": {"datetime": "2021-06-19 16:46:07", "elapsed": 5938.403667, "delta": 11.328112}}
{"target": -10.772312379022177, "params": {"C": 9.687391263761281, "gamma": 0.608208703986405}, "datetime": {"datetime": "2021-06-19 16:46:20", "elapsed": 5951.187025, "delta": 12.783358}}
{"target": -10.75709852310214, "params": {"C": 9.95726798774146, "gamma": 0.643515915495915}, "datetime": {"datetime": "2021-06-19 16:46:37", "elapsed": 5968.115166, "delta": 16.928141}}
{"target": -10.766540737894896, "params": {"C": 9.97967652238782, "gamma": 0.6638274681576616}, "datetime": {"datetime": "2021-06-19 16:46:55", "elapsed": 5986.374253, "delta": 18.259087}}
{"target": -10.760187911191283, "params": {"C": 9.806896123705869, "gamma": 0.6394974454679309}, "datetime": {"datetime": "2021-06-19 16:47:10", "elapsed": 6001.069158, "delta": 14.694905}}
{"target": -10.75663189055235, "params": {"C": 9.950777915973246, "gamma": 0.6369903077150719}, "datetime": {"datetime": "2021-06-19 16:47:18", "elapsed": 6009.850981, "delta": 8.781823}}
{"target": -10.761276990290582, "params": {"C": 9.868848156629065, "gamma": 0.6282999395694251}, "datetime": {"datetime": "2021-06-19 16:47:38", "elapsed": 6029.000224, "delta": 19.149243}}
{"target": -10.757577423816507, "params": {"C": 9.957705176114631, "gamma": 0.6291855985233883}, "datetime": {"datetime": "2021-06-19 16:48:01", "elapsed": 6052.110586, "delta": 23.110362}}
{"target": -10.767971065407416, "params": {"C": 9.877887296683797, "gamma": 0.5952706563286554}, "datetime": {"datetime": "2021-06-19 16:48:10", "elapsed": 6061.63614, "delta": 9.525554}}
{"target": -10.757144410565072, "params": {"C": 9.913948438260322, "gamma": 0.640276212864921}, "datetime": {"datetime": "2021-06-19 16:48:25", "elapsed": 6076.140631, "delta": 14.504491}}
{"target": -10.766882949995104, "params": {"C": 9.984250636339127, "gamma": 0.6649498196775471}, "datetime": {"datetime": "2021-06-19 16:48:35", "elapsed": 6086.408626, "delta": 10.267995}}
{"target": -10.77107514321176, "params": {"C": 9.56346703803772, "gamma": 0.6375853954837645}, "datetime": {"datetime": "2021-06-19 16:48:48", "elapsed": 6099.020975, "delta": 12.612349}}
{"target": -10.764974663458268, "params": {"C": 9.92187786373457, "gamma": 0.6033638144608874}, "datetime": {"datetime": "2021-06-19 16:49:01", "elapsed": 6112.154058, "delta": 13.133083}}
{"target": -10.768693350369553, "params": {"C": 9.621300412929084, "gamma": 0.6360604418993212}, "datetime": {"datetime": "2021-06-19 16:49:12", "elapsed": 6123.054326, "delta": 10.900268}}
{"target": -10.762257984944302, "params": {"C": 9.796056912973233, "gamma": 0.6344659880793044}, "datetime": {"datetime": "2021-06-19 16:49:30", "elapsed": 6141.034056, "delta": 17.97973}}
{"target": -10.770353212441101, "params": {"C": 9.814203331355435, "gamma": 0.5964377710898751}, "datetime": {"datetime": "2021-06-19 16:49:59", "elapsed": 6170.161124, "delta": 29.127068}}
{"target": -10.764692645992923, "params": {"C": 9.928982128924593, "gamma": 0.6036138899080102}, "datetime": {"datetime": "2021-06-19 16:50:28", "elapsed": 6199.255196, "delta": 29.094072}}
{"target": -10.76511855918827, "params": {"C": 9.925501580503127, "gamma": 0.6015993259554996}, "datetime": {"datetime": "2021-06-19 16:50:37", "elapsed": 6208.874844, "delta": 9.619648}}
{"target": -10.773600525544062, "params": {"C": 9.59572340645243, "gamma": 0.6198932809087808}, "datetime": {"datetime": "2021-06-19 16:50:48", "elapsed": 6219.147528, "delta": 10.272684}}
{"target": -10.767122398302563, "params": {"C": 9.673031074990085, "gamma": 0.6415817908814658}, "datetime": {"datetime": "2021-06-19 16:50:58", "elapsed": 6229.751307, "delta": 10.603779}}
{"target": -10.769303796767801, "params": {"C": 9.73645055608489, "gamma": 0.6535798555968326}, "datetime": {"datetime": "2021-06-19 16:51:12", "elapsed": 6243.547414, "delta": 13.796107}}
{"target": -10.758677492493948, "params": {"C": 9.85690575753664, "gamma": 0.6411078599245887}, "datetime": {"datetime": "2021-06-19 16:51:21", "elapsed": 6252.158759, "delta": 8.611345}}
{"target": -10.763132333698179, "params": {"C": 9.907298356669218, "gamma": 0.6156161514583288}, "datetime": {"datetime": "2021-06-19 16:51:37", "elapsed": 6268.595676, "delta": 16.436917}}
{"target": -15.273697602357597, "params": {"C": 9.523864468731242, "gamma": 3.312717332711631}, "datetime": {"datetime": "2021-06-19 16:51:46", "elapsed": 6277.100553, "delta": 8.504877}}
{"target": -10.760736425822426, "params": {"C": 9.969779713386036, "gamma": 0.6161359391985132}, "datetime": {"datetime": "2021-06-19 16:51:58", "elapsed": 6289.906214, "delta": 12.805661}}
{"target": -10.760289491231308, "params": {"C": 9.9273485142674, "gamma": 0.6239255476755363}, "datetime": {"datetime": "2021-06-19 16:52:13", "elapsed": 6304.184996, "delta": 14.278782}}
{"target": -10.758902167483425, "params": {"C": 9.880036803439939, "gamma": 0.634571359195605}, "datetime": {"datetime": "2021-06-19 16:52:31", "elapsed": 6322.736147, "delta": 18.551151}}
{"target": -10.760926579994713, "params": {"C": 9.85771310637872, "gamma": 0.6450521817281395}, "datetime": {"datetime": "2021-06-19 16:52:46", "elapsed": 6337.669793, "delta": 14.933646}}
{"target": -10.75586106261299, "params": {"C": 9.967209426607639, "gamma": 0.6416288678104721}, "datetime": {"datetime": "2021-06-19 16:52:59", "elapsed": 6350.381898, "delta": 12.712105}}
{"target": -10.761209672374456, "params": {"C": 9.98714524606415, "gamma": 0.6113351647347326}, "datetime": {"datetime": "2021-06-19 16:53:10", "elapsed": 6361.91658, "delta": 11.534682}}
{"target": -10.766668992561458, "params": {"C": 9.830979142221532, "gamma": 0.6541606568241186}, "datetime": {"datetime": "2021-06-19 16:53:37", "elapsed": 6388.473816, "delta": 26.557236}}
{"target": -10.761465370223263, "params": {"C": 9.977055271626023, "gamma": 0.6528955637547645}, "datetime": {"datetime": "2021-06-19 16:53:52", "elapsed": 6403.380127, "delta": 14.906311}}
{"target": -10.762243161649131, "params": {"C": 9.914323333432291, "gamma": 0.6506223935819436}, "datetime": {"datetime": "2021-06-19 16:54:14", "elapsed": 6425.308408, "delta": 21.928281}}
{"target": -10.76521638983459, "params": {"C": 9.723490924452332, "gamma": 0.6341515798720129}, "datetime": {"datetime": "2021-06-19 16:54:31", "elapsed": 6442.130177, "delta": 16.821769}}
{"target": -10.75777202821062, "params": {"C": 9.898556385253634, "gamma": 0.6360183262095839}, "datetime": {"datetime": "2021-06-19 16:54:48", "elapsed": 6459.763859, "delta": 17.633682}}
{"target": -10.768125943959827, "params": {"C": 9.836734091881032, "gamma": 0.6573854675546834}, "datetime": {"datetime": "2021-06-19 16:54:59", "elapsed": 6470.227899, "delta": 10.46404}}
{"target": -20.851766587096957, "params": {"C": 2.706144899010523, "gamma": 8.20941938999536}, "datetime": {"datetime": "2021-06-19 16:55:08", "elapsed": 6479.193685, "delta": 8.965786}}
{"target": -10.758892187305086, "params": {"C": 9.863815620131986, "gamma": 0.6365554299525956}, "datetime": {"datetime": "2021-06-19 16:55:32", "elapsed": 6503.71808, "delta": 24.524395}}
{"target": -10.76988249836524, "params": {"C": 9.766704392221031, "gamma": 0.6060652867490487}, "datetime": {"datetime": "2021-06-19 16:55:55", "elapsed": 6526.515499, "delta": 22.797419}}
{"target": -10.76433251344129, "params": {"C": 9.741713595009196, "gamma": 0.6433535009854241}, "datetime": {"datetime": "2021-06-19 16:56:15", "elapsed": 6546.662782, "delta": 20.147283}}
{"target": -10.763195211440944, "params": {"C": 9.886834741479843, "gamma": 0.6508241670128986}, "datetime": {"datetime": "2021-06-19 16:56:26", "elapsed": 6557.271861, "delta": 10.609079}}
{"target": -10.767059873165111, "params": {"C": 9.670492758541627, "gamma": 0.6410277264461647}, "datetime": {"datetime": "2021-06-19 16:56:54", "elapsed": 6585.077039, "delta": 27.805178}}
{"target": -10.768315507967667, "params": {"C": 9.94487805576831, "gamma": 0.5888846876248428}, "datetime": {"datetime": "2021-06-19 16:57:08", "elapsed": 6599.586515, "delta": 14.509476}}
{"target": -10.760800968125388, "params": {"C": 9.903457122151385, "gamma": 0.6253366709338676}, "datetime": {"datetime": "2021-06-19 16:57:31", "elapsed": 6622.166856, "delta": 22.580341}}
{"target": -10.767054819913366, "params": {"C": 9.95710837930648, "gamma": 0.663319606816056}, "datetime": {"datetime": "2021-06-19 16:57:46", "elapsed": 6637.343267, "delta": 15.176411}}
{"target": -10.768857658267656, "params": {"C": 9.80503971811972, "gamma": 0.6568451072519145}, "datetime": {"datetime": "2021-06-19 16:58:01", "elapsed": 6652.475224, "delta": 15.131957}}
{"target": -10.759339898677391, "params": {"C": 9.915548259008368, "gamma": 0.6453069161052886}, "datetime": {"datetime": "2021-06-19 16:58:13", "elapsed": 6664.451817, "delta": 11.976593}}
{"target": -10.763699783094301, "params": {"C": 9.907044369600781, "gamma": 0.6130767830985301}, "datetime": {"datetime": "2021-06-19 16:58:30", "elapsed": 6681.633521, "delta": 17.181704}}
{"target": -10.762210211466707, "params": {"C": 9.98540227308137, "gamma": 0.6066990397440895}, "datetime": {"datetime": "2021-06-19 16:58:45", "elapsed": 6696.631135, "delta": 14.997614}}
{"target": -10.767880559547887, "params": {"C": 9.87727521819054, "gamma": 0.6595255530465947}, "datetime": {"datetime": "2021-06-19 16:59:02", "elapsed": 6713.055716, "delta": 16.424581}}
{"target": -10.77160562747517, "params": {"C": 9.64678263864026, "gamma": 0.6515695917592363}, "datetime": {"datetime": "2021-06-19 16:59:12", "elapsed": 6723.427473, "delta": 10.371757}}
{"target": -10.765538584213994, "params": {"C": 9.932058530247419, "gamma": 0.5967357658770904}, "datetime": {"datetime": "2021-06-19 16:59:25", "elapsed": 6736.238987, "delta": 12.811514}}
{"target": -10.757995466450229, "params": {"C": 9.906735019730379, "gamma": 0.63411349720673}, "datetime": {"datetime": "2021-06-19 16:59:38", "elapsed": 6749.243314, "delta": 13.004327}}
{"target": -21.297649414961704, "params": {"C": 6.788874229596983, "gamma": 9.892390195239395}, "datetime": {"datetime": "2021-06-19 16:59:46", "elapsed": 6757.457901, "delta": 8.214587}}
{"target": -10.75887796969241, "params": {"C": 9.968359344278795, "gamma": 0.6234325379091018}, "datetime": {"datetime": "2021-06-19 17:00:10", "elapsed": 6781.853583, "delta": 24.395682}}
{"target": -10.774783064970432, "params": {"C": 9.999821974709034, "gamma": 0.5718881424132991}, "datetime": {"datetime": "2021-06-19 17:00:23", "elapsed": 6794.4937, "delta": 12.640117}}
{"target": -10.764744478482104, "params": {"C": 9.907548670061177, "gamma": 0.6076665633492021}, "datetime": {"datetime": "2021-06-19 17:00:39", "elapsed": 6810.335619, "delta": 15.841919}}
{"target": -10.771072506266703, "params": {"C": 9.866086813264419, "gamma": 0.5905819005661134}, "datetime": {"datetime": "2021-06-19 17:00:56", "elapsed": 6827.433637, "delta": 17.098018}}
{"target": -10.764497950749362, "params": {"C": 9.929878902507443, "gamma": 0.6046229658220937}, "datetime": {"datetime": "2021-06-19 17:01:16", "elapsed": 6847.053311, "delta": 19.619674}}
{"target": -10.774236787192963, "params": {"C": 9.6130215324284, "gamma": 0.6127479317587406}, "datetime": {"datetime": "2021-06-19 17:01:25", "elapsed": 6856.936388, "delta": 9.883077}}
{"target": -10.863068730010035, "params": {"C": 8.549031046292558, "gamma": 0.7941401891786439}, "datetime": {"datetime": "2021-06-19 17:01:32", "elapsed": 6863.575627, "delta": 6.639239}}
{"target": -10.761764790010021, "params": {"C": 9.855697977038371, "gamma": 0.6283640586595938}, "datetime": {"datetime": "2021-06-19 17:01:46", "elapsed": 6877.398985, "delta": 13.823358}}
{"target": -10.76296088636535, "params": {"C": 9.880852523096873, "gamma": 0.6204044009603285}, "datetime": {"datetime": "2021-06-19 17:03:14", "elapsed": 6965.33834, "delta": 87.939355}}
{"target": -10.783457997444538, "params": {"C": 9.625621069244996, "gamma": 0.6753278223069429}, "datetime": {"datetime": "2021-06-19 17:04:58", "elapsed": 7069.119773, "delta": 103.781433}}
