{"target": -2.3180101835073956, "params": {"C": 4.228517846555483, "epsilon": 7.20604168948716, "gamma": 0.0010113231069171437, "lmbda": 1.5186395374328805, "mu": 0.7423118951773942}, "datetime": {"datetime": "2021-04-07 06:51:42", "elapsed": 0.0, "delta": 0.0}}
{"target": -2.576951207521643, "params": {"C": 1.0141520882110984, "epsilon": 1.8707395116629324, "gamma": 0.03521051197726173, "lmbda": 1.9898696964110432, "mu": 2.698695502676751}, "datetime": {"datetime": "2021-04-07 07:33:20", "elapsed": 2498.441186, "delta": 2498.441186}}
{"target": -3.2919248257531404, "params": {"C": 4.250025692592619, "epsilon": 6.855342808963627, "gamma": 0.021240772723420228, "lmbda": 4.391806007590818, "mu": 0.14666409005765157}, "datetime": {"datetime": "2021-04-07 08:19:06", "elapsed": 5244.140317, "delta": 2745.699131}}
{"target": -7.823681243330952, "params": {"C": 6.737628350766182, "epsilon": 4.178874975647599, "gamma": 0.056310293016129415, "lmbda": 0.7105308235902166, "mu": 0.9985264305335452}, "datetime": {"datetime": "2021-04-07 09:02:46", "elapsed": 7864.134564, "delta": 2619.994247}}
{"target": -32.476779525722144, "params": {"C": 8.027371229887814, "epsilon": 9.68293314143678, "gamma": 0.03202899363776504, "lmbda": 3.4646898521898772, "mu": 4.383181869957231}, "datetime": {"datetime": "2021-04-07 09:47:22", "elapsed": 10540.825184, "delta": 2676.69062}}
{"target": -5.955321126289891, "params": {"C": 8.956605968688088, "epsilon": 0.8595916715840813, "gamma": 0.0048664235400553545, "lmbda": 0.8574537936271989, "mu": 4.391931092112771}, "datetime": {"datetime": "2021-04-07 10:36:40", "elapsed": 13497.988391, "delta": 2957.163207}}
{"target": -2.5179717537976254, "params": {"C": 4.092077137953376, "epsilon": 6.920593922663021, "gamma": 0.008236628719758396, "lmbda": 2.541152652239737, "mu": 0.40941078689701066}, "datetime": {"datetime": "2021-04-07 11:25:36", "elapsed": 16434.17195, "delta": 2936.183559}}
{"target": -2.3077523401651936, "params": {"C": 3.9418817830061457, "epsilon": 7.5381789375501045, "gamma": 0.001, "lmbda": 1.9222905079769896, "mu": 0.31394100809331504}, "datetime": {"datetime": "2021-04-07 12:14:59", "elapsed": 19397.089117, "delta": 2962.917167}}
{"target": -2.5223351140436456, "params": {"C": 4.228517846555483, "epsilon": 7.20604168948716, "gamma": 0.00011142604425275418, "lmbda": 1.5186395374328805, "mu": 0.7423118951773942}, "datetime": {"datetime": "2021-04-07 13:19:55", "elapsed": 0.0, "delta": 0.0}}
{"target": -2.6434343666955096, "params": {"C": 1.0141520882110984, "epsilon": 1.8707395116629324, "gamma": 0.03462151663160047, "lmbda": 1.9898696964110432, "mu": 2.698695502676751}, "datetime": {"datetime": "2021-04-07 14:00:18", "elapsed": 2422.193267, "delta": 2422.193267}}
{"target": -2.8969290395286555, "params": {"C": 4.250025692592619, "epsilon": 6.855342808963627, "gamma": 0.020524779748178592, "lmbda": 4.391806007590818, "mu": 0.14666409005765157}, "datetime": {"datetime": "2021-04-07 14:46:22", "elapsed": 5186.814168, "delta": 2764.620901}}
{"target": -9.65673860992948, "params": {"C": 6.737628350766182, "epsilon": 4.178874975647599, "gamma": 0.0559131138617306, "lmbda": 0.7105308235902166, "mu": 0.9985264305335452}, "datetime": {"datetime": "2021-04-07 15:32:29", "elapsed": 7953.752835, "delta": 2766.938667}}
{"target": -2.4581171432228492, "params": {"C": 1.0141520882110984, "epsilon": 1.8707395116629324, "gamma": 0.03462151663160047, "lmbda": 0.7773723196146896, "mu": 1.7717171380234986}, "datetime": {"datetime": "2021-04-07 17:41:14", "elapsed": 0.0, "delta": 0.0}}
{"target": -83.17927841059029, "params": {"C": 9.865298074050708, "epsilon": 7.565574018724743, "gamma": 0.09883045915527565, "lmbda": 4.7056291108814525, "mu": 1.4145584670355276}, "datetime": {"datetime": "2021-04-07 20:09:58", "elapsed": 8924.464618, "delta": 8924.464618}}
{"target": -3.8539678302398617, "params": {"C": 2.755774956836988, "epsilon": 5.408596056059513, "gamma": 0.04544491870953434, "lmbda": 4.843560631702893, "mu": 0.19789889980359954}, "datetime": {"datetime": "2021-04-07 20:53:48", "elapsed": 11554.313032, "delta": 2629.848414}}
{"target": -2.5630758480883435, "params": {"C": 1.1170111421294306, "epsilon": 2.099501872176115, "gamma": 0.0352459106004602, "lmbda": 1.0445192263893308, "mu": 1.6664414326063464}, "datetime": {"datetime": "2021-04-07 21:36:23", "elapsed": 14109.099979, "delta": 2554.786947}}
{"target": -2.4937290623035273, "params": {"C": 1.2408474767788693, "epsilon": 1.975830285046149, "gamma": 0.03611189616631916, "lmbda": 0.8224663661841796, "mu": 1.78802800620159}, "datetime": {"datetime": "2021-04-07 22:18:48", "elapsed": 16654.239955, "delta": 2545.139976}}
{"target": -2.5223370061256363, "params": {"C": 4.228517846555483, "epsilon": 7.20604168948716, "gamma": 0.00011142604425275418, "lmbda": 1.5186395374328805, "mu": 0.7423118951773942}, "datetime": {"datetime": "2021-04-08 00:17:27", "elapsed": 0.0, "delta": 0.0}}
{"target": -2.642599035954794, "params": {"C": 1.0141520882110984, "epsilon": 1.8707395116629324, "gamma": 0.03462151663160047, "lmbda": 1.9898696964110432, "mu": 2.698695502676751}, "datetime": {"datetime": "2021-04-08 00:57:47", "elapsed": 2419.803565, "delta": 2419.803565}}
{"target": -2.898032338363258, "params": {"C": 4.250025692592619, "epsilon": 6.855342808963627, "gamma": 0.020524779748178592, "lmbda": 4.391806007590818, "mu": 0.14666409005765157}, "datetime": {"datetime": "2021-04-08 01:43:47", "elapsed": 5179.948212, "delta": 2760.144647}}
{"target": -9.634478601779396, "params": {"C": 6.737628350766182, "epsilon": 4.178874975647599, "gamma": 0.0559131138617306, "lmbda": 0.7105308235902166, "mu": 0.9985264305335452}, "datetime": {"datetime": "2021-04-08 08:35:16", "elapsed": 29869.451263, "delta": 24689.503051}}
{"target": -30.88676007945704, "params": {"C": 8.027371229887814, "epsilon": 9.68293314143678, "gamma": 0.03141107539810836, "lmbda": 3.4646898521898772, "mu": 4.383181869957231}, "datetime": {"datetime": "2021-04-08 09:20:25", "elapsed": 32577.491004, "delta": 2708.039741}}
{"target": -7.74760556487452, "params": {"C": 8.956605968688088, "epsilon": 0.8595916715840813, "gamma": 0.004001572844964948, "lmbda": 0.8574537936271989, "mu": 4.391931092112771}, "datetime": {"datetime": "2021-04-08 10:11:48", "elapsed": 35661.142373, "delta": 3083.651369}}
{"target": -2.6354594617022338, "params": {"C": 4.228517846555483, "epsilon": 7.20604168948716, "gamma": 0.00011142604425275418, "lmbda": 0.3030302400592079, "mu": 0.14760913492629593}, "datetime": {"datetime": "2021-04-10 22:32:51", "elapsed": 0.0, "delta": 0.0}}
{"target": -2.3923190601507085, "params": {"C": 1.0141520882110984, "epsilon": 1.8707395116629324, "gamma": 0.03462151663160047, "lmbda": 0.39737070675643926, "mu": 0.5392779172693536}, "datetime": {"datetime": "2021-04-10 23:28:22", "elapsed": 3330.905748, "delta": 3330.905748}}
{"target": -2.44044623237628, "params": {"C": 4.250025692592619, "epsilon": 6.855342808963627, "gamma": 0.020524779748178592, "lmbda": 0.8782393189545544, "mu": 0.02836020560472824}, "datetime": {"datetime": "2021-04-11 00:30:28", "elapsed": 7056.881569, "delta": 3725.975821}}
{"target": -2.6497769146470604, "params": {"C": 6.737628350766182, "epsilon": 4.178874975647599, "gamma": 0.0559131138617306, "lmbda": 0.14124655165663855, "mu": 0.1989033875957939}, "datetime": {"datetime": "2021-04-11 01:32:51", "elapsed": 10800.050472, "delta": 3743.168903}}
{"target": -5.470557065390602, "params": {"C": 8.027371229887814, "epsilon": 9.68293314143678, "gamma": 0.03141107539810836, "lmbda": 0.6926302930536448, "mu": 0.8765127631437423}, "datetime": {"datetime": "2021-04-11 02:36:19", "elapsed": 14608.160204, "delta": 3808.109732}}
{"target": -2.430538506632818, "params": {"C": 3.367663443257479, "epsilon": 3.7833183302237625, "gamma": 0.0147643485835719, "lmbda": 0.6495662014798178, "mu": 0.7407028769913621}, "datetime": {"datetime": "2021-04-11 03:37:19", "elapsed": 18268.115414, "delta": 3659.95521}}
{"target": -2.4243966282476217, "params": {"C": 3.374276660980975, "epsilon": 0.14941857495818534, "gamma": 0.052492967874826185, "lmbda": 0.1703947615053985, "mu": 0.357995453519546}, "datetime": {"datetime": "2021-04-11 04:35:18", "elapsed": 21747.076749, "delta": 3478.961335}}
{"target": -2.2463022353241553, "params": {"C": 0.10000000000000009, "epsilon": 0.32155066862866, "gamma": 0.018537210512697327, "lmbda": 0.601649057482376, "mu": 0.7024321346441804}, "datetime": {"datetime": "2021-04-11 05:22:47", "elapsed": 24596.224016, "delta": 2849.147267}}
{"target": -2.2309489158556604, "params": {"C": 1.749337283653568, "epsilon": 0.01, "gamma": 0.004865550311629656, "lmbda": 0.7752856555994221, "mu": 0.8411132194127833}, "datetime": {"datetime": "2021-04-11 06:21:08", "elapsed": 28097.355433, "delta": 3501.131417}}
{"target": -2.573820972703856, "params": {"C": 3.1936761913020426, "epsilon": 1.2022831463670323, "gamma": 0.0001, "lmbda": 0.9489222537164683, "mu": 0.9797943041813861}, "datetime": {"datetime": "2021-04-11 07:26:23", "elapsed": 32011.817398, "delta": 3914.461965}}
{"target": -2.615784668834929, "params": {"C": 0.4494322667699411, "epsilon": 1.083054831730329, "gamma": 0.0001, "lmbda": 0.9315585939047637, "mu": 0.9659261957045259}, "datetime": {"datetime": "2021-04-11 08:25:10", "elapsed": 35539.055788, "delta": 3527.23839}}
{"target": -2.6094384117885383, "params": {"C": 0.8693311131196456, "epsilon": 0.01, "gamma": 0.0001, "lmbda": 0.6346400111246147, "mu": 0.728781540750215}, "datetime": {"datetime": "2021-04-11 09:25:47", "elapsed": 39176.034727, "delta": 3636.978939}}
{"target": -2.5761189009232845, "params": {"C": 2.802260347329306, "epsilon": 0.01, "gamma": 0.0001, "lmbda": 0.9018667356267487, "mu": 0.9422117302090948}, "datetime": {"datetime": "2021-04-11 10:31:56", "elapsed": 43145.027437, "delta": 3968.99271}}
{"target": -2.583270152045153, "params": {"C": 2.070946382163092, "epsilon": 0.7922569723314099, "gamma": 0.013835526569550156, "lmbda": 0.6613626835748281, "mu": 0.7501245596961029}, "datetime": {"datetime": "2021-04-11 11:30:40", "elapsed": 46669.434922, "delta": 3524.407485}}
{"target": -2.627785500364346, "params": {"C": 2.189425628727368, "epsilon": 0.01, "gamma": 0.0001, "lmbda": 0.6727549807772875, "mu": 0.759223425667771}, "datetime": {"datetime": "2021-04-11 12:35:08", "elapsed": 50537.487684, "delta": 3868.052762}}
{"target": -2.3138667817741383, "params": {"C": 1.3793359881215723, "epsilon": 0.643628147588442, "gamma": 0.01213123108054526, "lmbda": 0.8675632629393433, "mu": 0.9148140337832944}, "datetime": {"datetime": "2021-04-11 13:32:47", "elapsed": 53996.373501, "delta": 3458.885817}}
{"target": -2.331448772863722, "params": {"C": 1.3619122321667279, "epsilon": 0.01, "gamma": 0.011404663003653701, "lmbda": 0.8583355022053512, "mu": 0.9074439523462432}, "datetime": {"datetime": "2021-04-11 14:29:53", "elapsed": 57421.986664, "delta": 3425.613163}}
{"target": -2.589212788904358, "params": {"C": 1.6675495248070706, "epsilon": 0.3186699276440185, "gamma": 0.0001, "lmbda": 0.8500305175447582, "mu": 0.7814155597726693}, "datetime": {"datetime": "2021-04-11 15:32:27", "elapsed": 61175.616822, "delta": 3753.630158}}
{"target": -2.234641994550507, "params": {"C": 1.1897707977706702, "epsilon": 0.4719149195919742, "gamma": 0.010162231592169132, "lmbda": 0.7080152798486196, "mu": 0.8948411130888858}, "datetime": {"datetime": "2021-04-11 16:29:52", "elapsed": 64621.090047, "delta": 3445.473225}}
{"target": -2.253039240403024, "params": {"C": 1.5622596668986724, "epsilon": 0.01, "gamma": 0.009632563464115184, "lmbda": 0.7147423174236999, "mu": 0.8894683237212756}, "datetime": {"datetime": "2021-04-11 17:27:52", "elapsed": 68101.485431, "delta": 3480.395384}}
