{"target": -1.8416600603973563, "params": {"C": 4.228517846555483, "epsilon": 7.20604168948716, "gamma": 0.0010113231069171437, "lmbda": 1.5186395374328805, "mu": 0.7423118951773942}, "datetime": {"datetime": "2021-04-06 20:42:34", "elapsed": 0.0, "delta": 0.0}}
{"target": -3.4388924694585516, "params": {"C": 1.0141520882110984, "epsilon": 1.8707395116629324, "gamma": 0.03521051197726173, "lmbda": 1.9898696964110432, "mu": 2.698695502676751}, "datetime": {"datetime": "2021-04-06 20:43:32", "elapsed": 57.519405, "delta": 57.519405}}
{"target": -3.7885473076816645, "params": {"C": 4.250025692592619, "epsilon": 6.855342808963627, "gamma": 0.021240772723420228, "lmbda": 4.391806007590818, "mu": 0.14666409005765157}, "datetime": {"datetime": "2021-04-06 20:44:39", "elapsed": 124.314456, "delta": 66.795051}}
{"target": -5.14863313789675, "params": {"C": 6.737628350766182, "epsilon": 4.178874975647599, "gamma": 0.056310293016129415, "lmbda": 0.7105308235902166, "mu": 0.9985264305335452}, "datetime": {"datetime": "2021-04-06 20:45:47", "elapsed": 192.217849, "delta": 67.903393}}
{"target": -4.980038236275744, "params": {"C": 8.027371229887814, "epsilon": 9.68293314143678, "gamma": 0.03202899363776504, "lmbda": 3.4646898521898772, "mu": 4.383181869957231}, "datetime": {"datetime": "2021-04-06 20:46:58", "elapsed": 263.753089, "delta": 71.53524}}
{"target": -2.2486342913106907, "params": {"C": 8.956605968688088, "epsilon": 0.8595916715840813, "gamma": 0.0048664235400553545, "lmbda": 0.8574537936271989, "mu": 4.391931092112771}, "datetime": {"datetime": "2021-04-06 20:48:22", "elapsed": 347.090193, "delta": 83.337104}}
{"target": -4.15338707968535, "params": {"C": 1.073633654947196, "epsilon": 4.216865173800471, "gamma": 0.0958310634848997, "lmbda": 2.670494772015355, "mu": 3.462466798612862}, "datetime": {"datetime": "2021-04-06 20:49:21", "elapsed": 406.209998, "delta": 59.119805}}
{"target": -3.84971680789983, "params": {"C": 3.2236047469600235, "epsilon": 6.86814426753902, "gamma": 0.08362794151783992, "lmbda": 0.1012585039475171, "mu": 3.7532201315753877}, "datetime": {"datetime": "2021-04-06 20:50:22", "elapsed": 467.6301, "delta": 61.420102}}
{"target": -4.996036336518157, "params": {"C": 9.889724780174298, "epsilon": 7.4841748872545955, "gamma": 0.028763955214376115, "lmbda": 3.9485038489729276, "mu": 0.5250977728224338}, "datetime": {"datetime": "2021-04-06 20:51:27", "elapsed": 532.670008, "delta": 65.039908}}
{"target": -5.065955711713877, "params": {"C": 4.534145909141461, "epsilon": 9.086869075900024, "gamma": 0.030067800688994274, "lmbda": 1.4459989395458803, "mu": 0.6588425748702056}, "datetime": {"datetime": "2021-04-06 20:52:35", "elapsed": 600.918998, "delta": 68.24899}}
{"target": -2.1974265301979896, "params": {"C": 0.291732882915941, "epsilon": 6.791566974069511, "gamma": 0.02195118348400585, "lmbda": 1.335077830267409, "mu": 2.462950064808888}, "datetime": {"datetime": "2021-04-06 20:53:31", "elapsed": 656.145294, "delta": 55.226296}}
{"target": -2.329836346379086, "params": {"C": 0.6282891966590958, "epsilon": 5.74543487886521, "gamma": 0.015526128915675206, "lmbda": 2.9506346291473884, "mu": 3.5017942165044467}, "datetime": {"datetime": "2021-04-06 20:54:28", "elapsed": 713.291653, "delta": 57.146359}}
{"target": -4.968179909354501, "params": {"C": 1.113110845395476, "epsilon": 4.146419318317488, "gamma": 0.06974561561504677, "lmbda": 2.076754554939244, "mu": 0.2592677601409749}, "datetime": {"datetime": "2021-04-06 20:55:23", "elapsed": 768.337849, "delta": 55.046196}}
{"target": -87.2825704784791, "params": {"C": 5.405374418563564, "epsilon": 6.64130850574569, "gamma": 0.051974022093772554, "lmbda": 4.723527832394159, "mu": 2.9369096521049447}, "datetime": {"datetime": "2021-04-06 20:56:26", "elapsed": 831.636514, "delta": 63.298665}}
{"target": -3.6718637164908348, "params": {"C": 9.043678961350047, "epsilon": 1.3833722944209128, "gamma": 0.014788358377825096, "lmbda": 4.038882530660524, "mu": 1.9944074165578127}, "datetime": {"datetime": "2021-04-06 20:57:36", "elapsed": 901.276824, "delta": 69.64031}}
{"target": -16.797222988829276, "params": {"C": 1.7370065514576347, "epsilon": 9.275810718156379, "gamma": 0.03542882011480515, "lmbda": 3.756552394649416, "mu": 3.6327299468987526}, "datetime": {"datetime": "2021-04-06 20:58:37", "elapsed": 962.621698, "delta": 61.344874}}
{"target": -5.434005407670665, "params": {"C": 8.844730302937517, "epsilon": 6.2404853484855325, "gamma": 0.07534330096870638, "lmbda": 1.7510027264694343, "mu": 1.3569401799074803}, "datetime": {"datetime": "2021-04-06 20:59:41", "elapsed": 1026.304562, "delta": 63.682864}}
{"target": -144.6697837711999, "params": {"C": 8.969273560141062, "epsilon": 4.286630986814236, "gamma": 0.09651916466769017, "lmbda": 3.320573074114056, "mu": 3.1122616438435178}, "datetime": {"datetime": "2021-04-06 21:00:44", "elapsed": 1089.702598, "delta": 63.398036}}
{"target": -11.159329041017724, "params": {"C": 1.2359851322384146, "epsilon": 9.495397694483641, "gamma": 0.045541301214514114, "lmbda": 2.8961641757917875, "mu": 2.0466026457787927}, "datetime": {"datetime": "2021-04-06 21:01:43", "elapsed": 1148.904085, "delta": 59.201487}}
{"target": -2.296792525329523, "params": {"C": 2.4465671044059745, "epsilon": 9.034761410416916, "gamma": 0.0577942691805563, "lmbda": 0.024322931885483262, "mu": 3.089553118967412}, "datetime": {"datetime": "2021-04-06 21:02:47", "elapsed": 1212.233972, "delta": 63.329887}}
{"target": -2.1104843885584437, "params": {"C": 4.2533616832636465, "epsilon": 7.424609669467913, "gamma": 0.00476268286539532, "lmbda": 1.5194337162055729, "mu": 0.7317264446462309}, "datetime": {"datetime": "2021-04-06 21:03:55", "elapsed": 1280.768361, "delta": 68.534389}}
{"target": -3.160604797771234, "params": {"C": 0.70442916234508, "epsilon": 5.482305761382015, "gamma": 0.03160274050777353, "lmbda": 2.828326682475373, "mu": 3.4477181532591414}, "datetime": {"datetime": "2021-04-06 21:04:53", "elapsed": 1338.751629, "delta": 57.983268}}
{"target": -2.235334877935582, "params": {"C": 0.33950392020548764, "epsilon": 6.701823477842457, "gamma": 0.021983824616139392, "lmbda": 1.4695407893853956, "mu": 2.5523024399328076}, "datetime": {"datetime": "2021-04-06 21:05:49", "elapsed": 1394.630495, "delta": 55.878866}}
{"target": -1.8917013480187805, "params": {"C": 4.237840967085756, "epsilon": 7.2617089140605815, "gamma": 0.0023367045375732908, "lmbda": 1.6345621819284706, "mu": 0.6644131144998306}, "datetime": {"datetime": "2021-04-06 21:07:03", "elapsed": 1468.895979, "delta": 74.265484}}
{"target": -2.351260294864306, "params": {"C": 0.6034915977195592, "epsilon": 5.825635449981593, "gamma": 0.016846095161723355, "lmbda": 2.803388615003359, "mu": 3.409054626085997}, "datetime": {"datetime": "2021-04-06 21:08:01", "elapsed": 1526.93899, "delta": 58.043011}}
{"target": -2.1196307364653957, "params": {"C": 4.095424433612652, "epsilon": 7.2791805459757715, "gamma": 0.004883166863999793, "lmbda": 1.57246758756206, "mu": 0.7354405431046882}, "datetime": {"datetime": "2021-04-06 21:09:09", "elapsed": 1594.901313, "delta": 67.962323}}
{"target": -2.2292274700325305, "params": {"C": 4.228488624942596, "epsilon": 7.257893232110726, "gamma": 0.00850343812046756, "lmbda": 1.475518927158273, "mu": 0.5915812661478763}, "datetime": {"datetime": "2021-04-06 21:10:18", "elapsed": 1663.044397, "delta": 68.143084}}
{"target": -5.178630246186074, "params": {"C": 4.2706329876326325, "epsilon": 7.258740894876382, "gamma": 0.1, "lmbda": 1.5836508333666541, "mu": 0.761125837887967}, "datetime": {"datetime": "2021-04-06 21:11:17", "elapsed": 1722.387029, "delta": 59.342632}}
{"target": -1.8492163972951157, "params": {"C": 4.19119252371896, "epsilon": 7.312758594808532, "gamma": 0.001, "lmbda": 1.530029272231518, "mu": 0.6796244843408673}, "datetime": {"datetime": "2021-04-06 21:12:25", "elapsed": 1790.312407, "delta": 67.925378}}
{"target": -1.8446307709184855, "params": {"C": 4.1669193096667465, "epsilon": 7.168342212719667, "gamma": 0.001, "lmbda": 1.565762167756282, "mu": 0.6547092047783332}, "datetime": {"datetime": "2021-04-06 21:13:33", "elapsed": 1858.1081, "delta": 67.795693}}